0.00, [DEBUG], logger, ROBOTS_CONFIG=[{"avg_speed": 0.15, "battery_charge": 0.5914703710515797, "battery_discharge_rate": 0.00048000000000000007, "id": 1, "local_plan": null, "location": "PC Room 8", "name": "r1", "position": [-11.5, 18.0, -1.57], "skills": ["approach_person", "approach_robot", "authenticate_person", "navigation", "operate_drawer"]}, {"avg_speed": 0.15, "battery_charge": 0.8344531419634984, "battery_discharge_rate": 0.00054, "id": 2, "local_plan": null, "location": "PC Room 6", "name": "r2", "position": [-19.0, 18.0, -1.57], "skills": ["approach_person", "approach_robot", "authenticate_person", "navigation", "operate_drawer"]}, {"avg_speed": 0.15, "battery_charge": 0.462681764358839, "battery_discharge_rate": 0.00036, "id": 3, "local_plan": [["navigation", ["IC Room 6", [[-38.0, 21.5, 0.0], [-37.0, 21.5], [-37.0, 18.93], [-33.9, 18.93, 3.14]]], "navto_room"], ["approach_person", ["nurse"], "approach_nurse"], ["authenticate_person", ["nurse"], "authenticate_nurse"], ["operate_drawer", ["open"], "open_drawer_for_nurse"], ["send_message", ["nurse"], "notify_nurse_of_open_drawer_for_nurse_completed"], ["wait_message", ["nurse"], "wait_nurse_to_complete_deposit"], ["operate_drawer", ["close"], "close_drawer_nurse"], ["navigation", ["Laboratory", [[-33.9, 18.93, 3.14], [-37.0, 18.93], [-37.0, 16.0], [-26.0, 16.0], [-26.0, 13.0, 1.57]]], "navto_lab"], ["approach_robot", ["lab_arm"], "approach_arm"], ["operate_drawer", ["open"], "open_drawer_lab"], ["send_message", ["lab_arm"], "notify_lab_arm_of_open_drawer_lab_completed"], ["wait_message", ["lab_arm"], "wait_lab_arm_to_complete_pick_up_sample"], ["operate_drawer", ["close"], "close_drawer_lab"]], "location": "IC Room 2", "name": "r3", "position": [-38.0, 21.5, 0.0], "skills": ["approach_person", "approach_robot", "authenticate_person", "navigation", "operate_drawer"]}, {"avg_speed": 0.15, "battery_charge": 0.6520875066754872, "battery_discharge_rate": 0.0006000000000000001, "id": 4, "local_plan": null, "location": "IC Room 4", "name": "r4", "position": [-39.44, 33.95, 0.0], "skills": ["approach_person", "approach_robot", "authenticate_person", "navigation", "operate_drawer"]}, {"avg_speed": 0.15, "battery_charge": 0.2817995261312799, "battery_discharge_rate": 0.0002, "id": 5, "local_plan": null, "location": "PC Room 7", "name": "r5", "position": [-13.5, 18.0, -1.57], "skills": ["approach_person", "approach_robot", "authenticate_person", "navigation", "operate_drawer"]}, {"avg_speed": 0.15, "battery_charge": 0.5080169438370433, "battery_discharge_rate": 0.00072, "id": 6, "local_plan": null, "location": "IC Room 5", "name": "r6", "position": [-32.88, 33.98, 3.14], "skills": ["approach_person", "approach_robot", "authenticate_person", "navigation", "operate_drawer"]}]
0.00, [DEBUG], logger, NURSES_CONFIG=[{"location": "IC Room 6", "position": [-32.9, 19.93, 3.14]}]
0.00, [DEBUG], logger, Simulation open
0.00, [DEBUG], logger, subcribing to in the topic /log
1.80, [DEBUG], None, [debug],turtlebot6,move-base-info,Move_base is up and ok....,
1.88, [DEBUG], None, [debug],turtlebot5,move-base-info,Move_base is up and ok....,
1.88, [DEBUG], None, [debug],turtlebot1,move-base-info,Move_base is up and ok....,
1.88, [DEBUG], None, [debug],turtlebot3,move-base-info,Move_base is up and ok....,
1.92, [DEBUG], None, [debug],turtlebot2,move-base-info,Move_base is up and ok....,
2.28, [DEBUG], None, [debug],turtlebot4,move-base-info,Move_base is up and ok....,
7.42, [DEBUG], turtlebot3, {"param_list": [], "skill": "init_robobt", "skill-life-cycle": "RUNNING", "label": "init_robobt"}
8.68, [DEBUG], turtlebot2, {"param_list": [], "skill": "init_robobt", "skill-life-cycle": "SUCCESS", "label": "init_robobt"}
8.70, [DEBUG], turtlebot6, {"param_list": [], "skill": "init_robobt", "skill-life-cycle": "RUNNING", "label": "init_robobt"}
8.87, [DEBUG], turtlebot3, {"param_list": [], "skill": "init_robobt", "skill-life-cycle": "SUCCESS", "label": "init_robobt"}
8.87, [DEBUG], turtlebot3, "available-skills=['send_message', 'wait_message', 'approach_person', 'approach_robot', 'authenticate_person', 'navigation', 'operate_drawer']"
8.88, [DEBUG], turtlebot3, {"param_list": ["IC Room 6", [[-37.0, 21.5, -1.5707963267948966, true], [-37.0, 18.93, 0.0, true], [-33.9, 18.93, 3.14, false]]], "skill": "navigation", "skill-life-cycle": "STARTED", "label": "navto_room"}
9.13, [DEBUG], turtlebot5, {"param_list": [], "skill": "init_robobt", "skill-life-cycle": "RUNNING", "label": "init_robobt"}
9.43, [DEBUG], turtlebot1, {"param_list": [], "skill": "init_robobt", "skill-life-cycle": "RUNNING", "label": "init_robobt"}
9.48, [DEBUG], turtlebot4, {"param_list": [], "skill": "init_robobt", "skill-life-cycle": "RUNNING", "label": "init_robobt"}
11.13, [DEBUG], turtlebot6, {"param_list": [], "skill": "init_robobt", "skill-life-cycle": "SUCCESS", "label": "init_robobt"}
12.22, [DEBUG], turtlebot5, {"param_list": [], "skill": "init_robobt", "skill-life-cycle": "SUCCESS", "label": "init_robobt"}
13.37, [DEBUG], turtlebot1, {"param_list": [], "skill": "init_robobt", "skill-life-cycle": "SUCCESS", "label": "init_robobt"}
13.57, [DEBUG], turtlebot4, {"param_list": [], "skill": "init_robobt", "skill-life-cycle": "SUCCESS", "label": "init_robobt"}
21.72, [INFO], turtlebot1, {"y": "17.82", "x": "-11.46", "yaw": "-1.25"}
21.72, [INFO], turtlebot1, {"y": "17.82", "x": "-11.46", "yaw": "-1.25"}
21.72, [INFO], turtlebot2, {"y": "17.99", "x": "-19.02", "yaw": "-1.38"}
21.72, [INFO], turtlebot2, {"y": "17.99", "x": "-19.02", "yaw": "-1.38"}
21.73, [INFO], turtlebot3, {"battery-level": "45.75%"}
21.73, [INFO], turtlebot3, {"battery-level": "45.75%"}
21.73, [INFO], turtlebot5, {"y": "18.00", "x": "-13.50", "yaw": "-1.50"}
21.73, [INFO], turtlebot5, {"y": "18.00", "x": "-13.50", "yaw": "-1.50"}
21.73, [INFO], turtlebot4, {"y": "33.84", "x": "-39.51", "yaw": "0.46"}
21.75, [INFO], turtlebot4, {"y": "33.84", "x": "-39.51", "yaw": "0.46"}
21.75, [INFO], turtlebot3, {"y": "21.55", "x": "-37.45", "yaw": "-1.30"}
21.75, [INFO], turtlebot3, {"y": "21.55", "x": "-37.45", "yaw": "-1.30"}
21.77, [INFO], turtlebot6, {"y": "33.97", "x": "-32.89", "yaw": "-3.10"}
21.77, [INFO], turtlebot6, {"y": "33.97", "x": "-32.89", "yaw": "-3.10"}
22.95, [DEBUG], None, [debug],turtlebot3,move-base-info,Hooray, the base moved arrived,(x=-37;y=21.5)
22.95, [DEBUG], None, [debug],turtlebot3,move-base-info,Hooray, the base moved arrived,(x=-37;y=21.5)
22.98, [DEBUG], turtlebot3, {"status": "way-point-reached", "skill": "navigation", "percentage": "33.33%", "goingto": "IC Room 6"}
36.72, [INFO], turtlebot1, {"y": "17.82", "x": "-11.46", "yaw": "-1.25"}
36.72, [INFO], turtlebot1, {"y": "17.82", "x": "-11.46", "yaw": "-1.25"}
36.72, [INFO], turtlebot2, {"y": "17.99", "x": "-19.01", "yaw": "-1.38"}
36.72, [INFO], turtlebot2, {"y": "17.99", "x": "-19.01", "yaw": "-1.38"}
36.73, [INFO], turtlebot3, {"y": "20.41", "x": "-37.05", "yaw": "-1.49"}
36.73, [INFO], turtlebot3, {"y": "20.41", "x": "-37.05", "yaw": "-1.49"}
36.73, [INFO], turtlebot4, {"y": "33.84", "x": "-39.51", "yaw": "0.46"}
36.73, [INFO], turtlebot4, {"y": "33.84", "x": "-39.51", "yaw": "0.46"}
36.73, [INFO], turtlebot5, {"y": "18.00", "x": "-13.49", "yaw": "-1.49"}
36.75, [INFO], turtlebot5, {"y": "18.00", "x": "-13.49", "yaw": "-1.49"}
36.75, [INFO], turtlebot6, {"y": "33.97", "x": "-32.89", "yaw": "-3.10"}
36.75, [INFO], turtlebot6, {"y": "33.97", "x": "-32.89", "yaw": "-3.10"}
36.77, [INFO], turtlebot3, {"battery-level": "45.11%"}
36.77, [INFO], turtlebot3, {"battery-level": "45.11%"}
47.08, [DEBUG], turtlebot3, {"param_list": ["IC Room 6", [[-37.0, 21.5, -1.5707963267948966, true], [-37.0, 18.93, 0.0, true], [-33.9, 18.93, 3.14, false]]], "skill": "navigation", "skill-life-cycle": "RUNNING", "label": "navto_room"}
48.03, [DEBUG], None, [debug],turtlebot3,move-base-info,Hooray, the base moved arrived,(x=-37;y=18.93)
48.03, [DEBUG], None, [debug],turtlebot3,move-base-info,Hooray, the base moved arrived,(x=-37;y=18.93)
48.15, [DEBUG], turtlebot3, {"status": "way-point-reached", "skill": "navigation", "percentage": "66.67%", "goingto": "IC Room 6"}
51.72, [INFO], turtlebot2, {"y": "17.99", "x": "-19.01", "yaw": "-1.38"}
51.72, [INFO], turtlebot2, {"y": "17.99", "x": "-19.01", "yaw": "-1.38"}
51.72, [INFO], turtlebot1, {"y": "17.82", "x": "-11.46", "yaw": "-1.25"}
51.72, [INFO], turtlebot1, {"y": "17.82", "x": "-11.46", "yaw": "-1.25"}
51.73, [INFO], turtlebot5, {"y": "18.00", "x": "-13.49", "yaw": "-1.48"}
51.73, [INFO], turtlebot5, {"y": "18.00", "x": "-13.49", "yaw": "-1.48"}
51.73, [INFO], turtlebot3, {"y": "19.30", "x": "-37.30", "yaw": "-0.05"}
51.73, [INFO], turtlebot3, {"y": "19.30", "x": "-37.30", "yaw": "-0.05"}
51.75, [INFO], turtlebot6, {"y": "33.97", "x": "-32.89", "yaw": "-3.10"}
51.75, [INFO], turtlebot6, {"y": "33.97", "x": "-32.89", "yaw": "-3.10"}
51.75, [INFO], turtlebot3, {"battery-level": "44.51%"}
51.75, [INFO], turtlebot3, {"battery-level": "44.51%"}
51.75, [INFO], turtlebot4, {"y": "33.84", "x": "-39.51", "yaw": "0.46"}
51.75, [INFO], turtlebot4, {"y": "33.84", "x": "-39.51", "yaw": "0.46"}
66.72, [INFO], turtlebot1, {"y": "17.82", "x": "-11.46", "yaw": "-1.25"}
66.72, [INFO], turtlebot1, {"y": "17.82", "x": "-11.46", "yaw": "-1.25"}
66.72, [INFO], turtlebot2, {"y": "17.99", "x": "-19.01", "yaw": "-1.38"}
66.72, [INFO], turtlebot2, {"y": "17.99", "x": "-19.01", "yaw": "-1.38"}
66.73, [INFO], turtlebot3, {"battery-level": "43.95%"}
66.73, [INFO], turtlebot3, {"battery-level": "43.95%"}
66.73, [INFO], turtlebot4, {"y": "33.84", "x": "-39.51", "yaw": "0.46"}
66.73, [INFO], turtlebot4, {"y": "33.84", "x": "-39.51", "yaw": "0.46"}
66.73, [INFO], turtlebot3, {"y": "18.18", "x": "-36.36", "yaw": "-0.74"}
66.73, [INFO], turtlebot3, {"y": "18.18", "x": "-36.36", "yaw": "-0.74"}
66.75, [INFO], turtlebot5, {"y": "18.00", "x": "-13.49", "yaw": "-1.47"}
66.75, [INFO], turtlebot5, {"y": "18.00", "x": "-13.49", "yaw": "-1.47"}
66.77, [INFO], turtlebot6, {"y": "33.97", "x": "-32.89", "yaw": "-3.10"}
66.77, [INFO], turtlebot6, {"y": "33.97", "x": "-32.89", "yaw": "-3.10"}
81.72, [INFO], turtlebot1, {"y": "17.82", "x": "-11.46", "yaw": "-1.25"}
81.72, [INFO], turtlebot2, {"y": "17.99", "x": "-19.01", "yaw": "-1.38"}
81.72, [INFO], turtlebot1, {"y": "17.82", "x": "-11.46", "yaw": "-1.25"}
81.72, [INFO], turtlebot2, {"y": "17.99", "x": "-19.01", "yaw": "-1.38"}
81.73, [INFO], turtlebot5, {"y": "18.00", "x": "-13.49", "yaw": "-1.45"}
81.73, [INFO], turtlebot5, {"y": "18.00", "x": "-13.49", "yaw": "-1.45"}
81.73, [INFO], turtlebot3, {"battery-level": "43.31%"}
81.73, [INFO], turtlebot3, {"battery-level": "43.31%"}
81.75, [INFO], turtlebot6, {"y": "33.97", "x": "-32.90", "yaw": "-3.10"}
81.75, [INFO], turtlebot6, {"y": "33.97", "x": "-32.90", "yaw": "-3.10"}
81.75, [INFO], turtlebot3, {"y": "17.81", "x": "-35.18", "yaw": "0.52"}
81.75, [INFO], turtlebot3, {"y": "17.81", "x": "-35.18", "yaw": "0.52"}
81.75, [INFO], turtlebot4, {"y": "33.84", "x": "-39.51", "yaw": "0.46"}
81.75, [INFO], turtlebot4, {"y": "33.84", "x": "-39.51", "yaw": "0.46"}
89.77, [DEBUG], turtlebot3, {"param_list": ["IC Room 6", [[-37.0, 21.5, -1.5707963267948966, true], [-37.0, 18.93, 0.0, true], [-33.9, 18.93, 3.14, false]]], "skill": "navigation", "skill-life-cycle": "RUNNING", "label": "navto_room"}
96.72, [INFO], turtlebot1, {"y": "17.82", "x": "-11.46", "yaw": "-1.25"}
96.72, [INFO], turtlebot2, {"y": "17.99", "x": "-19.01", "yaw": "-1.38"}
96.72, [INFO], turtlebot1, {"y": "17.82", "x": "-11.46", "yaw": "-1.25"}
96.72, [INFO], turtlebot2, {"y": "17.99", "x": "-19.01", "yaw": "-1.38"}
96.73, [INFO], turtlebot6, {"y": "33.97", "x": "-32.90", "yaw": "-3.10"}
96.73, [INFO], turtlebot6, {"y": "33.97", "x": "-32.90", "yaw": "-3.10"}
96.73, [INFO], turtlebot3, {"y": "18.58", "x": "-34.22", "yaw": "1.56"}
96.73, [INFO], turtlebot3, {"y": "18.58", "x": "-34.22", "yaw": "1.56"}
96.73, [INFO], turtlebot3, {"battery-level": "42.71%"}
96.75, [INFO], turtlebot3, {"battery-level": "42.71%"}
96.75, [INFO], turtlebot4, {"y": "33.84", "x": "-39.51", "yaw": "0.46"}
96.75, [INFO], turtlebot4, {"y": "33.84", "x": "-39.51", "yaw": "0.46"}
96.75, [INFO], turtlebot5, {"y": "17.99", "x": "-13.49", "yaw": "-1.44"}
96.77, [INFO], turtlebot5, {"y": "17.99", "x": "-13.49", "yaw": "-1.44"}
101.03, [DEBUG], None, [debug],turtlebot3,move-base-info,Hooray, the base moved arrived,(x=-33.9;y=18.93)
101.03, [DEBUG], None, [debug],turtlebot3,move-base-info,Hooray, the base moved arrived,(x=-33.9;y=18.93)
101.18, [DEBUG], turtlebot3, {"status": "way-point-reached", "skill": "navigation", "percentage": "100.00%", "goingto": "IC Room 6"}
101.25, [DEBUG], turtlebot3, {"param_list": ["IC Room 6", [[-37.0, 21.5, -1.5707963267948966, true], [-37.0, 18.93, 0.0, true], [-33.9, 18.93, 3.14, false]]], "skill": "navigation", "skill-life-cycle": "SUCCESS", "label": "navto_room"}
101.25, [DEBUG], turtlebot3, "available-skills=['send_message', 'wait_message', 'approach_person', 'approach_robot', 'authenticate_person', 'navigation', 'operate_drawer']"
101.27, [DEBUG], turtlebot3, {"param_list": ["nurse"], "skill": "approach_person", "skill-life-cycle": "STARTED", "label": "approach_nurse"}
101.33, [DEBUG], turtlebot3, {"status": "localize-person", "skill": "approach-person", "who": "nurse"}
101.57, [DEBUG], turtlebot3, {"status": "goto-person", "skill": "approach-person", "who": "nurse"}
101.63, [DEBUG], turtlebot3, {"param_list": ["nurse"], "skill": "approach_person", "skill-life-cycle": "SUCCESS", "label": "approach_nurse"}
101.63, [DEBUG], turtlebot3, "available-skills=['send_message', 'wait_message', 'approach_person', 'approach_robot', 'authenticate_person', 'navigation', 'operate_drawer']"
101.63, [DEBUG], turtlebot3, {"param_list": ["nurse"], "skill": "authenticate_person", "skill-life-cycle": "STARTED", "label": "authenticate_nurse"}
101.70, [DEBUG], turtlebot3, {"status": "request-authentication", "to": "nurse", "skill": "authenticate-person"}
101.70, [INFO], nurse, {"status": "message-received", "skill": "athentication-request"}
101.70, [INFO], nurse, {"status": "message-received", "skill": "athentication-request"}
102.22, [DEBUG], turtlebot3, {"status": "received-authentication", "skill": "authenticate-person", "from": "nurse"}
102.28, [DEBUG], turtlebot3, {"param_list": ["nurse"], "skill": "authenticate_person", "skill-life-cycle": "SUCCESS", "label": "authenticate_nurse"}
102.28, [DEBUG], turtlebot3, "available-skills=['send_message', 'wait_message', 'approach_person', 'approach_robot', 'authenticate_person', 'navigation', 'operate_drawer']"
102.28, [DEBUG], turtlebot3, {"param_list": ["open"], "skill": "operate_drawer", "skill-life-cycle": "STARTED", "label": "open_drawer_for_nurse"}
102.38, [DEBUG], turtlebot3, {"status": "task-update", "action": "open", "skill": "operate-drawer"}
103.22, [DEBUG], turtlebot3, {"param_list": ["open"], "skill": "operate_drawer", "skill-life-cycle": "SUCCESS", "label": "open_drawer_for_nurse"}
103.22, [DEBUG], turtlebot3, "available-skills=['send_message', 'wait_message', 'approach_person', 'approach_robot', 'authenticate_person', 'navigation', 'operate_drawer']"
103.23, [DEBUG], turtlebot3, {"param_list": ["nurse"], "skill": "send_message", "skill-life-cycle": "STARTED", "label": "notify_nurse_of_open_drawer_for_nurse_completed"}
103.30, [INFO], turtlebot3, {"to": "nurse", "skill": "send-message"}
104.05, [INFO], nurse, {"status": "message-received", "skill": "wait-message"}
104.05, [INFO], nurse, {"status": "message-received", "skill": "wait-message"}
106.37, [DEBUG], turtlebot3, {"param_list": ["nurse"], "skill": "send_message", "skill-life-cycle": "SUCCESS", "label": "notify_nurse_of_open_drawer_for_nurse_completed"}
106.37, [DEBUG], turtlebot3, "available-skills=['send_message', 'wait_message', 'approach_person', 'approach_robot', 'authenticate_person', 'navigation', 'operate_drawer']"
106.37, [DEBUG], turtlebot3, {"param_list": ["nurse"], "skill": "wait_message", "skill-life-cycle": "STARTED", "label": "wait_nurse_to_complete_deposit"}
108.08, [INFO], turtlebot3, {"status": "message-received", "skill": "wait-message"}
108.17, [DEBUG], turtlebot3, {"param_list": ["nurse"], "skill": "wait_message", "skill-life-cycle": "SUCCESS", "label": "wait_nurse_to_complete_deposit"}
108.17, [DEBUG], turtlebot3, "available-skills=['send_message', 'wait_message', 'approach_person', 'approach_robot', 'authenticate_person', 'navigation', 'operate_drawer']"
108.17, [DEBUG], turtlebot3, {"param_list": ["close"], "skill": "operate_drawer", "skill-life-cycle": "STARTED", "label": "close_drawer_nurse"}
108.27, [DEBUG], turtlebot3, {"status": "task-update", "action": "close", "skill": "operate-drawer"}
109.10, [DEBUG], turtlebot3, {"param_list": ["close"], "skill": "operate_drawer", "skill-life-cycle": "SUCCESS", "label": "close_drawer_nurse"}
109.10, [DEBUG], turtlebot3, "available-skills=['send_message', 'wait_message', 'approach_person', 'approach_robot', 'authenticate_person', 'navigation', 'operate_drawer']"
109.10, [DEBUG], turtlebot3, {"param_list": ["Laboratory", [[-37.0, 18.93, -1.5707963267948966, true], [-37.0, 16.0, 0.0, true], [-26.0, 16.0, -1.5707963267948966, true], [-26.0, 13.0, 1.57, false]]], "skill": "navigation", "skill-life-cycle": "STARTED", "label": "navto_lab"}
111.72, [INFO], turtlebot2, {"y": "17.99", "x": "-19.01", "yaw": "-1.38"}
111.72, [INFO], turtlebot2, {"y": "17.99", "x": "-19.01", "yaw": "-1.38"}
111.72, [INFO], turtlebot1, {"y": "17.82", "x": "-11.46", "yaw": "-1.25"}
111.72, [INFO], turtlebot1, {"y": "17.82", "x": "-11.46", "yaw": "-1.25"}
111.73, [INFO], turtlebot6, {"y": "33.97", "x": "-32.90", "yaw": "-3.09"}
111.73, [INFO], turtlebot6, {"y": "33.97", "x": "-32.90", "yaw": "-3.09"}
111.73, [INFO], turtlebot3, {"battery-level": "42.11%"}
111.73, [INFO], turtlebot3, {"battery-level": "42.11%"}
111.73, [INFO], turtlebot5, {"y": "17.99", "x": "-13.49", "yaw": "-1.42"}
111.73, [INFO], turtlebot5, {"y": "17.99", "x": "-13.49", "yaw": "-1.42"}
111.75, [INFO], turtlebot4, {"y": "33.84", "x": "-39.51", "yaw": "0.46"}
111.75, [INFO], turtlebot4, {"y": "33.84", "x": "-39.51", "yaw": "0.46"}
111.77, [INFO], turtlebot3, {"y": "18.61", "x": "-34.18", "yaw": "3.09"}
111.77, [INFO], turtlebot3, {"y": "18.61", "x": "-34.18", "yaw": "3.09"}
114.05, [INFO], nurse, {"status": "message-received", "skill": "wait-message"}
114.05, [INFO], nurse, {"status": "message-received", "skill": "wait-message"}
121.70, [INFO], nurse, {"status": "waiting", "skill": "athentication-sent"}
121.70, [INFO], nurse, {"status": "waiting", "skill": "athentication-sent"}
124.05, [INFO], nurse, {"status": "message-received", "skill": "wait-message"}
124.05, [INFO], nurse, {"status": "message-received", "skill": "wait-message"}
126.72, [INFO], turtlebot2, {"y": "17.99", "x": "-19.01", "yaw": "-1.38"}
126.72, [INFO], turtlebot2, {"y": "17.99", "x": "-19.01", "yaw": "-1.38"}
126.72, [INFO], turtlebot1, {"y": "17.82", "x": "-11.46", "yaw": "-1.25"}
126.72, [INFO], turtlebot1, {"y": "17.82", "x": "-11.46", "yaw": "-1.25"}
126.73, [INFO], turtlebot4, {"y": "33.84", "x": "-39.51", "yaw": "0.46"}
126.73, [INFO], turtlebot4, {"y": "33.84", "x": "-39.51", "yaw": "0.46"}
126.73, [INFO], turtlebot3, {"battery-level": "41.51%"}
126.75, [INFO], turtlebot3, {"battery-level": "41.51%"}
126.75, [INFO], turtlebot6, {"y": "33.97", "x": "-32.90", "yaw": "-3.09"}
126.77, [INFO], turtlebot3, {"y": "18.15", "x": "-34.94", "yaw": "-2.22"}
126.77, [INFO], turtlebot5, {"y": "17.99", "x": "-13.49", "yaw": "-1.40"}
126.77, [INFO], turtlebot6, {"y": "33.97", "x": "-32.90", "yaw": "-3.09"}
126.77, [INFO], turtlebot3, {"y": "18.15", "x": "-34.94", "yaw": "-2.22"}
126.77, [INFO], turtlebot5, {"y": "17.99", "x": "-13.49", "yaw": "-1.40"}
133.98, [DEBUG], turtlebot3, {"param_list": ["Laboratory", [[-37.0, 18.93, -1.5707963267948966, true], [-37.0, 16.0, 0.0, true], [-26.0, 16.0, -1.5707963267948966, true], [-26.0, 13.0, 1.57, false]]], "skill": "navigation", "skill-life-cycle": "RUNNING", "label": "navto_lab"}
134.05, [INFO], nurse, {"status": "message-received", "skill": "wait-message"}
134.05, [INFO], nurse, {"status": "message-received", "skill": "wait-message"}
141.37, [DEBUG], None, [debug],turtlebot3,move-base-info,Hooray, the base moved arrived,(x=-37;y=18.93)
141.37, [DEBUG], None, [debug],turtlebot3,move-base-info,Hooray, the base moved arrived,(x=-37;y=18.93)
141.43, [DEBUG], turtlebot3, {"status": "way-point-reached", "skill": "navigation", "percentage": "25.00%", "goingto": "Laboratory"}
141.72, [INFO], turtlebot1, {"y": "17.82", "x": "-11.46", "yaw": "-1.25"}
141.72, [INFO], turtlebot2, {"y": "17.99", "x": "-19.01", "yaw": "-1.38"}
141.72, [INFO], turtlebot1, {"y": "17.82", "x": "-11.46", "yaw": "-1.25"}
141.72, [INFO], turtlebot2, {"y": "17.99", "x": "-19.01", "yaw": "-1.38"}
141.73, [INFO], turtlebot5, {"y": "17.98", "x": "-13.49", "yaw": "-1.38"}
141.73, [INFO], turtlebot5, {"y": "17.98", "x": "-13.49", "yaw": "-1.38"}
141.73, [INFO], turtlebot3, {"battery-level": "40.95%"}
141.73, [INFO], turtlebot3, {"battery-level": "40.95%"}
141.75, [INFO], turtlebot4, {"y": "33.84", "x": "-39.51", "yaw": "0.46"}
141.75, [INFO], turtlebot4, {"y": "33.84", "x": "-39.51", "yaw": "0.46"}
141.75, [INFO], turtlebot3, {"y": "18.52", "x": "-36.89", "yaw": "-1.62"}
141.75, [INFO], turtlebot3, {"y": "18.52", "x": "-36.89", "yaw": "-1.62"}
141.75, [INFO], turtlebot6, {"y": "33.97", "x": "-32.90", "yaw": "-3.09"}
141.75, [INFO], turtlebot6, {"y": "33.97", "x": "-32.90", "yaw": "-3.09"}
156.72, [INFO], turtlebot1, {"y": "17.82", "x": "-11.46", "yaw": "-1.25"}
156.72, [INFO], turtlebot1, {"y": "17.82", "x": "-11.46", "yaw": "-1.25"}
156.72, [INFO], turtlebot2, {"y": "17.99", "x": "-19.01", "yaw": "-1.38"}
156.72, [INFO], turtlebot2, {"y": "17.99", "x": "-19.01", "yaw": "-1.38"}
156.73, [INFO], turtlebot3, {"y": "16.81", "x": "-36.75", "yaw": "-1.74"}
156.73, [INFO], turtlebot3, {"y": "16.81", "x": "-36.75", "yaw": "-1.74"}
156.73, [INFO], turtlebot3, {"battery-level": "40.31%"}
156.73, [INFO], turtlebot3, {"battery-level": "40.31%"}
156.73, [INFO], turtlebot6, {"y": "33.97", "x": "-32.90", "yaw": "-3.09"}
156.75, [INFO], turtlebot6, {"y": "33.97", "x": "-32.90", "yaw": "-3.09"}
156.75, [INFO], turtlebot5, {"y": "17.98", "x": "-13.48", "yaw": "-1.36"}
156.75, [INFO], turtlebot5, {"y": "17.98", "x": "-13.48", "yaw": "-1.36"}
156.75, [INFO], turtlebot4, {"y": "33.84", "x": "-39.50", "yaw": "0.46"}
156.75, [INFO], turtlebot4, {"y": "33.84", "x": "-39.50", "yaw": "0.46"}
163.62, [DEBUG], None, [debug],turtlebot3,move-base-info,Hooray, the base moved arrived,(x=-37;y=16)
163.62, [DEBUG], None, [debug],turtlebot3,move-base-info,Hooray, the base moved arrived,(x=-37;y=16)
163.68, [DEBUG], turtlebot3, {"status": "way-point-reached", "skill": "navigation", "percentage": "50.00%", "goingto": "Laboratory"}
171.72, [INFO], turtlebot2, {"y": "17.99", "x": "-19.01", "yaw": "-1.38"}
171.72, [INFO], turtlebot2, {"y": "17.99", "x": "-19.01", "yaw": "-1.38"}
171.72, [INFO], turtlebot1, {"y": "17.82", "x": "-11.46", "yaw": "-1.25"}
171.72, [INFO], turtlebot1, {"y": "17.82", "x": "-11.46", "yaw": "-1.25"}
171.73, [INFO], turtlebot6, {"y": "33.97", "x": "-32.90", "yaw": "-3.09"}
171.73, [INFO], turtlebot6, {"y": "33.97", "x": "-32.90", "yaw": "-3.09"}
171.73, [INFO], turtlebot3, {"battery-level": "39.75%"}
171.73, [INFO], turtlebot3, {"battery-level": "39.75%"}
171.73, [INFO], turtlebot4, {"y": "33.84", "x": "-39.50", "yaw": "0.46"}
171.75, [INFO], turtlebot4, {"y": "33.84", "x": "-39.50", "yaw": "0.46"}
171.75, [INFO], turtlebot5, {"y": "17.97", "x": "-13.48", "yaw": "-1.34"}
171.75, [INFO], turtlebot5, {"y": "17.97", "x": "-13.48", "yaw": "-1.34"}
171.77, [INFO], turtlebot3, {"y": "16.20", "x": "-36.59", "yaw": "-1.07"}
171.77, [INFO], turtlebot3, {"y": "16.20", "x": "-36.59", "yaw": "-1.07"}
177.30, [DEBUG], turtlebot3, {"param_list": ["Laboratory", [[-37.0, 18.93, -1.5707963267948966, true], [-37.0, 16.0, 0.0, true], [-26.0, 16.0, -1.5707963267948966, true], [-26.0, 13.0, 1.57, false]]], "skill": "navigation", "skill-life-cycle": "RUNNING", "label": "navto_lab"}
186.72, [INFO], turtlebot1, {"y": "17.82", "x": "-11.46", "yaw": "-1.25"}
186.72, [INFO], turtlebot2, {"y": "17.99", "x": "-19.01", "yaw": "-1.38"}
186.72, [INFO], turtlebot1, {"y": "17.82", "x": "-11.46", "yaw": "-1.25"}
186.72, [INFO], turtlebot2, {"y": "17.99", "x": "-19.01", "yaw": "-1.38"}
186.73, [INFO], turtlebot3, {"battery-level": "39.15%"}
186.73, [INFO], turtlebot3, {"battery-level": "39.15%"}
186.73, [INFO], turtlebot3, {"y": "15.34", "x": "-35.51", "yaw": "-0.11"}
186.73, [INFO], turtlebot3, {"y": "15.34", "x": "-35.51", "yaw": "-0.11"}
186.73, [INFO], turtlebot4, {"y": "33.84", "x": "-39.50", "yaw": "0.46"}
186.75, [INFO], turtlebot4, {"y": "33.84", "x": "-39.50", "yaw": "0.46"}
186.75, [INFO], turtlebot6, {"y": "33.97", "x": "-32.90", "yaw": "-3.09"}
186.75, [INFO], turtlebot6, {"y": "33.97", "x": "-32.90", "yaw": "-3.09"}
186.75, [INFO], turtlebot5, {"y": "17.97", "x": "-13.48", "yaw": "-1.32"}
186.75, [INFO], turtlebot5, {"y": "17.97", "x": "-13.48", "yaw": "-1.32"}
201.72, [INFO], turtlebot1, {"y": "17.82", "x": "-11.46", "yaw": "-1.25"}
201.72, [INFO], turtlebot1, {"y": "17.82", "x": "-11.46", "yaw": "-1.25"}
201.72, [INFO], turtlebot2, {"y": "17.99", "x": "-19.01", "yaw": "-1.38"}
201.72, [INFO], turtlebot2, {"y": "17.99", "x": "-19.01", "yaw": "-1.38"}
201.73, [INFO], turtlebot3, {"battery-level": "38.55%"}
201.73, [INFO], turtlebot3, {"battery-level": "38.55%"}
201.73, [INFO], turtlebot4, {"y": "33.84", "x": "-39.50", "yaw": "0.46"}
201.73, [INFO], turtlebot4, {"y": "33.84", "x": "-39.50", "yaw": "0.46"}
201.75, [INFO], turtlebot6, {"y": "33.97", "x": "-32.90", "yaw": "-3.09"}
201.75, [INFO], turtlebot6, {"y": "33.97", "x": "-32.90", "yaw": "-3.09"}
201.75, [INFO], turtlebot5, {"y": "17.97", "x": "-13.48", "yaw": "-1.30"}
201.77, [INFO], turtlebot5, {"y": "17.97", "x": "-13.48", "yaw": "-1.30"}
201.77, [INFO], turtlebot3, {"y": "15.30", "x": "-34.26", "yaw": "0.00"}
201.77, [INFO], turtlebot3, {"y": "15.30", "x": "-34.26", "yaw": "0.00"}
216.72, [INFO], turtlebot1, {"y": "17.82", "x": "-11.46", "yaw": "-1.25"}
216.72, [INFO], turtlebot1, {"y": "17.82", "x": "-11.46", "yaw": "-1.25"}
216.72, [INFO], turtlebot2, {"y": "17.99", "x": "-19.01", "yaw": "-1.38"}
216.72, [INFO], turtlebot2, {"y": "17.99", "x": "-19.01", "yaw": "-1.38"}
216.73, [INFO], turtlebot6, {"y": "33.97", "x": "-32.91", "yaw": "-3.08"}
216.73, [INFO], turtlebot6, {"y": "33.97", "x": "-32.91", "yaw": "-3.08"}
216.73, [INFO], turtlebot3, {"battery-level": "37.95%"}
216.73, [INFO], turtlebot3, {"battery-level": "37.95%"}
216.73, [INFO], turtlebot5, {"y": "17.96", "x": "-13.47", "yaw": "-1.28"}
216.75, [INFO], turtlebot5, {"y": "17.96", "x": "-13.47", "yaw": "-1.28"}
216.75, [INFO], turtlebot4, {"y": "33.84", "x": "-39.50", "yaw": "0.46"}
216.75, [INFO], turtlebot4, {"y": "33.84", "x": "-39.50", "yaw": "0.46"}
216.75, [INFO], turtlebot3, {"y": "15.31", "x": "-33.01", "yaw": "0.01"}
216.77, [INFO], turtlebot3, {"y": "15.31", "x": "-33.01", "yaw": "0.01"}
219.48, [DEBUG], turtlebot3, {"param_list": ["Laboratory", [[-37.0, 18.93, -1.5707963267948966, true], [-37.0, 16.0, 0.0, true], [-26.0, 16.0, -1.5707963267948966, true], [-26.0, 13.0, 1.57, false]]], "skill": "navigation", "skill-life-cycle": "RUNNING", "label": "navto_lab"}
231.72, [INFO], turtlebot2, {"y": "17.99", "x": "-19.01", "yaw": "-1.38"}
231.72, [INFO], turtlebot2, {"y": "17.99", "x": "-19.01", "yaw": "-1.38"}
231.72, [INFO], turtlebot1, {"y": "17.82", "x": "-11.46", "yaw": "-1.25"}
231.72, [INFO], turtlebot1, {"y": "17.82", "x": "-11.46", "yaw": "-1.25"}
231.73, [INFO], turtlebot4, {"y": "33.84", "x": "-39.50", "yaw": "0.46"}
231.73, [INFO], turtlebot4, {"y": "33.84", "x": "-39.50", "yaw": "0.46"}
231.73, [INFO], turtlebot3, {"y": "15.32", "x": "-31.76", "yaw": "0.00"}
231.75, [INFO], turtlebot3, {"y": "15.32", "x": "-31.76", "yaw": "0.00"}
231.75, [INFO], turtlebot3, {"battery-level": "37.35%"}
231.75, [INFO], turtlebot3, {"battery-level": "37.35%"}
231.75, [INFO], turtlebot6, {"y": "33.97", "x": "-32.91", "yaw": "-3.07"}
231.75, [INFO], turtlebot6, {"y": "33.97", "x": "-32.91", "yaw": "-3.07"}
231.77, [INFO], turtlebot5, {"y": "17.96", "x": "-13.47", "yaw": "-1.26"}
231.77, [INFO], turtlebot5, {"y": "17.96", "x": "-13.47", "yaw": "-1.26"}
246.72, [INFO], turtlebot1, {"y": "17.82", "x": "-11.46", "yaw": "-1.25"}
246.72, [INFO], turtlebot1, {"y": "17.82", "x": "-11.46", "yaw": "-1.25"}
246.72, [INFO], turtlebot2, {"y": "17.99", "x": "-19.01", "yaw": "-1.37"}
246.72, [INFO], turtlebot2, {"y": "17.99", "x": "-19.01", "yaw": "-1.37"}
246.73, [INFO], turtlebot6, {"y": "33.97", "x": "-32.91", "yaw": "-3.07"}
246.73, [INFO], turtlebot6, {"y": "33.97", "x": "-32.91", "yaw": "-3.07"}
246.73, [INFO], turtlebot3, {"battery-level": "36.75%"}
246.73, [INFO], turtlebot3, {"battery-level": "36.75%"}
246.75, [INFO], turtlebot5, {"y": "17.96", "x": "-13.47", "yaw": "-1.24"}
246.75, [INFO], turtlebot5, {"y": "17.96", "x": "-13.47", "yaw": "-1.24"}
246.75, [INFO], turtlebot3, {"y": "15.31", "x": "-30.50", "yaw": "-0.01"}
246.77, [INFO], turtlebot3, {"y": "15.31", "x": "-30.50", "yaw": "-0.01"}
246.77, [INFO], turtlebot4, {"y": "33.84", "x": "-39.50", "yaw": "0.46"}
246.77, [INFO], turtlebot4, {"y": "33.84", "x": "-39.50", "yaw": "0.46"}
261.53, [DEBUG], turtlebot3, {"param_list": ["Laboratory", [[-37.0, 18.93, -1.5707963267948966, true], [-37.0, 16.0, 0.0, true], [-26.0, 16.0, -1.5707963267948966, true], [-26.0, 13.0, 1.57, false]]], "skill": "navigation", "skill-life-cycle": "RUNNING", "label": "navto_lab"}
261.72, [INFO], turtlebot1, {"y": "17.82", "x": "-11.46", "yaw": "-1.25"}
261.72, [INFO], turtlebot1, {"y": "17.82", "x": "-11.46", "yaw": "-1.25"}
261.72, [INFO], turtlebot2, {"y": "17.99", "x": "-19.01", "yaw": "-1.37"}
261.72, [INFO], turtlebot2, {"y": "17.99", "x": "-19.01", "yaw": "-1.37"}
261.73, [INFO], turtlebot3, {"battery-level": "36.15%"}
261.73, [INFO], turtlebot3, {"battery-level": "36.15%"}
261.73, [INFO], turtlebot5, {"y": "17.95", "x": "-13.46", "yaw": "-1.22"}
261.73, [INFO], turtlebot5, {"y": "17.95", "x": "-13.46", "yaw": "-1.22"}
261.75, [INFO], turtlebot3, {"y": "15.31", "x": "-29.25", "yaw": "0.01"}
261.75, [INFO], turtlebot3, {"y": "15.31", "x": "-29.25", "yaw": "0.01"}
261.75, [INFO], turtlebot6, {"y": "33.97", "x": "-32.91", "yaw": "-3.06"}
261.77, [INFO], turtlebot6, {"y": "33.97", "x": "-32.91", "yaw": "-3.06"}
261.77, [INFO], turtlebot4, {"y": "33.84", "x": "-39.50", "yaw": "0.46"}
261.77, [INFO], turtlebot4, {"y": "33.84", "x": "-39.50", "yaw": "0.46"}
276.72, [INFO], turtlebot2, {"y": "17.99", "x": "-19.01", "yaw": "-1.37"}
276.72, [INFO], turtlebot2, {"y": "17.99", "x": "-19.01", "yaw": "-1.37"}
276.72, [INFO], turtlebot1, {"y": "17.82", "x": "-11.46", "yaw": "-1.25"}
276.72, [INFO], turtlebot1, {"y": "17.82", "x": "-11.46", "yaw": "-1.25"}
276.73, [INFO], turtlebot3, {"battery-level": "35.51%"}
276.73, [INFO], turtlebot3, {"battery-level": "35.51%"}
276.73, [INFO], turtlebot3, {"y": "15.54", "x": "-28.02", "yaw": "0.40"}
276.73, [INFO], turtlebot3, {"y": "15.54", "x": "-28.02", "yaw": "0.40"}
276.73, [INFO], turtlebot6, {"y": "33.98", "x": "-32.92", "yaw": "-3.06"}
276.75, [INFO], turtlebot6, {"y": "33.98", "x": "-32.92", "yaw": "-3.06"}
276.75, [INFO], turtlebot5, {"y": "17.95", "x": "-13.46", "yaw": "-1.20"}
276.75, [INFO], turtlebot5, {"y": "17.95", "x": "-13.46", "yaw": "-1.20"}
276.75, [INFO], turtlebot4, {"y": "33.84", "x": "-39.50", "yaw": "0.46"}
276.77, [INFO], turtlebot4, {"y": "33.84", "x": "-39.50", "yaw": "0.46"}
291.72, [INFO], turtlebot1, {"y": "17.82", "x": "-11.46", "yaw": "-1.25"}
291.72, [INFO], turtlebot1, {"y": "17.82", "x": "-11.46", "yaw": "-1.25"}
291.72, [INFO], turtlebot2, {"y": "17.99", "x": "-19.00", "yaw": "-1.37"}
291.72, [INFO], turtlebot2, {"y": "17.99", "x": "-19.00", "yaw": "-1.37"}
291.73, [INFO], turtlebot5, {"y": "17.95", "x": "-13.46", "yaw": "-1.18"}
291.73, [INFO], turtlebot5, {"y": "17.95", "x": "-13.46", "yaw": "-1.18"}
291.73, [INFO], turtlebot6, {"y": "33.98", "x": "-32.92", "yaw": "-3.05"}
291.73, [INFO], turtlebot6, {"y": "33.98", "x": "-32.92", "yaw": "-3.05"}
291.75, [INFO], turtlebot4, {"y": "33.84", "x": "-39.50", "yaw": "0.46"}
291.75, [INFO], turtlebot4, {"y": "33.84", "x": "-39.50", "yaw": "0.46"}
291.77, [INFO], turtlebot3, {"y": "15.89", "x": "-26.79", "yaw": "0.22"}
291.77, [INFO], turtlebot3, {"y": "15.89", "x": "-26.79", "yaw": "0.22"}
291.77, [INFO], turtlebot3, {"battery-level": "34.91%"}
291.77, [INFO], turtlebot3, {"battery-level": "34.91%"}
300.28, [DEBUG], None, [debug],turtlebot3,move-base-info,Hooray, the base moved arrived,(x=-26;y=16)
300.37, [DEBUG], None, [debug],turtlebot3,move-base-info,Hooray, the base moved arrived,(x=-26;y=16)
300.45, [DEBUG], turtlebot3, {"status": "way-point-reached", "skill": "navigation", "percentage": "75.00%", "goingto": "Laboratory"}
303.92, [DEBUG], turtlebot3, {"param_list": ["Laboratory", [[-37.0, 18.93, -1.5707963267948966, true], [-37.0, 16.0, 0.0, true], [-26.0, 16.0, -1.5707963267948966, true], [-26.0, 13.0, 1.57, false]]], "skill": "navigation", "skill-life-cycle": "RUNNING", "label": "navto_lab"}
306.72, [INFO], turtlebot1, {"y": "17.82", "x": "-11.47", "yaw": "-1.25"}
306.72, [INFO], turtlebot1, {"y": "17.82", "x": "-11.47", "yaw": "-1.25"}
306.72, [INFO], turtlebot2, {"y": "17.99", "x": "-19.00", "yaw": "-1.37"}
306.72, [INFO], turtlebot2, {"y": "17.99", "x": "-19.00", "yaw": "-1.37"}
306.73, [INFO], turtlebot3, {"y": "15.71", "x": "-26.36", "yaw": "-0.96"}
306.73, [INFO], turtlebot3, {"y": "15.71", "x": "-26.36", "yaw": "-0.96"}
306.73, [INFO], turtlebot4, {"y": "33.84", "x": "-39.50", "yaw": "0.46"}
306.73, [INFO], turtlebot4, {"y": "33.84", "x": "-39.50", "yaw": "0.46"}
306.73, [INFO], turtlebot5, {"y": "17.94", "x": "-13.45", "yaw": "-1.16"}
306.75, [INFO], turtlebot5, {"y": "17.94", "x": "-13.45", "yaw": "-1.16"}
306.75, [INFO], turtlebot6, {"y": "33.98", "x": "-32.92", "yaw": "-3.06"}
306.75, [INFO], turtlebot6, {"y": "33.98", "x": "-32.92", "yaw": "-3.06"}
306.77, [INFO], turtlebot3, {"battery-level": "34.31%"}
306.78, [INFO], turtlebot3, {"battery-level": "34.31%"}
321.72, [INFO], turtlebot2, {"y": "17.99", "x": "-19.00", "yaw": "-1.37"}
321.72, [INFO], turtlebot1, {"y": "17.82", "x": "-11.47", "yaw": "-1.25"}
321.72, [INFO], turtlebot2, {"y": "17.99", "x": "-19.00", "yaw": "-1.37"}
321.72, [INFO], turtlebot1, {"y": "17.82", "x": "-11.47", "yaw": "-1.25"}
321.73, [INFO], turtlebot4, {"y": "33.84", "x": "-39.50", "yaw": "0.46"}
321.73, [INFO], turtlebot4, {"y": "33.84", "x": "-39.50", "yaw": "0.46"}
321.73, [INFO], turtlebot3, {"battery-level": "33.71%"}
321.73, [INFO], turtlebot3, {"battery-level": "33.71%"}
321.73, [INFO], turtlebot6, {"y": "33.98", "x": "-32.92", "yaw": "-3.06"}
321.75, [INFO], turtlebot6, {"y": "33.98", "x": "-32.92", "yaw": "-3.06"}
321.75, [INFO], turtlebot5, {"y": "17.94", "x": "-13.45", "yaw": "-1.14"}
321.75, [INFO], turtlebot5, {"y": "17.94", "x": "-13.45", "yaw": "-1.14"}
321.77, [INFO], turtlebot3, {"y": "14.10", "x": "-25.98", "yaw": "-1.24"}
321.77, [INFO], turtlebot3, {"y": "14.10", "x": "-25.98", "yaw": "-1.24"}
333.85, [DEBUG], None, [debug],turtlebot3,move-base-info,Hooray, the base moved arrived,(x=-26;y=13)
333.85, [DEBUG], None, [debug],turtlebot3,move-base-info,Hooray, the base moved arrived,(x=-26;y=13)
334.07, [DEBUG], turtlebot3, {"status": "way-point-reached", "skill": "navigation", "percentage": "100.00%", "goingto": "Laboratory"}
334.13, [DEBUG], turtlebot3, {"param_list": ["Laboratory", [[-37.0, 18.93, -1.5707963267948966, true], [-37.0, 16.0, 0.0, true], [-26.0, 16.0, -1.5707963267948966, true], [-26.0, 13.0, 1.57, false]]], "skill": "navigation", "skill-life-cycle": "SUCCESS", "label": "navto_lab"}
334.13, [DEBUG], turtlebot3, "available-skills=['send_message', 'wait_message', 'approach_person', 'approach_robot', 'authenticate_person', 'navigation', 'operate_drawer']"
334.13, [DEBUG], turtlebot3, {"param_list": ["lab_arm"], "skill": "approach_robot", "skill-life-cycle": "STARTED", "label": "approach_arm"}
334.23, [DEBUG], turtlebot3, {"status": "localize-robot", "skill": "=approach-robot", "who": "lab_arm"}
334.47, [DEBUG], turtlebot3, {"status": "goto-robot", "skill": "approach-robot", "who": "lab_arm"}
334.53, [DEBUG], turtlebot3, {"param_list": ["lab_arm"], "skill": "approach_robot", "skill-life-cycle": "SUCCESS", "label": "approach_arm"}
334.53, [DEBUG], turtlebot3, "available-skills=['send_message', 'wait_message', 'approach_person', 'approach_robot', 'authenticate_person', 'navigation', 'operate_drawer']"
334.53, [DEBUG], turtlebot3, {"param_list": ["open"], "skill": "operate_drawer", "skill-life-cycle": "STARTED", "label": "open_drawer_lab"}
334.60, [DEBUG], turtlebot3, {"status": "task-update", "action": "open", "skill": "operate-drawer"}
335.43, [DEBUG], turtlebot3, {"param_list": ["open"], "skill": "operate_drawer", "skill-life-cycle": "SUCCESS", "label": "open_drawer_lab"}
335.98, [DEBUG], turtlebot3, "available-skills=['send_message', 'wait_message', 'approach_person', 'approach_robot', 'authenticate_person', 'navigation', 'operate_drawer']"
335.98, [DEBUG], turtlebot3, {"param_list": ["lab_arm"], "skill": "send_message", "skill-life-cycle": "STARTED", "label": "notify_lab_arm_of_open_drawer_lab_completed"}
336.08, [INFO], turtlebot3, {"to": "lab_arm", "skill": "send-message"}
336.72, [INFO], turtlebot2, {"y": "17.99", "x": "-19.00", "yaw": "-1.37"}
336.72, [INFO], turtlebot2, {"y": "17.99", "x": "-19.00", "yaw": "-1.37"}
336.72, [INFO], turtlebot1, {"y": "17.82", "x": "-11.47", "yaw": "-1.25"}
336.72, [INFO], turtlebot1, {"y": "17.82", "x": "-11.47", "yaw": "-1.25"}
336.73, [INFO], turtlebot6, {"y": "33.98", "x": "-32.92", "yaw": "-3.06"}
336.73, [INFO], turtlebot6, {"y": "33.98", "x": "-32.92", "yaw": "-3.06"}
336.73, [INFO], turtlebot5, {"y": "17.94", "x": "-13.44", "yaw": "-1.14"}
336.73, [INFO], turtlebot5, {"y": "17.94", "x": "-13.44", "yaw": "-1.14"}
336.73, [INFO], turtlebot3, {"battery-level": "33.15%"}
336.75, [INFO], turtlebot3, {"battery-level": "33.15%"}
336.75, [INFO], turtlebot3, {"y": "13.40", "x": "-25.91", "yaw": "1.62"}
336.75, [INFO], turtlebot3, {"y": "13.40", "x": "-25.91", "yaw": "1.62"}
336.77, [INFO], turtlebot4, {"y": "33.84", "x": "-39.50", "yaw": "0.46"}
336.77, [INFO], turtlebot4, {"y": "33.84", "x": "-39.50", "yaw": "0.46"}
336.78, [INFO], lab_arm, {"status": "sample-received", "skill": "wait-sample"}
336.78, [INFO], lab_arm, {"status": "sample-received", "skill": "wait-sample"}
336.78, [INFO], nurse, {"status": "sample-received", "skill": "wait-sample"}
336.78, [INFO], nurse, {"status": "sample-received", "skill": "wait-sample"}
336.78, [DEBUG], None, ENDSIM
336.78, [DEBUG], None, ENDSIM
336.78, [DEBUG], None, end!
