0.00, [DEBUG], logger, ROBOTS_CONFIG=[{"avg_speed": 0.15, "battery_charge": 0.5914703710515797, "battery_discharge_rate": 0.00048000000000000007, "id": 1, "local_plan": [["navigation", ["PC Room 3", [[-39.44, 33.95, 0.0], [-37.0, 33.95], [-37.0, 16.0], [-28.5, 16.0], [-28.5, 18.0, -1.57]]], "navto_room"], ["approach_person", ["nurse"], "approach_nurse"], ["authenticate_person", ["nurse"], "authenticate_nurse"], ["operate_drawer", ["open"], "open_drawer_for_nurse"], ["send_message", ["nurse"], "notify_nurse_of_open_drawer_for_nurse_completed"], ["wait_message", ["nurse"], "wait_nurse_to_complete_deposit"], ["operate_drawer", ["close"], "close_drawer_nurse"], ["navigation", ["Laboratory", [[-28.5, 18.0, -1.57], [-28.5, 16.0], [-26.0, 16.0], [-26.0, 13.0, 1.57]]], "navto_lab"], ["approach_robot", ["lab_arm"], "approach_arm"], ["operate_drawer", ["open"], "open_drawer_lab"], ["send_message", ["lab_arm"], "notify_lab_arm_of_open_drawer_lab_completed"], ["wait_message", ["lab_arm"], "wait_lab_arm_to_complete_pick_up_sample"], ["operate_drawer", ["close"], "close_drawer_lab"]], "location": "IC Room 4", "name": "r1", "position": [-39.44, 33.95, 0.0], "skills": ["approach_person", "approach_robot", "authenticate_person", "navigation", "operate_drawer"]}, {"avg_speed": 0.15, "battery_charge": 0.8344531419634984, "battery_discharge_rate": 0.00054, "id": 2, "local_plan": null, "location": "PC Room 5", "name": "r2", "position": [-21.0, 18.0, -1.57], "skills": ["approach_person", "approach_robot", "authenticate_person", "navigation", "operate_drawer"]}, {"avg_speed": 0.15, "battery_charge": 0.462681764358839, "battery_discharge_rate": 0.00036, "id": 3, "local_plan": null, "location": "IC Room 2", "name": "r3", "position": [-38.0, 21.5, 0.0], "skills": ["approach_person", "approach_robot", "authenticate_person", "navigation", "operate_drawer"]}, {"avg_speed": 0.15, "battery_charge": 0.6520875066754872, "battery_discharge_rate": 0.0006000000000000001, "id": 4, "local_plan": null, "location": "PC Room 7", "name": "r4", "position": [-13.5, 18.0, -1.57], "skills": ["approach_person", "approach_robot", "authenticate_person", "navigation", "operate_drawer"]}, {"avg_speed": 0.15, "battery_charge": 0.2817995261312799, "battery_discharge_rate": 0.0002, "id": 5, "local_plan": null, "location": "IC Room 6", "name": "r5", "position": [-33.9, 18.93, 3.14], "skills": ["approach_person", "approach_robot", "authenticate_person", "navigation", "operate_drawer"]}, {"avg_speed": 0.15, "battery_charge": 0.5080169438370433, "battery_discharge_rate": 0.00072, "id": 6, "local_plan": null, "location": "PC Room 4", "name": "r6", "position": [-27.23, 18.0, -1.57], "skills": ["approach_person", "approach_robot", "authenticate_person", "navigation", "operate_drawer"]}]
0.02, [DEBUG], logger, NURSES_CONFIG=[{"location": "PC Room 3", "position": [-29.5, 19.0, -1.57]}]
0.02, [DEBUG], logger, Simulation open
0.02, [DEBUG], logger, subcribing to in the topic /log
2.40, [DEBUG], None, [debug],turtlebot6,move-base-info,Move_base is up and ok....,
5.17, [DEBUG], None, [debug],turtlebot3,move-base-info,Move_base is up and ok....,
6.62, [DEBUG], None, [debug],turtlebot2,move-base-info,Move_base is up and ok....,
9.90, [DEBUG], None, [debug],turtlebot5,move-base-info,Move_base is up and ok....,
10.27, [DEBUG], None, [debug],turtlebot1,move-base-info,Move_base is up and ok....,
11.13, [DEBUG], None, [debug],turtlebot4,move-base-info,Move_base is up and ok....,
18.28, [DEBUG], turtlebot3, {"param_list": [], "skill": "init_robobt", "skill-life-cycle": "RUNNING", "label": "init_robobt"}
18.48, [DEBUG], turtlebot2, {"param_list": [], "skill": "init_robobt", "skill-life-cycle": "RUNNING", "label": "init_robobt"}
18.95, [DEBUG], turtlebot6, {"param_list": [], "skill": "init_robobt", "skill-life-cycle": "SUCCESS", "label": "init_robobt"}
19.05, [DEBUG], turtlebot1, {"param_list": [], "skill": "init_robobt", "skill-life-cycle": "RUNNING", "label": "init_robobt"}
19.05, [DEBUG], turtlebot5, {"param_list": [], "skill": "init_robobt", "skill-life-cycle": "RUNNING", "label": "init_robobt"}
19.20, [DEBUG], turtlebot4, {"param_list": [], "skill": "init_robobt", "skill-life-cycle": "RUNNING", "label": "init_robobt"}
19.83, [DEBUG], turtlebot3, {"param_list": [], "skill": "init_robobt", "skill-life-cycle": "SUCCESS", "label": "init_robobt"}
20.88, [DEBUG], turtlebot2, {"param_list": [], "skill": "init_robobt", "skill-life-cycle": "SUCCESS", "label": "init_robobt"}
22.30, [DEBUG], turtlebot5, {"param_list": [], "skill": "init_robobt", "skill-life-cycle": "SUCCESS", "label": "init_robobt"}
22.78, [DEBUG], turtlebot1, {"param_list": [], "skill": "init_robobt", "skill-life-cycle": "SUCCESS", "label": "init_robobt"}
22.78, [DEBUG], turtlebot1, "available-skills=['send_message', 'wait_message', 'approach_person', 'approach_robot', 'authenticate_person', 'navigation', 'operate_drawer']"
22.78, [DEBUG], turtlebot1, {"param_list": ["PC Room 3", [[-37.0, 33.95, -1.5707963267948966, true], [-37.0, 16.0, 0.0, true], [-28.5, 16.0, 1.5707963267948966, true], [-28.5, 18.0, -1.57, false]]], "skill": "navigation", "skill-life-cycle": "STARTED", "label": "navto_room"}
23.40, [DEBUG], turtlebot4, {"param_list": [], "skill": "init_robobt", "skill-life-cycle": "SUCCESS", "label": "init_robobt"}
27.17, [INFO], turtlebot1, {"y": "33.85", "x": "-39.49", "yaw": "0.48"}
27.17, [INFO], turtlebot1, {"y": "33.85", "x": "-39.49", "yaw": "0.48"}
27.17, [INFO], turtlebot2, {"y": "18.00", "x": "-20.99", "yaw": "-1.54"}
27.17, [INFO], turtlebot2, {"y": "18.00", "x": "-20.99", "yaw": "-1.54"}
27.18, [INFO], turtlebot1, {"battery-level": "58.45%"}
27.18, [INFO], turtlebot1, {"battery-level": "58.45%"}
27.18, [INFO], turtlebot4, {"y": "18.00", "x": "-13.50", "yaw": "-1.50"}
27.20, [INFO], turtlebot4, {"y": "18.00", "x": "-13.50", "yaw": "-1.50"}
27.20, [INFO], turtlebot5, {"y": "18.78", "x": "-33.83", "yaw": "2.81"}
27.20, [INFO], turtlebot5, {"y": "18.78", "x": "-33.83", "yaw": "2.81"}
27.20, [INFO], turtlebot3, {"y": "21.48", "x": "-38.00", "yaw": "0.01"}
27.20, [INFO], turtlebot3, {"y": "21.48", "x": "-38.00", "yaw": "0.01"}
27.22, [INFO], turtlebot6, {"y": "18.02", "x": "-27.23", "yaw": "-1.59"}
27.22, [INFO], turtlebot6, {"y": "18.02", "x": "-27.23", "yaw": "-1.59"}
42.17, [INFO], turtlebot2, {"y": "18.00", "x": "-20.99", "yaw": "-1.54"}
42.17, [INFO], turtlebot1, {"y": "34.53", "x": "-38.33", "yaw": "0.28"}
42.17, [INFO], turtlebot2, {"y": "18.00", "x": "-20.99", "yaw": "-1.54"}
42.18, [INFO], turtlebot1, {"y": "34.53", "x": "-38.33", "yaw": "0.28"}
42.18, [INFO], turtlebot4, {"y": "18.00", "x": "-13.49", "yaw": "-1.49"}
42.18, [INFO], turtlebot3, {"y": "21.48", "x": "-38.00", "yaw": "0.01"}
42.18, [INFO], turtlebot4, {"y": "18.00", "x": "-13.49", "yaw": "-1.49"}
42.18, [INFO], turtlebot1, {"battery-level": "57.75%"}
42.18, [INFO], turtlebot3, {"y": "21.48", "x": "-38.00", "yaw": "0.01"}
42.20, [INFO], turtlebot5, {"y": "18.78", "x": "-33.84", "yaw": "2.83"}
42.20, [INFO], turtlebot1, {"battery-level": "57.75%"}
42.20, [INFO], turtlebot6, {"y": "18.03", "x": "-27.22", "yaw": "-1.58"}
42.20, [INFO], turtlebot5, {"y": "18.78", "x": "-33.84", "yaw": "2.83"}
42.20, [INFO], turtlebot6, {"y": "18.03", "x": "-27.22", "yaw": "-1.58"}
56.30, [DEBUG], None, [debug],turtlebot1,move-base-info,Hooray, the base moved arrived,(x=-37;y=33.95)
56.30, [DEBUG], None, [debug],turtlebot1,move-base-info,Hooray, the base moved arrived,(x=-37;y=33.95)
56.32, [DEBUG], turtlebot1, {"status": "way-point-reached", "skill": "navigation", "percentage": "25.00%", "goingto": "PC Room 3"}
57.17, [INFO], turtlebot2, {"y": "18.00", "x": "-20.99", "yaw": "-1.54"}
57.17, [INFO], turtlebot1, {"y": "34.22", "x": "-37.40", "yaw": "-1.52"}
57.17, [INFO], turtlebot2, {"y": "18.00", "x": "-20.99", "yaw": "-1.54"}
57.17, [INFO], turtlebot1, {"y": "34.22", "x": "-37.40", "yaw": "-1.52"}
57.18, [INFO], turtlebot1, {"battery-level": "57.00%"}
57.18, [INFO], turtlebot1, {"battery-level": "57.00%"}
57.18, [INFO], turtlebot3, {"y": "21.48", "x": "-38.00", "yaw": "0.01"}
57.20, [INFO], turtlebot3, {"y": "21.48", "x": "-38.00", "yaw": "0.01"}
57.20, [INFO], turtlebot4, {"y": "18.00", "x": "-13.49", "yaw": "-1.48"}
57.20, [INFO], turtlebot4, {"y": "18.00", "x": "-13.49", "yaw": "-1.48"}
57.20, [INFO], turtlebot5, {"y": "18.78", "x": "-33.85", "yaw": "2.84"}
57.20, [INFO], turtlebot5, {"y": "18.78", "x": "-33.85", "yaw": "2.84"}
57.22, [INFO], turtlebot6, {"y": "18.03", "x": "-27.22", "yaw": "-1.58"}
57.22, [INFO], turtlebot6, {"y": "18.03", "x": "-27.22", "yaw": "-1.58"}
62.22, [DEBUG], turtlebot1, {"param_list": ["PC Room 3", [[-37.0, 33.95, -1.5707963267948966, true], [-37.0, 16.0, 0.0, true], [-28.5, 16.0, 1.5707963267948966, true], [-28.5, 18.0, -1.57, false]]], "skill": "navigation", "skill-life-cycle": "RUNNING", "label": "navto_room"}
72.17, [INFO], turtlebot1, {"y": "32.91", "x": "-36.90", "yaw": "-1.58"}
72.17, [INFO], turtlebot1, {"y": "32.91", "x": "-36.90", "yaw": "-1.58"}
72.17, [INFO], turtlebot2, {"y": "18.00", "x": "-20.99", "yaw": "-1.54"}
72.17, [INFO], turtlebot2, {"y": "18.00", "x": "-20.99", "yaw": "-1.54"}
72.18, [INFO], turtlebot4, {"y": "18.00", "x": "-13.49", "yaw": "-1.46"}
72.18, [INFO], turtlebot4, {"y": "18.00", "x": "-13.49", "yaw": "-1.46"}
72.18, [INFO], turtlebot3, {"y": "21.48", "x": "-38.00", "yaw": "0.01"}
72.20, [INFO], turtlebot3, {"y": "21.48", "x": "-38.00", "yaw": "0.01"}
72.20, [INFO], turtlebot1, {"battery-level": "56.20%"}
72.20, [INFO], turtlebot1, {"battery-level": "56.20%"}
72.20, [INFO], turtlebot5, {"y": "18.78", "x": "-33.85", "yaw": "2.86"}
72.20, [INFO], turtlebot5, {"y": "18.78", "x": "-33.85", "yaw": "2.86"}
72.22, [INFO], turtlebot6, {"y": "18.03", "x": "-27.22", "yaw": "-1.58"}
72.22, [INFO], turtlebot6, {"y": "18.03", "x": "-27.22", "yaw": "-1.58"}
87.17, [INFO], turtlebot1, {"y": "30.37", "x": "-36.95", "yaw": "-1.55"}
87.17, [INFO], turtlebot2, {"y": "18.00", "x": "-20.99", "yaw": "-1.54"}
87.17, [INFO], turtlebot1, {"y": "30.37", "x": "-36.95", "yaw": "-1.55"}
87.17, [INFO], turtlebot2, {"y": "18.00", "x": "-20.99", "yaw": "-1.54"}
87.18, [INFO], turtlebot5, {"y": "18.78", "x": "-33.85", "yaw": "2.87"}
87.18, [INFO], turtlebot5, {"y": "18.78", "x": "-33.85", "yaw": "2.87"}
87.18, [INFO], turtlebot1, {"battery-level": "55.45%"}
87.20, [INFO], turtlebot1, {"battery-level": "55.45%"}
87.20, [INFO], turtlebot3, {"y": "21.48", "x": "-38.00", "yaw": "0.01"}
87.20, [INFO], turtlebot3, {"y": "21.48", "x": "-38.00", "yaw": "0.01"}
87.20, [INFO], turtlebot4, {"y": "17.99", "x": "-13.49", "yaw": "-1.45"}
87.20, [INFO], turtlebot4, {"y": "17.99", "x": "-13.49", "yaw": "-1.45"}
87.22, [INFO], turtlebot6, {"y": "18.03", "x": "-27.22", "yaw": "-1.58"}
87.22, [INFO], turtlebot6, {"y": "18.03", "x": "-27.22", "yaw": "-1.58"}
102.17, [INFO], turtlebot1, {"y": "27.88", "x": "-36.94", "yaw": "-1.58"}
102.17, [INFO], turtlebot1, {"y": "27.88", "x": "-36.94", "yaw": "-1.58"}
102.17, [INFO], turtlebot2, {"y": "18.00", "x": "-20.99", "yaw": "-1.54"}
102.17, [INFO], turtlebot2, {"y": "18.00", "x": "-20.99", "yaw": "-1.54"}
102.18, [INFO], turtlebot4, {"y": "17.99", "x": "-13.49", "yaw": "-1.43"}
102.18, [INFO], turtlebot4, {"y": "17.99", "x": "-13.49", "yaw": "-1.43"}
102.18, [INFO], turtlebot5, {"y": "18.78", "x": "-33.85", "yaw": "2.89"}
102.18, [INFO], turtlebot5, {"y": "18.78", "x": "-33.85", "yaw": "2.89"}
102.20, [INFO], turtlebot3, {"y": "21.48", "x": "-38.00", "yaw": "0.01"}
102.20, [INFO], turtlebot3, {"y": "21.48", "x": "-38.00", "yaw": "0.01"}
102.20, [INFO], turtlebot1, {"battery-level": "54.70%"}
102.22, [INFO], turtlebot1, {"battery-level": "54.70%"}
102.22, [INFO], turtlebot6, {"y": "18.03", "x": "-27.22", "yaw": "-1.58"}
102.22, [INFO], turtlebot6, {"y": "18.03", "x": "-27.22", "yaw": "-1.58"}
105.82, [DEBUG], turtlebot1, {"param_list": ["PC Room 3", [[-37.0, 33.95, -1.5707963267948966, true], [-37.0, 16.0, 0.0, true], [-28.5, 16.0, 1.5707963267948966, true], [-28.5, 18.0, -1.57, false]]], "skill": "navigation", "skill-life-cycle": "RUNNING", "label": "navto_room"}
117.17, [INFO], turtlebot1, {"y": "25.39", "x": "-36.94", "yaw": "-1.59"}
117.17, [INFO], turtlebot1, {"y": "25.39", "x": "-36.94", "yaw": "-1.59"}
117.17, [INFO], turtlebot2, {"y": "18.00", "x": "-20.99", "yaw": "-1.54"}
117.17, [INFO], turtlebot2, {"y": "18.00", "x": "-20.99", "yaw": "-1.54"}
117.18, [INFO], turtlebot4, {"y": "17.99", "x": "-13.49", "yaw": "-1.41"}
117.18, [INFO], turtlebot4, {"y": "17.99", "x": "-13.49", "yaw": "-1.41"}
117.18, [INFO], turtlebot1, {"battery-level": "53.95%"}
117.20, [INFO], turtlebot1, {"battery-level": "53.95%"}
117.20, [INFO], turtlebot5, {"y": "18.79", "x": "-33.86", "yaw": "2.91"}
117.20, [INFO], turtlebot5, {"y": "18.79", "x": "-33.86", "yaw": "2.91"}
117.20, [INFO], turtlebot3, {"y": "21.48", "x": "-38.00", "yaw": "0.01"}
117.20, [INFO], turtlebot3, {"y": "21.48", "x": "-38.00", "yaw": "0.01"}
117.22, [INFO], turtlebot6, {"y": "18.03", "x": "-27.22", "yaw": "-1.58"}
117.22, [INFO], turtlebot6, {"y": "18.03", "x": "-27.22", "yaw": "-1.58"}
132.17, [INFO], turtlebot1, {"y": "22.82", "x": "-37.01", "yaw": "-1.64"}
132.17, [INFO], turtlebot1, {"y": "22.82", "x": "-37.01", "yaw": "-1.64"}
132.17, [INFO], turtlebot2, {"y": "18.00", "x": "-21.00", "yaw": "-1.54"}
132.17, [INFO], turtlebot2, {"y": "18.00", "x": "-21.00", "yaw": "-1.54"}
132.18, [INFO], turtlebot5, {"y": "18.79", "x": "-33.86", "yaw": "2.94"}
132.18, [INFO], turtlebot5, {"y": "18.79", "x": "-33.86", "yaw": "2.94"}
132.18, [INFO], turtlebot3, {"y": "21.48", "x": "-38.00", "yaw": "0.01"}
132.18, [INFO], turtlebot3, {"y": "21.48", "x": "-38.00", "yaw": "0.01"}
132.20, [INFO], turtlebot4, {"y": "17.98", "x": "-13.49", "yaw": "-1.39"}
132.20, [INFO], turtlebot4, {"y": "17.98", "x": "-13.49", "yaw": "-1.39"}
132.20, [INFO], turtlebot1, {"battery-level": "53.20%"}
132.20, [INFO], turtlebot1, {"battery-level": "53.20%"}
132.22, [INFO], turtlebot6, {"y": "18.03", "x": "-27.22", "yaw": "-1.58"}
132.22, [INFO], turtlebot6, {"y": "18.03", "x": "-27.22", "yaw": "-1.58"}
147.17, [INFO], turtlebot1, {"y": "20.18", "x": "-37.17", "yaw": "-1.63"}
147.17, [INFO], turtlebot2, {"y": "18.00", "x": "-21.00", "yaw": "-1.54"}
147.17, [INFO], turtlebot1, {"y": "20.18", "x": "-37.17", "yaw": "-1.63"}
147.18, [INFO], turtlebot2, {"y": "18.00", "x": "-21.00", "yaw": "-1.54"}
147.18, [INFO], turtlebot1, {"battery-level": "52.50%"}
147.18, [INFO], turtlebot1, {"battery-level": "52.50%"}
147.18, [INFO], turtlebot4, {"y": "17.98", "x": "-13.49", "yaw": "-1.37"}
147.18, [INFO], turtlebot4, {"y": "17.98", "x": "-13.49", "yaw": "-1.37"}
147.20, [INFO], turtlebot5, {"y": "18.79", "x": "-33.87", "yaw": "2.96"}
147.20, [INFO], turtlebot5, {"y": "18.79", "x": "-33.87", "yaw": "2.96"}
147.20, [INFO], turtlebot3, {"y": "21.48", "x": "-38.00", "yaw": "0.01"}
147.20, [INFO], turtlebot3, {"y": "21.48", "x": "-38.00", "yaw": "0.01"}
147.20, [INFO], turtlebot6, {"y": "18.03", "x": "-27.22", "yaw": "-1.57"}
147.22, [INFO], turtlebot6, {"y": "18.03", "x": "-27.22", "yaw": "-1.57"}
149.40, [DEBUG], turtlebot1, {"param_list": ["PC Room 3", [[-37.0, 33.95, -1.5707963267948966, true], [-37.0, 16.0, 0.0, true], [-28.5, 16.0, 1.5707963267948966, true], [-28.5, 18.0, -1.57, false]]], "skill": "navigation", "skill-life-cycle": "RUNNING", "label": "navto_room"}
162.17, [INFO], turtlebot2, {"y": "18.00", "x": "-21.00", "yaw": "-1.54"}
162.17, [INFO], turtlebot2, {"y": "18.00", "x": "-21.00", "yaw": "-1.54"}
162.17, [INFO], turtlebot1, {"y": "17.54", "x": "-37.32", "yaw": "-1.62"}
162.17, [INFO], turtlebot1, {"y": "17.54", "x": "-37.32", "yaw": "-1.62"}
162.18, [INFO], turtlebot5, {"y": "18.79", "x": "-33.87", "yaw": "2.99"}
162.18, [INFO], turtlebot5, {"y": "18.79", "x": "-33.87", "yaw": "2.99"}
162.18, [INFO], turtlebot4, {"y": "17.98", "x": "-13.48", "yaw": "-1.35"}
162.20, [INFO], turtlebot4, {"y": "17.98", "x": "-13.48", "yaw": "-1.35"}
162.20, [INFO], turtlebot1, {"battery-level": "51.70%"}
162.20, [INFO], turtlebot1, {"battery-level": "51.70%"}
162.22, [INFO], turtlebot3, {"y": "21.48", "x": "-38.00", "yaw": "0.01"}
162.22, [INFO], turtlebot3, {"y": "21.48", "x": "-38.00", "yaw": "0.01"}
162.22, [INFO], turtlebot6, {"y": "18.03", "x": "-27.22", "yaw": "-1.57"}
162.22, [INFO], turtlebot6, {"y": "18.03", "x": "-27.22", "yaw": "-1.57"}
173.32, [DEBUG], None, [debug],turtlebot1,move-base-info,Hooray, the base moved arrived,(x=-37;y=16)
173.32, [DEBUG], None, [debug],turtlebot1,move-base-info,Hooray, the base moved arrived,(x=-37;y=16)
173.47, [DEBUG], turtlebot1, {"status": "way-point-reached", "skill": "navigation", "percentage": "50.00%", "goingto": "PC Room 3"}
177.17, [INFO], turtlebot1, {"y": "16.30", "x": "-37.37", "yaw": "-0.04"}
177.17, [INFO], turtlebot1, {"y": "16.30", "x": "-37.37", "yaw": "-0.04"}
177.17, [INFO], turtlebot2, {"y": "18.00", "x": "-21.00", "yaw": "-1.54"}
177.18, [INFO], turtlebot2, {"y": "18.00", "x": "-21.00", "yaw": "-1.54"}
177.18, [INFO], turtlebot3, {"y": "21.48", "x": "-38.00", "yaw": "0.01"}
177.18, [INFO], turtlebot3, {"y": "21.48", "x": "-38.00", "yaw": "0.01"}
177.18, [INFO], turtlebot5, {"y": "18.79", "x": "-33.88", "yaw": "3.00"}
177.18, [INFO], turtlebot5, {"y": "18.79", "x": "-33.88", "yaw": "3.00"}
177.20, [INFO], turtlebot1, {"battery-level": "51.00%"}
177.20, [INFO], turtlebot1, {"battery-level": "51.00%"}
177.20, [INFO], turtlebot4, {"y": "17.97", "x": "-13.48", "yaw": "-1.33"}
177.20, [INFO], turtlebot4, {"y": "17.97", "x": "-13.48", "yaw": "-1.33"}
177.20, [INFO], turtlebot6, {"y": "18.03", "x": "-27.22", "yaw": "-1.57"}
177.20, [INFO], turtlebot6, {"y": "18.03", "x": "-27.22", "yaw": "-1.57"}
192.17, [INFO], turtlebot2, {"y": "18.00", "x": "-21.00", "yaw": "-1.54"}
192.17, [INFO], turtlebot2, {"y": "18.00", "x": "-21.00", "yaw": "-1.54"}
192.17, [INFO], turtlebot1, {"y": "15.60", "x": "-36.26", "yaw": "-0.53"}
192.17, [INFO], turtlebot1, {"y": "15.60", "x": "-36.26", "yaw": "-0.53"}
192.18, [INFO], turtlebot1, {"battery-level": "50.25%"}
192.18, [INFO], turtlebot1, {"battery-level": "50.25%"}
192.18, [INFO], turtlebot5, {"y": "18.79", "x": "-33.88", "yaw": "3.00"}
192.20, [INFO], turtlebot5, {"y": "18.79", "x": "-33.88", "yaw": "3.00"}
192.20, [INFO], turtlebot4, {"y": "17.97", "x": "-13.48", "yaw": "-1.31"}
192.20, [INFO], turtlebot4, {"y": "17.97", "x": "-13.48", "yaw": "-1.31"}
192.20, [INFO], turtlebot3, {"y": "21.48", "x": "-38.00", "yaw": "0.02"}
192.20, [INFO], turtlebot3, {"y": "21.48", "x": "-38.00", "yaw": "0.02"}
192.22, [INFO], turtlebot6, {"y": "18.03", "x": "-27.22", "yaw": "-1.57"}
192.22, [INFO], turtlebot6, {"y": "18.03", "x": "-27.22", "yaw": "-1.57"}
193.13, [DEBUG], turtlebot1, {"param_list": ["PC Room 3", [[-37.0, 33.95, -1.5707963267948966, true], [-37.0, 16.0, 0.0, true], [-28.5, 16.0, 1.5707963267948966, true], [-28.5, 18.0, -1.57, false]]], "skill": "navigation", "skill-life-cycle": "RUNNING", "label": "navto_room"}
207.17, [INFO], turtlebot1, {"y": "15.30", "x": "-35.03", "yaw": "-0.05"}
207.17, [INFO], turtlebot1, {"y": "15.30", "x": "-35.03", "yaw": "-0.05"}
207.17, [INFO], turtlebot2, {"y": "18.00", "x": "-21.01", "yaw": "-1.54"}
207.17, [INFO], turtlebot2, {"y": "18.00", "x": "-21.01", "yaw": "-1.54"}
207.18, [INFO], turtlebot1, {"battery-level": "49.50%"}
207.18, [INFO], turtlebot1, {"battery-level": "49.50%"}
207.18, [INFO], turtlebot5, {"y": "18.79", "x": "-33.88", "yaw": "3.01"}
207.18, [INFO], turtlebot5, {"y": "18.79", "x": "-33.88", "yaw": "3.01"}
207.20, [INFO], turtlebot3, {"y": "21.48", "x": "-38.02", "yaw": "0.03"}
207.20, [INFO], turtlebot3, {"y": "21.48", "x": "-38.02", "yaw": "0.03"}
207.20, [INFO], turtlebot4, {"y": "17.97", "x": "-13.47", "yaw": "-1.29"}
207.20, [INFO], turtlebot4, {"y": "17.97", "x": "-13.47", "yaw": "-1.29"}
207.20, [INFO], turtlebot6, {"y": "18.03", "x": "-27.22", "yaw": "-1.57"}
207.20, [INFO], turtlebot6, {"y": "18.03", "x": "-27.22", "yaw": "-1.57"}
222.17, [INFO], turtlebot1, {"y": "15.30", "x": "-33.78", "yaw": "0.00"}
222.17, [INFO], turtlebot1, {"y": "15.30", "x": "-33.78", "yaw": "0.00"}
222.17, [INFO], turtlebot2, {"y": "18.00", "x": "-21.01", "yaw": "-1.54"}
222.17, [INFO], turtlebot2, {"y": "18.00", "x": "-21.01", "yaw": "-1.54"}
222.18, [INFO], turtlebot3, {"y": "21.49", "x": "-38.02", "yaw": "0.03"}
222.18, [INFO], turtlebot3, {"y": "21.49", "x": "-38.02", "yaw": "0.03"}
222.18, [INFO], turtlebot4, {"y": "17.96", "x": "-13.47", "yaw": "-1.27"}
222.18, [INFO], turtlebot4, {"y": "17.96", "x": "-13.47", "yaw": "-1.27"}
222.20, [INFO], turtlebot5, {"y": "18.79", "x": "-33.88", "yaw": "3.01"}
222.20, [INFO], turtlebot5, {"y": "18.79", "x": "-33.88", "yaw": "3.01"}
222.20, [INFO], turtlebot1, {"battery-level": "48.70%"}
222.20, [INFO], turtlebot1, {"battery-level": "48.70%"}
222.22, [INFO], turtlebot6, {"y": "18.03", "x": "-27.21", "yaw": "-1.57"}
222.22, [INFO], turtlebot6, {"y": "18.03", "x": "-27.21", "yaw": "-1.57"}
236.02, [DEBUG], turtlebot1, {"param_list": ["PC Room 3", [[-37.0, 33.95, -1.5707963267948966, true], [-37.0, 16.0, 0.0, true], [-28.5, 16.0, 1.5707963267948966, true], [-28.5, 18.0, -1.57, false]]], "skill": "navigation", "skill-life-cycle": "RUNNING", "label": "navto_room"}
237.17, [INFO], turtlebot1, {"y": "15.34", "x": "-32.53", "yaw": "0.04"}
237.17, [INFO], turtlebot1, {"y": "15.34", "x": "-32.53", "yaw": "0.04"}
237.17, [INFO], turtlebot2, {"y": "18.00", "x": "-21.01", "yaw": "-1.54"}
237.17, [INFO], turtlebot2, {"y": "18.00", "x": "-21.01", "yaw": "-1.54"}
237.18, [INFO], turtlebot4, {"y": "17.96", "x": "-13.47", "yaw": "-1.25"}
237.18, [INFO], turtlebot3, {"y": "21.49", "x": "-38.03", "yaw": "0.03"}
237.18, [INFO], turtlebot4, {"y": "17.96", "x": "-13.47", "yaw": "-1.25"}
237.18, [INFO], turtlebot5, {"y": "18.79", "x": "-33.88", "yaw": "3.01"}
237.18, [INFO], turtlebot3, {"y": "21.49", "x": "-38.03", "yaw": "0.03"}
237.20, [INFO], turtlebot5, {"y": "18.79", "x": "-33.88", "yaw": "3.01"}
237.20, [INFO], turtlebot1, {"battery-level": "47.95%"}
237.20, [INFO], turtlebot1, {"battery-level": "47.95%"}
237.20, [INFO], turtlebot6, {"y": "18.03", "x": "-27.21", "yaw": "-1.57"}
237.20, [INFO], turtlebot6, {"y": "18.03", "x": "-27.21", "yaw": "-1.57"}
252.17, [INFO], turtlebot1, {"y": "15.32", "x": "-31.27", "yaw": "-0.01"}
252.17, [INFO], turtlebot1, {"y": "15.32", "x": "-31.27", "yaw": "-0.01"}
252.17, [INFO], turtlebot2, {"y": "18.00", "x": "-21.02", "yaw": "-1.54"}
252.17, [INFO], turtlebot2, {"y": "18.00", "x": "-21.02", "yaw": "-1.54"}
252.18, [INFO], turtlebot5, {"y": "18.79", "x": "-33.88", "yaw": "3.01"}
252.18, [INFO], turtlebot5, {"y": "18.79", "x": "-33.88", "yaw": "3.01"}
252.18, [INFO], turtlebot3, {"y": "21.49", "x": "-38.04", "yaw": "0.03"}
252.18, [INFO], turtlebot3, {"y": "21.49", "x": "-38.04", "yaw": "0.03"}
252.18, [INFO], turtlebot4, {"y": "17.96", "x": "-13.46", "yaw": "-1.23"}
252.20, [INFO], turtlebot4, {"y": "17.96", "x": "-13.46", "yaw": "-1.23"}
252.20, [INFO], turtlebot1, {"battery-level": "47.20%"}
252.20, [INFO], turtlebot1, {"battery-level": "47.20%"}
252.22, [INFO], turtlebot6, {"y": "18.03", "x": "-27.21", "yaw": "-1.57"}
252.22, [INFO], turtlebot6, {"y": "18.03", "x": "-27.21", "yaw": "-1.57"}
267.17, [INFO], turtlebot1, {"y": "15.57", "x": "-30.04", "yaw": "0.26"}
267.17, [INFO], turtlebot2, {"y": "18.00", "x": "-21.02", "yaw": "-1.54"}
267.17, [INFO], turtlebot1, {"y": "15.57", "x": "-30.04", "yaw": "0.26"}
267.17, [INFO], turtlebot2, {"y": "18.00", "x": "-21.02", "yaw": "-1.54"}
267.18, [INFO], turtlebot1, {"battery-level": "46.50%"}
267.18, [INFO], turtlebot1, {"battery-level": "46.50%"}
267.18, [INFO], turtlebot5, {"y": "18.79", "x": "-33.88", "yaw": "3.01"}
267.20, [INFO], turtlebot5, {"y": "18.79", "x": "-33.88", "yaw": "3.01"}
267.20, [INFO], turtlebot3, {"y": "21.50", "x": "-38.05", "yaw": "0.03"}
267.20, [INFO], turtlebot3, {"y": "21.50", "x": "-38.05", "yaw": "0.03"}
267.20, [INFO], turtlebot4, {"y": "17.95", "x": "-13.46", "yaw": "-1.21"}
267.22, [INFO], turtlebot4, {"y": "17.95", "x": "-13.46", "yaw": "-1.21"}
267.22, [INFO], turtlebot6, {"y": "18.03", "x": "-27.21", "yaw": "-1.57"}
267.22, [INFO], turtlebot6, {"y": "18.03", "x": "-27.21", "yaw": "-1.57"}
278.58, [DEBUG], turtlebot1, {"param_list": ["PC Room 3", [[-37.0, 33.95, -1.5707963267948966, true], [-37.0, 16.0, 0.0, true], [-28.5, 16.0, 1.5707963267948966, true], [-28.5, 18.0, -1.57, false]]], "skill": "navigation", "skill-life-cycle": "RUNNING", "label": "navto_room"}
282.17, [INFO], turtlebot2, {"y": "18.00", "x": "-21.03", "yaw": "-1.54"}
282.17, [INFO], turtlebot2, {"y": "18.00", "x": "-21.03", "yaw": "-1.54"}
282.17, [INFO], turtlebot1, {"y": "15.84", "x": "-28.95", "yaw": "1.08"}
282.17, [INFO], turtlebot1, {"y": "15.84", "x": "-28.95", "yaw": "1.08"}
282.18, [INFO], turtlebot5, {"y": "18.79", "x": "-33.88", "yaw": "3.01"}
282.18, [INFO], turtlebot5, {"y": "18.79", "x": "-33.88", "yaw": "3.01"}
282.18, [INFO], turtlebot1, {"battery-level": "45.70%"}
282.18, [INFO], turtlebot1, {"battery-level": "45.70%"}
282.20, [INFO], turtlebot4, {"y": "17.95", "x": "-13.46", "yaw": "-1.19"}
282.20, [INFO], turtlebot4, {"y": "17.95", "x": "-13.46", "yaw": "-1.19"}
282.20, [INFO], turtlebot3, {"y": "21.50", "x": "-38.09", "yaw": "0.03"}
282.20, [INFO], turtlebot3, {"y": "21.50", "x": "-38.09", "yaw": "0.03"}
282.22, [INFO], turtlebot6, {"y": "18.03", "x": "-27.21", "yaw": "-1.57"}
282.22, [INFO], turtlebot6, {"y": "18.03", "x": "-27.21", "yaw": "-1.57"}
283.95, [DEBUG], None, [debug],turtlebot1,move-base-info,Hooray, the base moved arrived,(x=-28.5;y=16)
283.95, [DEBUG], None, [debug],turtlebot1,move-base-info,Hooray, the base moved arrived,(x=-28.5;y=16)
284.05, [DEBUG], turtlebot1, {"status": "way-point-reached", "skill": "navigation", "percentage": "75.00%", "goingto": "PC Room 3"}
297.17, [INFO], turtlebot2, {"y": "18.00", "x": "-21.03", "yaw": "-1.54"}
297.17, [INFO], turtlebot2, {"y": "18.00", "x": "-21.03", "yaw": "-1.54"}
297.18, [INFO], turtlebot1, {"y": "16.99", "x": "-28.93", "yaw": "1.47"}
297.18, [INFO], turtlebot1, {"y": "16.99", "x": "-28.93", "yaw": "1.47"}
297.18, [INFO], turtlebot4, {"y": "17.94", "x": "-13.45", "yaw": "-1.17"}
297.20, [INFO], turtlebot4, {"y": "17.94", "x": "-13.45", "yaw": "-1.17"}
297.20, [INFO], turtlebot1, {"battery-level": "45.00%"}
297.20, [INFO], turtlebot1, {"battery-level": "45.00%"}
297.22, [INFO], turtlebot3, {"y": "21.50", "x": "-38.11", "yaw": "0.03"}
297.22, [INFO], turtlebot3, {"y": "21.50", "x": "-38.11", "yaw": "0.03"}
297.22, [INFO], turtlebot5, {"y": "18.79", "x": "-33.88", "yaw": "3.01"}
297.22, [INFO], turtlebot5, {"y": "18.79", "x": "-33.88", "yaw": "3.01"}
297.23, [INFO], turtlebot6, {"y": "18.03", "x": "-27.21", "yaw": "-1.57"}
297.23, [INFO], turtlebot6, {"y": "18.03", "x": "-27.21", "yaw": "-1.57"}
310.40, [DEBUG], None, [debug],turtlebot1,move-base-info,Hooray, the base moved arrived,(x=-28.5;y=18)
310.40, [DEBUG], None, [debug],turtlebot1,move-base-info,Hooray, the base moved arrived,(x=-28.5;y=18)
310.57, [DEBUG], turtlebot1, {"status": "way-point-reached", "skill": "navigation", "percentage": "100.00%", "goingto": "PC Room 3"}
310.65, [DEBUG], turtlebot1, {"param_list": ["PC Room 3", [[-37.0, 33.95, -1.5707963267948966, true], [-37.0, 16.0, 0.0, true], [-28.5, 16.0, 1.5707963267948966, true], [-28.5, 18.0, -1.57, false]]], "skill": "navigation", "skill-life-cycle": "SUCCESS", "label": "navto_room"}
310.65, [DEBUG], turtlebot1, "available-skills=['send_message', 'wait_message', 'approach_person', 'approach_robot', 'authenticate_person', 'navigation', 'operate_drawer']"
310.65, [DEBUG], turtlebot1, {"param_list": ["nurse"], "skill": "approach_person", "skill-life-cycle": "STARTED", "label": "approach_nurse"}
310.73, [DEBUG], turtlebot1, {"status": "localize-person", "skill": "approach-person", "who": "nurse"}
310.95, [DEBUG], turtlebot1, {"status": "goto-person", "skill": "approach-person", "who": "nurse"}
311.02, [DEBUG], turtlebot1, {"param_list": ["nurse"], "skill": "approach_person", "skill-life-cycle": "SUCCESS", "label": "approach_nurse"}
311.02, [DEBUG], turtlebot1, "available-skills=['send_message', 'wait_message', 'approach_person', 'approach_robot', 'authenticate_person', 'navigation', 'operate_drawer']"
311.02, [DEBUG], turtlebot1, {"param_list": ["nurse"], "skill": "authenticate_person", "skill-life-cycle": "STARTED", "label": "authenticate_nurse"}
311.10, [INFO], nurse, {"status": "message-received", "skill": "athentication-request"}
311.10, [DEBUG], turtlebot1, {"status": "request-authentication", "to": "nurse", "skill": "authenticate-person"}
311.10, [INFO], nurse, {"status": "message-received", "skill": "athentication-request"}
311.50, [DEBUG], turtlebot1, {"status": "received-authentication", "skill": "authenticate-person", "from": "nurse"}
311.55, [DEBUG], turtlebot1, {"param_list": ["nurse"], "skill": "authenticate_person", "skill-life-cycle": "SUCCESS", "label": "authenticate_nurse"}
311.55, [DEBUG], turtlebot1, "available-skills=['send_message', 'wait_message', 'approach_person', 'approach_robot', 'authenticate_person', 'navigation', 'operate_drawer']"
311.57, [DEBUG], turtlebot1, {"param_list": ["open"], "skill": "operate_drawer", "skill-life-cycle": "STARTED", "label": "open_drawer_for_nurse"}
311.62, [DEBUG], turtlebot1, {"status": "task-update", "action": "open", "skill": "operate-drawer"}
312.17, [INFO], turtlebot2, {"y": "18.00", "x": "-21.03", "yaw": "-1.54"}
312.17, [INFO], turtlebot2, {"y": "18.00", "x": "-21.03", "yaw": "-1.54"}
312.17, [INFO], turtlebot1, {"y": "17.78", "x": "-28.87", "yaw": "-1.52"}
312.17, [INFO], turtlebot1, {"y": "17.78", "x": "-28.87", "yaw": "-1.52"}
312.18, [INFO], turtlebot1, {"battery-level": "44.20%"}
312.18, [INFO], turtlebot1, {"battery-level": "44.20%"}
312.18, [INFO], turtlebot3, {"y": "21.50", "x": "-38.13", "yaw": "0.03"}
312.18, [INFO], turtlebot3, {"y": "21.50", "x": "-38.13", "yaw": "0.03"}
312.20, [INFO], turtlebot4, {"y": "17.94", "x": "-13.45", "yaw": "-1.15"}
312.20, [INFO], turtlebot4, {"y": "17.94", "x": "-13.45", "yaw": "-1.15"}
312.20, [INFO], turtlebot5, {"y": "18.79", "x": "-33.88", "yaw": "3.01"}
312.22, [INFO], turtlebot5, {"y": "18.79", "x": "-33.88", "yaw": "3.01"}
312.22, [INFO], turtlebot6, {"y": "18.03", "x": "-27.21", "yaw": "-1.57"}
312.22, [INFO], turtlebot6, {"y": "18.03", "x": "-27.21", "yaw": "-1.57"}
312.43, [DEBUG], turtlebot1, {"param_list": ["open"], "skill": "operate_drawer", "skill-life-cycle": "SUCCESS", "label": "open_drawer_for_nurse"}
312.43, [DEBUG], turtlebot1, "available-skills=['send_message', 'wait_message', 'approach_person', 'approach_robot', 'authenticate_person', 'navigation', 'operate_drawer']"
312.43, [DEBUG], turtlebot1, {"param_list": ["nurse"], "skill": "send_message", "skill-life-cycle": "STARTED", "label": "notify_nurse_of_open_drawer_for_nurse_completed"}
312.47, [INFO], turtlebot1, {"to": "nurse", "skill": "send-message"}
313.22, [INFO], nurse, {"status": "message-received", "skill": "wait-message"}
313.22, [INFO], nurse, {"status": "message-received", "skill": "wait-message"}
315.55, [DEBUG], turtlebot1, {"param_list": ["nurse"], "skill": "send_message", "skill-life-cycle": "SUCCESS", "label": "notify_nurse_of_open_drawer_for_nurse_completed"}
315.55, [DEBUG], turtlebot1, "available-skills=['send_message', 'wait_message', 'approach_person', 'approach_robot', 'authenticate_person', 'navigation', 'operate_drawer']"
315.57, [DEBUG], turtlebot1, {"param_list": ["nurse"], "skill": "wait_message", "skill-life-cycle": "STARTED", "label": "wait_nurse_to_complete_deposit"}
317.25, [INFO], turtlebot1, {"status": "message-received", "skill": "wait-message"}
317.32, [DEBUG], turtlebot1, {"param_list": ["nurse"], "skill": "wait_message", "skill-life-cycle": "SUCCESS", "label": "wait_nurse_to_complete_deposit"}
317.32, [DEBUG], turtlebot1, "available-skills=['send_message', 'wait_message', 'approach_person', 'approach_robot', 'authenticate_person', 'navigation', 'operate_drawer']"
317.33, [DEBUG], turtlebot1, {"param_list": ["close"], "skill": "operate_drawer", "skill-life-cycle": "STARTED", "label": "close_drawer_nurse"}
317.40, [DEBUG], turtlebot1, {"status": "task-update", "action": "close", "skill": "operate-drawer"}
318.25, [DEBUG], turtlebot1, {"param_list": ["close"], "skill": "operate_drawer", "skill-life-cycle": "SUCCESS", "label": "close_drawer_nurse"}
318.25, [DEBUG], turtlebot1, "available-skills=['send_message', 'wait_message', 'approach_person', 'approach_robot', 'authenticate_person', 'navigation', 'operate_drawer']"
318.25, [DEBUG], turtlebot1, {"param_list": ["Laboratory", [[-28.5, 16.0, 0.0, true], [-26.0, 16.0, -1.5707963267948966, true], [-26.0, 13.0, 1.57, false]]], "skill": "navigation", "skill-life-cycle": "STARTED", "label": "navto_lab"}
323.22, [INFO], nurse, {"status": "message-received", "skill": "wait-message"}
323.22, [INFO], nurse, {"status": "message-received", "skill": "wait-message"}
323.65, [DEBUG], turtlebot1, {"param_list": ["Laboratory", [[-28.5, 16.0, 0.0, true], [-26.0, 16.0, -1.5707963267948966, true], [-26.0, 13.0, 1.57, false]]], "skill": "navigation", "skill-life-cycle": "RUNNING", "label": "navto_lab"}
327.17, [INFO], turtlebot2, {"y": "18.00", "x": "-21.03", "yaw": "-1.54"}
327.17, [INFO], turtlebot2, {"y": "18.00", "x": "-21.03", "yaw": "-1.54"}
327.17, [INFO], turtlebot1, {"y": "17.09", "x": "-28.94", "yaw": "-1.56"}
327.17, [INFO], turtlebot1, {"y": "17.09", "x": "-28.94", "yaw": "-1.56"}
327.18, [INFO], turtlebot1, {"battery-level": "43.50%"}
327.20, [INFO], turtlebot1, {"battery-level": "43.50%"}
327.20, [INFO], turtlebot5, {"y": "18.79", "x": "-33.88", "yaw": "3.01"}
327.20, [INFO], turtlebot5, {"y": "18.79", "x": "-33.88", "yaw": "3.01"}
327.20, [INFO], turtlebot3, {"y": "21.50", "x": "-38.15", "yaw": "0.04"}
327.22, [INFO], turtlebot3, {"y": "21.50", "x": "-38.15", "yaw": "0.04"}
327.22, [INFO], turtlebot4, {"y": "17.94", "x": "-13.45", "yaw": "-1.14"}
327.22, [INFO], turtlebot4, {"y": "17.94", "x": "-13.45", "yaw": "-1.14"}
327.22, [INFO], turtlebot6, {"y": "18.03", "x": "-27.21", "yaw": "-1.55"}
327.22, [INFO], turtlebot6, {"y": "18.03", "x": "-27.21", "yaw": "-1.55"}
331.10, [INFO], nurse, {"status": "waiting", "skill": "athentication-sent"}
331.10, [INFO], nurse, {"status": "waiting", "skill": "athentication-sent"}
333.22, [INFO], nurse, {"status": "message-received", "skill": "wait-message"}
333.22, [INFO], nurse, {"status": "message-received", "skill": "wait-message"}
341.98, [DEBUG], None, [debug],turtlebot1,move-base-info,Hooray, the base moved arrived,(x=-28.5;y=16)
341.98, [DEBUG], None, [debug],turtlebot1,move-base-info,Hooray, the base moved arrived,(x=-28.5;y=16)
342.03, [DEBUG], turtlebot1, {"status": "way-point-reached", "skill": "navigation", "percentage": "33.33%", "goingto": "Laboratory"}
342.17, [INFO], turtlebot2, {"y": "18.00", "x": "-21.03", "yaw": "-1.54"}
342.17, [INFO], turtlebot1, {"y": "16.39", "x": "-28.78", "yaw": "-0.05"}
342.17, [INFO], turtlebot2, {"y": "18.00", "x": "-21.03", "yaw": "-1.54"}
342.17, [INFO], turtlebot1, {"y": "16.39", "x": "-28.78", "yaw": "-0.05"}
342.18, [INFO], turtlebot3, {"y": "21.51", "x": "-38.15", "yaw": "0.05"}
342.18, [INFO], turtlebot3, {"y": "21.51", "x": "-38.15", "yaw": "0.05"}
342.18, [INFO], turtlebot1, {"battery-level": "42.70%"}
342.20, [INFO], turtlebot5, {"y": "18.79", "x": "-33.88", "yaw": "3.01"}
342.20, [INFO], turtlebot1, {"battery-level": "42.70%"}
342.20, [INFO], turtlebot4, {"y": "17.94", "x": "-13.44", "yaw": "-1.13"}
342.20, [INFO], turtlebot5, {"y": "18.79", "x": "-33.88", "yaw": "3.01"}
342.20, [INFO], turtlebot6, {"y": "18.02", "x": "-27.21", "yaw": "-1.54"}
342.22, [INFO], turtlebot4, {"y": "17.94", "x": "-13.44", "yaw": "-1.13"}
342.22, [INFO], turtlebot6, {"y": "18.02", "x": "-27.21", "yaw": "-1.54"}
343.22, [INFO], nurse, {"status": "message-received", "skill": "wait-message"}
343.22, [INFO], nurse, {"status": "message-received", "skill": "wait-message"}
357.17, [INFO], turtlebot1, {"y": "15.93", "x": "-27.92", "yaw": "-0.30"}
357.17, [INFO], turtlebot1, {"y": "15.93", "x": "-27.92", "yaw": "-0.30"}
357.17, [INFO], turtlebot2, {"y": "18.00", "x": "-21.03", "yaw": "-1.54"}
357.17, [INFO], turtlebot2, {"y": "18.00", "x": "-21.03", "yaw": "-1.54"}
357.18, [INFO], turtlebot3, {"y": "21.51", "x": "-38.15", "yaw": "0.06"}
357.18, [INFO], turtlebot3, {"y": "21.51", "x": "-38.15", "yaw": "0.06"}
357.18, [INFO], turtlebot5, {"y": "18.79", "x": "-33.88", "yaw": "3.01"}
357.18, [INFO], turtlebot5, {"y": "18.79", "x": "-33.88", "yaw": "3.01"}
357.20, [INFO], turtlebot1, {"battery-level": "41.95%"}
357.20, [INFO], turtlebot1, {"battery-level": "41.95%"}
357.20, [INFO], turtlebot4, {"y": "17.94", "x": "-13.44", "yaw": "-1.12"}
357.20, [INFO], turtlebot4, {"y": "17.94", "x": "-13.44", "yaw": "-1.12"}
357.22, [INFO], turtlebot6, {"y": "18.01", "x": "-27.21", "yaw": "-1.54"}
357.22, [INFO], turtlebot6, {"y": "18.01", "x": "-27.21", "yaw": "-1.54"}
365.77, [DEBUG], turtlebot1, {"param_list": ["Laboratory", [[-28.5, 16.0, 0.0, true], [-26.0, 16.0, -1.5707963267948966, true], [-26.0, 13.0, 1.57, false]]], "skill": "navigation", "skill-life-cycle": "RUNNING", "label": "navto_lab"}
372.17, [INFO], turtlebot1, {"y": "15.76", "x": "-26.68", "yaw": "0.25"}
372.17, [INFO], turtlebot1, {"y": "15.76", "x": "-26.68", "yaw": "0.25"}
372.17, [INFO], turtlebot2, {"y": "18.00", "x": "-21.03", "yaw": "-1.54"}
372.17, [INFO], turtlebot2, {"y": "18.00", "x": "-21.03", "yaw": "-1.54"}
372.18, [INFO], turtlebot1, {"battery-level": "41.25%"}
372.18, [INFO], turtlebot1, {"battery-level": "41.25%"}
372.18, [INFO], turtlebot3, {"y": "21.51", "x": "-38.15", "yaw": "0.08"}
372.18, [INFO], turtlebot3, {"y": "21.51", "x": "-38.15", "yaw": "0.08"}
372.20, [INFO], turtlebot5, {"y": "18.79", "x": "-33.88", "yaw": "3.01"}
372.20, [INFO], turtlebot5, {"y": "18.79", "x": "-33.88", "yaw": "3.01"}
372.22, [INFO], turtlebot4, {"y": "17.93", "x": "-13.44", "yaw": "-1.12"}
372.22, [INFO], turtlebot4, {"y": "17.93", "x": "-13.44", "yaw": "-1.12"}
372.22, [INFO], turtlebot6, {"y": "17.99", "x": "-27.21", "yaw": "-1.54"}
372.22, [INFO], turtlebot6, {"y": "17.99", "x": "-27.21", "yaw": "-1.54"}
379.73, [DEBUG], None, [debug],turtlebot1,move-base-info,Hooray, the base moved arrived,(x=-26;y=16)
379.88, [DEBUG], None, [debug],turtlebot1,move-base-info,Hooray, the base moved arrived,(x=-26;y=16)
380.00, [DEBUG], turtlebot1, {"status": "way-point-reached", "skill": "navigation", "percentage": "66.67%", "goingto": "Laboratory"}
387.17, [INFO], turtlebot2, {"y": "18.00", "x": "-21.03", "yaw": "-1.54"}
387.17, [INFO], turtlebot2, {"y": "18.00", "x": "-21.03", "yaw": "-1.54"}
387.17, [INFO], turtlebot1, {"y": "15.43", "x": "-26.35", "yaw": "-1.26"}
387.17, [INFO], turtlebot1, {"y": "15.43", "x": "-26.35", "yaw": "-1.26"}
387.18, [INFO], turtlebot1, {"battery-level": "40.45%"}
387.20, [INFO], turtlebot1, {"battery-level": "40.45%"}
387.20, [INFO], turtlebot3, {"y": "21.51", "x": "-38.15", "yaw": "0.11"}
387.20, [INFO], turtlebot3, {"y": "21.51", "x": "-38.15", "yaw": "0.11"}
387.20, [INFO], turtlebot5, {"y": "18.79", "x": "-33.88", "yaw": "3.01"}
387.20, [INFO], turtlebot5, {"y": "18.79", "x": "-33.88", "yaw": "3.01"}
387.22, [INFO], turtlebot4, {"y": "17.93", "x": "-13.44", "yaw": "-1.11"}
387.22, [INFO], turtlebot4, {"y": "17.93", "x": "-13.44", "yaw": "-1.11"}
387.23, [INFO], turtlebot6, {"y": "17.98", "x": "-27.21", "yaw": "-1.54"}
387.23, [INFO], turtlebot6, {"y": "17.98", "x": "-27.21", "yaw": "-1.54"}
402.17, [INFO], turtlebot1, {"y": "13.71", "x": "-26.04", "yaw": "-1.97"}
402.17, [INFO], turtlebot1, {"y": "13.71", "x": "-26.04", "yaw": "-1.97"}
402.18, [INFO], turtlebot2, {"y": "18.00", "x": "-21.03", "yaw": "-1.54"}
402.18, [INFO], turtlebot2, {"y": "18.00", "x": "-21.03", "yaw": "-1.54"}
402.18, [INFO], turtlebot3, {"y": "21.52", "x": "-38.15", "yaw": "0.14"}
402.18, [INFO], turtlebot3, {"y": "21.52", "x": "-38.15", "yaw": "0.14"}
402.18, [INFO], turtlebot4, {"y": "17.93", "x": "-13.43", "yaw": "-1.10"}
402.20, [INFO], turtlebot4, {"y": "17.93", "x": "-13.43", "yaw": "-1.10"}
402.20, [INFO], turtlebot5, {"y": "18.79", "x": "-33.88", "yaw": "3.01"}
402.20, [INFO], turtlebot5, {"y": "18.79", "x": "-33.88", "yaw": "3.01"}
402.20, [INFO], turtlebot1, {"battery-level": "39.70%"}
402.20, [INFO], turtlebot1, {"battery-level": "39.70%"}
402.20, [INFO], turtlebot6, {"y": "17.96", "x": "-27.21", "yaw": "-1.54"}
402.22, [INFO], turtlebot6, {"y": "17.96", "x": "-27.21", "yaw": "-1.54"}
408.95, [DEBUG], turtlebot1, {"param_list": ["Laboratory", [[-28.5, 16.0, 0.0, true], [-26.0, 16.0, -1.5707963267948966, true], [-26.0, 13.0, 1.57, false]]], "skill": "navigation", "skill-life-cycle": "RUNNING", "label": "navto_lab"}
413.85, [DEBUG], None, [debug],turtlebot1,move-base-info,Hooray, the base moved arrived,(x=-26;y=13)
413.88, [DEBUG], None, [debug],turtlebot1,move-base-info,Hooray, the base moved arrived,(x=-26;y=13)
414.02, [DEBUG], turtlebot1, {"status": "way-point-reached", "skill": "navigation", "percentage": "100.00%", "goingto": "Laboratory"}
414.10, [DEBUG], turtlebot1, {"param_list": ["Laboratory", [[-28.5, 16.0, 0.0, true], [-26.0, 16.0, -1.5707963267948966, true], [-26.0, 13.0, 1.57, false]]], "skill": "navigation", "skill-life-cycle": "SUCCESS", "label": "navto_lab"}
414.10, [DEBUG], turtlebot1, "available-skills=['send_message', 'wait_message', 'approach_person', 'approach_robot', 'authenticate_person', 'navigation', 'operate_drawer']"
414.12, [DEBUG], turtlebot1, {"param_list": ["lab_arm"], "skill": "approach_robot", "skill-life-cycle": "STARTED", "label": "approach_arm"}
414.18, [DEBUG], turtlebot1, {"status": "localize-robot", "skill": "=approach-robot", "who": "lab_arm"}
414.58, [DEBUG], turtlebot1, {"status": "goto-robot", "skill": "approach-robot", "who": "lab_arm"}
414.65, [DEBUG], turtlebot1, {"param_list": ["lab_arm"], "skill": "approach_robot", "skill-life-cycle": "SUCCESS", "label": "approach_arm"}
414.65, [DEBUG], turtlebot1, "available-skills=['send_message', 'wait_message', 'approach_person', 'approach_robot', 'authenticate_person', 'navigation', 'operate_drawer']"
414.65, [DEBUG], turtlebot1, {"param_list": ["open"], "skill": "operate_drawer", "skill-life-cycle": "STARTED", "label": "open_drawer_lab"}
414.70, [DEBUG], turtlebot1, {"status": "task-update", "action": "open", "skill": "operate-drawer"}
415.53, [DEBUG], turtlebot1, {"param_list": ["open"], "skill": "operate_drawer", "skill-life-cycle": "SUCCESS", "label": "open_drawer_lab"}
415.53, [DEBUG], turtlebot1, "available-skills=['send_message', 'wait_message', 'approach_person', 'approach_robot', 'authenticate_person', 'navigation', 'operate_drawer']"
415.53, [DEBUG], turtlebot1, {"param_list": ["lab_arm"], "skill": "send_message", "skill-life-cycle": "STARTED", "label": "notify_lab_arm_of_open_drawer_lab_completed"}
415.65, [INFO], turtlebot1, {"to": "lab_arm", "skill": "send-message"}
416.40, [INFO], lab_arm, {"status": "sample-received", "skill": "wait-sample"}
416.40, [INFO], lab_arm, {"status": "sample-received", "skill": "wait-sample"}
416.40, [INFO], nurse, {"status": "sample-received", "skill": "wait-sample"}
416.40, [INFO], nurse, {"status": "sample-received", "skill": "wait-sample"}
416.42, [DEBUG], None, ENDSIM
416.42, [DEBUG], None, end!
