0.00, [DEBUG], logger, ROBOTS_CONFIG=[{"avg_speed": 0.15, "battery_charge": 0.5914703710515797, "battery_discharge_rate": 0.0006600000000000001, "id": 1, "local_plan": null, "location": "PC Room 8", "name": "r1", "position": [-11.5, 18.0, -1.57], "skills": ["approach_person", "approach_robot", "navigation", "operate_drawer"]}, {"avg_speed": 0.15, "battery_charge": 0.8344531419634984, "battery_discharge_rate": 0.00026000000000000003, "id": 2, "local_plan": null, "location": "PC Room 6", "name": "r2", "position": [-19.0, 18.0, -1.57], "skills": ["approach_person", "approach_robot", "authenticate_person", "navigation", "operate_drawer"]}, {"avg_speed": 0.15, "battery_charge": 0.462681764358839, "battery_discharge_rate": 0.00064, "id": 3, "local_plan": null, "location": "IC Room 2", "name": "r3", "position": [-38.0, 21.5, 0.0], "skills": ["approach_person", "approach_robot", "navigation", "operate_drawer"]}, {"avg_speed": 0.15, "battery_charge": 0.6520875066754872, "battery_discharge_rate": 0.0005600000000000001, "id": 4, "local_plan": [["navigation", ["IC Room 6", [[-39.44, 33.95, 0.0], [-37.0, 33.95], [-37.0, 18.93], [-33.9, 18.93, 3.14]]], "navto_room"], ["approach_person", ["nurse"], "approach_nurse"], ["authenticate_person", ["nurse"], "authenticate_nurse"], ["operate_drawer", ["open"], "open_drawer_for_nurse"], ["send_message", ["nurse"], "notify_nurse_of_open_drawer_for_nurse_completed"], ["wait_message", ["nurse"], "wait_nurse_to_complete_deposit"], ["operate_drawer", ["close"], "close_drawer_nurse"], ["navigation", ["Laboratory", [[-33.9, 18.93, 3.14], [-37.0, 18.93], [-37.0, 16.0], [-26.0, 16.0], [-26.0, 13.0, 1.57]]], "navto_lab"], ["approach_robot", ["lab_arm"], "approach_arm"], ["operate_drawer", ["open"], "open_drawer_lab"], ["send_message", ["lab_arm"], "notify_lab_arm_of_open_drawer_lab_completed"], ["wait_message", ["lab_arm"], "wait_lab_arm_to_complete_pick_up_sample"], ["operate_drawer", ["close"], "close_drawer_lab"]], "location": "IC Room 4", "name": "r4", "position": [-39.44, 33.95, 0.0], "skills": ["approach_person", "approach_robot", "authenticate_person", "navigation", "operate_drawer"]}, {"avg_speed": 0.15, "battery_charge": 0.2817995261312799, "battery_discharge_rate": 0.00076, "id": 5, "local_plan": null, "location": "PC Room 7", "name": "r5", "position": [-13.5, 18.0, -1.57], "skills": ["approach_person", "authenticate_person", "navigation", "operate_drawer"]}, {"avg_speed": 0.15, "battery_charge": 0.5080169438370433, "battery_discharge_rate": 0.00038, "id": 6, "local_plan": null, "location": "IC Room 5", "name": "r6", "position": [-32.88, 33.98, 3.14], "skills": ["approach_person", "approach_robot", "navigation", "operate_drawer"]}]
0.00, [DEBUG], logger, NURSES_CONFIG=[{"location": "IC Room 6", "position": [-32.9, 19.93, 3.14]}]
0.00, [DEBUG], logger, Simulation open
0.00, [DEBUG], logger, subcribing to in the topic /log
4.12, [DEBUG], None, [debug],turtlebot1,move-base-info,Move_base is up and ok....,
4.30, [DEBUG], None, [debug],turtlebot4,move-base-info,Move_base is up and ok....,
4.33, [DEBUG], None, [debug],turtlebot6,move-base-info,Move_base is up and ok....,
4.38, [DEBUG], None, [debug],turtlebot3,move-base-info,Move_base is up and ok....,
4.40, [DEBUG], None, [debug],turtlebot2,move-base-info,Move_base is up and ok....,
4.63, [DEBUG], None, [debug],turtlebot5,move-base-info,Move_base is up and ok....,
8.92, [DEBUG], turtlebot2, {"param_list": [], "skill": "init_robobt", "skill-life-cycle": "RUNNING", "label": "init_robobt"}
8.97, [DEBUG], turtlebot6, {"param_list": [], "skill": "init_robobt", "skill-life-cycle": "RUNNING", "label": "init_robobt"}
9.13, [DEBUG], turtlebot4, {"param_list": [], "skill": "init_robobt", "skill-life-cycle": "RUNNING", "label": "init_robobt"}
12.13, [DEBUG], turtlebot5, {"param_list": [], "skill": "init_robobt", "skill-life-cycle": "SUCCESS", "label": "init_robobt"}
12.23, [DEBUG], turtlebot3, {"param_list": [], "skill": "init_robobt", "skill-life-cycle": "SUCCESS", "label": "init_robobt"}
12.45, [DEBUG], turtlebot1, {"param_list": [], "skill": "init_robobt", "skill-life-cycle": "SUCCESS", "label": "init_robobt"}
12.53, [DEBUG], turtlebot2, {"param_list": [], "skill": "init_robobt", "skill-life-cycle": "SUCCESS", "label": "init_robobt"}
12.65, [DEBUG], turtlebot6, {"param_list": [], "skill": "init_robobt", "skill-life-cycle": "SUCCESS", "label": "init_robobt"}
12.93, [DEBUG], turtlebot4, {"param_list": [], "skill": "init_robobt", "skill-life-cycle": "SUCCESS", "label": "init_robobt"}
13.05, [DEBUG], turtlebot4, "available-skills=['send_message', 'wait_message', 'approach_person', 'approach_robot', 'authenticate_person', 'navigation', 'operate_drawer']"
13.05, [DEBUG], turtlebot4, {"param_list": ["IC Room 6", [[-37.0, 33.95, -1.5707963267948966, true], [-37.0, 18.93, 0.0, true], [-33.9, 18.93, 3.14, false]]], "skill": "navigation", "skill-life-cycle": "STARTED", "label": "navto_room"}
20.52, [INFO], turtlebot4, {"battery-level": "64.43%"}
20.52, [INFO], turtlebot5, {"y": "18.00", "x": "-13.50", "yaw": "-1.50"}
20.53, [INFO], turtlebot3, {"y": "21.48", "x": "-38.00", "yaw": "0.01"}
20.53, [INFO], turtlebot4, {"y": "34.01", "x": "-39.26", "yaw": "0.65"}
20.53, [INFO], turtlebot1, {"y": "17.82", "x": "-11.46", "yaw": "-1.25"}
20.53, [INFO], turtlebot2, {"y": "17.99", "x": "-19.02", "yaw": "-1.38"}
20.53, [INFO], turtlebot6, {"y": "33.97", "x": "-32.89", "yaw": "-3.10"}
20.65, [INFO], turtlebot4, {"battery-level": "64.43%"}
20.65, [INFO], turtlebot5, {"y": "18.00", "x": "-13.50", "yaw": "-1.50"}
20.67, [INFO], turtlebot3, {"y": "21.48", "x": "-38.00", "yaw": "0.01"}
20.67, [INFO], turtlebot4, {"y": "34.01", "x": "-39.26", "yaw": "0.65"}
20.67, [INFO], turtlebot1, {"y": "17.82", "x": "-11.46", "yaw": "-1.25"}
20.67, [INFO], turtlebot2, {"y": "17.99", "x": "-19.02", "yaw": "-1.38"}
20.67, [INFO], turtlebot6, {"y": "33.97", "x": "-32.89", "yaw": "-3.10"}
35.53, [INFO], turtlebot4, {"battery-level": "63.53%"}
35.53, [INFO], turtlebot4, {"y": "34.58", "x": "-38.08", "yaw": "-0.06"}
35.53, [INFO], turtlebot6, {"y": "33.97", "x": "-32.89", "yaw": "-3.10"}
35.53, [INFO], turtlebot5, {"y": "18.00", "x": "-13.49", "yaw": "-1.49"}
35.53, [INFO], turtlebot1, {"y": "17.82", "x": "-11.46", "yaw": "-1.25"}
35.53, [INFO], turtlebot2, {"y": "17.99", "x": "-19.01", "yaw": "-1.38"}
35.53, [INFO], turtlebot3, {"y": "21.48", "x": "-38.00", "yaw": "0.01"}
35.65, [INFO], turtlebot4, {"battery-level": "63.53%"}
35.65, [INFO], turtlebot4, {"y": "34.58", "x": "-38.08", "yaw": "-0.06"}
35.67, [INFO], turtlebot6, {"y": "33.97", "x": "-32.89", "yaw": "-3.10"}
35.67, [INFO], turtlebot5, {"y": "18.00", "x": "-13.49", "yaw": "-1.49"}
35.67, [INFO], turtlebot1, {"y": "17.82", "x": "-11.46", "yaw": "-1.25"}
35.67, [INFO], turtlebot2, {"y": "17.99", "x": "-19.01", "yaw": "-1.38"}
35.67, [INFO], turtlebot3, {"y": "21.48", "x": "-38.00", "yaw": "0.01"}
46.80, [DEBUG], None, [debug],turtlebot4,move-base-info,Hooray, the base moved arrived,(x=-37;y=33.95)
46.80, [DEBUG], None, [debug],turtlebot4,move-base-info,Hooray, the base moved arrived,(x=-37;y=33.95)
46.88, [DEBUG], turtlebot4, {"status": "way-point-reached", "skill": "navigation", "percentage": "33.33%", "goingto": "IC Room 6"}
50.53, [INFO], turtlebot4, {"battery-level": "62.63%"}
50.53, [INFO], turtlebot6, {"y": "33.97", "x": "-32.89", "yaw": "-3.10"}
50.53, [INFO], turtlebot5, {"y": "18.00", "x": "-13.49", "yaw": "-1.48"}
50.53, [INFO], turtlebot1, {"y": "17.82", "x": "-11.46", "yaw": "-1.25"}
50.53, [INFO], turtlebot4, {"y": "34.22", "x": "-37.40", "yaw": "-1.52"}
50.53, [INFO], turtlebot2, {"y": "17.99", "x": "-19.01", "yaw": "-1.38"}
50.53, [INFO], turtlebot3, {"y": "21.48", "x": "-38.00", "yaw": "0.01"}
50.65, [INFO], turtlebot4, {"battery-level": "62.63%"}
50.65, [INFO], turtlebot6, {"y": "33.97", "x": "-32.89", "yaw": "-3.10"}
50.67, [INFO], turtlebot5, {"y": "18.00", "x": "-13.49", "yaw": "-1.48"}
50.67, [INFO], turtlebot1, {"y": "17.82", "x": "-11.46", "yaw": "-1.25"}
50.67, [INFO], turtlebot4, {"y": "34.22", "x": "-37.40", "yaw": "-1.52"}
50.68, [INFO], turtlebot2, {"y": "17.99", "x": "-19.01", "yaw": "-1.38"}
50.68, [INFO], turtlebot3, {"y": "21.48", "x": "-38.00", "yaw": "0.01"}
52.35, [DEBUG], turtlebot4, {"param_list": ["IC Room 6", [[-37.0, 33.95, -1.5707963267948966, true], [-37.0, 18.93, 0.0, true], [-33.9, 18.93, 3.14, false]]], "skill": "navigation", "skill-life-cycle": "RUNNING", "label": "navto_room"}
65.52, [INFO], turtlebot2, {"y": "17.99", "x": "-19.01", "yaw": "-1.38"}
65.53, [INFO], turtlebot6, {"y": "33.97", "x": "-32.89", "yaw": "-3.10"}
65.53, [INFO], turtlebot4, {"battery-level": "61.67%"}
65.53, [INFO], turtlebot5, {"y": "18.00", "x": "-13.49", "yaw": "-1.47"}
65.53, [INFO], turtlebot3, {"y": "21.48", "x": "-38.00", "yaw": "0.01"}
65.55, [INFO], turtlebot4, {"y": "32.43", "x": "-36.93", "yaw": "-1.63"}
65.57, [INFO], turtlebot1, {"y": "17.82", "x": "-11.46", "yaw": "-1.25"}
65.65, [INFO], turtlebot2, {"y": "17.99", "x": "-19.01", "yaw": "-1.38"}
65.65, [INFO], turtlebot6, {"y": "33.97", "x": "-32.89", "yaw": "-3.10"}
65.65, [INFO], turtlebot4, {"battery-level": "61.67%"}
65.67, [INFO], turtlebot5, {"y": "18.00", "x": "-13.49", "yaw": "-1.47"}
65.67, [INFO], turtlebot3, {"y": "21.48", "x": "-38.00", "yaw": "0.01"}
65.67, [INFO], turtlebot4, {"y": "32.43", "x": "-36.93", "yaw": "-1.63"}
65.67, [INFO], turtlebot1, {"y": "17.82", "x": "-11.46", "yaw": "-1.25"}
80.52, [INFO], turtlebot4, {"battery-level": "60.83%"}
80.53, [INFO], turtlebot5, {"y": "17.99", "x": "-13.49", "yaw": "-1.45"}
80.53, [INFO], turtlebot1, {"y": "17.82", "x": "-11.46", "yaw": "-1.25"}
80.53, [INFO], turtlebot6, {"y": "33.97", "x": "-32.90", "yaw": "-3.10"}
80.53, [INFO], turtlebot4, {"y": "29.89", "x": "-36.97", "yaw": "-1.64"}
80.53, [INFO], turtlebot2, {"y": "17.99", "x": "-19.01", "yaw": "-1.38"}
80.53, [INFO], turtlebot3, {"y": "21.48", "x": "-38.00", "yaw": "0.01"}
80.62, [INFO], turtlebot4, {"battery-level": "60.83%"}
80.62, [INFO], turtlebot5, {"y": "17.99", "x": "-13.49", "yaw": "-1.45"}
80.62, [INFO], turtlebot1, {"y": "17.82", "x": "-11.46", "yaw": "-1.25"}
80.63, [INFO], turtlebot6, {"y": "33.97", "x": "-32.90", "yaw": "-3.10"}
80.63, [INFO], turtlebot4, {"y": "29.89", "x": "-36.97", "yaw": "-1.64"}
80.63, [INFO], turtlebot2, {"y": "17.99", "x": "-19.01", "yaw": "-1.38"}
80.63, [INFO], turtlebot3, {"y": "21.48", "x": "-38.00", "yaw": "0.01"}
95.22, [DEBUG], turtlebot4, {"param_list": ["IC Room 6", [[-37.0, 33.95, -1.5707963267948966, true], [-37.0, 18.93, 0.0, true], [-33.9, 18.93, 3.14, false]]], "skill": "navigation", "skill-life-cycle": "RUNNING", "label": "navto_room"}
95.52, [INFO], turtlebot4, {"battery-level": "59.93%"}
95.53, [INFO], turtlebot5, {"y": "17.99", "x": "-13.49", "yaw": "-1.44"}
95.53, [INFO], turtlebot6, {"y": "33.97", "x": "-32.90", "yaw": "-3.10"}
95.53, [INFO], turtlebot4, {"y": "27.41", "x": "-36.97", "yaw": "-1.63"}
95.53, [INFO], turtlebot2, {"y": "17.99", "x": "-19.01", "yaw": "-1.38"}
95.55, [INFO], turtlebot1, {"y": "17.82", "x": "-11.46", "yaw": "-1.25"}
95.55, [INFO], turtlebot3, {"y": "21.48", "x": "-38.00", "yaw": "0.01"}
95.65, [INFO], turtlebot4, {"battery-level": "59.93%"}
95.65, [INFO], turtlebot5, {"y": "17.99", "x": "-13.49", "yaw": "-1.44"}
95.65, [INFO], turtlebot6, {"y": "33.97", "x": "-32.90", "yaw": "-3.10"}
95.67, [INFO], turtlebot4, {"y": "27.41", "x": "-36.97", "yaw": "-1.63"}
95.67, [INFO], turtlebot2, {"y": "17.99", "x": "-19.01", "yaw": "-1.38"}
95.67, [INFO], turtlebot1, {"y": "17.82", "x": "-11.46", "yaw": "-1.25"}
95.67, [INFO], turtlebot3, {"y": "21.48", "x": "-38.00", "yaw": "0.01"}
110.52, [INFO], turtlebot6, {"y": "33.97", "x": "-32.90", "yaw": "-3.09"}
110.53, [INFO], turtlebot4, {"battery-level": "59.03%"}
110.53, [INFO], turtlebot3, {"y": "21.48", "x": "-38.00", "yaw": "0.01"}
110.53, [INFO], turtlebot2, {"y": "17.99", "x": "-19.01", "yaw": "-1.38"}
110.53, [INFO], turtlebot1, {"y": "17.82", "x": "-11.46", "yaw": "-1.25"}
110.53, [INFO], turtlebot5, {"y": "17.99", "x": "-13.49", "yaw": "-1.42"}
110.53, [INFO], turtlebot4, {"y": "24.81", "x": "-37.07", "yaw": "-1.64"}
110.65, [INFO], turtlebot6, {"y": "33.97", "x": "-32.90", "yaw": "-3.09"}
110.65, [INFO], turtlebot4, {"battery-level": "59.03%"}
110.65, [INFO], turtlebot3, {"y": "21.48", "x": "-38.00", "yaw": "0.01"}
110.67, [INFO], turtlebot2, {"y": "17.99", "x": "-19.01", "yaw": "-1.38"}
110.67, [INFO], turtlebot1, {"y": "17.82", "x": "-11.46", "yaw": "-1.25"}
110.67, [INFO], turtlebot5, {"y": "17.99", "x": "-13.49", "yaw": "-1.42"}
110.67, [INFO], turtlebot4, {"y": "24.81", "x": "-37.07", "yaw": "-1.64"}
125.53, [INFO], turtlebot6, {"y": "33.97", "x": "-32.90", "yaw": "-3.09"}
125.53, [INFO], turtlebot5, {"y": "17.99", "x": "-13.49", "yaw": "-1.40"}
125.53, [INFO], turtlebot3, {"y": "21.48", "x": "-38.00", "yaw": "0.01"}
125.53, [INFO], turtlebot4, {"battery-level": "58.13%"}
125.53, [INFO], turtlebot2, {"y": "17.99", "x": "-19.01", "yaw": "-1.38"}
125.53, [INFO], turtlebot4, {"y": "22.17", "x": "-37.22", "yaw": "-1.63"}
125.53, [INFO], turtlebot1, {"y": "17.82", "x": "-11.46", "yaw": "-1.25"}
125.67, [INFO], turtlebot6, {"y": "33.97", "x": "-32.90", "yaw": "-3.09"}
125.67, [INFO], turtlebot5, {"y": "17.99", "x": "-13.49", "yaw": "-1.40"}
125.67, [INFO], turtlebot3, {"y": "21.48", "x": "-38.00", "yaw": "0.01"}
125.67, [INFO], turtlebot4, {"battery-level": "58.13%"}
125.68, [INFO], turtlebot2, {"y": "17.99", "x": "-19.01", "yaw": "-1.38"}
125.68, [INFO], turtlebot4, {"y": "22.17", "x": "-37.22", "yaw": "-1.63"}
125.68, [INFO], turtlebot1, {"y": "17.82", "x": "-11.46", "yaw": "-1.25"}
138.22, [DEBUG], turtlebot4, {"param_list": ["IC Room 6", [[-37.0, 33.95, -1.5707963267948966, true], [-37.0, 18.93, 0.0, true], [-33.9, 18.93, 3.14, false]]], "skill": "navigation", "skill-life-cycle": "RUNNING", "label": "navto_room"}
140.53, [INFO], turtlebot4, {"battery-level": "57.23%"}
140.53, [INFO], turtlebot5, {"y": "17.98", "x": "-13.49", "yaw": "-1.38"}
140.53, [INFO], turtlebot4, {"y": "19.53", "x": "-37.37", "yaw": "-1.62"}
140.53, [INFO], turtlebot3, {"y": "21.48", "x": "-38.00", "yaw": "0.01"}
140.53, [INFO], turtlebot2, {"y": "17.99", "x": "-19.01", "yaw": "-1.38"}
140.53, [INFO], turtlebot6, {"y": "33.97", "x": "-32.90", "yaw": "-3.09"}
140.55, [INFO], turtlebot1, {"y": "17.82", "x": "-11.46", "yaw": "-1.25"}
140.63, [INFO], turtlebot5, {"y": "17.98", "x": "-13.49", "yaw": "-1.38"}
140.65, [INFO], turtlebot4, {"y": "19.53", "x": "-37.37", "yaw": "-1.62"}
140.65, [INFO], turtlebot3, {"y": "21.48", "x": "-38.00", "yaw": "0.01"}
140.65, [INFO], turtlebot2, {"y": "17.99", "x": "-19.01", "yaw": "-1.38"}
140.65, [INFO], turtlebot6, {"y": "33.97", "x": "-32.90", "yaw": "-3.09"}
140.65, [INFO], turtlebot1, {"y": "17.82", "x": "-11.46", "yaw": "-1.25"}
146.52, [DEBUG], None, [debug],turtlebot4,move-base-info,Hooray, the base moved arrived,(x=-37;y=18.93)
146.63, [DEBUG], None, [debug],turtlebot4,move-base-info,Hooray, the base moved arrived,(x=-37;y=18.93)
146.78, [DEBUG], turtlebot4, {"status": "way-point-reached", "skill": "navigation", "percentage": "66.67%", "goingto": "IC Room 6"}
155.52, [INFO], turtlebot6, {"y": "33.97", "x": "-32.90", "yaw": "-3.09"}
155.53, [INFO], turtlebot4, {"y": "19.02", "x": "-37.02", "yaw": "-0.93"}
155.53, [INFO], turtlebot4, {"battery-level": "56.33%"}
155.53, [INFO], turtlebot1, {"y": "17.82", "x": "-11.46", "yaw": "-1.25"}
155.53, [INFO], turtlebot3, {"y": "21.48", "x": "-38.00", "yaw": "0.01"}
155.53, [INFO], turtlebot5, {"y": "17.98", "x": "-13.48", "yaw": "-1.36"}
155.53, [INFO], turtlebot2, {"y": "17.99", "x": "-19.01", "yaw": "-1.38"}
155.65, [INFO], turtlebot6, {"y": "33.97", "x": "-32.90", "yaw": "-3.09"}
155.65, [INFO], turtlebot4, {"y": "19.02", "x": "-37.02", "yaw": "-0.93"}
155.67, [INFO], turtlebot4, {"battery-level": "56.33%"}
155.67, [INFO], turtlebot1, {"y": "17.82", "x": "-11.46", "yaw": "-1.25"}
155.67, [INFO], turtlebot3, {"y": "21.48", "x": "-38.00", "yaw": "0.01"}
155.67, [INFO], turtlebot5, {"y": "17.98", "x": "-13.48", "yaw": "-1.36"}
155.68, [INFO], turtlebot2, {"y": "17.99", "x": "-19.01", "yaw": "-1.38"}
170.52, [INFO], turtlebot5, {"y": "17.97", "x": "-13.48", "yaw": "-1.34"}
170.53, [INFO], turtlebot2, {"y": "17.99", "x": "-19.01", "yaw": "-1.38"}
170.53, [INFO], turtlebot6, {"y": "33.97", "x": "-32.90", "yaw": "-3.09"}
170.53, [INFO], turtlebot4, {"battery-level": "55.43%"}
170.53, [INFO], turtlebot4, {"y": "17.81", "x": "-36.11", "yaw": "-0.45"}
170.53, [INFO], turtlebot3, {"y": "21.48", "x": "-38.00", "yaw": "0.01"}
170.53, [INFO], turtlebot1, {"y": "17.82", "x": "-11.46", "yaw": "-1.25"}
170.62, [INFO], turtlebot5, {"y": "17.97", "x": "-13.48", "yaw": "-1.34"}
170.63, [INFO], turtlebot2, {"y": "17.99", "x": "-19.01", "yaw": "-1.38"}
170.63, [INFO], turtlebot6, {"y": "33.97", "x": "-32.90", "yaw": "-3.09"}
170.63, [INFO], turtlebot4, {"battery-level": "55.43%"}
170.63, [INFO], turtlebot4, {"y": "17.81", "x": "-36.11", "yaw": "-0.45"}
170.63, [INFO], turtlebot3, {"y": "21.48", "x": "-38.00", "yaw": "0.01"}
170.63, [INFO], turtlebot1, {"y": "17.82", "x": "-11.46", "yaw": "-1.25"}
181.27, [DEBUG], turtlebot4, {"param_list": ["IC Room 6", [[-37.0, 33.95, -1.5707963267948966, true], [-37.0, 18.93, 0.0, true], [-33.9, 18.93, 3.14, false]]], "skill": "navigation", "skill-life-cycle": "RUNNING", "label": "navto_room"}
185.52, [INFO], turtlebot6, {"y": "33.97", "x": "-32.90", "yaw": "-3.09"}
185.53, [INFO], turtlebot1, {"y": "17.82", "x": "-11.46", "yaw": "-1.25"}
185.53, [INFO], turtlebot5, {"y": "17.97", "x": "-13.48", "yaw": "-1.32"}
185.53, [INFO], turtlebot4, {"y": "17.99", "x": "-34.90", "yaw": "0.62"}
185.53, [INFO], turtlebot2, {"y": "17.99", "x": "-19.01", "yaw": "-1.38"}
185.53, [INFO], turtlebot3, {"y": "21.48", "x": "-38.00", "yaw": "0.01"}
185.53, [INFO], turtlebot4, {"battery-level": "54.47%"}
185.63, [INFO], turtlebot6, {"y": "33.97", "x": "-32.90", "yaw": "-3.09"}
185.63, [INFO], turtlebot1, {"y": "17.82", "x": "-11.46", "yaw": "-1.25"}
185.63, [INFO], turtlebot5, {"y": "17.97", "x": "-13.48", "yaw": "-1.32"}
185.65, [INFO], turtlebot4, {"y": "17.99", "x": "-34.90", "yaw": "0.62"}
185.65, [INFO], turtlebot2, {"y": "17.99", "x": "-19.01", "yaw": "-1.38"}
185.65, [INFO], turtlebot3, {"y": "21.48", "x": "-38.00", "yaw": "0.01"}
185.65, [INFO], turtlebot4, {"battery-level": "54.47%"}
200.28, [DEBUG], None, [debug],turtlebot4,move-base-info,Hooray, the base moved arrived,(x=-33.9;y=18.93)
200.28, [DEBUG], None, [debug],turtlebot4,move-base-info,Hooray, the base moved arrived,(x=-33.9;y=18.93)
200.38, [DEBUG], turtlebot4, {"status": "way-point-reached", "skill": "navigation", "percentage": "100.00%", "goingto": "IC Room 6"}
200.45, [DEBUG], turtlebot4, {"param_list": ["IC Room 6", [[-37.0, 33.95, -1.5707963267948966, true], [-37.0, 18.93, 0.0, true], [-33.9, 18.93, 3.14, false]]], "skill": "navigation", "skill-life-cycle": "SUCCESS", "label": "navto_room"}
200.45, [DEBUG], turtlebot4, "available-skills=['send_message', 'wait_message', 'approach_person', 'approach_robot', 'authenticate_person', 'navigation', 'operate_drawer']"
200.47, [DEBUG], turtlebot4, {"param_list": ["nurse"], "skill": "approach_person", "skill-life-cycle": "STARTED", "label": "approach_nurse"}
200.52, [INFO], turtlebot6, {"y": "33.97", "x": "-32.90", "yaw": "-3.09"}
200.53, [INFO], turtlebot1, {"y": "17.82", "x": "-11.46", "yaw": "-1.25"}
200.53, [INFO], turtlebot4, {"y": "18.66", "x": "-34.23", "yaw": "3.09"}
200.53, [DEBUG], turtlebot4, {"status": "localize-person", "skill": "approach-person", "who": "nurse"}
200.53, [INFO], turtlebot2, {"y": "17.99", "x": "-19.01", "yaw": "-1.38"}
200.53, [INFO], turtlebot4, {"battery-level": "53.57%"}
200.55, [INFO], turtlebot5, {"y": "17.97", "x": "-13.47", "yaw": "-1.30"}
200.57, [INFO], turtlebot3, {"y": "21.48", "x": "-38.02", "yaw": "0.03"}
200.63, [INFO], turtlebot6, {"y": "33.97", "x": "-32.90", "yaw": "-3.09"}
200.63, [INFO], turtlebot1, {"y": "17.82", "x": "-11.46", "yaw": "-1.25"}
200.65, [INFO], turtlebot4, {"y": "18.66", "x": "-34.23", "yaw": "3.09"}
200.65, [INFO], turtlebot2, {"y": "17.99", "x": "-19.01", "yaw": "-1.38"}
200.65, [INFO], turtlebot4, {"battery-level": "53.57%"}
200.65, [INFO], turtlebot5, {"y": "17.97", "x": "-13.47", "yaw": "-1.30"}
200.65, [INFO], turtlebot3, {"y": "21.48", "x": "-38.02", "yaw": "0.03"}
200.73, [DEBUG], turtlebot4, {"status": "goto-person", "skill": "approach-person", "who": "nurse"}
200.83, [DEBUG], turtlebot4, {"param_list": ["nurse"], "skill": "approach_person", "skill-life-cycle": "SUCCESS", "label": "approach_nurse"}
200.83, [DEBUG], turtlebot4, "available-skills=['send_message', 'wait_message', 'approach_person', 'approach_robot', 'authenticate_person', 'navigation', 'operate_drawer']"
200.83, [DEBUG], turtlebot4, {"param_list": ["nurse"], "skill": "authenticate_person", "skill-life-cycle": "STARTED", "label": "authenticate_nurse"}
200.93, [DEBUG], turtlebot4, {"status": "request-authentication", "to": "nurse", "skill": "authenticate-person"}
200.95, [INFO], nurse, {"status": "message-received", "skill": "athentication-request"}
200.95, [INFO], nurse, {"status": "message-received", "skill": "athentication-request"}
201.48, [DEBUG], turtlebot4, {"status": "received-authentication", "skill": "authenticate-person", "from": "nurse"}
201.55, [DEBUG], turtlebot4, {"param_list": ["nurse"], "skill": "authenticate_person", "skill-life-cycle": "SUCCESS", "label": "authenticate_nurse"}
201.55, [DEBUG], turtlebot4, "available-skills=['send_message', 'wait_message', 'approach_person', 'approach_robot', 'authenticate_person', 'navigation', 'operate_drawer']"
201.57, [DEBUG], turtlebot4, {"param_list": ["open"], "skill": "operate_drawer", "skill-life-cycle": "STARTED", "label": "open_drawer_for_nurse"}
201.62, [DEBUG], turtlebot4, {"status": "task-update", "action": "open", "skill": "operate-drawer"}
202.45, [DEBUG], turtlebot4, {"param_list": ["open"], "skill": "operate_drawer", "skill-life-cycle": "SUCCESS", "label": "open_drawer_for_nurse"}
202.45, [DEBUG], turtlebot4, "available-skills=['send_message', 'wait_message', 'approach_person', 'approach_robot', 'authenticate_person', 'navigation', 'operate_drawer']"
202.45, [DEBUG], turtlebot4, {"param_list": ["nurse"], "skill": "send_message", "skill-life-cycle": "STARTED", "label": "notify_nurse_of_open_drawer_for_nurse_completed"}
202.55, [INFO], turtlebot4, {"to": "nurse", "skill": "send-message"}
203.33, [INFO], nurse, {"status": "message-received", "skill": "wait-message"}
203.33, [INFO], nurse, {"status": "message-received", "skill": "wait-message"}
205.60, [DEBUG], turtlebot4, {"param_list": ["nurse"], "skill": "send_message", "skill-life-cycle": "SUCCESS", "label": "notify_nurse_of_open_drawer_for_nurse_completed"}
205.60, [DEBUG], turtlebot4, "available-skills=['send_message', 'wait_message', 'approach_person', 'approach_robot', 'authenticate_person', 'navigation', 'operate_drawer']"
205.60, [DEBUG], turtlebot4, {"param_list": ["nurse"], "skill": "wait_message", "skill-life-cycle": "STARTED", "label": "wait_nurse_to_complete_deposit"}
207.33, [INFO], turtlebot4, {"status": "message-received", "skill": "wait-message"}
207.42, [DEBUG], turtlebot4, {"param_list": ["nurse"], "skill": "wait_message", "skill-life-cycle": "SUCCESS", "label": "wait_nurse_to_complete_deposit"}
207.42, [DEBUG], turtlebot4, "available-skills=['send_message', 'wait_message', 'approach_person', 'approach_robot', 'authenticate_person', 'navigation', 'operate_drawer']"
207.42, [DEBUG], turtlebot4, {"param_list": ["close"], "skill": "operate_drawer", "skill-life-cycle": "STARTED", "label": "close_drawer_nurse"}
207.48, [DEBUG], turtlebot4, {"status": "task-update", "action": "close", "skill": "operate-drawer"}
208.33, [DEBUG], turtlebot4, {"param_list": ["close"], "skill": "operate_drawer", "skill-life-cycle": "SUCCESS", "label": "close_drawer_nurse"}
208.33, [DEBUG], turtlebot4, "available-skills=['send_message', 'wait_message', 'approach_person', 'approach_robot', 'authenticate_person', 'navigation', 'operate_drawer']"
208.33, [DEBUG], turtlebot4, {"param_list": ["Laboratory", [[-37.0, 18.93, -1.5707963267948966, true], [-37.0, 16.0, 0.0, true], [-26.0, 16.0, -1.5707963267948966, true], [-26.0, 13.0, 1.57, false]]], "skill": "navigation", "skill-life-cycle": "STARTED", "label": "navto_lab"}
213.33, [INFO], nurse, {"status": "message-received", "skill": "wait-message"}
213.33, [INFO], nurse, {"status": "message-received", "skill": "wait-message"}
215.52, [INFO], turtlebot4, {"y": "18.42", "x": "-34.79", "yaw": "-2.53"}
215.53, [INFO], turtlebot5, {"y": "17.96", "x": "-13.47", "yaw": "-1.28"}
215.53, [INFO], turtlebot6, {"y": "33.97", "x": "-32.91", "yaw": "-3.08"}
215.53, [INFO], turtlebot3, {"y": "21.48", "x": "-38.02", "yaw": "0.03"}
215.53, [INFO], turtlebot1, {"y": "17.82", "x": "-11.46", "yaw": "-1.25"}
215.53, [INFO], turtlebot2, {"y": "17.99", "x": "-19.01", "yaw": "-1.38"}
215.53, [INFO], turtlebot4, {"battery-level": "52.67%"}
215.62, [INFO], turtlebot4, {"y": "18.42", "x": "-34.79", "yaw": "-2.53"}
215.62, [INFO], turtlebot5, {"y": "17.96", "x": "-13.47", "yaw": "-1.28"}
215.62, [INFO], turtlebot6, {"y": "33.97", "x": "-32.91", "yaw": "-3.08"}
215.63, [INFO], turtlebot3, {"y": "21.48", "x": "-38.02", "yaw": "0.03"}
215.63, [INFO], turtlebot1, {"y": "17.82", "x": "-11.46", "yaw": "-1.25"}
215.63, [INFO], turtlebot2, {"y": "17.99", "x": "-19.01", "yaw": "-1.38"}
215.63, [INFO], turtlebot4, {"battery-level": "52.67%"}
220.95, [INFO], nurse, {"status": "waiting", "skill": "athentication-sent"}
220.95, [INFO], nurse, {"status": "waiting", "skill": "athentication-sent"}
223.33, [INFO], nurse, {"status": "message-received", "skill": "wait-message"}
223.33, [INFO], nurse, {"status": "message-received", "skill": "wait-message"}
225.67, [DEBUG], turtlebot4, {"param_list": ["Laboratory", [[-37.0, 18.93, -1.5707963267948966, true], [-37.0, 16.0, 0.0, true], [-26.0, 16.0, -1.5707963267948966, true], [-26.0, 13.0, 1.57, false]]], "skill": "navigation", "skill-life-cycle": "RUNNING", "label": "navto_lab"}
230.52, [INFO], turtlebot1, {"y": "17.82", "x": "-11.46", "yaw": "-1.25"}
230.53, [INFO], turtlebot5, {"y": "17.96", "x": "-13.47", "yaw": "-1.26"}
230.53, [INFO], turtlebot3, {"y": "21.49", "x": "-38.03", "yaw": "0.03"}
230.53, [INFO], turtlebot6, {"y": "33.97", "x": "-32.91", "yaw": "-3.07"}
230.53, [INFO], turtlebot4, {"battery-level": "51.83%"}
230.53, [INFO], turtlebot2, {"y": "17.99", "x": "-19.01", "yaw": "-1.38"}
230.53, [INFO], turtlebot4, {"y": "17.78", "x": "-34.90", "yaw": "0.27"}
230.63, [INFO], turtlebot1, {"y": "17.82", "x": "-11.46", "yaw": "-1.25"}
230.63, [INFO], turtlebot5, {"y": "17.96", "x": "-13.47", "yaw": "-1.26"}
230.63, [INFO], turtlebot3, {"y": "21.49", "x": "-38.03", "yaw": "0.03"}
230.63, [INFO], turtlebot6, {"y": "33.97", "x": "-32.91", "yaw": "-3.07"}
230.65, [INFO], turtlebot4, {"battery-level": "51.83%"}
230.65, [INFO], turtlebot2, {"y": "17.99", "x": "-19.01", "yaw": "-1.38"}
230.65, [INFO], turtlebot4, {"y": "17.78", "x": "-34.90", "yaw": "0.27"}
233.33, [INFO], nurse, {"status": "message-received", "skill": "wait-message"}
233.33, [INFO], nurse, {"status": "message-received", "skill": "wait-message"}
245.53, [INFO], turtlebot1, {"y": "17.82", "x": "-11.46", "yaw": "-1.25"}
245.53, [INFO], turtlebot2, {"y": "17.99", "x": "-19.01", "yaw": "-1.37"}
245.53, [INFO], turtlebot4, {"y": "17.68", "x": "-35.73", "yaw": "1.37"}
245.53, [INFO], turtlebot6, {"y": "33.97", "x": "-32.91", "yaw": "-3.07"}
245.53, [INFO], turtlebot5, {"y": "17.96", "x": "-13.47", "yaw": "-1.24"}
245.53, [INFO], turtlebot4, {"battery-level": "50.87%"}
245.53, [INFO], turtlebot3, {"y": "21.49", "x": "-38.04", "yaw": "0.03"}
245.63, [INFO], turtlebot1, {"y": "17.82", "x": "-11.46", "yaw": "-1.25"}
245.63, [INFO], turtlebot2, {"y": "17.99", "x": "-19.01", "yaw": "-1.37"}
245.63, [INFO], turtlebot4, {"y": "17.68", "x": "-35.73", "yaw": "1.37"}
245.63, [INFO], turtlebot6, {"y": "33.97", "x": "-32.91", "yaw": "-3.07"}
245.65, [INFO], turtlebot5, {"y": "17.96", "x": "-13.47", "yaw": "-1.24"}
245.65, [INFO], turtlebot4, {"battery-level": "50.87%"}
245.65, [INFO], turtlebot3, {"y": "21.49", "x": "-38.04", "yaw": "0.03"}
256.92, [DEBUG], None, [debug],turtlebot4,move-base-info,Hooray, the base moved arrived,(x=-37;y=18.93)
256.92, [DEBUG], None, [debug],turtlebot4,move-base-info,Hooray, the base moved arrived,(x=-37;y=18.93)
256.93, [DEBUG], turtlebot4, {"status": "way-point-reached", "skill": "navigation", "percentage": "25.00%", "goingto": "Laboratory"}
260.52, [INFO], turtlebot6, {"y": "33.97", "x": "-32.91", "yaw": "-3.06"}
260.53, [INFO], turtlebot4, {"battery-level": "49.97%"}
260.53, [INFO], turtlebot5, {"y": "17.95", "x": "-13.46", "yaw": "-1.21"}
260.53, [INFO], turtlebot1, {"y": "17.82", "x": "-11.46", "yaw": "-1.25"}
260.53, [INFO], turtlebot4, {"y": "18.71", "x": "-36.64", "yaw": "-1.61"}
260.53, [INFO], turtlebot3, {"y": "21.50", "x": "-38.05", "yaw": "0.03"}
260.53, [INFO], turtlebot2, {"y": "17.99", "x": "-19.01", "yaw": "-1.37"}
260.65, [INFO], turtlebot6, {"y": "33.97", "x": "-32.91", "yaw": "-3.06"}
260.67, [INFO], turtlebot4, {"battery-level": "49.97%"}
260.67, [INFO], turtlebot5, {"y": "17.95", "x": "-13.46", "yaw": "-1.21"}
260.68, [INFO], turtlebot1, {"y": "17.82", "x": "-11.46", "yaw": "-1.25"}
260.68, [INFO], turtlebot4, {"y": "18.71", "x": "-36.64", "yaw": "-1.61"}
260.68, [INFO], turtlebot3, {"y": "21.50", "x": "-38.05", "yaw": "0.03"}
260.68, [INFO], turtlebot2, {"y": "17.99", "x": "-19.01", "yaw": "-1.37"}
268.58, [DEBUG], turtlebot4, {"param_list": ["Laboratory", [[-37.0, 18.93, -1.5707963267948966, true], [-37.0, 16.0, 0.0, true], [-26.0, 16.0, -1.5707963267948966, true], [-26.0, 13.0, 1.57, false]]], "skill": "navigation", "skill-life-cycle": "RUNNING", "label": "navto_lab"}
275.52, [INFO], turtlebot3, {"y": "21.50", "x": "-38.07", "yaw": "0.03"}
275.53, [INFO], turtlebot1, {"y": "17.82", "x": "-11.46", "yaw": "-1.25"}
275.53, [INFO], turtlebot2, {"y": "17.99", "x": "-19.01", "yaw": "-1.37"}
275.53, [INFO], turtlebot6, {"y": "33.98", "x": "-32.92", "yaw": "-3.05"}
275.53, [INFO], turtlebot4, {"battery-level": "49.13%"}
275.53, [INFO], turtlebot5, {"y": "17.95", "x": "-13.46", "yaw": "-1.20"}
275.53, [INFO], turtlebot4, {"y": "16.45", "x": "-36.84", "yaw": "-1.17"}
275.63, [INFO], turtlebot3, {"y": "21.50", "x": "-38.07", "yaw": "0.03"}
275.63, [INFO], turtlebot1, {"y": "17.82", "x": "-11.46", "yaw": "-1.25"}
275.65, [INFO], turtlebot2, {"y": "17.99", "x": "-19.01", "yaw": "-1.37"}
275.65, [INFO], turtlebot6, {"y": "33.98", "x": "-32.92", "yaw": "-3.05"}
275.65, [INFO], turtlebot4, {"battery-level": "49.13%"}
275.65, [INFO], turtlebot5, {"y": "17.95", "x": "-13.46", "yaw": "-1.20"}
275.65, [INFO], turtlebot4, {"y": "16.45", "x": "-36.84", "yaw": "-1.17"}
278.83, [DEBUG], None, [debug],turtlebot4,move-base-info,Hooray, the base moved arrived,(x=-37;y=16)
278.83, [DEBUG], None, [debug],turtlebot4,move-base-info,Hooray, the base moved arrived,(x=-37;y=16)
278.97, [DEBUG], turtlebot4, {"status": "way-point-reached", "skill": "navigation", "percentage": "50.00%", "goingto": "Laboratory"}
290.53, [INFO], turtlebot4, {"battery-level": "48.23%"}
290.53, [INFO], turtlebot6, {"y": "33.98", "x": "-32.92", "yaw": "-3.05"}
290.53, [INFO], turtlebot5, {"y": "17.95", "x": "-13.46", "yaw": "-1.18"}
290.53, [INFO], turtlebot1, {"y": "17.82", "x": "-11.46", "yaw": "-1.25"}
290.53, [INFO], turtlebot2, {"y": "17.99", "x": "-19.00", "yaw": "-1.37"}
290.53, [INFO], turtlebot3, {"y": "21.50", "x": "-38.10", "yaw": "0.03"}
290.63, [INFO], turtlebot4, {"battery-level": "48.23%"}
290.63, [INFO], turtlebot4, {"y": "15.86", "x": "-36.39", "yaw": "-0.89"}
290.63, [INFO], turtlebot6, {"y": "33.98", "x": "-32.92", "yaw": "-3.05"}
290.65, [INFO], turtlebot5, {"y": "17.95", "x": "-13.46", "yaw": "-1.18"}
290.65, [INFO], turtlebot1, {"y": "17.82", "x": "-11.46", "yaw": "-1.25"}
290.67, [INFO], turtlebot2, {"y": "17.99", "x": "-19.00", "yaw": "-1.37"}
290.67, [INFO], turtlebot3, {"y": "21.50", "x": "-38.10", "yaw": "0.03"}
305.52, [INFO], turtlebot2, {"y": "17.99", "x": "-19.00", "yaw": "-1.37"}
305.53, [INFO], turtlebot3, {"y": "21.50", "x": "-38.13", "yaw": "0.03"}
305.53, [INFO], turtlebot4, {"y": "15.32", "x": "-35.22", "yaw": "-0.07"}
305.53, [INFO], turtlebot4, {"battery-level": "47.33%"}
305.53, [INFO], turtlebot6, {"y": "33.98", "x": "-32.92", "yaw": "-3.06"}
305.53, [INFO], turtlebot5, {"y": "17.94", "x": "-13.45", "yaw": "-1.16"}
305.53, [INFO], turtlebot1, {"y": "17.82", "x": "-11.47", "yaw": "-1.25"}
305.63, [INFO], turtlebot2, {"y": "17.99", "x": "-19.00", "yaw": "-1.37"}
305.63, [INFO], turtlebot3, {"y": "21.50", "x": "-38.13", "yaw": "0.03"}
305.63, [INFO], turtlebot4, {"y": "15.32", "x": "-35.22", "yaw": "-0.07"}
305.63, [INFO], turtlebot4, {"battery-level": "47.33%"}
305.65, [INFO], turtlebot6, {"y": "33.98", "x": "-32.92", "yaw": "-3.06"}
305.65, [INFO], turtlebot5, {"y": "17.94", "x": "-13.45", "yaw": "-1.16"}
305.65, [INFO], turtlebot1, {"y": "17.82", "x": "-11.47", "yaw": "-1.25"}
311.73, [DEBUG], turtlebot4, {"param_list": ["Laboratory", [[-37.0, 18.93, -1.5707963267948966, true], [-37.0, 16.0, 0.0, true], [-26.0, 16.0, -1.5707963267948966, true], [-26.0, 13.0, 1.57, false]]], "skill": "navigation", "skill-life-cycle": "RUNNING", "label": "navto_lab"}
320.53, [INFO], turtlebot6, {"y": "33.98", "x": "-32.92", "yaw": "-3.06"}
320.53, [INFO], turtlebot5, {"y": "17.94", "x": "-13.45", "yaw": "-1.14"}
320.53, [INFO], turtlebot1, {"y": "17.82", "x": "-11.47", "yaw": "-1.25"}
320.53, [INFO], turtlebot4, {"battery-level": "46.43%"}
320.53, [INFO], turtlebot2, {"y": "17.99", "x": "-19.00", "yaw": "-1.37"}
320.53, [INFO], turtlebot3, {"y": "21.50", "x": "-38.14", "yaw": "0.03"}
320.53, [INFO], turtlebot4, {"y": "15.30", "x": "-33.97", "yaw": "0.05"}
320.63, [INFO], turtlebot6, {"y": "33.98", "x": "-32.92", "yaw": "-3.06"}
320.63, [INFO], turtlebot5, {"y": "17.94", "x": "-13.45", "yaw": "-1.14"}
320.63, [INFO], turtlebot1, {"y": "17.82", "x": "-11.47", "yaw": "-1.25"}
320.63, [INFO], turtlebot4, {"battery-level": "46.43%"}
320.65, [INFO], turtlebot2, {"y": "17.99", "x": "-19.00", "yaw": "-1.37"}
320.65, [INFO], turtlebot3, {"y": "21.50", "x": "-38.14", "yaw": "0.03"}
320.65, [INFO], turtlebot4, {"y": "15.30", "x": "-33.97", "yaw": "0.05"}
335.53, [INFO], turtlebot5, {"y": "17.94", "x": "-13.44", "yaw": "-1.14"}
335.53, [INFO], turtlebot2, {"y": "17.99", "x": "-19.00", "yaw": "-1.37"}
335.53, [INFO], turtlebot1, {"y": "17.82", "x": "-11.47", "yaw": "-1.25"}
335.53, [INFO], turtlebot4, {"battery-level": "45.47%"}
335.53, [INFO], turtlebot3, {"y": "21.51", "x": "-38.15", "yaw": "0.04"}
335.55, [INFO], turtlebot4, {"y": "15.30", "x": "-32.72", "yaw": "-0.01"}
335.67, [INFO], turtlebot6, {"y": "33.98", "x": "-32.92", "yaw": "-3.06"}
335.67, [INFO], turtlebot5, {"y": "17.94", "x": "-13.44", "yaw": "-1.14"}
335.67, [INFO], turtlebot2, {"y": "17.99", "x": "-19.00", "yaw": "-1.37"}
335.67, [INFO], turtlebot1, {"y": "17.82", "x": "-11.47", "yaw": "-1.25"}
335.68, [INFO], turtlebot4, {"battery-level": "45.47%"}
335.68, [INFO], turtlebot3, {"y": "21.51", "x": "-38.15", "yaw": "0.04"}
335.68, [INFO], turtlebot4, {"y": "15.30", "x": "-32.72", "yaw": "-0.01"}
350.52, [INFO], turtlebot3, {"y": "21.51", "x": "-38.15", "yaw": "0.05"}
350.53, [INFO], turtlebot4, {"battery-level": "44.63%"}
350.53, [INFO], turtlebot6, {"y": "33.98", "x": "-32.93", "yaw": "-3.06"}
350.53, [INFO], turtlebot4, {"y": "15.42", "x": "-31.47", "yaw": "0.32"}
350.53, [INFO], turtlebot2, {"y": "17.99", "x": "-19.00", "yaw": "-1.37"}
350.53, [INFO], turtlebot5, {"y": "17.94", "x": "-13.44", "yaw": "-1.13"}
350.53, [INFO], turtlebot1, {"y": "17.82", "x": "-11.47", "yaw": "-1.25"}
350.63, [INFO], turtlebot3, {"y": "21.51", "x": "-38.15", "yaw": "0.05"}
350.63, [INFO], turtlebot4, {"battery-level": "44.63%"}
350.63, [INFO], turtlebot6, {"y": "33.98", "x": "-32.93", "yaw": "-3.06"}
350.63, [INFO], turtlebot4, {"y": "15.42", "x": "-31.47", "yaw": "0.32"}
350.63, [INFO], turtlebot2, {"y": "17.99", "x": "-19.00", "yaw": "-1.37"}
350.65, [INFO], turtlebot5, {"y": "17.94", "x": "-13.44", "yaw": "-1.13"}
350.65, [INFO], turtlebot1, {"y": "17.82", "x": "-11.47", "yaw": "-1.25"}
354.33, [DEBUG], turtlebot4, {"param_list": ["Laboratory", [[-37.0, 18.93, -1.5707963267948966, true], [-37.0, 16.0, 0.0, true], [-26.0, 16.0, -1.5707963267948966, true], [-26.0, 13.0, 1.57, false]]], "skill": "navigation", "skill-life-cycle": "RUNNING", "label": "navto_lab"}
365.52, [INFO], turtlebot1, {"y": "17.82", "x": "-11.47", "yaw": "-1.25"}
365.53, [INFO], turtlebot3, {"y": "21.51", "x": "-38.15", "yaw": "0.07"}
365.53, [INFO], turtlebot2, {"y": "17.99", "x": "-19.00", "yaw": "-1.37"}
365.53, [INFO], turtlebot5, {"y": "17.94", "x": "-13.44", "yaw": "-1.12"}
365.53, [INFO], turtlebot4, {"y": "15.73", "x": "-30.24", "yaw": "0.13"}
365.53, [INFO], turtlebot4, {"battery-level": "43.67%"}
365.53, [INFO], turtlebot6, {"y": "33.98", "x": "-32.93", "yaw": "-3.06"}
365.65, [INFO], turtlebot1, {"y": "17.82", "x": "-11.47", "yaw": "-1.25"}
365.65, [INFO], turtlebot3, {"y": "21.51", "x": "-38.15", "yaw": "0.07"}
365.67, [INFO], turtlebot2, {"y": "17.99", "x": "-19.00", "yaw": "-1.37"}
365.67, [INFO], turtlebot5, {"y": "17.94", "x": "-13.44", "yaw": "-1.12"}
365.67, [INFO], turtlebot4, {"y": "15.73", "x": "-30.24", "yaw": "0.13"}
365.67, [INFO], turtlebot4, {"battery-level": "43.67%"}
365.67, [INFO], turtlebot6, {"y": "33.98", "x": "-32.93", "yaw": "-3.06"}
380.53, [INFO], turtlebot4, {"y": "15.71", "x": "-28.99", "yaw": "0.01"}
380.53, [INFO], turtlebot6, {"y": "33.98", "x": "-32.93", "yaw": "-3.06"}
380.53, [INFO], turtlebot2, {"y": "17.99", "x": "-19.00", "yaw": "-1.37"}
380.53, [INFO], turtlebot3, {"y": "21.51", "x": "-38.15", "yaw": "0.10"}
380.53, [INFO], turtlebot4, {"battery-level": "42.77%"}
380.53, [INFO], turtlebot1, {"y": "17.82", "x": "-11.47", "yaw": "-1.25"}
380.53, [INFO], turtlebot5, {"y": "17.93", "x": "-13.44", "yaw": "-1.11"}
380.63, [INFO], turtlebot2, {"y": "17.99", "x": "-19.00", "yaw": "-1.37"}
380.63, [INFO], turtlebot3, {"y": "21.51", "x": "-38.15", "yaw": "0.10"}
380.63, [INFO], turtlebot4, {"battery-level": "42.77%"}
380.63, [INFO], turtlebot1, {"y": "17.82", "x": "-11.47", "yaw": "-1.25"}
380.65, [INFO], turtlebot5, {"y": "17.93", "x": "-13.44", "yaw": "-1.11"}
395.52, [INFO], turtlebot6, {"y": "33.98", "x": "-32.93", "yaw": "-3.06"}
395.53, [INFO], turtlebot1, {"y": "17.82", "x": "-11.47", "yaw": "-1.25"}
395.53, [INFO], turtlebot3, {"y": "21.52", "x": "-38.15", "yaw": "0.13"}
395.53, [INFO], turtlebot4, {"battery-level": "41.93%"}
395.53, [INFO], turtlebot5, {"y": "17.93", "x": "-13.43", "yaw": "-1.10"}
395.53, [INFO], turtlebot2, {"y": "17.99", "x": "-19.00", "yaw": "-1.37"}
395.53, [INFO], turtlebot4, {"y": "15.73", "x": "-27.74", "yaw": "-0.01"}
395.65, [INFO], turtlebot6, {"y": "33.98", "x": "-32.93", "yaw": "-3.06"}
395.65, [INFO], turtlebot1, {"y": "17.82", "x": "-11.47", "yaw": "-1.25"}
395.65, [INFO], turtlebot3, {"y": "21.52", "x": "-38.15", "yaw": "0.13"}
395.65, [INFO], turtlebot4, {"battery-level": "41.93%"}
395.67, [INFO], turtlebot5, {"y": "17.93", "x": "-13.43", "yaw": "-1.10"}
395.68, [INFO], turtlebot2, {"y": "17.99", "x": "-19.00", "yaw": "-1.37"}
395.68, [INFO], turtlebot4, {"y": "15.73", "x": "-27.74", "yaw": "-0.01"}
397.05, [DEBUG], turtlebot4, {"param_list": ["Laboratory", [[-37.0, 18.93, -1.5707963267948966, true], [-37.0, 16.0, 0.0, true], [-26.0, 16.0, -1.5707963267948966, true], [-26.0, 13.0, 1.57, false]]], "skill": "navigation", "skill-life-cycle": "RUNNING", "label": "navto_lab"}
410.52, [INFO], turtlebot4, {"y": "15.93", "x": "-26.50", "yaw": "0.45"}
410.53, [INFO], turtlebot5, {"y": "17.93", "x": "-13.43", "yaw": "-1.10"}
410.53, [INFO], turtlebot2, {"y": "17.98", "x": "-19.00", "yaw": "-1.37"}
410.53, [INFO], turtlebot3, {"y": "21.52", "x": "-38.16", "yaw": "0.16"}
410.53, [INFO], turtlebot4, {"battery-level": "40.97%"}
410.53, [INFO], turtlebot6, {"y": "33.98", "x": "-32.93", "yaw": "-3.06"}
410.53, [INFO], turtlebot1, {"y": "17.82", "x": "-11.47", "yaw": "-1.25"}
410.63, [INFO], turtlebot4, {"y": "15.93", "x": "-26.50", "yaw": "0.45"}
410.63, [INFO], turtlebot5, {"y": "17.93", "x": "-13.43", "yaw": "-1.10"}
410.63, [INFO], turtlebot2, {"y": "17.98", "x": "-19.00", "yaw": "-1.37"}
410.63, [INFO], turtlebot3, {"y": "21.52", "x": "-38.16", "yaw": "0.16"}
410.65, [INFO], turtlebot4, {"battery-level": "40.97%"}
410.65, [INFO], turtlebot6, {"y": "33.98", "x": "-32.93", "yaw": "-3.06"}
410.65, [INFO], turtlebot1, {"y": "17.82", "x": "-11.47", "yaw": "-1.25"}
416.02, [DEBUG], None, [debug],turtlebot4,move-base-info,Hooray, the base moved arrived,(x=-26;y=16)
416.02, [DEBUG], None, [debug],turtlebot4,move-base-info,Hooray, the base moved arrived,(x=-26;y=16)
416.12, [DEBUG], turtlebot4, {"status": "way-point-reached", "skill": "navigation", "percentage": "75.00%", "goingto": "Laboratory"}
425.53, [INFO], turtlebot4, {"y": "15.29", "x": "-26.28", "yaw": "-1.11"}
425.53, [INFO], turtlebot5, {"y": "17.93", "x": "-13.43", "yaw": "-1.10"}
425.53, [INFO], turtlebot6, {"y": "33.98", "x": "-32.93", "yaw": "-3.06"}
425.53, [INFO], turtlebot4, {"battery-level": "40.13%"}
425.53, [INFO], turtlebot2, {"y": "17.98", "x": "-19.00", "yaw": "-1.37"}
425.53, [INFO], turtlebot3, {"y": "21.53", "x": "-38.16", "yaw": "0.18"}
425.53, [INFO], turtlebot1, {"y": "17.82", "x": "-11.47", "yaw": "-1.25"}
425.63, [INFO], turtlebot5, {"y": "17.93", "x": "-13.43", "yaw": "-1.10"}
425.63, [INFO], turtlebot6, {"y": "33.98", "x": "-32.93", "yaw": "-3.06"}
425.63, [INFO], turtlebot4, {"battery-level": "40.13%"}
425.63, [INFO], turtlebot2, {"y": "17.98", "x": "-19.00", "yaw": "-1.37"}
425.65, [INFO], turtlebot3, {"y": "21.53", "x": "-38.16", "yaw": "0.18"}
425.65, [INFO], turtlebot1, {"y": "17.82", "x": "-11.47", "yaw": "-1.25"}
439.97, [DEBUG], turtlebot4, {"param_list": ["Laboratory", [[-37.0, 18.93, -1.5707963267948966, true], [-37.0, 16.0, 0.0, true], [-26.0, 16.0, -1.5707963267948966, true], [-26.0, 13.0, 1.57, false]]], "skill": "navigation", "skill-life-cycle": "RUNNING", "label": "navto_lab"}
440.52, [INFO], turtlebot1, {"y": "17.82", "x": "-11.47", "yaw": "-1.25"}
440.53, [INFO], turtlebot6, {"y": "33.98", "x": "-32.93", "yaw": "-3.06"}
440.53, [INFO], turtlebot4, {"battery-level": "39.17%"}
440.53, [INFO], turtlebot5, {"y": "17.93", "x": "-13.42", "yaw": "-1.09"}
440.53, [INFO], turtlebot2, {"y": "17.98", "x": "-19.00", "yaw": "-1.37"}
440.53, [INFO], turtlebot3, {"y": "21.53", "x": "-38.16", "yaw": "0.19"}
440.63, [INFO], turtlebot1, {"y": "17.82", "x": "-11.47", "yaw": "-1.25"}
440.63, [INFO], turtlebot6, {"y": "33.98", "x": "-32.93", "yaw": "-3.06"}
440.63, [INFO], turtlebot4, {"battery-level": "39.17%"}
440.63, [INFO], turtlebot5, {"y": "17.93", "x": "-13.42", "yaw": "-1.09"}
440.63, [INFO], turtlebot2, {"y": "17.98", "x": "-19.00", "yaw": "-1.37"}
440.63, [INFO], turtlebot3, {"y": "21.53", "x": "-38.16", "yaw": "0.19"}
455.52, [INFO], turtlebot4, {"battery-level": "38.33%"}
455.53, [INFO], turtlebot3, {"y": "21.53", "x": "-38.16", "yaw": "0.20"}
455.53, [INFO], turtlebot2, {"y": "17.98", "x": "-19.00", "yaw": "-1.36"}
455.53, [INFO], turtlebot1, {"y": "17.82", "x": "-11.47", "yaw": "-1.25"}
455.53, [INFO], turtlebot5, {"y": "17.92", "x": "-13.42", "yaw": "-1.07"}
455.53, [INFO], turtlebot4, {"y": "13.39", "x": "-25.91", "yaw": "1.79"}
455.53, [INFO], turtlebot6, {"y": "33.98", "x": "-32.93", "yaw": "-3.06"}
455.63, [INFO], turtlebot4, {"battery-level": "38.33%"}
455.65, [INFO], turtlebot3, {"y": "21.53", "x": "-38.16", "yaw": "0.20"}
455.65, [INFO], turtlebot2, {"y": "17.98", "x": "-19.00", "yaw": "-1.36"}
455.65, [INFO], turtlebot1, {"y": "17.82", "x": "-11.47", "yaw": "-1.25"}
455.65, [INFO], turtlebot5, {"y": "17.92", "x": "-13.42", "yaw": "-1.07"}
455.65, [INFO], turtlebot4, {"y": "13.39", "x": "-25.91", "yaw": "1.79"}
455.65, [INFO], turtlebot6, {"y": "33.98", "x": "-32.93", "yaw": "-3.06"}
456.60, [DEBUG], None, [debug],turtlebot4,move-base-info,Hooray, the base moved arrived,(x=-26;y=13)
456.63, [DEBUG], None, [debug],turtlebot4,move-base-info,Hooray, the base moved arrived,(x=-26;y=13)
456.83, [DEBUG], turtlebot4, {"status": "way-point-reached", "skill": "navigation", "percentage": "100.00%", "goingto": "Laboratory"}
456.92, [DEBUG], turtlebot4, {"param_list": ["Laboratory", [[-37.0, 18.93, -1.5707963267948966, true], [-37.0, 16.0, 0.0, true], [-26.0, 16.0, -1.5707963267948966, true], [-26.0, 13.0, 1.57, false]]], "skill": "navigation", "skill-life-cycle": "SUCCESS", "label": "navto_lab"}
456.92, [DEBUG], turtlebot4, "available-skills=['send_message', 'wait_message', 'approach_person', 'approach_robot', 'authenticate_person', 'navigation', 'operate_drawer']"
456.93, [DEBUG], turtlebot4, {"param_list": ["lab_arm"], "skill": "approach_robot", "skill-life-cycle": "STARTED", "label": "approach_arm"}
457.00, [DEBUG], turtlebot4, {"status": "localize-robot", "skill": "=approach-robot", "who": "lab_arm"}
457.08, [DEBUG], turtlebot4, {"status": "goto-robot", "skill": "approach-robot", "who": "lab_arm"}
457.15, [DEBUG], turtlebot4, {"param_list": ["lab_arm"], "skill": "approach_robot", "skill-life-cycle": "SUCCESS", "label": "approach_arm"}
457.15, [DEBUG], turtlebot4, "available-skills=['send_message', 'wait_message', 'approach_person', 'approach_robot', 'authenticate_person', 'navigation', 'operate_drawer']"
457.17, [DEBUG], turtlebot4, {"param_list": ["open"], "skill": "operate_drawer", "skill-life-cycle": "STARTED", "label": "open_drawer_lab"}
457.23, [DEBUG], turtlebot4, {"status": "task-update", "action": "open", "skill": "operate-drawer"}
458.05, [DEBUG], turtlebot4, {"param_list": ["open"], "skill": "operate_drawer", "skill-life-cycle": "SUCCESS", "label": "open_drawer_lab"}
458.05, [DEBUG], turtlebot4, "available-skills=['send_message', 'wait_message', 'approach_person', 'approach_robot', 'authenticate_person', 'navigation', 'operate_drawer']"
458.05, [DEBUG], turtlebot4, {"param_list": ["lab_arm"], "skill": "send_message", "skill-life-cycle": "STARTED", "label": "notify_lab_arm_of_open_drawer_lab_completed"}
458.13, [INFO], turtlebot4, {"to": "lab_arm", "skill": "send-message"}
458.88, [INFO], lab_arm, {"status": "sample-received", "skill": "wait-sample"}
458.88, [INFO], lab_arm, {"status": "sample-received", "skill": "wait-sample"}
458.88, [INFO], nurse, {"status": "sample-received", "skill": "wait-sample"}
458.88, [INFO], nurse, {"status": "sample-received", "skill": "wait-sample"}
458.88, [DEBUG], None, ENDSIM
458.88, [DEBUG], None, ENDSIM
458.88, [DEBUG], None, end!
