0.00, [DEBUG], logger, ROBOTS_CONFIG=[{"avg_speed": 0.15, "battery_charge": 0.5914703710515797, "battery_discharge_rate": 0.0006600000000000001, "id": 1, "local_plan": null, "location": "PC Room 4", "name": "r1", "position": [-27.23, 18.0, -1.57], "skills": ["approach_person", "approach_robot", "authenticate_person", "navigation", "operate_drawer"]}, {"avg_speed": 0.15, "battery_charge": 0.8344531419634984, "battery_discharge_rate": 0.00026000000000000003, "id": 2, "local_plan": null, "location": "PC Room 6", "name": "r2", "position": [-19.0, 18.0, -1.57], "skills": ["approach_person", "approach_robot", "authenticate_person", "navigation", "operate_drawer"]}, {"avg_speed": 0.15, "battery_charge": 0.462681764358839, "battery_discharge_rate": 0.00064, "id": 3, "local_plan": null, "location": "PC Room 7", "name": "r3", "position": [-13.5, 18.0, -1.57], "skills": ["approach_person", "approach_robot", "authenticate_person", "navigation", "operate_drawer"]}, {"avg_speed": 0.15, "battery_charge": 0.6520875066754872, "battery_discharge_rate": 0.0005600000000000001, "id": 4, "local_plan": null, "location": "IC Room 5", "name": "r4", "position": [-32.88, 33.98, 3.14], "skills": ["approach_person", "approach_robot", "authenticate_person", "navigation", "operate_drawer"]}, {"avg_speed": 0.15, "battery_charge": 0.2817995261312799, "battery_discharge_rate": 0.00076, "id": 5, "local_plan": null, "location": "PC Room 8", "name": "r5", "position": [-11.5, 18.0, -1.57], "skills": ["approach_person", "approach_robot", "authenticate_person", "navigation", "operate_drawer"]}, {"avg_speed": 0.15, "battery_charge": 0.5080169438370433, "battery_discharge_rate": 0.00038, "id": 6, "local_plan": [["navigation", ["IC Room 2", [[-33.9, 18.93, 3.14], [-37.0, 18.93], [-37.0, 21.5], [-38.0, 21.5, 0.0]]], "navto_room"], ["approach_person", ["nurse"], "approach_nurse"], ["authenticate_person", ["nurse"], "authenticate_nurse"], ["operate_drawer", ["open"], "open_drawer_for_nurse"], ["send_message", ["nurse"], "notify_nurse_of_open_drawer_for_nurse_completed"], ["wait_message", ["nurse"], "wait_nurse_to_complete_deposit"], ["operate_drawer", ["close"], "close_drawer_nurse"], ["navigation", ["Laboratory", [[-38.0, 21.5, 0.0], [-37.0, 21.5], [-37.0, 16.0], [-26.0, 16.0], [-26.0, 13.0, 1.57]]], "navto_lab"], ["approach_robot", ["lab_arm"], "approach_arm"], ["operate_drawer", ["open"], "open_drawer_lab"], ["send_message", ["lab_arm"], "notify_lab_arm_of_open_drawer_lab_completed"], ["wait_message", ["lab_arm"], "wait_lab_arm_to_complete_pick_up_sample"], ["operate_drawer", ["close"], "close_drawer_lab"]], "location": "IC Room 6", "name": "r6", "position": [-33.9, 18.93, 3.14], "skills": ["approach_person", "approach_robot", "authenticate_person", "navigation", "operate_drawer"]}]
0.00, [DEBUG], logger, NURSES_CONFIG=[{"location": "IC Room 2", "position": [-39.0, 20.5, 0.0]}]
0.00, [DEBUG], logger, Simulation open
0.00, [DEBUG], logger, subcribing to in the topic /log
1.83, [DEBUG], None, [debug],turtlebot1,move-base-info,Move_base is up and ok....,
1.88, [DEBUG], None, [debug],turtlebot3,move-base-info,Move_base is up and ok....,
1.95, [DEBUG], None, [debug],turtlebot6,move-base-info,Move_base is up and ok....,
1.98, [DEBUG], None, [debug],turtlebot4,move-base-info,Move_base is up and ok....,
1.98, [DEBUG], None, [debug],turtlebot2,move-base-info,Move_base is up and ok....,
2.03, [DEBUG], None, [debug],turtlebot5,move-base-info,Move_base is up and ok....,
6.72, [DEBUG], turtlebot1, {"param_list": [], "skill": "init_robobt", "skill-life-cycle": "SUCCESS", "label": "init_robobt"}
6.95, [DEBUG], turtlebot2, {"param_list": [], "skill": "init_robobt", "skill-life-cycle": "RUNNING", "label": "init_robobt"}
7.43, [DEBUG], turtlebot5, {"param_list": [], "skill": "init_robobt", "skill-life-cycle": "RUNNING", "label": "init_robobt"}
8.18, [DEBUG], turtlebot2, {"param_list": [], "skill": "init_robobt", "skill-life-cycle": "SUCCESS", "label": "init_robobt"}
8.60, [DEBUG], turtlebot5, {"param_list": [], "skill": "init_robobt", "skill-life-cycle": "SUCCESS", "label": "init_robobt"}
8.70, [DEBUG], turtlebot4, {"param_list": [], "skill": "init_robobt", "skill-life-cycle": "RUNNING", "label": "init_robobt"}
8.75, [DEBUG], turtlebot6, {"param_list": [], "skill": "init_robobt", "skill-life-cycle": "RUNNING", "label": "init_robobt"}
8.93, [DEBUG], turtlebot3, {"param_list": [], "skill": "init_robobt", "skill-life-cycle": "RUNNING", "label": "init_robobt"}
12.60, [DEBUG], turtlebot4, {"param_list": [], "skill": "init_robobt", "skill-life-cycle": "SUCCESS", "label": "init_robobt"}
12.73, [DEBUG], turtlebot6, {"param_list": [], "skill": "init_robobt", "skill-life-cycle": "SUCCESS", "label": "init_robobt"}
12.73, [DEBUG], turtlebot6, "available-skills=['send_message', 'wait_message', 'approach_person', 'approach_robot', 'authenticate_person', 'navigation', 'operate_drawer']"
12.73, [DEBUG], turtlebot6, {"param_list": ["IC Room 2", [[-37.0, 18.93, 1.5707963267948966, true], [-37.0, 21.5, 3.141592653589793, true], [-38.0, 21.5, 0.0, false]]], "skill": "navigation", "skill-life-cycle": "STARTED", "label": "navto_room"}
13.45, [DEBUG], turtlebot3, {"param_list": [], "skill": "init_robobt", "skill-life-cycle": "SUCCESS", "label": "init_robobt"}
21.22, [INFO], turtlebot1, {"y": "18.02", "x": "-27.23", "yaw": "-1.59"}
21.25, [INFO], turtlebot2, {"y": "17.99", "x": "-19.02", "yaw": "-1.38"}
21.28, [INFO], turtlebot3, {"y": "18.00", "x": "-13.50", "yaw": "-1.50"}
21.28, [INFO], turtlebot4, {"y": "33.97", "x": "-32.89", "yaw": "-3.10"}
21.32, [INFO], turtlebot1, {"y": "18.02", "x": "-27.23", "yaw": "-1.59"}
21.33, [INFO], turtlebot2, {"y": "17.99", "x": "-19.02", "yaw": "-1.38"}
21.33, [INFO], turtlebot3, {"y": "18.00", "x": "-13.50", "yaw": "-1.50"}
21.33, [INFO], turtlebot4, {"y": "33.97", "x": "-32.89", "yaw": "-3.10"}
21.38, [INFO], turtlebot5, {"y": "17.82", "x": "-11.46", "yaw": "-1.25"}
21.38, [INFO], turtlebot5, {"y": "17.82", "x": "-11.46", "yaw": "-1.25"}
21.42, [INFO], turtlebot6, {"y": "18.61", "x": "-34.08", "yaw": "-2.07"}
21.42, [INFO], turtlebot6, {"battery-level": "50.24%"}
21.42, [INFO], turtlebot6, {"y": "18.61", "x": "-34.08", "yaw": "-2.07"}
21.42, [INFO], turtlebot6, {"battery-level": "50.24%"}
36.22, [INFO], turtlebot1, {"y": "18.02", "x": "-27.23", "yaw": "-1.59"}
36.25, [INFO], turtlebot2, {"y": "17.99", "x": "-19.01", "yaw": "-1.38"}
36.28, [INFO], turtlebot3, {"y": "18.00", "x": "-13.49", "yaw": "-1.49"}
36.28, [INFO], turtlebot4, {"y": "33.97", "x": "-32.89", "yaw": "-3.10"}
36.30, [INFO], turtlebot1, {"y": "18.02", "x": "-27.23", "yaw": "-1.59"}
36.30, [INFO], turtlebot2, {"y": "17.99", "x": "-19.01", "yaw": "-1.38"}
36.30, [INFO], turtlebot3, {"y": "18.00", "x": "-13.49", "yaw": "-1.49"}
36.30, [INFO], turtlebot4, {"y": "33.97", "x": "-32.89", "yaw": "-3.10"}
36.38, [INFO], turtlebot5, {"y": "17.82", "x": "-11.46", "yaw": "-1.25"}
36.38, [INFO], turtlebot5, {"y": "17.82", "x": "-11.46", "yaw": "-1.25"}
36.42, [INFO], turtlebot6, {"y": "17.83", "x": "-35.17", "yaw": "-3.07"}
36.42, [INFO], turtlebot6, {"y": "17.83", "x": "-35.17", "yaw": "-3.07"}
36.42, [INFO], turtlebot6, {"battery-level": "49.64%"}
36.42, [INFO], turtlebot6, {"battery-level": "49.64%"}
50.60, [DEBUG], turtlebot6, {"param_list": ["IC Room 2", [[-37.0, 18.93, 1.5707963267948966, true], [-37.0, 21.5, 3.141592653589793, true], [-38.0, 21.5, 0.0, false]]], "skill": "navigation", "skill-life-cycle": "RUNNING", "label": "navto_room"}
51.22, [INFO], turtlebot1, {"y": "18.03", "x": "-27.22", "yaw": "-1.58"}
51.25, [INFO], turtlebot2, {"y": "17.99", "x": "-19.01", "yaw": "-1.38"}
51.28, [INFO], turtlebot3, {"y": "18.00", "x": "-13.49", "yaw": "-1.48"}
51.28, [INFO], turtlebot4, {"y": "33.97", "x": "-32.89", "yaw": "-3.10"}
51.35, [INFO], turtlebot1, {"y": "18.03", "x": "-27.22", "yaw": "-1.58"}
51.35, [INFO], turtlebot2, {"y": "17.99", "x": "-19.01", "yaw": "-1.38"}
51.37, [INFO], turtlebot3, {"y": "18.00", "x": "-13.49", "yaw": "-1.48"}
51.37, [INFO], turtlebot4, {"y": "33.97", "x": "-32.89", "yaw": "-3.10"}
51.38, [INFO], turtlebot5, {"y": "17.82", "x": "-11.46", "yaw": "-1.25"}
51.38, [INFO], turtlebot5, {"y": "17.82", "x": "-11.46", "yaw": "-1.25"}
51.42, [INFO], turtlebot6, {"y": "18.40", "x": "-36.33", "yaw": "2.42"}
51.42, [INFO], turtlebot6, {"y": "18.40", "x": "-36.33", "yaw": "2.42"}
51.42, [INFO], turtlebot6, {"battery-level": "49.04%"}
51.42, [INFO], turtlebot6, {"battery-level": "49.04%"}
57.18, [DEBUG], None, [debug],turtlebot6,move-base-info,Hooray, the base moved arrived,(x=-37;y=18.93)
57.32, [DEBUG], None, [debug],turtlebot6,move-base-info,Hooray, the base moved arrived,(x=-37;y=18.93)
57.37, [DEBUG], turtlebot6, {"status": "way-point-reached", "skill": "navigation", "percentage": "33.33%", "goingto": "IC Room 2"}
66.22, [INFO], turtlebot1, {"y": "18.03", "x": "-27.22", "yaw": "-1.58"}
66.25, [INFO], turtlebot2, {"y": "17.99", "x": "-19.01", "yaw": "-1.38"}
66.28, [INFO], turtlebot3, {"y": "18.00", "x": "-13.49", "yaw": "-1.47"}
66.28, [INFO], turtlebot4, {"y": "33.97", "x": "-32.89", "yaw": "-3.10"}
66.32, [INFO], turtlebot1, {"y": "18.03", "x": "-27.22", "yaw": "-1.58"}
66.32, [INFO], turtlebot2, {"y": "17.99", "x": "-19.01", "yaw": "-1.38"}
66.32, [INFO], turtlebot3, {"y": "18.00", "x": "-13.49", "yaw": "-1.47"}
66.32, [INFO], turtlebot4, {"y": "33.97", "x": "-32.89", "yaw": "-3.10"}
66.38, [INFO], turtlebot5, {"y": "17.82", "x": "-11.46", "yaw": "-1.25"}
66.38, [INFO], turtlebot5, {"y": "17.82", "x": "-11.46", "yaw": "-1.25"}
66.42, [INFO], turtlebot6, {"y": "19.45", "x": "-36.66", "yaw": "1.59"}
66.42, [INFO], turtlebot6, {"battery-level": "48.44%"}
66.42, [INFO], turtlebot6, {"y": "19.45", "x": "-36.66", "yaw": "1.59"}
66.43, [INFO], turtlebot6, {"battery-level": "48.44%"}
80.45, [DEBUG], None, [debug],turtlebot6,move-base-info,Hooray, the base moved arrived,(x=-37;y=21.5)
80.45, [DEBUG], None, [debug],turtlebot6,move-base-info,Hooray, the base moved arrived,(x=-37;y=21.5)
80.58, [DEBUG], turtlebot6, {"status": "way-point-reached", "skill": "navigation", "percentage": "66.67%", "goingto": "IC Room 2"}
81.22, [INFO], turtlebot1, {"y": "18.03", "x": "-27.22", "yaw": "-1.58"}
81.25, [INFO], turtlebot2, {"y": "17.99", "x": "-19.01", "yaw": "-1.38"}
81.28, [INFO], turtlebot3, {"y": "18.00", "x": "-13.49", "yaw": "-1.45"}
81.28, [INFO], turtlebot4, {"y": "33.97", "x": "-32.90", "yaw": "-3.10"}
81.35, [INFO], turtlebot1, {"y": "18.03", "x": "-27.22", "yaw": "-1.58"}
81.35, [INFO], turtlebot2, {"y": "17.99", "x": "-19.01", "yaw": "-1.38"}
81.35, [INFO], turtlebot3, {"y": "18.00", "x": "-13.49", "yaw": "-1.45"}
81.35, [INFO], turtlebot4, {"y": "33.97", "x": "-32.90", "yaw": "-3.10"}
81.38, [INFO], turtlebot5, {"y": "17.82", "x": "-11.46", "yaw": "-1.25"}
81.38, [INFO], turtlebot5, {"y": "17.82", "x": "-11.46", "yaw": "-1.25"}
81.42, [INFO], turtlebot6, {"battery-level": "47.88%"}
81.42, [INFO], turtlebot6, {"battery-level": "47.88%"}
81.42, [INFO], turtlebot6, {"y": "21.08", "x": "-36.78", "yaw": "3.10"}
81.42, [INFO], turtlebot6, {"y": "21.08", "x": "-36.78", "yaw": "3.10"}
93.28, [DEBUG], turtlebot6, {"param_list": ["IC Room 2", [[-37.0, 18.93, 1.5707963267948966, true], [-37.0, 21.5, 3.141592653589793, true], [-38.0, 21.5, 0.0, false]]], "skill": "navigation", "skill-life-cycle": "RUNNING", "label": "navto_room"}
96.22, [INFO], turtlebot1, {"y": "18.03", "x": "-27.22", "yaw": "-1.58"}
96.25, [INFO], turtlebot2, {"y": "17.99", "x": "-19.01", "yaw": "-1.38"}
96.28, [INFO], turtlebot4, {"y": "33.97", "x": "-32.90", "yaw": "-3.10"}
96.28, [INFO], turtlebot3, {"y": "17.99", "x": "-13.49", "yaw": "-1.44"}
96.33, [INFO], turtlebot1, {"y": "18.03", "x": "-27.22", "yaw": "-1.58"}
96.33, [INFO], turtlebot2, {"y": "17.99", "x": "-19.01", "yaw": "-1.38"}
96.33, [INFO], turtlebot4, {"y": "33.97", "x": "-32.90", "yaw": "-3.10"}
96.35, [INFO], turtlebot3, {"y": "17.99", "x": "-13.49", "yaw": "-1.44"}
96.38, [INFO], turtlebot5, {"y": "17.82", "x": "-11.46", "yaw": "-1.25"}
96.38, [INFO], turtlebot5, {"y": "17.82", "x": "-11.46", "yaw": "-1.25"}
96.42, [INFO], turtlebot6, {"y": "21.42", "x": "-37.54", "yaw": "1.80"}
96.42, [INFO], turtlebot6, {"y": "21.42", "x": "-37.54", "yaw": "1.80"}
96.42, [INFO], turtlebot6, {"battery-level": "47.28%"}
96.42, [INFO], turtlebot6, {"battery-level": "47.28%"}
101.10, [DEBUG], None, [debug],turtlebot6,move-base-info,Hooray, the base moved arrived,(x=-38;y=21.5)
101.10, [DEBUG], None, [debug],turtlebot6,move-base-info,Hooray, the base moved arrived,(x=-38;y=21.5)
101.20, [DEBUG], turtlebot6, {"status": "way-point-reached", "skill": "navigation", "percentage": "100.00%", "goingto": "IC Room 2"}
101.27, [DEBUG], turtlebot6, {"param_list": ["IC Room 2", [[-37.0, 18.93, 1.5707963267948966, true], [-37.0, 21.5, 3.141592653589793, true], [-38.0, 21.5, 0.0, false]]], "skill": "navigation", "skill-life-cycle": "SUCCESS", "label": "navto_room"}
101.27, [DEBUG], turtlebot6, "available-skills=['send_message', 'wait_message', 'approach_person', 'approach_robot', 'authenticate_person', 'navigation', 'operate_drawer']"
101.28, [DEBUG], turtlebot6, {"param_list": ["nurse"], "skill": "approach_person", "skill-life-cycle": "STARTED", "label": "approach_nurse"}
101.35, [DEBUG], turtlebot6, {"status": "localize-person", "skill": "approach-person", "who": "nurse"}
101.58, [DEBUG], turtlebot6, {"status": "goto-person", "skill": "approach-person", "who": "nurse"}
101.65, [DEBUG], turtlebot6, {"param_list": ["nurse"], "skill": "approach_person", "skill-life-cycle": "SUCCESS", "label": "approach_nurse"}
101.73, [DEBUG], turtlebot6, "available-skills=['send_message', 'wait_message', 'approach_person', 'approach_robot', 'authenticate_person', 'navigation', 'operate_drawer']"
101.73, [DEBUG], turtlebot6, {"param_list": ["nurse"], "skill": "authenticate_person", "skill-life-cycle": "STARTED", "label": "authenticate_nurse"}
101.78, [DEBUG], turtlebot6, {"status": "request-authentication", "to": "nurse", "skill": "authenticate-person"}
101.80, [INFO], nurse, {"status": "message-received", "skill": "athentication-request"}
101.80, [INFO], nurse, {"status": "message-received", "skill": "athentication-request"}
102.28, [DEBUG], turtlebot6, {"status": "received-authentication", "skill": "authenticate-person", "from": "nurse"}
102.37, [DEBUG], turtlebot6, {"param_list": ["nurse"], "skill": "authenticate_person", "skill-life-cycle": "SUCCESS", "label": "authenticate_nurse"}
102.37, [DEBUG], turtlebot6, "available-skills=['send_message', 'wait_message', 'approach_person', 'approach_robot', 'authenticate_person', 'navigation', 'operate_drawer']"
102.37, [DEBUG], turtlebot6, {"param_list": ["open"], "skill": "operate_drawer", "skill-life-cycle": "STARTED", "label": "open_drawer_for_nurse"}
102.42, [DEBUG], turtlebot6, {"status": "task-update", "action": "open", "skill": "operate-drawer"}
103.23, [DEBUG], turtlebot6, {"param_list": ["open"], "skill": "operate_drawer", "skill-life-cycle": "SUCCESS", "label": "open_drawer_for_nurse"}
103.25, [DEBUG], turtlebot6, "available-skills=['send_message', 'wait_message', 'approach_person', 'approach_robot', 'authenticate_person', 'navigation', 'operate_drawer']"
103.25, [DEBUG], turtlebot6, {"param_list": ["nurse"], "skill": "send_message", "skill-life-cycle": "STARTED", "label": "notify_nurse_of_open_drawer_for_nurse_completed"}
103.32, [INFO], turtlebot6, {"to": "nurse", "skill": "send-message"}
104.07, [INFO], nurse, {"status": "message-received", "skill": "wait-message"}
104.07, [INFO], nurse, {"status": "message-received", "skill": "wait-message"}
106.28, [DEBUG], turtlebot6, {"param_list": ["nurse"], "skill": "send_message", "skill-life-cycle": "SUCCESS", "label": "notify_nurse_of_open_drawer_for_nurse_completed"}
106.28, [DEBUG], turtlebot6, "available-skills=['send_message', 'wait_message', 'approach_person', 'approach_robot', 'authenticate_person', 'navigation', 'operate_drawer']"
106.28, [DEBUG], turtlebot6, {"param_list": ["nurse"], "skill": "wait_message", "skill-life-cycle": "STARTED", "label": "wait_nurse_to_complete_deposit"}
108.08, [INFO], turtlebot6, {"status": "message-received", "skill": "wait-message"}
108.15, [DEBUG], turtlebot6, {"param_list": ["nurse"], "skill": "wait_message", "skill-life-cycle": "SUCCESS", "label": "wait_nurse_to_complete_deposit"}
108.15, [DEBUG], turtlebot6, "available-skills=['send_message', 'wait_message', 'approach_person', 'approach_robot', 'authenticate_person', 'navigation', 'operate_drawer']"
108.17, [DEBUG], turtlebot6, {"param_list": ["close"], "skill": "operate_drawer", "skill-life-cycle": "STARTED", "label": "close_drawer_nurse"}
108.22, [DEBUG], turtlebot6, {"status": "task-update", "action": "close", "skill": "operate-drawer"}
108.98, [DEBUG], turtlebot6, {"param_list": ["close"], "skill": "operate_drawer", "skill-life-cycle": "SUCCESS", "label": "close_drawer_nurse"}
108.98, [DEBUG], turtlebot6, "available-skills=['send_message', 'wait_message', 'approach_person', 'approach_robot', 'authenticate_person', 'navigation', 'operate_drawer']"
108.98, [DEBUG], turtlebot6, {"param_list": ["Laboratory", [[-37.0, 21.5, -1.5707963267948966, true], [-37.0, 16.0, 0.0, true], [-26.0, 16.0, -1.5707963267948966, true], [-26.0, 13.0, 1.57, false]]], "skill": "navigation", "skill-life-cycle": "STARTED", "label": "navto_lab"}
111.22, [INFO], turtlebot1, {"y": "18.03", "x": "-27.22", "yaw": "-1.58"}
111.25, [INFO], turtlebot2, {"y": "17.99", "x": "-19.01", "yaw": "-1.38"}
111.28, [INFO], turtlebot3, {"y": "17.99", "x": "-13.49", "yaw": "-1.42"}
111.28, [INFO], turtlebot4, {"y": "33.97", "x": "-32.90", "yaw": "-3.09"}
111.33, [INFO], turtlebot1, {"y": "18.03", "x": "-27.22", "yaw": "-1.58"}
111.33, [INFO], turtlebot2, {"y": "17.99", "x": "-19.01", "yaw": "-1.38"}
111.33, [INFO], turtlebot3, {"y": "17.99", "x": "-13.49", "yaw": "-1.42"}
111.35, [INFO], turtlebot4, {"y": "33.97", "x": "-32.90", "yaw": "-3.09"}
111.38, [INFO], turtlebot5, {"y": "17.82", "x": "-11.46", "yaw": "-1.25"}
111.38, [INFO], turtlebot5, {"y": "17.82", "x": "-11.46", "yaw": "-1.25"}
111.42, [INFO], turtlebot6, {"y": "21.44", "x": "-37.60", "yaw": "0.04"}
111.42, [INFO], turtlebot6, {"battery-level": "46.68%"}
111.42, [INFO], turtlebot6, {"y": "21.44", "x": "-37.60", "yaw": "0.04"}
111.42, [INFO], turtlebot6, {"battery-level": "46.68%"}
114.07, [INFO], nurse, {"status": "message-received", "skill": "wait-message"}
114.07, [INFO], nurse, {"status": "message-received", "skill": "wait-message"}
118.30, [DEBUG], None, [debug],turtlebot6,move-base-info,Hooray, the base moved arrived,(x=-37;y=21.5)
118.33, [DEBUG], None, [debug],turtlebot6,move-base-info,Hooray, the base moved arrived,(x=-37;y=21.5)
118.38, [DEBUG], turtlebot6, {"status": "way-point-reached", "skill": "navigation", "percentage": "25.00%", "goingto": "Laboratory"}
121.78, [INFO], nurse, {"status": "waiting", "skill": "athentication-sent"}
121.78, [INFO], nurse, {"status": "waiting", "skill": "athentication-sent"}
124.07, [INFO], nurse, {"status": "message-received", "skill": "wait-message"}
124.07, [INFO], nurse, {"status": "message-received", "skill": "wait-message"}
126.22, [INFO], turtlebot1, {"y": "18.03", "x": "-27.22", "yaw": "-1.58"}
126.25, [INFO], turtlebot2, {"y": "17.99", "x": "-19.01", "yaw": "-1.38"}
126.28, [INFO], turtlebot4, {"y": "33.97", "x": "-32.90", "yaw": "-3.09"}
126.28, [INFO], turtlebot3, {"y": "17.99", "x": "-13.49", "yaw": "-1.40"}
126.33, [INFO], turtlebot1, {"y": "18.03", "x": "-27.22", "yaw": "-1.58"}
126.33, [INFO], turtlebot2, {"y": "17.99", "x": "-19.01", "yaw": "-1.38"}
126.33, [INFO], turtlebot4, {"y": "33.97", "x": "-32.90", "yaw": "-3.09"}
126.33, [INFO], turtlebot3, {"y": "17.99", "x": "-13.49", "yaw": "-1.40"}
126.38, [INFO], turtlebot5, {"y": "17.82", "x": "-11.46", "yaw": "-1.25"}
126.38, [INFO], turtlebot5, {"y": "17.82", "x": "-11.46", "yaw": "-1.25"}
126.42, [INFO], turtlebot6, {"battery-level": "46.04%"}
126.42, [INFO], turtlebot6, {"battery-level": "46.04%"}
126.42, [INFO], turtlebot6, {"y": "20.44", "x": "-36.95", "yaw": "-1.19"}
126.42, [INFO], turtlebot6, {"y": "20.44", "x": "-36.95", "yaw": "-1.19"}
134.07, [INFO], nurse, {"status": "message-received", "skill": "wait-message"}
134.07, [INFO], nurse, {"status": "message-received", "skill": "wait-message"}
136.57, [DEBUG], turtlebot6, {"param_list": ["Laboratory", [[-37.0, 21.5, -1.5707963267948966, true], [-37.0, 16.0, 0.0, true], [-26.0, 16.0, -1.5707963267948966, true], [-26.0, 13.0, 1.57, false]]], "skill": "navigation", "skill-life-cycle": "RUNNING", "label": "navto_lab"}
141.22, [INFO], turtlebot1, {"y": "18.03", "x": "-27.22", "yaw": "-1.58"}
141.25, [INFO], turtlebot2, {"y": "17.99", "x": "-19.01", "yaw": "-1.38"}
141.28, [INFO], turtlebot3, {"y": "17.98", "x": "-13.49", "yaw": "-1.38"}
141.28, [INFO], turtlebot4, {"y": "33.97", "x": "-32.90", "yaw": "-3.09"}
141.33, [INFO], turtlebot1, {"y": "18.03", "x": "-27.22", "yaw": "-1.58"}
141.33, [INFO], turtlebot2, {"y": "17.99", "x": "-19.01", "yaw": "-1.38"}
141.33, [INFO], turtlebot3, {"y": "17.98", "x": "-13.49", "yaw": "-1.38"}
141.33, [INFO], turtlebot4, {"y": "33.97", "x": "-32.90", "yaw": "-3.09"}
141.38, [INFO], turtlebot5, {"y": "17.82", "x": "-11.46", "yaw": "-1.25"}
141.38, [INFO], turtlebot5, {"y": "17.82", "x": "-11.46", "yaw": "-1.25"}
141.42, [INFO], turtlebot6, {"battery-level": "45.48%"}
141.42, [INFO], turtlebot6, {"y": "17.68", "x": "-36.67", "yaw": "-1.59"}
141.42, [INFO], turtlebot6, {"battery-level": "45.48%"}
141.42, [INFO], turtlebot6, {"y": "17.68", "x": "-36.67", "yaw": "-1.59"}
156.22, [INFO], turtlebot1, {"y": "18.03", "x": "-27.22", "yaw": "-1.57"}
156.25, [INFO], turtlebot2, {"y": "17.99", "x": "-19.01", "yaw": "-1.38"}
156.28, [INFO], turtlebot4, {"y": "33.97", "x": "-32.90", "yaw": "-3.09"}
156.28, [INFO], turtlebot3, {"y": "17.98", "x": "-13.48", "yaw": "-1.36"}
156.32, [INFO], turtlebot1, {"y": "18.03", "x": "-27.22", "yaw": "-1.57"}
156.33, [INFO], turtlebot2, {"y": "17.99", "x": "-19.01", "yaw": "-1.38"}
156.33, [INFO], turtlebot4, {"y": "33.97", "x": "-32.90", "yaw": "-3.09"}
156.33, [INFO], turtlebot3, {"y": "17.98", "x": "-13.48", "yaw": "-1.36"}
156.38, [INFO], turtlebot5, {"y": "17.82", "x": "-11.46", "yaw": "-1.25"}
156.38, [INFO], turtlebot5, {"y": "17.82", "x": "-11.46", "yaw": "-1.25"}
156.42, [INFO], turtlebot6, {"y": "16.51", "x": "-36.81", "yaw": "-1.87"}
156.42, [INFO], turtlebot6, {"battery-level": "44.84%"}
156.42, [INFO], turtlebot6, {"y": "16.51", "x": "-36.81", "yaw": "-1.87"}
156.42, [INFO], turtlebot6, {"battery-level": "44.84%"}
171.22, [INFO], turtlebot1, {"y": "18.03", "x": "-27.22", "yaw": "-1.57"}
171.25, [INFO], turtlebot2, {"y": "17.99", "x": "-19.01", "yaw": "-1.38"}
171.28, [INFO], turtlebot4, {"y": "33.97", "x": "-32.90", "yaw": "-3.09"}
171.28, [INFO], turtlebot3, {"y": "17.97", "x": "-13.48", "yaw": "-1.34"}
171.32, [INFO], turtlebot1, {"y": "18.03", "x": "-27.22", "yaw": "-1.57"}
171.33, [INFO], turtlebot2, {"y": "17.99", "x": "-19.01", "yaw": "-1.38"}
171.33, [INFO], turtlebot4, {"y": "33.97", "x": "-32.90", "yaw": "-3.09"}
171.33, [INFO], turtlebot3, {"y": "17.97", "x": "-13.48", "yaw": "-1.34"}
171.38, [INFO], turtlebot5, {"y": "17.82", "x": "-11.46", "yaw": "-1.25"}
171.38, [INFO], turtlebot5, {"y": "17.82", "x": "-11.46", "yaw": "-1.25"}
171.42, [INFO], turtlebot6, {"battery-level": "44.28%"}
171.42, [INFO], turtlebot6, {"y": "16.61", "x": "-36.79", "yaw": "-1.91"}
171.42, [INFO], turtlebot6, {"battery-level": "44.28%"}
171.42, [INFO], turtlebot6, {"y": "16.61", "x": "-36.79", "yaw": "-1.91"}
177.73, [DEBUG], None, [debug],turtlebot6,move-base-info,Hooray, the base moved arrived,(x=-37;y=16)
177.73, [DEBUG], None, [debug],turtlebot6,move-base-info,Hooray, the base moved arrived,(x=-37;y=16)
177.88, [DEBUG], turtlebot6, {"status": "way-point-reached", "skill": "navigation", "percentage": "50.00%", "goingto": "Laboratory"}
178.03, [DEBUG], turtlebot6, {"param_list": ["Laboratory", [[-37.0, 21.5, -1.5707963267948966, true], [-37.0, 16.0, 0.0, true], [-26.0, 16.0, -1.5707963267948966, true], [-26.0, 13.0, 1.57, false]]], "skill": "navigation", "skill-life-cycle": "RUNNING", "label": "navto_lab"}
186.22, [INFO], turtlebot1, {"y": "18.03", "x": "-27.22", "yaw": "-1.57"}
186.25, [INFO], turtlebot2, {"y": "17.99", "x": "-19.01", "yaw": "-1.38"}
186.28, [INFO], turtlebot4, {"y": "33.97", "x": "-32.90", "yaw": "-3.09"}
186.28, [INFO], turtlebot3, {"y": "17.97", "x": "-13.48", "yaw": "-1.32"}
186.35, [INFO], turtlebot1, {"y": "18.03", "x": "-27.22", "yaw": "-1.57"}
186.35, [INFO], turtlebot2, {"y": "17.99", "x": "-19.01", "yaw": "-1.38"}
186.35, [INFO], turtlebot4, {"y": "33.97", "x": "-32.90", "yaw": "-3.09"}
186.35, [INFO], turtlebot3, {"y": "17.97", "x": "-13.48", "yaw": "-1.32"}
186.38, [INFO], turtlebot5, {"y": "17.82", "x": "-11.46", "yaw": "-1.25"}
186.38, [INFO], turtlebot5, {"y": "17.82", "x": "-11.46", "yaw": "-1.25"}
186.42, [INFO], turtlebot6, {"y": "15.64", "x": "-33.16", "yaw": "-0.17"}
186.42, [INFO], turtlebot6, {"y": "15.64", "x": "-33.16", "yaw": "-0.17"}
186.42, [INFO], turtlebot6, {"battery-level": "43.68%"}
186.42, [INFO], turtlebot6, {"battery-level": "43.68%"}
201.22, [INFO], turtlebot1, {"y": "18.03", "x": "-27.22", "yaw": "-1.57"}
201.25, [INFO], turtlebot2, {"y": "17.99", "x": "-19.01", "yaw": "-1.38"}
201.28, [INFO], turtlebot4, {"y": "33.97", "x": "-32.90", "yaw": "-3.09"}
201.28, [INFO], turtlebot3, {"y": "17.97", "x": "-13.48", "yaw": "-1.30"}
201.33, [DEBUG], None, [debug],turtlebot6,move-base-info,Hooray, the base moved arrived,(x=-26;y=16)
201.33, [INFO], turtlebot1, {"y": "18.03", "x": "-27.22", "yaw": "-1.57"}
201.33, [INFO], turtlebot2, {"y": "17.99", "x": "-19.01", "yaw": "-1.38"}
201.35, [INFO], turtlebot4, {"y": "33.97", "x": "-32.90", "yaw": "-3.09"}
201.35, [INFO], turtlebot3, {"y": "17.97", "x": "-13.48", "yaw": "-1.30"}
201.35, [DEBUG], None, [debug],turtlebot6,move-base-info,Hooray, the base moved arrived,(x=-26;y=16)
201.38, [INFO], turtlebot5, {"y": "17.82", "x": "-11.46", "yaw": "-1.25"}
201.38, [INFO], turtlebot5, {"y": "17.82", "x": "-11.46", "yaw": "-1.25"}
201.42, [INFO], turtlebot6, {"battery-level": "43.04%"}
201.42, [INFO], turtlebot6, {"battery-level": "43.04%"}
201.42, [INFO], turtlebot6, {"y": "15.90", "x": "-26.42", "yaw": "-1.53"}
201.42, [INFO], turtlebot6, {"y": "15.90", "x": "-26.42", "yaw": "-1.53"}
201.45, [DEBUG], turtlebot6, {"status": "way-point-reached", "skill": "navigation", "percentage": "75.00%", "goingto": "Laboratory"}
216.22, [INFO], turtlebot1, {"y": "18.03", "x": "-27.21", "yaw": "-1.57"}
216.25, [INFO], turtlebot2, {"y": "17.99", "x": "-19.01", "yaw": "-1.38"}
216.28, [INFO], turtlebot3, {"y": "17.96", "x": "-13.47", "yaw": "-1.28"}
216.28, [INFO], turtlebot4, {"y": "33.97", "x": "-32.91", "yaw": "-3.08"}
216.33, [INFO], turtlebot1, {"y": "18.03", "x": "-27.21", "yaw": "-1.57"}
216.33, [INFO], turtlebot2, {"y": "17.99", "x": "-19.01", "yaw": "-1.38"}
216.33, [INFO], turtlebot3, {"y": "17.96", "x": "-13.47", "yaw": "-1.28"}
216.33, [INFO], turtlebot4, {"y": "33.97", "x": "-32.91", "yaw": "-3.08"}
216.38, [INFO], turtlebot5, {"y": "17.82", "x": "-11.46", "yaw": "-1.25"}
216.38, [INFO], turtlebot5, {"y": "17.82", "x": "-11.46", "yaw": "-1.25"}
216.42, [INFO], turtlebot6, {"battery-level": "42.48%"}
216.42, [INFO], turtlebot6, {"battery-level": "42.48%"}
216.42, [INFO], turtlebot6, {"y": "13.62", "x": "-25.87", "yaw": "-1.71"}
216.42, [INFO], turtlebot6, {"y": "13.62", "x": "-25.87", "yaw": "-1.71"}
220.32, [DEBUG], turtlebot6, {"param_list": ["Laboratory", [[-37.0, 21.5, -1.5707963267948966, true], [-37.0, 16.0, 0.0, true], [-26.0, 16.0, -1.5707963267948966, true], [-26.0, 13.0, 1.57, false]]], "skill": "navigation", "skill-life-cycle": "RUNNING", "label": "navto_lab"}
225.05, [DEBUG], None, [debug],turtlebot6,move-base-info,Hooray, the base moved arrived,(x=-26;y=13)
225.05, [DEBUG], None, [debug],turtlebot6,move-base-info,Hooray, the base moved arrived,(x=-26;y=13)
225.20, [DEBUG], turtlebot6, {"status": "way-point-reached", "skill": "navigation", "percentage": "100.00%", "goingto": "Laboratory"}
225.28, [DEBUG], turtlebot6, {"param_list": ["Laboratory", [[-37.0, 21.5, -1.5707963267948966, true], [-37.0, 16.0, 0.0, true], [-26.0, 16.0, -1.5707963267948966, true], [-26.0, 13.0, 1.57, false]]], "skill": "navigation", "skill-life-cycle": "SUCCESS", "label": "navto_lab"}
225.28, [DEBUG], turtlebot6, "available-skills=['send_message', 'wait_message', 'approach_person', 'approach_robot', 'authenticate_person', 'navigation', 'operate_drawer']"
225.28, [DEBUG], turtlebot6, {"param_list": ["lab_arm"], "skill": "approach_robot", "skill-life-cycle": "STARTED", "label": "approach_arm"}
225.33, [DEBUG], turtlebot6, {"status": "localize-robot", "skill": "=approach-robot", "who": "lab_arm"}
225.38, [DEBUG], turtlebot6, {"status": "goto-robot", "skill": "approach-robot", "who": "lab_arm"}
225.48, [DEBUG], turtlebot6, {"param_list": ["lab_arm"], "skill": "approach_robot", "skill-life-cycle": "SUCCESS", "label": "approach_arm"}
225.48, [DEBUG], turtlebot6, "available-skills=['send_message', 'wait_message', 'approach_person', 'approach_robot', 'authenticate_person', 'navigation', 'operate_drawer']"
225.48, [DEBUG], turtlebot6, {"param_list": ["open"], "skill": "operate_drawer", "skill-life-cycle": "STARTED", "label": "open_drawer_lab"}
225.53, [DEBUG], turtlebot6, {"status": "task-update", "action": "open", "skill": "operate-drawer"}
226.35, [DEBUG], turtlebot6, {"param_list": ["open"], "skill": "operate_drawer", "skill-life-cycle": "SUCCESS", "label": "open_drawer_lab"}
226.35, [DEBUG], turtlebot6, "available-skills=['send_message', 'wait_message', 'approach_person', 'approach_robot', 'authenticate_person', 'navigation', 'operate_drawer']"
226.35, [DEBUG], turtlebot6, {"param_list": ["lab_arm"], "skill": "send_message", "skill-life-cycle": "STARTED", "label": "notify_lab_arm_of_open_drawer_lab_completed"}
226.43, [INFO], turtlebot6, {"to": "lab_arm", "skill": "send-message"}
227.18, [INFO], lab_arm, {"status": "sample-received", "skill": "wait-sample"}
227.18, [INFO], nurse, {"status": "sample-received", "skill": "wait-sample"}
227.18, [DEBUG], None, ENDSIM
227.18, [DEBUG], None, end!
