0.00, [DEBUG], logger, ROBOTS_CONFIG=[{"avg_speed": 0.15, "battery_charge": 0.5914703710515797, "battery_discharge_rate": 0.00068, "id": 1, "local_plan": null, "location": "PC Room 8", "name": "r1", "position": [-11.5, 18.0, -1.57], "skills": ["approach_person", "approach_robot", "navigation", "operate_drawer"]}, {"avg_speed": 0.15, "battery_charge": 0.8344531419634984, "battery_discharge_rate": 0.0006000000000000001, "id": 2, "local_plan": null, "location": "PC Room 6", "name": "r2", "position": [-19.0, 18.0, -1.57], "skills": ["approach_person", "approach_robot", "authenticate_person", "navigation", "operate_drawer"]}, {"avg_speed": 0.15, "battery_charge": 0.462681764358839, "battery_discharge_rate": 0.0004, "id": 3, "local_plan": null, "location": "IC Room 2", "name": "r3", "position": [-38.0, 21.5, 0.0], "skills": ["approach_person", "approach_robot", "navigation", "operate_drawer"]}, {"avg_speed": 0.15, "battery_charge": 0.6520875066754872, "battery_discharge_rate": 0.00026000000000000003, "id": 4, "local_plan": [["navigation", ["IC Room 6", [[-39.44, 33.95, 0.0], [-37.0, 33.95], [-37.0, 18.93], [-33.9, 18.93, 3.14]]], "navto_room"], ["approach_person", ["nurse"], "approach_nurse"], ["authenticate_person", ["nurse"], "authenticate_nurse"], ["operate_drawer", ["open"], "open_drawer_for_nurse"], ["send_message", ["nurse"], "notify_nurse_of_open_drawer_for_nurse_completed"], ["wait_message", ["nurse"], "wait_nurse_to_complete_deposit"], ["operate_drawer", ["close"], "close_drawer_nurse"], ["navigation", ["Laboratory", [[-33.9, 18.93, 3.14], [-37.0, 18.93], [-37.0, 16.0], [-26.0, 16.0], [-26.0, 13.0, 1.57]]], "navto_lab"], ["approach_robot", ["lab_arm"], "approach_arm"], ["operate_drawer", ["open"], "open_drawer_lab"], ["send_message", ["lab_arm"], "notify_lab_arm_of_open_drawer_lab_completed"], ["wait_message", ["lab_arm"], "wait_lab_arm_to_complete_pick_up_sample"], ["operate_drawer", ["close"], "close_drawer_lab"]], "location": "IC Room 4", "name": "r4", "position": [-39.44, 33.95, 0.0], "skills": ["approach_person", "approach_robot", "authenticate_person", "navigation", "operate_drawer"]}, {"avg_speed": 0.15, "battery_charge": 0.2817995261312799, "battery_discharge_rate": 0.00042, "id": 5, "local_plan": null, "location": "PC Room 7", "name": "r5", "position": [-13.5, 18.0, -1.57], "skills": ["approach_person", "authenticate_person", "navigation", "operate_drawer"]}, {"avg_speed": 0.15, "battery_charge": 0.5080169438370433, "battery_discharge_rate": 0.0005200000000000001, "id": 6, "local_plan": null, "location": "IC Room 5", "name": "r6", "position": [-32.88, 33.98, 3.14], "skills": ["approach_person", "approach_robot", "navigation", "operate_drawer"]}]
0.00, [DEBUG], logger, NURSES_CONFIG=[{"location": "IC Room 6", "position": [-32.9, 19.93, 3.14]}]
0.02, [DEBUG], logger, Simulation open
0.02, [DEBUG], logger, subcribing to in the topic /log
5.88, [DEBUG], None, [debug],turtlebot2,move-base-info,Move_base is up and ok....,
5.95, [DEBUG], None, [debug],turtlebot5,move-base-info,Move_base is up and ok....,
5.97, [DEBUG], None, [debug],turtlebot1,move-base-info,Move_base is up and ok....,
6.03, [DEBUG], None, [debug],turtlebot3,move-base-info,Move_base is up and ok....,
6.10, [DEBUG], turtlebot4, {"param_list": [], "skill": "init_robobt", "skill-life-cycle": "RUNNING", "label": "init_robobt"}
6.12, [DEBUG], turtlebot2, {"param_list": [], "skill": "init_robobt", "skill-life-cycle": "RUNNING", "label": "init_robobt"}
6.32, [DEBUG], None, [debug],turtlebot4,move-base-info,Move_base is up and ok....,
6.33, [DEBUG], None, [debug],turtlebot6,move-base-info,Move_base is up and ok....,
6.47, [DEBUG], None, [debug],turtlebot3,move-base-info,Move_base is up and ok....,
6.57, [DEBUG], None, [debug],turtlebot4,move-base-info,Move_base is up and ok....,
6.57, [DEBUG], None, [debug],turtlebot6,move-base-info,Move_base is up and ok....,
7.03, [DEBUG], turtlebot5, {"param_list": [], "skill": "init_robobt", "skill-life-cycle": "SUCCESS", "label": "init_robobt"}
7.22, [DEBUG], turtlebot1, {"param_list": [], "skill": "init_robobt", "skill-life-cycle": "SUCCESS", "label": "init_robobt"}
7.30, [DEBUG], turtlebot6, {"param_list": [], "skill": "init_robobt", "skill-life-cycle": "SUCCESS", "label": "init_robobt"}
7.38, [DEBUG], turtlebot4, {"param_list": [], "skill": "init_robobt", "skill-life-cycle": "SUCCESS", "label": "init_robobt"}
7.40, [DEBUG], turtlebot4, "available-skills=['send_message', 'wait_message', 'approach_person', 'approach_robot', 'authenticate_person', 'navigation', 'operate_drawer']"
7.42, [DEBUG], turtlebot4, {"param_list": ["IC Room 6", [[-37.0, 33.95, -1.5707963267948966, true], [-37.0, 18.93, 0.0, true], [-33.9, 18.93, 3.14, false]]], "skill": "navigation", "skill-life-cycle": "STARTED", "label": "navto_room"}
7.52, [DEBUG], turtlebot3, {"param_list": [], "skill": "init_robobt", "skill-life-cycle": "SUCCESS", "label": "init_robobt"}
7.68, [DEBUG], turtlebot2, {"param_list": [], "skill": "init_robobt", "skill-life-cycle": "SUCCESS", "label": "init_robobt"}
9.88, [INFO], turtlebot1, {"y": "17.82", "x": "-11.46", "yaw": "-1.25"}
9.88, [INFO], turtlebot1, {"y": "17.82", "x": "-11.46", "yaw": "-1.25"}
9.90, [INFO], turtlebot2, {"y": "17.99", "x": "-19.02", "yaw": "-1.38"}
9.90, [INFO], turtlebot2, {"y": "17.99", "x": "-19.02", "yaw": "-1.38"}
9.90, [INFO], turtlebot3, {"y": "21.48", "x": "-38.00", "yaw": "0.01"}
9.90, [INFO], turtlebot3, {"y": "21.48", "x": "-38.00", "yaw": "0.01"}
9.92, [INFO], turtlebot4, {"y": "33.84", "x": "-39.51", "yaw": "0.46"}
9.92, [INFO], turtlebot4, {"y": "33.84", "x": "-39.51", "yaw": "0.46"}
9.93, [INFO], turtlebot6, {"y": "33.97", "x": "-32.89", "yaw": "-3.10"}
9.93, [INFO], turtlebot6, {"y": "33.97", "x": "-32.89", "yaw": "-3.10"}
9.95, [INFO], turtlebot5, {"y": "18.00", "x": "-13.50", "yaw": "-1.51"}
9.95, [INFO], turtlebot5, {"y": "18.00", "x": "-13.50", "yaw": "-1.51"}
9.95, [INFO], turtlebot4, {"battery-level": "64.79%"}
9.95, [INFO], turtlebot4, {"battery-level": "64.79%"}
21.03, [INFO], turtlebot1, {"y": "17.82", "x": "-11.46", "yaw": "-1.25"}
21.03, [INFO], turtlebot1, {"y": "17.82", "x": "-11.46", "yaw": "-1.25"}
21.05, [INFO], turtlebot2, {"y": "17.99", "x": "-19.02", "yaw": "-1.38"}
21.05, [INFO], turtlebot2, {"y": "17.99", "x": "-19.02", "yaw": "-1.38"}
21.05, [INFO], turtlebot3, {"y": "21.48", "x": "-38.00", "yaw": "0.01"}
21.07, [INFO], turtlebot3, {"y": "21.48", "x": "-38.00", "yaw": "0.01"}
21.07, [INFO], turtlebot4, {"y": "34.33", "x": "-38.80", "yaw": "0.48"}
21.07, [INFO], turtlebot4, {"y": "34.33", "x": "-38.80", "yaw": "0.48"}
21.10, [INFO], turtlebot6, {"y": "33.97", "x": "-32.89", "yaw": "-3.10"}
21.10, [INFO], turtlebot6, {"y": "33.97", "x": "-32.89", "yaw": "-3.10"}
21.10, [INFO], turtlebot5, {"y": "18.00", "x": "-13.50", "yaw": "-1.50"}
21.12, [INFO], turtlebot5, {"y": "18.00", "x": "-13.50", "yaw": "-1.50"}
21.12, [INFO], turtlebot4, {"battery-level": "64.34%"}
21.12, [INFO], turtlebot4, {"battery-level": "64.34%"}
32.12, [INFO], turtlebot1, {"y": "17.82", "x": "-11.46", "yaw": "-1.25"}
32.13, [INFO], turtlebot3, {"y": "21.48", "x": "-38.00", "yaw": "0.01"}
32.13, [INFO], turtlebot4, {"y": "34.58", "x": "-37.90", "yaw": "-0.20"}
32.13, [INFO], turtlebot2, {"y": "17.99", "x": "-19.01", "yaw": "-1.38"}
32.15, [INFO], turtlebot1, {"y": "17.82", "x": "-11.46", "yaw": "-1.25"}
32.15, [INFO], turtlebot3, {"y": "21.48", "x": "-38.00", "yaw": "0.01"}
32.17, [INFO], turtlebot4, {"y": "34.58", "x": "-37.90", "yaw": "-0.20"}
32.17, [INFO], turtlebot2, {"y": "17.99", "x": "-19.01", "yaw": "-1.38"}
32.17, [INFO], turtlebot6, {"y": "33.97", "x": "-32.89", "yaw": "-3.10"}
32.18, [INFO], turtlebot6, {"y": "33.97", "x": "-32.89", "yaw": "-3.10"}
32.18, [INFO], turtlebot5, {"y": "18.00", "x": "-13.49", "yaw": "-1.50"}
32.18, [INFO], turtlebot5, {"y": "18.00", "x": "-13.49", "yaw": "-1.50"}
32.20, [INFO], turtlebot4, {"battery-level": "63.89%"}
32.20, [INFO], turtlebot4, {"battery-level": "63.89%"}
41.17, [DEBUG], None, [debug],turtlebot4,move-base-info,Hooray, the base moved arrived,(x=-37;y=33.95)
41.17, [DEBUG], None, [debug],turtlebot4,move-base-info,Hooray, the base moved arrived,(x=-37;y=33.95)
41.20, [DEBUG], turtlebot4, {"status": "way-point-reached", "skill": "navigation", "percentage": "33.33%", "goingto": "IC Room 6"}
43.52, [INFO], turtlebot1, {"y": "17.82", "x": "-11.46", "yaw": "-1.25"}
43.53, [INFO], turtlebot2, {"y": "17.99", "x": "-19.01", "yaw": "-1.38"}
43.53, [INFO], turtlebot3, {"y": "21.48", "x": "-38.00", "yaw": "0.01"}
43.53, [INFO], turtlebot4, {"y": "34.24", "x": "-37.39", "yaw": "-1.53"}
43.53, [INFO], turtlebot1, {"y": "17.82", "x": "-11.46", "yaw": "-1.25"}
43.55, [INFO], turtlebot2, {"y": "17.99", "x": "-19.01", "yaw": "-1.38"}
43.55, [INFO], turtlebot3, {"y": "21.48", "x": "-38.00", "yaw": "0.01"}
43.55, [INFO], turtlebot4, {"y": "34.24", "x": "-37.39", "yaw": "-1.53"}
43.58, [INFO], turtlebot6, {"y": "33.97", "x": "-32.89", "yaw": "-3.10"}
43.58, [INFO], turtlebot6, {"y": "33.97", "x": "-32.89", "yaw": "-3.10"}
43.60, [INFO], turtlebot5, {"y": "18.00", "x": "-13.49", "yaw": "-1.49"}
43.60, [INFO], turtlebot5, {"y": "18.00", "x": "-13.49", "yaw": "-1.49"}
43.60, [INFO], turtlebot4, {"battery-level": "63.44%"}
43.62, [INFO], turtlebot4, {"battery-level": "63.44%"}
50.32, [DEBUG], turtlebot4, {"param_list": ["IC Room 6", [[-37.0, 33.95, -1.5707963267948966, true], [-37.0, 18.93, 0.0, true], [-33.9, 18.93, 3.14, false]]], "skill": "navigation", "skill-life-cycle": "RUNNING", "label": "navto_room"}
54.68, [INFO], turtlebot1, {"y": "17.82", "x": "-11.46", "yaw": "-1.25"}
54.68, [INFO], turtlebot4, {"y": "33.31", "x": "-36.92", "yaw": "-1.43"}
54.70, [INFO], turtlebot1, {"y": "17.82", "x": "-11.46", "yaw": "-1.25"}
54.70, [INFO], turtlebot4, {"y": "33.31", "x": "-36.92", "yaw": "-1.43"}
54.70, [INFO], turtlebot2, {"y": "17.99", "x": "-19.01", "yaw": "-1.38"}
54.72, [INFO], turtlebot2, {"y": "17.99", "x": "-19.01", "yaw": "-1.38"}
54.72, [INFO], turtlebot3, {"y": "21.48", "x": "-38.00", "yaw": "0.01"}
54.72, [INFO], turtlebot3, {"y": "21.48", "x": "-38.00", "yaw": "0.01"}
54.73, [INFO], turtlebot6, {"y": "33.97", "x": "-32.89", "yaw": "-3.10"}
54.73, [INFO], turtlebot6, {"y": "33.97", "x": "-32.89", "yaw": "-3.10"}
54.73, [INFO], turtlebot5, {"y": "18.00", "x": "-13.49", "yaw": "-1.48"}
54.73, [INFO], turtlebot5, {"y": "18.00", "x": "-13.49", "yaw": "-1.48"}
54.73, [INFO], turtlebot4, {"battery-level": "62.99%"}
54.73, [INFO], turtlebot4, {"battery-level": "62.99%"}
65.68, [INFO], turtlebot1, {"y": "17.82", "x": "-11.46", "yaw": "-1.25"}
65.68, [INFO], turtlebot1, {"y": "17.82", "x": "-11.46", "yaw": "-1.25"}
65.70, [INFO], turtlebot3, {"y": "21.48", "x": "-38.00", "yaw": "0.01"}
65.70, [INFO], turtlebot2, {"y": "17.99", "x": "-19.01", "yaw": "-1.38"}
65.70, [INFO], turtlebot3, {"y": "21.48", "x": "-38.00", "yaw": "0.01"}
65.70, [INFO], turtlebot4, {"y": "31.45", "x": "-36.95", "yaw": "-1.56"}
65.70, [INFO], turtlebot2, {"y": "17.99", "x": "-19.01", "yaw": "-1.38"}
65.72, [INFO], turtlebot4, {"y": "31.45", "x": "-36.95", "yaw": "-1.56"}
65.73, [INFO], turtlebot6, {"y": "33.97", "x": "-32.89", "yaw": "-3.10"}
65.73, [INFO], turtlebot6, {"y": "33.97", "x": "-32.89", "yaw": "-3.10"}
65.73, [INFO], turtlebot5, {"y": "18.00", "x": "-13.49", "yaw": "-1.47"}
65.73, [INFO], turtlebot5, {"y": "18.00", "x": "-13.49", "yaw": "-1.47"}
65.73, [INFO], turtlebot4, {"battery-level": "62.54%"}
65.73, [INFO], turtlebot4, {"battery-level": "62.54%"}
76.70, [INFO], turtlebot1, {"y": "17.82", "x": "-11.46", "yaw": "-1.25"}
76.70, [INFO], turtlebot1, {"y": "17.82", "x": "-11.46", "yaw": "-1.25"}
76.72, [INFO], turtlebot2, {"y": "17.99", "x": "-19.01", "yaw": "-1.38"}
76.72, [INFO], turtlebot2, {"y": "17.99", "x": "-19.01", "yaw": "-1.38"}
76.72, [INFO], turtlebot4, {"y": "29.62", "x": "-36.95", "yaw": "-1.57"}
76.72, [INFO], turtlebot4, {"y": "29.62", "x": "-36.95", "yaw": "-1.57"}
76.73, [INFO], turtlebot3, {"y": "21.48", "x": "-38.00", "yaw": "0.01"}
76.73, [INFO], turtlebot3, {"y": "21.48", "x": "-38.00", "yaw": "0.01"}
76.73, [INFO], turtlebot6, {"y": "33.97", "x": "-32.90", "yaw": "-3.10"}
76.73, [INFO], turtlebot6, {"y": "33.97", "x": "-32.90", "yaw": "-3.10"}
76.73, [INFO], turtlebot4, {"battery-level": "62.09%"}
76.75, [INFO], turtlebot4, {"battery-level": "62.09%"}
76.75, [INFO], turtlebot5, {"y": "18.00", "x": "-13.49", "yaw": "-1.46"}
76.75, [INFO], turtlebot5, {"y": "18.00", "x": "-13.49", "yaw": "-1.46"}
87.88, [INFO], turtlebot1, {"y": "17.82", "x": "-11.46", "yaw": "-1.25"}
87.90, [INFO], turtlebot3, {"y": "21.48", "x": "-38.00", "yaw": "0.01"}
87.90, [INFO], turtlebot2, {"y": "17.99", "x": "-19.01", "yaw": "-1.38"}
87.90, [INFO], turtlebot4, {"y": "27.81", "x": "-36.90", "yaw": "-1.61"}
87.90, [INFO], turtlebot1, {"y": "17.82", "x": "-11.46", "yaw": "-1.25"}
87.90, [INFO], turtlebot3, {"y": "21.48", "x": "-38.00", "yaw": "0.01"}
87.92, [INFO], turtlebot2, {"y": "17.99", "x": "-19.01", "yaw": "-1.38"}
87.92, [INFO], turtlebot4, {"y": "27.81", "x": "-36.90", "yaw": "-1.61"}
87.93, [INFO], turtlebot6, {"y": "33.97", "x": "-32.90", "yaw": "-3.09"}
87.93, [INFO], turtlebot6, {"y": "33.97", "x": "-32.90", "yaw": "-3.09"}
87.93, [INFO], turtlebot4, {"battery-level": "61.64%"}
87.93, [INFO], turtlebot4, {"battery-level": "61.64%"}
87.93, [INFO], turtlebot5, {"y": "17.99", "x": "-13.49", "yaw": "-1.45"}
87.93, [INFO], turtlebot5, {"y": "17.99", "x": "-13.49", "yaw": "-1.45"}
95.12, [DEBUG], turtlebot4, {"param_list": ["IC Room 6", [[-37.0, 33.95, -1.5707963267948966, true], [-37.0, 18.93, 0.0, true], [-33.9, 18.93, 3.14, false]]], "skill": "navigation", "skill-life-cycle": "RUNNING", "label": "navto_room"}
98.92, [INFO], turtlebot1, {"y": "17.82", "x": "-11.46", "yaw": "-1.25"}
98.93, [INFO], turtlebot4, {"y": "25.87", "x": "-37.01", "yaw": "-1.64"}
98.93, [INFO], turtlebot2, {"y": "17.99", "x": "-19.01", "yaw": "-1.38"}
98.93, [INFO], turtlebot1, {"y": "17.82", "x": "-11.46", "yaw": "-1.25"}
98.93, [INFO], turtlebot4, {"y": "25.87", "x": "-37.01", "yaw": "-1.64"}
98.93, [INFO], turtlebot3, {"y": "21.48", "x": "-38.00", "yaw": "0.01"}
98.93, [INFO], turtlebot2, {"y": "17.99", "x": "-19.01", "yaw": "-1.38"}
98.95, [INFO], turtlebot3, {"y": "21.48", "x": "-38.00", "yaw": "0.01"}
98.95, [INFO], turtlebot6, {"y": "33.97", "x": "-32.90", "yaw": "-3.10"}
98.95, [INFO], turtlebot6, {"y": "33.97", "x": "-32.90", "yaw": "-3.10"}
98.97, [INFO], turtlebot4, {"battery-level": "61.19%"}
98.97, [INFO], turtlebot4, {"battery-level": "61.19%"}
98.97, [INFO], turtlebot5, {"y": "17.99", "x": "-13.49", "yaw": "-1.43"}
98.98, [INFO], turtlebot5, {"y": "17.99", "x": "-13.49", "yaw": "-1.43"}
110.07, [INFO], turtlebot1, {"y": "17.82", "x": "-11.46", "yaw": "-1.25"}
110.08, [INFO], turtlebot1, {"y": "17.82", "x": "-11.46", "yaw": "-1.25"}
110.08, [INFO], turtlebot2, {"y": "17.99", "x": "-19.01", "yaw": "-1.38"}
110.10, [INFO], turtlebot2, {"y": "17.99", "x": "-19.01", "yaw": "-1.38"}
110.10, [INFO], turtlebot3, {"y": "21.48", "x": "-38.00", "yaw": "0.01"}
110.10, [INFO], turtlebot3, {"y": "21.48", "x": "-38.00", "yaw": "0.01"}
110.10, [INFO], turtlebot4, {"y": "23.90", "x": "-37.12", "yaw": "-1.63"}
110.10, [INFO], turtlebot4, {"y": "23.90", "x": "-37.12", "yaw": "-1.63"}
110.12, [INFO], turtlebot6, {"y": "33.97", "x": "-32.90", "yaw": "-3.09"}
110.12, [INFO], turtlebot6, {"y": "33.97", "x": "-32.90", "yaw": "-3.09"}
110.13, [INFO], turtlebot5, {"y": "17.99", "x": "-13.49", "yaw": "-1.42"}
110.13, [INFO], turtlebot5, {"y": "17.99", "x": "-13.49", "yaw": "-1.42"}
110.13, [INFO], turtlebot4, {"battery-level": "60.74%"}
110.15, [INFO], turtlebot4, {"battery-level": "60.74%"}
121.03, [INFO], turtlebot1, {"y": "17.82", "x": "-11.46", "yaw": "-1.25"}
121.03, [INFO], turtlebot2, {"y": "17.99", "x": "-19.01", "yaw": "-1.38"}
121.05, [INFO], turtlebot3, {"y": "21.48", "x": "-38.00", "yaw": "0.01"}
121.05, [INFO], turtlebot4, {"y": "21.97", "x": "-37.23", "yaw": "-1.63"}
121.07, [INFO], turtlebot1, {"y": "17.82", "x": "-11.46", "yaw": "-1.25"}
121.08, [INFO], turtlebot2, {"y": "17.99", "x": "-19.01", "yaw": "-1.38"}
121.08, [INFO], turtlebot6, {"y": "33.97", "x": "-32.90", "yaw": "-3.09"}
121.08, [INFO], turtlebot3, {"y": "21.48", "x": "-38.00", "yaw": "0.01"}
121.10, [INFO], turtlebot5, {"y": "17.99", "x": "-13.49", "yaw": "-1.40"}
121.10, [INFO], turtlebot4, {"y": "21.97", "x": "-37.23", "yaw": "-1.63"}
121.12, [INFO], turtlebot4, {"battery-level": "60.29%"}
121.12, [INFO], turtlebot6, {"y": "33.97", "x": "-32.90", "yaw": "-3.09"}
121.12, [INFO], turtlebot5, {"y": "17.99", "x": "-13.49", "yaw": "-1.40"}
121.12, [INFO], turtlebot4, {"battery-level": "60.29%"}
132.02, [INFO], turtlebot1, {"y": "17.82", "x": "-11.46", "yaw": "-1.25"}
132.03, [INFO], turtlebot4, {"y": "20.04", "x": "-37.34", "yaw": "-1.62"}
132.03, [INFO], turtlebot3, {"y": "21.48", "x": "-38.00", "yaw": "0.01"}
132.03, [INFO], turtlebot1, {"y": "17.82", "x": "-11.46", "yaw": "-1.25"}
132.03, [INFO], turtlebot4, {"y": "20.04", "x": "-37.34", "yaw": "-1.62"}
132.03, [INFO], turtlebot2, {"y": "17.99", "x": "-19.01", "yaw": "-1.38"}
132.03, [INFO], turtlebot3, {"y": "21.48", "x": "-38.00", "yaw": "0.01"}
132.03, [INFO], turtlebot2, {"y": "17.99", "x": "-19.01", "yaw": "-1.38"}
132.05, [INFO], turtlebot6, {"y": "33.97", "x": "-32.90", "yaw": "-3.09"}
132.07, [INFO], turtlebot6, {"y": "33.97", "x": "-32.90", "yaw": "-3.09"}
132.07, [INFO], turtlebot4, {"battery-level": "59.84%"}
132.08, [INFO], turtlebot4, {"battery-level": "59.84%"}
132.08, [INFO], turtlebot5, {"y": "17.98", "x": "-13.49", "yaw": "-1.39"}
132.10, [INFO], turtlebot5, {"y": "17.98", "x": "-13.49", "yaw": "-1.39"}
140.08, [DEBUG], turtlebot4, {"param_list": ["IC Room 6", [[-37.0, 33.95, -1.5707963267948966, true], [-37.0, 18.93, 0.0, true], [-33.9, 18.93, 3.14, false]]], "skill": "navigation", "skill-life-cycle": "RUNNING", "label": "navto_room"}
141.07, [DEBUG], None, [debug],turtlebot4,move-base-info,Hooray, the base moved arrived,(x=-37;y=18.93)
141.13, [DEBUG], None, [debug],turtlebot4,move-base-info,Hooray, the base moved arrived,(x=-37;y=18.93)
141.30, [DEBUG], turtlebot4, {"status": "way-point-reached", "skill": "navigation", "percentage": "66.67%", "goingto": "IC Room 6"}
143.55, [INFO], turtlebot1, {"y": "17.82", "x": "-11.46", "yaw": "-1.25"}
143.55, [INFO], turtlebot1, {"y": "17.82", "x": "-11.46", "yaw": "-1.25"}
143.57, [INFO], turtlebot2, {"y": "17.99", "x": "-19.01", "yaw": "-1.38"}
143.57, [INFO], turtlebot2, {"y": "17.99", "x": "-19.01", "yaw": "-1.38"}
143.58, [INFO], turtlebot3, {"y": "21.48", "x": "-38.00", "yaw": "0.01"}
143.58, [INFO], turtlebot3, {"y": "21.48", "x": "-38.00", "yaw": "0.01"}
143.58, [INFO], turtlebot4, {"y": "19.22", "x": "-37.37", "yaw": "-0.04"}
143.58, [INFO], turtlebot4, {"y": "19.22", "x": "-37.37", "yaw": "-0.04"}
143.62, [INFO], turtlebot6, {"y": "33.97", "x": "-32.90", "yaw": "-3.09"}
143.62, [INFO], turtlebot6, {"y": "33.97", "x": "-32.90", "yaw": "-3.09"}
143.63, [INFO], turtlebot4, {"battery-level": "59.39%"}
143.63, [INFO], turtlebot4, {"battery-level": "59.39%"}
143.63, [INFO], turtlebot5, {"y": "17.98", "x": "-13.49", "yaw": "-1.37"}
143.63, [INFO], turtlebot5, {"y": "17.98", "x": "-13.49", "yaw": "-1.37"}
154.65, [INFO], turtlebot1, {"y": "17.82", "x": "-11.46", "yaw": "-1.25"}
154.67, [INFO], turtlebot4, {"y": "18.55", "x": "-36.80", "yaw": "-0.91"}
154.68, [INFO], turtlebot2, {"y": "17.99", "x": "-19.01", "yaw": "-1.38"}
154.68, [INFO], turtlebot3, {"y": "21.48", "x": "-38.00", "yaw": "0.01"}
154.70, [INFO], turtlebot1, {"y": "17.82", "x": "-11.46", "yaw": "-1.25"}
154.70, [INFO], turtlebot4, {"y": "18.55", "x": "-36.80", "yaw": "-0.91"}
154.70, [INFO], turtlebot6, {"y": "33.97", "x": "-32.90", "yaw": "-3.09"}
154.72, [INFO], turtlebot2, {"y": "17.99", "x": "-19.01", "yaw": "-1.38"}
154.72, [INFO], turtlebot3, {"y": "21.48", "x": "-38.00", "yaw": "0.01"}
154.72, [INFO], turtlebot6, {"y": "33.97", "x": "-32.90", "yaw": "-3.09"}
154.72, [INFO], turtlebot4, {"battery-level": "58.94%"}
154.72, [INFO], turtlebot5, {"y": "17.98", "x": "-13.48", "yaw": "-1.36"}
154.73, [INFO], turtlebot4, {"battery-level": "58.94%"}
154.73, [INFO], turtlebot5, {"y": "17.98", "x": "-13.48", "yaw": "-1.36"}
165.57, [INFO], turtlebot1, {"y": "17.82", "x": "-11.46", "yaw": "-1.25"}
165.58, [INFO], turtlebot2, {"y": "17.99", "x": "-19.01", "yaw": "-1.38"}
165.58, [INFO], turtlebot3, {"y": "21.48", "x": "-38.00", "yaw": "0.01"}
165.58, [INFO], turtlebot4, {"y": "17.87", "x": "-36.02", "yaw": "-0.44"}
165.60, [INFO], turtlebot1, {"y": "17.82", "x": "-11.46", "yaw": "-1.25"}
165.60, [INFO], turtlebot2, {"y": "17.99", "x": "-19.01", "yaw": "-1.38"}
165.62, [INFO], turtlebot3, {"y": "21.48", "x": "-38.00", "yaw": "0.01"}
165.62, [INFO], turtlebot6, {"y": "33.97", "x": "-32.90", "yaw": "-3.09"}
165.62, [INFO], turtlebot4, {"y": "17.87", "x": "-36.02", "yaw": "-0.44"}
165.62, [INFO], turtlebot6, {"y": "33.97", "x": "-32.90", "yaw": "-3.09"}
165.63, [INFO], turtlebot5, {"y": "17.98", "x": "-13.48", "yaw": "-1.35"}
165.63, [INFO], turtlebot5, {"y": "17.98", "x": "-13.48", "yaw": "-1.35"}
165.63, [INFO], turtlebot4, {"battery-level": "58.49%"}
165.63, [INFO], turtlebot4, {"battery-level": "58.49%"}
176.48, [INFO], turtlebot1, {"y": "17.82", "x": "-11.46", "yaw": "-1.25"}
176.50, [INFO], turtlebot2, {"y": "17.99", "x": "-19.01", "yaw": "-1.38"}
176.50, [INFO], turtlebot3, {"y": "21.48", "x": "-38.00", "yaw": "0.01"}
176.50, [INFO], turtlebot4, {"y": "17.83", "x": "-35.13", "yaw": "0.57"}
176.52, [INFO], turtlebot1, {"y": "17.82", "x": "-11.46", "yaw": "-1.25"}
176.52, [INFO], turtlebot2, {"y": "17.99", "x": "-19.01", "yaw": "-1.38"}
176.52, [INFO], turtlebot3, {"y": "21.48", "x": "-38.00", "yaw": "0.01"}
176.53, [INFO], turtlebot4, {"y": "17.83", "x": "-35.13", "yaw": "0.57"}
176.53, [INFO], turtlebot6, {"y": "33.97", "x": "-32.90", "yaw": "-3.09"}
176.53, [INFO], turtlebot6, {"y": "33.97", "x": "-32.90", "yaw": "-3.09"}
176.53, [INFO], turtlebot5, {"y": "17.97", "x": "-13.48", "yaw": "-1.33"}
176.53, [INFO], turtlebot5, {"y": "17.97", "x": "-13.48", "yaw": "-1.33"}
176.53, [INFO], turtlebot4, {"battery-level": "58.04%"}
176.53, [INFO], turtlebot4, {"battery-level": "58.04%"}
184.75, [DEBUG], turtlebot4, {"param_list": ["IC Room 6", [[-37.0, 33.95, -1.5707963267948966, true], [-37.0, 18.93, 0.0, true], [-33.9, 18.93, 3.14, false]]], "skill": "navigation", "skill-life-cycle": "RUNNING", "label": "navto_room"}
187.27, [INFO], turtlebot1, {"y": "17.82", "x": "-11.46", "yaw": "-1.25"}
187.30, [INFO], turtlebot2, {"y": "17.99", "x": "-19.01", "yaw": "-1.38"}
187.30, [INFO], turtlebot4, {"y": "18.53", "x": "-34.37", "yaw": "0.97"}
187.30, [INFO], turtlebot3, {"y": "21.48", "x": "-38.00", "yaw": "0.01"}
187.32, [INFO], turtlebot1, {"y": "17.82", "x": "-11.46", "yaw": "-1.25"}
187.32, [INFO], turtlebot2, {"y": "17.99", "x": "-19.01", "yaw": "-1.38"}
187.32, [INFO], turtlebot4, {"y": "18.53", "x": "-34.37", "yaw": "0.97"}
187.32, [INFO], turtlebot3, {"y": "21.48", "x": "-38.00", "yaw": "0.01"}
187.33, [INFO], turtlebot6, {"y": "33.97", "x": "-32.90", "yaw": "-3.09"}
187.33, [INFO], turtlebot4, {"battery-level": "57.59%"}
187.33, [INFO], turtlebot6, {"y": "33.97", "x": "-32.90", "yaw": "-3.09"}
187.33, [INFO], turtlebot5, {"y": "17.97", "x": "-13.48", "yaw": "-1.32"}
187.33, [INFO], turtlebot4, {"battery-level": "57.59%"}
187.33, [INFO], turtlebot5, {"y": "17.97", "x": "-13.48", "yaw": "-1.32"}
194.32, [DEBUG], None, [debug],turtlebot4,move-base-info,Hooray, the base moved arrived,(x=-33.9;y=18.93)
194.32, [DEBUG], None, [debug],turtlebot4,move-base-info,Hooray, the base moved arrived,(x=-33.9;y=18.93)
194.42, [DEBUG], turtlebot4, {"status": "way-point-reached", "skill": "navigation", "percentage": "100.00%", "goingto": "IC Room 6"}
194.52, [DEBUG], turtlebot4, {"param_list": ["IC Room 6", [[-37.0, 33.95, -1.5707963267948966, true], [-37.0, 18.93, 0.0, true], [-33.9, 18.93, 3.14, false]]], "skill": "navigation", "skill-life-cycle": "SUCCESS", "label": "navto_room"}
194.52, [DEBUG], turtlebot4, "available-skills=['send_message', 'wait_message', 'approach_person', 'approach_robot', 'authenticate_person', 'navigation', 'operate_drawer']"
194.52, [DEBUG], turtlebot4, {"param_list": ["nurse"], "skill": "approach_person", "skill-life-cycle": "STARTED", "label": "approach_nurse"}
194.60, [DEBUG], turtlebot4, {"status": "localize-person", "skill": "approach-person", "who": "nurse"}
195.30, [DEBUG], turtlebot4, {"status": "goto-person", "skill": "approach-person", "who": "nurse"}
195.38, [DEBUG], turtlebot4, {"param_list": ["nurse"], "skill": "approach_person", "skill-life-cycle": "SUCCESS", "label": "approach_nurse"}
195.38, [DEBUG], turtlebot4, "available-skills=['send_message', 'wait_message', 'approach_person', 'approach_robot', 'authenticate_person', 'navigation', 'operate_drawer']"
195.38, [DEBUG], turtlebot4, {"param_list": ["nurse"], "skill": "authenticate_person", "skill-life-cycle": "STARTED", "label": "authenticate_nurse"}
195.53, [DEBUG], turtlebot4, {"status": "request-authentication", "to": "nurse", "skill": "authenticate-person"}
195.53, [INFO], nurse, {"status": "message-received", "skill": "athentication-request"}
195.65, [INFO], nurse, {"status": "message-received", "skill": "athentication-request"}
195.72, [DEBUG], turtlebot4, {"status": "received-authentication", "skill": "authenticate-person", "from": "nurse"}
195.82, [DEBUG], turtlebot4, {"param_list": ["nurse"], "skill": "authenticate_person", "skill-life-cycle": "SUCCESS", "label": "authenticate_nurse"}
195.82, [DEBUG], turtlebot4, "available-skills=['send_message', 'wait_message', 'approach_person', 'approach_robot', 'authenticate_person', 'navigation', 'operate_drawer']"
195.82, [DEBUG], turtlebot4, {"param_list": ["open"], "skill": "operate_drawer", "skill-life-cycle": "STARTED", "label": "open_drawer_for_nurse"}
195.88, [DEBUG], turtlebot4, {"status": "task-update", "action": "open", "skill": "operate-drawer"}
196.77, [DEBUG], turtlebot4, {"param_list": ["open"], "skill": "operate_drawer", "skill-life-cycle": "SUCCESS", "label": "open_drawer_for_nurse"}
196.77, [DEBUG], turtlebot4, "available-skills=['send_message', 'wait_message', 'approach_person', 'approach_robot', 'authenticate_person', 'navigation', 'operate_drawer']"
196.78, [DEBUG], turtlebot4, {"param_list": ["nurse"], "skill": "send_message", "skill-life-cycle": "STARTED", "label": "notify_nurse_of_open_drawer_for_nurse_completed"}
196.85, [INFO], turtlebot4, {"to": "nurse", "skill": "send-message"}
197.63, [INFO], nurse, {"status": "message-received", "skill": "wait-message"}
197.83, [INFO], nurse, {"status": "message-received", "skill": "wait-message"}
198.63, [INFO], turtlebot1, {"y": "17.82", "x": "-11.46", "yaw": "-1.25"}
198.63, [INFO], turtlebot2, {"y": "17.99", "x": "-19.01", "yaw": "-1.38"}
198.63, [INFO], turtlebot3, {"y": "21.48", "x": "-38.01", "yaw": "0.03"}
198.63, [INFO], turtlebot4, {"y": "18.67", "x": "-34.23", "yaw": "3.09"}
198.65, [INFO], turtlebot1, {"y": "17.82", "x": "-11.46", "yaw": "-1.25"}
198.65, [INFO], turtlebot2, {"y": "17.99", "x": "-19.01", "yaw": "-1.38"}
198.65, [INFO], turtlebot3, {"y": "21.48", "x": "-38.01", "yaw": "0.03"}
198.65, [INFO], turtlebot4, {"y": "18.67", "x": "-34.23", "yaw": "3.09"}
198.68, [INFO], turtlebot6, {"y": "33.97", "x": "-32.90", "yaw": "-3.09"}
198.68, [INFO], turtlebot6, {"y": "33.97", "x": "-32.90", "yaw": "-3.09"}
198.70, [INFO], turtlebot4, {"battery-level": "57.14%"}
198.72, [INFO], turtlebot5, {"y": "17.97", "x": "-13.48", "yaw": "-1.30"}
198.72, [INFO], turtlebot4, {"battery-level": "57.14%"}
198.72, [INFO], turtlebot5, {"y": "17.97", "x": "-13.48", "yaw": "-1.30"}
200.05, [DEBUG], turtlebot4, {"param_list": ["nurse"], "skill": "send_message", "skill-life-cycle": "SUCCESS", "label": "notify_nurse_of_open_drawer_for_nurse_completed"}
200.05, [DEBUG], turtlebot4, "available-skills=['send_message', 'wait_message', 'approach_person', 'approach_robot', 'authenticate_person', 'navigation', 'operate_drawer']"
200.05, [DEBUG], turtlebot4, {"param_list": ["nurse"], "skill": "wait_message", "skill-life-cycle": "STARTED", "label": "wait_nurse_to_complete_deposit"}
200.87, [INFO], turtlebot4, {"status": "message-received", "skill": "wait-message"}
200.93, [DEBUG], turtlebot4, {"param_list": ["nurse"], "skill": "wait_message", "skill-life-cycle": "SUCCESS", "label": "wait_nurse_to_complete_deposit"}
200.93, [DEBUG], turtlebot4, "available-skills=['send_message', 'wait_message', 'approach_person', 'approach_robot', 'authenticate_person', 'navigation', 'operate_drawer']"
200.93, [DEBUG], turtlebot4, {"param_list": ["close"], "skill": "operate_drawer", "skill-life-cycle": "STARTED", "label": "close_drawer_nurse"}
201.03, [DEBUG], turtlebot4, {"status": "task-update", "action": "close", "skill": "operate-drawer"}
201.93, [DEBUG], turtlebot4, {"param_list": ["close"], "skill": "operate_drawer", "skill-life-cycle": "SUCCESS", "label": "close_drawer_nurse"}
201.93, [DEBUG], turtlebot4, "available-skills=['send_message', 'wait_message', 'approach_person', 'approach_robot', 'authenticate_person', 'navigation', 'operate_drawer']"
201.93, [DEBUG], turtlebot4, {"param_list": ["Laboratory", [[-37.0, 18.93, -1.5707963267948966, true], [-37.0, 16.0, 0.0, true], [-26.0, 16.0, -1.5707963267948966, true], [-26.0, 13.0, 1.57, false]]], "skill": "navigation", "skill-life-cycle": "STARTED", "label": "navto_lab"}
205.13, [INFO], nurse, {"status": "message-received", "skill": "wait-message"}
205.32, [INFO], nurse, {"status": "message-received", "skill": "wait-message"}
209.70, [INFO], turtlebot1, {"y": "17.82", "x": "-11.46", "yaw": "-1.25"}
209.72, [INFO], turtlebot3, {"y": "21.48", "x": "-38.02", "yaw": "0.03"}
209.72, [INFO], turtlebot2, {"y": "17.99", "x": "-19.01", "yaw": "-1.38"}
209.72, [INFO], turtlebot1, {"y": "17.82", "x": "-11.46", "yaw": "-1.25"}
209.73, [INFO], turtlebot3, {"y": "21.48", "x": "-38.02", "yaw": "0.03"}
209.73, [INFO], turtlebot2, {"y": "17.99", "x": "-19.01", "yaw": "-1.38"}
209.73, [INFO], turtlebot4, {"y": "18.41", "x": "-34.82", "yaw": "-2.49"}
209.73, [INFO], turtlebot4, {"y": "18.41", "x": "-34.82", "yaw": "-2.49"}
209.75, [INFO], turtlebot6, {"y": "33.97", "x": "-32.91", "yaw": "-3.08"}
209.75, [INFO], turtlebot6, {"y": "33.97", "x": "-32.91", "yaw": "-3.08"}
209.75, [INFO], turtlebot5, {"y": "17.97", "x": "-13.47", "yaw": "-1.28"}
209.75, [INFO], turtlebot5, {"y": "17.97", "x": "-13.47", "yaw": "-1.28"}
209.77, [INFO], turtlebot4, {"battery-level": "56.69%"}
209.77, [INFO], turtlebot4, {"battery-level": "56.69%"}
210.27, [INFO], nurse, {"status": "waiting", "skill": "athentication-sent"}
210.42, [INFO], nurse, {"status": "waiting", "skill": "athentication-sent"}
212.35, [INFO], nurse, {"status": "message-received", "skill": "wait-message"}
212.55, [INFO], nurse, {"status": "message-received", "skill": "wait-message"}
219.60, [INFO], nurse, {"status": "message-received", "skill": "wait-message"}
219.75, [INFO], nurse, {"status": "message-received", "skill": "wait-message"}
220.45, [INFO], turtlebot1, {"y": "17.82", "x": "-11.46", "yaw": "-1.25"}
220.47, [INFO], turtlebot2, {"y": "17.99", "x": "-19.01", "yaw": "-1.38"}
220.47, [INFO], turtlebot3, {"y": "21.49", "x": "-38.02", "yaw": "0.03"}
220.47, [INFO], turtlebot4, {"y": "18.44", "x": "-36.83", "yaw": "2.33"}
220.47, [INFO], turtlebot1, {"y": "17.82", "x": "-11.46", "yaw": "-1.25"}
220.47, [INFO], turtlebot2, {"y": "17.99", "x": "-19.01", "yaw": "-1.38"}
220.48, [INFO], turtlebot3, {"y": "21.49", "x": "-38.02", "yaw": "0.03"}
220.48, [INFO], turtlebot4, {"y": "18.44", "x": "-36.83", "yaw": "2.33"}
220.52, [INFO], turtlebot6, {"y": "33.97", "x": "-32.91", "yaw": "-3.08"}
220.52, [INFO], turtlebot6, {"y": "33.97", "x": "-32.91", "yaw": "-3.08"}
220.53, [INFO], turtlebot5, {"y": "17.96", "x": "-13.47", "yaw": "-1.27"}
220.53, [INFO], turtlebot5, {"y": "17.96", "x": "-13.47", "yaw": "-1.27"}
220.53, [INFO], turtlebot4, {"battery-level": "56.24%"}
220.53, [INFO], turtlebot4, {"battery-level": "56.24%"}
227.18, [DEBUG], None, [debug],turtlebot4,move-base-info,Hooray, the base moved arrived,(x=-37;y=18.93)
227.18, [DEBUG], None, [debug],turtlebot4,move-base-info,Hooray, the base moved arrived,(x=-37;y=18.93)
227.22, [DEBUG], turtlebot4, {"status": "way-point-reached", "skill": "navigation", "percentage": "25.00%", "goingto": "Laboratory"}
232.02, [DEBUG], turtlebot4, {"param_list": ["Laboratory", [[-37.0, 18.93, -1.5707963267948966, true], [-37.0, 16.0, 0.0, true], [-26.0, 16.0, -1.5707963267948966, true], [-26.0, 13.0, 1.57, false]]], "skill": "navigation", "skill-life-cycle": "RUNNING", "label": "navto_lab"}
232.12, [INFO], turtlebot1, {"y": "17.82", "x": "-11.46", "yaw": "-1.25"}
232.13, [INFO], turtlebot1, {"y": "17.82", "x": "-11.46", "yaw": "-1.25"}
232.13, [INFO], turtlebot2, {"y": "17.99", "x": "-19.01", "yaw": "-1.38"}
232.13, [INFO], turtlebot2, {"y": "17.99", "x": "-19.01", "yaw": "-1.38"}
232.13, [INFO], turtlebot3, {"y": "21.49", "x": "-38.03", "yaw": "0.03"}
232.13, [INFO], turtlebot3, {"y": "21.49", "x": "-38.03", "yaw": "0.03"}
232.15, [INFO], turtlebot4, {"y": "18.41", "x": "-36.90", "yaw": "-1.48"}
232.15, [INFO], turtlebot4, {"y": "18.41", "x": "-36.90", "yaw": "-1.48"}
232.17, [INFO], turtlebot6, {"y": "33.97", "x": "-32.91", "yaw": "-3.07"}
232.17, [INFO], turtlebot6, {"y": "33.97", "x": "-32.91", "yaw": "-3.07"}
232.17, [INFO], turtlebot5, {"y": "17.96", "x": "-13.47", "yaw": "-1.25"}
232.18, [INFO], turtlebot5, {"y": "17.96", "x": "-13.47", "yaw": "-1.25"}
232.18, [INFO], turtlebot4, {"battery-level": "55.79%"}
232.18, [INFO], turtlebot4, {"battery-level": "55.79%"}
243.05, [INFO], turtlebot1, {"y": "17.82", "x": "-11.46", "yaw": "-1.25"}
243.07, [INFO], turtlebot2, {"y": "17.99", "x": "-19.01", "yaw": "-1.38"}
243.07, [INFO], turtlebot3, {"y": "21.49", "x": "-38.03", "yaw": "0.03"}
243.07, [INFO], turtlebot4, {"y": "16.76", "x": "-36.75", "yaw": "-1.77"}
243.08, [INFO], turtlebot1, {"y": "17.82", "x": "-11.46", "yaw": "-1.25"}
243.08, [INFO], turtlebot2, {"y": "17.99", "x": "-19.01", "yaw": "-1.38"}
243.08, [INFO], turtlebot3, {"y": "21.49", "x": "-38.03", "yaw": "0.03"}
243.10, [INFO], turtlebot4, {"y": "16.76", "x": "-36.75", "yaw": "-1.77"}
243.10, [INFO], turtlebot6, {"y": "33.97", "x": "-32.91", "yaw": "-3.07"}
243.10, [INFO], turtlebot6, {"y": "33.97", "x": "-32.91", "yaw": "-3.07"}
243.12, [INFO], turtlebot5, {"y": "17.96", "x": "-13.47", "yaw": "-1.24"}
243.12, [INFO], turtlebot4, {"battery-level": "55.34%"}
243.12, [INFO], turtlebot5, {"y": "17.96", "x": "-13.47", "yaw": "-1.24"}
243.12, [INFO], turtlebot4, {"battery-level": "55.34%"}
249.70, [DEBUG], None, [debug],turtlebot4,move-base-info,Hooray, the base moved arrived,(x=-37;y=16)
249.72, [DEBUG], None, [debug],turtlebot4,move-base-info,Hooray, the base moved arrived,(x=-37;y=16)
249.82, [DEBUG], turtlebot4, {"status": "way-point-reached", "skill": "navigation", "percentage": "50.00%", "goingto": "Laboratory"}
254.70, [INFO], turtlebot1, {"y": "17.82", "x": "-11.46", "yaw": "-1.25"}
254.72, [INFO], turtlebot1, {"y": "17.82", "x": "-11.46", "yaw": "-1.25"}
254.72, [INFO], turtlebot2, {"y": "17.99", "x": "-19.01", "yaw": "-1.37"}
254.72, [INFO], turtlebot2, {"y": "17.99", "x": "-19.01", "yaw": "-1.37"}
254.73, [INFO], turtlebot4, {"y": "16.41", "x": "-36.83", "yaw": "-0.31"}
254.73, [INFO], turtlebot4, {"y": "16.41", "x": "-36.83", "yaw": "-0.31"}
254.73, [INFO], turtlebot3, {"y": "21.49", "x": "-38.05", "yaw": "0.03"}
254.73, [INFO], turtlebot3, {"y": "21.49", "x": "-38.05", "yaw": "0.03"}
254.75, [INFO], turtlebot6, {"y": "33.97", "x": "-32.91", "yaw": "-3.06"}
254.75, [INFO], turtlebot6, {"y": "33.97", "x": "-32.91", "yaw": "-3.06"}
254.75, [INFO], turtlebot4, {"battery-level": "54.89%"}
254.75, [INFO], turtlebot4, {"battery-level": "54.89%"}
254.75, [INFO], turtlebot5, {"y": "17.95", "x": "-13.46", "yaw": "-1.22"}
254.75, [INFO], turtlebot5, {"y": "17.95", "x": "-13.46", "yaw": "-1.22"}
265.73, [INFO], turtlebot1, {"y": "17.82", "x": "-11.46", "yaw": "-1.25"}
265.75, [INFO], turtlebot4, {"y": "15.60", "x": "-36.10", "yaw": "-0.65"}
265.75, [INFO], turtlebot2, {"y": "17.99", "x": "-19.01", "yaw": "-1.37"}
265.75, [INFO], turtlebot3, {"y": "21.50", "x": "-38.05", "yaw": "0.03"}
265.77, [INFO], turtlebot1, {"y": "17.82", "x": "-11.46", "yaw": "-1.25"}
265.77, [INFO], turtlebot4, {"y": "15.60", "x": "-36.10", "yaw": "-0.65"}
265.78, [INFO], turtlebot2, {"y": "17.99", "x": "-19.01", "yaw": "-1.37"}
265.78, [INFO], turtlebot6, {"y": "33.97", "x": "-32.91", "yaw": "-3.06"}
265.78, [INFO], turtlebot3, {"y": "21.50", "x": "-38.05", "yaw": "0.03"}
265.80, [INFO], turtlebot6, {"y": "33.97", "x": "-32.91", "yaw": "-3.06"}
265.80, [INFO], turtlebot5, {"y": "17.95", "x": "-13.46", "yaw": "-1.21"}
265.80, [INFO], turtlebot5, {"y": "17.95", "x": "-13.46", "yaw": "-1.21"}
265.82, [INFO], turtlebot4, {"battery-level": "54.44%"}
265.82, [INFO], turtlebot4, {"battery-level": "54.44%"}
276.58, [INFO], turtlebot1, {"y": "17.82", "x": "-11.46", "yaw": "-1.25"}
276.60, [INFO], turtlebot3, {"y": "21.50", "x": "-38.08", "yaw": "0.03"}
276.62, [INFO], turtlebot2, {"y": "17.99", "x": "-19.01", "yaw": "-1.37"}
276.62, [INFO], turtlebot4, {"y": "15.32", "x": "-35.23", "yaw": "-0.08"}
276.63, [INFO], turtlebot1, {"y": "17.82", "x": "-11.46", "yaw": "-1.25"}
276.63, [INFO], turtlebot3, {"y": "21.50", "x": "-38.08", "yaw": "0.03"}
276.63, [INFO], turtlebot2, {"y": "17.99", "x": "-19.01", "yaw": "-1.37"}
276.63, [INFO], turtlebot6, {"y": "33.98", "x": "-32.92", "yaw": "-3.05"}
276.63, [INFO], turtlebot4, {"y": "15.32", "x": "-35.23", "yaw": "-0.08"}
276.63, [INFO], turtlebot6, {"y": "33.98", "x": "-32.92", "yaw": "-3.05"}
276.65, [INFO], turtlebot5, {"y": "17.95", "x": "-13.46", "yaw": "-1.20"}
276.65, [INFO], turtlebot5, {"y": "17.95", "x": "-13.46", "yaw": "-1.20"}
276.65, [INFO], turtlebot4, {"battery-level": "53.99%"}
276.65, [INFO], turtlebot4, {"battery-level": "53.99%"}
277.07, [DEBUG], turtlebot4, {"param_list": ["Laboratory", [[-37.0, 18.93, -1.5707963267948966, true], [-37.0, 16.0, 0.0, true], [-26.0, 16.0, -1.5707963267948966, true], [-26.0, 13.0, 1.57, false]]], "skill": "navigation", "skill-life-cycle": "RUNNING", "label": "navto_lab"}
287.42, [INFO], turtlebot1, {"y": "17.82", "x": "-11.46", "yaw": "-1.25"}
287.43, [INFO], turtlebot3, {"y": "21.50", "x": "-38.10", "yaw": "0.03"}
287.43, [INFO], turtlebot4, {"y": "15.30", "x": "-34.32", "yaw": "-0.00"}
287.43, [INFO], turtlebot2, {"y": "17.99", "x": "-19.01", "yaw": "-1.37"}
287.45, [INFO], turtlebot1, {"y": "17.82", "x": "-11.46", "yaw": "-1.25"}
287.45, [INFO], turtlebot3, {"y": "21.50", "x": "-38.10", "yaw": "0.03"}
287.45, [INFO], turtlebot4, {"y": "15.30", "x": "-34.32", "yaw": "-0.00"}
287.47, [INFO], turtlebot2, {"y": "17.99", "x": "-19.01", "yaw": "-1.37"}
287.47, [INFO], turtlebot6, {"y": "33.98", "x": "-32.92", "yaw": "-3.05"}
287.47, [INFO], turtlebot6, {"y": "33.98", "x": "-32.92", "yaw": "-3.05"}
287.47, [INFO], turtlebot5, {"y": "17.95", "x": "-13.46", "yaw": "-1.18"}
287.47, [INFO], turtlebot5, {"y": "17.95", "x": "-13.46", "yaw": "-1.18"}
287.47, [INFO], turtlebot4, {"battery-level": "53.54%"}
287.47, [INFO], turtlebot4, {"battery-level": "53.54%"}
298.22, [INFO], turtlebot1, {"y": "17.82", "x": "-11.46", "yaw": "-1.25"}
298.23, [INFO], turtlebot3, {"y": "21.50", "x": "-38.12", "yaw": "0.03"}
298.23, [INFO], turtlebot2, {"y": "17.99", "x": "-19.00", "yaw": "-1.37"}
298.23, [INFO], turtlebot4, {"y": "15.30", "x": "-33.42", "yaw": "-0.02"}
298.23, [INFO], turtlebot1, {"y": "17.82", "x": "-11.46", "yaw": "-1.25"}
298.23, [INFO], turtlebot3, {"y": "21.50", "x": "-38.12", "yaw": "0.03"}
298.23, [INFO], turtlebot2, {"y": "17.99", "x": "-19.00", "yaw": "-1.37"}
298.23, [INFO], turtlebot4, {"y": "15.30", "x": "-33.42", "yaw": "-0.02"}
298.27, [INFO], turtlebot6, {"y": "33.98", "x": "-32.92", "yaw": "-3.05"}
298.27, [INFO], turtlebot6, {"y": "33.98", "x": "-32.92", "yaw": "-3.05"}
298.28, [INFO], turtlebot5, {"y": "17.94", "x": "-13.45", "yaw": "-1.17"}
298.28, [INFO], turtlebot5, {"y": "17.94", "x": "-13.45", "yaw": "-1.17"}
298.28, [INFO], turtlebot4, {"battery-level": "53.09%"}
298.28, [INFO], turtlebot4, {"battery-level": "53.09%"}
309.00, [INFO], turtlebot1, {"y": "17.82", "x": "-11.47", "yaw": "-1.25"}
309.02, [INFO], turtlebot3, {"y": "21.50", "x": "-38.13", "yaw": "0.03"}
309.02, [INFO], turtlebot4, {"y": "15.32", "x": "-32.53", "yaw": "0.00"}
309.02, [INFO], turtlebot1, {"y": "17.82", "x": "-11.47", "yaw": "-1.25"}
309.02, [INFO], turtlebot3, {"y": "21.50", "x": "-38.13", "yaw": "0.03"}
309.02, [INFO], turtlebot2, {"y": "17.99", "x": "-19.00", "yaw": "-1.37"}
309.03, [INFO], turtlebot4, {"y": "15.32", "x": "-32.53", "yaw": "0.00"}
309.03, [INFO], turtlebot2, {"y": "17.99", "x": "-19.00", "yaw": "-1.37"}
309.05, [INFO], turtlebot6, {"y": "33.98", "x": "-32.92", "yaw": "-3.06"}
309.05, [INFO], turtlebot6, {"y": "33.98", "x": "-32.92", "yaw": "-3.06"}
309.05, [INFO], turtlebot5, {"y": "17.94", "x": "-13.45", "yaw": "-1.15"}
309.07, [INFO], turtlebot4, {"battery-level": "52.64%"}
309.07, [INFO], turtlebot5, {"y": "17.94", "x": "-13.45", "yaw": "-1.15"}
309.07, [INFO], turtlebot4, {"battery-level": "52.64%"}
319.72, [INFO], turtlebot1, {"y": "17.82", "x": "-11.47", "yaw": "-1.25"}
319.73, [INFO], turtlebot3, {"y": "21.50", "x": "-38.14", "yaw": "0.03"}
319.73, [INFO], turtlebot2, {"y": "17.99", "x": "-19.00", "yaw": "-1.37"}
319.73, [INFO], turtlebot1, {"y": "17.82", "x": "-11.47", "yaw": "-1.25"}
319.73, [INFO], turtlebot3, {"y": "21.50", "x": "-38.14", "yaw": "0.03"}
319.73, [INFO], turtlebot4, {"y": "15.34", "x": "-31.63", "yaw": "0.05"}
319.73, [INFO], turtlebot2, {"y": "17.99", "x": "-19.00", "yaw": "-1.37"}
319.73, [INFO], turtlebot4, {"y": "15.34", "x": "-31.63", "yaw": "0.05"}
319.77, [INFO], turtlebot6, {"y": "33.98", "x": "-32.92", "yaw": "-3.06"}
319.77, [INFO], turtlebot6, {"y": "33.98", "x": "-32.92", "yaw": "-3.06"}
319.78, [INFO], turtlebot5, {"y": "17.94", "x": "-13.45", "yaw": "-1.14"}
319.78, [INFO], turtlebot5, {"y": "17.94", "x": "-13.45", "yaw": "-1.14"}
319.78, [INFO], turtlebot4, {"battery-level": "52.19%"}
319.78, [INFO], turtlebot4, {"battery-level": "52.19%"}
320.75, [DEBUG], turtlebot4, {"param_list": ["Laboratory", [[-37.0, 18.93, -1.5707963267948966, true], [-37.0, 16.0, 0.0, true], [-26.0, 16.0, -1.5707963267948966, true], [-26.0, 13.0, 1.57, false]]], "skill": "navigation", "skill-life-cycle": "RUNNING", "label": "navto_lab"}
330.53, [INFO], turtlebot1, {"y": "17.82", "x": "-11.47", "yaw": "-1.25"}
330.53, [INFO], turtlebot2, {"y": "17.99", "x": "-19.00", "yaw": "-1.37"}
330.53, [INFO], turtlebot3, {"y": "21.51", "x": "-38.15", "yaw": "0.04"}
330.55, [INFO], turtlebot4, {"y": "15.47", "x": "-30.73", "yaw": "0.18"}
330.57, [INFO], turtlebot1, {"y": "17.82", "x": "-11.47", "yaw": "-1.25"}
330.57, [INFO], turtlebot2, {"y": "17.99", "x": "-19.00", "yaw": "-1.37"}
330.57, [INFO], turtlebot3, {"y": "21.51", "x": "-38.15", "yaw": "0.04"}
330.57, [INFO], turtlebot4, {"y": "15.47", "x": "-30.73", "yaw": "0.18"}
330.60, [INFO], turtlebot6, {"y": "33.98", "x": "-32.92", "yaw": "-3.06"}
330.60, [INFO], turtlebot6, {"y": "33.98", "x": "-32.92", "yaw": "-3.06"}
330.60, [INFO], turtlebot4, {"battery-level": "51.74%"}
330.60, [INFO], turtlebot4, {"battery-level": "51.74%"}
330.60, [INFO], turtlebot5, {"y": "17.94", "x": "-13.45", "yaw": "-1.14"}
330.60, [INFO], turtlebot5, {"y": "17.94", "x": "-13.45", "yaw": "-1.14"}
341.28, [INFO], turtlebot1, {"y": "17.82", "x": "-11.47", "yaw": "-1.25"}
341.30, [INFO], turtlebot2, {"y": "17.99", "x": "-19.00", "yaw": "-1.37"}
341.30, [INFO], turtlebot4, {"y": "15.57", "x": "-29.84", "yaw": "-0.03"}
341.32, [INFO], turtlebot1, {"y": "17.82", "x": "-11.47", "yaw": "-1.25"}
341.32, [INFO], turtlebot2, {"y": "17.99", "x": "-19.00", "yaw": "-1.37"}
341.32, [INFO], turtlebot4, {"y": "15.57", "x": "-29.84", "yaw": "-0.03"}
341.33, [INFO], turtlebot3, {"y": "21.51", "x": "-38.15", "yaw": "0.05"}
341.33, [INFO], turtlebot3, {"y": "21.51", "x": "-38.15", "yaw": "0.05"}
341.33, [INFO], turtlebot6, {"y": "33.98", "x": "-32.93", "yaw": "-3.06"}
341.33, [INFO], turtlebot6, {"y": "33.98", "x": "-32.93", "yaw": "-3.06"}
341.33, [INFO], turtlebot5, {"y": "17.94", "x": "-13.44", "yaw": "-1.13"}
341.33, [INFO], turtlebot5, {"y": "17.94", "x": "-13.44", "yaw": "-1.13"}
341.33, [INFO], turtlebot4, {"battery-level": "51.29%"}
341.33, [INFO], turtlebot4, {"battery-level": "51.29%"}
352.03, [INFO], turtlebot1, {"y": "17.82", "x": "-11.47", "yaw": "-1.25"}
352.05, [INFO], turtlebot2, {"y": "17.99", "x": "-19.00", "yaw": "-1.37"}
352.05, [INFO], turtlebot3, {"y": "21.51", "x": "-38.15", "yaw": "0.05"}
352.07, [INFO], turtlebot4, {"y": "15.56", "x": "-28.94", "yaw": "-0.00"}
352.08, [INFO], turtlebot1, {"y": "17.82", "x": "-11.47", "yaw": "-1.25"}
352.08, [INFO], turtlebot2, {"y": "17.99", "x": "-19.00", "yaw": "-1.37"}
352.08, [INFO], turtlebot6, {"y": "33.98", "x": "-32.93", "yaw": "-3.06"}
352.10, [INFO], turtlebot3, {"y": "21.51", "x": "-38.15", "yaw": "0.05"}
352.10, [INFO], turtlebot4, {"y": "15.56", "x": "-28.94", "yaw": "-0.00"}
352.12, [INFO], turtlebot4, {"battery-level": "50.84%"}
352.12, [INFO], turtlebot6, {"y": "33.98", "x": "-32.93", "yaw": "-3.06"}
352.12, [INFO], turtlebot4, {"battery-level": "50.84%"}
352.13, [INFO], turtlebot5, {"y": "17.94", "x": "-13.44", "yaw": "-1.12"}
352.13, [INFO], turtlebot5, {"y": "17.94", "x": "-13.44", "yaw": "-1.12"}
362.80, [INFO], turtlebot1, {"y": "17.82", "x": "-11.47", "yaw": "-1.25"}
362.82, [INFO], turtlebot2, {"y": "17.99", "x": "-19.00", "yaw": "-1.37"}
362.82, [INFO], turtlebot3, {"y": "21.51", "x": "-38.15", "yaw": "0.07"}
362.82, [INFO], turtlebot4, {"y": "15.56", "x": "-28.05", "yaw": "0.01"}
362.83, [INFO], turtlebot1, {"y": "17.82", "x": "-11.47", "yaw": "-1.25"}
362.83, [INFO], turtlebot2, {"y": "17.99", "x": "-19.00", "yaw": "-1.37"}
362.83, [INFO], turtlebot3, {"y": "21.51", "x": "-38.15", "yaw": "0.07"}
362.83, [INFO], turtlebot4, {"y": "15.56", "x": "-28.05", "yaw": "0.01"}
362.85, [INFO], turtlebot6, {"y": "33.98", "x": "-32.93", "yaw": "-3.06"}
362.85, [INFO], turtlebot6, {"y": "33.98", "x": "-32.93", "yaw": "-3.06"}
362.87, [INFO], turtlebot5, {"y": "17.94", "x": "-13.44", "yaw": "-1.12"}
362.87, [INFO], turtlebot5, {"y": "17.94", "x": "-13.44", "yaw": "-1.12"}
362.87, [INFO], turtlebot4, {"battery-level": "50.39%"}
362.88, [INFO], turtlebot4, {"battery-level": "50.39%"}
364.42, [DEBUG], turtlebot4, {"param_list": ["Laboratory", [[-37.0, 18.93, -1.5707963267948966, true], [-37.0, 16.0, 0.0, true], [-26.0, 16.0, -1.5707963267948966, true], [-26.0, 13.0, 1.57, false]]], "skill": "navigation", "skill-life-cycle": "RUNNING", "label": "navto_lab"}
373.53, [INFO], turtlebot1, {"y": "17.82", "x": "-11.47", "yaw": "-1.25"}
373.53, [INFO], turtlebot2, {"y": "17.99", "x": "-19.00", "yaw": "-1.37"}
373.53, [INFO], turtlebot3, {"y": "21.51", "x": "-38.15", "yaw": "0.09"}
373.53, [INFO], turtlebot4, {"y": "15.69", "x": "-27.16", "yaw": "0.22"}
373.55, [INFO], turtlebot1, {"y": "17.82", "x": "-11.47", "yaw": "-1.25"}
373.57, [INFO], turtlebot2, {"y": "17.99", "x": "-19.00", "yaw": "-1.37"}
373.57, [INFO], turtlebot3, {"y": "21.51", "x": "-38.15", "yaw": "0.09"}
373.57, [INFO], turtlebot4, {"y": "15.69", "x": "-27.16", "yaw": "0.22"}
373.57, [INFO], turtlebot6, {"y": "33.98", "x": "-32.93", "yaw": "-3.06"}
373.58, [INFO], turtlebot6, {"y": "33.98", "x": "-32.93", "yaw": "-3.06"}
373.58, [INFO], turtlebot5, {"y": "17.93", "x": "-13.44", "yaw": "-1.11"}
373.58, [INFO], turtlebot5, {"y": "17.93", "x": "-13.44", "yaw": "-1.11"}
373.58, [INFO], turtlebot4, {"battery-level": "49.94%"}
373.60, [INFO], turtlebot4, {"battery-level": "49.94%"}
384.60, [INFO], turtlebot1, {"y": "17.82", "x": "-11.47", "yaw": "-1.25"}
384.62, [INFO], turtlebot1, {"y": "17.82", "x": "-11.47", "yaw": "-1.25"}
384.63, [INFO], turtlebot3, {"y": "21.51", "x": "-38.15", "yaw": "0.11"}
384.63, [INFO], turtlebot3, {"y": "21.51", "x": "-38.15", "yaw": "0.11"}
384.63, [INFO], turtlebot2, {"y": "17.99", "x": "-19.00", "yaw": "-1.37"}
384.63, [INFO], turtlebot2, {"y": "17.99", "x": "-19.00", "yaw": "-1.37"}
384.63, [INFO], turtlebot4, {"y": "15.90", "x": "-26.45", "yaw": "-0.89"}
384.63, [INFO], turtlebot4, {"y": "15.90", "x": "-26.45", "yaw": "-0.89"}
384.67, [INFO], turtlebot6, {"y": "33.98", "x": "-32.93", "yaw": "-3.06"}
384.67, [INFO], turtlebot6, {"y": "33.98", "x": "-32.93", "yaw": "-3.06"}
384.70, [INFO], turtlebot4, {"battery-level": "49.49%"}
384.70, [INFO], turtlebot4, {"battery-level": "49.49%"}
384.70, [INFO], turtlebot5, {"y": "17.93", "x": "-13.44", "yaw": "-1.11"}
384.72, [INFO], turtlebot5, {"y": "17.93", "x": "-13.44", "yaw": "-1.11"}
386.72, [DEBUG], None, [debug],turtlebot4,move-base-info,Hooray, the base moved arrived,(x=-26;y=16)
386.72, [DEBUG], None, [debug],turtlebot4,move-base-info,Hooray, the base moved arrived,(x=-26;y=16)
386.82, [DEBUG], turtlebot4, {"status": "way-point-reached", "skill": "navigation", "percentage": "75.00%", "goingto": "Laboratory"}
395.52, [INFO], turtlebot1, {"y": "17.82", "x": "-11.47", "yaw": "-1.25"}
395.52, [INFO], turtlebot1, {"y": "17.82", "x": "-11.47", "yaw": "-1.25"}
395.53, [INFO], turtlebot3, {"y": "21.52", "x": "-38.15", "yaw": "0.13"}
395.53, [INFO], turtlebot3, {"y": "21.52", "x": "-38.15", "yaw": "0.13"}
395.53, [INFO], turtlebot4, {"y": "15.31", "x": "-26.29", "yaw": "-1.14"}
395.53, [INFO], turtlebot4, {"y": "15.31", "x": "-26.29", "yaw": "-1.14"}
395.53, [INFO], turtlebot2, {"y": "17.99", "x": "-19.00", "yaw": "-1.37"}
395.53, [INFO], turtlebot2, {"y": "17.99", "x": "-19.00", "yaw": "-1.37"}
395.55, [INFO], turtlebot6, {"y": "33.98", "x": "-32.93", "yaw": "-3.06"}
395.55, [INFO], turtlebot6, {"y": "33.98", "x": "-32.93", "yaw": "-3.06"}
395.57, [INFO], turtlebot5, {"y": "17.93", "x": "-13.43", "yaw": "-1.10"}
395.57, [INFO], turtlebot4, {"battery-level": "49.04%"}
395.57, [INFO], turtlebot5, {"y": "17.93", "x": "-13.43", "yaw": "-1.10"}
395.58, [INFO], turtlebot4, {"battery-level": "49.04%"}
406.07, [INFO], turtlebot1, {"y": "17.82", "x": "-11.47", "yaw": "-1.25"}
406.10, [INFO], turtlebot2, {"y": "17.98", "x": "-19.00", "yaw": "-1.37"}
406.10, [INFO], turtlebot3, {"y": "21.52", "x": "-38.16", "yaw": "0.15"}
406.10, [INFO], turtlebot4, {"y": "14.29", "x": "-26.13", "yaw": "-1.37"}
406.13, [INFO], turtlebot6, {"y": "33.98", "x": "-32.93", "yaw": "-3.06"}
406.13, [INFO], turtlebot4, {"battery-level": "48.59%"}
406.13, [INFO], turtlebot5, {"y": "17.93", "x": "-13.43", "yaw": "-1.10"}
406.13, [INFO], turtlebot1, {"y": "17.82", "x": "-11.47", "yaw": "-1.25"}
406.15, [INFO], turtlebot2, {"y": "17.98", "x": "-19.00", "yaw": "-1.37"}
406.15, [INFO], turtlebot3, {"y": "21.52", "x": "-38.16", "yaw": "0.15"}
406.15, [INFO], turtlebot4, {"y": "14.29", "x": "-26.13", "yaw": "-1.37"}
406.17, [INFO], turtlebot6, {"y": "33.98", "x": "-32.93", "yaw": "-3.06"}
406.18, [INFO], turtlebot4, {"battery-level": "48.59%"}
406.18, [INFO], turtlebot5, {"y": "17.93", "x": "-13.43", "yaw": "-1.10"}
409.00, [DEBUG], turtlebot4, {"param_list": ["Laboratory", [[-37.0, 18.93, -1.5707963267948966, true], [-37.0, 16.0, 0.0, true], [-26.0, 16.0, -1.5707963267948966, true], [-26.0, 13.0, 1.57, false]]], "skill": "navigation", "skill-life-cycle": "RUNNING", "label": "navto_lab"}
417.23, [INFO], turtlebot1, {"y": "17.82", "x": "-11.47", "yaw": "-1.25"}
417.27, [INFO], turtlebot1, {"y": "17.82", "x": "-11.47", "yaw": "-1.25"}
417.27, [INFO], turtlebot3, {"y": "21.52", "x": "-38.16", "yaw": "0.17"}
417.27, [INFO], turtlebot3, {"y": "21.52", "x": "-38.16", "yaw": "0.17"}
417.27, [INFO], turtlebot2, {"y": "17.98", "x": "-19.00", "yaw": "-1.37"}
417.28, [INFO], turtlebot2, {"y": "17.98", "x": "-19.00", "yaw": "-1.37"}
417.28, [INFO], turtlebot4, {"y": "13.43", "x": "-26.07", "yaw": "2.67"}
417.28, [INFO], turtlebot4, {"y": "13.43", "x": "-26.07", "yaw": "2.67"}
417.32, [INFO], turtlebot6, {"y": "33.98", "x": "-32.93", "yaw": "-3.06"}
417.32, [INFO], turtlebot6, {"y": "33.98", "x": "-32.93", "yaw": "-3.06"}
417.32, [INFO], turtlebot5, {"y": "17.93", "x": "-13.43", "yaw": "-1.10"}
417.32, [INFO], turtlebot5, {"y": "17.93", "x": "-13.43", "yaw": "-1.10"}
417.32, [INFO], turtlebot4, {"battery-level": "48.14%"}
417.32, [INFO], turtlebot4, {"battery-level": "48.14%"}
420.60, [DEBUG], None, [debug],turtlebot4,move-base-info,Hooray, the base moved arrived,(x=-26;y=13)
420.60, [DEBUG], None, [debug],turtlebot4,move-base-info,Hooray, the base moved arrived,(x=-26;y=13)
420.80, [DEBUG], turtlebot4, {"status": "way-point-reached", "skill": "navigation", "percentage": "100.00%", "goingto": "Laboratory"}
420.88, [DEBUG], turtlebot4, {"param_list": ["Laboratory", [[-37.0, 18.93, -1.5707963267948966, true], [-37.0, 16.0, 0.0, true], [-26.0, 16.0, -1.5707963267948966, true], [-26.0, 13.0, 1.57, false]]], "skill": "navigation", "skill-life-cycle": "SUCCESS", "label": "navto_lab"}
420.90, [DEBUG], turtlebot4, "available-skills=['send_message', 'wait_message', 'approach_person', 'approach_robot', 'authenticate_person', 'navigation', 'operate_drawer']"
420.90, [DEBUG], turtlebot4, {"param_list": ["lab_arm"], "skill": "approach_robot", "skill-life-cycle": "STARTED", "label": "approach_arm"}
421.02, [DEBUG], turtlebot4, {"status": "localize-robot", "skill": "=approach-robot", "who": "lab_arm"}
421.48, [DEBUG], turtlebot4, {"status": "goto-robot", "skill": "approach-robot", "who": "lab_arm"}
421.55, [DEBUG], turtlebot4, {"param_list": ["lab_arm"], "skill": "approach_robot", "skill-life-cycle": "SUCCESS", "label": "approach_arm"}
421.55, [DEBUG], turtlebot4, "available-skills=['send_message', 'wait_message', 'approach_person', 'approach_robot', 'authenticate_person', 'navigation', 'operate_drawer']"
421.57, [DEBUG], turtlebot4, {"param_list": ["open"], "skill": "operate_drawer", "skill-life-cycle": "STARTED", "label": "open_drawer_lab"}
421.63, [DEBUG], turtlebot4, {"status": "task-update", "action": "open", "skill": "operate-drawer"}
422.50, [DEBUG], turtlebot4, {"param_list": ["open"], "skill": "operate_drawer", "skill-life-cycle": "SUCCESS", "label": "open_drawer_lab"}
422.52, [DEBUG], turtlebot4, "available-skills=['send_message', 'wait_message', 'approach_person', 'approach_robot', 'authenticate_person', 'navigation', 'operate_drawer']"
422.52, [DEBUG], turtlebot4, {"param_list": ["lab_arm"], "skill": "send_message", "skill-life-cycle": "STARTED", "label": "notify_lab_arm_of_open_drawer_lab_completed"}
422.60, [INFO], turtlebot4, {"to": "lab_arm", "skill": "send-message"}
423.35, [INFO], lab_arm, {"status": "sample-received", "skill": "wait-sample"}
423.35, [INFO], lab_arm, {"status": "sample-received", "skill": "wait-sample"}
423.35, [INFO], nurse, {"status": "sample-received", "skill": "wait-sample"}
423.35, [INFO], nurse, {"status": "sample-received", "skill": "wait-sample"}
423.35, [DEBUG], None, end!
423.35, [DEBUG], None, ENDSIM
