0.00, [DEBUG], logger, ROBOTS_CONFIG=[{"avg_speed": 0.15, "battery_charge": 0.3020349930380309, "battery_discharge_rate": 0.00048000000000000007, "id": 1, "local_plan": null, "location": "PC Room 8", "name": "r1", "position": [-11.5, 18.0, -1.57], "skills": ["approach_person", "approach_robot", "navigation", "operate_drawer"]}, {"avg_speed": 0.15, "battery_charge": 0.5779176354739738, "battery_discharge_rate": 0.00054, "id": 2, "local_plan": null, "location": "PC Room 6", "name": "r2", "position": [-19.0, 18.0, -1.57], "skills": ["approach_person", "approach_robot", "authenticate_person", "navigation", "operate_drawer"]}, {"avg_speed": 0.15, "battery_charge": 0.7232396784987936, "battery_discharge_rate": 0.00036, "id": 3, "local_plan": null, "location": "IC Room 2", "name": "r3", "position": [-38.0, 21.5, 0.0], "skills": ["approach_person", "approach_robot", "navigation", "operate_drawer"]}, {"avg_speed": 0.15, "battery_charge": 0.4863040833267539, "battery_discharge_rate": 0.0006000000000000001, "id": 4, "local_plan": [["navigation", ["IC Room 6", [[-39.44, 33.95, 0.0], [-37.0, 33.95], [-37.0, 18.93], [-33.9, 18.93, 3.14]]], "navto_room"], ["approach_person", ["nurse"], "approach_nurse"], ["authenticate_person", ["nurse"], "authenticate_nurse"], ["operate_drawer", ["open"], "open_drawer_for_nurse"], ["send_message", ["nurse"], "notify_nurse_of_open_drawer_for_nurse_completed"], ["wait_message", ["nurse"], "wait_nurse_to_complete_deposit"], ["operate_drawer", ["close"], "close_drawer_nurse"], ["navigation", ["Laboratory", [[-33.9, 18.93, 3.14], [-37.0, 18.93], [-37.0, 16.0], [-26.0, 16.0], [-26.0, 13.0, 1.57]]], "navto_lab"], ["approach_robot", ["lab_arm"], "approach_arm"], ["operate_drawer", ["open"], "open_drawer_lab"], ["send_message", ["lab_arm"], "notify_lab_arm_of_open_drawer_lab_completed"], ["wait_message", ["lab_arm"], "wait_lab_arm_to_complete_pick_up_sample"], ["operate_drawer", ["close"], "close_drawer_lab"]], "location": "IC Room 4", "name": "r4", "position": [-39.44, 33.95, 0.0], "skills": ["approach_person", "approach_robot", "authenticate_person", "navigation", "operate_drawer"]}, {"avg_speed": 0.15, "battery_charge": 0.7258412726774711, "battery_discharge_rate": 0.0002, "id": 5, "local_plan": null, "location": "PC Room 7", "name": "r5", "position": [-13.5, 18.0, -1.57], "skills": ["approach_person", "authenticate_person", "navigation", "operate_drawer"]}, {"avg_speed": 0.15, "battery_charge": 0.9109794326728246, "battery_discharge_rate": 0.00072, "id": 6, "local_plan": null, "location": "IC Room 5", "name": "r6", "position": [-32.88, 33.98, 3.14], "skills": ["approach_person", "approach_robot", "navigation", "operate_drawer"]}]
0.00, [DEBUG], logger, NURSES_CONFIG=[{"location": "IC Room 6", "position": [-32.9, 19.93, 3.14]}]
0.00, [DEBUG], logger, Simulation open
0.00, [DEBUG], logger, subcribing to in the topic /log
1.70, [DEBUG], None, [debug],turtlebot1,move-base-info,Move_base is up and ok....,
1.75, [DEBUG], None, [debug],turtlebot3,move-base-info,Move_base is up and ok....,
1.77, [DEBUG], None, [debug],turtlebot6,move-base-info,Move_base is up and ok....,
1.78, [DEBUG], None, [debug],turtlebot5,move-base-info,Move_base is up and ok....,
1.78, [DEBUG], None, [debug],turtlebot2,move-base-info,Move_base is up and ok....,
1.82, [DEBUG], None, [debug],turtlebot4,move-base-info,Move_base is up and ok....,
7.40, [DEBUG], turtlebot5, {"param_list": [], "skill": "init_robobt", "skill-life-cycle": "RUNNING", "label": "init_robobt"}
7.42, [DEBUG], turtlebot2, {"param_list": [], "skill": "init_robobt", "skill-life-cycle": "RUNNING", "label": "init_robobt"}
7.42, [DEBUG], turtlebot4, {"param_list": [], "skill": "init_robobt", "skill-life-cycle": "RUNNING", "label": "init_robobt"}
7.42, [DEBUG], turtlebot3, {"param_list": [], "skill": "init_robobt", "skill-life-cycle": "RUNNING", "label": "init_robobt"}
7.47, [DEBUG], turtlebot6, {"param_list": [], "skill": "init_robobt", "skill-life-cycle": "RUNNING", "label": "init_robobt"}
9.28, [DEBUG], turtlebot1, {"param_list": [], "skill": "init_robobt", "skill-life-cycle": "SUCCESS", "label": "init_robobt"}
10.82, [DEBUG], turtlebot6, {"param_list": [], "skill": "init_robobt", "skill-life-cycle": "SUCCESS", "label": "init_robobt"}
10.93, [DEBUG], turtlebot3, {"param_list": [], "skill": "init_robobt", "skill-life-cycle": "SUCCESS", "label": "init_robobt"}
10.95, [DEBUG], turtlebot2, {"param_list": [], "skill": "init_robobt", "skill-life-cycle": "SUCCESS", "label": "init_robobt"}
10.97, [DEBUG], turtlebot5, {"param_list": [], "skill": "init_robobt", "skill-life-cycle": "SUCCESS", "label": "init_robobt"}
10.97, [DEBUG], turtlebot4, {"param_list": [], "skill": "init_robobt", "skill-life-cycle": "SUCCESS", "label": "init_robobt"}
10.97, [DEBUG], turtlebot4, "available-skills=['send_message', 'wait_message', 'approach_person', 'approach_robot', 'authenticate_person', 'navigation', 'operate_drawer']"
10.98, [DEBUG], turtlebot4, {"param_list": ["IC Room 6", [[-37.0, 33.95, -1.5707963267948966, true], [-37.0, 18.93, 0.0, true], [-33.9, 18.93, 3.14, false]]], "skill": "navigation", "skill-life-cycle": "STARTED", "label": "navto_room"}
21.38, [INFO], turtlebot2, {"y": "17.99", "x": "-19.02", "yaw": "-1.38"}
21.38, [INFO], turtlebot3, {"y": "21.48", "x": "-38.00", "yaw": "0.01"}
21.38, [INFO], turtlebot2, {"y": "17.99", "x": "-19.02", "yaw": "-1.38"}
21.38, [INFO], turtlebot5, {"y": "18.00", "x": "-13.50", "yaw": "-1.50"}
21.38, [INFO], turtlebot5, {"y": "18.00", "x": "-13.50", "yaw": "-1.50"}
21.38, [INFO], turtlebot6, {"y": "33.97", "x": "-32.89", "yaw": "-3.10"}
21.40, [INFO], turtlebot6, {"y": "33.97", "x": "-32.89", "yaw": "-3.10"}
21.40, [INFO], turtlebot4, {"y": "34.17", "x": "-39.03", "yaw": "0.60"}
21.42, [INFO], turtlebot4, {"y": "34.17", "x": "-39.03", "yaw": "0.60"}
21.42, [INFO], turtlebot1, {"y": "17.82", "x": "-11.46", "yaw": "-1.25"}
21.42, [INFO], turtlebot4, {"battery-level": "47.79%"}
21.43, [INFO], turtlebot1, {"y": "17.82", "x": "-11.46", "yaw": "-1.25"}
21.43, [INFO], turtlebot4, {"battery-level": "47.79%"}
36.38, [INFO], turtlebot4, {"y": "34.52", "x": "-37.83", "yaw": "-0.40"}
36.38, [INFO], turtlebot4, {"y": "34.52", "x": "-37.83", "yaw": "-0.40"}
36.38, [INFO], turtlebot3, {"y": "21.48", "x": "-38.00", "yaw": "0.01"}
36.38, [INFO], turtlebot3, {"y": "21.48", "x": "-38.00", "yaw": "0.01"}
36.38, [INFO], turtlebot2, {"y": "17.99", "x": "-19.01", "yaw": "-1.38"}
36.38, [INFO], turtlebot2, {"y": "17.99", "x": "-19.01", "yaw": "-1.38"}
36.38, [INFO], turtlebot4, {"battery-level": "46.95%"}
36.38, [INFO], turtlebot4, {"battery-level": "46.95%"}
36.40, [INFO], turtlebot1, {"y": "17.82", "x": "-11.46", "yaw": "-1.25"}
36.40, [INFO], turtlebot1, {"y": "17.82", "x": "-11.46", "yaw": "-1.25"}
36.40, [INFO], turtlebot6, {"y": "33.97", "x": "-32.89", "yaw": "-3.10"}
36.40, [INFO], turtlebot6, {"y": "33.97", "x": "-32.89", "yaw": "-3.10"}
44.60, [DEBUG], None, [debug],turtlebot4,move-base-info,Hooray, the base moved arrived,(x=-37;y=33.95)
44.60, [DEBUG], None, [debug],turtlebot4,move-base-info,Hooray, the base moved arrived,(x=-37;y=33.95)
44.63, [DEBUG], turtlebot4, {"status": "way-point-reached", "skill": "navigation", "percentage": "33.33%", "goingto": "IC Room 6"}
49.72, [DEBUG], turtlebot4, {"param_list": ["IC Room 6", [[-37.0, 33.95, -1.5707963267948966, true], [-37.0, 18.93, 0.0, true], [-33.9, 18.93, 3.14, false]]], "skill": "navigation", "skill-life-cycle": "RUNNING", "label": "navto_room"}
51.38, [INFO], turtlebot5, {"y": "18.00", "x": "-13.49", "yaw": "-1.48"}
51.38, [INFO], turtlebot5, {"y": "18.00", "x": "-13.49", "yaw": "-1.48"}
51.38, [INFO], turtlebot3, {"y": "21.48", "x": "-38.00", "yaw": "0.01"}
51.38, [INFO], turtlebot3, {"y": "21.48", "x": "-38.00", "yaw": "0.01"}
51.38, [INFO], turtlebot1, {"y": "17.82", "x": "-11.46", "yaw": "-1.25"}
51.38, [INFO], turtlebot1, {"y": "17.82", "x": "-11.46", "yaw": "-1.25"}
51.38, [INFO], turtlebot2, {"y": "17.99", "x": "-19.01", "yaw": "-1.38"}
51.38, [INFO], turtlebot2, {"y": "17.99", "x": "-19.01", "yaw": "-1.38"}
51.38, [INFO], turtlebot4, {"battery-level": "45.99%"}
51.40, [INFO], turtlebot4, {"battery-level": "45.99%"}
51.40, [INFO], turtlebot6, {"y": "33.97", "x": "-32.89", "yaw": "-3.10"}
51.40, [INFO], turtlebot6, {"y": "33.97", "x": "-32.89", "yaw": "-3.10"}
51.40, [INFO], turtlebot4, {"y": "33.89", "x": "-37.29", "yaw": "-0.98"}
51.40, [INFO], turtlebot4, {"y": "33.89", "x": "-37.29", "yaw": "-0.98"}
66.38, [INFO], turtlebot4, {"y": "31.84", "x": "-36.96", "yaw": "-1.58"}
66.38, [INFO], turtlebot4, {"y": "31.84", "x": "-36.96", "yaw": "-1.58"}
66.38, [INFO], turtlebot4, {"battery-level": "45.09%"}
66.38, [INFO], turtlebot4, {"battery-level": "45.09%"}
66.38, [INFO], turtlebot1, {"y": "17.82", "x": "-11.46", "yaw": "-1.25"}
66.38, [INFO], turtlebot1, {"y": "17.82", "x": "-11.46", "yaw": "-1.25"}
66.40, [INFO], turtlebot6, {"y": "33.97", "x": "-32.89", "yaw": "-3.10"}
66.40, [INFO], turtlebot6, {"y": "33.97", "x": "-32.89", "yaw": "-3.10"}
66.40, [INFO], turtlebot5, {"y": "18.00", "x": "-13.49", "yaw": "-1.47"}
66.40, [INFO], turtlebot5, {"y": "18.00", "x": "-13.49", "yaw": "-1.47"}
66.40, [INFO], turtlebot2, {"y": "17.99", "x": "-19.01", "yaw": "-1.38"}
66.40, [INFO], turtlebot2, {"y": "17.99", "x": "-19.01", "yaw": "-1.38"}
66.42, [INFO], turtlebot3, {"y": "21.48", "x": "-38.00", "yaw": "0.01"}
66.42, [INFO], turtlebot3, {"y": "21.48", "x": "-38.00", "yaw": "0.01"}
81.38, [INFO], turtlebot5, {"y": "18.00", "x": "-13.49", "yaw": "-1.45"}
81.38, [INFO], turtlebot5, {"y": "18.00", "x": "-13.49", "yaw": "-1.45"}
81.38, [INFO], turtlebot6, {"y": "33.97", "x": "-32.90", "yaw": "-3.10"}
81.38, [INFO], turtlebot6, {"y": "33.97", "x": "-32.90", "yaw": "-3.10"}
81.38, [INFO], turtlebot1, {"y": "17.82", "x": "-11.46", "yaw": "-1.25"}
81.38, [INFO], turtlebot1, {"y": "17.82", "x": "-11.46", "yaw": "-1.25"}
81.38, [INFO], turtlebot4, {"battery-level": "44.19%"}
81.38, [INFO], turtlebot4, {"battery-level": "44.19%"}
81.38, [INFO], turtlebot4, {"y": "29.36", "x": "-36.95", "yaw": "-1.54"}
81.38, [INFO], turtlebot4, {"y": "29.36", "x": "-36.95", "yaw": "-1.54"}
81.38, [INFO], turtlebot2, {"y": "17.99", "x": "-19.01", "yaw": "-1.38"}
81.40, [INFO], turtlebot2, {"y": "17.99", "x": "-19.01", "yaw": "-1.38"}
81.40, [INFO], turtlebot3, {"y": "21.48", "x": "-38.00", "yaw": "0.01"}
81.40, [INFO], turtlebot3, {"y": "21.48", "x": "-38.00", "yaw": "0.01"}
91.20, [DEBUG], turtlebot4, {"param_list": ["IC Room 6", [[-37.0, 33.95, -1.5707963267948966, true], [-37.0, 18.93, 0.0, true], [-33.9, 18.93, 3.14, false]]], "skill": "navigation", "skill-life-cycle": "RUNNING", "label": "navto_room"}
96.38, [INFO], turtlebot4, {"y": "26.87", "x": "-36.94", "yaw": "-1.61"}
96.38, [INFO], turtlebot5, {"y": "17.99", "x": "-13.49", "yaw": "-1.44"}
96.38, [INFO], turtlebot4, {"y": "26.87", "x": "-36.94", "yaw": "-1.61"}
96.38, [INFO], turtlebot5, {"y": "17.99", "x": "-13.49", "yaw": "-1.44"}
96.38, [INFO], turtlebot3, {"y": "21.48", "x": "-38.00", "yaw": "0.01"}
96.38, [INFO], turtlebot3, {"y": "21.48", "x": "-38.00", "yaw": "0.01"}
96.38, [INFO], turtlebot4, {"battery-level": "43.29%"}
96.38, [INFO], turtlebot4, {"battery-level": "43.29%"}
96.38, [INFO], turtlebot2, {"y": "17.99", "x": "-19.01", "yaw": "-1.38"}
96.38, [INFO], turtlebot2, {"y": "17.99", "x": "-19.01", "yaw": "-1.38"}
96.38, [INFO], turtlebot6, {"y": "33.97", "x": "-32.90", "yaw": "-3.10"}
96.38, [INFO], turtlebot6, {"y": "33.97", "x": "-32.90", "yaw": "-3.10"}
96.40, [INFO], turtlebot1, {"y": "17.82", "x": "-11.46", "yaw": "-1.25"}
96.40, [INFO], turtlebot1, {"y": "17.82", "x": "-11.46", "yaw": "-1.25"}
111.38, [INFO], turtlebot5, {"y": "17.99", "x": "-13.49", "yaw": "-1.42"}
111.38, [INFO], turtlebot1, {"y": "17.82", "x": "-11.46", "yaw": "-1.25"}
111.38, [INFO], turtlebot3, {"y": "21.48", "x": "-38.00", "yaw": "0.01"}
111.38, [INFO], turtlebot5, {"y": "17.99", "x": "-13.49", "yaw": "-1.42"}
111.38, [INFO], turtlebot1, {"y": "17.82", "x": "-11.46", "yaw": "-1.25"}
111.38, [INFO], turtlebot2, {"y": "17.99", "x": "-19.01", "yaw": "-1.38"}
111.38, [INFO], turtlebot3, {"y": "21.48", "x": "-38.00", "yaw": "0.01"}
111.38, [INFO], turtlebot6, {"y": "33.97", "x": "-32.90", "yaw": "-3.09"}
111.38, [INFO], turtlebot2, {"y": "17.99", "x": "-19.01", "yaw": "-1.38"}
111.38, [INFO], turtlebot4, {"y": "24.22", "x": "-37.10", "yaw": "-1.63"}
111.38, [INFO], turtlebot6, {"y": "33.97", "x": "-32.90", "yaw": "-3.09"}
111.40, [INFO], turtlebot4, {"battery-level": "42.39%"}
111.40, [INFO], turtlebot4, {"y": "24.22", "x": "-37.10", "yaw": "-1.63"}
111.40, [INFO], turtlebot4, {"battery-level": "42.39%"}
126.38, [INFO], turtlebot4, {"y": "21.58", "x": "-37.25", "yaw": "-1.63"}
126.38, [INFO], turtlebot4, {"y": "21.58", "x": "-37.25", "yaw": "-1.63"}
126.38, [INFO], turtlebot3, {"y": "21.48", "x": "-38.00", "yaw": "0.01"}
126.38, [INFO], turtlebot3, {"y": "21.48", "x": "-38.00", "yaw": "0.01"}
126.38, [INFO], turtlebot1, {"y": "17.82", "x": "-11.46", "yaw": "-1.25"}
126.38, [INFO], turtlebot1, {"y": "17.82", "x": "-11.46", "yaw": "-1.25"}
126.38, [INFO], turtlebot5, {"y": "17.99", "x": "-13.49", "yaw": "-1.40"}
126.38, [INFO], turtlebot5, {"y": "17.99", "x": "-13.49", "yaw": "-1.40"}
126.38, [INFO], turtlebot4, {"battery-level": "41.49%"}
126.38, [INFO], turtlebot4, {"battery-level": "41.49%"}
126.40, [INFO], turtlebot6, {"y": "33.97", "x": "-32.90", "yaw": "-3.09"}
126.40, [INFO], turtlebot6, {"y": "33.97", "x": "-32.90", "yaw": "-3.09"}
126.40, [INFO], turtlebot2, {"y": "17.99", "x": "-19.01", "yaw": "-1.38"}
126.42, [INFO], turtlebot2, {"y": "17.99", "x": "-19.01", "yaw": "-1.38"}
133.00, [DEBUG], turtlebot4, {"param_list": ["IC Room 6", [[-37.0, 33.95, -1.5707963267948966, true], [-37.0, 18.93, 0.0, true], [-33.9, 18.93, 3.14, false]]], "skill": "navigation", "skill-life-cycle": "RUNNING", "label": "navto_room"}
141.38, [INFO], turtlebot6, {"y": "33.97", "x": "-32.90", "yaw": "-3.09"}
141.38, [INFO], turtlebot6, {"y": "33.97", "x": "-32.90", "yaw": "-3.09"}
141.38, [INFO], turtlebot1, {"y": "17.82", "x": "-11.46", "yaw": "-1.25"}
141.38, [INFO], turtlebot1, {"y": "17.82", "x": "-11.46", "yaw": "-1.25"}
141.38, [INFO], turtlebot3, {"y": "21.48", "x": "-38.00", "yaw": "0.01"}
141.38, [INFO], turtlebot3, {"y": "21.48", "x": "-38.00", "yaw": "0.01"}
141.38, [INFO], turtlebot4, {"y": "19.26", "x": "-37.37", "yaw": "-0.94"}
141.38, [INFO], turtlebot4, {"y": "19.26", "x": "-37.37", "yaw": "-0.94"}
141.38, [INFO], turtlebot2, {"y": "17.99", "x": "-19.01", "yaw": "-1.38"}
141.40, [INFO], turtlebot2, {"y": "17.99", "x": "-19.01", "yaw": "-1.38"}
141.40, [INFO], turtlebot5, {"y": "17.98", "x": "-13.49", "yaw": "-1.38"}
141.40, [INFO], turtlebot4, {"battery-level": "40.59%"}
141.40, [INFO], turtlebot5, {"y": "17.98", "x": "-13.49", "yaw": "-1.38"}
141.40, [INFO], turtlebot4, {"battery-level": "40.59%"}
144.38, [DEBUG], None, [debug],turtlebot4,move-base-info,Hooray, the base moved arrived,(x=-37;y=18.93)
144.38, [DEBUG], None, [debug],turtlebot4,move-base-info,Hooray, the base moved arrived,(x=-37;y=18.93)
144.47, [DEBUG], turtlebot4, {"status": "way-point-reached", "skill": "navigation", "percentage": "66.67%", "goingto": "IC Room 6"}
156.38, [INFO], turtlebot4, {"y": "18.72", "x": "-36.83", "yaw": "-0.97"}
156.38, [INFO], turtlebot4, {"y": "18.72", "x": "-36.83", "yaw": "-0.97"}
156.38, [INFO], turtlebot2, {"y": "17.99", "x": "-19.01", "yaw": "-1.38"}
156.38, [INFO], turtlebot2, {"y": "17.99", "x": "-19.01", "yaw": "-1.38"}
156.38, [INFO], turtlebot4, {"battery-level": "39.75%"}
156.38, [INFO], turtlebot4, {"battery-level": "39.75%"}
156.38, [INFO], turtlebot1, {"y": "17.82", "x": "-11.46", "yaw": "-1.25"}
156.38, [INFO], turtlebot1, {"y": "17.82", "x": "-11.46", "yaw": "-1.25"}
156.38, [INFO], turtlebot6, {"y": "33.97", "x": "-32.90", "yaw": "-3.09"}
156.38, [INFO], turtlebot6, {"y": "33.97", "x": "-32.90", "yaw": "-3.09"}
156.38, [INFO], turtlebot3, {"y": "21.48", "x": "-38.00", "yaw": "0.01"}
156.40, [INFO], turtlebot5, {"y": "17.98", "x": "-13.48", "yaw": "-1.36"}
156.40, [INFO], turtlebot3, {"y": "21.48", "x": "-38.00", "yaw": "0.01"}
156.40, [INFO], turtlebot5, {"y": "17.98", "x": "-13.48", "yaw": "-1.36"}
171.38, [INFO], turtlebot6, {"y": "33.97", "x": "-32.90", "yaw": "-3.09"}
171.38, [INFO], turtlebot6, {"y": "33.97", "x": "-32.90", "yaw": "-3.09"}
171.38, [INFO], turtlebot3, {"y": "21.48", "x": "-38.00", "yaw": "0.01"}
171.38, [INFO], turtlebot5, {"y": "17.97", "x": "-13.48", "yaw": "-1.34"}
171.38, [INFO], turtlebot3, {"y": "21.48", "x": "-38.00", "yaw": "0.01"}
171.38, [INFO], turtlebot4, {"y": "17.85", "x": "-35.75", "yaw": "-0.24"}
171.38, [INFO], turtlebot5, {"y": "17.97", "x": "-13.48", "yaw": "-1.34"}
171.38, [INFO], turtlebot2, {"y": "17.99", "x": "-19.01", "yaw": "-1.38"}
171.40, [INFO], turtlebot4, {"y": "17.85", "x": "-35.75", "yaw": "-0.24"}
171.40, [INFO], turtlebot1, {"y": "17.82", "x": "-11.46", "yaw": "-1.25"}
171.40, [INFO], turtlebot2, {"y": "17.99", "x": "-19.01", "yaw": "-1.38"}
171.40, [INFO], turtlebot1, {"y": "17.82", "x": "-11.46", "yaw": "-1.25"}
171.40, [INFO], turtlebot4, {"battery-level": "38.79%"}
171.40, [INFO], turtlebot4, {"battery-level": "38.79%"}
175.00, [DEBUG], turtlebot4, {"param_list": ["IC Room 6", [[-37.0, 33.95, -1.5707963267948966, true], [-37.0, 18.93, 0.0, true], [-33.9, 18.93, 3.14, false]]], "skill": "navigation", "skill-life-cycle": "RUNNING", "label": "navto_room"}
186.38, [INFO], turtlebot6, {"y": "33.97", "x": "-32.90", "yaw": "-3.09"}
186.38, [INFO], turtlebot6, {"y": "33.97", "x": "-32.90", "yaw": "-3.09"}
186.38, [INFO], turtlebot4, {"battery-level": "37.95%"}
186.38, [INFO], turtlebot4, {"battery-level": "37.95%"}
186.38, [INFO], turtlebot2, {"y": "17.99", "x": "-19.01", "yaw": "-1.38"}
186.38, [INFO], turtlebot2, {"y": "17.99", "x": "-19.01", "yaw": "-1.38"}
186.38, [INFO], turtlebot5, {"y": "17.97", "x": "-13.48", "yaw": "-1.32"}
186.38, [INFO], turtlebot5, {"y": "17.97", "x": "-13.48", "yaw": "-1.32"}
186.38, [INFO], turtlebot4, {"y": "18.29", "x": "-34.57", "yaw": "0.72"}
186.38, [INFO], turtlebot4, {"y": "18.29", "x": "-34.57", "yaw": "0.72"}
186.40, [INFO], turtlebot3, {"y": "21.48", "x": "-38.00", "yaw": "0.01"}
186.40, [INFO], turtlebot3, {"y": "21.48", "x": "-38.00", "yaw": "0.01"}
186.40, [INFO], turtlebot1, {"y": "17.82", "x": "-11.46", "yaw": "-1.25"}
186.40, [INFO], turtlebot1, {"y": "17.82", "x": "-11.46", "yaw": "-1.25"}
196.38, [DEBUG], None, [debug],turtlebot4,move-base-info,Hooray, the base moved arrived,(x=-33.9;y=18.93)
196.38, [DEBUG], None, [debug],turtlebot4,move-base-info,Hooray, the base moved arrived,(x=-33.9;y=18.93)
196.47, [DEBUG], turtlebot4, {"status": "way-point-reached", "skill": "navigation", "percentage": "100.00%", "goingto": "IC Room 6"}
196.55, [DEBUG], turtlebot4, {"param_list": ["IC Room 6", [[-37.0, 33.95, -1.5707963267948966, true], [-37.0, 18.93, 0.0, true], [-33.9, 18.93, 3.14, false]]], "skill": "navigation", "skill-life-cycle": "SUCCESS", "label": "navto_room"}
196.55, [DEBUG], turtlebot4, "available-skills=['send_message', 'wait_message', 'approach_person', 'approach_robot', 'authenticate_person', 'navigation', 'operate_drawer']"
196.55, [DEBUG], turtlebot4, {"param_list": ["nurse"], "skill": "approach_person", "skill-life-cycle": "STARTED", "label": "approach_nurse"}
196.58, [DEBUG], turtlebot4, {"status": "localize-person", "skill": "approach-person", "who": "nurse"}
196.82, [DEBUG], turtlebot4, {"status": "goto-person", "skill": "approach-person", "who": "nurse"}
196.88, [DEBUG], turtlebot4, {"param_list": ["nurse"], "skill": "approach_person", "skill-life-cycle": "SUCCESS", "label": "approach_nurse"}
196.88, [DEBUG], turtlebot4, "available-skills=['send_message', 'wait_message', 'approach_person', 'approach_robot', 'authenticate_person', 'navigation', 'operate_drawer']"
196.88, [DEBUG], turtlebot4, {"param_list": ["nurse"], "skill": "authenticate_person", "skill-life-cycle": "STARTED", "label": "authenticate_nurse"}
196.95, [DEBUG], turtlebot4, {"status": "request-authentication", "to": "nurse", "skill": "authenticate-person"}
196.95, [INFO], nurse, {"status": "message-received", "skill": "athentication-request"}
196.95, [INFO], nurse, {"status": "message-received", "skill": "athentication-request"}
197.28, [DEBUG], turtlebot4, {"status": "received-authentication", "skill": "authenticate-person", "from": "nurse"}
197.38, [DEBUG], turtlebot4, {"param_list": ["nurse"], "skill": "authenticate_person", "skill-life-cycle": "SUCCESS", "label": "authenticate_nurse"}
197.38, [DEBUG], turtlebot4, "available-skills=['send_message', 'wait_message', 'approach_person', 'approach_robot', 'authenticate_person', 'navigation', 'operate_drawer']"
197.38, [DEBUG], turtlebot4, {"param_list": ["open"], "skill": "operate_drawer", "skill-life-cycle": "STARTED", "label": "open_drawer_for_nurse"}
197.47, [DEBUG], turtlebot4, {"status": "task-update", "action": "open", "skill": "operate-drawer"}
198.27, [DEBUG], turtlebot4, {"param_list": ["open"], "skill": "operate_drawer", "skill-life-cycle": "SUCCESS", "label": "open_drawer_for_nurse"}
198.27, [DEBUG], turtlebot4, "available-skills=['send_message', 'wait_message', 'approach_person', 'approach_robot', 'authenticate_person', 'navigation', 'operate_drawer']"
198.27, [DEBUG], turtlebot4, {"param_list": ["nurse"], "skill": "send_message", "skill-life-cycle": "STARTED", "label": "notify_nurse_of_open_drawer_for_nurse_completed"}
198.37, [INFO], turtlebot4, {"to": "nurse", "skill": "send-message"}
199.10, [INFO], nurse, {"status": "message-received", "skill": "wait-message"}
199.28, [INFO], nurse, {"status": "message-received", "skill": "wait-message"}
201.37, [DEBUG], turtlebot4, {"param_list": ["nurse"], "skill": "send_message", "skill-life-cycle": "SUCCESS", "label": "notify_nurse_of_open_drawer_for_nurse_completed"}
201.37, [DEBUG], turtlebot4, "available-skills=['send_message', 'wait_message', 'approach_person', 'approach_robot', 'authenticate_person', 'navigation', 'operate_drawer']"
201.37, [DEBUG], turtlebot4, {"param_list": ["nurse"], "skill": "wait_message", "skill-life-cycle": "STARTED", "label": "wait_nurse_to_complete_deposit"}
201.38, [INFO], turtlebot2, {"y": "17.99", "x": "-19.01", "yaw": "-1.38"}
201.38, [INFO], turtlebot6, {"y": "33.97", "x": "-32.90", "yaw": "-3.09"}
201.38, [INFO], turtlebot3, {"y": "21.48", "x": "-38.01", "yaw": "0.03"}
201.38, [INFO], turtlebot4, {"y": "18.63", "x": "-34.20", "yaw": "3.10"}
201.38, [INFO], turtlebot2, {"y": "17.99", "x": "-19.01", "yaw": "-1.38"}
201.38, [INFO], turtlebot5, {"y": "17.97", "x": "-13.48", "yaw": "-1.30"}
201.38, [INFO], turtlebot4, {"battery-level": "36.99%"}
201.38, [INFO], turtlebot6, {"y": "33.97", "x": "-32.90", "yaw": "-3.09"}
201.38, [INFO], turtlebot4, {"y": "18.63", "x": "-34.20", "yaw": "3.10"}
201.38, [INFO], turtlebot5, {"y": "17.97", "x": "-13.48", "yaw": "-1.30"}
201.40, [INFO], turtlebot4, {"battery-level": "36.99%"}
203.10, [INFO], turtlebot4, {"status": "message-received", "skill": "wait-message"}
203.18, [DEBUG], turtlebot4, {"param_list": ["nurse"], "skill": "wait_message", "skill-life-cycle": "SUCCESS", "label": "wait_nurse_to_complete_deposit"}
203.18, [DEBUG], turtlebot4, "available-skills=['send_message', 'wait_message', 'approach_person', 'approach_robot', 'authenticate_person', 'navigation', 'operate_drawer']"
203.18, [DEBUG], turtlebot4, {"param_list": ["close"], "skill": "operate_drawer", "skill-life-cycle": "STARTED", "label": "close_drawer_nurse"}
203.23, [DEBUG], turtlebot4, {"status": "task-update", "action": "close", "skill": "operate-drawer"}
204.03, [DEBUG], turtlebot4, {"param_list": ["close"], "skill": "operate_drawer", "skill-life-cycle": "SUCCESS", "label": "close_drawer_nurse"}
204.03, [DEBUG], turtlebot4, "available-skills=['send_message', 'wait_message', 'approach_person', 'approach_robot', 'authenticate_person', 'navigation', 'operate_drawer']"
204.03, [DEBUG], turtlebot4, {"param_list": ["Laboratory", [[-37.0, 18.93, -1.5707963267948966, true], [-37.0, 16.0, 0.0, true], [-26.0, 16.0, -1.5707963267948966, true], [-26.0, 13.0, 1.57, false]]], "skill": "navigation", "skill-life-cycle": "STARTED", "label": "navto_lab"}
209.08, [INFO], nurse, {"status": "message-received", "skill": "wait-message"}
209.08, [INFO], nurse, {"status": "message-received", "skill": "wait-message"}
216.38, [INFO], turtlebot1, {"y": "17.82", "x": "-11.46", "yaw": "-1.25"}
216.38, [INFO], turtlebot1, {"y": "17.82", "x": "-11.46", "yaw": "-1.25"}
216.38, [INFO], turtlebot5, {"y": "17.96", "x": "-13.47", "yaw": "-1.28"}
216.38, [INFO], turtlebot5, {"y": "17.96", "x": "-13.47", "yaw": "-1.28"}
216.38, [INFO], turtlebot4, {"y": "18.06", "x": "-34.95", "yaw": "-2.87"}
216.38, [INFO], turtlebot4, {"y": "18.06", "x": "-34.95", "yaw": "-2.87"}
216.38, [INFO], turtlebot3, {"y": "21.48", "x": "-38.02", "yaw": "0.03"}
216.38, [INFO], turtlebot3, {"y": "21.48", "x": "-38.02", "yaw": "0.03"}
216.38, [INFO], turtlebot4, {"battery-level": "36.09%"}
216.38, [INFO], turtlebot4, {"battery-level": "36.09%"}
216.40, [INFO], turtlebot2, {"y": "17.99", "x": "-19.01", "yaw": "-1.38"}
216.40, [INFO], turtlebot2, {"y": "17.99", "x": "-19.01", "yaw": "-1.38"}
216.40, [INFO], turtlebot6, {"y": "33.97", "x": "-32.91", "yaw": "-3.08"}
216.40, [INFO], turtlebot6, {"y": "33.97", "x": "-32.91", "yaw": "-3.08"}
216.95, [INFO], nurse, {"status": "waiting", "skill": "athentication-sent"}
216.95, [INFO], nurse, {"status": "waiting", "skill": "athentication-sent"}
218.28, [DEBUG], turtlebot4, {"param_list": ["Laboratory", [[-37.0, 18.93, -1.5707963267948966, true], [-37.0, 16.0, 0.0, true], [-26.0, 16.0, -1.5707963267948966, true], [-26.0, 13.0, 1.57, false]]], "skill": "navigation", "skill-life-cycle": "RUNNING", "label": "navto_lab"}
219.08, [INFO], nurse, {"status": "message-received", "skill": "wait-message"}
219.08, [INFO], nurse, {"status": "message-received", "skill": "wait-message"}
229.08, [INFO], nurse, {"status": "message-received", "skill": "wait-message"}
229.08, [INFO], nurse, {"status": "message-received", "skill": "wait-message"}
231.38, [INFO], turtlebot4, {"battery-level": "35.25%"}
231.38, [INFO], turtlebot1, {"y": "17.82", "x": "-11.46", "yaw": "-1.25"}
231.38, [INFO], turtlebot4, {"battery-level": "35.25%"}
231.38, [INFO], turtlebot1, {"y": "17.82", "x": "-11.46", "yaw": "-1.25"}
231.38, [INFO], turtlebot6, {"y": "33.97", "x": "-32.91", "yaw": "-3.07"}
231.38, [INFO], turtlebot6, {"y": "33.97", "x": "-32.91", "yaw": "-3.07"}
231.38, [INFO], turtlebot3, {"y": "21.49", "x": "-38.03", "yaw": "0.03"}
231.38, [INFO], turtlebot3, {"y": "21.49", "x": "-38.03", "yaw": "0.03"}
231.38, [INFO], turtlebot5, {"y": "17.96", "x": "-13.47", "yaw": "-1.26"}
231.38, [INFO], turtlebot5, {"y": "17.96", "x": "-13.47", "yaw": "-1.26"}
231.38, [INFO], turtlebot4, {"y": "18.54", "x": "-36.86", "yaw": "-1.90"}
231.38, [INFO], turtlebot4, {"y": "18.54", "x": "-36.86", "yaw": "-1.90"}
232.67, [DEBUG], None, [debug],turtlebot4,move-base-info,Hooray, the base moved arrived,(x=-37;y=18.93)
232.67, [DEBUG], None, [debug],turtlebot4,move-base-info,Hooray, the base moved arrived,(x=-37;y=18.93)
232.68, [DEBUG], turtlebot4, {"status": "way-point-reached", "skill": "navigation", "percentage": "25.00%", "goingto": "Laboratory"}
246.38, [INFO], turtlebot4, {"battery-level": "34.35%"}
246.38, [INFO], turtlebot5, {"y": "17.96", "x": "-13.47", "yaw": "-1.24"}
246.38, [INFO], turtlebot2, {"y": "17.99", "x": "-19.01", "yaw": "-1.37"}
246.38, [INFO], turtlebot4, {"y": "17.09", "x": "-36.71", "yaw": "-1.61"}
246.38, [INFO], turtlebot5, {"y": "17.96", "x": "-13.47", "yaw": "-1.24"}
246.38, [INFO], turtlebot1, {"y": "17.82", "x": "-11.46", "yaw": "-1.25"}
246.38, [INFO], turtlebot4, {"y": "17.09", "x": "-36.71", "yaw": "-1.61"}
246.40, [INFO], turtlebot6, {"y": "33.97", "x": "-32.91", "yaw": "-3.07"}
246.42, [INFO], turtlebot3, {"y": "21.49", "x": "-38.04", "yaw": "0.03"}
246.42, [INFO], turtlebot1, {"y": "17.82", "x": "-11.46", "yaw": "-1.25"}
246.42, [INFO], turtlebot6, {"y": "33.97", "x": "-32.91", "yaw": "-3.07"}
246.42, [INFO], turtlebot3, {"y": "21.49", "x": "-38.04", "yaw": "0.03"}
254.88, [DEBUG], None, [debug],turtlebot4,move-base-info,Hooray, the base moved arrived,(x=-37;y=16)
254.88, [DEBUG], None, [debug],turtlebot4,move-base-info,Hooray, the base moved arrived,(x=-37;y=16)
255.00, [DEBUG], turtlebot4, {"status": "way-point-reached", "skill": "navigation", "percentage": "50.00%", "goingto": "Laboratory"}
260.90, [DEBUG], turtlebot4, {"param_list": ["Laboratory", [[-37.0, 18.93, -1.5707963267948966, true], [-37.0, 16.0, 0.0, true], [-26.0, 16.0, -1.5707963267948966, true], [-26.0, 13.0, 1.57, false]]], "skill": "navigation", "skill-life-cycle": "RUNNING", "label": "navto_lab"}
261.38, [INFO], turtlebot3, {"y": "21.50", "x": "-38.05", "yaw": "0.03"}
261.38, [INFO], turtlebot5, {"y": "17.95", "x": "-13.46", "yaw": "-1.22"}
261.38, [INFO], turtlebot3, {"y": "21.50", "x": "-38.05", "yaw": "0.03"}
261.38, [INFO], turtlebot5, {"y": "17.95", "x": "-13.46", "yaw": "-1.22"}
261.38, [INFO], turtlebot4, {"y": "16.34", "x": "-36.69", "yaw": "-0.87"}
261.38, [INFO], turtlebot4, {"y": "16.34", "x": "-36.69", "yaw": "-0.87"}
261.38, [INFO], turtlebot6, {"y": "33.97", "x": "-32.91", "yaw": "-3.06"}
261.38, [INFO], turtlebot6, {"y": "33.97", "x": "-32.91", "yaw": "-3.06"}
261.40, [INFO], turtlebot1, {"y": "17.82", "x": "-11.46", "yaw": "-1.25"}
261.40, [INFO], turtlebot1, {"y": "17.82", "x": "-11.46", "yaw": "-1.25"}
276.38, [INFO], turtlebot4, {"y": "15.40", "x": "-35.64", "yaw": "-0.37"}
276.38, [INFO], turtlebot3, {"y": "21.50", "x": "-38.07", "yaw": "0.03"}
276.38, [INFO], turtlebot5, {"y": "17.95", "x": "-13.46", "yaw": "-1.20"}
276.38, [INFO], turtlebot2, {"y": "17.99", "x": "-19.01", "yaw": "-1.37"}
276.38, [INFO], turtlebot3, {"y": "21.50", "x": "-38.07", "yaw": "0.03"}
276.38, [INFO], turtlebot1, {"y": "17.82", "x": "-11.46", "yaw": "-1.25"}
276.38, [INFO], turtlebot4, {"battery-level": "32.49%"}
276.38, [INFO], turtlebot2, {"y": "17.99", "x": "-19.01", "yaw": "-1.37"}
276.38, [INFO], turtlebot6, {"y": "33.98", "x": "-32.92", "yaw": "-3.06"}
276.38, [INFO], turtlebot1, {"y": "17.82", "x": "-11.46", "yaw": "-1.25"}
276.38, [INFO], turtlebot4, {"battery-level": "32.49%"}
276.38, [INFO], turtlebot6, {"y": "33.98", "x": "-32.92", "yaw": "-3.06"}
291.38, [INFO], turtlebot2, {"y": "17.99", "x": "-19.00", "yaw": "-1.37"}
291.38, [INFO], turtlebot2, {"y": "17.99", "x": "-19.00", "yaw": "-1.37"}
291.38, [INFO], turtlebot1, {"y": "17.82", "x": "-11.46", "yaw": "-1.25"}
291.38, [INFO], turtlebot1, {"y": "17.82", "x": "-11.46", "yaw": "-1.25"}
291.38, [INFO], turtlebot6, {"y": "33.98", "x": "-32.92", "yaw": "-3.05"}
291.38, [INFO], turtlebot6, {"y": "33.98", "x": "-32.92", "yaw": "-3.05"}
291.38, [INFO], turtlebot4, {"battery-level": "31.59%"}
291.38, [INFO], turtlebot4, {"battery-level": "31.59%"}
291.38, [INFO], turtlebot3, {"y": "21.50", "x": "-38.10", "yaw": "0.03"}
291.38, [INFO], turtlebot3, {"y": "21.50", "x": "-38.10", "yaw": "0.03"}
291.38, [INFO], turtlebot4, {"y": "15.30", "x": "-34.39", "yaw": "-0.00"}
291.38, [INFO], turtlebot4, {"y": "15.30", "x": "-34.39", "yaw": "-0.00"}
291.40, [INFO], turtlebot5, {"y": "17.95", "x": "-13.46", "yaw": "-1.18"}
291.40, [INFO], turtlebot5, {"y": "17.95", "x": "-13.46", "yaw": "-1.18"}
302.23, [DEBUG], turtlebot4, {"param_list": ["Laboratory", [[-37.0, 18.93, -1.5707963267948966, true], [-37.0, 16.0, 0.0, true], [-26.0, 16.0, -1.5707963267948966, true], [-26.0, 13.0, 1.57, false]]], "skill": "navigation", "skill-life-cycle": "RUNNING", "label": "navto_lab"}
306.38, [INFO], turtlebot4, {"battery-level": "30.75%"}
306.38, [INFO], turtlebot4, {"battery-level": "30.75%"}
306.38, [INFO], turtlebot1, {"y": "17.82", "x": "-11.47", "yaw": "-1.25"}
306.38, [INFO], turtlebot1, {"y": "17.82", "x": "-11.47", "yaw": "-1.25"}
306.38, [INFO], turtlebot6, {"y": "33.98", "x": "-32.92", "yaw": "-3.05"}
306.38, [INFO], turtlebot6, {"y": "33.98", "x": "-32.92", "yaw": "-3.05"}
306.38, [INFO], turtlebot3, {"y": "21.50", "x": "-38.13", "yaw": "0.03"}
306.38, [INFO], turtlebot3, {"y": "21.50", "x": "-38.13", "yaw": "0.03"}
306.38, [INFO], turtlebot2, {"y": "17.99", "x": "-19.00", "yaw": "-1.37"}
306.38, [INFO], turtlebot2, {"y": "17.99", "x": "-19.00", "yaw": "-1.37"}
306.40, [INFO], turtlebot5, {"y": "17.94", "x": "-13.45", "yaw": "-1.16"}
306.40, [INFO], turtlebot5, {"y": "17.94", "x": "-13.45", "yaw": "-1.16"}
306.40, [INFO], turtlebot4, {"y": "15.30", "x": "-33.14", "yaw": "-0.01"}
306.40, [INFO], turtlebot4, {"y": "15.30", "x": "-33.14", "yaw": "-0.01"}
321.38, [INFO], turtlebot4, {"battery-level": "29.85%"}
321.38, [INFO], turtlebot4, {"battery-level": "29.85%"}
321.38, [INFO], turtlebot4, {"y": "15.34", "x": "-31.89", "yaw": "-0.03"}
321.38, [INFO], turtlebot4, {"y": "15.34", "x": "-31.89", "yaw": "-0.03"}
321.38, [INFO], turtlebot3, {"y": "21.50", "x": "-38.14", "yaw": "0.03"}
321.38, [INFO], turtlebot3, {"y": "21.50", "x": "-38.14", "yaw": "0.03"}
321.38, [INFO], turtlebot2, {"y": "17.99", "x": "-19.00", "yaw": "-1.37"}
321.38, [INFO], turtlebot2, {"y": "17.99", "x": "-19.00", "yaw": "-1.37"}
321.40, [INFO], turtlebot1, {"y": "17.82", "x": "-11.47", "yaw": "-1.25"}
321.40, [INFO], turtlebot1, {"y": "17.82", "x": "-11.47", "yaw": "-1.25"}
321.40, [INFO], turtlebot6, {"y": "33.98", "x": "-32.92", "yaw": "-3.06"}
321.42, [INFO], turtlebot6, {"y": "33.98", "x": "-32.92", "yaw": "-3.06"}
321.42, [INFO], turtlebot5, {"y": "17.94", "x": "-13.45", "yaw": "-1.14"}
321.42, [INFO], turtlebot5, {"y": "17.94", "x": "-13.45", "yaw": "-1.14"}
336.38, [INFO], turtlebot1, {"y": "17.82", "x": "-11.47", "yaw": "-1.25"}
336.38, [INFO], turtlebot1, {"y": "17.82", "x": "-11.47", "yaw": "-1.25"}
336.38, [INFO], turtlebot4, {"y": "15.47", "x": "-30.65", "yaw": "0.17"}
336.38, [INFO], turtlebot4, {"y": "15.47", "x": "-30.65", "yaw": "0.17"}
336.38, [INFO], turtlebot3, {"y": "21.51", "x": "-38.15", "yaw": "0.04"}
336.38, [INFO], turtlebot3, {"y": "21.51", "x": "-38.15", "yaw": "0.04"}
336.38, [INFO], turtlebot4, {"battery-level": "28.95%"}
336.38, [INFO], turtlebot4, {"battery-level": "28.95%"}
336.40, [INFO], turtlebot5, {"y": "17.94", "x": "-13.44", "yaw": "-1.14"}
336.40, [INFO], turtlebot5, {"y": "17.94", "x": "-13.44", "yaw": "-1.14"}
336.40, [INFO], turtlebot6, {"y": "33.98", "x": "-32.92", "yaw": "-3.06"}
336.40, [INFO], turtlebot2, {"y": "17.99", "x": "-19.00", "yaw": "-1.37"}
336.40, [INFO], turtlebot6, {"y": "33.98", "x": "-32.92", "yaw": "-3.06"}
336.42, [INFO], turtlebot2, {"y": "17.99", "x": "-19.00", "yaw": "-1.37"}
343.45, [DEBUG], turtlebot4, {"param_list": ["Laboratory", [[-37.0, 18.93, -1.5707963267948966, true], [-37.0, 16.0, 0.0, true], [-26.0, 16.0, -1.5707963267948966, true], [-26.0, 13.0, 1.57, false]]], "skill": "navigation", "skill-life-cycle": "RUNNING", "label": "navto_lab"}
351.38, [INFO], turtlebot1, {"y": "17.82", "x": "-11.47", "yaw": "-1.25"}
351.38, [INFO], turtlebot2, {"y": "17.99", "x": "-19.00", "yaw": "-1.37"}
351.38, [INFO], turtlebot5, {"y": "17.94", "x": "-13.44", "yaw": "-1.13"}
351.38, [INFO], turtlebot2, {"y": "17.99", "x": "-19.00", "yaw": "-1.37"}
351.38, [INFO], turtlebot4, {"battery-level": "27.99%"}
351.38, [INFO], turtlebot5, {"y": "17.94", "x": "-13.44", "yaw": "-1.13"}
351.38, [INFO], turtlebot4, {"y": "15.56", "x": "-29.41", "yaw": "-0.02"}
351.38, [INFO], turtlebot4, {"battery-level": "27.99%"}
351.38, [INFO], turtlebot3, {"y": "21.51", "x": "-38.15", "yaw": "0.05"}
351.38, [INFO], turtlebot4, {"y": "15.56", "x": "-29.41", "yaw": "-0.02"}
351.38, [INFO], turtlebot3, {"y": "21.51", "x": "-38.15", "yaw": "0.05"}
351.38, [INFO], turtlebot6, {"y": "33.98", "x": "-32.93", "yaw": "-3.06"}
351.38, [INFO], turtlebot6, {"y": "33.98", "x": "-32.93", "yaw": "-3.06"}
366.38, [INFO], turtlebot6, {"y": "33.98", "x": "-32.93", "yaw": "-3.06"}
366.38, [INFO], turtlebot6, {"y": "33.98", "x": "-32.93", "yaw": "-3.06"}
366.38, [INFO], turtlebot3, {"y": "21.51", "x": "-38.15", "yaw": "0.07"}
366.38, [INFO], turtlebot3, {"y": "21.51", "x": "-38.15", "yaw": "0.07"}
366.38, [INFO], turtlebot4, {"y": "15.56", "x": "-28.15", "yaw": "0.00"}
366.38, [INFO], turtlebot4, {"y": "15.56", "x": "-28.15", "yaw": "0.00"}
366.38, [INFO], turtlebot4, {"battery-level": "27.15%"}
366.38, [INFO], turtlebot4, {"battery-level": "27.15%"}
366.38, [INFO], turtlebot5, {"y": "17.94", "x": "-13.44", "yaw": "-1.12"}
366.38, [INFO], turtlebot5, {"y": "17.94", "x": "-13.44", "yaw": "-1.12"}
366.40, [INFO], turtlebot1, {"y": "17.82", "x": "-11.47", "yaw": "-1.25"}
366.40, [INFO], turtlebot2, {"y": "17.99", "x": "-19.00", "yaw": "-1.37"}
366.40, [INFO], turtlebot1, {"y": "17.82", "x": "-11.47", "yaw": "-1.25"}
366.40, [INFO], turtlebot2, {"y": "17.99", "x": "-19.00", "yaw": "-1.37"}
381.38, [INFO], turtlebot2, {"y": "17.99", "x": "-19.00", "yaw": "-1.37"}
381.38, [INFO], turtlebot4, {"battery-level": "26.19%"}
381.38, [INFO], turtlebot4, {"battery-level": "26.19%"}
381.38, [INFO], turtlebot4, {"y": "15.84", "x": "-26.92", "yaw": "0.18"}
381.38, [INFO], turtlebot4, {"y": "15.84", "x": "-26.92", "yaw": "0.18"}
381.38, [INFO], turtlebot3, {"y": "21.51", "x": "-38.15", "yaw": "0.10"}
381.38, [INFO], turtlebot3, {"y": "21.51", "x": "-38.15", "yaw": "0.10"}
381.38, [INFO], turtlebot6, {"y": "33.98", "x": "-32.93", "yaw": "-3.06"}
381.38, [INFO], turtlebot6, {"y": "33.98", "x": "-32.93", "yaw": "-3.06"}
381.38, [INFO], turtlebot1, {"y": "17.82", "x": "-11.47", "yaw": "-1.25"}
381.40, [INFO], turtlebot1, {"y": "17.82", "x": "-11.47", "yaw": "-1.25"}
381.40, [INFO], turtlebot5, {"y": "17.93", "x": "-13.44", "yaw": "-1.11"}
381.40, [INFO], turtlebot5, {"y": "17.93", "x": "-13.44", "yaw": "-1.11"}
385.03, [DEBUG], turtlebot4, {"param_list": ["Laboratory", [[-37.0, 18.93, -1.5707963267948966, true], [-37.0, 16.0, 0.0, true], [-26.0, 16.0, -1.5707963267948966, true], [-26.0, 13.0, 1.57, false]]], "skill": "navigation", "skill-life-cycle": "RUNNING", "label": "navto_lab"}
391.38, [DEBUG], None, [debug],turtlebot4,move-base-info,Hooray, the base moved arrived,(x=-26;y=16)
391.38, [DEBUG], None, [debug],turtlebot4,move-base-info,Hooray, the base moved arrived,(x=-26;y=16)
391.50, [DEBUG], turtlebot4, {"status": "way-point-reached", "skill": "navigation", "percentage": "75.00%", "goingto": "Laboratory"}
396.38, [INFO], turtlebot3, {"y": "21.52", "x": "-38.15", "yaw": "0.13"}
396.38, [INFO], turtlebot3, {"y": "21.52", "x": "-38.15", "yaw": "0.13"}
396.38, [INFO], turtlebot5, {"y": "17.93", "x": "-13.43", "yaw": "-1.10"}
396.38, [INFO], turtlebot4, {"battery-level": "25.35%"}
396.38, [INFO], turtlebot5, {"y": "17.93", "x": "-13.43", "yaw": "-1.10"}
396.38, [INFO], turtlebot4, {"battery-level": "25.35%"}
396.38, [INFO], turtlebot1, {"y": "17.82", "x": "-11.47", "yaw": "-1.25"}
396.38, [INFO], turtlebot1, {"y": "17.82", "x": "-11.47", "yaw": "-1.25"}
396.38, [INFO], turtlebot2, {"y": "17.99", "x": "-19.00", "yaw": "-1.37"}
396.38, [INFO], turtlebot4, {"y": "15.84", "x": "-26.43", "yaw": "-1.47"}
396.38, [INFO], turtlebot2, {"y": "17.99", "x": "-19.00", "yaw": "-1.37"}
396.40, [INFO], turtlebot6, {"y": "33.98", "x": "-32.93", "yaw": "-3.06"}
396.40, [INFO], turtlebot4, {"y": "15.84", "x": "-26.43", "yaw": "-1.47"}
396.40, [INFO], turtlebot6, {"y": "33.98", "x": "-32.93", "yaw": "-3.06"}
411.38, [INFO], turtlebot5, {"y": "17.93", "x": "-13.43", "yaw": "-1.10"}
411.38, [INFO], turtlebot5, {"y": "17.93", "x": "-13.43", "yaw": "-1.10"}
411.38, [INFO], turtlebot4, {"battery-level": "24.45%"}
411.38, [INFO], turtlebot4, {"battery-level": "24.45%"}
411.38, [INFO], turtlebot3, {"y": "21.52", "x": "-38.16", "yaw": "0.16"}
411.38, [INFO], turtlebot3, {"y": "21.52", "x": "-38.16", "yaw": "0.16"}
411.38, [INFO], turtlebot2, {"y": "17.98", "x": "-19.00", "yaw": "-1.37"}
411.38, [INFO], turtlebot2, {"y": "17.98", "x": "-19.00", "yaw": "-1.37"}
411.38, [INFO], turtlebot4, {"y": "14.19", "x": "-26.07", "yaw": "-1.16"}
411.40, [INFO], turtlebot4, {"y": "14.19", "x": "-26.07", "yaw": "-1.16"}
411.40, [INFO], turtlebot1, {"y": "17.82", "x": "-11.47", "yaw": "-1.25"}
411.40, [INFO], turtlebot1, {"y": "17.82", "x": "-11.47", "yaw": "-1.25"}
411.40, [INFO], turtlebot6, {"y": "33.98", "x": "-32.93", "yaw": "-3.06"}
411.40, [INFO], turtlebot6, {"y": "33.98", "x": "-32.93", "yaw": "-3.06"}
424.75, [DEBUG], None, [debug],turtlebot4,move-base-info,Hooray, the base moved arrived,(x=-26;y=13)
424.75, [DEBUG], None, [debug],turtlebot4,move-base-info,Hooray, the base moved arrived,(x=-26;y=13)
424.92, [DEBUG], turtlebot4, {"status": "way-point-reached", "skill": "navigation", "percentage": "100.00%", "goingto": "Laboratory"}
424.98, [DEBUG], turtlebot4, {"param_list": ["Laboratory", [[-37.0, 18.93, -1.5707963267948966, true], [-37.0, 16.0, 0.0, true], [-26.0, 16.0, -1.5707963267948966, true], [-26.0, 13.0, 1.57, false]]], "skill": "navigation", "skill-life-cycle": "SUCCESS", "label": "navto_lab"}
424.98, [DEBUG], turtlebot4, "available-skills=['send_message', 'wait_message', 'approach_person', 'approach_robot', 'authenticate_person', 'navigation', 'operate_drawer']"
424.98, [DEBUG], turtlebot4, {"param_list": ["lab_arm"], "skill": "approach_robot", "skill-life-cycle": "STARTED", "label": "approach_arm"}
425.07, [DEBUG], turtlebot4, {"status": "localize-robot", "skill": "=approach-robot", "who": "lab_arm"}
425.15, [DEBUG], turtlebot4, {"status": "goto-robot", "skill": "approach-robot", "who": "lab_arm"}
425.20, [DEBUG], turtlebot4, {"param_list": ["lab_arm"], "skill": "approach_robot", "skill-life-cycle": "SUCCESS", "label": "approach_arm"}
425.20, [DEBUG], turtlebot4, "available-skills=['send_message', 'wait_message', 'approach_person', 'approach_robot', 'authenticate_person', 'navigation', 'operate_drawer']"
425.20, [DEBUG], turtlebot4, {"param_list": ["open"], "skill": "operate_drawer", "skill-life-cycle": "STARTED", "label": "open_drawer_lab"}
425.28, [DEBUG], turtlebot4, {"status": "task-update", "action": "open", "skill": "operate-drawer"}
426.08, [DEBUG], turtlebot4, {"param_list": ["open"], "skill": "operate_drawer", "skill-life-cycle": "SUCCESS", "label": "open_drawer_lab"}
426.08, [DEBUG], turtlebot4, "available-skills=['send_message', 'wait_message', 'approach_person', 'approach_robot', 'authenticate_person', 'navigation', 'operate_drawer']"
426.10, [DEBUG], turtlebot4, {"param_list": ["lab_arm"], "skill": "send_message", "skill-life-cycle": "STARTED", "label": "notify_lab_arm_of_open_drawer_lab_completed"}
426.18, [INFO], turtlebot4, {"to": "lab_arm", "skill": "send-message"}
426.38, [INFO], turtlebot2, {"y": "17.98", "x": "-19.00", "yaw": "-1.37"}
426.38, [INFO], turtlebot2, {"y": "17.98", "x": "-19.00", "yaw": "-1.37"}
426.38, [INFO], turtlebot3, {"y": "21.53", "x": "-38.16", "yaw": "0.18"}
426.38, [INFO], turtlebot3, {"y": "21.53", "x": "-38.16", "yaw": "0.18"}
426.38, [INFO], turtlebot4, {"battery-level": "23.55%"}
426.38, [INFO], turtlebot4, {"battery-level": "23.55%"}
426.38, [INFO], turtlebot1, {"y": "17.82", "x": "-11.47", "yaw": "-1.25"}
426.38, [INFO], turtlebot1, {"y": "17.82", "x": "-11.47", "yaw": "-1.25"}
426.38, [INFO], turtlebot5, {"y": "17.93", "x": "-13.43", "yaw": "-1.10"}
426.38, [INFO], turtlebot5, {"y": "17.93", "x": "-13.43", "yaw": "-1.10"}
426.38, [INFO], turtlebot4, {"y": "13.39", "x": "-25.93", "yaw": "1.62"}
426.38, [INFO], turtlebot4, {"y": "13.39", "x": "-25.93", "yaw": "1.62"}
426.40, [INFO], turtlebot6, {"y": "33.98", "x": "-32.93", "yaw": "-3.06"}
426.40, [INFO], turtlebot6, {"y": "33.98", "x": "-32.93", "yaw": "-3.06"}
426.90, [INFO], lab_arm, {"status": "sample-received", "skill": "wait-sample"}
426.90, [INFO], lab_arm, {"status": "sample-received", "skill": "wait-sample"}
426.90, [INFO], nurse, {"status": "sample-received", "skill": "wait-sample"}
426.90, [INFO], nurse, {"status": "sample-received", "skill": "wait-sample"}
426.90, [DEBUG], None, ENDSIM
426.90, [DEBUG], None, ENDSIM
426.90, [DEBUG], None, end!
