0.00, [DEBUG], logger, ROBOTS_CONFIG=[{"avg_speed": 0.15, "battery_charge": 0.3020349930380309, "battery_discharge_rate": 0.00048000000000000007, "id": 1, "local_plan": null, "location": "PC Room 4", "name": "r1", "position": [-27.23, 18.0, -1.57], "skills": ["approach_person", "approach_robot", "authenticate_person", "navigation"]}, {"avg_speed": 0.15, "battery_charge": 0.5779176354739738, "battery_discharge_rate": 0.00054, "id": 2, "local_plan": null, "location": "PC Room 6", "name": "r2", "position": [-19.0, 18.0, -1.57], "skills": ["approach_person", "approach_robot", "authenticate_person", "operate_drawer"]}, {"avg_speed": 0.15, "battery_charge": 0.7232396784987936, "battery_discharge_rate": 0.00036, "id": 3, "local_plan": null, "location": "PC Room 7", "name": "r3", "position": [-13.5, 18.0, -1.57], "skills": ["approach_person", "approach_robot", "authenticate_person", "navigation", "operate_drawer"]}, {"avg_speed": 0.15, "battery_charge": 0.4863040833267539, "battery_discharge_rate": 0.0006000000000000001, "id": 4, "local_plan": null, "location": "IC Room 5", "name": "r4", "position": [-32.88, 33.98, 3.14], "skills": ["approach_person", "approach_robot", "authenticate_person", "navigation", "operate_drawer"]}, {"avg_speed": 0.15, "battery_charge": 0.7258412726774711, "battery_discharge_rate": 0.0002, "id": 5, "local_plan": null, "location": "PC Room 8", "name": "r5", "position": [-11.5, 18.0, -1.57], "skills": ["approach_person", "approach_robot", "authenticate_person", "navigation", "operate_drawer"]}, {"avg_speed": 0.15, "battery_charge": 0.9109794326728246, "battery_discharge_rate": 0.00072, "id": 6, "local_plan": [["navigation", ["IC Room 2", [[-33.9, 18.93, 3.14], [-37.0, 18.93], [-37.0, 21.5], [-38.0, 21.5, 0.0]]], "navto_room"], ["approach_person", ["nurse"], "approach_nurse"], ["authenticate_person", ["nurse"], "authenticate_nurse"], ["operate_drawer", ["open"], "open_drawer_for_nurse"], ["send_message", ["nurse"], "notify_nurse_of_open_drawer_for_nurse_completed"], ["wait_message", ["nurse"], "wait_nurse_to_complete_deposit"], ["operate_drawer", ["close"], "close_drawer_nurse"], ["navigation", ["Laboratory", [[-38.0, 21.5, 0.0], [-37.0, 21.5], [-37.0, 16.0], [-26.0, 16.0], [-26.0, 13.0, 1.57]]], "navto_lab"], ["approach_robot", ["lab_arm"], "approach_arm"], ["operate_drawer", ["open"], "open_drawer_lab"], ["send_message", ["lab_arm"], "notify_lab_arm_of_open_drawer_lab_completed"], ["wait_message", ["lab_arm"], "wait_lab_arm_to_complete_pick_up_sample"], ["operate_drawer", ["close"], "close_drawer_lab"]], "location": "IC Room 6", "name": "r6", "position": [-33.9, 18.93, 3.14], "skills": ["approach_person", "approach_robot", "authenticate_person", "navigation", "operate_drawer"]}]
0.00, [DEBUG], logger, NURSES_CONFIG=[{"location": "IC Room 2", "position": [-39.0, 20.5, 0.0]}]
0.00, [DEBUG], logger, Simulation open
0.00, [DEBUG], logger, subcribing to in the topic /log
1.90, [DEBUG], None, [debug],turtlebot1,move-base-info,Move_base is up and ok....,
1.97, [DEBUG], None, [debug],turtlebot5,move-base-info,Move_base is up and ok....,
1.98, [DEBUG], None, [debug],turtlebot2,move-base-info,Move_base is up and ok....,
1.98, [DEBUG], None, [debug],turtlebot3,move-base-info,Move_base is up and ok....,
2.03, [DEBUG], None, [debug],turtlebot4,move-base-info,Move_base is up and ok....,
2.03, [DEBUG], None, [debug],turtlebot6,move-base-info,Move_base is up and ok....,
7.45, [DEBUG], turtlebot6, {"param_list": [], "skill": "init_robobt", "skill-life-cycle": "RUNNING", "label": "init_robobt"}
7.48, [DEBUG], turtlebot4, {"param_list": [], "skill": "init_robobt", "skill-life-cycle": "RUNNING", "label": "init_robobt"}
8.70, [DEBUG], turtlebot5, {"param_list": [], "skill": "init_robobt", "skill-life-cycle": "SUCCESS", "label": "init_robobt"}
8.95, [DEBUG], turtlebot4, {"param_list": [], "skill": "init_robobt", "skill-life-cycle": "SUCCESS", "label": "init_robobt"}
9.00, [DEBUG], turtlebot3, {"param_list": [], "skill": "init_robobt", "skill-life-cycle": "RUNNING", "label": "init_robobt"}
9.02, [DEBUG], turtlebot6, {"param_list": [], "skill": "init_robobt", "skill-life-cycle": "SUCCESS", "label": "init_robobt"}
9.02, [DEBUG], turtlebot6, "available-skills=['send_message', 'wait_message', 'approach_person', 'approach_robot', 'authenticate_person', 'navigation', 'operate_drawer']"
9.02, [DEBUG], turtlebot6, {"param_list": ["IC Room 2", [[-37.0, 18.93, 1.5707963267948966, true], [-37.0, 21.5, 3.141592653589793, true], [-38.0, 21.5, 0.0, false]]], "skill": "navigation", "skill-life-cycle": "STARTED", "label": "navto_room"}
9.08, [DEBUG], turtlebot2, {"param_list": [], "skill": "init_robobt", "skill-life-cycle": "RUNNING", "label": "init_robobt"}
9.32, [DEBUG], turtlebot1, {"param_list": [], "skill": "init_robobt", "skill-life-cycle": "RUNNING", "label": "init_robobt"}
12.68, [DEBUG], turtlebot3, {"param_list": [], "skill": "init_robobt", "skill-life-cycle": "SUCCESS", "label": "init_robobt"}
12.97, [DEBUG], turtlebot2, {"param_list": [], "skill": "init_robobt", "skill-life-cycle": "SUCCESS", "label": "init_robobt"}
13.80, [DEBUG], turtlebot1, {"param_list": [], "skill": "init_robobt", "skill-life-cycle": "SUCCESS", "label": "init_robobt"}
21.17, [INFO], turtlebot1, {"y": "18.02", "x": "-27.23", "yaw": "-1.59"}
21.17, [INFO], turtlebot1, {"y": "18.02", "x": "-27.23", "yaw": "-1.59"}
21.20, [INFO], turtlebot2, {"y": "17.99", "x": "-19.02", "yaw": "-1.38"}
21.20, [INFO], turtlebot2, {"y": "17.99", "x": "-19.02", "yaw": "-1.38"}
21.25, [INFO], turtlebot3, {"y": "18.00", "x": "-13.50", "yaw": "-1.50"}
21.25, [INFO], turtlebot4, {"y": "33.97", "x": "-32.89", "yaw": "-3.10"}
21.28, [INFO], turtlebot5, {"y": "17.82", "x": "-11.46", "yaw": "-1.25"}
21.30, [INFO], turtlebot6, {"battery-level": "90.19%"}
21.30, [INFO], turtlebot6, {"y": "18.29", "x": "-34.29", "yaw": "-2.31"}
21.38, [INFO], turtlebot3, {"y": "18.00", "x": "-13.50", "yaw": "-1.50"}
21.38, [INFO], turtlebot4, {"y": "33.97", "x": "-32.89", "yaw": "-3.10"}
21.38, [INFO], turtlebot5, {"y": "17.82", "x": "-11.46", "yaw": "-1.25"}
21.38, [INFO], turtlebot6, {"battery-level": "90.19%"}
21.40, [INFO], turtlebot6, {"y": "18.29", "x": "-34.29", "yaw": "-2.31"}
36.17, [INFO], turtlebot1, {"y": "18.02", "x": "-27.23", "yaw": "-1.59"}
36.17, [INFO], turtlebot1, {"y": "18.02", "x": "-27.23", "yaw": "-1.59"}
36.20, [INFO], turtlebot2, {"y": "17.99", "x": "-19.01", "yaw": "-1.38"}
36.20, [INFO], turtlebot2, {"y": "17.99", "x": "-19.01", "yaw": "-1.38"}
36.23, [INFO], turtlebot3, {"y": "18.00", "x": "-13.49", "yaw": "-1.49"}
36.25, [INFO], turtlebot4, {"y": "33.97", "x": "-32.89", "yaw": "-3.10"}
36.28, [INFO], turtlebot5, {"y": "17.82", "x": "-11.46", "yaw": "-1.25"}
36.30, [INFO], turtlebot6, {"battery-level": "89.14%"}
36.30, [INFO], turtlebot6, {"y": "17.80", "x": "-35.48", "yaw": "2.95"}
36.40, [INFO], turtlebot3, {"y": "18.00", "x": "-13.49", "yaw": "-1.49"}
36.42, [INFO], turtlebot4, {"y": "33.97", "x": "-32.89", "yaw": "-3.10"}
36.42, [INFO], turtlebot5, {"y": "17.82", "x": "-11.46", "yaw": "-1.25"}
36.42, [INFO], turtlebot6, {"battery-level": "89.14%"}
36.42, [INFO], turtlebot6, {"y": "17.80", "x": "-35.48", "yaw": "2.95"}
46.17, [DEBUG], turtlebot6, {"param_list": ["IC Room 2", [[-37.0, 18.93, 1.5707963267948966, true], [-37.0, 21.5, 3.141592653589793, true], [-38.0, 21.5, 0.0, false]]], "skill": "navigation", "skill-life-cycle": "RUNNING", "label": "navto_room"}
51.17, [INFO], turtlebot1, {"y": "18.03", "x": "-27.22", "yaw": "-1.58"}
51.17, [INFO], turtlebot1, {"y": "18.03", "x": "-27.22", "yaw": "-1.58"}
51.20, [INFO], turtlebot2, {"y": "17.99", "x": "-19.01", "yaw": "-1.38"}
51.20, [INFO], turtlebot2, {"y": "17.99", "x": "-19.01", "yaw": "-1.38"}
51.23, [INFO], turtlebot3, {"y": "18.00", "x": "-13.49", "yaw": "-1.48"}
51.25, [INFO], turtlebot4, {"y": "33.97", "x": "-32.89", "yaw": "-3.10"}
51.28, [INFO], turtlebot5, {"y": "17.82", "x": "-11.46", "yaw": "-1.25"}
51.30, [INFO], turtlebot6, {"battery-level": "88.02%"}
51.30, [INFO], turtlebot6, {"y": "18.58", "x": "-36.58", "yaw": "2.12"}
51.38, [INFO], turtlebot3, {"y": "18.00", "x": "-13.49", "yaw": "-1.48"}
51.38, [INFO], turtlebot4, {"y": "33.97", "x": "-32.89", "yaw": "-3.10"}
51.38, [INFO], turtlebot5, {"y": "17.82", "x": "-11.46", "yaw": "-1.25"}
51.38, [INFO], turtlebot6, {"battery-level": "88.02%"}
51.38, [INFO], turtlebot6, {"y": "18.58", "x": "-36.58", "yaw": "2.12"}
53.57, [DEBUG], None, [debug],turtlebot6,move-base-info,Hooray, the base moved arrived,(x=-37;y=18.93)
53.57, [DEBUG], None, [debug],turtlebot6,move-base-info,Hooray, the base moved arrived,(x=-37;y=18.93)
53.62, [DEBUG], turtlebot6, {"status": "way-point-reached", "skill": "navigation", "percentage": "33.33%", "goingto": "IC Room 2"}
66.17, [INFO], turtlebot1, {"y": "18.03", "x": "-27.22", "yaw": "-1.58"}
66.17, [INFO], turtlebot1, {"y": "18.03", "x": "-27.22", "yaw": "-1.58"}
66.22, [INFO], turtlebot2, {"y": "17.99", "x": "-19.01", "yaw": "-1.38"}
66.22, [INFO], turtlebot2, {"y": "17.99", "x": "-19.01", "yaw": "-1.38"}
66.23, [INFO], turtlebot3, {"y": "18.00", "x": "-13.49", "yaw": "-1.47"}
66.25, [INFO], turtlebot4, {"y": "33.97", "x": "-32.89", "yaw": "-3.10"}
66.28, [INFO], turtlebot5, {"y": "17.82", "x": "-11.46", "yaw": "-1.25"}
66.30, [INFO], turtlebot6, {"battery-level": "87.04%"}
66.30, [INFO], turtlebot6, {"y": "20.02", "x": "-36.67", "yaw": "1.59"}
66.40, [INFO], turtlebot3, {"y": "18.00", "x": "-13.49", "yaw": "-1.47"}
66.40, [INFO], turtlebot4, {"y": "33.97", "x": "-32.89", "yaw": "-3.10"}
66.40, [INFO], turtlebot5, {"y": "17.82", "x": "-11.46", "yaw": "-1.25"}
66.40, [INFO], turtlebot6, {"battery-level": "87.04%"}
66.42, [INFO], turtlebot6, {"y": "20.02", "x": "-36.67", "yaw": "1.59"}
76.80, [DEBUG], None, [debug],turtlebot6,move-base-info,Hooray, the base moved arrived,(x=-37;y=21.5)
76.80, [DEBUG], None, [debug],turtlebot6,move-base-info,Hooray, the base moved arrived,(x=-37;y=21.5)
76.92, [DEBUG], turtlebot6, {"status": "way-point-reached", "skill": "navigation", "percentage": "66.67%", "goingto": "IC Room 2"}
81.17, [INFO], turtlebot1, {"y": "18.03", "x": "-27.22", "yaw": "-1.58"}
81.17, [INFO], turtlebot1, {"y": "18.03", "x": "-27.22", "yaw": "-1.58"}
81.20, [INFO], turtlebot2, {"y": "17.99", "x": "-19.01", "yaw": "-1.38"}
81.20, [INFO], turtlebot2, {"y": "17.99", "x": "-19.01", "yaw": "-1.38"}
81.23, [INFO], turtlebot3, {"y": "18.00", "x": "-13.49", "yaw": "-1.45"}
81.25, [INFO], turtlebot4, {"y": "33.97", "x": "-32.90", "yaw": "-3.10"}
81.28, [INFO], turtlebot5, {"y": "17.82", "x": "-11.46", "yaw": "-1.25"}
81.30, [INFO], turtlebot6, {"battery-level": "85.99%"}
81.30, [INFO], turtlebot6, {"y": "21.08", "x": "-36.82", "yaw": "3.01"}
81.38, [INFO], turtlebot3, {"y": "18.00", "x": "-13.49", "yaw": "-1.45"}
81.38, [INFO], turtlebot4, {"y": "33.97", "x": "-32.90", "yaw": "-3.10"}
81.38, [INFO], turtlebot5, {"y": "17.82", "x": "-11.46", "yaw": "-1.25"}
81.38, [INFO], turtlebot6, {"battery-level": "85.99%"}
81.38, [INFO], turtlebot6, {"y": "21.08", "x": "-36.82", "yaw": "3.01"}
88.87, [DEBUG], turtlebot6, {"param_list": ["IC Room 2", [[-37.0, 18.93, 1.5707963267948966, true], [-37.0, 21.5, 3.141592653589793, true], [-38.0, 21.5, 0.0, false]]], "skill": "navigation", "skill-life-cycle": "RUNNING", "label": "navto_room"}
96.17, [INFO], turtlebot1, {"y": "18.03", "x": "-27.22", "yaw": "-1.58"}
96.17, [INFO], turtlebot1, {"y": "18.03", "x": "-27.22", "yaw": "-1.58"}
96.20, [INFO], turtlebot2, {"y": "17.99", "x": "-19.01", "yaw": "-1.38"}
96.20, [INFO], turtlebot2, {"y": "17.99", "x": "-19.01", "yaw": "-1.38"}
96.23, [INFO], turtlebot3, {"y": "17.99", "x": "-13.49", "yaw": "-1.44"}
96.25, [INFO], turtlebot4, {"y": "33.97", "x": "-32.90", "yaw": "-3.10"}
96.28, [INFO], turtlebot5, {"y": "17.82", "x": "-11.46", "yaw": "-1.25"}
96.30, [INFO], turtlebot6, {"battery-level": "84.94%"}
96.30, [INFO], turtlebot6, {"y": "21.42", "x": "-37.60", "yaw": "0.33"}
96.37, [INFO], turtlebot3, {"y": "17.99", "x": "-13.49", "yaw": "-1.44"}
96.38, [INFO], turtlebot4, {"y": "33.97", "x": "-32.90", "yaw": "-3.10"}
96.38, [INFO], turtlebot5, {"y": "17.82", "x": "-11.46", "yaw": "-1.25"}
96.38, [INFO], turtlebot6, {"battery-level": "84.94%"}
96.38, [INFO], turtlebot6, {"y": "21.42", "x": "-37.60", "yaw": "0.33"}
97.63, [DEBUG], None, [debug],turtlebot6,move-base-info,Hooray, the base moved arrived,(x=-38;y=21.5)
97.63, [DEBUG], None, [debug],turtlebot6,move-base-info,Hooray, the base moved arrived,(x=-38;y=21.5)
97.70, [DEBUG], turtlebot6, {"status": "way-point-reached", "skill": "navigation", "percentage": "100.00%", "goingto": "IC Room 2"}
97.78, [DEBUG], turtlebot6, {"param_list": ["IC Room 2", [[-37.0, 18.93, 1.5707963267948966, true], [-37.0, 21.5, 3.141592653589793, true], [-38.0, 21.5, 0.0, false]]], "skill": "navigation", "skill-life-cycle": "SUCCESS", "label": "navto_room"}
97.78, [DEBUG], turtlebot6, "available-skills=['send_message', 'wait_message', 'approach_person', 'approach_robot', 'authenticate_person', 'navigation', 'operate_drawer']"
97.78, [DEBUG], turtlebot6, {"param_list": ["nurse"], "skill": "approach_person", "skill-life-cycle": "STARTED", "label": "approach_nurse"}
97.87, [DEBUG], turtlebot6, {"status": "localize-person", "skill": "approach-person", "who": "nurse"}
98.38, [DEBUG], turtlebot6, {"status": "goto-person", "skill": "approach-person", "who": "nurse"}
98.43, [DEBUG], turtlebot6, {"param_list": ["nurse"], "skill": "approach_person", "skill-life-cycle": "SUCCESS", "label": "approach_nurse"}
98.43, [DEBUG], turtlebot6, "available-skills=['send_message', 'wait_message', 'approach_person', 'approach_robot', 'authenticate_person', 'navigation', 'operate_drawer']"
98.43, [DEBUG], turtlebot6, {"param_list": ["nurse"], "skill": "authenticate_person", "skill-life-cycle": "STARTED", "label": "authenticate_nurse"}
98.53, [DEBUG], turtlebot6, {"status": "request-authentication", "to": "nurse", "skill": "authenticate-person"}
98.53, [INFO], nurse, {"status": "message-received", "skill": "athentication-request"}
98.53, [INFO], nurse, {"status": "message-received", "skill": "athentication-request"}
98.75, [DEBUG], turtlebot6, {"status": "received-authentication", "skill": "authenticate-person", "from": "nurse"}
98.83, [DEBUG], turtlebot6, {"param_list": ["nurse"], "skill": "authenticate_person", "skill-life-cycle": "SUCCESS", "label": "authenticate_nurse"}
98.83, [DEBUG], turtlebot6, "available-skills=['send_message', 'wait_message', 'approach_person', 'approach_robot', 'authenticate_person', 'navigation', 'operate_drawer']"
98.83, [DEBUG], turtlebot6, {"param_list": ["open"], "skill": "operate_drawer", "skill-life-cycle": "STARTED", "label": "open_drawer_for_nurse"}
98.88, [DEBUG], turtlebot6, {"status": "task-update", "action": "open", "skill": "operate-drawer"}
99.70, [DEBUG], turtlebot6, {"param_list": ["open"], "skill": "operate_drawer", "skill-life-cycle": "SUCCESS", "label": "open_drawer_for_nurse"}
99.70, [DEBUG], turtlebot6, "available-skills=['send_message', 'wait_message', 'approach_person', 'approach_robot', 'authenticate_person', 'navigation', 'operate_drawer']"
99.72, [DEBUG], turtlebot6, {"param_list": ["nurse"], "skill": "send_message", "skill-life-cycle": "STARTED", "label": "notify_nurse_of_open_drawer_for_nurse_completed"}
99.78, [INFO], turtlebot6, {"to": "nurse", "skill": "send-message"}
100.53, [INFO], nurse, {"status": "message-received", "skill": "wait-message"}
100.53, [INFO], nurse, {"status": "message-received", "skill": "wait-message"}
102.82, [DEBUG], turtlebot6, {"param_list": ["nurse"], "skill": "send_message", "skill-life-cycle": "SUCCESS", "label": "notify_nurse_of_open_drawer_for_nurse_completed"}
102.82, [DEBUG], turtlebot6, "available-skills=['send_message', 'wait_message', 'approach_person', 'approach_robot', 'authenticate_person', 'navigation', 'operate_drawer']"
102.82, [DEBUG], turtlebot6, {"param_list": ["nurse"], "skill": "wait_message", "skill-life-cycle": "STARTED", "label": "wait_nurse_to_complete_deposit"}
104.53, [INFO], turtlebot6, {"status": "message-received", "skill": "wait-message"}
104.60, [DEBUG], turtlebot6, {"param_list": ["nurse"], "skill": "wait_message", "skill-life-cycle": "SUCCESS", "label": "wait_nurse_to_complete_deposit"}
104.60, [DEBUG], turtlebot6, "available-skills=['send_message', 'wait_message', 'approach_person', 'approach_robot', 'authenticate_person', 'navigation', 'operate_drawer']"
104.60, [DEBUG], turtlebot6, {"param_list": ["close"], "skill": "operate_drawer", "skill-life-cycle": "STARTED", "label": "close_drawer_nurse"}
104.65, [DEBUG], turtlebot6, {"status": "task-update", "action": "close", "skill": "operate-drawer"}
105.48, [DEBUG], turtlebot6, {"param_list": ["close"], "skill": "operate_drawer", "skill-life-cycle": "SUCCESS", "label": "close_drawer_nurse"}
105.48, [DEBUG], turtlebot6, "available-skills=['send_message', 'wait_message', 'approach_person', 'approach_robot', 'authenticate_person', 'navigation', 'operate_drawer']"
105.48, [DEBUG], turtlebot6, {"param_list": ["Laboratory", [[-37.0, 21.5, -1.5707963267948966, true], [-37.0, 16.0, 0.0, true], [-26.0, 16.0, -1.5707963267948966, true], [-26.0, 13.0, 1.57, false]]], "skill": "navigation", "skill-life-cycle": "STARTED", "label": "navto_lab"}
110.52, [INFO], nurse, {"status": "message-received", "skill": "wait-message"}
110.52, [INFO], nurse, {"status": "message-received", "skill": "wait-message"}
111.17, [INFO], turtlebot1, {"y": "18.03", "x": "-27.22", "yaw": "-1.58"}
111.17, [INFO], turtlebot1, {"y": "18.03", "x": "-27.22", "yaw": "-1.58"}
111.20, [INFO], turtlebot2, {"y": "17.99", "x": "-19.01", "yaw": "-1.38"}
111.20, [INFO], turtlebot2, {"y": "17.99", "x": "-19.01", "yaw": "-1.38"}
111.23, [INFO], turtlebot3, {"y": "17.99", "x": "-13.49", "yaw": "-1.42"}
111.25, [INFO], turtlebot4, {"y": "33.97", "x": "-32.90", "yaw": "-3.09"}
111.28, [INFO], turtlebot5, {"y": "17.82", "x": "-11.46", "yaw": "-1.25"}
111.30, [INFO], turtlebot6, {"y": "21.46", "x": "-37.48", "yaw": "-0.24"}
111.30, [INFO], turtlebot6, {"battery-level": "83.82%"}
111.40, [INFO], turtlebot3, {"y": "17.99", "x": "-13.49", "yaw": "-1.42"}
111.40, [INFO], turtlebot4, {"y": "33.97", "x": "-32.90", "yaw": "-3.09"}
111.40, [INFO], turtlebot5, {"y": "17.82", "x": "-11.46", "yaw": "-1.25"}
111.40, [INFO], turtlebot6, {"y": "21.46", "x": "-37.48", "yaw": "-0.24"}
111.40, [INFO], turtlebot6, {"battery-level": "83.82%"}
115.08, [DEBUG], None, [debug],turtlebot6,move-base-info,Hooray, the base moved arrived,(x=-37;y=21.5)
115.08, [DEBUG], None, [debug],turtlebot6,move-base-info,Hooray, the base moved arrived,(x=-37;y=21.5)
115.13, [DEBUG], turtlebot6, {"status": "way-point-reached", "skill": "navigation", "percentage": "25.00%", "goingto": "Laboratory"}
118.53, [INFO], nurse, {"status": "waiting", "skill": "athentication-sent"}
118.53, [INFO], nurse, {"status": "waiting", "skill": "athentication-sent"}
120.52, [INFO], nurse, {"status": "message-received", "skill": "wait-message"}
120.52, [INFO], nurse, {"status": "message-received", "skill": "wait-message"}
126.17, [INFO], turtlebot1, {"y": "18.03", "x": "-27.22", "yaw": "-1.58"}
126.17, [INFO], turtlebot1, {"y": "18.03", "x": "-27.22", "yaw": "-1.58"}
126.20, [INFO], turtlebot2, {"y": "17.99", "x": "-19.01", "yaw": "-1.38"}
126.20, [INFO], turtlebot2, {"y": "17.99", "x": "-19.01", "yaw": "-1.38"}
126.23, [INFO], turtlebot3, {"y": "17.99", "x": "-13.49", "yaw": "-1.40"}
126.25, [INFO], turtlebot4, {"y": "33.97", "x": "-32.90", "yaw": "-3.09"}
126.28, [INFO], turtlebot5, {"y": "17.82", "x": "-11.46", "yaw": "-1.25"}
126.30, [INFO], turtlebot6, {"battery-level": "82.84%"}
126.30, [INFO], turtlebot6, {"y": "19.75", "x": "-36.75", "yaw": "-1.40"}
126.38, [INFO], turtlebot3, {"y": "17.99", "x": "-13.49", "yaw": "-1.40"}
126.40, [INFO], turtlebot4, {"y": "33.97", "x": "-32.90", "yaw": "-3.09"}
126.40, [INFO], turtlebot5, {"y": "17.82", "x": "-11.46", "yaw": "-1.25"}
126.40, [INFO], turtlebot6, {"battery-level": "82.84%"}
126.40, [INFO], turtlebot6, {"y": "19.75", "x": "-36.75", "yaw": "-1.40"}
130.52, [INFO], nurse, {"status": "message-received", "skill": "wait-message"}
130.52, [INFO], nurse, {"status": "message-received", "skill": "wait-message"}
133.30, [DEBUG], turtlebot6, {"param_list": ["Laboratory", [[-37.0, 21.5, -1.5707963267948966, true], [-37.0, 16.0, 0.0, true], [-26.0, 16.0, -1.5707963267948966, true], [-26.0, 13.0, 1.57, false]]], "skill": "navigation", "skill-life-cycle": "RUNNING", "label": "navto_lab"}
141.17, [INFO], turtlebot1, {"y": "18.03", "x": "-27.22", "yaw": "-1.58"}
141.17, [INFO], turtlebot1, {"y": "18.03", "x": "-27.22", "yaw": "-1.58"}
141.20, [INFO], turtlebot2, {"y": "17.99", "x": "-19.01", "yaw": "-1.38"}
141.20, [INFO], turtlebot2, {"y": "17.99", "x": "-19.01", "yaw": "-1.38"}
141.23, [INFO], turtlebot3, {"y": "17.98", "x": "-13.49", "yaw": "-1.38"}
141.25, [INFO], turtlebot4, {"y": "33.97", "x": "-32.90", "yaw": "-3.09"}
141.28, [INFO], turtlebot5, {"y": "17.82", "x": "-11.46", "yaw": "-1.25"}
141.30, [INFO], turtlebot6, {"y": "17.18", "x": "-36.69", "yaw": "-1.62"}
141.30, [INFO], turtlebot6, {"battery-level": "81.72%"}
141.40, [INFO], turtlebot3, {"y": "17.98", "x": "-13.49", "yaw": "-1.38"}
141.40, [INFO], turtlebot4, {"y": "33.97", "x": "-32.90", "yaw": "-3.09"}
141.40, [INFO], turtlebot5, {"y": "17.82", "x": "-11.46", "yaw": "-1.25"}
141.40, [INFO], turtlebot6, {"y": "17.18", "x": "-36.69", "yaw": "-1.62"}
141.42, [INFO], turtlebot6, {"battery-level": "81.72%"}
156.17, [INFO], turtlebot1, {"y": "18.03", "x": "-27.22", "yaw": "-1.57"}
156.17, [INFO], turtlebot1, {"y": "18.03", "x": "-27.22", "yaw": "-1.57"}
156.20, [INFO], turtlebot2, {"y": "17.99", "x": "-19.01", "yaw": "-1.38"}
156.20, [INFO], turtlebot2, {"y": "17.99", "x": "-19.01", "yaw": "-1.38"}
156.23, [INFO], turtlebot3, {"y": "17.98", "x": "-13.48", "yaw": "-1.36"}
156.25, [INFO], turtlebot4, {"y": "33.97", "x": "-32.90", "yaw": "-3.09"}
156.28, [INFO], turtlebot5, {"y": "17.82", "x": "-11.46", "yaw": "-1.25"}
156.30, [INFO], turtlebot6, {"y": "16.56", "x": "-36.78", "yaw": "-2.00"}
156.30, [INFO], turtlebot6, {"battery-level": "80.74%"}
156.38, [INFO], turtlebot3, {"y": "17.98", "x": "-13.48", "yaw": "-1.36"}
156.38, [INFO], turtlebot4, {"y": "33.97", "x": "-32.90", "yaw": "-3.09"}
156.38, [INFO], turtlebot5, {"y": "17.82", "x": "-11.46", "yaw": "-1.25"}
156.38, [INFO], turtlebot6, {"y": "16.56", "x": "-36.78", "yaw": "-2.00"}
156.38, [INFO], turtlebot6, {"battery-level": "80.74%"}
171.17, [INFO], turtlebot1, {"y": "18.03", "x": "-27.22", "yaw": "-1.57"}
171.17, [INFO], turtlebot1, {"y": "18.03", "x": "-27.22", "yaw": "-1.57"}
171.20, [INFO], turtlebot2, {"y": "17.99", "x": "-19.01", "yaw": "-1.38"}
171.20, [INFO], turtlebot2, {"y": "17.99", "x": "-19.01", "yaw": "-1.38"}
171.25, [INFO], turtlebot3, {"y": "17.97", "x": "-13.48", "yaw": "-1.34"}
171.25, [INFO], turtlebot4, {"y": "33.97", "x": "-32.90", "yaw": "-3.09"}
171.28, [INFO], turtlebot5, {"y": "17.82", "x": "-11.46", "yaw": "-1.25"}
171.30, [INFO], turtlebot6, {"y": "16.44", "x": "-36.88", "yaw": "-0.73"}
171.30, [INFO], turtlebot6, {"battery-level": "79.69%"}
171.40, [INFO], turtlebot3, {"y": "17.97", "x": "-13.48", "yaw": "-1.34"}
171.40, [INFO], turtlebot4, {"y": "33.97", "x": "-32.90", "yaw": "-3.09"}
171.40, [INFO], turtlebot5, {"y": "17.82", "x": "-11.46", "yaw": "-1.25"}
171.42, [INFO], turtlebot6, {"y": "16.44", "x": "-36.88", "yaw": "-0.73"}
171.42, [INFO], turtlebot6, {"battery-level": "79.69%"}
173.55, [DEBUG], None, [debug],turtlebot6,move-base-info,Hooray, the base moved arrived,(x=-37;y=16)
173.55, [DEBUG], None, [debug],turtlebot6,move-base-info,Hooray, the base moved arrived,(x=-37;y=16)
173.68, [DEBUG], turtlebot6, {"status": "way-point-reached", "skill": "navigation", "percentage": "50.00%", "goingto": "Laboratory"}
175.42, [DEBUG], turtlebot6, {"param_list": ["Laboratory", [[-37.0, 21.5, -1.5707963267948966, true], [-37.0, 16.0, 0.0, true], [-26.0, 16.0, -1.5707963267948966, true], [-26.0, 13.0, 1.57, false]]], "skill": "navigation", "skill-life-cycle": "RUNNING", "label": "navto_lab"}
186.17, [INFO], turtlebot1, {"y": "18.03", "x": "-27.22", "yaw": "-1.57"}
186.17, [INFO], turtlebot1, {"y": "18.03", "x": "-27.22", "yaw": "-1.57"}
186.20, [INFO], turtlebot2, {"y": "17.99", "x": "-19.01", "yaw": "-1.38"}
186.20, [INFO], turtlebot2, {"y": "17.99", "x": "-19.01", "yaw": "-1.38"}
186.23, [INFO], turtlebot3, {"y": "17.97", "x": "-13.48", "yaw": "-1.32"}
186.25, [INFO], turtlebot4, {"y": "33.97", "x": "-32.90", "yaw": "-3.09"}
186.28, [INFO], turtlebot5, {"y": "17.82", "x": "-11.46", "yaw": "-1.25"}
186.30, [INFO], turtlebot6, {"battery-level": "78.57%"}
186.30, [INFO], turtlebot6, {"y": "15.41", "x": "-29.24", "yaw": "0.06"}
186.38, [INFO], turtlebot3, {"y": "17.97", "x": "-13.48", "yaw": "-1.32"}
186.40, [INFO], turtlebot4, {"y": "33.97", "x": "-32.90", "yaw": "-3.09"}
186.40, [INFO], turtlebot5, {"y": "17.82", "x": "-11.46", "yaw": "-1.25"}
186.40, [INFO], turtlebot6, {"battery-level": "78.57%"}
186.40, [INFO], turtlebot6, {"y": "15.41", "x": "-29.24", "yaw": "0.06"}
197.35, [DEBUG], None, [debug],turtlebot6,move-base-info,Hooray, the base moved arrived,(x=-26;y=16)
197.38, [DEBUG], None, [debug],turtlebot6,move-base-info,Hooray, the base moved arrived,(x=-26;y=16)
197.52, [DEBUG], turtlebot6, {"status": "way-point-reached", "skill": "navigation", "percentage": "75.00%", "goingto": "Laboratory"}
201.17, [INFO], turtlebot1, {"y": "18.03", "x": "-27.22", "yaw": "-1.57"}
201.17, [INFO], turtlebot1, {"y": "18.03", "x": "-27.22", "yaw": "-1.57"}
201.20, [INFO], turtlebot2, {"y": "17.99", "x": "-19.01", "yaw": "-1.38"}
201.20, [INFO], turtlebot2, {"y": "17.99", "x": "-19.01", "yaw": "-1.38"}
201.23, [INFO], turtlebot3, {"y": "17.97", "x": "-13.48", "yaw": "-1.30"}
201.25, [INFO], turtlebot4, {"y": "33.97", "x": "-32.90", "yaw": "-3.09"}
201.28, [INFO], turtlebot5, {"y": "17.82", "x": "-11.46", "yaw": "-1.25"}
201.30, [INFO], turtlebot6, {"y": "15.90", "x": "-26.42", "yaw": "-1.52"}
201.30, [INFO], turtlebot6, {"battery-level": "77.52%"}
201.38, [INFO], turtlebot3, {"y": "17.97", "x": "-13.48", "yaw": "-1.30"}
201.38, [INFO], turtlebot4, {"y": "33.97", "x": "-32.90", "yaw": "-3.09"}
201.38, [INFO], turtlebot5, {"y": "17.82", "x": "-11.46", "yaw": "-1.25"}
201.38, [INFO], turtlebot6, {"y": "15.90", "x": "-26.42", "yaw": "-1.52"}
201.38, [INFO], turtlebot6, {"battery-level": "77.52%"}
216.17, [INFO], turtlebot1, {"y": "18.03", "x": "-27.21", "yaw": "-1.57"}
216.17, [INFO], turtlebot1, {"y": "18.03", "x": "-27.21", "yaw": "-1.57"}
216.20, [INFO], turtlebot2, {"y": "17.99", "x": "-19.01", "yaw": "-1.38"}
216.20, [INFO], turtlebot2, {"y": "17.99", "x": "-19.01", "yaw": "-1.38"}
216.23, [INFO], turtlebot3, {"y": "17.96", "x": "-13.47", "yaw": "-1.28"}
216.25, [INFO], turtlebot4, {"y": "33.97", "x": "-32.91", "yaw": "-3.08"}
216.28, [INFO], turtlebot5, {"y": "17.82", "x": "-11.46", "yaw": "-1.25"}
216.30, [INFO], turtlebot6, {"battery-level": "76.54%"}
216.30, [INFO], turtlebot6, {"y": "13.44", "x": "-25.88", "yaw": "-2.89"}
216.38, [INFO], turtlebot3, {"y": "17.96", "x": "-13.47", "yaw": "-1.28"}
216.38, [INFO], turtlebot4, {"y": "33.97", "x": "-32.91", "yaw": "-3.08"}
216.38, [INFO], turtlebot5, {"y": "17.82", "x": "-11.46", "yaw": "-1.25"}
216.40, [INFO], turtlebot6, {"battery-level": "76.54%"}
216.40, [INFO], turtlebot6, {"y": "13.44", "x": "-25.88", "yaw": "-2.89"}
217.85, [DEBUG], turtlebot6, {"param_list": ["Laboratory", [[-37.0, 21.5, -1.5707963267948966, true], [-37.0, 16.0, 0.0, true], [-26.0, 16.0, -1.5707963267948966, true], [-26.0, 13.0, 1.57, false]]], "skill": "navigation", "skill-life-cycle": "RUNNING", "label": "navto_lab"}
221.27, [DEBUG], None, [debug],turtlebot6,move-base-info,Hooray, the base moved arrived,(x=-26;y=13)
221.38, [DEBUG], None, [debug],turtlebot6,move-base-info,Hooray, the base moved arrived,(x=-26;y=13)
221.58, [DEBUG], turtlebot6, {"status": "way-point-reached", "skill": "navigation", "percentage": "100.00%", "goingto": "Laboratory"}
221.65, [DEBUG], turtlebot6, {"param_list": ["Laboratory", [[-37.0, 21.5, -1.5707963267948966, true], [-37.0, 16.0, 0.0, true], [-26.0, 16.0, -1.5707963267948966, true], [-26.0, 13.0, 1.57, false]]], "skill": "navigation", "skill-life-cycle": "SUCCESS", "label": "navto_lab"}
221.65, [DEBUG], turtlebot6, "available-skills=['send_message', 'wait_message', 'approach_person', 'approach_robot', 'authenticate_person', 'navigation', 'operate_drawer']"
221.67, [DEBUG], turtlebot6, {"param_list": ["lab_arm"], "skill": "approach_robot", "skill-life-cycle": "STARTED", "label": "approach_arm"}
221.73, [DEBUG], turtlebot6, {"status": "localize-robot", "skill": "=approach-robot", "who": "lab_arm"}
221.82, [DEBUG], turtlebot6, {"status": "goto-robot", "skill": "approach-robot", "who": "lab_arm"}
221.88, [DEBUG], turtlebot6, {"param_list": ["lab_arm"], "skill": "approach_robot", "skill-life-cycle": "SUCCESS", "label": "approach_arm"}
221.88, [DEBUG], turtlebot6, "available-skills=['send_message', 'wait_message', 'approach_person', 'approach_robot', 'authenticate_person', 'navigation', 'operate_drawer']"
221.88, [DEBUG], turtlebot6, {"param_list": ["open"], "skill": "operate_drawer", "skill-life-cycle": "STARTED", "label": "open_drawer_lab"}
221.95, [DEBUG], turtlebot6, {"status": "task-update", "action": "open", "skill": "operate-drawer"}
222.78, [DEBUG], turtlebot6, {"param_list": ["open"], "skill": "operate_drawer", "skill-life-cycle": "SUCCESS", "label": "open_drawer_lab"}
222.78, [DEBUG], turtlebot6, "available-skills=['send_message', 'wait_message', 'approach_person', 'approach_robot', 'authenticate_person', 'navigation', 'operate_drawer']"
222.78, [DEBUG], turtlebot6, {"param_list": ["lab_arm"], "skill": "send_message", "skill-life-cycle": "STARTED", "label": "notify_lab_arm_of_open_drawer_lab_completed"}
222.88, [INFO], turtlebot6, {"to": "lab_arm", "skill": "send-message"}
223.60, [INFO], lab_arm, {"status": "sample-received", "skill": "wait-sample"}
223.60, [INFO], lab_arm, {"status": "sample-received", "skill": "wait-sample"}
223.60, [INFO], nurse, {"status": "sample-received", "skill": "wait-sample"}
223.60, [INFO], nurse, {"status": "sample-received", "skill": "wait-sample"}
223.62, [DEBUG], None, ENDSIM
223.62, [DEBUG], None, ENDSIM
223.62, [DEBUG], None, end!
