0.00, [DEBUG], logger, ROBOTS_CONFIG=[{"avg_speed": 0.15, "battery_charge": 0.3020349930380309, "battery_discharge_rate": 0.0006600000000000001, "id": 1, "local_plan": null, "location": "PC Room 4", "name": "r1", "position": [-27.23, 18.0, -1.57], "skills": ["approach_person", "approach_robot", "authenticate_person", "navigation", "operate_drawer"]}, {"avg_speed": 0.15, "battery_charge": 0.5779176354739738, "battery_discharge_rate": 0.00026000000000000003, "id": 2, "local_plan": null, "location": "PC Room 6", "name": "r2", "position": [-19.0, 18.0, -1.57], "skills": ["approach_person", "approach_robot", "authenticate_person", "navigation", "operate_drawer"]}, {"avg_speed": 0.15, "battery_charge": 0.7232396784987936, "battery_discharge_rate": 0.00064, "id": 3, "local_plan": null, "location": "PC Room 7", "name": "r3", "position": [-13.5, 18.0, -1.57], "skills": ["approach_person", "approach_robot", "authenticate_person", "navigation", "operate_drawer"]}, {"avg_speed": 0.15, "battery_charge": 0.4863040833267539, "battery_discharge_rate": 0.0005600000000000001, "id": 4, "local_plan": null, "location": "IC Room 5", "name": "r4", "position": [-32.88, 33.98, 3.14], "skills": ["approach_person", "approach_robot", "authenticate_person", "navigation", "operate_drawer"]}, {"avg_speed": 0.15, "battery_charge": 0.7258412726774711, "battery_discharge_rate": 0.00076, "id": 5, "local_plan": [["navigation", ["IC Room 2", [[-11.5, 18.0, -1.57], [-11.5, 16.0], [-37.0, 16.0], [-37.0, 21.5], [-38.0, 21.5, 0.0]]], "navto_room"], ["approach_person", ["nurse"], "approach_nurse"], ["authenticate_person", ["nurse"], "authenticate_nurse"], ["operate_drawer", ["open"], "open_drawer_for_nurse"], ["send_message", ["nurse"], "notify_nurse_of_open_drawer_for_nurse_completed"], ["wait_message", ["nurse"], "wait_nurse_to_complete_deposit"], ["operate_drawer", ["close"], "close_drawer_nurse"], ["navigation", ["Laboratory", [[-38.0, 21.5, 0.0], [-37.0, 21.5], [-37.0, 16.0], [-26.0, 16.0], [-26.0, 13.0, 1.57]]], "navto_lab"], ["approach_robot", ["lab_arm"], "approach_arm"], ["operate_drawer", ["open"], "open_drawer_lab"], ["send_message", ["lab_arm"], "notify_lab_arm_of_open_drawer_lab_completed"], ["wait_message", ["lab_arm"], "wait_lab_arm_to_complete_pick_up_sample"], ["operate_drawer", ["close"], "close_drawer_lab"]], "location": "PC Room 8", "name": "r5", "position": [-11.5, 18.0, -1.57], "skills": ["approach_person", "approach_robot", "authenticate_person", "navigation", "operate_drawer"]}, {"avg_speed": 0.15, "battery_charge": 0.9109794326728246, "battery_discharge_rate": 0.00038, "id": 6, "local_plan": null, "location": "IC Room 6", "name": "r6", "position": [-33.9, 18.93, 3.14], "skills": ["approach_person", "approach_robot", "authenticate_person", "navigation", "operate_drawer"]}]
0.00, [DEBUG], logger, NURSES_CONFIG=[{"location": "IC Room 2", "position": [-39.0, 20.5, 0.0]}]
0.00, [DEBUG], logger, Simulation open
0.00, [DEBUG], logger, subcribing to in the topic /log
1.58, [DEBUG], None, [debug],turtlebot4,move-base-info,Move_base is up and ok....,
1.68, [DEBUG], None, [debug],turtlebot3,move-base-info,Move_base is up and ok....,
1.73, [DEBUG], None, [debug],turtlebot1,move-base-info,Move_base is up and ok....,
1.95, [DEBUG], None, [debug],turtlebot6,move-base-info,Move_base is up and ok....,
1.97, [DEBUG], None, [debug],turtlebot2,move-base-info,Move_base is up and ok....,
2.08, [DEBUG], None, [debug],turtlebot5,move-base-info,Move_base is up and ok....,
4.38, [DEBUG], turtlebot4, {"param_list": [], "skill": "init_robobt", "skill-life-cycle": "SUCCESS", "label": "init_robobt"}
14.13, [DEBUG], turtlebot1, {"param_list": [], "skill": "init_robobt", "skill-life-cycle": "SUCCESS", "label": "init_robobt"}
14.13, [DEBUG], turtlebot6, {"param_list": [], "skill": "init_robobt", "skill-life-cycle": "SUCCESS", "label": "init_robobt"}
14.15, [DEBUG], turtlebot5, {"param_list": [], "skill": "init_robobt", "skill-life-cycle": "SUCCESS", "label": "init_robobt"}
14.15, [DEBUG], turtlebot5, "available-skills=['send_message', 'wait_message', 'approach_person', 'approach_robot', 'authenticate_person', 'navigation', 'operate_drawer']"
14.15, [DEBUG], turtlebot5, {"param_list": ["IC Room 2", [[-11.5, 16.0, 3.141592653589793, true], [-37.0, 16.0, 1.5707963267948966, true], [-37.0, 21.5, 3.141592653589793, true], [-38.0, 21.5, 0.0, false]]], "skill": "navigation", "skill-life-cycle": "STARTED", "label": "navto_room"}
20.97, [INFO], turtlebot1, {"y": "18.02", "x": "-27.23", "yaw": "-1.59"}
20.97, [INFO], turtlebot1, {"y": "18.02", "x": "-27.23", "yaw": "-1.59"}
20.98, [INFO], turtlebot2, {"y": "17.99", "x": "-19.02", "yaw": "-1.38"}
20.98, [INFO], turtlebot2, {"y": "17.99", "x": "-19.02", "yaw": "-1.38"}
20.98, [INFO], turtlebot3, {"y": "18.00", "x": "-13.50", "yaw": "-1.50"}
20.98, [INFO], turtlebot3, {"y": "18.00", "x": "-13.50", "yaw": "-1.50"}
21.02, [INFO], turtlebot4, {"y": "33.97", "x": "-32.89", "yaw": "-3.10"}
21.02, [INFO], turtlebot4, {"y": "33.97", "x": "-32.89", "yaw": "-3.10"}
21.05, [INFO], turtlebot5, {"battery-level": "71.46%"}
21.05, [INFO], turtlebot5, {"battery-level": "71.46%"}
21.07, [INFO], turtlebot5, {"y": "17.44", "x": "-11.62", "yaw": "-2.13"}
21.07, [INFO], turtlebot5, {"y": "17.44", "x": "-11.62", "yaw": "-2.13"}
21.10, [INFO], turtlebot6, {"y": "18.79", "x": "-33.83", "yaw": "2.80"}
21.10, [INFO], turtlebot6, {"y": "18.79", "x": "-33.83", "yaw": "2.80"}
35.97, [INFO], turtlebot1, {"y": "18.02", "x": "-27.23", "yaw": "-1.59"}
35.97, [INFO], turtlebot1, {"y": "18.02", "x": "-27.23", "yaw": "-1.59"}
35.98, [INFO], turtlebot2, {"y": "17.99", "x": "-19.01", "yaw": "-1.38"}
35.98, [INFO], turtlebot2, {"y": "17.99", "x": "-19.01", "yaw": "-1.38"}
35.98, [INFO], turtlebot3, {"y": "18.00", "x": "-13.49", "yaw": "-1.49"}
35.98, [INFO], turtlebot3, {"y": "18.00", "x": "-13.49", "yaw": "-1.49"}
36.02, [INFO], turtlebot4, {"y": "33.97", "x": "-32.89", "yaw": "-3.10"}
36.02, [INFO], turtlebot4, {"y": "33.97", "x": "-32.89", "yaw": "-3.10"}
36.05, [INFO], turtlebot5, {"battery-level": "70.26%"}
36.05, [INFO], turtlebot5, {"battery-level": "70.26%"}
36.07, [INFO], turtlebot5, {"y": "16.41", "x": "-11.76", "yaw": "-1.68"}
36.07, [INFO], turtlebot5, {"y": "16.41", "x": "-11.76", "yaw": "-1.68"}
36.10, [INFO], turtlebot6, {"y": "18.78", "x": "-33.84", "yaw": "2.82"}
36.10, [INFO], turtlebot6, {"y": "18.78", "x": "-33.84", "yaw": "2.82"}
40.32, [DEBUG], None, [debug],turtlebot5,move-base-info,Hooray, the base moved arrived,(x=-11.5;y=16)
40.42, [DEBUG], None, [debug],turtlebot5,move-base-info,Hooray, the base moved arrived,(x=-11.5;y=16)
40.43, [DEBUG], turtlebot5, {"status": "way-point-reached", "skill": "navigation", "percentage": "25.00%", "goingto": "IC Room 2"}
50.52, [DEBUG], turtlebot5, {"param_list": ["IC Room 2", [[-11.5, 16.0, 3.141592653589793, true], [-37.0, 16.0, 1.5707963267948966, true], [-37.0, 21.5, 3.141592653589793, true], [-38.0, 21.5, 0.0, false]]], "skill": "navigation", "skill-life-cycle": "RUNNING", "label": "navto_room"}
50.97, [INFO], turtlebot1, {"y": "18.03", "x": "-27.22", "yaw": "-1.58"}
50.97, [INFO], turtlebot1, {"y": "18.03", "x": "-27.22", "yaw": "-1.58"}
50.98, [INFO], turtlebot2, {"y": "17.99", "x": "-19.01", "yaw": "-1.38"}
50.98, [INFO], turtlebot2, {"y": "17.99", "x": "-19.01", "yaw": "-1.38"}
50.98, [INFO], turtlebot3, {"y": "18.00", "x": "-13.49", "yaw": "-1.48"}
50.98, [INFO], turtlebot3, {"y": "18.00", "x": "-13.49", "yaw": "-1.48"}
51.02, [INFO], turtlebot4, {"y": "33.97", "x": "-32.89", "yaw": "-3.10"}
51.02, [INFO], turtlebot4, {"y": "33.97", "x": "-32.89", "yaw": "-3.10"}
51.05, [INFO], turtlebot5, {"battery-level": "69.06%"}
51.05, [INFO], turtlebot5, {"battery-level": "69.06%"}
51.07, [INFO], turtlebot5, {"y": "16.29", "x": "-12.75", "yaw": "-3.04"}
51.07, [INFO], turtlebot5, {"y": "16.29", "x": "-12.75", "yaw": "-3.04"}
51.10, [INFO], turtlebot6, {"y": "18.78", "x": "-33.85", "yaw": "2.84"}
51.10, [INFO], turtlebot6, {"y": "18.78", "x": "-33.85", "yaw": "2.84"}
65.97, [INFO], turtlebot1, {"y": "18.03", "x": "-27.22", "yaw": "-1.58"}
65.97, [INFO], turtlebot1, {"y": "18.03", "x": "-27.22", "yaw": "-1.58"}
65.98, [INFO], turtlebot3, {"y": "18.00", "x": "-13.49", "yaw": "-1.47"}
65.98, [INFO], turtlebot3, {"y": "18.00", "x": "-13.49", "yaw": "-1.47"}
65.98, [INFO], turtlebot2, {"y": "17.99", "x": "-19.01", "yaw": "-1.38"}
65.98, [INFO], turtlebot2, {"y": "17.99", "x": "-19.01", "yaw": "-1.38"}
66.02, [INFO], turtlebot4, {"y": "33.97", "x": "-32.89", "yaw": "-3.10"}
66.03, [INFO], turtlebot4, {"y": "33.97", "x": "-32.89", "yaw": "-3.10"}
66.05, [INFO], turtlebot5, {"battery-level": "67.86%"}
66.05, [INFO], turtlebot5, {"battery-level": "67.86%"}
66.08, [INFO], turtlebot5, {"y": "15.90", "x": "-14.81", "yaw": "-2.78"}
66.08, [INFO], turtlebot5, {"y": "15.90", "x": "-14.81", "yaw": "-2.78"}
66.10, [INFO], turtlebot6, {"y": "18.78", "x": "-33.85", "yaw": "2.85"}
66.10, [INFO], turtlebot6, {"y": "18.78", "x": "-33.85", "yaw": "2.85"}
80.97, [INFO], turtlebot1, {"y": "18.03", "x": "-27.22", "yaw": "-1.58"}
80.97, [INFO], turtlebot1, {"y": "18.03", "x": "-27.22", "yaw": "-1.58"}
80.98, [INFO], turtlebot3, {"y": "18.00", "x": "-13.49", "yaw": "-1.45"}
80.98, [INFO], turtlebot3, {"y": "18.00", "x": "-13.49", "yaw": "-1.45"}
80.98, [INFO], turtlebot2, {"y": "17.99", "x": "-19.01", "yaw": "-1.38"}
80.98, [INFO], turtlebot2, {"y": "17.99", "x": "-19.01", "yaw": "-1.38"}
81.02, [INFO], turtlebot4, {"y": "33.97", "x": "-32.90", "yaw": "-3.10"}
81.02, [INFO], turtlebot4, {"y": "33.97", "x": "-32.90", "yaw": "-3.10"}
81.07, [INFO], turtlebot5, {"battery-level": "66.66%"}
81.07, [INFO], turtlebot5, {"battery-level": "66.66%"}
81.08, [INFO], turtlebot5, {"y": "15.92", "x": "-17.29", "yaw": "2.82"}
81.08, [INFO], turtlebot5, {"y": "15.92", "x": "-17.29", "yaw": "2.82"}
81.10, [INFO], turtlebot6, {"y": "18.78", "x": "-33.85", "yaw": "2.87"}
81.10, [INFO], turtlebot6, {"y": "18.78", "x": "-33.85", "yaw": "2.87"}
92.58, [DEBUG], turtlebot5, {"param_list": ["IC Room 2", [[-11.5, 16.0, 3.141592653589793, true], [-37.0, 16.0, 1.5707963267948966, true], [-37.0, 21.5, 3.141592653589793, true], [-38.0, 21.5, 0.0, false]]], "skill": "navigation", "skill-life-cycle": "RUNNING", "label": "navto_room"}
95.97, [INFO], turtlebot1, {"y": "18.03", "x": "-27.22", "yaw": "-1.58"}
95.97, [INFO], turtlebot1, {"y": "18.03", "x": "-27.22", "yaw": "-1.58"}
95.98, [INFO], turtlebot2, {"y": "17.99", "x": "-19.01", "yaw": "-1.38"}
95.98, [INFO], turtlebot2, {"y": "17.99", "x": "-19.01", "yaw": "-1.38"}
95.98, [INFO], turtlebot3, {"y": "17.99", "x": "-13.49", "yaw": "-1.44"}
95.98, [INFO], turtlebot3, {"y": "17.99", "x": "-13.49", "yaw": "-1.44"}
96.02, [INFO], turtlebot4, {"y": "33.97", "x": "-32.90", "yaw": "-3.10"}
96.02, [INFO], turtlebot4, {"y": "33.97", "x": "-32.90", "yaw": "-3.10"}
96.05, [INFO], turtlebot5, {"battery-level": "65.46%"}
96.05, [INFO], turtlebot5, {"battery-level": "65.46%"}
96.07, [INFO], turtlebot5, {"y": "16.08", "x": "-19.91", "yaw": "3.06"}
96.07, [INFO], turtlebot5, {"y": "16.08", "x": "-19.91", "yaw": "3.06"}
96.10, [INFO], turtlebot6, {"y": "18.78", "x": "-33.85", "yaw": "2.88"}
96.10, [INFO], turtlebot6, {"y": "18.78", "x": "-33.85", "yaw": "2.88"}
110.97, [INFO], turtlebot1, {"y": "18.03", "x": "-27.22", "yaw": "-1.58"}
110.97, [INFO], turtlebot1, {"y": "18.03", "x": "-27.22", "yaw": "-1.58"}
110.98, [INFO], turtlebot3, {"y": "17.99", "x": "-13.49", "yaw": "-1.42"}
110.98, [INFO], turtlebot3, {"y": "17.99", "x": "-13.49", "yaw": "-1.42"}
110.98, [INFO], turtlebot2, {"y": "17.99", "x": "-19.01", "yaw": "-1.38"}
110.98, [INFO], turtlebot2, {"y": "17.99", "x": "-19.01", "yaw": "-1.38"}
111.02, [INFO], turtlebot4, {"y": "33.97", "x": "-32.90", "yaw": "-3.09"}
111.02, [INFO], turtlebot4, {"y": "33.97", "x": "-32.90", "yaw": "-3.09"}
111.05, [INFO], turtlebot5, {"battery-level": "64.26%"}
111.05, [INFO], turtlebot5, {"battery-level": "64.26%"}
111.07, [INFO], turtlebot5, {"y": "16.09", "x": "-22.42", "yaw": "3.14"}
111.07, [INFO], turtlebot5, {"y": "16.09", "x": "-22.42", "yaw": "3.14"}
111.10, [INFO], turtlebot6, {"y": "18.78", "x": "-33.85", "yaw": "2.90"}
111.10, [INFO], turtlebot6, {"y": "18.78", "x": "-33.85", "yaw": "2.90"}
125.97, [INFO], turtlebot1, {"y": "18.03", "x": "-27.22", "yaw": "-1.58"}
125.97, [INFO], turtlebot1, {"y": "18.03", "x": "-27.22", "yaw": "-1.58"}
125.98, [INFO], turtlebot2, {"y": "17.99", "x": "-19.01", "yaw": "-1.38"}
125.98, [INFO], turtlebot2, {"y": "17.99", "x": "-19.01", "yaw": "-1.38"}
125.98, [INFO], turtlebot3, {"y": "17.99", "x": "-13.49", "yaw": "-1.40"}
125.98, [INFO], turtlebot3, {"y": "17.99", "x": "-13.49", "yaw": "-1.40"}
126.02, [INFO], turtlebot4, {"y": "33.97", "x": "-32.90", "yaw": "-3.09"}
126.02, [INFO], turtlebot4, {"y": "33.97", "x": "-32.90", "yaw": "-3.09"}
126.05, [INFO], turtlebot5, {"battery-level": "63.06%"}
126.05, [INFO], turtlebot5, {"battery-level": "63.06%"}
126.07, [INFO], turtlebot5, {"y": "16.10", "x": "-24.93", "yaw": "-3.14"}
126.07, [INFO], turtlebot5, {"y": "16.10", "x": "-24.93", "yaw": "-3.14"}
126.10, [INFO], turtlebot6, {"y": "18.79", "x": "-33.86", "yaw": "2.93"}
126.10, [INFO], turtlebot6, {"y": "18.79", "x": "-33.86", "yaw": "2.93"}
134.55, [DEBUG], turtlebot5, {"param_list": ["IC Room 2", [[-11.5, 16.0, 3.141592653589793, true], [-37.0, 16.0, 1.5707963267948966, true], [-37.0, 21.5, 3.141592653589793, true], [-38.0, 21.5, 0.0, false]]], "skill": "navigation", "skill-life-cycle": "RUNNING", "label": "navto_room"}
140.97, [INFO], turtlebot1, {"y": "18.03", "x": "-27.22", "yaw": "-1.58"}
140.97, [INFO], turtlebot1, {"y": "18.03", "x": "-27.22", "yaw": "-1.58"}
140.98, [INFO], turtlebot3, {"y": "17.98", "x": "-13.49", "yaw": "-1.38"}
140.98, [INFO], turtlebot2, {"y": "17.99", "x": "-19.01", "yaw": "-1.38"}
140.98, [INFO], turtlebot3, {"y": "17.98", "x": "-13.49", "yaw": "-1.38"}
140.98, [INFO], turtlebot2, {"y": "17.99", "x": "-19.01", "yaw": "-1.38"}
141.02, [INFO], turtlebot4, {"y": "33.97", "x": "-32.90", "yaw": "-3.09"}
141.02, [INFO], turtlebot4, {"y": "33.97", "x": "-32.90", "yaw": "-3.09"}
141.05, [INFO], turtlebot5, {"battery-level": "61.86%"}
141.05, [INFO], turtlebot5, {"battery-level": "61.86%"}
141.07, [INFO], turtlebot5, {"y": "16.09", "x": "-27.42", "yaw": "-3.14"}
141.07, [INFO], turtlebot5, {"y": "16.09", "x": "-27.42", "yaw": "-3.14"}
141.10, [INFO], turtlebot6, {"y": "18.79", "x": "-33.87", "yaw": "2.95"}
141.10, [INFO], turtlebot6, {"y": "18.79", "x": "-33.87", "yaw": "2.95"}
155.97, [INFO], turtlebot1, {"y": "18.03", "x": "-27.22", "yaw": "-1.57"}
155.97, [INFO], turtlebot1, {"y": "18.03", "x": "-27.22", "yaw": "-1.57"}
155.98, [INFO], turtlebot3, {"y": "17.98", "x": "-13.48", "yaw": "-1.36"}
155.98, [INFO], turtlebot3, {"y": "17.98", "x": "-13.48", "yaw": "-1.36"}
155.98, [INFO], turtlebot2, {"y": "17.99", "x": "-19.01", "yaw": "-1.38"}
155.98, [INFO], turtlebot2, {"y": "17.99", "x": "-19.01", "yaw": "-1.38"}
156.02, [INFO], turtlebot4, {"y": "33.97", "x": "-32.90", "yaw": "-3.09"}
156.02, [INFO], turtlebot4, {"y": "33.97", "x": "-32.90", "yaw": "-3.09"}
156.05, [INFO], turtlebot5, {"battery-level": "60.66%"}
156.05, [INFO], turtlebot5, {"battery-level": "60.66%"}
156.07, [INFO], turtlebot5, {"y": "16.10", "x": "-29.93", "yaw": "3.14"}
156.07, [INFO], turtlebot5, {"y": "16.10", "x": "-29.93", "yaw": "3.14"}
156.10, [INFO], turtlebot6, {"y": "18.79", "x": "-33.87", "yaw": "2.98"}
156.10, [INFO], turtlebot6, {"y": "18.79", "x": "-33.87", "yaw": "2.98"}
170.97, [INFO], turtlebot1, {"y": "18.03", "x": "-27.22", "yaw": "-1.57"}
170.97, [INFO], turtlebot1, {"y": "18.03", "x": "-27.22", "yaw": "-1.57"}
170.98, [INFO], turtlebot2, {"y": "17.99", "x": "-19.01", "yaw": "-1.38"}
170.98, [INFO], turtlebot2, {"y": "17.99", "x": "-19.01", "yaw": "-1.38"}
170.98, [INFO], turtlebot3, {"y": "17.97", "x": "-13.48", "yaw": "-1.34"}
170.98, [INFO], turtlebot3, {"y": "17.97", "x": "-13.48", "yaw": "-1.34"}
171.03, [INFO], turtlebot4, {"y": "33.97", "x": "-32.90", "yaw": "-3.09"}
171.03, [INFO], turtlebot4, {"y": "33.97", "x": "-32.90", "yaw": "-3.09"}
171.05, [INFO], turtlebot5, {"battery-level": "59.46%"}
171.07, [INFO], turtlebot5, {"battery-level": "59.46%"}
171.07, [INFO], turtlebot5, {"y": "16.09", "x": "-32.42", "yaw": "-3.14"}
171.07, [INFO], turtlebot5, {"y": "16.09", "x": "-32.42", "yaw": "-3.14"}
171.10, [INFO], turtlebot6, {"y": "18.79", "x": "-33.88", "yaw": "3.00"}
171.10, [INFO], turtlebot6, {"y": "18.79", "x": "-33.88", "yaw": "3.00"}
176.52, [DEBUG], turtlebot5, {"param_list": ["IC Room 2", [[-11.5, 16.0, 3.141592653589793, true], [-37.0, 16.0, 1.5707963267948966, true], [-37.0, 21.5, 3.141592653589793, true], [-38.0, 21.5, 0.0, false]]], "skill": "navigation", "skill-life-cycle": "RUNNING", "label": "navto_room"}
185.97, [INFO], turtlebot1, {"y": "18.03", "x": "-27.22", "yaw": "-1.57"}
185.97, [INFO], turtlebot1, {"y": "18.03", "x": "-27.22", "yaw": "-1.57"}
185.98, [INFO], turtlebot2, {"y": "17.99", "x": "-19.01", "yaw": "-1.38"}
185.98, [INFO], turtlebot2, {"y": "17.99", "x": "-19.01", "yaw": "-1.38"}
185.98, [INFO], turtlebot3, {"y": "17.97", "x": "-13.48", "yaw": "-1.32"}
185.98, [INFO], turtlebot3, {"y": "17.97", "x": "-13.48", "yaw": "-1.32"}
186.02, [INFO], turtlebot4, {"y": "33.97", "x": "-32.90", "yaw": "-3.09"}
186.02, [INFO], turtlebot4, {"y": "33.97", "x": "-32.90", "yaw": "-3.09"}
186.05, [INFO], turtlebot5, {"battery-level": "58.26%"}
186.05, [INFO], turtlebot5, {"battery-level": "58.26%"}
186.07, [INFO], turtlebot5, {"y": "16.09", "x": "-34.92", "yaw": "3.14"}
186.07, [INFO], turtlebot5, {"y": "16.09", "x": "-34.92", "yaw": "3.14"}
186.10, [INFO], turtlebot6, {"y": "18.79", "x": "-33.88", "yaw": "3.00"}
186.10, [INFO], turtlebot6, {"y": "18.79", "x": "-33.88", "yaw": "3.00"}
200.52, [DEBUG], None, [debug],turtlebot5,move-base-info,Hooray, the base moved arrived,(x=-37;y=16)
200.52, [DEBUG], None, [debug],turtlebot5,move-base-info,Hooray, the base moved arrived,(x=-37;y=16)
200.62, [DEBUG], turtlebot5, {"status": "way-point-reached", "skill": "navigation", "percentage": "50.00%", "goingto": "IC Room 2"}
200.97, [INFO], turtlebot1, {"y": "18.03", "x": "-27.22", "yaw": "-1.57"}
200.97, [INFO], turtlebot1, {"y": "18.03", "x": "-27.22", "yaw": "-1.57"}
200.98, [INFO], turtlebot3, {"y": "17.97", "x": "-13.48", "yaw": "-1.30"}
200.98, [INFO], turtlebot3, {"y": "17.97", "x": "-13.48", "yaw": "-1.30"}
200.98, [INFO], turtlebot2, {"y": "17.99", "x": "-19.01", "yaw": "-1.38"}
200.98, [INFO], turtlebot2, {"y": "17.99", "x": "-19.01", "yaw": "-1.38"}
201.02, [INFO], turtlebot4, {"y": "33.97", "x": "-32.90", "yaw": "-3.09"}
201.02, [INFO], turtlebot4, {"y": "33.97", "x": "-32.90", "yaw": "-3.09"}
201.05, [INFO], turtlebot5, {"battery-level": "57.06%"}
201.05, [INFO], turtlebot5, {"battery-level": "57.06%"}
201.07, [INFO], turtlebot5, {"y": "16.27", "x": "-36.66", "yaw": "1.61"}
201.07, [INFO], turtlebot5, {"y": "16.27", "x": "-36.66", "yaw": "1.61"}
201.10, [INFO], turtlebot6, {"y": "18.79", "x": "-33.88", "yaw": "3.01"}
201.10, [INFO], turtlebot6, {"y": "18.79", "x": "-33.88", "yaw": "3.01"}
215.97, [INFO], turtlebot1, {"y": "18.03", "x": "-27.21", "yaw": "-1.57"}
215.97, [INFO], turtlebot1, {"y": "18.03", "x": "-27.21", "yaw": "-1.57"}
215.98, [INFO], turtlebot2, {"y": "17.99", "x": "-19.01", "yaw": "-1.38"}
215.98, [INFO], turtlebot2, {"y": "17.99", "x": "-19.01", "yaw": "-1.38"}
215.98, [INFO], turtlebot3, {"y": "17.96", "x": "-13.47", "yaw": "-1.28"}
215.98, [INFO], turtlebot3, {"y": "17.96", "x": "-13.47", "yaw": "-1.28"}
216.02, [INFO], turtlebot4, {"y": "33.97", "x": "-32.91", "yaw": "-3.08"}
216.02, [INFO], turtlebot4, {"y": "33.97", "x": "-32.91", "yaw": "-3.08"}
216.07, [INFO], turtlebot5, {"battery-level": "55.86%"}
216.07, [INFO], turtlebot5, {"battery-level": "55.86%"}
216.07, [INFO], turtlebot5, {"y": "21.07", "x": "-36.87", "yaw": "3.08"}
216.07, [INFO], turtlebot5, {"y": "21.07", "x": "-36.87", "yaw": "3.08"}
216.10, [INFO], turtlebot6, {"y": "18.79", "x": "-33.88", "yaw": "3.01"}
216.10, [INFO], turtlebot6, {"y": "18.79", "x": "-33.88", "yaw": "3.01"}
216.20, [DEBUG], None, [debug],turtlebot5,move-base-info,Hooray, the base moved arrived,(x=-37;y=21.5)
216.20, [DEBUG], None, [debug],turtlebot5,move-base-info,Hooray, the base moved arrived,(x=-37;y=21.5)
216.32, [DEBUG], turtlebot5, {"status": "way-point-reached", "skill": "navigation", "percentage": "75.00%", "goingto": "IC Room 2"}
219.62, [DEBUG], turtlebot5, {"param_list": ["IC Room 2", [[-11.5, 16.0, 3.141592653589793, true], [-37.0, 16.0, 1.5707963267948966, true], [-37.0, 21.5, 3.141592653589793, true], [-38.0, 21.5, 0.0, false]]], "skill": "navigation", "skill-life-cycle": "RUNNING", "label": "navto_room"}
230.62, [DEBUG], None, [debug],turtlebot5,move-base-info,Hooray, the base moved arrived,(x=-38;y=21.5)
230.62, [DEBUG], None, [debug],turtlebot5,move-base-info,Hooray, the base moved arrived,(x=-38;y=21.5)
230.87, [DEBUG], turtlebot5, {"status": "way-point-reached", "skill": "navigation", "percentage": "100.00%", "goingto": "IC Room 2"}
230.93, [DEBUG], turtlebot5, {"param_list": ["IC Room 2", [[-11.5, 16.0, 3.141592653589793, true], [-37.0, 16.0, 1.5707963267948966, true], [-37.0, 21.5, 3.141592653589793, true], [-38.0, 21.5, 0.0, false]]], "skill": "navigation", "skill-life-cycle": "SUCCESS", "label": "navto_room"}
230.93, [DEBUG], turtlebot5, "available-skills=['send_message', 'wait_message', 'approach_person', 'approach_robot', 'authenticate_person', 'navigation', 'operate_drawer']"
230.93, [DEBUG], turtlebot5, {"param_list": ["nurse"], "skill": "approach_person", "skill-life-cycle": "STARTED", "label": "approach_nurse"}
230.97, [INFO], turtlebot1, {"y": "18.03", "x": "-27.21", "yaw": "-1.57"}
230.97, [INFO], turtlebot1, {"y": "18.03", "x": "-27.21", "yaw": "-1.57"}
230.98, [INFO], turtlebot2, {"y": "17.99", "x": "-19.01", "yaw": "-1.38"}
230.98, [INFO], turtlebot3, {"y": "17.96", "x": "-13.47", "yaw": "-1.26"}
230.98, [INFO], turtlebot2, {"y": "17.99", "x": "-19.01", "yaw": "-1.38"}
230.98, [INFO], turtlebot3, {"y": "17.96", "x": "-13.47", "yaw": "-1.26"}
231.00, [DEBUG], turtlebot5, {"status": "localize-person", "skill": "approach-person", "who": "nurse"}
231.02, [INFO], turtlebot4, {"y": "33.97", "x": "-32.91", "yaw": "-3.07"}
231.02, [INFO], turtlebot4, {"y": "33.97", "x": "-32.91", "yaw": "-3.07"}
231.05, [INFO], turtlebot5, {"battery-level": "54.66%"}
231.05, [INFO], turtlebot5, {"battery-level": "54.66%"}
231.07, [INFO], turtlebot5, {"y": "21.35", "x": "-37.64", "yaw": "0.05"}
231.07, [INFO], turtlebot5, {"y": "21.35", "x": "-37.64", "yaw": "0.05"}
231.07, [DEBUG], turtlebot5, {"status": "goto-person", "skill": "approach-person", "who": "nurse"}
231.10, [INFO], turtlebot6, {"y": "18.79", "x": "-33.88", "yaw": "3.01"}
231.10, [INFO], turtlebot6, {"y": "18.79", "x": "-33.88", "yaw": "3.01"}
231.13, [DEBUG], turtlebot5, {"param_list": ["nurse"], "skill": "approach_person", "skill-life-cycle": "SUCCESS", "label": "approach_nurse"}
231.13, [DEBUG], turtlebot5, "available-skills=['send_message', 'wait_message', 'approach_person', 'approach_robot', 'authenticate_person', 'navigation', 'operate_drawer']"
231.13, [DEBUG], turtlebot5, {"param_list": ["nurse"], "skill": "authenticate_person", "skill-life-cycle": "STARTED", "label": "authenticate_nurse"}
231.20, [DEBUG], turtlebot5, {"status": "request-authentication", "to": "nurse", "skill": "authenticate-person"}
231.20, [INFO], nurse, {"status": "message-received", "skill": "athentication-request"}
231.20, [INFO], nurse, {"status": "message-received", "skill": "athentication-request"}
231.53, [DEBUG], turtlebot5, {"status": "received-authentication", "skill": "authenticate-person", "from": "nurse"}
231.60, [DEBUG], turtlebot5, {"param_list": ["nurse"], "skill": "authenticate_person", "skill-life-cycle": "SUCCESS", "label": "authenticate_nurse"}
231.62, [DEBUG], turtlebot5, "available-skills=['send_message', 'wait_message', 'approach_person', 'approach_robot', 'authenticate_person', 'navigation', 'operate_drawer']"
231.62, [DEBUG], turtlebot5, {"param_list": ["open"], "skill": "operate_drawer", "skill-life-cycle": "STARTED", "label": "open_drawer_for_nurse"}
231.65, [DEBUG], turtlebot5, {"status": "task-update", "action": "open", "skill": "operate-drawer"}
232.45, [DEBUG], turtlebot5, {"param_list": ["open"], "skill": "operate_drawer", "skill-life-cycle": "SUCCESS", "label": "open_drawer_for_nurse"}
232.45, [DEBUG], turtlebot5, "available-skills=['send_message', 'wait_message', 'approach_person', 'approach_robot', 'authenticate_person', 'navigation', 'operate_drawer']"
232.45, [DEBUG], turtlebot5, {"param_list": ["nurse"], "skill": "send_message", "skill-life-cycle": "STARTED", "label": "notify_nurse_of_open_drawer_for_nurse_completed"}
232.55, [INFO], turtlebot5, {"to": "nurse", "skill": "send-message"}
233.32, [INFO], nurse, {"status": "message-received", "skill": "wait-message"}
233.43, [INFO], nurse, {"status": "message-received", "skill": "wait-message"}
235.63, [DEBUG], turtlebot5, {"param_list": ["nurse"], "skill": "send_message", "skill-life-cycle": "SUCCESS", "label": "notify_nurse_of_open_drawer_for_nurse_completed"}
235.63, [DEBUG], turtlebot5, "available-skills=['send_message', 'wait_message', 'approach_person', 'approach_robot', 'authenticate_person', 'navigation', 'operate_drawer']"
235.63, [DEBUG], turtlebot5, {"param_list": ["nurse"], "skill": "wait_message", "skill-life-cycle": "STARTED", "label": "wait_nurse_to_complete_deposit"}
237.42, [INFO], turtlebot5, {"status": "message-received", "skill": "wait-message"}
237.48, [DEBUG], turtlebot5, {"param_list": ["nurse"], "skill": "wait_message", "skill-life-cycle": "SUCCESS", "label": "wait_nurse_to_complete_deposit"}
237.48, [DEBUG], turtlebot5, "available-skills=['send_message', 'wait_message', 'approach_person', 'approach_robot', 'authenticate_person', 'navigation', 'operate_drawer']"
237.48, [DEBUG], turtlebot5, {"param_list": ["close"], "skill": "operate_drawer", "skill-life-cycle": "STARTED", "label": "close_drawer_nurse"}
237.55, [DEBUG], turtlebot5, {"status": "task-update", "action": "close", "skill": "operate-drawer"}
238.37, [DEBUG], turtlebot5, {"param_list": ["close"], "skill": "operate_drawer", "skill-life-cycle": "SUCCESS", "label": "close_drawer_nurse"}
238.37, [DEBUG], turtlebot5, "available-skills=['send_message', 'wait_message', 'approach_person', 'approach_robot', 'authenticate_person', 'navigation', 'operate_drawer']"
238.37, [DEBUG], turtlebot5, {"param_list": ["Laboratory", [[-37.0, 21.5, -1.5707963267948966, true], [-37.0, 16.0, 0.0, true], [-26.0, 16.0, -1.5707963267948966, true], [-26.0, 13.0, 1.57, false]]], "skill": "navigation", "skill-life-cycle": "STARTED", "label": "navto_lab"}
243.32, [INFO], nurse, {"status": "message-received", "skill": "wait-message"}
243.42, [INFO], nurse, {"status": "message-received", "skill": "wait-message"}
245.97, [INFO], turtlebot1, {"y": "18.03", "x": "-27.21", "yaw": "-1.57"}
245.97, [INFO], turtlebot1, {"y": "18.03", "x": "-27.21", "yaw": "-1.57"}
245.98, [INFO], turtlebot3, {"y": "17.96", "x": "-13.47", "yaw": "-1.24"}
245.98, [INFO], turtlebot3, {"y": "17.96", "x": "-13.47", "yaw": "-1.24"}
245.98, [INFO], turtlebot2, {"y": "17.99", "x": "-19.01", "yaw": "-1.37"}
245.98, [INFO], turtlebot2, {"y": "17.99", "x": "-19.01", "yaw": "-1.37"}
246.02, [INFO], turtlebot4, {"y": "33.97", "x": "-32.91", "yaw": "-3.07"}
246.02, [INFO], turtlebot4, {"y": "33.97", "x": "-32.91", "yaw": "-3.07"}
246.05, [INFO], turtlebot5, {"battery-level": "53.46%"}
246.05, [INFO], turtlebot5, {"battery-level": "53.46%"}
246.07, [INFO], turtlebot5, {"y": "21.40", "x": "-37.45", "yaw": "-0.79"}
246.07, [INFO], turtlebot5, {"y": "21.40", "x": "-37.45", "yaw": "-0.79"}
246.10, [INFO], turtlebot6, {"y": "18.79", "x": "-33.88", "yaw": "3.01"}
246.10, [INFO], turtlebot6, {"y": "18.79", "x": "-33.88", "yaw": "3.01"}
248.53, [DEBUG], None, [debug],turtlebot5,move-base-info,Hooray, the base moved arrived,(x=-37;y=21.5)
248.53, [DEBUG], None, [debug],turtlebot5,move-base-info,Hooray, the base moved arrived,(x=-37;y=21.5)
248.57, [DEBUG], turtlebot5, {"status": "way-point-reached", "skill": "navigation", "percentage": "25.00%", "goingto": "Laboratory"}
251.20, [INFO], nurse, {"status": "waiting", "skill": "athentication-sent"}
251.20, [INFO], nurse, {"status": "waiting", "skill": "athentication-sent"}
253.32, [INFO], nurse, {"status": "message-received", "skill": "wait-message"}
253.42, [INFO], nurse, {"status": "message-received", "skill": "wait-message"}
260.97, [INFO], turtlebot1, {"y": "18.03", "x": "-27.21", "yaw": "-1.57"}
260.97, [INFO], turtlebot1, {"y": "18.03", "x": "-27.21", "yaw": "-1.57"}
260.98, [INFO], turtlebot2, {"y": "17.99", "x": "-19.01", "yaw": "-1.37"}
260.98, [INFO], turtlebot2, {"y": "17.99", "x": "-19.01", "yaw": "-1.37"}
260.98, [INFO], turtlebot3, {"y": "17.95", "x": "-13.46", "yaw": "-1.22"}
260.98, [INFO], turtlebot3, {"y": "17.95", "x": "-13.46", "yaw": "-1.22"}
261.02, [INFO], turtlebot4, {"y": "33.97", "x": "-32.91", "yaw": "-3.06"}
261.02, [INFO], turtlebot4, {"y": "33.97", "x": "-32.91", "yaw": "-3.06"}
261.05, [INFO], turtlebot5, {"battery-level": "52.26%"}
261.05, [INFO], turtlebot5, {"battery-level": "52.26%"}
261.07, [INFO], turtlebot5, {"y": "20.77", "x": "-36.99", "yaw": "-1.03"}
261.07, [INFO], turtlebot5, {"y": "20.77", "x": "-36.99", "yaw": "-1.03"}
261.10, [INFO], turtlebot6, {"y": "18.79", "x": "-33.88", "yaw": "3.01"}
261.10, [INFO], turtlebot6, {"y": "18.79", "x": "-33.88", "yaw": "3.01"}
263.32, [INFO], nurse, {"status": "message-received", "skill": "wait-message"}
263.40, [INFO], nurse, {"status": "message-received", "skill": "wait-message"}
263.92, [DEBUG], turtlebot5, {"param_list": ["Laboratory", [[-37.0, 21.5, -1.5707963267948966, true], [-37.0, 16.0, 0.0, true], [-26.0, 16.0, -1.5707963267948966, true], [-26.0, 13.0, 1.57, false]]], "skill": "navigation", "skill-life-cycle": "RUNNING", "label": "navto_lab"}
275.97, [INFO], turtlebot1, {"y": "18.03", "x": "-27.21", "yaw": "-1.57"}
275.97, [INFO], turtlebot1, {"y": "18.03", "x": "-27.21", "yaw": "-1.57"}
275.98, [INFO], turtlebot2, {"y": "17.99", "x": "-19.01", "yaw": "-1.37"}
275.98, [INFO], turtlebot2, {"y": "17.99", "x": "-19.01", "yaw": "-1.37"}
275.98, [INFO], turtlebot3, {"y": "17.95", "x": "-13.46", "yaw": "-1.20"}
275.98, [INFO], turtlebot3, {"y": "17.95", "x": "-13.46", "yaw": "-1.20"}
276.02, [INFO], turtlebot4, {"y": "33.98", "x": "-32.92", "yaw": "-3.06"}
276.02, [INFO], turtlebot4, {"y": "33.98", "x": "-32.92", "yaw": "-3.06"}
276.05, [INFO], turtlebot5, {"battery-level": "51.06%"}
276.05, [INFO], turtlebot5, {"battery-level": "51.06%"}
276.07, [INFO], turtlebot5, {"y": "19.54", "x": "-36.71", "yaw": "-1.53"}
276.07, [INFO], turtlebot5, {"y": "19.54", "x": "-36.71", "yaw": "-1.53"}
276.10, [INFO], turtlebot6, {"y": "18.79", "x": "-33.88", "yaw": "3.01"}
276.10, [INFO], turtlebot6, {"y": "18.79", "x": "-33.88", "yaw": "3.01"}
290.98, [INFO], turtlebot1, {"y": "18.03", "x": "-27.21", "yaw": "-1.57"}
290.98, [INFO], turtlebot1, {"y": "18.03", "x": "-27.21", "yaw": "-1.57"}
290.98, [INFO], turtlebot2, {"y": "17.99", "x": "-19.00", "yaw": "-1.37"}
290.98, [INFO], turtlebot2, {"y": "17.99", "x": "-19.00", "yaw": "-1.37"}
290.98, [INFO], turtlebot3, {"y": "17.95", "x": "-13.46", "yaw": "-1.18"}
290.98, [INFO], turtlebot3, {"y": "17.95", "x": "-13.46", "yaw": "-1.18"}
291.02, [INFO], turtlebot4, {"y": "33.98", "x": "-32.92", "yaw": "-3.05"}
291.02, [INFO], turtlebot4, {"y": "33.98", "x": "-32.92", "yaw": "-3.05"}
291.05, [INFO], turtlebot5, {"battery-level": "49.86%"}
291.05, [INFO], turtlebot5, {"battery-level": "49.86%"}
291.07, [INFO], turtlebot5, {"y": "18.29", "x": "-36.69", "yaw": "-1.54"}
291.07, [INFO], turtlebot5, {"y": "18.29", "x": "-36.69", "yaw": "-1.54"}
291.10, [INFO], turtlebot6, {"y": "18.79", "x": "-33.88", "yaw": "3.01"}
291.10, [INFO], turtlebot6, {"y": "18.79", "x": "-33.88", "yaw": "3.01"}
305.55, [DEBUG], turtlebot5, {"param_list": ["Laboratory", [[-37.0, 21.5, -1.5707963267948966, true], [-37.0, 16.0, 0.0, true], [-26.0, 16.0, -1.5707963267948966, true], [-26.0, 13.0, 1.57, false]]], "skill": "navigation", "skill-life-cycle": "RUNNING", "label": "navto_lab"}
305.97, [INFO], turtlebot1, {"y": "18.03", "x": "-27.21", "yaw": "-1.57"}
305.97, [INFO], turtlebot1, {"y": "18.03", "x": "-27.21", "yaw": "-1.57"}
305.98, [INFO], turtlebot3, {"y": "17.94", "x": "-13.45", "yaw": "-1.16"}
305.98, [INFO], turtlebot3, {"y": "17.94", "x": "-13.45", "yaw": "-1.16"}
305.98, [INFO], turtlebot2, {"y": "17.99", "x": "-19.00", "yaw": "-1.37"}
305.98, [INFO], turtlebot2, {"y": "17.99", "x": "-19.00", "yaw": "-1.37"}
306.02, [INFO], turtlebot4, {"y": "33.98", "x": "-32.92", "yaw": "-3.05"}
306.02, [INFO], turtlebot4, {"y": "33.98", "x": "-32.92", "yaw": "-3.05"}
306.07, [INFO], turtlebot5, {"battery-level": "48.66%"}
306.07, [INFO], turtlebot5, {"battery-level": "48.66%"}
306.07, [INFO], turtlebot5, {"y": "17.04", "x": "-36.70", "yaw": "-1.69"}
306.08, [INFO], turtlebot5, {"y": "17.04", "x": "-36.70", "yaw": "-1.69"}
306.10, [INFO], turtlebot6, {"y": "18.79", "x": "-33.88", "yaw": "3.01"}
306.10, [INFO], turtlebot6, {"y": "18.79", "x": "-33.88", "yaw": "3.01"}
318.43, [DEBUG], None, [debug],turtlebot5,move-base-info,Hooray, the base moved arrived,(x=-37;y=16)
318.43, [DEBUG], None, [debug],turtlebot5,move-base-info,Hooray, the base moved arrived,(x=-37;y=16)
318.52, [DEBUG], turtlebot5, {"status": "way-point-reached", "skill": "navigation", "percentage": "50.00%", "goingto": "Laboratory"}
320.98, [INFO], turtlebot1, {"y": "18.03", "x": "-27.21", "yaw": "-1.56"}
320.98, [INFO], turtlebot1, {"y": "18.03", "x": "-27.21", "yaw": "-1.56"}
320.98, [INFO], turtlebot3, {"y": "17.94", "x": "-13.45", "yaw": "-1.14"}
320.98, [INFO], turtlebot3, {"y": "17.94", "x": "-13.45", "yaw": "-1.14"}
320.98, [INFO], turtlebot2, {"y": "17.99", "x": "-19.00", "yaw": "-1.37"}
320.98, [INFO], turtlebot2, {"y": "17.99", "x": "-19.00", "yaw": "-1.37"}
321.02, [INFO], turtlebot4, {"y": "33.98", "x": "-32.92", "yaw": "-3.06"}
321.02, [INFO], turtlebot4, {"y": "33.98", "x": "-32.92", "yaw": "-3.06"}
321.05, [INFO], turtlebot5, {"battery-level": "47.46%"}
321.05, [INFO], turtlebot5, {"battery-level": "47.46%"}
321.07, [INFO], turtlebot5, {"y": "16.42", "x": "-36.87", "yaw": "-0.05"}
321.07, [INFO], turtlebot5, {"y": "16.42", "x": "-36.87", "yaw": "-0.05"}
321.10, [INFO], turtlebot6, {"y": "18.79", "x": "-33.88", "yaw": "3.01"}
321.10, [INFO], turtlebot6, {"y": "18.79", "x": "-33.88", "yaw": "3.01"}
335.97, [INFO], turtlebot1, {"y": "18.02", "x": "-27.21", "yaw": "-1.55"}
335.97, [INFO], turtlebot1, {"y": "18.02", "x": "-27.21", "yaw": "-1.55"}
335.98, [INFO], turtlebot2, {"y": "17.99", "x": "-19.00", "yaw": "-1.37"}
335.98, [INFO], turtlebot2, {"y": "17.99", "x": "-19.00", "yaw": "-1.37"}
335.98, [INFO], turtlebot3, {"y": "17.94", "x": "-13.44", "yaw": "-1.14"}
335.98, [INFO], turtlebot3, {"y": "17.94", "x": "-13.44", "yaw": "-1.14"}
336.02, [INFO], turtlebot4, {"y": "33.98", "x": "-32.92", "yaw": "-3.06"}
336.02, [INFO], turtlebot4, {"y": "33.98", "x": "-32.92", "yaw": "-3.06"}
336.05, [INFO], turtlebot5, {"battery-level": "46.26%"}
336.05, [INFO], turtlebot5, {"battery-level": "46.26%"}
336.07, [INFO], turtlebot5, {"y": "15.60", "x": "-35.83", "yaw": "-0.03"}
336.07, [INFO], turtlebot5, {"y": "15.60", "x": "-35.83", "yaw": "-0.03"}
336.10, [INFO], turtlebot6, {"y": "18.79", "x": "-33.88", "yaw": "3.01"}
336.10, [INFO], turtlebot6, {"y": "18.79", "x": "-33.88", "yaw": "3.01"}
348.10, [DEBUG], turtlebot5, {"param_list": ["Laboratory", [[-37.0, 21.5, -1.5707963267948966, true], [-37.0, 16.0, 0.0, true], [-26.0, 16.0, -1.5707963267948966, true], [-26.0, 13.0, 1.57, false]]], "skill": "navigation", "skill-life-cycle": "RUNNING", "label": "navto_lab"}
350.97, [INFO], turtlebot1, {"y": "18.01", "x": "-27.21", "yaw": "-1.54"}
350.97, [INFO], turtlebot1, {"y": "18.01", "x": "-27.21", "yaw": "-1.54"}
350.98, [INFO], turtlebot3, {"y": "17.94", "x": "-13.44", "yaw": "-1.13"}
350.98, [INFO], turtlebot2, {"y": "17.99", "x": "-19.00", "yaw": "-1.37"}
350.98, [INFO], turtlebot3, {"y": "17.94", "x": "-13.44", "yaw": "-1.13"}
350.98, [INFO], turtlebot2, {"y": "17.99", "x": "-19.00", "yaw": "-1.37"}
351.02, [INFO], turtlebot4, {"y": "33.98", "x": "-32.93", "yaw": "-3.06"}
351.02, [INFO], turtlebot4, {"y": "33.98", "x": "-32.93", "yaw": "-3.06"}
351.05, [INFO], turtlebot5, {"battery-level": "45.06%"}
351.05, [INFO], turtlebot5, {"battery-level": "45.06%"}
351.07, [INFO], turtlebot5, {"y": "15.67", "x": "-33.28", "yaw": "0.07"}
351.07, [INFO], turtlebot5, {"y": "15.67", "x": "-33.28", "yaw": "0.07"}
351.10, [INFO], turtlebot6, {"y": "18.79", "x": "-33.88", "yaw": "3.01"}
351.10, [INFO], turtlebot6, {"y": "18.79", "x": "-33.88", "yaw": "3.01"}
365.97, [INFO], turtlebot1, {"y": "18.00", "x": "-27.21", "yaw": "-1.54"}
365.97, [INFO], turtlebot1, {"y": "18.00", "x": "-27.21", "yaw": "-1.54"}
365.98, [INFO], turtlebot2, {"y": "17.99", "x": "-19.00", "yaw": "-1.37"}
365.98, [INFO], turtlebot2, {"y": "17.99", "x": "-19.00", "yaw": "-1.37"}
365.98, [INFO], turtlebot3, {"y": "17.94", "x": "-13.44", "yaw": "-1.12"}
365.98, [INFO], turtlebot3, {"y": "17.94", "x": "-13.44", "yaw": "-1.12"}
366.02, [INFO], turtlebot4, {"y": "33.98", "x": "-32.93", "yaw": "-3.06"}
366.02, [INFO], turtlebot4, {"y": "33.98", "x": "-32.93", "yaw": "-3.06"}
366.05, [INFO], turtlebot5, {"battery-level": "43.86%"}
366.05, [INFO], turtlebot5, {"battery-level": "43.86%"}
366.08, [INFO], turtlebot5, {"y": "16.04", "x": "-30.50", "yaw": "-0.04"}
366.08, [INFO], turtlebot5, {"y": "16.04", "x": "-30.50", "yaw": "-0.04"}
366.10, [INFO], turtlebot6, {"y": "18.79", "x": "-33.88", "yaw": "3.01"}
366.10, [INFO], turtlebot6, {"y": "18.79", "x": "-33.88", "yaw": "3.01"}
380.97, [INFO], turtlebot1, {"y": "17.98", "x": "-27.21", "yaw": "-1.54"}
380.97, [INFO], turtlebot1, {"y": "17.98", "x": "-27.21", "yaw": "-1.54"}
380.98, [INFO], turtlebot2, {"y": "17.99", "x": "-19.00", "yaw": "-1.37"}
380.98, [INFO], turtlebot2, {"y": "17.99", "x": "-19.00", "yaw": "-1.37"}
380.98, [INFO], turtlebot3, {"y": "17.93", "x": "-13.44", "yaw": "-1.11"}
380.98, [INFO], turtlebot3, {"y": "17.93", "x": "-13.44", "yaw": "-1.11"}
381.02, [INFO], turtlebot4, {"y": "33.98", "x": "-32.93", "yaw": "-3.06"}
381.02, [INFO], turtlebot4, {"y": "33.98", "x": "-32.93", "yaw": "-3.06"}
381.05, [INFO], turtlebot5, {"battery-level": "42.66%"}
381.05, [INFO], turtlebot5, {"battery-level": "42.66%"}
381.07, [INFO], turtlebot5, {"y": "16.13", "x": "-27.92", "yaw": "-0.03"}
381.07, [INFO], turtlebot5, {"y": "16.13", "x": "-27.92", "yaw": "-0.03"}
381.10, [INFO], turtlebot6, {"y": "18.79", "x": "-33.88", "yaw": "3.01"}
381.10, [INFO], turtlebot6, {"y": "18.79", "x": "-33.88", "yaw": "3.01"}
389.57, [DEBUG], turtlebot5, {"param_list": ["Laboratory", [[-37.0, 21.5, -1.5707963267948966, true], [-37.0, 16.0, 0.0, true], [-26.0, 16.0, -1.5707963267948966, true], [-26.0, 13.0, 1.57, false]]], "skill": "navigation", "skill-life-cycle": "RUNNING", "label": "navto_lab"}
395.08, [DEBUG], None, [debug],turtlebot5,move-base-info,Hooray, the base moved arrived,(x=-26;y=16)
395.08, [DEBUG], None, [debug],turtlebot5,move-base-info,Hooray, the base moved arrived,(x=-26;y=16)
395.22, [DEBUG], turtlebot5, {"status": "way-point-reached", "skill": "navigation", "percentage": "75.00%", "goingto": "Laboratory"}
395.97, [INFO], turtlebot1, {"y": "17.97", "x": "-27.21", "yaw": "-1.54"}
395.97, [INFO], turtlebot1, {"y": "17.97", "x": "-27.21", "yaw": "-1.54"}
395.98, [INFO], turtlebot3, {"y": "17.93", "x": "-13.43", "yaw": "-1.10"}
395.98, [INFO], turtlebot3, {"y": "17.93", "x": "-13.43", "yaw": "-1.10"}
395.98, [INFO], turtlebot2, {"y": "17.99", "x": "-19.00", "yaw": "-1.37"}
395.98, [INFO], turtlebot2, {"y": "17.99", "x": "-19.00", "yaw": "-1.37"}
396.02, [INFO], turtlebot4, {"y": "33.98", "x": "-32.93", "yaw": "-3.06"}
396.02, [INFO], turtlebot4, {"y": "33.98", "x": "-32.93", "yaw": "-3.06"}
396.05, [INFO], turtlebot5, {"battery-level": "41.46%"}
396.05, [INFO], turtlebot5, {"battery-level": "41.46%"}
396.07, [INFO], turtlebot5, {"y": "16.26", "x": "-26.40", "yaw": "-1.53"}
396.07, [INFO], turtlebot5, {"y": "16.26", "x": "-26.40", "yaw": "-1.53"}
396.10, [INFO], turtlebot6, {"y": "18.79", "x": "-33.88", "yaw": "3.01"}
396.10, [INFO], turtlebot6, {"y": "18.79", "x": "-33.88", "yaw": "3.01"}
410.97, [INFO], turtlebot1, {"y": "17.95", "x": "-27.21", "yaw": "-1.54"}
410.98, [INFO], turtlebot1, {"y": "17.95", "x": "-27.21", "yaw": "-1.54"}
410.98, [INFO], turtlebot3, {"y": "17.93", "x": "-13.43", "yaw": "-1.10"}
410.98, [INFO], turtlebot2, {"y": "17.98", "x": "-19.00", "yaw": "-1.37"}
410.98, [INFO], turtlebot3, {"y": "17.93", "x": "-13.43", "yaw": "-1.10"}
410.98, [INFO], turtlebot2, {"y": "17.98", "x": "-19.00", "yaw": "-1.37"}
411.03, [INFO], turtlebot4, {"y": "33.98", "x": "-32.93", "yaw": "-3.06"}
411.03, [INFO], turtlebot4, {"y": "33.98", "x": "-32.93", "yaw": "-3.06"}
411.05, [INFO], turtlebot5, {"battery-level": "40.26%"}
411.05, [INFO], turtlebot5, {"battery-level": "40.26%"}
411.07, [INFO], turtlebot5, {"y": "15.31", "x": "-25.99", "yaw": "-1.18"}
411.07, [INFO], turtlebot5, {"y": "15.31", "x": "-25.99", "yaw": "-1.18"}
411.10, [INFO], turtlebot6, {"y": "18.79", "x": "-33.88", "yaw": "3.01"}
411.10, [INFO], turtlebot6, {"y": "18.79", "x": "-33.88", "yaw": "3.01"}
425.97, [INFO], turtlebot1, {"y": "17.94", "x": "-27.20", "yaw": "-1.54"}
425.97, [INFO], turtlebot1, {"y": "17.94", "x": "-27.20", "yaw": "-1.54"}
425.98, [INFO], turtlebot2, {"y": "17.98", "x": "-19.00", "yaw": "-1.37"}
425.98, [INFO], turtlebot2, {"y": "17.98", "x": "-19.00", "yaw": "-1.37"}
425.98, [INFO], turtlebot3, {"y": "17.93", "x": "-13.43", "yaw": "-1.10"}
425.98, [INFO], turtlebot3, {"y": "17.93", "x": "-13.43", "yaw": "-1.10"}
426.02, [INFO], turtlebot4, {"y": "33.98", "x": "-32.93", "yaw": "-3.06"}
426.02, [INFO], turtlebot4, {"y": "33.98", "x": "-32.93", "yaw": "-3.06"}
426.07, [INFO], turtlebot5, {"battery-level": "39.06%"}
426.07, [INFO], turtlebot5, {"battery-level": "39.06%"}
426.07, [INFO], turtlebot5, {"y": "14.07", "x": "-25.84", "yaw": "-1.53"}
426.07, [INFO], turtlebot5, {"y": "14.07", "x": "-25.84", "yaw": "-1.53"}
426.10, [INFO], turtlebot6, {"y": "18.79", "x": "-33.88", "yaw": "3.01"}
426.10, [INFO], turtlebot6, {"y": "18.79", "x": "-33.88", "yaw": "3.01"}
431.78, [DEBUG], turtlebot5, {"param_list": ["Laboratory", [[-37.0, 21.5, -1.5707963267948966, true], [-37.0, 16.0, 0.0, true], [-26.0, 16.0, -1.5707963267948966, true], [-26.0, 13.0, 1.57, false]]], "skill": "navigation", "skill-life-cycle": "RUNNING", "label": "navto_lab"}
440.47, [DEBUG], None, [debug],turtlebot5,move-base-info,Hooray, the base moved arrived,(x=-26;y=13)
440.48, [DEBUG], None, [debug],turtlebot5,move-base-info,Hooray, the base moved arrived,(x=-26;y=13)
440.63, [DEBUG], turtlebot5, {"status": "way-point-reached", "skill": "navigation", "percentage": "100.00%", "goingto": "Laboratory"}
440.70, [DEBUG], turtlebot5, {"param_list": ["Laboratory", [[-37.0, 21.5, -1.5707963267948966, true], [-37.0, 16.0, 0.0, true], [-26.0, 16.0, -1.5707963267948966, true], [-26.0, 13.0, 1.57, false]]], "skill": "navigation", "skill-life-cycle": "SUCCESS", "label": "navto_lab"}
440.70, [DEBUG], turtlebot5, "available-skills=['send_message', 'wait_message', 'approach_person', 'approach_robot', 'authenticate_person', 'navigation', 'operate_drawer']"
440.70, [DEBUG], turtlebot5, {"param_list": ["lab_arm"], "skill": "approach_robot", "skill-life-cycle": "STARTED", "label": "approach_arm"}
440.78, [DEBUG], turtlebot5, {"status": "localize-robot", "skill": "=approach-robot", "who": "lab_arm"}
440.85, [DEBUG], turtlebot5, {"status": "goto-robot", "skill": "approach-robot", "who": "lab_arm"}
440.93, [DEBUG], turtlebot5, {"param_list": ["lab_arm"], "skill": "approach_robot", "skill-life-cycle": "SUCCESS", "label": "approach_arm"}
440.93, [DEBUG], turtlebot5, "available-skills=['send_message', 'wait_message', 'approach_person', 'approach_robot', 'authenticate_person', 'navigation', 'operate_drawer']"
440.93, [DEBUG], turtlebot5, {"param_list": ["open"], "skill": "operate_drawer", "skill-life-cycle": "STARTED", "label": "open_drawer_lab"}
440.97, [INFO], turtlebot1, {"y": "17.93", "x": "-27.20", "yaw": "-1.54"}
440.97, [INFO], turtlebot1, {"y": "17.93", "x": "-27.20", "yaw": "-1.54"}
440.98, [INFO], turtlebot3, {"y": "17.93", "x": "-13.43", "yaw": "-1.09"}
440.98, [INFO], turtlebot3, {"y": "17.93", "x": "-13.43", "yaw": "-1.09"}
440.98, [INFO], turtlebot2, {"y": "17.98", "x": "-19.00", "yaw": "-1.37"}
440.98, [INFO], turtlebot2, {"y": "17.98", "x": "-19.00", "yaw": "-1.37"}
440.98, [DEBUG], turtlebot5, {"status": "task-update", "action": "open", "skill": "operate-drawer"}
441.03, [INFO], turtlebot4, {"y": "33.98", "x": "-32.93", "yaw": "-3.06"}
441.03, [INFO], turtlebot4, {"y": "33.98", "x": "-32.93", "yaw": "-3.06"}
441.05, [INFO], turtlebot5, {"battery-level": "37.86%"}
441.05, [INFO], turtlebot5, {"battery-level": "37.86%"}
441.07, [INFO], turtlebot5, {"y": "13.40", "x": "-25.89", "yaw": "1.62"}
441.07, [INFO], turtlebot5, {"y": "13.40", "x": "-25.89", "yaw": "1.62"}
441.10, [INFO], turtlebot6, {"y": "18.79", "x": "-33.88", "yaw": "3.01"}
441.10, [INFO], turtlebot6, {"y": "18.79", "x": "-33.88", "yaw": "3.01"}
441.80, [DEBUG], turtlebot5, {"param_list": ["open"], "skill": "operate_drawer", "skill-life-cycle": "SUCCESS", "label": "open_drawer_lab"}
441.80, [DEBUG], turtlebot5, "available-skills=['send_message', 'wait_message', 'approach_person', 'approach_robot', 'authenticate_person', 'navigation', 'operate_drawer']"
441.82, [DEBUG], turtlebot5, {"param_list": ["lab_arm"], "skill": "send_message", "skill-life-cycle": "STARTED", "label": "notify_lab_arm_of_open_drawer_lab_completed"}
441.88, [INFO], turtlebot5, {"to": "lab_arm", "skill": "send-message"}
442.58, [INFO], lab_arm, {"status": "sample-received", "skill": "wait-sample"}
442.58, [INFO], lab_arm, {"status": "sample-received", "skill": "wait-sample"}
442.58, [INFO], nurse, {"status": "sample-received", "skill": "wait-sample"}
442.58, [INFO], nurse, {"status": "sample-received", "skill": "wait-sample"}
442.58, [DEBUG], None, ENDSIM
442.58, [DEBUG], None, ENDSIM
442.58, [DEBUG], None, end!
