0.0,0.0,[debug],logger,init,time
ROBOTS_CONFIG=[{"avg_speed": 0.15, "battery_charge": 0.68, "battery_discharge_rate": 0.00011, "id": 0, "local_plan": null, "location": "PC Room 5", "position": [-21.0, 18.0, -1.57], "skills": ["approach_person", "approach_robot", "authenticate_person", "deposit", "navigation", "operate_drawer", "pick_up"]}, {"avg_speed": 0.15, "battery_charge": 0.79, "battery_discharge_rate": 0.00014000000000000001, "id": 1, "local_plan": null, "location": "PC Room 8", "position": [-11.5, 18.0, -1.57], "skills": ["approach_person", "approach_robot", "authenticate_person", "deposit", "navigation", "operate_drawer", "pick_up"]}, {"avg_speed": 0.15, "battery_charge": 0.25, "battery_discharge_rate": 0.00012000000000000002, "id": 2, "local_plan": [["navigation", ["IC Room 4", [[-33.9, 18.93, 3.14], [-37.0, 18.93], [-37.0, 33.95], [-39.44, 33.95, 0.0]]]], ["approach_person", ["nurse"]], ["authenticate_person", ["nurse"]], ["operate_drawer", ["open"]], ["send_message", ["nurse"]], ["wait_message", ["r1"]], ["operate_drawer", ["close"]], ["navigation", ["Laboratory", [[-39.44, 33.95, 0.0], [-37.0, 33.95], [-37.0, 16.0], [-26.0, 16.0], [-26.0, 13.0, 1.57]]]], ["approach_robot", ["lab_arm"]], ["operate_drawer", ["open"]], ["send_message", ["lab_arm"]], ["wait_message", ["r1"]], ["operate_drawer", ["close"]]], "location": "IC Room 6", "position": [-33.9, 18.93, 3.14], "skills": ["approach_person", "approach_robot", "authenticate_person", "deposit", "navigation", "operate_drawer", "pick_up"]}, {"avg_speed": 0.15, "battery_charge": 0.59, "battery_discharge_rate": 0.00016, "id": 3, "local_plan": null, "location": "IC Room 2", "position": [-38.0, 21.5, 0.0], "skills": ["approach_person", "approach_robot", "authenticate_person", "deposit", "navigation", "pick_up"]}, {"avg_speed": 0.15, "battery_charge": 0.2, "battery_discharge_rate": 0.00015000000000000001, "id": 4, "local_plan": null, "location": "PC Room 7", "position": [-13.5, 18.0, -1.57], "skills": ["approach_person", "approach_robot", "authenticate_person", "deposit", "navigation", "operate_drawer", "pick_up"]}]
NURSES_CONFIG=[{"location": "IC Room 4", "position": [-41.44, 31.950000000000003, 0.0]}]
logger,1623352050062983274,Simulation open
0.0,[debug],logger,init,subcribing to in the topic /log
1.48333334923,[debug],turtlebot2,move-base-info,Move_base is up and ok....,
2.08333325386,[debug],turtlebot4,move-base-info,Move_base is up and ok....,
2.29999995232,[debug],turtlebot3,move-base-info,Move_base is up and ok....,
2.31666660309,[debug],turtlebot1,move-base-info,Move_base is up and ok....,
2.58333325386,[debug],turtlebot5,move-base-info,Move_base is up and ok....,
8.90000009537,[debug],turtlebot3,available-skills,['send_message', 'wait_message', 'approach_person', 'approach_robot', 'authenticate_person', 'deposit', 'navigation', 'operate_drawer', 'pick_up'],
8.90000009537,[info],turtlebot3,skill-life-cycle,navigation,(status=STARTED, parameters=[[-37.0, 18.93, 1.5707963267948966, True], [-37.0, 33.95, 3.141592653589793, True], [-39.44, 33.95, 0.0, False]])
19.8833334446,[debug],turtlebot1,simulation,robot-pose,x=-20.99;y=18.00;yaw=-1.54
19.8833334446,[debug],turtlebot1,simulation,robot-pose,x=-20.99;y=18.00;yaw=-1.54
22.5833332539,[debug],turtlebot2,simulation,robot-pose,x=-11.46;y=17.82;yaw=-1.25
22.5833332539,[debug],turtlebot2,simulation,robot-pose,x=-11.46;y=17.82;yaw=-1.25
22.8166666031,[debug],turtlebot3,simulation,robot-pose,x=-34.35;y=18.23;yaw=-2.38
22.8166666031,[debug],turtlebot3,simulation,robot-pose,x=-34.35;y=18.23;yaw=-2.38
23.25,[debug],turtlebot4,simulation,robot-pose,x=-38.00;y=21.48;yaw=0.01
23.25,[debug],turtlebot4,simulation,robot-pose,x=-38.00;y=21.48;yaw=0.01
23.5833332539,[debug],turtlebot5,simulation,robot-pose,x=-13.50;y=18.00;yaw=-1.50
23.5833332539,[debug],turtlebot5,simulation,robot-pose,x=-13.50;y=18.00;yaw=-1.50
34.8833334446,[debug],turtlebot1,simulation,robot-pose,x=-20.99;y=18.00;yaw=-1.54
34.8833334446,[debug],turtlebot1,simulation,robot-pose,x=-20.99;y=18.00;yaw=-1.54
37.5833332539,[debug],turtlebot2,simulation,robot-pose,x=-11.46;y=17.82;yaw=-1.25
37.5833332539,[debug],turtlebot2,simulation,robot-pose,x=-11.46;y=17.82;yaw=-1.25
37.8166666031,[debug],turtlebot3,simulation,robot-pose,x=-35.54;y=17.79;yaw=2.94
37.8166666031,[debug],turtlebot3,simulation,robot-pose,x=-35.54;y=17.79;yaw=2.94
38.25,[debug],turtlebot4,simulation,robot-pose,x=-38.00;y=21.48;yaw=0.01
38.25,[debug],turtlebot4,simulation,robot-pose,x=-38.00;y=21.48;yaw=0.01
38.5833332539,[debug],turtlebot5,simulation,robot-pose,x=-13.49;y=18.00;yaw=-1.49
38.5833332539,[debug],turtlebot5,simulation,robot-pose,x=-13.49;y=18.00;yaw=-1.49
49.8833334446,[debug],turtlebot1,simulation,robot-pose,x=-20.99;y=18.00;yaw=-1.54
49.8833334446,[debug],turtlebot1,simulation,robot-pose,x=-20.99;y=18.00;yaw=-1.54
52.5833332539,[debug],turtlebot2,simulation,robot-pose,x=-11.46;y=17.82;yaw=-1.25
52.5833332539,[debug],turtlebot2,simulation,robot-pose,x=-11.46;y=17.82;yaw=-1.25
52.8166666031,[debug],turtlebot3,simulation,robot-pose,x=-36.63;y=18.60;yaw=1.98
52.8166666031,[debug],turtlebot3,simulation,robot-pose,x=-36.63;y=18.60;yaw=1.98
53.25,[debug],turtlebot4,simulation,robot-pose,x=-38.00;y=21.48;yaw=0.01
53.25,[debug],turtlebot4,simulation,robot-pose,x=-38.00;y=21.48;yaw=0.01
53.5833332539,[debug],turtlebot5,simulation,robot-pose,x=-13.49;y=18.00;yaw=-1.48
53.5833332539,[debug],turtlebot5,simulation,robot-pose,x=-13.49;y=18.00;yaw=-1.48
54.3499999046,[debug],turtlebot3,move-base-info,Hooray, the base moved arrived,(x=-37;y=18.93)
54.3499999046,[debug],turtlebot3,move-base-info,Hooray, the base moved arrived,(x=-37;y=18.93)
54.4000000954,[debug],turtlebot3,task-update,navigation,way-point-reached,33.33333333333333%
54.7666666508,[info],turtlebot3,skill-life-cycle,navigation,(status=RUNNING, parameters=[[-37.0, 18.93, 1.5707963267948966, True], [-37.0, 33.95, 3.141592653589793, True], [-39.44, 33.95, 0.0, False]])
64.8833334446,[debug],turtlebot1,simulation,robot-pose,x=-20.99;y=18.00;yaw=-1.54
64.8833334446,[debug],turtlebot1,simulation,robot-pose,x=-20.99;y=18.00;yaw=-1.54
67.5833332539,[debug],turtlebot2,simulation,robot-pose,x=-11.46;y=17.82;yaw=-1.25
67.5833332539,[debug],turtlebot2,simulation,robot-pose,x=-11.46;y=17.82;yaw=-1.25
67.8166666031,[debug],turtlebot3,simulation,robot-pose,x=-36.67;y=20.00;yaw=1.57
67.8166666031,[debug],turtlebot3,simulation,robot-pose,x=-36.67;y=20.00;yaw=1.57
68.25,[debug],turtlebot4,simulation,robot-pose,x=-38.00;y=21.48;yaw=0.01
68.25,[debug],turtlebot4,simulation,robot-pose,x=-38.00;y=21.48;yaw=0.01
68.5833332539,[debug],turtlebot5,simulation,robot-pose,x=-13.49;y=18.00;yaw=-1.47
68.5833332539,[debug],turtlebot5,simulation,robot-pose,x=-13.49;y=18.00;yaw=-1.47
79.8833334446,[debug],turtlebot1,simulation,robot-pose,x=-20.99;y=18.00;yaw=-1.54
79.8833334446,[debug],turtlebot1,simulation,robot-pose,x=-20.99;y=18.00;yaw=-1.54
82.5833332539,[debug],turtlebot2,simulation,robot-pose,x=-11.46;y=17.82;yaw=-1.25
82.5833332539,[debug],turtlebot2,simulation,robot-pose,x=-11.46;y=17.82;yaw=-1.25
82.8166666031,[debug],turtlebot3,simulation,robot-pose,x=-36.75;y=22.42;yaw=1.62
82.8166666031,[debug],turtlebot3,simulation,robot-pose,x=-36.75;y=22.42;yaw=1.62
83.25,[debug],turtlebot4,simulation,robot-pose,x=-38.00;y=21.48;yaw=0.01
83.25,[debug],turtlebot4,simulation,robot-pose,x=-38.00;y=21.48;yaw=0.01
83.5833332539,[debug],turtlebot5,simulation,robot-pose,x=-13.49;y=17.99;yaw=-1.45
83.5833332539,[debug],turtlebot5,simulation,robot-pose,x=-13.49;y=17.99;yaw=-1.45
94.8833334446,[debug],turtlebot1,simulation,robot-pose,x=-20.99;y=18.00;yaw=-1.54
94.8833334446,[debug],turtlebot1,simulation,robot-pose,x=-20.99;y=18.00;yaw=-1.54
97.5833332539,[debug],turtlebot2,simulation,robot-pose,x=-11.46;y=17.82;yaw=-1.25
97.5833332539,[debug],turtlebot2,simulation,robot-pose,x=-11.46;y=17.82;yaw=-1.25
97.8166666031,[debug],turtlebot3,simulation,robot-pose,x=-36.93;y=24.72;yaw=1.55
97.8166666031,[debug],turtlebot3,simulation,robot-pose,x=-36.93;y=24.72;yaw=1.55
98.25,[debug],turtlebot4,simulation,robot-pose,x=-38.00;y=21.48;yaw=0.01
98.25,[debug],turtlebot4,simulation,robot-pose,x=-38.00;y=21.48;yaw=0.01
98.5833332539,[debug],turtlebot5,simulation,robot-pose,x=-13.49;y=17.99;yaw=-1.43
98.5833332539,[debug],turtlebot5,simulation,robot-pose,x=-13.49;y=17.99;yaw=-1.43
106.783333302,[info],turtlebot3,skill-life-cycle,navigation,(status=RUNNING, parameters=[[-37.0, 18.93, 1.5707963267948966, True], [-37.0, 33.95, 3.141592653589793, True], [-39.44, 33.95, 0.0, False]])
109.883333445,[debug],turtlebot1,simulation,robot-pose,x=-20.99;y=18.00;yaw=-1.54
109.883333445,[debug],turtlebot1,simulation,robot-pose,x=-20.99;y=18.00;yaw=-1.54
112.583333254,[debug],turtlebot2,simulation,robot-pose,x=-11.46;y=17.82;yaw=-1.25
112.583333254,[debug],turtlebot2,simulation,robot-pose,x=-11.46;y=17.82;yaw=-1.25
112.816666603,[debug],turtlebot3,simulation,robot-pose,x=-36.91;y=27.23;yaw=1.57
112.816666603,[debug],turtlebot3,simulation,robot-pose,x=-36.91;y=27.23;yaw=1.57
113.25,[debug],turtlebot4,simulation,robot-pose,x=-38.00;y=21.48;yaw=0.01
113.25,[debug],turtlebot4,simulation,robot-pose,x=-38.00;y=21.48;yaw=0.01
113.583333254,[debug],turtlebot5,simulation,robot-pose,x=-13.49;y=17.99;yaw=-1.42
113.583333254,[debug],turtlebot5,simulation,robot-pose,x=-13.49;y=17.99;yaw=-1.42
124.883333445,[debug],turtlebot1,simulation,robot-pose,x=-20.99;y=18.00;yaw=-1.54
124.883333445,[debug],turtlebot1,simulation,robot-pose,x=-20.99;y=18.00;yaw=-1.54
127.583333254,[debug],turtlebot2,simulation,robot-pose,x=-11.46;y=17.82;yaw=-1.25
127.583333254,[debug],turtlebot2,simulation,robot-pose,x=-11.46;y=17.82;yaw=-1.25
127.816666603,[debug],turtlebot3,simulation,robot-pose,x=-36.93;y=29.70;yaw=1.57
127.816666603,[debug],turtlebot3,simulation,robot-pose,x=-36.93;y=29.70;yaw=1.57
128.25,[debug],turtlebot4,simulation,robot-pose,x=-38.00;y=21.48;yaw=0.01
128.25,[debug],turtlebot4,simulation,robot-pose,x=-38.00;y=21.48;yaw=0.01
128.583333254,[debug],turtlebot5,simulation,robot-pose,x=-13.49;y=17.98;yaw=-1.40
128.583333254,[debug],turtlebot5,simulation,robot-pose,x=-13.49;y=17.98;yaw=-1.40
139.883333445,[debug],turtlebot1,simulation,robot-pose,x=-21.00;y=18.00;yaw=-1.54
139.883333445,[debug],turtlebot1,simulation,robot-pose,x=-21.00;y=18.00;yaw=-1.54
142.583333254,[debug],turtlebot2,simulation,robot-pose,x=-11.46;y=17.82;yaw=-1.25
142.583333254,[debug],turtlebot2,simulation,robot-pose,x=-11.46;y=17.82;yaw=-1.25
142.816666603,[debug],turtlebot3,simulation,robot-pose,x=-36.94;y=32.19;yaw=1.59
142.816666603,[debug],turtlebot3,simulation,robot-pose,x=-36.94;y=32.19;yaw=1.59
143.25,[debug],turtlebot4,simulation,robot-pose,x=-38.00;y=21.48;yaw=0.01
143.25,[debug],turtlebot4,simulation,robot-pose,x=-38.00;y=21.48;yaw=0.01
143.583333254,[debug],turtlebot5,simulation,robot-pose,x=-13.49;y=17.98;yaw=-1.38
143.583333254,[debug],turtlebot5,simulation,robot-pose,x=-13.49;y=17.98;yaw=-1.38
154.883333445,[debug],turtlebot1,simulation,robot-pose,x=-21.00;y=18.00;yaw=-1.54
154.883333445,[debug],turtlebot1,simulation,robot-pose,x=-21.00;y=18.00;yaw=-1.54
155.016666651,[debug],turtlebot3,move-base-info,Hooray, the base moved arrived,(x=-37;y=33.95)
155.016666651,[debug],turtlebot3,move-base-info,Hooray, the base moved arrived,(x=-37;y=33.95)
155.183333397,[debug],turtlebot3,task-update,navigation,way-point-reached,66.66666666666666%
157.583333254,[debug],turtlebot2,simulation,robot-pose,x=-11.46;y=17.82;yaw=-1.25
157.583333254,[debug],turtlebot2,simulation,robot-pose,x=-11.46;y=17.82;yaw=-1.25
157.816666603,[debug],turtlebot3,simulation,robot-pose,x=-36.95;y=33.50;yaw=3.10
157.816666603,[debug],turtlebot3,simulation,robot-pose,x=-36.95;y=33.50;yaw=3.10
158.25,[debug],turtlebot4,simulation,robot-pose,x=-38.00;y=21.48;yaw=0.01
158.25,[debug],turtlebot4,simulation,robot-pose,x=-38.00;y=21.48;yaw=0.01
158.583333254,[debug],turtlebot5,simulation,robot-pose,x=-13.48;y=17.98;yaw=-1.36
158.583333254,[debug],turtlebot5,simulation,robot-pose,x=-13.48;y=17.98;yaw=-1.36
159.049999952,[info],turtlebot3,skill-life-cycle,navigation,(status=RUNNING, parameters=[[-37.0, 18.93, 1.5707963267948966, True], [-37.0, 33.95, 3.141592653589793, True], [-39.44, 33.95, 0.0, False]])
169.883333445,[debug],turtlebot1,simulation,robot-pose,x=-21.00;y=18.00;yaw=-1.54
169.883333445,[debug],turtlebot1,simulation,robot-pose,x=-21.00;y=18.00;yaw=-1.54
172.583333254,[debug],turtlebot2,simulation,robot-pose,x=-11.46;y=17.82;yaw=-1.25
172.583333254,[debug],turtlebot2,simulation,robot-pose,x=-11.46;y=17.82;yaw=-1.25
172.816666603,[debug],turtlebot3,simulation,robot-pose,x=-37.61;y=34.43;yaw=2.53
172.816666603,[debug],turtlebot3,simulation,robot-pose,x=-37.61;y=34.43;yaw=2.53
173.25,[debug],turtlebot4,simulation,robot-pose,x=-38.00;y=21.48;yaw=0.01
173.25,[debug],turtlebot4,simulation,robot-pose,x=-38.00;y=21.48;yaw=0.01
173.583333254,[debug],turtlebot5,simulation,robot-pose,x=-13.48;y=17.97;yaw=-1.34
173.583333254,[debug],turtlebot5,simulation,robot-pose,x=-13.48;y=17.97;yaw=-1.34
184.883333445,[debug],turtlebot1,simulation,robot-pose,x=-21.00;y=18.00;yaw=-1.54
184.883333445,[debug],turtlebot1,simulation,robot-pose,x=-21.00;y=18.00;yaw=-1.54
187.583333254,[debug],turtlebot2,simulation,robot-pose,x=-11.46;y=17.82;yaw=-1.25
187.583333254,[debug],turtlebot2,simulation,robot-pose,x=-11.46;y=17.82;yaw=-1.25
187.816666603,[debug],turtlebot3,simulation,robot-pose,x=-38.15;y=34.49;yaw=-2.80
187.816666603,[debug],turtlebot3,simulation,robot-pose,x=-38.15;y=34.49;yaw=-2.80
188.25,[debug],turtlebot4,simulation,robot-pose,x=-38.00;y=21.48;yaw=0.01
188.25,[debug],turtlebot4,simulation,robot-pose,x=-38.00;y=21.48;yaw=0.01
188.583333254,[debug],turtlebot5,simulation,robot-pose,x=-13.48;y=17.97;yaw=-1.32
188.583333254,[debug],turtlebot5,simulation,robot-pose,x=-13.48;y=17.97;yaw=-1.32
199.883333445,[debug],turtlebot1,simulation,robot-pose,x=-21.01;y=18.00;yaw=-1.54
199.883333445,[debug],turtlebot1,simulation,robot-pose,x=-21.01;y=18.00;yaw=-1.54
202.583333254,[debug],turtlebot2,simulation,robot-pose,x=-11.46;y=17.82;yaw=-1.25
202.583333254,[debug],turtlebot2,simulation,robot-pose,x=-11.46;y=17.82;yaw=-1.25
202.816666603,[debug],turtlebot3,simulation,robot-pose,x=-39.04;y=34.15;yaw=-0.89
202.816666603,[debug],turtlebot3,simulation,robot-pose,x=-39.04;y=34.15;yaw=-0.89
203.25,[debug],turtlebot4,simulation,robot-pose,x=-38.02;y=21.48;yaw=0.03
203.25,[debug],turtlebot4,simulation,robot-pose,x=-38.02;y=21.48;yaw=0.03
203.583333254,[debug],turtlebot5,simulation,robot-pose,x=-13.47;y=17.97;yaw=-1.30
203.583333254,[debug],turtlebot5,simulation,robot-pose,x=-13.47;y=17.97;yaw=-1.30
205.533333302,[debug],turtlebot3,move-base-info,Hooray, the base moved arrived,(x=-39.44;y=33.95)
205.549999952,[debug],turtlebot3,move-base-info,Hooray, the base moved arrived,(x=-39.44;y=33.95)
205.683333397,[debug],turtlebot3,task-update,navigation,way-point-reached,100.0%
205.783333302,[debug],turtlebot3,available-skills,['send_message', 'wait_message', 'approach_person', 'approach_robot', 'authenticate_person', 'deposit', 'navigation', 'operate_drawer', 'pick_up'],
205.783333302,[info],turtlebot3,skill-life-cycle,approach_person,(status=STARTED, parameters=['nurse'])
205.900000095,[debug],turtlebot3,task-update,approach_person,localize-person,(who=nurse)
206.166666746,[debug],turtlebot3,task-update,approach_person,goto-person,(who=nurse)
206.266666651,[debug],turtlebot3,available-skills,['send_message', 'wait_message', 'approach_person', 'approach_robot', 'authenticate_person', 'deposit', 'navigation', 'operate_drawer', 'pick_up'],
206.266666651,[info],turtlebot3,skill-life-cycle,authenticate_person,(status=STARTED, parameters=['nurse'])
206.349999905,[debug],turtlebot3,task-update,authenticate_person,request-authentication,(to=nurse)
206.366666555,[info],nurse,sync,received-request,(status=sending-request)
206.366666555,[info],nurse,sync,received-request,(status=sending-request)
206.966666698,[debug],turtlebot3,task-update,authenticate_person,received-authentication,(from=nurse)
207.066666603,[debug],turtlebot3,available-skills,['send_message', 'wait_message', 'approach_person', 'approach_robot', 'authenticate_person', 'deposit', 'navigation', 'operate_drawer', 'pick_up'],
207.066666603,[info],turtlebot3,skill-life-cycle,operate_drawer,(status=STARTED, parameters=['open'])
207.099999905,[debug],turtlebot3,task-update,operate_drawer,open
208.099999905,[debug],turtlebot3,available-skills,['send_message', 'wait_message', 'approach_person', 'approach_robot', 'authenticate_person', 'deposit', 'navigation', 'operate_drawer', 'pick_up'],
208.099999905,[info],turtlebot3,skill-life-cycle,send_message,(status=STARTED, parameters=['nurse'])
208.183333397,[info],turtlebot3,sync,send-message,(to=nurse)
209.083333254,[info],nurse,sync,wait-message,(status=message-received)
209.083333254,[info],nurse,sync,wait-message,(status=message-received)
211.916666746,[debug],turtlebot3,available-skills,['send_message', 'wait_message', 'approach_person', 'approach_robot', 'authenticate_person', 'deposit', 'navigation', 'operate_drawer', 'pick_up'],
211.916666746,[info],turtlebot3,skill-life-cycle,wait_message,(status=STARTED, parameters=['r1'])
212.349999905,[info],turtlebot3,skill-life-cycle,wait_message,(status=RUNNING, parameters=['r1'])
213.083333254,[info],turtlebot3,sync,wait-message,(status=message-received)
213.183333397,[debug],turtlebot3,available-skills,['send_message', 'wait_message', 'approach_person', 'approach_robot', 'authenticate_person', 'deposit', 'navigation', 'operate_drawer', 'pick_up'],
213.183333397,[info],turtlebot3,skill-life-cycle,operate_drawer,(status=STARTED, parameters=['close'])
213.25,[debug],turtlebot3,task-update,operate_drawer,close
214.216666698,[debug],turtlebot3,available-skills,['send_message', 'wait_message', 'approach_person', 'approach_robot', 'authenticate_person', 'deposit', 'navigation', 'operate_drawer', 'pick_up'],
214.216666698,[info],turtlebot3,skill-life-cycle,navigation,(status=STARTED, parameters=[[-37.0, 33.95, -1.5707963267948966, True], [-37.0, 16.0, 0.0, True], [-26.0, 16.0, -1.5707963267948966, True], [-26.0, 13.0, 1.57, False]])
214.883333445,[debug],turtlebot1,simulation,robot-pose,x=-21.01;y=18.00;yaw=-1.54
214.883333445,[debug],turtlebot1,simulation,robot-pose,x=-21.01;y=18.00;yaw=-1.54
217.583333254,[debug],turtlebot2,simulation,robot-pose,x=-11.46;y=17.82;yaw=-1.25
217.583333254,[debug],turtlebot2,simulation,robot-pose,x=-11.46;y=17.82;yaw=-1.25
217.816666603,[debug],turtlebot3,simulation,robot-pose,x=-39.04;y=34.13;yaw=-0.03
217.816666603,[debug],turtlebot3,simulation,robot-pose,x=-39.04;y=34.13;yaw=-0.03
218.25,[debug],turtlebot4,simulation,robot-pose,x=-38.02;y=21.48;yaw=0.03
218.25,[debug],turtlebot4,simulation,robot-pose,x=-38.02;y=21.48;yaw=0.03
218.583333254,[debug],turtlebot5,simulation,robot-pose,x=-13.47;y=17.96;yaw=-1.27
218.583333254,[debug],turtlebot5,simulation,robot-pose,x=-13.47;y=17.96;yaw=-1.27
219.083333254,[info],nurse,sync,wait-message,(status=message-received)
219.083333254,[info],nurse,sync,wait-message,(status=message-received)
226.349999905,[info],nurse,sync,request-sent,(status=waiting)
226.349999905,[info],nurse,sync,request-sent,(status=waiting)
229.083333254,[info],nurse,sync,wait-message,(status=message-received)
229.083333254,[info],nurse,sync,wait-message,(status=message-received)
229.783333302,[debug],turtlebot3,move-base-info,Hooray, the base moved arrived,(x=-37;y=33.95)
229.783333302,[debug],turtlebot3,move-base-info,Hooray, the base moved arrived,(x=-37;y=33.95)
229.799999952,[debug],turtlebot3,task-update,navigation,way-point-reached,25.0%
229.883333445,[debug],turtlebot1,simulation,robot-pose,x=-21.01;y=18.00;yaw=-1.54
229.883333445,[debug],turtlebot1,simulation,robot-pose,x=-21.01;y=18.00;yaw=-1.54
232.583333254,[debug],turtlebot2,simulation,robot-pose,x=-11.46;y=17.82;yaw=-1.25
232.583333254,[debug],turtlebot2,simulation,robot-pose,x=-11.46;y=17.82;yaw=-1.25
232.816666603,[debug],turtlebot3,simulation,robot-pose,x=-37.36;y=34.27;yaw=-1.52
232.816666603,[debug],turtlebot3,simulation,robot-pose,x=-37.36;y=34.27;yaw=-1.52
233.25,[debug],turtlebot4,simulation,robot-pose,x=-38.03;y=21.49;yaw=0.03
233.25,[debug],turtlebot4,simulation,robot-pose,x=-38.03;y=21.49;yaw=0.03
233.583333254,[debug],turtlebot5,simulation,robot-pose,x=-13.47;y=17.96;yaw=-1.25
233.583333254,[debug],turtlebot5,simulation,robot-pose,x=-13.47;y=17.96;yaw=-1.25
239.083333254,[info],nurse,sync,wait-message,(status=message-received)
239.083333254,[info],nurse,sync,wait-message,(status=message-received)
244.883333445,[debug],turtlebot1,simulation,robot-pose,x=-21.02;y=18.00;yaw=-1.54
244.883333445,[debug],turtlebot1,simulation,robot-pose,x=-21.02;y=18.00;yaw=-1.54
247.583333254,[debug],turtlebot2,simulation,robot-pose,x=-11.46;y=17.82;yaw=-1.25
247.583333254,[debug],turtlebot2,simulation,robot-pose,x=-11.46;y=17.82;yaw=-1.25
247.816666603,[debug],turtlebot3,simulation,robot-pose,x=-36.58;y=31.49;yaw=-1.56
247.816666603,[debug],turtlebot3,simulation,robot-pose,x=-36.58;y=31.49;yaw=-1.56
248.25,[debug],turtlebot4,simulation,robot-pose,x=-38.04;y=21.49;yaw=0.03
248.25,[debug],turtlebot4,simulation,robot-pose,x=-38.04;y=21.49;yaw=0.03
248.583333254,[debug],turtlebot5,simulation,robot-pose,x=-13.47;y=17.96;yaw=-1.23
248.583333254,[debug],turtlebot5,simulation,robot-pose,x=-13.47;y=17.96;yaw=-1.23
259.883333445,[debug],turtlebot1,simulation,robot-pose,x=-21.02;y=18.00;yaw=-1.54
259.883333445,[debug],turtlebot1,simulation,robot-pose,x=-21.02;y=18.00;yaw=-1.54
262.583333254,[debug],turtlebot2,simulation,robot-pose,x=-11.46;y=17.82;yaw=-1.25
262.583333254,[debug],turtlebot2,simulation,robot-pose,x=-11.46;y=17.82;yaw=-1.25
262.816666603,[debug],turtlebot3,simulation,robot-pose,x=-36.58;y=28.99;yaw=-1.57
262.816666603,[debug],turtlebot3,simulation,robot-pose,x=-36.58;y=28.99;yaw=-1.57
263.25,[debug],turtlebot4,simulation,robot-pose,x=-38.05;y=21.50;yaw=0.03
263.25,[debug],turtlebot4,simulation,robot-pose,x=-38.05;y=21.50;yaw=0.03
263.583333254,[debug],turtlebot5,simulation,robot-pose,x=-13.46;y=17.95;yaw=-1.21
263.583333254,[debug],turtlebot5,simulation,robot-pose,x=-13.46;y=17.95;yaw=-1.21
264.616666555,[info],turtlebot3,skill-life-cycle,navigation,(status=RUNNING, parameters=[[-37.0, 33.95, -1.5707963267948966, True], [-37.0, 16.0, 0.0, True], [-26.0, 16.0, -1.5707963267948966, True], [-26.0, 13.0, 1.57, False]])
274.883333445,[debug],turtlebot1,simulation,robot-pose,x=-21.03;y=18.00;yaw=-1.54
274.883333445,[debug],turtlebot1,simulation,robot-pose,x=-21.03;y=18.00;yaw=-1.54
277.583333254,[debug],turtlebot2,simulation,robot-pose,x=-11.46;y=17.82;yaw=-1.25
277.583333254,[debug],turtlebot2,simulation,robot-pose,x=-11.46;y=17.82;yaw=-1.25
277.816666603,[debug],turtlebot3,simulation,robot-pose,x=-36.53;y=26.44;yaw=-1.43
277.816666603,[debug],turtlebot3,simulation,robot-pose,x=-36.53;y=26.44;yaw=-1.43
278.25,[debug],turtlebot4,simulation,robot-pose,x=-38.08;y=21.50;yaw=0.03
278.25,[debug],turtlebot4,simulation,robot-pose,x=-38.08;y=21.50;yaw=0.03
278.583333254,[debug],turtlebot5,simulation,robot-pose,x=-13.46;y=17.95;yaw=-1.20
278.583333254,[debug],turtlebot5,simulation,robot-pose,x=-13.46;y=17.95;yaw=-1.20
289.883333445,[debug],turtlebot1,simulation,robot-pose,x=-21.03;y=18.00;yaw=-1.54
289.883333445,[debug],turtlebot1,simulation,robot-pose,x=-21.03;y=18.00;yaw=-1.54
292.583333254,[debug],turtlebot2,simulation,robot-pose,x=-11.46;y=17.82;yaw=-1.25
292.583333254,[debug],turtlebot2,simulation,robot-pose,x=-11.46;y=17.82;yaw=-1.25
292.816666603,[debug],turtlebot3,simulation,robot-pose,x=-36.58;y=24.00;yaw=-1.59
292.816666603,[debug],turtlebot3,simulation,robot-pose,x=-36.58;y=24.00;yaw=-1.59
293.25,[debug],turtlebot4,simulation,robot-pose,x=-38.10;y=21.50;yaw=0.03
293.25,[debug],turtlebot4,simulation,robot-pose,x=-38.10;y=21.50;yaw=0.03
293.583333254,[debug],turtlebot5,simulation,robot-pose,x=-13.45;y=17.95;yaw=-1.18
293.583333254,[debug],turtlebot5,simulation,robot-pose,x=-13.45;y=17.95;yaw=-1.18
304.883333445,[debug],turtlebot1,simulation,robot-pose,x=-21.03;y=18.00;yaw=-1.54
304.883333445,[debug],turtlebot1,simulation,robot-pose,x=-21.03;y=18.00;yaw=-1.54
307.583333254,[debug],turtlebot2,simulation,robot-pose,x=-11.47;y=17.82;yaw=-1.25
307.583333254,[debug],turtlebot2,simulation,robot-pose,x=-11.47;y=17.82;yaw=-1.25
307.816666603,[debug],turtlebot3,simulation,robot-pose,x=-36.72;y=21.65;yaw=-1.56
307.816666603,[debug],turtlebot3,simulation,robot-pose,x=-36.72;y=21.65;yaw=-1.56
308.25,[debug],turtlebot4,simulation,robot-pose,x=-38.13;y=21.50;yaw=0.03
308.25,[debug],turtlebot4,simulation,robot-pose,x=-38.13;y=21.50;yaw=0.03
308.583333254,[debug],turtlebot5,simulation,robot-pose,x=-13.45;y=17.94;yaw=-1.16
308.583333254,[debug],turtlebot5,simulation,robot-pose,x=-13.45;y=17.94;yaw=-1.16
316.533333302,[info],turtlebot3,skill-life-cycle,navigation,(status=RUNNING, parameters=[[-37.0, 33.95, -1.5707963267948966, True], [-37.0, 16.0, 0.0, True], [-26.0, 16.0, -1.5707963267948966, True], [-26.0, 13.0, 1.57, False]])
319.883333445,[debug],turtlebot1,simulation,robot-pose,x=-21.03;y=18.00;yaw=-1.54
319.883333445,[debug],turtlebot1,simulation,robot-pose,x=-21.03;y=18.00;yaw=-1.54
322.583333254,[debug],turtlebot2,simulation,robot-pose,x=-11.47;y=17.82;yaw=-1.25
322.583333254,[debug],turtlebot2,simulation,robot-pose,x=-11.47;y=17.82;yaw=-1.25
322.816666603,[debug],turtlebot3,simulation,robot-pose,x=-36.67;y=19.10;yaw=-1.57
322.816666603,[debug],turtlebot3,simulation,robot-pose,x=-36.67;y=19.10;yaw=-1.57
323.25,[debug],turtlebot4,simulation,robot-pose,x=-38.15;y=21.50;yaw=0.03
323.25,[debug],turtlebot4,simulation,robot-pose,x=-38.15;y=21.50;yaw=0.03
323.583333254,[debug],turtlebot5,simulation,robot-pose,x=-13.45;y=17.94;yaw=-1.14
323.583333254,[debug],turtlebot5,simulation,robot-pose,x=-13.45;y=17.94;yaw=-1.14
334.883333445,[debug],turtlebot1,simulation,robot-pose,x=-21.03;y=18.00;yaw=-1.54
334.883333445,[debug],turtlebot1,simulation,robot-pose,x=-21.03;y=18.00;yaw=-1.54
337.583333254,[debug],turtlebot2,simulation,robot-pose,x=-11.47;y=17.82;yaw=-1.25
337.583333254,[debug],turtlebot2,simulation,robot-pose,x=-11.47;y=17.82;yaw=-1.25
337.816666603,[debug],turtlebot3,simulation,robot-pose,x=-36.75;y=16.68;yaw=-1.81
337.816666603,[debug],turtlebot3,simulation,robot-pose,x=-36.75;y=16.68;yaw=-1.81
338.25,[debug],turtlebot4,simulation,robot-pose,x=-38.15;y=21.51;yaw=0.04
338.25,[debug],turtlebot4,simulation,robot-pose,x=-38.15;y=21.51;yaw=0.04
338.583333254,[debug],turtlebot5,simulation,robot-pose,x=-13.44;y=17.94;yaw=-1.13
338.583333254,[debug],turtlebot5,simulation,robot-pose,x=-13.44;y=17.94;yaw=-1.13
344.799999952,[debug],turtlebot3,move-base-info,Hooray, the base moved arrived,(x=-37;y=16)
344.799999952,[debug],turtlebot3,move-base-info,Hooray, the base moved arrived,(x=-37;y=16)
344.966666698,[debug],turtlebot3,task-update,navigation,way-point-reached,50.0%
349.883333445,[debug],turtlebot1,simulation,robot-pose,x=-21.03;y=18.00;yaw=-1.54
349.883333445,[debug],turtlebot1,simulation,robot-pose,x=-21.03;y=18.00;yaw=-1.54
352.583333254,[debug],turtlebot2,simulation,robot-pose,x=-11.47;y=17.82;yaw=-1.25
352.583333254,[debug],turtlebot2,simulation,robot-pose,x=-11.47;y=17.82;yaw=-1.25
352.816666603,[debug],turtlebot3,simulation,robot-pose,x=-34.71;y=15.91;yaw=-0.23
352.816666603,[debug],turtlebot3,simulation,robot-pose,x=-34.71;y=15.91;yaw=-0.23
353.25,[debug],turtlebot4,simulation,robot-pose,x=-38.15;y=21.51;yaw=0.05
353.25,[debug],turtlebot4,simulation,robot-pose,x=-38.15;y=21.51;yaw=0.05
353.583333254,[debug],turtlebot5,simulation,robot-pose,x=-13.44;y=17.94;yaw=-1.12
353.583333254,[debug],turtlebot5,simulation,robot-pose,x=-13.44;y=17.94;yaw=-1.12
364.883333445,[debug],turtlebot1,simulation,robot-pose,x=-21.03;y=18.00;yaw=-1.54
364.883333445,[debug],turtlebot1,simulation,robot-pose,x=-21.03;y=18.00;yaw=-1.54
367.583333254,[debug],turtlebot2,simulation,robot-pose,x=-11.47;y=17.82;yaw=-1.25
367.583333254,[debug],turtlebot2,simulation,robot-pose,x=-11.47;y=17.82;yaw=-1.25
367.816666603,[debug],turtlebot3,simulation,robot-pose,x=-26.44;y=15.92;yaw=-1.32
367.816666603,[debug],turtlebot3,simulation,robot-pose,x=-26.44;y=15.92;yaw=-1.32
367.866666555,[info],turtlebot3,skill-life-cycle,navigation,(status=RUNNING, parameters=[[-37.0, 33.95, -1.5707963267948966, True], [-37.0, 16.0, 0.0, True], [-26.0, 16.0, -1.5707963267948966, True], [-26.0, 13.0, 1.57, False]])
368.25,[debug],turtlebot4,simulation,robot-pose,x=-38.15;y=21.51;yaw=0.08
368.25,[debug],turtlebot4,simulation,robot-pose,x=-38.15;y=21.51;yaw=0.08
368.583333254,[debug],turtlebot5,simulation,robot-pose,x=-13.44;y=17.94;yaw=-1.12
368.583333254,[debug],turtlebot5,simulation,robot-pose,x=-13.44;y=17.94;yaw=-1.12
368.916666746,[debug],turtlebot3,move-base-info,Hooray, the base moved arrived,(x=-26;y=16)
368.916666746,[debug],turtlebot3,move-base-info,Hooray, the base moved arrived,(x=-26;y=16)
369.033333302,[debug],turtlebot3,task-update,navigation,way-point-reached,75.0%
379.883333445,[debug],turtlebot1,simulation,robot-pose,x=-21.03;y=18.00;yaw=-1.54
379.883333445,[debug],turtlebot1,simulation,robot-pose,x=-21.03;y=18.00;yaw=-1.54
382.583333254,[debug],turtlebot2,simulation,robot-pose,x=-11.47;y=17.82;yaw=-1.25
382.583333254,[debug],turtlebot2,simulation,robot-pose,x=-11.47;y=17.82;yaw=-1.25
382.816666603,[debug],turtlebot3,simulation,robot-pose,x=-25.89;y=14.01;yaw=-1.61
382.816666603,[debug],turtlebot3,simulation,robot-pose,x=-25.89;y=14.01;yaw=-1.61
383.25,[debug],turtlebot4,simulation,robot-pose,x=-38.15;y=21.51;yaw=0.11
383.25,[debug],turtlebot4,simulation,robot-pose,x=-38.15;y=21.51;yaw=0.11
383.583333254,[debug],turtlebot5,simulation,robot-pose,x=-13.44;y=17.93;yaw=-1.11
383.583333254,[debug],turtlebot5,simulation,robot-pose,x=-13.44;y=17.93;yaw=-1.11
394.116666555,[debug],turtlebot3,move-base-info,Hooray, the base moved arrived,(x=-26;y=13)
394.116666555,[debug],turtlebot3,move-base-info,Hooray, the base moved arrived,(x=-26;y=13)
394.299999952,[debug],turtlebot3,task-update,navigation,way-point-reached,100.0%
394.383333445,[debug],turtlebot3,available-skills,['send_message', 'wait_message', 'approach_person', 'approach_robot', 'authenticate_person', 'deposit', 'navigation', 'operate_drawer', 'pick_up'],
394.400000095,[info],turtlebot3,skill-life-cycle,approach_robot,(status=STARTED, parameters=['lab_arm'])
394.483333349,[debug],turtlebot3,task-update,approach_robot,localize-robot,(who=lab_arm)
394.566666603,[debug],turtlebot3,task-update,approach_robot,goto-robot,(who=lab_arm)
394.666666746,[debug],turtlebot3,available-skills,['send_message', 'wait_message', 'approach_person', 'approach_robot', 'authenticate_person', 'deposit', 'navigation', 'operate_drawer', 'pick_up'],
394.666666746,[info],turtlebot3,skill-life-cycle,operate_drawer,(status=STARTED, parameters=['open'])
394.75,[debug],turtlebot3,task-update,operate_drawer,open
394.883333445,[debug],turtlebot1,simulation,robot-pose,x=-21.03;y=18.00;yaw=-1.54
394.883333445,[debug],turtlebot1,simulation,robot-pose,x=-21.03;y=18.00;yaw=-1.54
395.733333349,[debug],turtlebot3,available-skills,['send_message', 'wait_message', 'approach_person', 'approach_robot', 'authenticate_person', 'deposit', 'navigation', 'operate_drawer', 'pick_up'],
395.733333349,[info],turtlebot3,skill-life-cycle,send_message,(status=STARTED, parameters=['lab_arm'])
395.833333254,[info],turtlebot3,sync,send-message,(to=lab_arm)
396.733333349,[info],lab_arm,sync,wait-message,(status=message-received)
396.733333349,[info],lab_arm,sync,wait-message,(status=message-received)
396.733333349,[info],Inventory,sync,wait-sample,(status=sample-received)
396.733333349,ENDSIM
396.733333349,[info],Inventory,sync,wait-sample,(status=sample-received)
396.733333349,ENDSIM
397.583333254,[debug],turtlebot2,simulation,robot-pose,x=-11.47;y=17.82;yaw=-1.25
397.583333254,[debug],turtlebot2,simulation,robot-pose,x=-11.47;y=17.82;yaw=-1.25
397.816666603,[debug],turtlebot3,simulation,robot-pose,x=-25.94;y=13.40;yaw=1.62
397.816666603,[debug],turtlebot3,simulation,robot-pose,x=-25.94;y=13.40;yaw=1.62
398.25,[debug],turtlebot4,simulation,robot-pose,x=-38.15;y=21.52;yaw=0.13
398.25,[debug],turtlebot4,simulation,robot-pose,x=-38.15;y=21.52;yaw=0.13
398.583333254,[debug],turtlebot5,simulation,robot-pose,x=-13.43;y=17.93;yaw=-1.10
398.583333254,[debug],turtlebot5,simulation,robot-pose,x=-13.43;y=17.93;yaw=-1.10
406.733333349,[info],Inventory,sync,wait-sample,(status=sample-received)
406.733333349,ENDSIM
406.733333349,[info],Inventory,sync,wait-sample,(status=sample-received)
406.733333349,ENDSIM
406.733333349,[info],lab_arm,sync,wait-message,(status=message-received)
406.733333349,[info],lab_arm,sync,wait-message,(status=message-received)
406.733333349,[info],Inventory,sync,wait-sample,(status=sample-received)
406.733333349,[info],Inventory,sync,wait-sample,(status=sample-received)
406.733333349,ENDSIM
406.733333349,ENDSIM
0.0,[debug],simulation closed,reach-target,execution-wall-clock=497.6131205558777
