0.0,0.0,[debug],logger,init,time
ROBOTS_CONFIG=[{"avg_speed": 0.15, "battery_charge": 0.22, "battery_discharge_rate": 0.00011, "id": 0, "local_plan": null, "location": "IC Room 4", "position": [-39.44, 33.95, 0.0], "skills": ["approach_person", "approach_robot", "authenticate_person", "deposit", "navigation", "operate_drawer", "pick_up"]}, {"avg_speed": 0.15, "battery_charge": 0.56, "battery_discharge_rate": 0.00014000000000000001, "id": 1, "local_plan": null, "location": "PC Room 5", "position": [-21.0, 18.0, -1.57], "skills": ["approach_person", "approach_robot", "authenticate_person", "deposit", "navigation", "operate_drawer", "pick_up"]}, {"avg_speed": 0.15, "battery_charge": 0.55, "battery_discharge_rate": 0.00012000000000000002, "id": 2, "local_plan": null, "location": "PC Room 4", "position": [-27.23, 18.0, -1.57], "skills": ["approach_person", "approach_robot", "authenticate_person", "deposit", "navigation", "pick_up"]}, {"avg_speed": 0.15, "battery_charge": 0.44, "battery_discharge_rate": 0.00016, "id": 3, "local_plan": null, "location": "PC Room 3", "position": [-28.5, 18.0, -1.57], "skills": ["approach_person", "approach_robot", "authenticate_person", "deposit", "navigation", "operate_drawer", "pick_up"]}, {"avg_speed": 0.15, "battery_charge": 0.15, "battery_discharge_rate": 0.00015000000000000001, "id": 4, "local_plan": [["navigation", ["IC Room 2", [[-40.23, 25.37, 0.0], [-37.0, 25.37], [-37.0, 21.5], [-38.0, 21.5, 0.0]]]], ["approach_person", ["nurse"]], ["authenticate_person", ["nurse"]], ["operate_drawer", ["open"]], ["send_message", ["nurse"]], ["wait_message", ["r1"]], ["operate_drawer", ["close"]], ["navigation", ["Laboratory", [[-38.0, 21.5, 0.0], [-37.0, 21.5], [-37.0, 16.0], [-26.0, 16.0], [-26.0, 13.0, 1.57]]]], ["approach_robot", ["lab_arm"]], ["operate_drawer", ["open"]], ["send_message", ["lab_arm"]], ["wait_message", ["r1"]], ["operate_drawer", ["close"]]], "location": "IC Room 3", "position": [-40.23, 25.37, 0.0], "skills": ["approach_person", "approach_robot", "authenticate_person", "deposit", "navigation", "operate_drawer", "pick_up"]}]
NURSES_CONFIG=[{"location": "IC Room 2", "position": [-37.0, 22.5, 0.0]}]
logger,1623204429173771858,Simulation open
0.0,[debug],logger,init,subcribing to in the topic /log
1.66666674614,[debug],turtlebot5,move-base-info,Move_base is up and ok....,
1.70000004768,[debug],turtlebot4,move-base-info,Move_base is up and ok....,
1.70000004768,[debug],turtlebot1,move-base-info,Move_base is up and ok....,
1.79999995232,[debug],turtlebot3,move-base-info,Move_base is up and ok....,
1.98333334923,[debug],turtlebot2,move-base-info,Move_base is up and ok....,
3.5,[info],turtlebot5,skill-life-cycle,init_robobt,(status=RUNNING, parameters=[])
3.51666665077,[info],turtlebot2,skill-life-cycle,init_robobt,(status=RUNNING, parameters=[])
3.68333339691,[info],turtlebot1,skill-life-cycle,init_robobt,(status=RUNNING, parameters=[])
8.8833334446,[info],turtlebot5,skill-life-cycle,navigation,(status=STARTED, parameters=[[-37.0, 25.37, -1.5707963267948966, True], [-37.0, 21.5, 3.141592653589793, True], [-38.0, 21.5, 0.0, False]])
21.1666667461,[debug],turtlebot1,simulation,robot-pose,x=-39.51;y=33.84;yaw=0.46
21.1666667461,[debug],turtlebot1,simulation,robot-pose,x=-39.51;y=33.84;yaw=0.46
23.4333333969,[debug],turtlebot2,simulation,robot-pose,x=-20.99;y=18.00;yaw=-1.54
23.5666666031,[debug],turtlebot2,simulation,robot-pose,x=-20.99;y=18.00;yaw=-1.54
23.6666667461,[debug],turtlebot3,simulation,robot-pose,x=-27.23;y=18.02;yaw=-1.59
23.6666667461,[debug],turtlebot3,simulation,robot-pose,x=-27.23;y=18.02;yaw=-1.59
23.9833333492,[debug],turtlebot4,simulation,robot-pose,x=-28.68;y=17.88;yaw=-0.79
23.9833333492,[debug],turtlebot4,simulation,robot-pose,x=-28.68;y=17.88;yaw=-0.79
24.25,[debug],turtlebot5,simulation,robot-pose,x=-39.81;y=24.52;yaw=-0.97
24.25,[debug],turtlebot5,simulation,robot-pose,x=-39.81;y=24.52;yaw=-0.97
36.1666667461,[debug],turtlebot1,simulation,robot-pose,x=-39.51;y=33.84;yaw=0.46
36.1666667461,[debug],turtlebot1,simulation,robot-pose,x=-39.51;y=33.84;yaw=0.46
38.4333333969,[debug],turtlebot2,simulation,robot-pose,x=-20.99;y=18.00;yaw=-1.54
38.5666666031,[debug],turtlebot2,simulation,robot-pose,x=-20.99;y=18.00;yaw=-1.54
38.6666667461,[debug],turtlebot3,simulation,robot-pose,x=-27.22;y=18.03;yaw=-1.59
38.6666667461,[debug],turtlebot3,simulation,robot-pose,x=-27.22;y=18.03;yaw=-1.59
38.9833333492,[debug],turtlebot4,simulation,robot-pose,x=-28.68;y=17.88;yaw=-0.80
38.9833333492,[debug],turtlebot4,simulation,robot-pose,x=-28.68;y=17.88;yaw=-0.80
39.25,[debug],turtlebot5,simulation,robot-pose,x=-38.80;y=23.43;yaw=-0.62
39.25,[debug],turtlebot5,simulation,robot-pose,x=-38.80;y=23.43;yaw=-0.62
51.1666667461,[debug],turtlebot1,simulation,robot-pose,x=-39.51;y=33.84;yaw=0.46
51.1666667461,[debug],turtlebot1,simulation,robot-pose,x=-39.51;y=33.84;yaw=0.46
53.4333333969,[debug],turtlebot2,simulation,robot-pose,x=-20.99;y=18.00;yaw=-1.54
53.6166667938,[debug],turtlebot2,simulation,robot-pose,x=-20.99;y=18.00;yaw=-1.54
53.6666667461,[debug],turtlebot3,simulation,robot-pose,x=-27.22;y=18.03;yaw=-1.58
53.6666667461,[debug],turtlebot3,simulation,robot-pose,x=-27.22;y=18.03;yaw=-1.58
53.9833333492,[debug],turtlebot4,simulation,robot-pose,x=-28.69;y=17.88;yaw=-0.80
53.9833333492,[debug],turtlebot4,simulation,robot-pose,x=-28.69;y=17.88;yaw=-0.80
54.25,[debug],turtlebot5,simulation,robot-pose,x=-37.61;y=23.19;yaw=0.72
54.25,[debug],turtlebot5,simulation,robot-pose,x=-37.61;y=23.19;yaw=0.72
56.25,[info],turtlebot5,skill-life-cycle,navigation,(status=RUNNING, parameters=[[-37.0, 25.37, -1.5707963267948966, True], [-37.0, 21.5, 3.141592653589793, True], [-38.0, 21.5, 0.0, False]])
66.1666667461,[debug],turtlebot1,simulation,robot-pose,x=-39.51;y=33.84;yaw=0.46
66.1666667461,[debug],turtlebot1,simulation,robot-pose,x=-39.51;y=33.84;yaw=0.46
68.4333333969,[debug],turtlebot2,simulation,robot-pose,x=-20.99;y=18.00;yaw=-1.54
68.5833332539,[debug],turtlebot2,simulation,robot-pose,x=-20.99;y=18.00;yaw=-1.54
68.6666667461,[debug],turtlebot3,simulation,robot-pose,x=-27.22;y=18.03;yaw=-1.58
68.6666667461,[debug],turtlebot3,simulation,robot-pose,x=-27.22;y=18.03;yaw=-1.58
68.9833333492,[debug],turtlebot4,simulation,robot-pose,x=-28.69;y=17.87;yaw=-0.79
68.9833333492,[debug],turtlebot4,simulation,robot-pose,x=-28.69;y=17.87;yaw=-0.79
69.25,[debug],turtlebot5,simulation,robot-pose,x=-37.10;y=24.76;yaw=1.99
69.25,[debug],turtlebot5,simulation,robot-pose,x=-37.10;y=24.76;yaw=1.99
77.7166666985,[debug],turtlebot5,move-base-info,Hooray, the base moved arrived,(x=-37;y=25.37)
77.7166666985,[debug],turtlebot5,move-base-info,Hooray, the base moved arrived,(x=-37;y=25.37)
77.8166666031,[debug],turtlebot5,task-update,navigation,way-point-reached,33.33333333333333%
81.1666667461,[debug],turtlebot1,simulation,robot-pose,x=-39.51;y=33.84;yaw=0.46
81.1666667461,[debug],turtlebot1,simulation,robot-pose,x=-39.51;y=33.84;yaw=0.46
83.4333333969,[debug],turtlebot2,simulation,robot-pose,x=-20.99;y=18.00;yaw=-1.54
83.5666666031,[debug],turtlebot2,simulation,robot-pose,x=-20.99;y=18.00;yaw=-1.54
83.6666667461,[debug],turtlebot3,simulation,robot-pose,x=-27.22;y=18.03;yaw=-1.58
83.6666667461,[debug],turtlebot3,simulation,robot-pose,x=-27.22;y=18.03;yaw=-1.58
83.9833333492,[debug],turtlebot4,simulation,robot-pose,x=-28.69;y=17.87;yaw=-0.78
83.9833333492,[debug],turtlebot4,simulation,robot-pose,x=-28.69;y=17.87;yaw=-0.78
84.25,[debug],turtlebot5,simulation,robot-pose,x=-37.17;y=24.76;yaw=-1.49
84.25,[debug],turtlebot5,simulation,robot-pose,x=-37.17;y=24.76;yaw=-1.49
96.1666667461,[debug],turtlebot1,simulation,robot-pose,x=-39.51;y=33.84;yaw=0.46
96.1666667461,[debug],turtlebot1,simulation,robot-pose,x=-39.51;y=33.84;yaw=0.46
98.4333333969,[debug],turtlebot2,simulation,robot-pose,x=-20.99;y=18.00;yaw=-1.54
98.5999999046,[debug],turtlebot2,simulation,robot-pose,x=-20.99;y=18.00;yaw=-1.54
98.6666667461,[debug],turtlebot3,simulation,robot-pose,x=-27.22;y=18.03;yaw=-1.58
98.6666667461,[debug],turtlebot3,simulation,robot-pose,x=-27.22;y=18.03;yaw=-1.58
98.9833333492,[debug],turtlebot4,simulation,robot-pose,x=-28.69;y=17.88;yaw=-0.79
98.9833333492,[debug],turtlebot4,simulation,robot-pose,x=-28.69;y=17.88;yaw=-0.79
99.25,[debug],turtlebot5,simulation,robot-pose,x=-37.12;y=22.97;yaw=-1.54
99.25,[debug],turtlebot5,simulation,robot-pose,x=-37.12;y=22.97;yaw=-1.54
109.366666794,[info],turtlebot5,skill-life-cycle,navigation,(status=RUNNING, parameters=[[-37.0, 25.37, -1.5707963267948966, True], [-37.0, 21.5, 3.141592653589793, True], [-38.0, 21.5, 0.0, False]])
111.166666746,[debug],turtlebot1,simulation,robot-pose,x=-39.51;y=33.84;yaw=0.46
111.166666746,[debug],turtlebot1,simulation,robot-pose,x=-39.51;y=33.84;yaw=0.46
113.433333397,[debug],turtlebot2,simulation,robot-pose,x=-20.99;y=18.00;yaw=-1.54
113.566666603,[debug],turtlebot2,simulation,robot-pose,x=-20.99;y=18.00;yaw=-1.54
113.666666746,[debug],turtlebot3,simulation,robot-pose,x=-27.22;y=18.03;yaw=-1.58
113.666666746,[debug],turtlebot3,simulation,robot-pose,x=-27.22;y=18.03;yaw=-1.58
113.983333349,[debug],turtlebot4,simulation,robot-pose,x=-28.69;y=17.88;yaw=-0.79
113.983333349,[debug],turtlebot4,simulation,robot-pose,x=-28.69;y=17.88;yaw=-0.79
114.25,[debug],turtlebot5,simulation,robot-pose,x=-37.12;y=22.97;yaw=-1.54
114.25,[debug],turtlebot5,simulation,robot-pose,x=-37.12;y=22.97;yaw=-1.54
126.166666746,[debug],turtlebot1,simulation,robot-pose,x=-39.51;y=33.84;yaw=0.46
126.166666746,[debug],turtlebot1,simulation,robot-pose,x=-39.51;y=33.84;yaw=0.46
128.433333397,[debug],turtlebot2,simulation,robot-pose,x=-21.00;y=18.00;yaw=-1.54
128.583333254,[debug],turtlebot2,simulation,robot-pose,x=-21.00;y=18.00;yaw=-1.54
128.666666746,[debug],turtlebot3,simulation,robot-pose,x=-27.22;y=18.03;yaw=-1.58
128.666666746,[debug],turtlebot3,simulation,robot-pose,x=-27.22;y=18.03;yaw=-1.58
128.983333349,[debug],turtlebot4,simulation,robot-pose,x=-28.69;y=17.88;yaw=-0.79
128.983333349,[debug],turtlebot4,simulation,robot-pose,x=-28.69;y=17.88;yaw=-0.79
129.25,[debug],turtlebot5,simulation,robot-pose,x=-37.12;y=22.97;yaw=-1.54
129.25,[debug],turtlebot5,simulation,robot-pose,x=-37.12;y=22.97;yaw=-1.54
141.166666746,[debug],turtlebot1,simulation,robot-pose,x=-39.51;y=33.84;yaw=0.46
141.166666746,[debug],turtlebot1,simulation,robot-pose,x=-39.51;y=33.84;yaw=0.46
143.433333397,[debug],turtlebot2,simulation,robot-pose,x=-21.00;y=18.00;yaw=-1.54
143.599999905,[debug],turtlebot2,simulation,robot-pose,x=-21.00;y=18.00;yaw=-1.54
143.666666746,[debug],turtlebot3,simulation,robot-pose,x=-27.22;y=18.03;yaw=-1.58
143.666666746,[debug],turtlebot3,simulation,robot-pose,x=-27.22;y=18.03;yaw=-1.58
143.983333349,[debug],turtlebot4,simulation,robot-pose,x=-28.69;y=17.88;yaw=-0.80
143.983333349,[debug],turtlebot4,simulation,robot-pose,x=-28.69;y=17.88;yaw=-0.80
144.25,[debug],turtlebot5,simulation,robot-pose,x=-37.12;y=22.97;yaw=-1.54
144.25,[debug],turtlebot5,simulation,robot-pose,x=-37.12;y=22.97;yaw=-1.54
156.166666746,[debug],turtlebot1,simulation,robot-pose,x=-39.50;y=33.84;yaw=0.46
156.166666746,[debug],turtlebot1,simulation,robot-pose,x=-39.50;y=33.84;yaw=0.46
158.433333397,[debug],turtlebot2,simulation,robot-pose,x=-21.00;y=18.00;yaw=-1.54
158.566666603,[debug],turtlebot2,simulation,robot-pose,x=-21.00;y=18.00;yaw=-1.54
158.666666746,[debug],turtlebot3,simulation,robot-pose,x=-27.22;y=18.03;yaw=-1.57
158.666666746,[debug],turtlebot3,simulation,robot-pose,x=-27.22;y=18.03;yaw=-1.57
158.983333349,[debug],turtlebot4,simulation,robot-pose,x=-28.69;y=17.88;yaw=-0.80
158.983333349,[debug],turtlebot4,simulation,robot-pose,x=-28.69;y=17.88;yaw=-0.80
159.25,[debug],turtlebot5,simulation,robot-pose,x=-37.12;y=22.97;yaw=-1.54
159.25,[debug],turtlebot5,simulation,robot-pose,x=-37.12;y=22.97;yaw=-1.54
161.483333349,[info],turtlebot5,skill-life-cycle,navigation,(status=RUNNING, parameters=[[-37.0, 25.37, -1.5707963267948966, True], [-37.0, 21.5, 3.141592653589793, True], [-38.0, 21.5, 0.0, False]])
171.166666746,[debug],turtlebot1,simulation,robot-pose,x=-39.50;y=33.84;yaw=0.46
171.166666746,[debug],turtlebot1,simulation,robot-pose,x=-39.50;y=33.84;yaw=0.46
173.433333397,[debug],turtlebot2,simulation,robot-pose,x=-21.00;y=18.00;yaw=-1.54
173.583333254,[debug],turtlebot2,simulation,robot-pose,x=-21.00;y=18.00;yaw=-1.54
173.666666746,[debug],turtlebot3,simulation,robot-pose,x=-27.22;y=18.03;yaw=-1.57
173.666666746,[debug],turtlebot3,simulation,robot-pose,x=-27.22;y=18.03;yaw=-1.57
173.983333349,[debug],turtlebot4,simulation,robot-pose,x=-28.69;y=17.88;yaw=-0.80
173.983333349,[debug],turtlebot4,simulation,robot-pose,x=-28.69;y=17.88;yaw=-0.80
174.25,[debug],turtlebot5,simulation,robot-pose,x=-37.12;y=22.97;yaw=-1.54
174.25,[debug],turtlebot5,simulation,robot-pose,x=-37.12;y=22.97;yaw=-1.54
186.166666746,[debug],turtlebot1,simulation,robot-pose,x=-39.50;y=33.84;yaw=0.46
186.166666746,[debug],turtlebot1,simulation,robot-pose,x=-39.50;y=33.84;yaw=0.46
188.433333397,[debug],turtlebot2,simulation,robot-pose,x=-21.00;y=18.00;yaw=-1.54
188.566666603,[debug],turtlebot2,simulation,robot-pose,x=-21.00;y=18.00;yaw=-1.54
188.666666746,[debug],turtlebot3,simulation,robot-pose,x=-27.22;y=18.03;yaw=-1.57
188.666666746,[debug],turtlebot3,simulation,robot-pose,x=-27.22;y=18.03;yaw=-1.57
188.983333349,[debug],turtlebot4,simulation,robot-pose,x=-28.68;y=17.88;yaw=-0.80
188.983333349,[debug],turtlebot4,simulation,robot-pose,x=-28.68;y=17.88;yaw=-0.80
189.25,[debug],turtlebot5,simulation,robot-pose,x=-37.12;y=22.97;yaw=-1.54
189.266666651,[debug],turtlebot5,simulation,robot-pose,x=-37.12;y=22.97;yaw=-1.54
201.166666746,[debug],turtlebot1,simulation,robot-pose,x=-39.50;y=33.84;yaw=0.46
201.166666746,[debug],turtlebot1,simulation,robot-pose,x=-39.50;y=33.84;yaw=0.46
203.433333397,[debug],turtlebot2,simulation,robot-pose,x=-21.01;y=18.00;yaw=-1.54
203.599999905,[debug],turtlebot2,simulation,robot-pose,x=-21.01;y=18.00;yaw=-1.54
203.666666746,[debug],turtlebot3,simulation,robot-pose,x=-27.22;y=18.03;yaw=-1.57
203.666666746,[debug],turtlebot3,simulation,robot-pose,x=-27.22;y=18.03;yaw=-1.57
203.983333349,[debug],turtlebot4,simulation,robot-pose,x=-28.68;y=17.88;yaw=-0.80
203.983333349,[debug],turtlebot4,simulation,robot-pose,x=-28.68;y=17.88;yaw=-0.80
204.25,[debug],turtlebot5,simulation,robot-pose,x=-37.12;y=22.97;yaw=-1.54
204.25,[debug],turtlebot5,simulation,robot-pose,x=-37.12;y=22.97;yaw=-1.54
213.516666651,[info],turtlebot5,skill-life-cycle,navigation,(status=RUNNING, parameters=[[-37.0, 25.37, -1.5707963267948966, True], [-37.0, 21.5, 3.141592653589793, True], [-38.0, 21.5, 0.0, False]])
216.166666746,[debug],turtlebot1,simulation,robot-pose,x=-39.50;y=33.84;yaw=0.46
216.166666746,[debug],turtlebot1,simulation,robot-pose,x=-39.50;y=33.84;yaw=0.46
218.433333397,[debug],turtlebot2,simulation,robot-pose,x=-21.01;y=18.00;yaw=-1.54
218.566666603,[debug],turtlebot2,simulation,robot-pose,x=-21.01;y=18.00;yaw=-1.54
218.666666746,[debug],turtlebot3,simulation,robot-pose,x=-27.21;y=18.03;yaw=-1.57
218.666666746,[debug],turtlebot3,simulation,robot-pose,x=-27.21;y=18.03;yaw=-1.57
218.983333349,[debug],turtlebot4,simulation,robot-pose,x=-28.68;y=17.88;yaw=-0.80
218.983333349,[debug],turtlebot4,simulation,robot-pose,x=-28.68;y=17.88;yaw=-0.80
219.25,[debug],turtlebot5,simulation,robot-pose,x=-37.12;y=22.97;yaw=-1.54
219.25,[debug],turtlebot5,simulation,robot-pose,x=-37.12;y=22.97;yaw=-1.54
231.166666746,[debug],turtlebot1,simulation,robot-pose,x=-39.50;y=33.84;yaw=0.46
231.166666746,[debug],turtlebot1,simulation,robot-pose,x=-39.50;y=33.84;yaw=0.46
233.433333397,[debug],turtlebot2,simulation,robot-pose,x=-21.01;y=18.00;yaw=-1.54
233.566666603,[debug],turtlebot2,simulation,robot-pose,x=-21.01;y=18.00;yaw=-1.54
233.666666746,[debug],turtlebot3,simulation,robot-pose,x=-27.21;y=18.03;yaw=-1.57
233.666666746,[debug],turtlebot3,simulation,robot-pose,x=-27.21;y=18.03;yaw=-1.57
233.983333349,[debug],turtlebot4,simulation,robot-pose,x=-28.69;y=17.88;yaw=-0.80
233.983333349,[debug],turtlebot4,simulation,robot-pose,x=-28.69;y=17.88;yaw=-0.80
234.25,[debug],turtlebot5,simulation,robot-pose,x=-37.12;y=22.97;yaw=-1.54
234.25,[debug],turtlebot5,simulation,robot-pose,x=-37.12;y=22.97;yaw=-1.54
246.166666746,[debug],turtlebot1,simulation,robot-pose,x=-39.50;y=33.84;yaw=0.46
246.166666746,[debug],turtlebot1,simulation,robot-pose,x=-39.50;y=33.84;yaw=0.46
248.433333397,[debug],turtlebot2,simulation,robot-pose,x=-21.02;y=18.00;yaw=-1.54
248.599999905,[debug],turtlebot2,simulation,robot-pose,x=-21.02;y=18.00;yaw=-1.54
248.666666746,[debug],turtlebot3,simulation,robot-pose,x=-27.21;y=18.03;yaw=-1.57
248.666666746,[debug],turtlebot3,simulation,robot-pose,x=-27.21;y=18.03;yaw=-1.57
248.983333349,[debug],turtlebot4,simulation,robot-pose,x=-28.69;y=17.88;yaw=-0.80
248.983333349,[debug],turtlebot4,simulation,robot-pose,x=-28.69;y=17.88;yaw=-0.80
249.25,[debug],turtlebot5,simulation,robot-pose,x=-37.12;y=22.97;yaw=-1.54
249.25,[debug],turtlebot5,simulation,robot-pose,x=-37.12;y=22.97;yaw=-1.54
261.166666746,[debug],turtlebot1,simulation,robot-pose,x=-39.50;y=33.84;yaw=0.46
261.166666746,[debug],turtlebot1,simulation,robot-pose,x=-39.50;y=33.84;yaw=0.46
263.433333397,[debug],turtlebot2,simulation,robot-pose,x=-21.02;y=18.00;yaw=-1.54
263.583333254,[debug],turtlebot2,simulation,robot-pose,x=-21.02;y=18.00;yaw=-1.54
263.666666746,[debug],turtlebot3,simulation,robot-pose,x=-27.21;y=18.03;yaw=-1.57
263.666666746,[debug],turtlebot3,simulation,robot-pose,x=-27.21;y=18.03;yaw=-1.57
263.983333349,[debug],turtlebot4,simulation,robot-pose,x=-28.69;y=17.88;yaw=-0.79
263.983333349,[debug],turtlebot4,simulation,robot-pose,x=-28.69;y=17.88;yaw=-0.79
264.25,[debug],turtlebot5,simulation,robot-pose,x=-37.12;y=22.97;yaw=-1.54
264.25,[debug],turtlebot5,simulation,robot-pose,x=-37.12;y=22.97;yaw=-1.54
265.283333302,[info],turtlebot5,skill-life-cycle,navigation,(status=RUNNING, parameters=[[-37.0, 25.37, -1.5707963267948966, True], [-37.0, 21.5, 3.141592653589793, True], [-38.0, 21.5, 0.0, False]])
276.166666746,[debug],turtlebot1,simulation,robot-pose,x=-39.50;y=33.84;yaw=0.46
276.166666746,[debug],turtlebot1,simulation,robot-pose,x=-39.50;y=33.84;yaw=0.46
278.433333397,[debug],turtlebot2,simulation,robot-pose,x=-21.03;y=18.00;yaw=-1.54
278.566666603,[debug],turtlebot2,simulation,robot-pose,x=-21.03;y=18.00;yaw=-1.54
278.666666746,[debug],turtlebot3,simulation,robot-pose,x=-27.21;y=18.03;yaw=-1.57
278.666666746,[debug],turtlebot3,simulation,robot-pose,x=-27.21;y=18.03;yaw=-1.57
278.983333349,[debug],turtlebot4,simulation,robot-pose,x=-28.69;y=17.88;yaw=-0.80
278.983333349,[debug],turtlebot4,simulation,robot-pose,x=-28.69;y=17.88;yaw=-0.80
279.25,[debug],turtlebot5,simulation,robot-pose,x=-37.12;y=22.97;yaw=-1.54
279.25,[debug],turtlebot5,simulation,robot-pose,x=-37.12;y=22.97;yaw=-1.54
291.166666746,[debug],turtlebot1,simulation,robot-pose,x=-39.50;y=33.84;yaw=0.46
291.166666746,[debug],turtlebot1,simulation,robot-pose,x=-39.50;y=33.84;yaw=0.46
293.433333397,[debug],turtlebot2,simulation,robot-pose,x=-21.03;y=18.00;yaw=-1.54
293.599999905,[debug],turtlebot2,simulation,robot-pose,x=-21.03;y=18.00;yaw=-1.54
293.666666746,[debug],turtlebot3,simulation,robot-pose,x=-27.21;y=18.03;yaw=-1.57
293.666666746,[debug],turtlebot3,simulation,robot-pose,x=-27.21;y=18.03;yaw=-1.57
293.983333349,[debug],turtlebot4,simulation,robot-pose,x=-28.70;y=17.88;yaw=-0.80
293.983333349,[debug],turtlebot4,simulation,robot-pose,x=-28.70;y=17.88;yaw=-0.80
294.25,[debug],turtlebot5,simulation,robot-pose,x=-37.12;y=22.97;yaw=-1.54
294.25,[debug],turtlebot5,simulation,robot-pose,x=-37.12;y=22.97;yaw=-1.54
306.166666746,[debug],turtlebot1,simulation,robot-pose,x=-39.50;y=33.84;yaw=0.46
306.166666746,[debug],turtlebot1,simulation,robot-pose,x=-39.50;y=33.84;yaw=0.46
308.433333397,[debug],turtlebot2,simulation,robot-pose,x=-21.03;y=18.00;yaw=-1.54
308.566666603,[debug],turtlebot2,simulation,robot-pose,x=-21.03;y=18.00;yaw=-1.54
308.666666746,[debug],turtlebot3,simulation,robot-pose,x=-27.21;y=18.03;yaw=-1.57
308.666666746,[debug],turtlebot3,simulation,robot-pose,x=-27.21;y=18.03;yaw=-1.57
308.983333349,[debug],turtlebot4,simulation,robot-pose,x=-28.70;y=17.88;yaw=-0.81
308.983333349,[debug],turtlebot4,simulation,robot-pose,x=-28.70;y=17.88;yaw=-0.81
309.25,[debug],turtlebot5,simulation,robot-pose,x=-37.12;y=22.97;yaw=-1.54
309.25,[debug],turtlebot5,simulation,robot-pose,x=-37.12;y=22.97;yaw=-1.54
316.916666746,[info],turtlebot5,skill-life-cycle,navigation,(status=RUNNING, parameters=[[-37.0, 25.37, -1.5707963267948966, True], [-37.0, 21.5, 3.141592653589793, True], [-38.0, 21.5, 0.0, False]])
321.166666746,[debug],turtlebot1,simulation,robot-pose,x=-39.50;y=33.84;yaw=0.46
321.166666746,[debug],turtlebot1,simulation,robot-pose,x=-39.50;y=33.84;yaw=0.46
323.433333397,[debug],turtlebot2,simulation,robot-pose,x=-21.03;y=18.00;yaw=-1.54
323.583333254,[debug],turtlebot2,simulation,robot-pose,x=-21.03;y=18.00;yaw=-1.54
323.666666746,[debug],turtlebot3,simulation,robot-pose,x=-27.21;y=18.03;yaw=-1.56
323.666666746,[debug],turtlebot3,simulation,robot-pose,x=-27.21;y=18.03;yaw=-1.56
323.983333349,[debug],turtlebot4,simulation,robot-pose,x=-28.70;y=17.88;yaw=-0.80
323.983333349,[debug],turtlebot4,simulation,robot-pose,x=-28.70;y=17.88;yaw=-0.80
324.25,[debug],turtlebot5,simulation,robot-pose,x=-37.12;y=22.97;yaw=-1.54
324.25,[debug],turtlebot5,simulation,robot-pose,x=-37.12;y=22.97;yaw=-1.54
336.166666746,[debug],turtlebot1,simulation,robot-pose,x=-39.50;y=33.84;yaw=0.46
336.166666746,[debug],turtlebot1,simulation,robot-pose,x=-39.50;y=33.84;yaw=0.46
338.433333397,[debug],turtlebot2,simulation,robot-pose,x=-21.03;y=18.00;yaw=-1.54
338.566666603,[debug],turtlebot2,simulation,robot-pose,x=-21.03;y=18.00;yaw=-1.54
338.666666746,[debug],turtlebot3,simulation,robot-pose,x=-27.21;y=18.02;yaw=-1.54
338.666666746,[debug],turtlebot3,simulation,robot-pose,x=-27.21;y=18.02;yaw=-1.54
338.983333349,[debug],turtlebot4,simulation,robot-pose,x=-28.71;y=17.88;yaw=-0.81
338.983333349,[debug],turtlebot4,simulation,robot-pose,x=-28.71;y=17.88;yaw=-0.81
339.25,[debug],turtlebot5,simulation,robot-pose,x=-37.12;y=22.97;yaw=-1.54
339.266666651,[debug],turtlebot5,simulation,robot-pose,x=-37.12;y=22.97;yaw=-1.54
351.166666746,[debug],turtlebot1,simulation,robot-pose,x=-39.50;y=33.84;yaw=0.46
351.166666746,[debug],turtlebot1,simulation,robot-pose,x=-39.50;y=33.84;yaw=0.46
353.433333397,[debug],turtlebot2,simulation,robot-pose,x=-21.03;y=18.00;yaw=-1.54
353.566666603,[debug],turtlebot2,simulation,robot-pose,x=-21.03;y=18.00;yaw=-1.54
353.666666746,[debug],turtlebot3,simulation,robot-pose,x=-27.21;y=18.01;yaw=-1.54
353.666666746,[debug],turtlebot3,simulation,robot-pose,x=-27.21;y=18.01;yaw=-1.54
353.983333349,[debug],turtlebot4,simulation,robot-pose,x=-28.71;y=17.88;yaw=-0.81
353.983333349,[debug],turtlebot4,simulation,robot-pose,x=-28.71;y=17.88;yaw=-0.81
354.25,[debug],turtlebot5,simulation,robot-pose,x=-37.12;y=22.97;yaw=-1.54
354.25,[debug],turtlebot5,simulation,robot-pose,x=-37.12;y=22.97;yaw=-1.54
366.166666746,[debug],turtlebot1,simulation,robot-pose,x=-39.50;y=33.84;yaw=0.46
366.166666746,[debug],turtlebot1,simulation,robot-pose,x=-39.50;y=33.84;yaw=0.46
368.433333397,[debug],turtlebot2,simulation,robot-pose,x=-21.03;y=18.00;yaw=-1.54
368.450000048,[info],turtlebot5,skill-life-cycle,navigation,(status=RUNNING, parameters=[[-37.0, 25.37, -1.5707963267948966, True], [-37.0, 21.5, 3.141592653589793, True], [-38.0, 21.5, 0.0, False]])
368.566666603,[debug],turtlebot2,simulation,robot-pose,x=-21.03;y=18.00;yaw=-1.54
368.666666746,[debug],turtlebot3,simulation,robot-pose,x=-27.21;y=17.99;yaw=-1.54
368.666666746,[debug],turtlebot3,simulation,robot-pose,x=-27.21;y=17.99;yaw=-1.54
368.983333349,[debug],turtlebot4,simulation,robot-pose,x=-28.71;y=17.88;yaw=-0.80
368.983333349,[debug],turtlebot4,simulation,robot-pose,x=-28.71;y=17.88;yaw=-0.80
369.25,[debug],turtlebot5,simulation,robot-pose,x=-37.12;y=22.97;yaw=-1.54
369.25,[debug],turtlebot5,simulation,robot-pose,x=-37.12;y=22.97;yaw=-1.54
381.166666746,[debug],turtlebot1,simulation,robot-pose,x=-39.50;y=33.84;yaw=0.46
381.166666746,[debug],turtlebot1,simulation,robot-pose,x=-39.50;y=33.84;yaw=0.46
383.433333397,[debug],turtlebot2,simulation,robot-pose,x=-21.03;y=18.00;yaw=-1.54
383.566666603,[debug],turtlebot2,simulation,robot-pose,x=-21.03;y=18.00;yaw=-1.54
383.666666746,[debug],turtlebot3,simulation,robot-pose,x=-27.21;y=17.98;yaw=-1.54
383.666666746,[debug],turtlebot3,simulation,robot-pose,x=-27.21;y=17.98;yaw=-1.54
383.983333349,[debug],turtlebot4,simulation,robot-pose,x=-28.72;y=17.88;yaw=-0.80
383.983333349,[debug],turtlebot4,simulation,robot-pose,x=-28.72;y=17.88;yaw=-0.80
384.25,[debug],turtlebot5,simulation,robot-pose,x=-37.12;y=22.97;yaw=-1.54
384.25,[debug],turtlebot5,simulation,robot-pose,x=-37.12;y=22.97;yaw=-1.54
396.166666746,[debug],turtlebot1,simulation,robot-pose,x=-39.50;y=33.84;yaw=0.46
396.166666746,[debug],turtlebot1,simulation,robot-pose,x=-39.50;y=33.84;yaw=0.46
398.433333397,[debug],turtlebot2,simulation,robot-pose,x=-21.03;y=18.00;yaw=-1.54
398.566666603,[debug],turtlebot2,simulation,robot-pose,x=-21.03;y=18.00;yaw=-1.54
398.666666746,[debug],turtlebot3,simulation,robot-pose,x=-27.21;y=17.97;yaw=-1.54
398.666666746,[debug],turtlebot3,simulation,robot-pose,x=-27.21;y=17.97;yaw=-1.54
398.983333349,[debug],turtlebot4,simulation,robot-pose,x=-28.72;y=17.88;yaw=-0.80
398.983333349,[debug],turtlebot4,simulation,robot-pose,x=-28.72;y=17.88;yaw=-0.80
399.25,[debug],turtlebot5,simulation,robot-pose,x=-37.12;y=22.97;yaw=-1.54
399.25,[debug],turtlebot5,simulation,robot-pose,x=-37.12;y=22.97;yaw=-1.54
411.166666746,[debug],turtlebot1,simulation,robot-pose,x=-39.50;y=33.84;yaw=0.46
411.166666746,[debug],turtlebot1,simulation,robot-pose,x=-39.50;y=33.84;yaw=0.46
413.433333397,[debug],turtlebot2,simulation,robot-pose,x=-21.03;y=18.00;yaw=-1.54
413.583333254,[debug],turtlebot2,simulation,robot-pose,x=-21.03;y=18.00;yaw=-1.54
413.666666746,[debug],turtlebot3,simulation,robot-pose,x=-27.21;y=17.95;yaw=-1.54
413.666666746,[debug],turtlebot3,simulation,robot-pose,x=-27.21;y=17.95;yaw=-1.54
413.983333349,[debug],turtlebot4,simulation,robot-pose,x=-28.72;y=17.88;yaw=-0.80
413.983333349,[debug],turtlebot4,simulation,robot-pose,x=-28.72;y=17.88;yaw=-0.80
414.25,[debug],turtlebot5,simulation,robot-pose,x=-37.12;y=22.97;yaw=-1.54
414.25,[debug],turtlebot5,simulation,robot-pose,x=-37.12;y=22.97;yaw=-1.54
419.849999905,[info],turtlebot5,skill-life-cycle,navigation,(status=RUNNING, parameters=[[-37.0, 25.37, -1.5707963267948966, True], [-37.0, 21.5, 3.141592653589793, True], [-38.0, 21.5, 0.0, False]])
426.166666746,[debug],turtlebot1,simulation,robot-pose,x=-39.50;y=33.84;yaw=0.46
426.166666746,[debug],turtlebot1,simulation,robot-pose,x=-39.50;y=33.84;yaw=0.46
428.433333397,[debug],turtlebot2,simulation,robot-pose,x=-21.03;y=18.00;yaw=-1.54
428.583333254,[debug],turtlebot2,simulation,robot-pose,x=-21.03;y=18.00;yaw=-1.54
428.666666746,[debug],turtlebot3,simulation,robot-pose,x=-27.20;y=17.94;yaw=-1.54
428.666666746,[debug],turtlebot3,simulation,robot-pose,x=-27.20;y=17.94;yaw=-1.54
428.983333349,[debug],turtlebot4,simulation,robot-pose,x=-28.72;y=17.88;yaw=-0.80
428.983333349,[debug],turtlebot4,simulation,robot-pose,x=-28.72;y=17.88;yaw=-0.80
429.25,[debug],turtlebot5,simulation,robot-pose,x=-37.12;y=22.97;yaw=-1.54
429.25,[debug],turtlebot5,simulation,robot-pose,x=-37.12;y=22.97;yaw=-1.54
441.166666746,[debug],turtlebot1,simulation,robot-pose,x=-39.50;y=33.84;yaw=0.46
441.166666746,[debug],turtlebot1,simulation,robot-pose,x=-39.50;y=33.84;yaw=0.46
443.450000048,[debug],turtlebot2,simulation,robot-pose,x=-21.03;y=18.00;yaw=-1.54
443.583333254,[debug],turtlebot2,simulation,robot-pose,x=-21.03;y=18.00;yaw=-1.54
443.666666746,[debug],turtlebot3,simulation,robot-pose,x=-27.20;y=17.92;yaw=-1.54
443.666666746,[debug],turtlebot3,simulation,robot-pose,x=-27.20;y=17.92;yaw=-1.54
443.983333349,[debug],turtlebot4,simulation,robot-pose,x=-28.72;y=17.88;yaw=-0.80
443.983333349,[debug],turtlebot4,simulation,robot-pose,x=-28.72;y=17.88;yaw=-0.80
444.25,[debug],turtlebot5,simulation,robot-pose,x=-37.12;y=22.97;yaw=-1.54
444.25,[debug],turtlebot5,simulation,robot-pose,x=-37.12;y=22.97;yaw=-1.54
456.166666746,[debug],turtlebot1,simulation,robot-pose,x=-39.50;y=33.84;yaw=0.46
456.166666746,[debug],turtlebot1,simulation,robot-pose,x=-39.50;y=33.84;yaw=0.46
458.433333397,[debug],turtlebot2,simulation,robot-pose,x=-21.03;y=18.00;yaw=-1.54
458.566666603,[debug],turtlebot2,simulation,robot-pose,x=-21.03;y=18.00;yaw=-1.54
458.666666746,[debug],turtlebot3,simulation,robot-pose,x=-27.20;y=17.91;yaw=-1.54
458.666666746,[debug],turtlebot3,simulation,robot-pose,x=-27.20;y=17.91;yaw=-1.54
458.983333349,[debug],turtlebot4,simulation,robot-pose,x=-28.73;y=17.88;yaw=-0.81
458.983333349,[debug],turtlebot4,simulation,robot-pose,x=-28.73;y=17.88;yaw=-0.81
459.25,[debug],turtlebot5,simulation,robot-pose,x=-37.12;y=22.97;yaw=-1.54
459.25,[debug],turtlebot5,simulation,robot-pose,x=-37.12;y=22.97;yaw=-1.54
471.166666746,[debug],turtlebot1,simulation,robot-pose,x=-39.50;y=33.84;yaw=0.46
471.166666746,[debug],turtlebot1,simulation,robot-pose,x=-39.50;y=33.84;yaw=0.46
471.533333302,[info],turtlebot5,skill-life-cycle,navigation,(status=RUNNING, parameters=[[-37.0, 25.37, -1.5707963267948966, True], [-37.0, 21.5, 3.141592653589793, True], [-38.0, 21.5, 0.0, False]])
473.433333397,[debug],turtlebot2,simulation,robot-pose,x=-21.03;y=18.00;yaw=-1.54
473.566666603,[debug],turtlebot2,simulation,robot-pose,x=-21.03;y=18.00;yaw=-1.54
473.666666746,[debug],turtlebot3,simulation,robot-pose,x=-27.20;y=17.89;yaw=-1.54
473.666666746,[debug],turtlebot3,simulation,robot-pose,x=-27.20;y=17.89;yaw=-1.54
473.983333349,[debug],turtlebot4,simulation,robot-pose,x=-28.73;y=17.89;yaw=-0.82
473.983333349,[debug],turtlebot4,simulation,robot-pose,x=-28.73;y=17.89;yaw=-0.82
474.25,[debug],turtlebot5,simulation,robot-pose,x=-37.12;y=22.97;yaw=-1.54
474.25,[debug],turtlebot5,simulation,robot-pose,x=-37.12;y=22.97;yaw=-1.54
486.166666746,[debug],turtlebot1,simulation,robot-pose,x=-39.50;y=33.84;yaw=0.46
486.166666746,[debug],turtlebot1,simulation,robot-pose,x=-39.50;y=33.84;yaw=0.46
488.433333397,[debug],turtlebot2,simulation,robot-pose,x=-21.03;y=18.00;yaw=-1.54
488.566666603,[debug],turtlebot2,simulation,robot-pose,x=-21.03;y=18.00;yaw=-1.54
488.666666746,[debug],turtlebot3,simulation,robot-pose,x=-27.20;y=17.88;yaw=-1.54
488.666666746,[debug],turtlebot3,simulation,robot-pose,x=-27.20;y=17.88;yaw=-1.54
488.983333349,[debug],turtlebot4,simulation,robot-pose,x=-28.73;y=17.89;yaw=-0.84
488.983333349,[debug],turtlebot4,simulation,robot-pose,x=-28.73;y=17.89;yaw=-0.84
489.25,[debug],turtlebot5,simulation,robot-pose,x=-37.12;y=22.97;yaw=-1.54
489.25,[debug],turtlebot5,simulation,robot-pose,x=-37.12;y=22.97;yaw=-1.54
501.166666746,[debug],turtlebot1,simulation,robot-pose,x=-39.50;y=33.84;yaw=0.46
501.166666746,[debug],turtlebot1,simulation,robot-pose,x=-39.50;y=33.84;yaw=0.46
503.433333397,[debug],turtlebot2,simulation,robot-pose,x=-21.03;y=18.00;yaw=-1.54
503.566666603,[debug],turtlebot2,simulation,robot-pose,x=-21.03;y=18.00;yaw=-1.54
503.666666746,[debug],turtlebot3,simulation,robot-pose,x=-27.19;y=17.86;yaw=-1.54
503.666666746,[debug],turtlebot3,simulation,robot-pose,x=-27.19;y=17.86;yaw=-1.54
503.983333349,[debug],turtlebot4,simulation,robot-pose,x=-28.73;y=17.89;yaw=-0.85
503.983333349,[debug],turtlebot4,simulation,robot-pose,x=-28.73;y=17.89;yaw=-0.85
504.25,[debug],turtlebot5,simulation,robot-pose,x=-37.12;y=22.97;yaw=-1.54
504.25,[debug],turtlebot5,simulation,robot-pose,x=-37.12;y=22.97;yaw=-1.54
510.416666746,[warn],turtlebot5,simulation,LOW BATTERY,0.04999999999999705
510.416666746,ENDLOWBATT
510.549999952,[warn],turtlebot5,simulation,LOW BATTERY,0.04999999999999705
510.549999952,ENDLOWBATT
516.166666746,[debug],turtlebot1,simulation,robot-pose,x=-39.50;y=33.84;yaw=0.46
516.166666746,[debug],turtlebot1,simulation,robot-pose,x=-39.50;y=33.84;yaw=0.46
518.433333397,[debug],turtlebot2,simulation,robot-pose,x=-21.03;y=18.00;yaw=-1.54
518.533333302,[debug],turtlebot2,simulation,robot-pose,x=-21.03;y=18.00;yaw=-1.54
518.666666746,[debug],turtlebot3,simulation,robot-pose,x=-27.19;y=17.85;yaw=-1.54
518.666666746,[debug],turtlebot3,simulation,robot-pose,x=-27.19;y=17.85;yaw=-1.54
518.983333349,[debug],turtlebot4,simulation,robot-pose,x=-28.73;y=17.89;yaw=-0.86
518.983333349,[debug],turtlebot4,simulation,robot-pose,x=-28.73;y=17.89;yaw=-0.86
519.25,[debug],turtlebot5,simulation,robot-pose,x=-37.12;y=22.97;yaw=-1.54
519.25,[debug],turtlebot5,simulation,robot-pose,x=-37.12;y=22.97;yaw=-1.54
0.0,[debug],simulation closed,low-battery,execution-wall-clock=628.88707280159
