0.0,0.0,[debug],logger,init,time
ROBOTS_CONFIG=[{"avg_speed": 0.15, "battery_charge": 0.22, "battery_discharge_rate": 0.00011, "id": 0, "local_plan": [["navigation", ["PC Room 3", [[-21.0, 18.0, -1.57], [-21.0, 16.0], [-28.5, 16.0], [-28.5, 18.0, -1.57]]]], ["approach_person", ["nurse"]], ["authenticate_person", ["nurse"]], ["operate_drawer", ["open"]], ["send_message", ["nurse"]], ["wait_message", ["r1"]], ["operate_drawer", ["close"]], ["navigation", ["Laboratory", [[-28.5, 18.0, -1.57], [-28.5, 16.0], [-26.0, 16.0], [-26.0, 13.0, 1.57]]]], ["approach_robot", ["lab_arm"]], ["operate_drawer", ["open"]], ["send_message", ["lab_arm"]], ["wait_message", ["r1"]], ["operate_drawer", ["close"]]], "location": "PC Room 5", "position": [-21.0, 18.0, -1.57], "skills": ["approach_person", "approach_robot", "authenticate_person", "deposit", "navigation", "operate_drawer", "pick_up"]}, {"avg_speed": 0.15, "battery_charge": 0.56, "battery_discharge_rate": 0.00014000000000000001, "id": 1, "local_plan": null, "location": "PC Room 8", "position": [-11.5, 18.0, -1.57], "skills": ["approach_person", "approach_robot", "authenticate_person", "deposit", "navigation", "operate_drawer", "pick_up"]}, {"avg_speed": 0.15, "battery_charge": 0.55, "battery_discharge_rate": 0.00012000000000000002, "id": 2, "local_plan": null, "location": "IC Room 6", "position": [-33.9, 18.93, 3.14], "skills": ["approach_person", "approach_robot", "authenticate_person", "deposit", "navigation", "operate_drawer", "pick_up"]}, {"avg_speed": 0.15, "battery_charge": 0.44, "battery_discharge_rate": 0.00016, "id": 3, "local_plan": null, "location": "IC Room 2", "position": [-38.0, 21.5, 0.0], "skills": ["approach_person", "approach_robot", "authenticate_person", "deposit", "navigation", "operate_drawer", "pick_up"]}, {"avg_speed": 0.15, "battery_charge": 0.15, "battery_discharge_rate": 0.00015000000000000001, "id": 4, "local_plan": null, "location": "PC Room 7", "position": [-13.5, 18.0, -1.57], "skills": ["approach_person", "approach_robot", "authenticate_person", "deposit", "navigation", "operate_drawer", "pick_up"]}]
NURSES_CONFIG=[{"location": "PC Room 3", "position": [-30.5, 20.0, -1.57]}]
logger,1623362692282335996,Simulation open
0.0,[debug],logger,init,subcribing to in the topic /log
1.3833334446,[debug],turtlebot2,move-base-info,Move_base is up and ok....,
1.56666660309,[debug],turtlebot4,move-base-info,Move_base is up and ok....,
1.58333325386,[debug],turtlebot5,move-base-info,Move_base is up and ok....,
1.66666674614,[debug],turtlebot3,move-base-info,Move_base is up and ok....,
1.75,[debug],turtlebot1,move-base-info,Move_base is up and ok....,
2.98333334923,[info],turtlebot2,skill-life-cycle,init_robobt,(status=RUNNING, parameters=[])
3.08333325386,[info],turtlebot5,skill-life-cycle,init_robobt,(status=RUNNING, parameters=[])
8.09999990463,[debug],turtlebot1,available-skills,['send_message', 'wait_message', 'approach_person', 'approach_robot', 'authenticate_person', 'deposit', 'navigation', 'operate_drawer', 'pick_up'],
8.09999990463,[info],turtlebot1,skill-life-cycle,navigation,(status=STARTED, parameters=[[-21.0, 16.0, 3.141592653589793, True], [-28.5, 16.0, 1.5707963267948966, True], [-28.5, 18.0, -1.57, False]])
21.7166666985,[debug],turtlebot1,simulation,robot-pose,x=-20.97;y=17.26;yaw=-1.57
21.7166666985,[debug],turtlebot1,simulation,robot-pose,x=-20.97;y=17.26;yaw=-1.57
24.0833332539,[debug],turtlebot2,simulation,robot-pose,x=-11.46;y=17.82;yaw=-1.25
24.0833332539,[debug],turtlebot2,simulation,robot-pose,x=-11.46;y=17.82;yaw=-1.25
24.3666665554,[debug],turtlebot3,simulation,robot-pose,x=-33.83;y=18.78;yaw=2.80
24.4500000477,[debug],turtlebot3,simulation,robot-pose,x=-33.83;y=18.78;yaw=2.80
24.6666667461,[debug],turtlebot4,simulation,robot-pose,x=-38.00;y=21.48;yaw=0.01
24.6666667461,[debug],turtlebot4,simulation,robot-pose,x=-38.00;y=21.48;yaw=0.01
24.9666666985,[debug],turtlebot5,simulation,robot-pose,x=-13.50;y=18.00;yaw=-1.50
24.9666666985,[debug],turtlebot5,simulation,robot-pose,x=-13.50;y=18.00;yaw=-1.50
35.2999999523,[debug],turtlebot1,move-base-info,Hooray, the base moved arrived,(x=-21;y=16)
35.4333333969,[debug],turtlebot1,move-base-info,Hooray, the base moved arrived,(x=-21;y=16)
35.4833333492,[debug],turtlebot1,task-update,navigation,way-point-reached,33.33333333333333%
36.7166666985,[debug],turtlebot1,simulation,robot-pose,x=-20.91;y=16.45;yaw=-3.09
36.7166666985,[debug],turtlebot1,simulation,robot-pose,x=-20.91;y=16.45;yaw=-3.09
39.0833332539,[debug],turtlebot2,simulation,robot-pose,x=-11.46;y=17.82;yaw=-1.25
39.0833332539,[debug],turtlebot2,simulation,robot-pose,x=-11.46;y=17.82;yaw=-1.25
39.3666665554,[debug],turtlebot3,simulation,robot-pose,x=-33.84;y=18.78;yaw=2.83
39.4500000477,[debug],turtlebot3,simulation,robot-pose,x=-33.84;y=18.78;yaw=2.83
39.6666667461,[debug],turtlebot4,simulation,robot-pose,x=-38.00;y=21.48;yaw=0.01
39.6666667461,[debug],turtlebot4,simulation,robot-pose,x=-38.00;y=21.48;yaw=0.01
39.9666666985,[debug],turtlebot5,simulation,robot-pose,x=-13.49;y=18.00;yaw=-1.49
39.9666666985,[debug],turtlebot5,simulation,robot-pose,x=-13.49;y=18.00;yaw=-1.49
51.7166666985,[debug],turtlebot1,simulation,robot-pose,x=-22.17;y=15.98;yaw=3.13
51.7166666985,[debug],turtlebot1,simulation,robot-pose,x=-22.17;y=15.98;yaw=3.13
54.0833332539,[debug],turtlebot2,simulation,robot-pose,x=-11.46;y=17.82;yaw=-1.25
54.0833332539,[debug],turtlebot2,simulation,robot-pose,x=-11.46;y=17.82;yaw=-1.25
54.3666665554,[debug],turtlebot3,simulation,robot-pose,x=-33.85;y=18.78;yaw=2.84
54.4500000477,[debug],turtlebot3,simulation,robot-pose,x=-33.85;y=18.78;yaw=2.84
54.6666667461,[debug],turtlebot4,simulation,robot-pose,x=-38.00;y=21.48;yaw=0.01
54.6666667461,[debug],turtlebot4,simulation,robot-pose,x=-38.00;y=21.48;yaw=0.01
54.9666666985,[debug],turtlebot5,simulation,robot-pose,x=-13.49;y=18.00;yaw=-1.48
54.9666666985,[debug],turtlebot5,simulation,robot-pose,x=-13.49;y=18.00;yaw=-1.48
55.0666666031,[info],turtlebot1,skill-life-cycle,navigation,(status=RUNNING, parameters=[[-21.0, 16.0, 3.141592653589793, True], [-28.5, 16.0, 1.5707963267948966, True], [-28.5, 18.0, -1.57, False]])
66.7166666985,[debug],turtlebot1,simulation,robot-pose,x=-24.66;y=15.97;yaw=3.09
66.7166666985,[debug],turtlebot1,simulation,robot-pose,x=-24.66;y=15.97;yaw=3.09
69.0833332539,[debug],turtlebot2,simulation,robot-pose,x=-11.46;y=17.82;yaw=-1.25
69.0833332539,[debug],turtlebot2,simulation,robot-pose,x=-11.46;y=17.82;yaw=-1.25
69.3666665554,[debug],turtlebot3,simulation,robot-pose,x=-33.85;y=18.78;yaw=2.85
69.4333333969,[debug],turtlebot3,simulation,robot-pose,x=-33.85;y=18.78;yaw=2.85
69.6666667461,[debug],turtlebot4,simulation,robot-pose,x=-38.00;y=21.48;yaw=0.01
69.6666667461,[debug],turtlebot4,simulation,robot-pose,x=-38.00;y=21.48;yaw=0.01
69.9666666985,[debug],turtlebot5,simulation,robot-pose,x=-13.49;y=18.00;yaw=-1.46
69.9666666985,[debug],turtlebot5,simulation,robot-pose,x=-13.49;y=18.00;yaw=-1.46
81.7166666985,[debug],turtlebot1,simulation,robot-pose,x=-27.53;y=16.42;yaw=-3.08
81.7333333492,[debug],turtlebot1,simulation,robot-pose,x=-27.53;y=16.42;yaw=-3.08
84.0833332539,[debug],turtlebot2,simulation,robot-pose,x=-11.46;y=17.82;yaw=-1.25
84.0833332539,[debug],turtlebot2,simulation,robot-pose,x=-11.46;y=17.82;yaw=-1.25
84.3666665554,[debug],turtlebot3,simulation,robot-pose,x=-33.85;y=18.78;yaw=2.87
84.4166667461,[debug],turtlebot3,simulation,robot-pose,x=-33.85;y=18.78;yaw=2.87
84.6666667461,[debug],turtlebot4,simulation,robot-pose,x=-38.00;y=21.48;yaw=0.01
84.6666667461,[debug],turtlebot4,simulation,robot-pose,x=-38.00;y=21.48;yaw=0.01
84.9666666985,[debug],turtlebot5,simulation,robot-pose,x=-13.49;y=17.99;yaw=-1.45
84.9666666985,[debug],turtlebot5,simulation,robot-pose,x=-13.49;y=17.99;yaw=-1.45
90.6333334446,[debug],turtlebot1,move-base-info,Hooray, the base moved arrived,(x=-28.5;y=16)
90.6333334446,[debug],turtlebot1,move-base-info,Hooray, the base moved arrived,(x=-28.5;y=16)
90.7666666508,[debug],turtlebot1,task-update,navigation,way-point-reached,66.66666666666666%
96.7166666985,[debug],turtlebot1,simulation,robot-pose,x=-28.22;y=16.73;yaw=1.71
96.7166666985,[debug],turtlebot1,simulation,robot-pose,x=-28.22;y=16.73;yaw=1.71
99.0833332539,[debug],turtlebot2,simulation,robot-pose,x=-11.46;y=17.82;yaw=-1.25
99.0833332539,[debug],turtlebot2,simulation,robot-pose,x=-11.46;y=17.82;yaw=-1.25
99.3666665554,[debug],turtlebot3,simulation,robot-pose,x=-33.85;y=18.78;yaw=2.89
99.4333333969,[debug],turtlebot3,simulation,robot-pose,x=-33.85;y=18.78;yaw=2.89
99.6666667461,[debug],turtlebot4,simulation,robot-pose,x=-38.00;y=21.48;yaw=0.01
99.6666667461,[debug],turtlebot4,simulation,robot-pose,x=-38.00;y=21.48;yaw=0.01
99.9666666985,[debug],turtlebot5,simulation,robot-pose,x=-13.49;y=17.99;yaw=-1.43
99.9666666985,[debug],turtlebot5,simulation,robot-pose,x=-13.49;y=17.99;yaw=-1.43
107.166666746,[info],turtlebot1,skill-life-cycle,navigation,(status=RUNNING, parameters=[[-21.0, 16.0, 3.141592653589793, True], [-28.5, 16.0, 1.5707963267948966, True], [-28.5, 18.0, -1.57, False]])
110.133333445,[debug],turtlebot1,move-base-info,Hooray, the base moved arrived,(x=-28.5;y=18)
110.133333445,[debug],turtlebot1,move-base-info,Hooray, the base moved arrived,(x=-28.5;y=18)
110.233333349,[debug],turtlebot1,task-update,navigation,way-point-reached,100.0%
110.316666603,[debug],turtlebot1,available-skills,['send_message', 'wait_message', 'approach_person', 'approach_robot', 'authenticate_person', 'deposit', 'navigation', 'operate_drawer', 'pick_up'],
110.316666603,[info],turtlebot1,skill-life-cycle,approach_person,(status=STARTED, parameters=['nurse'])
110.366666555,[debug],turtlebot1,task-update,approach_person,localize-person,(who=nurse)
110.633333445,[debug],turtlebot1,task-update,approach_person,goto-person,(who=nurse)
110.733333349,[debug],turtlebot1,available-skills,['send_message', 'wait_message', 'approach_person', 'approach_robot', 'authenticate_person', 'deposit', 'navigation', 'operate_drawer', 'pick_up'],
110.733333349,[info],turtlebot1,skill-life-cycle,authenticate_person,(status=STARTED, parameters=['nurse'])
110.783333302,[debug],turtlebot1,task-update,authenticate_person,request-authentication,(to=nurse)
110.783333302,[info],nurse,sync,received-request,(status=sending-request)
110.783333302,[info],nurse,sync,received-request,(status=sending-request)
111.266666651,[debug],turtlebot1,task-update,authenticate_person,received-authentication,(from=nurse)
111.333333254,[debug],turtlebot1,available-skills,['send_message', 'wait_message', 'approach_person', 'approach_robot', 'authenticate_person', 'deposit', 'navigation', 'operate_drawer', 'pick_up'],
111.333333254,[info],turtlebot1,skill-life-cycle,operate_drawer,(status=STARTED, parameters=['open'])
111.566666603,[debug],turtlebot1,task-update,operate_drawer,open
111.716666698,[debug],turtlebot1,simulation,robot-pose,x=-28.40;y=17.61;yaw=-1.61
111.716666698,[debug],turtlebot1,simulation,robot-pose,x=-28.40;y=17.61;yaw=-1.61
112.583333254,[debug],turtlebot1,available-skills,['send_message', 'wait_message', 'approach_person', 'approach_robot', 'authenticate_person', 'deposit', 'navigation', 'operate_drawer', 'pick_up'],
112.583333254,[info],turtlebot1,skill-life-cycle,send_message,(status=STARTED, parameters=['nurse'])
112.633333445,[info],turtlebot1,sync,send-message,(to=nurse)
113.516666651,[info],nurse,sync,wait-message,(status=message-received)
113.516666651,[info],nurse,sync,wait-message,(status=message-received)
114.083333254,[debug],turtlebot2,simulation,robot-pose,x=-11.46;y=17.82;yaw=-1.25
114.083333254,[debug],turtlebot2,simulation,robot-pose,x=-11.46;y=17.82;yaw=-1.25
114.366666555,[debug],turtlebot3,simulation,robot-pose,x=-33.86;y=18.79;yaw=2.91
114.450000048,[debug],turtlebot3,simulation,robot-pose,x=-33.86;y=18.79;yaw=2.91
114.666666746,[debug],turtlebot4,simulation,robot-pose,x=-38.00;y=21.48;yaw=0.01
114.666666746,[debug],turtlebot4,simulation,robot-pose,x=-38.00;y=21.48;yaw=0.01
114.966666698,[debug],turtlebot5,simulation,robot-pose,x=-13.49;y=17.99;yaw=-1.41
114.966666698,[debug],turtlebot5,simulation,robot-pose,x=-13.49;y=17.99;yaw=-1.41
116.299999952,[debug],turtlebot1,available-skills,['send_message', 'wait_message', 'approach_person', 'approach_robot', 'authenticate_person', 'deposit', 'navigation', 'operate_drawer', 'pick_up'],
116.299999952,[info],turtlebot1,skill-life-cycle,wait_message,(status=STARTED, parameters=['r1'])
117.599999905,[info],turtlebot1,sync,wait-message,(status=message-received)
117.700000048,[debug],turtlebot1,available-skills,['send_message', 'wait_message', 'approach_person', 'approach_robot', 'authenticate_person', 'deposit', 'navigation', 'operate_drawer', 'pick_up'],
117.700000048,[info],turtlebot1,skill-life-cycle,operate_drawer,(status=STARTED, parameters=['close'])
117.766666651,[debug],turtlebot1,task-update,operate_drawer,close
118.75,[debug],turtlebot1,available-skills,['send_message', 'wait_message', 'approach_person', 'approach_robot', 'authenticate_person', 'deposit', 'navigation', 'operate_drawer', 'pick_up'],
118.75,[info],turtlebot1,skill-life-cycle,navigation,(status=STARTED, parameters=[[-28.5, 16.0, 0.0, True], [-26.0, 16.0, -1.5707963267948966, True], [-26.0, 13.0, 1.57, False]])
123.533333302,[info],nurse,sync,wait-message,(status=message-received)
123.533333302,[info],nurse,sync,wait-message,(status=message-received)
126.716666698,[debug],turtlebot1,simulation,robot-pose,x=-28.46;y=17.35;yaw=-1.82
126.716666698,[debug],turtlebot1,simulation,robot-pose,x=-28.46;y=17.35;yaw=-1.82
129.083333254,[debug],turtlebot2,simulation,robot-pose,x=-11.46;y=17.82;yaw=-1.25
129.083333254,[debug],turtlebot2,simulation,robot-pose,x=-11.46;y=17.82;yaw=-1.25
129.366666555,[debug],turtlebot3,simulation,robot-pose,x=-33.86;y=18.79;yaw=2.93
129.400000095,[debug],turtlebot3,simulation,robot-pose,x=-33.86;y=18.79;yaw=2.93
129.666666746,[debug],turtlebot4,simulation,robot-pose,x=-38.00;y=21.48;yaw=0.01
129.666666746,[debug],turtlebot4,simulation,robot-pose,x=-38.00;y=21.48;yaw=0.01
129.966666698,[debug],turtlebot5,simulation,robot-pose,x=-13.49;y=17.98;yaw=-1.39
129.966666698,[debug],turtlebot5,simulation,robot-pose,x=-13.49;y=17.98;yaw=-1.39
130.783333302,[info],nurse,sync,request-sent,(status=waiting)
130.783333302,[info],nurse,sync,request-sent,(status=waiting)
133.533333302,[info],nurse,sync,wait-message,(status=message-received)
133.533333302,[info],nurse,sync,wait-message,(status=message-received)
141.133333445,[debug],turtlebot1,move-base-info,Hooray, the base moved arrived,(x=-28.5;y=16)
141.133333445,[debug],turtlebot1,move-base-info,Hooray, the base moved arrived,(x=-28.5;y=16)
141.133333445,[debug],turtlebot1,task-update,navigation,way-point-reached,33.33333333333333%
141.716666698,[debug],turtlebot1,simulation,robot-pose,x=-28.60;y=16.44;yaw=-0.04
141.716666698,[debug],turtlebot1,simulation,robot-pose,x=-28.60;y=16.44;yaw=-0.04
143.533333302,[info],nurse,sync,wait-message,(status=message-received)
143.533333302,[info],nurse,sync,wait-message,(status=message-received)
144.083333254,[debug],turtlebot2,simulation,robot-pose,x=-11.46;y=17.82;yaw=-1.25
144.083333254,[debug],turtlebot2,simulation,robot-pose,x=-11.46;y=17.82;yaw=-1.25
144.366666555,[debug],turtlebot3,simulation,robot-pose,x=-33.87;y=18.79;yaw=2.96
144.466666698,[debug],turtlebot3,simulation,robot-pose,x=-33.87;y=18.79;yaw=2.96
144.666666746,[debug],turtlebot4,simulation,robot-pose,x=-38.00;y=21.48;yaw=0.01
144.666666746,[debug],turtlebot4,simulation,robot-pose,x=-38.00;y=21.48;yaw=0.01
144.966666698,[debug],turtlebot5,simulation,robot-pose,x=-13.49;y=17.98;yaw=-1.37
144.966666698,[debug],turtlebot5,simulation,robot-pose,x=-13.49;y=17.98;yaw=-1.37
156.716666698,[debug],turtlebot1,simulation,robot-pose,x=-27.24;y=16.08;yaw=-0.06
156.716666698,[debug],turtlebot1,simulation,robot-pose,x=-27.24;y=16.08;yaw=-0.06
159.083333254,[debug],turtlebot2,simulation,robot-pose,x=-11.46;y=17.82;yaw=-1.25
159.083333254,[debug],turtlebot2,simulation,robot-pose,x=-11.46;y=17.82;yaw=-1.25
159.366666555,[debug],turtlebot3,simulation,robot-pose,x=-33.87;y=18.79;yaw=2.98
159.400000095,[debug],turtlebot3,simulation,robot-pose,x=-33.87;y=18.79;yaw=2.98
159.666666746,[debug],turtlebot4,simulation,robot-pose,x=-38.00;y=21.48;yaw=0.01
159.666666746,[debug],turtlebot4,simulation,robot-pose,x=-38.00;y=21.48;yaw=0.01
159.966666698,[debug],turtlebot5,simulation,robot-pose,x=-13.48;y=17.98;yaw=-1.35
159.966666698,[debug],turtlebot5,simulation,robot-pose,x=-13.48;y=17.98;yaw=-1.35
160.400000095,[info],turtlebot1,skill-life-cycle,navigation,(status=RUNNING, parameters=[[-28.5, 16.0, 0.0, True], [-26.0, 16.0, -1.5707963267948966, True], [-26.0, 13.0, 1.57, False]])
167.833333254,[debug],turtlebot1,move-base-info,Hooray, the base moved arrived,(x=-26;y=16)
167.833333254,[debug],turtlebot1,move-base-info,Hooray, the base moved arrived,(x=-26;y=16)
167.916666746,[debug],turtlebot1,task-update,navigation,way-point-reached,66.66666666666666%
171.716666698,[debug],turtlebot1,simulation,robot-pose,x=-26.37;y=16.31;yaw=-1.53
171.716666698,[debug],turtlebot1,simulation,robot-pose,x=-26.37;y=16.31;yaw=-1.53
174.083333254,[debug],turtlebot2,simulation,robot-pose,x=-11.46;y=17.82;yaw=-1.25
174.083333254,[debug],turtlebot2,simulation,robot-pose,x=-11.46;y=17.82;yaw=-1.25
174.366666555,[debug],turtlebot3,simulation,robot-pose,x=-33.88;y=18.79;yaw=3.00
174.416666746,[debug],turtlebot3,simulation,robot-pose,x=-33.88;y=18.79;yaw=3.00
174.666666746,[debug],turtlebot4,simulation,robot-pose,x=-38.00;y=21.48;yaw=0.01
174.666666746,[debug],turtlebot4,simulation,robot-pose,x=-38.00;y=21.48;yaw=0.01
174.966666698,[debug],turtlebot5,simulation,robot-pose,x=-13.48;y=17.97;yaw=-1.33
174.966666698,[debug],turtlebot5,simulation,robot-pose,x=-13.48;y=17.97;yaw=-1.33
186.716666698,[debug],turtlebot1,simulation,robot-pose,x=-25.93;y=15.18;yaw=-1.28
186.716666698,[debug],turtlebot1,simulation,robot-pose,x=-25.93;y=15.18;yaw=-1.28
189.083333254,[debug],turtlebot2,simulation,robot-pose,x=-11.46;y=17.82;yaw=-1.25
189.083333254,[debug],turtlebot2,simulation,robot-pose,x=-11.46;y=17.82;yaw=-1.25
189.366666555,[debug],turtlebot3,simulation,robot-pose,x=-33.88;y=18.79;yaw=3.00
189.416666746,[debug],turtlebot3,simulation,robot-pose,x=-33.88;y=18.79;yaw=3.00
189.666666746,[debug],turtlebot4,simulation,robot-pose,x=-38.00;y=21.48;yaw=0.01
189.666666746,[debug],turtlebot4,simulation,robot-pose,x=-38.00;y=21.48;yaw=0.01
189.966666698,[debug],turtlebot5,simulation,robot-pose,x=-13.48;y=17.97;yaw=-1.31
189.966666698,[debug],turtlebot5,simulation,robot-pose,x=-13.48;y=17.97;yaw=-1.31
201.716666698,[debug],turtlebot1,simulation,robot-pose,x=-25.80;y=13.94;yaw=-1.54
201.733333349,[debug],turtlebot1,simulation,robot-pose,x=-25.80;y=13.94;yaw=-1.54
204.083333254,[debug],turtlebot2,simulation,robot-pose,x=-11.46;y=17.82;yaw=-1.25
204.083333254,[debug],turtlebot2,simulation,robot-pose,x=-11.46;y=17.82;yaw=-1.25
204.366666555,[debug],turtlebot3,simulation,robot-pose,x=-33.88;y=18.79;yaw=3.01
204.416666746,[debug],turtlebot3,simulation,robot-pose,x=-33.88;y=18.79;yaw=3.01
204.666666746,[debug],turtlebot4,simulation,robot-pose,x=-38.02;y=21.48;yaw=0.03
204.666666746,[debug],turtlebot4,simulation,robot-pose,x=-38.02;y=21.48;yaw=0.03
204.966666698,[debug],turtlebot5,simulation,robot-pose,x=-13.47;y=17.97;yaw=-1.29
204.966666698,[debug],turtlebot5,simulation,robot-pose,x=-13.47;y=17.97;yaw=-1.29
211.383333445,[info],turtlebot1,skill-life-cycle,navigation,(status=RUNNING, parameters=[[-28.5, 16.0, 0.0, True], [-26.0, 16.0, -1.5707963267948966, True], [-26.0, 13.0, 1.57, False]])
214.950000048,[debug],turtlebot1,move-base-info,Hooray, the base moved arrived,(x=-26;y=13)
214.950000048,[debug],turtlebot1,move-base-info,Hooray, the base moved arrived,(x=-26;y=13)
215.066666603,[debug],turtlebot1,task-update,navigation,way-point-reached,100.0%
215.150000095,[debug],turtlebot1,available-skills,['send_message', 'wait_message', 'approach_person', 'approach_robot', 'authenticate_person', 'deposit', 'navigation', 'operate_drawer', 'pick_up'],
215.150000095,[info],turtlebot1,skill-life-cycle,approach_robot,(status=STARTED, parameters=['lab_arm'])
215.200000048,[debug],turtlebot1,task-update,approach_robot,localize-robot,(who=lab_arm)
216.283333302,[debug],turtlebot1,task-update,approach_robot,goto-robot,(who=lab_arm)
216.366666555,[debug],turtlebot1,available-skills,['send_message', 'wait_message', 'approach_person', 'approach_robot', 'authenticate_person', 'deposit', 'navigation', 'operate_drawer', 'pick_up'],
216.366666555,[info],turtlebot1,skill-life-cycle,operate_drawer,(status=STARTED, parameters=['open'])
216.400000095,[debug],turtlebot1,task-update,operate_drawer,open
216.716666698,[debug],turtlebot1,simulation,robot-pose,x=-25.85;y=13.39;yaw=1.62
216.716666698,[debug],turtlebot1,simulation,robot-pose,x=-25.85;y=13.39;yaw=1.62
217.383333445,[debug],turtlebot1,available-skills,['send_message', 'wait_message', 'approach_person', 'approach_robot', 'authenticate_person', 'deposit', 'navigation', 'operate_drawer', 'pick_up'],
217.383333445,[info],turtlebot1,skill-life-cycle,send_message,(status=STARTED, parameters=['lab_arm'])
217.466666698,[info],turtlebot1,sync,send-message,(to=lab_arm)
218.383333445,[info],lab_arm,sync,wait-message,(status=message-received)
218.383333445,[info],Inventory,sync,wait-sample,(status=sample-received)
218.383333445,ENDSIM
218.450000048,[info],lab_arm,sync,wait-message,(status=message-received)
218.450000048,[info],Inventory,sync,wait-sample,(status=sample-received)
218.450000048,ENDSIM
219.083333254,[debug],turtlebot2,simulation,robot-pose,x=-11.46;y=17.82;yaw=-1.25
219.083333254,[debug],turtlebot2,simulation,robot-pose,x=-11.46;y=17.82;yaw=-1.25
219.366666555,[debug],turtlebot3,simulation,robot-pose,x=-33.88;y=18.79;yaw=3.01
219.450000048,[debug],turtlebot3,simulation,robot-pose,x=-33.88;y=18.79;yaw=3.01
219.666666746,[debug],turtlebot4,simulation,robot-pose,x=-38.02;y=21.49;yaw=0.03
219.666666746,[debug],turtlebot4,simulation,robot-pose,x=-38.02;y=21.49;yaw=0.03
219.966666698,[debug],turtlebot5,simulation,robot-pose,x=-13.47;y=17.96;yaw=-1.27
219.966666698,[debug],turtlebot5,simulation,robot-pose,x=-13.47;y=17.96;yaw=-1.27
228.383333445,[info],lab_arm,sync,wait-message,(status=message-received)
228.383333445,[info],Inventory,sync,wait-sample,(status=sample-received)
228.383333445,ENDSIM
228.383333445,[info],Inventory,sync,wait-sample,(status=sample-received)
228.383333445,ENDSIM
228.400000095,[info],lab_arm,sync,wait-message,(status=message-received)
228.400000095,[info],Inventory,sync,wait-sample,(status=sample-received)
228.400000095,ENDSIM
228.400000095,[info],Inventory,sync,wait-sample,(status=sample-received)
228.400000095,ENDSIM
0.0,[debug],simulation closed,reach-target,execution-wall-clock=289.3255867958069
