0.0,0.0,[debug],logger,init,time
ROBOTS_CONFIG=[{"avg_speed": 0.15, "battery_charge": 0.37, "battery_discharge_rate": 0.00011, "id": 0, "local_plan": [["navigation", ["PC Room 6", [[-21.0, 18.0, -1.57], [-21.0, 16.0], [-19.0, 16.0], [-19.0, 18.0, -1.57]]]], ["approach_person", ["nurse"]], ["authenticate_person", ["nurse"]], ["operate_drawer", ["open"]], ["send_message", ["nurse"]], ["wait_message", ["r1"]], ["operate_drawer", ["close"]], ["navigation", ["Laboratory", [[-19.0, 18.0, -1.57], [-19.0, 16.0], [-26.0, 16.0], [-26.0, 13.0, 1.57]]]], ["approach_robot", ["lab_arm"]], ["operate_drawer", ["open"]], ["send_message", ["lab_arm"]], ["wait_message", ["r1"]], ["operate_drawer", ["close"]]], "location": "PC Room 5", "position": [-21.0, 18.0, -1.57], "skills": ["approach_person", "approach_robot", "authenticate_person", "deposit", "navigation", "operate_drawer", "pick_up"]}, {"avg_speed": 0.15, "battery_charge": 0.54, "battery_discharge_rate": 0.0001, "id": 1, "local_plan": null, "location": "PC Room 8", "position": [-11.5, 18.0, -1.57], "skills": ["approach_person", "approach_robot", "authenticate_person", "deposit", "navigation", "operate_drawer", "pick_up"]}, {"avg_speed": 0.15, "battery_charge": 0.23, "battery_discharge_rate": 0.00015000000000000001, "id": 2, "local_plan": null, "location": "IC Room 6", "position": [-33.9, 18.93, 3.14], "skills": ["approach_person", "approach_robot", "authenticate_person", "deposit", "navigation", "pick_up"]}, {"avg_speed": 0.15, "battery_charge": 0.21, "battery_discharge_rate": 0.00019, "id": 3, "local_plan": null, "location": "IC Room 2", "position": [-38.0, 21.5, 0.0], "skills": ["approach_person", "approach_robot", "authenticate_person", "deposit", "navigation", "operate_drawer", "pick_up"]}, {"avg_speed": 0.15, "battery_charge": 0.62, "battery_discharge_rate": 0.00014000000000000001, "id": 4, "local_plan": null, "location": "PC Room 7", "position": [-13.5, 18.0, -1.57], "skills": ["approach_person", "approach_robot", "authenticate_person", "deposit", "navigation", "operate_drawer", "pick_up"]}]
NURSES_CONFIG=[{"location": "PC Room 6", "position": [-17.0, 20.0, -1.57]}]
logger,1623335105852210521,Simulation open
0.0,[debug],logger,init,subcribing to in the topic /log
2.08333325386,[debug],turtlebot4,move-base-info,Move_base is up and ok....,
2.28333330154,[debug],turtlebot1,move-base-info,Move_base is up and ok....,
2.3833334446,[debug],turtlebot2,move-base-info,Move_base is up and ok....,
2.76666665077,[debug],turtlebot5,move-base-info,Move_base is up and ok....,
2.8833334446,[info],turtlebot5,skill-life-cycle,init_robobt,(status=RUNNING, parameters=[])
2.91666674614,[info],turtlebot4,skill-life-cycle,init_robobt,(status=RUNNING, parameters=[])
2.93333339691,[debug],turtlebot3,move-base-info,Move_base is up and ok....,
2.96666669846,[info],turtlebot3,skill-life-cycle,init_robobt,(status=RUNNING, parameters=[])
3.51666665077,[debug],turtlebot1,available-skills,['send_message', 'wait_message', 'approach_person', 'approach_robot', 'authenticate_person', 'deposit', 'navigation', 'operate_drawer', 'pick_up'],
3.51666665077,[info],turtlebot1,skill-life-cycle,navigation,(status=STARTED, parameters=[[-21.0, 16.0, 0.0, True], [-19.0, 16.0, 1.5707963267948966, True], [-19.0, 18.0, -1.57, False]])
3.51666665077,[debug],turtlebot1,move-base-info,Move_base is up and ok....,
3.51666665077,[debug],turtlebot2,move-base-info,Move_base is up and ok....,
3.66666674614,[debug],turtlebot5,move-base-info,Move_base is up and ok....,
3.70000004768,[debug],turtlebot3,move-base-info,Move_base is up and ok....,
19.5333333015,[debug],turtlebot1,simulation,robot-pose,x=-20.94;y=16.99;yaw=-1.56
19.5333333015,[debug],turtlebot1,simulation,robot-pose,x=-20.94;y=16.99;yaw=-1.56
21.9166667461,[debug],turtlebot2,simulation,robot-pose,x=-11.46;y=17.82;yaw=-1.25
21.9166667461,[debug],turtlebot2,simulation,robot-pose,x=-11.46;y=17.82;yaw=-1.25
22.1833333969,[debug],turtlebot3,simulation,robot-pose,x=-33.83;y=18.78;yaw=2.80
22.25,[debug],turtlebot3,simulation,robot-pose,x=-33.83;y=18.78;yaw=2.80
22.3333332539,[debug],turtlebot4,simulation,robot-pose,x=-38.00;y=21.48;yaw=0.01
22.3333332539,[debug],turtlebot4,simulation,robot-pose,x=-38.00;y=21.48;yaw=0.01
22.4833333492,[debug],turtlebot5,simulation,robot-pose,x=-13.50;y=18.00;yaw=-1.50
22.4833333492,[debug],turtlebot5,simulation,robot-pose,x=-13.50;y=18.00;yaw=-1.50
30.0333333015,[debug],turtlebot1,move-base-info,Hooray, the base moved arrived,(x=-21;y=16)
30.0333333015,[debug],turtlebot1,move-base-info,Hooray, the base moved arrived,(x=-21;y=16)
30.0333333015,[debug],turtlebot1,task-update,navigation,way-point-reached,33.33333333333333%
34.5333333015,[debug],turtlebot1,simulation,robot-pose,x=-20.97;y=16.45;yaw=-0.05
34.5333333015,[debug],turtlebot1,simulation,robot-pose,x=-20.97;y=16.45;yaw=-0.05
36.9166667461,[debug],turtlebot2,simulation,robot-pose,x=-11.46;y=17.82;yaw=-1.25
36.9166667461,[debug],turtlebot2,simulation,robot-pose,x=-11.46;y=17.82;yaw=-1.25
37.1833333969,[debug],turtlebot3,simulation,robot-pose,x=-33.84;y=18.78;yaw=2.82
37.2833333015,[debug],turtlebot3,simulation,robot-pose,x=-33.84;y=18.78;yaw=2.82
37.3333332539,[debug],turtlebot4,simulation,robot-pose,x=-38.00;y=21.48;yaw=0.01
37.3333332539,[debug],turtlebot4,simulation,robot-pose,x=-38.00;y=21.48;yaw=0.01
37.4833333492,[debug],turtlebot5,simulation,robot-pose,x=-13.49;y=18.00;yaw=-1.49
37.4833333492,[debug],turtlebot5,simulation,robot-pose,x=-13.49;y=18.00;yaw=-1.49
48.0666666031,[info],turtlebot1,skill-life-cycle,navigation,(status=RUNNING, parameters=[[-21.0, 16.0, 0.0, True], [-19.0, 16.0, 1.5707963267948966, True], [-19.0, 18.0, -1.57, False]])
49.5333333015,[debug],turtlebot1,simulation,robot-pose,x=-19.37;y=16.24;yaw=1.47
49.5333333015,[debug],turtlebot1,simulation,robot-pose,x=-19.37;y=16.24;yaw=1.47
50.0499999523,[debug],turtlebot1,move-base-info,Hooray, the base moved arrived,(x=-19;y=16)
50.0499999523,[debug],turtlebot1,move-base-info,Hooray, the base moved arrived,(x=-19;y=16)
50.1666667461,[debug],turtlebot1,task-update,navigation,way-point-reached,66.66666666666666%
51.9166667461,[debug],turtlebot2,simulation,robot-pose,x=-11.46;y=17.82;yaw=-1.25
51.9166667461,[debug],turtlebot2,simulation,robot-pose,x=-11.46;y=17.82;yaw=-1.25
52.1833333969,[debug],turtlebot3,simulation,robot-pose,x=-33.85;y=18.78;yaw=2.84
52.2666666508,[debug],turtlebot3,simulation,robot-pose,x=-33.85;y=18.78;yaw=2.84
52.3333332539,[debug],turtlebot4,simulation,robot-pose,x=-38.00;y=21.48;yaw=0.01
52.3333332539,[debug],turtlebot4,simulation,robot-pose,x=-38.00;y=21.48;yaw=0.01
52.4833333492,[debug],turtlebot5,simulation,robot-pose,x=-13.49;y=18.00;yaw=-1.48
52.4833333492,[debug],turtlebot5,simulation,robot-pose,x=-13.49;y=18.00;yaw=-1.48
64.5333333015,[debug],turtlebot1,simulation,robot-pose,x=-19.21;y=17.64;yaw=-1.18
64.5333333015,[debug],turtlebot1,simulation,robot-pose,x=-19.21;y=17.64;yaw=-1.18
65.9333333969,[debug],turtlebot1,move-base-info,Hooray, the base moved arrived,(x=-19;y=18)
65.9333333969,[debug],turtlebot1,move-base-info,Hooray, the base moved arrived,(x=-19;y=18)
66.0,[debug],turtlebot1,task-update,navigation,way-point-reached,100.0%
66.0833332539,[debug],turtlebot1,available-skills,['send_message', 'wait_message', 'approach_person', 'approach_robot', 'authenticate_person', 'deposit', 'navigation', 'operate_drawer', 'pick_up'],
66.0833332539,[info],turtlebot1,skill-life-cycle,approach_person,(status=STARTED, parameters=['nurse'])
66.1833333969,[debug],turtlebot1,task-update,approach_person,localize-person,(who=nurse)
66.3833334446,[debug],turtlebot1,task-update,approach_person,goto-person,(who=nurse)
66.4666666985,[debug],turtlebot1,available-skills,['send_message', 'wait_message', 'approach_person', 'approach_robot', 'authenticate_person', 'deposit', 'navigation', 'operate_drawer', 'pick_up'],
66.4666666985,[info],turtlebot1,skill-life-cycle,authenticate_person,(status=STARTED, parameters=['nurse'])
66.5499999523,[debug],turtlebot1,task-update,authenticate_person,request-authentication,(to=nurse)
66.5666666031,[info],nurse,sync,received-request,(status=sending-request)
66.5666666031,[info],nurse,sync,received-request,(status=sending-request)
66.9166667461,[debug],turtlebot2,simulation,robot-pose,x=-11.46;y=17.82;yaw=-1.25
66.9166667461,[debug],turtlebot2,simulation,robot-pose,x=-11.46;y=17.82;yaw=-1.25
67.0833332539,[debug],turtlebot1,task-update,authenticate_person,received-authentication,(from=nurse)
67.1500000954,[debug],turtlebot1,available-skills,['send_message', 'wait_message', 'approach_person', 'approach_robot', 'authenticate_person', 'deposit', 'navigation', 'operate_drawer', 'pick_up'],
67.1500000954,[info],turtlebot1,skill-life-cycle,operate_drawer,(status=STARTED, parameters=['open'])
67.1833333969,[debug],turtlebot3,simulation,robot-pose,x=-33.85;y=18.78;yaw=2.85
67.2000000477,[debug],turtlebot1,task-update,operate_drawer,open
67.25,[debug],turtlebot3,simulation,robot-pose,x=-33.85;y=18.78;yaw=2.85
67.3333332539,[debug],turtlebot4,simulation,robot-pose,x=-38.00;y=21.48;yaw=0.01
67.3333332539,[debug],turtlebot4,simulation,robot-pose,x=-38.00;y=21.48;yaw=0.01
67.4833333492,[debug],turtlebot5,simulation,robot-pose,x=-13.49;y=18.00;yaw=-1.47
67.4833333492,[debug],turtlebot5,simulation,robot-pose,x=-13.49;y=18.00;yaw=-1.47
68.1166665554,[debug],turtlebot1,available-skills,['send_message', 'wait_message', 'approach_person', 'approach_robot', 'authenticate_person', 'deposit', 'navigation', 'operate_drawer', 'pick_up'],
68.1166665554,[info],turtlebot1,skill-life-cycle,send_message,(status=STARTED, parameters=['nurse'])
68.1833333969,[info],turtlebot1,sync,send-message,(to=nurse)
69.0666666031,[info],nurse,sync,wait-message,(status=message-received)
69.0666666031,[info],nurse,sync,wait-message,(status=message-received)
71.5999999046,[debug],turtlebot1,available-skills,['send_message', 'wait_message', 'approach_person', 'approach_robot', 'authenticate_person', 'deposit', 'navigation', 'operate_drawer', 'pick_up'],
71.5999999046,[info],turtlebot1,skill-life-cycle,wait_message,(status=STARTED, parameters=['r1'])
73.0999999046,[info],turtlebot1,sync,wait-message,(status=message-received)
73.1833333969,[debug],turtlebot1,available-skills,['send_message', 'wait_message', 'approach_person', 'approach_robot', 'authenticate_person', 'deposit', 'navigation', 'operate_drawer', 'pick_up'],
73.1833333969,[info],turtlebot1,skill-life-cycle,operate_drawer,(status=STARTED, parameters=['close'])
73.2166666985,[debug],turtlebot1,task-update,operate_drawer,close
74.1500000954,[debug],turtlebot1,available-skills,['send_message', 'wait_message', 'approach_person', 'approach_robot', 'authenticate_person', 'deposit', 'navigation', 'operate_drawer', 'pick_up'],
74.1500000954,[info],turtlebot1,skill-life-cycle,navigation,(status=STARTED, parameters=[[-19.0, 16.0, 3.141592653589793, True], [-26.0, 16.0, -1.5707963267948966, True], [-26.0, 13.0, 1.57, False]])
79.0666666031,[info],nurse,sync,wait-message,(status=message-received)
79.0666666031,[info],nurse,sync,wait-message,(status=message-received)
79.5333333015,[debug],turtlebot1,simulation,robot-pose,x=-19.19;y=17.60;yaw=-1.72
79.5333333015,[debug],turtlebot1,simulation,robot-pose,x=-19.19;y=17.60;yaw=-1.72
81.9166667461,[debug],turtlebot2,simulation,robot-pose,x=-11.46;y=17.82;yaw=-1.25
81.9166667461,[debug],turtlebot2,simulation,robot-pose,x=-11.46;y=17.82;yaw=-1.25
82.1833333969,[debug],turtlebot3,simulation,robot-pose,x=-33.85;y=18.78;yaw=2.87
82.2666666508,[debug],turtlebot3,simulation,robot-pose,x=-33.85;y=18.78;yaw=2.87
82.3333332539,[debug],turtlebot4,simulation,robot-pose,x=-38.00;y=21.48;yaw=0.01
82.3333332539,[debug],turtlebot4,simulation,robot-pose,x=-38.00;y=21.48;yaw=0.01
82.4833333492,[debug],turtlebot5,simulation,robot-pose,x=-13.49;y=17.99;yaw=-1.45
82.4833333492,[debug],turtlebot5,simulation,robot-pose,x=-13.49;y=17.99;yaw=-1.45
86.5499999523,[info],nurse,sync,request-sent,(status=waiting)
86.5499999523,[info],nurse,sync,request-sent,(status=waiting)
89.0666666031,[info],nurse,sync,wait-message,(status=message-received)
89.0666666031,[info],nurse,sync,wait-message,(status=message-received)
94.5333333015,[debug],turtlebot1,simulation,robot-pose,x=-19.36;y=16.96;yaw=-1.83
94.5333333015,[debug],turtlebot1,simulation,robot-pose,x=-19.36;y=16.96;yaw=-1.83
96.9166667461,[debug],turtlebot2,simulation,robot-pose,x=-11.46;y=17.82;yaw=-1.25
96.9166667461,[debug],turtlebot2,simulation,robot-pose,x=-11.46;y=17.82;yaw=-1.25
97.1833333969,[debug],turtlebot3,simulation,robot-pose,x=-33.85;y=18.78;yaw=2.88
97.25,[info],turtlebot1,skill-life-cycle,navigation,(status=RUNNING, parameters=[[-19.0, 16.0, 3.141592653589793, True], [-26.0, 16.0, -1.5707963267948966, True], [-26.0, 13.0, 1.57, False]])
97.2999999523,[debug],turtlebot3,simulation,robot-pose,x=-33.85;y=18.78;yaw=2.88
97.3333332539,[debug],turtlebot4,simulation,robot-pose,x=-38.00;y=21.48;yaw=0.01
97.3333332539,[debug],turtlebot4,simulation,robot-pose,x=-38.00;y=21.48;yaw=0.01
97.4833333492,[debug],turtlebot5,simulation,robot-pose,x=-13.49;y=17.99;yaw=-1.44
97.4833333492,[debug],turtlebot5,simulation,robot-pose,x=-13.49;y=17.99;yaw=-1.44
99.0666666031,[info],nurse,sync,wait-message,(status=message-received)
99.0833332539,[info],nurse,sync,wait-message,(status=message-received)
109.533333302,[debug],turtlebot1,simulation,robot-pose,x=-19.17;y=16.40;yaw=-3.03
109.533333302,[debug],turtlebot1,simulation,robot-pose,x=-19.17;y=16.40;yaw=-3.03
110.133333445,[debug],turtlebot1,move-base-info,Hooray, the base moved arrived,(x=-19;y=16)
110.266666651,[debug],turtlebot1,move-base-info,Hooray, the base moved arrived,(x=-19;y=16)
110.333333254,[debug],turtlebot1,task-update,navigation,way-point-reached,33.33333333333333%
111.916666746,[debug],turtlebot2,simulation,robot-pose,x=-11.46;y=17.82;yaw=-1.25
111.916666746,[debug],turtlebot2,simulation,robot-pose,x=-11.46;y=17.82;yaw=-1.25
112.183333397,[debug],turtlebot3,simulation,robot-pose,x=-33.85;y=18.79;yaw=2.90
112.266666651,[debug],turtlebot3,simulation,robot-pose,x=-33.85;y=18.79;yaw=2.90
112.333333254,[debug],turtlebot4,simulation,robot-pose,x=-38.00;y=21.48;yaw=0.01
112.333333254,[debug],turtlebot4,simulation,robot-pose,x=-38.00;y=21.48;yaw=0.01
112.483333349,[debug],turtlebot5,simulation,robot-pose,x=-13.49;y=17.99;yaw=-1.42
112.483333349,[debug],turtlebot5,simulation,robot-pose,x=-13.49;y=17.99;yaw=-1.42
124.533333302,[debug],turtlebot1,simulation,robot-pose,x=-20.29;y=15.99;yaw=-3.01
124.533333302,[debug],turtlebot1,simulation,robot-pose,x=-20.29;y=15.99;yaw=-3.01
126.916666746,[debug],turtlebot2,simulation,robot-pose,x=-11.46;y=17.82;yaw=-1.25
126.916666746,[debug],turtlebot2,simulation,robot-pose,x=-11.46;y=17.82;yaw=-1.25
127.183333397,[debug],turtlebot3,simulation,robot-pose,x=-33.86;y=18.79;yaw=2.93
127.283333302,[debug],turtlebot3,simulation,robot-pose,x=-33.86;y=18.79;yaw=2.93
127.333333254,[debug],turtlebot4,simulation,robot-pose,x=-38.00;y=21.48;yaw=0.01
127.333333254,[debug],turtlebot4,simulation,robot-pose,x=-38.00;y=21.48;yaw=0.01
127.483333349,[debug],turtlebot5,simulation,robot-pose,x=-13.49;y=17.99;yaw=-1.40
127.483333349,[debug],turtlebot5,simulation,robot-pose,x=-13.49;y=17.99;yaw=-1.40
139.533333302,[debug],turtlebot1,simulation,robot-pose,x=-22.73;y=15.93;yaw=-3.14
139.533333302,[debug],turtlebot1,simulation,robot-pose,x=-22.73;y=15.93;yaw=-3.14
141.916666746,[debug],turtlebot2,simulation,robot-pose,x=-11.46;y=17.82;yaw=-1.25
141.916666746,[debug],turtlebot2,simulation,robot-pose,x=-11.46;y=17.82;yaw=-1.25
142.183333397,[debug],turtlebot3,simulation,robot-pose,x=-33.87;y=18.79;yaw=2.95
142.266666651,[debug],turtlebot3,simulation,robot-pose,x=-33.87;y=18.79;yaw=2.95
142.333333254,[debug],turtlebot4,simulation,robot-pose,x=-38.00;y=21.48;yaw=0.01
142.333333254,[debug],turtlebot4,simulation,robot-pose,x=-38.00;y=21.48;yaw=0.01
142.483333349,[debug],turtlebot5,simulation,robot-pose,x=-13.49;y=17.98;yaw=-1.38
142.483333349,[debug],turtlebot5,simulation,robot-pose,x=-13.49;y=17.98;yaw=-1.38
144.349999905,[info],turtlebot1,skill-life-cycle,navigation,(status=RUNNING, parameters=[[-19.0, 16.0, 3.141592653589793, True], [-26.0, 16.0, -1.5707963267948966, True], [-26.0, 13.0, 1.57, False]])
154.533333302,[debug],turtlebot1,simulation,robot-pose,x=-25.35;y=16.17;yaw=2.76
154.533333302,[debug],turtlebot1,simulation,robot-pose,x=-25.35;y=16.17;yaw=2.76
156.916666746,[debug],turtlebot2,simulation,robot-pose,x=-11.46;y=17.82;yaw=-1.25
156.916666746,[debug],turtlebot2,simulation,robot-pose,x=-11.46;y=17.82;yaw=-1.25
157.183333397,[debug],turtlebot3,simulation,robot-pose,x=-33.87;y=18.79;yaw=2.98
157.283333302,[debug],turtlebot3,simulation,robot-pose,x=-33.87;y=18.79;yaw=2.98
157.333333254,[debug],turtlebot4,simulation,robot-pose,x=-38.00;y=21.48;yaw=0.01
157.333333254,[debug],turtlebot4,simulation,robot-pose,x=-38.00;y=21.48;yaw=0.01
157.483333349,[debug],turtlebot5,simulation,robot-pose,x=-13.48;y=17.98;yaw=-1.36
157.483333349,[debug],turtlebot5,simulation,robot-pose,x=-13.48;y=17.98;yaw=-1.36
161.549999952,[debug],turtlebot1,move-base-info,Hooray, the base moved arrived,(x=-26;y=16)
161.549999952,[debug],turtlebot1,move-base-info,Hooray, the base moved arrived,(x=-26;y=16)
161.633333445,[debug],turtlebot1,task-update,navigation,way-point-reached,66.66666666666666%
169.533333302,[debug],turtlebot1,simulation,robot-pose,x=-25.63;y=15.99;yaw=-1.61
169.533333302,[debug],turtlebot1,simulation,robot-pose,x=-25.63;y=15.99;yaw=-1.61
171.916666746,[debug],turtlebot2,simulation,robot-pose,x=-11.46;y=17.82;yaw=-1.25
171.916666746,[debug],turtlebot2,simulation,robot-pose,x=-11.46;y=17.82;yaw=-1.25
172.183333397,[debug],turtlebot3,simulation,robot-pose,x=-33.88;y=18.79;yaw=3.00
172.266666651,[debug],turtlebot3,simulation,robot-pose,x=-33.88;y=18.79;yaw=3.00
172.333333254,[debug],turtlebot4,simulation,robot-pose,x=-38.00;y=21.48;yaw=0.01
172.333333254,[debug],turtlebot4,simulation,robot-pose,x=-38.00;y=21.48;yaw=0.01
172.483333349,[debug],turtlebot5,simulation,robot-pose,x=-13.48;y=17.97;yaw=-1.34
172.483333349,[debug],turtlebot5,simulation,robot-pose,x=-13.48;y=17.97;yaw=-1.34
184.533333302,[debug],turtlebot1,simulation,robot-pose,x=-25.77;y=14.74;yaw=-1.66
184.533333302,[debug],turtlebot1,simulation,robot-pose,x=-25.77;y=14.74;yaw=-1.66
186.916666746,[debug],turtlebot2,simulation,robot-pose,x=-11.46;y=17.82;yaw=-1.25
186.916666746,[debug],turtlebot2,simulation,robot-pose,x=-11.46;y=17.82;yaw=-1.25
187.183333397,[debug],turtlebot3,simulation,robot-pose,x=-33.88;y=18.79;yaw=3.00
187.25,[debug],turtlebot3,simulation,robot-pose,x=-33.88;y=18.79;yaw=3.00
187.333333254,[debug],turtlebot4,simulation,robot-pose,x=-38.00;y=21.48;yaw=0.01
187.333333254,[debug],turtlebot4,simulation,robot-pose,x=-38.00;y=21.48;yaw=0.01
187.483333349,[debug],turtlebot5,simulation,robot-pose,x=-13.48;y=17.97;yaw=-1.32
187.483333349,[debug],turtlebot5,simulation,robot-pose,x=-13.48;y=17.97;yaw=-1.32
190.849999905,[info],turtlebot1,skill-life-cycle,navigation,(status=RUNNING, parameters=[[-19.0, 16.0, 3.141592653589793, True], [-26.0, 16.0, -1.5707963267948966, True], [-26.0, 13.0, 1.57, False]])
199.533333302,[debug],turtlebot1,simulation,robot-pose,x=-25.87;y=13.50;yaw=-1.81
199.533333302,[debug],turtlebot1,simulation,robot-pose,x=-25.87;y=13.50;yaw=-1.81
201.916666746,[debug],turtlebot2,simulation,robot-pose,x=-11.46;y=17.82;yaw=-1.25
201.916666746,[debug],turtlebot2,simulation,robot-pose,x=-11.46;y=17.82;yaw=-1.25
202.183333397,[debug],turtlebot3,simulation,robot-pose,x=-33.88;y=18.79;yaw=3.01
202.299999952,[debug],turtlebot3,simulation,robot-pose,x=-33.88;y=18.79;yaw=3.01
202.333333254,[debug],turtlebot4,simulation,robot-pose,x=-38.02;y=21.48;yaw=0.03
202.333333254,[debug],turtlebot4,simulation,robot-pose,x=-38.02;y=21.48;yaw=0.03
202.483333349,[debug],turtlebot5,simulation,robot-pose,x=-13.47;y=17.97;yaw=-1.30
202.483333349,[debug],turtlebot5,simulation,robot-pose,x=-13.47;y=17.97;yaw=-1.30
207.166666746,[debug],turtlebot1,move-base-info,Hooray, the base moved arrived,(x=-26;y=13)
207.266666651,[debug],turtlebot1,move-base-info,Hooray, the base moved arrived,(x=-26;y=13)
207.349999905,[debug],turtlebot1,task-update,navigation,way-point-reached,100.0%
207.450000048,[debug],turtlebot1,available-skills,['send_message', 'wait_message', 'approach_person', 'approach_robot', 'authenticate_person', 'deposit', 'navigation', 'operate_drawer', 'pick_up'],
207.450000048,[info],turtlebot1,skill-life-cycle,approach_robot,(status=STARTED, parameters=['lab_arm'])
207.533333302,[debug],turtlebot1,task-update,approach_robot,localize-robot,(who=lab_arm)
208.349999905,[debug],turtlebot1,task-update,approach_robot,goto-robot,(who=lab_arm)
208.416666746,[debug],turtlebot1,available-skills,['send_message', 'wait_message', 'approach_person', 'approach_robot', 'authenticate_person', 'deposit', 'navigation', 'operate_drawer', 'pick_up'],
208.416666746,[info],turtlebot1,skill-life-cycle,operate_drawer,(status=STARTED, parameters=['open'])
208.466666698,[debug],turtlebot1,task-update,operate_drawer,open
209.366666555,[debug],turtlebot1,available-skills,['send_message', 'wait_message', 'approach_person', 'approach_robot', 'authenticate_person', 'deposit', 'navigation', 'operate_drawer', 'pick_up'],
209.366666555,[info],turtlebot1,skill-life-cycle,send_message,(status=STARTED, parameters=['lab_arm'])
209.416666746,[info],turtlebot1,sync,send-message,(to=lab_arm)
210.200000048,[info],lab_arm,sync,wait-message,(status=message-received)
210.200000048,[info],Inventory,sync,wait-sample,(status=sample-received)
210.200000048,ENDSIM
210.283333302,[info],lab_arm,sync,wait-message,(status=message-received)
210.283333302,[info],Inventory,sync,wait-sample,(status=sample-received)
210.283333302,ENDSIM
214.533333302,[debug],turtlebot1,simulation,robot-pose,x=-25.90;y=13.40;yaw=1.63
214.533333302,[debug],turtlebot1,simulation,robot-pose,x=-25.90;y=13.40;yaw=1.63
216.916666746,[debug],turtlebot2,simulation,robot-pose,x=-11.46;y=17.82;yaw=-1.25
216.916666746,[debug],turtlebot2,simulation,robot-pose,x=-11.46;y=17.82;yaw=-1.25
217.183333397,[debug],turtlebot3,simulation,robot-pose,x=-33.88;y=18.79;yaw=3.01
217.216666698,[debug],turtlebot3,simulation,robot-pose,x=-33.88;y=18.79;yaw=3.01
217.333333254,[debug],turtlebot4,simulation,robot-pose,x=-38.02;y=21.48;yaw=0.03
217.333333254,[debug],turtlebot4,simulation,robot-pose,x=-38.02;y=21.48;yaw=0.03
217.483333349,[debug],turtlebot5,simulation,robot-pose,x=-13.47;y=17.96;yaw=-1.28
217.483333349,[debug],turtlebot5,simulation,robot-pose,x=-13.47;y=17.96;yaw=-1.28
0.0,[debug],simulation closed,reach-target,execution-wall-clock=306.3549406528473
