0.0,0.0,[debug],logger,init,time
ROBOTS_CONFIG=[{"avg_speed": 0.15, "battery_charge": 0.68, "battery_discharge_rate": 0.00011, "id": 0, "local_plan": [["navigation", ["PC Room 3", [[-21.0, 18.0, -1.57], [-21.0, 16.0], [-28.5, 16.0], [-28.5, 18.0, -1.57]]]], ["approach_person", ["nurse"]], ["authenticate_person", ["nurse"]], ["operate_drawer", ["open"]], ["send_message", ["nurse"]], ["wait_message", ["r1"]], ["operate_drawer", ["close"]], ["navigation", ["Laboratory", [[-28.5, 18.0, -1.57], [-28.5, 16.0], [-26.0, 16.0], [-26.0, 13.0, 1.57]]]], ["approach_robot", ["lab_arm"]], ["operate_drawer", ["open"]], ["send_message", ["lab_arm"]], ["wait_message", ["r1"]], ["operate_drawer", ["close"]]], "location": "PC Room 5", "position": [-21.0, 18.0, -1.57], "skills": ["approach_person", "approach_robot", "authenticate_person", "deposit", "navigation", "operate_drawer", "pick_up"]}, {"avg_speed": 0.15, "battery_charge": 0.79, "battery_discharge_rate": 0.00014000000000000001, "id": 1, "local_plan": null, "location": "PC Room 8", "position": [-11.5, 18.0, -1.57], "skills": ["approach_person", "approach_robot", "authenticate_person", "deposit", "navigation", "operate_drawer", "pick_up"]}, {"avg_speed": 0.15, "battery_charge": 0.25, "battery_discharge_rate": 0.00012000000000000002, "id": 2, "local_plan": null, "location": "IC Room 6", "position": [-33.9, 18.93, 3.14], "skills": ["approach_person", "approach_robot", "authenticate_person", "deposit", "navigation", "pick_up"]}, {"avg_speed": 0.15, "battery_charge": 0.59, "battery_discharge_rate": 0.00016, "id": 3, "local_plan": null, "location": "IC Room 2", "position": [-38.0, 21.5, 0.0], "skills": ["approach_person", "approach_robot", "authenticate_person", "deposit", "navigation", "operate_drawer", "pick_up"]}, {"avg_speed": 0.15, "battery_charge": 0.2, "battery_discharge_rate": 0.00015000000000000001, "id": 4, "local_plan": null, "location": "PC Room 7", "position": [-13.5, 18.0, -1.57], "skills": ["approach_person", "approach_robot", "authenticate_person", "deposit", "navigation", "operate_drawer", "pick_up"]}]
NURSES_CONFIG=[{"location": "PC Room 3", "position": [-27.5, 19.0, -1.57]}]
logger,1623201770074970722,Simulation open
0.0,[debug],logger,init,subcribing to in the topic /log
1.68333339691,[debug],turtlebot3,move-base-info,Move_base is up and ok....,
1.68333339691,[debug],turtlebot1,move-base-info,Move_base is up and ok....,
1.71666669846,[debug],turtlebot2,move-base-info,Move_base is up and ok....,
1.81666660309,[debug],turtlebot4,move-base-info,Move_base is up and ok....,
1.8833334446,[debug],turtlebot5,move-base-info,Move_base is up and ok....,
3.33333325386,[info],turtlebot2,skill-life-cycle,init_robobt,(status=RUNNING, parameters=[])
3.41666674614,[info],turtlebot1,skill-life-cycle,init_robobt,(status=RUNNING, parameters=[])
3.43333339691,[info],turtlebot5,skill-life-cycle,init_robobt,(status=RUNNING, parameters=[])
3.68333339691,[info],turtlebot4,skill-life-cycle,init_robobt,(status=RUNNING, parameters=[])
8.46666669846,[info],turtlebot1,skill-life-cycle,navigation,(status=STARTED, parameters=[[-21.0, 16.0, 3.141592653589793, True], [-28.5, 16.0, 1.5707963267948966, True], [-28.5, 18.0, -1.57, False]])
20.0999999046,[debug],turtlebot1,simulation,robot-pose,x=-20.97;y=17.44;yaw=-1.57
20.0999999046,[debug],turtlebot1,simulation,robot-pose,x=-20.97;y=17.44;yaw=-1.57
22.5666666031,[debug],turtlebot2,simulation,robot-pose,x=-11.46;y=17.82;yaw=-1.25
22.5666666031,[debug],turtlebot2,simulation,robot-pose,x=-11.46;y=17.82;yaw=-1.25
22.7999999523,[debug],turtlebot3,simulation,robot-pose,x=-33.83;y=18.78;yaw=2.80
22.7999999523,[debug],turtlebot3,simulation,robot-pose,x=-33.83;y=18.78;yaw=2.80
22.9500000477,[debug],turtlebot4,simulation,robot-pose,x=-38.00;y=21.48;yaw=0.01
22.9500000477,[debug],turtlebot4,simulation,robot-pose,x=-38.00;y=21.48;yaw=0.01
23.2833333015,[debug],turtlebot5,simulation,robot-pose,x=-13.50;y=18.00;yaw=-1.50
23.2833333015,[debug],turtlebot5,simulation,robot-pose,x=-13.50;y=18.00;yaw=-1.50
35.0999999046,[debug],turtlebot1,simulation,robot-pose,x=-20.94;y=16.45;yaw=-3.02
35.0999999046,[debug],turtlebot1,simulation,robot-pose,x=-20.94;y=16.45;yaw=-3.02
35.7833333015,[debug],turtlebot1,move-base-info,Hooray, the base moved arrived,(x=-21;y=16)
35.7833333015,[debug],turtlebot1,move-base-info,Hooray, the base moved arrived,(x=-21;y=16)
35.7833333015,[debug],turtlebot1,task-update,navigation,way-point-reached,33.33333333333333%
37.5666666031,[debug],turtlebot2,simulation,robot-pose,x=-11.46;y=17.82;yaw=-1.25
37.5666666031,[debug],turtlebot2,simulation,robot-pose,x=-11.46;y=17.82;yaw=-1.25
37.7999999523,[debug],turtlebot3,simulation,robot-pose,x=-33.84;y=18.78;yaw=2.82
37.7999999523,[debug],turtlebot3,simulation,robot-pose,x=-33.84;y=18.78;yaw=2.82
37.9500000477,[debug],turtlebot4,simulation,robot-pose,x=-38.00;y=21.48;yaw=0.01
37.9500000477,[debug],turtlebot4,simulation,robot-pose,x=-38.00;y=21.48;yaw=0.01
38.2833333015,[debug],turtlebot5,simulation,robot-pose,x=-13.49;y=18.00;yaw=-1.49
38.2833333015,[debug],turtlebot5,simulation,robot-pose,x=-13.49;y=18.00;yaw=-1.49
50.0999999046,[debug],turtlebot1,simulation,robot-pose,x=-21.86;y=15.96;yaw=-2.95
50.1166665554,[debug],turtlebot1,simulation,robot-pose,x=-21.86;y=15.96;yaw=-2.95
52.5666666031,[debug],turtlebot2,simulation,robot-pose,x=-11.46;y=17.82;yaw=-1.25
52.5666666031,[debug],turtlebot2,simulation,robot-pose,x=-11.46;y=17.82;yaw=-1.25
52.7999999523,[debug],turtlebot3,simulation,robot-pose,x=-33.85;y=18.78;yaw=2.84
52.7999999523,[debug],turtlebot3,simulation,robot-pose,x=-33.85;y=18.78;yaw=2.84
52.9500000477,[debug],turtlebot4,simulation,robot-pose,x=-38.00;y=21.48;yaw=0.01
52.9500000477,[debug],turtlebot4,simulation,robot-pose,x=-38.00;y=21.48;yaw=0.01
53.2833333015,[debug],turtlebot5,simulation,robot-pose,x=-13.49;y=18.00;yaw=-1.48
53.2833333015,[debug],turtlebot5,simulation,robot-pose,x=-13.49;y=18.00;yaw=-1.48
55.3666665554,[info],turtlebot1,skill-life-cycle,navigation,(status=RUNNING, parameters=[[-21.0, 16.0, 3.141592653589793, True], [-28.5, 16.0, 1.5707963267948966, True], [-28.5, 18.0, -1.57, False]])
65.0999999046,[debug],turtlebot1,simulation,robot-pose,x=-24.33;y=15.93;yaw=-3.13
65.0999999046,[debug],turtlebot1,simulation,robot-pose,x=-24.33;y=15.93;yaw=-3.13
67.5666666031,[debug],turtlebot2,simulation,robot-pose,x=-11.46;y=17.82;yaw=-1.25
67.5666666031,[debug],turtlebot2,simulation,robot-pose,x=-11.46;y=17.82;yaw=-1.25
67.7999999523,[debug],turtlebot3,simulation,robot-pose,x=-33.85;y=18.78;yaw=2.85
67.7999999523,[debug],turtlebot3,simulation,robot-pose,x=-33.85;y=18.78;yaw=2.85
67.9500000477,[debug],turtlebot4,simulation,robot-pose,x=-38.00;y=21.48;yaw=0.01
67.9500000477,[debug],turtlebot4,simulation,robot-pose,x=-38.00;y=21.48;yaw=0.01
68.2833333015,[debug],turtlebot5,simulation,robot-pose,x=-13.49;y=18.00;yaw=-1.47
68.2833333015,[debug],turtlebot5,simulation,robot-pose,x=-13.49;y=18.00;yaw=-1.47
80.0999999046,[debug],turtlebot1,simulation,robot-pose,x=-26.80;y=15.94;yaw=2.72
80.0999999046,[debug],turtlebot1,simulation,robot-pose,x=-26.80;y=15.94;yaw=2.72
82.5666666031,[debug],turtlebot2,simulation,robot-pose,x=-11.46;y=17.82;yaw=-1.25
82.5666666031,[debug],turtlebot2,simulation,robot-pose,x=-11.46;y=17.82;yaw=-1.25
82.7999999523,[debug],turtlebot3,simulation,robot-pose,x=-33.85;y=18.78;yaw=2.87
82.7999999523,[debug],turtlebot3,simulation,robot-pose,x=-33.85;y=18.78;yaw=2.87
82.9500000477,[debug],turtlebot4,simulation,robot-pose,x=-38.00;y=21.48;yaw=0.01
82.9500000477,[debug],turtlebot4,simulation,robot-pose,x=-38.00;y=21.48;yaw=0.01
83.2833333015,[debug],turtlebot5,simulation,robot-pose,x=-13.49;y=17.99;yaw=-1.45
83.2833333015,[debug],turtlebot5,simulation,robot-pose,x=-13.49;y=17.99;yaw=-1.45
92.0166666508,[debug],turtlebot1,move-base-info,Hooray, the base moved arrived,(x=-28.5;y=16)
92.0166666508,[debug],turtlebot1,move-base-info,Hooray, the base moved arrived,(x=-28.5;y=16)
92.1166665554,[debug],turtlebot1,task-update,navigation,way-point-reached,66.66666666666666%
95.0999999046,[debug],turtlebot1,simulation,robot-pose,x=-28.28;y=16.37;yaw=1.62
95.0999999046,[debug],turtlebot1,simulation,robot-pose,x=-28.28;y=16.37;yaw=1.62
97.5666666031,[debug],turtlebot2,simulation,robot-pose,x=-11.46;y=17.82;yaw=-1.25
97.5666666031,[debug],turtlebot2,simulation,robot-pose,x=-11.46;y=17.82;yaw=-1.25
97.7999999523,[debug],turtlebot3,simulation,robot-pose,x=-33.85;y=18.78;yaw=2.88
97.7999999523,[debug],turtlebot3,simulation,robot-pose,x=-33.85;y=18.78;yaw=2.88
97.9500000477,[debug],turtlebot4,simulation,robot-pose,x=-38.00;y=21.48;yaw=0.01
97.9666666985,[debug],turtlebot4,simulation,robot-pose,x=-38.00;y=21.48;yaw=0.01
98.2833333015,[debug],turtlebot5,simulation,robot-pose,x=-13.49;y=17.99;yaw=-1.43
98.2833333015,[debug],turtlebot5,simulation,robot-pose,x=-13.49;y=17.99;yaw=-1.43
106.983333349,[info],turtlebot1,skill-life-cycle,navigation,(status=RUNNING, parameters=[[-21.0, 16.0, 3.141592653589793, True], [-28.5, 16.0, 1.5707963267948966, True], [-28.5, 18.0, -1.57, False]])
108.283333302,[debug],turtlebot1,move-base-info,Hooray, the base moved arrived,(x=-28.5;y=18)
108.283333302,[debug],turtlebot1,move-base-info,Hooray, the base moved arrived,(x=-28.5;y=18)
108.383333445,[debug],turtlebot1,task-update,navigation,way-point-reached,100.0%
108.466666698,[info],turtlebot1,skill-life-cycle,approach_person,(status=STARTED, parameters=['nurse'])
108.549999952,[debug],turtlebot1,task-update,approach_person,localize-person,(who=nurse)
108.833333254,[debug],turtlebot1,task-update,approach_person,goto-person,(who=nurse)
108.933333397,[info],turtlebot1,skill-life-cycle,authenticate_person,(status=STARTED, parameters=['nurse'])
109.0,[debug],turtlebot1,task-update,authenticate_person,request-authentication,(to=nurse)
109.0,[info],nurse,sync,received-request,(status=sending-request)
109.016666651,[info],nurse,sync,received-request,(status=sending-request)
109.716666698,[debug],turtlebot1,task-update,authenticate_person,received-authentication,(from=nurse)
109.816666603,[info],turtlebot1,skill-life-cycle,operate_drawer,(status=STARTED, parameters=['open'])
109.983333349,[debug],turtlebot1,task-update,operate_drawer,open
110.099999905,[debug],turtlebot1,simulation,robot-pose,x=-28.39;y=17.61;yaw=-1.61
110.099999905,[debug],turtlebot1,simulation,robot-pose,x=-28.39;y=17.61;yaw=-1.61
110.983333349,[info],turtlebot1,skill-life-cycle,send_message,(status=STARTED, parameters=['nurse'])
111.049999952,[info],turtlebot1,sync,send-message,(to=nurse)
111.966666698,[info],nurse,sync,wait-message,(status=message-received)
111.966666698,[info],nurse,sync,wait-message,(status=message-received)
112.566666603,[debug],turtlebot2,simulation,robot-pose,x=-11.46;y=17.82;yaw=-1.25
112.566666603,[debug],turtlebot2,simulation,robot-pose,x=-11.46;y=17.82;yaw=-1.25
112.816666603,[debug],turtlebot3,simulation,robot-pose,x=-33.86;y=18.79;yaw=2.90
112.816666603,[debug],turtlebot3,simulation,robot-pose,x=-33.86;y=18.79;yaw=2.90
112.950000048,[debug],turtlebot4,simulation,robot-pose,x=-38.00;y=21.48;yaw=0.01
112.950000048,[debug],turtlebot4,simulation,robot-pose,x=-38.00;y=21.48;yaw=0.01
113.283333302,[debug],turtlebot5,simulation,robot-pose,x=-13.49;y=17.99;yaw=-1.42
113.283333302,[debug],turtlebot5,simulation,robot-pose,x=-13.49;y=17.99;yaw=-1.42
114.700000048,[info],turtlebot1,skill-life-cycle,wait_message,(status=STARTED, parameters=['r1'])
115.983333349,[info],turtlebot1,sync,wait-message,(status=message-received)
116.083333254,[info],turtlebot1,skill-life-cycle,operate_drawer,(status=STARTED, parameters=['close'])
116.133333445,[debug],turtlebot1,task-update,operate_drawer,close
117.133333445,[info],turtlebot1,skill-life-cycle,navigation,(status=STARTED, parameters=[[-28.5, 16.0, 0.0, True], [-26.0, 16.0, -1.5707963267948966, True], [-26.0, 13.0, 1.57, False]])
121.966666698,[info],nurse,sync,wait-message,(status=message-received)
121.966666698,[info],nurse,sync,wait-message,(status=message-received)
125.099999905,[debug],turtlebot1,simulation,robot-pose,x=-28.45;y=17.35;yaw=-1.88
125.099999905,[debug],turtlebot1,simulation,robot-pose,x=-28.45;y=17.35;yaw=-1.88
127.566666603,[debug],turtlebot2,simulation,robot-pose,x=-11.46;y=17.82;yaw=-1.25
127.566666603,[debug],turtlebot2,simulation,robot-pose,x=-11.46;y=17.82;yaw=-1.25
127.799999952,[debug],turtlebot3,simulation,robot-pose,x=-33.86;y=18.79;yaw=2.93
127.799999952,[debug],turtlebot3,simulation,robot-pose,x=-33.86;y=18.79;yaw=2.93
127.950000048,[debug],turtlebot4,simulation,robot-pose,x=-38.00;y=21.48;yaw=0.01
127.950000048,[debug],turtlebot4,simulation,robot-pose,x=-38.00;y=21.48;yaw=0.01
128.283333302,[debug],turtlebot5,simulation,robot-pose,x=-13.49;y=17.98;yaw=-1.40
128.283333302,[debug],turtlebot5,simulation,robot-pose,x=-13.49;y=17.98;yaw=-1.40
129.0,[info],nurse,sync,request-sent,(status=waiting)
129.0,[info],nurse,sync,request-sent,(status=waiting)
131.966666698,[info],nurse,sync,wait-message,(status=message-received)
131.966666698,[info],nurse,sync,wait-message,(status=message-received)
139.466666698,[debug],turtlebot1,move-base-info,Hooray, the base moved arrived,(x=-28.5;y=16)
139.533333302,[debug],turtlebot1,move-base-info,Hooray, the base moved arrived,(x=-28.5;y=16)
139.566666603,[debug],turtlebot1,task-update,navigation,way-point-reached,33.33333333333333%
140.099999905,[debug],turtlebot1,simulation,robot-pose,x=-28.60;y=16.44;yaw=-0.04
140.099999905,[debug],turtlebot1,simulation,robot-pose,x=-28.60;y=16.44;yaw=-0.04
141.966666698,[info],nurse,sync,wait-message,(status=message-received)
141.966666698,[info],nurse,sync,wait-message,(status=message-received)
142.566666603,[debug],turtlebot2,simulation,robot-pose,x=-11.46;y=17.82;yaw=-1.25
142.566666603,[debug],turtlebot2,simulation,robot-pose,x=-11.46;y=17.82;yaw=-1.25
142.799999952,[debug],turtlebot3,simulation,robot-pose,x=-33.87;y=18.79;yaw=2.95
142.799999952,[debug],turtlebot3,simulation,robot-pose,x=-33.87;y=18.79;yaw=2.95
142.950000048,[debug],turtlebot4,simulation,robot-pose,x=-38.00;y=21.48;yaw=0.01
142.950000048,[debug],turtlebot4,simulation,robot-pose,x=-38.00;y=21.48;yaw=0.01
143.283333302,[debug],turtlebot5,simulation,robot-pose,x=-13.49;y=17.98;yaw=-1.38
143.283333302,[debug],turtlebot5,simulation,robot-pose,x=-13.49;y=17.98;yaw=-1.38
155.099999905,[debug],turtlebot1,simulation,robot-pose,x=-27.25;y=16.08;yaw=-0.07
155.099999905,[debug],turtlebot1,simulation,robot-pose,x=-27.25;y=16.08;yaw=-0.07
157.566666603,[debug],turtlebot2,simulation,robot-pose,x=-11.46;y=17.82;yaw=-1.25
157.566666603,[debug],turtlebot2,simulation,robot-pose,x=-11.46;y=17.82;yaw=-1.25
157.799999952,[debug],turtlebot3,simulation,robot-pose,x=-33.87;y=18.79;yaw=2.98
157.799999952,[debug],turtlebot3,simulation,robot-pose,x=-33.87;y=18.79;yaw=2.98
157.950000048,[debug],turtlebot4,simulation,robot-pose,x=-38.00;y=21.48;yaw=0.01
157.950000048,[debug],turtlebot4,simulation,robot-pose,x=-38.00;y=21.48;yaw=0.01
158.283333302,[debug],turtlebot5,simulation,robot-pose,x=-13.48;y=17.98;yaw=-1.36
158.283333302,[debug],turtlebot5,simulation,robot-pose,x=-13.48;y=17.98;yaw=-1.36
160.166666746,[info],turtlebot1,skill-life-cycle,navigation,(status=RUNNING, parameters=[[-28.5, 16.0, 0.0, True], [-26.0, 16.0, -1.5707963267948966, True], [-26.0, 13.0, 1.57, False]])
165.566666603,[debug],turtlebot1,move-base-info,Hooray, the base moved arrived,(x=-26;y=16)
165.566666603,[debug],turtlebot1,move-base-info,Hooray, the base moved arrived,(x=-26;y=16)
165.716666698,[debug],turtlebot1,task-update,navigation,way-point-reached,66.66666666666666%
170.099999905,[debug],turtlebot1,simulation,robot-pose,x=-26.38;y=16.26;yaw=-1.52
170.099999905,[debug],turtlebot1,simulation,robot-pose,x=-26.38;y=16.26;yaw=-1.52
172.566666603,[debug],turtlebot2,simulation,robot-pose,x=-11.46;y=17.82;yaw=-1.25
172.566666603,[debug],turtlebot2,simulation,robot-pose,x=-11.46;y=17.82;yaw=-1.25
172.799999952,[debug],turtlebot3,simulation,robot-pose,x=-33.88;y=18.79;yaw=3.00
172.816666603,[debug],turtlebot3,simulation,robot-pose,x=-33.88;y=18.79;yaw=3.00
172.950000048,[debug],turtlebot4,simulation,robot-pose,x=-38.00;y=21.48;yaw=0.01
172.950000048,[debug],turtlebot4,simulation,robot-pose,x=-38.00;y=21.48;yaw=0.01
173.283333302,[debug],turtlebot5,simulation,robot-pose,x=-13.48;y=17.97;yaw=-1.34
173.283333302,[debug],turtlebot5,simulation,robot-pose,x=-13.48;y=17.97;yaw=-1.34
185.099999905,[debug],turtlebot1,simulation,robot-pose,x=-25.91;y=15.10;yaw=-1.26
185.099999905,[debug],turtlebot1,simulation,robot-pose,x=-25.91;y=15.10;yaw=-1.26
187.566666603,[debug],turtlebot2,simulation,robot-pose,x=-11.46;y=17.82;yaw=-1.25
187.566666603,[debug],turtlebot2,simulation,robot-pose,x=-11.46;y=17.82;yaw=-1.25
187.799999952,[debug],turtlebot3,simulation,robot-pose,x=-33.88;y=18.79;yaw=3.00
187.799999952,[debug],turtlebot3,simulation,robot-pose,x=-33.88;y=18.79;yaw=3.00
187.950000048,[debug],turtlebot4,simulation,robot-pose,x=-38.00;y=21.48;yaw=0.01
187.950000048,[debug],turtlebot4,simulation,robot-pose,x=-38.00;y=21.48;yaw=0.01
188.283333302,[debug],turtlebot5,simulation,robot-pose,x=-13.48;y=17.97;yaw=-1.32
188.283333302,[debug],turtlebot5,simulation,robot-pose,x=-13.48;y=17.97;yaw=-1.32
200.099999905,[debug],turtlebot1,simulation,robot-pose,x=-25.83;y=13.85;yaw=-1.70
200.099999905,[debug],turtlebot1,simulation,robot-pose,x=-25.83;y=13.85;yaw=-1.70
202.583333254,[debug],turtlebot2,simulation,robot-pose,x=-11.46;y=17.82;yaw=-1.25
202.566666603,[debug],turtlebot2,simulation,robot-pose,x=-11.46;y=17.82;yaw=-1.25
202.799999952,[debug],turtlebot3,simulation,robot-pose,x=-33.88;y=18.79;yaw=3.01
202.799999952,[debug],turtlebot3,simulation,robot-pose,x=-33.88;y=18.79;yaw=3.01
202.950000048,[debug],turtlebot4,simulation,robot-pose,x=-38.02;y=21.48;yaw=0.03
202.950000048,[debug],turtlebot4,simulation,robot-pose,x=-38.02;y=21.48;yaw=0.03
203.283333302,[debug],turtlebot5,simulation,robot-pose,x=-13.47;y=17.97;yaw=-1.30
203.283333302,[debug],turtlebot5,simulation,robot-pose,x=-13.47;y=17.97;yaw=-1.30
211.866666555,[info],turtlebot1,skill-life-cycle,navigation,(status=RUNNING, parameters=[[-28.5, 16.0, 0.0, True], [-26.0, 16.0, -1.5707963267948966, True], [-26.0, 13.0, 1.57, False]])
211.883333445,[debug],turtlebot1,move-base-info,Hooray, the base moved arrived,(x=-26;y=13)
211.883333445,[debug],turtlebot1,move-base-info,Hooray, the base moved arrived,(x=-26;y=13)
212.049999952,[debug],turtlebot1,task-update,navigation,way-point-reached,100.0%
212.150000095,[info],turtlebot1,skill-life-cycle,approach_robot,(status=STARTED, parameters=['lab_arm'])
212.216666698,[debug],turtlebot1,task-update,approach_robot,localize-robot,(who=lab_arm)
213.316666603,[debug],turtlebot1,task-update,approach_robot,goto-robot,(who=lab_arm)
213.400000095,[info],turtlebot1,skill-life-cycle,operate_drawer,(status=STARTED, parameters=['open'])
213.450000048,[debug],turtlebot1,task-update,operate_drawer,open
214.433333397,[info],turtlebot1,skill-life-cycle,send_message,(status=STARTED, parameters=['lab_arm'])
214.5,[info],turtlebot1,sync,send-message,(to=lab_arm)
215.099999905,[debug],turtlebot1,simulation,robot-pose,x=-25.92;y=13.41;yaw=1.62
215.099999905,[debug],turtlebot1,simulation,robot-pose,x=-25.92;y=13.41;yaw=1.62
215.400000095,[info],lab_arm,sync,wait-message,(status=message-received)
215.400000095,[info],Inventory,sync,wait-sample,(status=sample-received)
215.400000095,ENDSIM
215.516666651,[info],lab_arm,sync,wait-message,(status=message-received)
215.516666651,[info],Inventory,sync,wait-sample,(status=sample-received)
215.516666651,ENDSIM
217.566666603,[debug],turtlebot2,simulation,robot-pose,x=-11.46;y=17.82;yaw=-1.25
217.583333254,[debug],turtlebot2,simulation,robot-pose,x=-11.46;y=17.82;yaw=-1.25
217.799999952,[debug],turtlebot3,simulation,robot-pose,x=-33.88;y=18.79;yaw=3.01
217.799999952,[debug],turtlebot3,simulation,robot-pose,x=-33.88;y=18.79;yaw=3.01
217.950000048,[debug],turtlebot4,simulation,robot-pose,x=-38.02;y=21.48;yaw=0.03
217.950000048,[debug],turtlebot4,simulation,robot-pose,x=-38.02;y=21.48;yaw=0.03
218.283333302,[debug],turtlebot5,simulation,robot-pose,x=-13.47;y=17.96;yaw=-1.28
218.283333302,[debug],turtlebot5,simulation,robot-pose,x=-13.47;y=17.96;yaw=-1.28
225.400000095,[info],Inventory,sync,wait-sample,(status=sample-received)
225.400000095,ENDSIM
225.400000095,[info],lab_arm,sync,wait-message,(status=message-received)
225.400000095,[info],Inventory,sync,wait-sample,(status=sample-received)
225.400000095,ENDSIM
0.0,[debug],simulation closed,reach-target,execution-wall-clock=285.37543773651123
