0.0,0.0,[debug],logger,init,time
ROBOTS_CONFIG=[{"avg_speed": 0.15, "battery_charge": 0.68, "battery_discharge_rate": 0.00011, "id": 0, "local_plan": null, "location": "PC Room 5", "position": [-21.0, 18.0, -1.57], "skills": ["approach_person", "approach_robot", "authenticate_person", "deposit", "navigation", "operate_drawer", "pick_up"]}, {"avg_speed": 0.15, "battery_charge": 0.79, "battery_discharge_rate": 0.00014000000000000001, "id": 1, "local_plan": null, "location": "PC Room 8", "position": [-11.5, 18.0, -1.57], "skills": ["approach_person", "approach_robot", "authenticate_person", "deposit", "navigation", "operate_drawer", "pick_up"]}, {"avg_speed": 0.15, "battery_charge": 0.25, "battery_discharge_rate": 0.00012000000000000002, "id": 2, "local_plan": null, "location": "IC Room 6", "position": [-33.9, 18.93, 3.14], "skills": ["approach_person", "approach_robot", "authenticate_person", "deposit", "navigation", "operate_drawer", "pick_up"]}, {"avg_speed": 0.15, "battery_charge": 0.59, "battery_discharge_rate": 0.00016, "id": 3, "local_plan": [["navigation", ["IC Room 5", [[-38.0, 21.5, 0.0], [-37.0, 21.5], [-37.0, 33.98], [-32.88, 33.98, 3.14]]]], ["approach_person", ["nurse"]], ["authenticate_person", ["nurse"]], ["operate_drawer", ["open"]], ["send_message", ["nurse"]], ["wait_message", ["r1"]], ["operate_drawer", ["close"]], ["navigation", ["Laboratory", [[-32.88, 33.98, 3.14], [-37.0, 33.98], [-37.0, 16.0], [-26.0, 16.0], [-26.0, 13.0, 1.57]]]], ["approach_robot", ["lab_arm"]], ["operate_drawer", ["open"]], ["send_message", ["lab_arm"]], ["wait_message", ["r1"]], ["operate_drawer", ["close"]]], "location": "IC Room 2", "position": [-38.0, 21.5, 0.0], "skills": ["approach_person", "approach_robot", "authenticate_person", "deposit", "navigation", "operate_drawer", "pick_up"]}, {"avg_speed": 0.15, "battery_charge": 0.2, "battery_discharge_rate": 0.00015000000000000001, "id": 4, "local_plan": null, "location": "PC Room 7", "position": [-13.5, 18.0, -1.57], "skills": ["approach_person", "approach_robot", "authenticate_person", "deposit", "navigation", "operate_drawer", "pick_up"]}]
NURSES_CONFIG=[{"location": "IC Room 5", "position": [-31.880000000000003, 34.98, 3.14]}]
logger,1623229757895312309,Simulation open
0.0,[debug],logger,init,subcribing to in the topic /log
1.25,[debug],turtlebot5,move-base-info,Move_base is up and ok....,
1.26666665077,[debug],turtlebot2,move-base-info,Move_base is up and ok....,
1.75,[debug],turtlebot1,move-base-info,Move_base is up and ok....,
1.76666665077,[debug],turtlebot3,move-base-info,Move_base is up and ok....,
1.78333330154,[debug],turtlebot4,move-base-info,Move_base is up and ok....,
3.53333330154,[info],turtlebot2,skill-life-cycle,init_robobt,(status=RUNNING, parameters=[])
3.8666665554,[info],turtlebot4,skill-life-cycle,init_robobt,(status=RUNNING, parameters=[])
4.08333325386,[info],turtlebot5,skill-life-cycle,init_robobt,(status=RUNNING, parameters=[])
4.1166665554,[info],turtlebot3,skill-life-cycle,init_robobt,(status=RUNNING, parameters=[])
9.28333330154,[info],turtlebot4,skill-life-cycle,navigation,(status=STARTED, parameters=[[-37.0, 21.5, 1.5707963267948966, True], [-37.0, 33.98, 0.0, True], [-32.88, 33.98, 3.14, False]])
19.4166667461,[debug],turtlebot1,simulation,robot-pose,x=-20.99;y=18.00;yaw=-1.54
19.4166667461,[debug],turtlebot1,simulation,robot-pose,x=-20.99;y=18.00;yaw=-1.54
21.5833332539,[debug],turtlebot2,simulation,robot-pose,x=-11.46;y=17.82;yaw=-1.25
21.5833332539,[debug],turtlebot2,simulation,robot-pose,x=-11.46;y=17.82;yaw=-1.25
21.7666666508,[debug],turtlebot3,simulation,robot-pose,x=-33.83;y=18.78;yaw=2.80
21.7666666508,[debug],turtlebot3,simulation,robot-pose,x=-33.83;y=18.78;yaw=2.80
21.8499999046,[debug],turtlebot4,simulation,robot-pose,x=-37.48;y=21.50;yaw=0.60
21.8499999046,[debug],turtlebot4,simulation,robot-pose,x=-37.48;y=21.50;yaw=0.60
21.9000000954,[debug],turtlebot5,simulation,robot-pose,x=-13.50;y=18.00;yaw=-1.50
21.9000000954,[debug],turtlebot5,simulation,robot-pose,x=-13.50;y=18.00;yaw=-1.50
24.7166666985,[debug],turtlebot4,move-base-info,Hooray, the base moved arrived,(x=-37;y=21.5)
24.7166666985,[debug],turtlebot4,move-base-info,Hooray, the base moved arrived,(x=-37;y=21.5)
24.7666666508,[debug],turtlebot4,task-update,navigation,way-point-reached,33.33333333333333%
34.4166667461,[debug],turtlebot1,simulation,robot-pose,x=-20.99;y=18.00;yaw=-1.54
34.4166667461,[debug],turtlebot1,simulation,robot-pose,x=-20.99;y=18.00;yaw=-1.54
36.5833332539,[debug],turtlebot2,simulation,robot-pose,x=-11.46;y=17.82;yaw=-1.25
36.5833332539,[debug],turtlebot2,simulation,robot-pose,x=-11.46;y=17.82;yaw=-1.25
36.7666666508,[debug],turtlebot3,simulation,robot-pose,x=-33.84;y=18.78;yaw=2.82
36.7666666508,[debug],turtlebot3,simulation,robot-pose,x=-33.84;y=18.78;yaw=2.82
36.8499999046,[debug],turtlebot4,simulation,robot-pose,x=-37.14;y=22.29;yaw=1.18
36.8666665554,[debug],turtlebot4,simulation,robot-pose,x=-37.14;y=22.29;yaw=1.18
36.9000000954,[debug],turtlebot5,simulation,robot-pose,x=-13.49;y=18.00;yaw=-1.49
36.9000000954,[debug],turtlebot5,simulation,robot-pose,x=-13.49;y=18.00;yaw=-1.49
49.4166667461,[debug],turtlebot1,simulation,robot-pose,x=-20.99;y=18.00;yaw=-1.54
49.4166667461,[debug],turtlebot1,simulation,robot-pose,x=-20.99;y=18.00;yaw=-1.54
51.5833332539,[debug],turtlebot2,simulation,robot-pose,x=-11.46;y=17.82;yaw=-1.25
51.5833332539,[debug],turtlebot2,simulation,robot-pose,x=-11.46;y=17.82;yaw=-1.25
51.7666666508,[debug],turtlebot3,simulation,robot-pose,x=-33.85;y=18.78;yaw=2.84
51.7666666508,[debug],turtlebot3,simulation,robot-pose,x=-33.85;y=18.78;yaw=2.84
51.8499999046,[debug],turtlebot4,simulation,robot-pose,x=-36.95;y=24.57;yaw=1.59
51.8499999046,[debug],turtlebot4,simulation,robot-pose,x=-36.95;y=24.57;yaw=1.59
51.9000000954,[debug],turtlebot5,simulation,robot-pose,x=-13.49;y=18.00;yaw=-1.48
51.9000000954,[debug],turtlebot5,simulation,robot-pose,x=-13.49;y=18.00;yaw=-1.48
56.8666665554,[info],turtlebot4,skill-life-cycle,navigation,(status=RUNNING, parameters=[[-37.0, 21.5, 1.5707963267948966, True], [-37.0, 33.98, 0.0, True], [-32.88, 33.98, 3.14, False]])
64.4166667461,[debug],turtlebot1,simulation,robot-pose,x=-20.99;y=18.00;yaw=-1.54
64.4166667461,[debug],turtlebot1,simulation,robot-pose,x=-20.99;y=18.00;yaw=-1.54
66.5833332539,[debug],turtlebot2,simulation,robot-pose,x=-11.46;y=17.82;yaw=-1.25
66.5833332539,[debug],turtlebot2,simulation,robot-pose,x=-11.46;y=17.82;yaw=-1.25
66.7666666508,[debug],turtlebot3,simulation,robot-pose,x=-33.85;y=18.78;yaw=2.85
66.7666666508,[debug],turtlebot3,simulation,robot-pose,x=-33.85;y=18.78;yaw=2.85
66.8499999046,[debug],turtlebot4,simulation,robot-pose,x=-36.83;y=26.95;yaw=1.41
66.8499999046,[debug],turtlebot4,simulation,robot-pose,x=-36.83;y=26.95;yaw=1.41
66.9000000954,[debug],turtlebot5,simulation,robot-pose,x=-13.49;y=18.00;yaw=-1.47
66.9000000954,[debug],turtlebot5,simulation,robot-pose,x=-13.49;y=18.00;yaw=-1.47
79.4166667461,[debug],turtlebot1,simulation,robot-pose,x=-20.99;y=18.00;yaw=-1.54
79.4166667461,[debug],turtlebot1,simulation,robot-pose,x=-20.99;y=18.00;yaw=-1.54
81.5833332539,[debug],turtlebot2,simulation,robot-pose,x=-11.46;y=17.82;yaw=-1.25
81.5833332539,[debug],turtlebot2,simulation,robot-pose,x=-11.46;y=17.82;yaw=-1.25
81.7666666508,[debug],turtlebot3,simulation,robot-pose,x=-33.85;y=18.78;yaw=2.87
81.7666666508,[debug],turtlebot3,simulation,robot-pose,x=-33.85;y=18.78;yaw=2.87
81.8499999046,[debug],turtlebot4,simulation,robot-pose,x=-37.04;y=29.63;yaw=1.57
81.8499999046,[debug],turtlebot4,simulation,robot-pose,x=-37.04;y=29.63;yaw=1.57
81.9000000954,[debug],turtlebot5,simulation,robot-pose,x=-13.49;y=17.99;yaw=-1.45
81.9000000954,[debug],turtlebot5,simulation,robot-pose,x=-13.49;y=17.99;yaw=-1.45
94.4166667461,[debug],turtlebot1,simulation,robot-pose,x=-20.99;y=18.00;yaw=-1.54
94.4166667461,[debug],turtlebot1,simulation,robot-pose,x=-20.99;y=18.00;yaw=-1.54
96.5833332539,[debug],turtlebot2,simulation,robot-pose,x=-11.46;y=17.82;yaw=-1.25
96.5833332539,[debug],turtlebot2,simulation,robot-pose,x=-11.46;y=17.82;yaw=-1.25
96.7666666508,[debug],turtlebot3,simulation,robot-pose,x=-33.85;y=18.78;yaw=2.88
96.7666666508,[debug],turtlebot3,simulation,robot-pose,x=-33.85;y=18.78;yaw=2.88
96.8499999046,[debug],turtlebot4,simulation,robot-pose,x=-37.28;y=32.36;yaw=1.58
96.8499999046,[debug],turtlebot4,simulation,robot-pose,x=-37.28;y=32.36;yaw=1.58
96.9000000954,[debug],turtlebot5,simulation,robot-pose,x=-13.49;y=17.99;yaw=-1.44
96.9000000954,[debug],turtlebot5,simulation,robot-pose,x=-13.49;y=17.99;yaw=-1.44
108.733333349,[debug],turtlebot4,move-base-info,Hooray, the base moved arrived,(x=-37;y=33.98)
108.733333349,[debug],turtlebot4,move-base-info,Hooray, the base moved arrived,(x=-37;y=33.98)
108.900000095,[debug],turtlebot4,task-update,navigation,way-point-reached,66.66666666666666%
109.200000048,[info],turtlebot4,skill-life-cycle,navigation,(status=RUNNING, parameters=[[-37.0, 21.5, 1.5707963267948966, True], [-37.0, 33.98, 0.0, True], [-32.88, 33.98, 3.14, False]])
109.416666746,[debug],turtlebot1,simulation,robot-pose,x=-20.99;y=18.00;yaw=-1.54
109.416666746,[debug],turtlebot1,simulation,robot-pose,x=-20.99;y=18.00;yaw=-1.54
111.583333254,[debug],turtlebot2,simulation,robot-pose,x=-11.46;y=17.82;yaw=-1.25
111.583333254,[debug],turtlebot2,simulation,robot-pose,x=-11.46;y=17.82;yaw=-1.25
111.766666651,[debug],turtlebot3,simulation,robot-pose,x=-33.85;y=18.79;yaw=2.90
111.766666651,[debug],turtlebot3,simulation,robot-pose,x=-33.85;y=18.79;yaw=2.90
111.849999905,[debug],turtlebot4,simulation,robot-pose,x=-37.37;y=33.68;yaw=0.04
111.849999905,[debug],turtlebot4,simulation,robot-pose,x=-37.37;y=33.68;yaw=0.04
111.900000095,[debug],turtlebot5,simulation,robot-pose,x=-13.49;y=17.99;yaw=-1.42
111.900000095,[debug],turtlebot5,simulation,robot-pose,x=-13.49;y=17.99;yaw=-1.42
124.416666746,[debug],turtlebot1,simulation,robot-pose,x=-20.99;y=18.00;yaw=-1.54
124.416666746,[debug],turtlebot1,simulation,robot-pose,x=-20.99;y=18.00;yaw=-1.54
126.583333254,[debug],turtlebot2,simulation,robot-pose,x=-11.46;y=17.82;yaw=-1.25
126.583333254,[debug],turtlebot2,simulation,robot-pose,x=-11.46;y=17.82;yaw=-1.25
126.766666651,[debug],turtlebot3,simulation,robot-pose,x=-33.86;y=18.79;yaw=2.93
126.766666651,[debug],turtlebot3,simulation,robot-pose,x=-33.86;y=18.79;yaw=2.93
126.849999905,[debug],turtlebot4,simulation,robot-pose,x=-36.39;y=34.30;yaw=0.65
126.849999905,[debug],turtlebot4,simulation,robot-pose,x=-36.39;y=34.30;yaw=0.65
126.900000095,[debug],turtlebot5,simulation,robot-pose,x=-13.49;y=17.99;yaw=-1.40
126.900000095,[debug],turtlebot5,simulation,robot-pose,x=-13.49;y=17.99;yaw=-1.40
139.416666746,[debug],turtlebot1,simulation,robot-pose,x=-21.00;y=18.00;yaw=-1.54
139.416666746,[debug],turtlebot1,simulation,robot-pose,x=-21.00;y=18.00;yaw=-1.54
141.583333254,[debug],turtlebot2,simulation,robot-pose,x=-11.46;y=17.82;yaw=-1.25
141.583333254,[debug],turtlebot2,simulation,robot-pose,x=-11.46;y=17.82;yaw=-1.25
141.766666651,[debug],turtlebot3,simulation,robot-pose,x=-33.87;y=18.79;yaw=2.95
141.766666651,[debug],turtlebot3,simulation,robot-pose,x=-33.87;y=18.79;yaw=2.95
141.849999905,[debug],turtlebot4,simulation,robot-pose,x=-35.19;y=34.62;yaw=-0.33
141.849999905,[debug],turtlebot4,simulation,robot-pose,x=-35.19;y=34.62;yaw=-0.33
141.900000095,[debug],turtlebot5,simulation,robot-pose,x=-13.49;y=17.98;yaw=-1.38
141.900000095,[debug],turtlebot5,simulation,robot-pose,x=-13.49;y=17.98;yaw=-1.38
154.416666746,[debug],turtlebot1,simulation,robot-pose,x=-21.00;y=18.00;yaw=-1.54
154.416666746,[debug],turtlebot1,simulation,robot-pose,x=-21.00;y=18.00;yaw=-1.54
156.583333254,[debug],turtlebot2,simulation,robot-pose,x=-11.46;y=17.82;yaw=-1.25
156.583333254,[debug],turtlebot2,simulation,robot-pose,x=-11.46;y=17.82;yaw=-1.25
156.766666651,[debug],turtlebot3,simulation,robot-pose,x=-33.87;y=18.79;yaw=2.98
156.766666651,[debug],turtlebot3,simulation,robot-pose,x=-33.87;y=18.79;yaw=2.98
156.849999905,[debug],turtlebot4,simulation,robot-pose,x=-34.02;y=34.00;yaw=-0.43
156.849999905,[debug],turtlebot4,simulation,robot-pose,x=-34.02;y=34.00;yaw=-0.43
156.900000095,[debug],turtlebot5,simulation,robot-pose,x=-13.48;y=17.98;yaw=-1.36
156.900000095,[debug],turtlebot5,simulation,robot-pose,x=-13.48;y=17.98;yaw=-1.36
161.383333445,[info],turtlebot4,skill-life-cycle,navigation,(status=RUNNING, parameters=[[-37.0, 21.5, 1.5707963267948966, True], [-37.0, 33.98, 0.0, True], [-32.88, 33.98, 3.14, False]])
169.416666746,[debug],turtlebot1,simulation,robot-pose,x=-21.00;y=18.00;yaw=-1.54
169.416666746,[debug],turtlebot1,simulation,robot-pose,x=-21.00;y=18.00;yaw=-1.54
171.583333254,[debug],turtlebot2,simulation,robot-pose,x=-11.46;y=17.82;yaw=-1.25
171.583333254,[debug],turtlebot2,simulation,robot-pose,x=-11.46;y=17.82;yaw=-1.25
171.766666651,[debug],turtlebot3,simulation,robot-pose,x=-33.88;y=18.79;yaw=3.00
171.766666651,[debug],turtlebot3,simulation,robot-pose,x=-33.88;y=18.79;yaw=3.00
171.849999905,[debug],turtlebot4,simulation,robot-pose,x=-33.26;y=33.82;yaw=3.01
171.849999905,[debug],turtlebot4,simulation,robot-pose,x=-33.26;y=33.82;yaw=3.01
171.900000095,[debug],turtlebot5,simulation,robot-pose,x=-13.48;y=17.97;yaw=-1.34
171.900000095,[debug],turtlebot5,simulation,robot-pose,x=-13.48;y=17.97;yaw=-1.34
172.549999952,[debug],turtlebot4,move-base-info,Hooray, the base moved arrived,(x=-32.88;y=33.98)
172.549999952,[debug],turtlebot4,move-base-info,Hooray, the base moved arrived,(x=-32.88;y=33.98)
172.683333397,[debug],turtlebot4,task-update,navigation,way-point-reached,100.0%
172.783333302,[info],turtlebot4,skill-life-cycle,approach_person,(status=STARTED, parameters=['nurse'])
172.866666555,[debug],turtlebot4,task-update,approach_person,localize-person,(who=nurse)
173.150000095,[debug],turtlebot4,task-update,approach_person,goto-person,(who=nurse)
173.233333349,[info],turtlebot4,skill-life-cycle,authenticate_person,(status=STARTED, parameters=['nurse'])
173.299999952,[debug],turtlebot4,task-update,authenticate_person,request-authentication,(to=nurse)
173.299999952,[info],nurse,sync,received-request,(status=sending-request)
173.349999905,[info],nurse,sync,received-request,(status=sending-request)
173.983333349,[debug],turtlebot4,task-update,authenticate_person,received-authentication,(from=nurse)
174.066666603,[info],turtlebot4,skill-life-cycle,operate_drawer,(status=STARTED, parameters=['open'])
174.116666555,[debug],turtlebot4,task-update,operate_drawer,open
175.116666555,[info],turtlebot4,skill-life-cycle,send_message,(status=STARTED, parameters=['nurse'])
175.166666746,[info],turtlebot4,sync,send-message,(to=nurse)
176.066666603,[info],nurse,sync,wait-message,(status=message-received)
176.066666603,[info],nurse,sync,wait-message,(status=message-received)
178.883333445,[info],turtlebot4,skill-life-cycle,wait_message,(status=STARTED, parameters=['r1'])
180.066666603,[info],turtlebot4,sync,wait-message,(status=message-received)
180.166666746,[info],turtlebot4,skill-life-cycle,operate_drawer,(status=STARTED, parameters=['close'])
180.216666698,[debug],turtlebot4,task-update,operate_drawer,close
181.233333349,[info],turtlebot4,skill-life-cycle,navigation,(status=STARTED, parameters=[[-37.0, 33.98, -1.5707963267948966, True], [-37.0, 16.0, 0.0, True], [-26.0, 16.0, -1.5707963267948966, True], [-26.0, 13.0, 1.57, False]])
184.416666746,[debug],turtlebot1,simulation,robot-pose,x=-21.00;y=18.00;yaw=-1.54
184.416666746,[debug],turtlebot1,simulation,robot-pose,x=-21.00;y=18.00;yaw=-1.54
186.066666603,[info],nurse,sync,wait-message,(status=message-received)
186.066666603,[info],nurse,sync,wait-message,(status=message-received)
186.583333254,[debug],turtlebot2,simulation,robot-pose,x=-11.46;y=17.82;yaw=-1.25
186.583333254,[debug],turtlebot2,simulation,robot-pose,x=-11.46;y=17.82;yaw=-1.25
186.766666651,[debug],turtlebot3,simulation,robot-pose,x=-33.88;y=18.79;yaw=3.00
186.766666651,[debug],turtlebot3,simulation,robot-pose,x=-33.88;y=18.79;yaw=3.00
186.849999905,[debug],turtlebot4,simulation,robot-pose,x=-33.51;y=33.85;yaw=3.01
186.849999905,[debug],turtlebot4,simulation,robot-pose,x=-33.51;y=33.85;yaw=3.01
186.900000095,[debug],turtlebot5,simulation,robot-pose,x=-13.48;y=17.97;yaw=-1.32
186.900000095,[debug],turtlebot5,simulation,robot-pose,x=-13.48;y=17.97;yaw=-1.32
193.299999952,[info],nurse,sync,request-sent,(status=waiting)
193.400000095,[info],nurse,sync,request-sent,(status=waiting)
196.066666603,[info],nurse,sync,wait-message,(status=message-received)
196.066666603,[info],nurse,sync,wait-message,(status=message-received)
199.416666746,[debug],turtlebot1,simulation,robot-pose,x=-21.01;y=18.00;yaw=-1.54
199.416666746,[debug],turtlebot1,simulation,robot-pose,x=-21.01;y=18.00;yaw=-1.54
201.583333254,[debug],turtlebot2,simulation,robot-pose,x=-11.46;y=17.82;yaw=-1.25
201.583333254,[debug],turtlebot2,simulation,robot-pose,x=-11.46;y=17.82;yaw=-1.25
201.766666651,[debug],turtlebot3,simulation,robot-pose,x=-33.88;y=18.79;yaw=3.01
201.766666651,[debug],turtlebot3,simulation,robot-pose,x=-33.88;y=18.79;yaw=3.01
201.849999905,[debug],turtlebot4,simulation,robot-pose,x=-36.65;y=34.30;yaw=-1.78
201.849999905,[debug],turtlebot4,simulation,robot-pose,x=-36.65;y=34.30;yaw=-1.78
201.900000095,[debug],turtlebot5,simulation,robot-pose,x=-13.47;y=17.97;yaw=-1.30
201.900000095,[debug],turtlebot5,simulation,robot-pose,x=-13.47;y=17.97;yaw=-1.30
202.933333397,[debug],turtlebot4,move-base-info,Hooray, the base moved arrived,(x=-37;y=33.98)
202.933333397,[debug],turtlebot4,move-base-info,Hooray, the base moved arrived,(x=-37;y=33.98)
202.950000048,[debug],turtlebot4,task-update,navigation,way-point-reached,25.0%
206.066666603,[info],nurse,sync,wait-message,(status=message-received)
206.066666603,[info],nurse,sync,wait-message,(status=message-received)
214.416666746,[debug],turtlebot1,simulation,robot-pose,x=-21.01;y=18.00;yaw=-1.54
214.416666746,[debug],turtlebot1,simulation,robot-pose,x=-21.01;y=18.00;yaw=-1.54
215.599999905,[info],turtlebot4,skill-life-cycle,navigation,(status=RUNNING, parameters=[[-37.0, 33.98, -1.5707963267948966, True], [-37.0, 16.0, 0.0, True], [-26.0, 16.0, -1.5707963267948966, True], [-26.0, 13.0, 1.57, False]])
216.583333254,[debug],turtlebot2,simulation,robot-pose,x=-11.46;y=17.82;yaw=-1.25
216.583333254,[debug],turtlebot2,simulation,robot-pose,x=-11.46;y=17.82;yaw=-1.25
216.766666651,[debug],turtlebot3,simulation,robot-pose,x=-33.88;y=18.79;yaw=3.01
216.766666651,[debug],turtlebot3,simulation,robot-pose,x=-33.88;y=18.79;yaw=3.01
216.849999905,[debug],turtlebot4,simulation,robot-pose,x=-36.61;y=32.84;yaw=-1.57
216.849999905,[debug],turtlebot4,simulation,robot-pose,x=-36.61;y=32.84;yaw=-1.57
216.900000095,[debug],turtlebot5,simulation,robot-pose,x=-13.47;y=17.96;yaw=-1.28
216.900000095,[debug],turtlebot5,simulation,robot-pose,x=-13.47;y=17.96;yaw=-1.28
229.433333397,[debug],turtlebot1,simulation,robot-pose,x=-21.01;y=18.00;yaw=-1.54
229.433333397,[debug],turtlebot1,simulation,robot-pose,x=-21.01;y=18.00;yaw=-1.54
231.583333254,[debug],turtlebot2,simulation,robot-pose,x=-11.46;y=17.82;yaw=-1.25
231.583333254,[debug],turtlebot2,simulation,robot-pose,x=-11.46;y=17.82;yaw=-1.25
231.766666651,[debug],turtlebot3,simulation,robot-pose,x=-33.88;y=18.79;yaw=3.01
231.766666651,[debug],turtlebot3,simulation,robot-pose,x=-33.88;y=18.79;yaw=3.01
231.849999905,[debug],turtlebot4,simulation,robot-pose,x=-36.62;y=30.34;yaw=-1.58
231.849999905,[debug],turtlebot4,simulation,robot-pose,x=-36.62;y=30.34;yaw=-1.58
231.900000095,[debug],turtlebot5,simulation,robot-pose,x=-13.47;y=17.96;yaw=-1.26
231.900000095,[debug],turtlebot5,simulation,robot-pose,x=-13.47;y=17.96;yaw=-1.26
244.416666746,[debug],turtlebot1,simulation,robot-pose,x=-21.02;y=18.00;yaw=-1.54
244.416666746,[debug],turtlebot1,simulation,robot-pose,x=-21.02;y=18.00;yaw=-1.54
246.583333254,[debug],turtlebot2,simulation,robot-pose,x=-11.46;y=17.82;yaw=-1.25
246.583333254,[debug],turtlebot2,simulation,robot-pose,x=-11.46;y=17.82;yaw=-1.25
246.766666651,[debug],turtlebot3,simulation,robot-pose,x=-33.88;y=18.79;yaw=3.01
246.766666651,[debug],turtlebot3,simulation,robot-pose,x=-33.88;y=18.79;yaw=3.01
246.849999905,[debug],turtlebot4,simulation,robot-pose,x=-36.59;y=27.86;yaw=-1.58
246.849999905,[debug],turtlebot4,simulation,robot-pose,x=-36.59;y=27.86;yaw=-1.58
246.900000095,[debug],turtlebot5,simulation,robot-pose,x=-13.47;y=17.96;yaw=-1.24
246.900000095,[debug],turtlebot5,simulation,robot-pose,x=-13.47;y=17.96;yaw=-1.24
259.416666746,[debug],turtlebot1,simulation,robot-pose,x=-21.02;y=18.00;yaw=-1.54
259.416666746,[debug],turtlebot1,simulation,robot-pose,x=-21.02;y=18.00;yaw=-1.54
261.583333254,[debug],turtlebot2,simulation,robot-pose,x=-11.46;y=17.82;yaw=-1.25
261.583333254,[debug],turtlebot2,simulation,robot-pose,x=-11.46;y=17.82;yaw=-1.25
261.766666651,[debug],turtlebot3,simulation,robot-pose,x=-33.88;y=18.79;yaw=3.01
261.766666651,[debug],turtlebot3,simulation,robot-pose,x=-33.88;y=18.79;yaw=3.01
261.849999905,[debug],turtlebot4,simulation,robot-pose,x=-36.59;y=25.36;yaw=-1.58
261.849999905,[debug],turtlebot4,simulation,robot-pose,x=-36.59;y=25.36;yaw=-1.58
261.900000095,[debug],turtlebot5,simulation,robot-pose,x=-13.46;y=17.95;yaw=-1.22
261.900000095,[debug],turtlebot5,simulation,robot-pose,x=-13.46;y=17.95;yaw=-1.22
267.216666698,[info],turtlebot4,skill-life-cycle,navigation,(status=RUNNING, parameters=[[-37.0, 33.98, -1.5707963267948966, True], [-37.0, 16.0, 0.0, True], [-26.0, 16.0, -1.5707963267948966, True], [-26.0, 13.0, 1.57, False]])
274.416666746,[debug],turtlebot1,simulation,robot-pose,x=-21.03;y=18.00;yaw=-1.54
274.416666746,[debug],turtlebot1,simulation,robot-pose,x=-21.03;y=18.00;yaw=-1.54
276.583333254,[debug],turtlebot2,simulation,robot-pose,x=-11.46;y=17.82;yaw=-1.25
276.583333254,[debug],turtlebot2,simulation,robot-pose,x=-11.46;y=17.82;yaw=-1.25
276.766666651,[debug],turtlebot3,simulation,robot-pose,x=-33.88;y=18.79;yaw=3.01
276.766666651,[debug],turtlebot3,simulation,robot-pose,x=-33.88;y=18.79;yaw=3.01
276.849999905,[debug],turtlebot4,simulation,robot-pose,x=-36.66;y=22.80;yaw=-1.68
276.849999905,[debug],turtlebot4,simulation,robot-pose,x=-36.66;y=22.80;yaw=-1.68
276.900000095,[debug],turtlebot5,simulation,robot-pose,x=-13.46;y=17.95;yaw=-1.20
276.900000095,[debug],turtlebot5,simulation,robot-pose,x=-13.46;y=17.95;yaw=-1.20
289.416666746,[debug],turtlebot1,simulation,robot-pose,x=-21.03;y=18.00;yaw=-1.54
289.416666746,[debug],turtlebot1,simulation,robot-pose,x=-21.03;y=18.00;yaw=-1.54
291.583333254,[debug],turtlebot2,simulation,robot-pose,x=-11.46;y=17.82;yaw=-1.25
291.583333254,[debug],turtlebot2,simulation,robot-pose,x=-11.46;y=17.82;yaw=-1.25
291.766666651,[debug],turtlebot3,simulation,robot-pose,x=-33.88;y=18.79;yaw=3.01
291.766666651,[debug],turtlebot3,simulation,robot-pose,x=-33.88;y=18.79;yaw=3.01
291.849999905,[debug],turtlebot4,simulation,robot-pose,x=-36.68;y=20.29;yaw=-1.56
291.849999905,[debug],turtlebot4,simulation,robot-pose,x=-36.68;y=20.29;yaw=-1.56
291.900000095,[debug],turtlebot5,simulation,robot-pose,x=-13.46;y=17.95;yaw=-1.18
291.900000095,[debug],turtlebot5,simulation,robot-pose,x=-13.46;y=17.95;yaw=-1.18
304.416666746,[debug],turtlebot1,simulation,robot-pose,x=-21.03;y=18.00;yaw=-1.54
304.416666746,[debug],turtlebot1,simulation,robot-pose,x=-21.03;y=18.00;yaw=-1.54
306.583333254,[debug],turtlebot2,simulation,robot-pose,x=-11.47;y=17.82;yaw=-1.25
306.583333254,[debug],turtlebot2,simulation,robot-pose,x=-11.47;y=17.82;yaw=-1.25
306.766666651,[debug],turtlebot3,simulation,robot-pose,x=-33.88;y=18.79;yaw=3.01
306.766666651,[debug],turtlebot3,simulation,robot-pose,x=-33.88;y=18.79;yaw=3.01
306.866666555,[debug],turtlebot4,simulation,robot-pose,x=-36.67;y=17.80;yaw=-1.58
306.866666555,[debug],turtlebot4,simulation,robot-pose,x=-36.67;y=17.80;yaw=-1.58
306.900000095,[debug],turtlebot5,simulation,robot-pose,x=-13.45;y=17.94;yaw=-1.16
306.900000095,[debug],turtlebot5,simulation,robot-pose,x=-13.45;y=17.94;yaw=-1.16
318.916666746,[info],turtlebot4,skill-life-cycle,navigation,(status=RUNNING, parameters=[[-37.0, 33.98, -1.5707963267948966, True], [-37.0, 16.0, 0.0, True], [-26.0, 16.0, -1.5707963267948966, True], [-26.0, 13.0, 1.57, False]])
319.416666746,[debug],turtlebot1,simulation,robot-pose,x=-21.03;y=18.00;yaw=-1.54
319.416666746,[debug],turtlebot1,simulation,robot-pose,x=-21.03;y=18.00;yaw=-1.54
319.416666746,[debug],turtlebot4,move-base-info,Hooray, the base moved arrived,(x=-37;y=16)
319.416666746,[debug],turtlebot4,move-base-info,Hooray, the base moved arrived,(x=-37;y=16)
319.583333254,[debug],turtlebot4,task-update,navigation,way-point-reached,50.0%
321.583333254,[debug],turtlebot2,simulation,robot-pose,x=-11.47;y=17.82;yaw=-1.25
321.583333254,[debug],turtlebot2,simulation,robot-pose,x=-11.47;y=17.82;yaw=-1.25
321.766666651,[debug],turtlebot3,simulation,robot-pose,x=-33.88;y=18.79;yaw=3.01
321.766666651,[debug],turtlebot3,simulation,robot-pose,x=-33.88;y=18.79;yaw=3.01
321.849999905,[debug],turtlebot4,simulation,robot-pose,x=-36.87;y=16.41;yaw=-0.04
321.849999905,[debug],turtlebot4,simulation,robot-pose,x=-36.87;y=16.41;yaw=-0.04
321.900000095,[debug],turtlebot5,simulation,robot-pose,x=-13.45;y=17.94;yaw=-1.14
321.900000095,[debug],turtlebot5,simulation,robot-pose,x=-13.45;y=17.94;yaw=-1.14
334.416666746,[debug],turtlebot1,simulation,robot-pose,x=-21.03;y=18.00;yaw=-1.54
334.416666746,[debug],turtlebot1,simulation,robot-pose,x=-21.03;y=18.00;yaw=-1.54
336.583333254,[debug],turtlebot2,simulation,robot-pose,x=-11.47;y=17.82;yaw=-1.25
336.583333254,[debug],turtlebot2,simulation,robot-pose,x=-11.47;y=17.82;yaw=-1.25
336.766666651,[debug],turtlebot3,simulation,robot-pose,x=-33.88;y=18.79;yaw=3.01
336.766666651,[debug],turtlebot3,simulation,robot-pose,x=-33.88;y=18.79;yaw=3.01
336.849999905,[debug],turtlebot4,simulation,robot-pose,x=-36.05;y=15.57;yaw=-0.48
336.849999905,[debug],turtlebot4,simulation,robot-pose,x=-36.05;y=15.57;yaw=-0.48
336.900000095,[debug],turtlebot5,simulation,robot-pose,x=-13.44;y=17.94;yaw=-1.14
336.900000095,[debug],turtlebot5,simulation,robot-pose,x=-13.44;y=17.94;yaw=-1.14
349.416666746,[debug],turtlebot1,simulation,robot-pose,x=-21.03;y=18.00;yaw=-1.54
349.416666746,[debug],turtlebot1,simulation,robot-pose,x=-21.03;y=18.00;yaw=-1.54
351.583333254,[debug],turtlebot2,simulation,robot-pose,x=-11.47;y=17.82;yaw=-1.25
351.583333254,[debug],turtlebot2,simulation,robot-pose,x=-11.47;y=17.82;yaw=-1.25
351.766666651,[debug],turtlebot3,simulation,robot-pose,x=-33.88;y=18.79;yaw=3.01
351.766666651,[debug],turtlebot3,simulation,robot-pose,x=-33.88;y=18.79;yaw=3.01
351.849999905,[debug],turtlebot4,simulation,robot-pose,x=-34.82;y=15.29;yaw=-0.05
351.849999905,[debug],turtlebot4,simulation,robot-pose,x=-34.82;y=15.29;yaw=-0.05
351.900000095,[debug],turtlebot5,simulation,robot-pose,x=-13.44;y=17.94;yaw=-1.13
351.900000095,[debug],turtlebot5,simulation,robot-pose,x=-13.44;y=17.94;yaw=-1.13
364.416666746,[debug],turtlebot1,simulation,robot-pose,x=-21.03;y=18.00;yaw=-1.54
364.416666746,[debug],turtlebot1,simulation,robot-pose,x=-21.03;y=18.00;yaw=-1.54
366.583333254,[debug],turtlebot2,simulation,robot-pose,x=-11.47;y=17.82;yaw=-1.25
366.583333254,[debug],turtlebot2,simulation,robot-pose,x=-11.47;y=17.82;yaw=-1.25
366.766666651,[debug],turtlebot3,simulation,robot-pose,x=-33.88;y=18.79;yaw=3.01
366.766666651,[debug],turtlebot3,simulation,robot-pose,x=-33.88;y=18.79;yaw=3.01
366.866666555,[debug],turtlebot4,simulation,robot-pose,x=-33.57;y=15.29;yaw=0.04
366.866666555,[debug],turtlebot4,simulation,robot-pose,x=-33.57;y=15.29;yaw=0.04
366.900000095,[debug],turtlebot5,simulation,robot-pose,x=-13.44;y=17.94;yaw=-1.12
366.900000095,[debug],turtlebot5,simulation,robot-pose,x=-13.44;y=17.94;yaw=-1.12
370.416666746,[info],turtlebot4,skill-life-cycle,navigation,(status=RUNNING, parameters=[[-37.0, 33.98, -1.5707963267948966, True], [-37.0, 16.0, 0.0, True], [-26.0, 16.0, -1.5707963267948966, True], [-26.0, 13.0, 1.57, False]])
379.416666746,[debug],turtlebot1,simulation,robot-pose,x=-21.03;y=18.00;yaw=-1.54
379.416666746,[debug],turtlebot1,simulation,robot-pose,x=-21.03;y=18.00;yaw=-1.54
381.583333254,[debug],turtlebot2,simulation,robot-pose,x=-11.47;y=17.82;yaw=-1.25
381.583333254,[debug],turtlebot2,simulation,robot-pose,x=-11.47;y=17.82;yaw=-1.25
381.766666651,[debug],turtlebot3,simulation,robot-pose,x=-33.88;y=18.79;yaw=3.01
381.766666651,[debug],turtlebot3,simulation,robot-pose,x=-33.88;y=18.79;yaw=3.01
381.849999905,[debug],turtlebot4,simulation,robot-pose,x=-32.32;y=15.30;yaw=0.05
381.849999905,[debug],turtlebot4,simulation,robot-pose,x=-32.32;y=15.30;yaw=0.05
381.900000095,[debug],turtlebot5,simulation,robot-pose,x=-13.44;y=17.93;yaw=-1.11
381.900000095,[debug],turtlebot5,simulation,robot-pose,x=-13.44;y=17.93;yaw=-1.11
394.416666746,[debug],turtlebot1,simulation,robot-pose,x=-21.03;y=18.00;yaw=-1.54
394.416666746,[debug],turtlebot1,simulation,robot-pose,x=-21.03;y=18.00;yaw=-1.54
396.583333254,[debug],turtlebot2,simulation,robot-pose,x=-11.47;y=17.82;yaw=-1.25
396.583333254,[debug],turtlebot2,simulation,robot-pose,x=-11.47;y=17.82;yaw=-1.25
396.766666651,[debug],turtlebot3,simulation,robot-pose,x=-33.88;y=18.79;yaw=3.01
396.766666651,[debug],turtlebot3,simulation,robot-pose,x=-33.88;y=18.79;yaw=3.01
396.849999905,[debug],turtlebot4,simulation,robot-pose,x=-31.07;y=15.44;yaw=0.18
396.849999905,[debug],turtlebot4,simulation,robot-pose,x=-31.07;y=15.44;yaw=0.18
396.900000095,[debug],turtlebot5,simulation,robot-pose,x=-13.43;y=17.93;yaw=-1.10
396.900000095,[debug],turtlebot5,simulation,robot-pose,x=-13.43;y=17.93;yaw=-1.10
409.416666746,[debug],turtlebot1,simulation,robot-pose,x=-21.03;y=18.00;yaw=-1.54
409.416666746,[debug],turtlebot1,simulation,robot-pose,x=-21.03;y=18.00;yaw=-1.54
411.583333254,[debug],turtlebot2,simulation,robot-pose,x=-11.47;y=17.82;yaw=-1.25
411.583333254,[debug],turtlebot2,simulation,robot-pose,x=-11.47;y=17.82;yaw=-1.25
411.766666651,[debug],turtlebot3,simulation,robot-pose,x=-33.88;y=18.79;yaw=3.01
411.766666651,[debug],turtlebot3,simulation,robot-pose,x=-33.88;y=18.79;yaw=3.01
411.849999905,[debug],turtlebot4,simulation,robot-pose,x=-29.83;y=15.67;yaw=0.07
411.849999905,[debug],turtlebot4,simulation,robot-pose,x=-29.83;y=15.67;yaw=0.07
411.900000095,[debug],turtlebot5,simulation,robot-pose,x=-13.43;y=17.93;yaw=-1.10
411.900000095,[debug],turtlebot5,simulation,robot-pose,x=-13.43;y=17.93;yaw=-1.10
421.849999905,[info],turtlebot4,skill-life-cycle,navigation,(status=RUNNING, parameters=[[-37.0, 33.98, -1.5707963267948966, True], [-37.0, 16.0, 0.0, True], [-26.0, 16.0, -1.5707963267948966, True], [-26.0, 13.0, 1.57, False]])
424.416666746,[debug],turtlebot1,simulation,robot-pose,x=-21.03;y=18.00;yaw=-1.54
424.416666746,[debug],turtlebot1,simulation,robot-pose,x=-21.03;y=18.00;yaw=-1.54
426.583333254,[debug],turtlebot2,simulation,robot-pose,x=-11.47;y=17.82;yaw=-1.25
426.583333254,[debug],turtlebot2,simulation,robot-pose,x=-11.47;y=17.82;yaw=-1.25
426.766666651,[debug],turtlebot3,simulation,robot-pose,x=-33.88;y=18.79;yaw=3.01
426.766666651,[debug],turtlebot3,simulation,robot-pose,x=-33.88;y=18.79;yaw=3.01
426.849999905,[debug],turtlebot4,simulation,robot-pose,x=-28.58;y=15.70;yaw=0.01
426.849999905,[debug],turtlebot4,simulation,robot-pose,x=-28.58;y=15.70;yaw=0.01
426.900000095,[debug],turtlebot5,simulation,robot-pose,x=-13.43;y=17.93;yaw=-1.10
426.900000095,[debug],turtlebot5,simulation,robot-pose,x=-13.43;y=17.93;yaw=-1.10
439.416666746,[debug],turtlebot1,simulation,robot-pose,x=-21.03;y=18.00;yaw=-1.54
439.416666746,[debug],turtlebot1,simulation,robot-pose,x=-21.03;y=18.00;yaw=-1.54
441.583333254,[debug],turtlebot2,simulation,robot-pose,x=-11.47;y=17.82;yaw=-1.25
441.583333254,[debug],turtlebot2,simulation,robot-pose,x=-11.47;y=17.82;yaw=-1.25
441.766666651,[debug],turtlebot3,simulation,robot-pose,x=-33.88;y=18.79;yaw=3.01
441.766666651,[debug],turtlebot3,simulation,robot-pose,x=-33.88;y=18.79;yaw=3.01
441.849999905,[debug],turtlebot4,simulation,robot-pose,x=-27.33;y=15.71;yaw=0.00
441.849999905,[debug],turtlebot4,simulation,robot-pose,x=-27.33;y=15.71;yaw=0.00
441.900000095,[debug],turtlebot5,simulation,robot-pose,x=-13.42;y=17.93;yaw=-1.09
441.900000095,[debug],turtlebot5,simulation,robot-pose,x=-13.42;y=17.93;yaw=-1.09
454.416666746,[debug],turtlebot1,simulation,robot-pose,x=-21.03;y=18.00;yaw=-1.54
454.416666746,[debug],turtlebot1,simulation,robot-pose,x=-21.03;y=18.00;yaw=-1.54
456.583333254,[debug],turtlebot2,simulation,robot-pose,x=-11.47;y=17.82;yaw=-1.25
456.583333254,[debug],turtlebot2,simulation,robot-pose,x=-11.47;y=17.82;yaw=-1.25
456.766666651,[debug],turtlebot3,simulation,robot-pose,x=-33.88;y=18.79;yaw=3.01
456.766666651,[debug],turtlebot3,simulation,robot-pose,x=-33.88;y=18.79;yaw=3.01
456.849999905,[debug],turtlebot4,simulation,robot-pose,x=-26.43;y=15.91;yaw=-1.50
456.849999905,[debug],turtlebot4,simulation,robot-pose,x=-26.43;y=15.91;yaw=-1.50
456.900000095,[debug],turtlebot5,simulation,robot-pose,x=-13.42;y=17.92;yaw=-1.07
456.900000095,[debug],turtlebot5,simulation,robot-pose,x=-13.42;y=17.92;yaw=-1.07
457.133333445,[debug],turtlebot4,move-base-info,Hooray, the base moved arrived,(x=-26;y=16)
457.133333445,[debug],turtlebot4,move-base-info,Hooray, the base moved arrived,(x=-26;y=16)
457.233333349,[debug],turtlebot4,task-update,navigation,way-point-reached,75.0%
469.416666746,[debug],turtlebot1,simulation,robot-pose,x=-21.03;y=18.00;yaw=-1.54
469.416666746,[debug],turtlebot1,simulation,robot-pose,x=-21.03;y=18.00;yaw=-1.54
471.583333254,[debug],turtlebot2,simulation,robot-pose,x=-11.47;y=17.82;yaw=-1.25
471.583333254,[debug],turtlebot2,simulation,robot-pose,x=-11.47;y=17.82;yaw=-1.25
471.766666651,[debug],turtlebot3,simulation,robot-pose,x=-33.88;y=18.79;yaw=3.01
471.766666651,[debug],turtlebot3,simulation,robot-pose,x=-33.88;y=18.79;yaw=3.01
471.849999905,[debug],turtlebot4,simulation,robot-pose,x=-26.16;y=14.62;yaw=-1.62
471.849999905,[debug],turtlebot4,simulation,robot-pose,x=-26.16;y=14.62;yaw=-1.62
471.900000095,[debug],turtlebot5,simulation,robot-pose,x=-13.42;y=17.92;yaw=-1.06
471.900000095,[debug],turtlebot5,simulation,robot-pose,x=-13.42;y=17.92;yaw=-1.06
473.883333445,[info],turtlebot4,skill-life-cycle,navigation,(status=RUNNING, parameters=[[-37.0, 33.98, -1.5707963267948966, True], [-37.0, 16.0, 0.0, True], [-26.0, 16.0, -1.5707963267948966, True], [-26.0, 13.0, 1.57, False]])
484.416666746,[debug],turtlebot1,simulation,robot-pose,x=-21.03;y=18.00;yaw=-1.54
484.416666746,[debug],turtlebot1,simulation,robot-pose,x=-21.03;y=18.00;yaw=-1.54
486.583333254,[debug],turtlebot2,simulation,robot-pose,x=-11.47;y=17.82;yaw=-1.25
486.583333254,[debug],turtlebot2,simulation,robot-pose,x=-11.47;y=17.82;yaw=-1.25
486.766666651,[debug],turtlebot3,simulation,robot-pose,x=-33.88;y=18.79;yaw=3.01
486.766666651,[debug],turtlebot3,simulation,robot-pose,x=-33.88;y=18.79;yaw=3.01
486.849999905,[debug],turtlebot4,simulation,robot-pose,x=-25.88;y=13.41;yaw=3.11
486.849999905,[debug],turtlebot4,simulation,robot-pose,x=-25.88;y=13.41;yaw=3.11
486.900000095,[debug],turtlebot5,simulation,robot-pose,x=-13.42;y=17.92;yaw=-1.05
486.900000095,[debug],turtlebot5,simulation,robot-pose,x=-13.42;y=17.92;yaw=-1.05
491.099999905,[debug],turtlebot4,move-base-info,Hooray, the base moved arrived,(x=-26;y=13)
491.099999905,[debug],turtlebot4,move-base-info,Hooray, the base moved arrived,(x=-26;y=13)
491.333333254,[debug],turtlebot4,task-update,navigation,way-point-reached,100.0%
491.766666651,[info],turtlebot4,skill-life-cycle,approach_robot,(status=STARTED, parameters=['lab_arm'])
491.816666603,[debug],turtlebot4,task-update,approach_robot,localize-robot,(who=lab_arm)
491.900000095,[debug],turtlebot4,task-update,approach_robot,goto-robot,(who=lab_arm)
492.0,[info],turtlebot4,skill-life-cycle,operate_drawer,(status=STARTED, parameters=['open'])
492.083333254,[debug],turtlebot4,task-update,operate_drawer,open
493.099999905,[info],turtlebot4,skill-life-cycle,send_message,(status=STARTED, parameters=['lab_arm'])
493.200000048,[info],turtlebot4,sync,send-message,(to=lab_arm)
494.083333254,[info],lab_arm,sync,wait-message,(status=message-received)
494.083333254,[info],lab_arm,sync,wait-message,(status=message-received)
494.083333254,[info],Inventory,sync,wait-sample,(status=sample-received)
494.083333254,[info],Inventory,sync,wait-sample,(status=sample-received)
494.099999905,ENDSIM
494.099999905,ENDSIM
499.416666746,[debug],turtlebot1,simulation,robot-pose,x=-21.03;y=18.00;yaw=-1.54
499.416666746,[debug],turtlebot1,simulation,robot-pose,x=-21.03;y=18.00;yaw=-1.54
501.583333254,[debug],turtlebot2,simulation,robot-pose,x=-11.47;y=17.82;yaw=-1.25
501.583333254,[debug],turtlebot2,simulation,robot-pose,x=-11.47;y=17.82;yaw=-1.25
501.766666651,[debug],turtlebot3,simulation,robot-pose,x=-33.88;y=18.79;yaw=3.01
501.766666651,[debug],turtlebot3,simulation,robot-pose,x=-33.88;y=18.79;yaw=3.01
501.849999905,[debug],turtlebot4,simulation,robot-pose,x=-25.93;y=13.39;yaw=1.62
501.849999905,[debug],turtlebot4,simulation,robot-pose,x=-25.93;y=13.39;yaw=1.62
501.900000095,[debug],turtlebot5,simulation,robot-pose,x=-13.42;y=17.92;yaw=-1.04
501.900000095,[debug],turtlebot5,simulation,robot-pose,x=-13.42;y=17.92;yaw=-1.04
504.083333254,[info],Inventory,sync,wait-sample,(status=sample-received)
504.083333254,[info],Inventory,sync,wait-sample,(status=sample-received)
504.083333254,ENDSIM
504.083333254,ENDSIM
504.083333254,[info],lab_arm,sync,wait-message,(status=message-received)
504.083333254,[info],lab_arm,sync,wait-message,(status=message-received)
504.083333254,[info],Inventory,sync,wait-sample,(status=sample-received)
504.083333254,ENDSIM
504.083333254,[info],Inventory,sync,wait-sample,(status=sample-received)
504.083333254,ENDSIM
0.0,[debug],simulation closed,reach-target,execution-wall-clock=609.9002258777618
