0.0,0.0,[debug],logger,init,time
ROBOTS_CONFIG=[{"avg_speed": 0.15, "battery_charge": 0.34, "battery_discharge_rate": 0.00017, "id": 0, "local_plan": null, "location": "IC Room 6", "position": [-33.9, 18.93, 3.14], "skills": ["approach_person", "approach_robot", "authenticate_person", "deposit", "navigation", "operate_drawer", "pick_up"]}, {"avg_speed": 0.15, "battery_charge": 0.26, "battery_discharge_rate": 0.00018, "id": 1, "local_plan": [["navigation", ["PC Room 3", [[-33.9, 18.93, 3.14], [-37.0, 18.93], [-37.0, 16.0], [-28.5, 16.0], [-28.5, 18.0, -1.57]]]], ["approach_person", ["nurse"]], ["authenticate_person", ["nurse"]], ["operate_drawer", ["open"]], ["send_message", ["nurse"]], ["wait_message", ["r1"]], ["operate_drawer", ["close"]], ["navigation", ["Laboratory", [[-28.5, 18.0, -1.57], [-28.5, 16.0], [-26.0, 16.0], [-26.0, 13.0, 1.57]]]], ["approach_robot", ["lab_arm"]], ["operate_drawer", ["open"]], ["send_message", ["lab_arm"]], ["wait_message", ["r1"]], ["operate_drawer", ["close"]]], "location": "PC Room 4", "position": [-27.23, 18.0, -1.57], "skills": ["approach_person", "approach_robot", "authenticate_person", "deposit", "navigation", "operate_drawer", "pick_up"]}, {"avg_speed": 0.15, "battery_charge": 0.45, "battery_discharge_rate": 0.00012000000000000002, "id": 2, "local_plan": null, "location": "IC Room 3", "position": [-40.23, 25.37, 0.0], "skills": ["approach_person", "approach_robot", "authenticate_person", "deposit", "navigation", "pick_up"]}, {"avg_speed": 0.15, "battery_charge": 0.43, "battery_discharge_rate": 0.00011, "id": 3, "local_plan": null, "location": "PC Room 5", "position": [-21.0, 18.0, -1.57], "skills": ["approach_person", "approach_robot", "authenticate_person", "deposit", "navigation", "pick_up"]}, {"avg_speed": 0.15, "battery_charge": 0.16, "battery_discharge_rate": 0.00015000000000000001, "id": 4, "local_plan": null, "location": "IC Room 2", "position": [-38.0, 21.5, 0.0], "skills": ["approach_person", "approach_robot", "authenticate_person", "deposit", "navigation", "pick_up"]}]
NURSES_CONFIG=[{"location": "PC Room 3", "position": [-29.5, 19.0, -1.57]}]
logger,1626083211625007152,Simulation open
0.0166666507721,[debug],logger,init,subcribing to in the topic /log
1.58333325386,[debug],turtlebot4,move-base-info,Move_base is up and ok....,
1.6166665554,[debug],turtlebot3,move-base-info,Move_base is up and ok....,
1.65000009537,[debug],turtlebot2,move-base-info,Move_base is up and ok....,
1.75,[debug],turtlebot5,move-base-info,Move_base is up and ok....,
2.08333325386,[debug],turtlebot1,move-base-info,Move_base is up and ok....,
6.54999995232,[info],turtlebot2,skill-life-cycle,init_robobt,(status=RUNNING, parameters=[])
8.46666669846,[info],turtlebot4,skill-life-cycle,init_robobt,(status=RUNNING, parameters=[])
8.75,[info],turtlebot1,skill-life-cycle,init_robobt,(status=RUNNING, parameters=[])
9.03333330154,[debug],turtlebot2,available-skills,['send_message', 'wait_message', 'approach_person', 'approach_robot', 'authenticate_person', 'deposit', 'navigation', 'operate_drawer', 'pick_up'],
9.03333330154,[info],turtlebot2,skill-life-cycle,navigation,(status=STARTED, parameters=[[-37.0, 18.93, -1.5707963267948966, True], [-37.0, 16.0, 0.0, True], [-28.5, 16.0, 1.5707963267948966, True], [-28.5, 18.0, -1.57, False]])
9.25,[info],turtlebot3,skill-life-cycle,init_robobt,(status=RUNNING, parameters=[])
23.6500000954,[debug],turtlebot1,simulation,robot-pose,x=-33.83;y=18.78;yaw=2.80
23.6500000954,[debug],turtlebot1,simulation,robot-pose,x=-33.83;y=18.78;yaw=2.80
23.9000000954,[debug],turtlebot2,simulation,robot-pose,x=-27.14;y=17.16;yaw=-1.57
23.9000000954,[debug],turtlebot2,simulation,robot-pose,x=-27.14;y=17.16;yaw=-1.57
23.9333333969,[debug],turtlebot4,simulation,robot-pose,x=-20.99;y=18.00;yaw=-1.54
23.9333333969,[debug],turtlebot3,simulation,robot-pose,x=-40.39;y=25.23;yaw=0.34
23.9333333969,[debug],turtlebot4,simulation,robot-pose,x=-20.99;y=18.00;yaw=-1.54
23.9333333969,[debug],turtlebot3,simulation,robot-pose,x=-40.39;y=25.23;yaw=0.34
23.9500000477,[debug],turtlebot5,simulation,robot-pose,x=-38.00;y=21.48;yaw=0.01
23.9500000477,[debug],turtlebot5,simulation,robot-pose,x=-38.00;y=21.48;yaw=0.01
38.6500000954,[debug],turtlebot1,simulation,robot-pose,x=-33.84;y=18.78;yaw=2.82
38.6500000954,[debug],turtlebot1,simulation,robot-pose,x=-33.84;y=18.78;yaw=2.82
38.9000000954,[debug],turtlebot2,simulation,robot-pose,x=-27.16;y=17.30;yaw=-1.48
38.9000000954,[debug],turtlebot2,simulation,robot-pose,x=-27.16;y=17.30;yaw=-1.48
38.9333333969,[debug],turtlebot4,simulation,robot-pose,x=-20.99;y=18.00;yaw=-1.54
38.9333333969,[debug],turtlebot4,simulation,robot-pose,x=-20.99;y=18.00;yaw=-1.54
38.9333333969,[debug],turtlebot3,simulation,robot-pose,x=-40.39;y=25.23;yaw=0.33
38.9333333969,[debug],turtlebot3,simulation,robot-pose,x=-40.39;y=25.23;yaw=0.33
38.9666666985,[debug],turtlebot5,simulation,robot-pose,x=-38.00;y=21.48;yaw=0.01
38.9666666985,[debug],turtlebot5,simulation,robot-pose,x=-38.00;y=21.48;yaw=0.01
53.6500000954,[debug],turtlebot1,simulation,robot-pose,x=-33.85;y=18.78;yaw=2.84
53.6500000954,[debug],turtlebot1,simulation,robot-pose,x=-33.85;y=18.78;yaw=2.84
53.9000000954,[debug],turtlebot2,simulation,robot-pose,x=-27.15;y=17.25;yaw=-1.45
53.9000000954,[debug],turtlebot2,simulation,robot-pose,x=-27.15;y=17.25;yaw=-1.45
53.9333333969,[debug],turtlebot4,simulation,robot-pose,x=-20.99;y=18.00;yaw=-1.54
53.9333333969,[debug],turtlebot3,simulation,robot-pose,x=-40.39;y=25.23;yaw=0.33
53.9333333969,[debug],turtlebot4,simulation,robot-pose,x=-20.99;y=18.00;yaw=-1.54
53.9333333969,[debug],turtlebot3,simulation,robot-pose,x=-40.39;y=25.23;yaw=0.33
53.9500000477,[debug],turtlebot5,simulation,robot-pose,x=-38.00;y=21.48;yaw=0.01
53.9500000477,[debug],turtlebot5,simulation,robot-pose,x=-38.00;y=21.48;yaw=0.01
54.1833333969,[info],turtlebot2,skill-life-cycle,navigation,(status=RUNNING, parameters=[[-37.0, 18.93, -1.5707963267948966, True], [-37.0, 16.0, 0.0, True], [-28.5, 16.0, 1.5707963267948966, True], [-28.5, 18.0, -1.57, False]])
68.6500000954,[debug],turtlebot1,simulation,robot-pose,x=-33.85;y=18.78;yaw=2.85
68.6500000954,[debug],turtlebot1,simulation,robot-pose,x=-33.85;y=18.78;yaw=2.85
68.9000000954,[debug],turtlebot2,simulation,robot-pose,x=-27.15;y=17.21;yaw=-1.50
68.9000000954,[debug],turtlebot2,simulation,robot-pose,x=-27.15;y=17.21;yaw=-1.50
68.9333333969,[debug],turtlebot3,simulation,robot-pose,x=-40.39;y=25.23;yaw=0.33
68.9333333969,[debug],turtlebot3,simulation,robot-pose,x=-40.39;y=25.23;yaw=0.33
68.9333333969,[debug],turtlebot4,simulation,robot-pose,x=-20.99;y=18.00;yaw=-1.54
68.9333333969,[debug],turtlebot4,simulation,robot-pose,x=-20.99;y=18.00;yaw=-1.54
68.9500000477,[debug],turtlebot5,simulation,robot-pose,x=-38.00;y=21.48;yaw=0.01
68.9500000477,[debug],turtlebot5,simulation,robot-pose,x=-38.00;y=21.48;yaw=0.01
83.6500000954,[debug],turtlebot1,simulation,robot-pose,x=-33.85;y=18.78;yaw=2.87
83.6500000954,[debug],turtlebot1,simulation,robot-pose,x=-33.85;y=18.78;yaw=2.87
83.9000000954,[debug],turtlebot2,simulation,robot-pose,x=-27.15;y=17.21;yaw=-1.50
83.9000000954,[debug],turtlebot2,simulation,robot-pose,x=-27.15;y=17.21;yaw=-1.50
83.9333333969,[debug],turtlebot3,simulation,robot-pose,x=-40.39;y=25.23;yaw=0.33
83.9333333969,[debug],turtlebot3,simulation,robot-pose,x=-40.39;y=25.23;yaw=0.33
83.9333333969,[debug],turtlebot4,simulation,robot-pose,x=-20.99;y=18.00;yaw=-1.54
83.9333333969,[debug],turtlebot4,simulation,robot-pose,x=-20.99;y=18.00;yaw=-1.54
83.9500000477,[debug],turtlebot5,simulation,robot-pose,x=-38.00;y=21.48;yaw=0.01
83.9500000477,[debug],turtlebot5,simulation,robot-pose,x=-38.00;y=21.48;yaw=0.01
98.6500000954,[debug],turtlebot1,simulation,robot-pose,x=-33.85;y=18.78;yaw=2.89
98.6500000954,[debug],turtlebot1,simulation,robot-pose,x=-33.85;y=18.78;yaw=2.89
98.9000000954,[debug],turtlebot2,simulation,robot-pose,x=-27.17;y=17.46;yaw=-1.44
98.9000000954,[debug],turtlebot2,simulation,robot-pose,x=-27.17;y=17.46;yaw=-1.44
98.9333333969,[debug],turtlebot3,simulation,robot-pose,x=-40.39;y=25.23;yaw=0.33
98.9333333969,[debug],turtlebot3,simulation,robot-pose,x=-40.39;y=25.23;yaw=0.33
98.9333333969,[debug],turtlebot4,simulation,robot-pose,x=-20.99;y=18.00;yaw=-1.54
98.9333333969,[debug],turtlebot4,simulation,robot-pose,x=-20.99;y=18.00;yaw=-1.54
98.9500000477,[debug],turtlebot5,simulation,robot-pose,x=-38.00;y=21.48;yaw=0.01
98.9500000477,[debug],turtlebot5,simulation,robot-pose,x=-38.00;y=21.48;yaw=0.01
104.666666746,[info],turtlebot2,skill-life-cycle,navigation,(status=RUNNING, parameters=[[-37.0, 18.93, -1.5707963267948966, True], [-37.0, 16.0, 0.0, True], [-28.5, 16.0, 1.5707963267948966, True], [-28.5, 18.0, -1.57, False]])
113.650000095,[debug],turtlebot1,simulation,robot-pose,x=-33.86;y=18.79;yaw=2.91
113.650000095,[debug],turtlebot1,simulation,robot-pose,x=-33.86;y=18.79;yaw=2.91
113.900000095,[debug],turtlebot2,simulation,robot-pose,x=-27.21;y=16.78;yaw=-2.12
113.900000095,[debug],turtlebot2,simulation,robot-pose,x=-27.21;y=16.78;yaw=-2.12
113.933333397,[debug],turtlebot3,simulation,robot-pose,x=-40.39;y=25.23;yaw=0.33
113.933333397,[debug],turtlebot3,simulation,robot-pose,x=-40.39;y=25.23;yaw=0.33
113.933333397,[debug],turtlebot4,simulation,robot-pose,x=-20.99;y=18.00;yaw=-1.54
113.933333397,[debug],turtlebot4,simulation,robot-pose,x=-20.99;y=18.00;yaw=-1.54
113.966666698,[debug],turtlebot5,simulation,robot-pose,x=-38.00;y=21.48;yaw=0.01
113.966666698,[debug],turtlebot5,simulation,robot-pose,x=-38.00;y=21.48;yaw=0.01
128.650000095,[debug],turtlebot1,simulation,robot-pose,x=-33.86;y=18.79;yaw=2.93
128.650000095,[debug],turtlebot1,simulation,robot-pose,x=-33.86;y=18.79;yaw=2.93
128.900000095,[debug],turtlebot2,simulation,robot-pose,x=-27.34;y=16.60;yaw=-2.17
128.900000095,[debug],turtlebot2,simulation,robot-pose,x=-27.34;y=16.60;yaw=-2.17
128.933333397,[debug],turtlebot4,simulation,robot-pose,x=-21.00;y=18.00;yaw=-1.54
128.933333397,[debug],turtlebot3,simulation,robot-pose,x=-40.39;y=25.23;yaw=0.33
128.933333397,[debug],turtlebot4,simulation,robot-pose,x=-21.00;y=18.00;yaw=-1.54
128.933333397,[debug],turtlebot3,simulation,robot-pose,x=-40.39;y=25.23;yaw=0.33
128.950000048,[debug],turtlebot5,simulation,robot-pose,x=-38.00;y=21.48;yaw=0.01
128.950000048,[debug],turtlebot5,simulation,robot-pose,x=-38.00;y=21.48;yaw=0.01
143.650000095,[debug],turtlebot1,simulation,robot-pose,x=-33.87;y=18.79;yaw=2.96
143.650000095,[debug],turtlebot1,simulation,robot-pose,x=-33.87;y=18.79;yaw=2.96
143.900000095,[debug],turtlebot2,simulation,robot-pose,x=-27.32;y=16.65;yaw=-1.99
143.900000095,[debug],turtlebot2,simulation,robot-pose,x=-27.32;y=16.65;yaw=-1.99
143.933333397,[debug],turtlebot3,simulation,robot-pose,x=-40.39;y=25.23;yaw=0.33
143.933333397,[debug],turtlebot3,simulation,robot-pose,x=-40.39;y=25.23;yaw=0.33
143.933333397,[debug],turtlebot4,simulation,robot-pose,x=-21.00;y=18.00;yaw=-1.54
143.933333397,[debug],turtlebot4,simulation,robot-pose,x=-21.00;y=18.00;yaw=-1.54
143.950000048,[debug],turtlebot5,simulation,robot-pose,x=-38.00;y=21.48;yaw=0.01
143.950000048,[debug],turtlebot5,simulation,robot-pose,x=-38.00;y=21.48;yaw=0.01
155.616666555,[info],turtlebot2,skill-life-cycle,navigation,(status=RUNNING, parameters=[[-37.0, 18.93, -1.5707963267948966, True], [-37.0, 16.0, 0.0, True], [-28.5, 16.0, 1.5707963267948966, True], [-28.5, 18.0, -1.57, False]])
158.650000095,[debug],turtlebot1,simulation,robot-pose,x=-33.87;y=18.79;yaw=2.98
158.650000095,[debug],turtlebot1,simulation,robot-pose,x=-33.87;y=18.79;yaw=2.98
158.900000095,[debug],turtlebot2,simulation,robot-pose,x=-27.36;y=16.56;yaw=-2.21
158.900000095,[debug],turtlebot2,simulation,robot-pose,x=-27.36;y=16.56;yaw=-2.21
158.933333397,[debug],turtlebot3,simulation,robot-pose,x=-40.39;y=25.23;yaw=0.33
158.933333397,[debug],turtlebot3,simulation,robot-pose,x=-40.39;y=25.23;yaw=0.33
158.933333397,[debug],turtlebot4,simulation,robot-pose,x=-21.00;y=18.00;yaw=-1.54
158.933333397,[debug],turtlebot4,simulation,robot-pose,x=-21.00;y=18.00;yaw=-1.54
158.966666698,[debug],turtlebot5,simulation,robot-pose,x=-38.00;y=21.48;yaw=0.01
158.966666698,[debug],turtlebot5,simulation,robot-pose,x=-38.00;y=21.48;yaw=0.01
173.650000095,[debug],turtlebot1,simulation,robot-pose,x=-33.88;y=18.79;yaw=3.00
173.650000095,[debug],turtlebot1,simulation,robot-pose,x=-33.88;y=18.79;yaw=3.00
173.900000095,[debug],turtlebot2,simulation,robot-pose,x=-27.33;y=16.62;yaw=-2.02
173.900000095,[debug],turtlebot2,simulation,robot-pose,x=-27.33;y=16.62;yaw=-2.02
173.933333397,[debug],turtlebot4,simulation,robot-pose,x=-21.00;y=18.00;yaw=-1.54
173.933333397,[debug],turtlebot4,simulation,robot-pose,x=-21.00;y=18.00;yaw=-1.54
173.933333397,[debug],turtlebot3,simulation,robot-pose,x=-40.39;y=25.23;yaw=0.33
173.933333397,[debug],turtlebot3,simulation,robot-pose,x=-40.39;y=25.23;yaw=0.33
173.950000048,[debug],turtlebot5,simulation,robot-pose,x=-38.00;y=21.48;yaw=0.01
173.950000048,[debug],turtlebot5,simulation,robot-pose,x=-38.00;y=21.48;yaw=0.01
188.650000095,[debug],turtlebot1,simulation,robot-pose,x=-33.88;y=18.79;yaw=3.00
188.650000095,[debug],turtlebot1,simulation,robot-pose,x=-33.88;y=18.79;yaw=3.00
188.900000095,[debug],turtlebot2,simulation,robot-pose,x=-27.37;y=16.58;yaw=-2.09
188.900000095,[debug],turtlebot2,simulation,robot-pose,x=-27.37;y=16.58;yaw=-2.09
188.933333397,[debug],turtlebot4,simulation,robot-pose,x=-21.00;y=18.00;yaw=-1.54
188.933333397,[debug],turtlebot4,simulation,robot-pose,x=-21.00;y=18.00;yaw=-1.54
188.933333397,[debug],turtlebot3,simulation,robot-pose,x=-40.39;y=25.23;yaw=0.33
188.933333397,[debug],turtlebot3,simulation,robot-pose,x=-40.39;y=25.23;yaw=0.33
188.966666698,[debug],turtlebot5,simulation,robot-pose,x=-38.00;y=21.48;yaw=0.01
188.966666698,[debug],turtlebot5,simulation,robot-pose,x=-38.00;y=21.48;yaw=0.01
203.650000095,[debug],turtlebot1,simulation,robot-pose,x=-33.88;y=18.79;yaw=3.01
203.650000095,[debug],turtlebot1,simulation,robot-pose,x=-33.88;y=18.79;yaw=3.01
203.900000095,[debug],turtlebot2,simulation,robot-pose,x=-27.54;y=16.40;yaw=-2.32
203.900000095,[debug],turtlebot2,simulation,robot-pose,x=-27.54;y=16.40;yaw=-2.32
203.933333397,[debug],turtlebot3,simulation,robot-pose,x=-40.39;y=25.23;yaw=0.33
203.933333397,[debug],turtlebot3,simulation,robot-pose,x=-40.39;y=25.23;yaw=0.33
203.933333397,[debug],turtlebot4,simulation,robot-pose,x=-21.01;y=18.00;yaw=-1.54
203.933333397,[debug],turtlebot4,simulation,robot-pose,x=-21.01;y=18.00;yaw=-1.54
203.950000048,[debug],turtlebot5,simulation,robot-pose,x=-38.02;y=21.48;yaw=0.03
203.950000048,[debug],turtlebot5,simulation,robot-pose,x=-38.02;y=21.48;yaw=0.03
206.416666746,[info],turtlebot2,skill-life-cycle,navigation,(status=RUNNING, parameters=[[-37.0, 18.93, -1.5707963267948966, True], [-37.0, 16.0, 0.0, True], [-28.5, 16.0, 1.5707963267948966, True], [-28.5, 18.0, -1.57, False]])
218.650000095,[debug],turtlebot1,simulation,robot-pose,x=-33.88;y=18.79;yaw=3.01
218.650000095,[debug],turtlebot1,simulation,robot-pose,x=-33.88;y=18.79;yaw=3.01
218.900000095,[debug],turtlebot2,simulation,robot-pose,x=-28.55;y=16.05;yaw=-3.04
218.900000095,[debug],turtlebot2,simulation,robot-pose,x=-28.55;y=16.05;yaw=-3.04
218.933333397,[debug],turtlebot3,simulation,robot-pose,x=-40.39;y=25.23;yaw=0.33
218.933333397,[debug],turtlebot4,simulation,robot-pose,x=-21.01;y=18.00;yaw=-1.54
218.933333397,[debug],turtlebot3,simulation,robot-pose,x=-40.39;y=25.23;yaw=0.33
218.933333397,[debug],turtlebot4,simulation,robot-pose,x=-21.01;y=18.00;yaw=-1.54
218.950000048,[debug],turtlebot5,simulation,robot-pose,x=-38.02;y=21.48;yaw=0.03
218.950000048,[debug],turtlebot5,simulation,robot-pose,x=-38.02;y=21.48;yaw=0.03
233.650000095,[debug],turtlebot1,simulation,robot-pose,x=-33.88;y=18.79;yaw=3.01
233.650000095,[debug],turtlebot1,simulation,robot-pose,x=-33.88;y=18.79;yaw=3.01
233.900000095,[debug],turtlebot2,simulation,robot-pose,x=-28.45;y=16.00;yaw=3.10
233.900000095,[debug],turtlebot2,simulation,robot-pose,x=-28.45;y=16.00;yaw=3.10
233.933333397,[debug],turtlebot4,simulation,robot-pose,x=-21.01;y=18.00;yaw=-1.54
233.933333397,[debug],turtlebot4,simulation,robot-pose,x=-21.01;y=18.00;yaw=-1.54
233.933333397,[debug],turtlebot3,simulation,robot-pose,x=-40.39;y=25.23;yaw=0.33
233.950000048,[debug],turtlebot3,simulation,robot-pose,x=-40.39;y=25.23;yaw=0.33
233.950000048,[debug],turtlebot5,simulation,robot-pose,x=-38.03;y=21.49;yaw=0.03
233.950000048,[debug],turtlebot5,simulation,robot-pose,x=-38.03;y=21.49;yaw=0.03
248.650000095,[debug],turtlebot1,simulation,robot-pose,x=-33.88;y=18.79;yaw=3.01
248.650000095,[debug],turtlebot1,simulation,robot-pose,x=-33.88;y=18.79;yaw=3.01
248.900000095,[debug],turtlebot2,simulation,robot-pose,x=-28.38;y=15.99;yaw=3.12
248.900000095,[debug],turtlebot2,simulation,robot-pose,x=-28.38;y=15.99;yaw=3.12
248.933333397,[debug],turtlebot4,simulation,robot-pose,x=-21.02;y=18.00;yaw=-1.54
248.933333397,[debug],turtlebot4,simulation,robot-pose,x=-21.02;y=18.00;yaw=-1.54
248.933333397,[debug],turtlebot3,simulation,robot-pose,x=-40.39;y=25.23;yaw=0.33
248.933333397,[debug],turtlebot3,simulation,robot-pose,x=-40.39;y=25.23;yaw=0.33
248.950000048,[debug],turtlebot5,simulation,robot-pose,x=-38.04;y=21.49;yaw=0.03
248.950000048,[debug],turtlebot5,simulation,robot-pose,x=-38.04;y=21.49;yaw=0.03
257.0,[info],turtlebot2,skill-life-cycle,navigation,(status=RUNNING, parameters=[[-37.0, 18.93, -1.5707963267948966, True], [-37.0, 16.0, 0.0, True], [-28.5, 16.0, 1.5707963267948966, True], [-28.5, 18.0, -1.57, False]])
263.650000095,[debug],turtlebot1,simulation,robot-pose,x=-33.88;y=18.79;yaw=3.01
263.650000095,[debug],turtlebot1,simulation,robot-pose,x=-33.88;y=18.79;yaw=3.01
263.900000095,[debug],turtlebot2,simulation,robot-pose,x=-28.61;y=16.00;yaw=3.11
263.900000095,[debug],turtlebot2,simulation,robot-pose,x=-28.61;y=16.00;yaw=3.11
263.933333397,[debug],turtlebot3,simulation,robot-pose,x=-40.39;y=25.23;yaw=0.33
263.933333397,[debug],turtlebot4,simulation,robot-pose,x=-21.02;y=18.00;yaw=-1.54
263.933333397,[debug],turtlebot3,simulation,robot-pose,x=-40.39;y=25.23;yaw=0.33
263.933333397,[debug],turtlebot4,simulation,robot-pose,x=-21.02;y=18.00;yaw=-1.54
263.950000048,[debug],turtlebot5,simulation,robot-pose,x=-38.05;y=21.50;yaw=0.03
263.950000048,[debug],turtlebot5,simulation,robot-pose,x=-38.05;y=21.50;yaw=0.03
278.650000095,[debug],turtlebot1,simulation,robot-pose,x=-33.88;y=18.79;yaw=3.01
278.650000095,[debug],turtlebot1,simulation,robot-pose,x=-33.88;y=18.79;yaw=3.01
278.900000095,[debug],turtlebot2,simulation,robot-pose,x=-28.60;y=15.99;yaw=3.10
278.900000095,[debug],turtlebot2,simulation,robot-pose,x=-28.60;y=15.99;yaw=3.10
278.933333397,[debug],turtlebot3,simulation,robot-pose,x=-40.39;y=25.23;yaw=0.33
278.933333397,[debug],turtlebot4,simulation,robot-pose,x=-21.03;y=18.00;yaw=-1.54
278.933333397,[debug],turtlebot3,simulation,robot-pose,x=-40.39;y=25.23;yaw=0.33
278.933333397,[debug],turtlebot4,simulation,robot-pose,x=-21.03;y=18.00;yaw=-1.54
278.950000048,[debug],turtlebot5,simulation,robot-pose,x=-38.08;y=21.50;yaw=0.03
278.950000048,[debug],turtlebot5,simulation,robot-pose,x=-38.08;y=21.50;yaw=0.03
293.666666746,[debug],turtlebot1,simulation,robot-pose,x=-33.88;y=18.79;yaw=3.01
293.666666746,[debug],turtlebot1,simulation,robot-pose,x=-33.88;y=18.79;yaw=3.01
293.900000095,[debug],turtlebot2,simulation,robot-pose,x=-28.65;y=15.99;yaw=-3.12
293.900000095,[debug],turtlebot2,simulation,robot-pose,x=-28.65;y=15.99;yaw=-3.12
293.933333397,[debug],turtlebot3,simulation,robot-pose,x=-40.39;y=25.23;yaw=0.33
293.933333397,[debug],turtlebot3,simulation,robot-pose,x=-40.39;y=25.23;yaw=0.33
293.933333397,[debug],turtlebot4,simulation,robot-pose,x=-21.03;y=18.00;yaw=-1.54
293.933333397,[debug],turtlebot4,simulation,robot-pose,x=-21.03;y=18.00;yaw=-1.54
293.950000048,[debug],turtlebot5,simulation,robot-pose,x=-38.11;y=21.50;yaw=0.03
293.950000048,[debug],turtlebot5,simulation,robot-pose,x=-38.11;y=21.50;yaw=0.03
307.75,[info],turtlebot2,skill-life-cycle,navigation,(status=RUNNING, parameters=[[-37.0, 18.93, -1.5707963267948966, True], [-37.0, 16.0, 0.0, True], [-28.5, 16.0, 1.5707963267948966, True], [-28.5, 18.0, -1.57, False]])
308.650000095,[debug],turtlebot1,simulation,robot-pose,x=-33.88;y=18.79;yaw=3.01
308.650000095,[debug],turtlebot1,simulation,robot-pose,x=-33.88;y=18.79;yaw=3.01
308.900000095,[debug],turtlebot2,simulation,robot-pose,x=-28.59;y=15.98;yaw=3.08
308.900000095,[debug],turtlebot2,simulation,robot-pose,x=-28.59;y=15.98;yaw=3.08
308.933333397,[debug],turtlebot4,simulation,robot-pose,x=-21.03;y=18.00;yaw=-1.54
308.933333397,[debug],turtlebot3,simulation,robot-pose,x=-40.39;y=25.23;yaw=0.33
308.933333397,[debug],turtlebot4,simulation,robot-pose,x=-21.03;y=18.00;yaw=-1.54
308.933333397,[debug],turtlebot3,simulation,robot-pose,x=-40.39;y=25.23;yaw=0.33
308.950000048,[debug],turtlebot5,simulation,robot-pose,x=-38.13;y=21.50;yaw=0.03
308.950000048,[debug],turtlebot5,simulation,robot-pose,x=-38.13;y=21.50;yaw=0.03
323.650000095,[debug],turtlebot1,simulation,robot-pose,x=-33.88;y=18.79;yaw=3.01
323.650000095,[debug],turtlebot1,simulation,robot-pose,x=-33.88;y=18.79;yaw=3.01
323.900000095,[debug],turtlebot2,simulation,robot-pose,x=-28.57;y=15.99;yaw=-3.07
323.900000095,[debug],turtlebot2,simulation,robot-pose,x=-28.57;y=15.99;yaw=-3.07
323.933333397,[debug],turtlebot4,simulation,robot-pose,x=-21.03;y=18.00;yaw=-1.54
323.933333397,[debug],turtlebot3,simulation,robot-pose,x=-40.39;y=25.23;yaw=0.33
323.933333397,[debug],turtlebot4,simulation,robot-pose,x=-21.03;y=18.00;yaw=-1.54
323.933333397,[debug],turtlebot3,simulation,robot-pose,x=-40.39;y=25.23;yaw=0.33
323.966666698,[debug],turtlebot5,simulation,robot-pose,x=-38.15;y=21.50;yaw=0.04
323.966666698,[debug],turtlebot5,simulation,robot-pose,x=-38.15;y=21.50;yaw=0.04
338.650000095,[debug],turtlebot1,simulation,robot-pose,x=-33.88;y=18.79;yaw=3.01
338.650000095,[debug],turtlebot1,simulation,robot-pose,x=-33.88;y=18.79;yaw=3.01
338.900000095,[debug],turtlebot2,simulation,robot-pose,x=-28.63;y=16.00;yaw=3.11
338.900000095,[debug],turtlebot2,simulation,robot-pose,x=-28.63;y=16.00;yaw=3.11
338.933333397,[debug],turtlebot4,simulation,robot-pose,x=-21.03;y=18.00;yaw=-1.54
338.933333397,[debug],turtlebot4,simulation,robot-pose,x=-21.03;y=18.00;yaw=-1.54
338.933333397,[debug],turtlebot3,simulation,robot-pose,x=-40.39;y=25.23;yaw=0.33
338.933333397,[debug],turtlebot3,simulation,robot-pose,x=-40.39;y=25.23;yaw=0.33
338.950000048,[debug],turtlebot5,simulation,robot-pose,x=-38.15;y=21.51;yaw=0.05
338.950000048,[debug],turtlebot5,simulation,robot-pose,x=-38.15;y=21.51;yaw=0.05
353.650000095,[debug],turtlebot1,simulation,robot-pose,x=-33.88;y=18.79;yaw=3.01
353.650000095,[debug],turtlebot1,simulation,robot-pose,x=-33.88;y=18.79;yaw=3.01
353.900000095,[debug],turtlebot2,simulation,robot-pose,x=-28.51;y=15.99;yaw=3.08
353.900000095,[debug],turtlebot2,simulation,robot-pose,x=-28.51;y=15.99;yaw=3.08
353.933333397,[debug],turtlebot4,simulation,robot-pose,x=-21.03;y=18.00;yaw=-1.54
353.933333397,[debug],turtlebot3,simulation,robot-pose,x=-40.39;y=25.23;yaw=0.33
353.933333397,[debug],turtlebot4,simulation,robot-pose,x=-21.03;y=18.00;yaw=-1.54
353.933333397,[debug],turtlebot3,simulation,robot-pose,x=-40.39;y=25.23;yaw=0.33
353.950000048,[debug],turtlebot5,simulation,robot-pose,x=-38.15;y=21.51;yaw=0.05
353.950000048,[debug],turtlebot5,simulation,robot-pose,x=-38.15;y=21.51;yaw=0.05
358.0,[info],turtlebot2,skill-life-cycle,navigation,(status=RUNNING, parameters=[[-37.0, 18.93, -1.5707963267948966, True], [-37.0, 16.0, 0.0, True], [-28.5, 16.0, 1.5707963267948966, True], [-28.5, 18.0, -1.57, False]])
368.666666746,[debug],turtlebot1,simulation,robot-pose,x=-33.88;y=18.79;yaw=3.01
368.666666746,[debug],turtlebot1,simulation,robot-pose,x=-33.88;y=18.79;yaw=3.01
368.900000095,[debug],turtlebot2,simulation,robot-pose,x=-28.72;y=15.99;yaw=3.03
368.900000095,[debug],turtlebot2,simulation,robot-pose,x=-28.72;y=15.99;yaw=3.03
368.933333397,[debug],turtlebot3,simulation,robot-pose,x=-40.39;y=25.23;yaw=0.33
368.933333397,[debug],turtlebot3,simulation,robot-pose,x=-40.39;y=25.23;yaw=0.33
368.933333397,[debug],turtlebot4,simulation,robot-pose,x=-21.03;y=18.00;yaw=-1.54
368.933333397,[debug],turtlebot4,simulation,robot-pose,x=-21.03;y=18.00;yaw=-1.54
368.950000048,[debug],turtlebot5,simulation,robot-pose,x=-38.15;y=21.51;yaw=0.08
368.950000048,[debug],turtlebot5,simulation,robot-pose,x=-38.15;y=21.51;yaw=0.08
383.650000095,[debug],turtlebot1,simulation,robot-pose,x=-33.88;y=18.79;yaw=3.01
383.650000095,[debug],turtlebot1,simulation,robot-pose,x=-33.88;y=18.79;yaw=3.01
383.900000095,[debug],turtlebot2,simulation,robot-pose,x=-28.60;y=15.97;yaw=2.94
383.900000095,[debug],turtlebot2,simulation,robot-pose,x=-28.60;y=15.97;yaw=2.94
383.933333397,[debug],turtlebot3,simulation,robot-pose,x=-40.39;y=25.23;yaw=0.33
383.933333397,[debug],turtlebot4,simulation,robot-pose,x=-21.03;y=18.00;yaw=-1.54
383.933333397,[debug],turtlebot3,simulation,robot-pose,x=-40.39;y=25.23;yaw=0.33
383.933333397,[debug],turtlebot4,simulation,robot-pose,x=-21.03;y=18.00;yaw=-1.54
383.950000048,[debug],turtlebot5,simulation,robot-pose,x=-38.15;y=21.51;yaw=0.11
383.950000048,[debug],turtlebot5,simulation,robot-pose,x=-38.15;y=21.51;yaw=0.11
398.650000095,[debug],turtlebot1,simulation,robot-pose,x=-33.88;y=18.79;yaw=3.01
398.650000095,[debug],turtlebot1,simulation,robot-pose,x=-33.88;y=18.79;yaw=3.01
398.900000095,[debug],turtlebot2,simulation,robot-pose,x=-28.80;y=16.00;yaw=3.02
398.900000095,[debug],turtlebot2,simulation,robot-pose,x=-28.80;y=16.00;yaw=3.02
398.933333397,[debug],turtlebot3,simulation,robot-pose,x=-40.39;y=25.23;yaw=0.33
398.933333397,[debug],turtlebot3,simulation,robot-pose,x=-40.39;y=25.23;yaw=0.33
398.933333397,[debug],turtlebot4,simulation,robot-pose,x=-21.03;y=18.00;yaw=-1.54
398.933333397,[debug],turtlebot4,simulation,robot-pose,x=-21.03;y=18.00;yaw=-1.54
398.950000048,[debug],turtlebot5,simulation,robot-pose,x=-38.15;y=21.52;yaw=0.14
398.950000048,[debug],turtlebot5,simulation,robot-pose,x=-38.15;y=21.52;yaw=0.14
408.349999905,[info],turtlebot2,skill-life-cycle,navigation,(status=RUNNING, parameters=[[-37.0, 18.93, -1.5707963267948966, True], [-37.0, 16.0, 0.0, True], [-28.5, 16.0, 1.5707963267948966, True], [-28.5, 18.0, -1.57, False]])
413.650000095,[debug],turtlebot1,simulation,robot-pose,x=-33.88;y=18.79;yaw=3.01
413.650000095,[debug],turtlebot1,simulation,robot-pose,x=-33.88;y=18.79;yaw=3.01
413.900000095,[debug],turtlebot2,simulation,robot-pose,x=-28.73;y=16.00;yaw=3.06
413.900000095,[debug],turtlebot2,simulation,robot-pose,x=-28.73;y=16.00;yaw=3.06
413.933333397,[debug],turtlebot3,simulation,robot-pose,x=-40.39;y=25.23;yaw=0.33
413.933333397,[debug],turtlebot4,simulation,robot-pose,x=-21.03;y=18.00;yaw=-1.54
413.933333397,[debug],turtlebot3,simulation,robot-pose,x=-40.39;y=25.23;yaw=0.33
413.933333397,[debug],turtlebot4,simulation,robot-pose,x=-21.03;y=18.00;yaw=-1.54
413.966666698,[debug],turtlebot5,simulation,robot-pose,x=-38.16;y=21.52;yaw=0.16
413.966666698,[debug],turtlebot5,simulation,robot-pose,x=-38.16;y=21.52;yaw=0.16
428.650000095,[debug],turtlebot1,simulation,robot-pose,x=-33.88;y=18.79;yaw=3.01
428.650000095,[debug],turtlebot1,simulation,robot-pose,x=-33.88;y=18.79;yaw=3.01
428.900000095,[debug],turtlebot2,simulation,robot-pose,x=-28.66;y=15.98;yaw=2.99
428.900000095,[debug],turtlebot2,simulation,robot-pose,x=-28.66;y=15.98;yaw=2.99
428.950000048,[debug],turtlebot3,simulation,robot-pose,x=-40.39;y=25.23;yaw=0.33
428.950000048,[debug],turtlebot4,simulation,robot-pose,x=-21.03;y=18.00;yaw=-1.54
428.950000048,[debug],turtlebot3,simulation,robot-pose,x=-40.39;y=25.23;yaw=0.33
428.950000048,[debug],turtlebot4,simulation,robot-pose,x=-21.03;y=18.00;yaw=-1.54
428.950000048,[debug],turtlebot5,simulation,robot-pose,x=-38.16;y=21.53;yaw=0.18
428.950000048,[debug],turtlebot5,simulation,robot-pose,x=-38.16;y=21.53;yaw=0.18
443.650000095,[debug],turtlebot1,simulation,robot-pose,x=-33.88;y=18.79;yaw=3.01
443.650000095,[debug],turtlebot1,simulation,robot-pose,x=-33.88;y=18.79;yaw=3.01
443.900000095,[debug],turtlebot2,simulation,robot-pose,x=-28.64;y=15.98;yaw=2.97
443.900000095,[debug],turtlebot2,simulation,robot-pose,x=-28.64;y=15.98;yaw=2.97
443.933333397,[debug],turtlebot3,simulation,robot-pose,x=-40.39;y=25.23;yaw=0.33
443.933333397,[debug],turtlebot3,simulation,robot-pose,x=-40.39;y=25.23;yaw=0.33
443.933333397,[debug],turtlebot4,simulation,robot-pose,x=-21.03;y=18.00;yaw=-1.54
443.933333397,[debug],turtlebot4,simulation,robot-pose,x=-21.03;y=18.00;yaw=-1.54
443.950000048,[debug],turtlebot5,simulation,robot-pose,x=-38.16;y=21.53;yaw=0.19
443.950000048,[debug],turtlebot5,simulation,robot-pose,x=-38.16;y=21.53;yaw=0.19
458.650000095,[debug],turtlebot1,simulation,robot-pose,x=-33.88;y=18.79;yaw=3.01
458.650000095,[debug],turtlebot1,simulation,robot-pose,x=-33.88;y=18.79;yaw=3.01
458.900000095,[debug],turtlebot2,simulation,robot-pose,x=-28.83;y=16.00;yaw=3.08
458.900000095,[debug],turtlebot2,simulation,robot-pose,x=-28.83;y=16.00;yaw=3.08
458.933333397,[debug],turtlebot3,simulation,robot-pose,x=-40.39;y=25.23;yaw=0.33
458.933333397,[debug],turtlebot3,simulation,robot-pose,x=-40.39;y=25.23;yaw=0.33
458.933333397,[debug],turtlebot4,simulation,robot-pose,x=-21.03;y=18.00;yaw=-1.54
458.933333397,[debug],turtlebot4,simulation,robot-pose,x=-21.03;y=18.00;yaw=-1.54
458.950000048,[debug],turtlebot5,simulation,robot-pose,x=-38.16;y=21.53;yaw=0.20
458.950000048,[debug],turtlebot5,simulation,robot-pose,x=-38.16;y=21.53;yaw=0.20
459.116666555,[info],turtlebot2,skill-life-cycle,navigation,(status=RUNNING, parameters=[[-37.0, 18.93, -1.5707963267948966, True], [-37.0, 16.0, 0.0, True], [-28.5, 16.0, 1.5707963267948966, True], [-28.5, 18.0, -1.57, False]])
473.650000095,[debug],turtlebot1,simulation,robot-pose,x=-33.88;y=18.79;yaw=3.01
473.650000095,[debug],turtlebot1,simulation,robot-pose,x=-33.88;y=18.79;yaw=3.01
473.900000095,[debug],turtlebot2,simulation,robot-pose,x=-28.77;y=16.00;yaw=3.09
473.900000095,[debug],turtlebot2,simulation,robot-pose,x=-28.77;y=16.00;yaw=3.09
473.933333397,[debug],turtlebot4,simulation,robot-pose,x=-21.03;y=18.00;yaw=-1.54
473.933333397,[debug],turtlebot4,simulation,robot-pose,x=-21.03;y=18.00;yaw=-1.54
473.933333397,[debug],turtlebot3,simulation,robot-pose,x=-40.39;y=25.23;yaw=0.33
473.933333397,[debug],turtlebot3,simulation,robot-pose,x=-40.39;y=25.23;yaw=0.33
473.950000048,[debug],turtlebot5,simulation,robot-pose,x=-38.16;y=21.53;yaw=0.21
473.950000048,[debug],turtlebot5,simulation,robot-pose,x=-38.16;y=21.53;yaw=0.21
488.650000095,[debug],turtlebot1,simulation,robot-pose,x=-33.88;y=18.79;yaw=3.01
488.650000095,[debug],turtlebot1,simulation,robot-pose,x=-33.88;y=18.79;yaw=3.01
488.900000095,[debug],turtlebot2,simulation,robot-pose,x=-28.58;y=15.97;yaw=2.92
488.900000095,[debug],turtlebot2,simulation,robot-pose,x=-28.58;y=15.97;yaw=2.92
488.933333397,[debug],turtlebot4,simulation,robot-pose,x=-21.03;y=18.00;yaw=-1.54
488.933333397,[debug],turtlebot4,simulation,robot-pose,x=-21.03;y=18.00;yaw=-1.54
488.933333397,[debug],turtlebot3,simulation,robot-pose,x=-40.39;y=25.23;yaw=0.33
488.933333397,[debug],turtlebot3,simulation,robot-pose,x=-40.39;y=25.23;yaw=0.33
488.966666698,[debug],turtlebot5,simulation,robot-pose,x=-38.16;y=21.54;yaw=0.22
488.966666698,[debug],turtlebot5,simulation,robot-pose,x=-38.16;y=21.54;yaw=0.22
503.650000095,[debug],turtlebot1,simulation,robot-pose,x=-33.88;y=18.79;yaw=3.01
503.650000095,[debug],turtlebot1,simulation,robot-pose,x=-33.88;y=18.79;yaw=3.01
503.900000095,[debug],turtlebot2,simulation,robot-pose,x=-28.73;y=16.00;yaw=3.05
503.900000095,[debug],turtlebot2,simulation,robot-pose,x=-28.73;y=16.00;yaw=3.05
503.933333397,[debug],turtlebot3,simulation,robot-pose,x=-40.39;y=25.23;yaw=0.33
503.933333397,[debug],turtlebot4,simulation,robot-pose,x=-21.03;y=18.00;yaw=-1.54
503.933333397,[debug],turtlebot3,simulation,robot-pose,x=-40.39;y=25.23;yaw=0.33
503.933333397,[debug],turtlebot4,simulation,robot-pose,x=-21.03;y=18.00;yaw=-1.54
503.950000048,[debug],turtlebot5,simulation,robot-pose,x=-38.16;y=21.54;yaw=0.23
503.950000048,[debug],turtlebot5,simulation,robot-pose,x=-38.16;y=21.54;yaw=0.23
509.733333349,[info],turtlebot2,skill-life-cycle,navigation,(status=RUNNING, parameters=[[-37.0, 18.93, -1.5707963267948966, True], [-37.0, 16.0, 0.0, True], [-28.5, 16.0, 1.5707963267948966, True], [-28.5, 18.0, -1.57, False]])
518.650000095,[debug],turtlebot1,simulation,robot-pose,x=-33.88;y=18.79;yaw=3.01
518.650000095,[debug],turtlebot1,simulation,robot-pose,x=-33.88;y=18.79;yaw=3.01
518.900000095,[debug],turtlebot2,simulation,robot-pose,x=-28.64;y=15.98;yaw=3.01
518.900000095,[debug],turtlebot2,simulation,robot-pose,x=-28.64;y=15.98;yaw=3.01
518.933333397,[debug],turtlebot4,simulation,robot-pose,x=-21.03;y=18.00;yaw=-1.54
518.933333397,[debug],turtlebot3,simulation,robot-pose,x=-40.39;y=25.23;yaw=0.33
518.933333397,[debug],turtlebot4,simulation,robot-pose,x=-21.03;y=18.00;yaw=-1.54
518.933333397,[debug],turtlebot3,simulation,robot-pose,x=-40.39;y=25.23;yaw=0.33
518.950000048,[debug],turtlebot5,simulation,robot-pose,x=-38.16;y=21.54;yaw=0.25
518.950000048,[debug],turtlebot5,simulation,robot-pose,x=-38.16;y=21.54;yaw=0.25
533.650000095,[debug],turtlebot1,simulation,robot-pose,x=-33.88;y=18.79;yaw=3.01
533.650000095,[debug],turtlebot1,simulation,robot-pose,x=-33.88;y=18.79;yaw=3.01
533.900000095,[debug],turtlebot2,simulation,robot-pose,x=-28.64;y=15.98;yaw=2.97
533.900000095,[debug],turtlebot2,simulation,robot-pose,x=-28.64;y=15.98;yaw=2.97
533.933333397,[debug],turtlebot3,simulation,robot-pose,x=-40.39;y=25.23;yaw=0.33
533.933333397,[debug],turtlebot3,simulation,robot-pose,x=-40.39;y=25.23;yaw=0.33
533.933333397,[debug],turtlebot4,simulation,robot-pose,x=-21.03;y=18.00;yaw=-1.54
533.933333397,[debug],turtlebot4,simulation,robot-pose,x=-21.03;y=18.00;yaw=-1.54
533.950000048,[debug],turtlebot5,simulation,robot-pose,x=-38.16;y=21.54;yaw=0.26
533.950000048,[debug],turtlebot5,simulation,robot-pose,x=-38.16;y=21.54;yaw=0.26
548.650000095,[debug],turtlebot1,simulation,robot-pose,x=-33.88;y=18.79;yaw=3.01
548.650000095,[debug],turtlebot1,simulation,robot-pose,x=-33.88;y=18.79;yaw=3.01
548.900000095,[debug],turtlebot2,simulation,robot-pose,x=-28.77;y=16.00;yaw=3.08
548.900000095,[debug],turtlebot2,simulation,robot-pose,x=-28.77;y=16.00;yaw=3.08
548.933333397,[debug],turtlebot3,simulation,robot-pose,x=-40.39;y=25.23;yaw=0.33
548.933333397,[debug],turtlebot3,simulation,robot-pose,x=-40.39;y=25.23;yaw=0.33
548.933333397,[debug],turtlebot4,simulation,robot-pose,x=-21.03;y=18.00;yaw=-1.54
548.933333397,[debug],turtlebot4,simulation,robot-pose,x=-21.03;y=18.00;yaw=-1.54
548.950000048,[debug],turtlebot5,simulation,robot-pose,x=-38.16;y=21.54;yaw=0.27
548.950000048,[debug],turtlebot5,simulation,robot-pose,x=-38.16;y=21.54;yaw=0.27
560.733333349,[info],turtlebot2,skill-life-cycle,navigation,(status=RUNNING, parameters=[[-37.0, 18.93, -1.5707963267948966, True], [-37.0, 16.0, 0.0, True], [-28.5, 16.0, 1.5707963267948966, True], [-28.5, 18.0, -1.57, False]])
563.650000095,[debug],turtlebot1,simulation,robot-pose,x=-33.88;y=18.79;yaw=3.01
563.650000095,[debug],turtlebot1,simulation,robot-pose,x=-33.88;y=18.79;yaw=3.01
563.900000095,[debug],turtlebot2,simulation,robot-pose,x=-28.55;y=15.96;yaw=2.91
563.900000095,[debug],turtlebot2,simulation,robot-pose,x=-28.55;y=15.96;yaw=2.91
563.933333397,[debug],turtlebot4,simulation,robot-pose,x=-21.03;y=18.00;yaw=-1.54
563.933333397,[debug],turtlebot4,simulation,robot-pose,x=-21.03;y=18.00;yaw=-1.54
563.933333397,[debug],turtlebot3,simulation,robot-pose,x=-40.39;y=25.23;yaw=0.33
563.933333397,[debug],turtlebot3,simulation,robot-pose,x=-40.39;y=25.23;yaw=0.33
563.950000048,[debug],turtlebot5,simulation,robot-pose,x=-38.16;y=21.54;yaw=0.28
563.966666698,[debug],turtlebot5,simulation,robot-pose,x=-38.16;y=21.54;yaw=0.28
578.650000095,[debug],turtlebot1,simulation,robot-pose,x=-33.88;y=18.79;yaw=3.01
578.650000095,[debug],turtlebot1,simulation,robot-pose,x=-33.88;y=18.79;yaw=3.01
578.900000095,[debug],turtlebot2,simulation,robot-pose,x=-28.67;y=15.99;yaw=2.98
578.900000095,[debug],turtlebot2,simulation,robot-pose,x=-28.67;y=15.99;yaw=2.98
578.933333397,[debug],turtlebot4,simulation,robot-pose,x=-21.03;y=18.00;yaw=-1.54
578.933333397,[debug],turtlebot4,simulation,robot-pose,x=-21.03;y=18.00;yaw=-1.54
578.933333397,[debug],turtlebot3,simulation,robot-pose,x=-40.39;y=25.23;yaw=0.33
578.933333397,[debug],turtlebot3,simulation,robot-pose,x=-40.39;y=25.23;yaw=0.33
578.950000048,[debug],turtlebot5,simulation,robot-pose,x=-38.16;y=21.55;yaw=0.28
578.950000048,[debug],turtlebot5,simulation,robot-pose,x=-38.16;y=21.55;yaw=0.28
593.650000095,[debug],turtlebot1,simulation,robot-pose,x=-33.88;y=18.79;yaw=3.01
593.650000095,[debug],turtlebot1,simulation,robot-pose,x=-33.88;y=18.79;yaw=3.01
593.900000095,[debug],turtlebot2,simulation,robot-pose,x=-28.68;y=15.99;yaw=3.00
593.900000095,[debug],turtlebot2,simulation,robot-pose,x=-28.68;y=15.99;yaw=3.00
593.933333397,[debug],turtlebot3,simulation,robot-pose,x=-40.39;y=25.23;yaw=0.33
593.933333397,[debug],turtlebot3,simulation,robot-pose,x=-40.39;y=25.23;yaw=0.33
593.933333397,[debug],turtlebot4,simulation,robot-pose,x=-21.03;y=18.00;yaw=-1.54
593.933333397,[debug],turtlebot4,simulation,robot-pose,x=-21.03;y=18.00;yaw=-1.54
593.950000048,[debug],turtlebot5,simulation,robot-pose,x=-38.16;y=21.55;yaw=0.29
593.950000048,[debug],turtlebot5,simulation,robot-pose,x=-38.16;y=21.55;yaw=0.29
608.650000095,[debug],turtlebot1,simulation,robot-pose,x=-33.88;y=18.79;yaw=3.01
608.650000095,[debug],turtlebot1,simulation,robot-pose,x=-33.88;y=18.79;yaw=3.01
608.900000095,[debug],turtlebot2,simulation,robot-pose,x=-28.76;y=16.00;yaw=3.05
608.900000095,[debug],turtlebot2,simulation,robot-pose,x=-28.76;y=16.00;yaw=3.05
608.933333397,[debug],turtlebot3,simulation,robot-pose,x=-40.39;y=25.23;yaw=0.33
608.933333397,[debug],turtlebot3,simulation,robot-pose,x=-40.39;y=25.23;yaw=0.33
608.933333397,[debug],turtlebot4,simulation,robot-pose,x=-21.03;y=18.00;yaw=-1.54
608.933333397,[debug],turtlebot4,simulation,robot-pose,x=-21.03;y=18.00;yaw=-1.54
608.950000048,[debug],turtlebot5,simulation,robot-pose,x=-38.16;y=21.55;yaw=0.30
608.950000048,[debug],turtlebot5,simulation,robot-pose,x=-38.16;y=21.55;yaw=0.30
611.099999905,[info],turtlebot2,skill-life-cycle,navigation,(status=RUNNING, parameters=[[-37.0, 18.93, -1.5707963267948966, True], [-37.0, 16.0, 0.0, True], [-28.5, 16.0, 1.5707963267948966, True], [-28.5, 18.0, -1.57, False]])
623.650000095,[debug],turtlebot1,simulation,robot-pose,x=-33.88;y=18.79;yaw=3.01
623.650000095,[debug],turtlebot1,simulation,robot-pose,x=-33.88;y=18.79;yaw=3.01
623.900000095,[debug],turtlebot2,simulation,robot-pose,x=-28.62;y=15.98;yaw=2.96
623.900000095,[debug],turtlebot2,simulation,robot-pose,x=-28.62;y=15.98;yaw=2.96
623.933333397,[debug],turtlebot4,simulation,robot-pose,x=-21.03;y=18.00;yaw=-1.54
623.933333397,[debug],turtlebot3,simulation,robot-pose,x=-40.39;y=25.23;yaw=0.33
623.933333397,[debug],turtlebot4,simulation,robot-pose,x=-21.03;y=18.00;yaw=-1.54
623.933333397,[debug],turtlebot3,simulation,robot-pose,x=-40.39;y=25.23;yaw=0.33
623.950000048,[debug],turtlebot5,simulation,robot-pose,x=-38.16;y=21.55;yaw=0.30
623.950000048,[debug],turtlebot5,simulation,robot-pose,x=-38.16;y=21.55;yaw=0.30
638.666666746,[debug],turtlebot1,simulation,robot-pose,x=-33.88;y=18.79;yaw=3.01
638.666666746,[debug],turtlebot1,simulation,robot-pose,x=-33.88;y=18.79;yaw=3.01
638.900000095,[debug],turtlebot2,simulation,robot-pose,x=-28.76;y=16.00;yaw=3.05
638.900000095,[debug],turtlebot2,simulation,robot-pose,x=-28.76;y=16.00;yaw=3.05
638.933333397,[debug],turtlebot3,simulation,robot-pose,x=-40.39;y=25.23;yaw=0.33
638.933333397,[debug],turtlebot4,simulation,robot-pose,x=-21.03;y=18.00;yaw=-1.54
638.933333397,[debug],turtlebot3,simulation,robot-pose,x=-40.39;y=25.23;yaw=0.33
638.933333397,[debug],turtlebot4,simulation,robot-pose,x=-21.03;y=18.00;yaw=-1.54
638.950000048,[debug],turtlebot5,simulation,robot-pose,x=-38.16;y=21.55;yaw=0.30
638.950000048,[debug],turtlebot5,simulation,robot-pose,x=-38.16;y=21.55;yaw=0.30
653.666666746,[debug],turtlebot1,simulation,robot-pose,x=-33.88;y=18.79;yaw=3.01
653.666666746,[debug],turtlebot1,simulation,robot-pose,x=-33.88;y=18.79;yaw=3.01
653.900000095,[debug],turtlebot2,simulation,robot-pose,x=-28.64;y=15.98;yaw=2.99
653.900000095,[debug],turtlebot2,simulation,robot-pose,x=-28.64;y=15.98;yaw=2.99
653.933333397,[debug],turtlebot3,simulation,robot-pose,x=-40.39;y=25.23;yaw=0.33
653.933333397,[debug],turtlebot4,simulation,robot-pose,x=-21.03;y=18.00;yaw=-1.54
653.933333397,[debug],turtlebot3,simulation,robot-pose,x=-40.39;y=25.23;yaw=0.33
653.933333397,[debug],turtlebot4,simulation,robot-pose,x=-21.03;y=18.00;yaw=-1.54
653.950000048,[debug],turtlebot5,simulation,robot-pose,x=-38.16;y=21.55;yaw=0.31
653.950000048,[debug],turtlebot5,simulation,robot-pose,x=-38.16;y=21.55;yaw=0.31
661.633333445,[info],turtlebot2,skill-life-cycle,navigation,(status=RUNNING, parameters=[[-37.0, 18.93, -1.5707963267948966, True], [-37.0, 16.0, 0.0, True], [-28.5, 16.0, 1.5707963267948966, True], [-28.5, 18.0, -1.57, False]])
668.650000095,[debug],turtlebot1,simulation,robot-pose,x=-33.88;y=18.79;yaw=3.01
668.650000095,[debug],turtlebot1,simulation,robot-pose,x=-33.88;y=18.79;yaw=3.01
668.900000095,[debug],turtlebot2,simulation,robot-pose,x=-28.68;y=15.99;yaw=3.00
668.900000095,[debug],turtlebot2,simulation,robot-pose,x=-28.68;y=15.99;yaw=3.00
668.933333397,[debug],turtlebot3,simulation,robot-pose,x=-40.39;y=25.23;yaw=0.33
668.933333397,[debug],turtlebot4,simulation,robot-pose,x=-21.03;y=18.00;yaw=-1.54
668.933333397,[debug],turtlebot3,simulation,robot-pose,x=-40.39;y=25.23;yaw=0.33
668.933333397,[debug],turtlebot4,simulation,robot-pose,x=-21.03;y=18.00;yaw=-1.54
668.950000048,[debug],turtlebot5,simulation,robot-pose,x=-38.16;y=21.55;yaw=0.31
668.950000048,[debug],turtlebot5,simulation,robot-pose,x=-38.16;y=21.55;yaw=0.31
683.650000095,[debug],turtlebot1,simulation,robot-pose,x=-33.88;y=18.79;yaw=3.01
683.666666746,[debug],turtlebot1,simulation,robot-pose,x=-33.88;y=18.79;yaw=3.01
683.900000095,[debug],turtlebot2,simulation,robot-pose,x=-28.79;y=16.00;yaw=3.09
683.900000095,[debug],turtlebot2,simulation,robot-pose,x=-28.79;y=16.00;yaw=3.09
683.933333397,[debug],turtlebot4,simulation,robot-pose,x=-21.03;y=18.00;yaw=-1.54
683.933333397,[debug],turtlebot3,simulation,robot-pose,x=-40.39;y=25.23;yaw=0.33
683.933333397,[debug],turtlebot4,simulation,robot-pose,x=-21.03;y=18.00;yaw=-1.54
683.933333397,[debug],turtlebot3,simulation,robot-pose,x=-40.39;y=25.23;yaw=0.33
683.950000048,[debug],turtlebot5,simulation,robot-pose,x=-38.16;y=21.55;yaw=0.32
683.950000048,[debug],turtlebot5,simulation,robot-pose,x=-38.16;y=21.55;yaw=0.32
698.650000095,[debug],turtlebot1,simulation,robot-pose,x=-33.88;y=18.79;yaw=3.01
698.650000095,[debug],turtlebot1,simulation,robot-pose,x=-33.88;y=18.79;yaw=3.01
698.900000095,[debug],turtlebot2,simulation,robot-pose,x=-28.57;y=15.97;yaw=2.93
698.900000095,[debug],turtlebot2,simulation,robot-pose,x=-28.57;y=15.97;yaw=2.93
698.933333397,[debug],turtlebot3,simulation,robot-pose,x=-40.39;y=25.23;yaw=0.33
698.933333397,[debug],turtlebot4,simulation,robot-pose,x=-21.03;y=18.00;yaw=-1.54
698.933333397,[debug],turtlebot3,simulation,robot-pose,x=-40.39;y=25.23;yaw=0.33
698.933333397,[debug],turtlebot4,simulation,robot-pose,x=-21.03;y=18.00;yaw=-1.54
698.950000048,[debug],turtlebot5,simulation,robot-pose,x=-38.16;y=21.55;yaw=0.32
698.950000048,[debug],turtlebot5,simulation,robot-pose,x=-38.16;y=21.55;yaw=0.32
712.166666746,[info],turtlebot2,skill-life-cycle,navigation,(status=RUNNING, parameters=[[-37.0, 18.93, -1.5707963267948966, True], [-37.0, 16.0, 0.0, True], [-28.5, 16.0, 1.5707963267948966, True], [-28.5, 18.0, -1.57, False]])
713.666666746,[debug],turtlebot1,simulation,robot-pose,x=-33.88;y=18.79;yaw=3.01
713.666666746,[debug],turtlebot1,simulation,robot-pose,x=-33.88;y=18.79;yaw=3.01
713.900000095,[debug],turtlebot2,simulation,robot-pose,x=-28.78;y=15.99;yaw=3.01
713.900000095,[debug],turtlebot2,simulation,robot-pose,x=-28.78;y=15.99;yaw=3.01
713.933333397,[debug],turtlebot4,simulation,robot-pose,x=-21.03;y=18.00;yaw=-1.54
713.933333397,[debug],turtlebot3,simulation,robot-pose,x=-40.39;y=25.23;yaw=0.33
713.933333397,[debug],turtlebot4,simulation,robot-pose,x=-21.03;y=18.00;yaw=-1.54
713.933333397,[debug],turtlebot3,simulation,robot-pose,x=-40.39;y=25.23;yaw=0.33
713.950000048,[debug],turtlebot5,simulation,robot-pose,x=-38.15;y=21.55;yaw=0.33
713.950000048,[debug],turtlebot5,simulation,robot-pose,x=-38.15;y=21.55;yaw=0.33
728.650000095,[debug],turtlebot1,simulation,robot-pose,x=-33.88;y=18.79;yaw=3.01
728.650000095,[debug],turtlebot1,simulation,robot-pose,x=-33.88;y=18.79;yaw=3.01
728.900000095,[debug],turtlebot2,simulation,robot-pose,x=-28.76;y=15.99;yaw=3.01
728.900000095,[debug],turtlebot2,simulation,robot-pose,x=-28.76;y=15.99;yaw=3.01
728.933333397,[debug],turtlebot4,simulation,robot-pose,x=-21.03;y=18.00;yaw=-1.54
728.933333397,[debug],turtlebot4,simulation,robot-pose,x=-21.03;y=18.00;yaw=-1.54
728.933333397,[debug],turtlebot3,simulation,robot-pose,x=-40.39;y=25.23;yaw=0.33
728.933333397,[debug],turtlebot3,simulation,robot-pose,x=-40.39;y=25.23;yaw=0.33
728.950000048,[debug],turtlebot5,simulation,robot-pose,x=-38.15;y=21.56;yaw=0.34
728.950000048,[debug],turtlebot5,simulation,robot-pose,x=-38.15;y=21.56;yaw=0.34
743.650000095,[debug],turtlebot1,simulation,robot-pose,x=-33.88;y=18.79;yaw=3.01
743.650000095,[debug],turtlebot1,simulation,robot-pose,x=-33.88;y=18.79;yaw=3.01
743.900000095,[debug],turtlebot2,simulation,robot-pose,x=-28.52;y=15.95;yaw=2.90
743.900000095,[debug],turtlebot2,simulation,robot-pose,x=-28.52;y=15.95;yaw=2.90
743.933333397,[debug],turtlebot4,simulation,robot-pose,x=-21.03;y=18.00;yaw=-1.54
743.933333397,[debug],turtlebot4,simulation,robot-pose,x=-21.03;y=18.00;yaw=-1.54
743.933333397,[debug],turtlebot3,simulation,robot-pose,x=-40.39;y=25.23;yaw=0.33
743.933333397,[debug],turtlebot3,simulation,robot-pose,x=-40.39;y=25.23;yaw=0.33
743.950000048,[debug],turtlebot5,simulation,robot-pose,x=-38.15;y=21.56;yaw=0.34
743.950000048,[debug],turtlebot5,simulation,robot-pose,x=-38.15;y=21.56;yaw=0.34
0.0,[debug],simulation closed,timeout,execution-wall-clock=900.9703557491302
