1.45000004768,[debug],turtlebot2,move-base-info,Move_base is up and ok....,
1.6166665554,[debug],turtlebot1,move-base-info,Move_base is up and ok....,
1.81666660309,[debug],turtlebot3,move-base-info,Move_base is up and ok....,
2.1333334446,[debug],turtlebot5,move-base-info,Move_base is up and ok....,
2.21666669846,[debug],turtlebot4,move-base-info,Move_base is up and ok....,
9.78333330154,[info],turtlebot1,skill-life-cycle,init_robobt,(status=RUNNING, parameters=[])
10.2333333492,[info],turtlebot5,skill-life-cycle,init_robobt,(status=RUNNING, parameters=[])
10.3666665554,[info],turtlebot4,skill-life-cycle,init_robobt,(status=RUNNING, parameters=[])
12.6500000954,[debug],turtlebot2,available-skills,['send_message', 'wait_message', 'approach_person', 'approach_robot', 'authenticate_person', 'deposit', 'navigation', 'operate_drawer', 'pick_up'],
12.6500000954,[info],turtlebot2,skill-life-cycle,navigation,(status=STARTED, parameters=[[-13.5, 16.0, 3.141592653589793, True], [-37.0, 16.0, 1.5707963267948966, True], [-37.0, 21.5, 3.141592653589793, True], [-38.0, 21.5, 0.0, False]])
24.5333333015,[debug],turtlebot1,simulation,robot-pose,x=-13.50;y=18.00;yaw=-1.50
24.5333333015,[debug],turtlebot1,simulation,robot-pose,x=-13.50;y=18.00;yaw=-1.50
24.7166666985,[debug],turtlebot2,simulation,robot-pose,x=-38.93;y=34.24;yaw=0.66
24.7166666985,[debug],turtlebot2,simulation,robot-pose,x=-38.93;y=34.24;yaw=0.66
24.7333333492,[debug],turtlebot3,simulation,robot-pose,x=-40.39;y=25.23;yaw=0.34
24.7333333492,[debug],turtlebot3,simulation,robot-pose,x=-40.39;y=25.23;yaw=0.34
24.7333333492,[debug],turtlebot4,simulation,robot-pose,x=-32.89;y=33.97;yaw=-3.10
24.7333333492,[debug],turtlebot4,simulation,robot-pose,x=-32.89;y=33.97;yaw=-3.10
24.7333333492,[debug],turtlebot5,simulation,robot-pose,x=-20.99;y=18.00;yaw=-1.54
24.7333333492,[debug],turtlebot5,simulation,robot-pose,x=-20.99;y=18.00;yaw=-1.54
39.5333333015,[debug],turtlebot1,simulation,robot-pose,x=-13.49;y=18.00;yaw=-1.49
39.5333333015,[debug],turtlebot1,simulation,robot-pose,x=-13.49;y=18.00;yaw=-1.49
39.7166666985,[debug],turtlebot2,simulation,robot-pose,x=-37.74;y=34.57;yaw=-0.30
39.7166666985,[debug],turtlebot2,simulation,robot-pose,x=-37.74;y=34.57;yaw=-0.30
39.7333333492,[debug],turtlebot3,simulation,robot-pose,x=-40.39;y=25.23;yaw=0.33
39.7333333492,[debug],turtlebot3,simulation,robot-pose,x=-40.39;y=25.23;yaw=0.33
39.7333333492,[debug],turtlebot4,simulation,robot-pose,x=-32.89;y=33.97;yaw=-3.10
39.7333333492,[debug],turtlebot4,simulation,robot-pose,x=-32.89;y=33.97;yaw=-3.10
39.7333333492,[debug],turtlebot5,simulation,robot-pose,x=-20.99;y=18.00;yaw=-1.54
39.7333333492,[debug],turtlebot5,simulation,robot-pose,x=-20.99;y=18.00;yaw=-1.54
54.5333333015,[debug],turtlebot1,simulation,robot-pose,x=-13.49;y=18.00;yaw=-1.48
54.5333333015,[debug],turtlebot1,simulation,robot-pose,x=-13.49;y=18.00;yaw=-1.48
54.7166666985,[debug],turtlebot2,simulation,robot-pose,x=-37.11;y=33.05;yaw=-1.65
54.7166666985,[debug],turtlebot2,simulation,robot-pose,x=-37.11;y=33.05;yaw=-1.65
54.7333333492,[debug],turtlebot3,simulation,robot-pose,x=-40.39;y=25.23;yaw=0.33
54.7333333492,[debug],turtlebot4,simulation,robot-pose,x=-32.89;y=33.97;yaw=-3.10
54.7333333492,[debug],turtlebot3,simulation,robot-pose,x=-40.39;y=25.23;yaw=0.33
54.7333333492,[debug],turtlebot5,simulation,robot-pose,x=-20.99;y=18.00;yaw=-1.54
54.7333333492,[debug],turtlebot4,simulation,robot-pose,x=-32.89;y=33.97;yaw=-3.10
54.7333333492,[debug],turtlebot5,simulation,robot-pose,x=-20.99;y=18.00;yaw=-1.54
57.25,[info],turtlebot2,skill-life-cycle,navigation,(status=RUNNING, parameters=[[-13.5, 16.0, 3.141592653589793, True], [-37.0, 16.0, 1.5707963267948966, True], [-37.0, 21.5, 3.141592653589793, True], [-38.0, 21.5, 0.0, False]])
69.5333333015,[debug],turtlebot1,simulation,robot-pose,x=-13.49;y=18.00;yaw=-1.46
69.5333333015,[debug],turtlebot1,simulation,robot-pose,x=-13.49;y=18.00;yaw=-1.46
69.7166666985,[debug],turtlebot2,simulation,robot-pose,x=-36.96;y=30.77;yaw=-1.65
69.7166666985,[debug],turtlebot2,simulation,robot-pose,x=-36.96;y=30.77;yaw=-1.65
69.7333333492,[debug],turtlebot4,simulation,robot-pose,x=-32.89;y=33.97;yaw=-3.10
69.7333333492,[debug],turtlebot4,simulation,robot-pose,x=-32.89;y=33.97;yaw=-3.10
69.7333333492,[debug],turtlebot3,simulation,robot-pose,x=-40.39;y=25.23;yaw=0.33
69.7333333492,[debug],turtlebot3,simulation,robot-pose,x=-40.39;y=25.23;yaw=0.33
69.7333333492,[debug],turtlebot5,simulation,robot-pose,x=-20.99;y=18.00;yaw=-1.54
69.7333333492,[debug],turtlebot5,simulation,robot-pose,x=-20.99;y=18.00;yaw=-1.54
84.5333333015,[debug],turtlebot1,simulation,robot-pose,x=-13.49;y=17.99;yaw=-1.45
84.5333333015,[debug],turtlebot1,simulation,robot-pose,x=-13.49;y=17.99;yaw=-1.45
84.7166666985,[debug],turtlebot2,simulation,robot-pose,x=-36.97;y=28.33;yaw=-1.58
84.7166666985,[debug],turtlebot2,simulation,robot-pose,x=-36.97;y=28.33;yaw=-1.58
84.7333333492,[debug],turtlebot4,simulation,robot-pose,x=-32.90;y=33.97;yaw=-3.10
84.7333333492,[debug],turtlebot4,simulation,robot-pose,x=-32.90;y=33.97;yaw=-3.10
84.7333333492,[debug],turtlebot5,simulation,robot-pose,x=-20.99;y=18.00;yaw=-1.54
84.7333333492,[debug],turtlebot5,simulation,robot-pose,x=-20.99;y=18.00;yaw=-1.54
84.7333333492,[debug],turtlebot3,simulation,robot-pose,x=-40.39;y=25.23;yaw=0.33
84.7333333492,[debug],turtlebot3,simulation,robot-pose,x=-40.39;y=25.23;yaw=0.33
99.5333333015,[debug],turtlebot1,simulation,robot-pose,x=-13.49;y=17.99;yaw=-1.43
99.5333333015,[debug],turtlebot1,simulation,robot-pose,x=-13.49;y=17.99;yaw=-1.43
99.7166666985,[debug],turtlebot2,simulation,robot-pose,x=-36.95;y=25.91;yaw=-1.52
99.7166666985,[debug],turtlebot2,simulation,robot-pose,x=-36.95;y=25.91;yaw=-1.52
99.7333333492,[debug],turtlebot4,simulation,robot-pose,x=-32.90;y=33.97;yaw=-3.10
99.7333333492,[debug],turtlebot3,simulation,robot-pose,x=-40.39;y=25.23;yaw=0.33
99.7333333492,[debug],turtlebot4,simulation,robot-pose,x=-32.90;y=33.97;yaw=-3.10
99.7333333492,[debug],turtlebot5,simulation,robot-pose,x=-20.99;y=18.00;yaw=-1.54
99.7333333492,[debug],turtlebot3,simulation,robot-pose,x=-40.39;y=25.23;yaw=0.33
99.7333333492,[debug],turtlebot5,simulation,robot-pose,x=-20.99;y=18.00;yaw=-1.54
107.383333445,[info],turtlebot2,skill-life-cycle,navigation,(status=RUNNING, parameters=[[-13.5, 16.0, 3.141592653589793, True], [-37.0, 16.0, 1.5707963267948966, True], [-37.0, 21.5, 3.141592653589793, True], [-38.0, 21.5, 0.0, False]])
114.533333302,[debug],turtlebot1,simulation,robot-pose,x=-13.49;y=17.99;yaw=-1.41
114.533333302,[debug],turtlebot1,simulation,robot-pose,x=-13.49;y=17.99;yaw=-1.41
114.716666698,[debug],turtlebot2,simulation,robot-pose,x=-36.59;y=23.86;yaw=-1.53
114.716666698,[debug],turtlebot2,simulation,robot-pose,x=-36.59;y=23.86;yaw=-1.53
114.733333349,[debug],turtlebot5,simulation,robot-pose,x=-20.99;y=18.00;yaw=-1.54
114.733333349,[debug],turtlebot5,simulation,robot-pose,x=-20.99;y=18.00;yaw=-1.54
114.733333349,[debug],turtlebot3,simulation,robot-pose,x=-40.39;y=25.23;yaw=0.33
114.733333349,[debug],turtlebot3,simulation,robot-pose,x=-40.39;y=25.23;yaw=0.33
114.733333349,[debug],turtlebot4,simulation,robot-pose,x=-32.90;y=33.97;yaw=-3.09
114.733333349,[debug],turtlebot4,simulation,robot-pose,x=-32.90;y=33.97;yaw=-3.09
129.533333302,[debug],turtlebot1,simulation,robot-pose,x=-13.49;y=17.98;yaw=-1.40
129.533333302,[debug],turtlebot1,simulation,robot-pose,x=-13.49;y=17.98;yaw=-1.40
129.716666698,[debug],turtlebot2,simulation,robot-pose,x=-36.71;y=21.32;yaw=-1.53
129.716666698,[debug],turtlebot2,simulation,robot-pose,x=-36.71;y=21.32;yaw=-1.53
129.733333349,[debug],turtlebot3,simulation,robot-pose,x=-40.39;y=25.23;yaw=0.33
129.733333349,[debug],turtlebot3,simulation,robot-pose,x=-40.39;y=25.23;yaw=0.33
129.733333349,[debug],turtlebot5,simulation,robot-pose,x=-21.00;y=18.00;yaw=-1.54
129.733333349,[debug],turtlebot5,simulation,robot-pose,x=-21.00;y=18.00;yaw=-1.54
129.733333349,[debug],turtlebot4,simulation,robot-pose,x=-32.90;y=33.97;yaw=-3.09
129.733333349,[debug],turtlebot4,simulation,robot-pose,x=-32.90;y=33.97;yaw=-3.09
144.533333302,[debug],turtlebot1,simulation,robot-pose,x=-13.49;y=17.98;yaw=-1.38
144.533333302,[debug],turtlebot1,simulation,robot-pose,x=-13.49;y=17.98;yaw=-1.38
144.716666698,[debug],turtlebot2,simulation,robot-pose,x=-36.62;y=18.92;yaw=-1.35
144.716666698,[debug],turtlebot2,simulation,robot-pose,x=-36.62;y=18.92;yaw=-1.35
144.733333349,[debug],turtlebot4,simulation,robot-pose,x=-32.90;y=33.97;yaw=-3.09
144.733333349,[debug],turtlebot4,simulation,robot-pose,x=-32.90;y=33.97;yaw=-3.09
144.733333349,[debug],turtlebot3,simulation,robot-pose,x=-40.39;y=25.23;yaw=0.33
144.733333349,[debug],turtlebot3,simulation,robot-pose,x=-40.39;y=25.23;yaw=0.33
144.733333349,[debug],turtlebot5,simulation,robot-pose,x=-21.00;y=18.00;yaw=-1.54
144.733333349,[debug],turtlebot5,simulation,robot-pose,x=-21.00;y=18.00;yaw=-1.54
157.233333349,[info],turtlebot2,skill-life-cycle,navigation,(status=RUNNING, parameters=[[-13.5, 16.0, 3.141592653589793, True], [-37.0, 16.0, 1.5707963267948966, True], [-37.0, 21.5, 3.141592653589793, True], [-38.0, 21.5, 0.0, False]])
159.533333302,[debug],turtlebot1,simulation,robot-pose,x=-13.48;y=17.98;yaw=-1.36
159.533333302,[debug],turtlebot1,simulation,robot-pose,x=-13.48;y=17.98;yaw=-1.36
159.716666698,[debug],turtlebot2,simulation,robot-pose,x=-36.51;y=16.78;yaw=-1.44
159.716666698,[debug],turtlebot2,simulation,robot-pose,x=-36.51;y=16.78;yaw=-1.44
159.733333349,[debug],turtlebot4,simulation,robot-pose,x=-32.90;y=33.97;yaw=-3.09
159.733333349,[debug],turtlebot4,simulation,robot-pose,x=-32.90;y=33.97;yaw=-3.09
159.733333349,[debug],turtlebot5,simulation,robot-pose,x=-21.00;y=18.00;yaw=-1.54
159.733333349,[debug],turtlebot3,simulation,robot-pose,x=-40.39;y=25.23;yaw=0.33
159.733333349,[debug],turtlebot5,simulation,robot-pose,x=-21.00;y=18.00;yaw=-1.54
159.733333349,[debug],turtlebot3,simulation,robot-pose,x=-40.39;y=25.23;yaw=0.33
174.533333302,[debug],turtlebot1,simulation,robot-pose,x=-13.48;y=17.97;yaw=-1.34
174.533333302,[debug],turtlebot1,simulation,robot-pose,x=-13.48;y=17.97;yaw=-1.34
174.716666698,[debug],turtlebot2,simulation,robot-pose,x=-35.63;y=15.48;yaw=-0.54
174.716666698,[debug],turtlebot2,simulation,robot-pose,x=-35.63;y=15.48;yaw=-0.54
174.733333349,[debug],turtlebot5,simulation,robot-pose,x=-21.00;y=18.00;yaw=-1.54
174.733333349,[debug],turtlebot5,simulation,robot-pose,x=-21.00;y=18.00;yaw=-1.54
174.733333349,[debug],turtlebot4,simulation,robot-pose,x=-32.90;y=33.97;yaw=-3.09
174.733333349,[debug],turtlebot4,simulation,robot-pose,x=-32.90;y=33.97;yaw=-3.09
174.733333349,[debug],turtlebot3,simulation,robot-pose,x=-40.39;y=25.23;yaw=0.33
174.733333349,[debug],turtlebot3,simulation,robot-pose,x=-40.39;y=25.23;yaw=0.33
189.533333302,[debug],turtlebot1,simulation,robot-pose,x=-13.48;y=17.97;yaw=-1.31
189.533333302,[debug],turtlebot1,simulation,robot-pose,x=-13.48;y=17.97;yaw=-1.31
189.716666698,[debug],turtlebot2,simulation,robot-pose,x=-34.38;y=15.42;yaw=-0.01
189.716666698,[debug],turtlebot2,simulation,robot-pose,x=-34.38;y=15.42;yaw=-0.01
189.733333349,[debug],turtlebot3,simulation,robot-pose,x=-40.39;y=25.23;yaw=0.33
189.733333349,[debug],turtlebot3,simulation,robot-pose,x=-40.39;y=25.23;yaw=0.33
189.733333349,[debug],turtlebot4,simulation,robot-pose,x=-32.90;y=33.97;yaw=-3.09
189.733333349,[debug],turtlebot4,simulation,robot-pose,x=-32.90;y=33.97;yaw=-3.09
189.733333349,[debug],turtlebot5,simulation,robot-pose,x=-21.00;y=18.00;yaw=-1.54
189.733333349,[debug],turtlebot5,simulation,robot-pose,x=-21.00;y=18.00;yaw=-1.54
204.533333302,[debug],turtlebot1,simulation,robot-pose,x=-13.47;y=17.97;yaw=-1.29
204.533333302,[debug],turtlebot1,simulation,robot-pose,x=-13.47;y=17.97;yaw=-1.29
204.716666698,[debug],turtlebot2,simulation,robot-pose,x=-33.13;y=15.42;yaw=-0.00
204.716666698,[debug],turtlebot2,simulation,robot-pose,x=-33.13;y=15.42;yaw=-0.00
204.733333349,[debug],turtlebot4,simulation,robot-pose,x=-32.91;y=33.97;yaw=-3.09
204.733333349,[debug],turtlebot4,simulation,robot-pose,x=-32.91;y=33.97;yaw=-3.09
204.733333349,[debug],turtlebot5,simulation,robot-pose,x=-21.01;y=18.00;yaw=-1.54
204.733333349,[debug],turtlebot5,simulation,robot-pose,x=-21.01;y=18.00;yaw=-1.54
204.733333349,[debug],turtlebot3,simulation,robot-pose,x=-40.39;y=25.23;yaw=0.33
204.733333349,[debug],turtlebot3,simulation,robot-pose,x=-40.39;y=25.23;yaw=0.33
206.799999952,[info],turtlebot2,skill-life-cycle,navigation,(status=RUNNING, parameters=[[-13.5, 16.0, 3.141592653589793, True], [-37.0, 16.0, 1.5707963267948966, True], [-37.0, 21.5, 3.141592653589793, True], [-38.0, 21.5, 0.0, False]])
219.533333302,[debug],turtlebot1,simulation,robot-pose,x=-13.47;y=17.96;yaw=-1.27
219.533333302,[debug],turtlebot1,simulation,robot-pose,x=-13.47;y=17.96;yaw=-1.27
219.716666698,[debug],turtlebot2,simulation,robot-pose,x=-31.89;y=15.56;yaw=0.13
219.716666698,[debug],turtlebot2,simulation,robot-pose,x=-31.89;y=15.56;yaw=0.13
219.733333349,[debug],turtlebot5,simulation,robot-pose,x=-21.01;y=18.00;yaw=-1.54
219.733333349,[debug],turtlebot5,simulation,robot-pose,x=-21.01;y=18.00;yaw=-1.54
219.733333349,[debug],turtlebot3,simulation,robot-pose,x=-40.39;y=25.23;yaw=0.33
219.733333349,[debug],turtlebot3,simulation,robot-pose,x=-40.39;y=25.23;yaw=0.33
219.733333349,[debug],turtlebot4,simulation,robot-pose,x=-32.91;y=33.97;yaw=-3.08
219.733333349,[debug],turtlebot4,simulation,robot-pose,x=-32.91;y=33.97;yaw=-3.08
234.533333302,[debug],turtlebot1,simulation,robot-pose,x=-13.47;y=17.96;yaw=-1.25
234.533333302,[debug],turtlebot1,simulation,robot-pose,x=-13.47;y=17.96;yaw=-1.25
234.716666698,[debug],turtlebot2,simulation,robot-pose,x=-30.65;y=15.83;yaw=0.26
234.716666698,[debug],turtlebot2,simulation,robot-pose,x=-30.65;y=15.83;yaw=0.26
234.733333349,[debug],turtlebot3,simulation,robot-pose,x=-40.39;y=25.23;yaw=0.33
234.733333349,[debug],turtlebot3,simulation,robot-pose,x=-40.39;y=25.23;yaw=0.33
234.733333349,[debug],turtlebot4,simulation,robot-pose,x=-32.91;y=33.97;yaw=-3.07
234.733333349,[debug],turtlebot4,simulation,robot-pose,x=-32.91;y=33.97;yaw=-3.07
234.733333349,[debug],turtlebot5,simulation,robot-pose,x=-21.01;y=18.00;yaw=-1.54
234.733333349,[debug],turtlebot5,simulation,robot-pose,x=-21.01;y=18.00;yaw=-1.54
249.533333302,[debug],turtlebot1,simulation,robot-pose,x=-13.46;y=17.96;yaw=-1.23
249.533333302,[debug],turtlebot1,simulation,robot-pose,x=-13.46;y=17.96;yaw=-1.23
249.716666698,[debug],turtlebot2,simulation,robot-pose,x=-29.41;y=15.99;yaw=0.10
249.716666698,[debug],turtlebot2,simulation,robot-pose,x=-29.41;y=15.99;yaw=0.10
249.733333349,[debug],turtlebot4,simulation,robot-pose,x=-32.91;y=33.97;yaw=-3.06
249.733333349,[debug],turtlebot4,simulation,robot-pose,x=-32.91;y=33.97;yaw=-3.06
249.733333349,[debug],turtlebot3,simulation,robot-pose,x=-40.39;y=25.23;yaw=0.33
249.733333349,[debug],turtlebot3,simulation,robot-pose,x=-40.39;y=25.23;yaw=0.33
249.733333349,[debug],turtlebot5,simulation,robot-pose,x=-21.02;y=18.00;yaw=-1.54
249.733333349,[debug],turtlebot5,simulation,robot-pose,x=-21.02;y=18.00;yaw=-1.54
256.150000095,[info],turtlebot2,skill-life-cycle,navigation,(status=RUNNING, parameters=[[-13.5, 16.0, 3.141592653589793, True], [-37.0, 16.0, 1.5707963267948966, True], [-37.0, 21.5, 3.141592653589793, True], [-38.0, 21.5, 0.0, False]])
264.533333302,[debug],turtlebot1,simulation,robot-pose,x=-13.46;y=17.95;yaw=-1.21
264.533333302,[debug],turtlebot1,simulation,robot-pose,x=-13.46;y=17.95;yaw=-1.21
264.716666698,[debug],turtlebot2,simulation,robot-pose,x=-28.16;y=16.00;yaw=0.04
264.716666698,[debug],turtlebot2,simulation,robot-pose,x=-28.16;y=16.00;yaw=0.04
264.733333349,[debug],turtlebot3,simulation,robot-pose,x=-40.39;y=25.23;yaw=0.33
264.733333349,[debug],turtlebot3,simulation,robot-pose,x=-40.39;y=25.23;yaw=0.33
264.733333349,[debug],turtlebot4,simulation,robot-pose,x=-32.91;y=33.97;yaw=-3.06
264.733333349,[debug],turtlebot4,simulation,robot-pose,x=-32.91;y=33.97;yaw=-3.06
264.733333349,[debug],turtlebot5,simulation,robot-pose,x=-21.02;y=18.00;yaw=-1.54
264.733333349,[debug],turtlebot5,simulation,robot-pose,x=-21.02;y=18.00;yaw=-1.54
279.533333302,[debug],turtlebot1,simulation,robot-pose,x=-13.46;y=17.95;yaw=-1.19
279.533333302,[debug],turtlebot1,simulation,robot-pose,x=-13.46;y=17.95;yaw=-1.19
279.716666698,[debug],turtlebot2,simulation,robot-pose,x=-26.91;y=16.01;yaw=-0.00
279.716666698,[debug],turtlebot2,simulation,robot-pose,x=-26.91;y=16.01;yaw=-0.00
279.733333349,[debug],turtlebot4,simulation,robot-pose,x=-32.92;y=33.98;yaw=-3.05
279.733333349,[debug],turtlebot4,simulation,robot-pose,x=-32.92;y=33.98;yaw=-3.05
279.733333349,[debug],turtlebot5,simulation,robot-pose,x=-21.03;y=18.00;yaw=-1.54
279.733333349,[debug],turtlebot5,simulation,robot-pose,x=-21.03;y=18.00;yaw=-1.54
279.733333349,[debug],turtlebot3,simulation,robot-pose,x=-40.39;y=25.23;yaw=0.33
279.733333349,[debug],turtlebot3,simulation,robot-pose,x=-40.39;y=25.23;yaw=0.33
294.533333302,[debug],turtlebot1,simulation,robot-pose,x=-13.45;y=17.95;yaw=-1.17
294.533333302,[debug],turtlebot1,simulation,robot-pose,x=-13.45;y=17.95;yaw=-1.17
294.716666698,[debug],turtlebot2,simulation,robot-pose,x=-25.66;y=16.01;yaw=-0.01
294.716666698,[debug],turtlebot2,simulation,robot-pose,x=-25.66;y=16.01;yaw=-0.01
294.733333349,[debug],turtlebot3,simulation,robot-pose,x=-40.39;y=25.23;yaw=0.33
294.733333349,[debug],turtlebot3,simulation,robot-pose,x=-40.39;y=25.23;yaw=0.33
294.733333349,[debug],turtlebot4,simulation,robot-pose,x=-32.92;y=33.98;yaw=-3.05
294.733333349,[debug],turtlebot5,simulation,robot-pose,x=-21.03;y=18.00;yaw=-1.54
294.733333349,[debug],turtlebot4,simulation,robot-pose,x=-32.92;y=33.98;yaw=-3.05
294.733333349,[debug],turtlebot5,simulation,robot-pose,x=-21.03;y=18.00;yaw=-1.54
305.566666603,[info],turtlebot2,skill-life-cycle,navigation,(status=RUNNING, parameters=[[-13.5, 16.0, 3.141592653589793, True], [-37.0, 16.0, 1.5707963267948966, True], [-37.0, 21.5, 3.141592653589793, True], [-38.0, 21.5, 0.0, False]])
309.533333302,[debug],turtlebot1,simulation,robot-pose,x=-13.45;y=17.94;yaw=-1.16
309.533333302,[debug],turtlebot1,simulation,robot-pose,x=-13.45;y=17.94;yaw=-1.16
309.716666698,[debug],turtlebot2,simulation,robot-pose,x=-24.40;y=16.01;yaw=-0.00
309.716666698,[debug],turtlebot2,simulation,robot-pose,x=-24.40;y=16.01;yaw=-0.00
309.733333349,[debug],turtlebot3,simulation,robot-pose,x=-40.39;y=25.23;yaw=0.33
309.733333349,[debug],turtlebot3,simulation,robot-pose,x=-40.39;y=25.23;yaw=0.33
309.733333349,[debug],turtlebot5,simulation,robot-pose,x=-21.03;y=18.00;yaw=-1.54
309.733333349,[debug],turtlebot5,simulation,robot-pose,x=-21.03;y=18.00;yaw=-1.54
309.733333349,[debug],turtlebot4,simulation,robot-pose,x=-32.92;y=33.98;yaw=-3.06
309.733333349,[debug],turtlebot4,simulation,robot-pose,x=-32.92;y=33.98;yaw=-3.06
324.533333302,[debug],turtlebot1,simulation,robot-pose,x=-13.45;y=17.94;yaw=-1.14
324.533333302,[debug],turtlebot1,simulation,robot-pose,x=-13.45;y=17.94;yaw=-1.14
324.716666698,[debug],turtlebot2,simulation,robot-pose,x=-23.14;y=16.02;yaw=-0.00
324.716666698,[debug],turtlebot2,simulation,robot-pose,x=-23.14;y=16.02;yaw=-0.00
324.733333349,[debug],turtlebot3,simulation,robot-pose,x=-40.39;y=25.23;yaw=0.33
324.733333349,[debug],turtlebot3,simulation,robot-pose,x=-40.39;y=25.23;yaw=0.33
324.733333349,[debug],turtlebot5,simulation,robot-pose,x=-21.03;y=18.00;yaw=-1.54
324.733333349,[debug],turtlebot4,simulation,robot-pose,x=-32.92;y=33.98;yaw=-3.06
324.733333349,[debug],turtlebot5,simulation,robot-pose,x=-21.03;y=18.00;yaw=-1.54
324.733333349,[debug],turtlebot4,simulation,robot-pose,x=-32.92;y=33.98;yaw=-3.06
339.533333302,[debug],turtlebot1,simulation,robot-pose,x=-13.44;y=17.94;yaw=-1.13
339.533333302,[debug],turtlebot1,simulation,robot-pose,x=-13.44;y=17.94;yaw=-1.13
339.716666698,[debug],turtlebot2,simulation,robot-pose,x=-21.89;y=16.01;yaw=0.00
339.716666698,[debug],turtlebot2,simulation,robot-pose,x=-21.89;y=16.01;yaw=0.00
339.733333349,[debug],turtlebot5,simulation,robot-pose,x=-21.03;y=18.00;yaw=-1.54
339.733333349,[debug],turtlebot5,simulation,robot-pose,x=-21.03;y=18.00;yaw=-1.54
339.733333349,[debug],turtlebot3,simulation,robot-pose,x=-40.39;y=25.23;yaw=0.33
339.733333349,[debug],turtlebot3,simulation,robot-pose,x=-40.39;y=25.23;yaw=0.33
339.733333349,[debug],turtlebot4,simulation,robot-pose,x=-32.93;y=33.98;yaw=-3.06
339.733333349,[debug],turtlebot4,simulation,robot-pose,x=-32.93;y=33.98;yaw=-3.06
354.533333302,[debug],turtlebot1,simulation,robot-pose,x=-13.44;y=17.94;yaw=-1.12
354.533333302,[debug],turtlebot1,simulation,robot-pose,x=-13.44;y=17.94;yaw=-1.12
354.716666698,[debug],turtlebot2,simulation,robot-pose,x=-20.64;y=16.01;yaw=-0.00
354.716666698,[debug],turtlebot2,simulation,robot-pose,x=-20.64;y=16.01;yaw=-0.00
354.733333349,[debug],turtlebot3,simulation,robot-pose,x=-40.39;y=25.23;yaw=0.33
354.733333349,[debug],turtlebot5,simulation,robot-pose,x=-21.03;y=18.00;yaw=-1.54
354.733333349,[debug],turtlebot4,simulation,robot-pose,x=-32.93;y=33.98;yaw=-3.06
354.733333349,[debug],turtlebot3,simulation,robot-pose,x=-40.39;y=25.23;yaw=0.33
354.733333349,[debug],turtlebot5,simulation,robot-pose,x=-21.03;y=18.00;yaw=-1.54
354.733333349,[debug],turtlebot4,simulation,robot-pose,x=-32.93;y=33.98;yaw=-3.06
355.099999905,[info],turtlebot2,skill-life-cycle,navigation,(status=RUNNING, parameters=[[-13.5, 16.0, 3.141592653589793, True], [-37.0, 16.0, 1.5707963267948966, True], [-37.0, 21.5, 3.141592653589793, True], [-38.0, 21.5, 0.0, False]])
369.533333302,[debug],turtlebot1,simulation,robot-pose,x=-13.44;y=17.94;yaw=-1.12
369.533333302,[debug],turtlebot1,simulation,robot-pose,x=-13.44;y=17.94;yaw=-1.12
369.716666698,[debug],turtlebot2,simulation,robot-pose,x=-19.39;y=16.02;yaw=0.01
369.716666698,[debug],turtlebot2,simulation,robot-pose,x=-19.39;y=16.02;yaw=0.01
369.733333349,[debug],turtlebot4,simulation,robot-pose,x=-32.93;y=33.98;yaw=-3.06
369.733333349,[debug],turtlebot4,simulation,robot-pose,x=-32.93;y=33.98;yaw=-3.06
369.733333349,[debug],turtlebot3,simulation,robot-pose,x=-40.39;y=25.23;yaw=0.33
369.733333349,[debug],turtlebot3,simulation,robot-pose,x=-40.39;y=25.23;yaw=0.33
369.733333349,[debug],turtlebot5,simulation,robot-pose,x=-21.03;y=18.00;yaw=-1.54
369.733333349,[debug],turtlebot5,simulation,robot-pose,x=-21.03;y=18.00;yaw=-1.54
384.533333302,[debug],turtlebot1,simulation,robot-pose,x=-13.44;y=17.93;yaw=-1.11
384.533333302,[debug],turtlebot1,simulation,robot-pose,x=-13.44;y=17.93;yaw=-1.11
384.716666698,[debug],turtlebot2,simulation,robot-pose,x=-18.14;y=16.02;yaw=-0.02
384.716666698,[debug],turtlebot2,simulation,robot-pose,x=-18.14;y=16.02;yaw=-0.02
384.733333349,[debug],turtlebot3,simulation,robot-pose,x=-40.39;y=25.23;yaw=0.33
384.733333349,[debug],turtlebot3,simulation,robot-pose,x=-40.39;y=25.23;yaw=0.33
384.733333349,[debug],turtlebot5,simulation,robot-pose,x=-21.03;y=18.00;yaw=-1.54
384.733333349,[debug],turtlebot4,simulation,robot-pose,x=-32.93;y=33.98;yaw=-3.06
384.733333349,[debug],turtlebot5,simulation,robot-pose,x=-21.03;y=18.00;yaw=-1.54
384.733333349,[debug],turtlebot4,simulation,robot-pose,x=-32.93;y=33.98;yaw=-3.06
399.533333302,[debug],turtlebot1,simulation,robot-pose,x=-13.43;y=17.93;yaw=-1.10
399.533333302,[debug],turtlebot1,simulation,robot-pose,x=-13.43;y=17.93;yaw=-1.10
399.716666698,[debug],turtlebot2,simulation,robot-pose,x=-16.89;y=16.01;yaw=-0.00
399.716666698,[debug],turtlebot2,simulation,robot-pose,x=-16.89;y=16.01;yaw=-0.00
399.733333349,[debug],turtlebot3,simulation,robot-pose,x=-40.39;y=25.23;yaw=0.33
399.733333349,[debug],turtlebot3,simulation,robot-pose,x=-40.39;y=25.23;yaw=0.33
399.733333349,[debug],turtlebot4,simulation,robot-pose,x=-32.93;y=33.98;yaw=-3.06
399.733333349,[debug],turtlebot5,simulation,robot-pose,x=-21.03;y=18.00;yaw=-1.54
399.733333349,[debug],turtlebot4,simulation,robot-pose,x=-32.93;y=33.98;yaw=-3.06
399.733333349,[debug],turtlebot5,simulation,robot-pose,x=-21.03;y=18.00;yaw=-1.54
404.483333349,[info],turtlebot2,skill-life-cycle,navigation,(status=RUNNING, parameters=[[-13.5, 16.0, 3.141592653589793, True], [-37.0, 16.0, 1.5707963267948966, True], [-37.0, 21.5, 3.141592653589793, True], [-38.0, 21.5, 0.0, False]])
414.533333302,[debug],turtlebot1,simulation,robot-pose,x=-13.43;y=17.93;yaw=-1.10
414.533333302,[debug],turtlebot1,simulation,robot-pose,x=-13.43;y=17.93;yaw=-1.10
414.716666698,[debug],turtlebot2,simulation,robot-pose,x=-15.63;y=16.01;yaw=-0.00
414.716666698,[debug],turtlebot2,simulation,robot-pose,x=-15.63;y=16.01;yaw=-0.00
414.733333349,[debug],turtlebot5,simulation,robot-pose,x=-21.03;y=18.00;yaw=-1.54
414.733333349,[debug],turtlebot5,simulation,robot-pose,x=-21.03;y=18.00;yaw=-1.54
414.733333349,[debug],turtlebot4,simulation,robot-pose,x=-32.93;y=33.98;yaw=-3.06
414.733333349,[debug],turtlebot4,simulation,robot-pose,x=-32.93;y=33.98;yaw=-3.06
414.733333349,[debug],turtlebot3,simulation,robot-pose,x=-40.39;y=25.23;yaw=0.33
414.733333349,[debug],turtlebot3,simulation,robot-pose,x=-40.39;y=25.23;yaw=0.33
429.533333302,[debug],turtlebot1,simulation,robot-pose,x=-13.43;y=17.93;yaw=-1.09
429.533333302,[debug],turtlebot1,simulation,robot-pose,x=-13.43;y=17.93;yaw=-1.09
429.716666698,[debug],turtlebot2,simulation,robot-pose,x=-14.38;y=16.12;yaw=0.03
429.716666698,[debug],turtlebot2,simulation,robot-pose,x=-14.38;y=16.12;yaw=0.03
429.733333349,[debug],turtlebot5,simulation,robot-pose,x=-21.03;y=18.00;yaw=-1.54
429.733333349,[debug],turtlebot4,simulation,robot-pose,x=-32.93;y=33.98;yaw=-3.06
429.733333349,[debug],turtlebot5,simulation,robot-pose,x=-21.03;y=18.00;yaw=-1.54
429.733333349,[debug],turtlebot3,simulation,robot-pose,x=-40.39;y=25.23;yaw=0.33
429.733333349,[debug],turtlebot4,simulation,robot-pose,x=-32.93;y=33.98;yaw=-3.06
429.733333349,[debug],turtlebot3,simulation,robot-pose,x=-40.39;y=25.23;yaw=0.33
442.433333397,[debug],turtlebot2,move-base-info,Hooray, the base moved arrived,(x=-13.5;y=16)
442.450000048,[debug],turtlebot2,move-base-info,Hooray, the base moved arrived,(x=-13.5;y=16)
442.483333349,[debug],turtlebot2,task-update,navigation,way-point-reached,25.0%
444.533333302,[debug],turtlebot1,simulation,robot-pose,x=-13.42;y=17.93;yaw=-1.09
444.533333302,[debug],turtlebot1,simulation,robot-pose,x=-13.42;y=17.93;yaw=-1.09
444.716666698,[debug],turtlebot2,simulation,robot-pose,x=-13.91;y=16.08;yaw=-3.10
444.716666698,[debug],turtlebot2,simulation,robot-pose,x=-13.91;y=16.08;yaw=-3.10
444.733333349,[debug],turtlebot3,simulation,robot-pose,x=-40.39;y=25.23;yaw=0.33
444.733333349,[debug],turtlebot3,simulation,robot-pose,x=-40.39;y=25.23;yaw=0.33
444.733333349,[debug],turtlebot5,simulation,robot-pose,x=-21.03;y=18.00;yaw=-1.54
444.733333349,[debug],turtlebot5,simulation,robot-pose,x=-21.03;y=18.00;yaw=-1.54
444.733333349,[debug],turtlebot4,simulation,robot-pose,x=-32.93;y=33.98;yaw=-3.06
444.733333349,[debug],turtlebot4,simulation,robot-pose,x=-32.93;y=33.98;yaw=-3.06
455.083333254,[info],turtlebot2,skill-life-cycle,navigation,(status=RUNNING, parameters=[[-13.5, 16.0, 3.141592653589793, True], [-37.0, 16.0, 1.5707963267948966, True], [-37.0, 21.5, 3.141592653589793, True], [-38.0, 21.5, 0.0, False]])
459.533333302,[debug],turtlebot1,simulation,robot-pose,x=-13.42;y=17.92;yaw=-1.07
459.533333302,[debug],turtlebot1,simulation,robot-pose,x=-13.42;y=17.92;yaw=-1.07
459.716666698,[debug],turtlebot2,simulation,robot-pose,x=-25.98;y=15.61;yaw=3.12
459.716666698,[debug],turtlebot2,simulation,robot-pose,x=-25.98;y=15.61;yaw=3.12
459.733333349,[debug],turtlebot4,simulation,robot-pose,x=-32.93;y=33.98;yaw=-3.06
459.733333349,[debug],turtlebot4,simulation,robot-pose,x=-32.93;y=33.98;yaw=-3.06
459.733333349,[debug],turtlebot3,simulation,robot-pose,x=-40.39;y=25.23;yaw=0.33
459.733333349,[debug],turtlebot3,simulation,robot-pose,x=-40.39;y=25.23;yaw=0.33
459.733333349,[debug],turtlebot5,simulation,robot-pose,x=-21.03;y=18.00;yaw=-1.54
459.733333349,[debug],turtlebot5,simulation,robot-pose,x=-21.03;y=18.00;yaw=-1.54
474.533333302,[debug],turtlebot1,simulation,robot-pose,x=-13.42;y=17.92;yaw=-1.06
474.533333302,[debug],turtlebot1,simulation,robot-pose,x=-13.42;y=17.92;yaw=-1.06
474.716666698,[debug],turtlebot2,simulation,robot-pose,x=-36.57;y=15.81;yaw=2.32
474.716666698,[debug],turtlebot2,simulation,robot-pose,x=-36.57;y=15.81;yaw=2.32
474.733333349,[debug],turtlebot3,simulation,robot-pose,x=-40.39;y=25.23;yaw=0.33
474.733333349,[debug],turtlebot3,simulation,robot-pose,x=-40.39;y=25.23;yaw=0.33
474.733333349,[debug],turtlebot4,simulation,robot-pose,x=-32.93;y=33.98;yaw=-3.06
474.733333349,[debug],turtlebot4,simulation,robot-pose,x=-32.93;y=33.98;yaw=-3.06
474.733333349,[debug],turtlebot5,simulation,robot-pose,x=-21.03;y=18.00;yaw=-1.54
474.733333349,[debug],turtlebot5,simulation,robot-pose,x=-21.03;y=18.00;yaw=-1.54
477.0,[debug],turtlebot2,move-base-info,Hooray, the base moved arrived,(x=-37;y=16)
477.0,[debug],turtlebot2,move-base-info,Hooray, the base moved arrived,(x=-37;y=16)
477.183333397,[debug],turtlebot2,task-update,navigation,way-point-reached,50.0%
489.533333302,[debug],turtlebot1,simulation,robot-pose,x=-13.42;y=17.92;yaw=-1.05
489.533333302,[debug],turtlebot1,simulation,robot-pose,x=-13.42;y=17.92;yaw=-1.05
489.716666698,[debug],turtlebot2,simulation,robot-pose,x=-36.68;y=17.19;yaw=1.58
489.716666698,[debug],turtlebot2,simulation,robot-pose,x=-36.68;y=17.19;yaw=1.58
489.733333349,[debug],turtlebot4,simulation,robot-pose,x=-32.93;y=33.98;yaw=-3.06
489.733333349,[debug],turtlebot4,simulation,robot-pose,x=-32.93;y=33.98;yaw=-3.06
489.733333349,[debug],turtlebot3,simulation,robot-pose,x=-40.39;y=25.23;yaw=0.33
489.733333349,[debug],turtlebot3,simulation,robot-pose,x=-40.39;y=25.23;yaw=0.33
489.733333349,[debug],turtlebot5,simulation,robot-pose,x=-21.03;y=18.00;yaw=-1.54
489.733333349,[debug],turtlebot5,simulation,robot-pose,x=-21.03;y=18.00;yaw=-1.54
504.533333302,[debug],turtlebot1,simulation,robot-pose,x=-13.42;y=17.92;yaw=-1.04
504.533333302,[debug],turtlebot1,simulation,robot-pose,x=-13.42;y=17.92;yaw=-1.04
504.716666698,[debug],turtlebot2,simulation,robot-pose,x=-36.66;y=19.69;yaw=1.57
504.716666698,[debug],turtlebot2,simulation,robot-pose,x=-36.66;y=19.69;yaw=1.57
504.733333349,[debug],turtlebot3,simulation,robot-pose,x=-40.39;y=25.23;yaw=0.33
504.733333349,[debug],turtlebot5,simulation,robot-pose,x=-21.03;y=18.00;yaw=-1.54
504.733333349,[debug],turtlebot4,simulation,robot-pose,x=-32.93;y=33.98;yaw=-3.06
504.733333349,[debug],turtlebot3,simulation,robot-pose,x=-40.39;y=25.23;yaw=0.33
504.733333349,[debug],turtlebot5,simulation,robot-pose,x=-21.03;y=18.00;yaw=-1.54
504.733333349,[debug],turtlebot4,simulation,robot-pose,x=-32.93;y=33.98;yaw=-3.06
505.483333349,[info],turtlebot2,skill-life-cycle,navigation,(status=RUNNING, parameters=[[-13.5, 16.0, 3.141592653589793, True], [-37.0, 16.0, 1.5707963267948966, True], [-37.0, 21.5, 3.141592653589793, True], [-38.0, 21.5, 0.0, False]])
516.0,[debug],turtlebot2,move-base-info,Hooray, the base moved arrived,(x=-37;y=21.5)
516.0,[debug],turtlebot2,move-base-info,Hooray, the base moved arrived,(x=-37;y=21.5)
516.083333254,[debug],turtlebot2,task-update,navigation,way-point-reached,75.0%
519.533333302,[debug],turtlebot1,simulation,robot-pose,x=-13.42;y=17.92;yaw=-1.04
519.533333302,[debug],turtlebot1,simulation,robot-pose,x=-13.42;y=17.92;yaw=-1.04
519.716666698,[debug],turtlebot2,simulation,robot-pose,x=-36.78;y=21.07;yaw=3.10
519.716666698,[debug],turtlebot2,simulation,robot-pose,x=-36.78;y=21.07;yaw=3.10
519.733333349,[debug],turtlebot3,simulation,robot-pose,x=-40.39;y=25.23;yaw=0.33
519.733333349,[debug],turtlebot3,simulation,robot-pose,x=-40.39;y=25.23;yaw=0.33
519.733333349,[debug],turtlebot5,simulation,robot-pose,x=-21.03;y=18.00;yaw=-1.54
519.733333349,[debug],turtlebot4,simulation,robot-pose,x=-32.93;y=33.98;yaw=-3.05
519.733333349,[debug],turtlebot5,simulation,robot-pose,x=-21.03;y=18.00;yaw=-1.54
519.733333349,[debug],turtlebot4,simulation,robot-pose,x=-32.93;y=33.98;yaw=-3.05
532.533333302,[debug],turtlebot2,move-base-info,Hooray, the base moved arrived,(x=-38;y=21.5)
532.533333302,[debug],turtlebot2,move-base-info,Hooray, the base moved arrived,(x=-38;y=21.5)
532.733333349,[debug],turtlebot2,task-update,navigation,way-point-reached,100.0%
532.816666603,[debug],turtlebot2,available-skills,['send_message', 'wait_message', 'approach_person', 'approach_robot', 'authenticate_person', 'deposit', 'navigation', 'operate_drawer', 'pick_up'],
532.816666603,[info],turtlebot2,skill-life-cycle,approach_person,(status=STARTED, parameters=['nurse'])
532.883333445,[debug],turtlebot2,task-update,approach_person,localize-person,(who=nurse)
532.983333349,[debug],turtlebot2,task-update,approach_person,goto-person,(who=nurse)
533.083333254,[debug],turtlebot2,available-skills,['send_message', 'wait_message', 'approach_person', 'approach_robot', 'authenticate_person', 'deposit', 'navigation', 'operate_drawer', 'pick_up'],
533.083333254,[info],turtlebot2,skill-life-cycle,authenticate_person,(status=STARTED, parameters=['nurse'])
533.150000095,[debug],turtlebot2,task-update,authenticate_person,request-authentication,(to=nurse)
533.166666746,[info],nurse,sync,received-request,(status=sending-request)
533.166666746,[info],nurse,sync,received-request,(status=sending-request)
533.599999905,[debug],turtlebot2,task-update,authenticate_person,received-authentication,(from=nurse)
533.683333397,[debug],turtlebot2,available-skills,['send_message', 'wait_message', 'approach_person', 'approach_robot', 'authenticate_person', 'deposit', 'navigation', 'operate_drawer', 'pick_up'],
533.683333397,[info],turtlebot2,skill-life-cycle,operate_drawer,(status=STARTED, parameters=['open'])
533.733333349,[debug],turtlebot2,task-update,operate_drawer,open
534.533333302,[debug],turtlebot1,simulation,robot-pose,x=-13.41;y=17.91;yaw=-1.03
534.533333302,[debug],turtlebot1,simulation,robot-pose,x=-13.41;y=17.91;yaw=-1.03
534.716666698,[debug],turtlebot2,simulation,robot-pose,x=-37.63;y=21.24;yaw=0.05
534.716666698,[debug],turtlebot2,simulation,robot-pose,x=-37.63;y=21.24;yaw=0.05
534.733333349,[debug],turtlebot5,simulation,robot-pose,x=-21.03;y=18.00;yaw=-1.54
534.733333349,[debug],turtlebot5,simulation,robot-pose,x=-21.03;y=18.00;yaw=-1.54
534.733333349,[debug],turtlebot4,simulation,robot-pose,x=-32.93;y=33.98;yaw=-3.05
534.733333349,[debug],turtlebot4,simulation,robot-pose,x=-32.93;y=33.98;yaw=-3.05
534.733333349,[debug],turtlebot3,simulation,robot-pose,x=-40.39;y=25.23;yaw=0.33
534.733333349,[debug],turtlebot3,simulation,robot-pose,x=-40.39;y=25.23;yaw=0.33
534.733333349,[debug],turtlebot2,available-skills,['send_message', 'wait_message', 'approach_person', 'approach_robot', 'authenticate_person', 'deposit', 'navigation', 'operate_drawer', 'pick_up'],
534.733333349,[info],turtlebot2,skill-life-cycle,send_message,(status=STARTED, parameters=['nurse'])
534.799999952,[info],turtlebot2,sync,send-message,(to=nurse)
535.733333349,[info],nurse,sync,wait-message,(status=message-received)
535.733333349,[info],nurse,sync,wait-message,(status=message-received)
538.483333349,[debug],turtlebot2,available-skills,['send_message', 'wait_message', 'approach_person', 'approach_robot', 'authenticate_person', 'deposit', 'navigation', 'operate_drawer', 'pick_up'],
538.483333349,[info],turtlebot2,skill-life-cycle,wait_message,(status=STARTED, parameters=['r1'])
539.766666651,[info],turtlebot2,sync,wait-message,(status=message-received)
539.849999905,[debug],turtlebot2,available-skills,['send_message', 'wait_message', 'approach_person', 'approach_robot', 'authenticate_person', 'deposit', 'navigation', 'operate_drawer', 'pick_up'],
539.849999905,[info],turtlebot2,skill-life-cycle,operate_drawer,(status=STARTED, parameters=['close'])
539.900000095,[debug],turtlebot2,task-update,operate_drawer,close
540.883333445,[debug],turtlebot2,available-skills,['send_message', 'wait_message', 'approach_person', 'approach_robot', 'authenticate_person', 'deposit', 'navigation', 'operate_drawer', 'pick_up'],
540.883333445,[info],turtlebot2,skill-life-cycle,navigation,(status=STARTED, parameters=[[-37.0, 21.5, -1.5707963267948966, True], [-37.0, 16.0, 0.0, True], [-26.0, 16.0, -1.5707963267948966, True], [-26.0, 13.0, 1.57, False]])
545.733333349,[info],nurse,sync,wait-message,(status=message-received)
545.733333349,[info],nurse,sync,wait-message,(status=message-received)
549.533333302,[debug],turtlebot1,simulation,robot-pose,x=-13.41;y=17.91;yaw=-1.01
549.533333302,[debug],turtlebot1,simulation,robot-pose,x=-13.41;y=17.91;yaw=-1.01
549.716666698,[debug],turtlebot2,simulation,robot-pose,x=-37.43;y=21.31;yaw=-0.33
549.716666698,[debug],turtlebot2,simulation,robot-pose,x=-37.43;y=21.31;yaw=-0.33
549.733333349,[debug],turtlebot5,simulation,robot-pose,x=-21.03;y=18.00;yaw=-1.54
549.733333349,[debug],turtlebot5,simulation,robot-pose,x=-21.03;y=18.00;yaw=-1.54
549.733333349,[debug],turtlebot3,simulation,robot-pose,x=-40.39;y=25.23;yaw=0.33
549.733333349,[debug],turtlebot3,simulation,robot-pose,x=-40.39;y=25.23;yaw=0.33
549.733333349,[debug],turtlebot4,simulation,robot-pose,x=-32.93;y=33.98;yaw=-3.06
549.733333349,[debug],turtlebot4,simulation,robot-pose,x=-32.93;y=33.98;yaw=-3.06
553.150000095,[info],nurse,sync,request-sent,(status=waiting)
553.150000095,[info],nurse,sync,request-sent,(status=waiting)
553.216666698,[debug],turtlebot2,move-base-info,Hooray, the base moved arrived,(x=-37;y=21.5)
553.216666698,[debug],turtlebot2,move-base-info,Hooray, the base moved arrived,(x=-37;y=21.5)
553.299999952,[debug],turtlebot2,task-update,navigation,way-point-reached,25.0%
555.733333349,[info],nurse,sync,wait-message,(status=message-received)
555.733333349,[info],nurse,sync,wait-message,(status=message-received)
559.316666603,[info],turtlebot2,skill-life-cycle,navigation,(status=RUNNING, parameters=[[-37.0, 21.5, -1.5707963267948966, True], [-37.0, 16.0, 0.0, True], [-26.0, 16.0, -1.5707963267948966, True], [-26.0, 13.0, 1.57, False]])
564.533333302,[debug],turtlebot1,simulation,robot-pose,x=-13.41;y=17.91;yaw=-1.00
564.533333302,[debug],turtlebot1,simulation,robot-pose,x=-13.41;y=17.91;yaw=-1.00
564.716666698,[debug],turtlebot2,simulation,robot-pose,x=-37.10;y=20.58;yaw=-1.30
564.716666698,[debug],turtlebot2,simulation,robot-pose,x=-37.10;y=20.58;yaw=-1.30
564.733333349,[debug],turtlebot5,simulation,robot-pose,x=-21.03;y=18.00;yaw=-1.54
564.733333349,[debug],turtlebot5,simulation,robot-pose,x=-21.03;y=18.00;yaw=-1.54
564.733333349,[debug],turtlebot3,simulation,robot-pose,x=-40.39;y=25.23;yaw=0.33
564.733333349,[debug],turtlebot3,simulation,robot-pose,x=-40.39;y=25.23;yaw=0.33
564.733333349,[debug],turtlebot4,simulation,robot-pose,x=-32.93;y=33.98;yaw=-3.06
564.733333349,[debug],turtlebot4,simulation,robot-pose,x=-32.93;y=33.98;yaw=-3.06
565.733333349,[info],nurse,sync,wait-message,(status=message-received)
565.733333349,[info],nurse,sync,wait-message,(status=message-received)
579.533333302,[debug],turtlebot1,simulation,robot-pose,x=-13.41;y=17.90;yaw=-0.99
579.533333302,[debug],turtlebot1,simulation,robot-pose,x=-13.41;y=17.90;yaw=-0.99
579.716666698,[debug],turtlebot2,simulation,robot-pose,x=-37.04;y=18.15;yaw=-1.55
579.716666698,[debug],turtlebot2,simulation,robot-pose,x=-37.04;y=18.15;yaw=-1.55
579.733333349,[debug],turtlebot4,simulation,robot-pose,x=-32.94;y=33.98;yaw=-3.06
579.733333349,[debug],turtlebot5,simulation,robot-pose,x=-21.03;y=18.00;yaw=-1.54
579.733333349,[debug],turtlebot4,simulation,robot-pose,x=-32.94;y=33.98;yaw=-3.06
579.733333349,[debug],turtlebot3,simulation,robot-pose,x=-40.39;y=25.23;yaw=0.33
579.733333349,[debug],turtlebot5,simulation,robot-pose,x=-21.03;y=18.00;yaw=-1.54
579.733333349,[debug],turtlebot3,simulation,robot-pose,x=-40.39;y=25.23;yaw=0.33
594.533333302,[debug],turtlebot1,simulation,robot-pose,x=-13.41;y=17.90;yaw=-0.99
594.533333302,[debug],turtlebot1,simulation,robot-pose,x=-13.41;y=17.90;yaw=-0.99
594.716666698,[debug],turtlebot2,simulation,robot-pose,x=-37.20;y=16.44;yaw=-1.85
594.716666698,[debug],turtlebot2,simulation,robot-pose,x=-37.20;y=16.44;yaw=-1.85
594.733333349,[debug],turtlebot4,simulation,robot-pose,x=-32.94;y=33.98;yaw=-3.06
594.733333349,[debug],turtlebot4,simulation,robot-pose,x=-32.94;y=33.98;yaw=-3.06
594.733333349,[debug],turtlebot5,simulation,robot-pose,x=-21.03;y=18.00;yaw=-1.54
594.733333349,[debug],turtlebot5,simulation,robot-pose,x=-21.03;y=18.00;yaw=-1.54
594.733333349,[debug],turtlebot3,simulation,robot-pose,x=-40.39;y=25.23;yaw=0.33
594.733333349,[debug],turtlebot3,simulation,robot-pose,x=-40.39;y=25.23;yaw=0.33
599.583333254,[debug],turtlebot2,move-base-info,Hooray, the base moved arrived,(x=-37;y=16)
599.583333254,[debug],turtlebot2,move-base-info,Hooray, the base moved arrived,(x=-37;y=16)
599.75,[debug],turtlebot2,task-update,navigation,way-point-reached,50.0%
609.533333302,[debug],turtlebot1,simulation,robot-pose,x=-13.41;y=17.90;yaw=-0.98
609.533333302,[debug],turtlebot1,simulation,robot-pose,x=-13.41;y=17.90;yaw=-0.98
609.716666698,[debug],turtlebot2,simulation,robot-pose,x=-36.85;y=16.19;yaw=-0.78
609.716666698,[debug],turtlebot2,simulation,robot-pose,x=-36.85;y=16.19;yaw=-0.78
609.733333349,[debug],turtlebot4,simulation,robot-pose,x=-32.94;y=33.98;yaw=-3.06
609.733333349,[debug],turtlebot4,simulation,robot-pose,x=-32.94;y=33.98;yaw=-3.06
609.733333349,[debug],turtlebot3,simulation,robot-pose,x=-40.39;y=25.23;yaw=0.33
609.733333349,[debug],turtlebot3,simulation,robot-pose,x=-40.39;y=25.23;yaw=0.33
609.733333349,[debug],turtlebot5,simulation,robot-pose,x=-21.03;y=18.00;yaw=-1.54
609.733333349,[debug],turtlebot5,simulation,robot-pose,x=-21.03;y=18.00;yaw=-1.54
609.866666555,[info],turtlebot2,skill-life-cycle,navigation,(status=RUNNING, parameters=[[-37.0, 21.5, -1.5707963267948966, True], [-37.0, 16.0, 0.0, True], [-26.0, 16.0, -1.5707963267948966, True], [-26.0, 13.0, 1.57, False]])
624.533333302,[debug],turtlebot1,simulation,robot-pose,x=-13.42;y=17.90;yaw=-0.98
624.533333302,[debug],turtlebot1,simulation,robot-pose,x=-13.42;y=17.90;yaw=-0.98
624.716666698,[debug],turtlebot2,simulation,robot-pose,x=-35.74;y=15.40;yaw=-0.24
624.716666698,[debug],turtlebot2,simulation,robot-pose,x=-35.74;y=15.40;yaw=-0.24
624.733333349,[debug],turtlebot5,simulation,robot-pose,x=-21.03;y=18.00;yaw=-1.54
624.733333349,[debug],turtlebot5,simulation,robot-pose,x=-21.03;y=18.00;yaw=-1.54
624.733333349,[debug],turtlebot4,simulation,robot-pose,x=-32.94;y=33.98;yaw=-3.05
624.733333349,[debug],turtlebot4,simulation,robot-pose,x=-32.94;y=33.98;yaw=-3.05
624.733333349,[debug],turtlebot3,simulation,robot-pose,x=-40.39;y=25.23;yaw=0.33
624.733333349,[debug],turtlebot3,simulation,robot-pose,x=-40.39;y=25.23;yaw=0.33
639.533333302,[debug],turtlebot1,simulation,robot-pose,x=-13.42;y=17.90;yaw=-0.98
639.533333302,[debug],turtlebot1,simulation,robot-pose,x=-13.42;y=17.90;yaw=-0.98
639.716666698,[debug],turtlebot2,simulation,robot-pose,x=-34.49;y=15.32;yaw=-0.00
639.716666698,[debug],turtlebot2,simulation,robot-pose,x=-34.49;y=15.32;yaw=-0.00
639.733333349,[debug],turtlebot4,simulation,robot-pose,x=-32.94;y=33.98;yaw=-3.05
639.733333349,[debug],turtlebot4,simulation,robot-pose,x=-32.94;y=33.98;yaw=-3.05
639.733333349,[debug],turtlebot5,simulation,robot-pose,x=-21.03;y=18.00;yaw=-1.54
639.733333349,[debug],turtlebot5,simulation,robot-pose,x=-21.03;y=18.00;yaw=-1.54
639.733333349,[debug],turtlebot3,simulation,robot-pose,x=-40.39;y=25.23;yaw=0.33
639.733333349,[debug],turtlebot3,simulation,robot-pose,x=-40.39;y=25.23;yaw=0.33
654.533333302,[debug],turtlebot1,simulation,robot-pose,x=-13.42;y=17.90;yaw=-0.96
654.533333302,[debug],turtlebot1,simulation,robot-pose,x=-13.42;y=17.90;yaw=-0.96
654.716666698,[debug],turtlebot2,simulation,robot-pose,x=-33.24;y=15.32;yaw=0.01
654.716666698,[debug],turtlebot2,simulation,robot-pose,x=-33.24;y=15.32;yaw=0.01
654.733333349,[debug],turtlebot4,simulation,robot-pose,x=-32.94;y=33.98;yaw=-3.05
654.733333349,[debug],turtlebot4,simulation,robot-pose,x=-32.94;y=33.98;yaw=-3.05
654.733333349,[debug],turtlebot5,simulation,robot-pose,x=-21.03;y=18.00;yaw=-1.54
654.733333349,[debug],turtlebot5,simulation,robot-pose,x=-21.03;y=18.00;yaw=-1.54
654.733333349,[debug],turtlebot3,simulation,robot-pose,x=-40.39;y=25.23;yaw=0.33
654.733333349,[debug],turtlebot3,simulation,robot-pose,x=-40.39;y=25.23;yaw=0.33
659.916666746,[info],turtlebot2,skill-life-cycle,navigation,(status=RUNNING, parameters=[[-37.0, 21.5, -1.5707963267948966, True], [-37.0, 16.0, 0.0, True], [-26.0, 16.0, -1.5707963267948966, True], [-26.0, 13.0, 1.57, False]])
669.533333302,[debug],turtlebot1,simulation,robot-pose,x=-13.42;y=17.90;yaw=-0.96
669.533333302,[debug],turtlebot1,simulation,robot-pose,x=-13.42;y=17.90;yaw=-0.96
669.716666698,[debug],turtlebot2,simulation,robot-pose,x=-31.99;y=15.48;yaw=0.19
669.716666698,[debug],turtlebot2,simulation,robot-pose,x=-31.99;y=15.48;yaw=0.19
669.733333349,[debug],turtlebot4,simulation,robot-pose,x=-32.94;y=33.98;yaw=-3.05
669.733333349,[debug],turtlebot4,simulation,robot-pose,x=-32.94;y=33.98;yaw=-3.05
669.733333349,[debug],turtlebot3,simulation,robot-pose,x=-40.39;y=25.23;yaw=0.33
669.733333349,[debug],turtlebot3,simulation,robot-pose,x=-40.39;y=25.23;yaw=0.33
669.733333349,[debug],turtlebot5,simulation,robot-pose,x=-21.03;y=18.00;yaw=-1.54
669.733333349,[debug],turtlebot5,simulation,robot-pose,x=-21.03;y=18.00;yaw=-1.54
684.533333302,[debug],turtlebot1,simulation,robot-pose,x=-13.41;y=17.89;yaw=-0.95
684.533333302,[debug],turtlebot1,simulation,robot-pose,x=-13.41;y=17.89;yaw=-0.95
684.716666698,[debug],turtlebot2,simulation,robot-pose,x=-30.75;y=15.67;yaw=0.14
684.716666698,[debug],turtlebot2,simulation,robot-pose,x=-30.75;y=15.67;yaw=0.14
684.733333349,[debug],turtlebot3,simulation,robot-pose,x=-40.39;y=25.23;yaw=0.33
684.733333349,[debug],turtlebot4,simulation,robot-pose,x=-32.94;y=33.98;yaw=-3.04
684.733333349,[debug],turtlebot3,simulation,robot-pose,x=-40.39;y=25.23;yaw=0.33
684.733333349,[debug],turtlebot4,simulation,robot-pose,x=-32.94;y=33.98;yaw=-3.04
684.733333349,[debug],turtlebot5,simulation,robot-pose,x=-21.03;y=18.00;yaw=-1.54
684.733333349,[debug],turtlebot5,simulation,robot-pose,x=-21.03;y=18.00;yaw=-1.54
699.533333302,[debug],turtlebot1,simulation,robot-pose,x=-13.41;y=17.89;yaw=-0.93
699.533333302,[debug],turtlebot1,simulation,robot-pose,x=-13.41;y=17.89;yaw=-0.93
699.716666698,[debug],turtlebot2,simulation,robot-pose,x=-29.50;y=15.68;yaw=-0.01
699.716666698,[debug],turtlebot2,simulation,robot-pose,x=-29.50;y=15.68;yaw=-0.01
699.733333349,[debug],turtlebot3,simulation,robot-pose,x=-40.39;y=25.23;yaw=0.33
699.733333349,[debug],turtlebot4,simulation,robot-pose,x=-32.94;y=33.98;yaw=-3.04
699.733333349,[debug],turtlebot5,simulation,robot-pose,x=-21.03;y=18.00;yaw=-1.54
699.733333349,[debug],turtlebot3,simulation,robot-pose,x=-40.39;y=25.23;yaw=0.33
699.733333349,[debug],turtlebot4,simulation,robot-pose,x=-32.94;y=33.98;yaw=-3.04
699.733333349,[debug],turtlebot5,simulation,robot-pose,x=-21.03;y=18.00;yaw=-1.54
709.516666651,[info],turtlebot2,skill-life-cycle,navigation,(status=RUNNING, parameters=[[-37.0, 21.5, -1.5707963267948966, True], [-37.0, 16.0, 0.0, True], [-26.0, 16.0, -1.5707963267948966, True], [-26.0, 13.0, 1.57, False]])
714.533333302,[debug],turtlebot1,simulation,robot-pose,x=-13.41;y=17.89;yaw=-0.91
714.533333302,[debug],turtlebot1,simulation,robot-pose,x=-13.41;y=17.89;yaw=-0.91
714.716666698,[debug],turtlebot2,simulation,robot-pose,x=-28.25;y=15.77;yaw=-0.06
714.716666698,[debug],turtlebot2,simulation,robot-pose,x=-28.25;y=15.77;yaw=-0.06
714.733333349,[debug],turtlebot5,simulation,robot-pose,x=-21.03;y=18.00;yaw=-1.54
714.733333349,[debug],turtlebot5,simulation,robot-pose,x=-21.03;y=18.00;yaw=-1.54
714.733333349,[debug],turtlebot3,simulation,robot-pose,x=-40.39;y=25.23;yaw=0.33
714.733333349,[debug],turtlebot3,simulation,robot-pose,x=-40.39;y=25.23;yaw=0.33
714.733333349,[debug],turtlebot4,simulation,robot-pose,x=-32.94;y=33.98;yaw=-3.05
714.733333349,[debug],turtlebot4,simulation,robot-pose,x=-32.94;y=33.98;yaw=-3.05
729.533333302,[debug],turtlebot1,simulation,robot-pose,x=-13.41;y=17.88;yaw=-0.89
729.533333302,[debug],turtlebot1,simulation,robot-pose,x=-13.41;y=17.88;yaw=-0.89
729.716666698,[debug],turtlebot2,simulation,robot-pose,x=-27.00;y=15.71;yaw=-0.04
729.716666698,[debug],turtlebot2,simulation,robot-pose,x=-27.00;y=15.71;yaw=-0.04
729.733333349,[debug],turtlebot3,simulation,robot-pose,x=-40.39;y=25.23;yaw=0.33
729.733333349,[debug],turtlebot3,simulation,robot-pose,x=-40.39;y=25.23;yaw=0.33
729.733333349,[debug],turtlebot4,simulation,robot-pose,x=-32.94;y=33.98;yaw=-3.04
729.733333349,[debug],turtlebot4,simulation,robot-pose,x=-32.94;y=33.98;yaw=-3.04
729.733333349,[debug],turtlebot5,simulation,robot-pose,x=-21.03;y=18.00;yaw=-1.54
729.733333349,[debug],turtlebot5,simulation,robot-pose,x=-21.03;y=18.00;yaw=-1.54
0.0,[debug],simulation closed,timeout,execution-wall-clock=900.968653678894
