1.46666669846,[debug],turtlebot3,move-base-info,Move_base is up and ok....,
1.48333334923,[debug],turtlebot5,move-base-info,Move_base is up and ok....,
1.58333325386,[debug],turtlebot2,move-base-info,Move_base is up and ok....,
4.08333325386,[debug],turtlebot4,move-base-info,Move_base is up and ok....,
16.8666665554,[debug],turtlebot2,available-skills,['send_message', 'wait_message', 'approach_person', 'approach_robot', 'authenticate_person', 'deposit', 'navigation', 'operate_drawer', 'pick_up'],
16.8666665554,[info],turtlebot2,skill-life-cycle,navigation,(status=STARTED, parameters=[[-37.0, 21.5, -1.5707963267948966, True], [-37.0, 16.0, 0.0, True], [-28.5, 16.0, 1.5707963267948966, True], [-28.5, 18.0, -1.57, False]])
25.2833333015,[debug],turtlebot1,simulation,robot-pose,x=-33.83;y=18.78;yaw=2.80
25.2833333015,[debug],turtlebot1,simulation,robot-pose,x=-33.83;y=18.78;yaw=2.80
25.3833334446,[debug],turtlebot4,simulation,robot-pose,x=-20.99;y=18.00;yaw=-1.54
25.3833334446,[debug],turtlebot5,simulation,robot-pose,x=-38.00;y=21.48;yaw=0.01
25.3833334446,[debug],turtlebot2,simulation,robot-pose,x=-27.19;y=17.72;yaw=-1.42
25.3833334446,[debug],turtlebot3,simulation,robot-pose,x=-40.39;y=25.23;yaw=0.34
25.4833333492,[debug],turtlebot4,simulation,robot-pose,x=-20.99;y=18.00;yaw=-1.54
25.4833333492,[debug],turtlebot5,simulation,robot-pose,x=-38.00;y=21.48;yaw=0.01
25.4833333492,[debug],turtlebot2,simulation,robot-pose,x=-27.19;y=17.72;yaw=-1.42
25.4833333492,[debug],turtlebot3,simulation,robot-pose,x=-40.39;y=25.23;yaw=0.34
40.2833333015,[debug],turtlebot1,simulation,robot-pose,x=-33.84;y=18.78;yaw=2.83
40.2833333015,[debug],turtlebot1,simulation,robot-pose,x=-33.84;y=18.78;yaw=2.83
40.3833334446,[debug],turtlebot4,simulation,robot-pose,x=-20.99;y=18.00;yaw=-1.54
40.3833334446,[debug],turtlebot3,simulation,robot-pose,x=-40.39;y=25.23;yaw=0.33
40.3833334446,[debug],turtlebot5,simulation,robot-pose,x=-38.00;y=21.48;yaw=0.01
40.3833334446,[debug],turtlebot2,simulation,robot-pose,x=-27.66;y=16.60;yaw=-3.01
40.4666666985,[debug],turtlebot4,simulation,robot-pose,x=-20.99;y=18.00;yaw=-1.54
40.4666666985,[debug],turtlebot3,simulation,robot-pose,x=-40.39;y=25.23;yaw=0.33
40.4833333492,[debug],turtlebot5,simulation,robot-pose,x=-38.00;y=21.48;yaw=0.01
40.4833333492,[debug],turtlebot2,simulation,robot-pose,x=-27.66;y=16.60;yaw=-3.01
55.2833333015,[debug],turtlebot1,simulation,robot-pose,x=-33.85;y=18.78;yaw=2.84
55.2833333015,[debug],turtlebot1,simulation,robot-pose,x=-33.85;y=18.78;yaw=2.84
55.3833334446,[debug],turtlebot5,simulation,robot-pose,x=-38.00;y=21.48;yaw=0.01
55.3833334446,[debug],turtlebot3,simulation,robot-pose,x=-40.39;y=25.23;yaw=0.33
55.3833334446,[debug],turtlebot4,simulation,robot-pose,x=-20.99;y=18.00;yaw=-1.54
55.3833334446,[debug],turtlebot2,simulation,robot-pose,x=-28.89;y=16.84;yaw=-2.73
55.4333333969,[debug],turtlebot5,simulation,robot-pose,x=-38.00;y=21.48;yaw=0.01
55.4500000477,[debug],turtlebot3,simulation,robot-pose,x=-40.39;y=25.23;yaw=0.33
55.4500000477,[debug],turtlebot4,simulation,robot-pose,x=-20.99;y=18.00;yaw=-1.54
55.4500000477,[debug],turtlebot2,simulation,robot-pose,x=-28.89;y=16.84;yaw=-2.73
62.5166666508,[info],turtlebot2,skill-life-cycle,navigation,(status=RUNNING, parameters=[[-37.0, 21.5, -1.5707963267948966, True], [-37.0, 16.0, 0.0, True], [-28.5, 16.0, 1.5707963267948966, True], [-28.5, 18.0, -1.57, False]])
70.2833333015,[debug],turtlebot1,simulation,robot-pose,x=-33.85;y=18.78;yaw=2.86
70.2833333015,[debug],turtlebot1,simulation,robot-pose,x=-33.85;y=18.78;yaw=2.86
70.3833334446,[debug],turtlebot4,simulation,robot-pose,x=-20.99;y=18.00;yaw=-1.54
70.3833334446,[debug],turtlebot2,simulation,robot-pose,x=-28.69;y=16.98;yaw=-2.65
70.3833334446,[debug],turtlebot3,simulation,robot-pose,x=-40.39;y=25.23;yaw=0.33
70.3833334446,[debug],turtlebot5,simulation,robot-pose,x=-38.00;y=21.48;yaw=0.01
70.4833333492,[debug],turtlebot4,simulation,robot-pose,x=-20.99;y=18.00;yaw=-1.54
70.4833333492,[debug],turtlebot2,simulation,robot-pose,x=-28.69;y=16.98;yaw=-2.65
70.4833333492,[debug],turtlebot3,simulation,robot-pose,x=-40.39;y=25.23;yaw=0.33
70.4833333492,[debug],turtlebot5,simulation,robot-pose,x=-38.00;y=21.48;yaw=0.01
85.2833333015,[debug],turtlebot1,simulation,robot-pose,x=-33.85;y=18.78;yaw=2.87
85.2833333015,[debug],turtlebot1,simulation,robot-pose,x=-33.85;y=18.78;yaw=2.87
85.3833334446,[debug],turtlebot4,simulation,robot-pose,x=-20.99;y=18.00;yaw=-1.54
85.3833334446,[debug],turtlebot2,simulation,robot-pose,x=-28.89;y=16.90;yaw=-2.62
85.3833334446,[debug],turtlebot5,simulation,robot-pose,x=-38.00;y=21.48;yaw=0.01
85.3833334446,[debug],turtlebot3,simulation,robot-pose,x=-40.39;y=25.23;yaw=0.33
85.4666666985,[debug],turtlebot4,simulation,robot-pose,x=-20.99;y=18.00;yaw=-1.54
85.4666666985,[debug],turtlebot2,simulation,robot-pose,x=-28.89;y=16.90;yaw=-2.62
85.4666666985,[debug],turtlebot5,simulation,robot-pose,x=-38.00;y=21.48;yaw=0.01
85.4666666985,[debug],turtlebot3,simulation,robot-pose,x=-40.39;y=25.23;yaw=0.33
100.283333302,[debug],turtlebot1,simulation,robot-pose,x=-33.85;y=18.78;yaw=2.89
100.283333302,[debug],turtlebot1,simulation,robot-pose,x=-33.85;y=18.78;yaw=2.89
100.383333445,[debug],turtlebot5,simulation,robot-pose,x=-38.00;y=21.48;yaw=0.01
100.383333445,[debug],turtlebot3,simulation,robot-pose,x=-40.39;y=25.23;yaw=0.33
100.383333445,[debug],turtlebot2,simulation,robot-pose,x=-28.68;y=16.67;yaw=2.76
100.383333445,[debug],turtlebot4,simulation,robot-pose,x=-20.99;y=18.00;yaw=-1.54
100.483333349,[debug],turtlebot5,simulation,robot-pose,x=-38.00;y=21.48;yaw=0.01
100.483333349,[debug],turtlebot3,simulation,robot-pose,x=-40.39;y=25.23;yaw=0.33
100.483333349,[debug],turtlebot2,simulation,robot-pose,x=-28.68;y=16.67;yaw=2.76
100.483333349,[debug],turtlebot4,simulation,robot-pose,x=-20.99;y=18.00;yaw=-1.54
112.716666698,[info],turtlebot2,skill-life-cycle,navigation,(status=RUNNING, parameters=[[-37.0, 21.5, -1.5707963267948966, True], [-37.0, 16.0, 0.0, True], [-28.5, 16.0, 1.5707963267948966, True], [-28.5, 18.0, -1.57, False]])
115.283333302,[debug],turtlebot1,simulation,robot-pose,x=-33.86;y=18.79;yaw=2.91
115.283333302,[debug],turtlebot1,simulation,robot-pose,x=-33.86;y=18.79;yaw=2.91
115.383333445,[debug],turtlebot5,simulation,robot-pose,x=-38.00;y=21.48;yaw=0.01
115.383333445,[debug],turtlebot3,simulation,robot-pose,x=-40.39;y=25.23;yaw=0.33
115.383333445,[debug],turtlebot4,simulation,robot-pose,x=-20.99;y=18.00;yaw=-1.54
115.383333445,[debug],turtlebot2,simulation,robot-pose,x=-28.58;y=16.71;yaw=3.06
115.433333397,[debug],turtlebot5,simulation,robot-pose,x=-38.00;y=21.48;yaw=0.01
115.450000048,[debug],turtlebot3,simulation,robot-pose,x=-40.39;y=25.23;yaw=0.33
115.450000048,[debug],turtlebot4,simulation,robot-pose,x=-20.99;y=18.00;yaw=-1.54
115.450000048,[debug],turtlebot2,simulation,robot-pose,x=-28.58;y=16.71;yaw=3.06
130.283333302,[debug],turtlebot1,simulation,robot-pose,x=-33.86;y=18.79;yaw=2.94
130.283333302,[debug],turtlebot1,simulation,robot-pose,x=-33.86;y=18.79;yaw=2.94
130.383333445,[debug],turtlebot5,simulation,robot-pose,x=-38.00;y=21.48;yaw=0.01
130.383333445,[debug],turtlebot3,simulation,robot-pose,x=-40.39;y=25.23;yaw=0.33
130.383333445,[debug],turtlebot4,simulation,robot-pose,x=-21.00;y=18.00;yaw=-1.54
130.383333445,[debug],turtlebot2,simulation,robot-pose,x=-28.60;y=16.74;yaw=3.02
130.450000048,[debug],turtlebot5,simulation,robot-pose,x=-38.00;y=21.48;yaw=0.01
130.466666698,[debug],turtlebot3,simulation,robot-pose,x=-40.39;y=25.23;yaw=0.33
130.466666698,[debug],turtlebot4,simulation,robot-pose,x=-21.00;y=18.00;yaw=-1.54
130.466666698,[debug],turtlebot2,simulation,robot-pose,x=-28.60;y=16.74;yaw=3.02
145.283333302,[debug],turtlebot1,simulation,robot-pose,x=-33.87;y=18.79;yaw=2.96
145.283333302,[debug],turtlebot1,simulation,robot-pose,x=-33.87;y=18.79;yaw=2.96
145.383333445,[debug],turtlebot5,simulation,robot-pose,x=-38.00;y=21.48;yaw=0.01
145.383333445,[debug],turtlebot3,simulation,robot-pose,x=-40.39;y=25.23;yaw=0.33
145.383333445,[debug],turtlebot4,simulation,robot-pose,x=-21.00;y=18.00;yaw=-1.54
145.383333445,[debug],turtlebot2,simulation,robot-pose,x=-28.88;y=16.71;yaw=-2.07
145.483333349,[debug],turtlebot5,simulation,robot-pose,x=-38.00;y=21.48;yaw=0.01
145.483333349,[debug],turtlebot3,simulation,robot-pose,x=-40.39;y=25.23;yaw=0.33
145.483333349,[debug],turtlebot4,simulation,robot-pose,x=-21.00;y=18.00;yaw=-1.54
145.483333349,[debug],turtlebot2,simulation,robot-pose,x=-28.88;y=16.71;yaw=-2.07
160.283333302,[debug],turtlebot1,simulation,robot-pose,x=-33.87;y=18.79;yaw=2.98
160.283333302,[debug],turtlebot1,simulation,robot-pose,x=-33.87;y=18.79;yaw=2.98
160.383333445,[debug],turtlebot5,simulation,robot-pose,x=-38.00;y=21.48;yaw=0.01
160.383333445,[debug],turtlebot4,simulation,robot-pose,x=-21.00;y=18.00;yaw=-1.54
160.383333445,[debug],turtlebot2,simulation,robot-pose,x=-28.88;y=16.67;yaw=-2.91
160.383333445,[debug],turtlebot3,simulation,robot-pose,x=-40.39;y=25.23;yaw=0.33
160.433333397,[debug],turtlebot5,simulation,robot-pose,x=-38.00;y=21.48;yaw=0.01
160.433333397,[debug],turtlebot4,simulation,robot-pose,x=-21.00;y=18.00;yaw=-1.54
160.450000048,[debug],turtlebot2,simulation,robot-pose,x=-28.88;y=16.67;yaw=-2.91
160.450000048,[debug],turtlebot3,simulation,robot-pose,x=-40.39;y=25.23;yaw=0.33
163.0,[info],turtlebot2,skill-life-cycle,navigation,(status=RUNNING, parameters=[[-37.0, 21.5, -1.5707963267948966, True], [-37.0, 16.0, 0.0, True], [-28.5, 16.0, 1.5707963267948966, True], [-28.5, 18.0, -1.57, False]])
175.283333302,[debug],turtlebot1,simulation,robot-pose,x=-33.88;y=18.79;yaw=3.00
175.283333302,[debug],turtlebot1,simulation,robot-pose,x=-33.88;y=18.79;yaw=3.00
175.383333445,[debug],turtlebot2,simulation,robot-pose,x=-29.24;y=16.54;yaw=-2.46
175.383333445,[debug],turtlebot5,simulation,robot-pose,x=-38.00;y=21.48;yaw=0.01
175.383333445,[debug],turtlebot3,simulation,robot-pose,x=-40.39;y=25.23;yaw=0.33
175.383333445,[debug],turtlebot4,simulation,robot-pose,x=-21.00;y=18.00;yaw=-1.54
175.466666698,[debug],turtlebot2,simulation,robot-pose,x=-29.24;y=16.54;yaw=-2.46
175.466666698,[debug],turtlebot5,simulation,robot-pose,x=-38.00;y=21.48;yaw=0.01
175.466666698,[debug],turtlebot3,simulation,robot-pose,x=-40.39;y=25.23;yaw=0.33
175.466666698,[debug],turtlebot4,simulation,robot-pose,x=-21.00;y=18.00;yaw=-1.54
190.283333302,[debug],turtlebot1,simulation,robot-pose,x=-33.88;y=18.79;yaw=3.00
190.283333302,[debug],turtlebot1,simulation,robot-pose,x=-33.88;y=18.79;yaw=3.00
190.383333445,[debug],turtlebot5,simulation,robot-pose,x=-38.00;y=21.48;yaw=0.01
190.383333445,[debug],turtlebot3,simulation,robot-pose,x=-40.39;y=25.23;yaw=0.33
190.383333445,[debug],turtlebot2,simulation,robot-pose,x=-31.12;y=16.09;yaw=-3.02
190.383333445,[debug],turtlebot4,simulation,robot-pose,x=-21.00;y=18.00;yaw=-1.54
190.483333349,[debug],turtlebot5,simulation,robot-pose,x=-38.00;y=21.48;yaw=0.01
190.483333349,[debug],turtlebot3,simulation,robot-pose,x=-40.39;y=25.23;yaw=0.33
190.483333349,[debug],turtlebot2,simulation,robot-pose,x=-31.12;y=16.09;yaw=-3.02
190.483333349,[debug],turtlebot4,simulation,robot-pose,x=-21.00;y=18.00;yaw=-1.54
205.283333302,[debug],turtlebot1,simulation,robot-pose,x=-33.88;y=18.79;yaw=3.01
205.283333302,[debug],turtlebot1,simulation,robot-pose,x=-33.88;y=18.79;yaw=3.01
205.383333445,[debug],turtlebot3,simulation,robot-pose,x=-40.39;y=25.23;yaw=0.33
205.383333445,[debug],turtlebot2,simulation,robot-pose,x=-33.14;y=15.66;yaw=3.11
205.383333445,[debug],turtlebot5,simulation,robot-pose,x=-38.02;y=21.48;yaw=0.03
205.383333445,[debug],turtlebot4,simulation,robot-pose,x=-21.01;y=18.00;yaw=-1.54
205.466666698,[debug],turtlebot3,simulation,robot-pose,x=-40.39;y=25.23;yaw=0.33
205.466666698,[debug],turtlebot2,simulation,robot-pose,x=-33.14;y=15.66;yaw=3.11
205.466666698,[debug],turtlebot5,simulation,robot-pose,x=-38.02;y=21.48;yaw=0.03
205.466666698,[debug],turtlebot4,simulation,robot-pose,x=-21.01;y=18.00;yaw=-1.54
212.900000095,[info],turtlebot2,skill-life-cycle,navigation,(status=RUNNING, parameters=[[-37.0, 21.5, -1.5707963267948966, True], [-37.0, 16.0, 0.0, True], [-28.5, 16.0, 1.5707963267948966, True], [-28.5, 18.0, -1.57, False]])
220.283333302,[debug],turtlebot1,simulation,robot-pose,x=-33.88;y=18.79;yaw=3.01
220.283333302,[debug],turtlebot1,simulation,robot-pose,x=-33.88;y=18.79;yaw=3.01
220.383333445,[debug],turtlebot5,simulation,robot-pose,x=-38.02;y=21.49;yaw=0.03
220.383333445,[debug],turtlebot2,simulation,robot-pose,x=-36.32;y=17.79;yaw=1.90
220.383333445,[debug],turtlebot4,simulation,robot-pose,x=-21.01;y=18.00;yaw=-1.54
220.383333445,[debug],turtlebot3,simulation,robot-pose,x=-40.39;y=25.23;yaw=0.33
220.483333349,[debug],turtlebot5,simulation,robot-pose,x=-38.02;y=21.49;yaw=0.03
220.483333349,[debug],turtlebot2,simulation,robot-pose,x=-36.32;y=17.79;yaw=1.90
220.483333349,[debug],turtlebot4,simulation,robot-pose,x=-21.01;y=18.00;yaw=-1.54
220.483333349,[debug],turtlebot3,simulation,robot-pose,x=-40.39;y=25.23;yaw=0.33
235.066666603,[debug],turtlebot2,move-base-info,Hooray, the base moved arrived,(x=-37;y=21.5)
235.066666603,[debug],turtlebot2,move-base-info,Hooray, the base moved arrived,(x=-37;y=21.5)
235.099999905,[debug],turtlebot2,task-update,navigation,way-point-reached,25.0%
235.283333302,[debug],turtlebot1,simulation,robot-pose,x=-33.88;y=18.79;yaw=3.01
235.283333302,[debug],turtlebot1,simulation,robot-pose,x=-33.88;y=18.79;yaw=3.01
235.383333445,[debug],turtlebot4,simulation,robot-pose,x=-21.01;y=18.00;yaw=-1.54
235.383333445,[debug],turtlebot3,simulation,robot-pose,x=-40.39;y=25.23;yaw=0.33
235.383333445,[debug],turtlebot5,simulation,robot-pose,x=-38.03;y=21.49;yaw=0.03
235.383333445,[debug],turtlebot2,simulation,robot-pose,x=-36.97;y=21.09;yaw=-1.61
235.450000048,[debug],turtlebot4,simulation,robot-pose,x=-21.01;y=18.00;yaw=-1.54
235.450000048,[debug],turtlebot3,simulation,robot-pose,x=-40.39;y=25.23;yaw=0.33
235.450000048,[debug],turtlebot5,simulation,robot-pose,x=-38.03;y=21.49;yaw=0.03
235.450000048,[debug],turtlebot2,simulation,robot-pose,x=-36.97;y=21.09;yaw=-1.61
250.283333302,[debug],turtlebot1,simulation,robot-pose,x=-33.88;y=18.79;yaw=3.01
250.283333302,[debug],turtlebot1,simulation,robot-pose,x=-33.88;y=18.79;yaw=3.01
250.383333445,[debug],turtlebot4,simulation,robot-pose,x=-21.02;y=18.00;yaw=-1.54
250.383333445,[debug],turtlebot5,simulation,robot-pose,x=-38.04;y=21.49;yaw=0.03
250.383333445,[debug],turtlebot2,simulation,robot-pose,x=-36.77;y=20.23;yaw=-1.44
250.383333445,[debug],turtlebot3,simulation,robot-pose,x=-40.39;y=25.23;yaw=0.33
250.483333349,[debug],turtlebot4,simulation,robot-pose,x=-21.02;y=18.00;yaw=-1.54
250.483333349,[debug],turtlebot5,simulation,robot-pose,x=-38.04;y=21.49;yaw=0.03
250.483333349,[debug],turtlebot2,simulation,robot-pose,x=-36.77;y=20.23;yaw=-1.44
250.483333349,[debug],turtlebot3,simulation,robot-pose,x=-40.39;y=25.23;yaw=0.33
264.316666603,[info],turtlebot2,skill-life-cycle,navigation,(status=RUNNING, parameters=[[-37.0, 21.5, -1.5707963267948966, True], [-37.0, 16.0, 0.0, True], [-28.5, 16.0, 1.5707963267948966, True], [-28.5, 18.0, -1.57, False]])
265.283333302,[debug],turtlebot1,simulation,robot-pose,x=-33.88;y=18.79;yaw=3.01
265.283333302,[debug],turtlebot1,simulation,robot-pose,x=-33.88;y=18.79;yaw=3.01
265.383333445,[debug],turtlebot3,simulation,robot-pose,x=-40.39;y=25.23;yaw=0.33
265.383333445,[debug],turtlebot5,simulation,robot-pose,x=-38.05;y=21.50;yaw=0.03
265.383333445,[debug],turtlebot2,simulation,robot-pose,x=-36.71;y=18.98;yaw=-1.53
265.383333445,[debug],turtlebot4,simulation,robot-pose,x=-21.02;y=18.00;yaw=-1.54
265.450000048,[debug],turtlebot3,simulation,robot-pose,x=-40.39;y=25.23;yaw=0.33
265.450000048,[debug],turtlebot5,simulation,robot-pose,x=-38.05;y=21.50;yaw=0.03
265.466666698,[debug],turtlebot2,simulation,robot-pose,x=-36.71;y=18.98;yaw=-1.53
265.466666698,[debug],turtlebot4,simulation,robot-pose,x=-21.02;y=18.00;yaw=-1.54
280.283333302,[debug],turtlebot1,simulation,robot-pose,x=-33.88;y=18.79;yaw=3.01
280.283333302,[debug],turtlebot1,simulation,robot-pose,x=-33.88;y=18.79;yaw=3.01
280.383333445,[debug],turtlebot3,simulation,robot-pose,x=-40.39;y=25.23;yaw=0.33
280.383333445,[debug],turtlebot2,simulation,robot-pose,x=-36.70;y=17.73;yaw=-1.66
280.383333445,[debug],turtlebot4,simulation,robot-pose,x=-21.03;y=18.00;yaw=-1.54
280.383333445,[debug],turtlebot5,simulation,robot-pose,x=-38.08;y=21.50;yaw=0.03
280.450000048,[debug],turtlebot3,simulation,robot-pose,x=-40.39;y=25.23;yaw=0.33
280.450000048,[debug],turtlebot2,simulation,robot-pose,x=-36.70;y=17.73;yaw=-1.66
280.450000048,[debug],turtlebot4,simulation,robot-pose,x=-21.03;y=18.00;yaw=-1.54
280.466666698,[debug],turtlebot5,simulation,robot-pose,x=-38.08;y=21.50;yaw=0.03
295.283333302,[debug],turtlebot1,simulation,robot-pose,x=-33.88;y=18.79;yaw=3.01
295.283333302,[debug],turtlebot1,simulation,robot-pose,x=-33.88;y=18.79;yaw=3.01
295.383333445,[debug],turtlebot3,simulation,robot-pose,x=-40.39;y=25.23;yaw=0.33
295.383333445,[debug],turtlebot5,simulation,robot-pose,x=-38.11;y=21.50;yaw=0.03
295.383333445,[debug],turtlebot2,simulation,robot-pose,x=-36.86;y=16.48;yaw=-1.99
295.383333445,[debug],turtlebot4,simulation,robot-pose,x=-21.03;y=18.00;yaw=-1.54
295.483333349,[debug],turtlebot3,simulation,robot-pose,x=-40.39;y=25.23;yaw=0.33
295.483333349,[debug],turtlebot5,simulation,robot-pose,x=-38.11;y=21.50;yaw=0.03
295.483333349,[debug],turtlebot2,simulation,robot-pose,x=-36.86;y=16.48;yaw=-1.99
295.483333349,[debug],turtlebot4,simulation,robot-pose,x=-21.03;y=18.00;yaw=-1.54
300.816666603,[debug],turtlebot2,move-base-info,Hooray, the base moved arrived,(x=-37;y=16)
300.816666603,[debug],turtlebot2,move-base-info,Hooray, the base moved arrived,(x=-37;y=16)
300.933333397,[debug],turtlebot2,task-update,navigation,way-point-reached,50.0%
310.283333302,[debug],turtlebot1,simulation,robot-pose,x=-33.88;y=18.79;yaw=3.01
310.283333302,[debug],turtlebot1,simulation,robot-pose,x=-33.88;y=18.79;yaw=3.01
310.383333445,[debug],turtlebot2,simulation,robot-pose,x=-36.46;y=16.21;yaw=-0.92
310.383333445,[debug],turtlebot3,simulation,robot-pose,x=-40.39;y=25.23;yaw=0.33
310.383333445,[debug],turtlebot4,simulation,robot-pose,x=-21.03;y=18.00;yaw=-1.54
310.383333445,[debug],turtlebot5,simulation,robot-pose,x=-38.13;y=21.50;yaw=0.03
310.466666698,[debug],turtlebot2,simulation,robot-pose,x=-36.46;y=16.21;yaw=-0.92
310.466666698,[debug],turtlebot3,simulation,robot-pose,x=-40.39;y=25.23;yaw=0.33
310.466666698,[debug],turtlebot4,simulation,robot-pose,x=-21.03;y=18.00;yaw=-1.54
310.483333349,[debug],turtlebot5,simulation,robot-pose,x=-38.13;y=21.50;yaw=0.03
316.033333302,[info],turtlebot2,skill-life-cycle,navigation,(status=RUNNING, parameters=[[-37.0, 21.5, -1.5707963267948966, True], [-37.0, 16.0, 0.0, True], [-28.5, 16.0, 1.5707963267948966, True], [-28.5, 18.0, -1.57, False]])
325.283333302,[debug],turtlebot1,simulation,robot-pose,x=-33.88;y=18.79;yaw=3.01
325.283333302,[debug],turtlebot1,simulation,robot-pose,x=-33.88;y=18.79;yaw=3.01
325.383333445,[debug],turtlebot3,simulation,robot-pose,x=-40.39;y=25.23;yaw=0.33
325.383333445,[debug],turtlebot4,simulation,robot-pose,x=-21.03;y=18.00;yaw=-1.54
325.383333445,[debug],turtlebot5,simulation,robot-pose,x=-38.15;y=21.50;yaw=0.04
325.383333445,[debug],turtlebot2,simulation,robot-pose,x=-34.70;y=15.77;yaw=-0.04
325.450000048,[debug],turtlebot3,simulation,robot-pose,x=-40.39;y=25.23;yaw=0.33
325.450000048,[debug],turtlebot4,simulation,robot-pose,x=-21.03;y=18.00;yaw=-1.54
325.450000048,[debug],turtlebot5,simulation,robot-pose,x=-38.15;y=21.50;yaw=0.04
325.450000048,[debug],turtlebot2,simulation,robot-pose,x=-34.70;y=15.77;yaw=-0.04
340.283333302,[debug],turtlebot1,simulation,robot-pose,x=-33.88;y=18.79;yaw=3.01
340.283333302,[debug],turtlebot1,simulation,robot-pose,x=-33.88;y=18.79;yaw=3.01
340.383333445,[debug],turtlebot5,simulation,robot-pose,x=-38.15;y=21.51;yaw=0.05
340.383333445,[debug],turtlebot4,simulation,robot-pose,x=-21.03;y=18.00;yaw=-1.54
340.383333445,[debug],turtlebot2,simulation,robot-pose,x=-31.94;y=16.12;yaw=0.24
340.383333445,[debug],turtlebot3,simulation,robot-pose,x=-40.39;y=25.23;yaw=0.33
340.450000048,[debug],turtlebot5,simulation,robot-pose,x=-38.15;y=21.51;yaw=0.05
340.466666698,[debug],turtlebot4,simulation,robot-pose,x=-21.03;y=18.00;yaw=-1.54
340.466666698,[debug],turtlebot2,simulation,robot-pose,x=-31.94;y=16.12;yaw=0.24
340.466666698,[debug],turtlebot3,simulation,robot-pose,x=-40.39;y=25.23;yaw=0.33
355.283333302,[debug],turtlebot1,simulation,robot-pose,x=-33.88;y=18.79;yaw=3.01
355.283333302,[debug],turtlebot1,simulation,robot-pose,x=-33.88;y=18.79;yaw=3.01
355.383333445,[debug],turtlebot3,simulation,robot-pose,x=-40.39;y=25.23;yaw=0.33
355.383333445,[debug],turtlebot4,simulation,robot-pose,x=-21.03;y=18.00;yaw=-1.54
355.383333445,[debug],turtlebot2,simulation,robot-pose,x=-29.50;y=16.08;yaw=0.15
355.383333445,[debug],turtlebot5,simulation,robot-pose,x=-38.15;y=21.51;yaw=0.06
355.466666698,[debug],turtlebot3,simulation,robot-pose,x=-40.39;y=25.23;yaw=0.33
355.483333349,[debug],turtlebot4,simulation,robot-pose,x=-21.03;y=18.00;yaw=-1.54
355.483333349,[debug],turtlebot2,simulation,robot-pose,x=-29.50;y=16.08;yaw=0.15
355.483333349,[debug],turtlebot5,simulation,robot-pose,x=-38.15;y=21.51;yaw=0.06
362.666666746,[debug],turtlebot2,move-base-info,Hooray, the base moved arrived,(x=-28.5;y=16)
362.666666746,[debug],turtlebot2,move-base-info,Hooray, the base moved arrived,(x=-28.5;y=16)
362.816666603,[debug],turtlebot2,task-update,navigation,way-point-reached,75.0%
366.766666651,[info],turtlebot2,skill-life-cycle,navigation,(status=RUNNING, parameters=[[-37.0, 21.5, -1.5707963267948966, True], [-37.0, 16.0, 0.0, True], [-28.5, 16.0, 1.5707963267948966, True], [-28.5, 18.0, -1.57, False]])
370.283333302,[debug],turtlebot1,simulation,robot-pose,x=-33.88;y=18.79;yaw=3.01
370.283333302,[debug],turtlebot1,simulation,robot-pose,x=-33.88;y=18.79;yaw=3.01
370.383333445,[debug],turtlebot2,simulation,robot-pose,x=-28.73;y=17.25;yaw=1.32
370.383333445,[debug],turtlebot3,simulation,robot-pose,x=-40.39;y=25.23;yaw=0.33
370.383333445,[debug],turtlebot5,simulation,robot-pose,x=-38.15;y=21.51;yaw=0.08
370.383333445,[debug],turtlebot4,simulation,robot-pose,x=-21.03;y=18.00;yaw=-1.54
370.466666698,[debug],turtlebot2,simulation,robot-pose,x=-28.73;y=17.25;yaw=1.32
370.466666698,[debug],turtlebot3,simulation,robot-pose,x=-40.39;y=25.23;yaw=0.33
370.466666698,[debug],turtlebot5,simulation,robot-pose,x=-38.15;y=21.51;yaw=0.08
370.466666698,[debug],turtlebot4,simulation,robot-pose,x=-21.03;y=18.00;yaw=-1.54
379.400000095,[debug],turtlebot2,move-base-info,Hooray, the base moved arrived,(x=-28.5;y=18)
379.450000048,[debug],turtlebot2,move-base-info,Hooray, the base moved arrived,(x=-28.5;y=18)
379.666666746,[debug],turtlebot2,task-update,navigation,way-point-reached,100.0%
379.766666651,[debug],turtlebot2,available-skills,['send_message', 'wait_message', 'approach_person', 'approach_robot', 'authenticate_person', 'deposit', 'navigation', 'operate_drawer', 'pick_up'],
379.766666651,[info],turtlebot2,skill-life-cycle,approach_person,(status=STARTED, parameters=['nurse'])
379.816666603,[debug],turtlebot2,task-update,approach_person,localize-person,(who=nurse)
379.900000095,[debug],turtlebot2,task-update,approach_person,goto-person,(who=nurse)
379.983333349,[debug],turtlebot2,available-skills,['send_message', 'wait_message', 'approach_person', 'approach_robot', 'authenticate_person', 'deposit', 'navigation', 'operate_drawer', 'pick_up'],
379.983333349,[info],turtlebot2,skill-life-cycle,authenticate_person,(status=STARTED, parameters=['nurse'])
380.066666603,[debug],turtlebot2,task-update,authenticate_person,request-authentication,(to=nurse)
380.066666603,[info],nurse,sync,received-request,(status=sending-request)
380.066666603,[info],nurse,sync,received-request,(status=sending-request)
380.5,[debug],turtlebot2,task-update,authenticate_person,received-authentication,(from=nurse)
380.583333254,[debug],turtlebot2,available-skills,['send_message', 'wait_message', 'approach_person', 'approach_robot', 'authenticate_person', 'deposit', 'navigation', 'operate_drawer', 'pick_up'],
380.583333254,[info],turtlebot2,skill-life-cycle,operate_drawer,(status=STARTED, parameters=['open'])
380.666666746,[debug],turtlebot2,task-update,operate_drawer,open
381.716666698,[debug],turtlebot2,available-skills,['send_message', 'wait_message', 'approach_person', 'approach_robot', 'authenticate_person', 'deposit', 'navigation', 'operate_drawer', 'pick_up'],
381.716666698,[info],turtlebot2,skill-life-cycle,send_message,(status=STARTED, parameters=['nurse'])
381.833333254,[info],turtlebot2,sync,send-message,(to=nurse)
382.716666698,[info],nurse,sync,wait-message,(status=message-received)
382.716666698,[info],nurse,sync,wait-message,(status=message-received)
385.283333302,[debug],turtlebot1,simulation,robot-pose,x=-33.88;y=18.79;yaw=3.01
385.283333302,[debug],turtlebot1,simulation,robot-pose,x=-33.88;y=18.79;yaw=3.01
385.383333445,[debug],turtlebot2,simulation,robot-pose,x=-28.64;y=17.61;yaw=-1.52
385.383333445,[debug],turtlebot3,simulation,robot-pose,x=-40.39;y=25.23;yaw=0.33
385.383333445,[debug],turtlebot5,simulation,robot-pose,x=-38.15;y=21.51;yaw=0.11
385.383333445,[debug],turtlebot4,simulation,robot-pose,x=-21.03;y=18.00;yaw=-1.54
385.466666698,[debug],turtlebot2,simulation,robot-pose,x=-28.64;y=17.61;yaw=-1.52
385.483333349,[debug],turtlebot3,simulation,robot-pose,x=-40.39;y=25.23;yaw=0.33
385.483333349,[debug],turtlebot5,simulation,robot-pose,x=-38.15;y=21.51;yaw=0.11
385.483333349,[debug],turtlebot4,simulation,robot-pose,x=-21.03;y=18.00;yaw=-1.54
385.483333349,[debug],turtlebot2,available-skills,['send_message', 'wait_message', 'approach_person', 'approach_robot', 'authenticate_person', 'deposit', 'navigation', 'operate_drawer', 'pick_up'],
385.483333349,[info],turtlebot2,skill-life-cycle,wait_message,(status=STARTED, parameters=['r1'])
386.766666651,[info],turtlebot2,sync,wait-message,(status=message-received)
386.849999905,[debug],turtlebot2,available-skills,['send_message', 'wait_message', 'approach_person', 'approach_robot', 'authenticate_person', 'deposit', 'navigation', 'operate_drawer', 'pick_up'],
386.866666555,[info],turtlebot2,skill-life-cycle,operate_drawer,(status=STARTED, parameters=['close'])
386.933333397,[debug],turtlebot2,task-update,operate_drawer,close
387.950000048,[debug],turtlebot2,available-skills,['send_message', 'wait_message', 'approach_person', 'approach_robot', 'authenticate_person', 'deposit', 'navigation', 'operate_drawer', 'pick_up'],
387.950000048,[info],turtlebot2,skill-life-cycle,navigation,(status=STARTED, parameters=[[-28.5, 16.0, 0.0, True], [-26.0, 16.0, -1.5707963267948966, True], [-26.0, 13.0, 1.57, False]])
392.716666698,[info],nurse,sync,wait-message,(status=message-received)
392.716666698,[info],nurse,sync,wait-message,(status=message-received)
400.066666603,[info],nurse,sync,request-sent,(status=waiting)
400.066666603,[info],nurse,sync,request-sent,(status=waiting)
400.283333302,[debug],turtlebot1,simulation,robot-pose,x=-33.88;y=18.79;yaw=3.01
400.283333302,[debug],turtlebot1,simulation,robot-pose,x=-33.88;y=18.79;yaw=3.01
400.383333445,[debug],turtlebot3,simulation,robot-pose,x=-40.39;y=25.23;yaw=0.33
400.383333445,[debug],turtlebot4,simulation,robot-pose,x=-21.03;y=18.00;yaw=-1.54
400.383333445,[debug],turtlebot5,simulation,robot-pose,x=-38.15;y=21.52;yaw=0.14
400.383333445,[debug],turtlebot2,simulation,robot-pose,x=-28.62;y=16.98;yaw=-1.54
400.433333397,[debug],turtlebot3,simulation,robot-pose,x=-40.39;y=25.23;yaw=0.33
400.433333397,[debug],turtlebot4,simulation,robot-pose,x=-21.03;y=18.00;yaw=-1.54
400.433333397,[debug],turtlebot5,simulation,robot-pose,x=-38.15;y=21.52;yaw=0.14
400.433333397,[debug],turtlebot2,simulation,robot-pose,x=-28.62;y=16.98;yaw=-1.54
402.716666698,[info],nurse,sync,wait-message,(status=message-received)
402.716666698,[info],nurse,sync,wait-message,(status=message-received)
409.916666746,[debug],turtlebot2,move-base-info,Hooray, the base moved arrived,(x=-28.5;y=16)
409.916666746,[debug],turtlebot2,move-base-info,Hooray, the base moved arrived,(x=-28.5;y=16)
409.966666698,[debug],turtlebot2,task-update,navigation,way-point-reached,33.33333333333333%
412.716666698,[info],nurse,sync,wait-message,(status=message-received)
412.733333349,[info],nurse,sync,wait-message,(status=message-received)
415.283333302,[debug],turtlebot1,simulation,robot-pose,x=-33.88;y=18.79;yaw=3.01
415.283333302,[debug],turtlebot1,simulation,robot-pose,x=-33.88;y=18.79;yaw=3.01
415.383333445,[debug],turtlebot5,simulation,robot-pose,x=-38.16;y=21.52;yaw=0.16
415.383333445,[debug],turtlebot4,simulation,robot-pose,x=-21.03;y=18.00;yaw=-1.54
415.383333445,[debug],turtlebot3,simulation,robot-pose,x=-40.39;y=25.23;yaw=0.33
415.383333445,[debug],turtlebot2,simulation,robot-pose,x=-28.50;y=16.44;yaw=-0.17
415.483333349,[debug],turtlebot5,simulation,robot-pose,x=-38.16;y=21.52;yaw=0.16
415.483333349,[debug],turtlebot4,simulation,robot-pose,x=-21.03;y=18.00;yaw=-1.54
415.483333349,[debug],turtlebot3,simulation,robot-pose,x=-40.39;y=25.23;yaw=0.33
415.483333349,[debug],turtlebot2,simulation,robot-pose,x=-28.50;y=16.44;yaw=-0.17
419.833333254,[info],turtlebot2,skill-life-cycle,navigation,(status=RUNNING, parameters=[[-28.5, 16.0, 0.0, True], [-26.0, 16.0, -1.5707963267948966, True], [-26.0, 13.0, 1.57, False]])
430.283333302,[debug],turtlebot1,simulation,robot-pose,x=-33.88;y=18.79;yaw=3.01
430.283333302,[debug],turtlebot1,simulation,robot-pose,x=-33.88;y=18.79;yaw=3.01
430.383333445,[debug],turtlebot5,simulation,robot-pose,x=-38.16;y=21.53;yaw=0.18
430.383333445,[debug],turtlebot3,simulation,robot-pose,x=-40.39;y=25.23;yaw=0.33
430.383333445,[debug],turtlebot2,simulation,robot-pose,x=-26.48;y=16.22;yaw=0.30
430.383333445,[debug],turtlebot4,simulation,robot-pose,x=-21.03;y=18.00;yaw=-1.54
430.433333397,[debug],turtlebot5,simulation,robot-pose,x=-38.16;y=21.53;yaw=0.18
430.433333397,[debug],turtlebot3,simulation,robot-pose,x=-40.39;y=25.23;yaw=0.33
430.433333397,[debug],turtlebot2,simulation,robot-pose,x=-26.48;y=16.22;yaw=0.30
430.433333397,[debug],turtlebot4,simulation,robot-pose,x=-21.03;y=18.00;yaw=-1.54
436.466666698,[debug],turtlebot2,move-base-info,Hooray, the base moved arrived,(x=-26;y=16)
436.466666698,[debug],turtlebot2,move-base-info,Hooray, the base moved arrived,(x=-26;y=16)
436.583333254,[debug],turtlebot2,task-update,navigation,way-point-reached,66.66666666666666%
445.283333302,[debug],turtlebot1,simulation,robot-pose,x=-33.88;y=18.79;yaw=3.01
445.283333302,[debug],turtlebot1,simulation,robot-pose,x=-33.88;y=18.79;yaw=3.01
445.383333445,[debug],turtlebot2,simulation,robot-pose,x=-26.28;y=15.96;yaw=-1.05
445.383333445,[debug],turtlebot3,simulation,robot-pose,x=-40.39;y=25.23;yaw=0.33
445.383333445,[debug],turtlebot5,simulation,robot-pose,x=-38.16;y=21.53;yaw=0.19
445.383333445,[debug],turtlebot4,simulation,robot-pose,x=-21.03;y=18.00;yaw=-1.54
445.466666698,[debug],turtlebot2,simulation,robot-pose,x=-26.28;y=15.96;yaw=-1.05
445.466666698,[debug],turtlebot3,simulation,robot-pose,x=-40.39;y=25.23;yaw=0.33
445.466666698,[debug],turtlebot5,simulation,robot-pose,x=-38.16;y=21.53;yaw=0.19
445.466666698,[debug],turtlebot4,simulation,robot-pose,x=-21.03;y=18.00;yaw=-1.54
460.283333302,[debug],turtlebot1,simulation,robot-pose,x=-33.88;y=18.79;yaw=3.01
460.283333302,[debug],turtlebot1,simulation,robot-pose,x=-33.88;y=18.79;yaw=3.01
460.383333445,[debug],turtlebot4,simulation,robot-pose,x=-21.03;y=18.00;yaw=-1.54
460.383333445,[debug],turtlebot5,simulation,robot-pose,x=-38.16;y=21.53;yaw=0.20
460.383333445,[debug],turtlebot3,simulation,robot-pose,x=-40.39;y=25.23;yaw=0.33
460.383333445,[debug],turtlebot2,simulation,robot-pose,x=-25.85;y=14.75;yaw=-1.47
460.483333349,[debug],turtlebot4,simulation,robot-pose,x=-21.03;y=18.00;yaw=-1.54
460.483333349,[debug],turtlebot5,simulation,robot-pose,x=-38.16;y=21.53;yaw=0.20
460.483333349,[debug],turtlebot3,simulation,robot-pose,x=-40.39;y=25.23;yaw=0.33
460.483333349,[debug],turtlebot2,simulation,robot-pose,x=-25.85;y=14.75;yaw=-1.47
470.983333349,[info],turtlebot2,skill-life-cycle,navigation,(status=RUNNING, parameters=[[-28.5, 16.0, 0.0, True], [-26.0, 16.0, -1.5707963267948966, True], [-26.0, 13.0, 1.57, False]])
475.283333302,[debug],turtlebot1,simulation,robot-pose,x=-33.88;y=18.79;yaw=3.01
475.283333302,[debug],turtlebot1,simulation,robot-pose,x=-33.88;y=18.79;yaw=3.01
475.383333445,[debug],turtlebot2,simulation,robot-pose,x=-25.93;y=13.51;yaw=-1.79
475.383333445,[debug],turtlebot3,simulation,robot-pose,x=-40.39;y=25.23;yaw=0.33
475.383333445,[debug],turtlebot4,simulation,robot-pose,x=-21.03;y=18.00;yaw=-1.54
475.383333445,[debug],turtlebot5,simulation,robot-pose,x=-38.16;y=21.53;yaw=0.21
475.483333349,[debug],turtlebot2,simulation,robot-pose,x=-25.93;y=13.51;yaw=-1.79
475.483333349,[debug],turtlebot3,simulation,robot-pose,x=-40.39;y=25.23;yaw=0.33
475.483333349,[debug],turtlebot4,simulation,robot-pose,x=-21.03;y=18.00;yaw=-1.54
475.483333349,[debug],turtlebot5,simulation,robot-pose,x=-38.16;y=21.53;yaw=0.21
483.083333254,[debug],turtlebot2,move-base-info,Hooray, the base moved arrived,(x=-26;y=13)
483.083333254,[debug],turtlebot2,move-base-info,Hooray, the base moved arrived,(x=-26;y=13)
483.200000048,[debug],turtlebot2,task-update,navigation,way-point-reached,100.0%
483.299999952,[debug],turtlebot2,available-skills,['send_message', 'wait_message', 'approach_person', 'approach_robot', 'authenticate_person', 'deposit', 'navigation', 'operate_drawer', 'pick_up'],
483.299999952,[info],turtlebot2,skill-life-cycle,approach_robot,(status=STARTED, parameters=['lab_arm'])
483.383333445,[debug],turtlebot2,task-update,approach_robot,localize-robot,(who=lab_arm)
484.483333349,[debug],turtlebot2,task-update,approach_robot,goto-robot,(who=lab_arm)
484.583333254,[debug],turtlebot2,available-skills,['send_message', 'wait_message', 'approach_person', 'approach_robot', 'authenticate_person', 'deposit', 'navigation', 'operate_drawer', 'pick_up'],
484.583333254,[info],turtlebot2,skill-life-cycle,operate_drawer,(status=STARTED, parameters=['open'])
484.633333445,[debug],turtlebot2,task-update,operate_drawer,open
485.650000095,[debug],turtlebot2,available-skills,['send_message', 'wait_message', 'approach_person', 'approach_robot', 'authenticate_person', 'deposit', 'navigation', 'operate_drawer', 'pick_up'],
485.650000095,[info],turtlebot2,skill-life-cycle,send_message,(status=STARTED, parameters=['lab_arm'])
485.766666651,[info],turtlebot2,sync,send-message,(to=lab_arm)
486.683333397,[info],lab_arm,sync,wait-message,(status=message-received)
486.683333397,[info],lab_arm,sync,wait-message,(status=message-received)
486.683333397,[info],Inventory,sync,wait-sample,(status=sample-received)
486.683333397,[info],Inventory,sync,wait-sample,(status=sample-received)
486.683333397,ENDSIM
486.683333397,ENDSIM
490.283333302,[debug],turtlebot1,simulation,robot-pose,x=-33.88;y=18.79;yaw=3.01
490.283333302,[debug],turtlebot1,simulation,robot-pose,x=-33.88;y=18.79;yaw=3.01
490.383333445,[debug],turtlebot4,simulation,robot-pose,x=-21.03;y=18.00;yaw=-1.54
490.383333445,[debug],turtlebot5,simulation,robot-pose,x=-38.16;y=21.54;yaw=0.22
490.383333445,[debug],turtlebot3,simulation,robot-pose,x=-40.39;y=25.23;yaw=0.33
490.383333445,[debug],turtlebot2,simulation,robot-pose,x=-25.95;y=13.42;yaw=1.62
490.466666698,[debug],turtlebot4,simulation,robot-pose,x=-21.03;y=18.00;yaw=-1.54
490.466666698,[debug],turtlebot5,simulation,robot-pose,x=-38.16;y=21.54;yaw=0.22
490.466666698,[debug],turtlebot3,simulation,robot-pose,x=-40.39;y=25.23;yaw=0.33
490.466666698,[debug],turtlebot2,simulation,robot-pose,x=-25.95;y=13.42;yaw=1.62
496.683333397,[info],Inventory,sync,wait-sample,(status=sample-received)
496.683333397,[info],Inventory,sync,wait-sample,(status=sample-received)
496.683333397,ENDSIM
496.683333397,ENDSIM
496.683333397,[info],lab_arm,sync,wait-message,(status=message-received)
496.683333397,[info],lab_arm,sync,wait-message,(status=message-received)
496.683333397,[info],Inventory,sync,wait-sample,(status=sample-received)
496.683333397,[info],Inventory,sync,wait-sample,(status=sample-received)
496.683333397,ENDSIM
496.683333397,ENDSIM
0.0,[debug],simulation closed,reach-target,execution-wall-clock=595.6199340820312
