0.0,0.0,[debug],logger,init,time
ROBOTS_CONFIG=[{"avg_speed": 0.15, "battery_charge": 0.34, "battery_discharge_rate": 0.00017, "id": 0, "local_plan": null, "location": "PC Room 7", "position": [-13.5, 18.0, -1.57], "skills": ["approach_person", "approach_robot", "authenticate_person", "deposit", "navigation", "pick_up"]}, {"avg_speed": 0.15, "battery_charge": 0.26, "battery_discharge_rate": 0.00018, "id": 1, "local_plan": null, "location": "IC Room 4", "position": [-39.44, 33.95, 0.0], "skills": ["approach_person", "approach_robot", "authenticate_person", "deposit", "navigation", "operate_drawer", "pick_up"]}, {"avg_speed": 0.15, "battery_charge": 0.45, "battery_discharge_rate": 0.00012000000000000002, "id": 2, "local_plan": [["navigation", ["IC Room 2", [[-39.44, 33.95, 0.0], [-37.0, 33.95], [-37.0, 21.5], [-38.0, 21.5, 0.0]]]], ["approach_person", ["nurse"]], ["authenticate_person", ["nurse"]], ["operate_drawer", ["open"]], ["send_message", ["nurse"]], ["wait_message", ["r1"]], ["operate_drawer", ["close"]], ["navigation", ["Laboratory", [[-38.0, 21.5, 0.0], [-37.0, 21.5], [-37.0, 16.0], [-26.0, 16.0], [-26.0, 13.0, 1.57]]]], ["approach_robot", ["lab_arm"]], ["operate_drawer", ["open"]], ["send_message", ["lab_arm"]], ["wait_message", ["r1"]], ["operate_drawer", ["close"]]], "location": "IC Room 3", "position": [-40.23, 25.37, 0.0], "skills": ["approach_person", "approach_robot", "authenticate_person", "deposit", "navigation", "operate_drawer", "pick_up"]}, {"avg_speed": 0.15, "battery_charge": 0.43, "battery_discharge_rate": 0.00011, "id": 3, "local_plan": null, "location": "IC Room 5", "position": [-32.88, 33.98, 3.14], "skills": ["approach_person", "approach_robot", "authenticate_person", "deposit", "navigation", "operate_drawer", "pick_up"]}, {"avg_speed": 0.15, "battery_charge": 0.16, "battery_discharge_rate": 0.00015000000000000001, "id": 4, "local_plan": null, "location": "PC Room 5", "position": [-21.0, 18.0, -1.57], "skills": ["approach_person", "approach_robot", "authenticate_person", "deposit", "navigation", "operate_drawer", "pick_up"]}]
NURSES_CONFIG=[{"location": "IC Room 2", "position": [-39.0, 20.5, 0.0]}]
logger,1626080423441125154,Simulation open
0.0,[debug],logger,init,subcribing to in the topic /log
1.45000004768,[debug],turtlebot5,move-base-info,Move_base is up and ok....,
1.76666665077,[debug],turtlebot2,move-base-info,Move_base is up and ok....,
1.76666665077,[debug],turtlebot4,move-base-info,Move_base is up and ok....,
1.8833334446,[debug],turtlebot1,move-base-info,Move_base is up and ok....,
1.90000009537,[debug],turtlebot3,move-base-info,Move_base is up and ok....,
7.33333325386,[info],turtlebot2,skill-life-cycle,init_robobt,(status=RUNNING, parameters=[])
7.96666669846,[info],turtlebot5,skill-life-cycle,init_robobt,(status=RUNNING, parameters=[])
8.31666660309,[info],turtlebot3,skill-life-cycle,init_robobt,(status=RUNNING, parameters=[])
9.03333330154,[info],turtlebot4,skill-life-cycle,init_robobt,(status=RUNNING, parameters=[])
11.9833333492,[debug],turtlebot3,available-skills,['send_message', 'wait_message', 'approach_person', 'approach_robot', 'authenticate_person', 'deposit', 'navigation', 'operate_drawer', 'pick_up'],
11.9833333492,[info],turtlebot3,skill-life-cycle,navigation,(status=STARTED, parameters=[[-37.0, 33.95, -1.5707963267948966, True], [-37.0, 21.5, 3.141592653589793, True], [-38.0, 21.5, 0.0, False]])
23.7333333492,[debug],turtlebot1,simulation,robot-pose,x=-13.50;y=18.00;yaw=-1.50
23.7333333492,[debug],turtlebot1,simulation,robot-pose,x=-13.50;y=18.00;yaw=-1.50
24.0666666031,[debug],turtlebot2,simulation,robot-pose,x=-39.51;y=33.84;yaw=0.46
24.0666666031,[debug],turtlebot2,simulation,robot-pose,x=-39.51;y=33.84;yaw=0.46
24.0833332539,[debug],turtlebot4,simulation,robot-pose,x=-32.89;y=33.97;yaw=-3.10
24.0833332539,[debug],turtlebot4,simulation,robot-pose,x=-32.89;y=33.97;yaw=-3.10
24.0833332539,[debug],turtlebot3,simulation,robot-pose,x=-40.01;y=24.82;yaw=-1.05
24.0833332539,[debug],turtlebot3,simulation,robot-pose,x=-40.01;y=24.82;yaw=-1.05
24.0999999046,[debug],turtlebot5,simulation,robot-pose,x=-20.99;y=18.00;yaw=-1.54
24.0999999046,[debug],turtlebot5,simulation,robot-pose,x=-20.99;y=18.00;yaw=-1.54
38.7333333492,[debug],turtlebot1,simulation,robot-pose,x=-13.49;y=18.00;yaw=-1.49
38.7333333492,[debug],turtlebot1,simulation,robot-pose,x=-13.49;y=18.00;yaw=-1.49
39.0666666031,[debug],turtlebot2,simulation,robot-pose,x=-39.51;y=33.84;yaw=0.46
39.0666666031,[debug],turtlebot2,simulation,robot-pose,x=-39.51;y=33.84;yaw=0.46
39.0833332539,[debug],turtlebot4,simulation,robot-pose,x=-32.89;y=33.97;yaw=-3.10
39.0833332539,[debug],turtlebot4,simulation,robot-pose,x=-32.89;y=33.97;yaw=-3.10
39.0833332539,[debug],turtlebot3,simulation,robot-pose,x=-39.04;y=23.65;yaw=-0.72
39.0833332539,[debug],turtlebot3,simulation,robot-pose,x=-39.04;y=23.65;yaw=-0.72
39.0999999046,[debug],turtlebot5,simulation,robot-pose,x=-20.99;y=18.00;yaw=-1.54
39.0999999046,[debug],turtlebot5,simulation,robot-pose,x=-20.99;y=18.00;yaw=-1.54
53.7333333492,[debug],turtlebot1,simulation,robot-pose,x=-13.49;y=18.00;yaw=-1.48
53.7333333492,[debug],turtlebot1,simulation,robot-pose,x=-13.49;y=18.00;yaw=-1.48
54.0666666031,[debug],turtlebot2,simulation,robot-pose,x=-39.51;y=33.84;yaw=0.46
54.0666666031,[debug],turtlebot2,simulation,robot-pose,x=-39.51;y=33.84;yaw=0.46
54.0833332539,[debug],turtlebot3,simulation,robot-pose,x=-37.87;y=23.04;yaw=-0.15
54.0833332539,[debug],turtlebot3,simulation,robot-pose,x=-37.87;y=23.04;yaw=-0.15
54.0833332539,[debug],turtlebot4,simulation,robot-pose,x=-32.89;y=33.97;yaw=-3.10
54.0833332539,[debug],turtlebot4,simulation,robot-pose,x=-32.89;y=33.97;yaw=-3.10
54.0999999046,[debug],turtlebot5,simulation,robot-pose,x=-20.99;y=18.00;yaw=-1.54
54.0999999046,[debug],turtlebot5,simulation,robot-pose,x=-20.99;y=18.00;yaw=-1.54
58.7166666985,[info],turtlebot3,skill-life-cycle,navigation,(status=RUNNING, parameters=[[-37.0, 33.95, -1.5707963267948966, True], [-37.0, 21.5, 3.141592653589793, True], [-38.0, 21.5, 0.0, False]])
68.7333333492,[debug],turtlebot1,simulation,robot-pose,x=-13.49;y=18.00;yaw=-1.47
68.7333333492,[debug],turtlebot1,simulation,robot-pose,x=-13.49;y=18.00;yaw=-1.47
69.0666666031,[debug],turtlebot2,simulation,robot-pose,x=-39.51;y=33.84;yaw=0.46
69.0666666031,[debug],turtlebot2,simulation,robot-pose,x=-39.51;y=33.84;yaw=0.46
69.0833332539,[debug],turtlebot3,simulation,robot-pose,x=-36.79;y=23.81;yaw=1.21
69.0833332539,[debug],turtlebot3,simulation,robot-pose,x=-36.79;y=23.81;yaw=1.21
69.0833332539,[debug],turtlebot4,simulation,robot-pose,x=-32.89;y=33.97;yaw=-3.10
69.0833332539,[debug],turtlebot4,simulation,robot-pose,x=-32.89;y=33.97;yaw=-3.10
69.0999999046,[debug],turtlebot5,simulation,robot-pose,x=-20.99;y=18.00;yaw=-1.54
69.0999999046,[debug],turtlebot5,simulation,robot-pose,x=-20.99;y=18.00;yaw=-1.54
83.7333333492,[debug],turtlebot1,simulation,robot-pose,x=-13.49;y=17.99;yaw=-1.45
83.7333333492,[debug],turtlebot1,simulation,robot-pose,x=-13.49;y=17.99;yaw=-1.45
84.0666666031,[debug],turtlebot2,simulation,robot-pose,x=-39.51;y=33.84;yaw=0.46
84.0666666031,[debug],turtlebot2,simulation,robot-pose,x=-39.51;y=33.84;yaw=0.46
84.0833332539,[debug],turtlebot3,simulation,robot-pose,x=-36.75;y=26.26;yaw=1.55
84.0833332539,[debug],turtlebot3,simulation,robot-pose,x=-36.75;y=26.26;yaw=1.55
84.0833332539,[debug],turtlebot4,simulation,robot-pose,x=-32.90;y=33.97;yaw=-3.10
84.0833332539,[debug],turtlebot4,simulation,robot-pose,x=-32.90;y=33.97;yaw=-3.10
84.0999999046,[debug],turtlebot5,simulation,robot-pose,x=-20.99;y=18.00;yaw=-1.54
84.0999999046,[debug],turtlebot5,simulation,robot-pose,x=-20.99;y=18.00;yaw=-1.54
98.7333333492,[debug],turtlebot1,simulation,robot-pose,x=-13.49;y=17.99;yaw=-1.43
98.7333333492,[debug],turtlebot1,simulation,robot-pose,x=-13.49;y=17.99;yaw=-1.43
99.0666666031,[debug],turtlebot2,simulation,robot-pose,x=-39.51;y=33.84;yaw=0.46
99.0666666031,[debug],turtlebot2,simulation,robot-pose,x=-39.51;y=33.84;yaw=0.46
99.0833332539,[debug],turtlebot3,simulation,robot-pose,x=-36.77;y=27.90;yaw=0.99
99.0833332539,[debug],turtlebot3,simulation,robot-pose,x=-36.77;y=27.90;yaw=0.99
99.0833332539,[debug],turtlebot4,simulation,robot-pose,x=-32.90;y=33.97;yaw=-3.10
99.0833332539,[debug],turtlebot4,simulation,robot-pose,x=-32.90;y=33.97;yaw=-3.10
99.0999999046,[debug],turtlebot5,simulation,robot-pose,x=-20.99;y=18.00;yaw=-1.54
99.0999999046,[debug],turtlebot5,simulation,robot-pose,x=-20.99;y=18.00;yaw=-1.54
110.166666746,[info],turtlebot3,skill-life-cycle,navigation,(status=RUNNING, parameters=[[-37.0, 33.95, -1.5707963267948966, True], [-37.0, 21.5, 3.141592653589793, True], [-38.0, 21.5, 0.0, False]])
113.733333349,[debug],turtlebot1,simulation,robot-pose,x=-13.49;y=17.99;yaw=-1.42
113.733333349,[debug],turtlebot1,simulation,robot-pose,x=-13.49;y=17.99;yaw=-1.42
114.066666603,[debug],turtlebot2,simulation,robot-pose,x=-39.51;y=33.84;yaw=0.46
114.066666603,[debug],turtlebot2,simulation,robot-pose,x=-39.51;y=33.84;yaw=0.46
114.083333254,[debug],turtlebot4,simulation,robot-pose,x=-32.90;y=33.97;yaw=-3.09
114.083333254,[debug],turtlebot4,simulation,robot-pose,x=-32.90;y=33.97;yaw=-3.09
114.083333254,[debug],turtlebot3,simulation,robot-pose,x=-36.58;y=29.44;yaw=1.56
114.083333254,[debug],turtlebot3,simulation,robot-pose,x=-36.58;y=29.44;yaw=1.56
114.099999905,[debug],turtlebot5,simulation,robot-pose,x=-20.99;y=18.00;yaw=-1.54
114.099999905,[debug],turtlebot5,simulation,robot-pose,x=-20.99;y=18.00;yaw=-1.54
128.733333349,[debug],turtlebot1,simulation,robot-pose,x=-13.49;y=17.98;yaw=-1.40
128.733333349,[debug],turtlebot1,simulation,robot-pose,x=-13.49;y=17.98;yaw=-1.40
129.066666603,[debug],turtlebot2,simulation,robot-pose,x=-39.51;y=33.84;yaw=0.46
129.066666603,[debug],turtlebot2,simulation,robot-pose,x=-39.51;y=33.84;yaw=0.46
129.083333254,[debug],turtlebot3,simulation,robot-pose,x=-36.57;y=31.93;yaw=1.57
129.083333254,[debug],turtlebot3,simulation,robot-pose,x=-36.57;y=31.93;yaw=1.57
129.083333254,[debug],turtlebot4,simulation,robot-pose,x=-32.90;y=33.97;yaw=-3.09
129.083333254,[debug],turtlebot4,simulation,robot-pose,x=-32.90;y=33.97;yaw=-3.09
129.099999905,[debug],turtlebot5,simulation,robot-pose,x=-21.00;y=18.00;yaw=-1.54
129.099999905,[debug],turtlebot5,simulation,robot-pose,x=-21.00;y=18.00;yaw=-1.54
143.733333349,[debug],turtlebot1,simulation,robot-pose,x=-13.49;y=17.98;yaw=-1.38
143.733333349,[debug],turtlebot1,simulation,robot-pose,x=-13.49;y=17.98;yaw=-1.38
144.066666603,[debug],turtlebot2,simulation,robot-pose,x=-39.50;y=33.84;yaw=0.46
144.066666603,[debug],turtlebot2,simulation,robot-pose,x=-39.50;y=33.84;yaw=0.46
144.083333254,[debug],turtlebot3,simulation,robot-pose,x=-36.79;y=33.59;yaw=-1.85
144.083333254,[debug],turtlebot4,simulation,robot-pose,x=-32.90;y=33.97;yaw=-3.09
144.083333254,[debug],turtlebot3,simulation,robot-pose,x=-36.79;y=33.59;yaw=-1.85
144.083333254,[debug],turtlebot4,simulation,robot-pose,x=-32.90;y=33.97;yaw=-3.09
144.099999905,[debug],turtlebot5,simulation,robot-pose,x=-21.00;y=18.00;yaw=-1.54
144.099999905,[debug],turtlebot5,simulation,robot-pose,x=-21.00;y=18.00;yaw=-1.54
145.299999952,[debug],turtlebot3,move-base-info,Hooray, the base moved arrived,(x=-37;y=33.95)
145.333333254,[debug],turtlebot3,move-base-info,Hooray, the base moved arrived,(x=-37;y=33.95)
145.433333397,[debug],turtlebot3,task-update,navigation,way-point-reached,33.33333333333333%
158.733333349,[debug],turtlebot1,simulation,robot-pose,x=-13.48;y=17.98;yaw=-1.36
158.733333349,[debug],turtlebot1,simulation,robot-pose,x=-13.48;y=17.98;yaw=-1.36
159.066666603,[debug],turtlebot2,simulation,robot-pose,x=-39.50;y=33.84;yaw=0.46
159.066666603,[debug],turtlebot2,simulation,robot-pose,x=-39.50;y=33.84;yaw=0.46
159.083333254,[debug],turtlebot4,simulation,robot-pose,x=-32.90;y=33.97;yaw=-3.09
159.083333254,[debug],turtlebot4,simulation,robot-pose,x=-32.90;y=33.97;yaw=-3.09
159.083333254,[debug],turtlebot3,simulation,robot-pose,x=-36.62;y=32.35;yaw=-1.51
159.083333254,[debug],turtlebot3,simulation,robot-pose,x=-36.62;y=32.35;yaw=-1.51
159.099999905,[debug],turtlebot5,simulation,robot-pose,x=-21.00;y=18.00;yaw=-1.54
159.099999905,[debug],turtlebot5,simulation,robot-pose,x=-21.00;y=18.00;yaw=-1.54
162.299999952,[info],turtlebot3,skill-life-cycle,navigation,(status=RUNNING, parameters=[[-37.0, 33.95, -1.5707963267948966, True], [-37.0, 21.5, 3.141592653589793, True], [-38.0, 21.5, 0.0, False]])
173.733333349,[debug],turtlebot1,simulation,robot-pose,x=-13.48;y=17.97;yaw=-1.34
173.733333349,[debug],turtlebot1,simulation,robot-pose,x=-13.48;y=17.97;yaw=-1.34
174.066666603,[debug],turtlebot2,simulation,robot-pose,x=-39.50;y=33.84;yaw=0.46
174.066666603,[debug],turtlebot2,simulation,robot-pose,x=-39.50;y=33.84;yaw=0.46
174.083333254,[debug],turtlebot4,simulation,robot-pose,x=-32.90;y=33.97;yaw=-3.09
174.083333254,[debug],turtlebot4,simulation,robot-pose,x=-32.90;y=33.97;yaw=-3.09
174.083333254,[debug],turtlebot3,simulation,robot-pose,x=-36.60;y=29.88;yaw=-1.57
174.083333254,[debug],turtlebot3,simulation,robot-pose,x=-36.60;y=29.88;yaw=-1.57
174.099999905,[debug],turtlebot5,simulation,robot-pose,x=-21.00;y=18.00;yaw=-1.54
174.099999905,[debug],turtlebot5,simulation,robot-pose,x=-21.00;y=18.00;yaw=-1.54
188.733333349,[debug],turtlebot1,simulation,robot-pose,x=-13.48;y=17.97;yaw=-1.32
188.733333349,[debug],turtlebot1,simulation,robot-pose,x=-13.48;y=17.97;yaw=-1.32
189.066666603,[debug],turtlebot2,simulation,robot-pose,x=-39.50;y=33.84;yaw=0.46
189.066666603,[debug],turtlebot2,simulation,robot-pose,x=-39.50;y=33.84;yaw=0.46
189.083333254,[debug],turtlebot3,simulation,robot-pose,x=-36.60;y=27.38;yaw=-1.58
189.083333254,[debug],turtlebot3,simulation,robot-pose,x=-36.60;y=27.38;yaw=-1.58
189.083333254,[debug],turtlebot4,simulation,robot-pose,x=-32.90;y=33.97;yaw=-3.09
189.083333254,[debug],turtlebot4,simulation,robot-pose,x=-32.90;y=33.97;yaw=-3.09
189.099999905,[debug],turtlebot5,simulation,robot-pose,x=-21.00;y=18.00;yaw=-1.54
189.099999905,[debug],turtlebot5,simulation,robot-pose,x=-21.00;y=18.00;yaw=-1.54
203.733333349,[debug],turtlebot1,simulation,robot-pose,x=-13.47;y=17.97;yaw=-1.30
203.733333349,[debug],turtlebot1,simulation,robot-pose,x=-13.47;y=17.97;yaw=-1.30
204.066666603,[debug],turtlebot2,simulation,robot-pose,x=-39.50;y=33.84;yaw=0.46
204.066666603,[debug],turtlebot2,simulation,robot-pose,x=-39.50;y=33.84;yaw=0.46
204.083333254,[debug],turtlebot3,simulation,robot-pose,x=-36.58;y=24.91;yaw=-1.57
204.083333254,[debug],turtlebot3,simulation,robot-pose,x=-36.58;y=24.91;yaw=-1.57
204.083333254,[debug],turtlebot4,simulation,robot-pose,x=-32.90;y=33.97;yaw=-3.09
204.083333254,[debug],turtlebot4,simulation,robot-pose,x=-32.90;y=33.97;yaw=-3.09
204.099999905,[debug],turtlebot5,simulation,robot-pose,x=-21.01;y=18.00;yaw=-1.54
204.099999905,[debug],turtlebot5,simulation,robot-pose,x=-21.01;y=18.00;yaw=-1.54
213.616666555,[info],turtlebot3,skill-life-cycle,navigation,(status=RUNNING, parameters=[[-37.0, 33.95, -1.5707963267948966, True], [-37.0, 21.5, 3.141592653589793, True], [-38.0, 21.5, 0.0, False]])
218.733333349,[debug],turtlebot1,simulation,robot-pose,x=-13.47;y=17.96;yaw=-1.27
218.733333349,[debug],turtlebot1,simulation,robot-pose,x=-13.47;y=17.96;yaw=-1.27
219.066666603,[debug],turtlebot2,simulation,robot-pose,x=-39.50;y=33.84;yaw=0.46
219.066666603,[debug],turtlebot2,simulation,robot-pose,x=-39.50;y=33.84;yaw=0.46
219.083333254,[debug],turtlebot4,simulation,robot-pose,x=-32.91;y=33.97;yaw=-3.08
219.083333254,[debug],turtlebot4,simulation,robot-pose,x=-32.91;y=33.97;yaw=-3.08
219.083333254,[debug],turtlebot3,simulation,robot-pose,x=-36.76;y=22.25;yaw=-1.79
219.083333254,[debug],turtlebot3,simulation,robot-pose,x=-36.76;y=22.25;yaw=-1.79
219.099999905,[debug],turtlebot5,simulation,robot-pose,x=-21.01;y=18.00;yaw=-1.54
219.099999905,[debug],turtlebot5,simulation,robot-pose,x=-21.01;y=18.00;yaw=-1.54
224.483333349,[debug],turtlebot3,move-base-info,Hooray, the base moved arrived,(x=-37;y=21.5)
224.483333349,[debug],turtlebot3,move-base-info,Hooray, the base moved arrived,(x=-37;y=21.5)
224.633333445,[debug],turtlebot3,task-update,navigation,way-point-reached,66.66666666666666%
233.733333349,[debug],turtlebot1,simulation,robot-pose,x=-13.47;y=17.96;yaw=-1.25
233.733333349,[debug],turtlebot1,simulation,robot-pose,x=-13.47;y=17.96;yaw=-1.25
234.066666603,[debug],turtlebot2,simulation,robot-pose,x=-39.50;y=33.84;yaw=0.46
234.066666603,[debug],turtlebot2,simulation,robot-pose,x=-39.50;y=33.84;yaw=0.46
234.083333254,[debug],turtlebot4,simulation,robot-pose,x=-32.91;y=33.97;yaw=-3.07
234.083333254,[debug],turtlebot4,simulation,robot-pose,x=-32.91;y=33.97;yaw=-3.07
234.083333254,[debug],turtlebot3,simulation,robot-pose,x=-37.60;y=21.78;yaw=-2.41
234.083333254,[debug],turtlebot3,simulation,robot-pose,x=-37.60;y=21.78;yaw=-2.41
234.099999905,[debug],turtlebot5,simulation,robot-pose,x=-21.01;y=18.00;yaw=-1.54
234.099999905,[debug],turtlebot5,simulation,robot-pose,x=-21.01;y=18.00;yaw=-1.54
240.516666651,[debug],turtlebot3,move-base-info,Hooray, the base moved arrived,(x=-38;y=21.5)
240.516666651,[debug],turtlebot3,move-base-info,Hooray, the base moved arrived,(x=-38;y=21.5)
240.666666746,[debug],turtlebot3,task-update,navigation,way-point-reached,100.0%
240.75,[debug],turtlebot3,available-skills,['send_message', 'wait_message', 'approach_person', 'approach_robot', 'authenticate_person', 'deposit', 'navigation', 'operate_drawer', 'pick_up'],
240.75,[info],turtlebot3,skill-life-cycle,approach_person,(status=STARTED, parameters=['nurse'])
240.816666603,[debug],turtlebot3,task-update,approach_person,localize-person,(who=nurse)
241.116666555,[debug],turtlebot3,task-update,approach_person,goto-person,(who=nurse)
241.200000048,[debug],turtlebot3,available-skills,['send_message', 'wait_message', 'approach_person', 'approach_robot', 'authenticate_person', 'deposit', 'navigation', 'operate_drawer', 'pick_up'],
241.200000048,[info],turtlebot3,skill-life-cycle,authenticate_person,(status=STARTED, parameters=['nurse'])
241.266666651,[debug],turtlebot3,task-update,authenticate_person,request-authentication,(to=nurse)
241.283333302,[info],nurse,sync,received-request,(status=sending-request)
241.299999952,[info],nurse,sync,received-request,(status=sending-request)
241.966666698,[debug],turtlebot3,task-update,authenticate_person,received-authentication,(from=nurse)
242.049999952,[debug],turtlebot3,available-skills,['send_message', 'wait_message', 'approach_person', 'approach_robot', 'authenticate_person', 'deposit', 'navigation', 'operate_drawer', 'pick_up'],
242.049999952,[info],turtlebot3,skill-life-cycle,operate_drawer,(status=STARTED, parameters=['open'])
242.099999905,[debug],turtlebot3,task-update,operate_drawer,open
243.133333445,[debug],turtlebot3,available-skills,['send_message', 'wait_message', 'approach_person', 'approach_robot', 'authenticate_person', 'deposit', 'navigation', 'operate_drawer', 'pick_up'],
243.133333445,[info],turtlebot3,skill-life-cycle,send_message,(status=STARTED, parameters=['nurse'])
243.25,[info],turtlebot3,sync,send-message,(to=nurse)
244.183333397,[info],nurse,sync,wait-message,(status=message-received)
244.283333302,[info],nurse,sync,wait-message,(status=message-received)
247.0,[debug],turtlebot3,available-skills,['send_message', 'wait_message', 'approach_person', 'approach_robot', 'authenticate_person', 'deposit', 'navigation', 'operate_drawer', 'pick_up'],
247.0,[info],turtlebot3,skill-life-cycle,wait_message,(status=STARTED, parameters=['r1'])
248.383333445,[info],turtlebot3,sync,wait-message,(status=message-received)
248.483333349,[debug],turtlebot3,available-skills,['send_message', 'wait_message', 'approach_person', 'approach_robot', 'authenticate_person', 'deposit', 'navigation', 'operate_drawer', 'pick_up'],
248.483333349,[info],turtlebot3,skill-life-cycle,operate_drawer,(status=STARTED, parameters=['close'])
248.549999952,[debug],turtlebot3,task-update,operate_drawer,close
248.733333349,[debug],turtlebot1,simulation,robot-pose,x=-13.47;y=17.96;yaw=-1.23
248.733333349,[debug],turtlebot1,simulation,robot-pose,x=-13.47;y=17.96;yaw=-1.23
249.066666603,[debug],turtlebot2,simulation,robot-pose,x=-39.50;y=33.84;yaw=0.46
249.066666603,[debug],turtlebot2,simulation,robot-pose,x=-39.50;y=33.84;yaw=0.46
249.083333254,[debug],turtlebot3,simulation,robot-pose,x=-37.66;y=21.76;yaw=-0.04
249.083333254,[debug],turtlebot3,simulation,robot-pose,x=-37.66;y=21.76;yaw=-0.04
249.083333254,[debug],turtlebot4,simulation,robot-pose,x=-32.91;y=33.97;yaw=-3.06
249.083333254,[debug],turtlebot4,simulation,robot-pose,x=-32.91;y=33.97;yaw=-3.06
249.099999905,[debug],turtlebot5,simulation,robot-pose,x=-21.02;y=18.00;yaw=-1.54
249.099999905,[debug],turtlebot5,simulation,robot-pose,x=-21.02;y=18.00;yaw=-1.54
249.533333302,[debug],turtlebot3,available-skills,['send_message', 'wait_message', 'approach_person', 'approach_robot', 'authenticate_person', 'deposit', 'navigation', 'operate_drawer', 'pick_up'],
249.533333302,[info],turtlebot3,skill-life-cycle,navigation,(status=STARTED, parameters=[[-37.0, 21.5, -1.5707963267948966, True], [-37.0, 16.0, 0.0, True], [-26.0, 16.0, -1.5707963267948966, True], [-26.0, 13.0, 1.57, False]])
254.183333397,[info],nurse,sync,wait-message,(status=message-received)
254.316666603,[info],nurse,sync,wait-message,(status=message-received)
260.383333445,[debug],turtlebot3,move-base-info,Hooray, the base moved arrived,(x=-37;y=21.5)
260.383333445,[debug],turtlebot3,move-base-info,Hooray, the base moved arrived,(x=-37;y=21.5)
260.433333397,[debug],turtlebot3,task-update,navigation,way-point-reached,25.0%
261.266666651,[info],nurse,sync,request-sent,(status=waiting)
261.333333254,[info],nurse,sync,request-sent,(status=waiting)
263.733333349,[debug],turtlebot1,simulation,robot-pose,x=-13.46;y=17.95;yaw=-1.21
263.733333349,[debug],turtlebot1,simulation,robot-pose,x=-13.46;y=17.95;yaw=-1.21
264.066666603,[debug],turtlebot2,simulation,robot-pose,x=-39.50;y=33.84;yaw=0.46
264.066666603,[debug],turtlebot2,simulation,robot-pose,x=-39.50;y=33.84;yaw=0.46
264.099999905,[debug],turtlebot4,simulation,robot-pose,x=-32.91;y=33.97;yaw=-3.06
264.099999905,[debug],turtlebot4,simulation,robot-pose,x=-32.91;y=33.97;yaw=-3.06
264.099999905,[debug],turtlebot3,simulation,robot-pose,x=-37.41;y=21.74;yaw=-1.52
264.099999905,[debug],turtlebot3,simulation,robot-pose,x=-37.41;y=21.74;yaw=-1.52
264.099999905,[debug],turtlebot5,simulation,robot-pose,x=-21.02;y=18.00;yaw=-1.54
264.099999905,[debug],turtlebot5,simulation,robot-pose,x=-21.02;y=18.00;yaw=-1.54
264.183333397,[info],nurse,sync,wait-message,(status=message-received)
264.299999952,[info],nurse,sync,wait-message,(status=message-received)
268.683333397,[info],turtlebot3,skill-life-cycle,navigation,(status=RUNNING, parameters=[[-37.0, 21.5, -1.5707963267948966, True], [-37.0, 16.0, 0.0, True], [-26.0, 16.0, -1.5707963267948966, True], [-26.0, 13.0, 1.57, False]])
274.183333397,[info],nurse,sync,wait-message,(status=message-received)
274.349999905,[info],nurse,sync,wait-message,(status=message-received)
278.733333349,[debug],turtlebot1,simulation,robot-pose,x=-13.46;y=17.95;yaw=-1.20
278.733333349,[debug],turtlebot1,simulation,robot-pose,x=-13.46;y=17.95;yaw=-1.20
279.066666603,[debug],turtlebot2,simulation,robot-pose,x=-39.50;y=33.84;yaw=0.46
279.066666603,[debug],turtlebot2,simulation,robot-pose,x=-39.50;y=33.84;yaw=0.46
279.083333254,[debug],turtlebot3,simulation,robot-pose,x=-37.05;y=19.88;yaw=-1.62
279.083333254,[debug],turtlebot3,simulation,robot-pose,x=-37.05;y=19.88;yaw=-1.62
279.083333254,[debug],turtlebot4,simulation,robot-pose,x=-32.92;y=33.98;yaw=-3.05
279.083333254,[debug],turtlebot4,simulation,robot-pose,x=-32.92;y=33.98;yaw=-3.05
279.099999905,[debug],turtlebot5,simulation,robot-pose,x=-21.03;y=18.00;yaw=-1.54
279.099999905,[debug],turtlebot5,simulation,robot-pose,x=-21.03;y=18.00;yaw=-1.54
293.733333349,[debug],turtlebot1,simulation,robot-pose,x=-13.45;y=17.95;yaw=-1.18
293.733333349,[debug],turtlebot1,simulation,robot-pose,x=-13.45;y=17.95;yaw=-1.18
294.066666603,[debug],turtlebot2,simulation,robot-pose,x=-39.50;y=33.84;yaw=0.46
294.066666603,[debug],turtlebot2,simulation,robot-pose,x=-39.50;y=33.84;yaw=0.46
294.083333254,[debug],turtlebot4,simulation,robot-pose,x=-32.92;y=33.98;yaw=-3.05
294.083333254,[debug],turtlebot4,simulation,robot-pose,x=-32.92;y=33.98;yaw=-3.05
294.083333254,[debug],turtlebot3,simulation,robot-pose,x=-37.04;y=17.39;yaw=-1.63
294.083333254,[debug],turtlebot3,simulation,robot-pose,x=-37.04;y=17.39;yaw=-1.63
294.099999905,[debug],turtlebot5,simulation,robot-pose,x=-21.03;y=18.00;yaw=-1.54
294.099999905,[debug],turtlebot5,simulation,robot-pose,x=-21.03;y=18.00;yaw=-1.54
304.516666651,[debug],turtlebot3,move-base-info,Hooray, the base moved arrived,(x=-37;y=16)
304.516666651,[debug],turtlebot3,move-base-info,Hooray, the base moved arrived,(x=-37;y=16)
304.683333397,[debug],turtlebot3,task-update,navigation,way-point-reached,50.0%
308.733333349,[debug],turtlebot1,simulation,robot-pose,x=-13.45;y=17.94;yaw=-1.16
308.733333349,[debug],turtlebot1,simulation,robot-pose,x=-13.45;y=17.94;yaw=-1.16
309.066666603,[debug],turtlebot2,simulation,robot-pose,x=-39.50;y=33.84;yaw=0.46
309.066666603,[debug],turtlebot2,simulation,robot-pose,x=-39.50;y=33.84;yaw=0.46
309.083333254,[debug],turtlebot3,simulation,robot-pose,x=-37.30;y=16.37;yaw=-0.04
309.083333254,[debug],turtlebot3,simulation,robot-pose,x=-37.30;y=16.37;yaw=-0.04
309.083333254,[debug],turtlebot4,simulation,robot-pose,x=-32.92;y=33.98;yaw=-3.06
309.083333254,[debug],turtlebot4,simulation,robot-pose,x=-32.92;y=33.98;yaw=-3.06
309.099999905,[debug],turtlebot5,simulation,robot-pose,x=-21.03;y=18.00;yaw=-1.54
309.099999905,[debug],turtlebot5,simulation,robot-pose,x=-21.03;y=18.00;yaw=-1.54
320.150000095,[info],turtlebot3,skill-life-cycle,navigation,(status=RUNNING, parameters=[[-37.0, 21.5, -1.5707963267948966, True], [-37.0, 16.0, 0.0, True], [-26.0, 16.0, -1.5707963267948966, True], [-26.0, 13.0, 1.57, False]])
323.733333349,[debug],turtlebot1,simulation,robot-pose,x=-13.45;y=17.94;yaw=-1.14
323.733333349,[debug],turtlebot1,simulation,robot-pose,x=-13.45;y=17.94;yaw=-1.14
324.066666603,[debug],turtlebot2,simulation,robot-pose,x=-39.50;y=33.84;yaw=0.46
324.066666603,[debug],turtlebot2,simulation,robot-pose,x=-39.50;y=33.84;yaw=0.46
324.083333254,[debug],turtlebot4,simulation,robot-pose,x=-32.92;y=33.98;yaw=-3.06
324.083333254,[debug],turtlebot4,simulation,robot-pose,x=-32.92;y=33.98;yaw=-3.06
324.083333254,[debug],turtlebot3,simulation,robot-pose,x=-36.23;y=15.60;yaw=-0.55
324.083333254,[debug],turtlebot3,simulation,robot-pose,x=-36.23;y=15.60;yaw=-0.55
324.099999905,[debug],turtlebot5,simulation,robot-pose,x=-21.03;y=18.00;yaw=-1.54
324.099999905,[debug],turtlebot5,simulation,robot-pose,x=-21.03;y=18.00;yaw=-1.54
338.733333349,[debug],turtlebot1,simulation,robot-pose,x=-13.44;y=17.94;yaw=-1.13
338.733333349,[debug],turtlebot1,simulation,robot-pose,x=-13.44;y=17.94;yaw=-1.13
339.066666603,[debug],turtlebot2,simulation,robot-pose,x=-39.50;y=33.84;yaw=0.46
339.066666603,[debug],turtlebot2,simulation,robot-pose,x=-39.50;y=33.84;yaw=0.46
339.083333254,[debug],turtlebot3,simulation,robot-pose,x=-35.01;y=15.29;yaw=0.02
339.083333254,[debug],turtlebot3,simulation,robot-pose,x=-35.01;y=15.29;yaw=0.02
339.083333254,[debug],turtlebot4,simulation,robot-pose,x=-32.93;y=33.98;yaw=-3.06
339.083333254,[debug],turtlebot4,simulation,robot-pose,x=-32.93;y=33.98;yaw=-3.06
339.099999905,[debug],turtlebot5,simulation,robot-pose,x=-21.03;y=18.00;yaw=-1.54
339.099999905,[debug],turtlebot5,simulation,robot-pose,x=-21.03;y=18.00;yaw=-1.54
353.733333349,[debug],turtlebot1,simulation,robot-pose,x=-13.44;y=17.94;yaw=-1.12
353.733333349,[debug],turtlebot1,simulation,robot-pose,x=-13.44;y=17.94;yaw=-1.12
354.066666603,[debug],turtlebot2,simulation,robot-pose,x=-39.50;y=33.84;yaw=0.46
354.066666603,[debug],turtlebot2,simulation,robot-pose,x=-39.50;y=33.84;yaw=0.46
354.083333254,[debug],turtlebot3,simulation,robot-pose,x=-33.76;y=15.30;yaw=-0.01
354.083333254,[debug],turtlebot3,simulation,robot-pose,x=-33.76;y=15.30;yaw=-0.01
354.083333254,[debug],turtlebot4,simulation,robot-pose,x=-32.93;y=33.98;yaw=-3.06
354.083333254,[debug],turtlebot4,simulation,robot-pose,x=-32.93;y=33.98;yaw=-3.06
354.099999905,[debug],turtlebot5,simulation,robot-pose,x=-21.03;y=18.00;yaw=-1.54
354.099999905,[debug],turtlebot5,simulation,robot-pose,x=-21.03;y=18.00;yaw=-1.54
368.733333349,[debug],turtlebot1,simulation,robot-pose,x=-13.44;y=17.94;yaw=-1.12
368.733333349,[debug],turtlebot1,simulation,robot-pose,x=-13.44;y=17.94;yaw=-1.12
369.066666603,[debug],turtlebot2,simulation,robot-pose,x=-39.50;y=33.84;yaw=0.46
369.066666603,[debug],turtlebot2,simulation,robot-pose,x=-39.50;y=33.84;yaw=0.46
369.083333254,[debug],turtlebot4,simulation,robot-pose,x=-32.93;y=33.98;yaw=-3.06
369.083333254,[debug],turtlebot4,simulation,robot-pose,x=-32.93;y=33.98;yaw=-3.06
369.083333254,[debug],turtlebot3,simulation,robot-pose,x=-32.51;y=15.31;yaw=-0.03
369.083333254,[debug],turtlebot3,simulation,robot-pose,x=-32.51;y=15.31;yaw=-0.03
369.099999905,[debug],turtlebot5,simulation,robot-pose,x=-21.03;y=18.00;yaw=-1.54
369.099999905,[debug],turtlebot5,simulation,robot-pose,x=-21.03;y=18.00;yaw=-1.54
370.416666746,[info],turtlebot3,skill-life-cycle,navigation,(status=RUNNING, parameters=[[-37.0, 21.5, -1.5707963267948966, True], [-37.0, 16.0, 0.0, True], [-26.0, 16.0, -1.5707963267948966, True], [-26.0, 13.0, 1.57, False]])
383.733333349,[debug],turtlebot1,simulation,robot-pose,x=-13.44;y=17.93;yaw=-1.11
383.733333349,[debug],turtlebot1,simulation,robot-pose,x=-13.44;y=17.93;yaw=-1.11
384.066666603,[debug],turtlebot2,simulation,robot-pose,x=-39.50;y=33.84;yaw=0.46
384.066666603,[debug],turtlebot2,simulation,robot-pose,x=-39.50;y=33.84;yaw=0.46
384.083333254,[debug],turtlebot4,simulation,robot-pose,x=-32.93;y=33.98;yaw=-3.06
384.083333254,[debug],turtlebot4,simulation,robot-pose,x=-32.93;y=33.98;yaw=-3.06
384.083333254,[debug],turtlebot3,simulation,robot-pose,x=-31.26;y=15.32;yaw=-0.04
384.083333254,[debug],turtlebot3,simulation,robot-pose,x=-31.26;y=15.32;yaw=-0.04
384.099999905,[debug],turtlebot5,simulation,robot-pose,x=-21.03;y=18.00;yaw=-1.54
384.099999905,[debug],turtlebot5,simulation,robot-pose,x=-21.03;y=18.00;yaw=-1.54
398.733333349,[debug],turtlebot1,simulation,robot-pose,x=-13.43;y=17.93;yaw=-1.10
398.733333349,[debug],turtlebot1,simulation,robot-pose,x=-13.43;y=17.93;yaw=-1.10
399.066666603,[debug],turtlebot2,simulation,robot-pose,x=-39.50;y=33.84;yaw=0.46
399.066666603,[debug],turtlebot2,simulation,robot-pose,x=-39.50;y=33.84;yaw=0.46
399.083333254,[debug],turtlebot3,simulation,robot-pose,x=-30.01;y=15.30;yaw=-0.00
399.083333254,[debug],turtlebot4,simulation,robot-pose,x=-32.93;y=33.98;yaw=-3.06
399.083333254,[debug],turtlebot3,simulation,robot-pose,x=-30.01;y=15.30;yaw=-0.00
399.083333254,[debug],turtlebot4,simulation,robot-pose,x=-32.93;y=33.98;yaw=-3.06
399.099999905,[debug],turtlebot5,simulation,robot-pose,x=-21.03;y=18.00;yaw=-1.54
399.099999905,[debug],turtlebot5,simulation,robot-pose,x=-21.03;y=18.00;yaw=-1.54
413.733333349,[debug],turtlebot1,simulation,robot-pose,x=-13.43;y=17.93;yaw=-1.10
413.733333349,[debug],turtlebot1,simulation,robot-pose,x=-13.43;y=17.93;yaw=-1.10
414.066666603,[debug],turtlebot2,simulation,robot-pose,x=-39.50;y=33.84;yaw=0.46
414.066666603,[debug],turtlebot2,simulation,robot-pose,x=-39.50;y=33.84;yaw=0.46
414.083333254,[debug],turtlebot3,simulation,robot-pose,x=-28.76;y=15.33;yaw=0.11
414.083333254,[debug],turtlebot3,simulation,robot-pose,x=-28.76;y=15.33;yaw=0.11
414.083333254,[debug],turtlebot4,simulation,robot-pose,x=-32.93;y=33.98;yaw=-3.06
414.083333254,[debug],turtlebot4,simulation,robot-pose,x=-32.93;y=33.98;yaw=-3.06
414.099999905,[debug],turtlebot5,simulation,robot-pose,x=-21.03;y=18.00;yaw=-1.54
414.099999905,[debug],turtlebot5,simulation,robot-pose,x=-21.03;y=18.00;yaw=-1.54
420.466666698,[info],turtlebot3,skill-life-cycle,navigation,(status=RUNNING, parameters=[[-37.0, 21.5, -1.5707963267948966, True], [-37.0, 16.0, 0.0, True], [-26.0, 16.0, -1.5707963267948966, True], [-26.0, 13.0, 1.57, False]])
428.733333349,[debug],turtlebot1,simulation,robot-pose,x=-13.43;y=17.93;yaw=-1.10
428.733333349,[debug],turtlebot1,simulation,robot-pose,x=-13.43;y=17.93;yaw=-1.10
429.066666603,[debug],turtlebot2,simulation,robot-pose,x=-39.50;y=33.84;yaw=0.46
429.066666603,[debug],turtlebot2,simulation,robot-pose,x=-39.50;y=33.84;yaw=0.46
429.099999905,[debug],turtlebot4,simulation,robot-pose,x=-32.93;y=33.98;yaw=-3.06
429.099999905,[debug],turtlebot4,simulation,robot-pose,x=-32.93;y=33.98;yaw=-3.06
429.099999905,[debug],turtlebot3,simulation,robot-pose,x=-27.52;y=15.66;yaw=0.30
429.099999905,[debug],turtlebot5,simulation,robot-pose,x=-21.03;y=18.00;yaw=-1.54
429.099999905,[debug],turtlebot3,simulation,robot-pose,x=-27.52;y=15.66;yaw=0.30
429.099999905,[debug],turtlebot5,simulation,robot-pose,x=-21.03;y=18.00;yaw=-1.54
443.733333349,[debug],turtlebot1,simulation,robot-pose,x=-13.42;y=17.93;yaw=-1.09
443.733333349,[debug],turtlebot1,simulation,robot-pose,x=-13.42;y=17.93;yaw=-1.09
444.066666603,[debug],turtlebot2,simulation,robot-pose,x=-39.50;y=33.84;yaw=0.46
444.066666603,[debug],turtlebot2,simulation,robot-pose,x=-39.50;y=33.84;yaw=0.46
444.083333254,[debug],turtlebot3,simulation,robot-pose,x=-26.47;y=15.99;yaw=-0.81
444.083333254,[debug],turtlebot3,simulation,robot-pose,x=-26.47;y=15.99;yaw=-0.81
444.083333254,[debug],turtlebot4,simulation,robot-pose,x=-32.93;y=33.98;yaw=-3.06
444.083333254,[debug],turtlebot4,simulation,robot-pose,x=-32.93;y=33.98;yaw=-3.06
444.099999905,[debug],turtlebot5,simulation,robot-pose,x=-21.03;y=18.00;yaw=-1.54
444.099999905,[debug],turtlebot5,simulation,robot-pose,x=-21.03;y=18.00;yaw=-1.54
446.366666555,[debug],turtlebot3,move-base-info,Hooray, the base moved arrived,(x=-26;y=16)
446.366666555,[debug],turtlebot3,move-base-info,Hooray, the base moved arrived,(x=-26;y=16)
446.483333349,[debug],turtlebot3,task-update,navigation,way-point-reached,75.0%
458.733333349,[debug],turtlebot1,simulation,robot-pose,x=-13.42;y=17.92;yaw=-1.07
458.733333349,[debug],turtlebot1,simulation,robot-pose,x=-13.42;y=17.92;yaw=-1.07
459.066666603,[debug],turtlebot2,simulation,robot-pose,x=-39.50;y=33.84;yaw=0.46
459.066666603,[debug],turtlebot2,simulation,robot-pose,x=-39.50;y=33.84;yaw=0.46
459.083333254,[debug],turtlebot4,simulation,robot-pose,x=-32.93;y=33.98;yaw=-3.06
459.083333254,[debug],turtlebot4,simulation,robot-pose,x=-32.93;y=33.98;yaw=-3.06
459.083333254,[debug],turtlebot3,simulation,robot-pose,x=-26.18;y=15.05;yaw=-1.55
459.083333254,[debug],turtlebot3,simulation,robot-pose,x=-26.18;y=15.05;yaw=-1.55
459.099999905,[debug],turtlebot5,simulation,robot-pose,x=-21.03;y=18.00;yaw=-1.54
459.099999905,[debug],turtlebot5,simulation,robot-pose,x=-21.03;y=18.00;yaw=-1.54
471.683333397,[info],turtlebot3,skill-life-cycle,navigation,(status=RUNNING, parameters=[[-37.0, 21.5, -1.5707963267948966, True], [-37.0, 16.0, 0.0, True], [-26.0, 16.0, -1.5707963267948966, True], [-26.0, 13.0, 1.57, False]])
473.733333349,[debug],turtlebot1,simulation,robot-pose,x=-13.42;y=17.92;yaw=-1.06
473.733333349,[debug],turtlebot1,simulation,robot-pose,x=-13.42;y=17.92;yaw=-1.06
474.066666603,[debug],turtlebot2,simulation,robot-pose,x=-39.50;y=33.84;yaw=0.46
474.066666603,[debug],turtlebot2,simulation,robot-pose,x=-39.50;y=33.84;yaw=0.46
474.083333254,[debug],turtlebot4,simulation,robot-pose,x=-32.93;y=33.98;yaw=-3.06
474.083333254,[debug],turtlebot3,simulation,robot-pose,x=-25.98;y=14.07;yaw=-1.21
474.083333254,[debug],turtlebot4,simulation,robot-pose,x=-32.93;y=33.98;yaw=-3.06
474.083333254,[debug],turtlebot3,simulation,robot-pose,x=-25.98;y=14.07;yaw=-1.21
474.099999905,[debug],turtlebot5,simulation,robot-pose,x=-21.03;y=18.00;yaw=-1.54
474.099999905,[debug],turtlebot5,simulation,robot-pose,x=-21.03;y=18.00;yaw=-1.54
486.150000095,[debug],turtlebot3,move-base-info,Hooray, the base moved arrived,(x=-26;y=13)
486.150000095,[debug],turtlebot3,move-base-info,Hooray, the base moved arrived,(x=-26;y=13)
486.383333445,[debug],turtlebot3,task-update,navigation,way-point-reached,100.0%
486.483333349,[debug],turtlebot3,available-skills,['send_message', 'wait_message', 'approach_person', 'approach_robot', 'authenticate_person', 'deposit', 'navigation', 'operate_drawer', 'pick_up'],
486.483333349,[info],turtlebot3,skill-life-cycle,approach_robot,(status=STARTED, parameters=['lab_arm'])
486.566666603,[debug],turtlebot3,task-update,approach_robot,localize-robot,(who=lab_arm)
486.666666746,[debug],turtlebot3,task-update,approach_robot,goto-robot,(who=lab_arm)
486.766666651,[debug],turtlebot3,available-skills,['send_message', 'wait_message', 'approach_person', 'approach_robot', 'authenticate_person', 'deposit', 'navigation', 'operate_drawer', 'pick_up'],
486.766666651,[info],turtlebot3,skill-life-cycle,operate_drawer,(status=STARTED, parameters=['open'])
486.799999952,[debug],turtlebot3,task-update,operate_drawer,open
487.816666603,[debug],turtlebot3,available-skills,['send_message', 'wait_message', 'approach_person', 'approach_robot', 'authenticate_person', 'deposit', 'navigation', 'operate_drawer', 'pick_up'],
487.816666603,[info],turtlebot3,skill-life-cycle,send_message,(status=STARTED, parameters=['lab_arm'])
487.883333445,[info],turtlebot3,sync,send-message,(to=lab_arm)
488.733333349,[debug],turtlebot1,simulation,robot-pose,x=-13.42;y=17.92;yaw=-1.05
488.733333349,[debug],turtlebot1,simulation,robot-pose,x=-13.42;y=17.92;yaw=-1.05
488.799999952,[info],lab_arm,sync,wait-message,(status=message-received)
488.799999952,[info],lab_arm,sync,wait-message,(status=message-received)
488.799999952,[info],Inventory,sync,wait-sample,(status=sample-received)
488.799999952,ENDSIM
488.799999952,[info],Inventory,sync,wait-sample,(status=sample-received)
488.799999952,ENDSIM
489.066666603,[debug],turtlebot2,simulation,robot-pose,x=-39.50;y=33.84;yaw=0.46
489.066666603,[debug],turtlebot2,simulation,robot-pose,x=-39.50;y=33.84;yaw=0.46
489.083333254,[debug],turtlebot3,simulation,robot-pose,x=-25.91;y=13.39;yaw=1.62
489.083333254,[debug],turtlebot3,simulation,robot-pose,x=-25.91;y=13.39;yaw=1.62
489.083333254,[debug],turtlebot4,simulation,robot-pose,x=-32.93;y=33.98;yaw=-3.06
489.083333254,[debug],turtlebot4,simulation,robot-pose,x=-32.93;y=33.98;yaw=-3.06
489.099999905,[debug],turtlebot5,simulation,robot-pose,x=-21.03;y=18.00;yaw=-1.54
489.099999905,[debug],turtlebot5,simulation,robot-pose,x=-21.03;y=18.00;yaw=-1.54
498.783333302,[info],Inventory,sync,wait-sample,(status=sample-received)
498.783333302,ENDSIM
498.783333302,[info],Inventory,sync,wait-sample,(status=sample-received)
498.783333302,ENDSIM
498.783333302,[info],lab_arm,sync,wait-message,(status=message-received)
498.783333302,[info],lab_arm,sync,wait-message,(status=message-received)
498.783333302,[info],Inventory,sync,wait-sample,(status=sample-received)
498.783333302,[info],Inventory,sync,wait-sample,(status=sample-received)
498.783333302,ENDSIM
498.783333302,ENDSIM
0.0,[debug],simulation closed,reach-target,execution-wall-clock=595.6313698291779
