0.00, [DEBUG], logger, ROBOTS_CONFIG=[{"avg_speed": 0.15, "battery_charge": 0.23995139509475963, "battery_discharge_rate": 0.00068, "id": 1, "local_plan": [["navigation", ["IC Room 2", [[-27.23, 18.0, -1.57], [-27.23, 16.0], [-37.0, 16.0], [-37.0, 21.5], [-38.0, 21.5, 0.0]]], "navto_room"], ["approach_person", ["nurse"], "approach_nurse"], ["authenticate_person", ["nurse"], "authenticate_nurse"], ["operate_drawer", ["open"], "open_drawer_for_nurse"], ["send_message", ["nurse"], "notify_nurse_of_open_drawer_for_nurse_completed"], ["wait_message", ["nurse"], "wait_nurse_to_complete_deposit"], ["operate_drawer", ["close"], "close_drawer_nurse"], ["navigation", ["Laboratory", [[-38.0, 21.5, 0.0], [-37.0, 21.5], [-37.0, 16.0], [-26.0, 16.0], [-26.0, 13.0, 1.57]]], "navto_lab"], ["approach_robot", ["lab_arm"], "approach_arm"], ["operate_drawer", ["open"], "open_drawer_lab"], ["send_message", ["lab_arm"], "notify_lab_arm_of_open_drawer_lab_completed"], ["wait_message", ["lab_arm"], "wait_lab_arm_to_complete_pick_up_sample"], ["operate_drawer", ["close"], "close_drawer_lab"]], "location": "PC Room 4", "name": "r1", "position": [-27.23, 18.0, -1.57], "skills": ["approach_person", "approach_robot", "navigation", "operate_drawer"]}, {"avg_speed": 0.15, "battery_charge": 0.634952869577942, "battery_discharge_rate": 0.0006000000000000001, "id": 2, "local_plan": null, "location": "PC Room 6", "name": "r2", "position": [-19.0, 18.0, -1.57], "skills": ["approach_person", "approach_robot", "authenticate_person", "navigation", "operate_drawer"]}, {"avg_speed": 0.15, "battery_charge": 0.08039941318304296, "battery_discharge_rate": 0.0004, "id": 3, "local_plan": null, "location": "PC Room 7", "name": "r3", "position": [-13.5, 18.0, -1.57], "skills": ["approach_person", "approach_robot", "navigation", "operate_drawer"]}, {"avg_speed": 0.15, "battery_charge": 0.17496190705907763, "battery_discharge_rate": 0.00026000000000000003, "id": 4, "local_plan": null, "location": "IC Room 5", "name": "r4", "position": [-32.88, 33.98, 3.14], "skills": ["approach_person", "approach_robot", "authenticate_person", "navigation", "operate_drawer"]}, {"avg_speed": 0.15, "battery_charge": 0.7179616530181877, "battery_discharge_rate": 0.00042, "id": 5, "local_plan": null, "location": "PC Room 8", "name": "r5", "position": [-11.5, 18.0, -1.57], "skills": ["approach_person", "authenticate_person", "navigation", "operate_drawer"]}, {"avg_speed": 0.15, "battery_charge": 0.5408465660492595, "battery_discharge_rate": 0.0005200000000000001, "id": 6, "local_plan": null, "location": "IC Room 6", "name": "r6", "position": [-33.9, 18.93, 3.14], "skills": ["approach_person", "approach_robot", "navigation", "operate_drawer"]}]
0.00, [DEBUG], logger, NURSES_CONFIG=[{"location": "IC Room 2", "position": [-39.0, 20.5, 0.0]}]
0.00, [DEBUG], logger, Simulation open
0.00, [DEBUG], logger, subcribing to in the topic /log
1.55, [DEBUG], None, [debug],turtlebot6,move-base-info,Move_base is up and ok....,
1.57, [DEBUG], None, [debug],turtlebot2,move-base-info,Move_base is up and ok....,
1.57, [DEBUG], None, [debug],turtlebot4,move-base-info,Move_base is up and ok....,
1.57, [DEBUG], None, [debug],turtlebot3,move-base-info,Move_base is up and ok....,
4.48, [DEBUG], None, [debug],turtlebot1,move-base-info,Move_base is up and ok....,
4.82, [DEBUG], None, [debug],turtlebot5,move-base-info,Move_base is up and ok....,
9.13, [DEBUG], turtlebot3, {"param_list": [], "skill": "init_robobt", "skill-life-cycle": "RUNNING", "label": "init_robobt"}
9.83, [DEBUG], turtlebot4, {"param_list": [], "skill": "init_robobt", "skill-life-cycle": "RUNNING", "label": "init_robobt"}
10.22, [DEBUG], turtlebot6, {"param_list": [], "skill": "init_robobt", "skill-life-cycle": "SUCCESS", "label": "init_robobt"}
10.58, [DEBUG], turtlebot2, {"param_list": [], "skill": "init_robobt", "skill-life-cycle": "RUNNING", "label": "init_robobt"}
10.60, [DEBUG], turtlebot3, {"param_list": [], "skill": "init_robobt", "skill-life-cycle": "SUCCESS", "label": "init_robobt"}
10.82, [DEBUG], turtlebot4, {"param_list": [], "skill": "init_robobt", "skill-life-cycle": "SUCCESS", "label": "init_robobt"}
10.87, [DEBUG], turtlebot1, {"param_list": [], "skill": "init_robobt", "skill-life-cycle": "RUNNING", "label": "init_robobt"}
10.88, [DEBUG], turtlebot5, {"param_list": [], "skill": "init_robobt", "skill-life-cycle": "RUNNING", "label": "init_robobt"}
14.05, [DEBUG], turtlebot2, {"param_list": [], "skill": "init_robobt", "skill-life-cycle": "SUCCESS", "label": "init_robobt"}
15.22, [DEBUG], turtlebot1, {"param_list": [], "skill": "init_robobt", "skill-life-cycle": "SUCCESS", "label": "init_robobt"}
15.22, [DEBUG], turtlebot1, "available-skills=['send_message', 'wait_message', 'approach_person', 'approach_robot', 'navigation', 'operate_drawer']"
15.22, [DEBUG], turtlebot1, {"param_list": ["IC Room 2", [[-27.23, 16.0, 3.141592653589793, true], [-37.0, 16.0, 1.5707963267948966, true], [-37.0, 21.5, 3.141592653589793, true], [-38.0, 21.5, 0.0, false]]], "skill": "navigation", "skill-life-cycle": "STARTED", "label": "navto_room"}
15.25, [DEBUG], turtlebot5, {"param_list": [], "skill": "init_robobt", "skill-life-cycle": "SUCCESS", "label": "init_robobt"}
22.07, [INFO], turtlebot1, {"battery-level": "23.09%"}
22.07, [INFO], turtlebot1, {"battery-level": "23.09%"}
22.07, [INFO], turtlebot1, {"y": "17.79", "x": "-27.20", "yaw": "-1.39"}
22.07, [INFO], turtlebot1, {"y": "17.79", "x": "-27.20", "yaw": "-1.39"}
22.08, [INFO], turtlebot2, {"y": "17.99", "x": "-19.02", "yaw": "-1.38"}
22.08, [INFO], turtlebot2, {"y": "17.99", "x": "-19.02", "yaw": "-1.38"}
22.10, [INFO], turtlebot3, {"y": "18.00", "x": "-13.50", "yaw": "-1.50"}
22.15, [INFO], turtlebot4, {"y": "33.97", "x": "-32.89", "yaw": "-3.10"}
22.15, [INFO], turtlebot5, {"y": "17.82", "x": "-11.46", "yaw": "-1.25"}
22.17, [INFO], turtlebot6, {"y": "18.78", "x": "-33.83", "yaw": "2.80"}
22.28, [INFO], turtlebot3, {"y": "18.00", "x": "-13.50", "yaw": "-1.50"}
22.28, [INFO], turtlebot4, {"y": "33.97", "x": "-32.89", "yaw": "-3.10"}
22.28, [INFO], turtlebot5, {"y": "17.82", "x": "-11.46", "yaw": "-1.25"}
22.30, [INFO], turtlebot6, {"y": "18.78", "x": "-33.83", "yaw": "2.80"}
37.07, [INFO], turtlebot1, {"y": "16.54", "x": "-27.18", "yaw": "-1.68"}
37.07, [INFO], turtlebot1, {"y": "16.54", "x": "-27.18", "yaw": "-1.68"}
37.07, [INFO], turtlebot1, {"battery-level": "21.97%"}
37.07, [INFO], turtlebot1, {"battery-level": "21.97%"}
37.08, [INFO], turtlebot2, {"y": "17.99", "x": "-19.01", "yaw": "-1.38"}
37.08, [INFO], turtlebot2, {"y": "17.99", "x": "-19.01", "yaw": "-1.38"}
37.10, [INFO], turtlebot3, {"y": "18.00", "x": "-13.49", "yaw": "-1.49"}
37.13, [INFO], turtlebot4, {"y": "33.97", "x": "-32.89", "yaw": "-3.10"}
37.15, [INFO], turtlebot5, {"y": "17.82", "x": "-11.46", "yaw": "-1.25"}
37.17, [INFO], turtlebot6, {"y": "18.78", "x": "-33.84", "yaw": "2.82"}
37.28, [INFO], turtlebot3, {"y": "18.00", "x": "-13.49", "yaw": "-1.49"}
37.28, [INFO], turtlebot4, {"y": "33.97", "x": "-32.89", "yaw": "-3.10"}
37.28, [INFO], turtlebot5, {"y": "17.82", "x": "-11.46", "yaw": "-1.25"}
37.28, [INFO], turtlebot6, {"y": "18.78", "x": "-33.84", "yaw": "2.82"}
41.50, [DEBUG], None, [debug],turtlebot1,move-base-info,Hooray, the base moved arrived,(x=-27.23;y=16)
41.50, [DEBUG], None, [debug],turtlebot1,move-base-info,Hooray, the base moved arrived,(x=-27.23;y=16)
41.53, [DEBUG], turtlebot1, {"status": "way-point-reached", "skill": "navigation", "percentage": "25.00%", "goingto": "IC Room 2"}
52.07, [INFO], turtlebot1, {"battery-level": "20.92%"}
52.07, [INFO], turtlebot1, {"battery-level": "20.92%"}
52.07, [INFO], turtlebot1, {"y": "16.20", "x": "-27.94", "yaw": "-2.87"}
52.07, [INFO], turtlebot1, {"y": "16.20", "x": "-27.94", "yaw": "-2.87"}
52.08, [INFO], turtlebot2, {"y": "17.99", "x": "-19.01", "yaw": "-1.38"}
52.08, [INFO], turtlebot2, {"y": "17.99", "x": "-19.01", "yaw": "-1.38"}
52.10, [INFO], turtlebot3, {"y": "18.00", "x": "-13.49", "yaw": "-1.48"}
52.13, [INFO], turtlebot4, {"y": "33.97", "x": "-32.89", "yaw": "-3.10"}
52.15, [INFO], turtlebot5, {"y": "17.82", "x": "-11.46", "yaw": "-1.25"}
52.17, [INFO], turtlebot6, {"y": "18.78", "x": "-33.85", "yaw": "2.84"}
52.28, [INFO], turtlebot3, {"y": "18.00", "x": "-13.49", "yaw": "-1.48"}
52.28, [INFO], turtlebot4, {"y": "33.97", "x": "-32.89", "yaw": "-3.10"}
52.28, [INFO], turtlebot5, {"y": "17.82", "x": "-11.46", "yaw": "-1.25"}
52.30, [INFO], turtlebot6, {"y": "18.78", "x": "-33.85", "yaw": "2.84"}
53.65, [DEBUG], turtlebot1, {"param_list": ["IC Room 2", [[-27.23, 16.0, 3.141592653589793, true], [-37.0, 16.0, 1.5707963267948966, true], [-37.0, 21.5, 3.141592653589793, true], [-38.0, 21.5, 0.0, false]]], "skill": "navigation", "skill-life-cycle": "RUNNING", "label": "navto_room"}
67.07, [INFO], turtlebot1, {"battery-level": "19.94%"}
67.07, [INFO], turtlebot1, {"battery-level": "19.94%"}
67.07, [INFO], turtlebot1, {"y": "16.06", "x": "-30.29", "yaw": "-3.12"}
67.07, [INFO], turtlebot1, {"y": "16.06", "x": "-30.29", "yaw": "-3.12"}
67.08, [INFO], turtlebot2, {"y": "17.99", "x": "-19.01", "yaw": "-1.38"}
67.08, [INFO], turtlebot2, {"y": "17.99", "x": "-19.01", "yaw": "-1.38"}
67.12, [INFO], turtlebot3, {"y": "18.00", "x": "-13.49", "yaw": "-1.47"}
67.13, [INFO], turtlebot4, {"y": "33.97", "x": "-32.89", "yaw": "-3.10"}
67.15, [INFO], turtlebot5, {"y": "17.82", "x": "-11.46", "yaw": "-1.25"}
67.17, [INFO], turtlebot6, {"y": "18.78", "x": "-33.85", "yaw": "2.85"}
67.28, [INFO], turtlebot3, {"y": "18.00", "x": "-13.49", "yaw": "-1.47"}
67.28, [INFO], turtlebot4, {"y": "33.97", "x": "-32.89", "yaw": "-3.10"}
67.28, [INFO], turtlebot5, {"y": "17.82", "x": "-11.46", "yaw": "-1.25"}
67.28, [INFO], turtlebot6, {"y": "18.78", "x": "-33.85", "yaw": "2.85"}
82.07, [INFO], turtlebot1, {"battery-level": "18.89%"}
82.07, [INFO], turtlebot1, {"battery-level": "18.89%"}
82.07, [INFO], turtlebot1, {"y": "15.93", "x": "-32.66", "yaw": "3.03"}
82.07, [INFO], turtlebot1, {"y": "15.93", "x": "-32.66", "yaw": "3.03"}
82.08, [INFO], turtlebot2, {"y": "17.99", "x": "-19.01", "yaw": "-1.38"}
82.08, [INFO], turtlebot2, {"y": "17.99", "x": "-19.01", "yaw": "-1.38"}
82.10, [INFO], turtlebot3, {"y": "17.99", "x": "-13.49", "yaw": "-1.45"}
82.13, [INFO], turtlebot4, {"y": "33.97", "x": "-32.90", "yaw": "-3.10"}
82.15, [INFO], turtlebot5, {"y": "17.82", "x": "-11.46", "yaw": "-1.25"}
82.17, [INFO], turtlebot6, {"y": "18.78", "x": "-33.85", "yaw": "2.87"}
82.28, [INFO], turtlebot3, {"y": "17.99", "x": "-13.49", "yaw": "-1.45"}
82.28, [INFO], turtlebot4, {"y": "33.97", "x": "-32.90", "yaw": "-3.10"}
82.28, [INFO], turtlebot5, {"y": "17.82", "x": "-11.46", "yaw": "-1.25"}
82.30, [INFO], turtlebot6, {"y": "18.78", "x": "-33.85", "yaw": "2.87"}
95.17, [DEBUG], turtlebot1, {"param_list": ["IC Room 2", [[-27.23, 16.0, 3.141592653589793, true], [-37.0, 16.0, 1.5707963267948966, true], [-37.0, 21.5, 3.141592653589793, true], [-38.0, 21.5, 0.0, false]]], "skill": "navigation", "skill-life-cycle": "RUNNING", "label": "navto_room"}
97.07, [INFO], turtlebot1, {"y": "16.25", "x": "-35.37", "yaw": "3.08"}
97.07, [INFO], turtlebot1, {"y": "16.25", "x": "-35.37", "yaw": "3.08"}
97.07, [INFO], turtlebot1, {"battery-level": "17.77%"}
97.07, [INFO], turtlebot1, {"battery-level": "17.77%"}
97.08, [INFO], turtlebot2, {"y": "17.99", "x": "-19.01", "yaw": "-1.38"}
97.08, [INFO], turtlebot2, {"y": "17.99", "x": "-19.01", "yaw": "-1.38"}
97.10, [INFO], turtlebot3, {"y": "17.99", "x": "-13.49", "yaw": "-1.44"}
97.13, [INFO], turtlebot4, {"y": "33.97", "x": "-32.90", "yaw": "-3.10"}
97.15, [INFO], turtlebot5, {"y": "17.82", "x": "-11.46", "yaw": "-1.25"}
97.17, [INFO], turtlebot6, {"y": "18.78", "x": "-33.85", "yaw": "2.88"}
97.27, [INFO], turtlebot3, {"y": "17.99", "x": "-13.49", "yaw": "-1.44"}
97.28, [INFO], turtlebot4, {"y": "33.97", "x": "-32.90", "yaw": "-3.10"}
97.28, [INFO], turtlebot5, {"y": "17.82", "x": "-11.46", "yaw": "-1.25"}
97.28, [INFO], turtlebot6, {"y": "18.78", "x": "-33.85", "yaw": "2.88"}
109.07, [DEBUG], None, [debug],turtlebot1,move-base-info,Hooray, the base moved arrived,(x=-37;y=16)
109.07, [DEBUG], None, [debug],turtlebot1,move-base-info,Hooray, the base moved arrived,(x=-37;y=16)
109.15, [DEBUG], turtlebot1, {"status": "way-point-reached", "skill": "navigation", "percentage": "50.00%", "goingto": "IC Room 2"}
112.07, [INFO], turtlebot1, {"y": "16.30", "x": "-36.69", "yaw": "1.62"}
112.07, [INFO], turtlebot1, {"y": "16.30", "x": "-36.69", "yaw": "1.62"}
112.07, [INFO], turtlebot1, {"battery-level": "16.72%"}
112.07, [INFO], turtlebot1, {"battery-level": "16.72%"}
112.08, [INFO], turtlebot2, {"y": "17.99", "x": "-19.01", "yaw": "-1.38"}
112.08, [INFO], turtlebot2, {"y": "17.99", "x": "-19.01", "yaw": "-1.38"}
112.10, [INFO], turtlebot3, {"y": "17.99", "x": "-13.49", "yaw": "-1.42"}
112.13, [INFO], turtlebot4, {"y": "33.97", "x": "-32.90", "yaw": "-3.09"}
112.15, [INFO], turtlebot5, {"y": "17.82", "x": "-11.46", "yaw": "-1.25"}
112.17, [INFO], turtlebot6, {"y": "18.79", "x": "-33.85", "yaw": "2.90"}
112.28, [INFO], turtlebot3, {"y": "17.99", "x": "-13.49", "yaw": "-1.42"}
112.28, [INFO], turtlebot4, {"y": "33.97", "x": "-32.90", "yaw": "-3.09"}
112.28, [INFO], turtlebot5, {"y": "17.82", "x": "-11.46", "yaw": "-1.25"}
112.28, [INFO], turtlebot6, {"y": "18.79", "x": "-33.85", "yaw": "2.90"}
124.73, [DEBUG], None, [debug],turtlebot1,move-base-info,Hooray, the base moved arrived,(x=-37;y=21.5)
124.73, [DEBUG], None, [debug],turtlebot1,move-base-info,Hooray, the base moved arrived,(x=-37;y=21.5)
124.83, [DEBUG], turtlebot1, {"status": "way-point-reached", "skill": "navigation", "percentage": "75.00%", "goingto": "IC Room 2"}
127.07, [INFO], turtlebot1, {"battery-level": "15.74%"}
127.07, [INFO], turtlebot1, {"battery-level": "15.74%"}
127.07, [INFO], turtlebot1, {"y": "21.07", "x": "-36.87", "yaw": "3.10"}
127.07, [INFO], turtlebot1, {"y": "21.07", "x": "-36.87", "yaw": "3.10"}
127.08, [INFO], turtlebot2, {"y": "17.99", "x": "-19.01", "yaw": "-1.38"}
127.08, [INFO], turtlebot2, {"y": "17.99", "x": "-19.01", "yaw": "-1.38"}
127.10, [INFO], turtlebot3, {"y": "17.99", "x": "-13.49", "yaw": "-1.40"}
127.13, [INFO], turtlebot4, {"y": "33.97", "x": "-32.90", "yaw": "-3.09"}
127.15, [INFO], turtlebot5, {"y": "17.82", "x": "-11.46", "yaw": "-1.25"}
127.17, [INFO], turtlebot6, {"y": "18.79", "x": "-33.86", "yaw": "2.93"}
127.28, [INFO], turtlebot3, {"y": "17.99", "x": "-13.49", "yaw": "-1.40"}
127.28, [INFO], turtlebot4, {"y": "33.97", "x": "-32.90", "yaw": "-3.09"}
127.28, [INFO], turtlebot5, {"y": "17.82", "x": "-11.46", "yaw": "-1.25"}
127.28, [INFO], turtlebot6, {"y": "18.79", "x": "-33.86", "yaw": "2.93"}
138.35, [DEBUG], turtlebot1, {"param_list": ["IC Room 2", [[-27.23, 16.0, 3.141592653589793, true], [-37.0, 16.0, 1.5707963267948966, true], [-37.0, 21.5, 3.141592653589793, true], [-38.0, 21.5, 0.0, false]]], "skill": "navigation", "skill-life-cycle": "RUNNING", "label": "navto_room"}
139.13, [DEBUG], None, [debug],turtlebot1,move-base-info,Hooray, the base moved arrived,(x=-38;y=21.5)
139.28, [DEBUG], None, [debug],turtlebot1,move-base-info,Hooray, the base moved arrived,(x=-38;y=21.5)
139.48, [DEBUG], turtlebot1, {"status": "way-point-reached", "skill": "navigation", "percentage": "100.00%", "goingto": "IC Room 2"}
139.57, [DEBUG], turtlebot1, {"param_list": ["IC Room 2", [[-27.23, 16.0, 3.141592653589793, true], [-37.0, 16.0, 1.5707963267948966, true], [-37.0, 21.5, 3.141592653589793, true], [-38.0, 21.5, 0.0, false]]], "skill": "navigation", "skill-life-cycle": "SUCCESS", "label": "navto_room"}
139.57, [DEBUG], turtlebot1, "available-skills=['send_message', 'wait_message', 'approach_person', 'approach_robot', 'navigation', 'operate_drawer']"
139.57, [DEBUG], turtlebot1, {"param_list": ["nurse"], "skill": "approach_person", "skill-life-cycle": "STARTED", "label": "approach_nurse"}
139.63, [DEBUG], turtlebot1, {"status": "localize-person", "skill": "approach-person", "who": "nurse"}
139.72, [DEBUG], turtlebot1, {"status": "goto-person", "skill": "approach-person", "who": "nurse"}
139.80, [DEBUG], turtlebot1, {"param_list": ["nurse"], "skill": "approach_person", "skill-life-cycle": "SUCCESS", "label": "approach_nurse"}
139.80, [DEBUG], turtlebot1, {"report-status": "UNAVAILABLE-SKILL", "param_list": ["authenticate_person", "nurse"], "skill": "authenticate_person"}
139.80, [DEBUG], turtlebot1, {"report-status": "FAILURE", "param_list": ["authenticate_person", "nurse"], "skill": "robot-without-skill"}
139.80, [DEBUG], None, end!
