0.00, [DEBUG], logger, ROBOTS_CONFIG=[{"avg_speed": 0.15, "battery_charge": 0.3020349930380309, "battery_discharge_rate": 0.00068, "id": 1, "local_plan": null, "location": "PC Room 8", "name": "r1", "position": [-11.5, 18.0, -1.57], "skills": ["approach_person", "approach_robot", "authenticate_person", "navigation", "operate_drawer"]}, {"avg_speed": 0.15, "battery_charge": 0.5779176354739738, "battery_discharge_rate": 0.0006000000000000001, "id": 2, "local_plan": null, "location": "PC Room 6", "name": "r2", "position": [-19.0, 18.0, -1.57], "skills": ["approach_person", "approach_robot", "authenticate_person", "navigation", "operate_drawer"]}, {"avg_speed": 0.15, "battery_charge": 0.7232396784987936, "battery_discharge_rate": 0.0004, "id": 3, "local_plan": [["navigation", ["IC Room 6", [[-38.0, 21.5, 0.0], [-37.0, 21.5], [-37.0, 18.93], [-33.9, 18.93, 3.14]]], "navto_room"], ["approach_person", ["nurse"], "approach_nurse"], ["authenticate_person", ["nurse"], "authenticate_nurse"], ["operate_drawer", ["open"], "open_drawer_for_nurse"], ["send_message", ["nurse"], "notify_nurse_of_open_drawer_for_nurse_completed"], ["wait_message", ["nurse"], "wait_nurse_to_complete_deposit"], ["operate_drawer", ["close"], "close_drawer_nurse"], ["navigation", ["Laboratory", [[-33.9, 18.93, 3.14], [-37.0, 18.93], [-37.0, 16.0], [-26.0, 16.0], [-26.0, 13.0, 1.57]]], "navto_lab"], ["approach_robot", ["lab_arm"], "approach_arm"], ["operate_drawer", ["open"], "open_drawer_lab"], ["send_message", ["lab_arm"], "notify_lab_arm_of_open_drawer_lab_completed"], ["wait_message", ["lab_arm"], "wait_lab_arm_to_complete_pick_up_sample"], ["operate_drawer", ["close"], "close_drawer_lab"]], "location": "IC Room 2", "name": "r3", "position": [-38.0, 21.5, 0.0], "skills": ["approach_person", "approach_robot", "authenticate_person", "navigation", "operate_drawer"]}, {"avg_speed": 0.15, "battery_charge": 0.4863040833267539, "battery_discharge_rate": 0.00026000000000000003, "id": 4, "local_plan": null, "location": "IC Room 4", "name": "r4", "position": [-39.44, 33.95, 0.0], "skills": ["approach_person", "approach_robot", "authenticate_person", "navigation", "operate_drawer"]}, {"avg_speed": 0.15, "battery_charge": 0.7258412726774711, "battery_discharge_rate": 0.00042, "id": 5, "local_plan": null, "location": "PC Room 7", "name": "r5", "position": [-13.5, 18.0, -1.57], "skills": ["approach_person", "approach_robot", "authenticate_person", "navigation", "operate_drawer"]}, {"avg_speed": 0.15, "battery_charge": 0.9109794326728246, "battery_discharge_rate": 0.0005200000000000001, "id": 6, "local_plan": null, "location": "IC Room 5", "name": "r6", "position": [-32.88, 33.98, 3.14], "skills": ["approach_person", "approach_robot", "authenticate_person", "navigation", "operate_drawer"]}]
0.00, [DEBUG], logger, NURSES_CONFIG=[{"location": "IC Room 6", "position": [-32.9, 19.93, 3.14]}]
0.00, [DEBUG], logger, Simulation open
0.00, [DEBUG], logger, subcribing to in the topic /log
2.27, [DEBUG], None, [debug],turtlebot2,move-base-info,Move_base is up and ok....,
2.48, [DEBUG], None, [debug],turtlebot4,move-base-info,Move_base is up and ok....,
2.78, [DEBUG], None, [debug],turtlebot6,move-base-info,Move_base is up and ok....,
2.78, [DEBUG], None, [debug],turtlebot5,move-base-info,Move_base is up and ok....,
2.80, [DEBUG], None, [debug],turtlebot1,move-base-info,Move_base is up and ok....,
2.88, [DEBUG], None, [debug],turtlebot3,move-base-info,Move_base is up and ok....,
10.15, [DEBUG], turtlebot1, {"param_list": [], "skill": "init_robobt", "skill-life-cycle": "RUNNING", "label": "init_robobt"}
10.32, [DEBUG], turtlebot2, {"param_list": [], "skill": "init_robobt", "skill-life-cycle": "RUNNING", "label": "init_robobt"}
10.38, [DEBUG], turtlebot5, {"param_list": [], "skill": "init_robobt", "skill-life-cycle": "SUCCESS", "label": "init_robobt"}
10.57, [DEBUG], turtlebot4, {"param_list": [], "skill": "init_robobt", "skill-life-cycle": "RUNNING", "label": "init_robobt"}
10.57, [DEBUG], turtlebot3, {"param_list": [], "skill": "init_robobt", "skill-life-cycle": "RUNNING", "label": "init_robobt"}
12.58, [DEBUG], turtlebot6, {"param_list": [], "skill": "init_robobt", "skill-life-cycle": "SUCCESS", "label": "init_robobt"}
12.67, [DEBUG], turtlebot1, {"param_list": [], "skill": "init_robobt", "skill-life-cycle": "SUCCESS", "label": "init_robobt"}
13.27, [DEBUG], turtlebot2, {"param_list": [], "skill": "init_robobt", "skill-life-cycle": "SUCCESS", "label": "init_robobt"}
14.10, [DEBUG], turtlebot4, {"param_list": [], "skill": "init_robobt", "skill-life-cycle": "SUCCESS", "label": "init_robobt"}
14.32, [DEBUG], turtlebot3, {"param_list": [], "skill": "init_robobt", "skill-life-cycle": "SUCCESS", "label": "init_robobt"}
14.35, [DEBUG], turtlebot3, "available-skills=['send_message', 'wait_message', 'approach_person', 'approach_robot', 'authenticate_person', 'navigation', 'operate_drawer']"
14.35, [DEBUG], turtlebot3, {"param_list": ["IC Room 6", [[-37.0, 21.5, -1.5707963267948966, true], [-37.0, 18.93, 0.0, true], [-33.9, 18.93, 3.14, false]]], "skill": "navigation", "skill-life-cycle": "STARTED", "label": "navto_room"}
22.98, [INFO], turtlebot3, {"y": "21.52", "x": "-37.65", "yaw": "0.06"}
22.98, [INFO], turtlebot1, {"y": "17.82", "x": "-11.46", "yaw": "-1.25"}
22.98, [INFO], turtlebot2, {"y": "17.99", "x": "-19.02", "yaw": "-1.38"}
23.00, [INFO], turtlebot6, {"y": "33.97", "x": "-32.89", "yaw": "-3.10"}
23.00, [INFO], turtlebot5, {"y": "18.00", "x": "-13.50", "yaw": "-1.50"}
23.00, [INFO], turtlebot3, {"battery-level": "71.76%"}
23.00, [INFO], turtlebot4, {"y": "33.84", "x": "-39.51", "yaw": "0.46"}
23.13, [INFO], turtlebot3, {"y": "21.52", "x": "-37.65", "yaw": "0.06"}
23.13, [INFO], turtlebot1, {"y": "17.82", "x": "-11.46", "yaw": "-1.25"}
23.13, [INFO], turtlebot2, {"y": "17.99", "x": "-19.02", "yaw": "-1.38"}
23.13, [INFO], turtlebot6, {"y": "33.97", "x": "-32.89", "yaw": "-3.10"}
23.13, [INFO], turtlebot5, {"y": "18.00", "x": "-13.50", "yaw": "-1.50"}
23.13, [INFO], turtlebot3, {"battery-level": "71.76%"}
23.15, [INFO], turtlebot4, {"y": "33.84", "x": "-39.51", "yaw": "0.46"}
29.37, [DEBUG], None, [debug],turtlebot3,move-base-info,Hooray, the base moved arrived,(x=-37;y=21.5)
29.37, [DEBUG], None, [debug],turtlebot3,move-base-info,Hooray, the base moved arrived,(x=-37;y=21.5)
29.40, [DEBUG], turtlebot3, {"status": "way-point-reached", "skill": "navigation", "percentage": "33.33%", "goingto": "IC Room 6"}
37.98, [INFO], turtlebot1, {"y": "17.82", "x": "-11.46", "yaw": "-1.25"}
37.98, [INFO], turtlebot2, {"y": "17.99", "x": "-19.01", "yaw": "-1.38"}
37.98, [INFO], turtlebot3, {"y": "21.06", "x": "-37.26", "yaw": "-0.97"}
38.00, [INFO], turtlebot4, {"y": "33.84", "x": "-39.51", "yaw": "0.46"}
38.00, [INFO], turtlebot3, {"battery-level": "71.16%"}
38.00, [INFO], turtlebot6, {"y": "33.97", "x": "-32.89", "yaw": "-3.10"}
38.00, [INFO], turtlebot5, {"y": "18.00", "x": "-13.49", "yaw": "-1.49"}
38.12, [INFO], turtlebot1, {"y": "17.82", "x": "-11.46", "yaw": "-1.25"}
38.12, [INFO], turtlebot2, {"y": "17.99", "x": "-19.01", "yaw": "-1.38"}
38.12, [INFO], turtlebot3, {"y": "21.06", "x": "-37.26", "yaw": "-0.97"}
38.12, [INFO], turtlebot4, {"y": "33.84", "x": "-39.51", "yaw": "0.46"}
38.12, [INFO], turtlebot3, {"battery-level": "71.16%"}
38.12, [INFO], turtlebot6, {"y": "33.97", "x": "-32.89", "yaw": "-3.10"}
38.13, [INFO], turtlebot5, {"y": "18.00", "x": "-13.49", "yaw": "-1.49"}
52.98, [INFO], turtlebot3, {"y": "19.32", "x": "-37.31", "yaw": "-0.99"}
52.98, [INFO], turtlebot2, {"y": "17.99", "x": "-19.01", "yaw": "-1.38"}
53.00, [INFO], turtlebot1, {"y": "17.82", "x": "-11.46", "yaw": "-1.25"}
53.00, [INFO], turtlebot5, {"y": "18.00", "x": "-13.49", "yaw": "-1.48"}
53.00, [INFO], turtlebot4, {"y": "33.84", "x": "-39.51", "yaw": "0.46"}
53.00, [INFO], turtlebot3, {"battery-level": "70.60%"}
53.00, [INFO], turtlebot6, {"y": "33.97", "x": "-32.89", "yaw": "-3.10"}
53.12, [INFO], turtlebot3, {"y": "19.32", "x": "-37.31", "yaw": "-0.99"}
53.12, [INFO], turtlebot2, {"y": "17.99", "x": "-19.01", "yaw": "-1.38"}
53.13, [INFO], turtlebot1, {"y": "17.82", "x": "-11.46", "yaw": "-1.25"}
53.13, [INFO], turtlebot5, {"y": "18.00", "x": "-13.49", "yaw": "-1.48"}
53.13, [INFO], turtlebot4, {"y": "33.84", "x": "-39.51", "yaw": "0.46"}
53.15, [INFO], turtlebot3, {"battery-level": "70.60%"}
53.15, [INFO], turtlebot6, {"y": "33.97", "x": "-32.89", "yaw": "-3.10"}
54.65, [DEBUG], turtlebot3, {"param_list": ["IC Room 6", [[-37.0, 21.5, -1.5707963267948966, true], [-37.0, 18.93, 0.0, true], [-33.9, 18.93, 3.14, false]]], "skill": "navigation", "skill-life-cycle": "RUNNING", "label": "navto_room"}
55.92, [DEBUG], None, [debug],turtlebot3,move-base-info,Hooray, the base moved arrived,(x=-37;y=18.93)
55.92, [DEBUG], None, [debug],turtlebot3,move-base-info,Hooray, the base moved arrived,(x=-37;y=18.93)
56.05, [DEBUG], turtlebot3, {"status": "way-point-reached", "skill": "navigation", "percentage": "66.67%", "goingto": "IC Room 6"}
67.98, [INFO], turtlebot1, {"y": "17.82", "x": "-11.46", "yaw": "-1.25"}
67.98, [INFO], turtlebot2, {"y": "17.99", "x": "-19.01", "yaw": "-1.38"}
67.98, [INFO], turtlebot3, {"y": "18.78", "x": "-36.81", "yaw": "-1.04"}
68.00, [INFO], turtlebot4, {"y": "33.84", "x": "-39.51", "yaw": "0.46"}
68.00, [INFO], turtlebot5, {"y": "18.00", "x": "-13.49", "yaw": "-1.47"}
68.00, [INFO], turtlebot6, {"y": "33.97", "x": "-32.89", "yaw": "-3.10"}
68.00, [INFO], turtlebot3, {"battery-level": "69.96%"}
68.12, [INFO], turtlebot1, {"y": "17.82", "x": "-11.46", "yaw": "-1.25"}
68.12, [INFO], turtlebot2, {"y": "17.99", "x": "-19.01", "yaw": "-1.38"}
68.12, [INFO], turtlebot3, {"y": "18.78", "x": "-36.81", "yaw": "-1.04"}
68.13, [INFO], turtlebot4, {"y": "33.84", "x": "-39.51", "yaw": "0.46"}
68.13, [INFO], turtlebot5, {"y": "18.00", "x": "-13.49", "yaw": "-1.47"}
68.13, [INFO], turtlebot6, {"y": "33.97", "x": "-32.89", "yaw": "-3.10"}
68.15, [INFO], turtlebot3, {"battery-level": "69.96%"}
82.98, [INFO], turtlebot3, {"y": "18.04", "x": "-36.18", "yaw": "-0.80"}
82.98, [INFO], turtlebot2, {"y": "17.99", "x": "-19.01", "yaw": "-1.38"}
82.98, [INFO], turtlebot1, {"y": "17.82", "x": "-11.46", "yaw": "-1.25"}
83.00, [INFO], turtlebot6, {"y": "33.97", "x": "-32.90", "yaw": "-3.10"}
83.00, [INFO], turtlebot5, {"y": "17.99", "x": "-13.49", "yaw": "-1.45"}
83.00, [INFO], turtlebot3, {"battery-level": "69.40%"}
83.00, [INFO], turtlebot4, {"y": "33.84", "x": "-39.51", "yaw": "0.46"}
83.12, [INFO], turtlebot3, {"y": "18.04", "x": "-36.18", "yaw": "-0.80"}
83.13, [INFO], turtlebot2, {"y": "17.99", "x": "-19.01", "yaw": "-1.38"}
83.13, [INFO], turtlebot1, {"y": "17.82", "x": "-11.46", "yaw": "-1.25"}
83.13, [INFO], turtlebot6, {"y": "33.97", "x": "-32.90", "yaw": "-3.10"}
83.13, [INFO], turtlebot5, {"y": "17.99", "x": "-13.49", "yaw": "-1.45"}
83.13, [INFO], turtlebot3, {"battery-level": "69.40%"}
83.13, [INFO], turtlebot4, {"y": "33.84", "x": "-39.51", "yaw": "0.46"}
97.98, [INFO], turtlebot1, {"y": "17.82", "x": "-11.46", "yaw": "-1.25"}
97.98, [INFO], turtlebot3, {"y": "17.80", "x": "-35.75", "yaw": "-0.44"}
97.98, [INFO], turtlebot2, {"y": "17.99", "x": "-19.01", "yaw": "-1.38"}
98.00, [INFO], turtlebot6, {"y": "33.97", "x": "-32.90", "yaw": "-3.10"}
98.00, [INFO], turtlebot4, {"y": "33.84", "x": "-39.51", "yaw": "0.46"}
98.00, [INFO], turtlebot5, {"y": "17.99", "x": "-13.49", "yaw": "-1.44"}
98.00, [INFO], turtlebot3, {"battery-level": "68.80%"}
98.13, [DEBUG], turtlebot3, {"param_list": ["IC Room 6", [[-37.0, 21.5, -1.5707963267948966, true], [-37.0, 18.93, 0.0, true], [-33.9, 18.93, 3.14, false]]], "skill": "navigation", "skill-life-cycle": "RUNNING", "label": "navto_room"}
98.15, [INFO], turtlebot1, {"y": "17.82", "x": "-11.46", "yaw": "-1.25"}
98.17, [INFO], turtlebot3, {"y": "17.80", "x": "-35.75", "yaw": "-0.44"}
98.17, [INFO], turtlebot2, {"y": "17.99", "x": "-19.01", "yaw": "-1.38"}
98.17, [INFO], turtlebot6, {"y": "33.97", "x": "-32.90", "yaw": "-3.10"}
98.17, [INFO], turtlebot4, {"y": "33.84", "x": "-39.51", "yaw": "0.46"}
98.17, [INFO], turtlebot5, {"y": "17.99", "x": "-13.49", "yaw": "-1.44"}
98.18, [INFO], turtlebot3, {"battery-level": "68.80%"}
112.98, [INFO], turtlebot2, {"y": "17.99", "x": "-19.01", "yaw": "-1.38"}
112.98, [INFO], turtlebot1, {"y": "17.82", "x": "-11.46", "yaw": "-1.25"}
112.98, [INFO], turtlebot3, {"y": "18.24", "x": "-34.58", "yaw": "0.78"}
113.00, [INFO], turtlebot5, {"y": "17.99", "x": "-13.49", "yaw": "-1.42"}
113.00, [INFO], turtlebot6, {"y": "33.97", "x": "-32.90", "yaw": "-3.09"}
113.00, [INFO], turtlebot3, {"battery-level": "68.16%"}
113.00, [INFO], turtlebot4, {"y": "33.84", "x": "-39.51", "yaw": "0.46"}
113.10, [INFO], turtlebot2, {"y": "17.99", "x": "-19.01", "yaw": "-1.38"}
113.12, [INFO], turtlebot1, {"y": "17.82", "x": "-11.46", "yaw": "-1.25"}
113.12, [INFO], turtlebot3, {"y": "18.24", "x": "-34.58", "yaw": "0.78"}
113.12, [INFO], turtlebot5, {"y": "17.99", "x": "-13.49", "yaw": "-1.42"}
113.12, [INFO], turtlebot6, {"y": "33.97", "x": "-32.90", "yaw": "-3.09"}
113.13, [INFO], turtlebot3, {"battery-level": "68.16%"}
113.13, [INFO], turtlebot4, {"y": "33.84", "x": "-39.51", "yaw": "0.46"}
123.38, [DEBUG], None, [debug],turtlebot3,move-base-info,Hooray, the base moved arrived,(x=-33.9;y=18.93)
123.38, [DEBUG], None, [debug],turtlebot3,move-base-info,Hooray, the base moved arrived,(x=-33.9;y=18.93)
123.50, [DEBUG], turtlebot3, {"status": "way-point-reached", "skill": "navigation", "percentage": "100.00%", "goingto": "IC Room 6"}
123.60, [DEBUG], turtlebot3, {"param_list": ["IC Room 6", [[-37.0, 21.5, -1.5707963267948966, true], [-37.0, 18.93, 0.0, true], [-33.9, 18.93, 3.14, false]]], "skill": "navigation", "skill-life-cycle": "SUCCESS", "label": "navto_room"}
123.60, [DEBUG], turtlebot3, "available-skills=['send_message', 'wait_message', 'approach_person', 'approach_robot', 'authenticate_person', 'navigation', 'operate_drawer']"
123.60, [DEBUG], turtlebot3, {"param_list": ["nurse"], "skill": "approach_person", "skill-life-cycle": "STARTED", "label": "approach_nurse"}
123.70, [DEBUG], turtlebot3, {"status": "localize-person", "skill": "approach-person", "who": "nurse"}
123.93, [DEBUG], turtlebot3, {"status": "goto-person", "skill": "approach-person", "who": "nurse"}
124.00, [DEBUG], turtlebot3, {"param_list": ["nurse"], "skill": "approach_person", "skill-life-cycle": "SUCCESS", "label": "approach_nurse"}
124.00, [DEBUG], turtlebot3, "available-skills=['send_message', 'wait_message', 'approach_person', 'approach_robot', 'authenticate_person', 'navigation', 'operate_drawer']"
124.00, [DEBUG], turtlebot3, {"param_list": ["nurse"], "skill": "authenticate_person", "skill-life-cycle": "STARTED", "label": "authenticate_nurse"}
124.10, [DEBUG], turtlebot3, {"status": "request-authentication", "to": "nurse", "skill": "authenticate-person"}
124.10, [INFO], nurse, {"status": "message-received", "skill": "athentication-request"}
124.12, [INFO], nurse, {"status": "message-received", "skill": "athentication-request"}
124.72, [DEBUG], turtlebot3, {"status": "received-authentication", "skill": "authenticate-person", "from": "nurse"}
124.80, [DEBUG], turtlebot3, {"param_list": ["nurse"], "skill": "authenticate_person", "skill-life-cycle": "SUCCESS", "label": "authenticate_nurse"}
124.80, [DEBUG], turtlebot3, "available-skills=['send_message', 'wait_message', 'approach_person', 'approach_robot', 'authenticate_person', 'navigation', 'operate_drawer']"
124.80, [DEBUG], turtlebot3, {"param_list": ["open"], "skill": "operate_drawer", "skill-life-cycle": "STARTED", "label": "open_drawer_for_nurse"}
124.85, [DEBUG], turtlebot3, {"status": "task-update", "action": "open", "skill": "operate-drawer"}
125.68, [DEBUG], turtlebot3, {"param_list": ["open"], "skill": "operate_drawer", "skill-life-cycle": "SUCCESS", "label": "open_drawer_for_nurse"}
125.68, [DEBUG], turtlebot3, "available-skills=['send_message', 'wait_message', 'approach_person', 'approach_robot', 'authenticate_person', 'navigation', 'operate_drawer']"
125.70, [DEBUG], turtlebot3, {"param_list": ["nurse"], "skill": "send_message", "skill-life-cycle": "STARTED", "label": "notify_nurse_of_open_drawer_for_nurse_completed"}
125.78, [INFO], turtlebot3, {"to": "nurse", "skill": "send-message"}
126.55, [INFO], nurse, {"status": "message-received", "skill": "wait-message"}
126.55, [INFO], nurse, {"status": "message-received", "skill": "wait-message"}
127.98, [INFO], turtlebot3, {"y": "18.66", "x": "-34.22", "yaw": "3.10"}
127.98, [INFO], turtlebot2, {"y": "17.99", "x": "-19.01", "yaw": "-1.38"}
127.98, [INFO], turtlebot1, {"y": "17.82", "x": "-11.46", "yaw": "-1.25"}
128.00, [INFO], turtlebot4, {"y": "33.84", "x": "-39.51", "yaw": "0.46"}
128.00, [INFO], turtlebot5, {"y": "17.99", "x": "-13.49", "yaw": "-1.40"}
128.00, [INFO], turtlebot6, {"y": "33.97", "x": "-32.90", "yaw": "-3.09"}
128.00, [INFO], turtlebot3, {"battery-level": "67.56%"}
128.13, [INFO], turtlebot3, {"y": "18.66", "x": "-34.22", "yaw": "3.10"}
128.13, [INFO], turtlebot2, {"y": "17.99", "x": "-19.01", "yaw": "-1.38"}
128.15, [INFO], turtlebot1, {"y": "17.82", "x": "-11.46", "yaw": "-1.25"}
128.15, [INFO], turtlebot4, {"y": "33.84", "x": "-39.51", "yaw": "0.46"}
128.15, [INFO], turtlebot5, {"y": "17.99", "x": "-13.49", "yaw": "-1.40"}
128.15, [INFO], turtlebot6, {"y": "33.97", "x": "-32.90", "yaw": "-3.09"}
128.17, [INFO], turtlebot3, {"battery-level": "67.56%"}
128.98, [DEBUG], turtlebot3, {"param_list": ["nurse"], "skill": "send_message", "skill-life-cycle": "SUCCESS", "label": "notify_nurse_of_open_drawer_for_nurse_completed"}
128.98, [DEBUG], turtlebot3, "available-skills=['send_message', 'wait_message', 'approach_person', 'approach_robot', 'authenticate_person', 'navigation', 'operate_drawer']"
128.98, [DEBUG], turtlebot3, {"param_list": ["nurse"], "skill": "wait_message", "skill-life-cycle": "STARTED", "label": "wait_nurse_to_complete_deposit"}
130.58, [INFO], turtlebot3, {"status": "message-received", "skill": "wait-message"}
130.67, [DEBUG], turtlebot3, {"param_list": ["nurse"], "skill": "wait_message", "skill-life-cycle": "SUCCESS", "label": "wait_nurse_to_complete_deposit"}
130.67, [DEBUG], turtlebot3, "available-skills=['send_message', 'wait_message', 'approach_person', 'approach_robot', 'authenticate_person', 'navigation', 'operate_drawer']"
130.67, [DEBUG], turtlebot3, {"param_list": ["close"], "skill": "operate_drawer", "skill-life-cycle": "STARTED", "label": "close_drawer_nurse"}
130.70, [DEBUG], turtlebot3, {"status": "task-update", "action": "close", "skill": "operate-drawer"}
131.53, [DEBUG], turtlebot3, {"param_list": ["close"], "skill": "operate_drawer", "skill-life-cycle": "SUCCESS", "label": "close_drawer_nurse"}
131.53, [DEBUG], turtlebot3, "available-skills=['send_message', 'wait_message', 'approach_person', 'approach_robot', 'authenticate_person', 'navigation', 'operate_drawer']"
131.53, [DEBUG], turtlebot3, {"param_list": ["Laboratory", [[-37.0, 18.93, -1.5707963267948966, true], [-37.0, 16.0, 0.0, true], [-26.0, 16.0, -1.5707963267948966, true], [-26.0, 13.0, 1.57, false]]], "skill": "navigation", "skill-life-cycle": "STARTED", "label": "navto_lab"}
136.55, [INFO], nurse, {"status": "message-received", "skill": "wait-message"}
136.55, [INFO], nurse, {"status": "message-received", "skill": "wait-message"}
142.98, [INFO], turtlebot1, {"y": "17.82", "x": "-11.46", "yaw": "-1.25"}
142.98, [INFO], turtlebot2, {"y": "17.99", "x": "-19.01", "yaw": "-1.38"}
142.98, [INFO], turtlebot3, {"y": "18.27", "x": "-34.90", "yaw": "-2.04"}
143.00, [INFO], turtlebot5, {"y": "17.98", "x": "-13.49", "yaw": "-1.38"}
143.00, [INFO], turtlebot6, {"y": "33.97", "x": "-32.90", "yaw": "-3.09"}
143.00, [INFO], turtlebot3, {"battery-level": "66.96%"}
143.00, [INFO], turtlebot4, {"y": "33.84", "x": "-39.51", "yaw": "0.46"}
143.13, [INFO], turtlebot1, {"y": "17.82", "x": "-11.46", "yaw": "-1.25"}
143.15, [INFO], turtlebot2, {"y": "17.99", "x": "-19.01", "yaw": "-1.38"}
143.15, [INFO], turtlebot3, {"y": "18.27", "x": "-34.90", "yaw": "-2.04"}
143.15, [INFO], turtlebot5, {"y": "17.98", "x": "-13.49", "yaw": "-1.38"}
143.15, [INFO], turtlebot6, {"y": "33.97", "x": "-32.90", "yaw": "-3.09"}
143.17, [INFO], turtlebot3, {"battery-level": "66.96%"}
143.17, [INFO], turtlebot4, {"y": "33.84", "x": "-39.51", "yaw": "0.46"}
143.43, [DEBUG], turtlebot3, {"param_list": ["Laboratory", [[-37.0, 18.93, -1.5707963267948966, true], [-37.0, 16.0, 0.0, true], [-26.0, 16.0, -1.5707963267948966, true], [-26.0, 13.0, 1.57, false]]], "skill": "navigation", "skill-life-cycle": "RUNNING", "label": "navto_lab"}
144.10, [INFO], nurse, {"status": "waiting", "skill": "athentication-sent"}
144.12, [INFO], nurse, {"status": "waiting", "skill": "athentication-sent"}
146.55, [INFO], nurse, {"status": "message-received", "skill": "wait-message"}
146.55, [INFO], nurse, {"status": "message-received", "skill": "wait-message"}
156.55, [INFO], nurse, {"status": "message-received", "skill": "wait-message"}
156.55, [INFO], nurse, {"status": "message-received", "skill": "wait-message"}
157.98, [INFO], turtlebot3, {"y": "18.53", "x": "-36.89", "yaw": "-1.64"}
157.98, [INFO], turtlebot2, {"y": "17.99", "x": "-19.01", "yaw": "-1.38"}
157.98, [INFO], turtlebot1, {"y": "17.82", "x": "-11.46", "yaw": "-1.25"}
158.00, [INFO], turtlebot6, {"y": "33.97", "x": "-32.90", "yaw": "-3.09"}
158.00, [INFO], turtlebot4, {"y": "33.84", "x": "-39.50", "yaw": "0.46"}
158.00, [INFO], turtlebot5, {"y": "17.98", "x": "-13.48", "yaw": "-1.36"}
158.00, [INFO], turtlebot3, {"battery-level": "66.36%"}
158.12, [INFO], turtlebot3, {"y": "18.53", "x": "-36.89", "yaw": "-1.64"}
158.12, [INFO], turtlebot2, {"y": "17.99", "x": "-19.01", "yaw": "-1.38"}
158.12, [INFO], turtlebot1, {"y": "17.82", "x": "-11.46", "yaw": "-1.25"}
158.13, [INFO], turtlebot6, {"y": "33.97", "x": "-32.90", "yaw": "-3.09"}
158.13, [INFO], turtlebot4, {"y": "33.84", "x": "-39.50", "yaw": "0.46"}
158.13, [INFO], turtlebot5, {"y": "17.98", "x": "-13.48", "yaw": "-1.36"}
158.13, [INFO], turtlebot3, {"battery-level": "66.36%"}
158.27, [DEBUG], None, [debug],turtlebot3,move-base-info,Hooray, the base moved arrived,(x=-37;y=18.93)
158.27, [DEBUG], None, [debug],turtlebot3,move-base-info,Hooray, the base moved arrived,(x=-37;y=18.93)
158.28, [DEBUG], turtlebot3, {"status": "way-point-reached", "skill": "navigation", "percentage": "25.00%", "goingto": "Laboratory"}
172.98, [INFO], turtlebot3, {"y": "16.94", "x": "-36.73", "yaw": "-1.66"}
172.98, [INFO], turtlebot1, {"y": "17.82", "x": "-11.46", "yaw": "-1.25"}
172.98, [INFO], turtlebot2, {"y": "17.99", "x": "-19.01", "yaw": "-1.38"}
173.00, [INFO], turtlebot6, {"y": "33.97", "x": "-32.90", "yaw": "-3.09"}
173.00, [INFO], turtlebot3, {"battery-level": "65.80%"}
173.00, [INFO], turtlebot4, {"y": "33.84", "x": "-39.50", "yaw": "0.46"}
173.00, [INFO], turtlebot5, {"y": "17.97", "x": "-13.48", "yaw": "-1.34"}
173.13, [INFO], turtlebot3, {"y": "16.94", "x": "-36.73", "yaw": "-1.66"}
173.15, [INFO], turtlebot1, {"y": "17.82", "x": "-11.46", "yaw": "-1.25"}
173.15, [INFO], turtlebot2, {"y": "17.99", "x": "-19.01", "yaw": "-1.38"}
173.17, [INFO], turtlebot6, {"y": "33.97", "x": "-32.90", "yaw": "-3.09"}
173.17, [INFO], turtlebot3, {"battery-level": "65.80%"}
173.17, [INFO], turtlebot4, {"y": "33.84", "x": "-39.50", "yaw": "0.46"}
173.17, [INFO], turtlebot5, {"y": "17.97", "x": "-13.48", "yaw": "-1.34"}
180.55, [DEBUG], None, [debug],turtlebot3,move-base-info,Hooray, the base moved arrived,(x=-37;y=16)
180.55, [DEBUG], None, [debug],turtlebot3,move-base-info,Hooray, the base moved arrived,(x=-37;y=16)
180.70, [DEBUG], turtlebot3, {"status": "way-point-reached", "skill": "navigation", "percentage": "50.00%", "goingto": "Laboratory"}
187.75, [DEBUG], turtlebot3, {"param_list": ["Laboratory", [[-37.0, 18.93, -1.5707963267948966, true], [-37.0, 16.0, 0.0, true], [-26.0, 16.0, -1.5707963267948966, true], [-26.0, 13.0, 1.57, false]]], "skill": "navigation", "skill-life-cycle": "RUNNING", "label": "navto_lab"}
187.98, [INFO], turtlebot1, {"y": "17.82", "x": "-11.46", "yaw": "-1.25"}
187.98, [INFO], turtlebot3, {"y": "16.29", "x": "-36.66", "yaw": "-0.97"}
187.98, [INFO], turtlebot2, {"y": "17.99", "x": "-19.01", "yaw": "-1.38"}
188.00, [INFO], turtlebot3, {"battery-level": "65.20%"}
188.00, [INFO], turtlebot5, {"y": "17.97", "x": "-13.48", "yaw": "-1.32"}
188.00, [INFO], turtlebot4, {"y": "33.84", "x": "-39.50", "yaw": "0.46"}
188.00, [INFO], turtlebot6, {"y": "33.97", "x": "-32.90", "yaw": "-3.09"}
188.15, [INFO], turtlebot1, {"y": "17.82", "x": "-11.46", "yaw": "-1.25"}
188.15, [INFO], turtlebot3, {"y": "16.29", "x": "-36.66", "yaw": "-0.97"}
188.15, [INFO], turtlebot2, {"y": "17.99", "x": "-19.01", "yaw": "-1.38"}
188.17, [INFO], turtlebot3, {"battery-level": "65.20%"}
188.17, [INFO], turtlebot5, {"y": "17.97", "x": "-13.48", "yaw": "-1.32"}
188.17, [INFO], turtlebot4, {"y": "33.84", "x": "-39.50", "yaw": "0.46"}
188.17, [INFO], turtlebot6, {"y": "33.97", "x": "-32.90", "yaw": "-3.09"}
202.98, [INFO], turtlebot1, {"y": "17.82", "x": "-11.46", "yaw": "-1.25"}
202.98, [INFO], turtlebot3, {"y": "15.35", "x": "-35.61", "yaw": "-0.12"}
202.98, [INFO], turtlebot2, {"y": "17.99", "x": "-19.01", "yaw": "-1.38"}
203.00, [INFO], turtlebot4, {"y": "33.84", "x": "-39.50", "yaw": "0.46"}
203.00, [INFO], turtlebot6, {"y": "33.97", "x": "-32.90", "yaw": "-3.09"}
203.00, [INFO], turtlebot3, {"battery-level": "64.56%"}
203.00, [INFO], turtlebot5, {"y": "17.97", "x": "-13.47", "yaw": "-1.30"}
203.15, [INFO], turtlebot1, {"y": "17.82", "x": "-11.46", "yaw": "-1.25"}
203.15, [INFO], turtlebot3, {"y": "15.35", "x": "-35.61", "yaw": "-0.12"}
203.17, [INFO], turtlebot2, {"y": "17.99", "x": "-19.01", "yaw": "-1.38"}
203.17, [INFO], turtlebot4, {"y": "33.84", "x": "-39.50", "yaw": "0.46"}
203.17, [INFO], turtlebot6, {"y": "33.97", "x": "-32.90", "yaw": "-3.09"}
203.17, [INFO], turtlebot3, {"battery-level": "64.56%"}
203.17, [INFO], turtlebot5, {"y": "17.97", "x": "-13.47", "yaw": "-1.30"}
217.98, [INFO], turtlebot2, {"y": "17.99", "x": "-19.01", "yaw": "-1.38"}
217.98, [INFO], turtlebot3, {"y": "15.30", "x": "-34.36", "yaw": "0.01"}
217.98, [INFO], turtlebot1, {"y": "17.82", "x": "-11.46", "yaw": "-1.25"}
218.00, [INFO], turtlebot5, {"y": "17.96", "x": "-13.47", "yaw": "-1.28"}
218.00, [INFO], turtlebot4, {"y": "33.84", "x": "-39.50", "yaw": "0.46"}
218.00, [INFO], turtlebot6, {"y": "33.97", "x": "-32.91", "yaw": "-3.08"}
218.00, [INFO], turtlebot3, {"battery-level": "64.00%"}
218.12, [INFO], turtlebot2, {"y": "17.99", "x": "-19.01", "yaw": "-1.38"}
218.12, [INFO], turtlebot3, {"y": "15.30", "x": "-34.36", "yaw": "0.01"}
218.12, [INFO], turtlebot1, {"y": "17.82", "x": "-11.46", "yaw": "-1.25"}
218.12, [INFO], turtlebot5, {"y": "17.96", "x": "-13.47", "yaw": "-1.28"}
218.13, [INFO], turtlebot4, {"y": "33.84", "x": "-39.50", "yaw": "0.46"}
218.13, [INFO], turtlebot6, {"y": "33.97", "x": "-32.91", "yaw": "-3.08"}
218.13, [INFO], turtlebot3, {"battery-level": "64.00%"}
230.58, [DEBUG], turtlebot3, {"param_list": ["Laboratory", [[-37.0, 18.93, -1.5707963267948966, true], [-37.0, 16.0, 0.0, true], [-26.0, 16.0, -1.5707963267948966, true], [-26.0, 13.0, 1.57, false]]], "skill": "navigation", "skill-life-cycle": "RUNNING", "label": "navto_lab"}
232.98, [INFO], turtlebot3, {"y": "15.31", "x": "-33.11", "yaw": "0.01"}
232.98, [INFO], turtlebot1, {"y": "17.82", "x": "-11.46", "yaw": "-1.25"}
232.98, [INFO], turtlebot2, {"y": "17.99", "x": "-19.01", "yaw": "-1.38"}
233.00, [INFO], turtlebot6, {"y": "33.97", "x": "-32.91", "yaw": "-3.07"}
233.00, [INFO], turtlebot5, {"y": "17.96", "x": "-13.47", "yaw": "-1.26"}
233.00, [INFO], turtlebot4, {"y": "33.84", "x": "-39.50", "yaw": "0.46"}
233.00, [INFO], turtlebot3, {"battery-level": "63.36%"}
233.13, [INFO], turtlebot3, {"y": "15.31", "x": "-33.11", "yaw": "0.01"}
233.13, [INFO], turtlebot1, {"y": "17.82", "x": "-11.46", "yaw": "-1.25"}
233.13, [INFO], turtlebot2, {"y": "17.99", "x": "-19.01", "yaw": "-1.38"}
233.13, [INFO], turtlebot6, {"y": "33.97", "x": "-32.91", "yaw": "-3.07"}
233.15, [INFO], turtlebot5, {"y": "17.96", "x": "-13.47", "yaw": "-1.26"}
233.15, [INFO], turtlebot4, {"y": "33.84", "x": "-39.50", "yaw": "0.46"}
233.15, [INFO], turtlebot3, {"battery-level": "63.36%"}
247.98, [INFO], turtlebot1, {"y": "17.82", "x": "-11.46", "yaw": "-1.25"}
247.98, [INFO], turtlebot2, {"y": "17.99", "x": "-19.01", "yaw": "-1.37"}
247.98, [INFO], turtlebot3, {"y": "15.31", "x": "-31.86", "yaw": "-0.03"}
248.00, [INFO], turtlebot6, {"y": "33.97", "x": "-32.91", "yaw": "-3.07"}
248.00, [INFO], turtlebot3, {"battery-level": "62.76%"}
248.00, [INFO], turtlebot5, {"y": "17.96", "x": "-13.47", "yaw": "-1.23"}
248.00, [INFO], turtlebot4, {"y": "33.84", "x": "-39.50", "yaw": "0.46"}
248.15, [INFO], turtlebot1, {"y": "17.82", "x": "-11.46", "yaw": "-1.25"}
248.15, [INFO], turtlebot2, {"y": "17.99", "x": "-19.01", "yaw": "-1.37"}
248.15, [INFO], turtlebot3, {"y": "15.31", "x": "-31.86", "yaw": "-0.03"}
248.15, [INFO], turtlebot6, {"y": "33.97", "x": "-32.91", "yaw": "-3.07"}
248.15, [INFO], turtlebot3, {"battery-level": "62.76%"}
248.17, [INFO], turtlebot5, {"y": "17.96", "x": "-13.47", "yaw": "-1.23"}
248.17, [INFO], turtlebot4, {"y": "33.84", "x": "-39.50", "yaw": "0.46"}
262.98, [INFO], turtlebot1, {"y": "17.82", "x": "-11.46", "yaw": "-1.25"}
262.98, [INFO], turtlebot2, {"y": "17.99", "x": "-19.01", "yaw": "-1.37"}
262.98, [INFO], turtlebot3, {"y": "15.32", "x": "-30.61", "yaw": "0.01"}
263.00, [INFO], turtlebot6, {"y": "33.97", "x": "-32.91", "yaw": "-3.06"}
263.00, [INFO], turtlebot5, {"y": "17.95", "x": "-13.46", "yaw": "-1.21"}
263.00, [INFO], turtlebot3, {"battery-level": "62.20%"}
263.00, [INFO], turtlebot4, {"y": "33.84", "x": "-39.50", "yaw": "0.46"}
263.10, [INFO], turtlebot1, {"y": "17.82", "x": "-11.46", "yaw": "-1.25"}
263.12, [INFO], turtlebot2, {"y": "17.99", "x": "-19.01", "yaw": "-1.37"}
263.12, [INFO], turtlebot3, {"y": "15.32", "x": "-30.61", "yaw": "0.01"}
263.12, [INFO], turtlebot6, {"y": "33.97", "x": "-32.91", "yaw": "-3.06"}
263.12, [INFO], turtlebot5, {"y": "17.95", "x": "-13.46", "yaw": "-1.21"}
263.13, [INFO], turtlebot3, {"battery-level": "62.20%"}
263.13, [INFO], turtlebot4, {"y": "33.84", "x": "-39.50", "yaw": "0.46"}
273.08, [DEBUG], turtlebot3, {"param_list": ["Laboratory", [[-37.0, 18.93, -1.5707963267948966, true], [-37.0, 16.0, 0.0, true], [-26.0, 16.0, -1.5707963267948966, true], [-26.0, 13.0, 1.57, false]]], "skill": "navigation", "skill-life-cycle": "RUNNING", "label": "navto_lab"}
277.98, [INFO], turtlebot2, {"y": "17.99", "x": "-19.01", "yaw": "-1.37"}
277.98, [INFO], turtlebot1, {"y": "17.82", "x": "-11.46", "yaw": "-1.25"}
277.98, [INFO], turtlebot3, {"y": "15.31", "x": "-29.36", "yaw": "0.01"}
278.00, [INFO], turtlebot3, {"battery-level": "61.56%"}
278.00, [INFO], turtlebot6, {"y": "33.98", "x": "-32.92", "yaw": "-3.05"}
278.00, [INFO], turtlebot4, {"y": "33.84", "x": "-39.50", "yaw": "0.46"}
278.00, [INFO], turtlebot5, {"y": "17.95", "x": "-13.46", "yaw": "-1.20"}
278.15, [INFO], turtlebot2, {"y": "17.99", "x": "-19.01", "yaw": "-1.37"}
278.15, [INFO], turtlebot1, {"y": "17.82", "x": "-11.46", "yaw": "-1.25"}
278.17, [INFO], turtlebot3, {"y": "15.31", "x": "-29.36", "yaw": "0.01"}
278.17, [INFO], turtlebot3, {"battery-level": "61.56%"}
278.17, [INFO], turtlebot6, {"y": "33.98", "x": "-32.92", "yaw": "-3.05"}
278.17, [INFO], turtlebot4, {"y": "33.84", "x": "-39.50", "yaw": "0.46"}
278.17, [INFO], turtlebot5, {"y": "17.95", "x": "-13.46", "yaw": "-1.20"}
292.98, [INFO], turtlebot2, {"y": "17.99", "x": "-19.00", "yaw": "-1.37"}
292.98, [INFO], turtlebot3, {"y": "15.47", "x": "-28.11", "yaw": "0.20"}
292.98, [INFO], turtlebot1, {"y": "17.82", "x": "-11.46", "yaw": "-1.25"}
293.00, [INFO], turtlebot3, {"battery-level": "61.00%"}
293.00, [INFO], turtlebot4, {"y": "33.84", "x": "-39.50", "yaw": "0.46"}
293.00, [INFO], turtlebot6, {"y": "33.98", "x": "-32.92", "yaw": "-3.05"}
293.00, [INFO], turtlebot5, {"y": "17.95", "x": "-13.45", "yaw": "-1.18"}
293.10, [INFO], turtlebot2, {"y": "17.99", "x": "-19.00", "yaw": "-1.37"}
293.10, [INFO], turtlebot3, {"y": "15.47", "x": "-28.11", "yaw": "0.20"}
293.10, [INFO], turtlebot1, {"y": "17.82", "x": "-11.46", "yaw": "-1.25"}
293.10, [INFO], turtlebot3, {"battery-level": "61.00%"}
293.10, [INFO], turtlebot4, {"y": "33.84", "x": "-39.50", "yaw": "0.46"}
293.10, [INFO], turtlebot6, {"y": "33.98", "x": "-32.92", "yaw": "-3.05"}
293.10, [INFO], turtlebot5, {"y": "17.95", "x": "-13.45", "yaw": "-1.18"}
307.98, [INFO], turtlebot2, {"y": "17.99", "x": "-19.00", "yaw": "-1.37"}
307.98, [INFO], turtlebot1, {"y": "17.82", "x": "-11.47", "yaw": "-1.25"}
307.98, [INFO], turtlebot3, {"y": "15.75", "x": "-26.88", "yaw": "0.25"}
308.00, [INFO], turtlebot3, {"battery-level": "60.40%"}
308.00, [INFO], turtlebot6, {"y": "33.98", "x": "-32.92", "yaw": "-3.06"}
308.00, [INFO], turtlebot4, {"y": "33.84", "x": "-39.50", "yaw": "0.46"}
308.00, [INFO], turtlebot5, {"y": "17.94", "x": "-13.45", "yaw": "-1.16"}
308.15, [INFO], turtlebot2, {"y": "17.99", "x": "-19.00", "yaw": "-1.37"}
308.15, [INFO], turtlebot1, {"y": "17.82", "x": "-11.47", "yaw": "-1.25"}
308.15, [INFO], turtlebot3, {"y": "15.75", "x": "-26.88", "yaw": "0.25"}
308.17, [INFO], turtlebot3, {"battery-level": "60.40%"}
308.17, [INFO], turtlebot6, {"y": "33.98", "x": "-32.92", "yaw": "-3.06"}
308.17, [INFO], turtlebot4, {"y": "33.84", "x": "-39.50", "yaw": "0.46"}
308.18, [INFO], turtlebot5, {"y": "17.94", "x": "-13.45", "yaw": "-1.16"}
315.90, [DEBUG], turtlebot3, {"param_list": ["Laboratory", [[-37.0, 18.93, -1.5707963267948966, true], [-37.0, 16.0, 0.0, true], [-26.0, 16.0, -1.5707963267948966, true], [-26.0, 13.0, 1.57, false]]], "skill": "navigation", "skill-life-cycle": "RUNNING", "label": "navto_lab"}
317.77, [DEBUG], None, [debug],turtlebot3,move-base-info,Hooray, the base moved arrived,(x=-26;y=16)
317.77, [DEBUG], None, [debug],turtlebot3,move-base-info,Hooray, the base moved arrived,(x=-26;y=16)
317.85, [DEBUG], turtlebot3, {"status": "way-point-reached", "skill": "navigation", "percentage": "75.00%", "goingto": "Laboratory"}
322.98, [INFO], turtlebot2, {"y": "17.99", "x": "-19.00", "yaw": "-1.37"}
322.98, [INFO], turtlebot1, {"y": "17.82", "x": "-11.47", "yaw": "-1.25"}
322.98, [INFO], turtlebot3, {"y": "15.75", "x": "-26.42", "yaw": "-1.45"}
323.00, [INFO], turtlebot4, {"y": "33.84", "x": "-39.50", "yaw": "0.46"}
323.00, [INFO], turtlebot6, {"y": "33.98", "x": "-32.92", "yaw": "-3.06"}
323.00, [INFO], turtlebot5, {"y": "17.94", "x": "-13.45", "yaw": "-1.14"}
323.00, [INFO], turtlebot3, {"battery-level": "59.76%"}
323.13, [INFO], turtlebot2, {"y": "17.99", "x": "-19.00", "yaw": "-1.37"}
323.15, [INFO], turtlebot1, {"y": "17.82", "x": "-11.47", "yaw": "-1.25"}
323.15, [INFO], turtlebot3, {"y": "15.75", "x": "-26.42", "yaw": "-1.45"}
323.15, [INFO], turtlebot4, {"y": "33.84", "x": "-39.50", "yaw": "0.46"}
323.15, [INFO], turtlebot6, {"y": "33.98", "x": "-32.92", "yaw": "-3.06"}
323.17, [INFO], turtlebot5, {"y": "17.94", "x": "-13.45", "yaw": "-1.14"}
323.17, [INFO], turtlebot3, {"battery-level": "59.76%"}
338.00, [INFO], turtlebot2, {"y": "17.99", "x": "-19.00", "yaw": "-1.37"}
338.00, [INFO], turtlebot1, {"y": "17.82", "x": "-11.47", "yaw": "-1.25"}
338.00, [INFO], turtlebot3, {"y": "14.35", "x": "-26.14", "yaw": "-1.26"}
338.00, [INFO], turtlebot5, {"y": "17.94", "x": "-13.44", "yaw": "-1.14"}
338.00, [INFO], turtlebot6, {"y": "33.98", "x": "-32.93", "yaw": "-3.06"}
338.00, [INFO], turtlebot3, {"battery-level": "59.16%"}
338.00, [INFO], turtlebot4, {"y": "33.84", "x": "-39.50", "yaw": "0.46"}
338.13, [INFO], turtlebot2, {"y": "17.99", "x": "-19.00", "yaw": "-1.37"}
338.13, [INFO], turtlebot1, {"y": "17.82", "x": "-11.47", "yaw": "-1.25"}
338.15, [INFO], turtlebot3, {"y": "14.35", "x": "-26.14", "yaw": "-1.26"}
338.15, [INFO], turtlebot5, {"y": "17.94", "x": "-13.44", "yaw": "-1.14"}
338.15, [INFO], turtlebot6, {"y": "33.98", "x": "-32.93", "yaw": "-3.06"}
338.15, [INFO], turtlebot3, {"battery-level": "59.16%"}
338.15, [INFO], turtlebot4, {"y": "33.84", "x": "-39.50", "yaw": "0.46"}
352.98, [INFO], turtlebot2, {"y": "17.99", "x": "-19.00", "yaw": "-1.37"}
352.98, [INFO], turtlebot1, {"y": "17.82", "x": "-11.47", "yaw": "-1.25"}
352.98, [INFO], turtlebot3, {"y": "13.39", "x": "-25.93", "yaw": "1.62"}
353.00, [INFO], turtlebot4, {"y": "33.84", "x": "-39.50", "yaw": "0.46"}
353.00, [INFO], turtlebot3, {"battery-level": "58.56%"}
353.00, [INFO], turtlebot6, {"y": "33.98", "x": "-32.93", "yaw": "-3.06"}
353.00, [INFO], turtlebot5, {"y": "17.94", "x": "-13.44", "yaw": "-1.12"}
353.05, [DEBUG], None, [debug],turtlebot3,move-base-info,Hooray, the base moved arrived,(x=-26;y=13)
353.12, [INFO], turtlebot2, {"y": "17.99", "x": "-19.00", "yaw": "-1.37"}
353.13, [INFO], turtlebot1, {"y": "17.82", "x": "-11.47", "yaw": "-1.25"}
353.13, [INFO], turtlebot3, {"y": "13.39", "x": "-25.93", "yaw": "1.62"}
353.13, [INFO], turtlebot4, {"y": "33.84", "x": "-39.50", "yaw": "0.46"}
353.13, [INFO], turtlebot3, {"battery-level": "58.56%"}
353.13, [INFO], turtlebot6, {"y": "33.98", "x": "-32.93", "yaw": "-3.06"}
353.15, [INFO], turtlebot5, {"y": "17.94", "x": "-13.44", "yaw": "-1.12"}
353.15, [DEBUG], None, [debug],turtlebot3,move-base-info,Hooray, the base moved arrived,(x=-26;y=13)
353.42, [DEBUG], turtlebot3, {"status": "way-point-reached", "skill": "navigation", "percentage": "100.00%", "goingto": "Laboratory"}
353.50, [DEBUG], turtlebot3, {"param_list": ["Laboratory", [[-37.0, 18.93, -1.5707963267948966, true], [-37.0, 16.0, 0.0, true], [-26.0, 16.0, -1.5707963267948966, true], [-26.0, 13.0, 1.57, false]]], "skill": "navigation", "skill-life-cycle": "SUCCESS", "label": "navto_lab"}
353.50, [DEBUG], turtlebot3, "available-skills=['send_message', 'wait_message', 'approach_person', 'approach_robot', 'authenticate_person', 'navigation', 'operate_drawer']"
353.50, [DEBUG], turtlebot3, {"param_list": ["lab_arm"], "skill": "approach_robot", "skill-life-cycle": "STARTED", "label": "approach_arm"}
353.68, [DEBUG], turtlebot3, {"status": "localize-robot", "skill": "=approach-robot", "who": "lab_arm"}
353.73, [DEBUG], turtlebot3, {"status": "goto-robot", "skill": "approach-robot", "who": "lab_arm"}
353.80, [DEBUG], turtlebot3, {"param_list": ["lab_arm"], "skill": "approach_robot", "skill-life-cycle": "SUCCESS", "label": "approach_arm"}
353.80, [DEBUG], turtlebot3, "available-skills=['send_message', 'wait_message', 'approach_person', 'approach_robot', 'authenticate_person', 'navigation', 'operate_drawer']"
353.80, [DEBUG], turtlebot3, {"param_list": ["open"], "skill": "operate_drawer", "skill-life-cycle": "STARTED", "label": "open_drawer_lab"}
353.88, [DEBUG], turtlebot3, {"status": "task-update", "action": "open", "skill": "operate-drawer"}
354.70, [DEBUG], turtlebot3, {"param_list": ["open"], "skill": "operate_drawer", "skill-life-cycle": "SUCCESS", "label": "open_drawer_lab"}
355.15, [DEBUG], turtlebot3, "available-skills=['send_message', 'wait_message', 'approach_person', 'approach_robot', 'authenticate_person', 'navigation', 'operate_drawer']"
355.15, [DEBUG], turtlebot3, {"param_list": ["lab_arm"], "skill": "send_message", "skill-life-cycle": "STARTED", "label": "notify_lab_arm_of_open_drawer_lab_completed"}
355.23, [INFO], turtlebot3, {"to": "lab_arm", "skill": "send-message"}
356.02, [INFO], lab_arm, {"status": "sample-received", "skill": "wait-sample"}
356.02, [INFO], nurse, {"status": "sample-received", "skill": "wait-sample"}
356.02, [DEBUG], None, ENDSIM
356.02, [DEBUG], None, end!
