7.48333334923,[debug],turtlebot2,move-base-info,Move_base is up and ok....,
8.16666674614,[debug],turtlebot5,move-base-info,Move_base is up and ok....,
8.3833334446,[debug],turtlebot3,move-base-info,Move_base is up and ok....,
13.4666666985,[info],turtlebot1,skill-life-cycle,init_robobt,(status=RUNNING, parameters=[])
14.4333333969,[info],turtlebot2,skill-life-cycle,init_robobt,(status=RUNNING, parameters=[])
14.5,[info],turtlebot5,skill-life-cycle,init_robobt,(status=RUNNING, parameters=[])
14.7666666508,[info],turtlebot3,skill-life-cycle,init_robobt,(status=RUNNING, parameters=[])
17.8833334446,[debug],turtlebot2,available-skills,['send_message', 'wait_message', 'approach_person', 'approach_robot', 'authenticate_person', 'deposit', 'navigation', 'operate_drawer', 'pick_up'],
17.8833334446,[info],turtlebot2,skill-life-cycle,navigation,(status=STARTED, parameters=[[-37.0, 33.95, -1.5707963267948966, True], [-37.0, 21.5, 3.141592653589793, True], [-38.0, 21.5, 0.0, False]])
26.2833333015,[debug],turtlebot1,simulation,robot-pose,x=-13.50;y=18.00;yaw=-1.50
26.2833333015,[debug],turtlebot1,simulation,robot-pose,x=-13.50;y=18.00;yaw=-1.50
26.4833333492,[debug],turtlebot2,simulation,robot-pose,x=-39.21;y=34.05;yaw=0.64
26.4833333492,[debug],turtlebot2,simulation,robot-pose,x=-39.21;y=34.05;yaw=0.64
26.4833333492,[debug],turtlebot3,simulation,robot-pose,x=-40.39;y=25.23;yaw=0.34
26.4833333492,[debug],turtlebot3,simulation,robot-pose,x=-40.39;y=25.23;yaw=0.34
26.5,[debug],turtlebot5,simulation,robot-pose,x=-20.99;y=18.00;yaw=-1.54
26.5,[debug],turtlebot5,simulation,robot-pose,x=-20.99;y=18.00;yaw=-1.54
26.5,[debug],turtlebot4,simulation,robot-pose,x=-32.89;y=33.97;yaw=-3.10
26.5,[debug],turtlebot4,simulation,robot-pose,x=-32.89;y=33.97;yaw=-3.10
41.2833333015,[debug],turtlebot1,simulation,robot-pose,x=-13.49;y=18.00;yaw=-1.49
41.2833333015,[debug],turtlebot1,simulation,robot-pose,x=-13.49;y=18.00;yaw=-1.49
41.4833333492,[debug],turtlebot2,simulation,robot-pose,x=-38.02;y=34.57;yaw=-0.14
41.4833333492,[debug],turtlebot2,simulation,robot-pose,x=-38.02;y=34.57;yaw=-0.14
41.4833333492,[debug],turtlebot3,simulation,robot-pose,x=-40.39;y=25.23;yaw=0.33
41.4833333492,[debug],turtlebot3,simulation,robot-pose,x=-40.39;y=25.23;yaw=0.33
41.5,[debug],turtlebot4,simulation,robot-pose,x=-32.89;y=33.97;yaw=-3.10
41.5,[debug],turtlebot4,simulation,robot-pose,x=-32.89;y=33.97;yaw=-3.10
41.5,[debug],turtlebot5,simulation,robot-pose,x=-20.99;y=18.00;yaw=-1.54
41.5,[debug],turtlebot5,simulation,robot-pose,x=-20.99;y=18.00;yaw=-1.54
51.9833333492,[debug],turtlebot2,move-base-info,Hooray, the base moved arrived,(x=-37;y=33.95)
52.0499999523,[debug],turtlebot2,move-base-info,Hooray, the base moved arrived,(x=-37;y=33.95)
52.1333334446,[debug],turtlebot2,task-update,navigation,way-point-reached,33.33333333333333%
56.2833333015,[debug],turtlebot1,simulation,robot-pose,x=-13.49;y=18.00;yaw=-1.48
56.2833333015,[debug],turtlebot1,simulation,robot-pose,x=-13.49;y=18.00;yaw=-1.48
56.4833333492,[debug],turtlebot2,simulation,robot-pose,x=-37.40;y=34.22;yaw=-1.52
56.4833333492,[debug],turtlebot2,simulation,robot-pose,x=-37.40;y=34.22;yaw=-1.52
56.4833333492,[debug],turtlebot3,simulation,robot-pose,x=-40.39;y=25.23;yaw=0.33
56.4833333492,[debug],turtlebot3,simulation,robot-pose,x=-40.39;y=25.23;yaw=0.33
56.5,[debug],turtlebot4,simulation,robot-pose,x=-32.89;y=33.97;yaw=-3.10
56.5,[debug],turtlebot4,simulation,robot-pose,x=-32.89;y=33.97;yaw=-3.10
56.5,[debug],turtlebot5,simulation,robot-pose,x=-20.99;y=18.00;yaw=-1.54
56.5,[debug],turtlebot5,simulation,robot-pose,x=-20.99;y=18.00;yaw=-1.54
65.0666666031,[info],turtlebot2,skill-life-cycle,navigation,(status=RUNNING, parameters=[[-37.0, 33.95, -1.5707963267948966, True], [-37.0, 21.5, 3.141592653589793, True], [-38.0, 21.5, 0.0, False]])
71.2833333015,[debug],turtlebot1,simulation,robot-pose,x=-13.49;y=18.00;yaw=-1.46
71.2833333015,[debug],turtlebot1,simulation,robot-pose,x=-13.49;y=18.00;yaw=-1.46
71.4833333492,[debug],turtlebot2,simulation,robot-pose,x=-36.96;y=32.42;yaw=-1.64
71.4833333492,[debug],turtlebot2,simulation,robot-pose,x=-36.96;y=32.42;yaw=-1.64
71.4833333492,[debug],turtlebot3,simulation,robot-pose,x=-40.39;y=25.23;yaw=0.33
71.4833333492,[debug],turtlebot3,simulation,robot-pose,x=-40.39;y=25.23;yaw=0.33
71.5,[debug],turtlebot4,simulation,robot-pose,x=-32.89;y=33.97;yaw=-3.10
71.5,[debug],turtlebot4,simulation,robot-pose,x=-32.89;y=33.97;yaw=-3.10
71.5,[debug],turtlebot5,simulation,robot-pose,x=-20.99;y=18.00;yaw=-1.54
71.5,[debug],turtlebot5,simulation,robot-pose,x=-20.99;y=18.00;yaw=-1.54
86.2833333015,[debug],turtlebot1,simulation,robot-pose,x=-13.49;y=17.99;yaw=-1.45
86.2833333015,[debug],turtlebot1,simulation,robot-pose,x=-13.49;y=17.99;yaw=-1.45
86.4833333492,[debug],turtlebot2,simulation,robot-pose,x=-37.02;y=29.86;yaw=-1.77
86.4833333492,[debug],turtlebot2,simulation,robot-pose,x=-37.02;y=29.86;yaw=-1.77
86.4833333492,[debug],turtlebot3,simulation,robot-pose,x=-40.39;y=25.23;yaw=0.33
86.4833333492,[debug],turtlebot3,simulation,robot-pose,x=-40.39;y=25.23;yaw=0.33
86.5,[debug],turtlebot4,simulation,robot-pose,x=-32.90;y=33.97;yaw=-3.10
86.5,[debug],turtlebot4,simulation,robot-pose,x=-32.90;y=33.97;yaw=-3.10
86.5,[debug],turtlebot5,simulation,robot-pose,x=-20.99;y=18.00;yaw=-1.54
86.5,[debug],turtlebot5,simulation,robot-pose,x=-20.99;y=18.00;yaw=-1.54
101.283333302,[debug],turtlebot1,simulation,robot-pose,x=-13.49;y=17.99;yaw=-1.43
101.283333302,[debug],turtlebot1,simulation,robot-pose,x=-13.49;y=17.99;yaw=-1.43
101.483333349,[debug],turtlebot3,simulation,robot-pose,x=-40.39;y=25.23;yaw=0.33
101.483333349,[debug],turtlebot3,simulation,robot-pose,x=-40.39;y=25.23;yaw=0.33
101.483333349,[debug],turtlebot2,simulation,robot-pose,x=-37.04;y=27.36;yaw=-1.67
101.483333349,[debug],turtlebot2,simulation,robot-pose,x=-37.04;y=27.36;yaw=-1.67
101.5,[debug],turtlebot5,simulation,robot-pose,x=-20.99;y=18.00;yaw=-1.54
101.5,[debug],turtlebot4,simulation,robot-pose,x=-32.90;y=33.97;yaw=-3.10
101.5,[debug],turtlebot5,simulation,robot-pose,x=-20.99;y=18.00;yaw=-1.54
101.5,[debug],turtlebot4,simulation,robot-pose,x=-32.90;y=33.97;yaw=-3.10
115.816666603,[info],turtlebot2,skill-life-cycle,navigation,(status=RUNNING, parameters=[[-37.0, 33.95, -1.5707963267948966, True], [-37.0, 21.5, 3.141592653589793, True], [-38.0, 21.5, 0.0, False]])
116.283333302,[debug],turtlebot1,simulation,robot-pose,x=-13.49;y=17.99;yaw=-1.41
116.283333302,[debug],turtlebot1,simulation,robot-pose,x=-13.49;y=17.99;yaw=-1.41
116.483333349,[debug],turtlebot3,simulation,robot-pose,x=-40.39;y=25.23;yaw=0.33
116.483333349,[debug],turtlebot2,simulation,robot-pose,x=-37.21;y=24.70;yaw=-1.64
116.483333349,[debug],turtlebot3,simulation,robot-pose,x=-40.39;y=25.23;yaw=0.33
116.483333349,[debug],turtlebot2,simulation,robot-pose,x=-37.21;y=24.70;yaw=-1.64
116.5,[debug],turtlebot5,simulation,robot-pose,x=-20.99;y=18.00;yaw=-1.54
116.5,[debug],turtlebot4,simulation,robot-pose,x=-32.90;y=33.97;yaw=-3.09
116.5,[debug],turtlebot5,simulation,robot-pose,x=-20.99;y=18.00;yaw=-1.54
116.5,[debug],turtlebot4,simulation,robot-pose,x=-32.90;y=33.97;yaw=-3.09
131.283333302,[debug],turtlebot1,simulation,robot-pose,x=-13.49;y=17.98;yaw=-1.39
131.283333302,[debug],turtlebot1,simulation,robot-pose,x=-13.49;y=17.98;yaw=-1.39
131.483333349,[debug],turtlebot2,simulation,robot-pose,x=-37.37;y=22.06;yaw=-1.61
131.483333349,[debug],turtlebot3,simulation,robot-pose,x=-40.39;y=25.23;yaw=0.33
131.483333349,[debug],turtlebot2,simulation,robot-pose,x=-37.37;y=22.06;yaw=-1.61
131.483333349,[debug],turtlebot3,simulation,robot-pose,x=-40.39;y=25.23;yaw=0.33
131.5,[debug],turtlebot5,simulation,robot-pose,x=-21.00;y=18.00;yaw=-1.54
131.5,[debug],turtlebot5,simulation,robot-pose,x=-21.00;y=18.00;yaw=-1.54
131.5,[debug],turtlebot4,simulation,robot-pose,x=-32.90;y=33.97;yaw=-3.09
131.5,[debug],turtlebot4,simulation,robot-pose,x=-32.90;y=33.97;yaw=-3.09
138.033333302,[debug],turtlebot2,move-base-info,Hooray, the base moved arrived,(x=-37;y=21.5)
138.083333254,[debug],turtlebot2,move-base-info,Hooray, the base moved arrived,(x=-37;y=21.5)
138.183333397,[debug],turtlebot2,task-update,navigation,way-point-reached,66.66666666666666%
146.283333302,[debug],turtlebot1,simulation,robot-pose,x=-13.49;y=17.98;yaw=-1.37
146.283333302,[debug],turtlebot1,simulation,robot-pose,x=-13.49;y=17.98;yaw=-1.37
146.483333349,[debug],turtlebot3,simulation,robot-pose,x=-40.39;y=25.23;yaw=0.33
146.483333349,[debug],turtlebot2,simulation,robot-pose,x=-37.59;y=21.78;yaw=-2.12
146.483333349,[debug],turtlebot3,simulation,robot-pose,x=-40.39;y=25.23;yaw=0.33
146.483333349,[debug],turtlebot2,simulation,robot-pose,x=-37.59;y=21.78;yaw=-2.12
146.5,[debug],turtlebot5,simulation,robot-pose,x=-21.00;y=18.00;yaw=-1.54
146.5,[debug],turtlebot5,simulation,robot-pose,x=-21.00;y=18.00;yaw=-1.54
146.5,[debug],turtlebot4,simulation,robot-pose,x=-32.90;y=33.97;yaw=-3.09
146.5,[debug],turtlebot4,simulation,robot-pose,x=-32.90;y=33.97;yaw=-3.09
152.166666746,[debug],turtlebot2,move-base-info,Hooray, the base moved arrived,(x=-38;y=21.5)
152.166666746,[debug],turtlebot2,move-base-info,Hooray, the base moved arrived,(x=-38;y=21.5)
152.283333302,[debug],turtlebot2,task-update,navigation,way-point-reached,100.0%
152.366666794,[debug],turtlebot2,available-skills,['send_message', 'wait_message', 'approach_person', 'approach_robot', 'authenticate_person', 'deposit', 'navigation', 'operate_drawer', 'pick_up'],
152.366666794,[info],turtlebot2,skill-life-cycle,approach_person,(status=STARTED, parameters=['nurse'])
152.416666746,[debug],turtlebot2,task-update,approach_person,localize-person,(who=nurse)
152.666666746,[debug],turtlebot2,task-update,approach_person,goto-person,(who=nurse)
152.766666651,[debug],turtlebot2,available-skills,['send_message', 'wait_message', 'approach_person', 'approach_robot', 'authenticate_person', 'deposit', 'navigation', 'operate_drawer', 'pick_up'],
152.766666651,[info],turtlebot2,skill-life-cycle,authenticate_person,(status=STARTED, parameters=['nurse'])
152.866666794,[debug],turtlebot2,task-update,authenticate_person,request-authentication,(to=nurse)
152.866666794,[info],nurse,sync,received-request,(status=sending-request)
152.866666794,[info],nurse,sync,received-request,(status=sending-request)
153.299999952,[debug],turtlebot2,task-update,authenticate_person,received-authentication,(from=nurse)
153.383333445,[debug],turtlebot2,available-skills,['send_message', 'wait_message', 'approach_person', 'approach_robot', 'authenticate_person', 'deposit', 'navigation', 'operate_drawer', 'pick_up'],
153.383333445,[info],turtlebot2,skill-life-cycle,operate_drawer,(status=STARTED, parameters=['open'])
153.450000048,[debug],turtlebot2,task-update,operate_drawer,open
154.400000095,[debug],turtlebot2,available-skills,['send_message', 'wait_message', 'approach_person', 'approach_robot', 'authenticate_person', 'deposit', 'navigation', 'operate_drawer', 'pick_up'],
154.400000095,[info],turtlebot2,skill-life-cycle,send_message,(status=STARTED, parameters=['nurse'])
154.483333349,[info],turtlebot2,sync,send-message,(to=nurse)
155.383333445,[info],nurse,sync,wait-message,(status=message-received)
155.383333445,[info],nurse,sync,wait-message,(status=message-received)
158.166666746,[debug],turtlebot2,available-skills,['send_message', 'wait_message', 'approach_person', 'approach_robot', 'authenticate_person', 'deposit', 'navigation', 'operate_drawer', 'pick_up'],
158.166666746,[info],turtlebot2,skill-life-cycle,wait_message,(status=STARTED, parameters=['r1'])
159.433333397,[info],turtlebot2,sync,wait-message,(status=message-received)
159.516666651,[debug],turtlebot2,available-skills,['send_message', 'wait_message', 'approach_person', 'approach_robot', 'authenticate_person', 'deposit', 'navigation', 'operate_drawer', 'pick_up'],
159.516666651,[info],turtlebot2,skill-life-cycle,operate_drawer,(status=STARTED, parameters=['close'])
159.583333254,[debug],turtlebot2,task-update,operate_drawer,close
160.599999905,[debug],turtlebot2,available-skills,['send_message', 'wait_message', 'approach_person', 'approach_robot', 'authenticate_person', 'deposit', 'navigation', 'operate_drawer', 'pick_up'],
160.599999905,[info],turtlebot2,skill-life-cycle,navigation,(status=STARTED, parameters=[[-37.0, 21.5, -1.5707963267948966, True], [-37.0, 16.0, 0.0, True], [-26.0, 16.0, -1.5707963267948966, True], [-26.0, 13.0, 1.57, False]])
161.283333302,[debug],turtlebot1,simulation,robot-pose,x=-13.48;y=17.98;yaw=-1.35
161.283333302,[debug],turtlebot1,simulation,robot-pose,x=-13.48;y=17.98;yaw=-1.35
161.483333349,[debug],turtlebot3,simulation,robot-pose,x=-40.39;y=25.23;yaw=0.33
161.483333349,[debug],turtlebot3,simulation,robot-pose,x=-40.39;y=25.23;yaw=0.33
161.483333349,[debug],turtlebot2,simulation,robot-pose,x=-37.64;y=21.75;yaw=-0.04
161.483333349,[debug],turtlebot2,simulation,robot-pose,x=-37.64;y=21.75;yaw=-0.04
161.5,[debug],turtlebot4,simulation,robot-pose,x=-32.90;y=33.97;yaw=-3.09
161.5,[debug],turtlebot4,simulation,robot-pose,x=-32.90;y=33.97;yaw=-3.09
161.5,[debug],turtlebot5,simulation,robot-pose,x=-21.00;y=18.00;yaw=-1.54
161.5,[debug],turtlebot5,simulation,robot-pose,x=-21.00;y=18.00;yaw=-1.54
165.383333445,[info],nurse,sync,wait-message,(status=message-received)
165.383333445,[info],nurse,sync,wait-message,(status=message-received)
169.366666794,[info],turtlebot2,skill-life-cycle,navigation,(status=RUNNING, parameters=[[-37.0, 21.5, -1.5707963267948966, True], [-37.0, 16.0, 0.0, True], [-26.0, 16.0, -1.5707963267948966, True], [-26.0, 13.0, 1.57, False]])
171.116666794,[debug],turtlebot2,move-base-info,Hooray, the base moved arrived,(x=-37;y=21.5)
171.116666794,[debug],turtlebot2,move-base-info,Hooray, the base moved arrived,(x=-37;y=21.5)
171.200000048,[debug],turtlebot2,task-update,navigation,way-point-reached,25.0%
172.866666794,[info],nurse,sync,request-sent,(status=waiting)
172.866666794,[info],nurse,sync,request-sent,(status=waiting)
175.383333445,[info],nurse,sync,wait-message,(status=message-received)
175.383333445,[info],nurse,sync,wait-message,(status=message-received)
176.283333302,[debug],turtlebot1,simulation,robot-pose,x=-13.48;y=17.97;yaw=-1.33
176.283333302,[debug],turtlebot1,simulation,robot-pose,x=-13.48;y=17.97;yaw=-1.33
176.483333349,[debug],turtlebot3,simulation,robot-pose,x=-40.39;y=25.23;yaw=0.33
176.483333349,[debug],turtlebot3,simulation,robot-pose,x=-40.39;y=25.23;yaw=0.33
176.483333349,[debug],turtlebot2,simulation,robot-pose,x=-37.40;y=21.68;yaw=-1.41
176.483333349,[debug],turtlebot2,simulation,robot-pose,x=-37.40;y=21.68;yaw=-1.41
176.5,[debug],turtlebot4,simulation,robot-pose,x=-32.90;y=33.97;yaw=-3.09
176.5,[debug],turtlebot4,simulation,robot-pose,x=-32.90;y=33.97;yaw=-3.09
176.5,[debug],turtlebot5,simulation,robot-pose,x=-21.00;y=18.00;yaw=-1.54
176.5,[debug],turtlebot5,simulation,robot-pose,x=-21.00;y=18.00;yaw=-1.54
185.383333445,[info],nurse,sync,wait-message,(status=message-received)
185.383333445,[info],nurse,sync,wait-message,(status=message-received)
191.283333302,[debug],turtlebot1,simulation,robot-pose,x=-13.48;y=17.97;yaw=-1.31
191.283333302,[debug],turtlebot1,simulation,robot-pose,x=-13.48;y=17.97;yaw=-1.31
191.483333349,[debug],turtlebot2,simulation,robot-pose,x=-37.05;y=19.60;yaw=-1.58
191.483333349,[debug],turtlebot2,simulation,robot-pose,x=-37.05;y=19.60;yaw=-1.58
191.483333349,[debug],turtlebot3,simulation,robot-pose,x=-40.39;y=25.23;yaw=0.33
191.483333349,[debug],turtlebot3,simulation,robot-pose,x=-40.39;y=25.23;yaw=0.33
191.5,[debug],turtlebot5,simulation,robot-pose,x=-21.00;y=18.00;yaw=-1.54
191.5,[debug],turtlebot5,simulation,robot-pose,x=-21.00;y=18.00;yaw=-1.54
191.5,[debug],turtlebot4,simulation,robot-pose,x=-32.90;y=33.97;yaw=-3.09
191.5,[debug],turtlebot4,simulation,robot-pose,x=-32.90;y=33.97;yaw=-3.09
206.283333302,[debug],turtlebot1,simulation,robot-pose,x=-13.47;y=17.97;yaw=-1.29
206.283333302,[debug],turtlebot1,simulation,robot-pose,x=-13.47;y=17.97;yaw=-1.29
206.483333349,[debug],turtlebot2,simulation,robot-pose,x=-37.06;y=17.08;yaw=-1.74
206.483333349,[debug],turtlebot2,simulation,robot-pose,x=-37.06;y=17.08;yaw=-1.74
206.483333349,[debug],turtlebot3,simulation,robot-pose,x=-40.39;y=25.23;yaw=0.33
206.483333349,[debug],turtlebot3,simulation,robot-pose,x=-40.39;y=25.23;yaw=0.33
206.5,[debug],turtlebot4,simulation,robot-pose,x=-32.91;y=33.97;yaw=-3.09
206.5,[debug],turtlebot4,simulation,robot-pose,x=-32.91;y=33.97;yaw=-3.09
206.5,[debug],turtlebot5,simulation,robot-pose,x=-21.01;y=18.00;yaw=-1.54
206.5,[debug],turtlebot5,simulation,robot-pose,x=-21.01;y=18.00;yaw=-1.54
215.866666794,[debug],turtlebot2,move-base-info,Hooray, the base moved arrived,(x=-37;y=16)
215.866666794,[debug],turtlebot2,move-base-info,Hooray, the base moved arrived,(x=-37;y=16)
215.966666698,[debug],turtlebot2,task-update,navigation,way-point-reached,50.0%
220.716666698,[info],turtlebot2,skill-life-cycle,navigation,(status=RUNNING, parameters=[[-37.0, 21.5, -1.5707963267948966, True], [-37.0, 16.0, 0.0, True], [-26.0, 16.0, -1.5707963267948966, True], [-26.0, 13.0, 1.57, False]])
221.283333302,[debug],turtlebot1,simulation,robot-pose,x=-13.47;y=17.96;yaw=-1.27
221.283333302,[debug],turtlebot1,simulation,robot-pose,x=-13.47;y=17.96;yaw=-1.27
221.483333349,[debug],turtlebot3,simulation,robot-pose,x=-40.39;y=25.23;yaw=0.33
221.483333349,[debug],turtlebot3,simulation,robot-pose,x=-40.39;y=25.23;yaw=0.33
221.483333349,[debug],turtlebot2,simulation,robot-pose,x=-37.23;y=16.36;yaw=-0.23
221.483333349,[debug],turtlebot2,simulation,robot-pose,x=-37.23;y=16.36;yaw=-0.23
221.5,[debug],turtlebot5,simulation,robot-pose,x=-21.01;y=18.00;yaw=-1.54
221.5,[debug],turtlebot5,simulation,robot-pose,x=-21.01;y=18.00;yaw=-1.54
221.5,[debug],turtlebot4,simulation,robot-pose,x=-32.91;y=33.97;yaw=-3.08
221.5,[debug],turtlebot4,simulation,robot-pose,x=-32.91;y=33.97;yaw=-3.08
236.283333302,[debug],turtlebot1,simulation,robot-pose,x=-13.47;y=17.96;yaw=-1.25
236.283333302,[debug],turtlebot1,simulation,robot-pose,x=-13.47;y=17.96;yaw=-1.25
236.483333349,[debug],turtlebot3,simulation,robot-pose,x=-40.39;y=25.23;yaw=0.33
236.483333349,[debug],turtlebot2,simulation,robot-pose,x=-36.14;y=15.49;yaw=-0.49
236.483333349,[debug],turtlebot3,simulation,robot-pose,x=-40.39;y=25.23;yaw=0.33
236.483333349,[debug],turtlebot2,simulation,robot-pose,x=-36.14;y=15.49;yaw=-0.49
236.5,[debug],turtlebot5,simulation,robot-pose,x=-21.01;y=18.00;yaw=-1.54
236.5,[debug],turtlebot5,simulation,robot-pose,x=-21.01;y=18.00;yaw=-1.54
236.5,[debug],turtlebot4,simulation,robot-pose,x=-32.91;y=33.97;yaw=-3.07
236.5,[debug],turtlebot4,simulation,robot-pose,x=-32.91;y=33.97;yaw=-3.07
251.283333302,[debug],turtlebot1,simulation,robot-pose,x=-13.46;y=17.96;yaw=-1.23
251.283333302,[debug],turtlebot1,simulation,robot-pose,x=-13.46;y=17.96;yaw=-1.23
251.483333349,[debug],turtlebot2,simulation,robot-pose,x=-34.90;y=15.29;yaw=0.05
251.483333349,[debug],turtlebot2,simulation,robot-pose,x=-34.90;y=15.29;yaw=0.05
251.483333349,[debug],turtlebot3,simulation,robot-pose,x=-40.39;y=25.23;yaw=0.33
251.483333349,[debug],turtlebot3,simulation,robot-pose,x=-40.39;y=25.23;yaw=0.33
251.5,[debug],turtlebot5,simulation,robot-pose,x=-21.02;y=18.00;yaw=-1.54
251.5,[debug],turtlebot4,simulation,robot-pose,x=-32.91;y=33.97;yaw=-3.06
251.5,[debug],turtlebot5,simulation,robot-pose,x=-21.02;y=18.00;yaw=-1.54
251.5,[debug],turtlebot4,simulation,robot-pose,x=-32.91;y=33.97;yaw=-3.06
266.283333302,[debug],turtlebot1,simulation,robot-pose,x=-13.46;y=17.95;yaw=-1.21
266.283333302,[debug],turtlebot1,simulation,robot-pose,x=-13.46;y=17.95;yaw=-1.21
266.483333349,[debug],turtlebot3,simulation,robot-pose,x=-40.39;y=25.23;yaw=0.33
266.483333349,[debug],turtlebot3,simulation,robot-pose,x=-40.39;y=25.23;yaw=0.33
266.483333349,[debug],turtlebot2,simulation,robot-pose,x=-33.65;y=15.31;yaw=-0.03
266.483333349,[debug],turtlebot2,simulation,robot-pose,x=-33.65;y=15.31;yaw=-0.03
266.5,[debug],turtlebot4,simulation,robot-pose,x=-32.91;y=33.97;yaw=-3.06
266.5,[debug],turtlebot4,simulation,robot-pose,x=-32.91;y=33.97;yaw=-3.06
266.5,[debug],turtlebot5,simulation,robot-pose,x=-21.02;y=18.00;yaw=-1.54
266.5,[debug],turtlebot5,simulation,robot-pose,x=-21.02;y=18.00;yaw=-1.54
271.033333302,[info],turtlebot2,skill-life-cycle,navigation,(status=RUNNING, parameters=[[-37.0, 21.5, -1.5707963267948966, True], [-37.0, 16.0, 0.0, True], [-26.0, 16.0, -1.5707963267948966, True], [-26.0, 13.0, 1.57, False]])
281.283333302,[debug],turtlebot1,simulation,robot-pose,x=-13.46;y=17.95;yaw=-1.19
281.283333302,[debug],turtlebot1,simulation,robot-pose,x=-13.46;y=17.95;yaw=-1.19
281.483333349,[debug],turtlebot3,simulation,robot-pose,x=-40.39;y=25.23;yaw=0.33
281.483333349,[debug],turtlebot3,simulation,robot-pose,x=-40.39;y=25.23;yaw=0.33
281.483333349,[debug],turtlebot2,simulation,robot-pose,x=-32.40;y=15.34;yaw=0.01
281.483333349,[debug],turtlebot2,simulation,robot-pose,x=-32.40;y=15.34;yaw=0.01
281.5,[debug],turtlebot5,simulation,robot-pose,x=-21.03;y=18.00;yaw=-1.54
281.5,[debug],turtlebot4,simulation,robot-pose,x=-32.92;y=33.98;yaw=-3.05
281.5,[debug],turtlebot5,simulation,robot-pose,x=-21.03;y=18.00;yaw=-1.54
281.5,[debug],turtlebot4,simulation,robot-pose,x=-32.92;y=33.98;yaw=-3.05
296.283333302,[debug],turtlebot1,simulation,robot-pose,x=-13.45;y=17.95;yaw=-1.17
296.283333302,[debug],turtlebot1,simulation,robot-pose,x=-13.45;y=17.95;yaw=-1.17
296.483333349,[debug],turtlebot3,simulation,robot-pose,x=-40.39;y=25.23;yaw=0.33
296.483333349,[debug],turtlebot3,simulation,robot-pose,x=-40.39;y=25.23;yaw=0.33
296.483333349,[debug],turtlebot2,simulation,robot-pose,x=-31.15;y=15.30;yaw=-0.01
296.483333349,[debug],turtlebot2,simulation,robot-pose,x=-31.15;y=15.30;yaw=-0.01
296.5,[debug],turtlebot4,simulation,robot-pose,x=-32.92;y=33.98;yaw=-3.05
296.5,[debug],turtlebot5,simulation,robot-pose,x=-21.03;y=18.00;yaw=-1.54
296.5,[debug],turtlebot4,simulation,robot-pose,x=-32.92;y=33.98;yaw=-3.05
296.5,[debug],turtlebot5,simulation,robot-pose,x=-21.03;y=18.00;yaw=-1.54
311.283333302,[debug],turtlebot1,simulation,robot-pose,x=-13.45;y=17.94;yaw=-1.15
311.283333302,[debug],turtlebot1,simulation,robot-pose,x=-13.45;y=17.94;yaw=-1.15
311.483333349,[debug],turtlebot3,simulation,robot-pose,x=-40.39;y=25.23;yaw=0.33
311.483333349,[debug],turtlebot2,simulation,robot-pose,x=-29.89;y=15.30;yaw=0.01
311.483333349,[debug],turtlebot3,simulation,robot-pose,x=-40.39;y=25.23;yaw=0.33
311.483333349,[debug],turtlebot2,simulation,robot-pose,x=-29.89;y=15.30;yaw=0.01
311.5,[debug],turtlebot5,simulation,robot-pose,x=-21.03;y=18.00;yaw=-1.54
311.5,[debug],turtlebot5,simulation,robot-pose,x=-21.03;y=18.00;yaw=-1.54
311.5,[debug],turtlebot4,simulation,robot-pose,x=-32.92;y=33.98;yaw=-3.06
311.5,[debug],turtlebot4,simulation,robot-pose,x=-32.92;y=33.98;yaw=-3.06
321.033333302,[info],turtlebot2,skill-life-cycle,navigation,(status=RUNNING, parameters=[[-37.0, 21.5, -1.5707963267948966, True], [-37.0, 16.0, 0.0, True], [-26.0, 16.0, -1.5707963267948966, True], [-26.0, 13.0, 1.57, False]])
326.283333302,[debug],turtlebot1,simulation,robot-pose,x=-13.45;y=17.94;yaw=-1.14
326.283333302,[debug],turtlebot1,simulation,robot-pose,x=-13.45;y=17.94;yaw=-1.14
326.483333349,[debug],turtlebot2,simulation,robot-pose,x=-28.65;y=15.35;yaw=0.21
326.483333349,[debug],turtlebot2,simulation,robot-pose,x=-28.65;y=15.35;yaw=0.21
326.483333349,[debug],turtlebot3,simulation,robot-pose,x=-40.39;y=25.23;yaw=0.33
326.483333349,[debug],turtlebot3,simulation,robot-pose,x=-40.39;y=25.23;yaw=0.33
326.5,[debug],turtlebot4,simulation,robot-pose,x=-32.92;y=33.98;yaw=-3.06
326.5,[debug],turtlebot4,simulation,robot-pose,x=-32.92;y=33.98;yaw=-3.06
326.5,[debug],turtlebot5,simulation,robot-pose,x=-21.03;y=18.00;yaw=-1.54
326.5,[debug],turtlebot5,simulation,robot-pose,x=-21.03;y=18.00;yaw=-1.54
341.283333302,[debug],turtlebot1,simulation,robot-pose,x=-13.44;y=17.94;yaw=-1.13
341.283333302,[debug],turtlebot1,simulation,robot-pose,x=-13.44;y=17.94;yaw=-1.13
341.483333349,[debug],turtlebot2,simulation,robot-pose,x=-27.42;y=15.71;yaw=0.26
341.483333349,[debug],turtlebot2,simulation,robot-pose,x=-27.42;y=15.71;yaw=0.26
341.483333349,[debug],turtlebot3,simulation,robot-pose,x=-40.39;y=25.23;yaw=0.33
341.483333349,[debug],turtlebot3,simulation,robot-pose,x=-40.39;y=25.23;yaw=0.33
341.5,[debug],turtlebot4,simulation,robot-pose,x=-32.93;y=33.98;yaw=-3.06
341.5,[debug],turtlebot4,simulation,robot-pose,x=-32.93;y=33.98;yaw=-3.06
341.5,[debug],turtlebot5,simulation,robot-pose,x=-21.03;y=18.00;yaw=-1.54
341.5,[debug],turtlebot5,simulation,robot-pose,x=-21.03;y=18.00;yaw=-1.54
356.283333302,[debug],turtlebot1,simulation,robot-pose,x=-13.44;y=17.94;yaw=-1.12
356.283333302,[debug],turtlebot1,simulation,robot-pose,x=-13.44;y=17.94;yaw=-1.12
356.483333349,[debug],turtlebot2,simulation,robot-pose,x=-26.46;y=16.01;yaw=-1.24
356.483333349,[debug],turtlebot2,simulation,robot-pose,x=-26.46;y=16.01;yaw=-1.24
356.483333349,[debug],turtlebot3,simulation,robot-pose,x=-40.39;y=25.23;yaw=0.33
356.483333349,[debug],turtlebot3,simulation,robot-pose,x=-40.39;y=25.23;yaw=0.33
356.5,[debug],turtlebot4,simulation,robot-pose,x=-32.93;y=33.98;yaw=-3.06
356.5,[debug],turtlebot4,simulation,robot-pose,x=-32.93;y=33.98;yaw=-3.06
356.5,[debug],turtlebot5,simulation,robot-pose,x=-21.03;y=18.00;yaw=-1.54
356.5,[debug],turtlebot5,simulation,robot-pose,x=-21.03;y=18.00;yaw=-1.54
357.783333302,[debug],turtlebot2,move-base-info,Hooray, the base moved arrived,(x=-26;y=16)
357.783333302,[debug],turtlebot2,move-base-info,Hooray, the base moved arrived,(x=-26;y=16)
357.950000048,[debug],turtlebot2,task-update,navigation,way-point-reached,75.0%
371.283333302,[debug],turtlebot1,simulation,robot-pose,x=-13.44;y=17.93;yaw=-1.12
371.283333302,[debug],turtlebot1,simulation,robot-pose,x=-13.44;y=17.93;yaw=-1.12
371.483333349,[debug],turtlebot3,simulation,robot-pose,x=-40.39;y=25.23;yaw=0.33
371.483333349,[debug],turtlebot3,simulation,robot-pose,x=-40.39;y=25.23;yaw=0.33
371.483333349,[debug],turtlebot2,simulation,robot-pose,x=-26.18;y=14.88;yaw=-1.59
371.483333349,[debug],turtlebot2,simulation,robot-pose,x=-26.18;y=14.88;yaw=-1.59
371.5,[debug],turtlebot5,simulation,robot-pose,x=-21.03;y=18.00;yaw=-1.54
371.5,[debug],turtlebot4,simulation,robot-pose,x=-32.93;y=33.98;yaw=-3.06
371.5,[debug],turtlebot5,simulation,robot-pose,x=-21.03;y=18.00;yaw=-1.54
371.5,[debug],turtlebot4,simulation,robot-pose,x=-32.93;y=33.98;yaw=-3.06
371.599999905,[info],turtlebot2,skill-life-cycle,navigation,(status=RUNNING, parameters=[[-37.0, 21.5, -1.5707963267948966, True], [-37.0, 16.0, 0.0, True], [-26.0, 16.0, -1.5707963267948966, True], [-26.0, 13.0, 1.57, False]])
386.283333302,[debug],turtlebot1,simulation,robot-pose,x=-13.44;y=17.93;yaw=-1.11
386.283333302,[debug],turtlebot1,simulation,robot-pose,x=-13.44;y=17.93;yaw=-1.11
386.483333349,[debug],turtlebot3,simulation,robot-pose,x=-40.39;y=25.23;yaw=0.33
386.483333349,[debug],turtlebot3,simulation,robot-pose,x=-40.39;y=25.23;yaw=0.33
386.483333349,[debug],turtlebot2,simulation,robot-pose,x=-25.89;y=13.45;yaw=-2.12
386.483333349,[debug],turtlebot2,simulation,robot-pose,x=-25.89;y=13.45;yaw=-2.12
386.5,[debug],turtlebot4,simulation,robot-pose,x=-32.93;y=33.98;yaw=-3.06
386.5,[debug],turtlebot4,simulation,robot-pose,x=-32.93;y=33.98;yaw=-3.06
386.5,[debug],turtlebot5,simulation,robot-pose,x=-21.03;y=18.00;yaw=-1.54
386.5,[debug],turtlebot5,simulation,robot-pose,x=-21.03;y=18.00;yaw=-1.54
393.283333302,[debug],turtlebot2,move-base-info,Hooray, the base moved arrived,(x=-26;y=13)
393.283333302,[debug],turtlebot2,move-base-info,Hooray, the base moved arrived,(x=-26;y=13)
393.549999952,[debug],turtlebot2,task-update,navigation,way-point-reached,100.0%
393.633333445,[debug],turtlebot2,available-skills,['send_message', 'wait_message', 'approach_person', 'approach_robot', 'authenticate_person', 'deposit', 'navigation', 'operate_drawer', 'pick_up'],
393.633333445,[info],turtlebot2,skill-life-cycle,approach_robot,(status=STARTED, parameters=['lab_arm'])
393.700000048,[debug],turtlebot2,task-update,approach_robot,localize-robot,(who=lab_arm)
393.799999952,[debug],turtlebot2,task-update,approach_robot,goto-robot,(who=lab_arm)
393.883333445,[debug],turtlebot2,available-skills,['send_message', 'wait_message', 'approach_person', 'approach_robot', 'authenticate_person', 'deposit', 'navigation', 'operate_drawer', 'pick_up'],
393.883333445,[info],turtlebot2,skill-life-cycle,operate_drawer,(status=STARTED, parameters=['open'])
393.966666698,[debug],turtlebot2,task-update,operate_drawer,open
394.983333349,[debug],turtlebot2,available-skills,['send_message', 'wait_message', 'approach_person', 'approach_robot', 'authenticate_person', 'deposit', 'navigation', 'operate_drawer', 'pick_up'],
394.983333349,[info],turtlebot2,skill-life-cycle,send_message,(status=STARTED, parameters=['lab_arm'])
395.066666603,[info],turtlebot2,sync,send-message,(to=lab_arm)
396.0,[info],lab_arm,sync,wait-message,(status=message-received)
396.0,[info],Inventory,sync,wait-sample,(status=sample-received)
396.0,ENDSIM
396.066666603,[info],lab_arm,sync,wait-message,(status=message-received)
396.066666603,[info],Inventory,sync,wait-sample,(status=sample-received)
396.066666603,ENDSIM
401.283333302,[debug],turtlebot1,simulation,robot-pose,x=-13.43;y=17.93;yaw=-1.10
401.283333302,[debug],turtlebot1,simulation,robot-pose,x=-13.43;y=17.93;yaw=-1.10
401.483333349,[debug],turtlebot3,simulation,robot-pose,x=-40.39;y=25.23;yaw=0.33
401.483333349,[debug],turtlebot3,simulation,robot-pose,x=-40.39;y=25.23;yaw=0.33
401.483333349,[debug],turtlebot2,simulation,robot-pose,x=-25.92;y=13.39;yaw=1.62
401.483333349,[debug],turtlebot2,simulation,robot-pose,x=-25.92;y=13.39;yaw=1.62
401.5,[debug],turtlebot4,simulation,robot-pose,x=-32.93;y=33.98;yaw=-3.06
401.5,[debug],turtlebot4,simulation,robot-pose,x=-32.93;y=33.98;yaw=-3.06
401.5,[debug],turtlebot5,simulation,robot-pose,x=-21.03;y=18.00;yaw=-1.54
401.5,[debug],turtlebot5,simulation,robot-pose,x=-21.03;y=18.00;yaw=-1.54
406.0,[info],Inventory,sync,wait-sample,(status=sample-received)
406.0,ENDSIM
406.0,[info],lab_arm,sync,wait-message,(status=message-received)
406.0,[info],Inventory,sync,wait-sample,(status=sample-received)
406.0,ENDSIM
406.016666651,[info],Inventory,sync,wait-sample,(status=sample-received)
406.016666651,ENDSIM
406.033333302,[info],lab_arm,sync,wait-message,(status=message-received)
406.033333302,[info],Inventory,sync,wait-sample,(status=sample-received)
406.033333302,ENDSIM
0.0,[debug],simulation closed,reach-target,execution-wall-clock=485.52047538757324
