0.0,0.0,[debug],logger,init,time
ROBOTS_CONFIG=[{"avg_speed": 0.15, "battery_charge": 0.15, "battery_discharge_rate": 0.0001, "id": 0, "local_plan": null, "location": "PC Room 8", "position": [-11.5, 18.0, -1.57], "skills": ["approach_person", "approach_robot", "authenticate_person", "deposit", "navigation", "operate_drawer", "pick_up"]}, {"avg_speed": 0.15, "battery_charge": 0.66, "battery_discharge_rate": 0.00014000000000000001, "id": 1, "local_plan": null, "location": "PC Room 3", "position": [-28.5, 18.0, -1.57], "skills": ["approach_person", "approach_robot", "authenticate_person", "deposit", "navigation", "operate_drawer", "pick_up"]}, {"avg_speed": 0.15, "battery_charge": 0.14, "battery_discharge_rate": 0.00011, "id": 2, "local_plan": [["navigation", ["IC Room 6", [[-27.23, 18.0, -1.57], [-27.23, 16.0], [-37.0, 16.0], [-37.0, 18.93], [-33.9, 18.93, 3.14]]]], ["approach_person", ["nurse"]], ["authenticate_person", ["nurse"]], ["operate_drawer", ["open"]], ["send_message", ["nurse"]], ["wait_message", ["r1"]], ["operate_drawer", ["close"]], ["navigation", ["Laboratory", [[-33.9, 18.93, 3.14], [-37.0, 18.93], [-37.0, 16.0], [-26.0, 16.0], [-26.0, 13.0, 1.57]]]], ["approach_robot", ["lab_arm"]], ["operate_drawer", ["open"]], ["send_message", ["lab_arm"]], ["wait_message", ["r1"]], ["operate_drawer", ["close"]]], "location": "PC Room 4", "position": [-27.23, 18.0, -1.57], "skills": ["approach_person", "approach_robot", "authenticate_person", "deposit", "navigation", "pick_up"]}, {"avg_speed": 0.15, "battery_charge": 0.54, "battery_discharge_rate": 0.00017, "id": 3, "local_plan": null, "location": "IC Room 3", "position": [-40.23, 25.37, 0.0], "skills": ["approach_person", "approach_robot", "authenticate_person", "deposit", "navigation", "pick_up"]}, {"avg_speed": 0.15, "battery_charge": 0.6, "battery_discharge_rate": 0.00018, "id": 4, "local_plan": null, "location": "IC Room 5", "position": [-32.88, 33.98, 3.14], "skills": ["approach_person", "approach_robot", "authenticate_person", "deposit", "navigation", "pick_up"]}]
NURSES_CONFIG=[{"location": "IC Room 6", "position": [-32.9, 19.93, 3.14]}]
logger,1625913958124227046,Simulation open
0.0,[debug],logger,init,subcribing to in the topic /log
1.09999990463,[debug],turtlebot1,move-base-info,Move_base is up and ok....,
1.65000009537,[debug],turtlebot5,move-base-info,Move_base is up and ok....,
2.48333334923,[debug],turtlebot2,move-base-info,Move_base is up and ok....,
2.5,[debug],turtlebot3,move-base-info,Move_base is up and ok....,
2.65000009537,[info],turtlebot4,skill-life-cycle,init_robobt,(status=RUNNING, parameters=[])
2.65000009537,[debug],turtlebot4,move-base-info,Move_base is up and ok....,
2.66666674614,[info],turtlebot5,skill-life-cycle,init_robobt,(status=RUNNING, parameters=[])
2.81666660309,[debug],turtlebot4,move-base-info,Move_base is up and ok....,
6.21666669846,[debug],turtlebot3,available-skills,['send_message', 'wait_message', 'approach_person', 'approach_robot', 'authenticate_person', 'deposit', 'navigation', 'pick_up'],
6.21666669846,[info],turtlebot3,skill-life-cycle,navigation,(status=STARTED, parameters=[[-27.23, 16.0, 3.141592653589793, True], [-37.0, 16.0, 1.5707963267948966, True], [-37.0, 18.93, 0.0, True], [-33.9, 18.93, 3.14, False]])
22.2833333015,[debug],turtlebot1,simulation,robot-pose,x=-11.46;y=17.82;yaw=-1.25
22.2833333015,[debug],turtlebot1,simulation,robot-pose,x=-11.46;y=17.82;yaw=-1.25
24.4666666985,[debug],turtlebot2,simulation,robot-pose,x=-28.68;y=17.88;yaw=-0.79
24.4666666985,[debug],turtlebot2,simulation,robot-pose,x=-28.68;y=17.88;yaw=-0.79
24.6333334446,[debug],turtlebot3,simulation,robot-pose,x=-27.15;y=16.84;yaw=-1.55
24.6333334446,[debug],turtlebot3,simulation,robot-pose,x=-27.15;y=16.84;yaw=-1.55
24.9000000954,[debug],turtlebot4,simulation,robot-pose,x=-40.39;y=25.23;yaw=0.34
24.9000000954,[debug],turtlebot4,simulation,robot-pose,x=-40.39;y=25.23;yaw=0.34
25.1666667461,[debug],turtlebot5,simulation,robot-pose,x=-32.89;y=33.97;yaw=-3.10
25.2666666508,[debug],turtlebot5,simulation,robot-pose,x=-32.89;y=33.97;yaw=-3.10
32.6333334446,[debug],turtlebot3,move-base-info,Hooray, the base moved arrived,(x=-27.23;y=16)
32.6333334446,[debug],turtlebot3,move-base-info,Hooray, the base moved arrived,(x=-27.23;y=16)
32.7000000477,[debug],turtlebot3,task-update,navigation,way-point-reached,25.0%
37.2833333015,[debug],turtlebot1,simulation,robot-pose,x=-11.46;y=17.82;yaw=-1.25
37.2833333015,[debug],turtlebot1,simulation,robot-pose,x=-11.46;y=17.82;yaw=-1.25
39.4666666985,[debug],turtlebot2,simulation,robot-pose,x=-28.68;y=17.88;yaw=-0.80
39.4666666985,[debug],turtlebot2,simulation,robot-pose,x=-28.68;y=17.88;yaw=-0.80
39.6333334446,[debug],turtlebot3,simulation,robot-pose,x=-27.45;y=16.41;yaw=-2.86
39.6333334446,[debug],turtlebot3,simulation,robot-pose,x=-27.45;y=16.41;yaw=-2.86
39.9000000954,[debug],turtlebot4,simulation,robot-pose,x=-40.39;y=25.23;yaw=0.33
40.0,[debug],turtlebot4,simulation,robot-pose,x=-40.39;y=25.23;yaw=0.33
40.1666667461,[debug],turtlebot5,simulation,robot-pose,x=-32.89;y=33.97;yaw=-3.10
40.1666667461,[debug],turtlebot5,simulation,robot-pose,x=-32.89;y=33.97;yaw=-3.10
52.2833333015,[debug],turtlebot1,simulation,robot-pose,x=-11.46;y=17.82;yaw=-1.25
52.3166666031,[debug],turtlebot1,simulation,robot-pose,x=-11.46;y=17.82;yaw=-1.25
52.9666666985,[info],turtlebot3,skill-life-cycle,navigation,(status=RUNNING, parameters=[[-27.23, 16.0, 3.141592653589793, True], [-37.0, 16.0, 1.5707963267948966, True], [-37.0, 18.93, 0.0, True], [-33.9, 18.93, 3.14, False]])
54.4666666985,[debug],turtlebot2,simulation,robot-pose,x=-28.69;y=17.88;yaw=-0.80
54.4666666985,[debug],turtlebot2,simulation,robot-pose,x=-28.69;y=17.88;yaw=-0.80
54.6333334446,[debug],turtlebot3,simulation,robot-pose,x=-29.52;y=16.05;yaw=3.14
54.7833333015,[debug],turtlebot3,simulation,robot-pose,x=-29.52;y=16.05;yaw=3.14
54.9000000954,[debug],turtlebot4,simulation,robot-pose,x=-40.39;y=25.23;yaw=0.33
54.9000000954,[debug],turtlebot4,simulation,robot-pose,x=-40.39;y=25.23;yaw=0.33
55.1666667461,[debug],turtlebot5,simulation,robot-pose,x=-32.89;y=33.97;yaw=-3.10
55.1666667461,[debug],turtlebot5,simulation,robot-pose,x=-32.89;y=33.97;yaw=-3.10
67.2833333015,[debug],turtlebot1,simulation,robot-pose,x=-11.46;y=17.82;yaw=-1.25
67.2833333015,[debug],turtlebot1,simulation,robot-pose,x=-11.46;y=17.82;yaw=-1.25
69.4666666985,[debug],turtlebot2,simulation,robot-pose,x=-28.69;y=17.87;yaw=-0.79
69.5166666508,[debug],turtlebot2,simulation,robot-pose,x=-28.69;y=17.87;yaw=-0.79
69.6333334446,[debug],turtlebot3,simulation,robot-pose,x=-31.99;y=16.01;yaw=-3.01
69.6333334446,[debug],turtlebot3,simulation,robot-pose,x=-31.99;y=16.01;yaw=-3.01
69.9000000954,[debug],turtlebot4,simulation,robot-pose,x=-40.39;y=25.23;yaw=0.33
69.9000000954,[debug],turtlebot4,simulation,robot-pose,x=-40.39;y=25.23;yaw=0.33
70.1666667461,[debug],turtlebot5,simulation,robot-pose,x=-32.89;y=33.97;yaw=-3.10
70.1666667461,[debug],turtlebot5,simulation,robot-pose,x=-32.89;y=33.97;yaw=-3.10
82.2833333015,[debug],turtlebot1,simulation,robot-pose,x=-11.46;y=17.82;yaw=-1.25
82.2833333015,[debug],turtlebot1,simulation,robot-pose,x=-11.46;y=17.82;yaw=-1.25
84.4666666985,[debug],turtlebot2,simulation,robot-pose,x=-28.69;y=17.87;yaw=-0.78
84.4666666985,[debug],turtlebot2,simulation,robot-pose,x=-28.69;y=17.87;yaw=-0.78
84.6333334446,[debug],turtlebot3,simulation,robot-pose,x=-34.55;y=16.11;yaw=-3.01
84.6333334446,[debug],turtlebot3,simulation,robot-pose,x=-34.55;y=16.11;yaw=-3.01
84.9000000954,[debug],turtlebot4,simulation,robot-pose,x=-40.39;y=25.23;yaw=0.33
84.9000000954,[debug],turtlebot4,simulation,robot-pose,x=-40.39;y=25.23;yaw=0.33
85.1666667461,[debug],turtlebot5,simulation,robot-pose,x=-32.90;y=33.97;yaw=-3.10
85.1666667461,[debug],turtlebot5,simulation,robot-pose,x=-32.90;y=33.97;yaw=-3.10
97.2833333015,[debug],turtlebot1,simulation,robot-pose,x=-11.46;y=17.82;yaw=-1.25
97.4500000477,[debug],turtlebot1,simulation,robot-pose,x=-11.46;y=17.82;yaw=-1.25
99.4666666985,[debug],turtlebot2,simulation,robot-pose,x=-28.69;y=17.88;yaw=-0.79
99.4666666985,[debug],turtlebot2,simulation,robot-pose,x=-28.69;y=17.88;yaw=-0.79
99.6333334446,[debug],turtlebot3,simulation,robot-pose,x=-36.66;y=16.29;yaw=2.03
99.6333334446,[debug],turtlebot3,simulation,robot-pose,x=-36.66;y=16.29;yaw=2.03
99.9000000954,[debug],turtlebot4,simulation,robot-pose,x=-40.39;y=25.23;yaw=0.33
99.9000000954,[debug],turtlebot4,simulation,robot-pose,x=-40.39;y=25.23;yaw=0.33
100.166666746,[debug],turtlebot5,simulation,robot-pose,x=-32.90;y=33.97;yaw=-3.10
100.166666746,[debug],turtlebot5,simulation,robot-pose,x=-32.90;y=33.97;yaw=-3.10
101.166666746,[debug],turtlebot3,move-base-info,Hooray, the base moved arrived,(x=-37;y=16)
101.166666746,[debug],turtlebot3,move-base-info,Hooray, the base moved arrived,(x=-37;y=16)
101.316666603,[debug],turtlebot3,task-update,navigation,way-point-reached,50.0%
103.233333349,[info],turtlebot3,skill-life-cycle,navigation,(status=RUNNING, parameters=[[-27.23, 16.0, 3.141592653589793, True], [-37.0, 16.0, 1.5707963267948966, True], [-37.0, 18.93, 0.0, True], [-33.9, 18.93, 3.14, False]])
112.283333302,[debug],turtlebot1,simulation,robot-pose,x=-11.46;y=17.82;yaw=-1.25
112.283333302,[debug],turtlebot1,simulation,robot-pose,x=-11.46;y=17.82;yaw=-1.25
114.466666698,[debug],turtlebot2,simulation,robot-pose,x=-28.69;y=17.88;yaw=-0.79
114.466666698,[debug],turtlebot2,simulation,robot-pose,x=-28.69;y=17.88;yaw=-0.79
114.633333445,[debug],turtlebot3,simulation,robot-pose,x=-36.91;y=18.50;yaw=0.25
114.633333445,[debug],turtlebot3,simulation,robot-pose,x=-36.91;y=18.50;yaw=0.25
114.900000095,[debug],turtlebot4,simulation,robot-pose,x=-40.39;y=25.23;yaw=0.33
114.900000095,[debug],turtlebot4,simulation,robot-pose,x=-40.39;y=25.23;yaw=0.33
115.166666746,[debug],turtlebot5,simulation,robot-pose,x=-32.90;y=33.97;yaw=-3.09
115.166666746,[debug],turtlebot5,simulation,robot-pose,x=-32.90;y=33.97;yaw=-3.09
115.766666651,[debug],turtlebot3,move-base-info,Hooray, the base moved arrived,(x=-37;y=18.93)
115.766666651,[debug],turtlebot3,move-base-info,Hooray, the base moved arrived,(x=-37;y=18.93)
115.933333397,[debug],turtlebot3,task-update,navigation,way-point-reached,75.0%
127.283333302,[debug],turtlebot1,simulation,robot-pose,x=-11.46;y=17.82;yaw=-1.25
127.283333302,[debug],turtlebot1,simulation,robot-pose,x=-11.46;y=17.82;yaw=-1.25
129.466666698,[debug],turtlebot2,simulation,robot-pose,x=-28.69;y=17.88;yaw=-0.79
129.466666698,[debug],turtlebot2,simulation,robot-pose,x=-28.69;y=17.88;yaw=-0.79
129.633333445,[debug],turtlebot3,simulation,robot-pose,x=-35.97;y=18.11;yaw=-0.28
129.633333445,[debug],turtlebot3,simulation,robot-pose,x=-35.97;y=18.11;yaw=-0.28
129.900000095,[debug],turtlebot4,simulation,robot-pose,x=-40.39;y=25.23;yaw=0.33
129.900000095,[debug],turtlebot4,simulation,robot-pose,x=-40.39;y=25.23;yaw=0.33
130.166666746,[debug],turtlebot5,simulation,robot-pose,x=-32.90;y=33.97;yaw=-3.09
130.166666746,[debug],turtlebot5,simulation,robot-pose,x=-32.90;y=33.97;yaw=-3.09
142.283333302,[debug],turtlebot1,simulation,robot-pose,x=-11.46;y=17.82;yaw=-1.25
142.349999905,[debug],turtlebot1,simulation,robot-pose,x=-11.46;y=17.82;yaw=-1.25
144.466666698,[debug],turtlebot2,simulation,robot-pose,x=-28.69;y=17.88;yaw=-0.80
144.466666698,[debug],turtlebot2,simulation,robot-pose,x=-28.69;y=17.88;yaw=-0.80
144.633333445,[debug],turtlebot3,simulation,robot-pose,x=-34.65;y=18.09;yaw=0.58
144.633333445,[debug],turtlebot3,simulation,robot-pose,x=-34.65;y=18.09;yaw=0.58
144.900000095,[debug],turtlebot4,simulation,robot-pose,x=-40.39;y=25.23;yaw=0.33
144.900000095,[debug],turtlebot4,simulation,robot-pose,x=-40.39;y=25.23;yaw=0.33
145.166666746,[debug],turtlebot5,simulation,robot-pose,x=-32.90;y=33.97;yaw=-3.09
145.166666746,[debug],turtlebot5,simulation,robot-pose,x=-32.90;y=33.97;yaw=-3.09
153.716666698,[debug],turtlebot3,move-base-info,Hooray, the base moved arrived,(x=-33.9;y=18.93)
153.716666698,[debug],turtlebot3,move-base-info,Hooray, the base moved arrived,(x=-33.9;y=18.93)
153.933333397,[debug],turtlebot3,task-update,navigation,way-point-reached,100.0%
154.033333302,[debug],turtlebot3,available-skills,['send_message', 'wait_message', 'approach_person', 'approach_robot', 'authenticate_person', 'deposit', 'navigation', 'pick_up'],
154.033333302,[info],turtlebot3,skill-life-cycle,approach_person,(status=STARTED, parameters=['nurse'])
154.083333254,[debug],turtlebot3,task-update,approach_person,localize-person,(who=nurse)
154.166666746,[debug],turtlebot3,task-update,approach_person,goto-person,(who=nurse)
154.25,[debug],turtlebot3,available-skills,['send_message', 'wait_message', 'approach_person', 'approach_robot', 'authenticate_person', 'deposit', 'navigation', 'pick_up'],
154.25,[info],turtlebot3,skill-life-cycle,authenticate_person,(status=STARTED, parameters=['nurse'])
154.316666603,[debug],turtlebot3,task-update,authenticate_person,request-authentication,(to=nurse)
154.316666603,[info],nurse,sync,received-request,(status=sending-request)
154.316666603,[info],nurse,sync,received-request,(status=sending-request)
154.75,[debug],turtlebot3,task-update,authenticate_person,received-authentication,(from=nurse)
154.833333254,[debug],turtlebot3,available-skills,['send_message', 'wait_message', 'approach_person', 'approach_robot', 'authenticate_person', 'deposit', 'navigation', 'pick_up'],
154.833333254,[info],turtlebot3,skill-life-cycle,fail,(status=STARTED, parameters=['operate_drawer', 'open'])
155.083333254,[info],turtlebot3,skill-life-cycle,fail,(status=RUNNING, parameters=['operate_drawer', 'open'])
156.75,[info],turtlebot3,skill-life-cycle,fail,(status=Status.FAILURE, parameters=['operate_drawer', 'open'])
156.766666651,FAILURE
156.849999905,[info],turtlebot3,skill-life-cycle,fail,(status=Status.FAILURE, parameters=['operate_drawer', 'open'])
156.849999905,FAILURE
156.950000048,[info],turtlebot3,skill-life-cycle,fail,(status=Status.FAILURE, parameters=['operate_drawer', 'open'])
156.950000048,FAILURE
157.033333302,[info],turtlebot3,skill-life-cycle,fail,(status=Status.FAILURE, parameters=['operate_drawer', 'open'])
157.033333302,FAILURE
157.116666555,[info],turtlebot3,skill-life-cycle,fail,(status=Status.FAILURE, parameters=['operate_drawer', 'open'])
157.116666555,FAILURE
157.200000048,[info],turtlebot3,skill-life-cycle,fail,(status=Status.FAILURE, parameters=['operate_drawer', 'open'])
157.200000048,FAILURE
157.283333302,[debug],turtlebot1,simulation,robot-pose,x=-11.46;y=17.82;yaw=-1.25
157.283333302,[debug],turtlebot1,simulation,robot-pose,x=-11.46;y=17.82;yaw=-1.25
157.283333302,[info],turtlebot3,skill-life-cycle,fail,(status=Status.FAILURE, parameters=['operate_drawer', 'open'])
157.283333302,FAILURE
157.349999905,[info],turtlebot3,skill-life-cycle,fail,(status=Status.FAILURE, parameters=['operate_drawer', 'open'])
157.349999905,FAILURE
157.416666746,[info],turtlebot3,skill-life-cycle,fail,(status=Status.FAILURE, parameters=['operate_drawer', 'open'])
157.416666746,FAILURE
157.483333349,[info],turtlebot3,skill-life-cycle,fail,(status=Status.FAILURE, parameters=['operate_drawer', 'open'])
157.483333349,FAILURE
157.549999952,[info],turtlebot3,skill-life-cycle,fail,(status=Status.FAILURE, parameters=['operate_drawer', 'open'])
157.549999952,FAILURE
157.599999905,[info],turtlebot3,skill-life-cycle,fail,(status=Status.FAILURE, parameters=['operate_drawer', 'open'])
157.599999905,FAILURE
157.700000048,[info],turtlebot3,skill-life-cycle,fail,(status=Status.FAILURE, parameters=['operate_drawer', 'open'])
157.700000048,FAILURE
157.783333302,[info],turtlebot3,skill-life-cycle,fail,(status=Status.FAILURE, parameters=['operate_drawer', 'open'])
157.783333302,FAILURE
157.883333445,[info],turtlebot3,skill-life-cycle,fail,(status=Status.FAILURE, parameters=['operate_drawer', 'open'])
157.883333445,FAILURE
157.983333349,[info],turtlebot3,skill-life-cycle,fail,(status=Status.FAILURE, parameters=['operate_drawer', 'open'])
157.983333349,FAILURE
158.066666603,[info],turtlebot3,skill-life-cycle,fail,(status=Status.FAILURE, parameters=['operate_drawer', 'open'])
158.066666603,FAILURE
158.116666555,[info],turtlebot3,skill-life-cycle,fail,(status=Status.FAILURE, parameters=['operate_drawer', 'open'])
158.116666555,FAILURE
159.466666698,[debug],turtlebot2,simulation,robot-pose,x=-28.69;y=17.88;yaw=-0.80
159.466666698,[debug],turtlebot2,simulation,robot-pose,x=-28.69;y=17.88;yaw=-0.80
159.633333445,[debug],turtlebot3,simulation,robot-pose,x=-34.11;y=18.57;yaw=3.09
159.633333445,[debug],turtlebot3,simulation,robot-pose,x=-34.11;y=18.57;yaw=3.09
159.900000095,[debug],turtlebot4,simulation,robot-pose,x=-40.39;y=25.23;yaw=0.33
160.083333254,[debug],turtlebot4,simulation,robot-pose,x=-40.39;y=25.23;yaw=0.33
160.166666746,[debug],turtlebot5,simulation,robot-pose,x=-32.90;y=33.97;yaw=-3.09
160.166666746,[debug],turtlebot5,simulation,robot-pose,x=-32.90;y=33.97;yaw=-3.09
0.0,[debug],simulation closed,failure-bt,execution-wall-clock=219.23901796340942
