0.00, [DEBUG], logger, ROBOTS_CONFIG=[{"avg_speed": 0.15, "battery_charge": 0.23995139509475963, "battery_discharge_rate": 0.00068, "id": 1, "local_plan": null, "location": "PC Room 8", "name": "r1", "position": [-11.5, 18.0, -1.57], "skills": ["approach_person", "approach_robot", "navigation", "operate_drawer"]}, {"avg_speed": 0.15, "battery_charge": 0.634952869577942, "battery_discharge_rate": 0.0006000000000000001, "id": 2, "local_plan": null, "location": "PC Room 6", "name": "r2", "position": [-19.0, 18.0, -1.57], "skills": ["approach_person", "approach_robot", "authenticate_person", "navigation", "operate_drawer"]}, {"avg_speed": 0.15, "battery_charge": 0.08039941318304296, "battery_discharge_rate": 0.0004, "id": 3, "local_plan": null, "location": "IC Room 2", "name": "r3", "position": [-38.0, 21.5, 0.0], "skills": ["approach_person", "approach_robot", "navigation", "operate_drawer"]}, {"avg_speed": 0.15, "battery_charge": 0.17496190705907763, "battery_discharge_rate": 0.00026000000000000003, "id": 4, "local_plan": [["navigation", ["IC Room 6", [[-39.44, 33.95, 0.0], [-37.0, 33.95], [-37.0, 18.93], [-33.9, 18.93, 3.14]]], "navto_room"], ["approach_person", ["nurse"], "approach_nurse"], ["authenticate_person", ["nurse"], "authenticate_nurse"], ["operate_drawer", ["open"], "open_drawer_for_nurse"], ["send_message", ["nurse"], "notify_nurse_of_open_drawer_for_nurse_completed"], ["wait_message", ["nurse"], "wait_nurse_to_complete_deposit"], ["operate_drawer", ["close"], "close_drawer_nurse"], ["navigation", ["Laboratory", [[-33.9, 18.93, 3.14], [-37.0, 18.93], [-37.0, 16.0], [-26.0, 16.0], [-26.0, 13.0, 1.57]]], "navto_lab"], ["approach_robot", ["lab_arm"], "approach_arm"], ["operate_drawer", ["open"], "open_drawer_lab"], ["send_message", ["lab_arm"], "notify_lab_arm_of_open_drawer_lab_completed"], ["wait_message", ["lab_arm"], "wait_lab_arm_to_complete_pick_up_sample"], ["operate_drawer", ["close"], "close_drawer_lab"]], "location": "IC Room 4", "name": "r4", "position": [-39.44, 33.95, 0.0], "skills": ["approach_person", "approach_robot", "authenticate_person", "navigation", "operate_drawer"]}, {"avg_speed": 0.15, "battery_charge": 0.7179616530181877, "battery_discharge_rate": 0.00042, "id": 5, "local_plan": null, "location": "PC Room 7", "name": "r5", "position": [-13.5, 18.0, -1.57], "skills": ["approach_person", "authenticate_person", "navigation", "operate_drawer"]}, {"avg_speed": 0.15, "battery_charge": 0.5408465660492595, "battery_discharge_rate": 0.0005200000000000001, "id": 6, "local_plan": null, "location": "IC Room 5", "name": "r6", "position": [-32.88, 33.98, 3.14], "skills": ["approach_person", "approach_robot", "navigation", "operate_drawer"]}]
0.00, [DEBUG], logger, NURSES_CONFIG=[{"location": "IC Room 6", "position": [-32.9, 19.93, 3.14]}]
0.02, [DEBUG], logger, Simulation open
0.02, [DEBUG], logger, subcribing to in the topic /log
1.70, [DEBUG], None, [debug],turtlebot5,move-base-info,Move_base is up and ok....,
1.98, [DEBUG], None, [debug],turtlebot4,move-base-info,Move_base is up and ok....,
2.18, [DEBUG], None, [debug],turtlebot1,move-base-info,Move_base is up and ok....,
2.20, [DEBUG], None, [debug],turtlebot2,move-base-info,Move_base is up and ok....,
2.22, [DEBUG], None, [debug],turtlebot3,move-base-info,Move_base is up and ok....,
2.38, [DEBUG], None, [debug],turtlebot6,move-base-info,Move_base is up and ok....,
7.75, [DEBUG], turtlebot3, {"param_list": [], "skill": "init_robobt", "skill-life-cycle": "SUCCESS", "label": "init_robobt"}
7.90, [DEBUG], turtlebot1, {"param_list": [], "skill": "init_robobt", "skill-life-cycle": "RUNNING", "label": "init_robobt"}
8.78, [DEBUG], turtlebot6, {"param_list": [], "skill": "init_robobt", "skill-life-cycle": "RUNNING", "label": "init_robobt"}
8.88, [DEBUG], turtlebot5, {"param_list": [], "skill": "init_robobt", "skill-life-cycle": "RUNNING", "label": "init_robobt"}
9.12, [DEBUG], turtlebot1, {"param_list": [], "skill": "init_robobt", "skill-life-cycle": "SUCCESS", "label": "init_robobt"}
9.47, [DEBUG], turtlebot2, {"param_list": [], "skill": "init_robobt", "skill-life-cycle": "RUNNING", "label": "init_robobt"}
9.47, [DEBUG], turtlebot4, {"param_list": [], "skill": "init_robobt", "skill-life-cycle": "RUNNING", "label": "init_robobt"}
10.58, [DEBUG], turtlebot5, {"param_list": [], "skill": "init_robobt", "skill-life-cycle": "SUCCESS", "label": "init_robobt"}
10.67, [DEBUG], turtlebot6, {"param_list": [], "skill": "init_robobt", "skill-life-cycle": "SUCCESS", "label": "init_robobt"}
13.50, [DEBUG], turtlebot4, {"param_list": [], "skill": "init_robobt", "skill-life-cycle": "SUCCESS", "label": "init_robobt"}
13.50, [DEBUG], turtlebot4, "available-skills=['send_message', 'wait_message', 'approach_person', 'approach_robot', 'authenticate_person', 'navigation', 'operate_drawer']"
13.50, [DEBUG], turtlebot4, {"param_list": ["IC Room 6", [[-37.0, 33.95, -1.5707963267948966, true], [-37.0, 18.93, 0.0, true], [-33.9, 18.93, 3.14, false]]], "skill": "navigation", "skill-life-cycle": "STARTED", "label": "navto_room"}
13.53, [DEBUG], turtlebot2, {"param_list": [], "skill": "init_robobt", "skill-life-cycle": "SUCCESS", "label": "init_robobt"}
22.13, [INFO], turtlebot2, {"y": "17.99", "x": "-19.02", "yaw": "-1.38"}
22.13, [INFO], turtlebot2, {"y": "17.99", "x": "-19.02", "yaw": "-1.38"}
22.13, [INFO], turtlebot1, {"y": "17.82", "x": "-11.46", "yaw": "-1.25"}
22.13, [INFO], turtlebot1, {"y": "17.82", "x": "-11.46", "yaw": "-1.25"}
22.15, [INFO], turtlebot4, {"y": "34.09", "x": "-39.16", "yaw": "0.63"}
22.15, [INFO], turtlebot4, {"battery-level": "17.11%"}
22.15, [INFO], turtlebot4, {"y": "34.09", "x": "-39.16", "yaw": "0.63"}
22.15, [INFO], turtlebot4, {"battery-level": "17.11%"}
22.17, [INFO], turtlebot3, {"y": "21.48", "x": "-38.00", "yaw": "0.01"}
22.17, [INFO], turtlebot3, {"y": "21.48", "x": "-38.00", "yaw": "0.01"}
22.17, [INFO], turtlebot6, {"y": "33.97", "x": "-32.89", "yaw": "-3.10"}
22.17, [INFO], turtlebot6, {"y": "33.97", "x": "-32.89", "yaw": "-3.10"}
22.18, [INFO], turtlebot5, {"y": "18.00", "x": "-13.50", "yaw": "-1.50"}
22.18, [INFO], turtlebot5, {"y": "18.00", "x": "-13.50", "yaw": "-1.50"}
37.13, [INFO], turtlebot2, {"y": "17.99", "x": "-19.01", "yaw": "-1.38"}
37.13, [INFO], turtlebot2, {"y": "17.99", "x": "-19.01", "yaw": "-1.38"}
37.13, [INFO], turtlebot1, {"y": "17.82", "x": "-11.46", "yaw": "-1.25"}
37.13, [INFO], turtlebot1, {"y": "17.82", "x": "-11.46", "yaw": "-1.25"}
37.15, [INFO], turtlebot3, {"y": "21.48", "x": "-38.00", "yaw": "0.01"}
37.15, [INFO], turtlebot3, {"y": "21.48", "x": "-38.00", "yaw": "0.01"}
37.15, [INFO], turtlebot4, {"y": "34.22", "x": "-38.95", "yaw": "0.63"}
37.15, [INFO], turtlebot4, {"y": "34.22", "x": "-38.95", "yaw": "0.63"}
37.15, [INFO], turtlebot4, {"battery-level": "16.63%"}
37.17, [INFO], turtlebot4, {"battery-level": "16.63%"}
37.17, [INFO], turtlebot5, {"y": "18.00", "x": "-13.49", "yaw": "-1.49"}
37.17, [INFO], turtlebot5, {"y": "18.00", "x": "-13.49", "yaw": "-1.49"}
37.17, [INFO], turtlebot6, {"y": "33.97", "x": "-32.89", "yaw": "-3.10"}
37.17, [INFO], turtlebot6, {"y": "33.97", "x": "-32.89", "yaw": "-3.10"}
52.13, [INFO], turtlebot2, {"y": "17.99", "x": "-19.01", "yaw": "-1.38"}
52.13, [INFO], turtlebot2, {"y": "17.99", "x": "-19.01", "yaw": "-1.38"}
52.13, [INFO], turtlebot1, {"y": "17.82", "x": "-11.46", "yaw": "-1.25"}
52.13, [INFO], turtlebot1, {"y": "17.82", "x": "-11.46", "yaw": "-1.25"}
52.15, [INFO], turtlebot3, {"y": "21.48", "x": "-38.00", "yaw": "0.01"}
52.15, [INFO], turtlebot3, {"y": "21.48", "x": "-38.00", "yaw": "0.01"}
52.15, [INFO], turtlebot4, {"battery-level": "16.21%"}
52.15, [INFO], turtlebot4, {"battery-level": "16.21%"}
52.17, [INFO], turtlebot4, {"y": "34.14", "x": "-39.04", "yaw": "0.70"}
52.17, [INFO], turtlebot4, {"y": "34.14", "x": "-39.04", "yaw": "0.70"}
52.17, [INFO], turtlebot5, {"y": "18.00", "x": "-13.49", "yaw": "-1.48"}
52.17, [INFO], turtlebot5, {"y": "18.00", "x": "-13.49", "yaw": "-1.48"}
52.17, [INFO], turtlebot6, {"y": "33.97", "x": "-32.89", "yaw": "-3.10"}
52.17, [INFO], turtlebot6, {"y": "33.97", "x": "-32.89", "yaw": "-3.10"}
52.30, [DEBUG], turtlebot4, {"param_list": ["IC Room 6", [[-37.0, 33.95, -1.5707963267948966, true], [-37.0, 18.93, 0.0, true], [-33.9, 18.93, 3.14, false]]], "skill": "navigation", "skill-life-cycle": "RUNNING", "label": "navto_room"}
67.13, [INFO], turtlebot1, {"y": "17.82", "x": "-11.46", "yaw": "-1.25"}
67.13, [INFO], turtlebot2, {"y": "17.99", "x": "-19.01", "yaw": "-1.38"}
67.13, [INFO], turtlebot1, {"y": "17.82", "x": "-11.46", "yaw": "-1.25"}
67.13, [INFO], turtlebot2, {"y": "17.99", "x": "-19.01", "yaw": "-1.38"}
67.15, [INFO], turtlebot4, {"y": "34.16", "x": "-39.00", "yaw": "0.71"}
67.15, [INFO], turtlebot4, {"y": "34.16", "x": "-39.00", "yaw": "0.71"}
67.15, [INFO], turtlebot3, {"y": "21.48", "x": "-38.00", "yaw": "0.01"}
67.17, [INFO], turtlebot3, {"y": "21.48", "x": "-38.00", "yaw": "0.01"}
67.17, [INFO], turtlebot4, {"battery-level": "15.73%"}
67.17, [INFO], turtlebot4, {"battery-level": "15.73%"}
67.17, [INFO], turtlebot6, {"y": "33.97", "x": "-32.89", "yaw": "-3.10"}
67.18, [INFO], turtlebot6, {"y": "33.97", "x": "-32.89", "yaw": "-3.10"}
67.18, [INFO], turtlebot5, {"y": "18.00", "x": "-13.49", "yaw": "-1.47"}
67.18, [INFO], turtlebot5, {"y": "18.00", "x": "-13.49", "yaw": "-1.47"}
82.13, [INFO], turtlebot1, {"y": "17.82", "x": "-11.46", "yaw": "-1.25"}
82.13, [INFO], turtlebot1, {"y": "17.82", "x": "-11.46", "yaw": "-1.25"}
82.13, [INFO], turtlebot2, {"y": "17.99", "x": "-19.01", "yaw": "-1.38"}
82.13, [INFO], turtlebot2, {"y": "17.99", "x": "-19.01", "yaw": "-1.38"}
82.15, [INFO], turtlebot4, {"battery-level": "15.28%"}
82.15, [INFO], turtlebot4, {"battery-level": "15.28%"}
82.17, [INFO], turtlebot3, {"y": "21.48", "x": "-38.00", "yaw": "0.01"}
82.17, [INFO], turtlebot3, {"y": "21.48", "x": "-38.00", "yaw": "0.01"}
82.17, [INFO], turtlebot4, {"y": "34.56", "x": "-38.02", "yaw": "0.02"}
82.17, [INFO], turtlebot4, {"y": "34.56", "x": "-38.02", "yaw": "0.02"}
82.17, [INFO], turtlebot6, {"y": "33.97", "x": "-32.90", "yaw": "-3.10"}
82.17, [INFO], turtlebot5, {"y": "17.99", "x": "-13.49", "yaw": "-1.45"}
82.17, [INFO], turtlebot6, {"y": "33.97", "x": "-32.90", "yaw": "-3.10"}
82.18, [INFO], turtlebot5, {"y": "17.99", "x": "-13.49", "yaw": "-1.45"}
92.42, [DEBUG], None, [debug],turtlebot4,move-base-info,Hooray, the base moved arrived,(x=-37;y=33.95)
92.42, [DEBUG], None, [debug],turtlebot4,move-base-info,Hooray, the base moved arrived,(x=-37;y=33.95)
92.48, [DEBUG], turtlebot4, {"status": "way-point-reached", "skill": "navigation", "percentage": "33.33%", "goingto": "IC Room 6"}
95.20, [DEBUG], turtlebot4, {"param_list": ["IC Room 6", [[-37.0, 33.95, -1.5707963267948966, true], [-37.0, 18.93, 0.0, true], [-33.9, 18.93, 3.14, false]]], "skill": "navigation", "skill-life-cycle": "RUNNING", "label": "navto_room"}
97.13, [INFO], turtlebot1, {"y": "17.82", "x": "-11.46", "yaw": "-1.25"}
97.13, [INFO], turtlebot1, {"y": "17.82", "x": "-11.46", "yaw": "-1.25"}
97.13, [INFO], turtlebot2, {"y": "17.99", "x": "-19.01", "yaw": "-1.38"}
97.13, [INFO], turtlebot2, {"y": "17.99", "x": "-19.01", "yaw": "-1.38"}
97.15, [INFO], turtlebot4, {"y": "34.16", "x": "-37.38", "yaw": "-1.36"}
97.15, [INFO], turtlebot4, {"y": "34.16", "x": "-37.38", "yaw": "-1.36"}
97.15, [INFO], turtlebot4, {"battery-level": "14.83%"}
97.15, [INFO], turtlebot4, {"battery-level": "14.83%"}
97.17, [INFO], turtlebot3, {"y": "21.48", "x": "-38.00", "yaw": "0.01"}
97.17, [INFO], turtlebot3, {"y": "21.48", "x": "-38.00", "yaw": "0.01"}
97.17, [INFO], turtlebot6, {"y": "33.97", "x": "-32.90", "yaw": "-3.10"}
97.18, [INFO], turtlebot6, {"y": "33.97", "x": "-32.90", "yaw": "-3.10"}
97.18, [INFO], turtlebot5, {"y": "17.99", "x": "-13.49", "yaw": "-1.44"}
97.18, [INFO], turtlebot5, {"y": "17.99", "x": "-13.49", "yaw": "-1.44"}
112.13, [INFO], turtlebot2, {"y": "17.99", "x": "-19.01", "yaw": "-1.38"}
112.13, [INFO], turtlebot2, {"y": "17.99", "x": "-19.01", "yaw": "-1.38"}
112.13, [INFO], turtlebot1, {"y": "17.82", "x": "-11.46", "yaw": "-1.25"}
112.13, [INFO], turtlebot1, {"y": "17.82", "x": "-11.46", "yaw": "-1.25"}
112.15, [INFO], turtlebot4, {"battery-level": "14.41%"}
112.15, [INFO], turtlebot4, {"battery-level": "14.41%"}
112.17, [INFO], turtlebot4, {"y": "32.22", "x": "-36.95", "yaw": "-1.63"}
112.17, [INFO], turtlebot4, {"y": "32.22", "x": "-36.95", "yaw": "-1.63"}
112.17, [INFO], turtlebot3, {"y": "21.48", "x": "-38.00", "yaw": "0.01"}
112.18, [INFO], turtlebot3, {"y": "21.48", "x": "-38.00", "yaw": "0.01"}
112.18, [INFO], turtlebot6, {"y": "33.97", "x": "-32.90", "yaw": "-3.09"}
112.18, [INFO], turtlebot6, {"y": "33.97", "x": "-32.90", "yaw": "-3.09"}
112.18, [INFO], turtlebot5, {"y": "17.99", "x": "-13.49", "yaw": "-1.42"}
112.18, [INFO], turtlebot5, {"y": "17.99", "x": "-13.49", "yaw": "-1.42"}
127.13, [INFO], turtlebot2, {"y": "17.99", "x": "-19.01", "yaw": "-1.38"}
127.13, [INFO], turtlebot2, {"y": "17.99", "x": "-19.01", "yaw": "-1.38"}
127.13, [INFO], turtlebot1, {"y": "17.82", "x": "-11.46", "yaw": "-1.25"}
127.13, [INFO], turtlebot1, {"y": "17.82", "x": "-11.46", "yaw": "-1.25"}
127.15, [INFO], turtlebot4, {"battery-level": "13.96%"}
127.15, [INFO], turtlebot4, {"battery-level": "13.96%"}
127.17, [INFO], turtlebot4, {"y": "29.72", "x": "-36.95", "yaw": "-1.58"}
127.17, [INFO], turtlebot4, {"y": "29.72", "x": "-36.95", "yaw": "-1.58"}
127.17, [INFO], turtlebot3, {"y": "21.48", "x": "-38.00", "yaw": "0.01"}
127.17, [INFO], turtlebot3, {"y": "21.48", "x": "-38.00", "yaw": "0.01"}
127.17, [INFO], turtlebot6, {"y": "33.97", "x": "-32.90", "yaw": "-3.09"}
127.17, [INFO], turtlebot6, {"y": "33.97", "x": "-32.90", "yaw": "-3.09"}
127.18, [INFO], turtlebot5, {"y": "17.99", "x": "-13.49", "yaw": "-1.40"}
127.18, [INFO], turtlebot5, {"y": "17.99", "x": "-13.49", "yaw": "-1.40"}
137.65, [DEBUG], turtlebot4, {"param_list": ["IC Room 6", [[-37.0, 33.95, -1.5707963267948966, true], [-37.0, 18.93, 0.0, true], [-33.9, 18.93, 3.14, false]]], "skill": "navigation", "skill-life-cycle": "RUNNING", "label": "navto_room"}
142.13, [INFO], turtlebot2, {"y": "17.99", "x": "-19.01", "yaw": "-1.38"}
142.13, [INFO], turtlebot2, {"y": "17.99", "x": "-19.01", "yaw": "-1.38"}
142.13, [INFO], turtlebot1, {"y": "17.82", "x": "-11.46", "yaw": "-1.25"}
142.13, [INFO], turtlebot1, {"y": "17.82", "x": "-11.46", "yaw": "-1.25"}
142.15, [INFO], turtlebot4, {"battery-level": "13.51%"}
142.15, [INFO], turtlebot4, {"battery-level": "13.51%"}
142.15, [INFO], turtlebot3, {"y": "21.48", "x": "-38.00", "yaw": "0.01"}
142.15, [INFO], turtlebot3, {"y": "21.48", "x": "-38.00", "yaw": "0.01"}
142.17, [INFO], turtlebot4, {"y": "27.20", "x": "-36.97", "yaw": "-1.60"}
142.17, [INFO], turtlebot4, {"y": "27.20", "x": "-36.97", "yaw": "-1.60"}
142.17, [INFO], turtlebot6, {"y": "33.97", "x": "-32.90", "yaw": "-3.09"}
142.17, [INFO], turtlebot6, {"y": "33.97", "x": "-32.90", "yaw": "-3.09"}
142.18, [INFO], turtlebot5, {"y": "17.98", "x": "-13.49", "yaw": "-1.38"}
142.18, [INFO], turtlebot5, {"y": "17.98", "x": "-13.49", "yaw": "-1.38"}
157.13, [INFO], turtlebot1, {"y": "17.82", "x": "-11.46", "yaw": "-1.25"}
157.13, [INFO], turtlebot1, {"y": "17.82", "x": "-11.46", "yaw": "-1.25"}
157.13, [INFO], turtlebot2, {"y": "17.99", "x": "-19.01", "yaw": "-1.38"}
157.13, [INFO], turtlebot2, {"y": "17.99", "x": "-19.01", "yaw": "-1.38"}
157.15, [INFO], turtlebot3, {"y": "21.48", "x": "-38.00", "yaw": "0.01"}
157.15, [INFO], turtlebot4, {"battery-level": "13.03%"}
157.15, [INFO], turtlebot3, {"y": "21.48", "x": "-38.00", "yaw": "0.01"}
157.17, [INFO], turtlebot4, {"battery-level": "13.03%"}
157.17, [INFO], turtlebot4, {"y": "24.59", "x": "-37.09", "yaw": "-1.63"}
157.17, [INFO], turtlebot4, {"y": "24.59", "x": "-37.09", "yaw": "-1.63"}
157.17, [INFO], turtlebot6, {"y": "33.97", "x": "-32.90", "yaw": "-3.09"}
157.17, [INFO], turtlebot6, {"y": "33.97", "x": "-32.90", "yaw": "-3.09"}
157.18, [INFO], turtlebot5, {"y": "17.98", "x": "-13.48", "yaw": "-1.36"}
157.18, [INFO], turtlebot5, {"y": "17.98", "x": "-13.48", "yaw": "-1.36"}
172.13, [INFO], turtlebot1, {"y": "17.82", "x": "-11.46", "yaw": "-1.25"}
172.13, [INFO], turtlebot2, {"y": "17.99", "x": "-19.01", "yaw": "-1.38"}
172.13, [INFO], turtlebot1, {"y": "17.82", "x": "-11.46", "yaw": "-1.25"}
172.13, [INFO], turtlebot2, {"y": "17.99", "x": "-19.01", "yaw": "-1.38"}
172.15, [INFO], turtlebot3, {"y": "21.48", "x": "-38.00", "yaw": "0.01"}
172.15, [INFO], turtlebot3, {"y": "21.48", "x": "-38.00", "yaw": "0.01"}
172.15, [INFO], turtlebot4, {"y": "21.95", "x": "-37.24", "yaw": "-1.63"}
172.15, [INFO], turtlebot4, {"y": "21.95", "x": "-37.24", "yaw": "-1.63"}
172.15, [INFO], turtlebot4, {"battery-level": "12.58%"}
172.15, [INFO], turtlebot4, {"battery-level": "12.58%"}
172.17, [INFO], turtlebot5, {"y": "17.97", "x": "-13.48", "yaw": "-1.34"}
172.17, [INFO], turtlebot5, {"y": "17.97", "x": "-13.48", "yaw": "-1.34"}
172.18, [INFO], turtlebot6, {"y": "33.97", "x": "-32.90", "yaw": "-3.09"}
172.18, [INFO], turtlebot6, {"y": "33.97", "x": "-32.90", "yaw": "-3.09"}
180.12, [DEBUG], turtlebot4, {"param_list": ["IC Room 6", [[-37.0, 33.95, -1.5707963267948966, true], [-37.0, 18.93, 0.0, true], [-33.9, 18.93, 3.14, false]]], "skill": "navigation", "skill-life-cycle": "RUNNING", "label": "navto_room"}
187.13, [INFO], turtlebot1, {"y": "17.82", "x": "-11.46", "yaw": "-1.25"}
187.13, [INFO], turtlebot2, {"y": "17.99", "x": "-19.01", "yaw": "-1.38"}
187.13, [INFO], turtlebot1, {"y": "17.82", "x": "-11.46", "yaw": "-1.25"}
187.13, [INFO], turtlebot2, {"y": "17.99", "x": "-19.01", "yaw": "-1.38"}
187.15, [INFO], turtlebot4, {"battery-level": "12.16%"}
187.15, [INFO], turtlebot4, {"battery-level": "12.16%"}
187.15, [INFO], turtlebot3, {"y": "21.48", "x": "-38.00", "yaw": "0.01"}
187.15, [INFO], turtlebot3, {"y": "21.48", "x": "-38.00", "yaw": "0.01"}
187.17, [INFO], turtlebot4, {"y": "19.37", "x": "-37.37", "yaw": "-1.47"}
187.17, [INFO], turtlebot4, {"y": "19.37", "x": "-37.37", "yaw": "-1.47"}
187.17, [INFO], turtlebot6, {"y": "33.97", "x": "-32.90", "yaw": "-3.09"}
187.17, [INFO], turtlebot6, {"y": "33.97", "x": "-32.90", "yaw": "-3.09"}
187.17, [INFO], turtlebot5, {"y": "17.97", "x": "-13.48", "yaw": "-1.32"}
187.17, [INFO], turtlebot5, {"y": "17.97", "x": "-13.48", "yaw": "-1.32"}
191.82, [DEBUG], None, [debug],turtlebot4,move-base-info,Hooray, the base moved arrived,(x=-37;y=18.93)
191.82, [DEBUG], None, [debug],turtlebot4,move-base-info,Hooray, the base moved arrived,(x=-37;y=18.93)
191.95, [DEBUG], turtlebot4, {"status": "way-point-reached", "skill": "navigation", "percentage": "66.67%", "goingto": "IC Room 6"}
202.13, [INFO], turtlebot2, {"y": "17.99", "x": "-19.01", "yaw": "-1.38"}
202.13, [INFO], turtlebot1, {"y": "17.82", "x": "-11.46", "yaw": "-1.25"}
202.13, [INFO], turtlebot2, {"y": "17.99", "x": "-19.01", "yaw": "-1.38"}
202.13, [INFO], turtlebot1, {"y": "17.82", "x": "-11.46", "yaw": "-1.25"}
202.15, [INFO], turtlebot3, {"y": "21.48", "x": "-38.02", "yaw": "0.03"}
202.15, [INFO], turtlebot3, {"y": "21.48", "x": "-38.02", "yaw": "0.03"}
202.15, [INFO], turtlebot4, {"battery-level": "11.71%"}
202.17, [INFO], turtlebot4, {"battery-level": "11.71%"}
202.17, [INFO], turtlebot4, {"y": "18.89", "x": "-36.93", "yaw": "-1.08"}
202.17, [INFO], turtlebot4, {"y": "18.89", "x": "-36.93", "yaw": "-1.08"}
202.18, [INFO], turtlebot6, {"y": "33.97", "x": "-32.90", "yaw": "-3.09"}
202.18, [INFO], turtlebot6, {"y": "33.97", "x": "-32.90", "yaw": "-3.09"}
202.18, [INFO], turtlebot5, {"y": "17.97", "x": "-13.47", "yaw": "-1.30"}
202.18, [INFO], turtlebot5, {"y": "17.97", "x": "-13.47", "yaw": "-1.30"}
217.13, [INFO], turtlebot2, {"y": "17.99", "x": "-19.01", "yaw": "-1.38"}
217.13, [INFO], turtlebot2, {"y": "17.99", "x": "-19.01", "yaw": "-1.38"}
217.13, [INFO], turtlebot1, {"y": "17.82", "x": "-11.46", "yaw": "-1.25"}
217.13, [INFO], turtlebot1, {"y": "17.82", "x": "-11.46", "yaw": "-1.25"}
217.15, [INFO], turtlebot4, {"y": "17.82", "x": "-35.93", "yaw": "-0.31"}
217.15, [INFO], turtlebot4, {"y": "17.82", "x": "-35.93", "yaw": "-0.31"}
217.15, [INFO], turtlebot4, {"battery-level": "11.23%"}
217.17, [INFO], turtlebot4, {"battery-level": "11.23%"}
217.17, [INFO], turtlebot3, {"y": "21.48", "x": "-38.02", "yaw": "0.03"}
217.17, [INFO], turtlebot3, {"y": "21.48", "x": "-38.02", "yaw": "0.03"}
217.17, [INFO], turtlebot6, {"y": "33.97", "x": "-32.91", "yaw": "-3.08"}
217.17, [INFO], turtlebot6, {"y": "33.97", "x": "-32.91", "yaw": "-3.08"}
217.17, [INFO], turtlebot5, {"y": "17.96", "x": "-13.47", "yaw": "-1.28"}
217.17, [INFO], turtlebot5, {"y": "17.96", "x": "-13.47", "yaw": "-1.28"}
222.93, [DEBUG], turtlebot4, {"param_list": ["IC Room 6", [[-37.0, 33.95, -1.5707963267948966, true], [-37.0, 18.93, 0.0, true], [-33.9, 18.93, 3.14, false]]], "skill": "navigation", "skill-life-cycle": "RUNNING", "label": "navto_room"}
232.13, [INFO], turtlebot2, {"y": "17.99", "x": "-19.01", "yaw": "-1.38"}
232.13, [INFO], turtlebot2, {"y": "17.99", "x": "-19.01", "yaw": "-1.38"}
232.13, [INFO], turtlebot1, {"y": "17.82", "x": "-11.46", "yaw": "-1.25"}
232.13, [INFO], turtlebot1, {"y": "17.82", "x": "-11.46", "yaw": "-1.25"}
232.15, [INFO], turtlebot4, {"battery-level": "10.78%"}
232.15, [INFO], turtlebot4, {"battery-level": "10.78%"}
232.15, [INFO], turtlebot4, {"y": "18.12", "x": "-34.74", "yaw": "0.79"}
232.17, [INFO], turtlebot4, {"y": "18.12", "x": "-34.74", "yaw": "0.79"}
232.17, [INFO], turtlebot3, {"y": "21.49", "x": "-38.03", "yaw": "0.03"}
232.17, [INFO], turtlebot3, {"y": "21.49", "x": "-38.03", "yaw": "0.03"}
232.18, [INFO], turtlebot5, {"y": "17.96", "x": "-13.47", "yaw": "-1.26"}
232.18, [INFO], turtlebot5, {"y": "17.96", "x": "-13.47", "yaw": "-1.26"}
232.18, [INFO], turtlebot6, {"y": "33.97", "x": "-32.91", "yaw": "-3.07"}
232.18, [INFO], turtlebot6, {"y": "33.97", "x": "-32.91", "yaw": "-3.07"}
244.77, [DEBUG], None, [debug],turtlebot4,move-base-info,Hooray, the base moved arrived,(x=-33.9;y=18.93)
244.77, [DEBUG], None, [debug],turtlebot4,move-base-info,Hooray, the base moved arrived,(x=-33.9;y=18.93)
244.87, [DEBUG], turtlebot4, {"status": "way-point-reached", "skill": "navigation", "percentage": "100.00%", "goingto": "IC Room 6"}
244.93, [DEBUG], turtlebot4, {"param_list": ["IC Room 6", [[-37.0, 33.95, -1.5707963267948966, true], [-37.0, 18.93, 0.0, true], [-33.9, 18.93, 3.14, false]]], "skill": "navigation", "skill-life-cycle": "SUCCESS", "label": "navto_room"}
244.93, [DEBUG], turtlebot4, "available-skills=['send_message', 'wait_message', 'approach_person', 'approach_robot', 'authenticate_person', 'navigation', 'operate_drawer']"
244.93, [DEBUG], turtlebot4, {"param_list": ["nurse"], "skill": "approach_person", "skill-life-cycle": "STARTED", "label": "approach_nurse"}
244.98, [DEBUG], turtlebot4, {"status": "localize-person", "skill": "approach-person", "who": "nurse"}
245.47, [DEBUG], turtlebot4, {"status": "goto-person", "skill": "approach-person", "who": "nurse"}
245.53, [DEBUG], turtlebot4, {"param_list": ["nurse"], "skill": "approach_person", "skill-life-cycle": "SUCCESS", "label": "approach_nurse"}
245.53, [DEBUG], turtlebot4, "available-skills=['send_message', 'wait_message', 'approach_person', 'approach_robot', 'authenticate_person', 'navigation', 'operate_drawer']"
245.55, [DEBUG], turtlebot4, {"param_list": ["nurse"], "skill": "authenticate_person", "skill-life-cycle": "STARTED", "label": "authenticate_nurse"}
245.62, [DEBUG], turtlebot4, {"status": "request-authentication", "to": "nurse", "skill": "authenticate-person"}
245.63, [INFO], nurse, {"status": "message-received", "skill": "athentication-request"}
245.67, [INFO], nurse, {"status": "message-received", "skill": "athentication-request"}
246.17, [DEBUG], turtlebot4, {"status": "received-authentication", "skill": "authenticate-person", "from": "nurse"}
246.23, [DEBUG], turtlebot4, {"param_list": ["nurse"], "skill": "authenticate_person", "skill-life-cycle": "SUCCESS", "label": "authenticate_nurse"}
246.23, [DEBUG], turtlebot4, "available-skills=['send_message', 'wait_message', 'approach_person', 'approach_robot', 'authenticate_person', 'navigation', 'operate_drawer']"
246.23, [DEBUG], turtlebot4, {"param_list": ["open"], "skill": "operate_drawer", "skill-life-cycle": "STARTED", "label": "open_drawer_for_nurse"}
246.30, [DEBUG], turtlebot4, {"status": "task-update", "action": "open", "skill": "operate-drawer"}
247.13, [INFO], turtlebot1, {"y": "17.82", "x": "-11.46", "yaw": "-1.25"}
247.13, [INFO], turtlebot1, {"y": "17.82", "x": "-11.46", "yaw": "-1.25"}
247.13, [DEBUG], turtlebot4, {"param_list": ["open"], "skill": "operate_drawer", "skill-life-cycle": "SUCCESS", "label": "open_drawer_for_nurse"}
247.13, [INFO], turtlebot2, {"y": "17.99", "x": "-19.01", "yaw": "-1.37"}
247.13, [DEBUG], turtlebot4, "available-skills=['send_message', 'wait_message', 'approach_person', 'approach_robot', 'authenticate_person', 'navigation', 'operate_drawer']"
247.15, [DEBUG], turtlebot4, {"param_list": ["nurse"], "skill": "send_message", "skill-life-cycle": "STARTED", "label": "notify_nurse_of_open_drawer_for_nurse_completed"}
247.15, [INFO], turtlebot2, {"y": "17.99", "x": "-19.01", "yaw": "-1.37"}
247.15, [INFO], turtlebot4, {"battery-level": "10.36%"}
247.15, [INFO], turtlebot3, {"y": "21.49", "x": "-38.04", "yaw": "0.03"}
247.15, [INFO], turtlebot4, {"battery-level": "10.36%"}
247.17, [INFO], turtlebot4, {"y": "18.67", "x": "-34.23", "yaw": "3.09"}
247.17, [INFO], turtlebot6, {"y": "33.97", "x": "-32.91", "yaw": "-3.07"}
247.17, [INFO], turtlebot3, {"y": "21.49", "x": "-38.04", "yaw": "0.03"}
247.17, [INFO], turtlebot4, {"y": "18.67", "x": "-34.23", "yaw": "3.09"}
247.18, [INFO], turtlebot5, {"y": "17.96", "x": "-13.47", "yaw": "-1.24"}
247.18, [INFO], turtlebot6, {"y": "33.97", "x": "-32.91", "yaw": "-3.07"}
247.18, [INFO], turtlebot5, {"y": "17.96", "x": "-13.47", "yaw": "-1.24"}
247.23, [INFO], turtlebot4, {"to": "nurse", "skill": "send-message"}
247.97, [INFO], nurse, {"status": "message-received", "skill": "wait-message"}
247.97, [INFO], nurse, {"status": "message-received", "skill": "wait-message"}
250.27, [DEBUG], turtlebot4, {"param_list": ["nurse"], "skill": "send_message", "skill-life-cycle": "SUCCESS", "label": "notify_nurse_of_open_drawer_for_nurse_completed"}
250.27, [DEBUG], turtlebot4, "available-skills=['send_message', 'wait_message', 'approach_person', 'approach_robot', 'authenticate_person', 'navigation', 'operate_drawer']"
250.28, [DEBUG], turtlebot4, {"param_list": ["nurse"], "skill": "wait_message", "skill-life-cycle": "STARTED", "label": "wait_nurse_to_complete_deposit"}
251.98, [INFO], turtlebot4, {"status": "message-received", "skill": "wait-message"}
252.05, [DEBUG], turtlebot4, {"param_list": ["nurse"], "skill": "wait_message", "skill-life-cycle": "SUCCESS", "label": "wait_nurse_to_complete_deposit"}
252.07, [DEBUG], turtlebot4, "available-skills=['send_message', 'wait_message', 'approach_person', 'approach_robot', 'authenticate_person', 'navigation', 'operate_drawer']"
252.07, [DEBUG], turtlebot4, {"param_list": ["close"], "skill": "operate_drawer", "skill-life-cycle": "STARTED", "label": "close_drawer_nurse"}
252.15, [DEBUG], turtlebot4, {"status": "task-update", "action": "close", "skill": "operate-drawer"}
252.95, [DEBUG], turtlebot4, {"param_list": ["close"], "skill": "operate_drawer", "skill-life-cycle": "SUCCESS", "label": "close_drawer_nurse"}
252.95, [DEBUG], turtlebot4, "available-skills=['send_message', 'wait_message', 'approach_person', 'approach_robot', 'authenticate_person', 'navigation', 'operate_drawer']"
252.95, [DEBUG], turtlebot4, {"param_list": ["Laboratory", [[-37.0, 18.93, -1.5707963267948966, true], [-37.0, 16.0, 0.0, true], [-26.0, 16.0, -1.5707963267948966, true], [-26.0, 13.0, 1.57, false]]], "skill": "navigation", "skill-life-cycle": "STARTED", "label": "navto_lab"}
257.97, [INFO], nurse, {"status": "message-received", "skill": "wait-message"}
257.97, [INFO], nurse, {"status": "message-received", "skill": "wait-message"}
262.13, [INFO], turtlebot1, {"y": "17.82", "x": "-11.46", "yaw": "-1.25"}
262.13, [INFO], turtlebot1, {"y": "17.82", "x": "-11.46", "yaw": "-1.25"}
262.13, [INFO], turtlebot2, {"y": "17.99", "x": "-19.01", "yaw": "-1.37"}
262.13, [INFO], turtlebot2, {"y": "17.99", "x": "-19.01", "yaw": "-1.37"}
262.15, [INFO], turtlebot4, {"y": "18.33", "x": "-34.87", "yaw": "-2.06"}
262.15, [INFO], turtlebot4, {"y": "18.33", "x": "-34.87", "yaw": "-2.06"}
262.15, [INFO], turtlebot3, {"y": "21.50", "x": "-38.05", "yaw": "0.03"}
262.15, [INFO], turtlebot3, {"y": "21.50", "x": "-38.05", "yaw": "0.03"}
262.17, [INFO], turtlebot4, {"battery-level": "9.88%"}
262.17, [INFO], turtlebot4, {"battery-level": "9.88%"}
262.17, [INFO], turtlebot5, {"y": "17.95", "x": "-13.46", "yaw": "-1.21"}
262.18, [INFO], turtlebot5, {"y": "17.95", "x": "-13.46", "yaw": "-1.21"}
262.18, [INFO], turtlebot6, {"y": "33.97", "x": "-32.91", "yaw": "-3.06"}
262.18, [INFO], turtlebot6, {"y": "33.97", "x": "-32.91", "yaw": "-3.06"}
265.62, [INFO], nurse, {"status": "waiting", "skill": "athentication-sent"}
265.62, [INFO], nurse, {"status": "waiting", "skill": "athentication-sent"}
266.78, [DEBUG], turtlebot4, {"param_list": ["Laboratory", [[-37.0, 18.93, -1.5707963267948966, true], [-37.0, 16.0, 0.0, true], [-26.0, 16.0, -1.5707963267948966, true], [-26.0, 13.0, 1.57, false]]], "skill": "navigation", "skill-life-cycle": "RUNNING", "label": "navto_lab"}
267.97, [INFO], nurse, {"status": "message-received", "skill": "wait-message"}
267.97, [INFO], nurse, {"status": "message-received", "skill": "wait-message"}
277.13, [INFO], turtlebot1, {"y": "17.82", "x": "-11.46", "yaw": "-1.25"}
277.13, [INFO], turtlebot1, {"y": "17.82", "x": "-11.46", "yaw": "-1.25"}
277.13, [INFO], turtlebot2, {"y": "17.99", "x": "-19.01", "yaw": "-1.37"}
277.15, [INFO], turtlebot2, {"y": "17.99", "x": "-19.01", "yaw": "-1.37"}
277.15, [INFO], turtlebot4, {"y": "18.53", "x": "-36.88", "yaw": "-1.94"}
277.15, [INFO], turtlebot4, {"y": "18.53", "x": "-36.88", "yaw": "-1.94"}
277.15, [INFO], turtlebot3, {"y": "21.50", "x": "-38.07", "yaw": "0.03"}
277.17, [INFO], turtlebot3, {"y": "21.50", "x": "-38.07", "yaw": "0.03"}
277.17, [INFO], turtlebot4, {"battery-level": "9.43%"}
277.17, [INFO], turtlebot4, {"battery-level": "9.43%"}
277.17, [INFO], turtlebot5, {"y": "17.95", "x": "-13.46", "yaw": "-1.20"}
277.17, [INFO], turtlebot5, {"y": "17.95", "x": "-13.46", "yaw": "-1.20"}
277.17, [INFO], turtlebot6, {"y": "33.98", "x": "-32.92", "yaw": "-3.05"}
277.17, [INFO], turtlebot6, {"y": "33.98", "x": "-32.92", "yaw": "-3.05"}
277.98, [INFO], nurse, {"status": "message-received", "skill": "wait-message"}
277.98, [INFO], nurse, {"status": "message-received", "skill": "wait-message"}
278.52, [DEBUG], None, [debug],turtlebot4,move-base-info,Hooray, the base moved arrived,(x=-37;y=18.93)
278.65, [DEBUG], None, [debug],turtlebot4,move-base-info,Hooray, the base moved arrived,(x=-37;y=18.93)
278.68, [DEBUG], turtlebot4, {"status": "way-point-reached", "skill": "navigation", "percentage": "25.00%", "goingto": "Laboratory"}
292.15, [INFO], turtlebot2, {"y": "17.99", "x": "-19.00", "yaw": "-1.37"}
292.15, [INFO], turtlebot2, {"y": "17.99", "x": "-19.00", "yaw": "-1.37"}
292.15, [INFO], turtlebot1, {"y": "17.82", "x": "-11.46", "yaw": "-1.25"}
292.15, [INFO], turtlebot1, {"y": "17.82", "x": "-11.46", "yaw": "-1.25"}
292.15, [INFO], turtlebot3, {"y": "21.50", "x": "-38.10", "yaw": "0.03"}
292.15, [INFO], turtlebot3, {"y": "21.50", "x": "-38.10", "yaw": "0.03"}
292.17, [INFO], turtlebot4, {"y": "17.14", "x": "-36.72", "yaw": "-1.58"}
292.17, [INFO], turtlebot4, {"y": "17.14", "x": "-36.72", "yaw": "-1.58"}
292.17, [INFO], turtlebot4, {"battery-level": "8.98%"}
292.17, [INFO], turtlebot4, {"battery-level": "8.98%"}
292.17, [INFO], turtlebot6, {"y": "33.98", "x": "-32.92", "yaw": "-3.05"}
292.18, [INFO], turtlebot6, {"y": "33.98", "x": "-32.92", "yaw": "-3.05"}
292.18, [INFO], turtlebot5, {"y": "17.95", "x": "-13.46", "yaw": "-1.18"}
292.18, [INFO], turtlebot5, {"y": "17.95", "x": "-13.46", "yaw": "-1.18"}
301.00, [DEBUG], None, [debug],turtlebot4,move-base-info,Hooray, the base moved arrived,(x=-37;y=16)
301.00, [DEBUG], None, [debug],turtlebot4,move-base-info,Hooray, the base moved arrived,(x=-37;y=16)
301.15, [DEBUG], turtlebot4, {"status": "way-point-reached", "skill": "navigation", "percentage": "50.00%", "goingto": "Laboratory"}
307.13, [INFO], turtlebot2, {"y": "17.99", "x": "-19.00", "yaw": "-1.37"}
307.13, [INFO], turtlebot2, {"y": "17.99", "x": "-19.00", "yaw": "-1.37"}
307.13, [INFO], turtlebot1, {"y": "17.82", "x": "-11.47", "yaw": "-1.25"}
307.13, [INFO], turtlebot1, {"y": "17.82", "x": "-11.47", "yaw": "-1.25"}
307.15, [INFO], turtlebot4, {"battery-level": "8.56%"}
307.15, [INFO], turtlebot4, {"battery-level": "8.56%"}
307.15, [INFO], turtlebot3, {"y": "21.50", "x": "-38.13", "yaw": "0.03"}
307.17, [INFO], turtlebot3, {"y": "21.50", "x": "-38.13", "yaw": "0.03"}
307.17, [INFO], turtlebot4, {"y": "16.37", "x": "-36.73", "yaw": "-0.75"}
307.18, [INFO], turtlebot6, {"y": "33.98", "x": "-32.92", "yaw": "-3.06"}
307.18, [INFO], turtlebot4, {"y": "16.37", "x": "-36.73", "yaw": "-0.75"}
307.18, [INFO], turtlebot6, {"y": "33.98", "x": "-32.92", "yaw": "-3.06"}
307.18, [INFO], turtlebot5, {"y": "17.94", "x": "-13.45", "yaw": "-1.16"}
307.18, [INFO], turtlebot5, {"y": "17.94", "x": "-13.45", "yaw": "-1.16"}
309.82, [DEBUG], turtlebot4, {"param_list": ["Laboratory", [[-37.0, 18.93, -1.5707963267948966, true], [-37.0, 16.0, 0.0, true], [-26.0, 16.0, -1.5707963267948966, true], [-26.0, 13.0, 1.57, false]]], "skill": "navigation", "skill-life-cycle": "RUNNING", "label": "navto_lab"}
322.13, [INFO], turtlebot1, {"y": "17.82", "x": "-11.47", "yaw": "-1.25"}
322.13, [INFO], turtlebot1, {"y": "17.82", "x": "-11.47", "yaw": "-1.25"}
322.13, [INFO], turtlebot2, {"y": "17.99", "x": "-19.00", "yaw": "-1.37"}
322.13, [INFO], turtlebot2, {"y": "17.99", "x": "-19.00", "yaw": "-1.37"}
322.15, [INFO], turtlebot4, {"battery-level": "8.08%"}
322.15, [INFO], turtlebot4, {"battery-level": "8.08%"}
322.15, [INFO], turtlebot3, {"y": "21.50", "x": "-38.14", "yaw": "0.03"}
322.17, [INFO], turtlebot3, {"y": "21.50", "x": "-38.14", "yaw": "0.03"}
322.17, [INFO], turtlebot4, {"y": "15.41", "x": "-35.68", "yaw": "-0.37"}
322.17, [INFO], turtlebot4, {"y": "15.41", "x": "-35.68", "yaw": "-0.37"}
322.17, [INFO], turtlebot5, {"y": "17.94", "x": "-13.45", "yaw": "-1.14"}
322.17, [INFO], turtlebot5, {"y": "17.94", "x": "-13.45", "yaw": "-1.14"}
322.18, [INFO], turtlebot6, {"y": "33.98", "x": "-32.92", "yaw": "-3.06"}
322.18, [INFO], turtlebot6, {"y": "33.98", "x": "-32.92", "yaw": "-3.06"}
337.13, [INFO], turtlebot1, {"y": "17.82", "x": "-11.47", "yaw": "-1.25"}
337.13, [INFO], turtlebot1, {"y": "17.82", "x": "-11.47", "yaw": "-1.25"}
337.13, [INFO], turtlebot2, {"y": "17.99", "x": "-19.00", "yaw": "-1.37"}
337.13, [INFO], turtlebot2, {"y": "17.99", "x": "-19.00", "yaw": "-1.37"}
337.15, [INFO], turtlebot4, {"battery-level": "7.63%"}
337.15, [INFO], turtlebot4, {"battery-level": "7.63%"}
337.15, [INFO], turtlebot3, {"y": "21.51", "x": "-38.15", "yaw": "0.04"}
337.15, [INFO], turtlebot3, {"y": "21.51", "x": "-38.15", "yaw": "0.04"}
337.17, [INFO], turtlebot4, {"y": "15.30", "x": "-34.43", "yaw": "0.00"}
337.17, [INFO], turtlebot4, {"y": "15.30", "x": "-34.43", "yaw": "0.00"}
337.17, [INFO], turtlebot6, {"y": "33.98", "x": "-32.92", "yaw": "-3.06"}
337.17, [INFO], turtlebot6, {"y": "33.98", "x": "-32.92", "yaw": "-3.06"}
337.17, [INFO], turtlebot5, {"y": "17.94", "x": "-13.44", "yaw": "-1.14"}
337.18, [INFO], turtlebot5, {"y": "17.94", "x": "-13.44", "yaw": "-1.14"}
351.45, [DEBUG], turtlebot4, {"param_list": ["Laboratory", [[-37.0, 18.93, -1.5707963267948966, true], [-37.0, 16.0, 0.0, true], [-26.0, 16.0, -1.5707963267948966, true], [-26.0, 13.0, 1.57, false]]], "skill": "navigation", "skill-life-cycle": "RUNNING", "label": "navto_lab"}
352.13, [INFO], turtlebot1, {"y": "17.82", "x": "-11.47", "yaw": "-1.25"}
352.13, [INFO], turtlebot1, {"y": "17.82", "x": "-11.47", "yaw": "-1.25"}
352.13, [INFO], turtlebot2, {"y": "17.99", "x": "-19.00", "yaw": "-1.37"}
352.13, [INFO], turtlebot2, {"y": "17.99", "x": "-19.00", "yaw": "-1.37"}
352.15, [INFO], turtlebot4, {"battery-level": "7.21%"}
352.15, [INFO], turtlebot4, {"battery-level": "7.21%"}
352.15, [INFO], turtlebot4, {"y": "15.31", "x": "-33.18", "yaw": "0.00"}
352.15, [INFO], turtlebot4, {"y": "15.31", "x": "-33.18", "yaw": "0.00"}
352.15, [INFO], turtlebot3, {"y": "21.51", "x": "-38.15", "yaw": "0.05"}
352.17, [INFO], turtlebot3, {"y": "21.51", "x": "-38.15", "yaw": "0.05"}
352.17, [INFO], turtlebot5, {"y": "17.94", "x": "-13.44", "yaw": "-1.13"}
352.17, [INFO], turtlebot6, {"y": "33.98", "x": "-32.93", "yaw": "-3.06"}
352.17, [INFO], turtlebot5, {"y": "17.94", "x": "-13.44", "yaw": "-1.13"}
352.17, [INFO], turtlebot6, {"y": "33.98", "x": "-32.93", "yaw": "-3.06"}
367.13, [INFO], turtlebot2, {"y": "17.99", "x": "-19.00", "yaw": "-1.37"}
367.13, [INFO], turtlebot2, {"y": "17.99", "x": "-19.00", "yaw": "-1.37"}
367.13, [INFO], turtlebot1, {"y": "17.82", "x": "-11.47", "yaw": "-1.25"}
367.13, [INFO], turtlebot1, {"y": "17.82", "x": "-11.47", "yaw": "-1.25"}
367.15, [INFO], turtlebot4, {"battery-level": "6.76%"}
367.15, [INFO], turtlebot4, {"battery-level": "6.76%"}
367.15, [INFO], turtlebot3, {"y": "21.51", "x": "-38.15", "yaw": "0.07"}
367.17, [INFO], turtlebot3, {"y": "21.51", "x": "-38.15", "yaw": "0.07"}
367.17, [INFO], turtlebot4, {"y": "15.31", "x": "-31.93", "yaw": "-0.06"}
367.17, [INFO], turtlebot4, {"y": "15.31", "x": "-31.93", "yaw": "-0.06"}
367.17, [INFO], turtlebot6, {"y": "33.98", "x": "-32.93", "yaw": "-3.06"}
367.17, [INFO], turtlebot6, {"y": "33.98", "x": "-32.93", "yaw": "-3.06"}
367.18, [INFO], turtlebot5, {"y": "17.94", "x": "-13.44", "yaw": "-1.12"}
367.18, [INFO], turtlebot5, {"y": "17.94", "x": "-13.44", "yaw": "-1.12"}
382.13, [INFO], turtlebot2, {"y": "17.99", "x": "-19.00", "yaw": "-1.37"}
382.13, [INFO], turtlebot2, {"y": "17.99", "x": "-19.00", "yaw": "-1.37"}
382.13, [INFO], turtlebot1, {"y": "17.82", "x": "-11.47", "yaw": "-1.25"}
382.13, [INFO], turtlebot1, {"y": "17.82", "x": "-11.47", "yaw": "-1.25"}
382.15, [INFO], turtlebot3, {"y": "21.51", "x": "-38.15", "yaw": "0.10"}
382.15, [INFO], turtlebot3, {"y": "21.51", "x": "-38.15", "yaw": "0.10"}
382.17, [INFO], turtlebot4, {"y": "15.31", "x": "-30.68", "yaw": "-0.02"}
382.17, [INFO], turtlebot4, {"y": "15.31", "x": "-30.68", "yaw": "-0.02"}
382.17, [INFO], turtlebot4, {"battery-level": "6.28%"}
382.18, [INFO], turtlebot4, {"battery-level": "6.28%"}
382.18, [INFO], turtlebot6, {"y": "33.98", "x": "-32.93", "yaw": "-3.06"}
382.18, [INFO], turtlebot5, {"y": "17.93", "x": "-13.44", "yaw": "-1.11"}
382.18, [INFO], turtlebot6, {"y": "33.98", "x": "-32.93", "yaw": "-3.06"}
382.18, [INFO], turtlebot5, {"y": "17.93", "x": "-13.44", "yaw": "-1.11"}
393.55, [DEBUG], turtlebot4, {"param_list": ["Laboratory", [[-37.0, 18.93, -1.5707963267948966, true], [-37.0, 16.0, 0.0, true], [-26.0, 16.0, -1.5707963267948966, true], [-26.0, 13.0, 1.57, false]]], "skill": "navigation", "skill-life-cycle": "RUNNING", "label": "navto_lab"}
397.13, [INFO], turtlebot2, {"y": "17.99", "x": "-19.00", "yaw": "-1.37"}
397.13, [INFO], turtlebot1, {"y": "17.82", "x": "-11.47", "yaw": "-1.25"}
397.13, [INFO], turtlebot2, {"y": "17.99", "x": "-19.00", "yaw": "-1.37"}
397.13, [INFO], turtlebot1, {"y": "17.82", "x": "-11.47", "yaw": "-1.25"}
397.15, [INFO], turtlebot3, {"y": "21.52", "x": "-38.15", "yaw": "0.13"}
397.15, [INFO], turtlebot3, {"y": "21.52", "x": "-38.15", "yaw": "0.13"}
397.15, [INFO], turtlebot4, {"y": "15.30", "x": "-29.43", "yaw": "0.00"}
397.15, [INFO], turtlebot4, {"y": "15.30", "x": "-29.43", "yaw": "0.00"}
397.17, [INFO], turtlebot4, {"battery-level": "5.86%"}
397.17, [INFO], turtlebot4, {"battery-level": "5.86%"}
397.17, [INFO], turtlebot5, {"y": "17.93", "x": "-13.43", "yaw": "-1.10"}
397.17, [INFO], turtlebot6, {"y": "33.98", "x": "-32.93", "yaw": "-3.06"}
397.17, [INFO], turtlebot5, {"y": "17.93", "x": "-13.43", "yaw": "-1.10"}
397.18, [INFO], turtlebot6, {"y": "33.98", "x": "-32.93", "yaw": "-3.06"}
412.13, [INFO], turtlebot1, {"y": "17.82", "x": "-11.47", "yaw": "-1.25"}
412.13, [INFO], turtlebot2, {"y": "17.98", "x": "-19.00", "yaw": "-1.37"}
412.13, [INFO], turtlebot1, {"y": "17.82", "x": "-11.47", "yaw": "-1.25"}
412.13, [INFO], turtlebot2, {"y": "17.98", "x": "-19.00", "yaw": "-1.37"}
412.15, [INFO], turtlebot4, {"battery-level": "5.41%"}
412.15, [INFO], turtlebot4, {"y": "15.50", "x": "-28.19", "yaw": "0.31"}
412.15, [INFO], turtlebot4, {"battery-level": "5.41%"}
412.17, [INFO], turtlebot4, {"y": "15.50", "x": "-28.19", "yaw": "0.31"}
412.17, [INFO], turtlebot3, {"y": "21.52", "x": "-38.16", "yaw": "0.16"}
412.17, [INFO], turtlebot3, {"y": "21.52", "x": "-38.16", "yaw": "0.16"}
412.18, [INFO], turtlebot5, {"y": "17.93", "x": "-13.43", "yaw": "-1.10"}
412.18, [INFO], turtlebot5, {"y": "17.93", "x": "-13.43", "yaw": "-1.10"}
412.18, [INFO], turtlebot6, {"y": "33.98", "x": "-32.93", "yaw": "-3.06"}
412.18, [INFO], turtlebot6, {"y": "33.98", "x": "-32.93", "yaw": "-3.06"}
425.15, [DEBUG], None, ENDLOWBATT
425.15, [DEBUG], None, ENDLOWBATT
425.15, [DEBUG], None, end!
