0.00, [DEBUG], logger, ROBOTS_CONFIG=[{"avg_speed": 0.15, "battery_charge": 0.5914703710515797, "battery_discharge_rate": 0.0006600000000000001, "id": 1, "local_plan": null, "location": "IC Room 4", "name": "r1", "position": [-39.44, 33.95, 0.0], "skills": ["approach_person", "approach_robot", "authenticate_person", "navigation"]}, {"avg_speed": 0.15, "battery_charge": 0.8344531419634984, "battery_discharge_rate": 0.00026000000000000003, "id": 2, "local_plan": null, "location": "PC Room 5", "name": "r2", "position": [-21.0, 18.0, -1.57], "skills": ["approach_person", "approach_robot", "authenticate_person", "operate_drawer"]}, {"avg_speed": 0.15, "battery_charge": 0.462681764358839, "battery_discharge_rate": 0.00064, "id": 3, "local_plan": null, "location": "IC Room 2", "name": "r3", "position": [-38.0, 21.5, 0.0], "skills": ["approach_person", "approach_robot", "authenticate_person", "navigation", "operate_drawer"]}, {"avg_speed": 0.15, "battery_charge": 0.6520875066754872, "battery_discharge_rate": 0.0005600000000000001, "id": 4, "local_plan": null, "location": "PC Room 7", "name": "r4", "position": [-13.5, 18.0, -1.57], "skills": ["approach_person", "approach_robot", "authenticate_person", "navigation", "operate_drawer"]}, {"avg_speed": 0.15, "battery_charge": 0.2817995261312799, "battery_discharge_rate": 0.00076, "id": 5, "local_plan": null, "location": "IC Room 6", "name": "r5", "position": [-33.9, 18.93, 3.14], "skills": ["approach_person", "approach_robot", "authenticate_person", "navigation", "operate_drawer"]}, {"avg_speed": 0.15, "battery_charge": 0.5080169438370433, "battery_discharge_rate": 0.00038, "id": 6, "local_plan": [["navigation", ["PC Room 3", [[-27.23, 18.0, -1.57], [-27.23, 16.0], [-28.5, 16.0], [-28.5, 18.0, -1.57]]], "navto_room"], ["approach_person", ["nurse"], "approach_nurse"], ["authenticate_person", ["nurse"], "authenticate_nurse"], ["operate_drawer", ["open"], "open_drawer_for_nurse"], ["send_message", ["nurse"], "notify_nurse_of_open_drawer_for_nurse_completed"], ["wait_message", ["nurse"], "wait_nurse_to_complete_deposit"], ["operate_drawer", ["close"], "close_drawer_nurse"], ["navigation", ["Laboratory", [[-28.5, 18.0, -1.57], [-28.5, 16.0], [-26.0, 16.0], [-26.0, 13.0, 1.57]]], "navto_lab"], ["approach_robot", ["lab_arm"], "approach_arm"], ["operate_drawer", ["open"], "open_drawer_lab"], ["send_message", ["lab_arm"], "notify_lab_arm_of_open_drawer_lab_completed"], ["wait_message", ["lab_arm"], "wait_lab_arm_to_complete_pick_up_sample"], ["operate_drawer", ["close"], "close_drawer_lab"]], "location": "PC Room 4", "name": "r6", "position": [-27.23, 18.0, -1.57], "skills": ["approach_person", "approach_robot", "authenticate_person", "navigation", "operate_drawer"]}]
0.00, [DEBUG], logger, NURSES_CONFIG=[{"location": "PC Room 3", "position": [-29.5, 19.0, -1.57]}]
0.00, [DEBUG], logger, Simulation open
0.02, [DEBUG], logger, subcribing to in the topic /log
1.48, [DEBUG], None, [debug],turtlebot6,move-base-info,Move_base is up and ok....,
1.85, [DEBUG], None, [debug],turtlebot2,move-base-info,Move_base is up and ok....,
1.88, [DEBUG], None, [debug],turtlebot4,move-base-info,Move_base is up and ok....,
1.95, [DEBUG], None, [debug],turtlebot5,move-base-info,Move_base is up and ok....,
2.02, [DEBUG], None, [debug],turtlebot1,move-base-info,Move_base is up and ok....,
2.02, [DEBUG], None, [debug],turtlebot3,move-base-info,Move_base is up and ok....,
7.88, [DEBUG], turtlebot6, {"param_list": [], "skill": "init_robobt", "skill-life-cycle": "RUNNING", "label": "init_robobt"}
9.60, [DEBUG], turtlebot3, {"param_list": [], "skill": "init_robobt", "skill-life-cycle": "SUCCESS", "label": "init_robobt"}
9.73, [DEBUG], turtlebot4, {"param_list": [], "skill": "init_robobt", "skill-life-cycle": "SUCCESS", "label": "init_robobt"}
9.95, [DEBUG], turtlebot2, {"param_list": [], "skill": "init_robobt", "skill-life-cycle": "SUCCESS", "label": "init_robobt"}
10.58, [DEBUG], turtlebot5, {"param_list": [], "skill": "init_robobt", "skill-life-cycle": "SUCCESS", "label": "init_robobt"}
10.63, [DEBUG], turtlebot1, {"param_list": [], "skill": "init_robobt", "skill-life-cycle": "SUCCESS", "label": "init_robobt"}
11.32, [DEBUG], turtlebot6, {"param_list": [], "skill": "init_robobt", "skill-life-cycle": "SUCCESS", "label": "init_robobt"}
11.35, [DEBUG], turtlebot6, "available-skills=['send_message', 'wait_message', 'approach_person', 'approach_robot', 'authenticate_person', 'navigation', 'operate_drawer']"
11.38, [DEBUG], turtlebot6, {"param_list": ["PC Room 3", [[-27.23, 16.0, 3.141592653589793, true], [-28.5, 16.0, 1.5707963267948966, true], [-28.5, 18.0, -1.57, false]]], "skill": "navigation", "skill-life-cycle": "STARTED", "label": "navto_room"}
20.77, [INFO], turtlebot1, {"y": "33.84", "x": "-39.51", "yaw": "0.46"}
20.77, [INFO], turtlebot1, {"y": "33.84", "x": "-39.51", "yaw": "0.46"}
20.77, [INFO], turtlebot4, {"y": "18.00", "x": "-13.50", "yaw": "-1.50"}
20.77, [INFO], turtlebot4, {"y": "18.00", "x": "-13.50", "yaw": "-1.50"}
20.77, [INFO], turtlebot2, {"y": "18.00", "x": "-20.99", "yaw": "-1.54"}
20.77, [INFO], turtlebot2, {"y": "18.00", "x": "-20.99", "yaw": "-1.54"}
20.78, [INFO], turtlebot3, {"y": "21.48", "x": "-38.00", "yaw": "0.01"}
20.78, [INFO], turtlebot3, {"y": "21.48", "x": "-38.00", "yaw": "0.01"}
20.78, [INFO], turtlebot6, {"y": "17.62", "x": "-27.18", "yaw": "-1.49"}
20.78, [INFO], turtlebot6, {"y": "17.62", "x": "-27.18", "yaw": "-1.49"}
20.78, [INFO], turtlebot6, {"battery-level": "50.24%"}
20.78, [INFO], turtlebot6, {"battery-level": "50.24%"}
20.78, [INFO], turtlebot5, {"y": "18.79", "x": "-33.83", "yaw": "2.80"}
20.78, [INFO], turtlebot5, {"y": "18.79", "x": "-33.83", "yaw": "2.80"}
35.77, [INFO], turtlebot2, {"y": "18.00", "x": "-20.99", "yaw": "-1.54"}
35.77, [INFO], turtlebot2, {"y": "18.00", "x": "-20.99", "yaw": "-1.54"}
35.77, [INFO], turtlebot4, {"y": "18.00", "x": "-13.49", "yaw": "-1.49"}
35.77, [INFO], turtlebot4, {"y": "18.00", "x": "-13.49", "yaw": "-1.49"}
35.77, [INFO], turtlebot1, {"y": "33.84", "x": "-39.51", "yaw": "0.46"}
35.78, [INFO], turtlebot1, {"y": "33.84", "x": "-39.51", "yaw": "0.46"}
35.78, [INFO], turtlebot3, {"y": "21.48", "x": "-38.00", "yaw": "0.01"}
35.78, [INFO], turtlebot3, {"y": "21.48", "x": "-38.00", "yaw": "0.01"}
35.78, [INFO], turtlebot5, {"y": "18.78", "x": "-33.84", "yaw": "2.82"}
35.78, [INFO], turtlebot5, {"y": "18.78", "x": "-33.84", "yaw": "2.82"}
35.78, [INFO], turtlebot6, {"y": "16.47", "x": "-27.14", "yaw": "-2.30"}
35.78, [INFO], turtlebot6, {"y": "16.47", "x": "-27.14", "yaw": "-2.30"}
35.78, [INFO], turtlebot6, {"battery-level": "49.64%"}
35.78, [INFO], turtlebot6, {"battery-level": "49.64%"}
38.32, [DEBUG], None, [debug],turtlebot6,move-base-info,Hooray, the base moved arrived,(x=-27.23;y=16)
38.38, [DEBUG], None, [debug],turtlebot6,move-base-info,Hooray, the base moved arrived,(x=-27.23;y=16)
38.43, [DEBUG], turtlebot6, {"status": "way-point-reached", "skill": "navigation", "percentage": "33.33%", "goingto": "PC Room 3"}
50.48, [DEBUG], turtlebot6, {"param_list": ["PC Room 3", [[-27.23, 16.0, 3.141592653589793, true], [-28.5, 16.0, 1.5707963267948966, true], [-28.5, 18.0, -1.57, false]]], "skill": "navigation", "skill-life-cycle": "RUNNING", "label": "navto_room"}
50.77, [INFO], turtlebot1, {"y": "33.84", "x": "-39.51", "yaw": "0.46"}
50.77, [INFO], turtlebot1, {"y": "33.84", "x": "-39.51", "yaw": "0.46"}
50.77, [INFO], turtlebot3, {"y": "21.48", "x": "-38.00", "yaw": "0.01"}
50.77, [INFO], turtlebot3, {"y": "21.48", "x": "-38.00", "yaw": "0.01"}
50.77, [INFO], turtlebot2, {"y": "18.00", "x": "-20.99", "yaw": "-1.54"}
50.78, [INFO], turtlebot2, {"y": "18.00", "x": "-20.99", "yaw": "-1.54"}
50.78, [INFO], turtlebot4, {"y": "18.00", "x": "-13.49", "yaw": "-1.48"}
50.78, [INFO], turtlebot4, {"y": "18.00", "x": "-13.49", "yaw": "-1.48"}
50.78, [INFO], turtlebot5, {"y": "18.78", "x": "-33.85", "yaw": "2.84"}
50.78, [INFO], turtlebot5, {"y": "18.78", "x": "-33.85", "yaw": "2.84"}
50.78, [INFO], turtlebot6, {"y": "16.31", "x": "-28.15", "yaw": "2.82"}
50.78, [INFO], turtlebot6, {"battery-level": "49.04%"}
50.78, [INFO], turtlebot6, {"y": "16.31", "x": "-28.15", "yaw": "2.82"}
50.78, [INFO], turtlebot6, {"battery-level": "49.04%"}
54.30, [DEBUG], None, [debug],turtlebot6,move-base-info,Hooray, the base moved arrived,(x=-28.5;y=16)
54.42, [DEBUG], None, [debug],turtlebot6,move-base-info,Hooray, the base moved arrived,(x=-28.5;y=16)
54.48, [DEBUG], turtlebot6, {"status": "way-point-reached", "skill": "navigation", "percentage": "66.67%", "goingto": "PC Room 3"}
65.77, [INFO], turtlebot1, {"y": "33.84", "x": "-39.51", "yaw": "0.46"}
65.77, [INFO], turtlebot1, {"y": "33.84", "x": "-39.51", "yaw": "0.46"}
65.77, [INFO], turtlebot2, {"y": "18.00", "x": "-20.99", "yaw": "-1.54"}
65.77, [INFO], turtlebot2, {"y": "18.00", "x": "-20.99", "yaw": "-1.54"}
65.77, [INFO], turtlebot3, {"y": "21.48", "x": "-38.00", "yaw": "0.01"}
65.78, [INFO], turtlebot3, {"y": "21.48", "x": "-38.00", "yaw": "0.01"}
65.78, [INFO], turtlebot4, {"y": "18.00", "x": "-13.49", "yaw": "-1.47"}
65.78, [INFO], turtlebot4, {"y": "18.00", "x": "-13.49", "yaw": "-1.47"}
65.78, [INFO], turtlebot6, {"battery-level": "48.48%"}
65.78, [INFO], turtlebot6, {"battery-level": "48.48%"}
65.78, [INFO], turtlebot6, {"y": "17.53", "x": "-28.41", "yaw": "2.37"}
65.78, [INFO], turtlebot6, {"y": "17.53", "x": "-28.41", "yaw": "2.37"}
65.78, [INFO], turtlebot5, {"y": "18.78", "x": "-33.85", "yaw": "2.85"}
65.78, [INFO], turtlebot5, {"y": "18.78", "x": "-33.85", "yaw": "2.85"}
71.88, [DEBUG], None, [debug],turtlebot6,move-base-info,Hooray, the base moved arrived,(x=-28.5;y=18)
71.88, [DEBUG], None, [debug],turtlebot6,move-base-info,Hooray, the base moved arrived,(x=-28.5;y=18)
72.00, [DEBUG], turtlebot6, {"status": "way-point-reached", "skill": "navigation", "percentage": "100.00%", "goingto": "PC Room 3"}
72.08, [DEBUG], turtlebot6, {"param_list": ["PC Room 3", [[-27.23, 16.0, 3.141592653589793, true], [-28.5, 16.0, 1.5707963267948966, true], [-28.5, 18.0, -1.57, false]]], "skill": "navigation", "skill-life-cycle": "SUCCESS", "label": "navto_room"}
72.08, [DEBUG], turtlebot6, "available-skills=['send_message', 'wait_message', 'approach_person', 'approach_robot', 'authenticate_person', 'navigation', 'operate_drawer']"
72.08, [DEBUG], turtlebot6, {"param_list": ["nurse"], "skill": "approach_person", "skill-life-cycle": "STARTED", "label": "approach_nurse"}
72.17, [DEBUG], turtlebot6, {"status": "localize-person", "skill": "approach-person", "who": "nurse"}
72.38, [DEBUG], turtlebot6, {"status": "goto-person", "skill": "approach-person", "who": "nurse"}
72.47, [DEBUG], turtlebot6, {"param_list": ["nurse"], "skill": "approach_person", "skill-life-cycle": "SUCCESS", "label": "approach_nurse"}
72.47, [DEBUG], turtlebot6, "available-skills=['send_message', 'wait_message', 'approach_person', 'approach_robot', 'authenticate_person', 'navigation', 'operate_drawer']"
72.47, [DEBUG], turtlebot6, {"param_list": ["nurse"], "skill": "authenticate_person", "skill-life-cycle": "STARTED", "label": "authenticate_nurse"}
72.55, [DEBUG], turtlebot6, {"status": "request-authentication", "to": "nurse", "skill": "authenticate-person"}
72.57, [INFO], nurse, {"status": "message-received", "skill": "athentication-request"}
72.57, [INFO], nurse, {"status": "message-received", "skill": "athentication-request"}
73.37, [DEBUG], turtlebot6, {"status": "received-authentication", "skill": "authenticate-person", "from": "nurse"}
73.45, [DEBUG], turtlebot6, {"param_list": ["nurse"], "skill": "authenticate_person", "skill-life-cycle": "SUCCESS", "label": "authenticate_nurse"}
73.58, [DEBUG], turtlebot6, "available-skills=['send_message', 'wait_message', 'approach_person', 'approach_robot', 'authenticate_person', 'navigation', 'operate_drawer']"
73.58, [DEBUG], turtlebot6, {"param_list": ["open"], "skill": "operate_drawer", "skill-life-cycle": "STARTED", "label": "open_drawer_for_nurse"}
73.65, [DEBUG], turtlebot6, {"status": "task-update", "action": "open", "skill": "operate-drawer"}
74.48, [DEBUG], turtlebot6, {"param_list": ["open"], "skill": "operate_drawer", "skill-life-cycle": "SUCCESS", "label": "open_drawer_for_nurse"}
74.48, [DEBUG], turtlebot6, "available-skills=['send_message', 'wait_message', 'approach_person', 'approach_robot', 'authenticate_person', 'navigation', 'operate_drawer']"
74.48, [DEBUG], turtlebot6, {"param_list": ["nurse"], "skill": "send_message", "skill-life-cycle": "STARTED", "label": "notify_nurse_of_open_drawer_for_nurse_completed"}
74.57, [INFO], turtlebot6, {"to": "nurse", "skill": "send-message"}
75.33, [INFO], nurse, {"status": "message-received", "skill": "wait-message"}
75.38, [INFO], nurse, {"status": "message-received", "skill": "wait-message"}
77.58, [DEBUG], turtlebot6, {"param_list": ["nurse"], "skill": "send_message", "skill-life-cycle": "SUCCESS", "label": "notify_nurse_of_open_drawer_for_nurse_completed"}
77.58, [DEBUG], turtlebot6, "available-skills=['send_message', 'wait_message', 'approach_person', 'approach_robot', 'authenticate_person', 'navigation', 'operate_drawer']"
77.58, [DEBUG], turtlebot6, {"param_list": ["nurse"], "skill": "wait_message", "skill-life-cycle": "STARTED", "label": "wait_nurse_to_complete_deposit"}
79.40, [INFO], turtlebot6, {"status": "message-received", "skill": "wait-message"}
79.48, [DEBUG], turtlebot6, {"param_list": ["nurse"], "skill": "wait_message", "skill-life-cycle": "SUCCESS", "label": "wait_nurse_to_complete_deposit"}
79.48, [DEBUG], turtlebot6, "available-skills=['send_message', 'wait_message', 'approach_person', 'approach_robot', 'authenticate_person', 'navigation', 'operate_drawer']"
79.48, [DEBUG], turtlebot6, {"param_list": ["close"], "skill": "operate_drawer", "skill-life-cycle": "STARTED", "label": "close_drawer_nurse"}
79.53, [DEBUG], turtlebot6, {"status": "task-update", "action": "close", "skill": "operate-drawer"}
80.35, [DEBUG], turtlebot6, {"param_list": ["close"], "skill": "operate_drawer", "skill-life-cycle": "SUCCESS", "label": "close_drawer_nurse"}
80.35, [DEBUG], turtlebot6, "available-skills=['send_message', 'wait_message', 'approach_person', 'approach_robot', 'authenticate_person', 'navigation', 'operate_drawer']"
80.35, [DEBUG], turtlebot6, {"param_list": ["Laboratory", [[-28.5, 16.0, 0.0, true], [-26.0, 16.0, -1.5707963267948966, true], [-26.0, 13.0, 1.57, false]]], "skill": "navigation", "skill-life-cycle": "STARTED", "label": "navto_lab"}
80.77, [INFO], turtlebot2, {"y": "18.00", "x": "-20.99", "yaw": "-1.54"}
80.77, [INFO], turtlebot2, {"y": "18.00", "x": "-20.99", "yaw": "-1.54"}
80.77, [INFO], turtlebot1, {"y": "33.84", "x": "-39.51", "yaw": "0.46"}
80.77, [INFO], turtlebot1, {"y": "33.84", "x": "-39.51", "yaw": "0.46"}
80.77, [INFO], turtlebot4, {"y": "18.00", "x": "-13.49", "yaw": "-1.46"}
80.78, [INFO], turtlebot4, {"y": "18.00", "x": "-13.49", "yaw": "-1.46"}
80.78, [INFO], turtlebot3, {"y": "21.48", "x": "-38.00", "yaw": "0.01"}
80.78, [INFO], turtlebot3, {"y": "21.48", "x": "-38.00", "yaw": "0.01"}
80.78, [INFO], turtlebot6, {"battery-level": "47.88%"}
80.78, [INFO], turtlebot6, {"battery-level": "47.88%"}
80.78, [INFO], turtlebot5, {"y": "18.78", "x": "-33.85", "yaw": "2.87"}
80.78, [INFO], turtlebot5, {"y": "18.78", "x": "-33.85", "yaw": "2.87"}
80.78, [INFO], turtlebot6, {"y": "17.59", "x": "-28.44", "yaw": "-1.60"}
80.78, [INFO], turtlebot6, {"y": "17.59", "x": "-28.44", "yaw": "-1.60"}
85.33, [INFO], nurse, {"status": "message-received", "skill": "wait-message"}
85.38, [INFO], nurse, {"status": "message-received", "skill": "wait-message"}
92.55, [INFO], nurse, {"status": "waiting", "skill": "athentication-sent"}
92.55, [INFO], nurse, {"status": "waiting", "skill": "athentication-sent"}
95.08, [DEBUG], turtlebot6, {"param_list": ["Laboratory", [[-28.5, 16.0, 0.0, true], [-26.0, 16.0, -1.5707963267948966, true], [-26.0, 13.0, 1.57, false]]], "skill": "navigation", "skill-life-cycle": "RUNNING", "label": "navto_lab"}
95.32, [INFO], nurse, {"status": "message-received", "skill": "wait-message"}
95.42, [INFO], nurse, {"status": "message-received", "skill": "wait-message"}
95.77, [INFO], turtlebot4, {"y": "17.99", "x": "-13.49", "yaw": "-1.44"}
95.77, [INFO], turtlebot4, {"y": "17.99", "x": "-13.49", "yaw": "-1.44"}
95.78, [INFO], turtlebot2, {"y": "18.00", "x": "-20.99", "yaw": "-1.54"}
95.78, [INFO], turtlebot2, {"y": "18.00", "x": "-20.99", "yaw": "-1.54"}
95.78, [INFO], turtlebot1, {"y": "33.84", "x": "-39.51", "yaw": "0.46"}
95.78, [INFO], turtlebot1, {"y": "33.84", "x": "-39.51", "yaw": "0.46"}
95.78, [INFO], turtlebot3, {"y": "21.48", "x": "-38.00", "yaw": "0.01"}
95.78, [INFO], turtlebot3, {"y": "21.48", "x": "-38.00", "yaw": "0.01"}
95.78, [INFO], turtlebot6, {"y": "16.64", "x": "-28.59", "yaw": "-1.65"}
95.78, [INFO], turtlebot6, {"y": "16.64", "x": "-28.59", "yaw": "-1.65"}
95.78, [INFO], turtlebot6, {"battery-level": "47.24%"}
95.80, [INFO], turtlebot5, {"y": "18.78", "x": "-33.85", "yaw": "2.88"}
95.80, [INFO], turtlebot6, {"battery-level": "47.24%"}
95.82, [INFO], turtlebot5, {"y": "18.78", "x": "-33.85", "yaw": "2.88"}
101.65, [DEBUG], None, [debug],turtlebot6,move-base-info,Hooray, the base moved arrived,(x=-28.5;y=16)
101.65, [DEBUG], None, [debug],turtlebot6,move-base-info,Hooray, the base moved arrived,(x=-28.5;y=16)
101.70, [DEBUG], turtlebot6, {"status": "way-point-reached", "skill": "navigation", "percentage": "33.33%", "goingto": "Laboratory"}
105.32, [INFO], nurse, {"status": "message-received", "skill": "wait-message"}
105.38, [INFO], nurse, {"status": "message-received", "skill": "wait-message"}
110.77, [INFO], turtlebot2, {"y": "18.00", "x": "-20.99", "yaw": "-1.54"}
110.77, [INFO], turtlebot2, {"y": "18.00", "x": "-20.99", "yaw": "-1.54"}
110.77, [INFO], turtlebot1, {"y": "33.84", "x": "-39.51", "yaw": "0.46"}
110.77, [INFO], turtlebot1, {"y": "33.84", "x": "-39.51", "yaw": "0.46"}
110.77, [INFO], turtlebot3, {"y": "21.48", "x": "-38.00", "yaw": "0.01"}
110.77, [INFO], turtlebot3, {"y": "21.48", "x": "-38.00", "yaw": "0.01"}
110.78, [INFO], turtlebot4, {"y": "17.99", "x": "-13.49", "yaw": "-1.42"}
110.78, [INFO], turtlebot4, {"y": "17.99", "x": "-13.49", "yaw": "-1.42"}
110.78, [INFO], turtlebot6, {"battery-level": "46.68%"}
110.78, [INFO], turtlebot6, {"battery-level": "46.68%"}
110.78, [INFO], turtlebot6, {"y": "16.24", "x": "-28.03", "yaw": "-0.47"}
110.78, [INFO], turtlebot6, {"y": "16.24", "x": "-28.03", "yaw": "-0.47"}
110.78, [INFO], turtlebot5, {"y": "18.78", "x": "-33.85", "yaw": "2.90"}
110.78, [INFO], turtlebot5, {"y": "18.78", "x": "-33.85", "yaw": "2.90"}
125.77, [INFO], turtlebot3, {"y": "21.48", "x": "-38.00", "yaw": "0.01"}
125.77, [INFO], turtlebot3, {"y": "21.48", "x": "-38.00", "yaw": "0.01"}
125.77, [INFO], turtlebot1, {"y": "33.84", "x": "-39.51", "yaw": "0.46"}
125.77, [INFO], turtlebot1, {"y": "33.84", "x": "-39.51", "yaw": "0.46"}
125.77, [INFO], turtlebot2, {"y": "18.00", "x": "-20.99", "yaw": "-1.54"}
125.77, [INFO], turtlebot2, {"y": "18.00", "x": "-20.99", "yaw": "-1.54"}
125.78, [INFO], turtlebot4, {"y": "17.99", "x": "-13.49", "yaw": "-1.40"}
125.78, [INFO], turtlebot4, {"y": "17.99", "x": "-13.49", "yaw": "-1.40"}
125.78, [INFO], turtlebot6, {"battery-level": "46.08%"}
125.78, [INFO], turtlebot6, {"battery-level": "46.08%"}
125.78, [INFO], turtlebot5, {"y": "18.79", "x": "-33.86", "yaw": "2.93"}
125.78, [INFO], turtlebot5, {"y": "18.79", "x": "-33.86", "yaw": "2.93"}
125.78, [INFO], turtlebot6, {"y": "16.30", "x": "-26.39", "yaw": "-1.33"}
125.78, [INFO], turtlebot6, {"y": "16.30", "x": "-26.39", "yaw": "-1.33"}
126.95, [DEBUG], None, [debug],turtlebot6,move-base-info,Hooray, the base moved arrived,(x=-26;y=16)
126.95, [DEBUG], None, [debug],turtlebot6,move-base-info,Hooray, the base moved arrived,(x=-26;y=16)
127.05, [DEBUG], turtlebot6, {"status": "way-point-reached", "skill": "navigation", "percentage": "66.67%", "goingto": "Laboratory"}
138.00, [DEBUG], turtlebot6, {"param_list": ["Laboratory", [[-28.5, 16.0, 0.0, true], [-26.0, 16.0, -1.5707963267948966, true], [-26.0, 13.0, 1.57, false]]], "skill": "navigation", "skill-life-cycle": "RUNNING", "label": "navto_lab"}
140.77, [INFO], turtlebot4, {"y": "17.98", "x": "-13.49", "yaw": "-1.38"}
140.77, [INFO], turtlebot4, {"y": "17.98", "x": "-13.49", "yaw": "-1.38"}
140.77, [INFO], turtlebot3, {"y": "21.48", "x": "-38.00", "yaw": "0.01"}
140.77, [INFO], turtlebot3, {"y": "21.48", "x": "-38.00", "yaw": "0.01"}
140.77, [INFO], turtlebot2, {"y": "18.00", "x": "-21.00", "yaw": "-1.54"}
140.78, [INFO], turtlebot2, {"y": "18.00", "x": "-21.00", "yaw": "-1.54"}
140.78, [INFO], turtlebot1, {"y": "33.84", "x": "-39.51", "yaw": "0.46"}
140.78, [INFO], turtlebot1, {"y": "33.84", "x": "-39.51", "yaw": "0.46"}
140.78, [INFO], turtlebot5, {"y": "18.79", "x": "-33.87", "yaw": "2.95"}
140.78, [INFO], turtlebot5, {"y": "18.79", "x": "-33.87", "yaw": "2.95"}
140.78, [INFO], turtlebot6, {"battery-level": "45.48%"}
140.78, [INFO], turtlebot6, {"battery-level": "45.48%"}
140.78, [INFO], turtlebot6, {"y": "15.51", "x": "-26.07", "yaw": "-1.19"}
140.78, [INFO], turtlebot6, {"y": "15.51", "x": "-26.07", "yaw": "-1.19"}
155.77, [INFO], turtlebot2, {"y": "18.00", "x": "-21.00", "yaw": "-1.54"}
155.77, [INFO], turtlebot2, {"y": "18.00", "x": "-21.00", "yaw": "-1.54"}
155.77, [INFO], turtlebot1, {"y": "33.84", "x": "-39.50", "yaw": "0.46"}
155.77, [INFO], turtlebot1, {"y": "33.84", "x": "-39.50", "yaw": "0.46"}
155.77, [INFO], turtlebot4, {"y": "17.98", "x": "-13.48", "yaw": "-1.36"}
155.77, [INFO], turtlebot4, {"y": "17.98", "x": "-13.48", "yaw": "-1.36"}
155.78, [INFO], turtlebot3, {"y": "21.48", "x": "-38.00", "yaw": "0.01"}
155.78, [INFO], turtlebot3, {"y": "21.48", "x": "-38.00", "yaw": "0.01"}
155.78, [INFO], turtlebot6, {"battery-level": "44.88%"}
155.78, [INFO], turtlebot6, {"battery-level": "44.88%"}
155.78, [INFO], turtlebot6, {"y": "14.28", "x": "-25.81", "yaw": "-1.56"}
155.78, [INFO], turtlebot6, {"y": "14.28", "x": "-25.81", "yaw": "-1.56"}
155.78, [INFO], turtlebot5, {"y": "18.79", "x": "-33.87", "yaw": "2.98"}
155.78, [INFO], turtlebot5, {"y": "18.79", "x": "-33.87", "yaw": "2.98"}
170.77, [INFO], turtlebot2, {"y": "18.00", "x": "-21.00", "yaw": "-1.54"}
170.77, [INFO], turtlebot2, {"y": "18.00", "x": "-21.00", "yaw": "-1.54"}
170.77, [INFO], turtlebot3, {"y": "21.48", "x": "-38.00", "yaw": "0.01"}
170.77, [INFO], turtlebot3, {"y": "21.48", "x": "-38.00", "yaw": "0.01"}
170.77, [INFO], turtlebot1, {"y": "33.84", "x": "-39.50", "yaw": "0.46"}
170.78, [INFO], turtlebot1, {"y": "33.84", "x": "-39.50", "yaw": "0.46"}
170.78, [INFO], turtlebot4, {"y": "17.98", "x": "-13.48", "yaw": "-1.34"}
170.78, [INFO], turtlebot4, {"y": "17.98", "x": "-13.48", "yaw": "-1.34"}
170.77, [INFO], turtlebot2, {"y": "18.00", "x": "-21.00", "yaw": "-1.54"}
170.77, [INFO], turtlebot2, {"y": "18.00", "x": "-21.00", "yaw": "-1.54"}
170.77, [INFO], turtlebot3, {"y": "21.48", "x": "-38.00", "yaw": "0.01"}
170.77, [INFO], turtlebot3, {"y": "21.48", "x": "-38.00", "yaw": "0.01"}
170.77, [INFO], turtlebot1, {"y": "33.84", "x": "-39.50", "yaw": "0.46"}
170.78, [INFO], turtlebot1, {"y": "33.84", "x": "-39.50", "yaw": "0.46"}
170.78, [INFO], turtlebot4, {"y": "17.98", "x": "-13.48", "yaw": "-1.34"}
170.78, [INFO], turtlebot4, {"y": "17.98", "x": "-13.48", "yaw": "-1.34"}
170.78, [INFO], turtlebot6, {"y": "13.41", "x": "-25.87", "yaw": "2.17"}
170.78, [INFO], turtlebot6, {"y": "13.41", "x": "-25.87", "yaw": "2.17"}
170.78, [INFO], turtlebot6, {"battery-level": "44.24%"}
170.78, [INFO], turtlebot6, {"y": "13.41", "x": "-25.87", "yaw": "2.17"}
170.78, [INFO], turtlebot6, {"y": "13.41", "x": "-25.87", "yaw": "2.17"}
170.78, [INFO], turtlebot6, {"battery-level": "44.24%"}
170.78, [INFO], turtlebot6, {"battery-level": "44.24%"}
170.78, [INFO], turtlebot5, {"y": "18.79", "x": "-33.88", "yaw": "3.00"}
170.78, [INFO], turtlebot5, {"y": "18.79", "x": "-33.88", "yaw": "3.00"}
172.73, [DEBUG], None, [debug],turtlebot6,move-base-info,Hooray, the base moved arrived,(x=-26;y=13)
172.73, [DEBUG], None, [debug],turtlebot6,move-base-info,Hooray, the base moved arrived,(x=-26;y=13)
172.82, [DEBUG], turtlebot6, {"status": "way-point-reached", "skill": "navigation", "percentage": "100.00%", "goingto": "Laboratory"}
172.88, [DEBUG], turtlebot6, {"param_list": ["Laboratory", [[-28.5, 16.0, 0.0, true], [-26.0, 16.0, -1.5707963267948966, true], [-26.0, 13.0, 1.57, false]]], "skill": "navigation", "skill-life-cycle": "SUCCESS", "label": "navto_lab"}
172.88, [DEBUG], turtlebot6, "available-skills=['send_message', 'wait_message', 'approach_person', 'approach_robot', 'authenticate_person', 'navigation', 'operate_drawer']"
172.88, [DEBUG], turtlebot6, {"param_list": ["lab_arm"], "skill": "approach_robot", "skill-life-cycle": "STARTED", "label": "approach_arm"}
172.98, [DEBUG], turtlebot6, {"status": "localize-robot", "skill": "=approach-robot", "who": "lab_arm"}
173.78, [DEBUG], turtlebot6, {"status": "goto-robot", "skill": "approach-robot", "who": "lab_arm"}
173.88, [DEBUG], turtlebot6, {"param_list": ["lab_arm"], "skill": "approach_robot", "skill-life-cycle": "SUCCESS", "label": "approach_arm"}
173.88, [DEBUG], turtlebot6, "available-skills=['send_message', 'wait_message', 'approach_person', 'approach_robot', 'authenticate_person', 'navigation', 'operate_drawer']"
173.88, [DEBUG], turtlebot6, {"param_list": ["open"], "skill": "operate_drawer", "skill-life-cycle": "STARTED", "label": "open_drawer_lab"}
173.93, [DEBUG], turtlebot6, {"status": "task-update", "action": "open", "skill": "operate-drawer"}
174.73, [DEBUG], turtlebot6, {"param_list": ["open"], "skill": "operate_drawer", "skill-life-cycle": "SUCCESS", "label": "open_drawer_lab"}
174.73, [DEBUG], turtlebot6, "available-skills=['send_message', 'wait_message', 'approach_person', 'approach_robot', 'authenticate_person', 'navigation', 'operate_drawer']"
174.73, [DEBUG], turtlebot6, {"param_list": ["lab_arm"], "skill": "send_message", "skill-life-cycle": "STARTED", "label": "notify_lab_arm_of_open_drawer_lab_completed"}
174.80, [INFO], turtlebot6, {"to": "lab_arm", "skill": "send-message"}
175.53, [INFO], lab_arm, {"status": "sample-received", "skill": "wait-sample"}
175.53, [INFO], nurse, {"status": "sample-received", "skill": "wait-sample"}
175.53, [INFO], lab_arm, {"status": "sample-received", "skill": "wait-sample"}
175.55, [INFO], nurse, {"status": "sample-received", "skill": "wait-sample"}
175.55, [DEBUG], None, ENDSIM
175.55, [DEBUG], None, end!
