0.00, [DEBUG], logger, ROBOTS_CONFIG=[{"avg_speed": 0.15, "battery_charge": 0.23995139509475963, "battery_discharge_rate": 0.00068, "id": 1, "local_plan": null, "location": "PC Room 8", "name": "r1", "position": [-11.5, 18.0, -1.57], "skills": ["approach_person", "approach_robot", "authenticate_person", "navigation"]}, {"avg_speed": 0.15, "battery_charge": 0.634952869577942, "battery_discharge_rate": 0.0006000000000000001, "id": 2, "local_plan": null, "location": "PC Room 6", "name": "r2", "position": [-19.0, 18.0, -1.57], "skills": ["approach_person", "approach_robot", "authenticate_person", "operate_drawer"]}, {"avg_speed": 0.15, "battery_charge": 0.08039941318304296, "battery_discharge_rate": 0.0004, "id": 3, "local_plan": null, "location": "IC Room 2", "name": "r3", "position": [-38.0, 21.5, 0.0], "skills": ["approach_person", "approach_robot", "authenticate_person", "navigation", "operate_drawer"]}, {"avg_speed": 0.15, "battery_charge": 0.17496190705907763, "battery_discharge_rate": 0.00026000000000000003, "id": 4, "local_plan": [["navigation", ["IC Room 6", [[-39.44, 33.95, 0.0], [-37.0, 33.95], [-37.0, 18.93], [-33.9, 18.93, 3.14]]], "navto_room"], ["approach_person", ["nurse"], "approach_nurse"], ["authenticate_person", ["nurse"], "authenticate_nurse"], ["operate_drawer", ["open"], "open_drawer_for_nurse"], ["send_message", ["nurse"], "notify_nurse_of_open_drawer_for_nurse_completed"], ["wait_message", ["nurse"], "wait_nurse_to_complete_deposit"], ["operate_drawer", ["close"], "close_drawer_nurse"], ["navigation", ["Laboratory", [[-33.9, 18.93, 3.14], [-37.0, 18.93], [-37.0, 16.0], [-26.0, 16.0], [-26.0, 13.0, 1.57]]], "navto_lab"], ["approach_robot", ["lab_arm"], "approach_arm"], ["operate_drawer", ["open"], "open_drawer_lab"], ["send_message", ["lab_arm"], "notify_lab_arm_of_open_drawer_lab_completed"], ["wait_message", ["lab_arm"], "wait_lab_arm_to_complete_pick_up_sample"], ["operate_drawer", ["close"], "close_drawer_lab"]], "location": "IC Room 4", "name": "r4", "position": [-39.44, 33.95, 0.0], "skills": ["approach_person", "approach_robot", "authenticate_person", "navigation", "operate_drawer"]}, {"avg_speed": 0.15, "battery_charge": 0.7179616530181877, "battery_discharge_rate": 0.00042, "id": 5, "local_plan": null, "location": "PC Room 7", "name": "r5", "position": [-13.5, 18.0, -1.57], "skills": ["approach_person", "approach_robot", "authenticate_person", "navigation", "operate_drawer"]}, {"avg_speed": 0.15, "battery_charge": 0.5408465660492595, "battery_discharge_rate": 0.0005200000000000001, "id": 6, "local_plan": null, "location": "IC Room 5", "name": "r6", "position": [-32.88, 33.98, 3.14], "skills": ["approach_person", "approach_robot", "authenticate_person", "navigation", "operate_drawer"]}]
0.00, [DEBUG], logger, NURSES_CONFIG=[{"location": "IC Room 6", "position": [-32.9, 19.93, 3.14]}]
0.00, [DEBUG], logger, Simulation open
0.00, [DEBUG], logger, subcribing to in the topic /log
1.85, [DEBUG], None, [debug],turtlebot5,move-base-info,Move_base is up and ok....,
1.98, [DEBUG], None, [debug],turtlebot1,move-base-info,Move_base is up and ok....,
2.03, [DEBUG], None, [debug],turtlebot3,move-base-info,Move_base is up and ok....,
2.07, [DEBUG], None, [debug],turtlebot2,move-base-info,Move_base is up and ok....,
2.12, [DEBUG], None, [debug],turtlebot6,move-base-info,Move_base is up and ok....,
3.22, [DEBUG], None, [debug],turtlebot4,move-base-info,Move_base is up and ok....,
22.22, [INFO], turtlebot2, {"y": "17.99", "x": "-19.02", "yaw": "-1.38"}
22.22, [INFO], turtlebot3, {"y": "21.48", "x": "-38.00", "yaw": "0.01"}
22.22, [INFO], turtlebot1, {"y": "17.82", "x": "-11.46", "yaw": "-1.25"}
22.23, [INFO], turtlebot4, {"y": "33.84", "x": "-39.51", "yaw": "0.46"}
22.23, [INFO], turtlebot4, {"battery-level": "17.08%"}
22.25, [INFO], turtlebot6, {"y": "33.97", "x": "-32.89", "yaw": "-3.10"}
22.25, [INFO], turtlebot5, {"y": "18.00", "x": "-13.50", "yaw": "-1.50"}
37.22, [INFO], turtlebot3, {"y": "21.48", "x": "-38.00", "yaw": "0.01"}
37.22, [INFO], turtlebot1, {"y": "17.82", "x": "-11.46", "yaw": "-1.25"}
37.22, [INFO], turtlebot2, {"y": "17.99", "x": "-19.01", "yaw": "-1.38"}
37.23, [INFO], turtlebot4, {"battery-level": "16.66%"}
37.25, [INFO], turtlebot4, {"y": "33.84", "x": "-39.51", "yaw": "0.46"}
37.27, [INFO], turtlebot5, {"y": "18.00", "x": "-13.49", "yaw": "-1.49"}
37.27, [INFO], turtlebot6, {"y": "33.97", "x": "-32.89", "yaw": "-3.10"}
52.22, [INFO], turtlebot2, {"y": "17.99", "x": "-19.01", "yaw": "-1.38"}
52.22, [INFO], turtlebot1, {"y": "17.82", "x": "-11.46", "yaw": "-1.25"}
52.22, [INFO], turtlebot3, {"y": "21.48", "x": "-38.00", "yaw": "0.01"}
52.23, [INFO], turtlebot4, {"battery-level": "16.18%"}
52.23, [INFO], turtlebot4, {"y": "33.84", "x": "-39.51", "yaw": "0.46"}
52.25, [INFO], turtlebot5, {"y": "18.00", "x": "-13.49", "yaw": "-1.48"}
52.25, [INFO], turtlebot6, {"y": "33.97", "x": "-32.89", "yaw": "-3.10"}
67.22, [INFO], turtlebot1, {"y": "17.82", "x": "-11.46", "yaw": "-1.25"}
67.22, [INFO], turtlebot3, {"y": "21.48", "x": "-38.00", "yaw": "0.01"}
67.22, [INFO], turtlebot2, {"y": "17.99", "x": "-19.01", "yaw": "-1.38"}
67.23, [INFO], turtlebot4, {"y": "33.84", "x": "-39.51", "yaw": "0.46"}
67.23, [INFO], turtlebot4, {"battery-level": "15.73%"}
67.25, [INFO], turtlebot5, {"y": "18.00", "x": "-13.49", "yaw": "-1.47"}
67.25, [INFO], turtlebot6, {"y": "33.97", "x": "-32.89", "yaw": "-3.10"}
82.23, [INFO], turtlebot3, {"y": "21.48", "x": "-38.00", "yaw": "0.01"}
82.23, [INFO], turtlebot2, {"y": "17.99", "x": "-19.01", "yaw": "-1.38"}
82.23, [INFO], turtlebot1, {"y": "17.82", "x": "-11.46", "yaw": "-1.25"}
82.23, [INFO], turtlebot4, {"y": "33.84", "x": "-39.51", "yaw": "0.46"}
82.23, [INFO], turtlebot4, {"battery-level": "15.28%"}
82.25, [INFO], turtlebot5, {"y": "17.99", "x": "-13.49", "yaw": "-1.45"}
82.25, [INFO], turtlebot6, {"y": "33.97", "x": "-32.90", "yaw": "-3.10"}
97.22, [INFO], turtlebot1, {"y": "17.82", "x": "-11.46", "yaw": "-1.25"}
97.23, [INFO], turtlebot3, {"y": "21.48", "x": "-38.00", "yaw": "0.01"}
97.23, [INFO], turtlebot2, {"y": "17.99", "x": "-19.01", "yaw": "-1.38"}
97.23, [INFO], turtlebot4, {"battery-level": "14.86%"}
97.23, [INFO], turtlebot4, {"y": "33.84", "x": "-39.51", "yaw": "0.46"}
97.25, [INFO], turtlebot5, {"y": "17.99", "x": "-13.49", "yaw": "-1.44"}
97.25, [INFO], turtlebot6, {"y": "33.97", "x": "-32.90", "yaw": "-3.10"}
112.23, [INFO], turtlebot1, {"y": "17.82", "x": "-11.46", "yaw": "-1.25"}
112.23, [INFO], turtlebot3, {"y": "21.48", "x": "-38.00", "yaw": "0.01"}
112.23, [INFO], turtlebot2, {"y": "17.99", "x": "-19.01", "yaw": "-1.38"}
112.23, [INFO], turtlebot4, {"y": "33.84", "x": "-39.51", "yaw": "0.46"}
112.23, [INFO], turtlebot4, {"battery-level": "14.38%"}
112.25, [INFO], turtlebot6, {"y": "33.97", "x": "-32.90", "yaw": "-3.09"}
112.25, [INFO], turtlebot5, {"y": "17.99", "x": "-13.49", "yaw": "-1.42"}
127.22, [INFO], turtlebot3, {"y": "21.48", "x": "-38.00", "yaw": "0.01"}
127.22, [INFO], turtlebot2, {"y": "17.99", "x": "-19.01", "yaw": "-1.38"}
127.22, [INFO], turtlebot1, {"y": "17.82", "x": "-11.46", "yaw": "-1.25"}
127.23, [INFO], turtlebot4, {"battery-level": "13.96%"}
127.23, [INFO], turtlebot4, {"y": "33.84", "x": "-39.51", "yaw": "0.46"}
127.25, [INFO], turtlebot5, {"y": "17.99", "x": "-13.49", "yaw": "-1.40"}
127.27, [INFO], turtlebot6, {"y": "33.97", "x": "-32.90", "yaw": "-3.09"}
142.22, [INFO], turtlebot1, {"y": "17.82", "x": "-11.46", "yaw": "-1.25"}
142.22, [INFO], turtlebot2, {"y": "17.99", "x": "-19.01", "yaw": "-1.38"}
142.22, [INFO], turtlebot3, {"y": "21.48", "x": "-38.00", "yaw": "0.01"}
142.23, [INFO], turtlebot4, {"battery-level": "13.51%"}
142.23, [INFO], turtlebot4, {"y": "33.84", "x": "-39.51", "yaw": "0.46"}
142.25, [INFO], turtlebot6, {"y": "33.97", "x": "-32.90", "yaw": "-3.09"}
142.25, [INFO], turtlebot5, {"y": "17.98", "x": "-13.49", "yaw": "-1.38"}
157.22, [INFO], turtlebot1, {"y": "17.82", "x": "-11.46", "yaw": "-1.25"}
157.22, [INFO], turtlebot3, {"y": "21.48", "x": "-38.00", "yaw": "0.01"}
157.22, [INFO], turtlebot2, {"y": "17.99", "x": "-19.01", "yaw": "-1.38"}
157.23, [INFO], turtlebot4, {"battery-level": "13.06%"}
157.23, [INFO], turtlebot4, {"y": "33.84", "x": "-39.50", "yaw": "0.46"}
157.25, [INFO], turtlebot5, {"y": "17.98", "x": "-13.48", "yaw": "-1.36"}
157.25, [INFO], turtlebot6, {"y": "33.97", "x": "-32.90", "yaw": "-3.09"}
172.22, [INFO], turtlebot3, {"y": "21.48", "x": "-38.00", "yaw": "0.01"}
172.22, [INFO], turtlebot2, {"y": "17.99", "x": "-19.01", "yaw": "-1.38"}
172.22, [INFO], turtlebot1, {"y": "17.82", "x": "-11.46", "yaw": "-1.25"}
172.23, [INFO], turtlebot4, {"battery-level": "12.61%"}
172.23, [INFO], turtlebot4, {"y": "33.84", "x": "-39.50", "yaw": "0.46"}
172.25, [INFO], turtlebot5, {"y": "17.97", "x": "-13.48", "yaw": "-1.34"}
172.25, [INFO], turtlebot6, {"y": "33.97", "x": "-32.90", "yaw": "-3.09"}
187.22, [INFO], turtlebot2, {"y": "17.99", "x": "-19.01", "yaw": "-1.38"}
187.22, [INFO], turtlebot3, {"y": "21.48", "x": "-38.00", "yaw": "0.01"}
187.22, [INFO], turtlebot1, {"y": "17.82", "x": "-11.46", "yaw": "-1.25"}
187.23, [INFO], turtlebot4, {"y": "33.84", "x": "-39.50", "yaw": "0.46"}
187.23, [INFO], turtlebot4, {"battery-level": "12.13%"}
187.25, [INFO], turtlebot6, {"y": "33.97", "x": "-32.90", "yaw": "-3.09"}
187.25, [INFO], turtlebot5, {"y": "17.97", "x": "-13.48", "yaw": "-1.32"}
202.22, [INFO], turtlebot3, {"y": "21.48", "x": "-38.02", "yaw": "0.03"}
202.22, [INFO], turtlebot1, {"y": "17.82", "x": "-11.46", "yaw": "-1.25"}
202.22, [INFO], turtlebot2, {"y": "17.99", "x": "-19.01", "yaw": "-1.38"}
202.23, [INFO], turtlebot4, {"battery-level": "11.71%"}
202.23, [INFO], turtlebot4, {"y": "33.84", "x": "-39.50", "yaw": "0.46"}
202.25, [INFO], turtlebot6, {"y": "33.97", "x": "-32.90", "yaw": "-3.09"}
202.25, [INFO], turtlebot5, {"y": "17.97", "x": "-13.47", "yaw": "-1.30"}
217.22, [INFO], turtlebot1, {"y": "17.82", "x": "-11.46", "yaw": "-1.25"}
217.22, [INFO], turtlebot3, {"y": "21.48", "x": "-38.02", "yaw": "0.03"}
217.23, [INFO], turtlebot2, {"y": "17.99", "x": "-19.01", "yaw": "-1.38"}
217.23, [INFO], turtlebot4, {"battery-level": "11.26%"}
217.23, [INFO], turtlebot4, {"y": "33.84", "x": "-39.50", "yaw": "0.46"}
217.25, [INFO], turtlebot6, {"y": "33.97", "x": "-32.91", "yaw": "-3.08"}
217.25, [INFO], turtlebot5, {"y": "17.96", "x": "-13.47", "yaw": "-1.28"}
232.23, [INFO], turtlebot2, {"y": "17.99", "x": "-19.01", "yaw": "-1.38"}
232.23, [INFO], turtlebot3, {"y": "21.49", "x": "-38.03", "yaw": "0.03"}
232.23, [INFO], turtlebot1, {"y": "17.82", "x": "-11.46", "yaw": "-1.25"}
232.23, [INFO], turtlebot4, {"battery-level": "10.78%"}
232.23, [INFO], turtlebot4, {"y": "33.84", "x": "-39.50", "yaw": "0.46"}
232.25, [INFO], turtlebot5, {"y": "17.96", "x": "-13.47", "yaw": "-1.26"}
232.25, [INFO], turtlebot6, {"y": "33.97", "x": "-32.91", "yaw": "-3.07"}
247.22, [INFO], turtlebot3, {"y": "21.49", "x": "-38.04", "yaw": "0.03"}
247.22, [INFO], turtlebot2, {"y": "17.99", "x": "-19.01", "yaw": "-1.37"}
247.22, [INFO], turtlebot1, {"y": "17.82", "x": "-11.46", "yaw": "-1.25"}
247.23, [INFO], turtlebot4, {"battery-level": "10.33%"}
247.23, [INFO], turtlebot4, {"y": "33.84", "x": "-39.50", "yaw": "0.46"}
247.25, [INFO], turtlebot5, {"y": "17.96", "x": "-13.47", "yaw": "-1.24"}
247.25, [INFO], turtlebot6, {"y": "33.97", "x": "-32.91", "yaw": "-3.07"}
262.22, [INFO], turtlebot3, {"y": "21.50", "x": "-38.05", "yaw": "0.03"}
262.23, [INFO], turtlebot2, {"y": "17.99", "x": "-19.01", "yaw": "-1.37"}
262.23, [INFO], turtlebot1, {"y": "17.82", "x": "-11.46", "yaw": "-1.25"}
262.23, [INFO], turtlebot4, {"y": "33.84", "x": "-39.50", "yaw": "0.46"}
262.25, [INFO], turtlebot4, {"battery-level": "9.88%"}
262.25, [INFO], turtlebot5, {"y": "17.95", "x": "-13.46", "yaw": "-1.21"}
262.25, [INFO], turtlebot6, {"y": "33.97", "x": "-32.91", "yaw": "-3.06"}
277.22, [INFO], turtlebot1, {"y": "17.82", "x": "-11.46", "yaw": "-1.25"}
277.22, [INFO], turtlebot2, {"y": "17.99", "x": "-19.01", "yaw": "-1.37"}
277.22, [INFO], turtlebot3, {"y": "21.50", "x": "-38.07", "yaw": "0.03"}
277.23, [INFO], turtlebot4, {"battery-level": "9.46%"}
277.23, [INFO], turtlebot4, {"y": "33.84", "x": "-39.50", "yaw": "0.46"}
277.25, [INFO], turtlebot5, {"y": "17.95", "x": "-13.46", "yaw": "-1.20"}
277.25, [INFO], turtlebot6, {"y": "33.98", "x": "-32.92", "yaw": "-3.05"}
292.22, [INFO], turtlebot1, {"y": "17.82", "x": "-11.46", "yaw": "-1.25"}
292.22, [INFO], turtlebot3, {"y": "21.50", "x": "-38.10", "yaw": "0.03"}
292.22, [INFO], turtlebot2, {"y": "17.99", "x": "-19.00", "yaw": "-1.37"}
292.23, [INFO], turtlebot4, {"battery-level": "9.01%"}
292.23, [INFO], turtlebot4, {"y": "33.84", "x": "-39.50", "yaw": "0.46"}
292.25, [INFO], turtlebot5, {"y": "17.95", "x": "-13.46", "yaw": "-1.18"}
292.25, [INFO], turtlebot6, {"y": "33.98", "x": "-32.92", "yaw": "-3.05"}
307.23, [INFO], turtlebot3, {"y": "21.50", "x": "-38.13", "yaw": "0.03"}
307.23, [INFO], turtlebot1, {"y": "17.82", "x": "-11.47", "yaw": "-1.25"}
307.23, [INFO], turtlebot2, {"y": "17.99", "x": "-19.00", "yaw": "-1.37"}
307.23, [INFO], turtlebot4, {"battery-level": "8.56%"}
307.23, [INFO], turtlebot4, {"y": "33.84", "x": "-39.50", "yaw": "0.46"}
307.25, [INFO], turtlebot6, {"y": "33.98", "x": "-32.92", "yaw": "-3.06"}
307.25, [INFO], turtlebot5, {"y": "17.94", "x": "-13.45", "yaw": "-1.16"}
322.23, [INFO], turtlebot1, {"y": "17.82", "x": "-11.47", "yaw": "-1.25"}
322.23, [INFO], turtlebot2, {"y": "17.99", "x": "-19.00", "yaw": "-1.37"}
322.23, [INFO], turtlebot3, {"y": "21.50", "x": "-38.14", "yaw": "0.03"}
322.23, [INFO], turtlebot4, {"y": "33.84", "x": "-39.50", "yaw": "0.46"}
322.23, [INFO], turtlebot4, {"battery-level": "8.08%"}
322.25, [INFO], turtlebot5, {"y": "17.94", "x": "-13.45", "yaw": "-1.14"}
322.25, [INFO], turtlebot6, {"y": "33.98", "x": "-32.92", "yaw": "-3.06"}
337.22, [INFO], turtlebot2, {"y": "17.99", "x": "-19.00", "yaw": "-1.37"}
337.22, [INFO], turtlebot1, {"y": "17.82", "x": "-11.47", "yaw": "-1.25"}
337.22, [INFO], turtlebot3, {"y": "21.51", "x": "-38.15", "yaw": "0.04"}
337.23, [INFO], turtlebot4, {"battery-level": "7.66%"}
337.23, [INFO], turtlebot4, {"y": "33.84", "x": "-39.50", "yaw": "0.46"}
337.25, [INFO], turtlebot6, {"y": "33.98", "x": "-32.92", "yaw": "-3.06"}
337.25, [INFO], turtlebot5, {"y": "17.94", "x": "-13.44", "yaw": "-1.14"}
352.22, [INFO], turtlebot1, {"y": "17.82", "x": "-11.47", "yaw": "-1.25"}
352.22, [INFO], turtlebot2, {"y": "17.99", "x": "-19.00", "yaw": "-1.37"}
352.22, [INFO], turtlebot3, {"y": "21.51", "x": "-38.15", "yaw": "0.05"}
352.23, [INFO], turtlebot4, {"battery-level": "7.21%"}
352.23, [INFO], turtlebot4, {"y": "33.84", "x": "-39.50", "yaw": "0.46"}
352.25, [INFO], turtlebot6, {"y": "33.98", "x": "-32.93", "yaw": "-3.06"}
352.25, [INFO], turtlebot5, {"y": "17.94", "x": "-13.44", "yaw": "-1.13"}
367.22, [INFO], turtlebot3, {"y": "21.51", "x": "-38.15", "yaw": "0.07"}
367.22, [INFO], turtlebot1, {"y": "17.82", "x": "-11.47", "yaw": "-1.25"}
367.22, [INFO], turtlebot2, {"y": "17.99", "x": "-19.00", "yaw": "-1.37"}
367.23, [INFO], turtlebot4, {"battery-level": "6.76%"}
367.23, [INFO], turtlebot4, {"y": "33.84", "x": "-39.50", "yaw": "0.46"}
367.27, [INFO], turtlebot5, {"y": "17.94", "x": "-13.44", "yaw": "-1.12"}
367.27, [INFO], turtlebot6, {"y": "33.98", "x": "-32.93", "yaw": "-3.06"}
382.22, [INFO], turtlebot2, {"y": "17.99", "x": "-19.00", "yaw": "-1.37"}
382.22, [INFO], turtlebot3, {"y": "21.51", "x": "-38.15", "yaw": "0.10"}
382.22, [INFO], turtlebot1, {"y": "17.82", "x": "-11.47", "yaw": "-1.25"}
382.23, [INFO], turtlebot4, {"y": "33.84", "x": "-39.50", "yaw": "0.46"}
382.23, [INFO], turtlebot4, {"battery-level": "6.31%"}
382.25, [INFO], turtlebot6, {"y": "33.98", "x": "-32.93", "yaw": "-3.06"}
382.25, [INFO], turtlebot5, {"y": "17.93", "x": "-13.44", "yaw": "-1.11"}
397.22, [INFO], turtlebot3, {"y": "21.52", "x": "-38.15", "yaw": "0.13"}
397.22, [INFO], turtlebot1, {"y": "17.82", "x": "-11.47", "yaw": "-1.25"}
397.22, [INFO], turtlebot2, {"y": "17.99", "x": "-19.00", "yaw": "-1.37"}
397.23, [INFO], turtlebot4, {"y": "33.84", "x": "-39.50", "yaw": "0.46"}
397.23, [INFO], turtlebot4, {"battery-level": "5.83%"}
397.25, [INFO], turtlebot6, {"y": "33.98", "x": "-32.93", "yaw": "-3.06"}
397.27, [INFO], turtlebot5, {"y": "17.93", "x": "-13.43", "yaw": "-1.10"}
412.22, [INFO], turtlebot2, {"y": "17.98", "x": "-19.00", "yaw": "-1.37"}
412.22, [INFO], turtlebot1, {"y": "17.82", "x": "-11.47", "yaw": "-1.25"}
412.22, [INFO], turtlebot3, {"y": "21.52", "x": "-38.16", "yaw": "0.16"}
412.23, [INFO], turtlebot4, {"battery-level": "5.41%"}
412.23, [INFO], turtlebot4, {"y": "33.84", "x": "-39.50", "yaw": "0.46"}
412.25, [INFO], turtlebot6, {"y": "33.98", "x": "-32.93", "yaw": "-3.06"}
412.25, [INFO], turtlebot5, {"y": "17.93", "x": "-13.43", "yaw": "-1.10"}
425.23, [DEBUG], None, ENDLOWBATT
425.23, [DEBUG], None, end!
