0.00, [DEBUG], logger, ROBOTS_CONFIG=[{"avg_speed": 0.15, "battery_charge": 0.5914703710515797, "battery_discharge_rate": 0.0006600000000000001, "id": 1, "local_plan": [["navigation", ["IC Room 6", [[-11.5, 18.0, -1.57], [-11.5, 16.0], [-37.0, 16.0], [-37.0, 18.93], [-33.9, 18.93, 3.14]]], "navto_room"], ["approach_person", ["nurse"], "approach_nurse"], ["authenticate_person", ["nurse"], "authenticate_nurse"], ["operate_drawer", ["open"], "open_drawer_for_nurse"], ["send_message", ["nurse"], "notify_nurse_of_open_drawer_for_nurse_completed"], ["wait_message", ["nurse"], "wait_nurse_to_complete_deposit"], ["operate_drawer", ["close"], "close_drawer_nurse"], ["navigation", ["Laboratory", [[-33.9, 18.93, 3.14], [-37.0, 18.93], [-37.0, 16.0], [-26.0, 16.0], [-26.0, 13.0, 1.57]]], "navto_lab"], ["approach_robot", ["lab_arm"], "approach_arm"], ["operate_drawer", ["open"], "open_drawer_lab"], ["send_message", ["lab_arm"], "notify_lab_arm_of_open_drawer_lab_completed"], ["wait_message", ["lab_arm"], "wait_lab_arm_to_complete_pick_up_sample"], ["operate_drawer", ["close"], "close_drawer_lab"]], "location": "PC Room 8", "name": "r1", "position": [-11.5, 18.0, -1.57], "skills": ["approach_person", "approach_robot", "authenticate_person", "navigation", "operate_drawer"]}, {"avg_speed": 0.15, "battery_charge": 0.8344531419634984, "battery_discharge_rate": 0.00026000000000000003, "id": 2, "local_plan": null, "location": "PC Room 6", "name": "r2", "position": [-19.0, 18.0, -1.57], "skills": ["approach_person", "approach_robot", "authenticate_person", "navigation", "operate_drawer"]}, {"avg_speed": 0.15, "battery_charge": 0.462681764358839, "battery_discharge_rate": 0.00064, "id": 3, "local_plan": null, "location": "IC Room 2", "name": "r3", "position": [-38.0, 21.5, 0.0], "skills": ["approach_person", "approach_robot", "authenticate_person", "navigation", "operate_drawer"]}, {"avg_speed": 0.15, "battery_charge": 0.6520875066754872, "battery_discharge_rate": 0.0005600000000000001, "id": 4, "local_plan": null, "location": "IC Room 4", "name": "r4", "position": [-39.44, 33.95, 0.0], "skills": ["approach_person", "approach_robot", "authenticate_person", "navigation", "operate_drawer"]}, {"avg_speed": 0.15, "battery_charge": 0.2817995261312799, "battery_discharge_rate": 0.00076, "id": 5, "local_plan": null, "location": "PC Room 7", "name": "r5", "position": [-13.5, 18.0, -1.57], "skills": ["approach_person", "approach_robot", "authenticate_person", "navigation", "operate_drawer"]}, {"avg_speed": 0.15, "battery_charge": 0.5080169438370433, "battery_discharge_rate": 0.00038, "id": 6, "local_plan": null, "location": "IC Room 5", "name": "r6", "position": [-32.88, 33.98, 3.14], "skills": ["approach_person", "approach_robot", "authenticate_person", "navigation", "operate_drawer"]}]
0.00, [DEBUG], logger, NURSES_CONFIG=[{"location": "IC Room 6", "position": [-32.9, 19.93, 3.14]}]
0.00, [DEBUG], logger, Simulation open
0.02, [DEBUG], logger, subcribing to in the topic /log
1.08, [DEBUG], None, [debug],turtlebot6,move-base-info,Move_base is up and ok....,
1.13, [DEBUG], None, [debug],turtlebot3,move-base-info,Move_base is up and ok....,
2.07, [DEBUG], None, [debug],turtlebot5,move-base-info,Move_base is up and ok....,
2.08, [DEBUG], None, [debug],turtlebot1,move-base-info,Move_base is up and ok....,
2.10, [DEBUG], None, [debug],turtlebot2,move-base-info,Move_base is up and ok....,
2.17, [DEBUG], None, [debug],turtlebot4,move-base-info,Move_base is up and ok....,
6.92, [DEBUG], turtlebot4, {"param_list": [], "skill": "init_robobt", "skill-life-cycle": "RUNNING", "label": "init_robobt"}
7.65, [DEBUG], turtlebot3, {"param_list": [], "skill": "init_robobt", "skill-life-cycle": "SUCCESS", "label": "init_robobt"}
8.68, [DEBUG], turtlebot4, {"param_list": [], "skill": "init_robobt", "skill-life-cycle": "SUCCESS", "label": "init_robobt"}
8.83, [DEBUG], turtlebot5, {"param_list": [], "skill": "init_robobt", "skill-life-cycle": "RUNNING", "label": "init_robobt"}
9.15, [DEBUG], turtlebot1, {"param_list": [], "skill": "init_robobt", "skill-life-cycle": "RUNNING", "label": "init_robobt"}
9.35, [DEBUG], turtlebot6, {"param_list": [], "skill": "init_robobt", "skill-life-cycle": "RUNNING", "label": "init_robobt"}
9.50, [DEBUG], turtlebot2, {"param_list": [], "skill": "init_robobt", "skill-life-cycle": "RUNNING", "label": "init_robobt"}
12.13, [DEBUG], turtlebot5, {"param_list": [], "skill": "init_robobt", "skill-life-cycle": "SUCCESS", "label": "init_robobt"}
12.52, [DEBUG], turtlebot1, {"param_list": [], "skill": "init_robobt", "skill-life-cycle": "SUCCESS", "label": "init_robobt"}
12.52, [DEBUG], turtlebot1, "available-skills=['send_message', 'wait_message', 'approach_person', 'approach_robot', 'authenticate_person', 'navigation', 'operate_drawer']"
12.53, [DEBUG], turtlebot1, {"param_list": ["IC Room 6", [[-11.5, 16.0, 3.141592653589793, true], [-37.0, 16.0, 1.5707963267948966, true], [-37.0, 18.93, 0.0, true], [-33.9, 18.93, 3.14, false]]], "skill": "navigation", "skill-life-cycle": "STARTED", "label": "navto_room"}
13.65, [DEBUG], turtlebot6, {"param_list": [], "skill": "init_robobt", "skill-life-cycle": "SUCCESS", "label": "init_robobt"}
14.07, [DEBUG], turtlebot2, {"param_list": [], "skill": "init_robobt", "skill-life-cycle": "SUCCESS", "label": "init_robobt"}
21.33, [INFO], turtlebot1, {"y": "17.50", "x": "-11.60", "yaw": "-2.12"}
21.33, [INFO], turtlebot1, {"battery-level": "58.24%"}
21.35, [INFO], turtlebot3, {"y": "21.48", "x": "-38.00", "yaw": "0.01"}
21.35, [INFO], turtlebot2, {"y": "17.99", "x": "-19.02", "yaw": "-1.38"}
21.37, [INFO], turtlebot4, {"y": "33.84", "x": "-39.51", "yaw": "0.46"}
21.38, [INFO], turtlebot5, {"y": "18.00", "x": "-13.50", "yaw": "-1.50"}
21.38, [INFO], turtlebot6, {"y": "33.97", "x": "-32.89", "yaw": "-3.10"}
21.47, [INFO], turtlebot1, {"y": "17.50", "x": "-11.60", "yaw": "-2.12"}
21.47, [INFO], turtlebot1, {"battery-level": "58.24%"}
21.48, [INFO], turtlebot3, {"y": "21.48", "x": "-38.00", "yaw": "0.01"}
21.48, [INFO], turtlebot2, {"y": "17.99", "x": "-19.02", "yaw": "-1.38"}
21.48, [INFO], turtlebot4, {"y": "33.84", "x": "-39.51", "yaw": "0.46"}
21.48, [INFO], turtlebot5, {"y": "18.00", "x": "-13.50", "yaw": "-1.50"}
21.48, [INFO], turtlebot6, {"y": "33.97", "x": "-32.89", "yaw": "-3.10"}
36.33, [INFO], turtlebot1, {"y": "16.43", "x": "-11.73", "yaw": "-1.66"}
36.33, [INFO], turtlebot1, {"battery-level": "57.12%"}
36.35, [INFO], turtlebot3, {"y": "21.48", "x": "-38.00", "yaw": "0.01"}
36.35, [INFO], turtlebot2, {"y": "17.99", "x": "-19.01", "yaw": "-1.38"}
36.37, [INFO], turtlebot4, {"y": "33.84", "x": "-39.51", "yaw": "0.46"}
36.38, [INFO], turtlebot6, {"y": "33.97", "x": "-32.89", "yaw": "-3.10"}
36.38, [INFO], turtlebot5, {"y": "18.00", "x": "-13.49", "yaw": "-1.49"}
36.45, [INFO], turtlebot1, {"y": "16.43", "x": "-11.73", "yaw": "-1.66"}
36.45, [INFO], turtlebot1, {"battery-level": "57.12%"}
36.45, [INFO], turtlebot3, {"y": "21.48", "x": "-38.00", "yaw": "0.01"}
36.47, [INFO], turtlebot2, {"y": "17.99", "x": "-19.01", "yaw": "-1.38"}
36.47, [INFO], turtlebot4, {"y": "33.84", "x": "-39.51", "yaw": "0.46"}
36.47, [INFO], turtlebot6, {"y": "33.97", "x": "-32.89", "yaw": "-3.10"}
36.47, [INFO], turtlebot5, {"y": "18.00", "x": "-13.49", "yaw": "-1.49"}
40.60, [DEBUG], None, [debug],turtlebot1,move-base-info,Hooray, the base moved arrived,(x=-11.5;y=16)
40.60, [DEBUG], None, [debug],turtlebot1,move-base-info,Hooray, the base moved arrived,(x=-11.5;y=16)
40.60, [DEBUG], turtlebot1, {"status": "way-point-reached", "skill": "navigation", "percentage": "25.00%", "goingto": "IC Room 6"}
51.08, [DEBUG], turtlebot1, {"param_list": ["IC Room 6", [[-11.5, 16.0, 3.141592653589793, true], [-37.0, 16.0, 1.5707963267948966, true], [-37.0, 18.93, 0.0, true], [-33.9, 18.93, 3.14, false]]], "skill": "navigation", "skill-life-cycle": "RUNNING", "label": "navto_room"}
51.33, [INFO], turtlebot1, {"battery-level": "56.14%"}
51.33, [INFO], turtlebot1, {"y": "16.25", "x": "-12.69", "yaw": "-2.98"}
51.35, [INFO], turtlebot2, {"y": "17.99", "x": "-19.01", "yaw": "-1.38"}
51.35, [INFO], turtlebot3, {"y": "21.48", "x": "-38.00", "yaw": "0.01"}
51.37, [INFO], turtlebot4, {"y": "33.84", "x": "-39.51", "yaw": "0.46"}
51.38, [INFO], turtlebot6, {"y": "33.97", "x": "-32.89", "yaw": "-3.10"}
51.38, [INFO], turtlebot5, {"y": "18.00", "x": "-13.49", "yaw": "-1.48"}
51.48, [INFO], turtlebot1, {"battery-level": "56.14%"}
51.48, [INFO], turtlebot1, {"y": "16.25", "x": "-12.69", "yaw": "-2.98"}
51.48, [INFO], turtlebot2, {"y": "17.99", "x": "-19.01", "yaw": "-1.38"}
51.48, [INFO], turtlebot3, {"y": "21.48", "x": "-38.00", "yaw": "0.01"}
51.48, [INFO], turtlebot4, {"y": "33.84", "x": "-39.51", "yaw": "0.46"}
51.48, [INFO], turtlebot6, {"y": "33.97", "x": "-32.89", "yaw": "-3.10"}
51.50, [INFO], turtlebot5, {"y": "18.00", "x": "-13.49", "yaw": "-1.48"}
66.33, [INFO], turtlebot1, {"y": "15.92", "x": "-14.80", "yaw": "-2.76"}
66.33, [INFO], turtlebot1, {"battery-level": "55.09%"}
66.35, [INFO], turtlebot2, {"y": "17.99", "x": "-19.01", "yaw": "-1.38"}
66.35, [INFO], turtlebot3, {"y": "21.48", "x": "-38.00", "yaw": "0.01"}
66.37, [INFO], turtlebot4, {"y": "33.84", "x": "-39.51", "yaw": "0.46"}
66.38, [INFO], turtlebot6, {"y": "33.97", "x": "-32.89", "yaw": "-3.10"}
66.38, [INFO], turtlebot5, {"y": "18.00", "x": "-13.49", "yaw": "-1.47"}
66.47, [INFO], turtlebot1, {"y": "15.92", "x": "-14.80", "yaw": "-2.76"}
66.48, [INFO], turtlebot1, {"battery-level": "55.09%"}
66.48, [INFO], turtlebot2, {"y": "17.99", "x": "-19.01", "yaw": "-1.38"}
66.48, [INFO], turtlebot3, {"y": "21.48", "x": "-38.00", "yaw": "0.01"}
66.48, [INFO], turtlebot4, {"y": "33.84", "x": "-39.51", "yaw": "0.46"}
66.48, [INFO], turtlebot6, {"y": "33.97", "x": "-32.89", "yaw": "-3.10"}
66.48, [INFO], turtlebot5, {"y": "18.00", "x": "-13.49", "yaw": "-1.47"}
81.33, [INFO], turtlebot1, {"y": "15.97", "x": "-17.31", "yaw": "2.88"}
81.33, [INFO], turtlebot1, {"battery-level": "53.97%"}
81.35, [INFO], turtlebot3, {"y": "21.48", "x": "-38.00", "yaw": "0.01"}
81.35, [INFO], turtlebot2, {"y": "17.99", "x": "-19.01", "yaw": "-1.38"}
81.37, [INFO], turtlebot4, {"y": "33.84", "x": "-39.51", "yaw": "0.46"}
81.38, [INFO], turtlebot5, {"y": "18.00", "x": "-13.49", "yaw": "-1.45"}
81.38, [INFO], turtlebot6, {"y": "33.97", "x": "-32.90", "yaw": "-3.10"}
81.45, [INFO], turtlebot1, {"y": "15.97", "x": "-17.31", "yaw": "2.88"}
81.45, [INFO], turtlebot1, {"battery-level": "53.97%"}
81.45, [INFO], turtlebot3, {"y": "21.48", "x": "-38.00", "yaw": "0.01"}
81.45, [INFO], turtlebot2, {"y": "17.99", "x": "-19.01", "yaw": "-1.38"}
81.47, [INFO], turtlebot4, {"y": "33.84", "x": "-39.51", "yaw": "0.46"}
81.47, [INFO], turtlebot5, {"y": "18.00", "x": "-13.49", "yaw": "-1.45"}
81.47, [INFO], turtlebot6, {"y": "33.97", "x": "-32.90", "yaw": "-3.10"}
92.40, [DEBUG], turtlebot1, {"param_list": ["IC Room 6", [[-11.5, 16.0, 3.141592653589793, true], [-37.0, 16.0, 1.5707963267948966, true], [-37.0, 18.93, 0.0, true], [-33.9, 18.93, 3.14, false]]], "skill": "navigation", "skill-life-cycle": "RUNNING", "label": "navto_room"}
96.33, [INFO], turtlebot1, {"y": "16.03", "x": "-19.86", "yaw": "3.09"}
96.33, [INFO], turtlebot1, {"battery-level": "52.99%"}
96.35, [INFO], turtlebot3, {"y": "21.48", "x": "-38.00", "yaw": "0.01"}
96.35, [INFO], turtlebot2, {"y": "17.99", "x": "-19.01", "yaw": "-1.38"}
96.37, [INFO], turtlebot4, {"y": "33.84", "x": "-39.51", "yaw": "0.46"}
96.38, [INFO], turtlebot5, {"y": "17.99", "x": "-13.49", "yaw": "-1.44"}
96.38, [INFO], turtlebot6, {"y": "33.97", "x": "-32.90", "yaw": "-3.10"}
96.45, [INFO], turtlebot1, {"y": "16.03", "x": "-19.86", "yaw": "3.09"}
96.45, [INFO], turtlebot1, {"battery-level": "52.99%"}
96.47, [INFO], turtlebot3, {"y": "21.48", "x": "-38.00", "yaw": "0.01"}
96.47, [INFO], turtlebot2, {"y": "17.99", "x": "-19.01", "yaw": "-1.38"}
96.47, [INFO], turtlebot4, {"y": "33.84", "x": "-39.51", "yaw": "0.46"}
96.47, [INFO], turtlebot5, {"y": "17.99", "x": "-13.49", "yaw": "-1.44"}
96.47, [INFO], turtlebot6, {"y": "33.97", "x": "-32.90", "yaw": "-3.10"}
111.33, [INFO], turtlebot1, {"battery-level": "51.94%"}
111.33, [INFO], turtlebot1, {"y": "16.04", "x": "-22.37", "yaw": "3.14"}
111.35, [INFO], turtlebot2, {"y": "17.99", "x": "-19.01", "yaw": "-1.38"}
111.35, [INFO], turtlebot3, {"y": "21.48", "x": "-38.00", "yaw": "0.01"}
111.37, [INFO], turtlebot4, {"y": "33.84", "x": "-39.51", "yaw": "0.46"}
111.38, [INFO], turtlebot6, {"y": "33.97", "x": "-32.90", "yaw": "-3.09"}
111.38, [INFO], turtlebot5, {"y": "17.99", "x": "-13.49", "yaw": "-1.42"}
111.45, [INFO], turtlebot1, {"battery-level": "51.94%"}
111.45, [INFO], turtlebot1, {"y": "16.04", "x": "-22.37", "yaw": "3.14"}
111.45, [INFO], turtlebot2, {"y": "17.99", "x": "-19.01", "yaw": "-1.38"}
111.47, [INFO], turtlebot3, {"y": "21.48", "x": "-38.00", "yaw": "0.01"}
111.47, [INFO], turtlebot4, {"y": "33.84", "x": "-39.51", "yaw": "0.46"}
111.47, [INFO], turtlebot6, {"y": "33.97", "x": "-32.90", "yaw": "-3.09"}
111.47, [INFO], turtlebot5, {"y": "17.99", "x": "-13.49", "yaw": "-1.42"}
126.33, [INFO], turtlebot1, {"battery-level": "50.89%"}
126.33, [INFO], turtlebot1, {"y": "16.04", "x": "-24.87", "yaw": "-3.14"}
126.37, [INFO], turtlebot2, {"y": "17.99", "x": "-19.01", "yaw": "-1.38"}
126.37, [INFO], turtlebot3, {"y": "21.48", "x": "-38.00", "yaw": "0.01"}
126.37, [INFO], turtlebot4, {"y": "33.84", "x": "-39.51", "yaw": "0.46"}
126.38, [INFO], turtlebot5, {"y": "17.99", "x": "-13.49", "yaw": "-1.40"}
126.38, [INFO], turtlebot6, {"y": "33.97", "x": "-32.90", "yaw": "-3.09"}
126.47, [INFO], turtlebot1, {"battery-level": "50.89%"}
126.47, [INFO], turtlebot1, {"y": "16.04", "x": "-24.87", "yaw": "-3.14"}
126.47, [INFO], turtlebot2, {"y": "17.99", "x": "-19.01", "yaw": "-1.38"}
126.48, [INFO], turtlebot3, {"y": "21.48", "x": "-38.00", "yaw": "0.01"}
126.48, [INFO], turtlebot4, {"y": "33.84", "x": "-39.51", "yaw": "0.46"}
126.48, [INFO], turtlebot5, {"y": "17.99", "x": "-13.49", "yaw": "-1.40"}
126.48, [INFO], turtlebot6, {"y": "33.97", "x": "-32.90", "yaw": "-3.09"}
133.62, [DEBUG], turtlebot1, {"param_list": ["IC Room 6", [[-11.5, 16.0, 3.141592653589793, true], [-37.0, 16.0, 1.5707963267948966, true], [-37.0, 18.93, 0.0, true], [-33.9, 18.93, 3.14, false]]], "skill": "navigation", "skill-life-cycle": "RUNNING", "label": "navto_room"}
141.33, [INFO], turtlebot1, {"battery-level": "49.77%"}
141.33, [INFO], turtlebot1, {"y": "16.04", "x": "-27.37", "yaw": "3.14"}
141.35, [INFO], turtlebot3, {"y": "21.48", "x": "-38.00", "yaw": "0.01"}
141.35, [INFO], turtlebot2, {"y": "17.99", "x": "-19.01", "yaw": "-1.38"}
141.37, [INFO], turtlebot4, {"y": "33.84", "x": "-39.51", "yaw": "0.46"}
141.38, [INFO], turtlebot5, {"y": "17.98", "x": "-13.49", "yaw": "-1.38"}
141.38, [INFO], turtlebot6, {"y": "33.97", "x": "-32.90", "yaw": "-3.09"}
141.47, [INFO], turtlebot1, {"battery-level": "49.77%"}
141.47, [INFO], turtlebot1, {"y": "16.04", "x": "-27.37", "yaw": "3.14"}
141.47, [INFO], turtlebot3, {"y": "21.48", "x": "-38.00", "yaw": "0.01"}
141.48, [INFO], turtlebot2, {"y": "17.99", "x": "-19.01", "yaw": "-1.38"}
141.48, [INFO], turtlebot4, {"y": "33.84", "x": "-39.51", "yaw": "0.46"}
141.48, [INFO], turtlebot5, {"y": "17.98", "x": "-13.49", "yaw": "-1.38"}
141.48, [INFO], turtlebot6, {"y": "33.97", "x": "-32.90", "yaw": "-3.09"}
156.33, [INFO], turtlebot1, {"y": "16.04", "x": "-29.87", "yaw": "3.11"}
156.33, [INFO], turtlebot1, {"battery-level": "48.72%"}
156.35, [INFO], turtlebot3, {"y": "21.48", "x": "-38.00", "yaw": "0.01"}
156.35, [INFO], turtlebot2, {"y": "17.99", "x": "-19.01", "yaw": "-1.38"}
156.37, [INFO], turtlebot4, {"y": "33.84", "x": "-39.50", "yaw": "0.46"}
156.38, [INFO], turtlebot6, {"y": "33.97", "x": "-32.90", "yaw": "-3.09"}
156.38, [INFO], turtlebot5, {"y": "17.98", "x": "-13.48", "yaw": "-1.36"}
156.43, [INFO], turtlebot1, {"y": "16.04", "x": "-29.87", "yaw": "3.11"}
156.45, [INFO], turtlebot1, {"battery-level": "48.72%"}
156.45, [INFO], turtlebot3, {"y": "21.48", "x": "-38.00", "yaw": "0.01"}
156.45, [INFO], turtlebot2, {"y": "17.99", "x": "-19.01", "yaw": "-1.38"}
156.45, [INFO], turtlebot4, {"y": "33.84", "x": "-39.50", "yaw": "0.46"}
156.45, [INFO], turtlebot6, {"y": "33.97", "x": "-32.90", "yaw": "-3.09"}
156.45, [INFO], turtlebot5, {"y": "17.98", "x": "-13.48", "yaw": "-1.36"}
171.33, [INFO], turtlebot1, {"y": "16.05", "x": "-32.38", "yaw": "-3.14"}
171.33, [INFO], turtlebot1, {"battery-level": "47.67%"}
171.35, [INFO], turtlebot3, {"y": "21.48", "x": "-38.00", "yaw": "0.01"}
171.35, [INFO], turtlebot2, {"y": "17.99", "x": "-19.01", "yaw": "-1.38"}
171.37, [INFO], turtlebot4, {"y": "33.84", "x": "-39.50", "yaw": "0.46"}
171.38, [INFO], turtlebot6, {"y": "33.97", "x": "-32.90", "yaw": "-3.09"}
171.38, [INFO], turtlebot5, {"y": "17.97", "x": "-13.48", "yaw": "-1.34"}
171.42, [INFO], turtlebot1, {"y": "16.05", "x": "-32.38", "yaw": "-3.14"}
171.43, [INFO], turtlebot1, {"battery-level": "47.67%"}
171.43, [INFO], turtlebot3, {"y": "21.48", "x": "-38.00", "yaw": "0.01"}
171.43, [INFO], turtlebot2, {"y": "17.99", "x": "-19.01", "yaw": "-1.38"}
171.43, [INFO], turtlebot4, {"y": "33.84", "x": "-39.50", "yaw": "0.46"}
171.43, [INFO], turtlebot6, {"y": "33.97", "x": "-32.90", "yaw": "-3.09"}
171.45, [INFO], turtlebot5, {"y": "17.97", "x": "-13.48", "yaw": "-1.34"}
174.68, [DEBUG], turtlebot1, {"param_list": ["IC Room 6", [[-11.5, 16.0, 3.141592653589793, true], [-37.0, 16.0, 1.5707963267948966, true], [-37.0, 18.93, 0.0, true], [-33.9, 18.93, 3.14, false]]], "skill": "navigation", "skill-life-cycle": "RUNNING", "label": "navto_room"}
186.33, [INFO], turtlebot1, {"battery-level": "46.69%"}
186.33, [INFO], turtlebot1, {"y": "16.05", "x": "-34.87", "yaw": "-3.14"}
186.35, [INFO], turtlebot2, {"y": "17.99", "x": "-19.01", "yaw": "-1.38"}
186.35, [INFO], turtlebot3, {"y": "21.48", "x": "-38.00", "yaw": "0.01"}
186.37, [INFO], turtlebot4, {"y": "33.84", "x": "-39.50", "yaw": "0.46"}
186.38, [INFO], turtlebot5, {"y": "17.97", "x": "-13.48", "yaw": "-1.32"}
186.38, [INFO], turtlebot6, {"y": "33.97", "x": "-32.90", "yaw": "-3.09"}
186.45, [INFO], turtlebot1, {"battery-level": "46.69%"}
186.47, [INFO], turtlebot1, {"y": "16.05", "x": "-34.87", "yaw": "-3.14"}
186.47, [INFO], turtlebot2, {"y": "17.99", "x": "-19.01", "yaw": "-1.38"}
186.47, [INFO], turtlebot3, {"y": "21.48", "x": "-38.00", "yaw": "0.01"}
186.47, [INFO], turtlebot4, {"y": "33.84", "x": "-39.50", "yaw": "0.46"}
186.48, [INFO], turtlebot5, {"y": "17.97", "x": "-13.48", "yaw": "-1.32"}
186.48, [INFO], turtlebot6, {"y": "33.97", "x": "-32.90", "yaw": "-3.09"}
200.70, [DEBUG], None, [debug],turtlebot1,move-base-info,Hooray, the base moved arrived,(x=-37;y=16)
200.70, [DEBUG], None, [debug],turtlebot1,move-base-info,Hooray, the base moved arrived,(x=-37;y=16)
200.78, [DEBUG], turtlebot1, {"status": "way-point-reached", "skill": "navigation", "percentage": "50.00%", "goingto": "IC Room 6"}
201.33, [INFO], turtlebot1, {"y": "16.31", "x": "-36.67", "yaw": "1.62"}
201.33, [INFO], turtlebot1, {"battery-level": "45.64%"}
201.35, [INFO], turtlebot3, {"y": "21.48", "x": "-38.01", "yaw": "0.03"}
201.35, [INFO], turtlebot2, {"y": "17.99", "x": "-19.01", "yaw": "-1.38"}
201.37, [INFO], turtlebot4, {"y": "33.84", "x": "-39.50", "yaw": "0.46"}
201.38, [INFO], turtlebot5, {"y": "17.97", "x": "-13.48", "yaw": "-1.30"}
201.38, [INFO], turtlebot6, {"y": "33.97", "x": "-32.90", "yaw": "-3.09"}
201.48, [INFO], turtlebot1, {"y": "16.31", "x": "-36.67", "yaw": "1.62"}
201.48, [INFO], turtlebot1, {"battery-level": "45.64%"}
201.48, [INFO], turtlebot3, {"y": "21.48", "x": "-38.01", "yaw": "0.03"}
201.48, [INFO], turtlebot2, {"y": "17.99", "x": "-19.01", "yaw": "-1.38"}
201.48, [INFO], turtlebot4, {"y": "33.84", "x": "-39.50", "yaw": "0.46"}
201.48, [INFO], turtlebot5, {"y": "17.97", "x": "-13.48", "yaw": "-1.30"}
201.50, [INFO], turtlebot6, {"y": "33.97", "x": "-32.90", "yaw": "-3.09"}
214.57, [DEBUG], None, [debug],turtlebot1,move-base-info,Hooray, the base moved arrived,(x=-37;y=18.93)
214.57, [DEBUG], None, [debug],turtlebot1,move-base-info,Hooray, the base moved arrived,(x=-37;y=18.93)
214.70, [DEBUG], turtlebot1, {"status": "way-point-reached", "skill": "navigation", "percentage": "75.00%", "goingto": "IC Room 6"}
216.35, [INFO], turtlebot1, {"battery-level": "44.52%"}
216.35, [INFO], turtlebot1, {"y": "18.51", "x": "-36.91", "yaw": "0.04"}
216.35, [INFO], turtlebot3, {"y": "21.48", "x": "-38.02", "yaw": "0.03"}
216.35, [INFO], turtlebot2, {"y": "17.99", "x": "-19.01", "yaw": "-1.38"}
216.37, [INFO], turtlebot4, {"y": "33.84", "x": "-39.50", "yaw": "0.46"}
216.38, [INFO], turtlebot5, {"y": "17.96", "x": "-13.47", "yaw": "-1.28"}
216.38, [INFO], turtlebot6, {"y": "33.97", "x": "-32.91", "yaw": "-3.08"}
216.50, [INFO], turtlebot1, {"battery-level": "44.52%"}
216.50, [INFO], turtlebot1, {"y": "18.51", "x": "-36.91", "yaw": "0.04"}
216.52, [INFO], turtlebot3, {"y": "21.48", "x": "-38.02", "yaw": "0.03"}
216.52, [INFO], turtlebot2, {"y": "17.99", "x": "-19.01", "yaw": "-1.38"}
216.53, [INFO], turtlebot4, {"y": "33.84", "x": "-39.50", "yaw": "0.46"}
216.53, [INFO], turtlebot5, {"y": "17.96", "x": "-13.47", "yaw": "-1.28"}
216.53, [INFO], turtlebot6, {"y": "33.97", "x": "-32.91", "yaw": "-3.08"}
217.03, [DEBUG], turtlebot1, {"param_list": ["IC Room 6", [[-11.5, 16.0, 3.141592653589793, true], [-37.0, 16.0, 1.5707963267948966, true], [-37.0, 18.93, 0.0, true], [-33.9, 18.93, 3.14, false]]], "skill": "navigation", "skill-life-cycle": "RUNNING", "label": "navto_room"}
231.33, [INFO], turtlebot1, {"battery-level": "43.47%"}
231.33, [INFO], turtlebot1, {"y": "18.04", "x": "-35.78", "yaw": "-0.18"}
231.35, [INFO], turtlebot2, {"y": "17.99", "x": "-19.01", "yaw": "-1.38"}
231.35, [INFO], turtlebot3, {"y": "21.49", "x": "-38.03", "yaw": "0.03"}
231.37, [INFO], turtlebot4, {"y": "33.84", "x": "-39.50", "yaw": "0.46"}
231.38, [INFO], turtlebot5, {"y": "17.96", "x": "-13.47", "yaw": "-1.26"}
231.38, [INFO], turtlebot6, {"y": "33.97", "x": "-32.91", "yaw": "-3.07"}
231.43, [INFO], turtlebot1, {"battery-level": "43.47%"}
231.43, [INFO], turtlebot1, {"y": "18.04", "x": "-35.78", "yaw": "-0.18"}
231.43, [INFO], turtlebot2, {"y": "17.99", "x": "-19.01", "yaw": "-1.38"}
231.43, [INFO], turtlebot3, {"y": "21.49", "x": "-38.03", "yaw": "0.03"}
231.43, [INFO], turtlebot4, {"y": "33.84", "x": "-39.50", "yaw": "0.46"}
231.43, [INFO], turtlebot5, {"y": "17.96", "x": "-13.47", "yaw": "-1.26"}
231.45, [INFO], turtlebot6, {"y": "33.97", "x": "-32.91", "yaw": "-3.07"}
246.33, [INFO], turtlebot1, {"y": "18.53", "x": "-34.15", "yaw": "1.63"}
246.33, [INFO], turtlebot1, {"battery-level": "42.42%"}
246.35, [INFO], turtlebot2, {"y": "17.99", "x": "-19.01", "yaw": "-1.37"}
246.35, [INFO], turtlebot3, {"y": "21.49", "x": "-38.04", "yaw": "0.03"}
246.37, [INFO], turtlebot4, {"y": "33.84", "x": "-39.50", "yaw": "0.46"}
246.38, [INFO], turtlebot6, {"y": "33.97", "x": "-32.91", "yaw": "-3.07"}
246.38, [INFO], turtlebot5, {"y": "17.96", "x": "-13.47", "yaw": "-1.24"}
246.45, [INFO], turtlebot1, {"y": "18.53", "x": "-34.15", "yaw": "1.63"}
246.45, [INFO], turtlebot1, {"battery-level": "42.42%"}
246.47, [INFO], turtlebot2, {"y": "17.99", "x": "-19.01", "yaw": "-1.37"}
246.47, [INFO], turtlebot3, {"y": "21.49", "x": "-38.04", "yaw": "0.03"}
246.47, [INFO], turtlebot4, {"y": "33.84", "x": "-39.50", "yaw": "0.46"}
246.47, [INFO], turtlebot6, {"y": "33.97", "x": "-32.91", "yaw": "-3.07"}
246.47, [INFO], turtlebot5, {"y": "17.96", "x": "-13.47", "yaw": "-1.24"}
250.55, [DEBUG], None, [debug],turtlebot1,move-base-info,Hooray, the base moved arrived,(x=-33.9;y=18.93)
250.55, [DEBUG], None, [debug],turtlebot1,move-base-info,Hooray, the base moved arrived,(x=-33.9;y=18.93)
250.78, [DEBUG], turtlebot1, {"status": "way-point-reached", "skill": "navigation", "percentage": "100.00%", "goingto": "IC Room 6"}
250.88, [DEBUG], turtlebot1, {"param_list": ["IC Room 6", [[-11.5, 16.0, 3.141592653589793, true], [-37.0, 16.0, 1.5707963267948966, true], [-37.0, 18.93, 0.0, true], [-33.9, 18.93, 3.14, false]]], "skill": "navigation", "skill-life-cycle": "SUCCESS", "label": "navto_room"}
250.88, [DEBUG], turtlebot1, "available-skills=['send_message', 'wait_message', 'approach_person', 'approach_robot', 'authenticate_person', 'navigation', 'operate_drawer']"
250.88, [DEBUG], turtlebot1, {"param_list": ["nurse"], "skill": "approach_person", "skill-life-cycle": "STARTED", "label": "approach_nurse"}
250.92, [DEBUG], turtlebot1, {"status": "localize-person", "skill": "approach-person", "who": "nurse"}
251.00, [DEBUG], turtlebot1, {"status": "goto-person", "skill": "approach-person", "who": "nurse"}
251.08, [DEBUG], turtlebot1, {"param_list": ["nurse"], "skill": "approach_person", "skill-life-cycle": "SUCCESS", "label": "approach_nurse"}
251.08, [DEBUG], turtlebot1, "available-skills=['send_message', 'wait_message', 'approach_person', 'approach_robot', 'authenticate_person', 'navigation', 'operate_drawer']"
251.08, [DEBUG], turtlebot1, {"param_list": ["nurse"], "skill": "authenticate_person", "skill-life-cycle": "STARTED", "label": "authenticate_nurse"}
251.13, [DEBUG], turtlebot1, {"status": "request-authentication", "to": "nurse", "skill": "authenticate-person"}
251.13, [INFO], nurse, {"status": "message-received", "skill": "athentication-request"}
251.13, [INFO], nurse, {"status": "message-received", "skill": "athentication-request"}
251.48, [DEBUG], turtlebot1, {"status": "received-authentication", "skill": "authenticate-person", "from": "nurse"}
251.55, [DEBUG], turtlebot1, {"param_list": ["nurse"], "skill": "authenticate_person", "skill-life-cycle": "SUCCESS", "label": "authenticate_nurse"}
251.55, [DEBUG], turtlebot1, "available-skills=['send_message', 'wait_message', 'approach_person', 'approach_robot', 'authenticate_person', 'navigation', 'operate_drawer']"
251.55, [DEBUG], turtlebot1, {"param_list": ["open"], "skill": "operate_drawer", "skill-life-cycle": "STARTED", "label": "open_drawer_for_nurse"}
251.60, [DEBUG], turtlebot1, {"status": "task-update", "action": "open", "skill": "operate-drawer"}
252.40, [DEBUG], turtlebot1, {"param_list": ["open"], "skill": "operate_drawer", "skill-life-cycle": "SUCCESS", "label": "open_drawer_for_nurse"}
252.40, [DEBUG], turtlebot1, "available-skills=['send_message', 'wait_message', 'approach_person', 'approach_robot', 'authenticate_person', 'navigation', 'operate_drawer']"
252.40, [DEBUG], turtlebot1, {"param_list": ["nurse"], "skill": "send_message", "skill-life-cycle": "STARTED", "label": "notify_nurse_of_open_drawer_for_nurse_completed"}
252.48, [INFO], turtlebot1, {"to": "nurse", "skill": "send-message"}
253.23, [INFO], nurse, {"status": "message-received", "skill": "wait-message"}
253.23, [INFO], nurse, {"status": "message-received", "skill": "wait-message"}
255.48, [DEBUG], turtlebot1, {"param_list": ["nurse"], "skill": "send_message", "skill-life-cycle": "SUCCESS", "label": "notify_nurse_of_open_drawer_for_nurse_completed"}
255.48, [DEBUG], turtlebot1, "available-skills=['send_message', 'wait_message', 'approach_person', 'approach_robot', 'authenticate_person', 'navigation', 'operate_drawer']"
255.48, [DEBUG], turtlebot1, {"param_list": ["nurse"], "skill": "wait_message", "skill-life-cycle": "STARTED", "label": "wait_nurse_to_complete_deposit"}
257.28, [INFO], turtlebot1, {"status": "message-received", "skill": "wait-message"}
257.33, [DEBUG], turtlebot1, {"param_list": ["nurse"], "skill": "wait_message", "skill-life-cycle": "SUCCESS", "label": "wait_nurse_to_complete_deposit"}
257.33, [DEBUG], turtlebot1, "available-skills=['send_message', 'wait_message', 'approach_person', 'approach_robot', 'authenticate_person', 'navigation', 'operate_drawer']"
257.33, [DEBUG], turtlebot1, {"param_list": ["close"], "skill": "operate_drawer", "skill-life-cycle": "STARTED", "label": "close_drawer_nurse"}
257.38, [DEBUG], turtlebot1, {"status": "task-update", "action": "close", "skill": "operate-drawer"}
258.20, [DEBUG], turtlebot1, {"param_list": ["close"], "skill": "operate_drawer", "skill-life-cycle": "SUCCESS", "label": "close_drawer_nurse"}
258.20, [DEBUG], turtlebot1, "available-skills=['send_message', 'wait_message', 'approach_person', 'approach_robot', 'authenticate_person', 'navigation', 'operate_drawer']"
258.22, [DEBUG], turtlebot1, {"param_list": ["Laboratory", [[-37.0, 18.93, -1.5707963267948966, true], [-37.0, 16.0, 0.0, true], [-26.0, 16.0, -1.5707963267948966, true], [-26.0, 13.0, 1.57, false]]], "skill": "navigation", "skill-life-cycle": "STARTED", "label": "navto_lab"}
260.35, [DEBUG], turtlebot1, {"param_list": ["Laboratory", [[-37.0, 18.93, -1.5707963267948966, true], [-37.0, 16.0, 0.0, true], [-26.0, 16.0, -1.5707963267948966, true], [-26.0, 13.0, 1.57, false]]], "skill": "navigation", "skill-life-cycle": "RUNNING", "label": "navto_lab"}
261.33, [INFO], turtlebot1, {"battery-level": "41.37%"}
261.33, [INFO], turtlebot1, {"y": "18.56", "x": "-34.12", "yaw": "3.10"}
261.35, [INFO], turtlebot2, {"y": "17.99", "x": "-19.01", "yaw": "-1.37"}
261.35, [INFO], turtlebot3, {"y": "21.50", "x": "-38.05", "yaw": "0.03"}
261.37, [INFO], turtlebot4, {"y": "33.84", "x": "-39.50", "yaw": "0.46"}
261.38, [INFO], turtlebot6, {"y": "33.97", "x": "-32.91", "yaw": "-3.06"}
261.38, [INFO], turtlebot5, {"y": "17.95", "x": "-13.46", "yaw": "-1.22"}
261.45, [INFO], turtlebot1, {"battery-level": "41.37%"}
261.45, [INFO], turtlebot1, {"y": "18.56", "x": "-34.12", "yaw": "3.10"}
261.45, [INFO], turtlebot2, {"y": "17.99", "x": "-19.01", "yaw": "-1.37"}
261.47, [INFO], turtlebot3, {"y": "21.50", "x": "-38.05", "yaw": "0.03"}
261.47, [INFO], turtlebot4, {"y": "33.84", "x": "-39.50", "yaw": "0.46"}
261.47, [INFO], turtlebot6, {"y": "33.97", "x": "-32.91", "yaw": "-3.06"}
261.47, [INFO], turtlebot5, {"y": "17.95", "x": "-13.46", "yaw": "-1.22"}
263.23, [INFO], nurse, {"status": "message-received", "skill": "wait-message"}
263.23, [INFO], nurse, {"status": "message-received", "skill": "wait-message"}
271.12, [INFO], nurse, {"status": "waiting", "skill": "athentication-sent"}
271.12, [INFO], nurse, {"status": "waiting", "skill": "athentication-sent"}
273.23, [INFO], nurse, {"status": "message-received", "skill": "wait-message"}
273.23, [INFO], nurse, {"status": "message-received", "skill": "wait-message"}
276.33, [INFO], turtlebot1, {"battery-level": "40.32%"}
276.33, [INFO], turtlebot1, {"y": "18.00", "x": "-35.08", "yaw": "-2.83"}
276.35, [INFO], turtlebot2, {"y": "17.99", "x": "-19.01", "yaw": "-1.37"}
276.35, [INFO], turtlebot3, {"y": "21.50", "x": "-38.07", "yaw": "0.03"}
276.37, [INFO], turtlebot4, {"y": "33.84", "x": "-39.50", "yaw": "0.46"}
276.38, [INFO], turtlebot5, {"y": "17.95", "x": "-13.46", "yaw": "-1.20"}
276.38, [INFO], turtlebot6, {"y": "33.98", "x": "-32.92", "yaw": "-3.06"}
276.47, [INFO], turtlebot1, {"battery-level": "40.32%"}
276.48, [INFO], turtlebot1, {"y": "18.00", "x": "-35.08", "yaw": "-2.83"}
276.48, [INFO], turtlebot2, {"y": "17.99", "x": "-19.01", "yaw": "-1.37"}
276.48, [INFO], turtlebot3, {"y": "21.50", "x": "-38.07", "yaw": "0.03"}
276.48, [INFO], turtlebot4, {"y": "33.84", "x": "-39.50", "yaw": "0.46"}
276.48, [INFO], turtlebot5, {"y": "17.95", "x": "-13.46", "yaw": "-1.20"}
276.48, [INFO], turtlebot6, {"y": "33.98", "x": "-32.92", "yaw": "-3.06"}
283.23, [INFO], nurse, {"status": "message-received", "skill": "wait-message"}
283.23, [INFO], nurse, {"status": "message-received", "skill": "wait-message"}
291.33, [INFO], turtlebot1, {"y": "18.64", "x": "-36.69", "yaw": "-1.91"}
291.33, [INFO], turtlebot1, {"battery-level": "39.27%"}
291.35, [INFO], turtlebot2, {"y": "17.99", "x": "-19.00", "yaw": "-1.37"}
291.35, [INFO], turtlebot3, {"y": "21.50", "x": "-38.10", "yaw": "0.03"}
291.37, [INFO], turtlebot4, {"y": "33.84", "x": "-39.50", "yaw": "0.46"}
291.38, [INFO], turtlebot5, {"y": "17.95", "x": "-13.46", "yaw": "-1.18"}
291.38, [INFO], turtlebot6, {"y": "33.98", "x": "-32.92", "yaw": "-3.05"}
291.43, [INFO], turtlebot1, {"y": "18.64", "x": "-36.69", "yaw": "-1.91"}
291.43, [INFO], turtlebot1, {"battery-level": "39.27%"}
291.43, [INFO], turtlebot2, {"y": "17.99", "x": "-19.00", "yaw": "-1.37"}
291.45, [INFO], turtlebot3, {"y": "21.50", "x": "-38.10", "yaw": "0.03"}
291.45, [INFO], turtlebot4, {"y": "33.84", "x": "-39.50", "yaw": "0.46"}
291.45, [INFO], turtlebot5, {"y": "17.95", "x": "-13.46", "yaw": "-1.18"}
291.45, [INFO], turtlebot6, {"y": "33.98", "x": "-32.92", "yaw": "-3.05"}
292.70, [DEBUG], None, [debug],turtlebot1,move-base-info,Hooray, the base moved arrived,(x=-37;y=18.93)
292.70, [DEBUG], None, [debug],turtlebot1,move-base-info,Hooray, the base moved arrived,(x=-37;y=18.93)
292.77, [DEBUG], turtlebot1, {"status": "way-point-reached", "skill": "navigation", "percentage": "25.00%", "goingto": "Laboratory"}
301.93, [DEBUG], turtlebot1, {"param_list": ["Laboratory", [[-37.0, 18.93, -1.5707963267948966, true], [-37.0, 16.0, 0.0, true], [-26.0, 16.0, -1.5707963267948966, true], [-26.0, 13.0, 1.57, false]]], "skill": "navigation", "skill-life-cycle": "RUNNING", "label": "navto_lab"}
306.33, [INFO], turtlebot1, {"battery-level": "38.29%"}
306.33, [INFO], turtlebot1, {"y": "17.83", "x": "-36.70", "yaw": "-1.58"}
306.35, [INFO], turtlebot2, {"y": "17.99", "x": "-19.00", "yaw": "-1.37"}
306.35, [INFO], turtlebot3, {"y": "21.50", "x": "-38.13", "yaw": "0.03"}
306.37, [INFO], turtlebot4, {"y": "33.84", "x": "-39.50", "yaw": "0.46"}
306.38, [INFO], turtlebot6, {"y": "33.98", "x": "-32.92", "yaw": "-3.05"}
306.38, [INFO], turtlebot5, {"y": "17.94", "x": "-13.45", "yaw": "-1.16"}
306.45, [INFO], turtlebot1, {"battery-level": "38.29%"}
306.45, [INFO], turtlebot1, {"y": "17.83", "x": "-36.70", "yaw": "-1.58"}
306.47, [INFO], turtlebot2, {"y": "17.99", "x": "-19.00", "yaw": "-1.37"}
306.47, [INFO], turtlebot3, {"y": "21.50", "x": "-38.13", "yaw": "0.03"}
306.47, [INFO], turtlebot4, {"y": "33.84", "x": "-39.50", "yaw": "0.46"}
306.47, [INFO], turtlebot6, {"y": "33.98", "x": "-32.92", "yaw": "-3.05"}
306.47, [INFO], turtlebot5, {"y": "17.94", "x": "-13.45", "yaw": "-1.16"}
321.33, [INFO], turtlebot1, {"y": "16.59", "x": "-36.83", "yaw": "-1.90"}
321.33, [INFO], turtlebot1, {"battery-level": "37.17%"}
321.35, [INFO], turtlebot3, {"y": "21.50", "x": "-38.14", "yaw": "0.03"}
321.35, [INFO], turtlebot2, {"y": "17.99", "x": "-19.00", "yaw": "-1.37"}
321.37, [INFO], turtlebot4, {"y": "33.84", "x": "-39.50", "yaw": "0.46"}
321.38, [INFO], turtlebot6, {"y": "33.98", "x": "-32.92", "yaw": "-3.06"}
321.38, [INFO], turtlebot5, {"y": "17.94", "x": "-13.45", "yaw": "-1.14"}
321.47, [INFO], turtlebot1, {"y": "16.59", "x": "-36.83", "yaw": "-1.90"}
321.47, [INFO], turtlebot1, {"battery-level": "37.17%"}
321.47, [INFO], turtlebot3, {"y": "21.50", "x": "-38.14", "yaw": "0.03"}
321.47, [INFO], turtlebot2, {"y": "17.99", "x": "-19.00", "yaw": "-1.37"}
321.47, [INFO], turtlebot4, {"y": "33.84", "x": "-39.50", "yaw": "0.46"}
321.48, [INFO], turtlebot6, {"y": "33.98", "x": "-32.92", "yaw": "-3.06"}
321.48, [INFO], turtlebot5, {"y": "17.94", "x": "-13.45", "yaw": "-1.14"}
328.25, [DEBUG], None, [debug],turtlebot1,move-base-info,Hooray, the base moved arrived,(x=-37;y=16)
328.25, [DEBUG], None, [debug],turtlebot1,move-base-info,Hooray, the base moved arrived,(x=-37;y=16)
328.33, [DEBUG], turtlebot1, {"status": "way-point-reached", "skill": "navigation", "percentage": "50.00%", "goingto": "Laboratory"}
336.33, [INFO], turtlebot1, {"battery-level": "36.19%"}
336.33, [INFO], turtlebot1, {"y": "16.25", "x": "-36.50", "yaw": "-0.80"}
336.35, [INFO], turtlebot3, {"y": "21.51", "x": "-38.15", "yaw": "0.04"}
336.35, [INFO], turtlebot2, {"y": "17.99", "x": "-19.00", "yaw": "-1.37"}
336.37, [INFO], turtlebot4, {"y": "33.84", "x": "-39.50", "yaw": "0.46"}
336.38, [INFO], turtlebot5, {"y": "17.94", "x": "-13.44", "yaw": "-1.14"}
336.38, [INFO], turtlebot6, {"y": "33.98", "x": "-32.92", "yaw": "-3.06"}
336.45, [INFO], turtlebot1, {"battery-level": "36.19%"}
336.45, [INFO], turtlebot1, {"y": "16.25", "x": "-36.50", "yaw": "-0.80"}
336.45, [INFO], turtlebot3, {"y": "21.51", "x": "-38.15", "yaw": "0.04"}
336.45, [INFO], turtlebot2, {"y": "17.99", "x": "-19.00", "yaw": "-1.37"}
336.47, [INFO], turtlebot4, {"y": "33.84", "x": "-39.50", "yaw": "0.46"}
336.47, [INFO], turtlebot5, {"y": "17.94", "x": "-13.44", "yaw": "-1.14"}
336.47, [INFO], turtlebot6, {"y": "33.98", "x": "-32.92", "yaw": "-3.06"}
344.08, [DEBUG], turtlebot1, {"param_list": ["Laboratory", [[-37.0, 18.93, -1.5707963267948966, true], [-37.0, 16.0, 0.0, true], [-26.0, 16.0, -1.5707963267948966, true], [-26.0, 13.0, 1.57, false]]], "skill": "navigation", "skill-life-cycle": "RUNNING", "label": "navto_lab"}
351.33, [INFO], turtlebot1, {"y": "15.70", "x": "-34.79", "yaw": "0.05"}
351.33, [INFO], turtlebot1, {"battery-level": "35.14%"}
351.35, [INFO], turtlebot2, {"y": "17.99", "x": "-19.00", "yaw": "-1.37"}
351.35, [INFO], turtlebot3, {"y": "21.51", "x": "-38.15", "yaw": "0.05"}
351.37, [INFO], turtlebot4, {"y": "33.84", "x": "-39.50", "yaw": "0.46"}
351.38, [INFO], turtlebot6, {"y": "33.98", "x": "-32.93", "yaw": "-3.06"}
351.38, [INFO], turtlebot5, {"y": "17.94", "x": "-13.44", "yaw": "-1.13"}
351.43, [INFO], turtlebot1, {"y": "15.70", "x": "-34.79", "yaw": "0.05"}
351.43, [INFO], turtlebot1, {"battery-level": "35.14%"}
351.43, [INFO], turtlebot2, {"y": "17.99", "x": "-19.00", "yaw": "-1.37"}
351.45, [INFO], turtlebot3, {"y": "21.51", "x": "-38.15", "yaw": "0.05"}
351.45, [INFO], turtlebot4, {"y": "33.84", "x": "-39.50", "yaw": "0.46"}
351.45, [INFO], turtlebot6, {"y": "33.98", "x": "-32.93", "yaw": "-3.06"}
351.45, [INFO], turtlebot5, {"y": "17.94", "x": "-13.44", "yaw": "-1.13"}
366.33, [INFO], turtlebot1, {"y": "16.03", "x": "-32.03", "yaw": "0.34"}
366.33, [INFO], turtlebot1, {"battery-level": "34.09%"}
366.35, [INFO], turtlebot2, {"y": "17.99", "x": "-19.00", "yaw": "-1.37"}
366.35, [INFO], turtlebot3, {"y": "21.51", "x": "-38.15", "yaw": "0.07"}
366.37, [INFO], turtlebot4, {"y": "33.84", "x": "-39.50", "yaw": "0.46"}
366.38, [INFO], turtlebot5, {"y": "17.94", "x": "-13.44", "yaw": "-1.12"}
366.38, [INFO], turtlebot6, {"y": "33.98", "x": "-32.93", "yaw": "-3.06"}
366.45, [INFO], turtlebot1, {"y": "16.03", "x": "-32.03", "yaw": "0.34"}
366.45, [INFO], turtlebot1, {"battery-level": "34.09%"}
366.47, [INFO], turtlebot2, {"y": "17.99", "x": "-19.00", "yaw": "-1.37"}
366.47, [INFO], turtlebot3, {"y": "21.51", "x": "-38.15", "yaw": "0.07"}
366.47, [INFO], turtlebot4, {"y": "33.84", "x": "-39.50", "yaw": "0.46"}
366.47, [INFO], turtlebot5, {"y": "17.94", "x": "-13.44", "yaw": "-1.12"}
366.47, [INFO], turtlebot6, {"y": "33.98", "x": "-32.93", "yaw": "-3.06"}
381.33, [INFO], turtlebot1, {"y": "16.06", "x": "-29.51", "yaw": "0.03"}
381.33, [INFO], turtlebot1, {"battery-level": "33.04%"}
381.35, [INFO], turtlebot3, {"y": "21.51", "x": "-38.15", "yaw": "0.10"}
381.35, [INFO], turtlebot2, {"y": "17.99", "x": "-19.00", "yaw": "-1.37"}
381.37, [INFO], turtlebot4, {"y": "33.84", "x": "-39.50", "yaw": "0.46"}
381.38, [INFO], turtlebot6, {"y": "33.98", "x": "-32.93", "yaw": "-3.06"}
381.38, [INFO], turtlebot5, {"y": "17.93", "x": "-13.44", "yaw": "-1.11"}
381.45, [INFO], turtlebot1, {"y": "16.06", "x": "-29.51", "yaw": "0.03"}
381.45, [INFO], turtlebot1, {"battery-level": "33.04%"}
381.45, [INFO], turtlebot3, {"y": "21.51", "x": "-38.15", "yaw": "0.10"}
381.45, [INFO], turtlebot2, {"y": "17.99", "x": "-19.00", "yaw": "-1.37"}
381.47, [INFO], turtlebot4, {"y": "33.84", "x": "-39.50", "yaw": "0.46"}
381.47, [INFO], turtlebot6, {"y": "33.98", "x": "-32.93", "yaw": "-3.06"}
381.47, [INFO], turtlebot5, {"y": "17.93", "x": "-13.44", "yaw": "-1.11"}
385.40, [DEBUG], turtlebot1, {"param_list": ["Laboratory", [[-37.0, 18.93, -1.5707963267948966, true], [-37.0, 16.0, 0.0, true], [-26.0, 16.0, -1.5707963267948966, true], [-26.0, 13.0, 1.57, false]]], "skill": "navigation", "skill-life-cycle": "RUNNING", "label": "navto_lab"}
396.33, [INFO], turtlebot1, {"battery-level": "31.99%"}
396.33, [INFO], turtlebot1, {"y": "16.09", "x": "-26.99", "yaw": "0.08"}
396.35, [INFO], turtlebot3, {"y": "21.52", "x": "-38.15", "yaw": "0.13"}
396.35, [INFO], turtlebot2, {"y": "17.99", "x": "-19.00", "yaw": "-1.37"}
396.37, [INFO], turtlebot4, {"y": "33.84", "x": "-39.50", "yaw": "0.46"}
396.38, [INFO], turtlebot5, {"y": "17.93", "x": "-13.43", "yaw": "-1.10"}
396.38, [INFO], turtlebot6, {"y": "33.98", "x": "-32.93", "yaw": "-3.06"}
396.45, [INFO], turtlebot1, {"battery-level": "31.99%"}
396.45, [INFO], turtlebot1, {"y": "16.09", "x": "-26.99", "yaw": "0.08"}
396.45, [INFO], turtlebot3, {"y": "21.52", "x": "-38.15", "yaw": "0.13"}
396.45, [INFO], turtlebot2, {"y": "17.99", "x": "-19.00", "yaw": "-1.37"}
396.47, [INFO], turtlebot4, {"y": "33.84", "x": "-39.50", "yaw": "0.46"}
396.47, [INFO], turtlebot5, {"y": "17.93", "x": "-13.43", "yaw": "-1.10"}
396.47, [INFO], turtlebot6, {"y": "33.98", "x": "-32.93", "yaw": "-3.06"}
404.67, [DEBUG], None, [debug],turtlebot1,move-base-info,Hooray, the base moved arrived,(x=-26;y=16)
404.67, [DEBUG], None, [debug],turtlebot1,move-base-info,Hooray, the base moved arrived,(x=-26;y=16)
404.78, [DEBUG], turtlebot1, {"status": "way-point-reached", "skill": "navigation", "percentage": "75.00%", "goingto": "Laboratory"}
411.33, [INFO], turtlebot1, {"battery-level": "30.94%"}
411.33, [INFO], turtlebot1, {"y": "16.06", "x": "-26.35", "yaw": "-1.10"}
411.35, [INFO], turtlebot2, {"y": "17.98", "x": "-19.00", "yaw": "-1.37"}
411.35, [INFO], turtlebot3, {"y": "21.52", "x": "-38.16", "yaw": "0.16"}
411.37, [INFO], turtlebot4, {"y": "33.84", "x": "-39.50", "yaw": "0.46"}
411.38, [INFO], turtlebot6, {"y": "33.98", "x": "-32.93", "yaw": "-3.06"}
411.38, [INFO], turtlebot5, {"y": "17.93", "x": "-13.43", "yaw": "-1.10"}
411.45, [INFO], turtlebot1, {"battery-level": "30.94%"}
411.45, [INFO], turtlebot1, {"y": "16.06", "x": "-26.35", "yaw": "-1.10"}
411.45, [INFO], turtlebot2, {"y": "17.98", "x": "-19.00", "yaw": "-1.37"}
411.45, [INFO], turtlebot3, {"y": "21.52", "x": "-38.16", "yaw": "0.16"}
411.47, [INFO], turtlebot4, {"y": "33.84", "x": "-39.50", "yaw": "0.46"}
411.47, [INFO], turtlebot6, {"y": "33.98", "x": "-32.93", "yaw": "-3.06"}
411.47, [INFO], turtlebot5, {"y": "17.93", "x": "-13.43", "yaw": "-1.10"}
426.33, [INFO], turtlebot1, {"battery-level": "29.89%"}
426.33, [INFO], turtlebot1, {"y": "14.86", "x": "-25.87", "yaw": "-1.44"}
426.35, [INFO], turtlebot3, {"y": "21.53", "x": "-38.16", "yaw": "0.18"}
426.35, [INFO], turtlebot2, {"y": "17.98", "x": "-19.00", "yaw": "-1.37"}
426.37, [INFO], turtlebot4, {"y": "33.84", "x": "-39.50", "yaw": "0.46"}
426.38, [INFO], turtlebot5, {"y": "17.93", "x": "-13.43", "yaw": "-1.10"}
426.38, [INFO], turtlebot6, {"y": "33.98", "x": "-32.93", "yaw": "-3.06"}
426.43, [INFO], turtlebot1, {"battery-level": "29.89%"}
426.45, [INFO], turtlebot1, {"y": "14.86", "x": "-25.87", "yaw": "-1.44"}
426.45, [INFO], turtlebot3, {"y": "21.53", "x": "-38.16", "yaw": "0.18"}
426.45, [INFO], turtlebot2, {"y": "17.98", "x": "-19.00", "yaw": "-1.37"}
426.47, [INFO], turtlebot4, {"y": "33.84", "x": "-39.50", "yaw": "0.46"}
426.47, [INFO], turtlebot5, {"y": "17.93", "x": "-13.43", "yaw": "-1.10"}
426.47, [INFO], turtlebot6, {"y": "33.98", "x": "-32.93", "yaw": "-3.06"}
427.13, [DEBUG], turtlebot1, {"param_list": ["Laboratory", [[-37.0, 18.93, -1.5707963267948966, true], [-37.0, 16.0, 0.0, true], [-26.0, 16.0, -1.5707963267948966, true], [-26.0, 13.0, 1.57, false]]], "skill": "navigation", "skill-life-cycle": "RUNNING", "label": "navto_lab"}
441.33, [INFO], turtlebot1, {"battery-level": "28.84%"}
441.33, [INFO], turtlebot1, {"y": "13.61", "x": "-25.85", "yaw": "-1.78"}
441.35, [INFO], turtlebot3, {"y": "21.53", "x": "-38.16", "yaw": "0.19"}
441.35, [INFO], turtlebot2, {"y": "17.98", "x": "-19.00", "yaw": "-1.37"}
441.37, [INFO], turtlebot4, {"y": "33.84", "x": "-39.50", "yaw": "0.46"}
441.38, [INFO], turtlebot6, {"y": "33.98", "x": "-32.93", "yaw": "-3.06"}
441.38, [INFO], turtlebot5, {"y": "17.93", "x": "-13.43", "yaw": "-1.09"}
441.43, [INFO], turtlebot1, {"battery-level": "28.84%"}
441.43, [INFO], turtlebot1, {"y": "13.61", "x": "-25.85", "yaw": "-1.78"}
441.45, [INFO], turtlebot3, {"y": "21.53", "x": "-38.16", "yaw": "0.19"}
441.45, [INFO], turtlebot2, {"y": "17.98", "x": "-19.00", "yaw": "-1.37"}
441.45, [INFO], turtlebot4, {"y": "33.84", "x": "-39.50", "yaw": "0.46"}
441.45, [INFO], turtlebot6, {"y": "33.98", "x": "-32.93", "yaw": "-3.06"}
441.45, [INFO], turtlebot5, {"y": "17.93", "x": "-13.43", "yaw": "-1.09"}
450.45, [DEBUG], None, [debug],turtlebot1,move-base-info,Hooray, the base moved arrived,(x=-26;y=13)
450.48, [DEBUG], None, [debug],turtlebot1,move-base-info,Hooray, the base moved arrived,(x=-26;y=13)
450.67, [DEBUG], turtlebot1, {"status": "way-point-reached", "skill": "navigation", "percentage": "100.00%", "goingto": "Laboratory"}
450.73, [DEBUG], turtlebot1, {"param_list": ["Laboratory", [[-37.0, 18.93, -1.5707963267948966, true], [-37.0, 16.0, 0.0, true], [-26.0, 16.0, -1.5707963267948966, true], [-26.0, 13.0, 1.57, false]]], "skill": "navigation", "skill-life-cycle": "SUCCESS", "label": "navto_lab"}
450.73, [DEBUG], turtlebot1, "available-skills=['send_message', 'wait_message', 'approach_person', 'approach_robot', 'authenticate_person', 'navigation', 'operate_drawer']"
450.73, [DEBUG], turtlebot1, {"param_list": ["lab_arm"], "skill": "approach_robot", "skill-life-cycle": "STARTED", "label": "approach_arm"}
450.80, [DEBUG], turtlebot1, {"status": "localize-robot", "skill": "=approach-robot", "who": "lab_arm"}
450.88, [DEBUG], turtlebot1, {"status": "goto-robot", "skill": "approach-robot", "who": "lab_arm"}
450.95, [DEBUG], turtlebot1, {"param_list": ["lab_arm"], "skill": "approach_robot", "skill-life-cycle": "SUCCESS", "label": "approach_arm"}
450.95, [DEBUG], turtlebot1, "available-skills=['send_message', 'wait_message', 'approach_person', 'approach_robot', 'authenticate_person', 'navigation', 'operate_drawer']"
450.95, [DEBUG], turtlebot1, {"param_list": ["open"], "skill": "operate_drawer", "skill-life-cycle": "STARTED", "label": "open_drawer_lab"}
451.02, [DEBUG], turtlebot1, {"status": "task-update", "action": "open", "skill": "operate-drawer"}
451.80, [DEBUG], turtlebot1, {"param_list": ["open"], "skill": "operate_drawer", "skill-life-cycle": "SUCCESS", "label": "open_drawer_lab"}
451.80, [DEBUG], turtlebot1, "available-skills=['send_message', 'wait_message', 'approach_person', 'approach_robot', 'authenticate_person', 'navigation', 'operate_drawer']"
451.80, [DEBUG], turtlebot1, {"param_list": ["lab_arm"], "skill": "send_message", "skill-life-cycle": "STARTED", "label": "notify_lab_arm_of_open_drawer_lab_completed"}
451.88, [INFO], turtlebot1, {"to": "lab_arm", "skill": "send-message"}
452.58, [INFO], lab_arm, {"status": "sample-received", "skill": "wait-sample"}
452.58, [INFO], lab_arm, {"status": "sample-received", "skill": "wait-sample"}
452.58, [INFO], nurse, {"status": "sample-received", "skill": "wait-sample"}
452.58, [INFO], nurse, {"status": "sample-received", "skill": "wait-sample"}
452.58, [DEBUG], None, ENDSIM
452.58, [DEBUG], None, ENDSIM
452.58, [DEBUG], None, end!
