1.41666674614,[debug],turtlebot5,move-base-info,Move_base is up and ok....,
1.48333334923,[debug],turtlebot4,move-base-info,Move_base is up and ok....,
1.70000004768,[debug],turtlebot2,move-base-info,Move_base is up and ok....,
11.6833333969,[info],turtlebot3,skill-life-cycle,init_robobt,(status=RUNNING, parameters=[])
11.7833333015,[info],turtlebot4,skill-life-cycle,init_robobt,(status=RUNNING, parameters=[])
12.1333334446,[info],turtlebot5,skill-life-cycle,init_robobt,(status=RUNNING, parameters=[])
12.1833333969,[info],turtlebot2,skill-life-cycle,init_robobt,(status=RUNNING, parameters=[])
17.3666665554,[debug],turtlebot2,available-skills,['send_message', 'wait_message', 'approach_person', 'approach_robot', 'authenticate_person', 'deposit', 'navigation', 'operate_drawer', 'pick_up'],
17.3666665554,[info],turtlebot2,skill-life-cycle,navigation,(status=STARTED, parameters=[[-28.5, 16.0, 3.141592653589793, True], [-37.0, 16.0, 1.5707963267948966, True], [-37.0, 18.93, 0.0, True], [-33.9, 18.93, 3.14, False]])
25.1500000954,[debug],turtlebot1,simulation,robot-pose,x=-11.46;y=17.82;yaw=-1.25
25.1500000954,[debug],turtlebot1,simulation,robot-pose,x=-11.46;y=17.82;yaw=-1.25
25.3166666031,[debug],turtlebot2,simulation,robot-pose,x=-28.56;y=17.67;yaw=-1.43
25.3166666031,[debug],turtlebot2,simulation,robot-pose,x=-28.56;y=17.67;yaw=-1.43
25.3166666031,[debug],turtlebot3,simulation,robot-pose,x=-27.23;y=18.02;yaw=-1.59
25.3166666031,[debug],turtlebot3,simulation,robot-pose,x=-27.23;y=18.02;yaw=-1.59
25.3333332539,[debug],turtlebot4,simulation,robot-pose,x=-40.39;y=25.23;yaw=0.34
25.3333332539,[debug],turtlebot4,simulation,robot-pose,x=-40.39;y=25.23;yaw=0.34
25.3499999046,[debug],turtlebot5,simulation,robot-pose,x=-32.89;y=33.97;yaw=-3.10
25.3499999046,[debug],turtlebot5,simulation,robot-pose,x=-32.89;y=33.97;yaw=-3.10
40.1500000954,[debug],turtlebot1,simulation,robot-pose,x=-11.46;y=17.82;yaw=-1.25
40.1500000954,[debug],turtlebot1,simulation,robot-pose,x=-11.46;y=17.82;yaw=-1.25
40.3166666031,[debug],turtlebot2,simulation,robot-pose,x=-28.55;y=16.49;yaw=-1.82
40.3166666031,[debug],turtlebot2,simulation,robot-pose,x=-28.55;y=16.49;yaw=-1.82
40.3166666031,[debug],turtlebot3,simulation,robot-pose,x=-27.22;y=18.03;yaw=-1.59
40.3166666031,[debug],turtlebot3,simulation,robot-pose,x=-27.22;y=18.03;yaw=-1.59
40.3333332539,[debug],turtlebot4,simulation,robot-pose,x=-40.39;y=25.23;yaw=0.33
40.3333332539,[debug],turtlebot4,simulation,robot-pose,x=-40.39;y=25.23;yaw=0.33
40.3499999046,[debug],turtlebot5,simulation,robot-pose,x=-32.89;y=33.97;yaw=-3.10
40.3499999046,[debug],turtlebot5,simulation,robot-pose,x=-32.89;y=33.97;yaw=-3.10
44.0,[debug],turtlebot2,move-base-info,Hooray, the base moved arrived,(x=-28.5;y=16)
44.0,[debug],turtlebot2,move-base-info,Hooray, the base moved arrived,(x=-28.5;y=16)
44.0999999046,[debug],turtlebot2,task-update,navigation,way-point-reached,25.0%
55.1500000954,[debug],turtlebot1,simulation,robot-pose,x=-11.46;y=17.82;yaw=-1.25
55.1500000954,[debug],turtlebot1,simulation,robot-pose,x=-11.46;y=17.82;yaw=-1.25
55.3166666031,[debug],turtlebot2,simulation,robot-pose,x=-29.19;y=16.16;yaw=-2.71
55.3166666031,[debug],turtlebot2,simulation,robot-pose,x=-29.19;y=16.16;yaw=-2.71
55.3166666031,[debug],turtlebot3,simulation,robot-pose,x=-27.22;y=18.03;yaw=-1.58
55.3166666031,[debug],turtlebot3,simulation,robot-pose,x=-27.22;y=18.03;yaw=-1.58
55.3333332539,[debug],turtlebot4,simulation,robot-pose,x=-40.39;y=25.23;yaw=0.33
55.3333332539,[debug],turtlebot4,simulation,robot-pose,x=-40.39;y=25.23;yaw=0.33
55.3499999046,[debug],turtlebot5,simulation,robot-pose,x=-32.89;y=33.97;yaw=-3.10
55.3499999046,[debug],turtlebot5,simulation,robot-pose,x=-32.89;y=33.97;yaw=-3.10
64.4666666985,[info],turtlebot2,skill-life-cycle,navigation,(status=RUNNING, parameters=[[-28.5, 16.0, 3.141592653589793, True], [-37.0, 16.0, 1.5707963267948966, True], [-37.0, 18.93, 0.0, True], [-33.9, 18.93, 3.14, False]])
70.1500000954,[debug],turtlebot1,simulation,robot-pose,x=-11.46;y=17.82;yaw=-1.25
70.1500000954,[debug],turtlebot1,simulation,robot-pose,x=-11.46;y=17.82;yaw=-1.25
70.3166666031,[debug],turtlebot2,simulation,robot-pose,x=-31.56;y=16.04;yaw=-3.02
70.3166666031,[debug],turtlebot3,simulation,robot-pose,x=-27.22;y=18.03;yaw=-1.58
70.3166666031,[debug],turtlebot2,simulation,robot-pose,x=-31.56;y=16.04;yaw=-3.02
70.3166666031,[debug],turtlebot3,simulation,robot-pose,x=-27.22;y=18.03;yaw=-1.58
70.3333332539,[debug],turtlebot4,simulation,robot-pose,x=-40.39;y=25.23;yaw=0.33
70.3333332539,[debug],turtlebot4,simulation,robot-pose,x=-40.39;y=25.23;yaw=0.33
70.3499999046,[debug],turtlebot5,simulation,robot-pose,x=-32.89;y=33.97;yaw=-3.10
70.3499999046,[debug],turtlebot5,simulation,robot-pose,x=-32.89;y=33.97;yaw=-3.10
85.1500000954,[debug],turtlebot1,simulation,robot-pose,x=-11.46;y=17.82;yaw=-1.25
85.1500000954,[debug],turtlebot1,simulation,robot-pose,x=-11.46;y=17.82;yaw=-1.25
85.3166666031,[debug],turtlebot2,simulation,robot-pose,x=-33.67;y=15.71;yaw=3.14
85.3166666031,[debug],turtlebot2,simulation,robot-pose,x=-33.67;y=15.71;yaw=3.14
85.3166666031,[debug],turtlebot3,simulation,robot-pose,x=-27.22;y=18.03;yaw=-1.58
85.3166666031,[debug],turtlebot3,simulation,robot-pose,x=-27.22;y=18.03;yaw=-1.58
85.3333332539,[debug],turtlebot4,simulation,robot-pose,x=-40.39;y=25.23;yaw=0.33
85.3333332539,[debug],turtlebot4,simulation,robot-pose,x=-40.39;y=25.23;yaw=0.33
85.3499999046,[debug],turtlebot5,simulation,robot-pose,x=-32.90;y=33.97;yaw=-3.10
85.3499999046,[debug],turtlebot5,simulation,robot-pose,x=-32.90;y=33.97;yaw=-3.10
100.150000095,[debug],turtlebot1,simulation,robot-pose,x=-11.46;y=17.82;yaw=-1.25
100.150000095,[debug],turtlebot1,simulation,robot-pose,x=-11.46;y=17.82;yaw=-1.25
100.316666603,[debug],turtlebot3,simulation,robot-pose,x=-27.22;y=18.03;yaw=-1.58
100.316666603,[debug],turtlebot3,simulation,robot-pose,x=-27.22;y=18.03;yaw=-1.58
100.316666603,[debug],turtlebot2,simulation,robot-pose,x=-36.74;y=16.44;yaw=-2.78
100.316666603,[debug],turtlebot2,simulation,robot-pose,x=-36.74;y=16.44;yaw=-2.78
100.333333254,[debug],turtlebot4,simulation,robot-pose,x=-40.39;y=25.23;yaw=0.33
100.333333254,[debug],turtlebot4,simulation,robot-pose,x=-40.39;y=25.23;yaw=0.33
100.349999905,[debug],turtlebot5,simulation,robot-pose,x=-32.90;y=33.97;yaw=-3.10
100.349999905,[debug],turtlebot5,simulation,robot-pose,x=-32.90;y=33.97;yaw=-3.10
105.849999905,[debug],turtlebot2,move-base-info,Hooray, the base moved arrived,(x=-37;y=16)
105.849999905,[debug],turtlebot2,move-base-info,Hooray, the base moved arrived,(x=-37;y=16)
106.0,[debug],turtlebot2,task-update,navigation,way-point-reached,50.0%
115.150000095,[debug],turtlebot1,simulation,robot-pose,x=-11.46;y=17.82;yaw=-1.25
115.150000095,[debug],turtlebot1,simulation,robot-pose,x=-11.46;y=17.82;yaw=-1.25
115.316666603,[debug],turtlebot2,simulation,robot-pose,x=-36.91;y=18.40;yaw=1.66
115.316666603,[debug],turtlebot3,simulation,robot-pose,x=-27.22;y=18.03;yaw=-1.58
115.316666603,[debug],turtlebot2,simulation,robot-pose,x=-36.91;y=18.40;yaw=1.66
115.316666603,[debug],turtlebot3,simulation,robot-pose,x=-27.22;y=18.03;yaw=-1.58
115.333333254,[debug],turtlebot4,simulation,robot-pose,x=-40.39;y=25.23;yaw=0.33
115.333333254,[debug],turtlebot4,simulation,robot-pose,x=-40.39;y=25.23;yaw=0.33
115.349999905,[debug],turtlebot5,simulation,robot-pose,x=-32.90;y=33.97;yaw=-3.09
115.349999905,[debug],turtlebot5,simulation,robot-pose,x=-32.90;y=33.97;yaw=-3.09
116.533333302,[info],turtlebot2,skill-life-cycle,navigation,(status=RUNNING, parameters=[[-28.5, 16.0, 3.141592653589793, True], [-37.0, 16.0, 1.5707963267948966, True], [-37.0, 18.93, 0.0, True], [-33.9, 18.93, 3.14, False]])
120.216666698,[debug],turtlebot2,move-base-info,Hooray, the base moved arrived,(x=-37;y=18.93)
120.216666698,[debug],turtlebot2,move-base-info,Hooray, the base moved arrived,(x=-37;y=18.93)
120.333333254,[debug],turtlebot2,task-update,navigation,way-point-reached,75.0%
130.150000095,[debug],turtlebot1,simulation,robot-pose,x=-11.46;y=17.82;yaw=-1.25
130.150000095,[debug],turtlebot1,simulation,robot-pose,x=-11.46;y=17.82;yaw=-1.25
130.316666603,[debug],turtlebot3,simulation,robot-pose,x=-27.22;y=18.03;yaw=-1.58
130.316666603,[debug],turtlebot3,simulation,robot-pose,x=-27.22;y=18.03;yaw=-1.58
130.316666603,[debug],turtlebot2,simulation,robot-pose,x=-36.36;y=18.29;yaw=-0.65
130.316666603,[debug],turtlebot2,simulation,robot-pose,x=-36.36;y=18.29;yaw=-0.65
130.333333254,[debug],turtlebot4,simulation,robot-pose,x=-40.39;y=25.23;yaw=0.33
130.333333254,[debug],turtlebot4,simulation,robot-pose,x=-40.39;y=25.23;yaw=0.33
130.349999905,[debug],turtlebot5,simulation,robot-pose,x=-32.90;y=33.97;yaw=-3.09
130.349999905,[debug],turtlebot5,simulation,robot-pose,x=-32.90;y=33.97;yaw=-3.09
145.150000095,[debug],turtlebot1,simulation,robot-pose,x=-11.46;y=17.82;yaw=-1.25
145.150000095,[debug],turtlebot1,simulation,robot-pose,x=-11.46;y=17.82;yaw=-1.25
145.316666603,[debug],turtlebot2,simulation,robot-pose,x=-35.37;y=17.93;yaw=-0.14
145.316666603,[debug],turtlebot3,simulation,robot-pose,x=-27.22;y=18.03;yaw=-1.57
145.316666603,[debug],turtlebot2,simulation,robot-pose,x=-35.37;y=17.93;yaw=-0.14
145.316666603,[debug],turtlebot3,simulation,robot-pose,x=-27.22;y=18.03;yaw=-1.57
145.333333254,[debug],turtlebot4,simulation,robot-pose,x=-40.39;y=25.23;yaw=0.33
145.333333254,[debug],turtlebot4,simulation,robot-pose,x=-40.39;y=25.23;yaw=0.33
145.349999905,[debug],turtlebot5,simulation,robot-pose,x=-32.90;y=33.97;yaw=-3.09
145.349999905,[debug],turtlebot5,simulation,robot-pose,x=-32.90;y=33.97;yaw=-3.09
157.883333445,[debug],turtlebot2,move-base-info,Hooray, the base moved arrived,(x=-33.9;y=18.93)
157.883333445,[debug],turtlebot2,move-base-info,Hooray, the base moved arrived,(x=-33.9;y=18.93)
158.133333445,[debug],turtlebot2,task-update,navigation,way-point-reached,100.0%
158.216666698,[debug],turtlebot2,available-skills,['send_message', 'wait_message', 'approach_person', 'approach_robot', 'authenticate_person', 'deposit', 'navigation', 'operate_drawer', 'pick_up'],
158.233333349,[info],turtlebot2,skill-life-cycle,approach_person,(status=STARTED, parameters=['nurse'])
158.283333302,[debug],turtlebot2,task-update,approach_person,localize-person,(who=nurse)
158.383333445,[debug],turtlebot2,task-update,approach_person,goto-person,(who=nurse)
158.483333349,[debug],turtlebot2,available-skills,['send_message', 'wait_message', 'approach_person', 'approach_robot', 'authenticate_person', 'deposit', 'navigation', 'operate_drawer', 'pick_up'],
158.483333349,[info],turtlebot2,skill-life-cycle,authenticate_person,(status=STARTED, parameters=['nurse'])
158.583333254,[debug],turtlebot2,task-update,authenticate_person,request-authentication,(to=nurse)
158.583333254,[info],nurse,sync,received-request,(status=sending-request)
158.683333397,[info],nurse,sync,received-request,(status=sending-request)
159.066666603,[debug],turtlebot2,task-update,authenticate_person,received-authentication,(from=nurse)
159.150000095,[debug],turtlebot2,available-skills,['send_message', 'wait_message', 'approach_person', 'approach_robot', 'authenticate_person', 'deposit', 'navigation', 'operate_drawer', 'pick_up'],
159.150000095,[info],turtlebot2,skill-life-cycle,operate_drawer,(status=STARTED, parameters=['open'])
159.200000048,[debug],turtlebot2,task-update,operate_drawer,open
160.150000095,[debug],turtlebot1,simulation,robot-pose,x=-11.46;y=17.82;yaw=-1.25
160.150000095,[debug],turtlebot1,simulation,robot-pose,x=-11.46;y=17.82;yaw=-1.25
160.25,[debug],turtlebot2,available-skills,['send_message', 'wait_message', 'approach_person', 'approach_robot', 'authenticate_person', 'deposit', 'navigation', 'operate_drawer', 'pick_up'],
160.25,[info],turtlebot2,skill-life-cycle,send_message,(status=STARTED, parameters=['nurse'])
160.316666603,[debug],turtlebot2,simulation,robot-pose,x=-34.11;y=18.56;yaw=3.09
160.316666603,[debug],turtlebot3,simulation,robot-pose,x=-27.22;y=18.03;yaw=-1.57
160.316666603,[debug],turtlebot2,simulation,robot-pose,x=-34.11;y=18.56;yaw=3.09
160.316666603,[debug],turtlebot3,simulation,robot-pose,x=-27.22;y=18.03;yaw=-1.57
160.316666603,[info],turtlebot2,sync,send-message,(to=nurse)
160.333333254,[debug],turtlebot4,simulation,robot-pose,x=-40.39;y=25.23;yaw=0.33
160.333333254,[debug],turtlebot4,simulation,robot-pose,x=-40.39;y=25.23;yaw=0.33
160.349999905,[debug],turtlebot5,simulation,robot-pose,x=-32.90;y=33.97;yaw=-3.09
160.349999905,[debug],turtlebot5,simulation,robot-pose,x=-32.90;y=33.97;yaw=-3.09
161.25,[info],nurse,sync,wait-message,(status=message-received)
161.25,[info],nurse,sync,wait-message,(status=message-received)
164.016666651,[debug],turtlebot2,available-skills,['send_message', 'wait_message', 'approach_person', 'approach_robot', 'authenticate_person', 'deposit', 'navigation', 'operate_drawer', 'pick_up'],
164.016666651,[info],turtlebot2,skill-life-cycle,wait_message,(status=STARTED, parameters=['r1'])
165.283333302,[info],turtlebot2,sync,wait-message,(status=message-received)
165.349999905,[debug],turtlebot2,available-skills,['send_message', 'wait_message', 'approach_person', 'approach_robot', 'authenticate_person', 'deposit', 'navigation', 'operate_drawer', 'pick_up'],
165.349999905,[info],turtlebot2,skill-life-cycle,operate_drawer,(status=STARTED, parameters=['close'])
165.416666746,[debug],turtlebot2,task-update,operate_drawer,close
166.450000048,[debug],turtlebot2,available-skills,['send_message', 'wait_message', 'approach_person', 'approach_robot', 'authenticate_person', 'deposit', 'navigation', 'operate_drawer', 'pick_up'],
166.450000048,[info],turtlebot2,skill-life-cycle,navigation,(status=STARTED, parameters=[[-37.0, 18.93, -1.5707963267948966, True], [-37.0, 16.0, 0.0, True], [-26.0, 16.0, -1.5707963267948966, True], [-26.0, 13.0, 1.57, False]])
170.333333254,[info],turtlebot2,skill-life-cycle,navigation,(status=RUNNING, parameters=[[-37.0, 18.93, -1.5707963267948966, True], [-37.0, 16.0, 0.0, True], [-26.0, 16.0, -1.5707963267948966, True], [-26.0, 13.0, 1.57, False]])
171.25,[info],nurse,sync,wait-message,(status=message-received)
171.25,[info],nurse,sync,wait-message,(status=message-received)
175.150000095,[debug],turtlebot1,simulation,robot-pose,x=-11.46;y=17.82;yaw=-1.25
175.150000095,[debug],turtlebot1,simulation,robot-pose,x=-11.46;y=17.82;yaw=-1.25
175.316666603,[debug],turtlebot3,simulation,robot-pose,x=-27.22;y=18.03;yaw=-1.57
175.316666603,[debug],turtlebot3,simulation,robot-pose,x=-27.22;y=18.03;yaw=-1.57
175.316666603,[debug],turtlebot2,simulation,robot-pose,x=-34.46;y=18.41;yaw=-2.41
175.316666603,[debug],turtlebot2,simulation,robot-pose,x=-34.46;y=18.41;yaw=-2.41
175.333333254,[debug],turtlebot4,simulation,robot-pose,x=-40.39;y=25.23;yaw=0.33
175.333333254,[debug],turtlebot4,simulation,robot-pose,x=-40.39;y=25.23;yaw=0.33
175.349999905,[debug],turtlebot5,simulation,robot-pose,x=-32.90;y=33.97;yaw=-3.09
175.349999905,[debug],turtlebot5,simulation,robot-pose,x=-32.90;y=33.97;yaw=-3.09
178.583333254,[info],nurse,sync,request-sent,(status=waiting)
178.633333445,[info],nurse,sync,request-sent,(status=waiting)
181.25,[info],nurse,sync,wait-message,(status=message-received)
181.25,[info],nurse,sync,wait-message,(status=message-received)
190.150000095,[debug],turtlebot1,simulation,robot-pose,x=-11.46;y=17.82;yaw=-1.25
190.150000095,[debug],turtlebot1,simulation,robot-pose,x=-11.46;y=17.82;yaw=-1.25
190.316666603,[debug],turtlebot2,simulation,robot-pose,x=-35.29;y=17.94;yaw=-2.97
190.316666603,[debug],turtlebot3,simulation,robot-pose,x=-27.22;y=18.03;yaw=-1.57
190.316666603,[debug],turtlebot2,simulation,robot-pose,x=-35.29;y=17.94;yaw=-2.97
190.316666603,[debug],turtlebot3,simulation,robot-pose,x=-27.22;y=18.03;yaw=-1.57
190.333333254,[debug],turtlebot4,simulation,robot-pose,x=-40.39;y=25.23;yaw=0.33
190.333333254,[debug],turtlebot4,simulation,robot-pose,x=-40.39;y=25.23;yaw=0.33
190.349999905,[debug],turtlebot5,simulation,robot-pose,x=-32.90;y=33.97;yaw=-3.09
190.349999905,[debug],turtlebot5,simulation,robot-pose,x=-32.90;y=33.97;yaw=-3.09
191.25,[info],nurse,sync,wait-message,(status=message-received)
191.25,[info],nurse,sync,wait-message,(status=message-received)
204.133333445,[debug],turtlebot2,move-base-info,Hooray, the base moved arrived,(x=-37;y=18.93)
204.133333445,[debug],turtlebot2,move-base-info,Hooray, the base moved arrived,(x=-37;y=18.93)
204.200000048,[debug],turtlebot2,task-update,navigation,way-point-reached,25.0%
205.150000095,[debug],turtlebot1,simulation,robot-pose,x=-11.46;y=17.82;yaw=-1.25
205.150000095,[debug],turtlebot1,simulation,robot-pose,x=-11.46;y=17.82;yaw=-1.25
205.316666603,[debug],turtlebot2,simulation,robot-pose,x=-36.70;y=18.65;yaw=-1.62
205.316666603,[debug],turtlebot2,simulation,robot-pose,x=-36.70;y=18.65;yaw=-1.62
205.316666603,[debug],turtlebot3,simulation,robot-pose,x=-27.22;y=18.03;yaw=-1.57
205.316666603,[debug],turtlebot3,simulation,robot-pose,x=-27.22;y=18.03;yaw=-1.57
205.333333254,[debug],turtlebot4,simulation,robot-pose,x=-40.39;y=25.23;yaw=0.33
205.333333254,[debug],turtlebot4,simulation,robot-pose,x=-40.39;y=25.23;yaw=0.33
205.349999905,[debug],turtlebot5,simulation,robot-pose,x=-32.91;y=33.97;yaw=-3.09
205.349999905,[debug],turtlebot5,simulation,robot-pose,x=-32.91;y=33.97;yaw=-3.09
220.150000095,[debug],turtlebot1,simulation,robot-pose,x=-11.46;y=17.82;yaw=-1.25
220.150000095,[debug],turtlebot1,simulation,robot-pose,x=-11.46;y=17.82;yaw=-1.25
220.316666603,[debug],turtlebot3,simulation,robot-pose,x=-27.21;y=18.03;yaw=-1.57
220.316666603,[debug],turtlebot2,simulation,robot-pose,x=-36.70;y=17.70;yaw=-1.57
220.316666603,[debug],turtlebot3,simulation,robot-pose,x=-27.21;y=18.03;yaw=-1.57
220.316666603,[debug],turtlebot2,simulation,robot-pose,x=-36.70;y=17.70;yaw=-1.57
220.333333254,[debug],turtlebot4,simulation,robot-pose,x=-40.39;y=25.23;yaw=0.33
220.333333254,[debug],turtlebot4,simulation,robot-pose,x=-40.39;y=25.23;yaw=0.33
220.349999905,[debug],turtlebot5,simulation,robot-pose,x=-32.91;y=33.97;yaw=-3.08
220.349999905,[debug],turtlebot5,simulation,robot-pose,x=-32.91;y=33.97;yaw=-3.08
221.316666603,[info],turtlebot2,skill-life-cycle,navigation,(status=RUNNING, parameters=[[-37.0, 18.93, -1.5707963267948966, True], [-37.0, 16.0, 0.0, True], [-26.0, 16.0, -1.5707963267948966, True], [-26.0, 13.0, 1.57, False]])
235.150000095,[debug],turtlebot1,simulation,robot-pose,x=-11.46;y=17.82;yaw=-1.25
235.150000095,[debug],turtlebot1,simulation,robot-pose,x=-11.46;y=17.82;yaw=-1.25
235.333333254,[debug],turtlebot2,simulation,robot-pose,x=-36.87;y=16.47;yaw=-2.00
235.333333254,[debug],turtlebot2,simulation,robot-pose,x=-36.87;y=16.47;yaw=-2.00
235.333333254,[debug],turtlebot3,simulation,robot-pose,x=-27.21;y=18.03;yaw=-1.57
235.333333254,[debug],turtlebot3,simulation,robot-pose,x=-27.21;y=18.03;yaw=-1.57
235.333333254,[debug],turtlebot4,simulation,robot-pose,x=-40.39;y=25.23;yaw=0.33
235.333333254,[debug],turtlebot4,simulation,robot-pose,x=-40.39;y=25.23;yaw=0.33
235.349999905,[debug],turtlebot5,simulation,robot-pose,x=-32.91;y=33.97;yaw=-3.07
235.349999905,[debug],turtlebot5,simulation,robot-pose,x=-32.91;y=33.97;yaw=-3.07
240.599999905,[debug],turtlebot2,move-base-info,Hooray, the base moved arrived,(x=-37;y=16)
240.666666746,[debug],turtlebot2,move-base-info,Hooray, the base moved arrived,(x=-37;y=16)
240.783333302,[debug],turtlebot2,task-update,navigation,way-point-reached,50.0%
250.150000095,[debug],turtlebot1,simulation,robot-pose,x=-11.46;y=17.82;yaw=-1.25
250.150000095,[debug],turtlebot1,simulation,robot-pose,x=-11.46;y=17.82;yaw=-1.25
250.316666603,[debug],turtlebot3,simulation,robot-pose,x=-27.21;y=18.03;yaw=-1.57
250.316666603,[debug],turtlebot3,simulation,robot-pose,x=-27.21;y=18.03;yaw=-1.57
250.316666603,[debug],turtlebot2,simulation,robot-pose,x=-36.46;y=16.21;yaw=-0.93
250.316666603,[debug],turtlebot2,simulation,robot-pose,x=-36.46;y=16.21;yaw=-0.93
250.333333254,[debug],turtlebot4,simulation,robot-pose,x=-40.39;y=25.23;yaw=0.33
250.333333254,[debug],turtlebot4,simulation,robot-pose,x=-40.39;y=25.23;yaw=0.33
250.349999905,[debug],turtlebot5,simulation,robot-pose,x=-32.91;y=33.97;yaw=-3.06
250.349999905,[debug],turtlebot5,simulation,robot-pose,x=-32.91;y=33.97;yaw=-3.06
265.150000095,[debug],turtlebot1,simulation,robot-pose,x=-11.46;y=17.82;yaw=-1.25
265.150000095,[debug],turtlebot1,simulation,robot-pose,x=-11.46;y=17.82;yaw=-1.25
265.316666603,[debug],turtlebot2,simulation,robot-pose,x=-34.71;y=15.70;yaw=0.01
265.316666603,[debug],turtlebot2,simulation,robot-pose,x=-34.71;y=15.70;yaw=0.01
265.316666603,[debug],turtlebot3,simulation,robot-pose,x=-27.21;y=18.03;yaw=-1.57
265.316666603,[debug],turtlebot3,simulation,robot-pose,x=-27.21;y=18.03;yaw=-1.57
265.333333254,[debug],turtlebot4,simulation,robot-pose,x=-40.39;y=25.23;yaw=0.33
265.333333254,[debug],turtlebot4,simulation,robot-pose,x=-40.39;y=25.23;yaw=0.33
265.349999905,[debug],turtlebot5,simulation,robot-pose,x=-32.91;y=33.97;yaw=-3.06
265.349999905,[debug],turtlebot5,simulation,robot-pose,x=-32.91;y=33.97;yaw=-3.06
272.933333397,[info],turtlebot2,skill-life-cycle,navigation,(status=RUNNING, parameters=[[-37.0, 18.93, -1.5707963267948966, True], [-37.0, 16.0, 0.0, True], [-26.0, 16.0, -1.5707963267948966, True], [-26.0, 13.0, 1.57, False]])
280.150000095,[debug],turtlebot1,simulation,robot-pose,x=-11.46;y=17.82;yaw=-1.25
280.150000095,[debug],turtlebot1,simulation,robot-pose,x=-11.46;y=17.82;yaw=-1.25
280.316666603,[debug],turtlebot3,simulation,robot-pose,x=-27.21;y=18.03;yaw=-1.57
280.316666603,[debug],turtlebot3,simulation,robot-pose,x=-27.21;y=18.03;yaw=-1.57
280.316666603,[debug],turtlebot2,simulation,robot-pose,x=-31.94;y=16.04;yaw=0.31
280.316666603,[debug],turtlebot2,simulation,robot-pose,x=-31.94;y=16.04;yaw=0.31
280.333333254,[debug],turtlebot4,simulation,robot-pose,x=-40.39;y=25.23;yaw=0.33
280.333333254,[debug],turtlebot4,simulation,robot-pose,x=-40.39;y=25.23;yaw=0.33
280.349999905,[debug],turtlebot5,simulation,robot-pose,x=-32.92;y=33.98;yaw=-3.05
280.349999905,[debug],turtlebot5,simulation,robot-pose,x=-32.92;y=33.98;yaw=-3.05
295.150000095,[debug],turtlebot1,simulation,robot-pose,x=-11.46;y=17.82;yaw=-1.25
295.150000095,[debug],turtlebot1,simulation,robot-pose,x=-11.46;y=17.82;yaw=-1.25
295.316666603,[debug],turtlebot3,simulation,robot-pose,x=-27.21;y=18.03;yaw=-1.57
295.316666603,[debug],turtlebot3,simulation,robot-pose,x=-27.21;y=18.03;yaw=-1.57
295.316666603,[debug],turtlebot2,simulation,robot-pose,x=-29.41;y=16.07;yaw=0.04
295.316666603,[debug],turtlebot2,simulation,robot-pose,x=-29.41;y=16.07;yaw=0.04
295.333333254,[debug],turtlebot4,simulation,robot-pose,x=-40.39;y=25.23;yaw=0.33
295.333333254,[debug],turtlebot4,simulation,robot-pose,x=-40.39;y=25.23;yaw=0.33
295.349999905,[debug],turtlebot5,simulation,robot-pose,x=-32.92;y=33.98;yaw=-3.05
295.349999905,[debug],turtlebot5,simulation,robot-pose,x=-32.92;y=33.98;yaw=-3.05
310.150000095,[debug],turtlebot1,simulation,robot-pose,x=-11.47;y=17.82;yaw=-1.25
310.150000095,[debug],turtlebot1,simulation,robot-pose,x=-11.47;y=17.82;yaw=-1.25
310.316666603,[debug],turtlebot3,simulation,robot-pose,x=-27.21;y=18.03;yaw=-1.57
310.316666603,[debug],turtlebot3,simulation,robot-pose,x=-27.21;y=18.03;yaw=-1.57
310.316666603,[debug],turtlebot2,simulation,robot-pose,x=-26.91;y=16.08;yaw=0.22
310.316666603,[debug],turtlebot2,simulation,robot-pose,x=-26.91;y=16.08;yaw=0.22
310.333333254,[debug],turtlebot4,simulation,robot-pose,x=-40.39;y=25.23;yaw=0.33
310.333333254,[debug],turtlebot4,simulation,robot-pose,x=-40.39;y=25.23;yaw=0.33
310.349999905,[debug],turtlebot5,simulation,robot-pose,x=-32.92;y=33.98;yaw=-3.06
310.349999905,[debug],turtlebot5,simulation,robot-pose,x=-32.92;y=33.98;yaw=-3.06
318.283333302,[debug],turtlebot2,move-base-info,Hooray, the base moved arrived,(x=-26;y=16)
318.283333302,[debug],turtlebot2,move-base-info,Hooray, the base moved arrived,(x=-26;y=16)
318.383333445,[debug],turtlebot2,task-update,navigation,way-point-reached,75.0%
324.099999905,[info],turtlebot2,skill-life-cycle,navigation,(status=RUNNING, parameters=[[-37.0, 18.93, -1.5707963267948966, True], [-37.0, 16.0, 0.0, True], [-26.0, 16.0, -1.5707963267948966, True], [-26.0, 13.0, 1.57, False]])
325.150000095,[debug],turtlebot1,simulation,robot-pose,x=-11.47;y=17.82;yaw=-1.25
325.150000095,[debug],turtlebot1,simulation,robot-pose,x=-11.47;y=17.82;yaw=-1.25
325.316666603,[debug],turtlebot3,simulation,robot-pose,x=-27.21;y=18.03;yaw=-1.55
325.316666603,[debug],turtlebot2,simulation,robot-pose,x=-26.36;y=16.09;yaw=-1.20
325.316666603,[debug],turtlebot3,simulation,robot-pose,x=-27.21;y=18.03;yaw=-1.55
325.316666603,[debug],turtlebot2,simulation,robot-pose,x=-26.36;y=16.09;yaw=-1.20
325.333333254,[debug],turtlebot4,simulation,robot-pose,x=-40.39;y=25.23;yaw=0.33
325.333333254,[debug],turtlebot4,simulation,robot-pose,x=-40.39;y=25.23;yaw=0.33
325.349999905,[debug],turtlebot5,simulation,robot-pose,x=-32.92;y=33.98;yaw=-3.06
325.349999905,[debug],turtlebot5,simulation,robot-pose,x=-32.92;y=33.98;yaw=-3.06
340.150000095,[debug],turtlebot1,simulation,robot-pose,x=-11.47;y=17.82;yaw=-1.25
340.150000095,[debug],turtlebot1,simulation,robot-pose,x=-11.47;y=17.82;yaw=-1.25
340.316666603,[debug],turtlebot2,simulation,robot-pose,x=-25.87;y=14.89;yaw=-1.43
340.316666603,[debug],turtlebot3,simulation,robot-pose,x=-27.21;y=18.02;yaw=-1.54
340.316666603,[debug],turtlebot2,simulation,robot-pose,x=-25.87;y=14.89;yaw=-1.43
340.316666603,[debug],turtlebot3,simulation,robot-pose,x=-27.21;y=18.02;yaw=-1.54
340.333333254,[debug],turtlebot4,simulation,robot-pose,x=-40.39;y=25.23;yaw=0.33
340.333333254,[debug],turtlebot4,simulation,robot-pose,x=-40.39;y=25.23;yaw=0.33
340.349999905,[debug],turtlebot5,simulation,robot-pose,x=-32.93;y=33.98;yaw=-3.06
340.349999905,[debug],turtlebot5,simulation,robot-pose,x=-32.93;y=33.98;yaw=-3.06
355.150000095,[debug],turtlebot1,simulation,robot-pose,x=-11.47;y=17.82;yaw=-1.25
355.150000095,[debug],turtlebot1,simulation,robot-pose,x=-11.47;y=17.82;yaw=-1.25
355.316666603,[debug],turtlebot2,simulation,robot-pose,x=-25.83;y=13.64;yaw=-1.76
355.316666603,[debug],turtlebot2,simulation,robot-pose,x=-25.83;y=13.64;yaw=-1.76
355.316666603,[debug],turtlebot3,simulation,robot-pose,x=-27.21;y=18.01;yaw=-1.54
355.316666603,[debug],turtlebot3,simulation,robot-pose,x=-27.21;y=18.01;yaw=-1.54
355.333333254,[debug],turtlebot4,simulation,robot-pose,x=-40.39;y=25.23;yaw=0.33
355.333333254,[debug],turtlebot4,simulation,robot-pose,x=-40.39;y=25.23;yaw=0.33
355.349999905,[debug],turtlebot5,simulation,robot-pose,x=-32.93;y=33.98;yaw=-3.06
355.349999905,[debug],turtlebot5,simulation,robot-pose,x=-32.93;y=33.98;yaw=-3.06
364.650000095,[debug],turtlebot2,move-base-info,Hooray, the base moved arrived,(x=-26;y=13)
364.650000095,[debug],turtlebot2,move-base-info,Hooray, the base moved arrived,(x=-26;y=13)
364.833333254,[debug],turtlebot2,task-update,navigation,way-point-reached,100.0%
364.916666746,[debug],turtlebot2,available-skills,['send_message', 'wait_message', 'approach_person', 'approach_robot', 'authenticate_person', 'deposit', 'navigation', 'operate_drawer', 'pick_up'],
364.916666746,[info],turtlebot2,skill-life-cycle,approach_robot,(status=STARTED, parameters=['lab_arm'])
365.0,[debug],turtlebot2,task-update,approach_robot,localize-robot,(who=lab_arm)
365.116666555,[debug],turtlebot2,task-update,approach_robot,goto-robot,(who=lab_arm)
365.200000048,[debug],turtlebot2,available-skills,['send_message', 'wait_message', 'approach_person', 'approach_robot', 'authenticate_person', 'deposit', 'navigation', 'operate_drawer', 'pick_up'],
365.200000048,[info],turtlebot2,skill-life-cycle,operate_drawer,(status=STARTED, parameters=['open'])
365.266666651,[debug],turtlebot2,task-update,operate_drawer,open
366.299999952,[debug],turtlebot2,available-skills,['send_message', 'wait_message', 'approach_person', 'approach_robot', 'authenticate_person', 'deposit', 'navigation', 'operate_drawer', 'pick_up'],
366.299999952,[info],turtlebot2,skill-life-cycle,send_message,(status=STARTED, parameters=['lab_arm'])
366.383333445,[info],turtlebot2,sync,send-message,(to=lab_arm)
367.283333302,[info],lab_arm,sync,wait-message,(status=message-received)
367.283333302,[info],lab_arm,sync,wait-message,(status=message-received)
367.283333302,[info],Inventory,sync,wait-sample,(status=sample-received)
367.283333302,ENDSIM
367.283333302,[info],Inventory,sync,wait-sample,(status=sample-received)
367.283333302,ENDSIM
370.150000095,[debug],turtlebot1,simulation,robot-pose,x=-11.47;y=17.82;yaw=-1.25
370.150000095,[debug],turtlebot1,simulation,robot-pose,x=-11.47;y=17.82;yaw=-1.25
370.316666603,[debug],turtlebot3,simulation,robot-pose,x=-27.21;y=17.99;yaw=-1.54
370.316666603,[debug],turtlebot3,simulation,robot-pose,x=-27.21;y=17.99;yaw=-1.54
370.316666603,[debug],turtlebot2,simulation,robot-pose,x=-25.90;y=13.40;yaw=1.63
370.316666603,[debug],turtlebot2,simulation,robot-pose,x=-25.90;y=13.40;yaw=1.63
370.333333254,[debug],turtlebot4,simulation,robot-pose,x=-40.39;y=25.23;yaw=0.33
370.333333254,[debug],turtlebot4,simulation,robot-pose,x=-40.39;y=25.23;yaw=0.33
370.349999905,[debug],turtlebot5,simulation,robot-pose,x=-32.93;y=33.98;yaw=-3.06
370.349999905,[debug],turtlebot5,simulation,robot-pose,x=-32.93;y=33.98;yaw=-3.06
377.283333302,[info],Inventory,sync,wait-sample,(status=sample-received)
377.283333302,ENDSIM
377.283333302,[info],Inventory,sync,wait-sample,(status=sample-received)
377.283333302,ENDSIM
377.283333302,[info],lab_arm,sync,wait-message,(status=message-received)
377.283333302,[info],lab_arm,sync,wait-message,(status=message-received)
377.283333302,[info],Inventory,sync,wait-sample,(status=sample-received)
377.283333302,[info],Inventory,sync,wait-sample,(status=sample-received)
377.283333302,ENDSIM
377.283333302,ENDSIM
0.0,[debug],simulation closed,reach-target,execution-wall-clock=446.4691643714905
