0.0,0.0,[debug],logger,init,time
ROBOTS_CONFIG=[{"avg_speed": 0.15, "battery_charge": 0.15, "battery_discharge_rate": 0.0001, "id": 0, "local_plan": null, "location": "IC Room 6", "position": [-33.9, 18.93, 3.14], "skills": ["approach_person", "approach_robot", "authenticate_person", "deposit", "navigation", "pick_up"]}, {"avg_speed": 0.15, "battery_charge": 0.66, "battery_discharge_rate": 0.00014000000000000001, "id": 1, "local_plan": [["navigation", ["PC Room 3", [[-38.0, 21.5, 0.0], [-37.0, 21.5], [-37.0, 16.0], [-28.5, 16.0], [-28.5, 18.0, -1.57]]]], ["approach_person", ["nurse"]], ["authenticate_person", ["nurse"]], ["operate_drawer", ["open"]], ["send_message", ["nurse"]], ["wait_message", ["r1"]], ["operate_drawer", ["close"]], ["navigation", ["Laboratory", [[-28.5, 18.0, -1.57], [-28.5, 16.0], [-26.0, 16.0], [-26.0, 13.0, 1.57]]]], ["approach_robot", ["lab_arm"]], ["operate_drawer", ["open"]], ["send_message", ["lab_arm"]], ["wait_message", ["r1"]], ["operate_drawer", ["close"]]], "location": "PC Room 4", "position": [-27.23, 18.0, -1.57], "skills": ["approach_person", "approach_robot", "authenticate_person", "deposit", "navigation", "operate_drawer", "pick_up"]}, {"avg_speed": 0.15, "battery_charge": 0.14, "battery_discharge_rate": 0.00011, "id": 2, "local_plan": null, "location": "IC Room 3", "position": [-40.23, 25.37, 0.0], "skills": ["approach_person", "approach_robot", "authenticate_person", "deposit", "navigation", "operate_drawer", "pick_up"]}, {"avg_speed": 0.15, "battery_charge": 0.54, "battery_discharge_rate": 0.00017, "id": 3, "local_plan": null, "location": "PC Room 5", "position": [-21.0, 18.0, -1.57], "skills": ["approach_person", "approach_robot", "authenticate_person", "deposit", "navigation", "pick_up"]}, {"avg_speed": 0.15, "battery_charge": 0.6, "battery_discharge_rate": 0.00018, "id": 4, "local_plan": null, "location": "IC Room 2", "position": [-38.0, 21.5, 0.0], "skills": ["approach_person", "approach_robot", "authenticate_person", "deposit", "navigation", "operate_drawer", "pick_up"]}]
NURSES_CONFIG=[{"location": "PC Room 3", "position": [-29.5, 19.0, -1.57]}]
logger,1626110174476871728,Simulation open
0.0,[debug],logger,init,subcribing to in the topic /log
1.98333334923,[debug],turtlebot2,move-base-info,Move_base is up and ok....,
2.29999995232,[debug],turtlebot3,move-base-info,Move_base is up and ok....,
2.29999995232,[debug],turtlebot1,move-base-info,Move_base is up and ok....,
2.29999995232,[debug],turtlebot5,move-base-info,Move_base is up and ok....,
2.3833334446,[debug],turtlebot4,move-base-info,Move_base is up and ok....,
12.2833333015,[info],turtlebot4,skill-life-cycle,init_robobt,(status=RUNNING, parameters=[])
12.2833333015,[info],turtlebot5,skill-life-cycle,init_robobt,(status=RUNNING, parameters=[])
12.2833333015,[info],turtlebot3,skill-life-cycle,init_robobt,(status=RUNNING, parameters=[])
13.1333334446,[debug],turtlebot2,available-skills,['send_message', 'wait_message', 'approach_person', 'approach_robot', 'authenticate_person', 'deposit', 'navigation', 'operate_drawer', 'pick_up'],
13.1333334446,[info],turtlebot2,skill-life-cycle,navigation,(status=STARTED, parameters=[[-37.0, 21.5, -1.5707963267948966, True], [-37.0, 16.0, 0.0, True], [-28.5, 16.0, 1.5707963267948966, True], [-28.5, 18.0, -1.57, False]])
23.5999999046,[debug],turtlebot1,simulation,robot-pose,x=-33.83;y=18.78;yaw=2.80
23.5999999046,[debug],turtlebot1,simulation,robot-pose,x=-33.83;y=18.78;yaw=2.80
23.8833334446,[debug],turtlebot2,simulation,robot-pose,x=-27.16;y=17.50;yaw=-1.49
23.8833334446,[debug],turtlebot2,simulation,robot-pose,x=-27.16;y=17.50;yaw=-1.49
23.9000000954,[debug],turtlebot3,simulation,robot-pose,x=-40.39;y=25.23;yaw=0.34
23.9000000954,[debug],turtlebot3,simulation,robot-pose,x=-40.39;y=25.23;yaw=0.34
23.9333333969,[debug],turtlebot4,simulation,robot-pose,x=-20.99;y=18.00;yaw=-1.54
23.9333333969,[debug],turtlebot4,simulation,robot-pose,x=-20.99;y=18.00;yaw=-1.54
23.9500000477,[debug],turtlebot5,simulation,robot-pose,x=-38.00;y=21.48;yaw=0.01
23.9500000477,[debug],turtlebot5,simulation,robot-pose,x=-38.00;y=21.48;yaw=0.01
38.5999999046,[debug],turtlebot1,simulation,robot-pose,x=-33.84;y=18.78;yaw=2.82
38.5999999046,[debug],turtlebot1,simulation,robot-pose,x=-33.84;y=18.78;yaw=2.82
38.8833334446,[debug],turtlebot2,simulation,robot-pose,x=-28.12;y=16.64;yaw=2.86
38.8833334446,[debug],turtlebot2,simulation,robot-pose,x=-28.12;y=16.64;yaw=2.86
38.9000000954,[debug],turtlebot3,simulation,robot-pose,x=-40.39;y=25.23;yaw=0.33
38.9000000954,[debug],turtlebot3,simulation,robot-pose,x=-40.39;y=25.23;yaw=0.33
38.9333333969,[debug],turtlebot4,simulation,robot-pose,x=-20.99;y=18.00;yaw=-1.54
38.9333333969,[debug],turtlebot4,simulation,robot-pose,x=-20.99;y=18.00;yaw=-1.54
38.9500000477,[debug],turtlebot5,simulation,robot-pose,x=-38.00;y=21.48;yaw=0.01
38.9500000477,[debug],turtlebot5,simulation,robot-pose,x=-38.00;y=21.48;yaw=0.01
53.5999999046,[debug],turtlebot1,simulation,robot-pose,x=-33.85;y=18.78;yaw=2.84
53.5999999046,[debug],turtlebot1,simulation,robot-pose,x=-33.85;y=18.78;yaw=2.84
53.8833334446,[debug],turtlebot2,simulation,robot-pose,x=-28.96;y=16.80;yaw=-2.10
53.8833334446,[debug],turtlebot2,simulation,robot-pose,x=-28.96;y=16.80;yaw=-2.10
53.9000000954,[debug],turtlebot3,simulation,robot-pose,x=-40.39;y=25.23;yaw=0.33
53.9000000954,[debug],turtlebot3,simulation,robot-pose,x=-40.39;y=25.23;yaw=0.33
53.9333333969,[debug],turtlebot4,simulation,robot-pose,x=-20.99;y=18.00;yaw=-1.54
53.9333333969,[debug],turtlebot4,simulation,robot-pose,x=-20.99;y=18.00;yaw=-1.54
53.9500000477,[debug],turtlebot5,simulation,robot-pose,x=-38.00;y=21.48;yaw=0.01
53.9500000477,[debug],turtlebot5,simulation,robot-pose,x=-38.00;y=21.48;yaw=0.01
57.25,[info],turtlebot2,skill-life-cycle,navigation,(status=RUNNING, parameters=[[-37.0, 21.5, -1.5707963267948966, True], [-37.0, 16.0, 0.0, True], [-28.5, 16.0, 1.5707963267948966, True], [-28.5, 18.0, -1.57, False]])
68.5999999046,[debug],turtlebot1,simulation,robot-pose,x=-33.85;y=18.78;yaw=2.85
68.5999999046,[debug],turtlebot1,simulation,robot-pose,x=-33.85;y=18.78;yaw=2.85
68.8833334446,[debug],turtlebot2,simulation,robot-pose,x=-29.23;y=16.36;yaw=-2.26
68.8833334446,[debug],turtlebot2,simulation,robot-pose,x=-29.23;y=16.36;yaw=-2.26
68.9000000954,[debug],turtlebot3,simulation,robot-pose,x=-40.39;y=25.23;yaw=0.33
68.9000000954,[debug],turtlebot3,simulation,robot-pose,x=-40.39;y=25.23;yaw=0.33
68.9333333969,[debug],turtlebot4,simulation,robot-pose,x=-20.99;y=18.00;yaw=-1.54
68.9333333969,[debug],turtlebot4,simulation,robot-pose,x=-20.99;y=18.00;yaw=-1.54
68.9500000477,[debug],turtlebot5,simulation,robot-pose,x=-38.00;y=21.48;yaw=0.01
68.9500000477,[debug],turtlebot5,simulation,robot-pose,x=-38.00;y=21.48;yaw=0.01
83.5999999046,[debug],turtlebot1,simulation,robot-pose,x=-33.85;y=18.78;yaw=2.87
83.5999999046,[debug],turtlebot1,simulation,robot-pose,x=-33.85;y=18.78;yaw=2.87
83.8833334446,[debug],turtlebot2,simulation,robot-pose,x=-29.27;y=16.31;yaw=-2.20
83.8833334446,[debug],turtlebot2,simulation,robot-pose,x=-29.27;y=16.31;yaw=-2.20
83.9000000954,[debug],turtlebot3,simulation,robot-pose,x=-40.39;y=25.23;yaw=0.33
83.9000000954,[debug],turtlebot3,simulation,robot-pose,x=-40.39;y=25.23;yaw=0.33
83.9333333969,[debug],turtlebot4,simulation,robot-pose,x=-20.99;y=18.00;yaw=-1.54
83.9333333969,[debug],turtlebot4,simulation,robot-pose,x=-20.99;y=18.00;yaw=-1.54
83.9500000477,[debug],turtlebot5,simulation,robot-pose,x=-38.00;y=21.48;yaw=0.01
83.9500000477,[debug],turtlebot5,simulation,robot-pose,x=-38.00;y=21.48;yaw=0.01
98.5999999046,[debug],turtlebot1,simulation,robot-pose,x=-33.85;y=18.78;yaw=2.89
98.5999999046,[debug],turtlebot1,simulation,robot-pose,x=-33.85;y=18.78;yaw=2.89
98.8833334446,[debug],turtlebot2,simulation,robot-pose,x=-31.38;y=16.13;yaw=-2.99
98.8833334446,[debug],turtlebot2,simulation,robot-pose,x=-31.38;y=16.13;yaw=-2.99
98.9000000954,[debug],turtlebot3,simulation,robot-pose,x=-40.39;y=25.23;yaw=0.33
98.9000000954,[debug],turtlebot3,simulation,robot-pose,x=-40.39;y=25.23;yaw=0.33
98.9333333969,[debug],turtlebot4,simulation,robot-pose,x=-20.99;y=18.00;yaw=-1.54
98.9333333969,[debug],turtlebot4,simulation,robot-pose,x=-20.99;y=18.00;yaw=-1.54
98.9500000477,[debug],turtlebot5,simulation,robot-pose,x=-38.00;y=21.48;yaw=0.01
98.9500000477,[debug],turtlebot5,simulation,robot-pose,x=-38.00;y=21.48;yaw=0.01
106.683333397,[info],turtlebot2,skill-life-cycle,navigation,(status=RUNNING, parameters=[[-37.0, 21.5, -1.5707963267948966, True], [-37.0, 16.0, 0.0, True], [-28.5, 16.0, 1.5707963267948966, True], [-28.5, 18.0, -1.57, False]])
113.599999905,[debug],turtlebot1,simulation,robot-pose,x=-33.86;y=18.79;yaw=2.91
113.599999905,[debug],turtlebot1,simulation,robot-pose,x=-33.86;y=18.79;yaw=2.91
113.883333445,[debug],turtlebot2,simulation,robot-pose,x=-33.35;y=15.68;yaw=3.14
113.883333445,[debug],turtlebot2,simulation,robot-pose,x=-33.35;y=15.68;yaw=3.14
113.900000095,[debug],turtlebot3,simulation,robot-pose,x=-40.39;y=25.23;yaw=0.33
113.900000095,[debug],turtlebot3,simulation,robot-pose,x=-40.39;y=25.23;yaw=0.33
113.933333397,[debug],turtlebot4,simulation,robot-pose,x=-20.99;y=18.00;yaw=-1.54
113.933333397,[debug],turtlebot4,simulation,robot-pose,x=-20.99;y=18.00;yaw=-1.54
113.950000048,[debug],turtlebot5,simulation,robot-pose,x=-38.00;y=21.48;yaw=0.01
113.950000048,[debug],turtlebot5,simulation,robot-pose,x=-38.00;y=21.48;yaw=0.01
128.599999905,[debug],turtlebot1,simulation,robot-pose,x=-33.86;y=18.79;yaw=2.93
128.599999905,[debug],turtlebot1,simulation,robot-pose,x=-33.86;y=18.79;yaw=2.93
128.883333445,[debug],turtlebot2,simulation,robot-pose,x=-35.51;y=16.59;yaw=2.44
128.883333445,[debug],turtlebot2,simulation,robot-pose,x=-35.51;y=16.59;yaw=2.44
128.900000095,[debug],turtlebot3,simulation,robot-pose,x=-40.39;y=25.23;yaw=0.33
128.900000095,[debug],turtlebot3,simulation,robot-pose,x=-40.39;y=25.23;yaw=0.33
128.933333397,[debug],turtlebot4,simulation,robot-pose,x=-21.00;y=18.00;yaw=-1.54
128.933333397,[debug],turtlebot4,simulation,robot-pose,x=-21.00;y=18.00;yaw=-1.54
128.950000048,[debug],turtlebot5,simulation,robot-pose,x=-38.00;y=21.48;yaw=0.01
128.950000048,[debug],turtlebot5,simulation,robot-pose,x=-38.00;y=21.48;yaw=0.01
143.599999905,[debug],turtlebot1,simulation,robot-pose,x=-33.87;y=18.79;yaw=2.96
143.599999905,[debug],turtlebot1,simulation,robot-pose,x=-33.87;y=18.79;yaw=2.96
143.883333445,[debug],turtlebot2,simulation,robot-pose,x=-36.78;y=20.65;yaw=1.79
143.883333445,[debug],turtlebot2,simulation,robot-pose,x=-36.78;y=20.65;yaw=1.79
143.900000095,[debug],turtlebot3,simulation,robot-pose,x=-40.39;y=25.23;yaw=0.33
143.900000095,[debug],turtlebot3,simulation,robot-pose,x=-40.39;y=25.23;yaw=0.33
143.933333397,[debug],turtlebot4,simulation,robot-pose,x=-21.00;y=18.00;yaw=-1.54
143.933333397,[debug],turtlebot4,simulation,robot-pose,x=-21.00;y=18.00;yaw=-1.54
143.950000048,[debug],turtlebot5,simulation,robot-pose,x=-38.00;y=21.48;yaw=0.01
143.950000048,[debug],turtlebot5,simulation,robot-pose,x=-38.00;y=21.48;yaw=0.01
153.316666603,[debug],turtlebot2,move-base-info,Hooray, the base moved arrived,(x=-37;y=21.5)
153.316666603,[debug],turtlebot2,move-base-info,Hooray, the base moved arrived,(x=-37;y=21.5)
153.366666555,[debug],turtlebot2,task-update,navigation,way-point-reached,25.0%
157.099999905,[info],turtlebot2,skill-life-cycle,navigation,(status=RUNNING, parameters=[[-37.0, 21.5, -1.5707963267948966, True], [-37.0, 16.0, 0.0, True], [-28.5, 16.0, 1.5707963267948966, True], [-28.5, 18.0, -1.57, False]])
158.599999905,[debug],turtlebot1,simulation,robot-pose,x=-33.87;y=18.79;yaw=2.98
158.599999905,[debug],turtlebot1,simulation,robot-pose,x=-33.87;y=18.79;yaw=2.98
158.883333445,[debug],turtlebot2,simulation,robot-pose,x=-36.87;y=21.03;yaw=-1.49
158.883333445,[debug],turtlebot2,simulation,robot-pose,x=-36.87;y=21.03;yaw=-1.49
158.900000095,[debug],turtlebot3,simulation,robot-pose,x=-40.39;y=25.23;yaw=0.33
158.900000095,[debug],turtlebot3,simulation,robot-pose,x=-40.39;y=25.23;yaw=0.33
158.933333397,[debug],turtlebot4,simulation,robot-pose,x=-21.00;y=18.00;yaw=-1.54
158.933333397,[debug],turtlebot4,simulation,robot-pose,x=-21.00;y=18.00;yaw=-1.54
158.950000048,[debug],turtlebot5,simulation,robot-pose,x=-38.00;y=21.48;yaw=0.01
158.950000048,[debug],turtlebot5,simulation,robot-pose,x=-38.00;y=21.48;yaw=0.01
173.599999905,[debug],turtlebot1,simulation,robot-pose,x=-33.88;y=18.79;yaw=3.00
173.599999905,[debug],turtlebot1,simulation,robot-pose,x=-33.88;y=18.79;yaw=3.00
173.883333445,[debug],turtlebot2,simulation,robot-pose,x=-36.71;y=19.79;yaw=-1.52
173.883333445,[debug],turtlebot2,simulation,robot-pose,x=-36.71;y=19.79;yaw=-1.52
173.900000095,[debug],turtlebot3,simulation,robot-pose,x=-40.39;y=25.23;yaw=0.33
173.900000095,[debug],turtlebot3,simulation,robot-pose,x=-40.39;y=25.23;yaw=0.33
173.933333397,[debug],turtlebot4,simulation,robot-pose,x=-21.00;y=18.00;yaw=-1.54
173.933333397,[debug],turtlebot4,simulation,robot-pose,x=-21.00;y=18.00;yaw=-1.54
173.950000048,[debug],turtlebot5,simulation,robot-pose,x=-38.00;y=21.48;yaw=0.01
173.950000048,[debug],turtlebot5,simulation,robot-pose,x=-38.00;y=21.48;yaw=0.01
188.599999905,[debug],turtlebot1,simulation,robot-pose,x=-33.88;y=18.79;yaw=3.00
188.599999905,[debug],turtlebot1,simulation,robot-pose,x=-33.88;y=18.79;yaw=3.00
188.883333445,[debug],turtlebot2,simulation,robot-pose,x=-36.69;y=18.54;yaw=-1.57
188.883333445,[debug],turtlebot2,simulation,robot-pose,x=-36.69;y=18.54;yaw=-1.57
188.900000095,[debug],turtlebot3,simulation,robot-pose,x=-40.39;y=25.23;yaw=0.33
188.900000095,[debug],turtlebot3,simulation,robot-pose,x=-40.39;y=25.23;yaw=0.33
188.933333397,[debug],turtlebot4,simulation,robot-pose,x=-21.00;y=18.00;yaw=-1.54
188.933333397,[debug],turtlebot4,simulation,robot-pose,x=-21.00;y=18.00;yaw=-1.54
188.950000048,[debug],turtlebot5,simulation,robot-pose,x=-38.00;y=21.48;yaw=0.01
188.950000048,[debug],turtlebot5,simulation,robot-pose,x=-38.00;y=21.48;yaw=0.01
203.599999905,[debug],turtlebot1,simulation,robot-pose,x=-33.88;y=18.79;yaw=3.01
203.599999905,[debug],turtlebot1,simulation,robot-pose,x=-33.88;y=18.79;yaw=3.01
203.883333445,[debug],turtlebot2,simulation,robot-pose,x=-36.69;y=17.29;yaw=-1.62
203.883333445,[debug],turtlebot2,simulation,robot-pose,x=-36.69;y=17.29;yaw=-1.62
203.900000095,[debug],turtlebot3,simulation,robot-pose,x=-40.39;y=25.23;yaw=0.33
203.900000095,[debug],turtlebot3,simulation,robot-pose,x=-40.39;y=25.23;yaw=0.33
203.933333397,[debug],turtlebot4,simulation,robot-pose,x=-21.01;y=18.00;yaw=-1.54
203.933333397,[debug],turtlebot4,simulation,robot-pose,x=-21.01;y=18.00;yaw=-1.54
203.950000048,[debug],turtlebot5,simulation,robot-pose,x=-38.02;y=21.48;yaw=0.03
203.950000048,[debug],turtlebot5,simulation,robot-pose,x=-38.02;y=21.48;yaw=0.03
206.483333349,[info],turtlebot2,skill-life-cycle,navigation,(status=RUNNING, parameters=[[-37.0, 21.5, -1.5707963267948966, True], [-37.0, 16.0, 0.0, True], [-28.5, 16.0, 1.5707963267948966, True], [-28.5, 18.0, -1.57, False]])
218.599999905,[debug],turtlebot1,simulation,robot-pose,x=-33.88;y=18.79;yaw=3.01
218.599999905,[debug],turtlebot1,simulation,robot-pose,x=-33.88;y=18.79;yaw=3.01
218.883333445,[debug],turtlebot2,simulation,robot-pose,x=-36.87;y=16.42;yaw=-0.08
218.883333445,[debug],turtlebot2,simulation,robot-pose,x=-36.87;y=16.42;yaw=-0.08
218.900000095,[debug],turtlebot3,simulation,robot-pose,x=-40.39;y=25.23;yaw=0.33
218.900000095,[debug],turtlebot3,simulation,robot-pose,x=-40.39;y=25.23;yaw=0.33
218.933333397,[debug],turtlebot4,simulation,robot-pose,x=-21.01;y=18.00;yaw=-1.54
218.933333397,[debug],turtlebot4,simulation,robot-pose,x=-21.01;y=18.00;yaw=-1.54
218.950000048,[debug],turtlebot5,simulation,robot-pose,x=-38.02;y=21.48;yaw=0.03
218.950000048,[debug],turtlebot5,simulation,robot-pose,x=-38.02;y=21.48;yaw=0.03
219.25,[debug],turtlebot2,move-base-info,Hooray, the base moved arrived,(x=-37;y=16)
219.266666651,[debug],turtlebot2,move-base-info,Hooray, the base moved arrived,(x=-37;y=16)
219.366666555,[debug],turtlebot2,task-update,navigation,way-point-reached,50.0%
233.599999905,[debug],turtlebot1,simulation,robot-pose,x=-33.88;y=18.79;yaw=3.01
233.599999905,[debug],turtlebot1,simulation,robot-pose,x=-33.88;y=18.79;yaw=3.01
233.883333445,[debug],turtlebot2,simulation,robot-pose,x=-36.17;y=15.81;yaw=-0.90
233.883333445,[debug],turtlebot2,simulation,robot-pose,x=-36.17;y=15.81;yaw=-0.90
233.900000095,[debug],turtlebot3,simulation,robot-pose,x=-40.39;y=25.23;yaw=0.33
233.900000095,[debug],turtlebot3,simulation,robot-pose,x=-40.39;y=25.23;yaw=0.33
233.933333397,[debug],turtlebot4,simulation,robot-pose,x=-21.01;y=18.00;yaw=-1.54
233.933333397,[debug],turtlebot4,simulation,robot-pose,x=-21.01;y=18.00;yaw=-1.54
233.950000048,[debug],turtlebot5,simulation,robot-pose,x=-38.03;y=21.49;yaw=0.03
233.950000048,[debug],turtlebot5,simulation,robot-pose,x=-38.03;y=21.49;yaw=0.03
248.599999905,[debug],turtlebot1,simulation,robot-pose,x=-33.88;y=18.79;yaw=3.01
248.599999905,[debug],turtlebot1,simulation,robot-pose,x=-33.88;y=18.79;yaw=3.01
248.883333445,[debug],turtlebot2,simulation,robot-pose,x=-33.92;y=15.67;yaw=-0.11
248.883333445,[debug],turtlebot2,simulation,robot-pose,x=-33.92;y=15.67;yaw=-0.11
248.900000095,[debug],turtlebot3,simulation,robot-pose,x=-40.39;y=25.23;yaw=0.33
248.900000095,[debug],turtlebot3,simulation,robot-pose,x=-40.39;y=25.23;yaw=0.33
248.933333397,[debug],turtlebot4,simulation,robot-pose,x=-21.02;y=18.00;yaw=-1.54
248.933333397,[debug],turtlebot4,simulation,robot-pose,x=-21.02;y=18.00;yaw=-1.54
248.950000048,[debug],turtlebot5,simulation,robot-pose,x=-38.04;y=21.49;yaw=0.03
248.950000048,[debug],turtlebot5,simulation,robot-pose,x=-38.04;y=21.49;yaw=0.03
256.633333445,[info],turtlebot2,skill-life-cycle,navigation,(status=RUNNING, parameters=[[-37.0, 21.5, -1.5707963267948966, True], [-37.0, 16.0, 0.0, True], [-28.5, 16.0, 1.5707963267948966, True], [-28.5, 18.0, -1.57, False]])
263.599999905,[debug],turtlebot1,simulation,robot-pose,x=-33.88;y=18.79;yaw=3.01
263.599999905,[debug],turtlebot1,simulation,robot-pose,x=-33.88;y=18.79;yaw=3.01
263.883333445,[debug],turtlebot2,simulation,robot-pose,x=-31.13;y=16.06;yaw=-0.24
263.883333445,[debug],turtlebot2,simulation,robot-pose,x=-31.13;y=16.06;yaw=-0.24
263.900000095,[debug],turtlebot3,simulation,robot-pose,x=-40.39;y=25.23;yaw=0.33
263.900000095,[debug],turtlebot3,simulation,robot-pose,x=-40.39;y=25.23;yaw=0.33
263.933333397,[debug],turtlebot4,simulation,robot-pose,x=-21.02;y=18.00;yaw=-1.54
263.933333397,[debug],turtlebot4,simulation,robot-pose,x=-21.02;y=18.00;yaw=-1.54
263.950000048,[debug],turtlebot5,simulation,robot-pose,x=-38.05;y=21.50;yaw=0.03
263.950000048,[debug],turtlebot5,simulation,robot-pose,x=-38.05;y=21.50;yaw=0.03
278.599999905,[debug],turtlebot1,simulation,robot-pose,x=-33.88;y=18.79;yaw=3.01
278.599999905,[debug],turtlebot1,simulation,robot-pose,x=-33.88;y=18.79;yaw=3.01
278.883333445,[debug],turtlebot2,simulation,robot-pose,x=-28.88;y=16.27;yaw=0.91
278.883333445,[debug],turtlebot2,simulation,robot-pose,x=-28.88;y=16.27;yaw=0.91
278.900000095,[debug],turtlebot3,simulation,robot-pose,x=-40.39;y=25.23;yaw=0.33
278.900000095,[debug],turtlebot3,simulation,robot-pose,x=-40.39;y=25.23;yaw=0.33
278.933333397,[debug],turtlebot4,simulation,robot-pose,x=-21.03;y=18.00;yaw=-1.54
278.933333397,[debug],turtlebot4,simulation,robot-pose,x=-21.03;y=18.00;yaw=-1.54
278.950000048,[debug],turtlebot5,simulation,robot-pose,x=-38.08;y=21.50;yaw=0.03
278.950000048,[debug],turtlebot5,simulation,robot-pose,x=-38.08;y=21.50;yaw=0.03
281.150000095,[debug],turtlebot2,move-base-info,Hooray, the base moved arrived,(x=-28.5;y=16)
281.283333302,[debug],turtlebot2,move-base-info,Hooray, the base moved arrived,(x=-28.5;y=16)
281.466666698,[debug],turtlebot2,task-update,navigation,way-point-reached,75.0%
293.599999905,[debug],turtlebot1,simulation,robot-pose,x=-33.88;y=18.79;yaw=3.01
293.599999905,[debug],turtlebot1,simulation,robot-pose,x=-33.88;y=18.79;yaw=3.01
293.883333445,[debug],turtlebot2,simulation,robot-pose,x=-28.67;y=17.58;yaw=-0.12
293.883333445,[debug],turtlebot2,simulation,robot-pose,x=-28.67;y=17.58;yaw=-0.12
293.900000095,[debug],turtlebot3,simulation,robot-pose,x=-40.39;y=25.23;yaw=0.33
293.900000095,[debug],turtlebot3,simulation,robot-pose,x=-40.39;y=25.23;yaw=0.33
293.933333397,[debug],turtlebot4,simulation,robot-pose,x=-21.03;y=18.00;yaw=-1.54
293.933333397,[debug],turtlebot4,simulation,robot-pose,x=-21.03;y=18.00;yaw=-1.54
293.950000048,[debug],turtlebot5,simulation,robot-pose,x=-38.11;y=21.50;yaw=0.03
293.950000048,[debug],turtlebot5,simulation,robot-pose,x=-38.11;y=21.50;yaw=0.03
297.900000095,[debug],turtlebot2,move-base-info,Hooray, the base moved arrived,(x=-28.5;y=18)
297.900000095,[debug],turtlebot2,move-base-info,Hooray, the base moved arrived,(x=-28.5;y=18)
298.099999905,[debug],turtlebot2,task-update,navigation,way-point-reached,100.0%
298.183333397,[debug],turtlebot2,available-skills,['send_message', 'wait_message', 'approach_person', 'approach_robot', 'authenticate_person', 'deposit', 'navigation', 'operate_drawer', 'pick_up'],
298.183333397,[info],turtlebot2,skill-life-cycle,approach_person,(status=STARTED, parameters=['nurse'])
298.233333349,[debug],turtlebot2,task-update,approach_person,localize-person,(who=nurse)
298.316666603,[debug],turtlebot2,task-update,approach_person,goto-person,(who=nurse)
298.416666746,[debug],turtlebot2,available-skills,['send_message', 'wait_message', 'approach_person', 'approach_robot', 'authenticate_person', 'deposit', 'navigation', 'operate_drawer', 'pick_up'],
298.416666746,[info],turtlebot2,skill-life-cycle,authenticate_person,(status=STARTED, parameters=['nurse'])
298.483333349,[debug],turtlebot2,task-update,authenticate_person,request-authentication,(to=nurse)
298.5,[info],nurse,sync,received-request,(status=sending-request)
298.5,[info],nurse,sync,received-request,(status=sending-request)
298.950000048,[debug],turtlebot2,task-update,authenticate_person,received-authentication,(from=nurse)
299.049999952,[debug],turtlebot2,available-skills,['send_message', 'wait_message', 'approach_person', 'approach_robot', 'authenticate_person', 'deposit', 'navigation', 'operate_drawer', 'pick_up'],
299.049999952,[info],turtlebot2,skill-life-cycle,operate_drawer,(status=STARTED, parameters=['open'])
299.166666746,[debug],turtlebot2,task-update,operate_drawer,open
300.133333445,[debug],turtlebot2,available-skills,['send_message', 'wait_message', 'approach_person', 'approach_robot', 'authenticate_person', 'deposit', 'navigation', 'operate_drawer', 'pick_up'],
300.150000095,[info],turtlebot2,skill-life-cycle,send_message,(status=STARTED, parameters=['nurse'])
300.200000048,[info],turtlebot2,sync,send-message,(to=nurse)
301.083333254,[info],nurse,sync,wait-message,(status=message-received)
301.083333254,[info],nurse,sync,wait-message,(status=message-received)
303.716666698,[debug],turtlebot2,available-skills,['send_message', 'wait_message', 'approach_person', 'approach_robot', 'authenticate_person', 'deposit', 'navigation', 'operate_drawer', 'pick_up'],
303.716666698,[info],turtlebot2,skill-life-cycle,wait_message,(status=STARTED, parameters=['r1'])
305.099999905,[info],turtlebot2,sync,wait-message,(status=message-received)
305.183333397,[debug],turtlebot2,available-skills,['send_message', 'wait_message', 'approach_person', 'approach_robot', 'authenticate_person', 'deposit', 'navigation', 'operate_drawer', 'pick_up'],
305.183333397,[info],turtlebot2,skill-life-cycle,operate_drawer,(status=STARTED, parameters=['close'])
305.233333349,[debug],turtlebot2,task-update,operate_drawer,close
306.200000048,[debug],turtlebot2,available-skills,['send_message', 'wait_message', 'approach_person', 'approach_robot', 'authenticate_person', 'deposit', 'navigation', 'operate_drawer', 'pick_up'],
306.200000048,[info],turtlebot2,skill-life-cycle,navigation,(status=STARTED, parameters=[[-28.5, 16.0, 0.0, True], [-26.0, 16.0, -1.5707963267948966, True], [-26.0, 13.0, 1.57, False]])
308.483333349,[info],turtlebot2,skill-life-cycle,navigation,(status=RUNNING, parameters=[[-28.5, 16.0, 0.0, True], [-26.0, 16.0, -1.5707963267948966, True], [-26.0, 13.0, 1.57, False]])
308.599999905,[debug],turtlebot1,simulation,robot-pose,x=-33.88;y=18.79;yaw=3.01
308.599999905,[debug],turtlebot1,simulation,robot-pose,x=-33.88;y=18.79;yaw=3.01
308.883333445,[debug],turtlebot2,simulation,robot-pose,x=-28.63;y=17.61;yaw=-1.53
308.883333445,[debug],turtlebot2,simulation,robot-pose,x=-28.63;y=17.61;yaw=-1.53
308.900000095,[debug],turtlebot3,simulation,robot-pose,x=-40.39;y=25.23;yaw=0.33
308.900000095,[debug],turtlebot3,simulation,robot-pose,x=-40.39;y=25.23;yaw=0.33
308.933333397,[debug],turtlebot4,simulation,robot-pose,x=-21.03;y=18.00;yaw=-1.54
308.933333397,[debug],turtlebot4,simulation,robot-pose,x=-21.03;y=18.00;yaw=-1.54
308.950000048,[debug],turtlebot5,simulation,robot-pose,x=-38.13;y=21.50;yaw=0.03
308.950000048,[debug],turtlebot5,simulation,robot-pose,x=-38.13;y=21.50;yaw=0.03
311.083333254,[info],nurse,sync,wait-message,(status=message-received)
311.083333254,[info],nurse,sync,wait-message,(status=message-received)
318.483333349,[info],nurse,sync,request-sent,(status=waiting)
318.483333349,[info],nurse,sync,request-sent,(status=waiting)
321.083333254,[info],nurse,sync,wait-message,(status=message-received)
321.083333254,[info],nurse,sync,wait-message,(status=message-received)
323.599999905,[debug],turtlebot1,simulation,robot-pose,x=-33.88;y=18.79;yaw=3.01
323.599999905,[debug],turtlebot1,simulation,robot-pose,x=-33.88;y=18.79;yaw=3.01
323.883333445,[debug],turtlebot2,simulation,robot-pose,x=-28.61;y=16.53;yaw=-1.45
323.883333445,[debug],turtlebot2,simulation,robot-pose,x=-28.61;y=16.53;yaw=-1.45
323.900000095,[debug],turtlebot3,simulation,robot-pose,x=-40.39;y=25.23;yaw=0.33
323.900000095,[debug],turtlebot3,simulation,robot-pose,x=-40.39;y=25.23;yaw=0.33
323.933333397,[debug],turtlebot4,simulation,robot-pose,x=-21.03;y=18.00;yaw=-1.54
323.933333397,[debug],turtlebot4,simulation,robot-pose,x=-21.03;y=18.00;yaw=-1.54
323.950000048,[debug],turtlebot5,simulation,robot-pose,x=-38.15;y=21.50;yaw=0.04
323.950000048,[debug],turtlebot5,simulation,robot-pose,x=-38.15;y=21.50;yaw=0.04
328.166666746,[debug],turtlebot2,move-base-info,Hooray, the base moved arrived,(x=-28.5;y=16)
328.283333302,[debug],turtlebot2,move-base-info,Hooray, the base moved arrived,(x=-28.5;y=16)
328.383333445,[debug],turtlebot2,task-update,navigation,way-point-reached,33.33333333333333%
331.083333254,[info],nurse,sync,wait-message,(status=message-received)
331.083333254,[info],nurse,sync,wait-message,(status=message-received)
338.599999905,[debug],turtlebot1,simulation,robot-pose,x=-33.88;y=18.79;yaw=3.01
338.599999905,[debug],turtlebot1,simulation,robot-pose,x=-33.88;y=18.79;yaw=3.01
338.883333445,[debug],turtlebot2,simulation,robot-pose,x=-27.98;y=16.19;yaw=-0.48
338.883333445,[debug],turtlebot2,simulation,robot-pose,x=-27.98;y=16.19;yaw=-0.48
338.900000095,[debug],turtlebot3,simulation,robot-pose,x=-40.39;y=25.23;yaw=0.33
338.900000095,[debug],turtlebot3,simulation,robot-pose,x=-40.39;y=25.23;yaw=0.33
338.933333397,[debug],turtlebot4,simulation,robot-pose,x=-21.03;y=18.00;yaw=-1.54
338.933333397,[debug],turtlebot4,simulation,robot-pose,x=-21.03;y=18.00;yaw=-1.54
338.950000048,[debug],turtlebot5,simulation,robot-pose,x=-38.15;y=21.51;yaw=0.05
338.950000048,[debug],turtlebot5,simulation,robot-pose,x=-38.15;y=21.51;yaw=0.05
353.599999905,[debug],turtlebot1,simulation,robot-pose,x=-33.88;y=18.79;yaw=3.01
353.599999905,[debug],turtlebot1,simulation,robot-pose,x=-33.88;y=18.79;yaw=3.01
353.883333445,[debug],turtlebot2,simulation,robot-pose,x=-26.38;y=16.31;yaw=-1.24
353.883333445,[debug],turtlebot2,simulation,robot-pose,x=-26.38;y=16.31;yaw=-1.24
353.900000095,[debug],turtlebot3,simulation,robot-pose,x=-40.39;y=25.23;yaw=0.33
353.900000095,[debug],turtlebot3,simulation,robot-pose,x=-40.39;y=25.23;yaw=0.33
353.933333397,[debug],turtlebot4,simulation,robot-pose,x=-21.03;y=18.00;yaw=-1.54
353.933333397,[debug],turtlebot4,simulation,robot-pose,x=-21.03;y=18.00;yaw=-1.54
353.950000048,[debug],turtlebot5,simulation,robot-pose,x=-38.15;y=21.51;yaw=0.05
353.950000048,[debug],turtlebot5,simulation,robot-pose,x=-38.15;y=21.51;yaw=0.05
355.233333349,[debug],turtlebot2,move-base-info,Hooray, the base moved arrived,(x=-26;y=16)
355.283333302,[debug],turtlebot2,move-base-info,Hooray, the base moved arrived,(x=-26;y=16)
355.450000048,[debug],turtlebot2,task-update,navigation,way-point-reached,66.66666666666666%
358.599999905,[info],turtlebot2,skill-life-cycle,navigation,(status=RUNNING, parameters=[[-28.5, 16.0, 0.0, True], [-26.0, 16.0, -1.5707963267948966, True], [-26.0, 13.0, 1.57, False]])
368.599999905,[debug],turtlebot1,simulation,robot-pose,x=-33.88;y=18.79;yaw=3.01
368.599999905,[debug],turtlebot1,simulation,robot-pose,x=-33.88;y=18.79;yaw=3.01
368.883333445,[debug],turtlebot2,simulation,robot-pose,x=-26.09;y=15.60;yaw=-1.17
368.883333445,[debug],turtlebot2,simulation,robot-pose,x=-26.09;y=15.60;yaw=-1.17
368.900000095,[debug],turtlebot3,simulation,robot-pose,x=-40.39;y=25.23;yaw=0.33
368.900000095,[debug],turtlebot3,simulation,robot-pose,x=-40.39;y=25.23;yaw=0.33
368.933333397,[debug],turtlebot4,simulation,robot-pose,x=-21.03;y=18.00;yaw=-1.54
368.933333397,[debug],turtlebot4,simulation,robot-pose,x=-21.03;y=18.00;yaw=-1.54
368.950000048,[debug],turtlebot5,simulation,robot-pose,x=-38.15;y=21.51;yaw=0.08
368.950000048,[debug],turtlebot5,simulation,robot-pose,x=-38.15;y=21.51;yaw=0.08
383.599999905,[debug],turtlebot1,simulation,robot-pose,x=-33.88;y=18.79;yaw=3.01
383.599999905,[debug],turtlebot1,simulation,robot-pose,x=-33.88;y=18.79;yaw=3.01
383.883333445,[debug],turtlebot2,simulation,robot-pose,x=-25.81;y=14.37;yaw=-1.61
383.883333445,[debug],turtlebot2,simulation,robot-pose,x=-25.81;y=14.37;yaw=-1.61
383.900000095,[debug],turtlebot3,simulation,robot-pose,x=-40.39;y=25.23;yaw=0.33
383.900000095,[debug],turtlebot3,simulation,robot-pose,x=-40.39;y=25.23;yaw=0.33
383.933333397,[debug],turtlebot4,simulation,robot-pose,x=-21.03;y=18.00;yaw=-1.54
383.933333397,[debug],turtlebot4,simulation,robot-pose,x=-21.03;y=18.00;yaw=-1.54
383.950000048,[debug],turtlebot5,simulation,robot-pose,x=-38.15;y=21.51;yaw=0.11
383.950000048,[debug],turtlebot5,simulation,robot-pose,x=-38.15;y=21.51;yaw=0.11
398.599999905,[debug],turtlebot1,simulation,robot-pose,x=-33.88;y=18.79;yaw=3.01
398.599999905,[debug],turtlebot1,simulation,robot-pose,x=-33.88;y=18.79;yaw=3.01
398.883333445,[debug],turtlebot2,simulation,robot-pose,x=-25.92;y=13.43;yaw=2.59
398.883333445,[debug],turtlebot2,simulation,robot-pose,x=-25.92;y=13.43;yaw=2.59
398.900000095,[debug],turtlebot3,simulation,robot-pose,x=-40.39;y=25.23;yaw=0.33
398.900000095,[debug],turtlebot3,simulation,robot-pose,x=-40.39;y=25.23;yaw=0.33
398.933333397,[debug],turtlebot4,simulation,robot-pose,x=-21.03;y=18.00;yaw=-1.54
398.933333397,[debug],turtlebot4,simulation,robot-pose,x=-21.03;y=18.00;yaw=-1.54
398.950000048,[debug],turtlebot5,simulation,robot-pose,x=-38.15;y=21.52;yaw=0.14
398.950000048,[debug],turtlebot5,simulation,robot-pose,x=-38.15;y=21.52;yaw=0.14
402.0,[debug],turtlebot2,move-base-info,Hooray, the base moved arrived,(x=-26;y=13)
402.0,[debug],turtlebot2,move-base-info,Hooray, the base moved arrived,(x=-26;y=13)
402.166666746,[debug],turtlebot2,task-update,navigation,way-point-reached,100.0%
402.233333349,[debug],turtlebot2,available-skills,['send_message', 'wait_message', 'approach_person', 'approach_robot', 'authenticate_person', 'deposit', 'navigation', 'operate_drawer', 'pick_up'],
402.233333349,[info],turtlebot2,skill-life-cycle,approach_robot,(status=STARTED, parameters=['lab_arm'])
402.299999952,[debug],turtlebot2,task-update,approach_robot,localize-robot,(who=lab_arm)
403.383333445,[debug],turtlebot2,task-update,approach_robot,goto-robot,(who=lab_arm)
403.483333349,[debug],turtlebot2,available-skills,['send_message', 'wait_message', 'approach_person', 'approach_robot', 'authenticate_person', 'deposit', 'navigation', 'operate_drawer', 'pick_up'],
403.483333349,[info],turtlebot2,skill-life-cycle,operate_drawer,(status=STARTED, parameters=['open'])
403.533333302,[debug],turtlebot2,task-update,operate_drawer,open
405.133333445,[debug],turtlebot2,available-skills,['send_message', 'wait_message', 'approach_person', 'approach_robot', 'authenticate_person', 'deposit', 'navigation', 'operate_drawer', 'pick_up'],
405.133333445,[info],turtlebot2,skill-life-cycle,send_message,(status=STARTED, parameters=['lab_arm'])
405.200000048,[info],turtlebot2,sync,send-message,(to=lab_arm)
406.099999905,[info],lab_arm,sync,wait-message,(status=message-received)
406.099999905,[info],Inventory,sync,wait-sample,(status=sample-received)
406.099999905,[info],lab_arm,sync,wait-message,(status=message-received)
406.099999905,ENDSIM
406.099999905,[info],Inventory,sync,wait-sample,(status=sample-received)
406.099999905,ENDSIM
413.599999905,[debug],turtlebot1,simulation,robot-pose,x=-33.88;y=18.79;yaw=3.01
413.599999905,[debug],turtlebot1,simulation,robot-pose,x=-33.88;y=18.79;yaw=3.01
413.883333445,[debug],turtlebot2,simulation,robot-pose,x=-25.95;y=13.41;yaw=1.63
413.883333445,[debug],turtlebot2,simulation,robot-pose,x=-25.95;y=13.41;yaw=1.63
413.900000095,[debug],turtlebot3,simulation,robot-pose,x=-40.39;y=25.23;yaw=0.33
413.900000095,[debug],turtlebot3,simulation,robot-pose,x=-40.39;y=25.23;yaw=0.33
413.933333397,[debug],turtlebot4,simulation,robot-pose,x=-21.03;y=18.00;yaw=-1.54
413.933333397,[debug],turtlebot4,simulation,robot-pose,x=-21.03;y=18.00;yaw=-1.54
413.950000048,[debug],turtlebot5,simulation,robot-pose,x=-38.16;y=21.52;yaw=0.16
413.950000048,[debug],turtlebot5,simulation,robot-pose,x=-38.16;y=21.52;yaw=0.16
416.099999905,[info],Inventory,sync,wait-sample,(status=sample-received)
416.099999905,[info],Inventory,sync,wait-sample,(status=sample-received)
416.099999905,ENDSIM
416.099999905,ENDSIM
416.099999905,[info],lab_arm,sync,wait-message,(status=message-received)
416.099999905,[info],Inventory,sync,wait-sample,(status=sample-received)
416.099999905,[info],lab_arm,sync,wait-message,(status=message-received)
416.099999905,ENDSIM
416.099999905,[info],Inventory,sync,wait-sample,(status=sample-received)
416.099999905,ENDSIM
0.0,[debug],simulation closed,reach-target,execution-wall-clock=512.5404336452484
