0.766666650772,[debug],turtlebot5,move-base-info,Move_base is up and ok....,
1.5,[debug],turtlebot2,move-base-info,Move_base is up and ok....,
1.51666665077,[debug],turtlebot4,move-base-info,Move_base is up and ok....,
1.53333330154,[debug],turtlebot3,move-base-info,Move_base is up and ok....,
1.76666665077,[debug],turtlebot1,move-base-info,Move_base is up and ok....,
9.81666660309,[info],turtlebot1,skill-life-cycle,init_robobt,(status=RUNNING, parameters=[])
9.83333325386,[info],turtlebot2,skill-life-cycle,init_robobt,(status=RUNNING, parameters=[])
10.0833332539,[info],turtlebot3,skill-life-cycle,init_robobt,(status=RUNNING, parameters=[])
10.0833332539,[info],turtlebot4,skill-life-cycle,init_robobt,(status=RUNNING, parameters=[])
15.2666666508,[debug],turtlebot3,available-skills,['send_message', 'wait_message', 'approach_person', 'approach_robot', 'authenticate_person', 'deposit', 'navigation', 'pick_up'],
15.2666666508,[info],turtlebot3,skill-life-cycle,navigation,(status=STARTED, parameters=[[-37.0, 25.37, -1.5707963267948966, True], [-37.0, 21.5, 3.141592653589793, True], [-38.0, 21.5, 0.0, False]])
23.9500000477,[debug],turtlebot1,simulation,robot-pose,x=-13.50;y=18.00;yaw=-1.50
23.9500000477,[debug],turtlebot1,simulation,robot-pose,x=-13.50;y=18.00;yaw=-1.50
24.0999999046,[debug],turtlebot2,simulation,robot-pose,x=-39.51;y=33.84;yaw=0.46
24.0999999046,[debug],turtlebot2,simulation,robot-pose,x=-39.51;y=33.84;yaw=0.46
24.1166667938,[debug],turtlebot3,simulation,robot-pose,x=-40.19;y=25.14;yaw=-0.94
24.1166667938,[debug],turtlebot3,simulation,robot-pose,x=-40.19;y=25.14;yaw=-0.94
24.1166667938,[debug],turtlebot5,simulation,robot-pose,x=-20.99;y=18.00;yaw=-1.54
24.1166667938,[debug],turtlebot5,simulation,robot-pose,x=-20.99;y=18.00;yaw=-1.54
24.1166667938,[debug],turtlebot4,simulation,robot-pose,x=-32.89;y=33.97;yaw=-3.10
24.1166667938,[debug],turtlebot4,simulation,robot-pose,x=-32.89;y=33.97;yaw=-3.10
38.9500000477,[debug],turtlebot1,simulation,robot-pose,x=-13.49;y=18.00;yaw=-1.49
38.9500000477,[debug],turtlebot1,simulation,robot-pose,x=-13.49;y=18.00;yaw=-1.49
39.0999999046,[debug],turtlebot2,simulation,robot-pose,x=-39.51;y=33.84;yaw=0.46
39.0999999046,[debug],turtlebot2,simulation,robot-pose,x=-39.51;y=33.84;yaw=0.46
39.1166667938,[debug],turtlebot4,simulation,robot-pose,x=-32.89;y=33.97;yaw=-3.10
39.1166667938,[debug],turtlebot4,simulation,robot-pose,x=-32.89;y=33.97;yaw=-3.10
39.1166667938,[debug],turtlebot3,simulation,robot-pose,x=-39.27;y=23.86;yaw=-0.82
39.1166667938,[debug],turtlebot3,simulation,robot-pose,x=-39.27;y=23.86;yaw=-0.82
39.1166667938,[debug],turtlebot5,simulation,robot-pose,x=-20.99;y=18.00;yaw=-1.54
39.1166667938,[debug],turtlebot5,simulation,robot-pose,x=-20.99;y=18.00;yaw=-1.54
53.9500000477,[debug],turtlebot1,simulation,robot-pose,x=-13.49;y=18.00;yaw=-1.48
53.9500000477,[debug],turtlebot1,simulation,robot-pose,x=-13.49;y=18.00;yaw=-1.48
54.0999999046,[debug],turtlebot2,simulation,robot-pose,x=-39.51;y=33.84;yaw=0.46
54.1166667938,[debug],turtlebot2,simulation,robot-pose,x=-39.51;y=33.84;yaw=0.46
54.1166667938,[debug],turtlebot5,simulation,robot-pose,x=-20.99;y=18.00;yaw=-1.54
54.1166667938,[debug],turtlebot5,simulation,robot-pose,x=-20.99;y=18.00;yaw=-1.54
54.1166667938,[debug],turtlebot3,simulation,robot-pose,x=-38.15;y=23.06;yaw=-0.18
54.1166667938,[debug],turtlebot4,simulation,robot-pose,x=-32.89;y=33.97;yaw=-3.10
54.1166667938,[debug],turtlebot3,simulation,robot-pose,x=-38.15;y=23.06;yaw=-0.18
54.1166667938,[debug],turtlebot4,simulation,robot-pose,x=-32.89;y=33.97;yaw=-3.10
60.9000000954,[info],turtlebot3,skill-life-cycle,navigation,(status=RUNNING, parameters=[[-37.0, 25.37, -1.5707963267948966, True], [-37.0, 21.5, 3.141592653589793, True], [-38.0, 21.5, 0.0, False]])
68.9500000477,[debug],turtlebot1,simulation,robot-pose,x=-13.49;y=18.00;yaw=-1.47
68.9500000477,[debug],turtlebot1,simulation,robot-pose,x=-13.49;y=18.00;yaw=-1.47
69.0999999046,[debug],turtlebot2,simulation,robot-pose,x=-39.51;y=33.84;yaw=0.46
69.0999999046,[debug],turtlebot2,simulation,robot-pose,x=-39.51;y=33.84;yaw=0.46
69.1166667938,[debug],turtlebot5,simulation,robot-pose,x=-20.99;y=18.00;yaw=-1.54
69.1166667938,[debug],turtlebot5,simulation,robot-pose,x=-20.99;y=18.00;yaw=-1.54
69.1166667938,[debug],turtlebot4,simulation,robot-pose,x=-32.89;y=33.97;yaw=-3.10
69.1166667938,[debug],turtlebot4,simulation,robot-pose,x=-32.89;y=33.97;yaw=-3.10
69.1166667938,[debug],turtlebot3,simulation,robot-pose,x=-37.10;y=23.87;yaw=1.04
69.1166667938,[debug],turtlebot3,simulation,robot-pose,x=-37.10;y=23.87;yaw=1.04
83.8166666031,[debug],turtlebot3,move-base-info,Hooray, the base moved arrived,(x=-37;y=25.37)
83.8166666031,[debug],turtlebot3,move-base-info,Hooray, the base moved arrived,(x=-37;y=25.37)
83.8833334446,[debug],turtlebot3,task-update,navigation,way-point-reached,33.33333333333333%
83.9500000477,[debug],turtlebot1,simulation,robot-pose,x=-13.49;y=17.99;yaw=-1.45
83.9500000477,[debug],turtlebot1,simulation,robot-pose,x=-13.49;y=17.99;yaw=-1.45
84.0999999046,[debug],turtlebot2,simulation,robot-pose,x=-39.51;y=33.84;yaw=0.46
84.0999999046,[debug],turtlebot2,simulation,robot-pose,x=-39.51;y=33.84;yaw=0.46
84.1166667938,[debug],turtlebot4,simulation,robot-pose,x=-32.90;y=33.97;yaw=-3.10
84.1166667938,[debug],turtlebot4,simulation,robot-pose,x=-32.90;y=33.97;yaw=-3.10
84.1166667938,[debug],turtlebot5,simulation,robot-pose,x=-20.99;y=18.00;yaw=-1.54
84.1166667938,[debug],turtlebot3,simulation,robot-pose,x=-37.17;y=24.97;yaw=-1.62
84.1166667938,[debug],turtlebot5,simulation,robot-pose,x=-20.99;y=18.00;yaw=-1.54
84.1166667938,[debug],turtlebot3,simulation,robot-pose,x=-37.17;y=24.97;yaw=-1.62
98.9500000477,[debug],turtlebot1,simulation,robot-pose,x=-13.49;y=17.99;yaw=-1.43
98.9500000477,[debug],turtlebot1,simulation,robot-pose,x=-13.49;y=17.99;yaw=-1.43
99.0999999046,[debug],turtlebot2,simulation,robot-pose,x=-39.51;y=33.84;yaw=0.46
99.0999999046,[debug],turtlebot2,simulation,robot-pose,x=-39.51;y=33.84;yaw=0.46
99.1166667938,[debug],turtlebot5,simulation,robot-pose,x=-20.99;y=18.00;yaw=-1.54
99.1166667938,[debug],turtlebot4,simulation,robot-pose,x=-32.90;y=33.97;yaw=-3.10
99.1166667938,[debug],turtlebot5,simulation,robot-pose,x=-20.99;y=18.00;yaw=-1.54
99.1166667938,[debug],turtlebot4,simulation,robot-pose,x=-32.90;y=33.97;yaw=-3.10
99.1166667938,[debug],turtlebot3,simulation,robot-pose,x=-37.00;y=23.43;yaw=-1.70
99.1166667938,[debug],turtlebot3,simulation,robot-pose,x=-37.00;y=23.43;yaw=-1.70
111.966666698,[debug],turtlebot3,move-base-info,Hooray, the base moved arrived,(x=-37;y=21.5)
111.966666698,[debug],turtlebot3,move-base-info,Hooray, the base moved arrived,(x=-37;y=21.5)
112.083333254,[debug],turtlebot3,task-update,navigation,way-point-reached,66.66666666666666%
112.900000095,[info],turtlebot3,skill-life-cycle,navigation,(status=RUNNING, parameters=[[-37.0, 25.37, -1.5707963267948966, True], [-37.0, 21.5, 3.141592653589793, True], [-38.0, 21.5, 0.0, False]])
113.950000048,[debug],turtlebot1,simulation,robot-pose,x=-13.49;y=17.99;yaw=-1.42
113.950000048,[debug],turtlebot1,simulation,robot-pose,x=-13.49;y=17.99;yaw=-1.42
114.099999905,[debug],turtlebot2,simulation,robot-pose,x=-39.51;y=33.84;yaw=0.46
114.099999905,[debug],turtlebot2,simulation,robot-pose,x=-39.51;y=33.84;yaw=0.46
114.116666794,[debug],turtlebot4,simulation,robot-pose,x=-32.90;y=33.97;yaw=-3.09
114.116666794,[debug],turtlebot4,simulation,robot-pose,x=-32.90;y=33.97;yaw=-3.09
114.116666794,[debug],turtlebot5,simulation,robot-pose,x=-20.99;y=18.00;yaw=-1.54
114.116666794,[debug],turtlebot5,simulation,robot-pose,x=-20.99;y=18.00;yaw=-1.54
114.116666794,[debug],turtlebot3,simulation,robot-pose,x=-37.34;y=21.77;yaw=-3.10
114.116666794,[debug],turtlebot3,simulation,robot-pose,x=-37.34;y=21.77;yaw=-3.10
126.033333302,[debug],turtlebot3,move-base-info,Hooray, the base moved arrived,(x=-38;y=21.5)
126.033333302,[debug],turtlebot3,move-base-info,Hooray, the base moved arrived,(x=-38;y=21.5)
126.200000048,[debug],turtlebot3,task-update,navigation,way-point-reached,100.0%
126.299999952,[debug],turtlebot3,available-skills,['send_message', 'wait_message', 'approach_person', 'approach_robot', 'authenticate_person', 'deposit', 'navigation', 'pick_up'],
126.299999952,[info],turtlebot3,skill-life-cycle,approach_person,(status=STARTED, parameters=['nurse'])
126.383333445,[debug],turtlebot3,task-update,approach_person,localize-person,(who=nurse)
126.799999952,[debug],turtlebot3,task-update,approach_person,goto-person,(who=nurse)
126.883333445,[debug],turtlebot3,available-skills,['send_message', 'wait_message', 'approach_person', 'approach_robot', 'authenticate_person', 'deposit', 'navigation', 'pick_up'],
126.883333445,[info],turtlebot3,skill-life-cycle,authenticate_person,(status=STARTED, parameters=['nurse'])
126.950000048,[debug],turtlebot3,task-update,authenticate_person,request-authentication,(to=nurse)
126.950000048,[info],nurse,sync,received-request,(status=sending-request)
126.966666698,[info],nurse,sync,received-request,(status=sending-request)
127.483333349,[debug],turtlebot3,task-update,authenticate_person,received-authentication,(from=nurse)
127.583333254,[debug],turtlebot3,available-skills,['send_message', 'wait_message', 'approach_person', 'approach_robot', 'authenticate_person', 'deposit', 'navigation', 'pick_up'],
127.583333254,[info],turtlebot3,skill-life-cycle,fail,(status=STARTED, parameters=['operate_drawer', 'open'])
128.950000048,[debug],turtlebot1,simulation,robot-pose,x=-13.49;y=17.98;yaw=-1.40
128.950000048,[debug],turtlebot1,simulation,robot-pose,x=-13.49;y=17.98;yaw=-1.40
129.099999905,[debug],turtlebot2,simulation,robot-pose,x=-39.51;y=33.84;yaw=0.46
129.099999905,[debug],turtlebot2,simulation,robot-pose,x=-39.51;y=33.84;yaw=0.46
129.116666794,[debug],turtlebot4,simulation,robot-pose,x=-32.90;y=33.97;yaw=-3.09
129.116666794,[debug],turtlebot3,simulation,robot-pose,x=-37.65;y=21.73;yaw=-0.05
129.116666794,[debug],turtlebot4,simulation,robot-pose,x=-32.90;y=33.97;yaw=-3.09
129.116666794,[debug],turtlebot5,simulation,robot-pose,x=-21.00;y=18.00;yaw=-1.54
129.116666794,[debug],turtlebot3,simulation,robot-pose,x=-37.65;y=21.73;yaw=-0.05
129.116666794,[debug],turtlebot5,simulation,robot-pose,x=-21.00;y=18.00;yaw=-1.54
129.5,[info],turtlebot3,skill-life-cycle,fail,(status=Status.FAILURE, parameters=['operate_drawer', 'open'])
129.5,FAILURE
129.583333254,[info],turtlebot3,skill-life-cycle,fail,(status=Status.FAILURE, parameters=['operate_drawer', 'open'])
129.583333254,FAILURE
129.683333397,[info],turtlebot3,skill-life-cycle,fail,(status=Status.FAILURE, parameters=['operate_drawer', 'open'])
129.683333397,FAILURE
129.766666651,[info],turtlebot3,skill-life-cycle,fail,(status=Status.FAILURE, parameters=['operate_drawer', 'open'])
129.766666651,FAILURE
129.866666794,[info],turtlebot3,skill-life-cycle,fail,(status=Status.FAILURE, parameters=['operate_drawer', 'open'])
129.866666794,FAILURE
129.966666698,[info],turtlebot3,skill-life-cycle,fail,(status=Status.FAILURE, parameters=['operate_drawer', 'open'])
129.966666698,FAILURE
130.033333302,[info],turtlebot3,skill-life-cycle,fail,(status=Status.FAILURE, parameters=['operate_drawer', 'open'])
130.033333302,FAILURE
130.116666794,[info],turtlebot3,skill-life-cycle,fail,(status=Status.FAILURE, parameters=['operate_drawer', 'open'])
130.116666794,FAILURE
130.183333397,[info],turtlebot3,skill-life-cycle,fail,(status=Status.FAILURE, parameters=['operate_drawer', 'open'])
130.183333397,FAILURE
130.266666651,[info],turtlebot3,skill-life-cycle,fail,(status=Status.FAILURE, parameters=['operate_drawer', 'open'])
130.266666651,FAILURE
130.349999905,[info],turtlebot3,skill-life-cycle,fail,(status=Status.FAILURE, parameters=['operate_drawer', 'open'])
130.349999905,FAILURE
130.400000095,[info],turtlebot3,skill-life-cycle,fail,(status=Status.FAILURE, parameters=['operate_drawer', 'open'])
130.400000095,FAILURE
130.483333349,[info],turtlebot3,skill-life-cycle,fail,(status=Status.FAILURE, parameters=['operate_drawer', 'open'])
130.483333349,FAILURE
130.549999952,[info],turtlebot3,skill-life-cycle,fail,(status=Status.FAILURE, parameters=['operate_drawer', 'open'])
130.549999952,FAILURE
0.0,[debug],simulation closed,failure-bt,execution-wall-clock=169.16665625572205
