6.04999995232,[debug],turtlebot4,move-base-info,Move_base is up and ok....,
6.08333349228,[debug],turtlebot2,move-base-info,Move_base is up and ok....,
14.4166667461,[info],turtlebot5,skill-life-cycle,init_robobt,(status=RUNNING, parameters=[])
14.7000000477,[info],turtlebot4,skill-life-cycle,init_robobt,(status=RUNNING, parameters=[])
14.7166666985,[info],turtlebot2,skill-life-cycle,init_robobt,(status=RUNNING, parameters=[])
14.8500001431,[info],turtlebot3,skill-life-cycle,init_robobt,(status=RUNNING, parameters=[])
19.8333334923,[debug],turtlebot2,available-skills,['send_message', 'wait_message', 'approach_person', 'approach_robot', 'authenticate_person', 'deposit', 'navigation', 'operate_drawer', 'pick_up'],
19.8333334923,[info],turtlebot2,skill-life-cycle,navigation,(status=STARTED, parameters=[[-28.5, 16.0, 3.141592653589793, True], [-37.0, 16.0, 1.5707963267948966, True], [-37.0, 18.93, 0.0, True], [-33.9, 18.93, 3.14, False]])
26.1833333969,[debug],turtlebot1,simulation,robot-pose,x=-11.46;y=17.82;yaw=-1.25
26.1833333969,[debug],turtlebot1,simulation,robot-pose,x=-11.46;y=17.82;yaw=-1.25
26.5,[debug],turtlebot2,simulation,robot-pose,x=-28.58;y=17.74;yaw=-1.24
26.5,[debug],turtlebot3,simulation,robot-pose,x=-27.23;y=18.02;yaw=-1.59
26.5166666508,[debug],turtlebot5,simulation,robot-pose,x=-32.89;y=33.97;yaw=-3.10
26.5166666508,[debug],turtlebot4,simulation,robot-pose,x=-40.39;y=25.23;yaw=0.34
26.5833334923,[debug],turtlebot2,simulation,robot-pose,x=-28.58;y=17.74;yaw=-1.24
26.5833334923,[debug],turtlebot3,simulation,robot-pose,x=-27.23;y=18.02;yaw=-1.59
26.5833334923,[debug],turtlebot5,simulation,robot-pose,x=-32.89;y=33.97;yaw=-3.10
26.5833334923,[debug],turtlebot4,simulation,robot-pose,x=-40.39;y=25.23;yaw=0.34
41.1833333969,[debug],turtlebot1,simulation,robot-pose,x=-11.46;y=17.82;yaw=-1.25
41.1833333969,[debug],turtlebot1,simulation,robot-pose,x=-11.46;y=17.82;yaw=-1.25
41.5,[debug],turtlebot2,simulation,robot-pose,x=-28.55;y=16.50;yaw=-1.42
41.5,[debug],turtlebot3,simulation,robot-pose,x=-27.22;y=18.03;yaw=-1.59
41.5166666508,[debug],turtlebot4,simulation,robot-pose,x=-40.39;y=25.23;yaw=0.33
41.5166666508,[debug],turtlebot5,simulation,robot-pose,x=-32.89;y=33.97;yaw=-3.10
41.5833334923,[debug],turtlebot2,simulation,robot-pose,x=-28.55;y=16.50;yaw=-1.42
41.5833334923,[debug],turtlebot3,simulation,robot-pose,x=-27.22;y=18.03;yaw=-1.59
41.5833334923,[debug],turtlebot4,simulation,robot-pose,x=-40.39;y=25.23;yaw=0.33
41.5833334923,[debug],turtlebot5,simulation,robot-pose,x=-32.89;y=33.97;yaw=-3.10
46.1833333969,[debug],turtlebot2,move-base-info,Hooray, the base moved arrived,(x=-28.5;y=16)
46.1833333969,[debug],turtlebot2,move-base-info,Hooray, the base moved arrived,(x=-28.5;y=16)
46.2000000477,[debug],turtlebot2,task-update,navigation,way-point-reached,25.0%
56.1833333969,[debug],turtlebot1,simulation,robot-pose,x=-11.46;y=17.82;yaw=-1.25
56.1833333969,[debug],turtlebot1,simulation,robot-pose,x=-11.46;y=17.82;yaw=-1.25
56.5,[debug],turtlebot3,simulation,robot-pose,x=-27.22;y=18.03;yaw=-1.58
56.5,[debug],turtlebot2,simulation,robot-pose,x=-29.08;y=16.21;yaw=-2.59
56.5166666508,[debug],turtlebot5,simulation,robot-pose,x=-32.89;y=33.97;yaw=-3.10
56.5166666508,[debug],turtlebot4,simulation,robot-pose,x=-40.39;y=25.23;yaw=0.33
56.5666668415,[debug],turtlebot3,simulation,robot-pose,x=-27.22;y=18.03;yaw=-1.58
56.5666668415,[debug],turtlebot2,simulation,robot-pose,x=-29.08;y=16.21;yaw=-2.59
56.5833334923,[debug],turtlebot5,simulation,robot-pose,x=-32.89;y=33.97;yaw=-3.10
56.5833334923,[debug],turtlebot4,simulation,robot-pose,x=-40.39;y=25.23;yaw=0.33
67.1833333969,[info],turtlebot2,skill-life-cycle,navigation,(status=RUNNING, parameters=[[-28.5, 16.0, 3.141592653589793, True], [-37.0, 16.0, 1.5707963267948966, True], [-37.0, 18.93, 0.0, True], [-33.9, 18.93, 3.14, False]])
71.1833333969,[debug],turtlebot1,simulation,robot-pose,x=-11.46;y=17.82;yaw=-1.25
71.1833333969,[debug],turtlebot1,simulation,robot-pose,x=-11.46;y=17.82;yaw=-1.25
71.5,[debug],turtlebot2,simulation,robot-pose,x=-31.39;y=16.06;yaw=-3.01
71.5,[debug],turtlebot3,simulation,robot-pose,x=-27.22;y=18.03;yaw=-1.58
71.5166666508,[debug],turtlebot5,simulation,robot-pose,x=-32.89;y=33.97;yaw=-3.10
71.5166666508,[debug],turtlebot4,simulation,robot-pose,x=-40.39;y=25.23;yaw=0.33
71.6166667938,[debug],turtlebot2,simulation,robot-pose,x=-31.39;y=16.06;yaw=-3.01
71.6166667938,[debug],turtlebot3,simulation,robot-pose,x=-27.22;y=18.03;yaw=-1.58
71.6166667938,[debug],turtlebot5,simulation,robot-pose,x=-32.89;y=33.97;yaw=-3.10
71.6166667938,[debug],turtlebot4,simulation,robot-pose,x=-40.39;y=25.23;yaw=0.33
86.1833333969,[debug],turtlebot1,simulation,robot-pose,x=-11.46;y=17.82;yaw=-1.25
86.1833333969,[debug],turtlebot1,simulation,robot-pose,x=-11.46;y=17.82;yaw=-1.25
86.5,[debug],turtlebot2,simulation,robot-pose,x=-33.53;y=15.74;yaw=2.95
86.5,[debug],turtlebot3,simulation,robot-pose,x=-27.22;y=18.03;yaw=-1.58
86.5166666508,[debug],turtlebot4,simulation,robot-pose,x=-40.39;y=25.23;yaw=0.33
86.5166666508,[debug],turtlebot5,simulation,robot-pose,x=-32.90;y=33.97;yaw=-3.10
86.6166667938,[debug],turtlebot2,simulation,robot-pose,x=-33.53;y=15.74;yaw=2.95
86.6166667938,[debug],turtlebot3,simulation,robot-pose,x=-27.22;y=18.03;yaw=-1.58
86.6166667938,[debug],turtlebot4,simulation,robot-pose,x=-40.39;y=25.23;yaw=0.33
86.6166667938,[debug],turtlebot5,simulation,robot-pose,x=-32.90;y=33.97;yaw=-3.10
101.183333397,[debug],turtlebot1,simulation,robot-pose,x=-11.46;y=17.82;yaw=-1.25
101.183333397,[debug],turtlebot1,simulation,robot-pose,x=-11.46;y=17.82;yaw=-1.25
101.5,[debug],turtlebot3,simulation,robot-pose,x=-27.22;y=18.03;yaw=-1.58
101.5,[debug],turtlebot2,simulation,robot-pose,x=-36.42;y=16.30;yaw=3.13
101.516666651,[debug],turtlebot5,simulation,robot-pose,x=-32.90;y=33.97;yaw=-3.10
101.516666651,[debug],turtlebot4,simulation,robot-pose,x=-40.39;y=25.23;yaw=0.33
101.616666794,[debug],turtlebot3,simulation,robot-pose,x=-27.22;y=18.03;yaw=-1.58
101.616666794,[debug],turtlebot2,simulation,robot-pose,x=-36.42;y=16.30;yaw=3.13
101.616666794,[debug],turtlebot5,simulation,robot-pose,x=-32.90;y=33.97;yaw=-3.10
101.616666794,[debug],turtlebot4,simulation,robot-pose,x=-40.39;y=25.23;yaw=0.33
107.483333349,[debug],turtlebot2,move-base-info,Hooray, the base moved arrived,(x=-37;y=16)
107.583333492,[debug],turtlebot2,move-base-info,Hooray, the base moved arrived,(x=-37;y=16)
107.716666698,[debug],turtlebot2,task-update,navigation,way-point-reached,50.0%
116.183333397,[debug],turtlebot1,simulation,robot-pose,x=-11.46;y=17.82;yaw=-1.25
116.183333397,[debug],turtlebot1,simulation,robot-pose,x=-11.46;y=17.82;yaw=-1.25
116.5,[debug],turtlebot3,simulation,robot-pose,x=-27.22;y=18.03;yaw=-1.58
116.5,[debug],turtlebot2,simulation,robot-pose,x=-36.83;y=18.24;yaw=1.73
116.516666651,[debug],turtlebot4,simulation,robot-pose,x=-40.39;y=25.23;yaw=0.33
116.516666651,[debug],turtlebot5,simulation,robot-pose,x=-32.90;y=33.97;yaw=-3.09
116.600000143,[debug],turtlebot3,simulation,robot-pose,x=-27.22;y=18.03;yaw=-1.58
116.600000143,[debug],turtlebot2,simulation,robot-pose,x=-36.83;y=18.24;yaw=1.73
116.600000143,[debug],turtlebot4,simulation,robot-pose,x=-40.39;y=25.23;yaw=0.33
116.600000143,[debug],turtlebot5,simulation,robot-pose,x=-32.90;y=33.97;yaw=-3.09
119.583333492,[info],turtlebot2,skill-life-cycle,navigation,(status=RUNNING, parameters=[[-28.5, 16.0, 3.141592653589793, True], [-37.0, 16.0, 1.5707963267948966, True], [-37.0, 18.93, 0.0, True], [-33.9, 18.93, 3.14, False]])
122.233333349,[debug],turtlebot2,move-base-info,Hooray, the base moved arrived,(x=-37;y=18.93)
122.233333349,[debug],turtlebot2,move-base-info,Hooray, the base moved arrived,(x=-37;y=18.93)
122.416666746,[debug],turtlebot2,task-update,navigation,way-point-reached,75.0%
131.183333397,[debug],turtlebot1,simulation,robot-pose,x=-11.46;y=17.82;yaw=-1.25
131.183333397,[debug],turtlebot1,simulation,robot-pose,x=-11.46;y=17.82;yaw=-1.25
131.5,[debug],turtlebot2,simulation,robot-pose,x=-36.41;y=18.35;yaw=-0.61
131.5,[debug],turtlebot3,simulation,robot-pose,x=-27.22;y=18.03;yaw=-1.58
131.516666651,[debug],turtlebot4,simulation,robot-pose,x=-40.39;y=25.23;yaw=0.33
131.516666651,[debug],turtlebot5,simulation,robot-pose,x=-32.90;y=33.97;yaw=-3.09
131.600000143,[debug],turtlebot2,simulation,robot-pose,x=-36.41;y=18.35;yaw=-0.61
131.600000143,[debug],turtlebot3,simulation,robot-pose,x=-27.22;y=18.03;yaw=-1.58
131.600000143,[debug],turtlebot4,simulation,robot-pose,x=-40.39;y=25.23;yaw=0.33
131.600000143,[debug],turtlebot5,simulation,robot-pose,x=-32.90;y=33.97;yaw=-3.09
146.183333397,[debug],turtlebot1,simulation,robot-pose,x=-11.46;y=17.82;yaw=-1.25
146.183333397,[debug],turtlebot1,simulation,robot-pose,x=-11.46;y=17.82;yaw=-1.25
146.5,[debug],turtlebot3,simulation,robot-pose,x=-27.22;y=18.03;yaw=-1.57
146.5,[debug],turtlebot2,simulation,robot-pose,x=-35.43;y=17.94;yaw=-0.22
146.516666651,[debug],turtlebot5,simulation,robot-pose,x=-32.90;y=33.97;yaw=-3.09
146.516666651,[debug],turtlebot4,simulation,robot-pose,x=-40.39;y=25.23;yaw=0.33
146.600000143,[debug],turtlebot3,simulation,robot-pose,x=-27.22;y=18.03;yaw=-1.57
146.600000143,[debug],turtlebot2,simulation,robot-pose,x=-35.43;y=17.94;yaw=-0.22
146.600000143,[debug],turtlebot5,simulation,robot-pose,x=-32.90;y=33.97;yaw=-3.09
146.616666794,[debug],turtlebot4,simulation,robot-pose,x=-40.39;y=25.23;yaw=0.33
159.633333445,[debug],turtlebot2,move-base-info,Hooray, the base moved arrived,(x=-33.9;y=18.93)
159.633333445,[debug],turtlebot2,move-base-info,Hooray, the base moved arrived,(x=-33.9;y=18.93)
159.933333397,[debug],turtlebot2,task-update,navigation,way-point-reached,100.0%
160.033333302,[debug],turtlebot2,available-skills,['send_message', 'wait_message', 'approach_person', 'approach_robot', 'authenticate_person', 'deposit', 'navigation', 'operate_drawer', 'pick_up'],
160.033333302,[info],turtlebot2,skill-life-cycle,approach_person,(status=STARTED, parameters=['nurse'])
160.116666794,[debug],turtlebot2,task-update,approach_person,localize-person,(who=nurse)
160.216666698,[debug],turtlebot2,task-update,approach_person,goto-person,(who=nurse)
160.316666842,[debug],turtlebot2,available-skills,['send_message', 'wait_message', 'approach_person', 'approach_robot', 'authenticate_person', 'deposit', 'navigation', 'operate_drawer', 'pick_up'],
160.316666842,[info],turtlebot2,skill-life-cycle,authenticate_person,(status=STARTED, parameters=['nurse'])
160.383333445,[debug],turtlebot2,task-update,authenticate_person,request-authentication,(to=nurse)
160.400000095,[info],nurse,sync,received-request,(status=sending-request)
160.400000095,[info],nurse,sync,received-request,(status=sending-request)
160.816666842,[debug],turtlebot2,task-update,authenticate_person,received-authentication,(from=nurse)
160.916666746,[debug],turtlebot2,available-skills,['send_message', 'wait_message', 'approach_person', 'approach_robot', 'authenticate_person', 'deposit', 'navigation', 'operate_drawer', 'pick_up'],
160.916666746,[info],turtlebot2,skill-life-cycle,operate_drawer,(status=STARTED, parameters=['open'])
160.983333349,[debug],turtlebot2,task-update,operate_drawer,open
161.183333397,[debug],turtlebot1,simulation,robot-pose,x=-11.46;y=17.82;yaw=-1.25
161.183333397,[debug],turtlebot1,simulation,robot-pose,x=-11.46;y=17.82;yaw=-1.25
161.5,[debug],turtlebot3,simulation,robot-pose,x=-27.22;y=18.03;yaw=-1.57
161.5,[debug],turtlebot2,simulation,robot-pose,x=-34.11;y=18.57;yaw=3.10
161.516666651,[debug],turtlebot5,simulation,robot-pose,x=-32.90;y=33.97;yaw=-3.09
161.516666651,[debug],turtlebot4,simulation,robot-pose,x=-40.39;y=25.23;yaw=0.33
161.566666842,[debug],turtlebot3,simulation,robot-pose,x=-27.22;y=18.03;yaw=-1.57
161.566666842,[debug],turtlebot2,simulation,robot-pose,x=-34.11;y=18.57;yaw=3.10
161.583333492,[debug],turtlebot5,simulation,robot-pose,x=-32.90;y=33.97;yaw=-3.09
161.583333492,[debug],turtlebot4,simulation,robot-pose,x=-40.39;y=25.23;yaw=0.33
162.0,[debug],turtlebot2,available-skills,['send_message', 'wait_message', 'approach_person', 'approach_robot', 'authenticate_person', 'deposit', 'navigation', 'operate_drawer', 'pick_up'],
162.0,[info],turtlebot2,skill-life-cycle,send_message,(status=STARTED, parameters=['nurse'])
162.116666794,[info],turtlebot2,sync,send-message,(to=nurse)
163.049999952,[info],nurse,sync,wait-message,(status=message-received)
163.049999952,[info],nurse,sync,wait-message,(status=message-received)
165.883333445,[debug],turtlebot2,available-skills,['send_message', 'wait_message', 'approach_person', 'approach_robot', 'authenticate_person', 'deposit', 'navigation', 'operate_drawer', 'pick_up'],
165.883333445,[info],turtlebot2,skill-life-cycle,wait_message,(status=STARTED, parameters=['r1'])
167.116666794,[info],turtlebot2,sync,wait-message,(status=message-received)
167.216666698,[debug],turtlebot2,available-skills,['send_message', 'wait_message', 'approach_person', 'approach_robot', 'authenticate_person', 'deposit', 'navigation', 'operate_drawer', 'pick_up'],
167.216666698,[info],turtlebot2,skill-life-cycle,operate_drawer,(status=STARTED, parameters=['close'])
167.283333302,[debug],turtlebot2,task-update,operate_drawer,close
168.333333492,[debug],turtlebot2,available-skills,['send_message', 'wait_message', 'approach_person', 'approach_robot', 'authenticate_person', 'deposit', 'navigation', 'operate_drawer', 'pick_up'],
168.333333492,[info],turtlebot2,skill-life-cycle,navigation,(status=STARTED, parameters=[[-37.0, 18.93, -1.5707963267948966, True], [-37.0, 16.0, 0.0, True], [-26.0, 16.0, -1.5707963267948966, True], [-26.0, 13.0, 1.57, False]])
173.049999952,[info],nurse,sync,wait-message,(status=message-received)
173.049999952,[info],nurse,sync,wait-message,(status=message-received)
174.533333302,[info],turtlebot2,skill-life-cycle,navigation,(status=RUNNING, parameters=[[-37.0, 18.93, -1.5707963267948966, True], [-37.0, 16.0, 0.0, True], [-26.0, 16.0, -1.5707963267948966, True], [-26.0, 13.0, 1.57, False]])
176.183333397,[debug],turtlebot1,simulation,robot-pose,x=-11.46;y=17.82;yaw=-1.25
176.183333397,[debug],turtlebot1,simulation,robot-pose,x=-11.46;y=17.82;yaw=-1.25
176.5,[debug],turtlebot2,simulation,robot-pose,x=-34.41;y=18.46;yaw=-2.50
176.5,[debug],turtlebot3,simulation,robot-pose,x=-27.22;y=18.03;yaw=-1.57
176.516666651,[debug],turtlebot4,simulation,robot-pose,x=-40.39;y=25.23;yaw=0.33
176.516666651,[debug],turtlebot5,simulation,robot-pose,x=-32.90;y=33.97;yaw=-3.09
176.583333492,[debug],turtlebot2,simulation,robot-pose,x=-34.41;y=18.46;yaw=-2.50
176.583333492,[debug],turtlebot3,simulation,robot-pose,x=-27.22;y=18.03;yaw=-1.57
176.583333492,[debug],turtlebot4,simulation,robot-pose,x=-40.39;y=25.23;yaw=0.33
176.583333492,[debug],turtlebot5,simulation,robot-pose,x=-32.90;y=33.97;yaw=-3.09
180.383333445,[info],nurse,sync,request-sent,(status=waiting)
180.383333445,[info],nurse,sync,request-sent,(status=waiting)
183.049999952,[info],nurse,sync,wait-message,(status=message-received)
183.049999952,[info],nurse,sync,wait-message,(status=message-received)
191.183333397,[debug],turtlebot1,simulation,robot-pose,x=-11.46;y=17.82;yaw=-1.25
191.183333397,[debug],turtlebot1,simulation,robot-pose,x=-11.46;y=17.82;yaw=-1.25
191.5,[debug],turtlebot3,simulation,robot-pose,x=-27.22;y=18.03;yaw=-1.57
191.5,[debug],turtlebot2,simulation,robot-pose,x=-34.99;y=18.05;yaw=-2.70
191.516666651,[debug],turtlebot5,simulation,robot-pose,x=-32.90;y=33.97;yaw=-3.09
191.516666651,[debug],turtlebot4,simulation,robot-pose,x=-40.39;y=25.23;yaw=0.33
191.616666794,[debug],turtlebot3,simulation,robot-pose,x=-27.22;y=18.03;yaw=-1.57
191.616666794,[debug],turtlebot2,simulation,robot-pose,x=-34.99;y=18.05;yaw=-2.70
191.616666794,[debug],turtlebot5,simulation,robot-pose,x=-32.90;y=33.97;yaw=-3.09
191.616666794,[debug],turtlebot4,simulation,robot-pose,x=-40.39;y=25.23;yaw=0.33
193.049999952,[info],nurse,sync,wait-message,(status=message-received)
193.049999952,[info],nurse,sync,wait-message,(status=message-received)
206.183333397,[debug],turtlebot1,simulation,robot-pose,x=-11.46;y=17.82;yaw=-1.25
206.183333397,[debug],turtlebot1,simulation,robot-pose,x=-11.46;y=17.82;yaw=-1.25
206.5,[debug],turtlebot2,simulation,robot-pose,x=-36.67;y=18.63;yaw=-2.58
206.5,[debug],turtlebot3,simulation,robot-pose,x=-27.22;y=18.03;yaw=-1.57
206.516666651,[debug],turtlebot5,simulation,robot-pose,x=-32.91;y=33.97;yaw=-3.09
206.516666651,[debug],turtlebot4,simulation,robot-pose,x=-40.39;y=25.23;yaw=0.33
206.583333492,[debug],turtlebot2,simulation,robot-pose,x=-36.67;y=18.63;yaw=-2.58
206.583333492,[debug],turtlebot3,simulation,robot-pose,x=-27.22;y=18.03;yaw=-1.57
206.583333492,[debug],turtlebot5,simulation,robot-pose,x=-32.91;y=33.97;yaw=-3.09
206.583333492,[debug],turtlebot4,simulation,robot-pose,x=-40.39;y=25.23;yaw=0.33
209.466666698,[debug],turtlebot2,move-base-info,Hooray, the base moved arrived,(x=-37;y=18.93)
209.583333492,[debug],turtlebot2,move-base-info,Hooray, the base moved arrived,(x=-37;y=18.93)
209.616666794,[debug],turtlebot2,task-update,navigation,way-point-reached,25.0%
221.183333397,[debug],turtlebot1,simulation,robot-pose,x=-11.46;y=17.82;yaw=-1.25
221.183333397,[debug],turtlebot1,simulation,robot-pose,x=-11.46;y=17.82;yaw=-1.25
221.5,[debug],turtlebot3,simulation,robot-pose,x=-27.21;y=18.03;yaw=-1.57
221.5,[debug],turtlebot2,simulation,robot-pose,x=-36.69;y=18.06;yaw=-1.54
221.516666651,[debug],turtlebot5,simulation,robot-pose,x=-32.91;y=33.97;yaw=-3.08
221.516666651,[debug],turtlebot4,simulation,robot-pose,x=-40.39;y=25.23;yaw=0.33
221.616666794,[debug],turtlebot3,simulation,robot-pose,x=-27.21;y=18.03;yaw=-1.57
221.616666794,[debug],turtlebot2,simulation,robot-pose,x=-36.69;y=18.06;yaw=-1.54
221.616666794,[debug],turtlebot5,simulation,robot-pose,x=-32.91;y=33.97;yaw=-3.08
221.616666794,[debug],turtlebot4,simulation,robot-pose,x=-40.39;y=25.23;yaw=0.33
226.166666746,[info],turtlebot2,skill-life-cycle,navigation,(status=RUNNING, parameters=[[-37.0, 18.93, -1.5707963267948966, True], [-37.0, 16.0, 0.0, True], [-26.0, 16.0, -1.5707963267948966, True], [-26.0, 13.0, 1.57, False]])
236.183333397,[debug],turtlebot1,simulation,robot-pose,x=-11.46;y=17.82;yaw=-1.25
236.183333397,[debug],turtlebot1,simulation,robot-pose,x=-11.46;y=17.82;yaw=-1.25
236.5,[debug],turtlebot2,simulation,robot-pose,x=-36.76;y=16.81;yaw=-1.75
236.5,[debug],turtlebot3,simulation,robot-pose,x=-27.21;y=18.03;yaw=-1.57
236.516666651,[debug],turtlebot4,simulation,robot-pose,x=-40.39;y=25.23;yaw=0.33
236.516666651,[debug],turtlebot5,simulation,robot-pose,x=-32.91;y=33.97;yaw=-3.07
236.583333492,[debug],turtlebot2,simulation,robot-pose,x=-36.76;y=16.81;yaw=-1.75
236.583333492,[debug],turtlebot3,simulation,robot-pose,x=-27.21;y=18.03;yaw=-1.57
236.583333492,[debug],turtlebot4,simulation,robot-pose,x=-40.39;y=25.23;yaw=0.33
236.583333492,[debug],turtlebot5,simulation,robot-pose,x=-32.91;y=33.97;yaw=-3.07
246.100000143,[debug],turtlebot2,move-base-info,Hooray, the base moved arrived,(x=-37;y=16)
246.100000143,[debug],turtlebot2,move-base-info,Hooray, the base moved arrived,(x=-37;y=16)
246.25,[debug],turtlebot2,task-update,navigation,way-point-reached,50.0%
251.183333397,[debug],turtlebot1,simulation,robot-pose,x=-11.46;y=17.82;yaw=-1.25
251.183333397,[debug],turtlebot1,simulation,robot-pose,x=-11.46;y=17.82;yaw=-1.25
251.5,[debug],turtlebot2,simulation,robot-pose,x=-36.88;y=16.43;yaw=-0.17
251.5,[debug],turtlebot3,simulation,robot-pose,x=-27.21;y=18.03;yaw=-1.57
251.516666651,[debug],turtlebot4,simulation,robot-pose,x=-40.39;y=25.23;yaw=0.33
251.516666651,[debug],turtlebot5,simulation,robot-pose,x=-32.91;y=33.97;yaw=-3.06
251.600000143,[debug],turtlebot2,simulation,robot-pose,x=-36.88;y=16.43;yaw=-0.17
251.600000143,[debug],turtlebot3,simulation,robot-pose,x=-27.21;y=18.03;yaw=-1.57
251.600000143,[debug],turtlebot4,simulation,robot-pose,x=-40.39;y=25.23;yaw=0.33
251.600000143,[debug],turtlebot5,simulation,robot-pose,x=-32.91;y=33.97;yaw=-3.06
266.183333397,[debug],turtlebot1,simulation,robot-pose,x=-11.46;y=17.82;yaw=-1.25
266.183333397,[debug],turtlebot1,simulation,robot-pose,x=-11.46;y=17.82;yaw=-1.25
266.5,[debug],turtlebot3,simulation,robot-pose,x=-27.21;y=18.03;yaw=-1.57
266.5,[debug],turtlebot2,simulation,robot-pose,x=-35.55;y=15.63;yaw=0.23
266.516666651,[debug],turtlebot5,simulation,robot-pose,x=-32.91;y=33.97;yaw=-3.06
266.516666651,[debug],turtlebot4,simulation,robot-pose,x=-40.39;y=25.23;yaw=0.33
266.600000143,[debug],turtlebot3,simulation,robot-pose,x=-27.21;y=18.03;yaw=-1.57
266.616666794,[debug],turtlebot2,simulation,robot-pose,x=-35.55;y=15.63;yaw=0.23
266.616666794,[debug],turtlebot5,simulation,robot-pose,x=-32.91;y=33.97;yaw=-3.06
266.616666794,[debug],turtlebot4,simulation,robot-pose,x=-40.39;y=25.23;yaw=0.33
278.133333445,[info],turtlebot2,skill-life-cycle,navigation,(status=RUNNING, parameters=[[-37.0, 18.93, -1.5707963267948966, True], [-37.0, 16.0, 0.0, True], [-26.0, 16.0, -1.5707963267948966, True], [-26.0, 13.0, 1.57, False]])
281.183333397,[debug],turtlebot1,simulation,robot-pose,x=-11.46;y=17.82;yaw=-1.25
281.183333397,[debug],turtlebot1,simulation,robot-pose,x=-11.46;y=17.82;yaw=-1.25
281.5,[debug],turtlebot2,simulation,robot-pose,x=-33.01;y=15.70;yaw=0.20
281.5,[debug],turtlebot3,simulation,robot-pose,x=-27.21;y=18.03;yaw=-1.57
281.516666651,[debug],turtlebot5,simulation,robot-pose,x=-32.92;y=33.98;yaw=-3.05
281.516666651,[debug],turtlebot4,simulation,robot-pose,x=-40.39;y=25.23;yaw=0.33
281.566666842,[debug],turtlebot2,simulation,robot-pose,x=-33.01;y=15.70;yaw=0.20
281.566666842,[debug],turtlebot3,simulation,robot-pose,x=-27.21;y=18.03;yaw=-1.57
281.583333492,[debug],turtlebot5,simulation,robot-pose,x=-32.92;y=33.98;yaw=-3.05
281.583333492,[debug],turtlebot4,simulation,robot-pose,x=-40.39;y=25.23;yaw=0.33
296.183333397,[debug],turtlebot1,simulation,robot-pose,x=-11.46;y=17.82;yaw=-1.25
296.183333397,[debug],turtlebot1,simulation,robot-pose,x=-11.46;y=17.82;yaw=-1.25
296.5,[debug],turtlebot2,simulation,robot-pose,x=-30.19;y=16.09;yaw=0.05
296.5,[debug],turtlebot3,simulation,robot-pose,x=-27.21;y=18.03;yaw=-1.57
296.516666651,[debug],turtlebot4,simulation,robot-pose,x=-40.39;y=25.23;yaw=0.33
296.516666651,[debug],turtlebot5,simulation,robot-pose,x=-32.92;y=33.98;yaw=-3.05
296.583333492,[debug],turtlebot2,simulation,robot-pose,x=-30.19;y=16.09;yaw=0.05
296.583333492,[debug],turtlebot3,simulation,robot-pose,x=-27.21;y=18.03;yaw=-1.57
296.600000143,[debug],turtlebot4,simulation,robot-pose,x=-40.39;y=25.23;yaw=0.33
296.600000143,[debug],turtlebot5,simulation,robot-pose,x=-32.92;y=33.98;yaw=-3.05
311.183333397,[debug],turtlebot1,simulation,robot-pose,x=-11.47;y=17.82;yaw=-1.25
311.183333397,[debug],turtlebot1,simulation,robot-pose,x=-11.47;y=17.82;yaw=-1.25
311.5,[debug],turtlebot3,simulation,robot-pose,x=-27.21;y=18.03;yaw=-1.57
311.5,[debug],turtlebot2,simulation,robot-pose,x=-27.68;y=16.10;yaw=-0.06
311.516666651,[debug],turtlebot5,simulation,robot-pose,x=-32.92;y=33.98;yaw=-3.06
311.516666651,[debug],turtlebot4,simulation,robot-pose,x=-40.39;y=25.23;yaw=0.33
311.583333492,[debug],turtlebot3,simulation,robot-pose,x=-27.21;y=18.03;yaw=-1.57
311.583333492,[debug],turtlebot2,simulation,robot-pose,x=-27.68;y=16.10;yaw=-0.06
311.583333492,[debug],turtlebot5,simulation,robot-pose,x=-32.92;y=33.98;yaw=-3.06
311.583333492,[debug],turtlebot4,simulation,robot-pose,x=-40.39;y=25.23;yaw=0.33
324.150000095,[debug],turtlebot2,move-base-info,Hooray, the base moved arrived,(x=-26;y=16)
324.150000095,[debug],turtlebot2,move-base-info,Hooray, the base moved arrived,(x=-26;y=16)
324.316666842,[debug],turtlebot2,task-update,navigation,way-point-reached,75.0%
326.183333397,[debug],turtlebot1,simulation,robot-pose,x=-11.47;y=17.82;yaw=-1.25
326.183333397,[debug],turtlebot1,simulation,robot-pose,x=-11.47;y=17.82;yaw=-1.25
326.5,[debug],turtlebot3,simulation,robot-pose,x=-27.21;y=18.03;yaw=-1.55
326.5,[debug],turtlebot2,simulation,robot-pose,x=-26.39;y=16.29;yaw=-1.52
326.516666651,[debug],turtlebot5,simulation,robot-pose,x=-32.92;y=33.98;yaw=-3.06
326.516666651,[debug],turtlebot4,simulation,robot-pose,x=-40.39;y=25.23;yaw=0.33
326.600000143,[debug],turtlebot3,simulation,robot-pose,x=-27.21;y=18.03;yaw=-1.55
326.600000143,[debug],turtlebot2,simulation,robot-pose,x=-26.39;y=16.29;yaw=-1.52
326.600000143,[debug],turtlebot5,simulation,robot-pose,x=-32.92;y=33.98;yaw=-3.06
326.600000143,[debug],turtlebot4,simulation,robot-pose,x=-40.39;y=25.23;yaw=0.33
329.799999952,[info],turtlebot2,skill-life-cycle,navigation,(status=RUNNING, parameters=[[-37.0, 18.93, -1.5707963267948966, True], [-37.0, 16.0, 0.0, True], [-26.0, 16.0, -1.5707963267948966, True], [-26.0, 13.0, 1.57, False]])
341.183333397,[debug],turtlebot1,simulation,robot-pose,x=-11.47;y=17.82;yaw=-1.25
341.183333397,[debug],turtlebot1,simulation,robot-pose,x=-11.47;y=17.82;yaw=-1.25
341.5,[debug],turtlebot2,simulation,robot-pose,x=-25.98;y=15.32;yaw=-1.20
341.5,[debug],turtlebot3,simulation,robot-pose,x=-27.21;y=18.02;yaw=-1.54
341.516666651,[debug],turtlebot4,simulation,robot-pose,x=-40.39;y=25.23;yaw=0.33
341.516666651,[debug],turtlebot5,simulation,robot-pose,x=-32.93;y=33.98;yaw=-3.06
341.583333492,[debug],turtlebot2,simulation,robot-pose,x=-25.98;y=15.32;yaw=-1.20
341.583333492,[debug],turtlebot3,simulation,robot-pose,x=-27.21;y=18.02;yaw=-1.54
341.583333492,[debug],turtlebot4,simulation,robot-pose,x=-40.39;y=25.23;yaw=0.33
341.600000143,[debug],turtlebot5,simulation,robot-pose,x=-32.93;y=33.98;yaw=-3.06
356.183333397,[debug],turtlebot1,simulation,robot-pose,x=-11.47;y=17.82;yaw=-1.25
356.183333397,[debug],turtlebot1,simulation,robot-pose,x=-11.47;y=17.82;yaw=-1.25
356.5,[debug],turtlebot2,simulation,robot-pose,x=-25.82;y=14.07;yaw=-1.46
356.5,[debug],turtlebot3,simulation,robot-pose,x=-27.21;y=18.01;yaw=-1.54
356.516666651,[debug],turtlebot5,simulation,robot-pose,x=-32.93;y=33.98;yaw=-3.06
356.516666651,[debug],turtlebot4,simulation,robot-pose,x=-40.39;y=25.23;yaw=0.33
356.583333492,[debug],turtlebot2,simulation,robot-pose,x=-25.82;y=14.07;yaw=-1.46
356.583333492,[debug],turtlebot3,simulation,robot-pose,x=-27.21;y=18.01;yaw=-1.54
356.583333492,[debug],turtlebot5,simulation,robot-pose,x=-32.93;y=33.98;yaw=-3.06
356.583333492,[debug],turtlebot4,simulation,robot-pose,x=-40.39;y=25.23;yaw=0.33
371.183333397,[debug],turtlebot1,simulation,robot-pose,x=-11.47;y=17.82;yaw=-1.25
371.183333397,[debug],turtlebot1,simulation,robot-pose,x=-11.47;y=17.82;yaw=-1.25
371.25,[debug],turtlebot2,move-base-info,Hooray, the base moved arrived,(x=-26;y=13)
371.25,[debug],turtlebot2,move-base-info,Hooray, the base moved arrived,(x=-26;y=13)
371.483333349,[debug],turtlebot2,task-update,navigation,way-point-reached,100.0%
371.5,[debug],turtlebot3,simulation,robot-pose,x=-27.21;y=17.99;yaw=-1.54
371.5,[debug],turtlebot2,simulation,robot-pose,x=-25.88;y=13.40;yaw=1.62
371.516666651,[debug],turtlebot4,simulation,robot-pose,x=-40.39;y=25.23;yaw=0.33
371.516666651,[debug],turtlebot5,simulation,robot-pose,x=-32.93;y=33.98;yaw=-3.06
371.549999952,[debug],turtlebot2,available-skills,['send_message', 'wait_message', 'approach_person', 'approach_robot', 'authenticate_person', 'deposit', 'navigation', 'operate_drawer', 'pick_up'],
371.549999952,[info],turtlebot2,skill-life-cycle,approach_robot,(status=STARTED, parameters=['lab_arm'])
371.583333492,[debug],turtlebot3,simulation,robot-pose,x=-27.21;y=17.99;yaw=-1.54
371.600000143,[debug],turtlebot2,simulation,robot-pose,x=-25.88;y=13.40;yaw=1.62
371.600000143,[debug],turtlebot4,simulation,robot-pose,x=-40.39;y=25.23;yaw=0.33
371.600000143,[debug],turtlebot5,simulation,robot-pose,x=-32.93;y=33.98;yaw=-3.06
371.616666794,[debug],turtlebot2,task-update,approach_robot,localize-robot,(who=lab_arm)
371.716666698,[debug],turtlebot2,task-update,approach_robot,goto-robot,(who=lab_arm)
371.816666842,[debug],turtlebot2,available-skills,['send_message', 'wait_message', 'approach_person', 'approach_robot', 'authenticate_person', 'deposit', 'navigation', 'operate_drawer', 'pick_up'],
371.816666842,[info],turtlebot2,skill-life-cycle,operate_drawer,(status=STARTED, parameters=['open'])
371.916666746,[debug],turtlebot2,task-update,operate_drawer,open
372.933333397,[debug],turtlebot2,available-skills,['send_message', 'wait_message', 'approach_person', 'approach_robot', 'authenticate_person', 'deposit', 'navigation', 'operate_drawer', 'pick_up'],
372.933333397,[info],turtlebot2,skill-life-cycle,send_message,(status=STARTED, parameters=['lab_arm'])
373.016666651,[info],turtlebot2,sync,send-message,(to=lab_arm)
373.933333397,[info],lab_arm,sync,wait-message,(status=message-received)
373.933333397,[info],lab_arm,sync,wait-message,(status=message-received)
373.933333397,[info],Inventory,sync,wait-sample,(status=sample-received)
373.933333397,[info],Inventory,sync,wait-sample,(status=sample-received)
373.933333397,ENDSIM
373.933333397,ENDSIM
383.933333397,[info],Inventory,sync,wait-sample,(status=sample-received)
383.933333397,ENDSIM
383.933333397,[info],Inventory,sync,wait-sample,(status=sample-received)
383.933333397,ENDSIM
383.933333397,[info],lab_arm,sync,wait-message,(status=message-received)
383.933333397,[info],lab_arm,sync,wait-message,(status=message-received)
383.933333397,[info],Inventory,sync,wait-sample,(status=sample-received)
383.933333397,[info],Inventory,sync,wait-sample,(status=sample-received)
383.933333397,ENDSIM
383.950000048,ENDSIM
0.0,[debug],simulation closed,reach-target,execution-wall-clock=447.465797662735
