3.8833334446,[debug],turtlebot3,move-base-info,Move_base is up and ok....,
5.18333339691,[debug],turtlebot1,move-base-info,Move_base is up and ok....,
5.71666669846,[debug],turtlebot5,move-base-info,Move_base is up and ok....,
10.9833333492,[info],turtlebot4,skill-life-cycle,init_robobt,(status=RUNNING, parameters=[])
11.5166666508,[info],turtlebot5,skill-life-cycle,init_robobt,(status=RUNNING, parameters=[])
11.9666666985,[info],turtlebot1,skill-life-cycle,init_robobt,(status=RUNNING, parameters=[])
12.2999999523,[info],turtlebot3,skill-life-cycle,init_robobt,(status=RUNNING, parameters=[])
15.3833334446,[debug],turtlebot5,available-skills,['send_message', 'wait_message', 'approach_person', 'approach_robot', 'authenticate_person', 'deposit', 'navigation', 'operate_drawer', 'pick_up'],
15.4000000954,[info],turtlebot5,skill-life-cycle,navigation,(status=STARTED, parameters=[[-37.0, 21.5, -1.5707963267948966, True], [-37.0, 16.0, 0.0, True], [-28.5, 16.0, 1.5707963267948966, True], [-28.5, 18.0, -1.57, False]])
24.3833334446,[debug],turtlebot1,simulation,robot-pose,x=-33.83;y=18.78;yaw=2.80
24.3833334446,[debug],turtlebot1,simulation,robot-pose,x=-33.83;y=18.78;yaw=2.80
24.5833332539,[debug],turtlebot2,simulation,robot-pose,x=-27.23;y=18.02;yaw=-1.59
24.5833332539,[debug],turtlebot2,simulation,robot-pose,x=-27.23;y=18.02;yaw=-1.59
24.5999999046,[debug],turtlebot3,simulation,robot-pose,x=-40.39;y=25.23;yaw=0.34
24.5999999046,[debug],turtlebot3,simulation,robot-pose,x=-40.39;y=25.23;yaw=0.34
24.6333334446,[debug],turtlebot4,simulation,robot-pose,x=-20.99;y=18.00;yaw=-1.54
24.6333334446,[debug],turtlebot4,simulation,robot-pose,x=-20.99;y=18.00;yaw=-1.54
24.6666667461,[debug],turtlebot5,simulation,robot-pose,x=-37.61;y=21.52;yaw=0.03
24.6666667461,[debug],turtlebot5,simulation,robot-pose,x=-37.61;y=21.52;yaw=0.03
30.5666666031,[debug],turtlebot5,move-base-info,Hooray, the base moved arrived,(x=-37;y=21.5)
30.5666666031,[debug],turtlebot5,move-base-info,Hooray, the base moved arrived,(x=-37;y=21.5)
30.5833332539,[debug],turtlebot5,task-update,navigation,way-point-reached,25.0%
39.3833334446,[debug],turtlebot1,simulation,robot-pose,x=-33.84;y=18.78;yaw=2.83
39.3833334446,[debug],turtlebot1,simulation,robot-pose,x=-33.84;y=18.78;yaw=2.83
39.5833332539,[debug],turtlebot2,simulation,robot-pose,x=-27.22;y=18.03;yaw=-1.59
39.5833332539,[debug],turtlebot2,simulation,robot-pose,x=-27.22;y=18.03;yaw=-1.59
39.5999999046,[debug],turtlebot3,simulation,robot-pose,x=-40.39;y=25.23;yaw=0.33
39.5999999046,[debug],turtlebot3,simulation,robot-pose,x=-40.39;y=25.23;yaw=0.33
39.6333334446,[debug],turtlebot4,simulation,robot-pose,x=-20.99;y=18.00;yaw=-1.54
39.6333334446,[debug],turtlebot4,simulation,robot-pose,x=-20.99;y=18.00;yaw=-1.54
39.6666667461,[debug],turtlebot5,simulation,robot-pose,x=-37.26;y=21.06;yaw=-0.99
39.6666667461,[debug],turtlebot5,simulation,robot-pose,x=-37.26;y=21.06;yaw=-0.99
54.3833334446,[debug],turtlebot1,simulation,robot-pose,x=-33.85;y=18.78;yaw=2.84
54.3833334446,[debug],turtlebot1,simulation,robot-pose,x=-33.85;y=18.78;yaw=2.84
54.5833332539,[debug],turtlebot2,simulation,robot-pose,x=-27.22;y=18.03;yaw=-1.58
54.5833332539,[debug],turtlebot2,simulation,robot-pose,x=-27.22;y=18.03;yaw=-1.58
54.5999999046,[debug],turtlebot3,simulation,robot-pose,x=-40.39;y=25.23;yaw=0.33
54.5999999046,[debug],turtlebot3,simulation,robot-pose,x=-40.39;y=25.23;yaw=0.33
54.6333334446,[debug],turtlebot4,simulation,robot-pose,x=-20.99;y=18.00;yaw=-1.54
54.6333334446,[debug],turtlebot4,simulation,robot-pose,x=-20.99;y=18.00;yaw=-1.54
54.6666667461,[debug],turtlebot5,simulation,robot-pose,x=-37.05;y=18.82;yaw=-1.56
54.6666667461,[debug],turtlebot5,simulation,robot-pose,x=-37.05;y=18.82;yaw=-1.56
62.0666666031,[info],turtlebot5,skill-life-cycle,navigation,(status=RUNNING, parameters=[[-37.0, 21.5, -1.5707963267948966, True], [-37.0, 16.0, 0.0, True], [-28.5, 16.0, 1.5707963267948966, True], [-28.5, 18.0, -1.57, False]])
69.3833334446,[debug],turtlebot1,simulation,robot-pose,x=-33.85;y=18.78;yaw=2.85
69.3833334446,[debug],turtlebot1,simulation,robot-pose,x=-33.85;y=18.78;yaw=2.85
69.5833332539,[debug],turtlebot2,simulation,robot-pose,x=-27.22;y=18.03;yaw=-1.58
69.5833332539,[debug],turtlebot2,simulation,robot-pose,x=-27.22;y=18.03;yaw=-1.58
69.5999999046,[debug],turtlebot3,simulation,robot-pose,x=-40.39;y=25.23;yaw=0.33
69.5999999046,[debug],turtlebot3,simulation,robot-pose,x=-40.39;y=25.23;yaw=0.33
69.6333334446,[debug],turtlebot4,simulation,robot-pose,x=-20.99;y=18.00;yaw=-1.54
69.6333334446,[debug],turtlebot4,simulation,robot-pose,x=-20.99;y=18.00;yaw=-1.54
69.6666667461,[debug],turtlebot5,simulation,robot-pose,x=-37.28;y=16.41;yaw=-1.68
69.6666667461,[debug],turtlebot5,simulation,robot-pose,x=-37.28;y=16.41;yaw=-1.68
74.2999999523,[debug],turtlebot5,move-base-info,Hooray, the base moved arrived,(x=-37;y=16)
74.2999999523,[debug],turtlebot5,move-base-info,Hooray, the base moved arrived,(x=-37;y=16)
74.4166667461,[debug],turtlebot5,task-update,navigation,way-point-reached,50.0%
84.3833334446,[debug],turtlebot1,simulation,robot-pose,x=-33.85;y=18.78;yaw=2.87
84.3833334446,[debug],turtlebot1,simulation,robot-pose,x=-33.85;y=18.78;yaw=2.87
84.5833332539,[debug],turtlebot2,simulation,robot-pose,x=-27.22;y=18.03;yaw=-1.58
84.5833332539,[debug],turtlebot2,simulation,robot-pose,x=-27.22;y=18.03;yaw=-1.58
84.5999999046,[debug],turtlebot3,simulation,robot-pose,x=-40.39;y=25.23;yaw=0.33
84.5999999046,[debug],turtlebot3,simulation,robot-pose,x=-40.39;y=25.23;yaw=0.33
84.6333334446,[debug],turtlebot4,simulation,robot-pose,x=-20.99;y=18.00;yaw=-1.54
84.6333334446,[debug],turtlebot4,simulation,robot-pose,x=-20.99;y=18.00;yaw=-1.54
84.6666667461,[debug],turtlebot5,simulation,robot-pose,x=-36.89;y=16.15;yaw=-0.70
84.6666667461,[debug],turtlebot5,simulation,robot-pose,x=-36.89;y=16.15;yaw=-0.70
99.3833334446,[debug],turtlebot1,simulation,robot-pose,x=-33.85;y=18.78;yaw=2.89
99.3833334446,[debug],turtlebot1,simulation,robot-pose,x=-33.85;y=18.78;yaw=2.89
99.5833332539,[debug],turtlebot2,simulation,robot-pose,x=-27.22;y=18.03;yaw=-1.58
99.5833332539,[debug],turtlebot2,simulation,robot-pose,x=-27.22;y=18.03;yaw=-1.58
99.5999999046,[debug],turtlebot3,simulation,robot-pose,x=-40.39;y=25.23;yaw=0.33
99.5999999046,[debug],turtlebot3,simulation,robot-pose,x=-40.39;y=25.23;yaw=0.33
99.6333334446,[debug],turtlebot4,simulation,robot-pose,x=-20.99;y=18.00;yaw=-1.54
99.6333334446,[debug],turtlebot4,simulation,robot-pose,x=-20.99;y=18.00;yaw=-1.54
99.6666667461,[debug],turtlebot5,simulation,robot-pose,x=-35.77;y=15.40;yaw=-0.22
99.6666667461,[debug],turtlebot5,simulation,robot-pose,x=-35.77;y=15.40;yaw=-0.22
113.5,[info],turtlebot5,skill-life-cycle,navigation,(status=RUNNING, parameters=[[-37.0, 21.5, -1.5707963267948966, True], [-37.0, 16.0, 0.0, True], [-28.5, 16.0, 1.5707963267948966, True], [-28.5, 18.0, -1.57, False]])
114.383333445,[debug],turtlebot1,simulation,robot-pose,x=-33.86;y=18.79;yaw=2.91
114.383333445,[debug],turtlebot1,simulation,robot-pose,x=-33.86;y=18.79;yaw=2.91
114.583333254,[debug],turtlebot2,simulation,robot-pose,x=-27.22;y=18.03;yaw=-1.58
114.583333254,[debug],turtlebot2,simulation,robot-pose,x=-27.22;y=18.03;yaw=-1.58
114.599999905,[debug],turtlebot3,simulation,robot-pose,x=-40.39;y=25.23;yaw=0.33
114.599999905,[debug],turtlebot3,simulation,robot-pose,x=-40.39;y=25.23;yaw=0.33
114.633333445,[debug],turtlebot4,simulation,robot-pose,x=-20.99;y=18.00;yaw=-1.54
114.633333445,[debug],turtlebot4,simulation,robot-pose,x=-20.99;y=18.00;yaw=-1.54
114.666666746,[debug],turtlebot5,simulation,robot-pose,x=-34.52;y=15.30;yaw=0.03
114.666666746,[debug],turtlebot5,simulation,robot-pose,x=-34.52;y=15.30;yaw=0.03
129.383333445,[debug],turtlebot1,simulation,robot-pose,x=-33.86;y=18.79;yaw=2.93
129.383333445,[debug],turtlebot1,simulation,robot-pose,x=-33.86;y=18.79;yaw=2.93
129.583333254,[debug],turtlebot2,simulation,robot-pose,x=-27.22;y=18.03;yaw=-1.58
129.583333254,[debug],turtlebot2,simulation,robot-pose,x=-27.22;y=18.03;yaw=-1.58
129.599999905,[debug],turtlebot3,simulation,robot-pose,x=-40.39;y=25.23;yaw=0.33
129.599999905,[debug],turtlebot3,simulation,robot-pose,x=-40.39;y=25.23;yaw=0.33
129.633333445,[debug],turtlebot4,simulation,robot-pose,x=-21.00;y=18.00;yaw=-1.54
129.633333445,[debug],turtlebot4,simulation,robot-pose,x=-21.00;y=18.00;yaw=-1.54
129.666666746,[debug],turtlebot5,simulation,robot-pose,x=-33.26;y=15.31;yaw=0.00
129.666666746,[debug],turtlebot5,simulation,robot-pose,x=-33.26;y=15.31;yaw=0.00
144.383333445,[debug],turtlebot1,simulation,robot-pose,x=-33.87;y=18.79;yaw=2.96
144.383333445,[debug],turtlebot1,simulation,robot-pose,x=-33.87;y=18.79;yaw=2.96
144.583333254,[debug],turtlebot2,simulation,robot-pose,x=-27.22;y=18.03;yaw=-1.58
144.583333254,[debug],turtlebot2,simulation,robot-pose,x=-27.22;y=18.03;yaw=-1.58
144.599999905,[debug],turtlebot3,simulation,robot-pose,x=-40.39;y=25.23;yaw=0.33
144.599999905,[debug],turtlebot3,simulation,robot-pose,x=-40.39;y=25.23;yaw=0.33
144.633333445,[debug],turtlebot4,simulation,robot-pose,x=-21.00;y=18.00;yaw=-1.54
144.633333445,[debug],turtlebot4,simulation,robot-pose,x=-21.00;y=18.00;yaw=-1.54
144.666666746,[debug],turtlebot5,simulation,robot-pose,x=-32.01;y=15.35;yaw=0.23
144.666666746,[debug],turtlebot5,simulation,robot-pose,x=-32.01;y=15.35;yaw=0.23
159.383333445,[debug],turtlebot1,simulation,robot-pose,x=-33.87;y=18.79;yaw=2.98
159.383333445,[debug],turtlebot1,simulation,robot-pose,x=-33.87;y=18.79;yaw=2.98
159.583333254,[debug],turtlebot2,simulation,robot-pose,x=-27.22;y=18.03;yaw=-1.57
159.583333254,[debug],turtlebot2,simulation,robot-pose,x=-27.22;y=18.03;yaw=-1.57
159.599999905,[debug],turtlebot3,simulation,robot-pose,x=-40.39;y=25.23;yaw=0.33
159.599999905,[debug],turtlebot3,simulation,robot-pose,x=-40.39;y=25.23;yaw=0.33
159.633333445,[debug],turtlebot4,simulation,robot-pose,x=-21.00;y=18.00;yaw=-1.54
159.633333445,[debug],turtlebot4,simulation,robot-pose,x=-21.00;y=18.00;yaw=-1.54
159.666666746,[debug],turtlebot5,simulation,robot-pose,x=-30.78;y=15.58;yaw=-0.02
159.666666746,[debug],turtlebot5,simulation,robot-pose,x=-30.78;y=15.58;yaw=-0.02
163.5,[info],turtlebot5,skill-life-cycle,navigation,(status=RUNNING, parameters=[[-37.0, 21.5, -1.5707963267948966, True], [-37.0, 16.0, 0.0, True], [-28.5, 16.0, 1.5707963267948966, True], [-28.5, 18.0, -1.57, False]])
174.383333445,[debug],turtlebot1,simulation,robot-pose,x=-33.88;y=18.79;yaw=3.00
174.383333445,[debug],turtlebot1,simulation,robot-pose,x=-33.88;y=18.79;yaw=3.00
174.583333254,[debug],turtlebot2,simulation,robot-pose,x=-27.22;y=18.03;yaw=-1.57
174.583333254,[debug],turtlebot2,simulation,robot-pose,x=-27.22;y=18.03;yaw=-1.57
174.599999905,[debug],turtlebot3,simulation,robot-pose,x=-40.39;y=25.23;yaw=0.33
174.599999905,[debug],turtlebot3,simulation,robot-pose,x=-40.39;y=25.23;yaw=0.33
174.633333445,[debug],turtlebot4,simulation,robot-pose,x=-21.00;y=18.00;yaw=-1.54
174.633333445,[debug],turtlebot4,simulation,robot-pose,x=-21.00;y=18.00;yaw=-1.54
174.666666746,[debug],turtlebot5,simulation,robot-pose,x=-29.54;y=15.76;yaw=0.33
174.666666746,[debug],turtlebot5,simulation,robot-pose,x=-29.54;y=15.76;yaw=0.33
185.066666603,[debug],turtlebot5,move-base-info,Hooray, the base moved arrived,(x=-28.5;y=16)
185.183333397,[debug],turtlebot5,move-base-info,Hooray, the base moved arrived,(x=-28.5;y=16)
185.349999905,[debug],turtlebot5,task-update,navigation,way-point-reached,75.0%
189.383333445,[debug],turtlebot1,simulation,robot-pose,x=-33.88;y=18.79;yaw=3.00
189.383333445,[debug],turtlebot1,simulation,robot-pose,x=-33.88;y=18.79;yaw=3.00
189.583333254,[debug],turtlebot2,simulation,robot-pose,x=-27.22;y=18.03;yaw=-1.57
189.583333254,[debug],turtlebot2,simulation,robot-pose,x=-27.22;y=18.03;yaw=-1.57
189.599999905,[debug],turtlebot3,simulation,robot-pose,x=-40.39;y=25.23;yaw=0.33
189.599999905,[debug],turtlebot3,simulation,robot-pose,x=-40.39;y=25.23;yaw=0.33
189.633333445,[debug],turtlebot4,simulation,robot-pose,x=-21.00;y=18.00;yaw=-1.54
189.633333445,[debug],turtlebot4,simulation,robot-pose,x=-21.00;y=18.00;yaw=-1.54
189.666666746,[debug],turtlebot5,simulation,robot-pose,x=-28.95;y=15.93;yaw=1.53
189.666666746,[debug],turtlebot5,simulation,robot-pose,x=-28.95;y=15.93;yaw=1.53
204.383333445,[debug],turtlebot1,simulation,robot-pose,x=-33.88;y=18.79;yaw=3.01
204.383333445,[debug],turtlebot1,simulation,robot-pose,x=-33.88;y=18.79;yaw=3.01
204.583333254,[debug],turtlebot2,simulation,robot-pose,x=-27.22;y=18.03;yaw=-1.57
204.583333254,[debug],turtlebot2,simulation,robot-pose,x=-27.22;y=18.03;yaw=-1.57
204.599999905,[debug],turtlebot3,simulation,robot-pose,x=-40.39;y=25.23;yaw=0.33
204.599999905,[debug],turtlebot3,simulation,robot-pose,x=-40.39;y=25.23;yaw=0.33
204.633333445,[debug],turtlebot4,simulation,robot-pose,x=-21.01;y=18.00;yaw=-1.54
204.633333445,[debug],turtlebot4,simulation,robot-pose,x=-21.01;y=18.00;yaw=-1.54
204.666666746,[debug],turtlebot5,simulation,robot-pose,x=-28.83;y=17.61;yaw=1.62
204.666666746,[debug],turtlebot5,simulation,robot-pose,x=-28.83;y=17.61;yaw=1.62
213.266666651,[debug],turtlebot5,move-base-info,Hooray, the base moved arrived,(x=-28.5;y=18)
213.266666651,[debug],turtlebot5,move-base-info,Hooray, the base moved arrived,(x=-28.5;y=18)
213.5,[debug],turtlebot5,task-update,navigation,way-point-reached,100.0%
213.583333254,[debug],turtlebot5,available-skills,['send_message', 'wait_message', 'approach_person', 'approach_robot', 'authenticate_person', 'deposit', 'navigation', 'operate_drawer', 'pick_up'],
213.583333254,[info],turtlebot5,skill-life-cycle,approach_person,(status=STARTED, parameters=['nurse'])
213.650000095,[debug],turtlebot5,task-update,approach_person,localize-person,(who=nurse)
213.733333349,[debug],turtlebot5,task-update,approach_person,goto-person,(who=nurse)
213.849999905,[debug],turtlebot5,available-skills,['send_message', 'wait_message', 'approach_person', 'approach_robot', 'authenticate_person', 'deposit', 'navigation', 'operate_drawer', 'pick_up'],
213.849999905,[info],turtlebot5,skill-life-cycle,authenticate_person,(status=STARTED, parameters=['nurse'])
213.933333397,[debug],turtlebot5,task-update,authenticate_person,request-authentication,(to=nurse)
213.950000048,[info],nurse,sync,received-request,(status=sending-request)
213.950000048,[info],nurse,sync,received-request,(status=sending-request)
214.383333445,[debug],turtlebot5,task-update,authenticate_person,received-authentication,(from=nurse)
214.483333349,[debug],turtlebot5,available-skills,['send_message', 'wait_message', 'approach_person', 'approach_robot', 'authenticate_person', 'deposit', 'navigation', 'operate_drawer', 'pick_up'],
214.483333349,[info],turtlebot5,skill-life-cycle,operate_drawer,(status=STARTED, parameters=['open'])
214.583333254,[debug],turtlebot5,task-update,operate_drawer,open
215.200000048,[info],turtlebot5,skill-life-cycle,operate_drawer,(status=RUNNING, parameters=['open'])
215.583333254,[debug],turtlebot5,available-skills,['send_message', 'wait_message', 'approach_person', 'approach_robot', 'authenticate_person', 'deposit', 'navigation', 'operate_drawer', 'pick_up'],
215.583333254,[info],turtlebot5,skill-life-cycle,send_message,(status=STARTED, parameters=['nurse'])
215.683333397,[info],turtlebot5,sync,send-message,(to=nurse)
216.599999905,[info],nurse,sync,wait-message,(status=message-received)
216.599999905,[info],nurse,sync,wait-message,(status=message-received)
219.299999952,[debug],turtlebot5,available-skills,['send_message', 'wait_message', 'approach_person', 'approach_robot', 'authenticate_person', 'deposit', 'navigation', 'operate_drawer', 'pick_up'],
219.299999952,[info],turtlebot5,skill-life-cycle,wait_message,(status=STARTED, parameters=['r1'])
219.383333445,[debug],turtlebot1,simulation,robot-pose,x=-33.88;y=18.79;yaw=3.01
219.383333445,[debug],turtlebot1,simulation,robot-pose,x=-33.88;y=18.79;yaw=3.01
219.583333254,[debug],turtlebot2,simulation,robot-pose,x=-27.21;y=18.03;yaw=-1.57
219.583333254,[debug],turtlebot2,simulation,robot-pose,x=-27.21;y=18.03;yaw=-1.57
219.599999905,[debug],turtlebot3,simulation,robot-pose,x=-40.39;y=25.23;yaw=0.33
219.599999905,[debug],turtlebot3,simulation,robot-pose,x=-40.39;y=25.23;yaw=0.33
219.633333445,[debug],turtlebot4,simulation,robot-pose,x=-21.01;y=18.00;yaw=-1.54
219.633333445,[debug],turtlebot4,simulation,robot-pose,x=-21.01;y=18.00;yaw=-1.54
219.666666746,[debug],turtlebot5,simulation,robot-pose,x=-28.83;y=17.71;yaw=-1.52
219.666666746,[debug],turtlebot5,simulation,robot-pose,x=-28.83;y=17.71;yaw=-1.52
220.683333397,[info],turtlebot5,sync,wait-message,(status=message-received)
220.783333302,[debug],turtlebot5,available-skills,['send_message', 'wait_message', 'approach_person', 'approach_robot', 'authenticate_person', 'deposit', 'navigation', 'operate_drawer', 'pick_up'],
220.783333302,[info],turtlebot5,skill-life-cycle,operate_drawer,(status=STARTED, parameters=['close'])
220.849999905,[debug],turtlebot5,task-update,operate_drawer,close
221.883333445,[debug],turtlebot5,available-skills,['send_message', 'wait_message', 'approach_person', 'approach_robot', 'authenticate_person', 'deposit', 'navigation', 'operate_drawer', 'pick_up'],
221.883333445,[info],turtlebot5,skill-life-cycle,navigation,(status=STARTED, parameters=[[-28.5, 16.0, 0.0, True], [-26.0, 16.0, -1.5707963267948966, True], [-26.0, 13.0, 1.57, False]])
226.599999905,[info],nurse,sync,wait-message,(status=message-received)
226.599999905,[info],nurse,sync,wait-message,(status=message-received)
233.933333397,[info],nurse,sync,request-sent,(status=waiting)
233.933333397,[info],nurse,sync,request-sent,(status=waiting)
234.383333445,[debug],turtlebot1,simulation,robot-pose,x=-33.88;y=18.79;yaw=3.01
234.383333445,[debug],turtlebot1,simulation,robot-pose,x=-33.88;y=18.79;yaw=3.01
234.583333254,[debug],turtlebot2,simulation,robot-pose,x=-27.21;y=18.03;yaw=-1.57
234.583333254,[debug],turtlebot2,simulation,robot-pose,x=-27.21;y=18.03;yaw=-1.57
234.599999905,[debug],turtlebot3,simulation,robot-pose,x=-40.39;y=25.23;yaw=0.33
234.599999905,[debug],turtlebot3,simulation,robot-pose,x=-40.39;y=25.23;yaw=0.33
234.633333445,[debug],turtlebot4,simulation,robot-pose,x=-21.01;y=18.00;yaw=-1.54
234.633333445,[debug],turtlebot4,simulation,robot-pose,x=-21.01;y=18.00;yaw=-1.54
234.666666746,[debug],turtlebot5,simulation,robot-pose,x=-28.92;y=16.65;yaw=-1.53
234.666666746,[debug],turtlebot5,simulation,robot-pose,x=-28.92;y=16.65;yaw=-1.53
236.599999905,[info],nurse,sync,wait-message,(status=message-received)
236.599999905,[info],nurse,sync,wait-message,(status=message-received)
241.083333254,[debug],turtlebot5,move-base-info,Hooray, the base moved arrived,(x=-28.5;y=16)
241.183333397,[debug],turtlebot5,move-base-info,Hooray, the base moved arrived,(x=-28.5;y=16)
241.200000048,[debug],turtlebot5,task-update,navigation,way-point-reached,33.33333333333333%
246.599999905,[info],nurse,sync,wait-message,(status=message-received)
246.599999905,[info],nurse,sync,wait-message,(status=message-received)
249.383333445,[debug],turtlebot1,simulation,robot-pose,x=-33.88;y=18.79;yaw=3.01
249.383333445,[debug],turtlebot1,simulation,robot-pose,x=-33.88;y=18.79;yaw=3.01
249.583333254,[debug],turtlebot2,simulation,robot-pose,x=-27.21;y=18.03;yaw=-1.57
249.583333254,[debug],turtlebot2,simulation,robot-pose,x=-27.21;y=18.03;yaw=-1.57
249.599999905,[debug],turtlebot3,simulation,robot-pose,x=-40.39;y=25.23;yaw=0.33
249.599999905,[debug],turtlebot3,simulation,robot-pose,x=-40.39;y=25.23;yaw=0.33
249.633333445,[debug],turtlebot4,simulation,robot-pose,x=-21.02;y=18.00;yaw=-1.54
249.633333445,[debug],turtlebot4,simulation,robot-pose,x=-21.02;y=18.00;yaw=-1.54
249.666666746,[debug],turtlebot5,simulation,robot-pose,x=-28.60;y=16.15;yaw=-0.51
249.666666746,[debug],turtlebot5,simulation,robot-pose,x=-28.60;y=16.15;yaw=-0.51
264.383333445,[debug],turtlebot1,simulation,robot-pose,x=-33.88;y=18.79;yaw=3.01
264.383333445,[debug],turtlebot1,simulation,robot-pose,x=-33.88;y=18.79;yaw=3.01
264.583333254,[debug],turtlebot2,simulation,robot-pose,x=-27.21;y=18.03;yaw=-1.57
264.583333254,[debug],turtlebot2,simulation,robot-pose,x=-27.21;y=18.03;yaw=-1.57
264.599999905,[debug],turtlebot3,simulation,robot-pose,x=-40.39;y=25.23;yaw=0.33
264.599999905,[debug],turtlebot3,simulation,robot-pose,x=-40.39;y=25.23;yaw=0.33
264.633333445,[debug],turtlebot4,simulation,robot-pose,x=-21.02;y=18.00;yaw=-1.54
264.633333445,[debug],turtlebot4,simulation,robot-pose,x=-21.02;y=18.00;yaw=-1.54
264.666666746,[debug],turtlebot5,simulation,robot-pose,x=-27.37;y=15.78;yaw=-0.13
264.666666746,[debug],turtlebot5,simulation,robot-pose,x=-27.37;y=15.78;yaw=-0.13
267.166666746,[info],turtlebot5,skill-life-cycle,navigation,(status=RUNNING, parameters=[[-28.5, 16.0, 0.0, True], [-26.0, 16.0, -1.5707963267948966, True], [-26.0, 13.0, 1.57, False]])
279.383333445,[debug],turtlebot1,simulation,robot-pose,x=-33.88;y=18.79;yaw=3.01
279.383333445,[debug],turtlebot1,simulation,robot-pose,x=-33.88;y=18.79;yaw=3.01
279.583333254,[debug],turtlebot2,simulation,robot-pose,x=-27.21;y=18.03;yaw=-1.57
279.583333254,[debug],turtlebot2,simulation,robot-pose,x=-27.21;y=18.03;yaw=-1.57
279.599999905,[debug],turtlebot3,simulation,robot-pose,x=-40.39;y=25.23;yaw=0.33
279.599999905,[debug],turtlebot3,simulation,robot-pose,x=-40.39;y=25.23;yaw=0.33
279.633333445,[debug],turtlebot4,simulation,robot-pose,x=-21.03;y=18.00;yaw=-1.54
279.633333445,[debug],turtlebot4,simulation,robot-pose,x=-21.03;y=18.00;yaw=-1.54
279.666666746,[debug],turtlebot5,simulation,robot-pose,x=-26.44;y=15.92;yaw=-1.26
279.666666746,[debug],turtlebot5,simulation,robot-pose,x=-26.44;y=15.92;yaw=-1.26
280.916666746,[debug],turtlebot5,move-base-info,Hooray, the base moved arrived,(x=-26;y=16)
280.916666746,[debug],turtlebot5,move-base-info,Hooray, the base moved arrived,(x=-26;y=16)
281.0,[debug],turtlebot5,task-update,navigation,way-point-reached,66.66666666666666%
294.383333445,[debug],turtlebot1,simulation,robot-pose,x=-33.88;y=18.79;yaw=3.01
294.383333445,[debug],turtlebot1,simulation,robot-pose,x=-33.88;y=18.79;yaw=3.01
294.583333254,[debug],turtlebot2,simulation,robot-pose,x=-27.21;y=18.03;yaw=-1.57
294.583333254,[debug],turtlebot2,simulation,robot-pose,x=-27.21;y=18.03;yaw=-1.57
294.599999905,[debug],turtlebot3,simulation,robot-pose,x=-40.39;y=25.23;yaw=0.33
294.599999905,[debug],turtlebot3,simulation,robot-pose,x=-40.39;y=25.23;yaw=0.33
294.633333445,[debug],turtlebot4,simulation,robot-pose,x=-21.03;y=18.00;yaw=-1.54
294.633333445,[debug],turtlebot4,simulation,robot-pose,x=-21.03;y=18.00;yaw=-1.54
294.666666746,[debug],turtlebot5,simulation,robot-pose,x=-26.17;y=14.76;yaw=-1.61
294.666666746,[debug],turtlebot5,simulation,robot-pose,x=-26.17;y=14.76;yaw=-1.61
309.383333445,[debug],turtlebot1,simulation,robot-pose,x=-33.88;y=18.79;yaw=3.01
309.383333445,[debug],turtlebot1,simulation,robot-pose,x=-33.88;y=18.79;yaw=3.01
309.583333254,[debug],turtlebot2,simulation,robot-pose,x=-27.21;y=18.03;yaw=-1.57
309.583333254,[debug],turtlebot2,simulation,robot-pose,x=-27.21;y=18.03;yaw=-1.57
309.599999905,[debug],turtlebot3,simulation,robot-pose,x=-40.39;y=25.23;yaw=0.33
309.599999905,[debug],turtlebot3,simulation,robot-pose,x=-40.39;y=25.23;yaw=0.33
309.633333445,[debug],turtlebot4,simulation,robot-pose,x=-21.03;y=18.00;yaw=-1.54
309.633333445,[debug],turtlebot4,simulation,robot-pose,x=-21.03;y=18.00;yaw=-1.54
309.666666746,[debug],turtlebot5,simulation,robot-pose,x=-25.95;y=13.46;yaw=-2.69
309.666666746,[debug],turtlebot5,simulation,robot-pose,x=-25.95;y=13.46;yaw=-2.69
315.083333254,[debug],turtlebot5,move-base-info,Hooray, the base moved arrived,(x=-26;y=13)
315.183333397,[debug],turtlebot5,move-base-info,Hooray, the base moved arrived,(x=-26;y=13)
315.299999952,[debug],turtlebot5,task-update,navigation,way-point-reached,100.0%
315.400000095,[debug],turtlebot5,available-skills,['send_message', 'wait_message', 'approach_person', 'approach_robot', 'authenticate_person', 'deposit', 'navigation', 'operate_drawer', 'pick_up'],
315.400000095,[info],turtlebot5,skill-life-cycle,approach_robot,(status=STARTED, parameters=['lab_arm'])
315.483333349,[debug],turtlebot5,task-update,approach_robot,localize-robot,(who=lab_arm)
316.066666603,[debug],turtlebot5,task-update,approach_robot,goto-robot,(who=lab_arm)
316.133333445,[debug],turtlebot5,available-skills,['send_message', 'wait_message', 'approach_person', 'approach_robot', 'authenticate_person', 'deposit', 'navigation', 'operate_drawer', 'pick_up'],
316.150000095,[info],turtlebot5,skill-life-cycle,operate_drawer,(status=STARTED, parameters=['open'])
316.216666698,[debug],turtlebot5,task-update,operate_drawer,open
317.200000048,[debug],turtlebot5,available-skills,['send_message', 'wait_message', 'approach_person', 'approach_robot', 'authenticate_person', 'deposit', 'navigation', 'operate_drawer', 'pick_up'],
317.200000048,[info],turtlebot5,skill-life-cycle,send_message,(status=STARTED, parameters=['lab_arm'])
317.316666603,[info],turtlebot5,sync,send-message,(to=lab_arm)
318.266666651,[info],lab_arm,sync,wait-message,(status=message-received)
318.266666651,[info],lab_arm,sync,wait-message,(status=message-received)
318.266666651,[info],Inventory,sync,wait-sample,(status=sample-received)
318.266666651,[info],Inventory,sync,wait-sample,(status=sample-received)
318.266666651,ENDSIM
318.266666651,ENDSIM
319.200000048,[info],turtlebot5,skill-life-cycle,send_message,(status=RUNNING, parameters=['lab_arm'])
324.383333445,[debug],turtlebot1,simulation,robot-pose,x=-33.88;y=18.79;yaw=3.01
324.383333445,[debug],turtlebot1,simulation,robot-pose,x=-33.88;y=18.79;yaw=3.01
324.583333254,[debug],turtlebot2,simulation,robot-pose,x=-27.21;y=18.03;yaw=-1.56
324.583333254,[debug],turtlebot2,simulation,robot-pose,x=-27.21;y=18.03;yaw=-1.56
324.599999905,[debug],turtlebot3,simulation,robot-pose,x=-40.39;y=25.23;yaw=0.33
324.599999905,[debug],turtlebot3,simulation,robot-pose,x=-40.39;y=25.23;yaw=0.33
324.633333445,[debug],turtlebot4,simulation,robot-pose,x=-21.03;y=18.00;yaw=-1.54
324.633333445,[debug],turtlebot4,simulation,robot-pose,x=-21.03;y=18.00;yaw=-1.54
324.666666746,[debug],turtlebot5,simulation,robot-pose,x=-25.99;y=13.41;yaw=1.64
324.666666746,[debug],turtlebot5,simulation,robot-pose,x=-25.99;y=13.41;yaw=1.64
328.266666651,[info],Inventory,sync,wait-sample,(status=sample-received)
328.266666651,ENDSIM
328.266666651,[info],Inventory,sync,wait-sample,(status=sample-received)
328.266666651,[info],lab_arm,sync,wait-message,(status=message-received)
328.266666651,ENDSIM
328.266666651,[info],lab_arm,sync,wait-message,(status=message-received)
328.266666651,[info],Inventory,sync,wait-sample,(status=sample-received)
328.266666651,[info],Inventory,sync,wait-sample,(status=sample-received)
328.266666651,ENDSIM
328.266666651,ENDSIM
0.0,[debug],simulation closed,reach-target,execution-wall-clock=392.4025490283966
