6.01666665077,[debug],turtlebot4,move-base-info,Move_base is up and ok....,
6.29999995232,[debug],turtlebot3,move-base-info,Move_base is up and ok....,
12.0333333015,[info],turtlebot1,skill-life-cycle,init_robobt,(status=RUNNING, parameters=[])
12.1666667461,[info],turtlebot5,skill-life-cycle,init_robobt,(status=RUNNING, parameters=[])
12.6833333969,[info],turtlebot3,skill-life-cycle,init_robobt,(status=RUNNING, parameters=[])
13.3499999046,[info],turtlebot4,skill-life-cycle,init_robobt,(status=RUNNING, parameters=[])
17.9833333492,[debug],turtlebot3,available-skills,['send_message', 'wait_message', 'approach_person', 'approach_robot', 'authenticate_person', 'deposit', 'navigation', 'operate_drawer', 'pick_up'],
17.9833333492,[info],turtlebot3,skill-life-cycle,navigation,(status=STARTED, parameters=[[-27.23, 16.0, 3.141592653589793, True], [-37.0, 16.0, 1.5707963267948966, True], [-37.0, 18.93, 0.0, True], [-33.9, 18.93, 3.14, False]])
24.9833333492,[debug],turtlebot1,simulation,robot-pose,x=-11.46;y=17.82;yaw=-1.25
24.9833333492,[debug],turtlebot1,simulation,robot-pose,x=-11.46;y=17.82;yaw=-1.25
25.1666667461,[debug],turtlebot2,simulation,robot-pose,x=-28.68;y=17.88;yaw=-0.79
25.1666667461,[debug],turtlebot2,simulation,robot-pose,x=-28.68;y=17.88;yaw=-0.79
25.1833333969,[debug],turtlebot4,simulation,robot-pose,x=-40.39;y=25.23;yaw=0.34
25.1833333969,[debug],turtlebot4,simulation,robot-pose,x=-40.39;y=25.23;yaw=0.34
25.1833333969,[debug],turtlebot3,simulation,robot-pose,x=-27.21;y=17.83;yaw=-1.38
25.1833333969,[debug],turtlebot3,simulation,robot-pose,x=-27.21;y=17.83;yaw=-1.38
25.1833333969,[debug],turtlebot5,simulation,robot-pose,x=-32.89;y=33.97;yaw=-3.10
25.1833333969,[debug],turtlebot5,simulation,robot-pose,x=-32.89;y=33.97;yaw=-3.10
39.9833333492,[debug],turtlebot1,simulation,robot-pose,x=-11.46;y=17.82;yaw=-1.25
39.9833333492,[debug],turtlebot1,simulation,robot-pose,x=-11.46;y=17.82;yaw=-1.25
40.1666667461,[debug],turtlebot2,simulation,robot-pose,x=-28.68;y=17.88;yaw=-0.80
40.1666667461,[debug],turtlebot2,simulation,robot-pose,x=-28.68;y=17.88;yaw=-0.80
40.1833333969,[debug],turtlebot3,simulation,robot-pose,x=-27.14;y=16.59;yaw=-1.67
40.1833333969,[debug],turtlebot3,simulation,robot-pose,x=-27.14;y=16.59;yaw=-1.67
40.1833333969,[debug],turtlebot4,simulation,robot-pose,x=-40.39;y=25.23;yaw=0.33
40.1833333969,[debug],turtlebot4,simulation,robot-pose,x=-40.39;y=25.23;yaw=0.33
40.1833333969,[debug],turtlebot5,simulation,robot-pose,x=-32.89;y=33.97;yaw=-3.10
40.1833333969,[debug],turtlebot5,simulation,robot-pose,x=-32.89;y=33.97;yaw=-3.10
45.3833334446,[debug],turtlebot3,move-base-info,Hooray, the base moved arrived,(x=-27.23;y=16)
45.3833334446,[debug],turtlebot3,move-base-info,Hooray, the base moved arrived,(x=-27.23;y=16)
45.4166667461,[debug],turtlebot3,task-update,navigation,way-point-reached,25.0%
54.9833333492,[debug],turtlebot1,simulation,robot-pose,x=-11.46;y=17.82;yaw=-1.25
54.9833333492,[debug],turtlebot1,simulation,robot-pose,x=-11.46;y=17.82;yaw=-1.25
55.1666667461,[debug],turtlebot2,simulation,robot-pose,x=-28.69;y=17.88;yaw=-0.80
55.1666667461,[debug],turtlebot2,simulation,robot-pose,x=-28.69;y=17.88;yaw=-0.80
55.1833333969,[debug],turtlebot4,simulation,robot-pose,x=-40.39;y=25.23;yaw=0.33
55.1833333969,[debug],turtlebot4,simulation,robot-pose,x=-40.39;y=25.23;yaw=0.33
55.1833333969,[debug],turtlebot5,simulation,robot-pose,x=-32.89;y=33.97;yaw=-3.10
55.1833333969,[debug],turtlebot5,simulation,robot-pose,x=-32.89;y=33.97;yaw=-3.10
55.1833333969,[debug],turtlebot3,simulation,robot-pose,x=-27.70;y=16.26;yaw=-2.59
55.1833333969,[debug],turtlebot3,simulation,robot-pose,x=-27.70;y=16.26;yaw=-2.59
64.8833334446,[info],turtlebot3,skill-life-cycle,navigation,(status=RUNNING, parameters=[[-27.23, 16.0, 3.141592653589793, True], [-37.0, 16.0, 1.5707963267948966, True], [-37.0, 18.93, 0.0, True], [-33.9, 18.93, 3.14, False]])
69.9833333492,[debug],turtlebot1,simulation,robot-pose,x=-11.46;y=17.82;yaw=-1.25
69.9833333492,[debug],turtlebot1,simulation,robot-pose,x=-11.46;y=17.82;yaw=-1.25
70.1666667461,[debug],turtlebot2,simulation,robot-pose,x=-28.69;y=17.87;yaw=-0.79
70.1666667461,[debug],turtlebot2,simulation,robot-pose,x=-28.69;y=17.87;yaw=-0.79
70.1833333969,[debug],turtlebot4,simulation,robot-pose,x=-40.39;y=25.23;yaw=0.33
70.1833333969,[debug],turtlebot4,simulation,robot-pose,x=-40.39;y=25.23;yaw=0.33
70.1833333969,[debug],turtlebot3,simulation,robot-pose,x=-29.98;y=16.07;yaw=-3.10
70.1833333969,[debug],turtlebot5,simulation,robot-pose,x=-32.89;y=33.97;yaw=-3.10
70.1833333969,[debug],turtlebot3,simulation,robot-pose,x=-29.98;y=16.07;yaw=-3.10
70.1833333969,[debug],turtlebot5,simulation,robot-pose,x=-32.89;y=33.97;yaw=-3.10
84.9833333492,[debug],turtlebot1,simulation,robot-pose,x=-11.46;y=17.82;yaw=-1.25
84.9833333492,[debug],turtlebot1,simulation,robot-pose,x=-11.46;y=17.82;yaw=-1.25
85.1666667461,[debug],turtlebot2,simulation,robot-pose,x=-28.69;y=17.87;yaw=-0.78
85.1666667461,[debug],turtlebot2,simulation,robot-pose,x=-28.69;y=17.87;yaw=-0.78
85.1833333969,[debug],turtlebot3,simulation,robot-pose,x=-32.43;y=16.03;yaw=3.01
85.1833333969,[debug],turtlebot5,simulation,robot-pose,x=-32.90;y=33.97;yaw=-3.10
85.1833333969,[debug],turtlebot3,simulation,robot-pose,x=-32.43;y=16.03;yaw=3.01
85.1833333969,[debug],turtlebot5,simulation,robot-pose,x=-32.90;y=33.97;yaw=-3.10
85.1833333969,[debug],turtlebot4,simulation,robot-pose,x=-40.39;y=25.23;yaw=0.33
85.1833333969,[debug],turtlebot4,simulation,robot-pose,x=-40.39;y=25.23;yaw=0.33
99.9833333492,[debug],turtlebot1,simulation,robot-pose,x=-11.46;y=17.82;yaw=-1.25
99.9833333492,[debug],turtlebot1,simulation,robot-pose,x=-11.46;y=17.82;yaw=-1.25
100.166666746,[debug],turtlebot2,simulation,robot-pose,x=-28.69;y=17.88;yaw=-0.79
100.166666746,[debug],turtlebot2,simulation,robot-pose,x=-28.69;y=17.88;yaw=-0.79
100.183333397,[debug],turtlebot5,simulation,robot-pose,x=-32.90;y=33.97;yaw=-3.10
100.183333397,[debug],turtlebot5,simulation,robot-pose,x=-32.90;y=33.97;yaw=-3.10
100.183333397,[debug],turtlebot3,simulation,robot-pose,x=-35.00;y=16.12;yaw=3.09
100.183333397,[debug],turtlebot4,simulation,robot-pose,x=-40.39;y=25.23;yaw=0.33
100.183333397,[debug],turtlebot3,simulation,robot-pose,x=-35.00;y=16.12;yaw=3.09
100.183333397,[debug],turtlebot4,simulation,robot-pose,x=-40.39;y=25.23;yaw=0.33
113.950000048,[debug],turtlebot3,move-base-info,Hooray, the base moved arrived,(x=-37;y=16)
113.950000048,[debug],turtlebot3,move-base-info,Hooray, the base moved arrived,(x=-37;y=16)
114.083333254,[debug],turtlebot3,task-update,navigation,way-point-reached,50.0%
114.983333349,[debug],turtlebot1,simulation,robot-pose,x=-11.46;y=17.82;yaw=-1.25
114.983333349,[debug],turtlebot1,simulation,robot-pose,x=-11.46;y=17.82;yaw=-1.25
115.166666746,[debug],turtlebot2,simulation,robot-pose,x=-28.69;y=17.88;yaw=-0.79
115.166666746,[debug],turtlebot2,simulation,robot-pose,x=-28.69;y=17.88;yaw=-0.79
115.183333397,[debug],turtlebot4,simulation,robot-pose,x=-40.39;y=25.23;yaw=0.33
115.183333397,[debug],turtlebot5,simulation,robot-pose,x=-32.90;y=33.97;yaw=-3.09
115.183333397,[debug],turtlebot4,simulation,robot-pose,x=-40.39;y=25.23;yaw=0.33
115.183333397,[debug],turtlebot5,simulation,robot-pose,x=-32.90;y=33.97;yaw=-3.09
115.183333397,[debug],turtlebot3,simulation,robot-pose,x=-36.65;y=16.26;yaw=1.61
115.183333397,[debug],turtlebot3,simulation,robot-pose,x=-36.65;y=16.26;yaw=1.61
117.033333302,[info],turtlebot3,skill-life-cycle,navigation,(status=RUNNING, parameters=[[-27.23, 16.0, 3.141592653589793, True], [-37.0, 16.0, 1.5707963267948966, True], [-37.0, 18.93, 0.0, True], [-33.9, 18.93, 3.14, False]])
128.633333445,[debug],turtlebot3,move-base-info,Hooray, the base moved arrived,(x=-37;y=18.93)
128.633333445,[debug],turtlebot3,move-base-info,Hooray, the base moved arrived,(x=-37;y=18.93)
128.816666603,[debug],turtlebot3,task-update,navigation,way-point-reached,75.0%
129.983333349,[debug],turtlebot1,simulation,robot-pose,x=-11.46;y=17.82;yaw=-1.25
129.983333349,[debug],turtlebot1,simulation,robot-pose,x=-11.46;y=17.82;yaw=-1.25
130.166666746,[debug],turtlebot2,simulation,robot-pose,x=-28.69;y=17.88;yaw=-0.79
130.166666746,[debug],turtlebot2,simulation,robot-pose,x=-28.69;y=17.88;yaw=-0.79
130.183333397,[debug],turtlebot3,simulation,robot-pose,x=-36.91;y=18.49;yaw=0.04
130.183333397,[debug],turtlebot4,simulation,robot-pose,x=-40.39;y=25.23;yaw=0.33
130.183333397,[debug],turtlebot3,simulation,robot-pose,x=-36.91;y=18.49;yaw=0.04
130.183333397,[debug],turtlebot5,simulation,robot-pose,x=-32.90;y=33.97;yaw=-3.09
130.183333397,[debug],turtlebot4,simulation,robot-pose,x=-40.39;y=25.23;yaw=0.33
130.183333397,[debug],turtlebot5,simulation,robot-pose,x=-32.90;y=33.97;yaw=-3.09
144.983333349,[debug],turtlebot1,simulation,robot-pose,x=-11.46;y=17.82;yaw=-1.25
144.983333349,[debug],turtlebot1,simulation,robot-pose,x=-11.46;y=17.82;yaw=-1.25
145.166666746,[debug],turtlebot2,simulation,robot-pose,x=-28.69;y=17.88;yaw=-0.80
145.166666746,[debug],turtlebot2,simulation,robot-pose,x=-28.69;y=17.88;yaw=-0.80
145.183333397,[debug],turtlebot4,simulation,robot-pose,x=-40.39;y=25.23;yaw=0.33
145.183333397,[debug],turtlebot4,simulation,robot-pose,x=-40.39;y=25.23;yaw=0.33
145.183333397,[debug],turtlebot5,simulation,robot-pose,x=-32.90;y=33.97;yaw=-3.09
145.183333397,[debug],turtlebot5,simulation,robot-pose,x=-32.90;y=33.97;yaw=-3.09
145.183333397,[debug],turtlebot3,simulation,robot-pose,x=-35.86;y=18.08;yaw=-0.09
145.183333397,[debug],turtlebot3,simulation,robot-pose,x=-35.86;y=18.08;yaw=-0.09
159.983333349,[debug],turtlebot1,simulation,robot-pose,x=-11.46;y=17.82;yaw=-1.25
159.983333349,[debug],turtlebot1,simulation,robot-pose,x=-11.46;y=17.82;yaw=-1.25
160.166666746,[debug],turtlebot2,simulation,robot-pose,x=-28.69;y=17.88;yaw=-0.80
160.166666746,[debug],turtlebot2,simulation,robot-pose,x=-28.69;y=17.88;yaw=-0.80
160.183333397,[debug],turtlebot4,simulation,robot-pose,x=-40.39;y=25.23;yaw=0.33
160.183333397,[debug],turtlebot4,simulation,robot-pose,x=-40.39;y=25.23;yaw=0.33
160.183333397,[debug],turtlebot3,simulation,robot-pose,x=-34.98;y=17.94;yaw=0.28
160.183333397,[debug],turtlebot3,simulation,robot-pose,x=-34.98;y=17.94;yaw=0.28
160.183333397,[debug],turtlebot5,simulation,robot-pose,x=-32.90;y=33.97;yaw=-3.09
160.183333397,[debug],turtlebot5,simulation,robot-pose,x=-32.90;y=33.97;yaw=-3.09
169.433333397,[info],turtlebot3,skill-life-cycle,navigation,(status=RUNNING, parameters=[[-27.23, 16.0, 3.141592653589793, True], [-37.0, 16.0, 1.5707963267948966, True], [-37.0, 18.93, 0.0, True], [-33.9, 18.93, 3.14, False]])
170.633333445,[debug],turtlebot3,move-base-info,Hooray, the base moved arrived,(x=-33.9;y=18.93)
170.633333445,[debug],turtlebot3,move-base-info,Hooray, the base moved arrived,(x=-33.9;y=18.93)
170.883333445,[debug],turtlebot3,task-update,navigation,way-point-reached,100.0%
171.0,[debug],turtlebot3,available-skills,['send_message', 'wait_message', 'approach_person', 'approach_robot', 'authenticate_person', 'deposit', 'navigation', 'operate_drawer', 'pick_up'],
171.0,[info],turtlebot3,skill-life-cycle,approach_person,(status=STARTED, parameters=['nurse'])
171.066666603,[debug],turtlebot3,task-update,approach_person,localize-person,(who=nurse)
171.150000095,[debug],turtlebot3,task-update,approach_person,goto-person,(who=nurse)
171.233333349,[debug],turtlebot3,available-skills,['send_message', 'wait_message', 'approach_person', 'approach_robot', 'authenticate_person', 'deposit', 'navigation', 'operate_drawer', 'pick_up'],
171.233333349,[info],turtlebot3,skill-life-cycle,authenticate_person,(status=STARTED, parameters=['nurse'])
171.299999952,[debug],turtlebot3,task-update,authenticate_person,request-authentication,(to=nurse)
171.299999952,[info],nurse,sync,received-request,(status=sending-request)
171.366666555,[info],nurse,sync,received-request,(status=sending-request)
171.783333302,[debug],turtlebot3,task-update,authenticate_person,received-authentication,(from=nurse)
171.883333445,[debug],turtlebot3,available-skills,['send_message', 'wait_message', 'approach_person', 'approach_robot', 'authenticate_person', 'deposit', 'navigation', 'operate_drawer', 'pick_up'],
171.883333445,[info],turtlebot3,skill-life-cycle,operate_drawer,(status=STARTED, parameters=['open'])
171.966666698,[debug],turtlebot3,task-update,operate_drawer,open
172.983333349,[debug],turtlebot3,available-skills,['send_message', 'wait_message', 'approach_person', 'approach_robot', 'authenticate_person', 'deposit', 'navigation', 'operate_drawer', 'pick_up'],
172.983333349,[info],turtlebot3,skill-life-cycle,send_message,(status=STARTED, parameters=['nurse'])
173.033333302,[info],turtlebot3,sync,send-message,(to=nurse)
173.983333349,[info],nurse,sync,wait-message,(status=message-received)
173.983333349,[info],nurse,sync,wait-message,(status=message-received)
174.983333349,[debug],turtlebot1,simulation,robot-pose,x=-11.46;y=17.82;yaw=-1.25
174.983333349,[debug],turtlebot1,simulation,robot-pose,x=-11.46;y=17.82;yaw=-1.25
175.166666746,[debug],turtlebot2,simulation,robot-pose,x=-28.69;y=17.88;yaw=-0.80
175.166666746,[debug],turtlebot2,simulation,robot-pose,x=-28.69;y=17.88;yaw=-0.80
175.183333397,[debug],turtlebot3,simulation,robot-pose,x=-34.11;y=18.57;yaw=3.09
175.183333397,[debug],turtlebot4,simulation,robot-pose,x=-40.39;y=25.23;yaw=0.33
175.183333397,[debug],turtlebot3,simulation,robot-pose,x=-34.11;y=18.57;yaw=3.09
175.183333397,[debug],turtlebot5,simulation,robot-pose,x=-32.90;y=33.97;yaw=-3.09
175.183333397,[debug],turtlebot4,simulation,robot-pose,x=-40.39;y=25.23;yaw=0.33
175.183333397,[debug],turtlebot5,simulation,robot-pose,x=-32.90;y=33.97;yaw=-3.09
176.783333302,[debug],turtlebot3,available-skills,['send_message', 'wait_message', 'approach_person', 'approach_robot', 'authenticate_person', 'deposit', 'navigation', 'operate_drawer', 'pick_up'],
176.783333302,[info],turtlebot3,skill-life-cycle,wait_message,(status=STARTED, parameters=['r1'])
178.049999952,[info],turtlebot3,sync,wait-message,(status=message-received)
178.150000095,[debug],turtlebot3,available-skills,['send_message', 'wait_message', 'approach_person', 'approach_robot', 'authenticate_person', 'deposit', 'navigation', 'operate_drawer', 'pick_up'],
178.150000095,[info],turtlebot3,skill-life-cycle,operate_drawer,(status=STARTED, parameters=['close'])
178.200000048,[debug],turtlebot3,task-update,operate_drawer,close
179.216666698,[debug],turtlebot3,available-skills,['send_message', 'wait_message', 'approach_person', 'approach_robot', 'authenticate_person', 'deposit', 'navigation', 'operate_drawer', 'pick_up'],
179.216666698,[info],turtlebot3,skill-life-cycle,navigation,(status=STARTED, parameters=[[-37.0, 18.93, -1.5707963267948966, True], [-37.0, 16.0, 0.0, True], [-26.0, 16.0, -1.5707963267948966, True], [-26.0, 13.0, 1.57, False]])
183.983333349,[info],nurse,sync,wait-message,(status=message-received)
183.983333349,[info],nurse,sync,wait-message,(status=message-received)
189.983333349,[debug],turtlebot1,simulation,robot-pose,x=-11.46;y=17.82;yaw=-1.25
189.983333349,[debug],turtlebot1,simulation,robot-pose,x=-11.46;y=17.82;yaw=-1.25
190.166666746,[debug],turtlebot2,simulation,robot-pose,x=-28.68;y=17.88;yaw=-0.80
190.166666746,[debug],turtlebot2,simulation,robot-pose,x=-28.68;y=17.88;yaw=-0.80
190.183333397,[debug],turtlebot5,simulation,robot-pose,x=-32.90;y=33.97;yaw=-3.09
190.183333397,[debug],turtlebot5,simulation,robot-pose,x=-32.90;y=33.97;yaw=-3.09
190.183333397,[debug],turtlebot4,simulation,robot-pose,x=-40.39;y=25.23;yaw=0.33
190.183333397,[debug],turtlebot4,simulation,robot-pose,x=-40.39;y=25.23;yaw=0.33
190.183333397,[debug],turtlebot3,simulation,robot-pose,x=-34.64;y=18.26;yaw=-2.56
190.183333397,[debug],turtlebot3,simulation,robot-pose,x=-34.64;y=18.26;yaw=-2.56
191.299999952,[info],nurse,sync,request-sent,(status=waiting)
191.383333445,[info],nurse,sync,request-sent,(status=waiting)
193.983333349,[info],nurse,sync,wait-message,(status=message-received)
193.983333349,[info],nurse,sync,wait-message,(status=message-received)
203.983333349,[info],nurse,sync,wait-message,(status=message-received)
203.983333349,[info],nurse,sync,wait-message,(status=message-received)
204.983333349,[debug],turtlebot1,simulation,robot-pose,x=-11.46;y=17.82;yaw=-1.25
204.983333349,[debug],turtlebot1,simulation,robot-pose,x=-11.46;y=17.82;yaw=-1.25
205.166666746,[debug],turtlebot2,simulation,robot-pose,x=-28.68;y=17.88;yaw=-0.80
205.166666746,[debug],turtlebot2,simulation,robot-pose,x=-28.68;y=17.88;yaw=-0.80
205.183333397,[debug],turtlebot3,simulation,robot-pose,x=-35.13;y=17.98;yaw=-2.82
205.183333397,[debug],turtlebot3,simulation,robot-pose,x=-35.13;y=17.98;yaw=-2.82
205.183333397,[debug],turtlebot5,simulation,robot-pose,x=-32.91;y=33.97;yaw=-3.09
205.183333397,[debug],turtlebot5,simulation,robot-pose,x=-32.91;y=33.97;yaw=-3.09
205.183333397,[debug],turtlebot4,simulation,robot-pose,x=-40.39;y=25.23;yaw=0.33
205.183333397,[debug],turtlebot4,simulation,robot-pose,x=-40.39;y=25.23;yaw=0.33
219.983333349,[debug],turtlebot1,simulation,robot-pose,x=-11.46;y=17.82;yaw=-1.25
219.983333349,[debug],turtlebot1,simulation,robot-pose,x=-11.46;y=17.82;yaw=-1.25
220.166666746,[debug],turtlebot2,simulation,robot-pose,x=-28.69;y=17.88;yaw=-0.80
220.183333397,[debug],turtlebot2,simulation,robot-pose,x=-28.69;y=17.88;yaw=-0.80
220.183333397,[debug],turtlebot4,simulation,robot-pose,x=-40.39;y=25.23;yaw=0.33
220.183333397,[debug],turtlebot3,simulation,robot-pose,x=-36.69;y=18.64;yaw=-1.66
220.183333397,[debug],turtlebot4,simulation,robot-pose,x=-40.39;y=25.23;yaw=0.33
220.183333397,[debug],turtlebot5,simulation,robot-pose,x=-32.91;y=33.97;yaw=-3.08
220.183333397,[debug],turtlebot3,simulation,robot-pose,x=-36.69;y=18.64;yaw=-1.66
220.183333397,[debug],turtlebot5,simulation,robot-pose,x=-32.91;y=33.97;yaw=-3.08
220.633333445,[debug],turtlebot3,move-base-info,Hooray, the base moved arrived,(x=-37;y=18.93)
220.633333445,[debug],turtlebot3,move-base-info,Hooray, the base moved arrived,(x=-37;y=18.93)
220.683333397,[debug],turtlebot3,task-update,navigation,way-point-reached,25.0%
222.583333254,[info],turtlebot3,skill-life-cycle,navigation,(status=RUNNING, parameters=[[-37.0, 18.93, -1.5707963267948966, True], [-37.0, 16.0, 0.0, True], [-26.0, 16.0, -1.5707963267948966, True], [-26.0, 13.0, 1.57, False]])
234.983333349,[debug],turtlebot1,simulation,robot-pose,x=-11.46;y=17.82;yaw=-1.25
234.983333349,[debug],turtlebot1,simulation,robot-pose,x=-11.46;y=17.82;yaw=-1.25
235.166666746,[debug],turtlebot2,simulation,robot-pose,x=-28.69;y=17.88;yaw=-0.80
235.166666746,[debug],turtlebot2,simulation,robot-pose,x=-28.69;y=17.88;yaw=-0.80
235.183333397,[debug],turtlebot5,simulation,robot-pose,x=-32.91;y=33.97;yaw=-3.07
235.183333397,[debug],turtlebot4,simulation,robot-pose,x=-40.39;y=25.23;yaw=0.33
235.183333397,[debug],turtlebot5,simulation,robot-pose,x=-32.91;y=33.97;yaw=-3.07
235.183333397,[debug],turtlebot3,simulation,robot-pose,x=-36.69;y=17.82;yaw=-1.60
235.183333397,[debug],turtlebot4,simulation,robot-pose,x=-40.39;y=25.23;yaw=0.33
235.183333397,[debug],turtlebot3,simulation,robot-pose,x=-36.69;y=17.82;yaw=-1.60
249.983333349,[debug],turtlebot1,simulation,robot-pose,x=-11.46;y=17.82;yaw=-1.25
249.983333349,[debug],turtlebot1,simulation,robot-pose,x=-11.46;y=17.82;yaw=-1.25
250.166666746,[debug],turtlebot2,simulation,robot-pose,x=-28.69;y=17.88;yaw=-0.79
250.166666746,[debug],turtlebot2,simulation,robot-pose,x=-28.69;y=17.88;yaw=-0.79
250.183333397,[debug],turtlebot3,simulation,robot-pose,x=-36.83;y=16.57;yaw=-1.96
250.183333397,[debug],turtlebot3,simulation,robot-pose,x=-36.83;y=16.57;yaw=-1.96
250.183333397,[debug],turtlebot4,simulation,robot-pose,x=-40.39;y=25.23;yaw=0.33
250.183333397,[debug],turtlebot4,simulation,robot-pose,x=-40.39;y=25.23;yaw=0.33
250.183333397,[debug],turtlebot5,simulation,robot-pose,x=-32.91;y=33.97;yaw=-3.06
250.183333397,[debug],turtlebot5,simulation,robot-pose,x=-32.91;y=33.97;yaw=-3.06
256.716666698,[debug],turtlebot3,move-base-info,Hooray, the base moved arrived,(x=-37;y=16)
256.716666698,[debug],turtlebot3,move-base-info,Hooray, the base moved arrived,(x=-37;y=16)
256.816666603,[debug],turtlebot3,task-update,navigation,way-point-reached,50.0%
264.966666698,[debug],turtlebot1,simulation,robot-pose,x=-11.46;y=17.82;yaw=-1.25
264.983333349,[debug],turtlebot1,simulation,robot-pose,x=-11.46;y=17.82;yaw=-1.25
265.166666746,[debug],turtlebot2,simulation,robot-pose,x=-28.69;y=17.88;yaw=-0.79
265.166666746,[debug],turtlebot2,simulation,robot-pose,x=-28.69;y=17.88;yaw=-0.79
265.183333397,[debug],turtlebot4,simulation,robot-pose,x=-40.39;y=25.23;yaw=0.33
265.183333397,[debug],turtlebot3,simulation,robot-pose,x=-36.55;y=16.29;yaw=-0.75
265.183333397,[debug],turtlebot4,simulation,robot-pose,x=-40.39;y=25.23;yaw=0.33
265.183333397,[debug],turtlebot3,simulation,robot-pose,x=-36.55;y=16.29;yaw=-0.75
265.183333397,[debug],turtlebot5,simulation,robot-pose,x=-32.91;y=33.97;yaw=-3.06
265.183333397,[debug],turtlebot5,simulation,robot-pose,x=-32.91;y=33.97;yaw=-3.06
274.583333254,[info],turtlebot3,skill-life-cycle,navigation,(status=RUNNING, parameters=[[-37.0, 18.93, -1.5707963267948966, True], [-37.0, 16.0, 0.0, True], [-26.0, 16.0, -1.5707963267948966, True], [-26.0, 13.0, 1.57, False]])
279.983333349,[debug],turtlebot1,simulation,robot-pose,x=-11.46;y=17.82;yaw=-1.25
279.983333349,[debug],turtlebot1,simulation,robot-pose,x=-11.46;y=17.82;yaw=-1.25
280.166666746,[debug],turtlebot2,simulation,robot-pose,x=-28.69;y=17.88;yaw=-0.80
280.166666746,[debug],turtlebot2,simulation,robot-pose,x=-28.69;y=17.88;yaw=-0.80
280.183333397,[debug],turtlebot4,simulation,robot-pose,x=-40.39;y=25.23;yaw=0.33
280.183333397,[debug],turtlebot4,simulation,robot-pose,x=-40.39;y=25.23;yaw=0.33
280.183333397,[debug],turtlebot5,simulation,robot-pose,x=-32.92;y=33.98;yaw=-3.05
280.183333397,[debug],turtlebot5,simulation,robot-pose,x=-32.92;y=33.98;yaw=-3.05
280.183333397,[debug],turtlebot3,simulation,robot-pose,x=-34.90;y=15.77;yaw=0.06
280.183333397,[debug],turtlebot3,simulation,robot-pose,x=-34.90;y=15.77;yaw=0.06
294.983333349,[debug],turtlebot1,simulation,robot-pose,x=-11.46;y=17.82;yaw=-1.25
294.983333349,[debug],turtlebot1,simulation,robot-pose,x=-11.46;y=17.82;yaw=-1.25
295.166666746,[debug],turtlebot2,simulation,robot-pose,x=-28.70;y=17.88;yaw=-0.80
295.166666746,[debug],turtlebot2,simulation,robot-pose,x=-28.70;y=17.88;yaw=-0.80
295.183333397,[debug],turtlebot3,simulation,robot-pose,x=-32.28;y=15.95;yaw=0.39
295.183333397,[debug],turtlebot3,simulation,robot-pose,x=-32.28;y=15.95;yaw=0.39
295.183333397,[debug],turtlebot4,simulation,robot-pose,x=-40.39;y=25.23;yaw=0.33
295.183333397,[debug],turtlebot4,simulation,robot-pose,x=-40.39;y=25.23;yaw=0.33
295.183333397,[debug],turtlebot5,simulation,robot-pose,x=-32.92;y=33.98;yaw=-3.05
295.183333397,[debug],turtlebot5,simulation,robot-pose,x=-32.92;y=33.98;yaw=-3.05
309.983333349,[debug],turtlebot1,simulation,robot-pose,x=-11.47;y=17.82;yaw=-1.25
309.983333349,[debug],turtlebot1,simulation,robot-pose,x=-11.47;y=17.82;yaw=-1.25
310.166666746,[debug],turtlebot2,simulation,robot-pose,x=-28.70;y=17.88;yaw=-0.81
310.166666746,[debug],turtlebot2,simulation,robot-pose,x=-28.70;y=17.88;yaw=-0.81
310.183333397,[debug],turtlebot5,simulation,robot-pose,x=-32.92;y=33.98;yaw=-3.06
310.183333397,[debug],turtlebot5,simulation,robot-pose,x=-32.92;y=33.98;yaw=-3.06
310.183333397,[debug],turtlebot3,simulation,robot-pose,x=-29.68;y=16.08;yaw=0.03
310.183333397,[debug],turtlebot3,simulation,robot-pose,x=-29.68;y=16.08;yaw=0.03
310.183333397,[debug],turtlebot4,simulation,robot-pose,x=-40.39;y=25.23;yaw=0.33
310.183333397,[debug],turtlebot4,simulation,robot-pose,x=-40.39;y=25.23;yaw=0.33
324.983333349,[debug],turtlebot1,simulation,robot-pose,x=-11.47;y=17.82;yaw=-1.25
324.983333349,[debug],turtlebot1,simulation,robot-pose,x=-11.47;y=17.82;yaw=-1.25
325.116666555,[info],turtlebot3,skill-life-cycle,navigation,(status=RUNNING, parameters=[[-37.0, 18.93, -1.5707963267948966, True], [-37.0, 16.0, 0.0, True], [-26.0, 16.0, -1.5707963267948966, True], [-26.0, 13.0, 1.57, False]])
325.166666746,[debug],turtlebot2,simulation,robot-pose,x=-28.70;y=17.88;yaw=-0.80
325.166666746,[debug],turtlebot2,simulation,robot-pose,x=-28.70;y=17.88;yaw=-0.80
325.183333397,[debug],turtlebot4,simulation,robot-pose,x=-40.39;y=25.23;yaw=0.33
325.183333397,[debug],turtlebot4,simulation,robot-pose,x=-40.39;y=25.23;yaw=0.33
325.183333397,[debug],turtlebot3,simulation,robot-pose,x=-27.17;y=16.09;yaw=-0.01
325.183333397,[debug],turtlebot3,simulation,robot-pose,x=-27.17;y=16.09;yaw=-0.01
325.183333397,[debug],turtlebot5,simulation,robot-pose,x=-32.92;y=33.98;yaw=-3.06
325.183333397,[debug],turtlebot5,simulation,robot-pose,x=-32.92;y=33.98;yaw=-3.06
334.5,[debug],turtlebot3,move-base-info,Hooray, the base moved arrived,(x=-26;y=16)
334.5,[debug],turtlebot3,move-base-info,Hooray, the base moved arrived,(x=-26;y=16)
334.683333397,[debug],turtlebot3,task-update,navigation,way-point-reached,75.0%
339.983333349,[debug],turtlebot1,simulation,robot-pose,x=-11.47;y=17.82;yaw=-1.25
339.983333349,[debug],turtlebot1,simulation,robot-pose,x=-11.47;y=17.82;yaw=-1.25
340.166666746,[debug],turtlebot2,simulation,robot-pose,x=-28.71;y=17.88;yaw=-0.81
340.166666746,[debug],turtlebot2,simulation,robot-pose,x=-28.71;y=17.88;yaw=-0.81
340.183333397,[debug],turtlebot3,simulation,robot-pose,x=-26.38;y=16.23;yaw=-1.42
340.183333397,[debug],turtlebot3,simulation,robot-pose,x=-26.38;y=16.23;yaw=-1.42
340.183333397,[debug],turtlebot4,simulation,robot-pose,x=-40.39;y=25.23;yaw=0.33
340.183333397,[debug],turtlebot4,simulation,robot-pose,x=-40.39;y=25.23;yaw=0.33
340.183333397,[debug],turtlebot5,simulation,robot-pose,x=-32.93;y=33.98;yaw=-3.06
340.183333397,[debug],turtlebot5,simulation,robot-pose,x=-32.93;y=33.98;yaw=-3.06
354.983333349,[debug],turtlebot1,simulation,robot-pose,x=-11.47;y=17.82;yaw=-1.25
354.983333349,[debug],turtlebot1,simulation,robot-pose,x=-11.47;y=17.82;yaw=-1.25
355.166666746,[debug],turtlebot2,simulation,robot-pose,x=-28.71;y=17.88;yaw=-0.81
355.166666746,[debug],turtlebot2,simulation,robot-pose,x=-28.71;y=17.88;yaw=-0.81
355.183333397,[debug],turtlebot3,simulation,robot-pose,x=-25.92;y=15.02;yaw=-1.37
355.183333397,[debug],turtlebot3,simulation,robot-pose,x=-25.92;y=15.02;yaw=-1.37
355.183333397,[debug],turtlebot4,simulation,robot-pose,x=-40.39;y=25.23;yaw=0.33
355.183333397,[debug],turtlebot4,simulation,robot-pose,x=-40.39;y=25.23;yaw=0.33
355.183333397,[debug],turtlebot5,simulation,robot-pose,x=-32.93;y=33.98;yaw=-3.06
355.183333397,[debug],turtlebot5,simulation,robot-pose,x=-32.93;y=33.98;yaw=-3.06
369.983333349,[debug],turtlebot1,simulation,robot-pose,x=-11.47;y=17.82;yaw=-1.25
369.983333349,[debug],turtlebot1,simulation,robot-pose,x=-11.47;y=17.82;yaw=-1.25
370.166666746,[debug],turtlebot2,simulation,robot-pose,x=-28.71;y=17.88;yaw=-0.80
370.166666746,[debug],turtlebot2,simulation,robot-pose,x=-28.71;y=17.88;yaw=-0.80
370.183333397,[debug],turtlebot5,simulation,robot-pose,x=-32.93;y=33.98;yaw=-3.06
370.183333397,[debug],turtlebot5,simulation,robot-pose,x=-32.93;y=33.98;yaw=-3.06
370.183333397,[debug],turtlebot3,simulation,robot-pose,x=-25.81;y=13.78;yaw=-1.56
370.183333397,[debug],turtlebot3,simulation,robot-pose,x=-25.81;y=13.78;yaw=-1.56
370.183333397,[debug],turtlebot4,simulation,robot-pose,x=-40.39;y=25.23;yaw=0.33
370.183333397,[debug],turtlebot4,simulation,robot-pose,x=-40.39;y=25.23;yaw=0.33
376.316666603,[info],turtlebot3,skill-life-cycle,navigation,(status=RUNNING, parameters=[[-37.0, 18.93, -1.5707963267948966, True], [-37.0, 16.0, 0.0, True], [-26.0, 16.0, -1.5707963267948966, True], [-26.0, 13.0, 1.57, False]])
381.033333302,[debug],turtlebot3,move-base-info,Hooray, the base moved arrived,(x=-26;y=13)
381.033333302,[debug],turtlebot3,move-base-info,Hooray, the base moved arrived,(x=-26;y=13)
381.233333349,[debug],turtlebot3,task-update,navigation,way-point-reached,100.0%
381.316666603,[debug],turtlebot3,available-skills,['send_message', 'wait_message', 'approach_person', 'approach_robot', 'authenticate_person', 'deposit', 'navigation', 'operate_drawer', 'pick_up'],
381.316666603,[info],turtlebot3,skill-life-cycle,approach_robot,(status=STARTED, parameters=['lab_arm'])
381.416666746,[debug],turtlebot3,task-update,approach_robot,localize-robot,(who=lab_arm)
381.516666651,[debug],turtlebot3,task-update,approach_robot,goto-robot,(who=lab_arm)
381.616666555,[debug],turtlebot3,available-skills,['send_message', 'wait_message', 'approach_person', 'approach_robot', 'authenticate_person', 'deposit', 'navigation', 'operate_drawer', 'pick_up'],
381.616666555,[info],turtlebot3,skill-life-cycle,operate_drawer,(status=STARTED, parameters=['open'])
381.700000048,[debug],turtlebot3,task-update,operate_drawer,open
382.75,[debug],turtlebot3,available-skills,['send_message', 'wait_message', 'approach_person', 'approach_robot', 'authenticate_person', 'deposit', 'navigation', 'operate_drawer', 'pick_up'],
382.75,[info],turtlebot3,skill-life-cycle,send_message,(status=STARTED, parameters=['lab_arm'])
382.816666603,[info],turtlebot3,sync,send-message,(to=lab_arm)
383.766666651,[info],lab_arm,sync,wait-message,(status=message-received)
383.766666651,[info],lab_arm,sync,wait-message,(status=message-received)
383.766666651,[info],Inventory,sync,wait-sample,(status=sample-received)
383.766666651,ENDSIM
383.766666651,[info],Inventory,sync,wait-sample,(status=sample-received)
383.766666651,ENDSIM
384.983333349,[debug],turtlebot1,simulation,robot-pose,x=-11.47;y=17.82;yaw=-1.25
384.983333349,[debug],turtlebot1,simulation,robot-pose,x=-11.47;y=17.82;yaw=-1.25
385.166666746,[debug],turtlebot2,simulation,robot-pose,x=-28.72;y=17.88;yaw=-0.80
385.166666746,[debug],turtlebot2,simulation,robot-pose,x=-28.72;y=17.88;yaw=-0.80
385.183333397,[debug],turtlebot5,simulation,robot-pose,x=-32.93;y=33.98;yaw=-3.06
385.183333397,[debug],turtlebot4,simulation,robot-pose,x=-40.39;y=25.23;yaw=0.33
385.183333397,[debug],turtlebot5,simulation,robot-pose,x=-32.93;y=33.98;yaw=-3.06
385.183333397,[debug],turtlebot4,simulation,robot-pose,x=-40.39;y=25.23;yaw=0.33
385.183333397,[debug],turtlebot3,simulation,robot-pose,x=-25.88;y=13.40;yaw=1.62
385.183333397,[debug],turtlebot3,simulation,robot-pose,x=-25.88;y=13.40;yaw=1.62
393.766666651,[info],Inventory,sync,wait-sample,(status=sample-received)
393.766666651,ENDSIM
393.766666651,[info],lab_arm,sync,wait-message,(status=message-received)
393.766666651,[info],Inventory,sync,wait-sample,(status=sample-received)
393.766666651,ENDSIM
393.883333445,[info],Inventory,sync,wait-sample,(status=sample-received)
393.883333445,ENDSIM
393.883333445,[info],lab_arm,sync,wait-message,(status=message-received)
393.883333445,[info],Inventory,sync,wait-sample,(status=sample-received)
393.883333445,ENDSIM
0.0,[debug],simulation closed,reach-target,execution-wall-clock=463.4908254146576
