0.00, [DEBUG], logger, ROBOTS_CONFIG=[{"avg_speed": 0.15, "battery_charge": 0.23995139509475963, "battery_discharge_rate": 0.00048000000000000007, "id": 1, "local_plan": null, "location": "PC Room 4", "name": "r1", "position": [-27.23, 18.0, -1.57], "skills": ["approach_person", "approach_robot", "authenticate_person", "navigation", "operate_drawer"]}, {"avg_speed": 0.15, "battery_charge": 0.634952869577942, "battery_discharge_rate": 0.00054, "id": 2, "local_plan": null, "location": "PC Room 6", "name": "r2", "position": [-19.0, 18.0, -1.57], "skills": ["approach_person", "approach_robot", "authenticate_person", "navigation", "operate_drawer"]}, {"avg_speed": 0.15, "battery_charge": 0.08039941318304296, "battery_discharge_rate": 0.00036, "id": 3, "local_plan": null, "location": "PC Room 7", "name": "r3", "position": [-13.5, 18.0, -1.57], "skills": ["approach_person", "approach_robot", "authenticate_person", "navigation", "operate_drawer"]}, {"avg_speed": 0.15, "battery_charge": 0.17496190705907763, "battery_discharge_rate": 0.0006000000000000001, "id": 4, "local_plan": null, "location": "IC Room 5", "name": "r4", "position": [-32.88, 33.98, 3.14], "skills": ["approach_person", "approach_robot", "authenticate_person", "navigation", "operate_drawer"]}, {"avg_speed": 0.15, "battery_charge": 0.7179616530181877, "battery_discharge_rate": 0.0002, "id": 5, "local_plan": null, "location": "PC Room 8", "name": "r5", "position": [-11.5, 18.0, -1.57], "skills": ["approach_person", "approach_robot", "authenticate_person", "navigation", "operate_drawer"]}, {"avg_speed": 0.15, "battery_charge": 0.5408465660492595, "battery_discharge_rate": 0.00072, "id": 6, "local_plan": [["navigation", ["IC Room 2", [[-33.9, 18.93, 3.14], [-37.0, 18.93], [-37.0, 21.5], [-38.0, 21.5, 0.0]]], "navto_room"], ["approach_person", ["nurse"], "approach_nurse"], ["authenticate_person", ["nurse"], "authenticate_nurse"], ["operate_drawer", ["open"], "open_drawer_for_nurse"], ["send_message", ["nurse"], "notify_nurse_of_open_drawer_for_nurse_completed"], ["wait_message", ["nurse"], "wait_nurse_to_complete_deposit"], ["operate_drawer", ["close"], "close_drawer_nurse"], ["navigation", ["Laboratory", [[-38.0, 21.5, 0.0], [-37.0, 21.5], [-37.0, 16.0], [-26.0, 16.0], [-26.0, 13.0, 1.57]]], "navto_lab"], ["approach_robot", ["lab_arm"], "approach_arm"], ["operate_drawer", ["open"], "open_drawer_lab"], ["send_message", ["lab_arm"], "notify_lab_arm_of_open_drawer_lab_completed"], ["wait_message", ["lab_arm"], "wait_lab_arm_to_complete_pick_up_sample"], ["operate_drawer", ["close"], "close_drawer_lab"]], "location": "IC Room 6", "name": "r6", "position": [-33.9, 18.93, 3.14], "skills": ["approach_person", "approach_robot", "authenticate_person", "navigation", "operate_drawer"]}]
0.00, [DEBUG], logger, NURSES_CONFIG=[{"location": "IC Room 2", "position": [-39.0, 20.5, 0.0]}]
0.00, [DEBUG], logger, Simulation open
0.00, [DEBUG], logger, subcribing to in the topic /log
1.58, [DEBUG], None, [debug],turtlebot3,move-base-info,Move_base is up and ok....,
1.60, [DEBUG], None, [debug],turtlebot5,move-base-info,Move_base is up and ok....,
1.63, [DEBUG], None, [debug],turtlebot6,move-base-info,Move_base is up and ok....,
1.72, [DEBUG], None, [debug],turtlebot4,move-base-info,Move_base is up and ok....,
1.78, [DEBUG], None, [debug],turtlebot1,move-base-info,Move_base is up and ok....,
2.22, [DEBUG], None, [debug],turtlebot2,move-base-info,Move_base is up and ok....,
5.80, [DEBUG], turtlebot6, {"param_list": [], "skill": "init_robobt", "skill-life-cycle": "SUCCESS", "label": "init_robobt"}
5.80, [DEBUG], turtlebot6, "available-skills=['send_message', 'wait_message', 'approach_person', 'approach_robot', 'authenticate_person', 'navigation', 'operate_drawer']"
5.80, [DEBUG], turtlebot6, {"param_list": ["IC Room 2", [[-37.0, 18.93, 1.5707963267948966, true], [-37.0, 21.5, 3.141592653589793, true], [-38.0, 21.5, 0.0, false]]], "skill": "navigation", "skill-life-cycle": "STARTED", "label": "navto_room"}
8.68, [DEBUG], turtlebot1, {"param_list": [], "skill": "init_robobt", "skill-life-cycle": "RUNNING", "label": "init_robobt"}
8.68, [DEBUG], turtlebot4, {"param_list": [], "skill": "init_robobt", "skill-life-cycle": "RUNNING", "label": "init_robobt"}
8.68, [DEBUG], turtlebot3, {"param_list": [], "skill": "init_robobt", "skill-life-cycle": "RUNNING", "label": "init_robobt"}
9.43, [DEBUG], turtlebot5, {"param_list": [], "skill": "init_robobt", "skill-life-cycle": "RUNNING", "label": "init_robobt"}
9.87, [DEBUG], turtlebot2, {"param_list": [], "skill": "init_robobt", "skill-life-cycle": "RUNNING", "label": "init_robobt"}
10.38, [DEBUG], turtlebot4, {"param_list": [], "skill": "init_robobt", "skill-life-cycle": "SUCCESS", "label": "init_robobt"}
10.38, [DEBUG], turtlebot3, {"param_list": [], "skill": "init_robobt", "skill-life-cycle": "SUCCESS", "label": "init_robobt"}
10.42, [DEBUG], turtlebot1, {"param_list": [], "skill": "init_robobt", "skill-life-cycle": "SUCCESS", "label": "init_robobt"}
12.18, [DEBUG], turtlebot5, {"param_list": [], "skill": "init_robobt", "skill-life-cycle": "SUCCESS", "label": "init_robobt"}
13.65, [DEBUG], turtlebot2, {"param_list": [], "skill": "init_robobt", "skill-life-cycle": "SUCCESS", "label": "init_robobt"}
21.37, [INFO], turtlebot1, {"y": "18.02", "x": "-27.23", "yaw": "-1.59"}
21.37, [INFO], turtlebot1, {"y": "18.02", "x": "-27.23", "yaw": "-1.59"}
21.37, [INFO], turtlebot2, {"y": "17.99", "x": "-19.02", "yaw": "-1.38"}
21.38, [INFO], turtlebot2, {"y": "17.99", "x": "-19.02", "yaw": "-1.38"}
21.38, [INFO], turtlebot3, {"y": "18.00", "x": "-13.50", "yaw": "-1.50"}
21.38, [INFO], turtlebot3, {"y": "18.00", "x": "-13.50", "yaw": "-1.50"}
21.38, [INFO], turtlebot4, {"y": "33.97", "x": "-32.89", "yaw": "-3.10"}
21.38, [INFO], turtlebot4, {"y": "33.97", "x": "-32.89", "yaw": "-3.10"}
21.40, [INFO], turtlebot6, {"y": "18.01", "x": "-34.65", "yaw": "-2.69"}
21.40, [INFO], turtlebot6, {"y": "18.01", "x": "-34.65", "yaw": "-2.69"}
21.40, [INFO], turtlebot5, {"y": "17.82", "x": "-11.46", "yaw": "-1.25"}
21.42, [INFO], turtlebot5, {"y": "17.82", "x": "-11.46", "yaw": "-1.25"}
21.42, [INFO], turtlebot6, {"battery-level": "53.17%"}
21.42, [INFO], turtlebot6, {"battery-level": "53.17%"}
36.37, [INFO], turtlebot1, {"y": "18.02", "x": "-27.23", "yaw": "-1.59"}
36.37, [INFO], turtlebot1, {"y": "18.02", "x": "-27.23", "yaw": "-1.59"}
36.37, [INFO], turtlebot2, {"y": "17.99", "x": "-19.01", "yaw": "-1.38"}
36.37, [INFO], turtlebot2, {"y": "17.99", "x": "-19.01", "yaw": "-1.38"}
36.38, [INFO], turtlebot4, {"y": "33.97", "x": "-32.89", "yaw": "-3.10"}
36.38, [INFO], turtlebot4, {"y": "33.97", "x": "-32.89", "yaw": "-3.10"}
36.38, [INFO], turtlebot3, {"y": "18.00", "x": "-13.49", "yaw": "-1.49"}
36.38, [INFO], turtlebot3, {"y": "18.00", "x": "-13.49", "yaw": "-1.49"}
36.40, [INFO], turtlebot6, {"y": "18.00", "x": "-35.86", "yaw": "2.55"}
36.40, [INFO], turtlebot5, {"y": "17.82", "x": "-11.46", "yaw": "-1.25"}
36.40, [INFO], turtlebot6, {"y": "18.00", "x": "-35.86", "yaw": "2.55"}
36.40, [INFO], turtlebot5, {"y": "17.82", "x": "-11.46", "yaw": "-1.25"}
36.42, [INFO], turtlebot6, {"battery-level": "52.12%"}
36.42, [INFO], turtlebot6, {"battery-level": "52.12%"}
38.38, [DEBUG], turtlebot6, {"param_list": ["IC Room 2", [[-37.0, 18.93, 1.5707963267948966, true], [-37.0, 21.5, 3.141592653589793, true], [-38.0, 21.5, 0.0, false]]], "skill": "navigation", "skill-life-cycle": "RUNNING", "label": "navto_room"}
48.92, [DEBUG], None, [debug],turtlebot6,move-base-info,Hooray, the base moved arrived,(x=-37;y=18.93)
48.92, [DEBUG], None, [debug],turtlebot6,move-base-info,Hooray, the base moved arrived,(x=-37;y=18.93)
49.00, [DEBUG], turtlebot6, {"status": "way-point-reached", "skill": "navigation", "percentage": "33.33%", "goingto": "IC Room 2"}
51.37, [INFO], turtlebot1, {"y": "18.03", "x": "-27.22", "yaw": "-1.58"}
51.37, [INFO], turtlebot1, {"y": "18.03", "x": "-27.22", "yaw": "-1.58"}
51.37, [INFO], turtlebot2, {"y": "17.99", "x": "-19.01", "yaw": "-1.38"}
51.37, [INFO], turtlebot2, {"y": "17.99", "x": "-19.01", "yaw": "-1.38"}
51.38, [INFO], turtlebot4, {"y": "33.97", "x": "-32.89", "yaw": "-3.10"}
51.38, [INFO], turtlebot4, {"y": "33.97", "x": "-32.89", "yaw": "-3.10"}
51.38, [INFO], turtlebot3, {"y": "18.00", "x": "-13.49", "yaw": "-1.48"}
51.38, [INFO], turtlebot3, {"y": "18.00", "x": "-13.49", "yaw": "-1.48"}
51.40, [INFO], turtlebot6, {"y": "18.69", "x": "-36.60", "yaw": "1.62"}
51.40, [INFO], turtlebot6, {"y": "18.69", "x": "-36.60", "yaw": "1.62"}
51.40, [INFO], turtlebot5, {"y": "17.82", "x": "-11.46", "yaw": "-1.25"}
51.40, [INFO], turtlebot5, {"y": "17.82", "x": "-11.46", "yaw": "-1.25"}
51.42, [INFO], turtlebot6, {"battery-level": "51.00%"}
51.42, [INFO], turtlebot6, {"battery-level": "51.00%"}
66.37, [INFO], turtlebot2, {"y": "17.99", "x": "-19.01", "yaw": "-1.38"}
66.37, [INFO], turtlebot2, {"y": "17.99", "x": "-19.01", "yaw": "-1.38"}
66.37, [INFO], turtlebot1, {"y": "18.03", "x": "-27.22", "yaw": "-1.58"}
66.37, [INFO], turtlebot1, {"y": "18.03", "x": "-27.22", "yaw": "-1.58"}
66.38, [INFO], turtlebot4, {"y": "33.97", "x": "-32.89", "yaw": "-3.10"}
66.38, [INFO], turtlebot4, {"y": "33.97", "x": "-32.89", "yaw": "-3.10"}
66.38, [INFO], turtlebot3, {"y": "18.00", "x": "-13.49", "yaw": "-1.47"}
66.38, [INFO], turtlebot3, {"y": "18.00", "x": "-13.49", "yaw": "-1.47"}
66.40, [INFO], turtlebot6, {"y": "20.75", "x": "-36.72", "yaw": "1.77"}
66.40, [INFO], turtlebot6, {"y": "20.75", "x": "-36.72", "yaw": "1.77"}
66.42, [INFO], turtlebot5, {"y": "17.82", "x": "-11.46", "yaw": "-1.25"}
66.42, [INFO], turtlebot5, {"y": "17.82", "x": "-11.46", "yaw": "-1.25"}
66.42, [INFO], turtlebot6, {"battery-level": "49.95%"}
66.42, [INFO], turtlebot6, {"battery-level": "49.95%"}
72.20, [DEBUG], None, [debug],turtlebot6,move-base-info,Hooray, the base moved arrived,(x=-37;y=21.5)
72.32, [DEBUG], None, [debug],turtlebot6,move-base-info,Hooray, the base moved arrived,(x=-37;y=21.5)
72.43, [DEBUG], turtlebot6, {"status": "way-point-reached", "skill": "navigation", "percentage": "66.67%", "goingto": "IC Room 2"}
81.37, [INFO], turtlebot2, {"y": "17.99", "x": "-19.01", "yaw": "-1.38"}
81.37, [INFO], turtlebot2, {"y": "17.99", "x": "-19.01", "yaw": "-1.38"}
81.37, [INFO], turtlebot1, {"y": "18.03", "x": "-27.22", "yaw": "-1.58"}
81.37, [INFO], turtlebot1, {"y": "18.03", "x": "-27.22", "yaw": "-1.58"}
81.38, [INFO], turtlebot3, {"y": "18.00", "x": "-13.49", "yaw": "-1.45"}
81.38, [INFO], turtlebot3, {"y": "18.00", "x": "-13.49", "yaw": "-1.45"}
81.38, [INFO], turtlebot4, {"y": "33.97", "x": "-32.90", "yaw": "-3.10"}
81.38, [INFO], turtlebot4, {"y": "33.97", "x": "-32.90", "yaw": "-3.10"}
81.40, [INFO], turtlebot6, {"y": "21.27", "x": "-37.17", "yaw": "2.57"}
81.40, [INFO], turtlebot6, {"y": "21.27", "x": "-37.17", "yaw": "2.57"}
81.40, [INFO], turtlebot5, {"y": "17.82", "x": "-11.46", "yaw": "-1.25"}
81.40, [INFO], turtlebot5, {"y": "17.82", "x": "-11.46", "yaw": "-1.25"}
81.42, [INFO], turtlebot6, {"battery-level": "48.90%"}
81.42, [INFO], turtlebot6, {"battery-level": "48.90%"}
82.02, [DEBUG], turtlebot6, {"param_list": ["IC Room 2", [[-37.0, 18.93, 1.5707963267948966, true], [-37.0, 21.5, 3.141592653589793, true], [-38.0, 21.5, 0.0, false]]], "skill": "navigation", "skill-life-cycle": "RUNNING", "label": "navto_room"}
92.68, [DEBUG], None, [debug],turtlebot6,move-base-info,Hooray, the base moved arrived,(x=-38;y=21.5)
92.68, [DEBUG], None, [debug],turtlebot6,move-base-info,Hooray, the base moved arrived,(x=-38;y=21.5)
92.78, [DEBUG], turtlebot6, {"status": "way-point-reached", "skill": "navigation", "percentage": "100.00%", "goingto": "IC Room 2"}
92.85, [DEBUG], turtlebot6, {"param_list": ["IC Room 2", [[-37.0, 18.93, 1.5707963267948966, true], [-37.0, 21.5, 3.141592653589793, true], [-38.0, 21.5, 0.0, false]]], "skill": "navigation", "skill-life-cycle": "SUCCESS", "label": "navto_room"}
92.85, [DEBUG], turtlebot6, "available-skills=['send_message', 'wait_message', 'approach_person', 'approach_robot', 'authenticate_person', 'navigation', 'operate_drawer']"
92.85, [DEBUG], turtlebot6, {"param_list": ["nurse"], "skill": "approach_person", "skill-life-cycle": "STARTED", "label": "approach_nurse"}
92.97, [DEBUG], turtlebot6, {"status": "localize-person", "skill": "approach-person", "who": "nurse"}
93.48, [DEBUG], turtlebot6, {"status": "goto-person", "skill": "approach-person", "who": "nurse"}
93.57, [DEBUG], turtlebot6, {"param_list": ["nurse"], "skill": "approach_person", "skill-life-cycle": "SUCCESS", "label": "approach_nurse"}
93.57, [DEBUG], turtlebot6, "available-skills=['send_message', 'wait_message', 'approach_person', 'approach_robot', 'authenticate_person', 'navigation', 'operate_drawer']"
93.58, [DEBUG], turtlebot6, {"param_list": ["nurse"], "skill": "authenticate_person", "skill-life-cycle": "STARTED", "label": "authenticate_nurse"}
93.63, [DEBUG], turtlebot6, {"status": "request-authentication", "to": "nurse", "skill": "authenticate-person"}
93.65, [INFO], nurse, {"status": "message-received", "skill": "athentication-request"}
93.65, [INFO], nurse, {"status": "message-received", "skill": "athentication-request"}
93.88, [DEBUG], turtlebot6, {"status": "received-authentication", "skill": "authenticate-person", "from": "nurse"}
93.97, [DEBUG], turtlebot6, {"param_list": ["nurse"], "skill": "authenticate_person", "skill-life-cycle": "SUCCESS", "label": "authenticate_nurse"}
93.97, [DEBUG], turtlebot6, "available-skills=['send_message', 'wait_message', 'approach_person', 'approach_robot', 'authenticate_person', 'navigation', 'operate_drawer']"
93.97, [DEBUG], turtlebot6, {"param_list": ["open"], "skill": "operate_drawer", "skill-life-cycle": "STARTED", "label": "open_drawer_for_nurse"}
94.03, [DEBUG], turtlebot6, {"status": "task-update", "action": "open", "skill": "operate-drawer"}
94.87, [DEBUG], turtlebot6, {"param_list": ["open"], "skill": "operate_drawer", "skill-life-cycle": "SUCCESS", "label": "open_drawer_for_nurse"}
94.87, [DEBUG], turtlebot6, "available-skills=['send_message', 'wait_message', 'approach_person', 'approach_robot', 'authenticate_person', 'navigation', 'operate_drawer']"
94.87, [DEBUG], turtlebot6, {"param_list": ["nurse"], "skill": "send_message", "skill-life-cycle": "STARTED", "label": "notify_nurse_of_open_drawer_for_nurse_completed"}
94.90, [INFO], turtlebot6, {"to": "nurse", "skill": "send-message"}
95.67, [INFO], nurse, {"status": "message-received", "skill": "wait-message"}
95.67, [INFO], nurse, {"status": "message-received", "skill": "wait-message"}
96.37, [INFO], turtlebot2, {"y": "17.99", "x": "-19.01", "yaw": "-1.38"}
96.37, [INFO], turtlebot2, {"y": "17.99", "x": "-19.01", "yaw": "-1.38"}
96.37, [INFO], turtlebot1, {"y": "18.03", "x": "-27.22", "yaw": "-1.58"}
96.37, [INFO], turtlebot1, {"y": "18.03", "x": "-27.22", "yaw": "-1.58"}
96.38, [INFO], turtlebot4, {"y": "33.97", "x": "-32.90", "yaw": "-3.10"}
96.38, [INFO], turtlebot4, {"y": "33.97", "x": "-32.90", "yaw": "-3.10"}
96.38, [INFO], turtlebot3, {"y": "17.99", "x": "-13.49", "yaw": "-1.44"}
96.38, [INFO], turtlebot3, {"y": "17.99", "x": "-13.49", "yaw": "-1.44"}
96.40, [INFO], turtlebot5, {"y": "17.82", "x": "-11.46", "yaw": "-1.25"}
96.42, [INFO], turtlebot5, {"y": "17.82", "x": "-11.46", "yaw": "-1.25"}
96.42, [INFO], turtlebot6, {"y": "21.45", "x": "-37.60", "yaw": "0.04"}
96.42, [INFO], turtlebot6, {"y": "21.45", "x": "-37.60", "yaw": "0.04"}
96.42, [INFO], turtlebot6, {"battery-level": "47.85%"}
96.42, [INFO], turtlebot6, {"battery-level": "47.85%"}
97.98, [DEBUG], turtlebot6, {"param_list": ["nurse"], "skill": "send_message", "skill-life-cycle": "SUCCESS", "label": "notify_nurse_of_open_drawer_for_nurse_completed"}
98.00, [DEBUG], turtlebot6, "available-skills=['send_message', 'wait_message', 'approach_person', 'approach_robot', 'authenticate_person', 'navigation', 'operate_drawer']"
98.00, [DEBUG], turtlebot6, {"param_list": ["nurse"], "skill": "wait_message", "skill-life-cycle": "STARTED", "label": "wait_nurse_to_complete_deposit"}
99.68, [INFO], turtlebot6, {"status": "message-received", "skill": "wait-message"}
99.77, [DEBUG], turtlebot6, {"param_list": ["nurse"], "skill": "wait_message", "skill-life-cycle": "SUCCESS", "label": "wait_nurse_to_complete_deposit"}
99.77, [DEBUG], turtlebot6, "available-skills=['send_message', 'wait_message', 'approach_person', 'approach_robot', 'authenticate_person', 'navigation', 'operate_drawer']"
99.77, [DEBUG], turtlebot6, {"param_list": ["close"], "skill": "operate_drawer", "skill-life-cycle": "STARTED", "label": "close_drawer_nurse"}
99.83, [DEBUG], turtlebot6, {"status": "task-update", "action": "close", "skill": "operate-drawer"}
100.68, [DEBUG], turtlebot6, {"param_list": ["close"], "skill": "operate_drawer", "skill-life-cycle": "SUCCESS", "label": "close_drawer_nurse"}
100.68, [DEBUG], turtlebot6, "available-skills=['send_message', 'wait_message', 'approach_person', 'approach_robot', 'authenticate_person', 'navigation', 'operate_drawer']"
100.68, [DEBUG], turtlebot6, {"param_list": ["Laboratory", [[-37.0, 21.5, -1.5707963267948966, true], [-37.0, 16.0, 0.0, true], [-26.0, 16.0, -1.5707963267948966, true], [-26.0, 13.0, 1.57, false]]], "skill": "navigation", "skill-life-cycle": "STARTED", "label": "navto_lab"}
105.67, [INFO], nurse, {"status": "message-received", "skill": "wait-message"}
105.67, [INFO], nurse, {"status": "message-received", "skill": "wait-message"}
110.13, [DEBUG], None, [debug],turtlebot6,move-base-info,Hooray, the base moved arrived,(x=-37;y=21.5)
110.30, [DEBUG], None, [debug],turtlebot6,move-base-info,Hooray, the base moved arrived,(x=-37;y=21.5)
110.30, [DEBUG], turtlebot6, {"status": "way-point-reached", "skill": "navigation", "percentage": "25.00%", "goingto": "Laboratory"}
111.37, [INFO], turtlebot2, {"y": "17.99", "x": "-19.01", "yaw": "-1.38"}
111.37, [INFO], turtlebot1, {"y": "18.03", "x": "-27.22", "yaw": "-1.58"}
111.37, [INFO], turtlebot2, {"y": "17.99", "x": "-19.01", "yaw": "-1.38"}
111.37, [INFO], turtlebot1, {"y": "18.03", "x": "-27.22", "yaw": "-1.58"}
111.38, [INFO], turtlebot3, {"y": "17.99", "x": "-13.49", "yaw": "-1.42"}
111.38, [INFO], turtlebot3, {"y": "17.99", "x": "-13.49", "yaw": "-1.42"}
111.38, [INFO], turtlebot4, {"y": "33.97", "x": "-32.90", "yaw": "-3.09"}
111.38, [INFO], turtlebot4, {"y": "33.97", "x": "-32.90", "yaw": "-3.09"}
111.40, [INFO], turtlebot6, {"y": "21.49", "x": "-37.44", "yaw": "-1.53"}
111.40, [INFO], turtlebot6, {"y": "21.49", "x": "-37.44", "yaw": "-1.53"}
111.40, [INFO], turtlebot5, {"y": "17.82", "x": "-11.46", "yaw": "-1.25"}
111.40, [INFO], turtlebot5, {"y": "17.82", "x": "-11.46", "yaw": "-1.25"}
111.42, [INFO], turtlebot6, {"battery-level": "46.80%"}
111.42, [INFO], turtlebot6, {"battery-level": "46.80%"}
113.65, [INFO], nurse, {"status": "waiting", "skill": "athentication-sent"}
113.65, [INFO], nurse, {"status": "waiting", "skill": "athentication-sent"}
115.67, [INFO], nurse, {"status": "message-received", "skill": "wait-message"}
115.67, [INFO], nurse, {"status": "message-received", "skill": "wait-message"}
125.67, [INFO], nurse, {"status": "message-received", "skill": "wait-message"}
125.67, [INFO], nurse, {"status": "message-received", "skill": "wait-message"}
126.37, [INFO], turtlebot2, {"y": "17.99", "x": "-19.01", "yaw": "-1.38"}
126.37, [INFO], turtlebot1, {"y": "18.03", "x": "-27.22", "yaw": "-1.58"}
126.37, [INFO], turtlebot2, {"y": "17.99", "x": "-19.01", "yaw": "-1.38"}
126.37, [INFO], turtlebot1, {"y": "18.03", "x": "-27.22", "yaw": "-1.58"}
126.38, [INFO], turtlebot4, {"y": "33.97", "x": "-32.90", "yaw": "-3.09"}
126.38, [INFO], turtlebot4, {"y": "33.97", "x": "-32.90", "yaw": "-3.09"}
126.38, [INFO], turtlebot3, {"y": "17.99", "x": "-13.49", "yaw": "-1.40"}
126.38, [INFO], turtlebot3, {"y": "17.99", "x": "-13.49", "yaw": "-1.40"}
126.40, [INFO], turtlebot6, {"y": "18.91", "x": "-36.68", "yaw": "-1.54"}
126.40, [INFO], turtlebot6, {"y": "18.91", "x": "-36.68", "yaw": "-1.54"}
126.40, [INFO], turtlebot5, {"y": "17.82", "x": "-11.46", "yaw": "-1.25"}
126.42, [INFO], turtlebot5, {"y": "17.82", "x": "-11.46", "yaw": "-1.25"}
126.42, [INFO], turtlebot6, {"battery-level": "45.82%"}
126.42, [INFO], turtlebot6, {"battery-level": "45.82%"}
127.38, [DEBUG], turtlebot6, {"param_list": ["Laboratory", [[-37.0, 21.5, -1.5707963267948966, true], [-37.0, 16.0, 0.0, true], [-26.0, 16.0, -1.5707963267948966, true], [-26.0, 13.0, 1.57, false]]], "skill": "navigation", "skill-life-cycle": "RUNNING", "label": "navto_lab"}
141.37, [INFO], turtlebot1, {"y": "18.03", "x": "-27.22", "yaw": "-1.58"}
141.37, [INFO], turtlebot1, {"y": "18.03", "x": "-27.22", "yaw": "-1.58"}
141.37, [INFO], turtlebot2, {"y": "17.99", "x": "-19.01", "yaw": "-1.38"}
141.37, [INFO], turtlebot2, {"y": "17.99", "x": "-19.01", "yaw": "-1.38"}
141.38, [INFO], turtlebot3, {"y": "17.98", "x": "-13.49", "yaw": "-1.38"}
141.38, [INFO], turtlebot4, {"y": "33.97", "x": "-32.90", "yaw": "-3.09"}
141.38, [INFO], turtlebot3, {"y": "17.98", "x": "-13.49", "yaw": "-1.38"}
141.38, [INFO], turtlebot4, {"y": "33.97", "x": "-32.90", "yaw": "-3.09"}
141.40, [INFO], turtlebot6, {"y": "16.52", "x": "-36.79", "yaw": "-1.90"}
141.40, [INFO], turtlebot5, {"y": "17.82", "x": "-11.46", "yaw": "-1.25"}
141.40, [INFO], turtlebot6, {"y": "16.52", "x": "-36.79", "yaw": "-1.90"}
141.40, [INFO], turtlebot5, {"y": "17.82", "x": "-11.46", "yaw": "-1.25"}
141.42, [INFO], turtlebot6, {"battery-level": "44.77%"}
141.42, [INFO], turtlebot6, {"battery-level": "44.77%"}
147.05, [DEBUG], None, [debug],turtlebot6,move-base-info,Hooray, the base moved arrived,(x=-37;y=16)
147.05, [DEBUG], None, [debug],turtlebot6,move-base-info,Hooray, the base moved arrived,(x=-37;y=16)
147.17, [DEBUG], turtlebot6, {"status": "way-point-reached", "skill": "navigation", "percentage": "50.00%", "goingto": "Laboratory"}
156.37, [INFO], turtlebot2, {"y": "17.99", "x": "-19.01", "yaw": "-1.38"}
156.37, [INFO], turtlebot2, {"y": "17.99", "x": "-19.01", "yaw": "-1.38"}
156.37, [INFO], turtlebot1, {"y": "18.03", "x": "-27.22", "yaw": "-1.57"}
156.37, [INFO], turtlebot1, {"y": "18.03", "x": "-27.22", "yaw": "-1.57"}
156.38, [INFO], turtlebot4, {"y": "33.97", "x": "-32.90", "yaw": "-3.09"}
156.38, [INFO], turtlebot4, {"y": "33.97", "x": "-32.90", "yaw": "-3.09"}
156.38, [INFO], turtlebot3, {"y": "17.98", "x": "-13.48", "yaw": "-1.36"}
156.38, [INFO], turtlebot3, {"y": "17.98", "x": "-13.48", "yaw": "-1.36"}
156.40, [INFO], turtlebot5, {"y": "17.82", "x": "-11.46", "yaw": "-1.25"}
156.40, [INFO], turtlebot5, {"y": "17.82", "x": "-11.46", "yaw": "-1.25"}
156.40, [INFO], turtlebot6, {"y": "15.57", "x": "-32.48", "yaw": "-0.06"}
156.40, [INFO], turtlebot6, {"y": "15.57", "x": "-32.48", "yaw": "-0.06"}
156.42, [INFO], turtlebot6, {"battery-level": "43.72%"}
156.42, [INFO], turtlebot6, {"battery-level": "43.72%"}
170.13, [DEBUG], None, [debug],turtlebot6,move-base-info,Hooray, the base moved arrived,(x=-26;y=16)
170.30, [DEBUG], None, [debug],turtlebot6,move-base-info,Hooray, the base moved arrived,(x=-26;y=16)
170.45, [DEBUG], turtlebot6, {"status": "way-point-reached", "skill": "navigation", "percentage": "75.00%", "goingto": "Laboratory"}
170.78, [DEBUG], turtlebot6, {"param_list": ["Laboratory", [[-37.0, 21.5, -1.5707963267948966, true], [-37.0, 16.0, 0.0, true], [-26.0, 16.0, -1.5707963267948966, true], [-26.0, 13.0, 1.57, false]]], "skill": "navigation", "skill-life-cycle": "RUNNING", "label": "navto_lab"}
171.38, [INFO], turtlebot1, {"y": "18.03", "x": "-27.22", "yaw": "-1.57"}
171.38, [INFO], turtlebot1, {"y": "18.03", "x": "-27.22", "yaw": "-1.57"}
171.38, [INFO], turtlebot2, {"y": "17.99", "x": "-19.01", "yaw": "-1.38"}
171.38, [INFO], turtlebot2, {"y": "17.99", "x": "-19.01", "yaw": "-1.38"}
171.38, [INFO], turtlebot3, {"y": "17.97", "x": "-13.48", "yaw": "-1.34"}
171.38, [INFO], turtlebot3, {"y": "17.97", "x": "-13.48", "yaw": "-1.34"}
171.38, [INFO], turtlebot4, {"y": "33.97", "x": "-32.90", "yaw": "-3.09"}
171.38, [INFO], turtlebot4, {"y": "33.97", "x": "-32.90", "yaw": "-3.09"}
171.40, [INFO], turtlebot5, {"y": "17.82", "x": "-11.46", "yaw": "-1.25"}
171.40, [INFO], turtlebot5, {"y": "17.82", "x": "-11.46", "yaw": "-1.25"}
171.40, [INFO], turtlebot6, {"y": "15.95", "x": "-26.43", "yaw": "-1.53"}
171.42, [INFO], turtlebot6, {"y": "15.95", "x": "-26.43", "yaw": "-1.53"}
171.42, [INFO], turtlebot6, {"battery-level": "42.60%"}
171.42, [INFO], turtlebot6, {"battery-level": "42.60%"}
186.37, [INFO], turtlebot2, {"y": "17.99", "x": "-19.01", "yaw": "-1.38"}
186.37, [INFO], turtlebot2, {"y": "17.99", "x": "-19.01", "yaw": "-1.38"}
186.38, [INFO], turtlebot1, {"y": "18.03", "x": "-27.22", "yaw": "-1.57"}
186.38, [INFO], turtlebot1, {"y": "18.03", "x": "-27.22", "yaw": "-1.57"}
186.38, [INFO], turtlebot3, {"y": "17.97", "x": "-13.48", "yaw": "-1.32"}
186.38, [INFO], turtlebot3, {"y": "17.97", "x": "-13.48", "yaw": "-1.32"}
186.38, [INFO], turtlebot4, {"y": "33.97", "x": "-32.90", "yaw": "-3.09"}
186.38, [INFO], turtlebot4, {"y": "33.97", "x": "-32.90", "yaw": "-3.09"}
186.42, [INFO], turtlebot6, {"y": "13.55", "x": "-25.91", "yaw": "-1.68"}
186.42, [INFO], turtlebot6, {"y": "13.55", "x": "-25.91", "yaw": "-1.68"}
186.42, [INFO], turtlebot5, {"y": "17.82", "x": "-11.46", "yaw": "-1.25"}
186.42, [INFO], turtlebot5, {"y": "17.82", "x": "-11.46", "yaw": "-1.25"}
186.42, [INFO], turtlebot6, {"battery-level": "41.62%"}
186.42, [INFO], turtlebot6, {"battery-level": "41.62%"}
194.63, [DEBUG], None, [debug],turtlebot6,move-base-info,Hooray, the base moved arrived,(x=-26;y=13)
194.63, [DEBUG], None, [debug],turtlebot6,move-base-info,Hooray, the base moved arrived,(x=-26;y=13)
194.85, [DEBUG], turtlebot6, {"status": "way-point-reached", "skill": "navigation", "percentage": "100.00%", "goingto": "Laboratory"}
194.93, [DEBUG], turtlebot6, {"param_list": ["Laboratory", [[-37.0, 21.5, -1.5707963267948966, true], [-37.0, 16.0, 0.0, true], [-26.0, 16.0, -1.5707963267948966, true], [-26.0, 13.0, 1.57, false]]], "skill": "navigation", "skill-life-cycle": "SUCCESS", "label": "navto_lab"}
194.93, [DEBUG], turtlebot6, "available-skills=['send_message', 'wait_message', 'approach_person', 'approach_robot', 'authenticate_person', 'navigation', 'operate_drawer']"
194.93, [DEBUG], turtlebot6, {"param_list": ["lab_arm"], "skill": "approach_robot", "skill-life-cycle": "STARTED", "label": "approach_arm"}
195.05, [DEBUG], turtlebot6, {"status": "localize-robot", "skill": "=approach-robot", "who": "lab_arm"}
195.12, [DEBUG], turtlebot6, {"status": "goto-robot", "skill": "approach-robot", "who": "lab_arm"}
195.18, [DEBUG], turtlebot6, {"param_list": ["lab_arm"], "skill": "approach_robot", "skill-life-cycle": "SUCCESS", "label": "approach_arm"}
195.18, [DEBUG], turtlebot6, "available-skills=['send_message', 'wait_message', 'approach_person', 'approach_robot', 'authenticate_person', 'navigation', 'operate_drawer']"
195.18, [DEBUG], turtlebot6, {"param_list": ["open"], "skill": "operate_drawer", "skill-life-cycle": "STARTED", "label": "open_drawer_lab"}
195.22, [DEBUG], turtlebot6, {"status": "task-update", "action": "open", "skill": "operate-drawer"}
196.07, [DEBUG], turtlebot6, {"param_list": ["open"], "skill": "operate_drawer", "skill-life-cycle": "SUCCESS", "label": "open_drawer_lab"}
196.07, [DEBUG], turtlebot6, "available-skills=['send_message', 'wait_message', 'approach_person', 'approach_robot', 'authenticate_person', 'navigation', 'operate_drawer']"
196.07, [DEBUG], turtlebot6, {"param_list": ["lab_arm"], "skill": "send_message", "skill-life-cycle": "STARTED", "label": "notify_lab_arm_of_open_drawer_lab_completed"}
196.18, [INFO], turtlebot6, {"to": "lab_arm", "skill": "send-message"}
196.97, [INFO], lab_arm, {"status": "sample-received", "skill": "wait-sample"}
196.97, [INFO], lab_arm, {"status": "sample-received", "skill": "wait-sample"}
196.97, [INFO], nurse, {"status": "sample-received", "skill": "wait-sample"}
196.97, [INFO], nurse, {"status": "sample-received", "skill": "wait-sample"}
196.97, [DEBUG], None, ENDSIM
196.97, [DEBUG], None, ENDSIM
196.97, [DEBUG], None, end!
