0.00, [DEBUG], logger, ROBOTS_CONFIG=[{"avg_speed": 0.15, "battery_charge": 0.3020349930380309, "battery_discharge_rate": 0.00068, "id": 1, "local_plan": null, "location": "PC Room 4", "name": "r1", "position": [-27.23, 18.0, -1.57], "skills": ["approach_person", "approach_robot", "authenticate_person", "navigation", "operate_drawer"]}, {"avg_speed": 0.15, "battery_charge": 0.5779176354739738, "battery_discharge_rate": 0.0006000000000000001, "id": 2, "local_plan": null, "location": "PC Room 6", "name": "r2", "position": [-19.0, 18.0, -1.57], "skills": ["approach_person", "approach_robot", "authenticate_person", "navigation", "operate_drawer"]}, {"avg_speed": 0.15, "battery_charge": 0.7232396784987936, "battery_discharge_rate": 0.0004, "id": 3, "local_plan": [["navigation", ["IC Room 2", [[-13.5, 18.0, -1.57], [-13.5, 16.0], [-37.0, 16.0], [-37.0, 21.5], [-38.0, 21.5, 0.0]]], "navto_room"], ["approach_person", ["nurse"], "approach_nurse"], ["authenticate_person", ["nurse"], "authenticate_nurse"], ["operate_drawer", ["open"], "open_drawer_for_nurse"], ["send_message", ["nurse"], "notify_nurse_of_open_drawer_for_nurse_completed"], ["wait_message", ["nurse"], "wait_nurse_to_complete_deposit"], ["operate_drawer", ["close"], "close_drawer_nurse"], ["navigation", ["Laboratory", [[-38.0, 21.5, 0.0], [-37.0, 21.5], [-37.0, 16.0], [-26.0, 16.0], [-26.0, 13.0, 1.57]]], "navto_lab"], ["approach_robot", ["lab_arm"], "approach_arm"], ["operate_drawer", ["open"], "open_drawer_lab"], ["send_message", ["lab_arm"], "notify_lab_arm_of_open_drawer_lab_completed"], ["wait_message", ["lab_arm"], "wait_lab_arm_to_complete_pick_up_sample"], ["operate_drawer", ["close"], "close_drawer_lab"]], "location": "PC Room 7", "name": "r3", "position": [-13.5, 18.0, -1.57], "skills": ["approach_person", "approach_robot", "authenticate_person", "navigation", "operate_drawer"]}, {"avg_speed": 0.15, "battery_charge": 0.4863040833267539, "battery_discharge_rate": 0.00026000000000000003, "id": 4, "local_plan": null, "location": "IC Room 5", "name": "r4", "position": [-32.88, 33.98, 3.14], "skills": ["approach_person", "approach_robot", "authenticate_person", "navigation", "operate_drawer"]}, {"avg_speed": 0.15, "battery_charge": 0.7258412726774711, "battery_discharge_rate": 0.00042, "id": 5, "local_plan": null, "location": "PC Room 8", "name": "r5", "position": [-11.5, 18.0, -1.57], "skills": ["approach_person", "approach_robot", "authenticate_person", "navigation", "operate_drawer"]}, {"avg_speed": 0.15, "battery_charge": 0.9109794326728246, "battery_discharge_rate": 0.0005200000000000001, "id": 6, "local_plan": null, "location": "IC Room 6", "name": "r6", "position": [-33.9, 18.93, 3.14], "skills": ["approach_person", "approach_robot", "authenticate_person", "navigation", "operate_drawer"]}]
0.00, [DEBUG], logger, NURSES_CONFIG=[{"location": "IC Room 2", "position": [-39.0, 20.5, 0.0]}]
0.00, [DEBUG], logger, Simulation open
0.05, [DEBUG], logger, subcribing to in the topic /log
2.58, [DEBUG], None, [debug],turtlebot4,move-base-info,Move_base is up and ok....,
2.68, [DEBUG], None, [debug],turtlebot3,move-base-info,Move_base is up and ok....,
3.37, [DEBUG], None, [debug],turtlebot6,move-base-info,Move_base is up and ok....,
3.45, [DEBUG], None, [debug],turtlebot2,move-base-info,Move_base is up and ok....,
3.53, [DEBUG], None, [debug],turtlebot5,move-base-info,Move_base is up and ok....,
3.62, [DEBUG], None, [debug],turtlebot1,move-base-info,Move_base is up and ok....,
6.05, [DEBUG], turtlebot5, {"param_list": [], "skill": "init_robobt", "skill-life-cycle": "RUNNING", "label": "init_robobt"}
6.08, [DEBUG], turtlebot1, {"param_list": [], "skill": "init_robobt", "skill-life-cycle": "RUNNING", "label": "init_robobt"}
6.18, [DEBUG], turtlebot2, {"param_list": [], "skill": "init_robobt", "skill-life-cycle": "RUNNING", "label": "init_robobt"}
7.63, [DEBUG], turtlebot3, {"param_list": [], "skill": "init_robobt", "skill-life-cycle": "SUCCESS", "label": "init_robobt"}
7.63, [DEBUG], turtlebot3, "available-skills=['send_message', 'wait_message', 'approach_person', 'approach_robot', 'authenticate_person', 'navigation', 'operate_drawer']"
7.63, [DEBUG], turtlebot3, {"param_list": ["IC Room 2", [[-13.5, 16.0, 3.141592653589793, true], [-37.0, 16.0, 1.5707963267948966, true], [-37.0, 21.5, 3.141592653589793, true], [-38.0, 21.5, 0.0, false]]], "skill": "navigation", "skill-life-cycle": "STARTED", "label": "navto_room"}
7.80, [DEBUG], turtlebot6, {"param_list": [], "skill": "init_robobt", "skill-life-cycle": "SUCCESS", "label": "init_robobt"}
8.37, [DEBUG], turtlebot1, {"param_list": [], "skill": "init_robobt", "skill-life-cycle": "SUCCESS", "label": "init_robobt"}
9.15, [DEBUG], turtlebot5, {"param_list": [], "skill": "init_robobt", "skill-life-cycle": "SUCCESS", "label": "init_robobt"}
9.85, [DEBUG], turtlebot2, {"param_list": [], "skill": "init_robobt", "skill-life-cycle": "SUCCESS", "label": "init_robobt"}
10.00, [DEBUG], turtlebot4, {"param_list": [], "skill": "init_robobt", "skill-life-cycle": "SUCCESS", "label": "init_robobt"}
19.95, [INFO], turtlebot1, {"y": "18.02", "x": "-27.23", "yaw": "-1.59"}
19.95, [INFO], turtlebot1, {"y": "18.02", "x": "-27.23", "yaw": "-1.59"}
19.97, [INFO], turtlebot3, {"y": "17.24", "x": "-13.53", "yaw": "-1.60"}
19.97, [INFO], turtlebot3, {"y": "17.24", "x": "-13.53", "yaw": "-1.60"}
19.97, [INFO], turtlebot2, {"y": "17.99", "x": "-19.02", "yaw": "-1.38"}
19.97, [INFO], turtlebot2, {"y": "17.99", "x": "-19.02", "yaw": "-1.38"}
19.98, [INFO], turtlebot3, {"battery-level": "71.80%"}
19.98, [INFO], turtlebot3, {"battery-level": "71.80%"}
20.00, [INFO], turtlebot5, {"y": "17.82", "x": "-11.46", "yaw": "-1.25"}
20.00, [INFO], turtlebot5, {"y": "17.82", "x": "-11.46", "yaw": "-1.25"}
20.00, [INFO], turtlebot4, {"y": "33.97", "x": "-32.89", "yaw": "-3.10"}
20.00, [INFO], turtlebot4, {"y": "33.97", "x": "-32.89", "yaw": "-3.10"}
20.03, [INFO], turtlebot6, {"y": "18.79", "x": "-33.83", "yaw": "2.80"}
20.03, [INFO], turtlebot6, {"y": "18.79", "x": "-33.83", "yaw": "2.80"}
33.23, [DEBUG], None, [debug],turtlebot3,move-base-info,Hooray, the base moved arrived,(x=-13.5;y=16)
33.23, [DEBUG], None, [debug],turtlebot3,move-base-info,Hooray, the base moved arrived,(x=-13.5;y=16)
33.38, [DEBUG], turtlebot3, {"status": "way-point-reached", "skill": "navigation", "percentage": "25.00%", "goingto": "IC Room 2"}
34.95, [INFO], turtlebot1, {"y": "18.02", "x": "-27.23", "yaw": "-1.59"}
34.95, [INFO], turtlebot1, {"y": "18.02", "x": "-27.23", "yaw": "-1.59"}
34.97, [INFO], turtlebot3, {"y": "16.45", "x": "-13.50", "yaw": "-3.10"}
34.97, [INFO], turtlebot3, {"y": "16.45", "x": "-13.50", "yaw": "-3.10"}
34.97, [INFO], turtlebot2, {"y": "17.99", "x": "-19.01", "yaw": "-1.38"}
34.97, [INFO], turtlebot2, {"y": "17.99", "x": "-19.01", "yaw": "-1.38"}
34.98, [INFO], turtlebot3, {"battery-level": "71.20%"}
34.98, [INFO], turtlebot3, {"battery-level": "71.20%"}
35.00, [INFO], turtlebot4, {"y": "33.97", "x": "-32.89", "yaw": "-3.10"}
35.00, [INFO], turtlebot4, {"y": "33.97", "x": "-32.89", "yaw": "-3.10"}
35.00, [INFO], turtlebot5, {"y": "17.82", "x": "-11.46", "yaw": "-1.25"}
35.00, [INFO], turtlebot5, {"y": "17.82", "x": "-11.46", "yaw": "-1.25"}
35.03, [INFO], turtlebot6, {"y": "18.78", "x": "-33.84", "yaw": "2.82"}
35.03, [INFO], turtlebot6, {"y": "18.78", "x": "-33.84", "yaw": "2.82"}
47.83, [DEBUG], turtlebot3, {"param_list": ["IC Room 2", [[-13.5, 16.0, 3.141592653589793, true], [-37.0, 16.0, 1.5707963267948966, true], [-37.0, 21.5, 3.141592653589793, true], [-38.0, 21.5, 0.0, false]]], "skill": "navigation", "skill-life-cycle": "RUNNING", "label": "navto_room"}
49.95, [INFO], turtlebot1, {"y": "18.03", "x": "-27.22", "yaw": "-1.58"}
49.95, [INFO], turtlebot1, {"y": "18.03", "x": "-27.22", "yaw": "-1.58"}
49.97, [INFO], turtlebot2, {"y": "17.99", "x": "-19.01", "yaw": "-1.38"}
49.97, [INFO], turtlebot2, {"y": "17.99", "x": "-19.01", "yaw": "-1.38"}
49.97, [INFO], turtlebot3, {"y": "15.88", "x": "-14.88", "yaw": "-2.80"}
49.97, [INFO], turtlebot3, {"y": "15.88", "x": "-14.88", "yaw": "-2.80"}
49.98, [INFO], turtlebot3, {"battery-level": "70.56%"}
49.98, [INFO], turtlebot3, {"battery-level": "70.56%"}
50.00, [INFO], turtlebot4, {"y": "33.97", "x": "-32.89", "yaw": "-3.10"}
50.00, [INFO], turtlebot4, {"y": "33.97", "x": "-32.89", "yaw": "-3.10"}
50.00, [INFO], turtlebot5, {"y": "17.82", "x": "-11.46", "yaw": "-1.25"}
50.00, [INFO], turtlebot5, {"y": "17.82", "x": "-11.46", "yaw": "-1.25"}
50.03, [INFO], turtlebot6, {"y": "18.78", "x": "-33.85", "yaw": "2.84"}
50.03, [INFO], turtlebot6, {"y": "18.78", "x": "-33.85", "yaw": "2.84"}
64.95, [INFO], turtlebot1, {"y": "18.03", "x": "-27.22", "yaw": "-1.58"}
64.95, [INFO], turtlebot1, {"y": "18.03", "x": "-27.22", "yaw": "-1.58"}
64.97, [INFO], turtlebot2, {"y": "17.99", "x": "-19.01", "yaw": "-1.38"}
64.97, [INFO], turtlebot2, {"y": "17.99", "x": "-19.01", "yaw": "-1.38"}
64.97, [INFO], turtlebot3, {"y": "15.98", "x": "-17.45", "yaw": "-3.06"}
64.97, [INFO], turtlebot3, {"y": "15.98", "x": "-17.45", "yaw": "-3.06"}
64.98, [INFO], turtlebot3, {"battery-level": "69.96%"}
64.98, [INFO], turtlebot3, {"battery-level": "69.96%"}
65.00, [INFO], turtlebot5, {"y": "17.82", "x": "-11.46", "yaw": "-1.25"}
65.00, [INFO], turtlebot5, {"y": "17.82", "x": "-11.46", "yaw": "-1.25"}
65.00, [INFO], turtlebot4, {"y": "33.97", "x": "-32.89", "yaw": "-3.10"}
65.00, [INFO], turtlebot4, {"y": "33.97", "x": "-32.89", "yaw": "-3.10"}
65.03, [INFO], turtlebot6, {"y": "18.78", "x": "-33.85", "yaw": "2.85"}
65.03, [INFO], turtlebot6, {"y": "18.78", "x": "-33.85", "yaw": "2.85"}
79.95, [INFO], turtlebot1, {"y": "18.03", "x": "-27.22", "yaw": "-1.58"}
79.95, [INFO], turtlebot1, {"y": "18.03", "x": "-27.22", "yaw": "-1.58"}
79.97, [INFO], turtlebot3, {"y": "15.86", "x": "-19.81", "yaw": "-3.13"}
79.97, [INFO], turtlebot3, {"y": "15.86", "x": "-19.81", "yaw": "-3.13"}
79.97, [INFO], turtlebot2, {"y": "17.99", "x": "-19.01", "yaw": "-1.38"}
79.97, [INFO], turtlebot2, {"y": "17.99", "x": "-19.01", "yaw": "-1.38"}
79.98, [INFO], turtlebot3, {"battery-level": "69.36%"}
79.98, [INFO], turtlebot3, {"battery-level": "69.36%"}
80.00, [INFO], turtlebot4, {"y": "33.97", "x": "-32.90", "yaw": "-3.10"}
80.00, [INFO], turtlebot4, {"y": "33.97", "x": "-32.90", "yaw": "-3.10"}
80.00, [INFO], turtlebot5, {"y": "17.82", "x": "-11.46", "yaw": "-1.25"}
80.00, [INFO], turtlebot5, {"y": "17.82", "x": "-11.46", "yaw": "-1.25"}
80.03, [INFO], turtlebot6, {"y": "18.78", "x": "-33.85", "yaw": "2.87"}
80.03, [INFO], turtlebot6, {"y": "18.78", "x": "-33.85", "yaw": "2.87"}
90.32, [DEBUG], turtlebot3, {"param_list": ["IC Room 2", [[-13.5, 16.0, 3.141592653589793, true], [-37.0, 16.0, 1.5707963267948966, true], [-37.0, 21.5, 3.141592653589793, true], [-38.0, 21.5, 0.0, false]]], "skill": "navigation", "skill-life-cycle": "RUNNING", "label": "navto_room"}
94.95, [INFO], turtlebot1, {"y": "18.03", "x": "-27.22", "yaw": "-1.58"}
94.95, [INFO], turtlebot1, {"y": "18.03", "x": "-27.22", "yaw": "-1.58"}
94.97, [INFO], turtlebot3, {"y": "15.84", "x": "-22.29", "yaw": "3.13"}
94.97, [INFO], turtlebot3, {"y": "15.84", "x": "-22.29", "yaw": "3.13"}
94.97, [INFO], turtlebot2, {"y": "17.99", "x": "-19.01", "yaw": "-1.38"}
94.97, [INFO], turtlebot2, {"y": "17.99", "x": "-19.01", "yaw": "-1.38"}
94.98, [INFO], turtlebot3, {"battery-level": "68.80%"}
94.98, [INFO], turtlebot3, {"battery-level": "68.80%"}
95.00, [INFO], turtlebot5, {"y": "17.82", "x": "-11.46", "yaw": "-1.25"}
95.00, [INFO], turtlebot5, {"y": "17.82", "x": "-11.46", "yaw": "-1.25"}
95.00, [INFO], turtlebot4, {"y": "33.97", "x": "-32.90", "yaw": "-3.10"}
95.00, [INFO], turtlebot4, {"y": "33.97", "x": "-32.90", "yaw": "-3.10"}
95.03, [INFO], turtlebot6, {"y": "18.78", "x": "-33.85", "yaw": "2.88"}
95.03, [INFO], turtlebot6, {"y": "18.78", "x": "-33.85", "yaw": "2.88"}
109.95, [INFO], turtlebot1, {"y": "18.03", "x": "-27.22", "yaw": "-1.58"}
109.95, [INFO], turtlebot1, {"y": "18.03", "x": "-27.22", "yaw": "-1.58"}
109.97, [INFO], turtlebot2, {"y": "17.99", "x": "-19.01", "yaw": "-1.38"}
109.97, [INFO], turtlebot2, {"y": "17.99", "x": "-19.01", "yaw": "-1.38"}
109.97, [INFO], turtlebot3, {"y": "15.84", "x": "-24.78", "yaw": "-3.14"}
109.98, [INFO], turtlebot3, {"y": "15.84", "x": "-24.78", "yaw": "-3.14"}
109.98, [INFO], turtlebot3, {"battery-level": "68.16%"}
109.98, [INFO], turtlebot3, {"battery-level": "68.16%"}
110.00, [INFO], turtlebot4, {"y": "33.97", "x": "-32.90", "yaw": "-3.09"}
110.00, [INFO], turtlebot4, {"y": "33.97", "x": "-32.90", "yaw": "-3.09"}
110.00, [INFO], turtlebot5, {"y": "17.82", "x": "-11.46", "yaw": "-1.25"}
110.02, [INFO], turtlebot5, {"y": "17.82", "x": "-11.46", "yaw": "-1.25"}
110.03, [INFO], turtlebot6, {"y": "18.78", "x": "-33.85", "yaw": "2.90"}
110.03, [INFO], turtlebot6, {"y": "18.78", "x": "-33.85", "yaw": "2.90"}
124.95, [INFO], turtlebot1, {"y": "18.03", "x": "-27.22", "yaw": "-1.58"}
124.95, [INFO], turtlebot1, {"y": "18.03", "x": "-27.22", "yaw": "-1.58"}
124.97, [INFO], turtlebot2, {"y": "17.99", "x": "-19.01", "yaw": "-1.38"}
124.97, [INFO], turtlebot2, {"y": "17.99", "x": "-19.01", "yaw": "-1.38"}
124.97, [INFO], turtlebot3, {"y": "15.84", "x": "-27.28", "yaw": "-3.14"}
124.98, [INFO], turtlebot3, {"y": "15.84", "x": "-27.28", "yaw": "-3.14"}
124.98, [INFO], turtlebot3, {"battery-level": "67.60%"}
124.98, [INFO], turtlebot3, {"battery-level": "67.60%"}
125.00, [INFO], turtlebot4, {"y": "33.97", "x": "-32.90", "yaw": "-3.09"}
125.00, [INFO], turtlebot4, {"y": "33.97", "x": "-32.90", "yaw": "-3.09"}
125.00, [INFO], turtlebot5, {"y": "17.82", "x": "-11.46", "yaw": "-1.25"}
125.02, [INFO], turtlebot5, {"y": "17.82", "x": "-11.46", "yaw": "-1.25"}
125.03, [INFO], turtlebot6, {"y": "18.79", "x": "-33.86", "yaw": "2.93"}
125.03, [INFO], turtlebot6, {"y": "18.79", "x": "-33.86", "yaw": "2.93"}
132.92, [DEBUG], turtlebot3, {"param_list": ["IC Room 2", [[-13.5, 16.0, 3.141592653589793, true], [-37.0, 16.0, 1.5707963267948966, true], [-37.0, 21.5, 3.141592653589793, true], [-38.0, 21.5, 0.0, false]]], "skill": "navigation", "skill-life-cycle": "RUNNING", "label": "navto_room"}
139.95, [INFO], turtlebot1, {"y": "18.03", "x": "-27.22", "yaw": "-1.58"}
139.95, [INFO], turtlebot1, {"y": "18.03", "x": "-27.22", "yaw": "-1.58"}
139.97, [INFO], turtlebot2, {"y": "17.99", "x": "-19.01", "yaw": "-1.38"}
139.97, [INFO], turtlebot3, {"y": "15.83", "x": "-29.78", "yaw": "-3.14"}
139.97, [INFO], turtlebot2, {"y": "17.99", "x": "-19.01", "yaw": "-1.38"}
139.97, [INFO], turtlebot3, {"y": "15.83", "x": "-29.78", "yaw": "-3.14"}
139.98, [INFO], turtlebot3, {"battery-level": "67.00%"}
139.98, [INFO], turtlebot3, {"battery-level": "67.00%"}
140.00, [INFO], turtlebot5, {"y": "17.82", "x": "-11.46", "yaw": "-1.25"}
140.00, [INFO], turtlebot5, {"y": "17.82", "x": "-11.46", "yaw": "-1.25"}
140.00, [INFO], turtlebot4, {"y": "33.97", "x": "-32.90", "yaw": "-3.09"}
140.00, [INFO], turtlebot4, {"y": "33.97", "x": "-32.90", "yaw": "-3.09"}
140.03, [INFO], turtlebot6, {"y": "18.79", "x": "-33.86", "yaw": "2.95"}
140.03, [INFO], turtlebot6, {"y": "18.79", "x": "-33.86", "yaw": "2.95"}
154.95, [INFO], turtlebot1, {"y": "18.03", "x": "-27.22", "yaw": "-1.57"}
154.95, [INFO], turtlebot1, {"y": "18.03", "x": "-27.22", "yaw": "-1.57"}
154.97, [INFO], turtlebot2, {"y": "17.99", "x": "-19.01", "yaw": "-1.38"}
154.97, [INFO], turtlebot2, {"y": "17.99", "x": "-19.01", "yaw": "-1.38"}
154.97, [INFO], turtlebot3, {"y": "15.83", "x": "-32.27", "yaw": "-3.14"}
154.97, [INFO], turtlebot3, {"y": "15.83", "x": "-32.27", "yaw": "-3.14"}
154.98, [INFO], turtlebot3, {"battery-level": "66.36%"}
154.98, [INFO], turtlebot3, {"battery-level": "66.36%"}
155.00, [INFO], turtlebot4, {"y": "33.97", "x": "-32.90", "yaw": "-3.09"}
155.00, [INFO], turtlebot4, {"y": "33.97", "x": "-32.90", "yaw": "-3.09"}
155.00, [INFO], turtlebot5, {"y": "17.82", "x": "-11.46", "yaw": "-1.25"}
155.00, [INFO], turtlebot5, {"y": "17.82", "x": "-11.46", "yaw": "-1.25"}
155.03, [INFO], turtlebot6, {"y": "18.79", "x": "-33.87", "yaw": "2.97"}
155.03, [INFO], turtlebot6, {"y": "18.79", "x": "-33.87", "yaw": "2.97"}
169.95, [INFO], turtlebot1, {"y": "18.03", "x": "-27.22", "yaw": "-1.57"}
169.95, [INFO], turtlebot1, {"y": "18.03", "x": "-27.22", "yaw": "-1.57"}
169.97, [INFO], turtlebot2, {"y": "17.99", "x": "-19.01", "yaw": "-1.38"}
169.97, [INFO], turtlebot2, {"y": "17.99", "x": "-19.01", "yaw": "-1.38"}
169.97, [INFO], turtlebot3, {"y": "15.85", "x": "-34.78", "yaw": "3.04"}
169.97, [INFO], turtlebot3, {"y": "15.85", "x": "-34.78", "yaw": "3.04"}
169.98, [INFO], turtlebot3, {"battery-level": "65.76%"}
169.98, [INFO], turtlebot3, {"battery-level": "65.76%"}
170.00, [INFO], turtlebot4, {"y": "33.97", "x": "-32.90", "yaw": "-3.09"}
170.00, [INFO], turtlebot4, {"y": "33.97", "x": "-32.90", "yaw": "-3.09"}
170.00, [INFO], turtlebot5, {"y": "17.82", "x": "-11.46", "yaw": "-1.25"}
170.00, [INFO], turtlebot5, {"y": "17.82", "x": "-11.46", "yaw": "-1.25"}
170.03, [INFO], turtlebot6, {"y": "18.79", "x": "-33.87", "yaw": "3.00"}
170.03, [INFO], turtlebot6, {"y": "18.79", "x": "-33.87", "yaw": "3.00"}
175.33, [DEBUG], turtlebot3, {"param_list": ["IC Room 2", [[-13.5, 16.0, 3.141592653589793, true], [-37.0, 16.0, 1.5707963267948966, true], [-37.0, 21.5, 3.141592653589793, true], [-38.0, 21.5, 0.0, false]]], "skill": "navigation", "skill-life-cycle": "RUNNING", "label": "navto_room"}
184.22, [DEBUG], None, [debug],turtlebot3,move-base-info,Hooray, the base moved arrived,(x=-37;y=16)
184.22, [DEBUG], None, [debug],turtlebot3,move-base-info,Hooray, the base moved arrived,(x=-37;y=16)
184.33, [DEBUG], turtlebot3, {"status": "way-point-reached", "skill": "navigation", "percentage": "50.00%", "goingto": "IC Room 2"}
184.95, [INFO], turtlebot1, {"y": "18.03", "x": "-27.22", "yaw": "-1.57"}
184.95, [INFO], turtlebot1, {"y": "18.03", "x": "-27.22", "yaw": "-1.57"}
184.97, [INFO], turtlebot3, {"y": "16.37", "x": "-36.79", "yaw": "1.62"}
184.97, [INFO], turtlebot2, {"y": "17.99", "x": "-19.01", "yaw": "-1.38"}
184.97, [INFO], turtlebot3, {"y": "16.37", "x": "-36.79", "yaw": "1.62"}
184.97, [INFO], turtlebot2, {"y": "17.99", "x": "-19.01", "yaw": "-1.38"}
184.98, [INFO], turtlebot3, {"battery-level": "65.20%"}
184.98, [INFO], turtlebot3, {"battery-level": "65.20%"}
185.00, [INFO], turtlebot5, {"y": "17.82", "x": "-11.46", "yaw": "-1.25"}
185.00, [INFO], turtlebot5, {"y": "17.82", "x": "-11.46", "yaw": "-1.25"}
185.00, [INFO], turtlebot4, {"y": "33.97", "x": "-32.90", "yaw": "-3.09"}
185.00, [INFO], turtlebot4, {"y": "33.97", "x": "-32.90", "yaw": "-3.09"}
185.03, [INFO], turtlebot6, {"y": "18.79", "x": "-33.88", "yaw": "3.00"}
185.03, [INFO], turtlebot6, {"y": "18.79", "x": "-33.88", "yaw": "3.00"}
199.93, [DEBUG], None, [debug],turtlebot3,move-base-info,Hooray, the base moved arrived,(x=-37;y=21.5)
199.93, [DEBUG], None, [debug],turtlebot3,move-base-info,Hooray, the base moved arrived,(x=-37;y=21.5)
199.95, [INFO], turtlebot1, {"y": "18.03", "x": "-27.22", "yaw": "-1.57"}
199.95, [INFO], turtlebot1, {"y": "18.03", "x": "-27.22", "yaw": "-1.57"}
199.97, [INFO], turtlebot3, {"y": "21.08", "x": "-36.89", "yaw": "3.10"}
199.97, [INFO], turtlebot3, {"y": "21.08", "x": "-36.89", "yaw": "3.10"}
199.97, [INFO], turtlebot2, {"y": "17.99", "x": "-19.01", "yaw": "-1.38"}
199.97, [INFO], turtlebot2, {"y": "17.99", "x": "-19.01", "yaw": "-1.38"}
199.98, [INFO], turtlebot3, {"battery-level": "64.56%"}
199.98, [INFO], turtlebot3, {"battery-level": "64.56%"}
200.00, [INFO], turtlebot5, {"y": "17.82", "x": "-11.46", "yaw": "-1.25"}
200.00, [INFO], turtlebot5, {"y": "17.82", "x": "-11.46", "yaw": "-1.25"}
200.00, [INFO], turtlebot4, {"y": "33.97", "x": "-32.90", "yaw": "-3.09"}
200.00, [INFO], turtlebot4, {"y": "33.97", "x": "-32.90", "yaw": "-3.09"}
200.03, [INFO], turtlebot6, {"y": "18.79", "x": "-33.88", "yaw": "3.01"}
200.03, [INFO], turtlebot6, {"y": "18.79", "x": "-33.88", "yaw": "3.01"}
200.05, [DEBUG], turtlebot3, {"status": "way-point-reached", "skill": "navigation", "percentage": "75.00%", "goingto": "IC Room 2"}
214.35, [DEBUG], None, [debug],turtlebot3,move-base-info,Hooray, the base moved arrived,(x=-38;y=21.5)
214.50, [DEBUG], None, [debug],turtlebot3,move-base-info,Hooray, the base moved arrived,(x=-38;y=21.5)
214.73, [DEBUG], turtlebot3, {"status": "way-point-reached", "skill": "navigation", "percentage": "100.00%", "goingto": "IC Room 2"}
214.80, [DEBUG], turtlebot3, {"param_list": ["IC Room 2", [[-13.5, 16.0, 3.141592653589793, true], [-37.0, 16.0, 1.5707963267948966, true], [-37.0, 21.5, 3.141592653589793, true], [-38.0, 21.5, 0.0, false]]], "skill": "navigation", "skill-life-cycle": "SUCCESS", "label": "navto_room"}
214.80, [DEBUG], turtlebot3, "available-skills=['send_message', 'wait_message', 'approach_person', 'approach_robot', 'authenticate_person', 'navigation', 'operate_drawer']"
214.82, [DEBUG], turtlebot3, {"param_list": ["nurse"], "skill": "approach_person", "skill-life-cycle": "STARTED", "label": "approach_nurse"}
214.87, [DEBUG], turtlebot3, {"status": "localize-person", "skill": "approach-person", "who": "nurse"}
214.95, [INFO], turtlebot1, {"y": "18.03", "x": "-27.21", "yaw": "-1.57"}
214.95, [INFO], turtlebot1, {"y": "18.03", "x": "-27.21", "yaw": "-1.57"}
214.95, [DEBUG], turtlebot3, {"status": "goto-person", "skill": "approach-person", "who": "nurse"}
214.97, [INFO], turtlebot3, {"y": "21.34", "x": "-37.64", "yaw": "0.05"}
214.97, [INFO], turtlebot3, {"y": "21.34", "x": "-37.64", "yaw": "0.05"}
214.97, [INFO], turtlebot2, {"y": "17.99", "x": "-19.01", "yaw": "-1.38"}
214.97, [INFO], turtlebot2, {"y": "17.99", "x": "-19.01", "yaw": "-1.38"}
214.98, [INFO], turtlebot3, {"battery-level": "63.96%"}
214.98, [INFO], turtlebot3, {"battery-level": "63.96%"}
215.00, [INFO], turtlebot4, {"y": "33.97", "x": "-32.91", "yaw": "-3.08"}
215.00, [INFO], turtlebot5, {"y": "17.82", "x": "-11.46", "yaw": "-1.25"}
215.00, [INFO], turtlebot4, {"y": "33.97", "x": "-32.91", "yaw": "-3.08"}
215.02, [INFO], turtlebot5, {"y": "17.82", "x": "-11.46", "yaw": "-1.25"}
215.02, [DEBUG], turtlebot3, {"param_list": ["nurse"], "skill": "approach_person", "skill-life-cycle": "SUCCESS", "label": "approach_nurse"}
215.02, [DEBUG], turtlebot3, "available-skills=['send_message', 'wait_message', 'approach_person', 'approach_robot', 'authenticate_person', 'navigation', 'operate_drawer']"
215.02, [DEBUG], turtlebot3, {"param_list": ["nurse"], "skill": "authenticate_person", "skill-life-cycle": "STARTED", "label": "authenticate_nurse"}
215.03, [INFO], turtlebot6, {"y": "18.79", "x": "-33.88", "yaw": "3.01"}
215.03, [INFO], turtlebot6, {"y": "18.79", "x": "-33.88", "yaw": "3.01"}
215.07, [DEBUG], turtlebot3, {"status": "request-authentication", "to": "nurse", "skill": "authenticate-person"}
215.07, [INFO], nurse, {"status": "message-received", "skill": "athentication-request"}
215.08, [INFO], nurse, {"status": "message-received", "skill": "athentication-request"}
215.43, [DEBUG], turtlebot3, {"status": "received-authentication", "skill": "authenticate-person", "from": "nurse"}
215.50, [DEBUG], turtlebot3, {"param_list": ["nurse"], "skill": "authenticate_person", "skill-life-cycle": "SUCCESS", "label": "authenticate_nurse"}
215.50, [DEBUG], turtlebot3, "available-skills=['send_message', 'wait_message', 'approach_person', 'approach_robot', 'authenticate_person', 'navigation', 'operate_drawer']"
215.52, [DEBUG], turtlebot3, {"param_list": ["open"], "skill": "operate_drawer", "skill-life-cycle": "STARTED", "label": "open_drawer_for_nurse"}
215.57, [DEBUG], turtlebot3, {"status": "task-update", "action": "open", "skill": "operate-drawer"}
216.40, [DEBUG], turtlebot3, {"param_list": ["open"], "skill": "operate_drawer", "skill-life-cycle": "SUCCESS", "label": "open_drawer_for_nurse"}
216.40, [DEBUG], turtlebot3, "available-skills=['send_message', 'wait_message', 'approach_person', 'approach_robot', 'authenticate_person', 'navigation', 'operate_drawer']"
216.40, [DEBUG], turtlebot3, {"param_list": ["nurse"], "skill": "send_message", "skill-life-cycle": "STARTED", "label": "notify_nurse_of_open_drawer_for_nurse_completed"}
216.48, [INFO], turtlebot3, {"to": "nurse", "skill": "send-message"}
217.23, [INFO], nurse, {"status": "message-received", "skill": "wait-message"}
217.23, [INFO], nurse, {"status": "message-received", "skill": "wait-message"}
219.52, [DEBUG], turtlebot3, {"param_list": ["nurse"], "skill": "send_message", "skill-life-cycle": "SUCCESS", "label": "notify_nurse_of_open_drawer_for_nurse_completed"}
219.52, [DEBUG], turtlebot3, "available-skills=['send_message', 'wait_message', 'approach_person', 'approach_robot', 'authenticate_person', 'navigation', 'operate_drawer']"
219.52, [DEBUG], turtlebot3, {"param_list": ["nurse"], "skill": "wait_message", "skill-life-cycle": "STARTED", "label": "wait_nurse_to_complete_deposit"}
220.32, [DEBUG], turtlebot3, {"param_list": ["nurse"], "skill": "wait_message", "skill-life-cycle": "RUNNING", "label": "wait_nurse_to_complete_deposit"}
221.28, [INFO], turtlebot3, {"status": "message-received", "skill": "wait-message"}
221.35, [DEBUG], turtlebot3, {"param_list": ["nurse"], "skill": "wait_message", "skill-life-cycle": "SUCCESS", "label": "wait_nurse_to_complete_deposit"}
221.35, [DEBUG], turtlebot3, "available-skills=['send_message', 'wait_message', 'approach_person', 'approach_robot', 'authenticate_person', 'navigation', 'operate_drawer']"
221.35, [DEBUG], turtlebot3, {"param_list": ["close"], "skill": "operate_drawer", "skill-life-cycle": "STARTED", "label": "close_drawer_nurse"}
221.43, [DEBUG], turtlebot3, {"status": "task-update", "action": "close", "skill": "operate-drawer"}
222.28, [DEBUG], turtlebot3, {"param_list": ["close"], "skill": "operate_drawer", "skill-life-cycle": "SUCCESS", "label": "close_drawer_nurse"}
222.28, [DEBUG], turtlebot3, "available-skills=['send_message', 'wait_message', 'approach_person', 'approach_robot', 'authenticate_person', 'navigation', 'operate_drawer']"
222.28, [DEBUG], turtlebot3, {"param_list": ["Laboratory", [[-37.0, 21.5, -1.5707963267948966, true], [-37.0, 16.0, 0.0, true], [-26.0, 16.0, -1.5707963267948966, true], [-26.0, 13.0, 1.57, false]]], "skill": "navigation", "skill-life-cycle": "STARTED", "label": "navto_lab"}
227.23, [INFO], nurse, {"status": "message-received", "skill": "wait-message"}
227.23, [INFO], nurse, {"status": "message-received", "skill": "wait-message"}
229.95, [INFO], turtlebot1, {"y": "18.03", "x": "-27.21", "yaw": "-1.57"}
229.95, [INFO], turtlebot1, {"y": "18.03", "x": "-27.21", "yaw": "-1.57"}
229.97, [INFO], turtlebot3, {"y": "21.40", "x": "-37.46", "yaw": "-0.76"}
229.97, [INFO], turtlebot3, {"y": "21.40", "x": "-37.46", "yaw": "-0.76"}
229.97, [INFO], turtlebot2, {"y": "17.99", "x": "-19.01", "yaw": "-1.38"}
229.97, [INFO], turtlebot2, {"y": "17.99", "x": "-19.01", "yaw": "-1.38"}
229.98, [INFO], turtlebot3, {"battery-level": "63.36%"}
229.98, [INFO], turtlebot3, {"battery-level": "63.36%"}
230.00, [INFO], turtlebot5, {"y": "17.82", "x": "-11.46", "yaw": "-1.25"}
230.00, [INFO], turtlebot5, {"y": "17.82", "x": "-11.46", "yaw": "-1.25"}
230.00, [INFO], turtlebot4, {"y": "33.97", "x": "-32.91", "yaw": "-3.07"}
230.02, [INFO], turtlebot4, {"y": "33.97", "x": "-32.91", "yaw": "-3.07"}
230.03, [INFO], turtlebot6, {"y": "18.79", "x": "-33.88", "yaw": "3.01"}
230.03, [INFO], turtlebot6, {"y": "18.79", "x": "-33.88", "yaw": "3.01"}
232.48, [DEBUG], None, [debug],turtlebot3,move-base-info,Hooray, the base moved arrived,(x=-37;y=21.5)
232.48, [DEBUG], None, [debug],turtlebot3,move-base-info,Hooray, the base moved arrived,(x=-37;y=21.5)
232.48, [DEBUG], turtlebot3, {"status": "way-point-reached", "skill": "navigation", "percentage": "25.00%", "goingto": "Laboratory"}
235.07, [INFO], nurse, {"status": "waiting", "skill": "athentication-sent"}
235.07, [INFO], nurse, {"status": "waiting", "skill": "athentication-sent"}
237.23, [INFO], nurse, {"status": "message-received", "skill": "wait-message"}
237.23, [INFO], nurse, {"status": "message-received", "skill": "wait-message"}
244.95, [INFO], turtlebot1, {"y": "18.03", "x": "-27.21", "yaw": "-1.57"}
244.95, [INFO], turtlebot1, {"y": "18.03", "x": "-27.21", "yaw": "-1.57"}
244.97, [INFO], turtlebot3, {"y": "20.80", "x": "-36.96", "yaw": "-0.86"}
244.97, [INFO], turtlebot2, {"y": "17.99", "x": "-19.01", "yaw": "-1.38"}
244.97, [INFO], turtlebot3, {"y": "20.80", "x": "-36.96", "yaw": "-0.86"}
244.97, [INFO], turtlebot2, {"y": "17.99", "x": "-19.01", "yaw": "-1.38"}
244.98, [INFO], turtlebot3, {"battery-level": "62.76%"}
244.98, [INFO], turtlebot3, {"battery-level": "62.76%"}
245.00, [INFO], turtlebot4, {"y": "33.97", "x": "-32.91", "yaw": "-3.07"}
245.00, [INFO], turtlebot4, {"y": "33.97", "x": "-32.91", "yaw": "-3.07"}
245.02, [INFO], turtlebot5, {"y": "17.82", "x": "-11.46", "yaw": "-1.25"}
245.02, [INFO], turtlebot5, {"y": "17.82", "x": "-11.46", "yaw": "-1.25"}
245.03, [INFO], turtlebot6, {"y": "18.79", "x": "-33.88", "yaw": "3.01"}
245.03, [INFO], turtlebot6, {"y": "18.79", "x": "-33.88", "yaw": "3.01"}
247.23, [INFO], nurse, {"status": "message-received", "skill": "wait-message"}
247.23, [INFO], nurse, {"status": "message-received", "skill": "wait-message"}
259.95, [INFO], turtlebot1, {"y": "18.03", "x": "-27.21", "yaw": "-1.57"}
259.95, [INFO], turtlebot1, {"y": "18.03", "x": "-27.21", "yaw": "-1.57"}
259.97, [INFO], turtlebot2, {"y": "17.99", "x": "-19.01", "yaw": "-1.37"}
259.97, [INFO], turtlebot2, {"y": "17.99", "x": "-19.01", "yaw": "-1.37"}
259.97, [INFO], turtlebot3, {"y": "19.58", "x": "-36.69", "yaw": "-1.55"}
259.97, [INFO], turtlebot3, {"y": "19.58", "x": "-36.69", "yaw": "-1.55"}
259.98, [INFO], turtlebot3, {"battery-level": "62.20%"}
259.98, [INFO], turtlebot3, {"battery-level": "62.20%"}
260.00, [INFO], turtlebot5, {"y": "17.82", "x": "-11.46", "yaw": "-1.25"}
260.00, [INFO], turtlebot5, {"y": "17.82", "x": "-11.46", "yaw": "-1.25"}
260.00, [INFO], turtlebot4, {"y": "33.97", "x": "-32.91", "yaw": "-3.06"}
260.00, [INFO], turtlebot4, {"y": "33.97", "x": "-32.91", "yaw": "-3.06"}
260.03, [INFO], turtlebot6, {"y": "18.79", "x": "-33.88", "yaw": "3.01"}
260.03, [INFO], turtlebot6, {"y": "18.79", "x": "-33.88", "yaw": "3.01"}
263.70, [DEBUG], turtlebot3, {"param_list": ["Laboratory", [[-37.0, 21.5, -1.5707963267948966, true], [-37.0, 16.0, 0.0, true], [-26.0, 16.0, -1.5707963267948966, true], [-26.0, 13.0, 1.57, false]]], "skill": "navigation", "skill-life-cycle": "RUNNING", "label": "navto_lab"}
274.95, [INFO], turtlebot1, {"y": "18.03", "x": "-27.21", "yaw": "-1.57"}
274.95, [INFO], turtlebot1, {"y": "18.03", "x": "-27.21", "yaw": "-1.57"}
274.97, [INFO], turtlebot3, {"y": "18.32", "x": "-36.67", "yaw": "-1.57"}
274.97, [INFO], turtlebot3, {"y": "18.32", "x": "-36.67", "yaw": "-1.57"}
274.97, [INFO], turtlebot2, {"y": "17.99", "x": "-19.01", "yaw": "-1.37"}
274.97, [INFO], turtlebot2, {"y": "17.99", "x": "-19.01", "yaw": "-1.37"}
274.98, [INFO], turtlebot3, {"battery-level": "61.60%"}
274.98, [INFO], turtlebot3, {"battery-level": "61.60%"}
275.00, [INFO], turtlebot4, {"y": "33.97", "x": "-32.91", "yaw": "-3.06"}
275.00, [INFO], turtlebot4, {"y": "33.97", "x": "-32.91", "yaw": "-3.06"}
275.00, [INFO], turtlebot5, {"y": "17.82", "x": "-11.46", "yaw": "-1.25"}
275.00, [INFO], turtlebot5, {"y": "17.82", "x": "-11.46", "yaw": "-1.25"}
275.03, [INFO], turtlebot6, {"y": "18.79", "x": "-33.88", "yaw": "3.01"}
275.03, [INFO], turtlebot6, {"y": "18.79", "x": "-33.88", "yaw": "3.01"}
289.95, [INFO], turtlebot1, {"y": "18.03", "x": "-27.21", "yaw": "-1.57"}
289.95, [INFO], turtlebot1, {"y": "18.03", "x": "-27.21", "yaw": "-1.57"}
289.97, [INFO], turtlebot3, {"y": "17.07", "x": "-36.69", "yaw": "-1.65"}
289.97, [INFO], turtlebot3, {"y": "17.07", "x": "-36.69", "yaw": "-1.65"}
289.97, [INFO], turtlebot2, {"y": "17.99", "x": "-19.00", "yaw": "-1.37"}
289.97, [INFO], turtlebot2, {"y": "17.99", "x": "-19.00", "yaw": "-1.37"}
289.98, [INFO], turtlebot3, {"battery-level": "61.00%"}
289.98, [INFO], turtlebot3, {"battery-level": "61.00%"}
290.00, [INFO], turtlebot4, {"y": "33.98", "x": "-32.92", "yaw": "-3.05"}
290.00, [INFO], turtlebot4, {"y": "33.98", "x": "-32.92", "yaw": "-3.05"}
290.00, [INFO], turtlebot5, {"y": "17.82", "x": "-11.46", "yaw": "-1.25"}
290.00, [INFO], turtlebot5, {"y": "17.82", "x": "-11.46", "yaw": "-1.25"}
290.05, [INFO], turtlebot6, {"y": "18.79", "x": "-33.88", "yaw": "3.01"}
290.05, [INFO], turtlebot6, {"y": "18.79", "x": "-33.88", "yaw": "3.01"}
302.45, [DEBUG], None, [debug],turtlebot3,move-base-info,Hooray, the base moved arrived,(x=-37;y=16)
302.48, [DEBUG], None, [debug],turtlebot3,move-base-info,Hooray, the base moved arrived,(x=-37;y=16)
302.58, [DEBUG], turtlebot3, {"status": "way-point-reached", "skill": "navigation", "percentage": "50.00%", "goingto": "Laboratory"}
304.95, [INFO], turtlebot1, {"y": "18.03", "x": "-27.21", "yaw": "-1.57"}
304.95, [INFO], turtlebot1, {"y": "18.03", "x": "-27.21", "yaw": "-1.57"}
304.97, [INFO], turtlebot2, {"y": "17.99", "x": "-19.00", "yaw": "-1.37"}
304.97, [INFO], turtlebot2, {"y": "17.99", "x": "-19.00", "yaw": "-1.37"}
304.97, [INFO], turtlebot3, {"y": "16.42", "x": "-36.86", "yaw": "-0.04"}
304.97, [INFO], turtlebot3, {"y": "16.42", "x": "-36.86", "yaw": "-0.04"}
304.98, [INFO], turtlebot3, {"battery-level": "60.40%"}
304.98, [INFO], turtlebot3, {"battery-level": "60.40%"}
305.00, [INFO], turtlebot4, {"y": "33.98", "x": "-32.92", "yaw": "-3.05"}
305.00, [INFO], turtlebot4, {"y": "33.98", "x": "-32.92", "yaw": "-3.05"}
305.00, [INFO], turtlebot5, {"y": "17.82", "x": "-11.47", "yaw": "-1.25"}
305.00, [INFO], turtlebot5, {"y": "17.82", "x": "-11.47", "yaw": "-1.25"}
305.03, [INFO], turtlebot6, {"y": "18.79", "x": "-33.88", "yaw": "3.01"}
305.03, [INFO], turtlebot6, {"y": "18.79", "x": "-33.88", "yaw": "3.01"}
306.67, [DEBUG], turtlebot3, {"param_list": ["Laboratory", [[-37.0, 21.5, -1.5707963267948966, true], [-37.0, 16.0, 0.0, true], [-26.0, 16.0, -1.5707963267948966, true], [-26.0, 13.0, 1.57, false]]], "skill": "navigation", "skill-life-cycle": "RUNNING", "label": "navto_lab"}
319.95, [INFO], turtlebot1, {"y": "18.03", "x": "-27.21", "yaw": "-1.56"}
319.95, [INFO], turtlebot1, {"y": "18.03", "x": "-27.21", "yaw": "-1.56"}
319.97, [INFO], turtlebot2, {"y": "17.99", "x": "-19.00", "yaw": "-1.37"}
319.97, [INFO], turtlebot2, {"y": "17.99", "x": "-19.00", "yaw": "-1.37"}
319.97, [INFO], turtlebot3, {"y": "15.67", "x": "-35.69", "yaw": "-0.10"}
319.97, [INFO], turtlebot3, {"y": "15.67", "x": "-35.69", "yaw": "-0.10"}
319.98, [INFO], turtlebot3, {"battery-level": "59.76%"}
319.98, [INFO], turtlebot3, {"battery-level": "59.76%"}
320.02, [INFO], turtlebot4, {"y": "33.98", "x": "-32.92", "yaw": "-3.06"}
320.02, [INFO], turtlebot4, {"y": "33.98", "x": "-32.92", "yaw": "-3.06"}
320.02, [INFO], turtlebot5, {"y": "17.82", "x": "-11.47", "yaw": "-1.25"}
320.02, [INFO], turtlebot5, {"y": "17.82", "x": "-11.47", "yaw": "-1.25"}
320.03, [INFO], turtlebot6, {"y": "18.79", "x": "-33.88", "yaw": "3.01"}
320.03, [INFO], turtlebot6, {"y": "18.79", "x": "-33.88", "yaw": "3.01"}
334.95, [INFO], turtlebot1, {"y": "18.02", "x": "-27.21", "yaw": "-1.55"}
334.95, [INFO], turtlebot1, {"y": "18.02", "x": "-27.21", "yaw": "-1.55"}
334.97, [INFO], turtlebot3, {"y": "15.68", "x": "-33.19", "yaw": "0.00"}
334.97, [INFO], turtlebot2, {"y": "17.99", "x": "-19.00", "yaw": "-1.37"}
334.97, [INFO], turtlebot3, {"y": "15.68", "x": "-33.19", "yaw": "0.00"}
334.97, [INFO], turtlebot2, {"y": "17.99", "x": "-19.00", "yaw": "-1.37"}
334.98, [INFO], turtlebot3, {"battery-level": "59.20%"}
334.98, [INFO], turtlebot3, {"battery-level": "59.20%"}
335.00, [INFO], turtlebot5, {"y": "17.82", "x": "-11.47", "yaw": "-1.25"}
335.00, [INFO], turtlebot5, {"y": "17.82", "x": "-11.47", "yaw": "-1.25"}
335.00, [INFO], turtlebot4, {"y": "33.98", "x": "-32.92", "yaw": "-3.06"}
335.00, [INFO], turtlebot4, {"y": "33.98", "x": "-32.92", "yaw": "-3.06"}
335.03, [INFO], turtlebot6, {"y": "18.79", "x": "-33.88", "yaw": "3.01"}
335.03, [INFO], turtlebot6, {"y": "18.79", "x": "-33.88", "yaw": "3.01"}
348.93, [DEBUG], turtlebot3, {"param_list": ["Laboratory", [[-37.0, 21.5, -1.5707963267948966, true], [-37.0, 16.0, 0.0, true], [-26.0, 16.0, -1.5707963267948966, true], [-26.0, 13.0, 1.57, false]]], "skill": "navigation", "skill-life-cycle": "RUNNING", "label": "navto_lab"}
349.95, [INFO], turtlebot1, {"y": "18.01", "x": "-27.21", "yaw": "-1.54"}
349.95, [INFO], turtlebot1, {"y": "18.01", "x": "-27.21", "yaw": "-1.54"}
349.97, [INFO], turtlebot3, {"y": "16.03", "x": "-30.43", "yaw": "-0.02"}
349.97, [INFO], turtlebot2, {"y": "17.99", "x": "-19.00", "yaw": "-1.37"}
349.97, [INFO], turtlebot3, {"y": "16.03", "x": "-30.43", "yaw": "-0.02"}
349.97, [INFO], turtlebot2, {"y": "17.99", "x": "-19.00", "yaw": "-1.37"}
349.98, [INFO], turtlebot3, {"battery-level": "58.56%"}
349.98, [INFO], turtlebot3, {"battery-level": "58.56%"}
350.00, [INFO], turtlebot5, {"y": "17.82", "x": "-11.47", "yaw": "-1.25"}
350.00, [INFO], turtlebot5, {"y": "17.82", "x": "-11.47", "yaw": "-1.25"}
350.02, [INFO], turtlebot4, {"y": "33.98", "x": "-32.93", "yaw": "-3.06"}
350.02, [INFO], turtlebot4, {"y": "33.98", "x": "-32.93", "yaw": "-3.06"}
350.03, [INFO], turtlebot6, {"y": "18.79", "x": "-33.88", "yaw": "3.01"}
350.03, [INFO], turtlebot6, {"y": "18.79", "x": "-33.88", "yaw": "3.01"}
364.95, [INFO], turtlebot1, {"y": "18.00", "x": "-27.21", "yaw": "-1.54"}
364.95, [INFO], turtlebot1, {"y": "18.00", "x": "-27.21", "yaw": "-1.54"}
364.97, [INFO], turtlebot2, {"y": "17.99", "x": "-19.00", "yaw": "-1.37"}
364.97, [INFO], turtlebot2, {"y": "17.99", "x": "-19.00", "yaw": "-1.37"}
364.97, [INFO], turtlebot3, {"y": "16.15", "x": "-27.83", "yaw": "0.05"}
364.97, [INFO], turtlebot3, {"y": "16.15", "x": "-27.83", "yaw": "0.05"}
364.98, [INFO], turtlebot3, {"battery-level": "58.00%"}
364.98, [INFO], turtlebot3, {"battery-level": "58.00%"}
365.00, [INFO], turtlebot5, {"y": "17.82", "x": "-11.47", "yaw": "-1.25"}
365.00, [INFO], turtlebot5, {"y": "17.82", "x": "-11.47", "yaw": "-1.25"}
365.00, [INFO], turtlebot4, {"y": "33.98", "x": "-32.93", "yaw": "-3.06"}
365.02, [INFO], turtlebot4, {"y": "33.98", "x": "-32.93", "yaw": "-3.06"}
365.03, [INFO], turtlebot6, {"y": "18.79", "x": "-33.88", "yaw": "3.01"}
365.05, [INFO], turtlebot6, {"y": "18.79", "x": "-33.88", "yaw": "3.01"}
378.58, [DEBUG], None, [debug],turtlebot3,move-base-info,Hooray, the base moved arrived,(x=-26;y=16)
378.58, [DEBUG], None, [debug],turtlebot3,move-base-info,Hooray, the base moved arrived,(x=-26;y=16)
378.72, [DEBUG], turtlebot3, {"status": "way-point-reached", "skill": "navigation", "percentage": "75.00%", "goingto": "Laboratory"}
379.95, [INFO], turtlebot1, {"y": "17.98", "x": "-27.21", "yaw": "-1.54"}
379.95, [INFO], turtlebot1, {"y": "17.98", "x": "-27.21", "yaw": "-1.54"}
379.97, [INFO], turtlebot3, {"y": "16.29", "x": "-26.38", "yaw": "-1.53"}
379.97, [INFO], turtlebot3, {"y": "16.29", "x": "-26.38", "yaw": "-1.53"}
379.97, [INFO], turtlebot2, {"y": "17.99", "x": "-19.00", "yaw": "-1.37"}
379.97, [INFO], turtlebot2, {"y": "17.99", "x": "-19.00", "yaw": "-1.37"}
379.98, [INFO], turtlebot3, {"battery-level": "57.36%"}
379.98, [INFO], turtlebot3, {"battery-level": "57.36%"}
380.00, [INFO], turtlebot4, {"y": "33.98", "x": "-32.93", "yaw": "-3.06"}
380.00, [INFO], turtlebot4, {"y": "33.98", "x": "-32.93", "yaw": "-3.06"}
380.00, [INFO], turtlebot5, {"y": "17.82", "x": "-11.47", "yaw": "-1.25"}
380.00, [INFO], turtlebot5, {"y": "17.82", "x": "-11.47", "yaw": "-1.25"}
380.03, [INFO], turtlebot6, {"y": "18.79", "x": "-33.88", "yaw": "3.01"}
380.03, [INFO], turtlebot6, {"y": "18.79", "x": "-33.88", "yaw": "3.01"}
391.98, [DEBUG], turtlebot3, {"param_list": ["Laboratory", [[-37.0, 21.5, -1.5707963267948966, true], [-37.0, 16.0, 0.0, true], [-26.0, 16.0, -1.5707963267948966, true], [-26.0, 13.0, 1.57, false]]], "skill": "navigation", "skill-life-cycle": "RUNNING", "label": "navto_lab"}
394.95, [INFO], turtlebot1, {"y": "17.97", "x": "-27.21", "yaw": "-1.54"}
394.95, [INFO], turtlebot1, {"y": "17.97", "x": "-27.21", "yaw": "-1.54"}
394.97, [INFO], turtlebot2, {"y": "17.99", "x": "-19.00", "yaw": "-1.37"}
394.97, [INFO], turtlebot2, {"y": "17.99", "x": "-19.00", "yaw": "-1.37"}
394.97, [INFO], turtlebot3, {"y": "15.31", "x": "-25.98", "yaw": "-1.23"}
394.98, [INFO], turtlebot3, {"y": "15.31", "x": "-25.98", "yaw": "-1.23"}
394.98, [INFO], turtlebot3, {"battery-level": "56.80%"}
394.98, [INFO], turtlebot3, {"battery-level": "56.80%"}
395.00, [INFO], turtlebot5, {"y": "17.82", "x": "-11.47", "yaw": "-1.25"}
395.00, [INFO], turtlebot5, {"y": "17.82", "x": "-11.47", "yaw": "-1.25"}
395.00, [INFO], turtlebot4, {"y": "33.98", "x": "-32.93", "yaw": "-3.06"}
395.00, [INFO], turtlebot4, {"y": "33.98", "x": "-32.93", "yaw": "-3.06"}
395.03, [INFO], turtlebot6, {"y": "18.79", "x": "-33.88", "yaw": "3.01"}
395.03, [INFO], turtlebot6, {"y": "18.79", "x": "-33.88", "yaw": "3.01"}
409.95, [INFO], turtlebot1, {"y": "17.96", "x": "-27.21", "yaw": "-1.54"}
409.95, [INFO], turtlebot1, {"y": "17.96", "x": "-27.21", "yaw": "-1.54"}
409.97, [INFO], turtlebot3, {"y": "14.06", "x": "-25.81", "yaw": "-1.60"}
409.97, [INFO], turtlebot3, {"y": "14.06", "x": "-25.81", "yaw": "-1.60"}
409.98, [INFO], turtlebot2, {"y": "17.98", "x": "-19.00", "yaw": "-1.37"}
409.98, [INFO], turtlebot2, {"y": "17.98", "x": "-19.00", "yaw": "-1.37"}
409.98, [INFO], turtlebot3, {"battery-level": "56.16%"}
409.98, [INFO], turtlebot3, {"battery-level": "56.16%"}
410.00, [INFO], turtlebot5, {"y": "17.82", "x": "-11.47", "yaw": "-1.25"}
410.00, [INFO], turtlebot5, {"y": "17.82", "x": "-11.47", "yaw": "-1.25"}
410.00, [INFO], turtlebot4, {"y": "33.98", "x": "-32.93", "yaw": "-3.06"}
410.00, [INFO], turtlebot4, {"y": "33.98", "x": "-32.93", "yaw": "-3.06"}
410.03, [INFO], turtlebot6, {"y": "18.79", "x": "-33.88", "yaw": "3.01"}
410.03, [INFO], turtlebot6, {"y": "18.79", "x": "-33.88", "yaw": "3.01"}
424.27, [DEBUG], None, [debug],turtlebot3,move-base-info,Hooray, the base moved arrived,(x=-26;y=13)
424.27, [DEBUG], None, [debug],turtlebot3,move-base-info,Hooray, the base moved arrived,(x=-26;y=13)
424.43, [DEBUG], turtlebot3, {"status": "way-point-reached", "skill": "navigation", "percentage": "100.00%", "goingto": "Laboratory"}
424.50, [DEBUG], turtlebot3, {"param_list": ["Laboratory", [[-37.0, 21.5, -1.5707963267948966, true], [-37.0, 16.0, 0.0, true], [-26.0, 16.0, -1.5707963267948966, true], [-26.0, 13.0, 1.57, false]]], "skill": "navigation", "skill-life-cycle": "SUCCESS", "label": "navto_lab"}
424.50, [DEBUG], turtlebot3, "available-skills=['send_message', 'wait_message', 'approach_person', 'approach_robot', 'authenticate_person', 'navigation', 'operate_drawer']"
424.50, [DEBUG], turtlebot3, {"param_list": ["lab_arm"], "skill": "approach_robot", "skill-life-cycle": "STARTED", "label": "approach_arm"}
424.58, [DEBUG], turtlebot3, {"status": "localize-robot", "skill": "=approach-robot", "who": "lab_arm"}
424.63, [DEBUG], turtlebot3, {"status": "goto-robot", "skill": "approach-robot", "who": "lab_arm"}
424.72, [DEBUG], turtlebot3, {"param_list": ["lab_arm"], "skill": "approach_robot", "skill-life-cycle": "SUCCESS", "label": "approach_arm"}
424.72, [DEBUG], turtlebot3, "available-skills=['send_message', 'wait_message', 'approach_person', 'approach_robot', 'authenticate_person', 'navigation', 'operate_drawer']"
424.72, [DEBUG], turtlebot3, {"param_list": ["open"], "skill": "operate_drawer", "skill-life-cycle": "STARTED", "label": "open_drawer_lab"}
424.78, [DEBUG], turtlebot3, {"status": "task-update", "action": "open", "skill": "operate-drawer"}
424.95, [INFO], turtlebot1, {"y": "17.94", "x": "-27.20", "yaw": "-1.54"}
424.95, [INFO], turtlebot1, {"y": "17.94", "x": "-27.20", "yaw": "-1.54"}
424.97, [INFO], turtlebot2, {"y": "17.98", "x": "-19.00", "yaw": "-1.37"}
424.97, [INFO], turtlebot3, {"y": "13.40", "x": "-25.90", "yaw": "1.61"}
424.97, [INFO], turtlebot2, {"y": "17.98", "x": "-19.00", "yaw": "-1.37"}
424.97, [INFO], turtlebot3, {"y": "13.40", "x": "-25.90", "yaw": "1.61"}
424.98, [INFO], turtlebot3, {"battery-level": "55.56%"}
424.98, [INFO], turtlebot3, {"battery-level": "55.56%"}
425.00, [INFO], turtlebot4, {"y": "33.98", "x": "-32.93", "yaw": "-3.06"}
425.00, [INFO], turtlebot5, {"y": "17.82", "x": "-11.47", "yaw": "-1.25"}
425.00, [INFO], turtlebot4, {"y": "33.98", "x": "-32.93", "yaw": "-3.06"}
425.00, [INFO], turtlebot5, {"y": "17.82", "x": "-11.47", "yaw": "-1.25"}
425.03, [INFO], turtlebot6, {"y": "18.79", "x": "-33.88", "yaw": "3.01"}
425.03, [INFO], turtlebot6, {"y": "18.79", "x": "-33.88", "yaw": "3.01"}
425.60, [DEBUG], turtlebot3, {"param_list": ["open"], "skill": "operate_drawer", "skill-life-cycle": "SUCCESS", "label": "open_drawer_lab"}
425.60, [DEBUG], turtlebot3, "available-skills=['send_message', 'wait_message', 'approach_person', 'approach_robot', 'authenticate_person', 'navigation', 'operate_drawer']"
425.62, [DEBUG], turtlebot3, {"param_list": ["lab_arm"], "skill": "send_message", "skill-life-cycle": "STARTED", "label": "notify_lab_arm_of_open_drawer_lab_completed"}
425.67, [INFO], turtlebot3, {"to": "lab_arm", "skill": "send-message"}
426.43, [INFO], lab_arm, {"status": "sample-received", "skill": "wait-sample"}
426.43, [INFO], nurse, {"status": "sample-received", "skill": "wait-sample"}
426.43, [DEBUG], None, ENDSIM
426.43, [DEBUG], None, end!
