0.00, [DEBUG], logger, ROBOTS_CONFIG=[{"avg_speed": 0.15, "battery_charge": 0.23995139509475963, "battery_discharge_rate": 0.0006600000000000001, "id": 1, "local_plan": null, "location": "IC Room 4", "name": "r1", "position": [-39.44, 33.95, 0.0], "skills": ["approach_person", "approach_robot", "authenticate_person", "navigation", "operate_drawer"]}, {"avg_speed": 0.15, "battery_charge": 0.634952869577942, "battery_discharge_rate": 0.00026000000000000003, "id": 2, "local_plan": null, "location": "PC Room 5", "name": "r2", "position": [-21.0, 18.0, -1.57], "skills": ["approach_person", "approach_robot", "authenticate_person", "navigation", "operate_drawer"]}, {"avg_speed": 0.15, "battery_charge": 0.08039941318304296, "battery_discharge_rate": 0.00064, "id": 3, "local_plan": [["navigation", ["PC Room 3", [[-38.0, 21.5, 0.0], [-37.0, 21.5], [-37.0, 16.0], [-28.5, 16.0], [-28.5, 18.0, -1.57]]], "navto_room"], ["approach_person", ["nurse"], "approach_nurse"], ["authenticate_person", ["nurse"], "authenticate_nurse"], ["operate_drawer", ["open"], "open_drawer_for_nurse"], ["send_message", ["nurse"], "notify_nurse_of_open_drawer_for_nurse_completed"], ["wait_message", ["nurse"], "wait_nurse_to_complete_deposit"], ["operate_drawer", ["close"], "close_drawer_nurse"], ["navigation", ["Laboratory", [[-28.5, 18.0, -1.57], [-28.5, 16.0], [-26.0, 16.0], [-26.0, 13.0, 1.57]]], "navto_lab"], ["approach_robot", ["lab_arm"], "approach_arm"], ["operate_drawer", ["open"], "open_drawer_lab"], ["send_message", ["lab_arm"], "notify_lab_arm_of_open_drawer_lab_completed"], ["wait_message", ["lab_arm"], "wait_lab_arm_to_complete_pick_up_sample"], ["operate_drawer", ["close"], "close_drawer_lab"]], "location": "IC Room 2", "name": "r3", "position": [-38.0, 21.5, 0.0], "skills": ["approach_person", "approach_robot", "authenticate_person", "navigation", "operate_drawer"]}, {"avg_speed": 0.15, "battery_charge": 0.17496190705907763, "battery_discharge_rate": 0.0005600000000000001, "id": 4, "local_plan": null, "location": "PC Room 7", "name": "r4", "position": [-13.5, 18.0, -1.57], "skills": ["approach_person", "approach_robot", "authenticate_person", "navigation", "operate_drawer"]}, {"avg_speed": 0.15, "battery_charge": 0.7179616530181877, "battery_discharge_rate": 0.00076, "id": 5, "local_plan": null, "location": "IC Room 6", "name": "r5", "position": [-33.9, 18.93, 3.14], "skills": ["approach_person", "approach_robot", "authenticate_person", "navigation", "operate_drawer"]}, {"avg_speed": 0.15, "battery_charge": 0.5408465660492595, "battery_discharge_rate": 0.00038, "id": 6, "local_plan": null, "location": "PC Room 4", "name": "r6", "position": [-27.23, 18.0, -1.57], "skills": ["approach_person", "approach_robot", "authenticate_person", "navigation", "operate_drawer"]}]
0.00, [DEBUG], logger, NURSES_CONFIG=[{"location": "PC Room 3", "position": [-29.5, 19.0, -1.57]}]
0.00, [DEBUG], logger, Simulation open
0.00, [DEBUG], logger, subcribing to in the topic /log
1.03, [DEBUG], None, [debug],turtlebot1,move-base-info,Move_base is up and ok....,
1.13, [DEBUG], None, [debug],turtlebot3,move-base-info,Move_base is up and ok....,
1.18, [DEBUG], None, [debug],turtlebot5,move-base-info,Move_base is up and ok....,
2.28, [DEBUG], None, [debug],turtlebot2,move-base-info,Move_base is up and ok....,
2.63, [DEBUG], None, [debug],turtlebot6,move-base-info,Move_base is up and ok....,
2.68, [DEBUG], None, [debug],turtlebot4,move-base-info,Move_base is up and ok....,
8.57, [DEBUG], turtlebot5, {"param_list": [], "skill": "init_robobt", "skill-life-cycle": "RUNNING", "label": "init_robobt"}
8.63, [DEBUG], turtlebot6, {"param_list": [], "skill": "init_robobt", "skill-life-cycle": "RUNNING", "label": "init_robobt"}
8.63, [DEBUG], turtlebot2, {"param_list": [], "skill": "init_robobt", "skill-life-cycle": "RUNNING", "label": "init_robobt"}
10.98, [DEBUG], turtlebot1, {"param_list": [], "skill": "init_robobt", "skill-life-cycle": "SUCCESS", "label": "init_robobt"}
11.03, [DEBUG], turtlebot3, {"param_list": [], "skill": "init_robobt", "skill-life-cycle": "SUCCESS", "label": "init_robobt"}
11.03, [DEBUG], turtlebot3, "available-skills=['send_message', 'wait_message', 'approach_person', 'approach_robot', 'authenticate_person', 'navigation', 'operate_drawer']"
11.05, [DEBUG], turtlebot3, {"param_list": ["PC Room 3", [[-37.0, 21.5, -1.5707963267948966, true], [-37.0, 16.0, 0.0, true], [-28.5, 16.0, 1.5707963267948966, true], [-28.5, 18.0, -1.57, false]]], "skill": "navigation", "skill-life-cycle": "STARTED", "label": "navto_room"}
11.43, [DEBUG], turtlebot4, {"param_list": [], "skill": "init_robobt", "skill-life-cycle": "SUCCESS", "label": "init_robobt"}
12.20, [DEBUG], turtlebot5, {"param_list": [], "skill": "init_robobt", "skill-life-cycle": "SUCCESS", "label": "init_robobt"}
12.43, [DEBUG], turtlebot2, {"param_list": [], "skill": "init_robobt", "skill-life-cycle": "SUCCESS", "label": "init_robobt"}
12.55, [DEBUG], turtlebot6, {"param_list": [], "skill": "init_robobt", "skill-life-cycle": "SUCCESS", "label": "init_robobt"}
21.07, [INFO], turtlebot1, {"y": "33.84", "x": "-39.51", "yaw": "0.46"}
21.07, [INFO], turtlebot1, {"y": "33.84", "x": "-39.51", "yaw": "0.46"}
21.08, [INFO], turtlebot2, {"y": "18.00", "x": "-20.99", "yaw": "-1.54"}
21.08, [INFO], turtlebot2, {"y": "18.00", "x": "-20.99", "yaw": "-1.54"}
21.12, [INFO], turtlebot3, {"y": "21.53", "x": "-37.49", "yaw": "-0.18"}
21.12, [INFO], turtlebot4, {"y": "18.00", "x": "-13.50", "yaw": "-1.50"}
21.12, [INFO], turtlebot3, {"battery-level": "7.26%"}
21.13, [INFO], turtlebot5, {"y": "18.79", "x": "-33.83", "yaw": "2.80"}
21.15, [INFO], turtlebot6, {"y": "18.02", "x": "-27.23", "yaw": "-1.59"}
21.27, [INFO], turtlebot3, {"y": "21.53", "x": "-37.49", "yaw": "-0.18"}
21.27, [INFO], turtlebot4, {"y": "18.00", "x": "-13.50", "yaw": "-1.50"}
21.27, [INFO], turtlebot3, {"battery-level": "7.26%"}
21.27, [INFO], turtlebot5, {"y": "18.79", "x": "-33.83", "yaw": "2.80"}
21.28, [INFO], turtlebot6, {"y": "18.02", "x": "-27.23", "yaw": "-1.59"}
25.03, [DEBUG], None, [debug],turtlebot3,move-base-info,Hooray, the base moved arrived,(x=-37;y=21.5)
25.03, [DEBUG], None, [debug],turtlebot3,move-base-info,Hooray, the base moved arrived,(x=-37;y=21.5)
25.07, [DEBUG], turtlebot3, {"status": "way-point-reached", "skill": "navigation", "percentage": "25.00%", "goingto": "PC Room 3"}
36.07, [INFO], turtlebot1, {"y": "33.84", "x": "-39.51", "yaw": "0.46"}
36.07, [INFO], turtlebot1, {"y": "33.84", "x": "-39.51", "yaw": "0.46"}
36.08, [INFO], turtlebot2, {"y": "18.00", "x": "-20.99", "yaw": "-1.54"}
36.08, [INFO], turtlebot2, {"y": "18.00", "x": "-20.99", "yaw": "-1.54"}
36.12, [INFO], turtlebot4, {"y": "18.00", "x": "-13.49", "yaw": "-1.49"}
36.12, [INFO], turtlebot3, {"battery-level": "6.36%"}
36.13, [INFO], turtlebot3, {"y": "20.81", "x": "-37.14", "yaw": "-1.27"}
36.13, [INFO], turtlebot5, {"y": "18.78", "x": "-33.84", "yaw": "2.82"}
36.15, [INFO], turtlebot6, {"y": "18.02", "x": "-27.23", "yaw": "-1.59"}
36.30, [INFO], turtlebot4, {"y": "18.00", "x": "-13.49", "yaw": "-1.49"}
36.32, [INFO], turtlebot3, {"battery-level": "6.36%"}
36.32, [INFO], turtlebot3, {"y": "20.81", "x": "-37.14", "yaw": "-1.27"}
36.32, [INFO], turtlebot5, {"y": "18.78", "x": "-33.84", "yaw": "2.82"}
36.33, [INFO], turtlebot6, {"y": "18.02", "x": "-27.23", "yaw": "-1.59"}
51.07, [INFO], turtlebot1, {"y": "33.84", "x": "-39.51", "yaw": "0.46"}
51.07, [INFO], turtlebot1, {"y": "33.84", "x": "-39.51", "yaw": "0.46"}
51.08, [INFO], turtlebot2, {"y": "18.00", "x": "-20.99", "yaw": "-1.54"}
51.08, [INFO], turtlebot2, {"y": "18.00", "x": "-20.99", "yaw": "-1.54"}
51.12, [INFO], turtlebot4, {"y": "18.00", "x": "-13.49", "yaw": "-1.48"}
51.12, [INFO], turtlebot3, {"battery-level": "5.46%"}
51.13, [INFO], turtlebot3, {"y": "18.41", "x": "-37.05", "yaw": "-1.56"}
51.13, [DEBUG], turtlebot3, {"param_list": ["PC Room 3", [[-37.0, 21.5, -1.5707963267948966, true], [-37.0, 16.0, 0.0, true], [-28.5, 16.0, 1.5707963267948966, true], [-28.5, 18.0, -1.57, false]]], "skill": "navigation", "skill-life-cycle": "RUNNING", "label": "navto_room"}
51.13, [INFO], turtlebot5, {"y": "18.78", "x": "-33.85", "yaw": "2.84"}
51.15, [INFO], turtlebot6, {"y": "18.03", "x": "-27.22", "yaw": "-1.58"}
51.30, [INFO], turtlebot4, {"y": "18.00", "x": "-13.49", "yaw": "-1.48"}
51.30, [INFO], turtlebot3, {"battery-level": "5.46%"}
51.30, [INFO], turtlebot3, {"y": "18.41", "x": "-37.05", "yaw": "-1.56"}
51.30, [INFO], turtlebot5, {"y": "18.78", "x": "-33.85", "yaw": "2.84"}
51.30, [INFO], turtlebot6, {"y": "18.03", "x": "-27.22", "yaw": "-1.58"}
58.13, [DEBUG], None, ENDLOWBATT
58.13, [DEBUG], None, end!
