0.00, [DEBUG], logger, ROBOTS_CONFIG=[{"avg_speed": 0.15, "battery_charge": 0.23995139509475963, "battery_discharge_rate": 0.00068, "id": 1, "local_plan": null, "location": "IC Room 4", "name": "r1", "position": [-39.44, 33.95, 0.0], "skills": ["approach_person", "approach_robot", "authenticate_person", "navigation"]}, {"avg_speed": 0.15, "battery_charge": 0.634952869577942, "battery_discharge_rate": 0.0006000000000000001, "id": 2, "local_plan": null, "location": "PC Room 5", "name": "r2", "position": [-21.0, 18.0, -1.57], "skills": ["approach_person", "approach_robot", "authenticate_person", "operate_drawer"]}, {"avg_speed": 0.15, "battery_charge": 0.08039941318304296, "battery_discharge_rate": 0.0004, "id": 3, "local_plan": null, "location": "IC Room 2", "name": "r3", "position": [-38.0, 21.5, 0.0], "skills": ["approach_person", "approach_robot", "authenticate_person", "navigation", "operate_drawer"]}, {"avg_speed": 0.15, "battery_charge": 0.17496190705907763, "battery_discharge_rate": 0.00026000000000000003, "id": 4, "local_plan": null, "location": "PC Room 7", "name": "r4", "position": [-13.5, 18.0, -1.57], "skills": ["approach_person", "approach_robot", "authenticate_person", "navigation", "operate_drawer"]}, {"avg_speed": 0.15, "battery_charge": 0.7179616530181877, "battery_discharge_rate": 0.00042, "id": 5, "local_plan": null, "location": "IC Room 6", "name": "r5", "position": [-33.9, 18.93, 3.14], "skills": ["approach_person", "approach_robot", "authenticate_person", "navigation", "operate_drawer"]}, {"avg_speed": 0.15, "battery_charge": 0.5408465660492595, "battery_discharge_rate": 0.0005200000000000001, "id": 6, "local_plan": [["navigation", ["PC Room 3", [[-27.23, 18.0, -1.57], [-27.23, 16.0], [-28.5, 16.0], [-28.5, 18.0, -1.57]]], "navto_room"], ["approach_person", ["nurse"], "approach_nurse"], ["authenticate_person", ["nurse"], "authenticate_nurse"], ["operate_drawer", ["open"], "open_drawer_for_nurse"], ["send_message", ["nurse"], "notify_nurse_of_open_drawer_for_nurse_completed"], ["wait_message", ["nurse"], "wait_nurse_to_complete_deposit"], ["operate_drawer", ["close"], "close_drawer_nurse"], ["navigation", ["Laboratory", [[-28.5, 18.0, -1.57], [-28.5, 16.0], [-26.0, 16.0], [-26.0, 13.0, 1.57]]], "navto_lab"], ["approach_robot", ["lab_arm"], "approach_arm"], ["operate_drawer", ["open"], "open_drawer_lab"], ["send_message", ["lab_arm"], "notify_lab_arm_of_open_drawer_lab_completed"], ["wait_message", ["lab_arm"], "wait_lab_arm_to_complete_pick_up_sample"], ["operate_drawer", ["close"], "close_drawer_lab"]], "location": "PC Room 4", "name": "r6", "position": [-27.23, 18.0, -1.57], "skills": ["approach_person", "approach_robot", "authenticate_person", "navigation", "operate_drawer"]}]
0.00, [DEBUG], logger, NURSES_CONFIG=[{"location": "PC Room 3", "position": [-29.5, 19.0, -1.57]}]
0.00, [DEBUG], logger, Simulation open
0.00, [DEBUG], logger, subcribing to in the topic /log
7.80, [DEBUG], None, [debug],turtlebot1,move-base-info,Move_base is up and ok....,
7.83, [DEBUG], None, [debug],turtlebot6,move-base-info,Move_base is up and ok....,
7.87, [DEBUG], None, [debug],turtlebot5,move-base-info,Move_base is up and ok....,
7.88, [DEBUG], None, [debug],turtlebot4,move-base-info,Move_base is up and ok....,
7.98, [DEBUG], None, [debug],turtlebot3,move-base-info,Move_base is up and ok....,
8.00, [DEBUG], None, [debug],turtlebot2,move-base-info,Move_base is up and ok....,
13.50, [INFO], turtlebot1, {"y": "33.84", "x": "-39.51", "yaw": "0.46"}
13.50, [INFO], turtlebot2, {"y": "18.00", "x": "-20.99", "yaw": "-1.54"}
13.50, [INFO], turtlebot3, {"y": "21.48", "x": "-38.00", "yaw": "0.01"}
13.52, [INFO], turtlebot4, {"y": "18.00", "x": "-13.50", "yaw": "-1.51"}
13.52, [INFO], turtlebot5, {"y": "18.79", "x": "-33.83", "yaw": "2.79"}
13.52, [INFO], turtlebot6, {"y": "18.02", "x": "-27.23", "yaw": "-1.59"}
13.52, [INFO], turtlebot6, {"battery-level": "53.38%"}
16.73, [DEBUG], turtlebot5, {"param_list": [], "skill": "init_robobt", "skill-life-cycle": "SUCCESS", "label": "init_robobt"}
16.75, [DEBUG], turtlebot4, {"param_list": [], "skill": "init_robobt", "skill-life-cycle": "RUNNING", "label": "init_robobt"}
16.75, [DEBUG], turtlebot2, {"param_list": [], "skill": "init_robobt", "skill-life-cycle": "RUNNING", "label": "init_robobt"}
16.75, [DEBUG], turtlebot3, {"param_list": [], "skill": "init_robobt", "skill-life-cycle": "RUNNING", "label": "init_robobt"}
18.62, [DEBUG], turtlebot1, {"param_list": [], "skill": "init_robobt", "skill-life-cycle": "SUCCESS", "label": "init_robobt"}
18.87, [DEBUG], turtlebot6, {"param_list": [], "skill": "init_robobt", "skill-life-cycle": "SUCCESS", "label": "init_robobt"}
18.88, [DEBUG], turtlebot6, "available-skills=['send_message', 'wait_message', 'approach_person', 'approach_robot', 'authenticate_person', 'navigation', 'operate_drawer']"
18.88, [DEBUG], turtlebot6, {"param_list": ["PC Room 3", [[-27.23, 16.0, 3.141592653589793, true], [-28.5, 16.0, 1.5707963267948966, true], [-28.5, 18.0, -1.57, false]]], "skill": "navigation", "skill-life-cycle": "STARTED", "label": "navto_room"}
19.83, [DEBUG], turtlebot4, {"param_list": [], "skill": "init_robobt", "skill-life-cycle": "SUCCESS", "label": "init_robobt"}
20.37, [INFO], turtlebot1, {"y": "33.84", "x": "-39.51", "yaw": "0.46"}
20.37, [INFO], turtlebot1, {"y": "33.84", "x": "-39.51", "yaw": "0.46"}
20.37, [DEBUG], turtlebot3, {"param_list": [], "skill": "init_robobt", "skill-life-cycle": "SUCCESS", "label": "init_robobt"}
20.38, [INFO], turtlebot2, {"y": "18.00", "x": "-20.99", "yaw": "-1.54"}
20.38, [INFO], turtlebot2, {"y": "18.00", "x": "-20.99", "yaw": "-1.54"}
20.38, [INFO], turtlebot3, {"y": "21.48", "x": "-38.00", "yaw": "0.01"}
20.38, [INFO], turtlebot3, {"y": "21.48", "x": "-38.00", "yaw": "0.01"}
20.40, [INFO], turtlebot4, {"y": "18.00", "x": "-13.50", "yaw": "-1.50"}
20.40, [INFO], turtlebot4, {"y": "18.00", "x": "-13.50", "yaw": "-1.50"}
20.40, [INFO], turtlebot5, {"y": "18.78", "x": "-33.83", "yaw": "2.80"}
20.40, [INFO], turtlebot5, {"y": "18.78", "x": "-33.83", "yaw": "2.80"}
20.40, [INFO], turtlebot6, {"y": "18.02", "x": "-27.23", "yaw": "-1.59"}
20.40, [DEBUG], turtlebot2, {"param_list": [], "skill": "init_robobt", "skill-life-cycle": "SUCCESS", "label": "init_robobt"}
20.40, [INFO], turtlebot6, {"battery-level": "52.63%"}
20.42, [INFO], turtlebot6, {"y": "18.02", "x": "-27.23", "yaw": "-1.59"}
20.42, [INFO], turtlebot6, {"battery-level": "52.63%"}
31.72, [INFO], turtlebot1, {"y": "33.84", "x": "-39.51", "yaw": "0.46"}
31.72, [INFO], turtlebot1, {"y": "33.84", "x": "-39.51", "yaw": "0.46"}
31.72, [INFO], turtlebot2, {"y": "18.00", "x": "-20.99", "yaw": "-1.54"}
31.72, [INFO], turtlebot2, {"y": "18.00", "x": "-20.99", "yaw": "-1.54"}
31.73, [INFO], turtlebot3, {"y": "21.48", "x": "-38.00", "yaw": "0.01"}
31.73, [INFO], turtlebot3, {"y": "21.48", "x": "-38.00", "yaw": "0.01"}
31.73, [INFO], turtlebot4, {"y": "18.00", "x": "-13.49", "yaw": "-1.50"}
31.73, [INFO], turtlebot4, {"y": "18.00", "x": "-13.49", "yaw": "-1.50"}
31.75, [INFO], turtlebot5, {"y": "18.78", "x": "-33.84", "yaw": "2.82"}
31.75, [INFO], turtlebot5, {"y": "18.78", "x": "-33.84", "yaw": "2.82"}
31.77, [INFO], turtlebot6, {"y": "17.29", "x": "-27.16", "yaw": "-1.52"}
31.77, [INFO], turtlebot6, {"y": "17.29", "x": "-27.16", "yaw": "-1.52"}
31.78, [INFO], turtlebot6, {"battery-level": "51.88%"}
31.78, [INFO], turtlebot6, {"battery-level": "51.88%"}
43.33, [INFO], turtlebot1, {"y": "33.84", "x": "-39.51", "yaw": "0.46"}
43.33, [INFO], turtlebot1, {"y": "33.84", "x": "-39.51", "yaw": "0.46"}
43.35, [INFO], turtlebot2, {"y": "18.00", "x": "-20.99", "yaw": "-1.54"}
43.35, [INFO], turtlebot2, {"y": "18.00", "x": "-20.99", "yaw": "-1.54"}
43.37, [INFO], turtlebot3, {"y": "21.48", "x": "-38.00", "yaw": "0.01"}
43.37, [INFO], turtlebot3, {"y": "21.48", "x": "-38.00", "yaw": "0.01"}
43.37, [INFO], turtlebot4, {"y": "18.00", "x": "-13.49", "yaw": "-1.49"}
43.37, [INFO], turtlebot4, {"y": "18.00", "x": "-13.49", "yaw": "-1.49"}
43.38, [INFO], turtlebot5, {"y": "18.78", "x": "-33.84", "yaw": "2.83"}
43.38, [INFO], turtlebot5, {"y": "18.78", "x": "-33.84", "yaw": "2.83"}
43.38, [INFO], turtlebot6, {"y": "16.47", "x": "-27.13", "yaw": "-2.56"}
43.38, [INFO], turtlebot6, {"y": "16.47", "x": "-27.13", "yaw": "-2.56"}
43.40, [INFO], turtlebot6, {"battery-level": "51.13%"}
43.40, [INFO], turtlebot6, {"battery-level": "51.13%"}
45.32, [DEBUG], None, [debug],turtlebot6,move-base-info,Hooray, the base moved arrived,(x=-27.23;y=16)
45.32, [DEBUG], None, [debug],turtlebot6,move-base-info,Hooray, the base moved arrived,(x=-27.23;y=16)
45.35, [DEBUG], turtlebot6, {"status": "way-point-reached", "skill": "navigation", "percentage": "33.33%", "goingto": "PC Room 3"}
55.38, [INFO], turtlebot1, {"y": "33.84", "x": "-39.51", "yaw": "0.46"}
55.38, [INFO], turtlebot1, {"y": "33.84", "x": "-39.51", "yaw": "0.46"}
55.40, [INFO], turtlebot2, {"y": "18.00", "x": "-20.99", "yaw": "-1.54"}
55.42, [INFO], turtlebot2, {"y": "18.00", "x": "-20.99", "yaw": "-1.54"}
55.42, [INFO], turtlebot3, {"y": "21.48", "x": "-38.00", "yaw": "0.01"}
55.42, [INFO], turtlebot3, {"y": "21.48", "x": "-38.00", "yaw": "0.01"}
55.42, [INFO], turtlebot4, {"y": "18.00", "x": "-13.49", "yaw": "-1.48"}
55.42, [INFO], turtlebot4, {"y": "18.00", "x": "-13.49", "yaw": "-1.48"}
55.42, [INFO], turtlebot5, {"y": "18.78", "x": "-33.85", "yaw": "2.85"}
55.42, [INFO], turtlebot5, {"y": "18.78", "x": "-33.85", "yaw": "2.85"}
55.43, [INFO], turtlebot6, {"y": "16.33", "x": "-27.92", "yaw": "-3.02"}
55.43, [INFO], turtlebot6, {"y": "16.33", "x": "-27.92", "yaw": "-3.02"}
55.43, [INFO], turtlebot6, {"battery-level": "50.38%"}
55.45, [INFO], turtlebot6, {"battery-level": "50.38%"}
61.40, [DEBUG], None, [debug],turtlebot6,move-base-info,Hooray, the base moved arrived,(x=-28.5;y=16)
61.40, [DEBUG], None, [debug],turtlebot6,move-base-info,Hooray, the base moved arrived,(x=-28.5;y=16)
61.52, [DEBUG], turtlebot6, {"status": "way-point-reached", "skill": "navigation", "percentage": "66.67%", "goingto": "PC Room 3"}
62.48, [DEBUG], turtlebot6, {"param_list": ["PC Room 3", [[-27.23, 16.0, 3.141592653589793, true], [-28.5, 16.0, 1.5707963267948966, true], [-28.5, 18.0, -1.57, false]]], "skill": "navigation", "skill-life-cycle": "RUNNING", "label": "navto_room"}
67.58, [INFO], turtlebot1, {"y": "33.84", "x": "-39.51", "yaw": "0.46"}
67.60, [INFO], turtlebot1, {"y": "33.84", "x": "-39.51", "yaw": "0.46"}
67.60, [INFO], turtlebot2, {"y": "18.00", "x": "-20.99", "yaw": "-1.54"}
67.60, [INFO], turtlebot2, {"y": "18.00", "x": "-20.99", "yaw": "-1.54"}
67.62, [INFO], turtlebot3, {"y": "21.48", "x": "-38.00", "yaw": "0.01"}
67.62, [INFO], turtlebot3, {"y": "21.48", "x": "-38.00", "yaw": "0.01"}
67.62, [INFO], turtlebot4, {"y": "18.00", "x": "-13.49", "yaw": "-1.46"}
67.62, [INFO], turtlebot4, {"y": "18.00", "x": "-13.49", "yaw": "-1.46"}
67.62, [INFO], turtlebot5, {"y": "18.78", "x": "-33.85", "yaw": "2.86"}
67.62, [INFO], turtlebot5, {"y": "18.78", "x": "-33.85", "yaw": "2.86"}
67.62, [INFO], turtlebot6, {"y": "16.77", "x": "-28.23", "yaw": "1.85"}
67.62, [INFO], turtlebot6, {"y": "16.77", "x": "-28.23", "yaw": "1.85"}
67.63, [INFO], turtlebot6, {"battery-level": "49.63%"}
67.63, [INFO], turtlebot6, {"battery-level": "49.63%"}
79.58, [INFO], turtlebot1, {"y": "33.84", "x": "-39.51", "yaw": "0.46"}
79.58, [INFO], turtlebot1, {"y": "33.84", "x": "-39.51", "yaw": "0.46"}
79.60, [INFO], turtlebot2, {"y": "18.00", "x": "-20.99", "yaw": "-1.54"}
79.60, [INFO], turtlebot2, {"y": "18.00", "x": "-20.99", "yaw": "-1.54"}
79.62, [INFO], turtlebot3, {"y": "21.48", "x": "-38.00", "yaw": "0.01"}
79.62, [INFO], turtlebot3, {"y": "21.48", "x": "-38.00", "yaw": "0.01"}
79.62, [INFO], turtlebot4, {"y": "17.99", "x": "-13.49", "yaw": "-1.45"}
79.62, [INFO], turtlebot4, {"y": "17.99", "x": "-13.49", "yaw": "-1.45"}
79.62, [INFO], turtlebot5, {"y": "18.78", "x": "-33.85", "yaw": "2.87"}
79.62, [INFO], turtlebot5, {"y": "18.78", "x": "-33.85", "yaw": "2.87"}
79.62, [INFO], turtlebot6, {"y": "17.61", "x": "-28.42", "yaw": "-1.62"}
79.63, [INFO], turtlebot6, {"y": "17.61", "x": "-28.42", "yaw": "-1.62"}
79.65, [INFO], turtlebot6, {"battery-level": "48.88%"}
79.65, [INFO], turtlebot6, {"battery-level": "48.88%"}
79.68, [DEBUG], None, [debug],turtlebot6,move-base-info,Hooray, the base moved arrived,(x=-28.5;y=18)
79.68, [DEBUG], None, [debug],turtlebot6,move-base-info,Hooray, the base moved arrived,(x=-28.5;y=18)
79.85, [DEBUG], turtlebot6, {"status": "way-point-reached", "skill": "navigation", "percentage": "100.00%", "goingto": "PC Room 3"}
79.93, [DEBUG], turtlebot6, {"param_list": ["PC Room 3", [[-27.23, 16.0, 3.141592653589793, true], [-28.5, 16.0, 1.5707963267948966, true], [-28.5, 18.0, -1.57, false]]], "skill": "navigation", "skill-life-cycle": "SUCCESS", "label": "navto_room"}
79.93, [DEBUG], turtlebot6, "available-skills=['send_message', 'wait_message', 'approach_person', 'approach_robot', 'authenticate_person', 'navigation', 'operate_drawer']"
79.93, [DEBUG], turtlebot6, {"param_list": ["nurse"], "skill": "approach_person", "skill-life-cycle": "STARTED", "label": "approach_nurse"}
80.07, [DEBUG], turtlebot6, {"status": "localize-person", "skill": "approach-person", "who": "nurse"}
80.30, [DEBUG], turtlebot6, {"status": "goto-person", "skill": "approach-person", "who": "nurse"}
80.40, [DEBUG], turtlebot6, {"param_list": ["nurse"], "skill": "approach_person", "skill-life-cycle": "SUCCESS", "label": "approach_nurse"}
80.40, [DEBUG], turtlebot6, "available-skills=['send_message', 'wait_message', 'approach_person', 'approach_robot', 'authenticate_person', 'navigation', 'operate_drawer']"
80.40, [DEBUG], turtlebot6, {"param_list": ["nurse"], "skill": "authenticate_person", "skill-life-cycle": "STARTED", "label": "authenticate_nurse"}
80.43, [DEBUG], turtlebot6, {"status": "request-authentication", "to": "nurse", "skill": "authenticate-person"}
80.45, [INFO], nurse, {"status": "message-received", "skill": "athentication-request"}
80.45, [INFO], nurse, {"status": "message-received", "skill": "athentication-request"}
80.93, [DEBUG], turtlebot6, {"status": "received-authentication", "skill": "authenticate-person", "from": "nurse"}
81.02, [DEBUG], turtlebot6, {"param_list": ["nurse"], "skill": "authenticate_person", "skill-life-cycle": "SUCCESS", "label": "authenticate_nurse"}
81.02, [DEBUG], turtlebot6, "available-skills=['send_message', 'wait_message', 'approach_person', 'approach_robot', 'authenticate_person', 'navigation', 'operate_drawer']"
81.02, [DEBUG], turtlebot6, {"param_list": ["open"], "skill": "operate_drawer", "skill-life-cycle": "STARTED", "label": "open_drawer_for_nurse"}
81.22, [DEBUG], turtlebot6, {"status": "task-update", "action": "open", "skill": "operate-drawer"}
82.13, [DEBUG], turtlebot6, {"param_list": ["open"], "skill": "operate_drawer", "skill-life-cycle": "SUCCESS", "label": "open_drawer_for_nurse"}
82.13, [DEBUG], turtlebot6, "available-skills=['send_message', 'wait_message', 'approach_person', 'approach_robot', 'authenticate_person', 'navigation', 'operate_drawer']"
82.13, [DEBUG], turtlebot6, {"param_list": ["nurse"], "skill": "send_message", "skill-life-cycle": "STARTED", "label": "notify_nurse_of_open_drawer_for_nurse_completed"}
82.22, [INFO], turtlebot6, {"to": "nurse", "skill": "send-message"}
83.07, [INFO], nurse, {"status": "message-received", "skill": "wait-message"}
83.07, [INFO], nurse, {"status": "message-received", "skill": "wait-message"}
85.65, [DEBUG], turtlebot6, {"param_list": ["nurse"], "skill": "send_message", "skill-life-cycle": "SUCCESS", "label": "notify_nurse_of_open_drawer_for_nurse_completed"}
85.65, [DEBUG], turtlebot6, "available-skills=['send_message', 'wait_message', 'approach_person', 'approach_robot', 'authenticate_person', 'navigation', 'operate_drawer']"
85.67, [DEBUG], turtlebot6, {"param_list": ["nurse"], "skill": "wait_message", "skill-life-cycle": "STARTED", "label": "wait_nurse_to_complete_deposit"}
86.40, [INFO], turtlebot6, {"status": "message-received", "skill": "wait-message"}
86.48, [DEBUG], turtlebot6, {"param_list": ["nurse"], "skill": "wait_message", "skill-life-cycle": "SUCCESS", "label": "wait_nurse_to_complete_deposit"}
86.48, [DEBUG], turtlebot6, "available-skills=['send_message', 'wait_message', 'approach_person', 'approach_robot', 'authenticate_person', 'navigation', 'operate_drawer']"
86.48, [DEBUG], turtlebot6, {"param_list": ["close"], "skill": "operate_drawer", "skill-life-cycle": "STARTED", "label": "close_drawer_nurse"}
86.53, [DEBUG], turtlebot6, {"status": "task-update", "action": "close", "skill": "operate-drawer"}
87.47, [DEBUG], turtlebot6, {"param_list": ["close"], "skill": "operate_drawer", "skill-life-cycle": "SUCCESS", "label": "close_drawer_nurse"}
87.47, [DEBUG], turtlebot6, "available-skills=['send_message', 'wait_message', 'approach_person', 'approach_robot', 'authenticate_person', 'navigation', 'operate_drawer']"
87.47, [DEBUG], turtlebot6, {"param_list": ["Laboratory", [[-28.5, 16.0, 0.0, true], [-26.0, 16.0, -1.5707963267948966, true], [-26.0, 13.0, 1.57, false]]], "skill": "navigation", "skill-life-cycle": "STARTED", "label": "navto_lab"}
91.12, [INFO], nurse, {"status": "message-received", "skill": "wait-message"}
91.12, [INFO], nurse, {"status": "message-received", "skill": "wait-message"}
91.20, [INFO], turtlebot1, {"y": "33.84", "x": "-39.51", "yaw": "0.46"}
91.22, [INFO], turtlebot2, {"y": "18.00", "x": "-20.99", "yaw": "-1.54"}
91.22, [INFO], turtlebot3, {"y": "21.48", "x": "-38.00", "yaw": "0.01"}
91.22, [INFO], turtlebot4, {"y": "17.99", "x": "-13.49", "yaw": "-1.44"}
91.22, [INFO], turtlebot5, {"y": "18.78", "x": "-33.85", "yaw": "2.88"}
91.23, [INFO], turtlebot6, {"y": "17.60", "x": "-28.42", "yaw": "-1.60"}
91.25, [INFO], turtlebot6, {"battery-level": "48.13%"}
91.28, [INFO], turtlebot1, {"y": "33.84", "x": "-39.51", "yaw": "0.46"}
91.28, [INFO], turtlebot2, {"y": "18.00", "x": "-20.99", "yaw": "-1.54"}
91.28, [INFO], turtlebot3, {"y": "21.48", "x": "-38.00", "yaw": "0.01"}
91.28, [INFO], turtlebot4, {"y": "17.99", "x": "-13.49", "yaw": "-1.44"}
91.30, [INFO], turtlebot5, {"y": "18.78", "x": "-33.85", "yaw": "2.88"}
91.30, [INFO], turtlebot6, {"y": "17.60", "x": "-28.42", "yaw": "-1.60"}
91.30, [INFO], turtlebot6, {"battery-level": "48.13%"}
96.02, [INFO], nurse, {"status": "waiting", "skill": "athentication-sent"}
96.02, [INFO], nurse, {"status": "waiting", "skill": "athentication-sent"}
98.75, [INFO], nurse, {"status": "message-received", "skill": "wait-message"}
98.75, [INFO], nurse, {"status": "message-received", "skill": "wait-message"}
102.65, [INFO], turtlebot1, {"y": "33.84", "x": "-39.51", "yaw": "0.46"}
102.65, [INFO], turtlebot1, {"y": "33.84", "x": "-39.51", "yaw": "0.46"}
102.67, [INFO], turtlebot2, {"y": "18.00", "x": "-20.99", "yaw": "-1.54"}
102.67, [INFO], turtlebot2, {"y": "18.00", "x": "-20.99", "yaw": "-1.54"}
102.68, [INFO], turtlebot3, {"y": "21.48", "x": "-38.00", "yaw": "0.01"}
102.68, [INFO], turtlebot3, {"y": "21.48", "x": "-38.00", "yaw": "0.01"}
102.68, [INFO], turtlebot4, {"y": "17.99", "x": "-13.49", "yaw": "-1.43"}
102.68, [INFO], turtlebot4, {"y": "17.99", "x": "-13.49", "yaw": "-1.43"}
102.70, [INFO], turtlebot5, {"y": "18.78", "x": "-33.85", "yaw": "2.90"}
102.70, [INFO], turtlebot5, {"y": "18.78", "x": "-33.85", "yaw": "2.90"}
102.70, [INFO], turtlebot6, {"y": "16.71", "x": "-28.57", "yaw": "-1.64"}
102.70, [INFO], turtlebot6, {"y": "16.71", "x": "-28.57", "yaw": "-1.64"}
102.72, [INFO], turtlebot6, {"battery-level": "47.38%"}
102.72, [INFO], turtlebot6, {"battery-level": "47.38%"}
106.47, [INFO], nurse, {"status": "message-received", "skill": "wait-message"}
106.47, [INFO], nurse, {"status": "message-received", "skill": "wait-message"}
109.28, [DEBUG], None, [debug],turtlebot6,move-base-info,Hooray, the base moved arrived,(x=-28.5;y=16)
109.32, [DEBUG], None, [debug],turtlebot6,move-base-info,Hooray, the base moved arrived,(x=-28.5;y=16)
109.32, [DEBUG], turtlebot6, {"status": "way-point-reached", "skill": "navigation", "percentage": "33.33%", "goingto": "Laboratory"}
112.20, [DEBUG], turtlebot6, {"param_list": ["Laboratory", [[-28.5, 16.0, 0.0, true], [-26.0, 16.0, -1.5707963267948966, true], [-26.0, 13.0, 1.57, false]]], "skill": "navigation", "skill-life-cycle": "RUNNING", "label": "navto_lab"}
114.63, [INFO], turtlebot1, {"y": "33.84", "x": "-39.51", "yaw": "0.46"}
114.65, [INFO], turtlebot1, {"y": "33.84", "x": "-39.51", "yaw": "0.46"}
114.65, [INFO], turtlebot2, {"y": "18.00", "x": "-20.99", "yaw": "-1.54"}
114.65, [INFO], turtlebot2, {"y": "18.00", "x": "-20.99", "yaw": "-1.54"}
114.67, [INFO], turtlebot3, {"y": "21.48", "x": "-38.00", "yaw": "0.01"}
114.67, [INFO], turtlebot3, {"y": "21.48", "x": "-38.00", "yaw": "0.01"}
114.67, [INFO], turtlebot4, {"y": "17.99", "x": "-13.49", "yaw": "-1.41"}
114.67, [INFO], turtlebot4, {"y": "17.99", "x": "-13.49", "yaw": "-1.41"}
114.67, [INFO], turtlebot5, {"y": "18.79", "x": "-33.86", "yaw": "2.91"}
114.68, [INFO], turtlebot5, {"y": "18.79", "x": "-33.86", "yaw": "2.91"}
114.68, [INFO], turtlebot6, {"y": "16.43", "x": "-28.49", "yaw": "-0.18"}
114.68, [INFO], turtlebot6, {"y": "16.43", "x": "-28.49", "yaw": "-0.18"}
114.70, [INFO], turtlebot6, {"battery-level": "46.63%"}
114.70, [INFO], turtlebot6, {"battery-level": "46.63%"}
126.18, [INFO], turtlebot1, {"y": "33.84", "x": "-39.51", "yaw": "0.46"}
126.20, [INFO], turtlebot2, {"y": "18.00", "x": "-21.00", "yaw": "-1.54"}
126.20, [INFO], turtlebot3, {"y": "21.48", "x": "-38.00", "yaw": "0.01"}
126.22, [INFO], turtlebot4, {"y": "17.98", "x": "-13.49", "yaw": "-1.40"}
126.22, [INFO], turtlebot5, {"y": "18.79", "x": "-33.86", "yaw": "2.93"}
126.22, [INFO], turtlebot6, {"y": "16.06", "x": "-27.02", "yaw": "0.10"}
126.23, [INFO], turtlebot6, {"battery-level": "45.88%"}
126.32, [INFO], turtlebot1, {"y": "33.84", "x": "-39.51", "yaw": "0.46"}
126.32, [INFO], turtlebot2, {"y": "18.00", "x": "-21.00", "yaw": "-1.54"}
126.33, [INFO], turtlebot3, {"y": "21.48", "x": "-38.00", "yaw": "0.01"}
126.35, [INFO], turtlebot4, {"y": "17.98", "x": "-13.49", "yaw": "-1.40"}
126.35, [INFO], turtlebot5, {"y": "18.79", "x": "-33.86", "yaw": "2.93"}
126.35, [INFO], turtlebot6, {"y": "16.06", "x": "-27.02", "yaw": "0.10"}
126.35, [INFO], turtlebot6, {"battery-level": "45.88%"}
134.87, [DEBUG], None, [debug],turtlebot6,move-base-info,Hooray, the base moved arrived,(x=-26;y=16)
134.87, [DEBUG], None, [debug],turtlebot6,move-base-info,Hooray, the base moved arrived,(x=-26;y=16)
135.00, [DEBUG], turtlebot6, {"status": "way-point-reached", "skill": "navigation", "percentage": "66.67%", "goingto": "Laboratory"}
138.40, [INFO], turtlebot1, {"y": "33.84", "x": "-39.51", "yaw": "0.46"}
138.40, [INFO], turtlebot1, {"y": "33.84", "x": "-39.51", "yaw": "0.46"}
138.42, [INFO], turtlebot2, {"y": "18.00", "x": "-21.00", "yaw": "-1.54"}
138.42, [INFO], turtlebot2, {"y": "18.00", "x": "-21.00", "yaw": "-1.54"}
138.42, [INFO], turtlebot3, {"y": "21.48", "x": "-38.00", "yaw": "0.01"}
138.42, [INFO], turtlebot3, {"y": "21.48", "x": "-38.00", "yaw": "0.01"}
138.42, [INFO], turtlebot4, {"y": "17.98", "x": "-13.49", "yaw": "-1.38"}
138.42, [INFO], turtlebot4, {"y": "17.98", "x": "-13.49", "yaw": "-1.38"}
138.42, [INFO], turtlebot5, {"y": "18.79", "x": "-33.87", "yaw": "2.95"}
138.42, [INFO], turtlebot5, {"y": "18.79", "x": "-33.87", "yaw": "2.95"}
138.43, [INFO], turtlebot6, {"y": "16.27", "x": "-26.40", "yaw": "-1.52"}
138.43, [INFO], turtlebot6, {"y": "16.27", "x": "-26.40", "yaw": "-1.52"}
138.45, [INFO], turtlebot6, {"battery-level": "45.13%"}
138.45, [INFO], turtlebot6, {"battery-level": "45.13%"}
149.73, [INFO], turtlebot1, {"y": "33.84", "x": "-39.50", "yaw": "0.46"}
149.73, [INFO], turtlebot1, {"y": "33.84", "x": "-39.50", "yaw": "0.46"}
149.77, [INFO], turtlebot2, {"y": "18.00", "x": "-21.00", "yaw": "-1.54"}
149.77, [INFO], turtlebot2, {"y": "18.00", "x": "-21.00", "yaw": "-1.54"}
149.77, [INFO], turtlebot3, {"y": "21.48", "x": "-38.00", "yaw": "0.01"}
149.77, [INFO], turtlebot3, {"y": "21.48", "x": "-38.00", "yaw": "0.01"}
149.77, [INFO], turtlebot4, {"y": "17.98", "x": "-13.49", "yaw": "-1.37"}
149.77, [INFO], turtlebot4, {"y": "17.98", "x": "-13.49", "yaw": "-1.37"}
149.78, [INFO], turtlebot5, {"y": "18.79", "x": "-33.87", "yaw": "2.97"}
149.78, [INFO], turtlebot5, {"y": "18.79", "x": "-33.87", "yaw": "2.97"}
149.78, [INFO], turtlebot6, {"y": "15.45", "x": "-26.05", "yaw": "-1.18"}
149.78, [INFO], turtlebot6, {"y": "15.45", "x": "-26.05", "yaw": "-1.18"}
149.80, [INFO], turtlebot6, {"battery-level": "44.38%"}
149.80, [INFO], turtlebot6, {"battery-level": "44.38%"}
159.32, [DEBUG], turtlebot6, {"param_list": ["Laboratory", [[-28.5, 16.0, 0.0, true], [-26.0, 16.0, -1.5707963267948966, true], [-26.0, 13.0, 1.57, false]]], "skill": "navigation", "skill-life-cycle": "RUNNING", "label": "navto_lab"}
161.12, [INFO], turtlebot1, {"y": "33.84", "x": "-39.50", "yaw": "0.46"}
161.13, [INFO], turtlebot2, {"y": "18.00", "x": "-21.00", "yaw": "-1.54"}
161.15, [INFO], turtlebot3, {"y": "21.48", "x": "-38.00", "yaw": "0.01"}
161.15, [INFO], turtlebot4, {"y": "17.98", "x": "-13.48", "yaw": "-1.35"}
161.17, [INFO], turtlebot5, {"y": "18.79", "x": "-33.87", "yaw": "2.99"}
161.17, [INFO], turtlebot6, {"y": "14.51", "x": "-25.85", "yaw": "-1.55"}
161.18, [INFO], turtlebot6, {"battery-level": "43.63%"}
161.32, [INFO], turtlebot1, {"y": "33.84", "x": "-39.50", "yaw": "0.46"}
161.32, [INFO], turtlebot2, {"y": "18.00", "x": "-21.00", "yaw": "-1.54"}
161.32, [INFO], turtlebot3, {"y": "21.48", "x": "-38.00", "yaw": "0.01"}
161.32, [INFO], turtlebot4, {"y": "17.98", "x": "-13.48", "yaw": "-1.35"}
161.32, [INFO], turtlebot5, {"y": "18.79", "x": "-33.87", "yaw": "2.99"}
161.32, [INFO], turtlebot6, {"y": "14.51", "x": "-25.85", "yaw": "-1.55"}
161.32, [INFO], turtlebot6, {"battery-level": "43.63%"}
172.42, [INFO], turtlebot1, {"y": "33.84", "x": "-39.50", "yaw": "0.46"}
172.42, [INFO], turtlebot1, {"y": "33.84", "x": "-39.50", "yaw": "0.46"}
172.43, [INFO], turtlebot2, {"y": "18.00", "x": "-21.00", "yaw": "-1.54"}
172.43, [INFO], turtlebot2, {"y": "18.00", "x": "-21.00", "yaw": "-1.54"}
172.43, [INFO], turtlebot3, {"y": "21.48", "x": "-38.00", "yaw": "0.01"}
172.45, [INFO], turtlebot3, {"y": "21.48", "x": "-38.00", "yaw": "0.01"}
172.45, [INFO], turtlebot4, {"y": "17.97", "x": "-13.48", "yaw": "-1.33"}
172.45, [INFO], turtlebot4, {"y": "17.97", "x": "-13.48", "yaw": "-1.33"}
172.47, [INFO], turtlebot5, {"y": "18.79", "x": "-33.88", "yaw": "3.00"}
172.47, [INFO], turtlebot5, {"y": "18.79", "x": "-33.88", "yaw": "3.00"}
172.47, [INFO], turtlebot6, {"y": "13.57", "x": "-25.89", "yaw": "-1.73"}
172.47, [INFO], turtlebot6, {"y": "13.57", "x": "-25.89", "yaw": "-1.73"}
172.48, [INFO], turtlebot6, {"battery-level": "42.88%"}
172.48, [INFO], turtlebot6, {"battery-level": "42.88%"}
180.97, [DEBUG], None, [debug],turtlebot6,move-base-info,Hooray, the base moved arrived,(x=-26;y=13)
180.97, [DEBUG], None, [debug],turtlebot6,move-base-info,Hooray, the base moved arrived,(x=-26;y=13)
181.03, [DEBUG], turtlebot6, {"status": "way-point-reached", "skill": "navigation", "percentage": "100.00%", "goingto": "Laboratory"}
181.12, [DEBUG], turtlebot6, {"param_list": ["Laboratory", [[-28.5, 16.0, 0.0, true], [-26.0, 16.0, -1.5707963267948966, true], [-26.0, 13.0, 1.57, false]]], "skill": "navigation", "skill-life-cycle": "SUCCESS", "label": "navto_lab"}
181.12, [DEBUG], turtlebot6, "available-skills=['send_message', 'wait_message', 'approach_person', 'approach_robot', 'authenticate_person', 'navigation', 'operate_drawer']"
181.12, [DEBUG], turtlebot6, {"param_list": ["lab_arm"], "skill": "approach_robot", "skill-life-cycle": "STARTED", "label": "approach_arm"}
181.22, [DEBUG], turtlebot6, {"status": "localize-robot", "skill": "=approach-robot", "who": "lab_arm"}
182.07, [DEBUG], turtlebot6, {"status": "goto-robot", "skill": "approach-robot", "who": "lab_arm"}
182.15, [DEBUG], turtlebot6, {"param_list": ["lab_arm"], "skill": "approach_robot", "skill-life-cycle": "SUCCESS", "label": "approach_arm"}
182.15, [DEBUG], turtlebot6, "available-skills=['send_message', 'wait_message', 'approach_person', 'approach_robot', 'authenticate_person', 'navigation', 'operate_drawer']"
182.15, [DEBUG], turtlebot6, {"param_list": ["open"], "skill": "operate_drawer", "skill-life-cycle": "STARTED", "label": "open_drawer_lab"}
182.23, [DEBUG], turtlebot6, {"status": "task-update", "action": "open", "skill": "operate-drawer"}
183.15, [DEBUG], turtlebot6, {"param_list": ["open"], "skill": "operate_drawer", "skill-life-cycle": "SUCCESS", "label": "open_drawer_lab"}
183.17, [DEBUG], turtlebot6, "available-skills=['send_message', 'wait_message', 'approach_person', 'approach_robot', 'authenticate_person', 'navigation', 'operate_drawer']"
183.17, [DEBUG], turtlebot6, {"param_list": ["lab_arm"], "skill": "send_message", "skill-life-cycle": "STARTED", "label": "notify_lab_arm_of_open_drawer_lab_completed"}
183.25, [INFO], turtlebot6, {"to": "lab_arm", "skill": "send-message"}
184.07, [INFO], lab_arm, {"status": "sample-received", "skill": "wait-sample"}
184.07, [INFO], lab_arm, {"status": "sample-received", "skill": "wait-sample"}
184.07, [INFO], nurse, {"status": "sample-received", "skill": "wait-sample"}
184.07, [INFO], nurse, {"status": "sample-received", "skill": "wait-sample"}
184.10, [DEBUG], None, ENDSIM
184.10, [DEBUG], None, ENDSIM
184.10, [DEBUG], None, end!
