2.78333330154,[debug],turtlebot1,move-base-info,Move_base is up and ok....,
5.6166665554,[debug],turtlebot3,move-base-info,Move_base is up and ok....,
5.6166665554,[debug],turtlebot5,move-base-info,Move_base is up and ok....,
10.5833332539,[info],turtlebot1,skill-life-cycle,init_robobt,(status=RUNNING, parameters=[])
11.6333334446,[info],turtlebot2,skill-life-cycle,init_robobt,(status=RUNNING, parameters=[])
11.75,[info],turtlebot5,skill-life-cycle,init_robobt,(status=RUNNING, parameters=[])
11.9333333969,[info],turtlebot3,skill-life-cycle,init_robobt,(status=RUNNING, parameters=[])
13.5833332539,[debug],turtlebot1,available-skills,['send_message', 'wait_message', 'approach_person', 'approach_robot', 'authenticate_person', 'deposit', 'navigation', 'pick_up'],
13.5833332539,[info],turtlebot1,skill-life-cycle,navigation,(status=STARTED, parameters=[[-11.5, 16.0, 3.141592653589793, True], [-37.0, 16.0, 1.5707963267948966, True], [-37.0, 18.93, 0.0, True], [-33.9, 18.93, 3.14, False]])
24.3166666031,[debug],turtlebot1,simulation,robot-pose,x=-11.65;y=17.46;yaw=-2.08
24.3166666031,[debug],turtlebot1,simulation,robot-pose,x=-11.65;y=17.46;yaw=-2.08
24.4833333492,[debug],turtlebot4,simulation,robot-pose,x=-40.39;y=25.23;yaw=0.34
24.4833333492,[debug],turtlebot4,simulation,robot-pose,x=-40.39;y=25.23;yaw=0.34
24.4833333492,[debug],turtlebot2,simulation,robot-pose,x=-28.68;y=17.88;yaw=-0.79
24.4833333492,[debug],turtlebot2,simulation,robot-pose,x=-28.68;y=17.88;yaw=-0.79
24.4833333492,[debug],turtlebot3,simulation,robot-pose,x=-27.23;y=18.02;yaw=-1.59
24.4833333492,[debug],turtlebot3,simulation,robot-pose,x=-27.23;y=18.02;yaw=-1.59
24.5,[debug],turtlebot5,simulation,robot-pose,x=-32.89;y=33.97;yaw=-3.10
24.5,[debug],turtlebot5,simulation,robot-pose,x=-32.89;y=33.97;yaw=-3.10
39.3166666031,[debug],turtlebot1,simulation,robot-pose,x=-11.72;y=16.43;yaw=-1.93
39.3166666031,[debug],turtlebot1,simulation,robot-pose,x=-11.72;y=16.43;yaw=-1.93
39.4833333492,[debug],turtlebot4,simulation,robot-pose,x=-40.39;y=25.23;yaw=0.33
39.4833333492,[debug],turtlebot4,simulation,robot-pose,x=-40.39;y=25.23;yaw=0.33
39.4833333492,[debug],turtlebot3,simulation,robot-pose,x=-27.22;y=18.03;yaw=-1.59
39.4833333492,[debug],turtlebot3,simulation,robot-pose,x=-27.22;y=18.03;yaw=-1.59
39.4833333492,[debug],turtlebot2,simulation,robot-pose,x=-28.68;y=17.88;yaw=-0.80
39.4833333492,[debug],turtlebot2,simulation,robot-pose,x=-28.68;y=17.88;yaw=-0.80
39.5,[debug],turtlebot5,simulation,robot-pose,x=-32.89;y=33.97;yaw=-3.10
39.5,[debug],turtlebot5,simulation,robot-pose,x=-32.89;y=33.97;yaw=-3.10
42.9166667461,[debug],turtlebot1,move-base-info,Hooray, the base moved arrived,(x=-11.5;y=16)
42.9166667461,[debug],turtlebot1,move-base-info,Hooray, the base moved arrived,(x=-11.5;y=16)
42.9500000477,[debug],turtlebot1,task-update,navigation,way-point-reached,25.0%
54.3166666031,[debug],turtlebot1,simulation,robot-pose,x=-12.68;y=16.28;yaw=-2.91
54.3166666031,[debug],turtlebot1,simulation,robot-pose,x=-12.68;y=16.28;yaw=-2.91
54.4833333492,[debug],turtlebot4,simulation,robot-pose,x=-40.39;y=25.23;yaw=0.33
54.4833333492,[debug],turtlebot4,simulation,robot-pose,x=-40.39;y=25.23;yaw=0.33
54.4833333492,[debug],turtlebot2,simulation,robot-pose,x=-28.69;y=17.88;yaw=-0.80
54.4833333492,[debug],turtlebot2,simulation,robot-pose,x=-28.69;y=17.88;yaw=-0.80
54.4833333492,[debug],turtlebot3,simulation,robot-pose,x=-27.22;y=18.03;yaw=-1.58
54.4833333492,[debug],turtlebot3,simulation,robot-pose,x=-27.22;y=18.03;yaw=-1.58
54.5,[debug],turtlebot5,simulation,robot-pose,x=-32.89;y=33.97;yaw=-3.10
54.5,[debug],turtlebot5,simulation,robot-pose,x=-32.89;y=33.97;yaw=-3.10
59.1666667461,[info],turtlebot1,skill-life-cycle,navigation,(status=RUNNING, parameters=[[-11.5, 16.0, 3.141592653589793, True], [-37.0, 16.0, 1.5707963267948966, True], [-37.0, 18.93, 0.0, True], [-33.9, 18.93, 3.14, False]])
69.3166666031,[debug],turtlebot1,simulation,robot-pose,x=-14.76;y=15.92;yaw=-2.74
69.3166666031,[debug],turtlebot1,simulation,robot-pose,x=-14.76;y=15.92;yaw=-2.74
69.4833333492,[debug],turtlebot3,simulation,robot-pose,x=-27.22;y=18.03;yaw=-1.58
69.4833333492,[debug],turtlebot3,simulation,robot-pose,x=-27.22;y=18.03;yaw=-1.58
69.4833333492,[debug],turtlebot4,simulation,robot-pose,x=-40.39;y=25.23;yaw=0.33
69.4833333492,[debug],turtlebot2,simulation,robot-pose,x=-28.69;y=17.87;yaw=-0.79
69.4833333492,[debug],turtlebot4,simulation,robot-pose,x=-40.39;y=25.23;yaw=0.33
69.4833333492,[debug],turtlebot2,simulation,robot-pose,x=-28.69;y=17.87;yaw=-0.79
69.5,[debug],turtlebot5,simulation,robot-pose,x=-32.89;y=33.97;yaw=-3.10
69.5,[debug],turtlebot5,simulation,robot-pose,x=-32.89;y=33.97;yaw=-3.10
84.3166666031,[debug],turtlebot1,simulation,robot-pose,x=-17.15;y=15.83;yaw=3.14
84.3166666031,[debug],turtlebot1,simulation,robot-pose,x=-17.15;y=15.83;yaw=3.14
84.4833333492,[debug],turtlebot3,simulation,robot-pose,x=-27.22;y=18.03;yaw=-1.58
84.4833333492,[debug],turtlebot3,simulation,robot-pose,x=-27.22;y=18.03;yaw=-1.58
84.4833333492,[debug],turtlebot2,simulation,robot-pose,x=-28.69;y=17.87;yaw=-0.78
84.4833333492,[debug],turtlebot2,simulation,robot-pose,x=-28.69;y=17.87;yaw=-0.78
84.4833333492,[debug],turtlebot4,simulation,robot-pose,x=-40.39;y=25.23;yaw=0.33
84.4833333492,[debug],turtlebot4,simulation,robot-pose,x=-40.39;y=25.23;yaw=0.33
84.5,[debug],turtlebot5,simulation,robot-pose,x=-32.90;y=33.97;yaw=-3.10
84.5,[debug],turtlebot5,simulation,robot-pose,x=-32.90;y=33.97;yaw=-3.10
99.3166666031,[debug],turtlebot1,simulation,robot-pose,x=-19.65;y=15.84;yaw=-3.14
99.3166666031,[debug],turtlebot1,simulation,robot-pose,x=-19.65;y=15.84;yaw=-3.14
99.4833333492,[debug],turtlebot3,simulation,robot-pose,x=-27.22;y=18.03;yaw=-1.58
99.4833333492,[debug],turtlebot3,simulation,robot-pose,x=-27.22;y=18.03;yaw=-1.58
99.4833333492,[debug],turtlebot2,simulation,robot-pose,x=-28.69;y=17.88;yaw=-0.79
99.4833333492,[debug],turtlebot4,simulation,robot-pose,x=-40.39;y=25.23;yaw=0.33
99.4833333492,[debug],turtlebot2,simulation,robot-pose,x=-28.69;y=17.88;yaw=-0.79
99.4833333492,[debug],turtlebot4,simulation,robot-pose,x=-40.39;y=25.23;yaw=0.33
99.5,[debug],turtlebot5,simulation,robot-pose,x=-32.90;y=33.97;yaw=-3.10
99.5,[debug],turtlebot5,simulation,robot-pose,x=-32.90;y=33.97;yaw=-3.10
108.833333254,[info],turtlebot1,skill-life-cycle,navigation,(status=RUNNING, parameters=[[-11.5, 16.0, 3.141592653589793, True], [-37.0, 16.0, 1.5707963267948966, True], [-37.0, 18.93, 0.0, True], [-33.9, 18.93, 3.14, False]])
114.316666603,[debug],turtlebot1,simulation,robot-pose,x=-22.15;y=15.84;yaw=3.14
114.316666603,[debug],turtlebot1,simulation,robot-pose,x=-22.15;y=15.84;yaw=3.14
114.483333349,[debug],turtlebot2,simulation,robot-pose,x=-28.69;y=17.88;yaw=-0.79
114.483333349,[debug],turtlebot2,simulation,robot-pose,x=-28.69;y=17.88;yaw=-0.79
114.483333349,[debug],turtlebot4,simulation,robot-pose,x=-40.39;y=25.23;yaw=0.33
114.483333349,[debug],turtlebot4,simulation,robot-pose,x=-40.39;y=25.23;yaw=0.33
114.483333349,[debug],turtlebot3,simulation,robot-pose,x=-27.22;y=18.03;yaw=-1.58
114.483333349,[debug],turtlebot3,simulation,robot-pose,x=-27.22;y=18.03;yaw=-1.58
114.5,[debug],turtlebot5,simulation,robot-pose,x=-32.90;y=33.97;yaw=-3.09
114.5,[debug],turtlebot5,simulation,robot-pose,x=-32.90;y=33.97;yaw=-3.09
129.316666603,[debug],turtlebot1,simulation,robot-pose,x=-24.65;y=15.84;yaw=-3.14
129.316666603,[debug],turtlebot1,simulation,robot-pose,x=-24.65;y=15.84;yaw=-3.14
129.483333349,[debug],turtlebot2,simulation,robot-pose,x=-28.69;y=17.88;yaw=-0.79
129.483333349,[debug],turtlebot4,simulation,robot-pose,x=-40.39;y=25.23;yaw=0.33
129.483333349,[debug],turtlebot2,simulation,robot-pose,x=-28.69;y=17.88;yaw=-0.79
129.483333349,[debug],turtlebot4,simulation,robot-pose,x=-40.39;y=25.23;yaw=0.33
129.483333349,[debug],turtlebot3,simulation,robot-pose,x=-27.22;y=18.03;yaw=-1.58
129.483333349,[debug],turtlebot3,simulation,robot-pose,x=-27.22;y=18.03;yaw=-1.58
129.5,[debug],turtlebot5,simulation,robot-pose,x=-32.90;y=33.97;yaw=-3.09
129.5,[debug],turtlebot5,simulation,robot-pose,x=-32.90;y=33.97;yaw=-3.09
144.316666603,[debug],turtlebot1,simulation,robot-pose,x=-27.14;y=15.83;yaw=-3.14
144.316666603,[debug],turtlebot1,simulation,robot-pose,x=-27.14;y=15.83;yaw=-3.14
144.483333349,[debug],turtlebot3,simulation,robot-pose,x=-27.22;y=18.03;yaw=-1.58
144.483333349,[debug],turtlebot3,simulation,robot-pose,x=-27.22;y=18.03;yaw=-1.58
144.483333349,[debug],turtlebot4,simulation,robot-pose,x=-40.39;y=25.23;yaw=0.33
144.483333349,[debug],turtlebot4,simulation,robot-pose,x=-40.39;y=25.23;yaw=0.33
144.483333349,[debug],turtlebot2,simulation,robot-pose,x=-28.69;y=17.88;yaw=-0.80
144.483333349,[debug],turtlebot2,simulation,robot-pose,x=-28.69;y=17.88;yaw=-0.80
144.5,[debug],turtlebot5,simulation,robot-pose,x=-32.90;y=33.97;yaw=-3.09
144.5,[debug],turtlebot5,simulation,robot-pose,x=-32.90;y=33.97;yaw=-3.09
158.633333445,[info],turtlebot1,skill-life-cycle,navigation,(status=RUNNING, parameters=[[-11.5, 16.0, 3.141592653589793, True], [-37.0, 16.0, 1.5707963267948966, True], [-37.0, 18.93, 0.0, True], [-33.9, 18.93, 3.14, False]])
159.316666603,[debug],turtlebot1,simulation,robot-pose,x=-29.64;y=15.84;yaw=-3.14
159.316666603,[debug],turtlebot1,simulation,robot-pose,x=-29.64;y=15.84;yaw=-3.14
159.483333349,[debug],turtlebot2,simulation,robot-pose,x=-28.69;y=17.88;yaw=-0.80
159.483333349,[debug],turtlebot2,simulation,robot-pose,x=-28.69;y=17.88;yaw=-0.80
159.483333349,[debug],turtlebot4,simulation,robot-pose,x=-40.39;y=25.23;yaw=0.33
159.483333349,[debug],turtlebot3,simulation,robot-pose,x=-27.22;y=18.03;yaw=-1.57
159.483333349,[debug],turtlebot4,simulation,robot-pose,x=-40.39;y=25.23;yaw=0.33
159.483333349,[debug],turtlebot3,simulation,robot-pose,x=-27.22;y=18.03;yaw=-1.57
159.5,[debug],turtlebot5,simulation,robot-pose,x=-32.90;y=33.97;yaw=-3.09
159.5,[debug],turtlebot5,simulation,robot-pose,x=-32.90;y=33.97;yaw=-3.09
174.316666603,[debug],turtlebot1,simulation,robot-pose,x=-32.13;y=15.83;yaw=-3.14
174.316666603,[debug],turtlebot1,simulation,robot-pose,x=-32.13;y=15.83;yaw=-3.14
174.483333349,[debug],turtlebot2,simulation,robot-pose,x=-28.69;y=17.88;yaw=-0.80
174.483333349,[debug],turtlebot4,simulation,robot-pose,x=-40.39;y=25.23;yaw=0.33
174.483333349,[debug],turtlebot3,simulation,robot-pose,x=-27.22;y=18.03;yaw=-1.57
174.483333349,[debug],turtlebot2,simulation,robot-pose,x=-28.69;y=17.88;yaw=-0.80
174.483333349,[debug],turtlebot4,simulation,robot-pose,x=-40.39;y=25.23;yaw=0.33
174.483333349,[debug],turtlebot3,simulation,robot-pose,x=-27.22;y=18.03;yaw=-1.57
174.5,[debug],turtlebot5,simulation,robot-pose,x=-32.90;y=33.97;yaw=-3.09
174.5,[debug],turtlebot5,simulation,robot-pose,x=-32.90;y=33.97;yaw=-3.09
189.316666603,[debug],turtlebot1,simulation,robot-pose,x=-34.65;y=15.85;yaw=3.13
189.316666603,[debug],turtlebot1,simulation,robot-pose,x=-34.65;y=15.85;yaw=3.13
189.483333349,[debug],turtlebot4,simulation,robot-pose,x=-40.39;y=25.23;yaw=0.33
189.483333349,[debug],turtlebot3,simulation,robot-pose,x=-27.22;y=18.03;yaw=-1.57
189.483333349,[debug],turtlebot4,simulation,robot-pose,x=-40.39;y=25.23;yaw=0.33
189.483333349,[debug],turtlebot2,simulation,robot-pose,x=-28.68;y=17.88;yaw=-0.80
189.483333349,[debug],turtlebot3,simulation,robot-pose,x=-27.22;y=18.03;yaw=-1.57
189.483333349,[debug],turtlebot2,simulation,robot-pose,x=-28.68;y=17.88;yaw=-0.80
189.5,[debug],turtlebot5,simulation,robot-pose,x=-32.90;y=33.97;yaw=-3.09
189.5,[debug],turtlebot5,simulation,robot-pose,x=-32.90;y=33.97;yaw=-3.09
204.316666603,[debug],turtlebot1,simulation,robot-pose,x=-36.80;y=16.38;yaw=1.66
204.316666603,[debug],turtlebot1,simulation,robot-pose,x=-36.80;y=16.38;yaw=1.66
204.483333349,[debug],turtlebot4,simulation,robot-pose,x=-40.39;y=25.23;yaw=0.33
204.483333349,[debug],turtlebot4,simulation,robot-pose,x=-40.39;y=25.23;yaw=0.33
204.483333349,[debug],turtlebot2,simulation,robot-pose,x=-28.68;y=17.88;yaw=-0.80
204.483333349,[debug],turtlebot2,simulation,robot-pose,x=-28.68;y=17.88;yaw=-0.80
204.483333349,[debug],turtlebot3,simulation,robot-pose,x=-27.22;y=18.03;yaw=-1.57
204.483333349,[debug],turtlebot3,simulation,robot-pose,x=-27.22;y=18.03;yaw=-1.57
204.5,[debug],turtlebot5,simulation,robot-pose,x=-32.91;y=33.97;yaw=-3.09
204.5,[debug],turtlebot5,simulation,robot-pose,x=-32.91;y=33.97;yaw=-3.09
204.700000048,[debug],turtlebot1,move-base-info,Hooray, the base moved arrived,(x=-37;y=16)
204.700000048,[debug],turtlebot1,move-base-info,Hooray, the base moved arrived,(x=-37;y=16)
204.816666603,[debug],turtlebot1,task-update,navigation,way-point-reached,50.0%
209.166666746,[info],turtlebot1,skill-life-cycle,navigation,(status=RUNNING, parameters=[[-11.5, 16.0, 3.141592653589793, True], [-37.0, 16.0, 1.5707963267948966, True], [-37.0, 18.93, 0.0, True], [-33.9, 18.93, 3.14, False]])
218.950000048,[debug],turtlebot1,move-base-info,Hooray, the base moved arrived,(x=-37;y=18.93)
218.950000048,[debug],turtlebot1,move-base-info,Hooray, the base moved arrived,(x=-37;y=18.93)
219.083333254,[debug],turtlebot1,task-update,navigation,way-point-reached,75.0%
219.316666603,[debug],turtlebot1,simulation,robot-pose,x=-36.96;y=18.49;yaw=0.04
219.316666603,[debug],turtlebot1,simulation,robot-pose,x=-36.96;y=18.49;yaw=0.04
219.483333349,[debug],turtlebot3,simulation,robot-pose,x=-27.21;y=18.03;yaw=-1.57
219.483333349,[debug],turtlebot2,simulation,robot-pose,x=-28.69;y=17.88;yaw=-0.80
219.483333349,[debug],turtlebot3,simulation,robot-pose,x=-27.21;y=18.03;yaw=-1.57
219.483333349,[debug],turtlebot2,simulation,robot-pose,x=-28.69;y=17.88;yaw=-0.80
219.483333349,[debug],turtlebot4,simulation,robot-pose,x=-40.39;y=25.23;yaw=0.33
219.483333349,[debug],turtlebot4,simulation,robot-pose,x=-40.39;y=25.23;yaw=0.33
219.5,[debug],turtlebot5,simulation,robot-pose,x=-32.91;y=33.97;yaw=-3.08
219.5,[debug],turtlebot5,simulation,robot-pose,x=-32.91;y=33.97;yaw=-3.08
234.316666603,[debug],turtlebot1,simulation,robot-pose,x=-35.74;y=18.07;yaw=0.00
234.316666603,[debug],turtlebot1,simulation,robot-pose,x=-35.74;y=18.07;yaw=0.00
234.483333349,[debug],turtlebot3,simulation,robot-pose,x=-27.21;y=18.03;yaw=-1.57
234.483333349,[debug],turtlebot2,simulation,robot-pose,x=-28.69;y=17.88;yaw=-0.80
234.483333349,[debug],turtlebot3,simulation,robot-pose,x=-27.21;y=18.03;yaw=-1.57
234.483333349,[debug],turtlebot4,simulation,robot-pose,x=-40.39;y=25.23;yaw=0.33
234.483333349,[debug],turtlebot2,simulation,robot-pose,x=-28.69;y=17.88;yaw=-0.80
234.483333349,[debug],turtlebot4,simulation,robot-pose,x=-40.39;y=25.23;yaw=0.33
234.5,[debug],turtlebot5,simulation,robot-pose,x=-32.91;y=33.97;yaw=-3.07
234.5,[debug],turtlebot5,simulation,robot-pose,x=-32.91;y=33.97;yaw=-3.07
249.316666603,[debug],turtlebot1,simulation,robot-pose,x=-34.30;y=18.39;yaw=0.82
249.316666603,[debug],turtlebot1,simulation,robot-pose,x=-34.30;y=18.39;yaw=0.82
249.483333349,[debug],turtlebot2,simulation,robot-pose,x=-28.69;y=17.88;yaw=-0.80
249.483333349,[debug],turtlebot4,simulation,robot-pose,x=-40.39;y=25.23;yaw=0.33
249.483333349,[debug],turtlebot2,simulation,robot-pose,x=-28.69;y=17.88;yaw=-0.80
249.483333349,[debug],turtlebot3,simulation,robot-pose,x=-27.21;y=18.03;yaw=-1.57
249.483333349,[debug],turtlebot4,simulation,robot-pose,x=-40.39;y=25.23;yaw=0.33
249.483333349,[debug],turtlebot3,simulation,robot-pose,x=-27.21;y=18.03;yaw=-1.57
249.5,[debug],turtlebot5,simulation,robot-pose,x=-32.91;y=33.97;yaw=-3.06
249.5,[debug],turtlebot5,simulation,robot-pose,x=-32.91;y=33.97;yaw=-3.06
256.516666651,[debug],turtlebot1,move-base-info,Hooray, the base moved arrived,(x=-33.9;y=18.93)
256.516666651,[debug],turtlebot1,move-base-info,Hooray, the base moved arrived,(x=-33.9;y=18.93)
256.783333302,[debug],turtlebot1,task-update,navigation,way-point-reached,100.0%
256.883333445,[debug],turtlebot1,available-skills,['send_message', 'wait_message', 'approach_person', 'approach_robot', 'authenticate_person', 'deposit', 'navigation', 'pick_up'],
256.883333445,[info],turtlebot1,skill-life-cycle,approach_person,(status=STARTED, parameters=['nurse'])
256.983333349,[debug],turtlebot1,task-update,approach_person,localize-person,(who=nurse)
257.066666603,[debug],turtlebot1,task-update,approach_person,goto-person,(who=nurse)
257.133333445,[debug],turtlebot1,available-skills,['send_message', 'wait_message', 'approach_person', 'approach_robot', 'authenticate_person', 'deposit', 'navigation', 'pick_up'],
257.133333445,[info],turtlebot1,skill-life-cycle,authenticate_person,(status=STARTED, parameters=['nurse'])
257.183333397,[debug],turtlebot1,task-update,authenticate_person,request-authentication,(to=nurse)
257.200000048,[info],nurse,sync,received-request,(status=sending-request)
257.200000048,[info],nurse,sync,received-request,(status=sending-request)
257.650000095,[debug],turtlebot1,task-update,authenticate_person,received-authentication,(from=nurse)
257.75,[debug],turtlebot1,available-skills,['send_message', 'wait_message', 'approach_person', 'approach_robot', 'authenticate_person', 'deposit', 'navigation', 'pick_up'],
257.75,[info],turtlebot1,skill-life-cycle,fail,(status=STARTED, parameters=['operate_drawer', 'open'])
259.666666746,[info],turtlebot1,skill-life-cycle,fail,(status=Status.FAILURE, parameters=['operate_drawer', 'open'])
259.683333397,FAILURE
259.766666651,[info],turtlebot1,skill-life-cycle,fail,(status=Status.FAILURE, parameters=['operate_drawer', 'open'])
259.766666651,FAILURE
259.866666555,[info],turtlebot1,skill-life-cycle,fail,(status=Status.FAILURE, parameters=['operate_drawer', 'open'])
259.866666555,FAILURE
259.950000048,[info],turtlebot1,skill-life-cycle,fail,(status=Status.FAILURE, parameters=['operate_drawer', 'open'])
259.950000048,FAILURE
260.033333302,[info],turtlebot1,skill-life-cycle,fail,(status=Status.FAILURE, parameters=['operate_drawer', 'open'])
260.033333302,FAILURE
260.116666555,[info],turtlebot1,skill-life-cycle,fail,(status=Status.FAILURE, parameters=['operate_drawer', 'open'])
260.116666555,FAILURE
260.183333397,[info],turtlebot1,skill-life-cycle,fail,(status=Status.FAILURE, parameters=['operate_drawer', 'open'])
260.183333397,FAILURE
260.233333349,[info],turtlebot1,skill-life-cycle,fail,(status=Status.FAILURE, parameters=['operate_drawer', 'open'])
260.233333349,FAILURE
260.316666603,[info],turtlebot1,skill-life-cycle,fail,(status=Status.FAILURE, parameters=['operate_drawer', 'open'])
260.316666603,FAILURE
260.400000095,[info],turtlebot1,skill-life-cycle,fail,(status=Status.FAILURE, parameters=['operate_drawer', 'open'])
260.400000095,FAILURE
260.483333349,[info],turtlebot1,skill-life-cycle,fail,(status=Status.FAILURE, parameters=['operate_drawer', 'open'])
260.483333349,FAILURE
260.533333302,[info],turtlebot1,skill-life-cycle,fail,(status=Status.FAILURE, parameters=['operate_drawer', 'open'])
260.533333302,FAILURE
260.633333445,[info],turtlebot1,skill-life-cycle,fail,(status=Status.FAILURE, parameters=['operate_drawer', 'open'])
260.633333445,FAILURE
260.716666698,[info],turtlebot1,skill-life-cycle,fail,(status=Status.FAILURE, parameters=['operate_drawer', 'open'])
260.716666698,FAILURE
260.783333302,[info],turtlebot1,skill-life-cycle,fail,(status=Status.FAILURE, parameters=['operate_drawer', 'open'])
260.783333302,FAILURE
264.316666603,[debug],turtlebot1,simulation,robot-pose,x=-34.11;y=18.57;yaw=3.09
264.316666603,[debug],turtlebot1,simulation,robot-pose,x=-34.11;y=18.57;yaw=3.09
264.483333349,[debug],turtlebot3,simulation,robot-pose,x=-27.21;y=18.03;yaw=-1.57
264.483333349,[debug],turtlebot3,simulation,robot-pose,x=-27.21;y=18.03;yaw=-1.57
264.483333349,[debug],turtlebot2,simulation,robot-pose,x=-28.69;y=17.88;yaw=-0.79
264.483333349,[debug],turtlebot4,simulation,robot-pose,x=-40.39;y=25.23;yaw=0.33
264.483333349,[debug],turtlebot2,simulation,robot-pose,x=-28.69;y=17.88;yaw=-0.79
264.483333349,[debug],turtlebot4,simulation,robot-pose,x=-40.39;y=25.23;yaw=0.33
264.5,[debug],turtlebot5,simulation,robot-pose,x=-32.91;y=33.97;yaw=-3.06
264.5,[debug],turtlebot5,simulation,robot-pose,x=-32.91;y=33.97;yaw=-3.06
0.0,[debug],simulation closed,failure-bt,execution-wall-clock=327.3247904777527
