7.31666660309,[debug],turtlebot5,move-base-info,Move_base is up and ok....,
12.5166666508,[info],turtlebot4,skill-life-cycle,init_robobt,(status=RUNNING, parameters=[])
13.25,[info],turtlebot3,skill-life-cycle,init_robobt,(status=RUNNING, parameters=[])
13.3833334446,[info],turtlebot1,skill-life-cycle,init_robobt,(status=RUNNING, parameters=[])
13.5333333015,[info],turtlebot5,skill-life-cycle,init_robobt,(status=RUNNING, parameters=[])
14.8499999046,[debug],turtlebot4,available-skills,['send_message', 'wait_message', 'approach_person', 'approach_robot', 'authenticate_person', 'deposit', 'navigation', 'pick_up'],
14.8499999046,[info],turtlebot4,skill-life-cycle,navigation,(status=STARTED, parameters=[[-37.0, 25.37, -1.5707963267948966, True], [-37.0, 18.93, 0.0, True], [-33.9, 18.93, 3.14, False]])
25.5999999046,[debug],turtlebot1,simulation,robot-pose,x=-11.46;y=17.82;yaw=-1.25
25.5999999046,[debug],turtlebot1,simulation,robot-pose,x=-11.46;y=17.82;yaw=-1.25
25.9000000954,[debug],turtlebot4,simulation,robot-pose,x=-40.03;y=24.87;yaw=-1.05
25.9000000954,[debug],turtlebot4,simulation,robot-pose,x=-40.03;y=24.87;yaw=-1.05
25.9000000954,[debug],turtlebot2,simulation,robot-pose,x=-28.68;y=17.88;yaw=-0.80
25.9000000954,[debug],turtlebot2,simulation,robot-pose,x=-28.68;y=17.88;yaw=-0.80
25.9000000954,[debug],turtlebot5,simulation,robot-pose,x=-32.89;y=33.97;yaw=-3.10
25.9000000954,[debug],turtlebot5,simulation,robot-pose,x=-32.89;y=33.97;yaw=-3.10
25.9000000954,[debug],turtlebot3,simulation,robot-pose,x=-27.23;y=18.02;yaw=-1.59
25.9000000954,[debug],turtlebot3,simulation,robot-pose,x=-27.23;y=18.02;yaw=-1.59
40.5999999046,[debug],turtlebot1,simulation,robot-pose,x=-11.46;y=17.82;yaw=-1.25
40.5999999046,[debug],turtlebot1,simulation,robot-pose,x=-11.46;y=17.82;yaw=-1.25
40.9000000954,[debug],turtlebot5,simulation,robot-pose,x=-32.89;y=33.97;yaw=-3.10
40.9000000954,[debug],turtlebot5,simulation,robot-pose,x=-32.89;y=33.97;yaw=-3.10
40.9000000954,[debug],turtlebot3,simulation,robot-pose,x=-27.22;y=18.03;yaw=-1.59
40.9000000954,[debug],turtlebot3,simulation,robot-pose,x=-27.22;y=18.03;yaw=-1.59
40.9000000954,[debug],turtlebot4,simulation,robot-pose,x=-39.07;y=23.68;yaw=-0.76
40.9000000954,[debug],turtlebot4,simulation,robot-pose,x=-39.07;y=23.68;yaw=-0.76
40.9000000954,[debug],turtlebot2,simulation,robot-pose,x=-28.68;y=17.88;yaw=-0.80
40.9000000954,[debug],turtlebot2,simulation,robot-pose,x=-28.68;y=17.88;yaw=-0.80
55.5999999046,[debug],turtlebot1,simulation,robot-pose,x=-11.46;y=17.82;yaw=-1.25
55.5999999046,[debug],turtlebot1,simulation,robot-pose,x=-11.46;y=17.82;yaw=-1.25
55.9000000954,[debug],turtlebot4,simulation,robot-pose,x=-37.89;y=23.12;yaw=-0.03
55.9000000954,[debug],turtlebot3,simulation,robot-pose,x=-27.22;y=18.03;yaw=-1.58
55.9000000954,[debug],turtlebot4,simulation,robot-pose,x=-37.89;y=23.12;yaw=-0.03
55.9000000954,[debug],turtlebot2,simulation,robot-pose,x=-28.69;y=17.88;yaw=-0.80
55.9000000954,[debug],turtlebot3,simulation,robot-pose,x=-27.22;y=18.03;yaw=-1.58
55.9000000954,[debug],turtlebot5,simulation,robot-pose,x=-32.89;y=33.97;yaw=-3.10
55.9000000954,[debug],turtlebot2,simulation,robot-pose,x=-28.69;y=17.88;yaw=-0.80
55.9000000954,[debug],turtlebot5,simulation,robot-pose,x=-32.89;y=33.97;yaw=-3.10
61.0,[info],turtlebot4,skill-life-cycle,navigation,(status=RUNNING, parameters=[[-37.0, 25.37, -1.5707963267948966, True], [-37.0, 18.93, 0.0, True], [-33.9, 18.93, 3.14, False]])
70.5999999046,[debug],turtlebot1,simulation,robot-pose,x=-11.46;y=17.82;yaw=-1.25
70.5999999046,[debug],turtlebot1,simulation,robot-pose,x=-11.46;y=17.82;yaw=-1.25
70.9000000954,[debug],turtlebot3,simulation,robot-pose,x=-27.22;y=18.03;yaw=-1.58
70.9000000954,[debug],turtlebot3,simulation,robot-pose,x=-27.22;y=18.03;yaw=-1.58
70.9000000954,[debug],turtlebot4,simulation,robot-pose,x=-37.51;y=23.28;yaw=0.79
70.9000000954,[debug],turtlebot4,simulation,robot-pose,x=-37.51;y=23.28;yaw=0.79
70.9000000954,[debug],turtlebot5,simulation,robot-pose,x=-32.89;y=33.97;yaw=-3.10
70.9000000954,[debug],turtlebot5,simulation,robot-pose,x=-32.89;y=33.97;yaw=-3.10
70.9000000954,[debug],turtlebot2,simulation,robot-pose,x=-28.69;y=17.87;yaw=-0.79
70.9000000954,[debug],turtlebot2,simulation,robot-pose,x=-28.69;y=17.87;yaw=-0.79
85.5999999046,[debug],turtlebot1,simulation,robot-pose,x=-11.46;y=17.82;yaw=-1.25
85.5999999046,[debug],turtlebot1,simulation,robot-pose,x=-11.46;y=17.82;yaw=-1.25
85.9000000954,[debug],turtlebot5,simulation,robot-pose,x=-32.90;y=33.97;yaw=-3.10
85.9000000954,[debug],turtlebot5,simulation,robot-pose,x=-32.90;y=33.97;yaw=-3.10
85.9000000954,[debug],turtlebot2,simulation,robot-pose,x=-28.69;y=17.87;yaw=-0.78
85.9000000954,[debug],turtlebot2,simulation,robot-pose,x=-28.69;y=17.87;yaw=-0.78
85.9000000954,[debug],turtlebot4,simulation,robot-pose,x=-37.20;y=24.92;yaw=1.88
85.9000000954,[debug],turtlebot4,simulation,robot-pose,x=-37.20;y=24.92;yaw=1.88
85.9000000954,[debug],turtlebot3,simulation,robot-pose,x=-27.22;y=18.03;yaw=-1.58
85.9000000954,[debug],turtlebot3,simulation,robot-pose,x=-27.22;y=18.03;yaw=-1.58
93.2333333492,[debug],turtlebot4,move-base-info,Hooray, the base moved arrived,(x=-37;y=25.37)
93.2333333492,[debug],turtlebot4,move-base-info,Hooray, the base moved arrived,(x=-37;y=25.37)
93.2833333015,[debug],turtlebot4,task-update,navigation,way-point-reached,33.33333333333333%
100.599999905,[debug],turtlebot1,simulation,robot-pose,x=-11.46;y=17.82;yaw=-1.25
100.599999905,[debug],turtlebot1,simulation,robot-pose,x=-11.46;y=17.82;yaw=-1.25
100.900000095,[debug],turtlebot5,simulation,robot-pose,x=-32.90;y=33.97;yaw=-3.10
100.900000095,[debug],turtlebot5,simulation,robot-pose,x=-32.90;y=33.97;yaw=-3.10
100.900000095,[debug],turtlebot3,simulation,robot-pose,x=-27.22;y=18.03;yaw=-1.58
100.900000095,[debug],turtlebot3,simulation,robot-pose,x=-27.22;y=18.03;yaw=-1.58
100.900000095,[debug],turtlebot4,simulation,robot-pose,x=-37.14;y=24.58;yaw=-1.23
100.900000095,[debug],turtlebot4,simulation,robot-pose,x=-37.14;y=24.58;yaw=-1.23
100.900000095,[debug],turtlebot2,simulation,robot-pose,x=-28.69;y=17.88;yaw=-0.79
100.900000095,[debug],turtlebot2,simulation,robot-pose,x=-28.69;y=17.88;yaw=-0.79
111.983333349,[info],turtlebot4,skill-life-cycle,navigation,(status=RUNNING, parameters=[[-37.0, 25.37, -1.5707963267948966, True], [-37.0, 18.93, 0.0, True], [-33.9, 18.93, 3.14, False]])
115.599999905,[debug],turtlebot1,simulation,robot-pose,x=-11.46;y=17.82;yaw=-1.25
115.599999905,[debug],turtlebot1,simulation,robot-pose,x=-11.46;y=17.82;yaw=-1.25
115.900000095,[debug],turtlebot5,simulation,robot-pose,x=-32.90;y=33.97;yaw=-3.09
115.900000095,[debug],turtlebot5,simulation,robot-pose,x=-32.90;y=33.97;yaw=-3.09
115.900000095,[debug],turtlebot4,simulation,robot-pose,x=-37.22;y=22.06;yaw=-1.46
115.900000095,[debug],turtlebot4,simulation,robot-pose,x=-37.22;y=22.06;yaw=-1.46
115.900000095,[debug],turtlebot2,simulation,robot-pose,x=-28.69;y=17.88;yaw=-0.79
115.900000095,[debug],turtlebot3,simulation,robot-pose,x=-27.22;y=18.03;yaw=-1.58
115.900000095,[debug],turtlebot2,simulation,robot-pose,x=-28.69;y=17.88;yaw=-0.79
115.900000095,[debug],turtlebot3,simulation,robot-pose,x=-27.22;y=18.03;yaw=-1.58
130.599999905,[debug],turtlebot1,simulation,robot-pose,x=-11.46;y=17.82;yaw=-1.25
130.599999905,[debug],turtlebot1,simulation,robot-pose,x=-11.46;y=17.82;yaw=-1.25
130.900000095,[debug],turtlebot3,simulation,robot-pose,x=-27.22;y=18.03;yaw=-1.58
130.900000095,[debug],turtlebot3,simulation,robot-pose,x=-27.22;y=18.03;yaw=-1.58
130.900000095,[debug],turtlebot5,simulation,robot-pose,x=-32.90;y=33.97;yaw=-3.09
130.900000095,[debug],turtlebot5,simulation,robot-pose,x=-32.90;y=33.97;yaw=-3.09
130.900000095,[debug],turtlebot4,simulation,robot-pose,x=-37.21;y=19.65;yaw=-1.90
130.900000095,[debug],turtlebot4,simulation,robot-pose,x=-37.21;y=19.65;yaw=-1.90
130.900000095,[debug],turtlebot2,simulation,robot-pose,x=-28.69;y=17.88;yaw=-0.79
130.900000095,[debug],turtlebot2,simulation,robot-pose,x=-28.69;y=17.88;yaw=-0.79
142.883333445,[debug],turtlebot4,move-base-info,Hooray, the base moved arrived,(x=-37;y=18.93)
142.883333445,[debug],turtlebot4,move-base-info,Hooray, the base moved arrived,(x=-37;y=18.93)
143.016666651,[debug],turtlebot4,task-update,navigation,way-point-reached,66.66666666666666%
145.599999905,[debug],turtlebot1,simulation,robot-pose,x=-11.46;y=17.82;yaw=-1.25
145.599999905,[debug],turtlebot1,simulation,robot-pose,x=-11.46;y=17.82;yaw=-1.25
145.900000095,[debug],turtlebot5,simulation,robot-pose,x=-32.90;y=33.97;yaw=-3.09
145.900000095,[debug],turtlebot5,simulation,robot-pose,x=-32.90;y=33.97;yaw=-3.09
145.900000095,[debug],turtlebot4,simulation,robot-pose,x=-37.24;y=19.34;yaw=-0.04
145.900000095,[debug],turtlebot4,simulation,robot-pose,x=-37.24;y=19.34;yaw=-0.04
145.900000095,[debug],turtlebot3,simulation,robot-pose,x=-27.22;y=18.03;yaw=-1.57
145.900000095,[debug],turtlebot3,simulation,robot-pose,x=-27.22;y=18.03;yaw=-1.57
145.900000095,[debug],turtlebot2,simulation,robot-pose,x=-28.69;y=17.88;yaw=-0.80
145.900000095,[debug],turtlebot2,simulation,robot-pose,x=-28.69;y=17.88;yaw=-0.80
160.599999905,[debug],turtlebot1,simulation,robot-pose,x=-11.46;y=17.82;yaw=-1.25
160.599999905,[debug],turtlebot1,simulation,robot-pose,x=-11.46;y=17.82;yaw=-1.25
160.900000095,[debug],turtlebot5,simulation,robot-pose,x=-32.90;y=33.97;yaw=-3.09
160.900000095,[debug],turtlebot5,simulation,robot-pose,x=-32.90;y=33.97;yaw=-3.09
160.900000095,[debug],turtlebot3,simulation,robot-pose,x=-27.22;y=18.03;yaw=-1.57
160.900000095,[debug],turtlebot3,simulation,robot-pose,x=-27.22;y=18.03;yaw=-1.57
160.900000095,[debug],turtlebot4,simulation,robot-pose,x=-36.44;y=18.28;yaw=-0.85
160.900000095,[debug],turtlebot4,simulation,robot-pose,x=-36.44;y=18.28;yaw=-0.85
160.900000095,[debug],turtlebot2,simulation,robot-pose,x=-28.69;y=17.88;yaw=-0.80
160.900000095,[debug],turtlebot2,simulation,robot-pose,x=-28.69;y=17.88;yaw=-0.80
162.700000048,[info],turtlebot4,skill-life-cycle,navigation,(status=RUNNING, parameters=[[-37.0, 25.37, -1.5707963267948966, True], [-37.0, 18.93, 0.0, True], [-33.9, 18.93, 3.14, False]])
175.599999905,[debug],turtlebot1,simulation,robot-pose,x=-11.46;y=17.82;yaw=-1.25
175.599999905,[debug],turtlebot1,simulation,robot-pose,x=-11.46;y=17.82;yaw=-1.25
175.900000095,[debug],turtlebot3,simulation,robot-pose,x=-27.22;y=18.03;yaw=-1.57
175.900000095,[debug],turtlebot2,simulation,robot-pose,x=-28.68;y=17.88;yaw=-0.80
175.900000095,[debug],turtlebot3,simulation,robot-pose,x=-27.22;y=18.03;yaw=-1.57
175.900000095,[debug],turtlebot2,simulation,robot-pose,x=-28.68;y=17.88;yaw=-0.80
175.900000095,[debug],turtlebot4,simulation,robot-pose,x=-35.27;y=17.77;yaw=0.38
175.900000095,[debug],turtlebot5,simulation,robot-pose,x=-32.90;y=33.97;yaw=-3.09
175.900000095,[debug],turtlebot4,simulation,robot-pose,x=-35.27;y=17.77;yaw=0.38
175.900000095,[debug],turtlebot5,simulation,robot-pose,x=-32.90;y=33.97;yaw=-3.09
190.599999905,[debug],turtlebot1,simulation,robot-pose,x=-11.46;y=17.82;yaw=-1.25
190.599999905,[debug],turtlebot1,simulation,robot-pose,x=-11.46;y=17.82;yaw=-1.25
190.900000095,[debug],turtlebot5,simulation,robot-pose,x=-32.90;y=33.97;yaw=-3.09
190.900000095,[debug],turtlebot5,simulation,robot-pose,x=-32.90;y=33.97;yaw=-3.09
190.900000095,[debug],turtlebot4,simulation,robot-pose,x=-34.22;y=18.55;yaw=1.01
190.900000095,[debug],turtlebot4,simulation,robot-pose,x=-34.22;y=18.55;yaw=1.01
190.900000095,[debug],turtlebot3,simulation,robot-pose,x=-27.22;y=18.03;yaw=-1.57
190.900000095,[debug],turtlebot3,simulation,robot-pose,x=-27.22;y=18.03;yaw=-1.57
190.900000095,[debug],turtlebot2,simulation,robot-pose,x=-28.68;y=17.88;yaw=-0.80
190.900000095,[debug],turtlebot2,simulation,robot-pose,x=-28.68;y=17.88;yaw=-0.80
196.583333254,[debug],turtlebot4,move-base-info,Hooray, the base moved arrived,(x=-33.9;y=18.93)
196.583333254,[debug],turtlebot4,move-base-info,Hooray, the base moved arrived,(x=-33.9;y=18.93)
196.733333349,[debug],turtlebot4,task-update,navigation,way-point-reached,100.0%
196.833333254,[debug],turtlebot4,available-skills,['send_message', 'wait_message', 'approach_person', 'approach_robot', 'authenticate_person', 'deposit', 'navigation', 'pick_up'],
196.833333254,[info],turtlebot4,skill-life-cycle,approach_person,(status=STARTED, parameters=['nurse'])
196.883333445,[debug],turtlebot4,task-update,approach_person,localize-person,(who=nurse)
197.150000095,[debug],turtlebot4,task-update,approach_person,goto-person,(who=nurse)
197.233333349,[debug],turtlebot4,available-skills,['send_message', 'wait_message', 'approach_person', 'approach_robot', 'authenticate_person', 'deposit', 'navigation', 'pick_up'],
197.233333349,[info],turtlebot4,skill-life-cycle,authenticate_person,(status=STARTED, parameters=['nurse'])
197.316666603,[debug],turtlebot4,task-update,authenticate_person,request-authentication,(to=nurse)
197.316666603,[info],nurse,sync,received-request,(status=sending-request)
197.466666698,[info],nurse,sync,received-request,(status=sending-request)
197.933333397,[debug],turtlebot4,task-update,authenticate_person,received-authentication,(from=nurse)
198.016666651,[debug],turtlebot4,available-skills,['send_message', 'wait_message', 'approach_person', 'approach_robot', 'authenticate_person', 'deposit', 'navigation', 'pick_up'],
198.016666651,[info],turtlebot4,skill-life-cycle,fail,(status=STARTED, parameters=['operate_drawer', 'open'])
199.950000048,[info],turtlebot4,skill-life-cycle,fail,(status=Status.FAILURE, parameters=['operate_drawer', 'open'])
199.950000048,FAILURE
200.033333302,[info],turtlebot4,skill-life-cycle,fail,(status=Status.FAILURE, parameters=['operate_drawer', 'open'])
200.033333302,FAILURE
200.116666555,[info],turtlebot4,skill-life-cycle,fail,(status=Status.FAILURE, parameters=['operate_drawer', 'open'])
200.116666555,FAILURE
200.183333397,[info],turtlebot4,skill-life-cycle,fail,(status=Status.FAILURE, parameters=['operate_drawer', 'open'])
200.183333397,FAILURE
200.283333302,[info],turtlebot4,skill-life-cycle,fail,(status=Status.FAILURE, parameters=['operate_drawer', 'open'])
200.283333302,FAILURE
200.366666555,[info],turtlebot4,skill-life-cycle,fail,(status=Status.FAILURE, parameters=['operate_drawer', 'open'])
200.366666555,FAILURE
200.433333397,[info],turtlebot4,skill-life-cycle,fail,(status=Status.FAILURE, parameters=['operate_drawer', 'open'])
200.433333397,FAILURE
200.516666651,[info],turtlebot4,skill-life-cycle,fail,(status=Status.FAILURE, parameters=['operate_drawer', 'open'])
200.516666651,FAILURE
200.583333254,[info],turtlebot4,skill-life-cycle,fail,(status=Status.FAILURE, parameters=['operate_drawer', 'open'])
200.583333254,FAILURE
200.666666746,[info],turtlebot4,skill-life-cycle,fail,(status=Status.FAILURE, parameters=['operate_drawer', 'open'])
200.666666746,FAILURE
200.75,[info],turtlebot4,skill-life-cycle,fail,(status=Status.FAILURE, parameters=['operate_drawer', 'open'])
200.75,FAILURE
200.816666603,[info],turtlebot4,skill-life-cycle,fail,(status=Status.FAILURE, parameters=['operate_drawer', 'open'])
200.816666603,FAILURE
200.900000095,[info],turtlebot4,skill-life-cycle,fail,(status=Status.FAILURE, parameters=['operate_drawer', 'open'])
200.900000095,FAILURE
200.966666698,[info],turtlebot4,skill-life-cycle,fail,(status=Status.FAILURE, parameters=['operate_drawer', 'open'])
200.966666698,FAILURE
201.049999952,[info],turtlebot4,skill-life-cycle,fail,(status=Status.FAILURE, parameters=['operate_drawer', 'open'])
201.049999952,FAILURE
201.133333445,[info],turtlebot4,skill-life-cycle,fail,(status=Status.FAILURE, parameters=['operate_drawer', 'open'])
201.133333445,FAILURE
201.183333397,[info],turtlebot4,skill-life-cycle,fail,(status=Status.FAILURE, parameters=['operate_drawer', 'open'])
201.200000048,FAILURE
205.599999905,[debug],turtlebot1,simulation,robot-pose,x=-11.46;y=17.82;yaw=-1.25
205.599999905,[debug],turtlebot1,simulation,robot-pose,x=-11.46;y=17.82;yaw=-1.25
205.900000095,[debug],turtlebot3,simulation,robot-pose,x=-27.22;y=18.03;yaw=-1.57
205.900000095,[debug],turtlebot3,simulation,robot-pose,x=-27.22;y=18.03;yaw=-1.57
205.900000095,[debug],turtlebot4,simulation,robot-pose,x=-34.15;y=18.58;yaw=3.09
205.900000095,[debug],turtlebot4,simulation,robot-pose,x=-34.15;y=18.58;yaw=3.09
205.900000095,[debug],turtlebot2,simulation,robot-pose,x=-28.68;y=17.88;yaw=-0.80
205.900000095,[debug],turtlebot2,simulation,robot-pose,x=-28.68;y=17.88;yaw=-0.80
205.900000095,[debug],turtlebot5,simulation,robot-pose,x=-32.91;y=33.97;yaw=-3.09
205.900000095,[debug],turtlebot5,simulation,robot-pose,x=-32.91;y=33.97;yaw=-3.09
0.0,[debug],simulation closed,failure-bt,execution-wall-clock=252.24701356887817
