0.0,0.0,[debug],logger,init,time
ROBOTS_CONFIG=[{"avg_speed": 0.15, "battery_charge": 0.15, "battery_discharge_rate": 0.00017, "id": 0, "local_plan": null, "location": "PC Room 8", "position": [-11.5, 18.0, -1.57], "skills": ["approach_person", "approach_robot", "authenticate_person", "deposit", "navigation", "pick_up"]}, {"avg_speed": 0.15, "battery_charge": 0.66, "battery_discharge_rate": 0.00018, "id": 1, "local_plan": null, "location": "PC Room 3", "position": [-28.5, 18.0, -1.57], "skills": ["approach_person", "approach_robot", "authenticate_person", "deposit", "navigation", "operate_drawer", "pick_up"]}, {"avg_speed": 0.15, "battery_charge": 0.14, "battery_discharge_rate": 0.00012000000000000002, "id": 2, "local_plan": [["navigation", ["IC Room 6", [[-27.23, 18.0, -1.57], [-27.23, 16.0], [-37.0, 16.0], [-37.0, 18.93], [-33.9, 18.93, 3.14]]]], ["approach_person", ["nurse"]], ["authenticate_person", ["nurse"]], ["operate_drawer", ["open"]], ["send_message", ["nurse"]], ["wait_message", ["r1"]], ["operate_drawer", ["close"]], ["navigation", ["Laboratory", [[-33.9, 18.93, 3.14], [-37.0, 18.93], [-37.0, 16.0], [-26.0, 16.0], [-26.0, 13.0, 1.57]]]], ["approach_robot", ["lab_arm"]], ["operate_drawer", ["open"]], ["send_message", ["lab_arm"]], ["wait_message", ["r1"]], ["operate_drawer", ["close"]]], "location": "PC Room 4", "position": [-27.23, 18.0, -1.57], "skills": ["approach_person", "approach_robot", "authenticate_person", "deposit", "navigation", "operate_drawer", "pick_up"]}, {"avg_speed": 0.15, "battery_charge": 0.54, "battery_discharge_rate": 0.00011, "id": 3, "local_plan": null, "location": "IC Room 3", "position": [-40.23, 25.37, 0.0], "skills": ["approach_person", "approach_robot", "authenticate_person", "deposit", "navigation", "pick_up"]}, {"avg_speed": 0.15, "battery_charge": 0.6, "battery_discharge_rate": 0.00015000000000000001, "id": 4, "local_plan": null, "location": "IC Room 5", "position": [-32.88, 33.98, 3.14], "skills": ["approach_person", "approach_robot", "authenticate_person", "deposit", "navigation", "operate_drawer", "pick_up"]}]
NURSES_CONFIG=[{"location": "IC Room 6", "position": [-32.9, 19.93, 3.14]}]
logger,1626538893183328151,Simulation open
0.0,[debug],logger,init,subcribing to in the topic /log
0.983333349228,[debug],turtlebot3,move-base-info,Move_base is up and ok....,
1.1333334446,[debug],turtlebot5,move-base-info,Move_base is up and ok....,
1.18333339691,[debug],turtlebot2,move-base-info,Move_base is up and ok....,
1.25,[debug],turtlebot4,move-base-info,Move_base is up and ok....,
2.15000009537,[debug],turtlebot1,move-base-info,Move_base is up and ok....,
7.40000009537,[info],turtlebot3,skill-life-cycle,init_robobt,(status=RUNNING, parameters=[])
8.83333325386,[info],turtlebot2,skill-life-cycle,init_robobt,(status=RUNNING, parameters=[])
9.23333334923,[info],turtlebot4,skill-life-cycle,init_robobt,(status=RUNNING, parameters=[])
9.25,[info],turtlebot1,skill-life-cycle,init_robobt,(status=RUNNING, parameters=[])
9.91666674614,[debug],turtlebot3,available-skills,['send_message', 'wait_message', 'approach_person', 'approach_robot', 'authenticate_person', 'deposit', 'navigation', 'operate_drawer', 'pick_up'],
9.91666674614,[info],turtlebot3,skill-life-cycle,navigation,(status=STARTED, parameters=[[-27.23, 16.0, 3.141592653589793, True], [-37.0, 16.0, 1.5707963267948966, True], [-37.0, 18.93, 0.0, True], [-33.9, 18.93, 3.14, False]])
22.7999999523,[debug],turtlebot1,simulation,robot-pose,x=-11.46;y=17.82;yaw=-1.25
22.7999999523,[debug],turtlebot1,simulation,robot-pose,x=-11.46;y=17.82;yaw=-1.25
23.0499999523,[debug],turtlebot2,simulation,robot-pose,x=-28.68;y=17.88;yaw=-0.79
23.0499999523,[debug],turtlebot2,simulation,robot-pose,x=-28.68;y=17.88;yaw=-0.79
23.0499999523,[debug],turtlebot3,simulation,robot-pose,x=-27.14;y=17.31;yaw=-1.47
23.0499999523,[debug],turtlebot3,simulation,robot-pose,x=-27.14;y=17.31;yaw=-1.47
23.0666666031,[debug],turtlebot4,simulation,robot-pose,x=-40.39;y=25.23;yaw=0.34
23.0666666031,[debug],turtlebot4,simulation,robot-pose,x=-40.39;y=25.23;yaw=0.34
23.0999999046,[debug],turtlebot5,simulation,robot-pose,x=-32.89;y=33.97;yaw=-3.10
23.0999999046,[debug],turtlebot5,simulation,robot-pose,x=-32.89;y=33.97;yaw=-3.10
36.8166666031,[debug],turtlebot3,move-base-info,Hooray, the base moved arrived,(x=-27.23;y=16)
36.8166666031,[debug],turtlebot3,move-base-info,Hooray, the base moved arrived,(x=-27.23;y=16)
36.8666665554,[debug],turtlebot3,task-update,navigation,way-point-reached,25.0%
37.7999999523,[debug],turtlebot1,simulation,robot-pose,x=-11.46;y=17.82;yaw=-1.25
37.7999999523,[debug],turtlebot1,simulation,robot-pose,x=-11.46;y=17.82;yaw=-1.25
38.0499999523,[debug],turtlebot3,simulation,robot-pose,x=-27.13;y=16.45;yaw=-3.10
38.0499999523,[debug],turtlebot3,simulation,robot-pose,x=-27.13;y=16.45;yaw=-3.10
38.0499999523,[debug],turtlebot2,simulation,robot-pose,x=-28.68;y=17.88;yaw=-0.80
38.0499999523,[debug],turtlebot2,simulation,robot-pose,x=-28.68;y=17.88;yaw=-0.80
38.0666666031,[debug],turtlebot4,simulation,robot-pose,x=-40.39;y=25.23;yaw=0.33
38.0666666031,[debug],turtlebot4,simulation,robot-pose,x=-40.39;y=25.23;yaw=0.33
38.0999999046,[debug],turtlebot5,simulation,robot-pose,x=-32.89;y=33.97;yaw=-3.10
38.0999999046,[debug],turtlebot5,simulation,robot-pose,x=-32.89;y=33.97;yaw=-3.10
52.7999999523,[debug],turtlebot1,simulation,robot-pose,x=-11.46;y=17.82;yaw=-1.25
52.7999999523,[debug],turtlebot1,simulation,robot-pose,x=-11.46;y=17.82;yaw=-1.25
53.0499999523,[debug],turtlebot2,simulation,robot-pose,x=-28.69;y=17.88;yaw=-0.80
53.0499999523,[debug],turtlebot2,simulation,robot-pose,x=-28.69;y=17.88;yaw=-0.80
53.0499999523,[debug],turtlebot3,simulation,robot-pose,x=-28.59;y=16.10;yaw=-3.14
53.0499999523,[debug],turtlebot3,simulation,robot-pose,x=-28.59;y=16.10;yaw=-3.14
53.0666666031,[debug],turtlebot4,simulation,robot-pose,x=-40.39;y=25.23;yaw=0.33
53.0666666031,[debug],turtlebot4,simulation,robot-pose,x=-40.39;y=25.23;yaw=0.33
53.0999999046,[debug],turtlebot5,simulation,robot-pose,x=-32.89;y=33.97;yaw=-3.10
53.0999999046,[debug],turtlebot5,simulation,robot-pose,x=-32.89;y=33.97;yaw=-3.10
55.1500000954,[info],turtlebot3,skill-life-cycle,navigation,(status=RUNNING, parameters=[[-27.23, 16.0, 3.141592653589793, True], [-37.0, 16.0, 1.5707963267948966, True], [-37.0, 18.93, 0.0, True], [-33.9, 18.93, 3.14, False]])
67.7999999523,[debug],turtlebot1,simulation,robot-pose,x=-11.46;y=17.82;yaw=-1.25
67.7999999523,[debug],turtlebot1,simulation,robot-pose,x=-11.46;y=17.82;yaw=-1.25
68.0499999523,[debug],turtlebot3,simulation,robot-pose,x=-31.03;y=16.04;yaw=3.14
68.0499999523,[debug],turtlebot2,simulation,robot-pose,x=-28.69;y=17.88;yaw=-0.79
68.0499999523,[debug],turtlebot3,simulation,robot-pose,x=-31.03;y=16.04;yaw=3.14
68.0499999523,[debug],turtlebot2,simulation,robot-pose,x=-28.69;y=17.88;yaw=-0.79
68.0666666031,[debug],turtlebot4,simulation,robot-pose,x=-40.39;y=25.23;yaw=0.33
68.0666666031,[debug],turtlebot4,simulation,robot-pose,x=-40.39;y=25.23;yaw=0.33
68.0999999046,[debug],turtlebot5,simulation,robot-pose,x=-32.89;y=33.97;yaw=-3.10
68.0999999046,[debug],turtlebot5,simulation,robot-pose,x=-32.89;y=33.97;yaw=-3.10
82.7999999523,[debug],turtlebot1,simulation,robot-pose,x=-11.46;y=17.82;yaw=-1.25
82.7999999523,[debug],turtlebot1,simulation,robot-pose,x=-11.46;y=17.82;yaw=-1.25
83.0499999523,[debug],turtlebot2,simulation,robot-pose,x=-28.69;y=17.87;yaw=-0.78
83.0499999523,[debug],turtlebot2,simulation,robot-pose,x=-28.69;y=17.87;yaw=-0.78
83.0499999523,[debug],turtlebot3,simulation,robot-pose,x=-33.47;y=15.97;yaw=3.13
83.0499999523,[debug],turtlebot3,simulation,robot-pose,x=-33.47;y=15.97;yaw=3.13
83.0666666031,[debug],turtlebot4,simulation,robot-pose,x=-40.39;y=25.23;yaw=0.33
83.0666666031,[debug],turtlebot4,simulation,robot-pose,x=-40.39;y=25.23;yaw=0.33
83.0999999046,[debug],turtlebot5,simulation,robot-pose,x=-32.90;y=33.97;yaw=-3.10
83.0999999046,[debug],turtlebot5,simulation,robot-pose,x=-32.90;y=33.97;yaw=-3.10
97.7999999523,[debug],turtlebot1,simulation,robot-pose,x=-11.46;y=17.82;yaw=-1.25
97.7999999523,[debug],turtlebot1,simulation,robot-pose,x=-11.46;y=17.82;yaw=-1.25
98.0499999523,[debug],turtlebot2,simulation,robot-pose,x=-28.69;y=17.87;yaw=-0.79
98.0499999523,[debug],turtlebot3,simulation,robot-pose,x=-36.16;y=16.25;yaw=2.79
98.0499999523,[debug],turtlebot2,simulation,robot-pose,x=-28.69;y=17.87;yaw=-0.79
98.0499999523,[debug],turtlebot3,simulation,robot-pose,x=-36.16;y=16.25;yaw=2.79
98.0666666031,[debug],turtlebot4,simulation,robot-pose,x=-40.39;y=25.23;yaw=0.33
98.0666666031,[debug],turtlebot4,simulation,robot-pose,x=-40.39;y=25.23;yaw=0.33
98.0999999046,[debug],turtlebot5,simulation,robot-pose,x=-32.90;y=33.97;yaw=-3.10
98.0999999046,[debug],turtlebot5,simulation,robot-pose,x=-32.90;y=33.97;yaw=-3.10
105.483333349,[info],turtlebot3,skill-life-cycle,navigation,(status=RUNNING, parameters=[[-27.23, 16.0, 3.141592653589793, True], [-37.0, 16.0, 1.5707963267948966, True], [-37.0, 18.93, 0.0, True], [-33.9, 18.93, 3.14, False]])
106.283333302,[debug],turtlebot3,move-base-info,Hooray, the base moved arrived,(x=-37;y=16)
106.333333254,[debug],turtlebot3,move-base-info,Hooray, the base moved arrived,(x=-37;y=16)
106.483333349,[debug],turtlebot3,task-update,navigation,way-point-reached,50.0%
112.799999952,[debug],turtlebot1,simulation,robot-pose,x=-11.46;y=17.82;yaw=-1.25
112.799999952,[debug],turtlebot1,simulation,robot-pose,x=-11.46;y=17.82;yaw=-1.25
113.049999952,[debug],turtlebot3,simulation,robot-pose,x=-36.77;y=17.43;yaw=1.64
113.049999952,[debug],turtlebot3,simulation,robot-pose,x=-36.77;y=17.43;yaw=1.64
113.049999952,[debug],turtlebot2,simulation,robot-pose,x=-28.69;y=17.88;yaw=-0.79
113.049999952,[debug],turtlebot2,simulation,robot-pose,x=-28.69;y=17.88;yaw=-0.79
113.066666603,[debug],turtlebot4,simulation,robot-pose,x=-40.39;y=25.23;yaw=0.33
113.083333254,[debug],turtlebot4,simulation,robot-pose,x=-40.39;y=25.23;yaw=0.33
113.099999905,[debug],turtlebot5,simulation,robot-pose,x=-32.90;y=33.97;yaw=-3.09
113.099999905,[debug],turtlebot5,simulation,robot-pose,x=-32.90;y=33.97;yaw=-3.09
120.783333302,[debug],turtlebot3,move-base-info,Hooray, the base moved arrived,(x=-37;y=18.93)
120.783333302,[debug],turtlebot3,move-base-info,Hooray, the base moved arrived,(x=-37;y=18.93)
120.900000095,[debug],turtlebot3,task-update,navigation,way-point-reached,75.0%
127.799999952,[debug],turtlebot1,simulation,robot-pose,x=-11.46;y=17.82;yaw=-1.25
127.799999952,[debug],turtlebot1,simulation,robot-pose,x=-11.46;y=17.82;yaw=-1.25
128.049999952,[debug],turtlebot3,simulation,robot-pose,x=-36.63;y=18.45;yaw=-0.38
128.049999952,[debug],turtlebot3,simulation,robot-pose,x=-36.63;y=18.45;yaw=-0.38
128.049999952,[debug],turtlebot2,simulation,robot-pose,x=-28.69;y=17.88;yaw=-0.79
128.049999952,[debug],turtlebot2,simulation,robot-pose,x=-28.69;y=17.88;yaw=-0.79
128.066666603,[debug],turtlebot4,simulation,robot-pose,x=-40.39;y=25.23;yaw=0.33
128.066666603,[debug],turtlebot4,simulation,robot-pose,x=-40.39;y=25.23;yaw=0.33
128.099999905,[debug],turtlebot5,simulation,robot-pose,x=-32.90;y=33.97;yaw=-3.09
128.099999905,[debug],turtlebot5,simulation,robot-pose,x=-32.90;y=33.97;yaw=-3.09
142.799999952,[debug],turtlebot1,simulation,robot-pose,x=-11.46;y=17.82;yaw=-1.25
142.799999952,[debug],turtlebot1,simulation,robot-pose,x=-11.46;y=17.82;yaw=-1.25
143.049999952,[debug],turtlebot2,simulation,robot-pose,x=-28.69;y=17.88;yaw=-0.80
143.049999952,[debug],turtlebot2,simulation,robot-pose,x=-28.69;y=17.88;yaw=-0.80
143.049999952,[debug],turtlebot3,simulation,robot-pose,x=-35.59;y=17.99;yaw=-0.33
143.066666603,[debug],turtlebot3,simulation,robot-pose,x=-35.59;y=17.99;yaw=-0.33
143.066666603,[debug],turtlebot4,simulation,robot-pose,x=-40.39;y=25.23;yaw=0.33
143.066666603,[debug],turtlebot4,simulation,robot-pose,x=-40.39;y=25.23;yaw=0.33
143.099999905,[debug],turtlebot5,simulation,robot-pose,x=-32.90;y=33.97;yaw=-3.09
143.099999905,[debug],turtlebot5,simulation,robot-pose,x=-32.90;y=33.97;yaw=-3.09
156.983333349,[info],turtlebot3,skill-life-cycle,navigation,(status=RUNNING, parameters=[[-27.23, 16.0, 3.141592653589793, True], [-37.0, 16.0, 1.5707963267948966, True], [-37.0, 18.93, 0.0, True], [-33.9, 18.93, 3.14, False]])
157.799999952,[debug],turtlebot1,simulation,robot-pose,x=-11.46;y=17.82;yaw=-1.25
157.799999952,[debug],turtlebot1,simulation,robot-pose,x=-11.46;y=17.82;yaw=-1.25
157.883333445,[debug],turtlebot3,move-base-info,Hooray, the base moved arrived,(x=-33.9;y=18.93)
157.883333445,[debug],turtlebot3,move-base-info,Hooray, the base moved arrived,(x=-33.9;y=18.93)
158.049999952,[debug],turtlebot2,simulation,robot-pose,x=-28.69;y=17.88;yaw=-0.80
158.049999952,[debug],turtlebot2,simulation,robot-pose,x=-28.69;y=17.88;yaw=-0.80
158.049999952,[debug],turtlebot3,simulation,robot-pose,x=-34.11;y=18.57;yaw=3.09
158.049999952,[debug],turtlebot3,simulation,robot-pose,x=-34.11;y=18.57;yaw=3.09
158.066666603,[debug],turtlebot4,simulation,robot-pose,x=-40.39;y=25.23;yaw=0.33
158.066666603,[debug],turtlebot4,simulation,robot-pose,x=-40.39;y=25.23;yaw=0.33
158.066666603,[debug],turtlebot3,task-update,navigation,way-point-reached,100.0%
158.099999905,[debug],turtlebot5,simulation,robot-pose,x=-32.90;y=33.97;yaw=-3.09
158.099999905,[debug],turtlebot5,simulation,robot-pose,x=-32.90;y=33.97;yaw=-3.09
158.133333445,[debug],turtlebot3,available-skills,['send_message', 'wait_message', 'approach_person', 'approach_robot', 'authenticate_person', 'deposit', 'navigation', 'operate_drawer', 'pick_up'],
158.133333445,[info],turtlebot3,skill-life-cycle,approach_person,(status=STARTED, parameters=['nurse'])
158.183333397,[debug],turtlebot3,task-update,approach_person,localize-person,(who=nurse)
158.366666555,[debug],turtlebot3,task-update,approach_person,goto-person,(who=nurse)
158.450000048,[debug],turtlebot3,available-skills,['send_message', 'wait_message', 'approach_person', 'approach_robot', 'authenticate_person', 'deposit', 'navigation', 'operate_drawer', 'pick_up'],
158.450000048,[info],turtlebot3,skill-life-cycle,authenticate_person,(status=STARTED, parameters=['nurse'])
158.516666651,[debug],turtlebot3,task-update,authenticate_person,request-authentication,(to=nurse)
158.533333302,[info],nurse,sync,received-request,(status=sending-request)
158.533333302,[info],nurse,sync,received-request,(status=sending-request)
159.016666651,[debug],turtlebot3,task-update,authenticate_person,received-authentication,(from=nurse)
159.099999905,[debug],turtlebot3,available-skills,['send_message', 'wait_message', 'approach_person', 'approach_robot', 'authenticate_person', 'deposit', 'navigation', 'operate_drawer', 'pick_up'],
159.099999905,[info],turtlebot3,skill-life-cycle,operate_drawer,(status=STARTED, parameters=['open'])
159.133333445,[debug],turtlebot3,task-update,operate_drawer,open
160.099999905,[debug],turtlebot3,available-skills,['send_message', 'wait_message', 'approach_person', 'approach_robot', 'authenticate_person', 'deposit', 'navigation', 'operate_drawer', 'pick_up'],
160.099999905,[info],turtlebot3,skill-life-cycle,send_message,(status=STARTED, parameters=['nurse'])
160.150000095,[info],turtlebot3,sync,send-message,(to=nurse)
161.066666603,[info],nurse,sync,wait-message,(status=message-received)
161.066666603,[info],nurse,sync,wait-message,(status=message-received)
163.816666603,[debug],turtlebot3,available-skills,['send_message', 'wait_message', 'approach_person', 'approach_robot', 'authenticate_person', 'deposit', 'navigation', 'operate_drawer', 'pick_up'],
163.816666603,[info],turtlebot3,skill-life-cycle,wait_message,(status=STARTED, parameters=['r1'])
165.150000095,[info],turtlebot3,sync,wait-message,(status=message-received)
165.216666698,[debug],turtlebot3,available-skills,['send_message', 'wait_message', 'approach_person', 'approach_robot', 'authenticate_person', 'deposit', 'navigation', 'operate_drawer', 'pick_up'],
165.216666698,[info],turtlebot3,skill-life-cycle,operate_drawer,(status=STARTED, parameters=['close'])
165.283333302,[debug],turtlebot3,task-update,operate_drawer,close
166.283333302,[debug],turtlebot3,available-skills,['send_message', 'wait_message', 'approach_person', 'approach_robot', 'authenticate_person', 'deposit', 'navigation', 'operate_drawer', 'pick_up'],
166.283333302,[info],turtlebot3,skill-life-cycle,navigation,(status=STARTED, parameters=[[-37.0, 18.93, -1.5707963267948966, True], [-37.0, 16.0, 0.0, True], [-26.0, 16.0, -1.5707963267948966, True], [-26.0, 13.0, 1.57, False]])
171.066666603,[info],nurse,sync,wait-message,(status=message-received)
171.066666603,[info],nurse,sync,wait-message,(status=message-received)
172.799999952,[debug],turtlebot1,simulation,robot-pose,x=-11.46;y=17.82;yaw=-1.25
172.799999952,[debug],turtlebot1,simulation,robot-pose,x=-11.46;y=17.82;yaw=-1.25
173.049999952,[debug],turtlebot3,simulation,robot-pose,x=-34.28;y=18.53;yaw=-2.70
173.049999952,[debug],turtlebot3,simulation,robot-pose,x=-34.28;y=18.53;yaw=-2.70
173.049999952,[debug],turtlebot2,simulation,robot-pose,x=-28.69;y=17.88;yaw=-0.80
173.049999952,[debug],turtlebot2,simulation,robot-pose,x=-28.69;y=17.88;yaw=-0.80
173.066666603,[debug],turtlebot4,simulation,robot-pose,x=-40.39;y=25.23;yaw=0.33
173.066666603,[debug],turtlebot4,simulation,robot-pose,x=-40.39;y=25.23;yaw=0.33
173.099999905,[debug],turtlebot5,simulation,robot-pose,x=-32.90;y=33.97;yaw=-3.09
173.099999905,[debug],turtlebot5,simulation,robot-pose,x=-32.90;y=33.97;yaw=-3.09
178.533333302,[info],nurse,sync,request-sent,(status=waiting)
178.533333302,[info],nurse,sync,request-sent,(status=waiting)
181.066666603,[info],nurse,sync,wait-message,(status=message-received)
181.066666603,[info],nurse,sync,wait-message,(status=message-received)
187.799999952,[debug],turtlebot1,simulation,robot-pose,x=-11.46;y=17.82;yaw=-1.25
187.799999952,[debug],turtlebot1,simulation,robot-pose,x=-11.46;y=17.82;yaw=-1.25
188.049999952,[debug],turtlebot3,simulation,robot-pose,x=-34.96;y=18.06;yaw=-2.70
188.049999952,[debug],turtlebot2,simulation,robot-pose,x=-28.68;y=17.88;yaw=-0.80
188.049999952,[debug],turtlebot3,simulation,robot-pose,x=-34.96;y=18.06;yaw=-2.70
188.049999952,[debug],turtlebot2,simulation,robot-pose,x=-28.68;y=17.88;yaw=-0.80
188.066666603,[debug],turtlebot4,simulation,robot-pose,x=-40.39;y=25.23;yaw=0.33
188.066666603,[debug],turtlebot4,simulation,robot-pose,x=-40.39;y=25.23;yaw=0.33
188.099999905,[debug],turtlebot5,simulation,robot-pose,x=-32.90;y=33.97;yaw=-3.09
188.099999905,[debug],turtlebot5,simulation,robot-pose,x=-32.90;y=33.97;yaw=-3.09
191.066666603,[info],nurse,sync,wait-message,(status=message-received)
191.066666603,[info],nurse,sync,wait-message,(status=message-received)
202.799999952,[debug],turtlebot1,simulation,robot-pose,x=-11.46;y=17.82;yaw=-1.25
202.799999952,[debug],turtlebot1,simulation,robot-pose,x=-11.46;y=17.82;yaw=-1.25
203.049999952,[debug],turtlebot2,simulation,robot-pose,x=-28.68;y=17.88;yaw=-0.80
203.049999952,[debug],turtlebot2,simulation,robot-pose,x=-28.68;y=17.88;yaw=-0.80
203.049999952,[debug],turtlebot3,simulation,robot-pose,x=-36.67;y=18.63;yaw=-2.70
203.049999952,[debug],turtlebot3,simulation,robot-pose,x=-36.67;y=18.63;yaw=-2.70
203.066666603,[debug],turtlebot4,simulation,robot-pose,x=-40.39;y=25.23;yaw=0.33
203.066666603,[debug],turtlebot4,simulation,robot-pose,x=-40.39;y=25.23;yaw=0.33
203.099999905,[debug],turtlebot5,simulation,robot-pose,x=-32.90;y=33.97;yaw=-3.09
203.099999905,[debug],turtlebot5,simulation,robot-pose,x=-32.90;y=33.97;yaw=-3.09
206.233333349,[debug],turtlebot3,move-base-info,Hooray, the base moved arrived,(x=-37;y=18.93)
206.366666555,[debug],turtlebot3,move-base-info,Hooray, the base moved arrived,(x=-37;y=18.93)
206.383333445,[debug],turtlebot3,task-update,navigation,way-point-reached,25.0%
209.116666555,[info],turtlebot3,skill-life-cycle,navigation,(status=RUNNING, parameters=[[-37.0, 18.93, -1.5707963267948966, True], [-37.0, 16.0, 0.0, True], [-26.0, 16.0, -1.5707963267948966, True], [-26.0, 13.0, 1.57, False]])
217.799999952,[debug],turtlebot1,simulation,robot-pose,x=-11.46;y=17.82;yaw=-1.25
217.799999952,[debug],turtlebot1,simulation,robot-pose,x=-11.46;y=17.82;yaw=-1.25
218.049999952,[debug],turtlebot2,simulation,robot-pose,x=-28.68;y=17.88;yaw=-0.80
218.049999952,[debug],turtlebot2,simulation,robot-pose,x=-28.68;y=17.88;yaw=-0.80
218.049999952,[debug],turtlebot3,simulation,robot-pose,x=-36.69;y=18.08;yaw=-1.57
218.049999952,[debug],turtlebot3,simulation,robot-pose,x=-36.69;y=18.08;yaw=-1.57
218.066666603,[debug],turtlebot4,simulation,robot-pose,x=-40.39;y=25.23;yaw=0.33
218.066666603,[debug],turtlebot4,simulation,robot-pose,x=-40.39;y=25.23;yaw=0.33
218.099999905,[debug],turtlebot5,simulation,robot-pose,x=-32.91;y=33.97;yaw=-3.08
218.116666555,[debug],turtlebot5,simulation,robot-pose,x=-32.91;y=33.97;yaw=-3.08
232.799999952,[debug],turtlebot1,simulation,robot-pose,x=-11.46;y=17.82;yaw=-1.25
232.799999952,[debug],turtlebot1,simulation,robot-pose,x=-11.46;y=17.82;yaw=-1.25
233.049999952,[debug],turtlebot3,simulation,robot-pose,x=-36.73;y=16.82;yaw=-1.77
233.049999952,[debug],turtlebot3,simulation,robot-pose,x=-36.73;y=16.82;yaw=-1.77
233.049999952,[debug],turtlebot2,simulation,robot-pose,x=-28.69;y=17.88;yaw=-0.80
233.049999952,[debug],turtlebot2,simulation,robot-pose,x=-28.69;y=17.88;yaw=-0.80
233.066666603,[debug],turtlebot4,simulation,robot-pose,x=-40.39;y=25.23;yaw=0.33
233.066666603,[debug],turtlebot4,simulation,robot-pose,x=-40.39;y=25.23;yaw=0.33
233.099999905,[debug],turtlebot5,simulation,robot-pose,x=-32.91;y=33.97;yaw=-3.07
233.099999905,[debug],turtlebot5,simulation,robot-pose,x=-32.91;y=33.97;yaw=-3.07
242.766666651,[debug],turtlebot3,move-base-info,Hooray, the base moved arrived,(x=-37;y=16)
242.766666651,[debug],turtlebot3,move-base-info,Hooray, the base moved arrived,(x=-37;y=16)
242.883333445,[debug],turtlebot3,task-update,navigation,way-point-reached,50.0%
247.799999952,[debug],turtlebot1,simulation,robot-pose,x=-11.46;y=17.82;yaw=-1.25
247.799999952,[debug],turtlebot1,simulation,robot-pose,x=-11.46;y=17.82;yaw=-1.25
248.049999952,[debug],turtlebot2,simulation,robot-pose,x=-28.69;y=17.88;yaw=-0.80
248.049999952,[debug],turtlebot2,simulation,robot-pose,x=-28.69;y=17.88;yaw=-0.80
248.049999952,[debug],turtlebot3,simulation,robot-pose,x=-36.83;y=16.41;yaw=-0.22
248.049999952,[debug],turtlebot3,simulation,robot-pose,x=-36.83;y=16.41;yaw=-0.22
248.066666603,[debug],turtlebot4,simulation,robot-pose,x=-40.39;y=25.23;yaw=0.33
248.066666603,[debug],turtlebot4,simulation,robot-pose,x=-40.39;y=25.23;yaw=0.33
248.099999905,[debug],turtlebot5,simulation,robot-pose,x=-32.91;y=33.97;yaw=-3.07
248.099999905,[debug],turtlebot5,simulation,robot-pose,x=-32.91;y=33.97;yaw=-3.07
260.083333254,[info],turtlebot3,skill-life-cycle,navigation,(status=RUNNING, parameters=[[-37.0, 18.93, -1.5707963267948966, True], [-37.0, 16.0, 0.0, True], [-26.0, 16.0, -1.5707963267948966, True], [-26.0, 13.0, 1.57, False]])
262.799999952,[debug],turtlebot1,simulation,robot-pose,x=-11.46;y=17.82;yaw=-1.25
262.799999952,[debug],turtlebot1,simulation,robot-pose,x=-11.46;y=17.82;yaw=-1.25
263.049999952,[debug],turtlebot2,simulation,robot-pose,x=-28.69;y=17.88;yaw=-0.79
263.049999952,[debug],turtlebot2,simulation,robot-pose,x=-28.69;y=17.88;yaw=-0.79
263.049999952,[debug],turtlebot3,simulation,robot-pose,x=-35.46;y=15.65;yaw=0.27
263.049999952,[debug],turtlebot3,simulation,robot-pose,x=-35.46;y=15.65;yaw=0.27
263.066666603,[debug],turtlebot4,simulation,robot-pose,x=-40.39;y=25.23;yaw=0.33
263.066666603,[debug],turtlebot4,simulation,robot-pose,x=-40.39;y=25.23;yaw=0.33
263.099999905,[debug],turtlebot5,simulation,robot-pose,x=-32.91;y=33.97;yaw=-3.06
263.099999905,[debug],turtlebot5,simulation,robot-pose,x=-32.91;y=33.97;yaw=-3.06
277.799999952,[debug],turtlebot1,simulation,robot-pose,x=-11.46;y=17.82;yaw=-1.25
277.799999952,[debug],turtlebot1,simulation,robot-pose,x=-11.46;y=17.82;yaw=-1.25
278.049999952,[debug],turtlebot2,simulation,robot-pose,x=-28.69;y=17.88;yaw=-0.80
278.049999952,[debug],turtlebot2,simulation,robot-pose,x=-28.69;y=17.88;yaw=-0.80
278.049999952,[debug],turtlebot3,simulation,robot-pose,x=-32.92;y=15.70;yaw=0.21
278.049999952,[debug],turtlebot3,simulation,robot-pose,x=-32.92;y=15.70;yaw=0.21
278.066666603,[debug],turtlebot4,simulation,robot-pose,x=-40.39;y=25.23;yaw=0.33
278.066666603,[debug],turtlebot4,simulation,robot-pose,x=-40.39;y=25.23;yaw=0.33
278.099999905,[debug],turtlebot5,simulation,robot-pose,x=-32.92;y=33.98;yaw=-3.05
278.099999905,[debug],turtlebot5,simulation,robot-pose,x=-32.92;y=33.98;yaw=-3.05
292.799999952,[debug],turtlebot1,simulation,robot-pose,x=-11.46;y=17.82;yaw=-1.25
292.799999952,[debug],turtlebot1,simulation,robot-pose,x=-11.46;y=17.82;yaw=-1.25
293.049999952,[debug],turtlebot2,simulation,robot-pose,x=-28.70;y=17.88;yaw=-0.80
293.049999952,[debug],turtlebot3,simulation,robot-pose,x=-30.17;y=16.02;yaw=-0.03
293.049999952,[debug],turtlebot2,simulation,robot-pose,x=-28.70;y=17.88;yaw=-0.80
293.049999952,[debug],turtlebot3,simulation,robot-pose,x=-30.17;y=16.02;yaw=-0.03
293.066666603,[debug],turtlebot4,simulation,robot-pose,x=-40.39;y=25.23;yaw=0.33
293.066666603,[debug],turtlebot4,simulation,robot-pose,x=-40.39;y=25.23;yaw=0.33
293.099999905,[debug],turtlebot5,simulation,robot-pose,x=-32.92;y=33.98;yaw=-3.05
293.099999905,[debug],turtlebot5,simulation,robot-pose,x=-32.92;y=33.98;yaw=-3.05
307.799999952,[debug],turtlebot1,simulation,robot-pose,x=-11.47;y=17.82;yaw=-1.25
307.799999952,[debug],turtlebot1,simulation,robot-pose,x=-11.47;y=17.82;yaw=-1.25
308.049999952,[debug],turtlebot2,simulation,robot-pose,x=-28.70;y=17.88;yaw=-0.81
308.049999952,[debug],turtlebot2,simulation,robot-pose,x=-28.70;y=17.88;yaw=-0.81
308.049999952,[debug],turtlebot3,simulation,robot-pose,x=-27.61;y=16.09;yaw=-0.03
308.049999952,[debug],turtlebot3,simulation,robot-pose,x=-27.61;y=16.09;yaw=-0.03
308.066666603,[debug],turtlebot4,simulation,robot-pose,x=-40.39;y=25.23;yaw=0.33
308.066666603,[debug],turtlebot4,simulation,robot-pose,x=-40.39;y=25.23;yaw=0.33
308.099999905,[debug],turtlebot5,simulation,robot-pose,x=-32.92;y=33.98;yaw=-3.06
308.099999905,[debug],turtlebot5,simulation,robot-pose,x=-32.92;y=33.98;yaw=-3.06
309.283333302,[info],turtlebot3,skill-life-cycle,navigation,(status=RUNNING, parameters=[[-37.0, 18.93, -1.5707963267948966, True], [-37.0, 16.0, 0.0, True], [-26.0, 16.0, -1.5707963267948966, True], [-26.0, 13.0, 1.57, False]])
320.0,[debug],turtlebot3,move-base-info,Hooray, the base moved arrived,(x=-26;y=16)
320.0,[debug],turtlebot3,move-base-info,Hooray, the base moved arrived,(x=-26;y=16)
320.133333445,[debug],turtlebot3,task-update,navigation,way-point-reached,75.0%
322.799999952,[debug],turtlebot1,simulation,robot-pose,x=-11.47;y=17.82;yaw=-1.25
322.799999952,[debug],turtlebot1,simulation,robot-pose,x=-11.47;y=17.82;yaw=-1.25
323.049999952,[debug],turtlebot2,simulation,robot-pose,x=-28.70;y=17.88;yaw=-0.80
323.049999952,[debug],turtlebot2,simulation,robot-pose,x=-28.70;y=17.88;yaw=-0.80
323.049999952,[debug],turtlebot3,simulation,robot-pose,x=-26.37;y=16.31;yaw=-1.52
323.049999952,[debug],turtlebot3,simulation,robot-pose,x=-26.37;y=16.31;yaw=-1.52
323.066666603,[debug],turtlebot4,simulation,robot-pose,x=-40.39;y=25.23;yaw=0.33
323.066666603,[debug],turtlebot4,simulation,robot-pose,x=-40.39;y=25.23;yaw=0.33
323.099999905,[debug],turtlebot5,simulation,robot-pose,x=-32.92;y=33.98;yaw=-3.06
323.099999905,[debug],turtlebot5,simulation,robot-pose,x=-32.92;y=33.98;yaw=-3.06
337.799999952,[debug],turtlebot1,simulation,robot-pose,x=-11.47;y=17.82;yaw=-1.25
337.799999952,[debug],turtlebot1,simulation,robot-pose,x=-11.47;y=17.82;yaw=-1.25
338.049999952,[debug],turtlebot2,simulation,robot-pose,x=-28.71;y=17.88;yaw=-0.81
338.049999952,[debug],turtlebot3,simulation,robot-pose,x=-25.96;y=15.25;yaw=-1.28
338.049999952,[debug],turtlebot2,simulation,robot-pose,x=-28.71;y=17.88;yaw=-0.81
338.049999952,[debug],turtlebot3,simulation,robot-pose,x=-25.96;y=15.25;yaw=-1.28
338.066666603,[debug],turtlebot4,simulation,robot-pose,x=-40.39;y=25.23;yaw=0.33
338.066666603,[debug],turtlebot4,simulation,robot-pose,x=-40.39;y=25.23;yaw=0.33
338.099999905,[debug],turtlebot5,simulation,robot-pose,x=-32.93;y=33.98;yaw=-3.06
338.099999905,[debug],turtlebot5,simulation,robot-pose,x=-32.93;y=33.98;yaw=-3.06
352.799999952,[debug],turtlebot1,simulation,robot-pose,x=-11.47;y=17.82;yaw=-1.25
352.799999952,[debug],turtlebot1,simulation,robot-pose,x=-11.47;y=17.82;yaw=-1.25
353.049999952,[debug],turtlebot3,simulation,robot-pose,x=-25.88;y=14.00;yaw=-1.77
353.049999952,[debug],turtlebot3,simulation,robot-pose,x=-25.88;y=14.00;yaw=-1.77
353.049999952,[debug],turtlebot2,simulation,robot-pose,x=-28.71;y=17.88;yaw=-0.81
353.049999952,[debug],turtlebot2,simulation,robot-pose,x=-28.71;y=17.88;yaw=-0.81
353.066666603,[debug],turtlebot4,simulation,robot-pose,x=-40.39;y=25.23;yaw=0.33
353.066666603,[debug],turtlebot4,simulation,robot-pose,x=-40.39;y=25.23;yaw=0.33
353.099999905,[debug],turtlebot5,simulation,robot-pose,x=-32.93;y=33.98;yaw=-3.06
353.099999905,[debug],turtlebot5,simulation,robot-pose,x=-32.93;y=33.98;yaw=-3.06
359.483333349,[info],turtlebot3,skill-life-cycle,navigation,(status=RUNNING, parameters=[[-37.0, 18.93, -1.5707963267948966, True], [-37.0, 16.0, 0.0, True], [-26.0, 16.0, -1.5707963267948966, True], [-26.0, 13.0, 1.57, False]])
367.066666603,[debug],turtlebot3,move-base-info,Hooray, the base moved arrived,(x=-26;y=13)
367.066666603,[debug],turtlebot3,move-base-info,Hooray, the base moved arrived,(x=-26;y=13)
367.299999952,[debug],turtlebot3,task-update,navigation,way-point-reached,100.0%
367.383333445,[debug],turtlebot3,available-skills,['send_message', 'wait_message', 'approach_person', 'approach_robot', 'authenticate_person', 'deposit', 'navigation', 'operate_drawer', 'pick_up'],
367.383333445,[info],turtlebot3,skill-life-cycle,approach_robot,(status=STARTED, parameters=['lab_arm'])
367.466666698,[debug],turtlebot3,task-update,approach_robot,localize-robot,(who=lab_arm)
367.549999952,[debug],turtlebot3,task-update,approach_robot,goto-robot,(who=lab_arm)
367.650000095,[debug],turtlebot3,available-skills,['send_message', 'wait_message', 'approach_person', 'approach_robot', 'authenticate_person', 'deposit', 'navigation', 'operate_drawer', 'pick_up'],
367.650000095,[info],turtlebot3,skill-life-cycle,operate_drawer,(status=STARTED, parameters=['open'])
367.716666698,[debug],turtlebot3,task-update,operate_drawer,open
367.799999952,[debug],turtlebot1,simulation,robot-pose,x=-11.47;y=17.82;yaw=-1.25
367.799999952,[debug],turtlebot1,simulation,robot-pose,x=-11.47;y=17.82;yaw=-1.25
368.049999952,[debug],turtlebot2,simulation,robot-pose,x=-28.71;y=17.88;yaw=-0.80
368.049999952,[debug],turtlebot2,simulation,robot-pose,x=-28.71;y=17.88;yaw=-0.80
368.049999952,[debug],turtlebot3,simulation,robot-pose,x=-25.96;y=13.41;yaw=1.62
368.049999952,[debug],turtlebot3,simulation,robot-pose,x=-25.96;y=13.41;yaw=1.62
368.066666603,[debug],turtlebot4,simulation,robot-pose,x=-40.39;y=25.23;yaw=0.33
368.066666603,[debug],turtlebot4,simulation,robot-pose,x=-40.39;y=25.23;yaw=0.33
368.099999905,[debug],turtlebot5,simulation,robot-pose,x=-32.93;y=33.98;yaw=-3.06
368.099999905,[debug],turtlebot5,simulation,robot-pose,x=-32.93;y=33.98;yaw=-3.06
368.700000048,[debug],turtlebot3,available-skills,['send_message', 'wait_message', 'approach_person', 'approach_robot', 'authenticate_person', 'deposit', 'navigation', 'operate_drawer', 'pick_up'],
368.700000048,[info],turtlebot3,skill-life-cycle,send_message,(status=STARTED, parameters=['lab_arm'])
368.799999952,[info],turtlebot3,sync,send-message,(to=lab_arm)
369.716666698,[info],lab_arm,sync,wait-message,(status=message-received)
369.716666698,[info],lab_arm,sync,wait-message,(status=message-received)
369.716666698,[info],Inventory,sync,wait-sample,(status=sample-received)
369.716666698,[info],Inventory,sync,wait-sample,(status=sample-received)
369.716666698,ENDSIM
369.716666698,ENDSIM
379.716666698,[info],Inventory,sync,wait-sample,(status=sample-received)
379.716666698,ENDSIM
379.716666698,[info],Inventory,sync,wait-sample,(status=sample-received)
379.716666698,ENDSIM
379.733333349,[info],lab_arm,sync,wait-message,(status=message-received)
379.733333349,[info],lab_arm,sync,wait-message,(status=message-received)
379.733333349,[info],Inventory,sync,wait-sample,(status=sample-received)
379.733333349,[info],Inventory,sync,wait-sample,(status=sample-received)
379.733333349,ENDSIM
379.733333349,ENDSIM
0.0,[debug],simulation closed,reach-target,execution-wall-clock=462.48525762557983
