6.58333325386,[debug],turtlebot2,move-base-info,Move_base is up and ok....,
7.83333325386,[debug],turtlebot3,move-base-info,Move_base is up and ok....,
7.84999990463,[debug],turtlebot5,move-base-info,Move_base is up and ok....,
12.4666666985,[info],turtlebot1,skill-life-cycle,init_robobt,(status=RUNNING, parameters=[])
13.9333333969,[info],turtlebot2,skill-life-cycle,init_robobt,(status=RUNNING, parameters=[])
14.0999999046,[info],turtlebot3,skill-life-cycle,init_robobt,(status=RUNNING, parameters=[])
14.25,[info],turtlebot5,skill-life-cycle,init_robobt,(status=RUNNING, parameters=[])
14.2833333015,[debug],turtlebot4,available-skills,['send_message', 'wait_message', 'approach_person', 'approach_robot', 'authenticate_person', 'deposit', 'navigation', 'operate_drawer', 'pick_up'],
14.2833333015,[info],turtlebot4,skill-life-cycle,navigation,(status=STARTED, parameters=[[-21.0, 16.0, 3.141592653589793, True], [-28.5, 16.0, 1.5707963267948966, True], [-28.5, 18.0, -1.57, False]])
25.2833333015,[debug],turtlebot1,simulation,robot-pose,x=-33.83;y=18.78;yaw=2.80
25.2833333015,[debug],turtlebot1,simulation,robot-pose,x=-33.83;y=18.78;yaw=2.80
25.4666666985,[debug],turtlebot2,simulation,robot-pose,x=-27.23;y=18.02;yaw=-1.59
25.4666666985,[debug],turtlebot2,simulation,robot-pose,x=-27.23;y=18.02;yaw=-1.59
25.4666666985,[debug],turtlebot3,simulation,robot-pose,x=-40.39;y=25.23;yaw=0.34
25.4666666985,[debug],turtlebot3,simulation,robot-pose,x=-40.39;y=25.23;yaw=0.34
25.5,[debug],turtlebot4,simulation,robot-pose,x=-20.97;y=17.46;yaw=-1.53
25.5,[debug],turtlebot5,simulation,robot-pose,x=-38.00;y=21.48;yaw=0.01
25.5,[debug],turtlebot4,simulation,robot-pose,x=-20.97;y=17.46;yaw=-1.53
25.5,[debug],turtlebot5,simulation,robot-pose,x=-38.00;y=21.48;yaw=0.01
40.2833333015,[debug],turtlebot1,simulation,robot-pose,x=-33.84;y=18.78;yaw=2.83
40.2833333015,[debug],turtlebot1,simulation,robot-pose,x=-33.84;y=18.78;yaw=2.83
40.4666666985,[debug],turtlebot2,simulation,robot-pose,x=-27.22;y=18.03;yaw=-1.59
40.4666666985,[debug],turtlebot2,simulation,robot-pose,x=-27.22;y=18.03;yaw=-1.59
40.4666666985,[debug],turtlebot3,simulation,robot-pose,x=-40.39;y=25.23;yaw=0.33
40.4666666985,[debug],turtlebot3,simulation,robot-pose,x=-40.39;y=25.23;yaw=0.33
40.5,[debug],turtlebot5,simulation,robot-pose,x=-38.00;y=21.48;yaw=0.01
40.5,[debug],turtlebot4,simulation,robot-pose,x=-20.91;y=16.46;yaw=-2.95
40.5,[debug],turtlebot5,simulation,robot-pose,x=-38.00;y=21.48;yaw=0.01
40.5,[debug],turtlebot4,simulation,robot-pose,x=-20.91;y=16.46;yaw=-2.95
41.4833333492,[debug],turtlebot4,move-base-info,Hooray, the base moved arrived,(x=-21;y=16)
41.4833333492,[debug],turtlebot4,move-base-info,Hooray, the base moved arrived,(x=-21;y=16)
41.5499999523,[debug],turtlebot4,task-update,navigation,way-point-reached,33.33333333333333%
55.2833333015,[debug],turtlebot1,simulation,robot-pose,x=-33.85;y=18.78;yaw=2.84
55.2833333015,[debug],turtlebot1,simulation,robot-pose,x=-33.85;y=18.78;yaw=2.84
55.4666666985,[debug],turtlebot2,simulation,robot-pose,x=-27.22;y=18.03;yaw=-1.58
55.4666666985,[debug],turtlebot2,simulation,robot-pose,x=-27.22;y=18.03;yaw=-1.58
55.4666666985,[debug],turtlebot3,simulation,robot-pose,x=-40.39;y=25.23;yaw=0.33
55.4666666985,[debug],turtlebot3,simulation,robot-pose,x=-40.39;y=25.23;yaw=0.33
55.5,[debug],turtlebot4,simulation,robot-pose,x=-21.84;y=16.00;yaw=-2.93
55.5,[debug],turtlebot4,simulation,robot-pose,x=-21.84;y=16.00;yaw=-2.93
55.5,[debug],turtlebot5,simulation,robot-pose,x=-38.00;y=21.48;yaw=0.01
55.5,[debug],turtlebot5,simulation,robot-pose,x=-38.00;y=21.48;yaw=0.01
59.6666667461,[info],turtlebot4,skill-life-cycle,navigation,(status=RUNNING, parameters=[[-21.0, 16.0, 3.141592653589793, True], [-28.5, 16.0, 1.5707963267948966, True], [-28.5, 18.0, -1.57, False]])
70.2833333015,[debug],turtlebot1,simulation,robot-pose,x=-33.85;y=18.78;yaw=2.86
70.2833333015,[debug],turtlebot1,simulation,robot-pose,x=-33.85;y=18.78;yaw=2.86
70.4666666985,[debug],turtlebot2,simulation,robot-pose,x=-27.22;y=18.03;yaw=-1.58
70.4666666985,[debug],turtlebot2,simulation,robot-pose,x=-27.22;y=18.03;yaw=-1.58
70.4666666985,[debug],turtlebot3,simulation,robot-pose,x=-40.39;y=25.23;yaw=0.33
70.4666666985,[debug],turtlebot3,simulation,robot-pose,x=-40.39;y=25.23;yaw=0.33
70.5,[debug],turtlebot5,simulation,robot-pose,x=-38.00;y=21.48;yaw=0.01
70.5,[debug],turtlebot4,simulation,robot-pose,x=-24.28;y=15.95;yaw=3.12
70.5,[debug],turtlebot5,simulation,robot-pose,x=-38.00;y=21.48;yaw=0.01
70.5,[debug],turtlebot4,simulation,robot-pose,x=-24.28;y=15.95;yaw=3.12
85.2833333015,[debug],turtlebot1,simulation,robot-pose,x=-33.85;y=18.78;yaw=2.87
85.2833333015,[debug],turtlebot1,simulation,robot-pose,x=-33.85;y=18.78;yaw=2.87
85.4666666985,[debug],turtlebot3,simulation,robot-pose,x=-40.39;y=25.23;yaw=0.33
85.4666666985,[debug],turtlebot2,simulation,robot-pose,x=-27.22;y=18.03;yaw=-1.58
85.4666666985,[debug],turtlebot3,simulation,robot-pose,x=-40.39;y=25.23;yaw=0.33
85.4666666985,[debug],turtlebot2,simulation,robot-pose,x=-27.22;y=18.03;yaw=-1.58
85.5,[debug],turtlebot5,simulation,robot-pose,x=-38.00;y=21.48;yaw=0.01
85.5,[debug],turtlebot5,simulation,robot-pose,x=-38.00;y=21.48;yaw=0.01
85.5,[debug],turtlebot4,simulation,robot-pose,x=-26.69;y=15.89;yaw=2.78
85.5,[debug],turtlebot4,simulation,robot-pose,x=-26.69;y=15.89;yaw=2.78
98.0,[debug],turtlebot4,move-base-info,Hooray, the base moved arrived,(x=-28.5;y=16)
98.0,[debug],turtlebot4,move-base-info,Hooray, the base moved arrived,(x=-28.5;y=16)
98.1500000954,[debug],turtlebot4,task-update,navigation,way-point-reached,66.66666666666666%
100.283333302,[debug],turtlebot1,simulation,robot-pose,x=-33.85;y=18.78;yaw=2.89
100.283333302,[debug],turtlebot1,simulation,robot-pose,x=-33.85;y=18.78;yaw=2.89
100.466666698,[debug],turtlebot3,simulation,robot-pose,x=-40.39;y=25.23;yaw=0.33
100.466666698,[debug],turtlebot3,simulation,robot-pose,x=-40.39;y=25.23;yaw=0.33
100.466666698,[debug],turtlebot2,simulation,robot-pose,x=-27.22;y=18.03;yaw=-1.58
100.466666698,[debug],turtlebot2,simulation,robot-pose,x=-27.22;y=18.03;yaw=-1.58
100.5,[debug],turtlebot4,simulation,robot-pose,x=-28.29;y=16.38;yaw=1.62
100.5,[debug],turtlebot4,simulation,robot-pose,x=-28.29;y=16.38;yaw=1.62
100.5,[debug],turtlebot5,simulation,robot-pose,x=-38.00;y=21.48;yaw=0.01
100.5,[debug],turtlebot5,simulation,robot-pose,x=-38.00;y=21.48;yaw=0.01
110.566666603,[info],turtlebot4,skill-life-cycle,navigation,(status=RUNNING, parameters=[[-21.0, 16.0, 3.141592653589793, True], [-28.5, 16.0, 1.5707963267948966, True], [-28.5, 18.0, -1.57, False]])
114.0,[debug],turtlebot4,move-base-info,Hooray, the base moved arrived,(x=-28.5;y=18)
114.0,[debug],turtlebot4,move-base-info,Hooray, the base moved arrived,(x=-28.5;y=18)
114.099999905,[debug],turtlebot4,task-update,navigation,way-point-reached,100.0%
114.183333397,[debug],turtlebot4,available-skills,['send_message', 'wait_message', 'approach_person', 'approach_robot', 'authenticate_person', 'deposit', 'navigation', 'operate_drawer', 'pick_up'],
114.183333397,[info],turtlebot4,skill-life-cycle,approach_person,(status=STARTED, parameters=['nurse'])
114.283333302,[debug],turtlebot4,task-update,approach_person,localize-person,(who=nurse)
114.549999952,[debug],turtlebot4,task-update,approach_person,goto-person,(who=nurse)
114.716666698,[debug],turtlebot4,available-skills,['send_message', 'wait_message', 'approach_person', 'approach_robot', 'authenticate_person', 'deposit', 'navigation', 'operate_drawer', 'pick_up'],
114.716666698,[info],turtlebot4,skill-life-cycle,authenticate_person,(status=STARTED, parameters=['nurse'])
114.783333302,[debug],turtlebot4,task-update,authenticate_person,request-authentication,(to=nurse)
114.783333302,[info],nurse,sync,received-request,(status=sending-request)
114.783333302,[info],nurse,sync,received-request,(status=sending-request)
115.283333302,[debug],turtlebot1,simulation,robot-pose,x=-33.86;y=18.79;yaw=2.91
115.283333302,[debug],turtlebot1,simulation,robot-pose,x=-33.86;y=18.79;yaw=2.91
115.316666603,[debug],turtlebot4,task-update,authenticate_person,received-authentication,(from=nurse)
115.416666746,[debug],turtlebot4,available-skills,['send_message', 'wait_message', 'approach_person', 'approach_robot', 'authenticate_person', 'deposit', 'navigation', 'operate_drawer', 'pick_up'],
115.416666746,[info],turtlebot4,skill-life-cycle,operate_drawer,(status=STARTED, parameters=['open'])
115.466666698,[debug],turtlebot3,simulation,robot-pose,x=-40.39;y=25.23;yaw=0.33
115.466666698,[debug],turtlebot3,simulation,robot-pose,x=-40.39;y=25.23;yaw=0.33
115.466666698,[debug],turtlebot2,simulation,robot-pose,x=-27.22;y=18.03;yaw=-1.58
115.466666698,[debug],turtlebot2,simulation,robot-pose,x=-27.22;y=18.03;yaw=-1.58
115.483333349,[debug],turtlebot4,task-update,operate_drawer,open
115.5,[debug],turtlebot4,simulation,robot-pose,x=-28.39;y=17.62;yaw=-1.62
115.5,[debug],turtlebot4,simulation,robot-pose,x=-28.39;y=17.62;yaw=-1.62
115.5,[debug],turtlebot5,simulation,robot-pose,x=-38.00;y=21.48;yaw=0.01
115.5,[debug],turtlebot5,simulation,robot-pose,x=-38.00;y=21.48;yaw=0.01
116.466666698,[debug],turtlebot4,available-skills,['send_message', 'wait_message', 'approach_person', 'approach_robot', 'authenticate_person', 'deposit', 'navigation', 'operate_drawer', 'pick_up'],
116.466666698,[info],turtlebot4,skill-life-cycle,send_message,(status=STARTED, parameters=['nurse'])
116.516666651,[info],turtlebot4,sync,send-message,(to=nurse)
117.416666746,[info],nurse,sync,wait-message,(status=message-received)
117.416666746,[info],nurse,sync,wait-message,(status=message-received)
120.133333445,[debug],turtlebot4,available-skills,['send_message', 'wait_message', 'approach_person', 'approach_robot', 'authenticate_person', 'deposit', 'navigation', 'operate_drawer', 'pick_up'],
120.133333445,[info],turtlebot4,skill-life-cycle,wait_message,(status=STARTED, parameters=['r1'])
121.433333397,[info],turtlebot4,sync,wait-message,(status=message-received)
121.516666651,[debug],turtlebot4,available-skills,['send_message', 'wait_message', 'approach_person', 'approach_robot', 'authenticate_person', 'deposit', 'navigation', 'operate_drawer', 'pick_up'],
121.516666651,[info],turtlebot4,skill-life-cycle,operate_drawer,(status=STARTED, parameters=['close'])
121.583333254,[debug],turtlebot4,task-update,operate_drawer,close
122.583333254,[debug],turtlebot4,available-skills,['send_message', 'wait_message', 'approach_person', 'approach_robot', 'authenticate_person', 'deposit', 'navigation', 'operate_drawer', 'pick_up'],
122.583333254,[info],turtlebot4,skill-life-cycle,navigation,(status=STARTED, parameters=[[-28.5, 16.0, 0.0, True], [-26.0, 16.0, -1.5707963267948966, True], [-26.0, 13.0, 1.57, False]])
127.416666746,[info],nurse,sync,wait-message,(status=message-received)
127.416666746,[info],nurse,sync,wait-message,(status=message-received)
130.283333302,[debug],turtlebot1,simulation,robot-pose,x=-33.86;y=18.79;yaw=2.94
130.283333302,[debug],turtlebot1,simulation,robot-pose,x=-33.86;y=18.79;yaw=2.94
130.466666698,[debug],turtlebot2,simulation,robot-pose,x=-27.22;y=18.03;yaw=-1.58
130.466666698,[debug],turtlebot2,simulation,robot-pose,x=-27.22;y=18.03;yaw=-1.58
130.466666698,[debug],turtlebot3,simulation,robot-pose,x=-40.39;y=25.23;yaw=0.33
130.466666698,[debug],turtlebot3,simulation,robot-pose,x=-40.39;y=25.23;yaw=0.33
130.5,[debug],turtlebot4,simulation,robot-pose,x=-28.45;y=17.35;yaw=-1.88
130.5,[debug],turtlebot4,simulation,robot-pose,x=-28.45;y=17.35;yaw=-1.88
130.5,[debug],turtlebot5,simulation,robot-pose,x=-38.00;y=21.48;yaw=0.01
130.5,[debug],turtlebot5,simulation,robot-pose,x=-38.00;y=21.48;yaw=0.01
134.783333302,[info],nurse,sync,request-sent,(status=waiting)
134.783333302,[info],nurse,sync,request-sent,(status=waiting)
137.416666746,[info],nurse,sync,wait-message,(status=message-received)
137.416666746,[info],nurse,sync,wait-message,(status=message-received)
144.849999905,[debug],turtlebot4,move-base-info,Hooray, the base moved arrived,(x=-28.5;y=16)
144.849999905,[debug],turtlebot4,move-base-info,Hooray, the base moved arrived,(x=-28.5;y=16)
144.883333445,[debug],turtlebot4,task-update,navigation,way-point-reached,33.33333333333333%
145.283333302,[debug],turtlebot1,simulation,robot-pose,x=-33.87;y=18.79;yaw=2.96
145.283333302,[debug],turtlebot1,simulation,robot-pose,x=-33.87;y=18.79;yaw=2.96
145.466666698,[debug],turtlebot3,simulation,robot-pose,x=-40.39;y=25.23;yaw=0.33
145.466666698,[debug],turtlebot3,simulation,robot-pose,x=-40.39;y=25.23;yaw=0.33
145.466666698,[debug],turtlebot2,simulation,robot-pose,x=-27.22;y=18.03;yaw=-1.57
145.466666698,[debug],turtlebot2,simulation,robot-pose,x=-27.22;y=18.03;yaw=-1.57
145.5,[debug],turtlebot5,simulation,robot-pose,x=-38.00;y=21.48;yaw=0.01
145.5,[debug],turtlebot5,simulation,robot-pose,x=-38.00;y=21.48;yaw=0.01
145.5,[debug],turtlebot4,simulation,robot-pose,x=-28.59;y=16.45;yaw=-0.04
145.5,[debug],turtlebot4,simulation,robot-pose,x=-28.59;y=16.45;yaw=-0.04
147.416666746,[info],nurse,sync,wait-message,(status=message-received)
147.416666746,[info],nurse,sync,wait-message,(status=message-received)
160.283333302,[debug],turtlebot1,simulation,robot-pose,x=-33.87;y=18.79;yaw=2.98
160.283333302,[debug],turtlebot1,simulation,robot-pose,x=-33.87;y=18.79;yaw=2.98
160.466666698,[debug],turtlebot2,simulation,robot-pose,x=-27.22;y=18.03;yaw=-1.57
160.466666698,[debug],turtlebot2,simulation,robot-pose,x=-27.22;y=18.03;yaw=-1.57
160.466666698,[debug],turtlebot3,simulation,robot-pose,x=-40.39;y=25.23;yaw=0.33
160.466666698,[debug],turtlebot3,simulation,robot-pose,x=-40.39;y=25.23;yaw=0.33
160.5,[debug],turtlebot5,simulation,robot-pose,x=-38.00;y=21.48;yaw=0.01
160.5,[debug],turtlebot4,simulation,robot-pose,x=-27.31;y=16.04;yaw=0.12
160.5,[debug],turtlebot5,simulation,robot-pose,x=-38.00;y=21.48;yaw=0.01
160.5,[debug],turtlebot4,simulation,robot-pose,x=-27.31;y=16.04;yaw=0.12
162.966666698,[info],turtlebot4,skill-life-cycle,navigation,(status=RUNNING, parameters=[[-28.5, 16.0, 0.0, True], [-26.0, 16.0, -1.5707963267948966, True], [-26.0, 13.0, 1.57, False]])
170.450000048,[debug],turtlebot4,move-base-info,Hooray, the base moved arrived,(x=-26;y=16)
170.450000048,[debug],turtlebot4,move-base-info,Hooray, the base moved arrived,(x=-26;y=16)
170.566666603,[debug],turtlebot4,task-update,navigation,way-point-reached,66.66666666666666%
175.283333302,[debug],turtlebot1,simulation,robot-pose,x=-33.88;y=18.79;yaw=3.00
175.283333302,[debug],turtlebot1,simulation,robot-pose,x=-33.88;y=18.79;yaw=3.00
175.466666698,[debug],turtlebot3,simulation,robot-pose,x=-40.39;y=25.23;yaw=0.33
175.466666698,[debug],turtlebot3,simulation,robot-pose,x=-40.39;y=25.23;yaw=0.33
175.466666698,[debug],turtlebot2,simulation,robot-pose,x=-27.22;y=18.03;yaw=-1.57
175.466666698,[debug],turtlebot2,simulation,robot-pose,x=-27.22;y=18.03;yaw=-1.57
175.5,[debug],turtlebot4,simulation,robot-pose,x=-26.36;y=16.31;yaw=-1.51
175.5,[debug],turtlebot4,simulation,robot-pose,x=-26.36;y=16.31;yaw=-1.51
175.5,[debug],turtlebot5,simulation,robot-pose,x=-38.00;y=21.48;yaw=0.01
175.5,[debug],turtlebot5,simulation,robot-pose,x=-38.00;y=21.48;yaw=0.01
190.283333302,[debug],turtlebot1,simulation,robot-pose,x=-33.88;y=18.79;yaw=3.00
190.283333302,[debug],turtlebot1,simulation,robot-pose,x=-33.88;y=18.79;yaw=3.00
190.466666698,[debug],turtlebot2,simulation,robot-pose,x=-27.22;y=18.03;yaw=-1.57
190.466666698,[debug],turtlebot3,simulation,robot-pose,x=-40.39;y=25.23;yaw=0.33
190.466666698,[debug],turtlebot2,simulation,robot-pose,x=-27.22;y=18.03;yaw=-1.57
190.466666698,[debug],turtlebot3,simulation,robot-pose,x=-40.39;y=25.23;yaw=0.33
190.5,[debug],turtlebot5,simulation,robot-pose,x=-38.00;y=21.48;yaw=0.01
190.5,[debug],turtlebot5,simulation,robot-pose,x=-38.00;y=21.48;yaw=0.01
190.5,[debug],turtlebot4,simulation,robot-pose,x=-25.91;y=15.10;yaw=-1.35
190.5,[debug],turtlebot4,simulation,robot-pose,x=-25.91;y=15.10;yaw=-1.35
205.283333302,[debug],turtlebot1,simulation,robot-pose,x=-33.88;y=18.79;yaw=3.01
205.283333302,[debug],turtlebot1,simulation,robot-pose,x=-33.88;y=18.79;yaw=3.01
205.466666698,[debug],turtlebot2,simulation,robot-pose,x=-27.22;y=18.03;yaw=-1.57
205.466666698,[debug],turtlebot2,simulation,robot-pose,x=-27.22;y=18.03;yaw=-1.57
205.466666698,[debug],turtlebot3,simulation,robot-pose,x=-40.39;y=25.23;yaw=0.33
205.466666698,[debug],turtlebot3,simulation,robot-pose,x=-40.39;y=25.23;yaw=0.33
205.5,[debug],turtlebot5,simulation,robot-pose,x=-38.02;y=21.48;yaw=0.03
205.5,[debug],turtlebot5,simulation,robot-pose,x=-38.02;y=21.48;yaw=0.03
205.5,[debug],turtlebot4,simulation,robot-pose,x=-25.81;y=13.86;yaw=-1.60
205.5,[debug],turtlebot4,simulation,robot-pose,x=-25.81;y=13.86;yaw=-1.60
213.299999952,[info],turtlebot4,skill-life-cycle,navigation,(status=RUNNING, parameters=[[-28.5, 16.0, 0.0, True], [-26.0, 16.0, -1.5707963267948966, True], [-26.0, 13.0, 1.57, False]])
217.833333254,[debug],turtlebot4,move-base-info,Hooray, the base moved arrived,(x=-26;y=13)
217.833333254,[debug],turtlebot4,move-base-info,Hooray, the base moved arrived,(x=-26;y=13)
218.0,[debug],turtlebot4,task-update,navigation,way-point-reached,100.0%
218.099999905,[debug],turtlebot4,available-skills,['send_message', 'wait_message', 'approach_person', 'approach_robot', 'authenticate_person', 'deposit', 'navigation', 'operate_drawer', 'pick_up'],
218.099999905,[info],turtlebot4,skill-life-cycle,approach_robot,(status=STARTED, parameters=['lab_arm'])
218.183333397,[debug],turtlebot4,task-update,approach_robot,localize-robot,(who=lab_arm)
218.716666698,[debug],turtlebot4,task-update,approach_robot,goto-robot,(who=lab_arm)
218.816666603,[debug],turtlebot4,available-skills,['send_message', 'wait_message', 'approach_person', 'approach_robot', 'authenticate_person', 'deposit', 'navigation', 'operate_drawer', 'pick_up'],
218.816666603,[info],turtlebot4,skill-life-cycle,operate_drawer,(status=STARTED, parameters=['open'])
218.916666746,[debug],turtlebot4,task-update,operate_drawer,open
219.883333445,[debug],turtlebot4,available-skills,['send_message', 'wait_message', 'approach_person', 'approach_robot', 'authenticate_person', 'deposit', 'navigation', 'operate_drawer', 'pick_up'],
219.883333445,[info],turtlebot4,skill-life-cycle,send_message,(status=STARTED, parameters=['lab_arm'])
220.0,[info],turtlebot4,sync,send-message,(to=lab_arm)
220.283333302,[debug],turtlebot1,simulation,robot-pose,x=-33.88;y=18.79;yaw=3.01
220.283333302,[debug],turtlebot1,simulation,robot-pose,x=-33.88;y=18.79;yaw=3.01
220.466666698,[debug],turtlebot2,simulation,robot-pose,x=-27.21;y=18.03;yaw=-1.57
220.466666698,[debug],turtlebot2,simulation,robot-pose,x=-27.21;y=18.03;yaw=-1.57
220.466666698,[debug],turtlebot3,simulation,robot-pose,x=-40.39;y=25.23;yaw=0.33
220.466666698,[debug],turtlebot3,simulation,robot-pose,x=-40.39;y=25.23;yaw=0.33
220.5,[debug],turtlebot5,simulation,robot-pose,x=-38.02;y=21.49;yaw=0.03
220.5,[debug],turtlebot5,simulation,robot-pose,x=-38.02;y=21.49;yaw=0.03
220.5,[debug],turtlebot4,simulation,robot-pose,x=-25.87;y=13.40;yaw=1.62
220.5,[debug],turtlebot4,simulation,robot-pose,x=-25.87;y=13.40;yaw=1.62
220.883333445,[info],lab_arm,sync,wait-message,(status=message-received)
220.883333445,[info],lab_arm,sync,wait-message,(status=message-received)
220.883333445,[info],Inventory,sync,wait-sample,(status=sample-received)
220.883333445,[info],Inventory,sync,wait-sample,(status=sample-received)
220.883333445,ENDSIM
220.883333445,ENDSIM
230.883333445,[info],Inventory,sync,wait-sample,(status=sample-received)
230.883333445,[info],Inventory,sync,wait-sample,(status=sample-received)
230.883333445,ENDSIM
230.883333445,ENDSIM
230.883333445,[info],lab_arm,sync,wait-message,(status=message-received)
230.883333445,[info],lab_arm,sync,wait-message,(status=message-received)
230.883333445,[info],Inventory,sync,wait-sample,(status=sample-received)
230.883333445,[info],Inventory,sync,wait-sample,(status=sample-received)
230.883333445,ENDSIM
230.883333445,ENDSIM
0.0,[debug],simulation closed,reach-target,execution-wall-clock=277.2786033153534
