0.0,0.0,[debug],logger,init,time
ROBOTS_CONFIG=[{"avg_speed": 0.15, "battery_charge": 0.15, "battery_discharge_rate": 0.00017, "id": 0, "local_plan": null, "location": "PC Room 7", "position": [-13.5, 18.0, -1.57], "skills": ["approach_person", "approach_robot", "authenticate_person", "deposit", "navigation", "pick_up"]}, {"avg_speed": 0.15, "battery_charge": 0.66, "battery_discharge_rate": 0.00015000000000000001, "id": 1, "local_plan": null, "location": "IC Room 4", "position": [-39.44, 33.95, 0.0], "skills": ["approach_person", "approach_robot", "authenticate_person", "deposit", "navigation", "operate_drawer", "pick_up"]}, {"avg_speed": 0.15, "battery_charge": 0.14, "battery_discharge_rate": 0.0001, "id": 2, "local_plan": [["navigation", ["IC Room 2", [[-40.23, 25.37, 0.0], [-37.0, 25.37], [-37.0, 21.5], [-38.0, 21.5, 0.0]]]], ["approach_person", ["nurse"]], ["authenticate_person", ["nurse"]], ["operate_drawer", ["open"]], ["send_message", ["nurse"]], ["wait_message", ["r1"]], ["operate_drawer", ["close"]], ["navigation", ["Laboratory", [[-38.0, 21.5, 0.0], [-37.0, 21.5], [-37.0, 16.0], [-26.0, 16.0], [-26.0, 13.0, 1.57]]]], ["approach_robot", ["lab_arm"]], ["operate_drawer", ["open"]], ["send_message", ["lab_arm"]], ["wait_message", ["r1"]], ["operate_drawer", ["close"]]], "location": "IC Room 3", "position": [-40.23, 25.37, 0.0], "skills": ["approach_person", "approach_robot", "authenticate_person", "deposit", "navigation", "operate_drawer", "pick_up"]}, {"avg_speed": 0.15, "battery_charge": 0.54, "battery_discharge_rate": 0.00013000000000000002, "id": 3, "local_plan": null, "location": "IC Room 5", "position": [-32.88, 33.98, 3.14], "skills": ["approach_person", "approach_robot", "authenticate_person", "deposit", "navigation", "pick_up"]}, {"avg_speed": 0.15, "battery_charge": 0.6, "battery_discharge_rate": 0.00012000000000000002, "id": 4, "local_plan": null, "location": "PC Room 5", "position": [-21.0, 18.0, -1.57], "skills": ["approach_person", "approach_robot", "authenticate_person", "deposit", "navigation", "operate_drawer", "pick_up"]}]
NURSES_CONFIG=[{"location": "IC Room 2", "position": [-39.0, 20.5, 0.0]}]
logger,1626551744965398073,Simulation open
0.0,[debug],logger,init,subcribing to in the topic /log
1.8833334446,[debug],turtlebot4,move-base-info,Move_base is up and ok....,
1.93333339691,[debug],turtlebot2,move-base-info,Move_base is up and ok....,
1.95000004768,[debug],turtlebot5,move-base-info,Move_base is up and ok....,
1.95000004768,[debug],turtlebot3,move-base-info,Move_base is up and ok....,
2.09999990463,[debug],turtlebot1,move-base-info,Move_base is up and ok....,
6.34999990463,[info],turtlebot1,skill-life-cycle,init_robobt,(status=RUNNING, parameters=[])
6.84999990463,[info],turtlebot5,skill-life-cycle,init_robobt,(status=RUNNING, parameters=[])
7.26666665077,[debug],turtlebot3,available-skills,['send_message', 'wait_message', 'approach_person', 'approach_robot', 'authenticate_person', 'deposit', 'navigation', 'operate_drawer', 'pick_up'],
7.26666665077,[info],turtlebot3,skill-life-cycle,navigation,(status=STARTED, parameters=[[-37.0, 25.37, -1.5707963267948966, True], [-37.0, 21.5, 3.141592653589793, True], [-38.0, 21.5, 0.0, False]])
8.29999995232,[info],turtlebot2,skill-life-cycle,init_robobt,(status=RUNNING, parameters=[])
8.46666669846,[info],turtlebot4,skill-life-cycle,init_robobt,(status=RUNNING, parameters=[])
23.2833333015,[debug],turtlebot1,simulation,robot-pose,x=-13.50;y=18.00;yaw=-1.50
23.3166666031,[debug],turtlebot1,simulation,robot-pose,x=-13.50;y=18.00;yaw=-1.50
23.9666666985,[debug],turtlebot3,simulation,robot-pose,x=-39.64;y=24.28;yaw=-0.88
23.9666666985,[debug],turtlebot3,simulation,robot-pose,x=-39.64;y=24.28;yaw=-0.88
23.9666666985,[debug],turtlebot2,simulation,robot-pose,x=-39.51;y=33.84;yaw=0.46
23.9666666985,[debug],turtlebot2,simulation,robot-pose,x=-39.51;y=33.84;yaw=0.46
23.9833333492,[debug],turtlebot4,simulation,robot-pose,x=-32.89;y=33.97;yaw=-3.10
23.9833333492,[debug],turtlebot4,simulation,robot-pose,x=-32.89;y=33.97;yaw=-3.10
24.0333333015,[debug],turtlebot5,simulation,robot-pose,x=-20.99;y=18.00;yaw=-1.54
24.0333333015,[debug],turtlebot5,simulation,robot-pose,x=-20.99;y=18.00;yaw=-1.54
38.2833333015,[debug],turtlebot1,simulation,robot-pose,x=-13.49;y=18.00;yaw=-1.49
38.3166666031,[debug],turtlebot1,simulation,robot-pose,x=-13.49;y=18.00;yaw=-1.49
38.9666666985,[debug],turtlebot3,simulation,robot-pose,x=-38.59;y=23.28;yaw=-0.60
38.9833333492,[debug],turtlebot2,simulation,robot-pose,x=-39.51;y=33.84;yaw=0.46
38.9833333492,[debug],turtlebot3,simulation,robot-pose,x=-38.59;y=23.28;yaw=-0.60
38.9833333492,[debug],turtlebot2,simulation,robot-pose,x=-39.51;y=33.84;yaw=0.46
38.9833333492,[debug],turtlebot4,simulation,robot-pose,x=-32.89;y=33.97;yaw=-3.10
38.9833333492,[debug],turtlebot4,simulation,robot-pose,x=-32.89;y=33.97;yaw=-3.10
39.0166666508,[debug],turtlebot5,simulation,robot-pose,x=-20.99;y=18.00;yaw=-1.54
39.0166666508,[debug],turtlebot5,simulation,robot-pose,x=-20.99;y=18.00;yaw=-1.54
50.2833333015,[info],turtlebot3,skill-life-cycle,navigation,(status=RUNNING, parameters=[[-37.0, 25.37, -1.5707963267948966, True], [-37.0, 21.5, 3.141592653589793, True], [-38.0, 21.5, 0.0, False]])
53.2833333015,[debug],turtlebot1,simulation,robot-pose,x=-13.49;y=18.00;yaw=-1.48
53.2999999523,[debug],turtlebot1,simulation,robot-pose,x=-13.49;y=18.00;yaw=-1.48
53.9666666985,[debug],turtlebot2,simulation,robot-pose,x=-39.51;y=33.84;yaw=0.46
53.9666666985,[debug],turtlebot3,simulation,robot-pose,x=-37.42;y=23.37;yaw=0.69
53.9666666985,[debug],turtlebot2,simulation,robot-pose,x=-39.51;y=33.84;yaw=0.46
53.9666666985,[debug],turtlebot3,simulation,robot-pose,x=-37.42;y=23.37;yaw=0.69
53.9833333492,[debug],turtlebot4,simulation,robot-pose,x=-32.89;y=33.97;yaw=-3.10
53.9833333492,[debug],turtlebot4,simulation,robot-pose,x=-32.89;y=33.97;yaw=-3.10
54.0166666508,[debug],turtlebot5,simulation,robot-pose,x=-20.99;y=18.00;yaw=-1.54
54.0166666508,[debug],turtlebot5,simulation,robot-pose,x=-20.99;y=18.00;yaw=-1.54
68.2833333015,[debug],turtlebot1,simulation,robot-pose,x=-13.49;y=18.00;yaw=-1.47
68.3333332539,[debug],turtlebot1,simulation,robot-pose,x=-13.49;y=18.00;yaw=-1.47
68.9666666985,[debug],turtlebot3,simulation,robot-pose,x=-37.16;y=24.93;yaw=2.59
68.9666666985,[debug],turtlebot2,simulation,robot-pose,x=-39.51;y=33.84;yaw=0.46
68.9666666985,[debug],turtlebot3,simulation,robot-pose,x=-37.16;y=24.93;yaw=2.59
68.9666666985,[debug],turtlebot2,simulation,robot-pose,x=-39.51;y=33.84;yaw=0.46
68.9833333492,[debug],turtlebot4,simulation,robot-pose,x=-32.89;y=33.97;yaw=-3.10
68.9833333492,[debug],turtlebot4,simulation,robot-pose,x=-32.89;y=33.97;yaw=-3.10
69.0333333015,[debug],turtlebot5,simulation,robot-pose,x=-20.99;y=18.00;yaw=-1.54
69.0333333015,[debug],turtlebot5,simulation,robot-pose,x=-20.99;y=18.00;yaw=-1.54
74.6333334446,[debug],turtlebot3,move-base-info,Hooray, the base moved arrived,(x=-37;y=25.37)
74.6333334446,[debug],turtlebot3,move-base-info,Hooray, the base moved arrived,(x=-37;y=25.37)
74.7166666985,[debug],turtlebot3,task-update,navigation,way-point-reached,33.33333333333333%
83.2833333015,[debug],turtlebot1,simulation,robot-pose,x=-13.49;y=17.99;yaw=-1.45
83.2999999523,[debug],turtlebot1,simulation,robot-pose,x=-13.49;y=17.99;yaw=-1.45
83.9666666985,[debug],turtlebot2,simulation,robot-pose,x=-39.51;y=33.84;yaw=0.46
83.9666666985,[debug],turtlebot2,simulation,robot-pose,x=-39.51;y=33.84;yaw=0.46
83.9666666985,[debug],turtlebot3,simulation,robot-pose,x=-37.02;y=24.46;yaw=-1.31
83.9666666985,[debug],turtlebot3,simulation,robot-pose,x=-37.02;y=24.46;yaw=-1.31
83.9833333492,[debug],turtlebot4,simulation,robot-pose,x=-32.90;y=33.97;yaw=-3.10
83.9833333492,[debug],turtlebot4,simulation,robot-pose,x=-32.90;y=33.97;yaw=-3.10
84.0166666508,[debug],turtlebot5,simulation,robot-pose,x=-20.99;y=18.00;yaw=-1.54
84.0166666508,[debug],turtlebot5,simulation,robot-pose,x=-20.99;y=18.00;yaw=-1.54
98.2833333015,[debug],turtlebot1,simulation,robot-pose,x=-13.49;y=17.99;yaw=-1.43
98.3166666031,[debug],turtlebot1,simulation,robot-pose,x=-13.49;y=17.99;yaw=-1.43
98.9666666985,[debug],turtlebot2,simulation,robot-pose,x=-39.51;y=33.84;yaw=0.46
98.9666666985,[debug],turtlebot2,simulation,robot-pose,x=-39.51;y=33.84;yaw=0.46
98.9666666985,[debug],turtlebot3,simulation,robot-pose,x=-37.35;y=21.84;yaw=-1.65
98.9666666985,[debug],turtlebot3,simulation,robot-pose,x=-37.35;y=21.84;yaw=-1.65
98.9833333492,[debug],turtlebot4,simulation,robot-pose,x=-32.90;y=33.97;yaw=-3.10
98.9833333492,[debug],turtlebot4,simulation,robot-pose,x=-32.90;y=33.97;yaw=-3.10
99.0166666508,[debug],turtlebot5,simulation,robot-pose,x=-20.99;y=18.00;yaw=-1.54
99.0166666508,[debug],turtlebot5,simulation,robot-pose,x=-20.99;y=18.00;yaw=-1.54
101.299999952,[info],turtlebot3,skill-life-cycle,navigation,(status=RUNNING, parameters=[[-37.0, 25.37, -1.5707963267948966, True], [-37.0, 21.5, 3.141592653589793, True], [-38.0, 21.5, 0.0, False]])
103.200000048,[debug],turtlebot3,move-base-info,Hooray, the base moved arrived,(x=-37;y=21.5)
103.299999952,[debug],turtlebot3,move-base-info,Hooray, the base moved arrived,(x=-37;y=21.5)
103.483333349,[debug],turtlebot3,task-update,navigation,way-point-reached,66.66666666666666%
113.283333302,[debug],turtlebot1,simulation,robot-pose,x=-13.49;y=17.99;yaw=-1.42
113.333333254,[debug],turtlebot1,simulation,robot-pose,x=-13.49;y=17.99;yaw=-1.42
113.966666698,[debug],turtlebot3,simulation,robot-pose,x=-37.62;y=21.78;yaw=-1.19
113.966666698,[debug],turtlebot3,simulation,robot-pose,x=-37.62;y=21.78;yaw=-1.19
113.966666698,[debug],turtlebot2,simulation,robot-pose,x=-39.51;y=33.84;yaw=0.46
113.966666698,[debug],turtlebot2,simulation,robot-pose,x=-39.51;y=33.84;yaw=0.46
113.983333349,[debug],turtlebot4,simulation,robot-pose,x=-32.90;y=33.97;yaw=-3.09
113.983333349,[debug],turtlebot4,simulation,robot-pose,x=-32.90;y=33.97;yaw=-3.09
114.016666651,[debug],turtlebot5,simulation,robot-pose,x=-20.99;y=18.00;yaw=-1.54
114.033333302,[debug],turtlebot5,simulation,robot-pose,x=-20.99;y=18.00;yaw=-1.54
117.366666555,[debug],turtlebot3,move-base-info,Hooray, the base moved arrived,(x=-38;y=21.5)
117.366666555,[debug],turtlebot3,move-base-info,Hooray, the base moved arrived,(x=-38;y=21.5)
117.466666698,[debug],turtlebot3,task-update,navigation,way-point-reached,100.0%
117.566666603,[debug],turtlebot3,available-skills,['send_message', 'wait_message', 'approach_person', 'approach_robot', 'authenticate_person', 'deposit', 'navigation', 'operate_drawer', 'pick_up'],
117.566666603,[info],turtlebot3,skill-life-cycle,approach_person,(status=STARTED, parameters=['nurse'])
117.616666555,[debug],turtlebot3,task-update,approach_person,localize-person,(who=nurse)
117.900000095,[debug],turtlebot3,task-update,approach_person,goto-person,(who=nurse)
117.983333349,[debug],turtlebot3,available-skills,['send_message', 'wait_message', 'approach_person', 'approach_robot', 'authenticate_person', 'deposit', 'navigation', 'operate_drawer', 'pick_up'],
117.983333349,[info],turtlebot3,skill-life-cycle,authenticate_person,(status=STARTED, parameters=['nurse'])
118.033333302,[debug],turtlebot3,task-update,authenticate_person,request-authentication,(to=nurse)
118.033333302,[info],nurse,sync,received-request,(status=sending-request)
118.049999952,[info],nurse,sync,received-request,(status=sending-request)
118.766666651,[debug],turtlebot3,task-update,authenticate_person,received-authentication,(from=nurse)
118.833333254,[debug],turtlebot3,available-skills,['send_message', 'wait_message', 'approach_person', 'approach_robot', 'authenticate_person', 'deposit', 'navigation', 'operate_drawer', 'pick_up'],
118.833333254,[info],turtlebot3,skill-life-cycle,operate_drawer,(status=STARTED, parameters=['open'])
118.883333445,[debug],turtlebot3,task-update,operate_drawer,open
119.849999905,[debug],turtlebot3,available-skills,['send_message', 'wait_message', 'approach_person', 'approach_robot', 'authenticate_person', 'deposit', 'navigation', 'operate_drawer', 'pick_up'],
119.849999905,[info],turtlebot3,skill-life-cycle,send_message,(status=STARTED, parameters=['nurse'])
119.916666746,[info],turtlebot3,sync,send-message,(to=nurse)
120.799999952,[info],nurse,sync,wait-message,(status=message-received)
120.799999952,[info],nurse,sync,wait-message,(status=message-received)
123.466666698,[debug],turtlebot3,available-skills,['send_message', 'wait_message', 'approach_person', 'approach_robot', 'authenticate_person', 'deposit', 'navigation', 'operate_drawer', 'pick_up'],
123.466666698,[info],turtlebot3,skill-life-cycle,wait_message,(status=STARTED, parameters=['r1'])
124.799999952,[info],turtlebot3,sync,wait-message,(status=message-received)
124.883333445,[debug],turtlebot3,available-skills,['send_message', 'wait_message', 'approach_person', 'approach_robot', 'authenticate_person', 'deposit', 'navigation', 'operate_drawer', 'pick_up'],
124.883333445,[info],turtlebot3,skill-life-cycle,operate_drawer,(status=STARTED, parameters=['close'])
124.966666698,[debug],turtlebot3,task-update,operate_drawer,close
125.933333397,[debug],turtlebot3,available-skills,['send_message', 'wait_message', 'approach_person', 'approach_robot', 'authenticate_person', 'deposit', 'navigation', 'operate_drawer', 'pick_up'],
125.933333397,[info],turtlebot3,skill-life-cycle,navigation,(status=STARTED, parameters=[[-37.0, 21.5, -1.5707963267948966, True], [-37.0, 16.0, 0.0, True], [-26.0, 16.0, -1.5707963267948966, True], [-26.0, 13.0, 1.57, False]])
128.283333302,[debug],turtlebot1,simulation,robot-pose,x=-13.49;y=17.98;yaw=-1.40
128.299999952,[debug],turtlebot1,simulation,robot-pose,x=-13.49;y=17.98;yaw=-1.40
128.966666698,[debug],turtlebot2,simulation,robot-pose,x=-39.51;y=33.84;yaw=0.46
128.966666698,[debug],turtlebot2,simulation,robot-pose,x=-39.51;y=33.84;yaw=0.46
128.966666698,[debug],turtlebot3,simulation,robot-pose,x=-37.64;y=21.75;yaw=-0.03
128.966666698,[debug],turtlebot3,simulation,robot-pose,x=-37.64;y=21.75;yaw=-0.03
128.983333349,[debug],turtlebot4,simulation,robot-pose,x=-32.90;y=33.97;yaw=-3.09
128.983333349,[debug],turtlebot4,simulation,robot-pose,x=-32.90;y=33.97;yaw=-3.09
129.016666651,[debug],turtlebot5,simulation,robot-pose,x=-21.00;y=18.00;yaw=-1.54
129.016666651,[debug],turtlebot5,simulation,robot-pose,x=-21.00;y=18.00;yaw=-1.54
130.799999952,[info],nurse,sync,wait-message,(status=message-received)
130.799999952,[info],nurse,sync,wait-message,(status=message-received)
136.466666698,[debug],turtlebot3,move-base-info,Hooray, the base moved arrived,(x=-37;y=21.5)
136.466666698,[debug],turtlebot3,move-base-info,Hooray, the base moved arrived,(x=-37;y=21.5)
136.549999952,[debug],turtlebot3,task-update,navigation,way-point-reached,25.0%
138.033333302,[info],nurse,sync,request-sent,(status=waiting)
138.033333302,[info],nurse,sync,request-sent,(status=waiting)
140.799999952,[info],nurse,sync,wait-message,(status=message-received)
140.799999952,[info],nurse,sync,wait-message,(status=message-received)
143.283333302,[debug],turtlebot1,simulation,robot-pose,x=-13.49;y=17.98;yaw=-1.38
143.316666603,[debug],turtlebot1,simulation,robot-pose,x=-13.49;y=17.98;yaw=-1.38
143.966666698,[debug],turtlebot2,simulation,robot-pose,x=-39.50;y=33.84;yaw=0.46
143.966666698,[debug],turtlebot2,simulation,robot-pose,x=-39.50;y=33.84;yaw=0.46
143.966666698,[debug],turtlebot3,simulation,robot-pose,x=-37.32;y=21.40;yaw=-1.10
143.966666698,[debug],turtlebot3,simulation,robot-pose,x=-37.32;y=21.40;yaw=-1.10
143.983333349,[debug],turtlebot4,simulation,robot-pose,x=-32.90;y=33.97;yaw=-3.09
143.983333349,[debug],turtlebot4,simulation,robot-pose,x=-32.90;y=33.97;yaw=-3.09
144.016666651,[debug],turtlebot5,simulation,robot-pose,x=-21.00;y=18.00;yaw=-1.54
144.016666651,[debug],turtlebot5,simulation,robot-pose,x=-21.00;y=18.00;yaw=-1.54
150.799999952,[info],nurse,sync,wait-message,(status=message-received)
150.799999952,[info],nurse,sync,wait-message,(status=message-received)
154.266666651,[info],turtlebot3,skill-life-cycle,navigation,(status=RUNNING, parameters=[[-37.0, 21.5, -1.5707963267948966, True], [-37.0, 16.0, 0.0, True], [-26.0, 16.0, -1.5707963267948966, True], [-26.0, 13.0, 1.57, False]])
158.283333302,[debug],turtlebot1,simulation,robot-pose,x=-13.48;y=17.98;yaw=-1.36
158.316666603,[debug],turtlebot1,simulation,robot-pose,x=-13.48;y=17.98;yaw=-1.36
158.966666698,[debug],turtlebot3,simulation,robot-pose,x=-37.07;y=19.21;yaw=-1.56
158.966666698,[debug],turtlebot3,simulation,robot-pose,x=-37.07;y=19.21;yaw=-1.56
158.966666698,[debug],turtlebot2,simulation,robot-pose,x=-39.50;y=33.84;yaw=0.46
158.966666698,[debug],turtlebot2,simulation,robot-pose,x=-39.50;y=33.84;yaw=0.46
158.983333349,[debug],turtlebot4,simulation,robot-pose,x=-32.90;y=33.97;yaw=-3.09
158.983333349,[debug],turtlebot4,simulation,robot-pose,x=-32.90;y=33.97;yaw=-3.09
159.016666651,[debug],turtlebot5,simulation,robot-pose,x=-21.00;y=18.00;yaw=-1.54
159.016666651,[debug],turtlebot5,simulation,robot-pose,x=-21.00;y=18.00;yaw=-1.54
173.283333302,[debug],turtlebot1,simulation,robot-pose,x=-13.48;y=17.97;yaw=-1.34
173.316666603,[debug],turtlebot1,simulation,robot-pose,x=-13.48;y=17.97;yaw=-1.34
173.966666698,[debug],turtlebot2,simulation,robot-pose,x=-39.50;y=33.84;yaw=0.46
173.966666698,[debug],turtlebot2,simulation,robot-pose,x=-39.50;y=33.84;yaw=0.46
173.966666698,[debug],turtlebot3,simulation,robot-pose,x=-37.19;y=16.66;yaw=-1.88
173.966666698,[debug],turtlebot3,simulation,robot-pose,x=-37.19;y=16.66;yaw=-1.88
173.983333349,[debug],turtlebot4,simulation,robot-pose,x=-32.90;y=33.97;yaw=-3.09
173.983333349,[debug],turtlebot4,simulation,robot-pose,x=-32.90;y=33.97;yaw=-3.09
174.016666651,[debug],turtlebot5,simulation,robot-pose,x=-21.00;y=18.00;yaw=-1.54
174.016666651,[debug],turtlebot5,simulation,robot-pose,x=-21.00;y=18.00;yaw=-1.54
181.533333302,[debug],turtlebot3,move-base-info,Hooray, the base moved arrived,(x=-37;y=16)
181.533333302,[debug],turtlebot3,move-base-info,Hooray, the base moved arrived,(x=-37;y=16)
181.700000048,[debug],turtlebot3,task-update,navigation,way-point-reached,50.0%
188.283333302,[debug],turtlebot1,simulation,robot-pose,x=-13.48;y=17.97;yaw=-1.32
188.299999952,[debug],turtlebot1,simulation,robot-pose,x=-13.48;y=17.97;yaw=-1.32
188.966666698,[debug],turtlebot3,simulation,robot-pose,x=-37.10;y=16.31;yaw=-0.56
188.966666698,[debug],turtlebot3,simulation,robot-pose,x=-37.10;y=16.31;yaw=-0.56
188.966666698,[debug],turtlebot2,simulation,robot-pose,x=-39.50;y=33.84;yaw=0.46
188.966666698,[debug],turtlebot2,simulation,robot-pose,x=-39.50;y=33.84;yaw=0.46
188.983333349,[debug],turtlebot4,simulation,robot-pose,x=-32.90;y=33.97;yaw=-3.09
188.983333349,[debug],turtlebot4,simulation,robot-pose,x=-32.90;y=33.97;yaw=-3.09
189.016666651,[debug],turtlebot5,simulation,robot-pose,x=-21.00;y=18.00;yaw=-1.54
189.016666651,[debug],turtlebot5,simulation,robot-pose,x=-21.00;y=18.00;yaw=-1.54
203.283333302,[debug],turtlebot1,simulation,robot-pose,x=-13.47;y=17.97;yaw=-1.30
203.283333302,[debug],turtlebot1,simulation,robot-pose,x=-13.47;y=17.97;yaw=-1.30
203.966666698,[debug],turtlebot2,simulation,robot-pose,x=-39.50;y=33.84;yaw=0.46
203.966666698,[debug],turtlebot3,simulation,robot-pose,x=-35.99;y=15.48;yaw=-0.51
203.966666698,[debug],turtlebot2,simulation,robot-pose,x=-39.50;y=33.84;yaw=0.46
203.983333349,[debug],turtlebot3,simulation,robot-pose,x=-35.99;y=15.48;yaw=-0.51
203.983333349,[debug],turtlebot4,simulation,robot-pose,x=-32.90;y=33.97;yaw=-3.09
203.983333349,[debug],turtlebot4,simulation,robot-pose,x=-32.90;y=33.97;yaw=-3.09
204.016666651,[debug],turtlebot5,simulation,robot-pose,x=-21.01;y=18.00;yaw=-1.54
204.016666651,[debug],turtlebot5,simulation,robot-pose,x=-21.01;y=18.00;yaw=-1.54
204.333333254,[info],turtlebot3,skill-life-cycle,navigation,(status=RUNNING, parameters=[[-37.0, 21.5, -1.5707963267948966, True], [-37.0, 16.0, 0.0, True], [-26.0, 16.0, -1.5707963267948966, True], [-26.0, 13.0, 1.57, False]])
218.283333302,[debug],turtlebot1,simulation,robot-pose,x=-13.47;y=17.96;yaw=-1.28
218.299999952,[debug],turtlebot1,simulation,robot-pose,x=-13.47;y=17.96;yaw=-1.28
218.966666698,[debug],turtlebot2,simulation,robot-pose,x=-39.50;y=33.84;yaw=0.46
218.966666698,[debug],turtlebot2,simulation,robot-pose,x=-39.50;y=33.84;yaw=0.46
218.966666698,[debug],turtlebot3,simulation,robot-pose,x=-34.76;y=15.29;yaw=0.02
218.966666698,[debug],turtlebot3,simulation,robot-pose,x=-34.76;y=15.29;yaw=0.02
218.983333349,[debug],turtlebot4,simulation,robot-pose,x=-32.91;y=33.97;yaw=-3.08
218.983333349,[debug],turtlebot4,simulation,robot-pose,x=-32.91;y=33.97;yaw=-3.08
219.016666651,[debug],turtlebot5,simulation,robot-pose,x=-21.01;y=18.00;yaw=-1.54
219.016666651,[debug],turtlebot5,simulation,robot-pose,x=-21.01;y=18.00;yaw=-1.54
233.283333302,[debug],turtlebot1,simulation,robot-pose,x=-13.47;y=17.96;yaw=-1.25
233.316666603,[debug],turtlebot1,simulation,robot-pose,x=-13.47;y=17.96;yaw=-1.25
233.966666698,[debug],turtlebot2,simulation,robot-pose,x=-39.50;y=33.84;yaw=0.46
233.966666698,[debug],turtlebot2,simulation,robot-pose,x=-39.50;y=33.84;yaw=0.46
233.966666698,[debug],turtlebot3,simulation,robot-pose,x=-33.50;y=15.30;yaw=0.01
233.966666698,[debug],turtlebot3,simulation,robot-pose,x=-33.50;y=15.30;yaw=0.01
233.983333349,[debug],turtlebot4,simulation,robot-pose,x=-32.91;y=33.97;yaw=-3.07
233.983333349,[debug],turtlebot4,simulation,robot-pose,x=-32.91;y=33.97;yaw=-3.07
234.016666651,[debug],turtlebot5,simulation,robot-pose,x=-21.01;y=18.00;yaw=-1.54
234.016666651,[debug],turtlebot5,simulation,robot-pose,x=-21.01;y=18.00;yaw=-1.54
248.283333302,[debug],turtlebot1,simulation,robot-pose,x=-13.47;y=17.96;yaw=-1.23
248.299999952,[debug],turtlebot1,simulation,robot-pose,x=-13.47;y=17.96;yaw=-1.23
248.966666698,[debug],turtlebot2,simulation,robot-pose,x=-39.50;y=33.84;yaw=0.46
248.966666698,[debug],turtlebot2,simulation,robot-pose,x=-39.50;y=33.84;yaw=0.46
248.966666698,[debug],turtlebot3,simulation,robot-pose,x=-32.26;y=15.32;yaw=0.01
248.966666698,[debug],turtlebot3,simulation,robot-pose,x=-32.26;y=15.32;yaw=0.01
248.983333349,[debug],turtlebot4,simulation,robot-pose,x=-32.91;y=33.97;yaw=-3.06
248.983333349,[debug],turtlebot4,simulation,robot-pose,x=-32.91;y=33.97;yaw=-3.06
249.016666651,[debug],turtlebot5,simulation,robot-pose,x=-21.02;y=18.00;yaw=-1.54
249.016666651,[debug],turtlebot5,simulation,robot-pose,x=-21.02;y=18.00;yaw=-1.54
253.766666651,[info],turtlebot3,skill-life-cycle,navigation,(status=RUNNING, parameters=[[-37.0, 21.5, -1.5707963267948966, True], [-37.0, 16.0, 0.0, True], [-26.0, 16.0, -1.5707963267948966, True], [-26.0, 13.0, 1.57, False]])
263.283333302,[debug],turtlebot1,simulation,robot-pose,x=-13.46;y=17.95;yaw=-1.21
263.299999952,[debug],turtlebot1,simulation,robot-pose,x=-13.46;y=17.95;yaw=-1.21
263.966666698,[debug],turtlebot3,simulation,robot-pose,x=-31.01;y=15.30;yaw=-0.01
263.966666698,[debug],turtlebot3,simulation,robot-pose,x=-31.01;y=15.30;yaw=-0.01
263.966666698,[debug],turtlebot2,simulation,robot-pose,x=-39.50;y=33.84;yaw=0.46
263.966666698,[debug],turtlebot2,simulation,robot-pose,x=-39.50;y=33.84;yaw=0.46
263.983333349,[debug],turtlebot4,simulation,robot-pose,x=-32.91;y=33.97;yaw=-3.06
263.983333349,[debug],turtlebot4,simulation,robot-pose,x=-32.91;y=33.97;yaw=-3.06
264.016666651,[debug],turtlebot5,simulation,robot-pose,x=-21.02;y=18.00;yaw=-1.54
264.016666651,[debug],turtlebot5,simulation,robot-pose,x=-21.02;y=18.00;yaw=-1.54
278.283333302,[debug],turtlebot1,simulation,robot-pose,x=-13.46;y=17.95;yaw=-1.20
278.316666603,[debug],turtlebot1,simulation,robot-pose,x=-13.46;y=17.95;yaw=-1.20
278.966666698,[debug],turtlebot3,simulation,robot-pose,x=-29.75;y=15.30;yaw=0.01
278.966666698,[debug],turtlebot2,simulation,robot-pose,x=-39.50;y=33.84;yaw=0.46
278.966666698,[debug],turtlebot3,simulation,robot-pose,x=-29.75;y=15.30;yaw=0.01
278.966666698,[debug],turtlebot2,simulation,robot-pose,x=-39.50;y=33.84;yaw=0.46
278.983333349,[debug],turtlebot4,simulation,robot-pose,x=-32.92;y=33.98;yaw=-3.05
278.983333349,[debug],turtlebot4,simulation,robot-pose,x=-32.92;y=33.98;yaw=-3.05
279.016666651,[debug],turtlebot5,simulation,robot-pose,x=-21.03;y=18.00;yaw=-1.54
279.016666651,[debug],turtlebot5,simulation,robot-pose,x=-21.03;y=18.00;yaw=-1.54
293.283333302,[debug],turtlebot1,simulation,robot-pose,x=-13.45;y=17.95;yaw=-1.18
293.333333254,[debug],turtlebot1,simulation,robot-pose,x=-13.45;y=17.95;yaw=-1.18
293.966666698,[debug],turtlebot2,simulation,robot-pose,x=-39.50;y=33.84;yaw=0.46
293.966666698,[debug],turtlebot2,simulation,robot-pose,x=-39.50;y=33.84;yaw=0.46
293.966666698,[debug],turtlebot3,simulation,robot-pose,x=-28.50;y=15.32;yaw=0.21
293.966666698,[debug],turtlebot3,simulation,robot-pose,x=-28.50;y=15.32;yaw=0.21
293.983333349,[debug],turtlebot4,simulation,robot-pose,x=-32.92;y=33.98;yaw=-3.05
293.983333349,[debug],turtlebot4,simulation,robot-pose,x=-32.92;y=33.98;yaw=-3.05
294.016666651,[debug],turtlebot5,simulation,robot-pose,x=-21.03;y=18.00;yaw=-1.54
294.016666651,[debug],turtlebot5,simulation,robot-pose,x=-21.03;y=18.00;yaw=-1.54
302.866666555,[info],turtlebot3,skill-life-cycle,navigation,(status=RUNNING, parameters=[[-37.0, 21.5, -1.5707963267948966, True], [-37.0, 16.0, 0.0, True], [-26.0, 16.0, -1.5707963267948966, True], [-26.0, 13.0, 1.57, False]])
308.283333302,[debug],turtlebot1,simulation,robot-pose,x=-13.45;y=17.94;yaw=-1.16
308.299999952,[debug],turtlebot1,simulation,robot-pose,x=-13.45;y=17.94;yaw=-1.16
308.966666698,[debug],turtlebot2,simulation,robot-pose,x=-39.50;y=33.84;yaw=0.46
308.966666698,[debug],turtlebot2,simulation,robot-pose,x=-39.50;y=33.84;yaw=0.46
308.966666698,[debug],turtlebot3,simulation,robot-pose,x=-27.28;y=15.72;yaw=0.16
308.966666698,[debug],turtlebot3,simulation,robot-pose,x=-27.28;y=15.72;yaw=0.16
308.983333349,[debug],turtlebot4,simulation,robot-pose,x=-32.92;y=33.98;yaw=-3.06
308.983333349,[debug],turtlebot4,simulation,robot-pose,x=-32.92;y=33.98;yaw=-3.06
309.016666651,[debug],turtlebot5,simulation,robot-pose,x=-21.03;y=18.00;yaw=-1.54
309.016666651,[debug],turtlebot5,simulation,robot-pose,x=-21.03;y=18.00;yaw=-1.54
323.283333302,[debug],turtlebot1,simulation,robot-pose,x=-13.45;y=17.94;yaw=-1.14
323.333333254,[debug],turtlebot1,simulation,robot-pose,x=-13.45;y=17.94;yaw=-1.14
323.366666555,[debug],turtlebot3,move-base-info,Hooray, the base moved arrived,(x=-26;y=16)
323.366666555,[debug],turtlebot3,move-base-info,Hooray, the base moved arrived,(x=-26;y=16)
323.450000048,[debug],turtlebot3,task-update,navigation,way-point-reached,75.0%
323.966666698,[debug],turtlebot2,simulation,robot-pose,x=-39.50;y=33.84;yaw=0.46
323.966666698,[debug],turtlebot2,simulation,robot-pose,x=-39.50;y=33.84;yaw=0.46
323.966666698,[debug],turtlebot3,simulation,robot-pose,x=-26.45;y=15.98;yaw=-1.52
323.966666698,[debug],turtlebot3,simulation,robot-pose,x=-26.45;y=15.98;yaw=-1.52
323.983333349,[debug],turtlebot4,simulation,robot-pose,x=-32.92;y=33.98;yaw=-3.06
323.983333349,[debug],turtlebot4,simulation,robot-pose,x=-32.92;y=33.98;yaw=-3.06
324.016666651,[debug],turtlebot5,simulation,robot-pose,x=-21.03;y=18.00;yaw=-1.54
324.016666651,[debug],turtlebot5,simulation,robot-pose,x=-21.03;y=18.00;yaw=-1.54
338.283333302,[debug],turtlebot1,simulation,robot-pose,x=-13.44;y=17.94;yaw=-1.13
338.316666603,[debug],turtlebot1,simulation,robot-pose,x=-13.44;y=17.94;yaw=-1.13
338.966666698,[debug],turtlebot3,simulation,robot-pose,x=-26.16;y=14.53;yaw=-1.57
338.966666698,[debug],turtlebot3,simulation,robot-pose,x=-26.16;y=14.53;yaw=-1.57
338.966666698,[debug],turtlebot2,simulation,robot-pose,x=-39.50;y=33.84;yaw=0.46
338.966666698,[debug],turtlebot2,simulation,robot-pose,x=-39.50;y=33.84;yaw=0.46
338.983333349,[debug],turtlebot4,simulation,robot-pose,x=-32.93;y=33.98;yaw=-3.06
338.983333349,[debug],turtlebot4,simulation,robot-pose,x=-32.93;y=33.98;yaw=-3.06
339.016666651,[debug],turtlebot5,simulation,robot-pose,x=-21.03;y=18.00;yaw=-1.54
339.016666651,[debug],turtlebot5,simulation,robot-pose,x=-21.03;y=18.00;yaw=-1.54
352.166666746,[info],turtlebot3,skill-life-cycle,navigation,(status=RUNNING, parameters=[[-37.0, 21.5, -1.5707963267948966, True], [-37.0, 16.0, 0.0, True], [-26.0, 16.0, -1.5707963267948966, True], [-26.0, 13.0, 1.57, False]])
353.283333302,[debug],turtlebot1,simulation,robot-pose,x=-13.44;y=17.94;yaw=-1.12
353.333333254,[debug],turtlebot1,simulation,robot-pose,x=-13.44;y=17.94;yaw=-1.12
353.966666698,[debug],turtlebot3,simulation,robot-pose,x=-26.13;y=13.47;yaw=-1.48
353.966666698,[debug],turtlebot2,simulation,robot-pose,x=-39.50;y=33.84;yaw=0.46
353.966666698,[debug],turtlebot3,simulation,robot-pose,x=-26.13;y=13.47;yaw=-1.48
353.966666698,[debug],turtlebot2,simulation,robot-pose,x=-39.50;y=33.84;yaw=0.46
353.983333349,[debug],turtlebot4,simulation,robot-pose,x=-32.93;y=33.98;yaw=-3.06
353.983333349,[debug],turtlebot4,simulation,robot-pose,x=-32.93;y=33.98;yaw=-3.06
354.016666651,[debug],turtlebot5,simulation,robot-pose,x=-21.03;y=18.00;yaw=-1.54
354.016666651,[debug],turtlebot5,simulation,robot-pose,x=-21.03;y=18.00;yaw=-1.54
368.283333302,[debug],turtlebot1,simulation,robot-pose,x=-13.44;y=17.94;yaw=-1.12
368.283333302,[debug],turtlebot1,simulation,robot-pose,x=-13.44;y=17.94;yaw=-1.12
368.966666698,[debug],turtlebot2,simulation,robot-pose,x=-39.50;y=33.84;yaw=0.46
368.966666698,[debug],turtlebot2,simulation,robot-pose,x=-39.50;y=33.84;yaw=0.46
368.966666698,[debug],turtlebot3,simulation,robot-pose,x=-26.13;y=13.47;yaw=-1.41
368.966666698,[debug],turtlebot3,simulation,robot-pose,x=-26.13;y=13.47;yaw=-1.41
368.983333349,[debug],turtlebot4,simulation,robot-pose,x=-32.93;y=33.98;yaw=-3.06
368.983333349,[debug],turtlebot4,simulation,robot-pose,x=-32.93;y=33.98;yaw=-3.06
369.016666651,[debug],turtlebot5,simulation,robot-pose,x=-21.03;y=18.00;yaw=-1.54
369.016666651,[debug],turtlebot5,simulation,robot-pose,x=-21.03;y=18.00;yaw=-1.54
376.016666651,[debug],turtlebot3,move-base-info,The base failed to move ,(x=-26;y=13)
376.016666651,[debug],turtlebot3,move-base-info,The base failed to move ,(x=-26;y=13)
376.266666651,[info],turtlebot3,skill-life-cycle,navigation,(status=Status.FAILURE, parameters=[[-37.0, 21.5, -1.5707963267948966, True], [-37.0, 16.0, 0.0, True], [-26.0, 16.0, -1.5707963267948966, True], [-26.0, 13.0, 1.57, False]])
376.266666651,FAILURE
376.349999905,[info],turtlebot3,skill-life-cycle,navigation,(status=Status.FAILURE, parameters=[[-37.0, 21.5, -1.5707963267948966, True], [-37.0, 16.0, 0.0, True], [-26.0, 16.0, -1.5707963267948966, True], [-26.0, 13.0, 1.57, False]])
376.349999905,FAILURE
376.433333397,[info],turtlebot3,skill-life-cycle,navigation,(status=Status.FAILURE, parameters=[[-37.0, 21.5, -1.5707963267948966, True], [-37.0, 16.0, 0.0, True], [-26.0, 16.0, -1.5707963267948966, True], [-26.0, 13.0, 1.57, False]])
376.433333397,FAILURE
376.516666651,[info],turtlebot3,skill-life-cycle,navigation,(status=Status.FAILURE, parameters=[[-37.0, 21.5, -1.5707963267948966, True], [-37.0, 16.0, 0.0, True], [-26.0, 16.0, -1.5707963267948966, True], [-26.0, 13.0, 1.57, False]])
376.516666651,FAILURE
376.599999905,[info],turtlebot3,skill-life-cycle,navigation,(status=Status.FAILURE, parameters=[[-37.0, 21.5, -1.5707963267948966, True], [-37.0, 16.0, 0.0, True], [-26.0, 16.0, -1.5707963267948966, True], [-26.0, 13.0, 1.57, False]])
376.599999905,FAILURE
376.683333397,[info],turtlebot3,skill-life-cycle,navigation,(status=Status.FAILURE, parameters=[[-37.0, 21.5, -1.5707963267948966, True], [-37.0, 16.0, 0.0, True], [-26.0, 16.0, -1.5707963267948966, True], [-26.0, 13.0, 1.57, False]])
376.683333397,FAILURE
376.766666651,[info],turtlebot3,skill-life-cycle,navigation,(status=Status.FAILURE, parameters=[[-37.0, 21.5, -1.5707963267948966, True], [-37.0, 16.0, 0.0, True], [-26.0, 16.0, -1.5707963267948966, True], [-26.0, 13.0, 1.57, False]])
376.783333302,FAILURE
376.849999905,[info],turtlebot3,skill-life-cycle,navigation,(status=Status.FAILURE, parameters=[[-37.0, 21.5, -1.5707963267948966, True], [-37.0, 16.0, 0.0, True], [-26.0, 16.0, -1.5707963267948966, True], [-26.0, 13.0, 1.57, False]])
376.849999905,FAILURE
376.916666746,[info],turtlebot3,skill-life-cycle,navigation,(status=Status.FAILURE, parameters=[[-37.0, 21.5, -1.5707963267948966, True], [-37.0, 16.0, 0.0, True], [-26.0, 16.0, -1.5707963267948966, True], [-26.0, 13.0, 1.57, False]])
376.916666746,FAILURE
377.0,[info],turtlebot3,skill-life-cycle,navigation,(status=Status.FAILURE, parameters=[[-37.0, 21.5, -1.5707963267948966, True], [-37.0, 16.0, 0.0, True], [-26.0, 16.0, -1.5707963267948966, True], [-26.0, 13.0, 1.57, False]])
377.0,FAILURE
377.083333254,[info],turtlebot3,skill-life-cycle,navigation,(status=Status.FAILURE, parameters=[[-37.0, 21.5, -1.5707963267948966, True], [-37.0, 16.0, 0.0, True], [-26.0, 16.0, -1.5707963267948966, True], [-26.0, 13.0, 1.57, False]])
377.083333254,FAILURE
377.150000095,[info],turtlebot3,skill-life-cycle,navigation,(status=Status.FAILURE, parameters=[[-37.0, 21.5, -1.5707963267948966, True], [-37.0, 16.0, 0.0, True], [-26.0, 16.0, -1.5707963267948966, True], [-26.0, 13.0, 1.57, False]])
377.150000095,FAILURE
377.216666698,[info],turtlebot3,skill-life-cycle,navigation,(status=Status.FAILURE, parameters=[[-37.0, 21.5, -1.5707963267948966, True], [-37.0, 16.0, 0.0, True], [-26.0, 16.0, -1.5707963267948966, True], [-26.0, 13.0, 1.57, False]])
377.216666698,FAILURE
383.283333302,[debug],turtlebot1,simulation,robot-pose,x=-13.44;y=17.93;yaw=-1.11
383.283333302,[debug],turtlebot1,simulation,robot-pose,x=-13.44;y=17.93;yaw=-1.11
383.966666698,[debug],turtlebot2,simulation,robot-pose,x=-39.50;y=33.84;yaw=0.46
383.966666698,[debug],turtlebot3,simulation,robot-pose,x=-26.13;y=13.47;yaw=-1.38
383.983333349,[debug],turtlebot4,simulation,robot-pose,x=-32.93;y=33.98;yaw=-3.06
384.016666651,[debug],turtlebot5,simulation,robot-pose,x=-21.03;y=18.00;yaw=-1.54
384.866666555,[debug],turtlebot2,simulation,robot-pose,x=-39.50;y=33.84;yaw=0.46
384.866666555,[debug],turtlebot3,simulation,robot-pose,x=-26.13;y=13.47;yaw=-1.38
384.866666555,[debug],turtlebot4,simulation,robot-pose,x=-32.93;y=33.98;yaw=-3.06
384.866666555,[debug],turtlebot5,simulation,robot-pose,x=-21.03;y=18.00;yaw=-1.54
0.0,[debug],simulation closed,failure-bt,execution-wall-clock=478.51303720474243
