0.00, [DEBUG], logger, ROBOTS_CONFIG=[{"avg_speed": 0.15, "battery_charge": 0.23995139509475963, "battery_discharge_rate": 0.00048000000000000007, "id": 1, "local_plan": null, "location": "PC Room 4", "name": "r1", "position": [-27.23, 18.0, -1.57], "skills": ["approach_person", "approach_robot", "authenticate_person", "navigation"]}, {"avg_speed": 0.15, "battery_charge": 0.634952869577942, "battery_discharge_rate": 0.00054, "id": 2, "local_plan": null, "location": "PC Room 6", "name": "r2", "position": [-19.0, 18.0, -1.57], "skills": ["approach_person", "approach_robot", "authenticate_person", "operate_drawer"]}, {"avg_speed": 0.15, "battery_charge": 0.08039941318304296, "battery_discharge_rate": 0.00036, "id": 3, "local_plan": null, "location": "PC Room 7", "name": "r3", "position": [-13.5, 18.0, -1.57], "skills": ["approach_person", "approach_robot", "authenticate_person", "navigation", "operate_drawer"]}, {"avg_speed": 0.15, "battery_charge": 0.17496190705907763, "battery_discharge_rate": 0.0006000000000000001, "id": 4, "local_plan": null, "location": "IC Room 5", "name": "r4", "position": [-32.88, 33.98, 3.14], "skills": ["approach_person", "approach_robot", "authenticate_person", "navigation", "operate_drawer"]}, {"avg_speed": 0.15, "battery_charge": 0.7179616530181877, "battery_discharge_rate": 0.0002, "id": 5, "local_plan": null, "location": "PC Room 8", "name": "r5", "position": [-11.5, 18.0, -1.57], "skills": ["approach_person", "approach_robot", "authenticate_person", "navigation", "operate_drawer"]}, {"avg_speed": 0.15, "battery_charge": 0.5408465660492595, "battery_discharge_rate": 0.00072, "id": 6, "local_plan": [["navigation", ["IC Room 2", [[-33.9, 18.93, 3.14], [-37.0, 18.93], [-37.0, 21.5], [-38.0, 21.5, 0.0]]], "navto_room"], ["approach_person", ["nurse"], "approach_nurse"], ["authenticate_person", ["nurse"], "authenticate_nurse"], ["operate_drawer", ["open"], "open_drawer_for_nurse"], ["send_message", ["nurse"], "notify_nurse_of_open_drawer_for_nurse_completed"], ["wait_message", ["nurse"], "wait_nurse_to_complete_deposit"], ["operate_drawer", ["close"], "close_drawer_nurse"], ["navigation", ["Laboratory", [[-38.0, 21.5, 0.0], [-37.0, 21.5], [-37.0, 16.0], [-26.0, 16.0], [-26.0, 13.0, 1.57]]], "navto_lab"], ["approach_robot", ["lab_arm"], "approach_arm"], ["operate_drawer", ["open"], "open_drawer_lab"], ["send_message", ["lab_arm"], "notify_lab_arm_of_open_drawer_lab_completed"], ["wait_message", ["lab_arm"], "wait_lab_arm_to_complete_pick_up_sample"], ["operate_drawer", ["close"], "close_drawer_lab"]], "location": "IC Room 6", "name": "r6", "position": [-33.9, 18.93, 3.14], "skills": ["approach_person", "approach_robot", "authenticate_person", "navigation", "operate_drawer"]}]
0.00, [DEBUG], logger, NURSES_CONFIG=[{"location": "IC Room 2", "position": [-39.0, 20.5, 0.0]}]
0.00, [DEBUG], logger, Simulation open
0.00, [DEBUG], logger, subcribing to in the topic /log
1.82, [DEBUG], None, [debug],turtlebot2,move-base-info,Move_base is up and ok....,
1.87, [DEBUG], None, [debug],turtlebot1,move-base-info,Move_base is up and ok....,
1.95, [DEBUG], None, [debug],turtlebot3,move-base-info,Move_base is up and ok....,
1.97, [DEBUG], None, [debug],turtlebot6,move-base-info,Move_base is up and ok....,
2.02, [DEBUG], None, [debug],turtlebot4,move-base-info,Move_base is up and ok....,
2.05, [DEBUG], None, [debug],turtlebot5,move-base-info,Move_base is up and ok....,
7.55, [DEBUG], turtlebot4, {"param_list": [], "skill": "init_robobt", "skill-life-cycle": "SUCCESS", "label": "init_robobt"}
7.77, [DEBUG], turtlebot2, {"param_list": [], "skill": "init_robobt", "skill-life-cycle": "SUCCESS", "label": "init_robobt"}
8.03, [DEBUG], turtlebot5, {"param_list": [], "skill": "init_robobt", "skill-life-cycle": "SUCCESS", "label": "init_robobt"}
8.07, [DEBUG], turtlebot6, {"param_list": [], "skill": "init_robobt", "skill-life-cycle": "SUCCESS", "label": "init_robobt"}
8.08, [DEBUG], turtlebot6, "available-skills=['send_message', 'wait_message', 'approach_person', 'approach_robot', 'authenticate_person', 'navigation', 'operate_drawer']"
8.08, [DEBUG], turtlebot6, {"param_list": ["IC Room 2", [[-37.0, 18.93, 1.5707963267948966, true], [-37.0, 21.5, 3.141592653589793, true], [-38.0, 21.5, 0.0, false]]], "skill": "navigation", "skill-life-cycle": "STARTED", "label": "navto_room"}
8.23, [DEBUG], turtlebot1, {"param_list": [], "skill": "init_robobt", "skill-life-cycle": "SUCCESS", "label": "init_robobt"}
8.25, [DEBUG], turtlebot3, {"param_list": [], "skill": "init_robobt", "skill-life-cycle": "SUCCESS", "label": "init_robobt"}
19.08, [INFO], turtlebot3, {"y": "18.00", "x": "-13.50", "yaw": "-1.50"}
19.08, [INFO], turtlebot3, {"y": "18.00", "x": "-13.50", "yaw": "-1.50"}
19.08, [INFO], turtlebot5, {"y": "17.82", "x": "-11.46", "yaw": "-1.25"}
19.08, [INFO], turtlebot5, {"y": "17.82", "x": "-11.46", "yaw": "-1.25"}
19.08, [INFO], turtlebot1, {"y": "18.02", "x": "-27.23", "yaw": "-1.59"}
19.08, [INFO], turtlebot1, {"y": "18.02", "x": "-27.23", "yaw": "-1.59"}
19.08, [INFO], turtlebot2, {"y": "17.99", "x": "-19.02", "yaw": "-1.38"}
19.08, [INFO], turtlebot2, {"y": "17.99", "x": "-19.02", "yaw": "-1.38"}
19.08, [INFO], turtlebot4, {"y": "33.97", "x": "-32.89", "yaw": "-3.10"}
19.08, [INFO], turtlebot4, {"y": "33.97", "x": "-32.89", "yaw": "-3.10"}
19.10, [INFO], turtlebot6, {"y": "18.42", "x": "-34.20", "yaw": "-2.18"}
19.10, [INFO], turtlebot6, {"y": "18.42", "x": "-34.20", "yaw": "-2.18"}
19.12, [INFO], turtlebot6, {"battery-level": "53.10%"}
19.12, [INFO], turtlebot6, {"battery-level": "53.10%"}
34.08, [INFO], turtlebot1, {"y": "18.02", "x": "-27.23", "yaw": "-1.59"}
34.08, [INFO], turtlebot1, {"y": "18.02", "x": "-27.23", "yaw": "-1.59"}
34.08, [INFO], turtlebot5, {"y": "17.82", "x": "-11.46", "yaw": "-1.25"}
34.08, [INFO], turtlebot5, {"y": "17.82", "x": "-11.46", "yaw": "-1.25"}
34.08, [INFO], turtlebot3, {"y": "18.00", "x": "-13.49", "yaw": "-1.50"}
34.08, [INFO], turtlebot3, {"y": "18.00", "x": "-13.49", "yaw": "-1.50"}
34.08, [INFO], turtlebot2, {"y": "17.99", "x": "-19.01", "yaw": "-1.38"}
34.08, [INFO], turtlebot2, {"y": "17.99", "x": "-19.01", "yaw": "-1.38"}
34.08, [INFO], turtlebot4, {"y": "33.97", "x": "-32.89", "yaw": "-3.10"}
34.08, [INFO], turtlebot4, {"y": "33.97", "x": "-32.89", "yaw": "-3.10"}
34.10, [INFO], turtlebot6, {"y": "17.78", "x": "-35.34", "yaw": "3.11"}
34.10, [INFO], turtlebot6, {"y": "17.78", "x": "-35.34", "yaw": "3.11"}
34.12, [INFO], turtlebot6, {"battery-level": "52.05%"}
34.12, [INFO], turtlebot6, {"battery-level": "52.05%"}
46.40, [DEBUG], turtlebot6, {"param_list": ["IC Room 2", [[-37.0, 18.93, 1.5707963267948966, true], [-37.0, 21.5, 3.141592653589793, true], [-38.0, 21.5, 0.0, false]]], "skill": "navigation", "skill-life-cycle": "RUNNING", "label": "navto_room"}
49.08, [INFO], turtlebot5, {"y": "17.82", "x": "-11.46", "yaw": "-1.25"}
49.08, [INFO], turtlebot5, {"y": "17.82", "x": "-11.46", "yaw": "-1.25"}
49.08, [INFO], turtlebot4, {"y": "33.97", "x": "-32.89", "yaw": "-3.10"}
49.08, [INFO], turtlebot4, {"y": "33.97", "x": "-32.89", "yaw": "-3.10"}
49.08, [INFO], turtlebot3, {"y": "18.00", "x": "-13.49", "yaw": "-1.48"}
49.08, [INFO], turtlebot3, {"y": "18.00", "x": "-13.49", "yaw": "-1.48"}
49.08, [INFO], turtlebot1, {"y": "18.03", "x": "-27.22", "yaw": "-1.58"}
49.08, [INFO], turtlebot1, {"y": "18.03", "x": "-27.22", "yaw": "-1.58"}
49.08, [INFO], turtlebot2, {"y": "17.99", "x": "-19.01", "yaw": "-1.38"}
49.08, [INFO], turtlebot2, {"y": "17.99", "x": "-19.01", "yaw": "-1.38"}
49.10, [INFO], turtlebot6, {"y": "18.39", "x": "-36.50", "yaw": "2.13"}
49.10, [INFO], turtlebot6, {"y": "18.39", "x": "-36.50", "yaw": "2.13"}
49.10, [INFO], turtlebot6, {"battery-level": "51.00%"}
49.10, [INFO], turtlebot6, {"battery-level": "51.00%"}
52.87, [DEBUG], None, [debug],turtlebot6,move-base-info,Hooray, the base moved arrived,(x=-37;y=18.93)
52.87, [DEBUG], None, [debug],turtlebot6,move-base-info,Hooray, the base moved arrived,(x=-37;y=18.93)
52.88, [DEBUG], turtlebot6, {"status": "way-point-reached", "skill": "navigation", "percentage": "33.33%", "goingto": "IC Room 2"}
64.08, [INFO], turtlebot2, {"y": "17.99", "x": "-19.01", "yaw": "-1.38"}
64.08, [INFO], turtlebot2, {"y": "17.99", "x": "-19.01", "yaw": "-1.38"}
64.08, [INFO], turtlebot3, {"y": "18.00", "x": "-13.49", "yaw": "-1.47"}
64.08, [INFO], turtlebot3, {"y": "18.00", "x": "-13.49", "yaw": "-1.47"}
64.08, [INFO], turtlebot1, {"y": "18.03", "x": "-27.22", "yaw": "-1.58"}
64.08, [INFO], turtlebot1, {"y": "18.03", "x": "-27.22", "yaw": "-1.58"}
64.08, [INFO], turtlebot4, {"y": "33.97", "x": "-32.89", "yaw": "-3.10"}
64.08, [INFO], turtlebot4, {"y": "33.97", "x": "-32.89", "yaw": "-3.10"}
64.08, [INFO], turtlebot5, {"y": "17.82", "x": "-11.46", "yaw": "-1.25"}
64.08, [INFO], turtlebot5, {"y": "17.82", "x": "-11.46", "yaw": "-1.25"}
64.10, [INFO], turtlebot6, {"y": "19.79", "x": "-36.67", "yaw": "1.58"}
64.10, [INFO], turtlebot6, {"y": "19.79", "x": "-36.67", "yaw": "1.58"}
64.10, [INFO], turtlebot6, {"battery-level": "49.95%"}
64.12, [INFO], turtlebot6, {"battery-level": "49.95%"}
76.02, [DEBUG], None, [debug],turtlebot6,move-base-info,Hooray, the base moved arrived,(x=-37;y=21.5)
76.02, [DEBUG], None, [debug],turtlebot6,move-base-info,Hooray, the base moved arrived,(x=-37;y=21.5)
76.15, [DEBUG], turtlebot6, {"status": "way-point-reached", "skill": "navigation", "percentage": "66.67%", "goingto": "IC Room 2"}
79.08, [INFO], turtlebot1, {"y": "18.03", "x": "-27.22", "yaw": "-1.58"}
79.08, [INFO], turtlebot1, {"y": "18.03", "x": "-27.22", "yaw": "-1.58"}
79.08, [INFO], turtlebot4, {"y": "33.97", "x": "-32.90", "yaw": "-3.10"}
79.08, [INFO], turtlebot4, {"y": "33.97", "x": "-32.90", "yaw": "-3.10"}
79.08, [INFO], turtlebot2, {"y": "17.99", "x": "-19.01", "yaw": "-1.38"}
79.08, [INFO], turtlebot2, {"y": "17.99", "x": "-19.01", "yaw": "-1.38"}
79.08, [INFO], turtlebot3, {"y": "18.00", "x": "-13.49", "yaw": "-1.46"}
79.08, [INFO], turtlebot3, {"y": "18.00", "x": "-13.49", "yaw": "-1.46"}
79.08, [INFO], turtlebot5, {"y": "17.82", "x": "-11.46", "yaw": "-1.25"}
79.10, [INFO], turtlebot5, {"y": "17.82", "x": "-11.46", "yaw": "-1.25"}
79.10, [INFO], turtlebot6, {"y": "21.08", "x": "-36.78", "yaw": "3.10"}
79.10, [INFO], turtlebot6, {"battery-level": "48.97%"}
79.10, [INFO], turtlebot6, {"y": "21.08", "x": "-36.78", "yaw": "3.10"}
79.10, [INFO], turtlebot6, {"battery-level": "48.97%"}
89.08, [DEBUG], turtlebot6, {"param_list": ["IC Room 2", [[-37.0, 18.93, 1.5707963267948966, true], [-37.0, 21.5, 3.141592653589793, true], [-38.0, 21.5, 0.0, false]]], "skill": "navigation", "skill-life-cycle": "RUNNING", "label": "navto_room"}
94.08, [INFO], turtlebot3, {"y": "17.99", "x": "-13.49", "yaw": "-1.44"}
94.08, [INFO], turtlebot3, {"y": "17.99", "x": "-13.49", "yaw": "-1.44"}
94.08, [INFO], turtlebot5, {"y": "17.82", "x": "-11.46", "yaw": "-1.25"}
94.08, [INFO], turtlebot5, {"y": "17.82", "x": "-11.46", "yaw": "-1.25"}
94.08, [INFO], turtlebot1, {"y": "18.03", "x": "-27.22", "yaw": "-1.58"}
94.08, [INFO], turtlebot1, {"y": "18.03", "x": "-27.22", "yaw": "-1.58"}
94.08, [INFO], turtlebot2, {"y": "17.99", "x": "-19.01", "yaw": "-1.38"}
94.08, [INFO], turtlebot2, {"y": "17.99", "x": "-19.01", "yaw": "-1.38"}
94.08, [INFO], turtlebot4, {"y": "33.97", "x": "-32.90", "yaw": "-3.10"}
94.10, [INFO], turtlebot4, {"y": "33.97", "x": "-32.90", "yaw": "-3.10"}
94.10, [INFO], turtlebot6, {"battery-level": "47.92%"}
94.10, [INFO], turtlebot6, {"battery-level": "47.92%"}
94.10, [INFO], turtlebot6, {"y": "21.46", "x": "-37.58", "yaw": "0.73"}
94.10, [INFO], turtlebot6, {"y": "21.46", "x": "-37.58", "yaw": "0.73"}
96.30, [DEBUG], None, [debug],turtlebot6,move-base-info,Hooray, the base moved arrived,(x=-38;y=21.5)
96.30, [DEBUG], None, [debug],turtlebot6,move-base-info,Hooray, the base moved arrived,(x=-38;y=21.5)
96.40, [DEBUG], turtlebot6, {"status": "way-point-reached", "skill": "navigation", "percentage": "100.00%", "goingto": "IC Room 2"}
96.48, [DEBUG], turtlebot6, {"param_list": ["IC Room 2", [[-37.0, 18.93, 1.5707963267948966, true], [-37.0, 21.5, 3.141592653589793, true], [-38.0, 21.5, 0.0, false]]], "skill": "navigation", "skill-life-cycle": "SUCCESS", "label": "navto_room"}
96.50, [DEBUG], turtlebot6, "available-skills=['send_message', 'wait_message', 'approach_person', 'approach_robot', 'authenticate_person', 'navigation', 'operate_drawer']"
96.50, [DEBUG], turtlebot6, {"param_list": ["nurse"], "skill": "approach_person", "skill-life-cycle": "STARTED", "label": "approach_nurse"}
96.57, [DEBUG], turtlebot6, {"status": "localize-person", "skill": "approach-person", "who": "nurse"}
96.80, [DEBUG], turtlebot6, {"status": "goto-person", "skill": "approach-person", "who": "nurse"}
96.87, [DEBUG], turtlebot6, {"param_list": ["nurse"], "skill": "approach_person", "skill-life-cycle": "SUCCESS", "label": "approach_nurse"}
96.95, [DEBUG], turtlebot6, "available-skills=['send_message', 'wait_message', 'approach_person', 'approach_robot', 'authenticate_person', 'navigation', 'operate_drawer']"
96.95, [DEBUG], turtlebot6, {"param_list": ["nurse"], "skill": "authenticate_person", "skill-life-cycle": "STARTED", "label": "authenticate_nurse"}
97.00, [DEBUG], turtlebot6, {"status": "request-authentication", "to": "nurse", "skill": "authenticate-person"}
97.00, [INFO], nurse, {"status": "message-received", "skill": "athentication-request"}
97.00, [INFO], nurse, {"status": "message-received", "skill": "athentication-request"}
97.63, [DEBUG], turtlebot6, {"status": "received-authentication", "skill": "authenticate-person", "from": "nurse"}
97.72, [DEBUG], turtlebot6, {"param_list": ["nurse"], "skill": "authenticate_person", "skill-life-cycle": "SUCCESS", "label": "authenticate_nurse"}
97.72, [DEBUG], turtlebot6, "available-skills=['send_message', 'wait_message', 'approach_person', 'approach_robot', 'authenticate_person', 'navigation', 'operate_drawer']"
97.72, [DEBUG], turtlebot6, {"param_list": ["open"], "skill": "operate_drawer", "skill-life-cycle": "STARTED", "label": "open_drawer_for_nurse"}
97.77, [DEBUG], turtlebot6, {"status": "task-update", "action": "open", "skill": "operate-drawer"}
98.58, [DEBUG], turtlebot6, {"param_list": ["open"], "skill": "operate_drawer", "skill-life-cycle": "SUCCESS", "label": "open_drawer_for_nurse"}
98.58, [DEBUG], turtlebot6, "available-skills=['send_message', 'wait_message', 'approach_person', 'approach_robot', 'authenticate_person', 'navigation', 'operate_drawer']"
98.58, [DEBUG], turtlebot6, {"param_list": ["nurse"], "skill": "send_message", "skill-life-cycle": "STARTED", "label": "notify_nurse_of_open_drawer_for_nurse_completed"}
98.65, [INFO], turtlebot6, {"to": "nurse", "skill": "send-message"}
99.40, [INFO], nurse, {"status": "message-received", "skill": "wait-message"}
99.40, [INFO], nurse, {"status": "message-received", "skill": "wait-message"}
101.68, [DEBUG], turtlebot6, {"param_list": ["nurse"], "skill": "send_message", "skill-life-cycle": "SUCCESS", "label": "notify_nurse_of_open_drawer_for_nurse_completed"}
101.68, [DEBUG], turtlebot6, "available-skills=['send_message', 'wait_message', 'approach_person', 'approach_robot', 'authenticate_person', 'navigation', 'operate_drawer']"
101.70, [DEBUG], turtlebot6, {"param_list": ["nurse"], "skill": "wait_message", "skill-life-cycle": "STARTED", "label": "wait_nurse_to_complete_deposit"}
103.43, [INFO], turtlebot6, {"status": "message-received", "skill": "wait-message"}
103.52, [DEBUG], turtlebot6, {"param_list": ["nurse"], "skill": "wait_message", "skill-life-cycle": "SUCCESS", "label": "wait_nurse_to_complete_deposit"}
103.52, [DEBUG], turtlebot6, "available-skills=['send_message', 'wait_message', 'approach_person', 'approach_robot', 'authenticate_person', 'navigation', 'operate_drawer']"
103.52, [DEBUG], turtlebot6, {"param_list": ["close"], "skill": "operate_drawer", "skill-life-cycle": "STARTED", "label": "close_drawer_nurse"}
103.58, [DEBUG], turtlebot6, {"status": "task-update", "action": "close", "skill": "operate-drawer"}
104.38, [DEBUG], turtlebot6, {"param_list": ["close"], "skill": "operate_drawer", "skill-life-cycle": "SUCCESS", "label": "close_drawer_nurse"}
104.38, [DEBUG], turtlebot6, "available-skills=['send_message', 'wait_message', 'approach_person', 'approach_robot', 'authenticate_person', 'navigation', 'operate_drawer']"
104.38, [DEBUG], turtlebot6, {"param_list": ["Laboratory", [[-37.0, 21.5, -1.5707963267948966, true], [-37.0, 16.0, 0.0, true], [-26.0, 16.0, -1.5707963267948966, true], [-26.0, 13.0, 1.57, false]]], "skill": "navigation", "skill-life-cycle": "STARTED", "label": "navto_lab"}
109.08, [INFO], turtlebot3, {"y": "17.99", "x": "-13.49", "yaw": "-1.42"}
109.08, [INFO], turtlebot3, {"y": "17.99", "x": "-13.49", "yaw": "-1.42"}
109.08, [INFO], turtlebot4, {"y": "33.97", "x": "-32.90", "yaw": "-3.09"}
109.08, [INFO], turtlebot4, {"y": "33.97", "x": "-32.90", "yaw": "-3.09"}
109.08, [INFO], turtlebot5, {"y": "17.82", "x": "-11.46", "yaw": "-1.25"}
109.08, [INFO], turtlebot5, {"y": "17.82", "x": "-11.46", "yaw": "-1.25"}
109.08, [INFO], turtlebot2, {"y": "17.99", "x": "-19.01", "yaw": "-1.38"}
109.08, [INFO], turtlebot2, {"y": "17.99", "x": "-19.01", "yaw": "-1.38"}
109.08, [INFO], turtlebot1, {"y": "18.03", "x": "-27.22", "yaw": "-1.58"}
109.10, [INFO], turtlebot1, {"y": "18.03", "x": "-27.22", "yaw": "-1.58"}
109.10, [INFO], turtlebot6, {"y": "21.48", "x": "-37.50", "yaw": "0.03"}
109.10, [INFO], turtlebot6, {"y": "21.48", "x": "-37.50", "yaw": "0.03"}
109.12, [INFO], turtlebot6, {"battery-level": "46.80%"}
109.12, [INFO], turtlebot6, {"battery-level": "46.80%"}
109.38, [INFO], nurse, {"status": "message-received", "skill": "wait-message"}
109.38, [INFO], nurse, {"status": "message-received", "skill": "wait-message"}
113.62, [DEBUG], None, [debug],turtlebot6,move-base-info,Hooray, the base moved arrived,(x=-37;y=21.5)
113.62, [DEBUG], None, [debug],turtlebot6,move-base-info,Hooray, the base moved arrived,(x=-37;y=21.5)
113.65, [DEBUG], turtlebot6, {"status": "way-point-reached", "skill": "navigation", "percentage": "25.00%", "goingto": "Laboratory"}
117.00, [INFO], nurse, {"status": "waiting", "skill": "athentication-sent"}
117.00, [INFO], nurse, {"status": "waiting", "skill": "athentication-sent"}
119.38, [INFO], nurse, {"status": "message-received", "skill": "wait-message"}
119.38, [INFO], nurse, {"status": "message-received", "skill": "wait-message"}
124.08, [INFO], turtlebot1, {"y": "18.03", "x": "-27.22", "yaw": "-1.58"}
124.08, [INFO], turtlebot1, {"y": "18.03", "x": "-27.22", "yaw": "-1.58"}
124.08, [INFO], turtlebot4, {"y": "33.97", "x": "-32.90", "yaw": "-3.09"}
124.08, [INFO], turtlebot4, {"y": "33.97", "x": "-32.90", "yaw": "-3.09"}
124.08, [INFO], turtlebot2, {"y": "17.99", "x": "-19.01", "yaw": "-1.38"}
124.08, [INFO], turtlebot2, {"y": "17.99", "x": "-19.01", "yaw": "-1.38"}
124.08, [INFO], turtlebot5, {"y": "17.82", "x": "-11.46", "yaw": "-1.25"}
124.08, [INFO], turtlebot5, {"y": "17.82", "x": "-11.46", "yaw": "-1.25"}
124.08, [INFO], turtlebot3, {"y": "17.99", "x": "-13.49", "yaw": "-1.40"}
124.08, [INFO], turtlebot3, {"y": "17.99", "x": "-13.49", "yaw": "-1.40"}
124.10, [INFO], turtlebot6, {"battery-level": "45.82%"}
124.10, [INFO], turtlebot6, {"battery-level": "45.82%"}
124.12, [INFO], turtlebot6, {"y": "19.94", "x": "-36.78", "yaw": "-1.37"}
124.12, [INFO], turtlebot6, {"y": "19.94", "x": "-36.78", "yaw": "-1.37"}
129.38, [INFO], nurse, {"status": "message-received", "skill": "wait-message"}
129.38, [INFO], nurse, {"status": "message-received", "skill": "wait-message"}
133.38, [DEBUG], turtlebot6, {"param_list": ["Laboratory", [[-37.0, 21.5, -1.5707963267948966, true], [-37.0, 16.0, 0.0, true], [-26.0, 16.0, -1.5707963267948966, true], [-26.0, 13.0, 1.57, false]]], "skill": "navigation", "skill-life-cycle": "RUNNING", "label": "navto_lab"}
139.08, [INFO], turtlebot1, {"y": "18.03", "x": "-27.22", "yaw": "-1.58"}
139.08, [INFO], turtlebot1, {"y": "18.03", "x": "-27.22", "yaw": "-1.58"}
139.08, [INFO], turtlebot5, {"y": "17.82", "x": "-11.46", "yaw": "-1.25"}
139.08, [INFO], turtlebot5, {"y": "17.82", "x": "-11.46", "yaw": "-1.25"}
139.08, [INFO], turtlebot2, {"y": "17.99", "x": "-19.01", "yaw": "-1.38"}
139.08, [INFO], turtlebot2, {"y": "17.99", "x": "-19.01", "yaw": "-1.38"}
139.08, [INFO], turtlebot3, {"y": "17.98", "x": "-13.49", "yaw": "-1.38"}
139.08, [INFO], turtlebot3, {"y": "17.98", "x": "-13.49", "yaw": "-1.38"}
139.08, [INFO], turtlebot4, {"y": "33.97", "x": "-32.90", "yaw": "-3.09"}
139.08, [INFO], turtlebot4, {"y": "33.97", "x": "-32.90", "yaw": "-3.09"}
139.10, [INFO], turtlebot6, {"y": "17.33", "x": "-36.68", "yaw": "-1.60"}
139.10, [INFO], turtlebot6, {"y": "17.33", "x": "-36.68", "yaw": "-1.60"}
139.10, [INFO], turtlebot6, {"battery-level": "44.70%"}
139.10, [INFO], turtlebot6, {"battery-level": "44.70%"}
150.58, [DEBUG], None, [debug],turtlebot6,move-base-info,Hooray, the base moved arrived,(x=-37;y=16)
150.58, [DEBUG], None, [debug],turtlebot6,move-base-info,Hooray, the base moved arrived,(x=-37;y=16)
150.67, [DEBUG], turtlebot6, {"status": "way-point-reached", "skill": "navigation", "percentage": "50.00%", "goingto": "Laboratory"}
154.08, [INFO], turtlebot1, {"y": "18.03", "x": "-27.22", "yaw": "-1.57"}
154.08, [INFO], turtlebot4, {"y": "33.97", "x": "-32.90", "yaw": "-3.09"}
154.08, [INFO], turtlebot1, {"y": "18.03", "x": "-27.22", "yaw": "-1.57"}
154.08, [INFO], turtlebot4, {"y": "33.97", "x": "-32.90", "yaw": "-3.09"}
154.08, [INFO], turtlebot5, {"y": "17.82", "x": "-11.46", "yaw": "-1.25"}
154.08, [INFO], turtlebot5, {"y": "17.82", "x": "-11.46", "yaw": "-1.25"}
154.08, [INFO], turtlebot3, {"y": "17.98", "x": "-13.49", "yaw": "-1.36"}
154.08, [INFO], turtlebot2, {"y": "17.99", "x": "-19.01", "yaw": "-1.38"}
154.08, [INFO], turtlebot3, {"y": "17.98", "x": "-13.49", "yaw": "-1.36"}
154.10, [INFO], turtlebot2, {"y": "17.99", "x": "-19.01", "yaw": "-1.38"}
154.10, [INFO], turtlebot6, {"y": "16.41", "x": "-36.86", "yaw": "-0.04"}
154.10, [INFO], turtlebot6, {"y": "16.41", "x": "-36.86", "yaw": "-0.04"}
154.10, [INFO], turtlebot6, {"battery-level": "43.65%"}
154.12, [INFO], turtlebot6, {"battery-level": "43.65%"}
169.08, [INFO], turtlebot2, {"y": "17.99", "x": "-19.01", "yaw": "-1.38"}
169.08, [INFO], turtlebot2, {"y": "17.99", "x": "-19.01", "yaw": "-1.38"}
169.08, [INFO], turtlebot4, {"y": "33.97", "x": "-32.90", "yaw": "-3.09"}
169.08, [INFO], turtlebot4, {"y": "33.97", "x": "-32.90", "yaw": "-3.09"}
169.08, [INFO], turtlebot3, {"y": "17.98", "x": "-13.48", "yaw": "-1.34"}
169.08, [INFO], turtlebot3, {"y": "17.98", "x": "-13.48", "yaw": "-1.34"}
169.08, [INFO], turtlebot1, {"y": "18.03", "x": "-27.22", "yaw": "-1.57"}
169.08, [INFO], turtlebot1, {"y": "18.03", "x": "-27.22", "yaw": "-1.57"}
169.08, [INFO], turtlebot5, {"y": "17.82", "x": "-11.46", "yaw": "-1.25"}
169.10, [INFO], turtlebot5, {"y": "17.82", "x": "-11.46", "yaw": "-1.25"}
169.10, [INFO], turtlebot6, {"battery-level": "42.67%"}
169.10, [INFO], turtlebot6, {"battery-level": "42.67%"}
169.12, [INFO], turtlebot6, {"y": "15.88", "x": "-26.49", "yaw": "0.24"}
169.12, [INFO], turtlebot6, {"y": "15.88", "x": "-26.49", "yaw": "0.24"}
174.03, [DEBUG], None, [debug],turtlebot6,move-base-info,Hooray, the base moved arrived,(x=-26;y=16)
174.03, [DEBUG], None, [debug],turtlebot6,move-base-info,Hooray, the base moved arrived,(x=-26;y=16)
174.15, [DEBUG], turtlebot6, {"status": "way-point-reached", "skill": "navigation", "percentage": "75.00%", "goingto": "Laboratory"}
175.88, [DEBUG], turtlebot6, {"param_list": ["Laboratory", [[-37.0, 21.5, -1.5707963267948966, true], [-37.0, 16.0, 0.0, true], [-26.0, 16.0, -1.5707963267948966, true], [-26.0, 13.0, 1.57, false]]], "skill": "navigation", "skill-life-cycle": "RUNNING", "label": "navto_lab"}
184.08, [INFO], turtlebot4, {"y": "33.97", "x": "-32.90", "yaw": "-3.09"}
184.08, [INFO], turtlebot4, {"y": "33.97", "x": "-32.90", "yaw": "-3.09"}
184.08, [INFO], turtlebot5, {"y": "17.82", "x": "-11.46", "yaw": "-1.25"}
184.08, [INFO], turtlebot5, {"y": "17.82", "x": "-11.46", "yaw": "-1.25"}
184.08, [INFO], turtlebot1, {"y": "18.03", "x": "-27.22", "yaw": "-1.57"}
184.08, [INFO], turtlebot1, {"y": "18.03", "x": "-27.22", "yaw": "-1.57"}
184.08, [INFO], turtlebot2, {"y": "17.99", "x": "-19.01", "yaw": "-1.38"}
184.08, [INFO], turtlebot2, {"y": "17.99", "x": "-19.01", "yaw": "-1.38"}
184.08, [INFO], turtlebot3, {"y": "17.97", "x": "-13.48", "yaw": "-1.32"}
184.10, [INFO], turtlebot3, {"y": "17.97", "x": "-13.48", "yaw": "-1.32"}
184.12, [INFO], turtlebot6, {"y": "14.53", "x": "-25.92", "yaw": "-1.41"}
184.12, [INFO], turtlebot6, {"y": "14.53", "x": "-25.92", "yaw": "-1.41"}
184.13, [INFO], turtlebot6, {"battery-level": "41.55%"}
184.13, [INFO], turtlebot6, {"battery-level": "41.55%"}
198.25, [DEBUG], None, [debug],turtlebot6,move-base-info,Hooray, the base moved arrived,(x=-26;y=13)
198.30, [DEBUG], None, [debug],turtlebot6,move-base-info,Hooray, the base moved arrived,(x=-26;y=13)
198.48, [DEBUG], turtlebot6, {"status": "way-point-reached", "skill": "navigation", "percentage": "100.00%", "goingto": "Laboratory"}
198.58, [DEBUG], turtlebot6, {"param_list": ["Laboratory", [[-37.0, 21.5, -1.5707963267948966, true], [-37.0, 16.0, 0.0, true], [-26.0, 16.0, -1.5707963267948966, true], [-26.0, 13.0, 1.57, false]]], "skill": "navigation", "skill-life-cycle": "SUCCESS", "label": "navto_lab"}
198.58, [DEBUG], turtlebot6, "available-skills=['send_message', 'wait_message', 'approach_person', 'approach_robot', 'authenticate_person', 'navigation', 'operate_drawer']"
198.58, [DEBUG], turtlebot6, {"param_list": ["lab_arm"], "skill": "approach_robot", "skill-life-cycle": "STARTED", "label": "approach_arm"}
198.65, [DEBUG], turtlebot6, {"status": "localize-robot", "skill": "=approach-robot", "who": "lab_arm"}
198.72, [DEBUG], turtlebot6, {"status": "goto-robot", "skill": "approach-robot", "who": "lab_arm"}
198.80, [DEBUG], turtlebot6, {"param_list": ["lab_arm"], "skill": "approach_robot", "skill-life-cycle": "SUCCESS", "label": "approach_arm"}
198.80, [DEBUG], turtlebot6, "available-skills=['send_message', 'wait_message', 'approach_person', 'approach_robot', 'authenticate_person', 'navigation', 'operate_drawer']"
198.80, [DEBUG], turtlebot6, {"param_list": ["open"], "skill": "operate_drawer", "skill-life-cycle": "STARTED", "label": "open_drawer_lab"}
198.88, [DEBUG], turtlebot6, {"status": "task-update", "action": "open", "skill": "operate-drawer"}
199.08, [INFO], turtlebot2, {"y": "17.99", "x": "-19.01", "yaw": "-1.38"}
199.08, [INFO], turtlebot2, {"y": "17.99", "x": "-19.01", "yaw": "-1.38"}
199.08, [INFO], turtlebot1, {"y": "18.03", "x": "-27.22", "yaw": "-1.57"}
199.08, [INFO], turtlebot1, {"y": "18.03", "x": "-27.22", "yaw": "-1.57"}
199.08, [INFO], turtlebot5, {"y": "17.82", "x": "-11.46", "yaw": "-1.25"}
199.08, [INFO], turtlebot5, {"y": "17.82", "x": "-11.46", "yaw": "-1.25"}
199.08, [INFO], turtlebot3, {"y": "17.97", "x": "-13.48", "yaw": "-1.30"}
199.10, [INFO], turtlebot3, {"y": "17.97", "x": "-13.48", "yaw": "-1.30"}
199.10, [INFO], turtlebot4, {"y": "33.97", "x": "-32.90", "yaw": "-3.09"}
199.10, [INFO], turtlebot4, {"y": "33.97", "x": "-32.90", "yaw": "-3.09"}
199.12, [INFO], turtlebot6, {"battery-level": "40.50%"}
199.12, [INFO], turtlebot6, {"y": "13.41", "x": "-25.94", "yaw": "1.62"}
199.13, [INFO], turtlebot6, {"battery-level": "40.50%"}
199.13, [INFO], turtlebot6, {"y": "13.41", "x": "-25.94", "yaw": "1.62"}
199.68, [DEBUG], turtlebot6, {"param_list": ["open"], "skill": "operate_drawer", "skill-life-cycle": "SUCCESS", "label": "open_drawer_lab"}
199.68, [DEBUG], turtlebot6, "available-skills=['send_message', 'wait_message', 'approach_person', 'approach_robot', 'authenticate_person', 'navigation', 'operate_drawer']"
199.68, [DEBUG], turtlebot6, {"param_list": ["lab_arm"], "skill": "send_message", "skill-life-cycle": "STARTED", "label": "notify_lab_arm_of_open_drawer_lab_completed"}
199.78, [INFO], turtlebot6, {"to": "lab_arm", "skill": "send-message"}
200.50, [INFO], lab_arm, {"status": "sample-received", "skill": "wait-sample"}
200.50, [INFO], lab_arm, {"status": "sample-received", "skill": "wait-sample"}
200.50, [INFO], nurse, {"status": "sample-received", "skill": "wait-sample"}
200.50, [INFO], nurse, {"status": "sample-received", "skill": "wait-sample"}
200.52, [DEBUG], None, ENDSIM
200.52, [DEBUG], None, ENDSIM
200.52, [DEBUG], None, end!
