0.00, [DEBUG], logger, ROBOTS_CONFIG=[{"avg_speed": 0.15, "battery_charge": 0.23995139509475963, "battery_discharge_rate": 0.0006600000000000001, "id": 1, "local_plan": null, "location": "PC Room 4", "name": "r1", "position": [-27.23, 18.0, -1.57], "skills": ["approach_person", "approach_robot", "navigation", "operate_drawer"]}, {"avg_speed": 0.15, "battery_charge": 0.634952869577942, "battery_discharge_rate": 0.00026000000000000003, "id": 2, "local_plan": [["navigation", ["IC Room 2", [[-19.0, 18.0, -1.57], [-19.0, 16.0], [-37.0, 16.0], [-37.0, 21.5], [-38.0, 21.5, 0.0]]], "navto_room"], ["approach_person", ["nurse"], "approach_nurse"], ["authenticate_person", ["nurse"], "authenticate_nurse"], ["operate_drawer", ["open"], "open_drawer_for_nurse"], ["send_message", ["nurse"], "notify_nurse_of_open_drawer_for_nurse_completed"], ["wait_message", ["nurse"], "wait_nurse_to_complete_deposit"], ["operate_drawer", ["close"], "close_drawer_nurse"], ["navigation", ["Laboratory", [[-38.0, 21.5, 0.0], [-37.0, 21.5], [-37.0, 16.0], [-26.0, 16.0], [-26.0, 13.0, 1.57]]], "navto_lab"], ["approach_robot", ["lab_arm"], "approach_arm"], ["operate_drawer", ["open"], "open_drawer_lab"], ["send_message", ["lab_arm"], "notify_lab_arm_of_open_drawer_lab_completed"], ["wait_message", ["lab_arm"], "wait_lab_arm_to_complete_pick_up_sample"], ["operate_drawer", ["close"], "close_drawer_lab"]], "location": "PC Room 6", "name": "r2", "position": [-19.0, 18.0, -1.57], "skills": ["approach_person", "approach_robot", "authenticate_person", "navigation", "operate_drawer"]}, {"avg_speed": 0.15, "battery_charge": 0.08039941318304296, "battery_discharge_rate": 0.00064, "id": 3, "local_plan": null, "location": "PC Room 7", "name": "r3", "position": [-13.5, 18.0, -1.57], "skills": ["approach_person", "approach_robot", "navigation", "operate_drawer"]}, {"avg_speed": 0.15, "battery_charge": 0.17496190705907763, "battery_discharge_rate": 0.0005600000000000001, "id": 4, "local_plan": null, "location": "IC Room 5", "name": "r4", "position": [-32.88, 33.98, 3.14], "skills": ["approach_person", "approach_robot", "authenticate_person", "navigation", "operate_drawer"]}, {"avg_speed": 0.15, "battery_charge": 0.7179616530181877, "battery_discharge_rate": 0.00076, "id": 5, "local_plan": null, "location": "PC Room 8", "name": "r5", "position": [-11.5, 18.0, -1.57], "skills": ["approach_person", "authenticate_person", "navigation", "operate_drawer"]}, {"avg_speed": 0.15, "battery_charge": 0.5408465660492595, "battery_discharge_rate": 0.00038, "id": 6, "local_plan": null, "location": "IC Room 6", "name": "r6", "position": [-33.9, 18.93, 3.14], "skills": ["approach_person", "approach_robot", "navigation", "operate_drawer"]}]
0.00, [DEBUG], logger, NURSES_CONFIG=[{"location": "IC Room 2", "position": [-39.0, 20.5, 0.0]}]
0.00, [DEBUG], logger, Simulation open
0.00, [DEBUG], logger, subcribing to in the topic /log
0.97, [DEBUG], None, [debug],turtlebot1,move-base-info,Move_base is up and ok....,
1.28, [DEBUG], None, [debug],turtlebot5,move-base-info,Move_base is up and ok....,
1.32, [DEBUG], None, [debug],turtlebot3,move-base-info,Move_base is up and ok....,
1.35, [DEBUG], None, [debug],turtlebot6,move-base-info,Move_base is up and ok....,
1.50, [DEBUG], None, [debug],turtlebot4,move-base-info,Move_base is up and ok....,
3.13, [DEBUG], None, [debug],turtlebot2,move-base-info,Move_base is up and ok....,
7.20, [DEBUG], turtlebot5, {"param_list": [], "skill": "init_robobt", "skill-life-cycle": "SUCCESS", "label": "init_robobt"}
7.58, [DEBUG], turtlebot6, {"param_list": [], "skill": "init_robobt", "skill-life-cycle": "RUNNING", "label": "init_robobt"}
8.28, [DEBUG], turtlebot2, {"param_list": [], "skill": "init_robobt", "skill-life-cycle": "RUNNING", "label": "init_robobt"}
8.37, [DEBUG], turtlebot3, {"param_list": [], "skill": "init_robobt", "skill-life-cycle": "RUNNING", "label": "init_robobt"}
8.40, [DEBUG], turtlebot1, {"param_list": [], "skill": "init_robobt", "skill-life-cycle": "RUNNING", "label": "init_robobt"}
8.48, [DEBUG], turtlebot6, {"param_list": [], "skill": "init_robobt", "skill-life-cycle": "SUCCESS", "label": "init_robobt"}
8.58, [DEBUG], turtlebot4, {"param_list": [], "skill": "init_robobt", "skill-life-cycle": "RUNNING", "label": "init_robobt"}
11.65, [DEBUG], turtlebot2, {"param_list": [], "skill": "init_robobt", "skill-life-cycle": "SUCCESS", "label": "init_robobt"}
11.67, [DEBUG], turtlebot2, "available-skills=['send_message', 'wait_message', 'approach_person', 'approach_robot', 'authenticate_person', 'navigation', 'operate_drawer']"
11.68, [DEBUG], turtlebot2, {"param_list": ["IC Room 2", [[-19.0, 16.0, 3.141592653589793, true], [-37.0, 16.0, 1.5707963267948966, true], [-37.0, 21.5, 3.141592653589793, true], [-38.0, 21.5, 0.0, false]]], "skill": "navigation", "skill-life-cycle": "STARTED", "label": "navto_room"}
12.08, [DEBUG], turtlebot3, {"param_list": [], "skill": "init_robobt", "skill-life-cycle": "SUCCESS", "label": "init_robobt"}
12.23, [DEBUG], turtlebot1, {"param_list": [], "skill": "init_robobt", "skill-life-cycle": "SUCCESS", "label": "init_robobt"}
12.80, [DEBUG], turtlebot4, {"param_list": [], "skill": "init_robobt", "skill-life-cycle": "SUCCESS", "label": "init_robobt"}
20.72, [INFO], turtlebot1, {"y": "18.02", "x": "-27.23", "yaw": "-1.59"}
20.72, [INFO], turtlebot1, {"y": "18.02", "x": "-27.23", "yaw": "-1.59"}
20.72, [INFO], turtlebot2, {"y": "17.63", "x": "-19.18", "yaw": "-2.09"}
20.72, [INFO], turtlebot2, {"y": "17.63", "x": "-19.18", "yaw": "-2.09"}
20.73, [INFO], turtlebot2, {"battery-level": "63.11%"}
20.73, [INFO], turtlebot2, {"battery-level": "63.11%"}
20.73, [INFO], turtlebot3, {"y": "18.00", "x": "-13.50", "yaw": "-1.50"}
20.73, [INFO], turtlebot3, {"y": "18.00", "x": "-13.50", "yaw": "-1.50"}
20.75, [INFO], turtlebot6, {"y": "18.79", "x": "-33.83", "yaw": "2.80"}
20.75, [INFO], turtlebot6, {"y": "18.79", "x": "-33.83", "yaw": "2.80"}
20.75, [INFO], turtlebot5, {"y": "17.82", "x": "-11.46", "yaw": "-1.25"}
20.75, [INFO], turtlebot5, {"y": "17.82", "x": "-11.46", "yaw": "-1.25"}
20.77, [INFO], turtlebot4, {"y": "33.97", "x": "-32.89", "yaw": "-3.10"}
20.77, [INFO], turtlebot4, {"y": "33.97", "x": "-32.89", "yaw": "-3.10"}
35.72, [INFO], turtlebot2, {"battery-level": "62.66%"}
35.72, [INFO], turtlebot2, {"y": "17.03", "x": "-19.38", "yaw": "-1.93"}
35.72, [INFO], turtlebot2, {"battery-level": "62.66%"}
35.72, [INFO], turtlebot1, {"y": "18.02", "x": "-27.23", "yaw": "-1.59"}
35.73, [INFO], turtlebot2, {"y": "17.03", "x": "-19.38", "yaw": "-1.93"}
35.73, [INFO], turtlebot3, {"y": "18.00", "x": "-13.49", "yaw": "-1.49"}
35.73, [INFO], turtlebot1, {"y": "18.02", "x": "-27.23", "yaw": "-1.59"}
35.75, [INFO], turtlebot3, {"y": "18.00", "x": "-13.49", "yaw": "-1.49"}
35.75, [INFO], turtlebot6, {"y": "18.78", "x": "-33.84", "yaw": "2.82"}
35.75, [INFO], turtlebot6, {"y": "18.78", "x": "-33.84", "yaw": "2.82"}
35.75, [INFO], turtlebot4, {"y": "33.97", "x": "-32.89", "yaw": "-3.10"}
35.77, [INFO], turtlebot4, {"y": "33.97", "x": "-32.89", "yaw": "-3.10"}
35.77, [INFO], turtlebot5, {"y": "17.82", "x": "-11.46", "yaw": "-1.25"}
35.78, [INFO], turtlebot5, {"y": "17.82", "x": "-11.46", "yaw": "-1.25"}
50.27, [DEBUG], turtlebot2, {"param_list": ["IC Room 2", [[-19.0, 16.0, 3.141592653589793, true], [-37.0, 16.0, 1.5707963267948966, true], [-37.0, 21.5, 3.141592653589793, true], [-38.0, 21.5, 0.0, false]]], "skill": "navigation", "skill-life-cycle": "RUNNING", "label": "navto_room"}
50.72, [INFO], turtlebot1, {"y": "18.03", "x": "-27.22", "yaw": "-1.58"}
50.72, [INFO], turtlebot1, {"y": "18.03", "x": "-27.22", "yaw": "-1.58"}
50.72, [INFO], turtlebot2, {"y": "16.40", "x": "-19.17", "yaw": "-3.09"}
50.72, [INFO], turtlebot2, {"y": "16.40", "x": "-19.17", "yaw": "-3.09"}
50.72, [INFO], turtlebot2, {"battery-level": "62.21%"}
50.73, [INFO], turtlebot2, {"battery-level": "62.21%"}
50.73, [INFO], turtlebot3, {"y": "18.00", "x": "-13.49", "yaw": "-1.48"}
50.73, [INFO], turtlebot3, {"y": "18.00", "x": "-13.49", "yaw": "-1.48"}
50.75, [INFO], turtlebot6, {"y": "18.78", "x": "-33.85", "yaw": "2.84"}
50.75, [INFO], turtlebot6, {"y": "18.78", "x": "-33.85", "yaw": "2.84"}
50.75, [INFO], turtlebot4, {"y": "33.97", "x": "-32.89", "yaw": "-3.10"}
50.75, [INFO], turtlebot4, {"y": "33.97", "x": "-32.89", "yaw": "-3.10"}
50.77, [INFO], turtlebot5, {"y": "17.82", "x": "-11.46", "yaw": "-1.25"}
50.77, [INFO], turtlebot5, {"y": "17.82", "x": "-11.46", "yaw": "-1.25"}
50.77, [DEBUG], None, [debug],turtlebot2,move-base-info,Hooray, the base moved arrived,(x=-19;y=16)
50.78, [DEBUG], None, [debug],turtlebot2,move-base-info,Hooray, the base moved arrived,(x=-19;y=16)
50.83, [DEBUG], turtlebot2, {"status": "way-point-reached", "skill": "navigation", "percentage": "25.00%", "goingto": "IC Room 2"}
65.72, [INFO], turtlebot1, {"y": "18.03", "x": "-27.22", "yaw": "-1.58"}
65.72, [INFO], turtlebot1, {"y": "18.03", "x": "-27.22", "yaw": "-1.58"}
65.72, [INFO], turtlebot2, {"y": "15.97", "x": "-20.44", "yaw": "-3.14"}
65.73, [INFO], turtlebot2, {"y": "15.97", "x": "-20.44", "yaw": "-3.14"}
65.73, [INFO], turtlebot2, {"battery-level": "61.73%"}
65.73, [INFO], turtlebot2, {"battery-level": "61.73%"}
65.73, [INFO], turtlebot3, {"y": "18.00", "x": "-13.49", "yaw": "-1.47"}
65.73, [INFO], turtlebot3, {"y": "18.00", "x": "-13.49", "yaw": "-1.47"}
65.75, [INFO], turtlebot6, {"y": "18.78", "x": "-33.85", "yaw": "2.85"}
65.75, [INFO], turtlebot6, {"y": "18.78", "x": "-33.85", "yaw": "2.85"}
65.75, [INFO], turtlebot4, {"y": "33.97", "x": "-32.89", "yaw": "-3.10"}
65.75, [INFO], turtlebot4, {"y": "33.97", "x": "-32.89", "yaw": "-3.10"}
65.75, [INFO], turtlebot5, {"y": "17.82", "x": "-11.46", "yaw": "-1.25"}
65.75, [INFO], turtlebot5, {"y": "17.82", "x": "-11.46", "yaw": "-1.25"}
80.72, [INFO], turtlebot1, {"y": "18.03", "x": "-27.22", "yaw": "-1.58"}
80.72, [INFO], turtlebot1, {"y": "18.03", "x": "-27.22", "yaw": "-1.58"}
80.72, [INFO], turtlebot2, {"battery-level": "61.31%"}
80.72, [INFO], turtlebot2, {"battery-level": "61.31%"}
80.72, [INFO], turtlebot2, {"y": "15.95", "x": "-22.92", "yaw": "3.12"}
80.73, [INFO], turtlebot2, {"y": "15.95", "x": "-22.92", "yaw": "3.12"}
80.73, [INFO], turtlebot3, {"y": "18.00", "x": "-13.49", "yaw": "-1.46"}
80.73, [INFO], turtlebot3, {"y": "18.00", "x": "-13.49", "yaw": "-1.46"}
80.75, [INFO], turtlebot5, {"y": "17.82", "x": "-11.46", "yaw": "-1.25"}
80.75, [INFO], turtlebot5, {"y": "17.82", "x": "-11.46", "yaw": "-1.25"}
80.75, [INFO], turtlebot4, {"y": "33.97", "x": "-32.90", "yaw": "-3.10"}
80.77, [INFO], turtlebot4, {"y": "33.97", "x": "-32.90", "yaw": "-3.10"}
80.77, [INFO], turtlebot6, {"y": "18.78", "x": "-33.85", "yaw": "2.87"}
80.77, [INFO], turtlebot6, {"y": "18.78", "x": "-33.85", "yaw": "2.87"}
92.88, [DEBUG], turtlebot2, {"param_list": ["IC Room 2", [[-19.0, 16.0, 3.141592653589793, true], [-37.0, 16.0, 1.5707963267948966, true], [-37.0, 21.5, 3.141592653589793, true], [-38.0, 21.5, 0.0, false]]], "skill": "navigation", "skill-life-cycle": "RUNNING", "label": "navto_room"}
95.72, [INFO], turtlebot2, {"y": "15.80", "x": "-25.26", "yaw": "3.10"}
95.72, [INFO], turtlebot2, {"y": "15.80", "x": "-25.26", "yaw": "3.10"}
95.72, [INFO], turtlebot2, {"battery-level": "60.83%"}
95.72, [INFO], turtlebot2, {"battery-level": "60.83%"}
95.72, [INFO], turtlebot1, {"y": "18.03", "x": "-27.22", "yaw": "-1.58"}
95.72, [INFO], turtlebot1, {"y": "18.03", "x": "-27.22", "yaw": "-1.58"}
95.73, [INFO], turtlebot3, {"y": "17.99", "x": "-13.49", "yaw": "-1.44"}
95.73, [INFO], turtlebot3, {"y": "17.99", "x": "-13.49", "yaw": "-1.44"}
95.75, [INFO], turtlebot5, {"y": "17.82", "x": "-11.46", "yaw": "-1.25"}
95.75, [INFO], turtlebot5, {"y": "17.82", "x": "-11.46", "yaw": "-1.25"}
95.75, [INFO], turtlebot4, {"y": "33.97", "x": "-32.90", "yaw": "-3.10"}
95.75, [INFO], turtlebot4, {"y": "33.97", "x": "-32.90", "yaw": "-3.10"}
95.75, [INFO], turtlebot6, {"y": "18.78", "x": "-33.85", "yaw": "2.88"}
95.77, [INFO], turtlebot6, {"y": "18.78", "x": "-33.85", "yaw": "2.88"}
110.72, [INFO], turtlebot2, {"y": "15.83", "x": "-27.79", "yaw": "-3.14"}
110.72, [INFO], turtlebot2, {"y": "15.83", "x": "-27.79", "yaw": "-3.14"}
110.72, [INFO], turtlebot2, {"battery-level": "60.41%"}
110.72, [INFO], turtlebot2, {"battery-level": "60.41%"}
110.72, [INFO], turtlebot1, {"y": "18.03", "x": "-27.22", "yaw": "-1.58"}
110.72, [INFO], turtlebot1, {"y": "18.03", "x": "-27.22", "yaw": "-1.58"}
110.73, [INFO], turtlebot3, {"y": "17.99", "x": "-13.49", "yaw": "-1.42"}
110.73, [INFO], turtlebot3, {"y": "17.99", "x": "-13.49", "yaw": "-1.42"}
110.75, [INFO], turtlebot6, {"y": "18.78", "x": "-33.85", "yaw": "2.90"}
110.77, [INFO], turtlebot6, {"y": "18.78", "x": "-33.85", "yaw": "2.90"}
110.77, [INFO], turtlebot4, {"y": "33.97", "x": "-32.90", "yaw": "-3.09"}
110.77, [INFO], turtlebot4, {"y": "33.97", "x": "-32.90", "yaw": "-3.09"}
110.77, [INFO], turtlebot5, {"y": "17.82", "x": "-11.46", "yaw": "-1.25"}
110.77, [INFO], turtlebot5, {"y": "17.82", "x": "-11.46", "yaw": "-1.25"}
125.72, [INFO], turtlebot1, {"y": "18.03", "x": "-27.22", "yaw": "-1.58"}
125.72, [INFO], turtlebot1, {"y": "18.03", "x": "-27.22", "yaw": "-1.58"}
125.72, [INFO], turtlebot2, {"battery-level": "59.96%"}
125.72, [INFO], turtlebot2, {"battery-level": "59.96%"}
125.72, [INFO], turtlebot2, {"y": "15.84", "x": "-30.30", "yaw": "-3.14"}
125.73, [INFO], turtlebot2, {"y": "15.84", "x": "-30.30", "yaw": "-3.14"}
125.73, [INFO], turtlebot3, {"y": "17.99", "x": "-13.49", "yaw": "-1.40"}
125.73, [INFO], turtlebot3, {"y": "17.99", "x": "-13.49", "yaw": "-1.40"}
125.75, [INFO], turtlebot6, {"y": "18.79", "x": "-33.86", "yaw": "2.93"}
125.75, [INFO], turtlebot6, {"y": "18.79", "x": "-33.86", "yaw": "2.93"}
125.75, [INFO], turtlebot4, {"y": "33.97", "x": "-32.90", "yaw": "-3.09"}
125.75, [INFO], turtlebot4, {"y": "33.97", "x": "-32.90", "yaw": "-3.09"}
125.77, [INFO], turtlebot5, {"y": "17.82", "x": "-11.46", "yaw": "-1.25"}
125.77, [INFO], turtlebot5, {"y": "17.82", "x": "-11.46", "yaw": "-1.25"}
134.72, [DEBUG], turtlebot2, {"param_list": ["IC Room 2", [[-19.0, 16.0, 3.141592653589793, true], [-37.0, 16.0, 1.5707963267948966, true], [-37.0, 21.5, 3.141592653589793, true], [-38.0, 21.5, 0.0, false]]], "skill": "navigation", "skill-life-cycle": "RUNNING", "label": "navto_room"}
140.72, [INFO], turtlebot2, {"y": "15.84", "x": "-32.79", "yaw": "-3.14"}
140.72, [INFO], turtlebot2, {"y": "15.84", "x": "-32.79", "yaw": "-3.14"}
140.72, [INFO], turtlebot1, {"y": "18.03", "x": "-27.22", "yaw": "-1.58"}
140.72, [INFO], turtlebot1, {"y": "18.03", "x": "-27.22", "yaw": "-1.58"}
140.73, [INFO], turtlebot2, {"battery-level": "59.48%"}
140.73, [INFO], turtlebot2, {"battery-level": "59.48%"}
140.73, [INFO], turtlebot3, {"y": "17.98", "x": "-13.49", "yaw": "-1.38"}
140.73, [INFO], turtlebot3, {"y": "17.98", "x": "-13.49", "yaw": "-1.38"}
140.75, [INFO], turtlebot5, {"y": "17.82", "x": "-11.46", "yaw": "-1.25"}
140.75, [INFO], turtlebot4, {"y": "33.97", "x": "-32.90", "yaw": "-3.09"}
140.75, [INFO], turtlebot5, {"y": "17.82", "x": "-11.46", "yaw": "-1.25"}
140.75, [INFO], turtlebot6, {"y": "18.79", "x": "-33.87", "yaw": "2.95"}
140.77, [INFO], turtlebot4, {"y": "33.97", "x": "-32.90", "yaw": "-3.09"}
140.77, [INFO], turtlebot6, {"y": "18.79", "x": "-33.87", "yaw": "2.95"}
155.72, [INFO], turtlebot1, {"y": "18.03", "x": "-27.22", "yaw": "-1.57"}
155.72, [INFO], turtlebot1, {"y": "18.03", "x": "-27.22", "yaw": "-1.57"}
155.73, [INFO], turtlebot2, {"battery-level": "59.06%"}
155.73, [INFO], turtlebot2, {"battery-level": "59.06%"}
155.73, [INFO], turtlebot2, {"y": "16.11", "x": "-35.51", "yaw": "2.69"}
155.73, [INFO], turtlebot2, {"y": "16.11", "x": "-35.51", "yaw": "2.69"}
155.73, [INFO], turtlebot3, {"y": "17.98", "x": "-13.48", "yaw": "-1.36"}
155.73, [INFO], turtlebot3, {"y": "17.98", "x": "-13.48", "yaw": "-1.36"}
155.75, [INFO], turtlebot6, {"y": "18.79", "x": "-33.87", "yaw": "2.98"}
155.75, [INFO], turtlebot6, {"y": "18.79", "x": "-33.87", "yaw": "2.98"}
155.75, [INFO], turtlebot5, {"y": "17.82", "x": "-11.46", "yaw": "-1.25"}
155.75, [INFO], turtlebot5, {"y": "17.82", "x": "-11.46", "yaw": "-1.25"}
155.77, [INFO], turtlebot4, {"y": "33.97", "x": "-32.90", "yaw": "-3.09"}
155.77, [INFO], turtlebot4, {"y": "33.97", "x": "-32.90", "yaw": "-3.09"}
167.08, [DEBUG], None, [debug],turtlebot2,move-base-info,Hooray, the base moved arrived,(x=-37;y=16)
167.08, [DEBUG], None, [debug],turtlebot2,move-base-info,Hooray, the base moved arrived,(x=-37;y=16)
167.20, [DEBUG], turtlebot2, {"status": "way-point-reached", "skill": "navigation", "percentage": "50.00%", "goingto": "IC Room 2"}
170.72, [INFO], turtlebot2, {"battery-level": "58.61%"}
170.72, [INFO], turtlebot2, {"battery-level": "58.61%"}
170.72, [INFO], turtlebot1, {"y": "18.03", "x": "-27.22", "yaw": "-1.57"}
170.72, [INFO], turtlebot1, {"y": "18.03", "x": "-27.22", "yaw": "-1.57"}
170.73, [INFO], turtlebot2, {"y": "16.38", "x": "-36.82", "yaw": "1.62"}
170.73, [INFO], turtlebot2, {"y": "16.38", "x": "-36.82", "yaw": "1.62"}
170.73, [INFO], turtlebot3, {"y": "17.98", "x": "-13.48", "yaw": "-1.34"}
170.73, [INFO], turtlebot3, {"y": "17.98", "x": "-13.48", "yaw": "-1.34"}
170.75, [INFO], turtlebot4, {"y": "33.97", "x": "-32.90", "yaw": "-3.09"}
170.75, [INFO], turtlebot4, {"y": "33.97", "x": "-32.90", "yaw": "-3.09"}
170.75, [INFO], turtlebot5, {"y": "17.82", "x": "-11.46", "yaw": "-1.25"}
170.75, [INFO], turtlebot5, {"y": "17.82", "x": "-11.46", "yaw": "-1.25"}
170.75, [INFO], turtlebot6, {"y": "18.79", "x": "-33.88", "yaw": "3.00"}
170.77, [INFO], turtlebot6, {"y": "18.79", "x": "-33.88", "yaw": "3.00"}
177.48, [DEBUG], turtlebot2, {"param_list": ["IC Room 2", [[-19.0, 16.0, 3.141592653589793, true], [-37.0, 16.0, 1.5707963267948966, true], [-37.0, 21.5, 3.141592653589793, true], [-38.0, 21.5, 0.0, false]]], "skill": "navigation", "skill-life-cycle": "RUNNING", "label": "navto_room"}
182.80, [DEBUG], None, [debug],turtlebot2,move-base-info,Hooray, the base moved arrived,(x=-37;y=21.5)
182.80, [DEBUG], None, [debug],turtlebot2,move-base-info,Hooray, the base moved arrived,(x=-37;y=21.5)
182.88, [DEBUG], turtlebot2, {"status": "way-point-reached", "skill": "navigation", "percentage": "75.00%", "goingto": "IC Room 2"}
185.72, [INFO], turtlebot2, {"battery-level": "58.13%"}
185.72, [INFO], turtlebot2, {"battery-level": "58.13%"}
185.72, [INFO], turtlebot1, {"y": "18.03", "x": "-27.22", "yaw": "-1.57"}
185.72, [INFO], turtlebot1, {"y": "18.03", "x": "-27.22", "yaw": "-1.57"}
185.72, [INFO], turtlebot2, {"y": "21.06", "x": "-36.88", "yaw": "3.10"}
185.73, [INFO], turtlebot2, {"y": "21.06", "x": "-36.88", "yaw": "3.10"}
185.73, [INFO], turtlebot3, {"y": "17.97", "x": "-13.48", "yaw": "-1.32"}
185.73, [INFO], turtlebot3, {"y": "17.97", "x": "-13.48", "yaw": "-1.32"}
185.75, [INFO], turtlebot6, {"y": "18.79", "x": "-33.88", "yaw": "3.00"}
185.75, [INFO], turtlebot5, {"y": "17.82", "x": "-11.46", "yaw": "-1.25"}
185.75, [INFO], turtlebot6, {"y": "18.79", "x": "-33.88", "yaw": "3.00"}
185.77, [INFO], turtlebot4, {"y": "33.97", "x": "-32.90", "yaw": "-3.09"}
185.77, [INFO], turtlebot5, {"y": "17.82", "x": "-11.46", "yaw": "-1.25"}
185.77, [INFO], turtlebot4, {"y": "33.97", "x": "-32.90", "yaw": "-3.09"}
197.22, [DEBUG], None, [debug],turtlebot2,move-base-info,Hooray, the base moved arrived,(x=-38;y=21.5)
197.38, [DEBUG], None, [debug],turtlebot2,move-base-info,Hooray, the base moved arrived,(x=-38;y=21.5)
197.58, [DEBUG], turtlebot2, {"status": "way-point-reached", "skill": "navigation", "percentage": "100.00%", "goingto": "IC Room 2"}
197.65, [DEBUG], turtlebot2, {"param_list": ["IC Room 2", [[-19.0, 16.0, 3.141592653589793, true], [-37.0, 16.0, 1.5707963267948966, true], [-37.0, 21.5, 3.141592653589793, true], [-38.0, 21.5, 0.0, false]]], "skill": "navigation", "skill-life-cycle": "SUCCESS", "label": "navto_room"}
197.67, [DEBUG], turtlebot2, "available-skills=['send_message', 'wait_message', 'approach_person', 'approach_robot', 'authenticate_person', 'navigation', 'operate_drawer']"
197.67, [DEBUG], turtlebot2, {"param_list": ["nurse"], "skill": "approach_person", "skill-life-cycle": "STARTED", "label": "approach_nurse"}
197.72, [DEBUG], turtlebot2, {"status": "localize-person", "skill": "approach-person", "who": "nurse"}
197.78, [DEBUG], turtlebot2, {"status": "goto-person", "skill": "approach-person", "who": "nurse"}
197.87, [DEBUG], turtlebot2, {"param_list": ["nurse"], "skill": "approach_person", "skill-life-cycle": "SUCCESS", "label": "approach_nurse"}
197.87, [DEBUG], turtlebot2, "available-skills=['send_message', 'wait_message', 'approach_person', 'approach_robot', 'authenticate_person', 'navigation', 'operate_drawer']"
197.87, [DEBUG], turtlebot2, {"param_list": ["nurse"], "skill": "authenticate_person", "skill-life-cycle": "STARTED", "label": "authenticate_nurse"}
197.92, [INFO], nurse, {"status": "message-received", "skill": "athentication-request"}
197.92, [DEBUG], turtlebot2, {"status": "request-authentication", "to": "nurse", "skill": "authenticate-person"}
197.93, [INFO], nurse, {"status": "message-received", "skill": "athentication-request"}
198.30, [DEBUG], turtlebot2, {"status": "received-authentication", "skill": "authenticate-person", "from": "nurse"}
198.37, [DEBUG], turtlebot2, {"param_list": ["nurse"], "skill": "authenticate_person", "skill-life-cycle": "SUCCESS", "label": "authenticate_nurse"}
198.37, [DEBUG], turtlebot2, "available-skills=['send_message', 'wait_message', 'approach_person', 'approach_robot', 'authenticate_person', 'navigation', 'operate_drawer']"
198.38, [DEBUG], turtlebot2, {"param_list": ["open"], "skill": "operate_drawer", "skill-life-cycle": "STARTED", "label": "open_drawer_for_nurse"}
198.45, [DEBUG], turtlebot2, {"status": "task-update", "action": "open", "skill": "operate-drawer"}
199.28, [DEBUG], turtlebot2, {"param_list": ["open"], "skill": "operate_drawer", "skill-life-cycle": "SUCCESS", "label": "open_drawer_for_nurse"}
199.28, [DEBUG], turtlebot2, "available-skills=['send_message', 'wait_message', 'approach_person', 'approach_robot', 'authenticate_person', 'navigation', 'operate_drawer']"
199.28, [DEBUG], turtlebot2, {"param_list": ["nurse"], "skill": "send_message", "skill-life-cycle": "STARTED", "label": "notify_nurse_of_open_drawer_for_nurse_completed"}
199.37, [INFO], turtlebot2, {"to": "nurse", "skill": "send-message"}
200.10, [INFO], nurse, {"status": "message-received", "skill": "wait-message"}
200.10, [INFO], nurse, {"status": "message-received", "skill": "wait-message"}
200.72, [INFO], turtlebot2, {"y": "21.34", "x": "-37.64", "yaw": "0.05"}
200.72, [INFO], turtlebot2, {"y": "21.34", "x": "-37.64", "yaw": "0.05"}
200.72, [INFO], turtlebot1, {"y": "18.03", "x": "-27.22", "yaw": "-1.57"}
200.72, [INFO], turtlebot1, {"y": "18.03", "x": "-27.22", "yaw": "-1.57"}
200.73, [INFO], turtlebot2, {"battery-level": "57.68%"}
200.73, [INFO], turtlebot2, {"battery-level": "57.68%"}
200.73, [INFO], turtlebot3, {"y": "17.97", "x": "-13.48", "yaw": "-1.30"}
200.73, [INFO], turtlebot3, {"y": "17.97", "x": "-13.48", "yaw": "-1.30"}
200.75, [INFO], turtlebot6, {"y": "18.79", "x": "-33.88", "yaw": "3.01"}
200.75, [INFO], turtlebot6, {"y": "18.79", "x": "-33.88", "yaw": "3.01"}
200.75, [INFO], turtlebot4, {"y": "33.97", "x": "-32.90", "yaw": "-3.09"}
200.75, [INFO], turtlebot4, {"y": "33.97", "x": "-32.90", "yaw": "-3.09"}
200.75, [INFO], turtlebot5, {"y": "17.82", "x": "-11.46", "yaw": "-1.25"}
200.75, [INFO], turtlebot5, {"y": "17.82", "x": "-11.46", "yaw": "-1.25"}
202.40, [DEBUG], turtlebot2, {"param_list": ["nurse"], "skill": "send_message", "skill-life-cycle": "SUCCESS", "label": "notify_nurse_of_open_drawer_for_nurse_completed"}
202.40, [DEBUG], turtlebot2, "available-skills=['send_message', 'wait_message', 'approach_person', 'approach_robot', 'authenticate_person', 'navigation', 'operate_drawer']"
202.40, [DEBUG], turtlebot2, {"param_list": ["nurse"], "skill": "wait_message", "skill-life-cycle": "STARTED", "label": "wait_nurse_to_complete_deposit"}
204.17, [INFO], turtlebot2, {"status": "message-received", "skill": "wait-message"}
204.23, [DEBUG], turtlebot2, {"param_list": ["nurse"], "skill": "wait_message", "skill-life-cycle": "SUCCESS", "label": "wait_nurse_to_complete_deposit"}
204.23, [DEBUG], turtlebot2, "available-skills=['send_message', 'wait_message', 'approach_person', 'approach_robot', 'authenticate_person', 'navigation', 'operate_drawer']"
204.23, [DEBUG], turtlebot2, {"param_list": ["close"], "skill": "operate_drawer", "skill-life-cycle": "STARTED", "label": "close_drawer_nurse"}
204.30, [DEBUG], turtlebot2, {"status": "task-update", "action": "close", "skill": "operate-drawer"}
205.12, [DEBUG], turtlebot2, {"param_list": ["close"], "skill": "operate_drawer", "skill-life-cycle": "SUCCESS", "label": "close_drawer_nurse"}
205.12, [DEBUG], turtlebot2, "available-skills=['send_message', 'wait_message', 'approach_person', 'approach_robot', 'authenticate_person', 'navigation', 'operate_drawer']"
205.12, [DEBUG], turtlebot2, {"param_list": ["Laboratory", [[-37.0, 21.5, -1.5707963267948966, true], [-37.0, 16.0, 0.0, true], [-26.0, 16.0, -1.5707963267948966, true], [-26.0, 13.0, 1.57, false]]], "skill": "navigation", "skill-life-cycle": "STARTED", "label": "navto_lab"}
210.12, [INFO], nurse, {"status": "message-received", "skill": "wait-message"}
210.12, [INFO], nurse, {"status": "message-received", "skill": "wait-message"}
215.27, [DEBUG], None, [debug],turtlebot2,move-base-info,Hooray, the base moved arrived,(x=-37;y=21.5)
215.38, [DEBUG], None, [debug],turtlebot2,move-base-info,Hooray, the base moved arrived,(x=-37;y=21.5)
215.42, [DEBUG], turtlebot2, {"status": "way-point-reached", "skill": "navigation", "percentage": "25.00%", "goingto": "Laboratory"}
215.72, [INFO], turtlebot2, {"y": "21.40", "x": "-37.42", "yaw": "-1.53"}
215.72, [INFO], turtlebot2, {"battery-level": "57.26%"}
215.72, [INFO], turtlebot2, {"y": "21.40", "x": "-37.42", "yaw": "-1.53"}
215.72, [INFO], turtlebot1, {"y": "18.03", "x": "-27.21", "yaw": "-1.57"}
215.73, [INFO], turtlebot2, {"battery-level": "57.26%"}
215.73, [INFO], turtlebot1, {"y": "18.03", "x": "-27.21", "yaw": "-1.57"}
215.73, [INFO], turtlebot3, {"y": "17.96", "x": "-13.47", "yaw": "-1.28"}
215.73, [INFO], turtlebot3, {"y": "17.96", "x": "-13.47", "yaw": "-1.28"}
215.75, [INFO], turtlebot6, {"y": "18.79", "x": "-33.88", "yaw": "3.01"}
215.75, [INFO], turtlebot4, {"y": "33.97", "x": "-32.91", "yaw": "-3.08"}
215.75, [INFO], turtlebot6, {"y": "18.79", "x": "-33.88", "yaw": "3.01"}
215.75, [INFO], turtlebot5, {"y": "17.82", "x": "-11.46", "yaw": "-1.25"}
215.75, [INFO], turtlebot4, {"y": "33.97", "x": "-32.91", "yaw": "-3.08"}
215.77, [INFO], turtlebot5, {"y": "17.82", "x": "-11.46", "yaw": "-1.25"}
217.92, [INFO], nurse, {"status": "waiting", "skill": "athentication-sent"}
217.92, [INFO], nurse, {"status": "waiting", "skill": "athentication-sent"}
220.10, [INFO], nurse, {"status": "message-received", "skill": "wait-message"}
220.10, [INFO], nurse, {"status": "message-received", "skill": "wait-message"}
222.65, [DEBUG], turtlebot2, {"param_list": ["Laboratory", [[-37.0, 21.5, -1.5707963267948966, true], [-37.0, 16.0, 0.0, true], [-26.0, 16.0, -1.5707963267948966, true], [-26.0, 13.0, 1.57, false]]], "skill": "navigation", "skill-life-cycle": "RUNNING", "label": "navto_lab"}
230.10, [INFO], nurse, {"status": "message-received", "skill": "wait-message"}
230.10, [INFO], nurse, {"status": "message-received", "skill": "wait-message"}
230.72, [INFO], turtlebot2, {"battery-level": "56.81%"}
230.72, [INFO], turtlebot2, {"battery-level": "56.81%"}
230.72, [INFO], turtlebot2, {"y": "20.55", "x": "-36.88", "yaw": "-1.27"}
230.72, [INFO], turtlebot2, {"y": "20.55", "x": "-36.88", "yaw": "-1.27"}
230.72, [INFO], turtlebot1, {"y": "18.03", "x": "-27.21", "yaw": "-1.57"}
230.72, [INFO], turtlebot1, {"y": "18.03", "x": "-27.21", "yaw": "-1.57"}
230.73, [INFO], turtlebot3, {"y": "17.96", "x": "-13.47", "yaw": "-1.26"}
230.73, [INFO], turtlebot3, {"y": "17.96", "x": "-13.47", "yaw": "-1.26"}
230.75, [INFO], turtlebot4, {"y": "33.97", "x": "-32.91", "yaw": "-3.07"}
230.75, [INFO], turtlebot4, {"y": "33.97", "x": "-32.91", "yaw": "-3.07"}
230.75, [INFO], turtlebot5, {"y": "17.82", "x": "-11.46", "yaw": "-1.25"}
230.75, [INFO], turtlebot5, {"y": "17.82", "x": "-11.46", "yaw": "-1.25"}
230.77, [INFO], turtlebot6, {"y": "18.79", "x": "-33.88", "yaw": "3.01"}
230.77, [INFO], turtlebot6, {"y": "18.79", "x": "-33.88", "yaw": "3.01"}
245.72, [INFO], turtlebot2, {"y": "19.31", "x": "-36.70", "yaw": "-1.52"}
245.72, [INFO], turtlebot2, {"y": "19.31", "x": "-36.70", "yaw": "-1.52"}
245.72, [INFO], turtlebot2, {"battery-level": "56.36%"}
245.72, [INFO], turtlebot1, {"y": "18.03", "x": "-27.21", "yaw": "-1.57"}
245.72, [INFO], turtlebot2, {"battery-level": "56.36%"}
245.73, [INFO], turtlebot1, {"y": "18.03", "x": "-27.21", "yaw": "-1.57"}
245.73, [INFO], turtlebot3, {"y": "17.96", "x": "-13.47", "yaw": "-1.24"}
245.73, [INFO], turtlebot3, {"y": "17.96", "x": "-13.47", "yaw": "-1.24"}
245.77, [INFO], turtlebot5, {"y": "17.82", "x": "-11.46", "yaw": "-1.25"}
245.77, [INFO], turtlebot5, {"y": "17.82", "x": "-11.46", "yaw": "-1.25"}
245.77, [INFO], turtlebot4, {"y": "33.97", "x": "-32.91", "yaw": "-3.07"}
245.77, [INFO], turtlebot4, {"y": "33.97", "x": "-32.91", "yaw": "-3.07"}
245.77, [INFO], turtlebot6, {"y": "18.79", "x": "-33.88", "yaw": "3.01"}
245.77, [INFO], turtlebot6, {"y": "18.79", "x": "-33.88", "yaw": "3.01"}
260.72, [INFO], turtlebot2, {"battery-level": "55.91%"}
260.72, [INFO], turtlebot2, {"y": "18.06", "x": "-36.68", "yaw": "-1.57"}
260.72, [INFO], turtlebot2, {"battery-level": "55.91%"}
260.72, [INFO], turtlebot1, {"y": "18.03", "x": "-27.21", "yaw": "-1.57"}
260.73, [INFO], turtlebot2, {"y": "18.06", "x": "-36.68", "yaw": "-1.57"}
260.73, [INFO], turtlebot3, {"y": "17.95", "x": "-13.46", "yaw": "-1.22"}
260.73, [INFO], turtlebot1, {"y": "18.03", "x": "-27.21", "yaw": "-1.57"}
260.75, [INFO], turtlebot3, {"y": "17.95", "x": "-13.46", "yaw": "-1.22"}
260.75, [INFO], turtlebot4, {"y": "33.97", "x": "-32.91", "yaw": "-3.06"}
260.75, [INFO], turtlebot4, {"y": "33.97", "x": "-32.91", "yaw": "-3.06"}
260.75, [INFO], turtlebot6, {"y": "18.79", "x": "-33.88", "yaw": "3.01"}
260.75, [INFO], turtlebot6, {"y": "18.79", "x": "-33.88", "yaw": "3.01"}
260.77, [INFO], turtlebot5, {"y": "17.82", "x": "-11.46", "yaw": "-1.25"}
260.77, [INFO], turtlebot5, {"y": "17.82", "x": "-11.46", "yaw": "-1.25"}
264.32, [DEBUG], turtlebot2, {"param_list": ["Laboratory", [[-37.0, 21.5, -1.5707963267948966, true], [-37.0, 16.0, 0.0, true], [-26.0, 16.0, -1.5707963267948966, true], [-26.0, 13.0, 1.57, false]]], "skill": "navigation", "skill-life-cycle": "RUNNING", "label": "navto_lab"}
275.72, [INFO], turtlebot1, {"y": "18.03", "x": "-27.21", "yaw": "-1.57"}
275.72, [INFO], turtlebot1, {"y": "18.03", "x": "-27.21", "yaw": "-1.57"}
275.72, [INFO], turtlebot2, {"battery-level": "55.46%"}
275.72, [INFO], turtlebot2, {"battery-level": "55.46%"}
275.73, [INFO], turtlebot2, {"y": "16.81", "x": "-36.72", "yaw": "-1.72"}
275.73, [INFO], turtlebot2, {"y": "16.81", "x": "-36.72", "yaw": "-1.72"}
275.73, [INFO], turtlebot3, {"y": "17.95", "x": "-13.46", "yaw": "-1.20"}
275.73, [INFO], turtlebot3, {"y": "17.95", "x": "-13.46", "yaw": "-1.20"}
275.75, [INFO], turtlebot6, {"y": "18.79", "x": "-33.88", "yaw": "3.01"}
275.75, [INFO], turtlebot6, {"y": "18.79", "x": "-33.88", "yaw": "3.01"}
275.77, [INFO], turtlebot4, {"y": "33.98", "x": "-32.91", "yaw": "-3.06"}
275.77, [INFO], turtlebot4, {"y": "33.98", "x": "-32.91", "yaw": "-3.06"}
275.77, [INFO], turtlebot5, {"y": "17.82", "x": "-11.46", "yaw": "-1.25"}
275.77, [INFO], turtlebot5, {"y": "17.82", "x": "-11.46", "yaw": "-1.25"}
285.57, [DEBUG], None, [debug],turtlebot2,move-base-info,Hooray, the base moved arrived,(x=-37;y=16)
285.57, [DEBUG], None, [debug],turtlebot2,move-base-info,Hooray, the base moved arrived,(x=-37;y=16)
285.67, [DEBUG], turtlebot2, {"status": "way-point-reached", "skill": "navigation", "percentage": "50.00%", "goingto": "Laboratory"}
290.72, [INFO], turtlebot2, {"battery-level": "54.98%"}
290.72, [INFO], turtlebot2, {"battery-level": "54.98%"}
290.72, [INFO], turtlebot1, {"y": "18.03", "x": "-27.21", "yaw": "-1.57"}
290.72, [INFO], turtlebot1, {"y": "18.03", "x": "-27.21", "yaw": "-1.57"}
290.72, [INFO], turtlebot2, {"y": "16.40", "x": "-36.77", "yaw": "-0.42"}
290.73, [INFO], turtlebot2, {"y": "16.40", "x": "-36.77", "yaw": "-0.42"}
290.73, [INFO], turtlebot3, {"y": "17.95", "x": "-13.46", "yaw": "-1.18"}
290.73, [INFO], turtlebot3, {"y": "17.95", "x": "-13.46", "yaw": "-1.18"}
290.77, [INFO], turtlebot4, {"y": "33.98", "x": "-32.92", "yaw": "-3.05"}
290.77, [INFO], turtlebot6, {"y": "18.79", "x": "-33.88", "yaw": "3.01"}
290.77, [INFO], turtlebot4, {"y": "33.98", "x": "-32.92", "yaw": "-3.05"}
290.77, [INFO], turtlebot5, {"y": "17.82", "x": "-11.46", "yaw": "-1.25"}
290.77, [INFO], turtlebot6, {"y": "18.79", "x": "-33.88", "yaw": "3.01"}
290.77, [INFO], turtlebot5, {"y": "17.82", "x": "-11.46", "yaw": "-1.25"}
305.72, [INFO], turtlebot2, {"y": "15.66", "x": "-35.25", "yaw": "0.00"}
305.72, [INFO], turtlebot2, {"y": "15.66", "x": "-35.25", "yaw": "0.00"}
305.72, [INFO], turtlebot2, {"battery-level": "54.53%"}
305.72, [INFO], turtlebot2, {"battery-level": "54.53%"}
305.73, [INFO], turtlebot1, {"y": "18.03", "x": "-27.21", "yaw": "-1.57"}
305.73, [INFO], turtlebot1, {"y": "18.03", "x": "-27.21", "yaw": "-1.57"}
305.73, [INFO], turtlebot3, {"y": "17.94", "x": "-13.45", "yaw": "-1.16"}
305.73, [INFO], turtlebot3, {"y": "17.94", "x": "-13.45", "yaw": "-1.16"}
305.75, [INFO], turtlebot6, {"y": "18.79", "x": "-33.88", "yaw": "3.01"}
305.75, [INFO], turtlebot6, {"y": "18.79", "x": "-33.88", "yaw": "3.01"}
305.75, [INFO], turtlebot5, {"y": "17.82", "x": "-11.47", "yaw": "-1.25"}
305.77, [INFO], turtlebot5, {"y": "17.82", "x": "-11.47", "yaw": "-1.25"}
305.77, [INFO], turtlebot4, {"y": "33.98", "x": "-32.92", "yaw": "-3.05"}
305.77, [INFO], turtlebot4, {"y": "33.98", "x": "-32.92", "yaw": "-3.05"}
306.88, [DEBUG], turtlebot2, {"param_list": ["Laboratory", [[-37.0, 21.5, -1.5707963267948966, true], [-37.0, 16.0, 0.0, true], [-26.0, 16.0, -1.5707963267948966, true], [-26.0, 13.0, 1.57, false]]], "skill": "navigation", "skill-life-cycle": "RUNNING", "label": "navto_lab"}
320.72, [INFO], turtlebot2, {"battery-level": "54.11%"}
320.72, [INFO], turtlebot2, {"battery-level": "54.11%"}
320.72, [INFO], turtlebot2, {"y": "15.80", "x": "-32.64", "yaw": "0.39"}
320.72, [INFO], turtlebot2, {"y": "15.80", "x": "-32.64", "yaw": "0.39"}
320.73, [INFO], turtlebot1, {"y": "18.03", "x": "-27.21", "yaw": "-1.56"}
320.73, [INFO], turtlebot1, {"y": "18.03", "x": "-27.21", "yaw": "-1.56"}
320.73, [INFO], turtlebot3, {"y": "17.94", "x": "-13.45", "yaw": "-1.14"}
320.73, [INFO], turtlebot3, {"y": "17.94", "x": "-13.45", "yaw": "-1.14"}
320.75, [INFO], turtlebot4, {"y": "33.98", "x": "-32.92", "yaw": "-3.06"}
320.75, [INFO], turtlebot4, {"y": "33.98", "x": "-32.92", "yaw": "-3.06"}
320.75, [INFO], turtlebot5, {"y": "17.82", "x": "-11.47", "yaw": "-1.25"}
320.77, [INFO], turtlebot5, {"y": "17.82", "x": "-11.47", "yaw": "-1.25"}
320.77, [INFO], turtlebot6, {"y": "18.79", "x": "-33.88", "yaw": "3.01"}
320.77, [INFO], turtlebot6, {"y": "18.79", "x": "-33.88", "yaw": "3.01"}
335.72, [INFO], turtlebot2, {"battery-level": "53.66%"}
335.72, [INFO], turtlebot2, {"battery-level": "53.66%"}
335.72, [INFO], turtlebot1, {"y": "18.02", "x": "-27.21", "yaw": "-1.55"}
335.72, [INFO], turtlebot1, {"y": "18.02", "x": "-27.21", "yaw": "-1.55"}
335.72, [INFO], turtlebot2, {"y": "16.04", "x": "-29.98", "yaw": "0.02"}
335.72, [INFO], turtlebot2, {"y": "16.04", "x": "-29.98", "yaw": "0.02"}
335.73, [INFO], turtlebot3, {"y": "17.94", "x": "-13.44", "yaw": "-1.14"}
335.73, [INFO], turtlebot3, {"y": "17.94", "x": "-13.44", "yaw": "-1.14"}
335.75, [INFO], turtlebot5, {"y": "17.82", "x": "-11.47", "yaw": "-1.25"}
335.75, [INFO], turtlebot5, {"y": "17.82", "x": "-11.47", "yaw": "-1.25"}
335.77, [INFO], turtlebot4, {"y": "33.98", "x": "-32.92", "yaw": "-3.06"}
335.77, [INFO], turtlebot4, {"y": "33.98", "x": "-32.92", "yaw": "-3.06"}
335.77, [INFO], turtlebot6, {"y": "18.79", "x": "-33.88", "yaw": "3.01"}
335.77, [INFO], turtlebot6, {"y": "18.79", "x": "-33.88", "yaw": "3.01"}
348.38, [DEBUG], turtlebot2, {"param_list": ["Laboratory", [[-37.0, 21.5, -1.5707963267948966, true], [-37.0, 16.0, 0.0, true], [-26.0, 16.0, -1.5707963267948966, true], [-26.0, 13.0, 1.57, false]]], "skill": "navigation", "skill-life-cycle": "RUNNING", "label": "navto_lab"}
350.72, [INFO], turtlebot2, {"y": "16.14", "x": "-27.38", "yaw": "-0.03"}
350.72, [INFO], turtlebot2, {"y": "16.14", "x": "-27.38", "yaw": "-0.03"}
350.72, [INFO], turtlebot2, {"battery-level": "53.21%"}
350.72, [INFO], turtlebot2, {"battery-level": "53.21%"}
350.72, [INFO], turtlebot1, {"y": "18.01", "x": "-27.21", "yaw": "-1.54"}
350.73, [INFO], turtlebot1, {"y": "18.01", "x": "-27.21", "yaw": "-1.54"}
350.73, [INFO], turtlebot3, {"y": "17.94", "x": "-13.44", "yaw": "-1.13"}
350.73, [INFO], turtlebot3, {"y": "17.94", "x": "-13.44", "yaw": "-1.13"}
350.75, [INFO], turtlebot6, {"y": "18.79", "x": "-33.88", "yaw": "3.01"}
350.75, [INFO], turtlebot6, {"y": "18.79", "x": "-33.88", "yaw": "3.01"}
350.75, [INFO], turtlebot5, {"y": "17.82", "x": "-11.47", "yaw": "-1.25"}
350.75, [INFO], turtlebot5, {"y": "17.82", "x": "-11.47", "yaw": "-1.25"}
350.75, [INFO], turtlebot4, {"y": "33.98", "x": "-32.93", "yaw": "-3.06"}
350.77, [INFO], turtlebot4, {"y": "33.98", "x": "-32.93", "yaw": "-3.06"}
361.50, [DEBUG], None, [debug],turtlebot2,move-base-info,Hooray, the base moved arrived,(x=-26;y=16)
361.50, [DEBUG], None, [debug],turtlebot2,move-base-info,Hooray, the base moved arrived,(x=-26;y=16)
361.60, [DEBUG], turtlebot2, {"status": "way-point-reached", "skill": "navigation", "percentage": "75.00%", "goingto": "Laboratory"}
365.72, [INFO], turtlebot2, {"y": "16.27", "x": "-26.39", "yaw": "-1.49"}
365.72, [INFO], turtlebot2, {"y": "16.27", "x": "-26.39", "yaw": "-1.49"}
365.72, [INFO], turtlebot2, {"battery-level": "52.76%"}
365.72, [INFO], turtlebot2, {"battery-level": "52.76%"}
365.72, [INFO], turtlebot1, {"y": "18.00", "x": "-27.21", "yaw": "-1.54"}
365.72, [INFO], turtlebot1, {"y": "18.00", "x": "-27.21", "yaw": "-1.54"}
365.73, [INFO], turtlebot3, {"y": "17.94", "x": "-13.44", "yaw": "-1.12"}
365.73, [INFO], turtlebot3, {"y": "17.94", "x": "-13.44", "yaw": "-1.12"}
365.75, [INFO], turtlebot6, {"y": "18.79", "x": "-33.88", "yaw": "3.01"}
365.75, [INFO], turtlebot6, {"y": "18.79", "x": "-33.88", "yaw": "3.01"}
365.75, [INFO], turtlebot5, {"y": "17.82", "x": "-11.47", "yaw": "-1.25"}
365.75, [INFO], turtlebot5, {"y": "17.82", "x": "-11.47", "yaw": "-1.25"}
365.75, [INFO], turtlebot4, {"y": "33.98", "x": "-32.93", "yaw": "-3.06"}
365.77, [INFO], turtlebot4, {"y": "33.98", "x": "-32.93", "yaw": "-3.06"}
380.72, [INFO], turtlebot2, {"battery-level": "52.28%"}
380.72, [INFO], turtlebot2, {"battery-level": "52.28%"}
380.72, [INFO], turtlebot1, {"y": "17.98", "x": "-27.21", "yaw": "-1.54"}
380.73, [INFO], turtlebot1, {"y": "17.98", "x": "-27.21", "yaw": "-1.54"}
380.73, [INFO], turtlebot2, {"y": "15.07", "x": "-25.90", "yaw": "-1.33"}
380.73, [INFO], turtlebot2, {"y": "15.07", "x": "-25.90", "yaw": "-1.33"}
380.73, [INFO], turtlebot3, {"y": "17.93", "x": "-13.44", "yaw": "-1.11"}
380.73, [INFO], turtlebot3, {"y": "17.93", "x": "-13.44", "yaw": "-1.11"}
380.75, [INFO], turtlebot5, {"y": "17.82", "x": "-11.47", "yaw": "-1.25"}
380.75, [INFO], turtlebot5, {"y": "17.82", "x": "-11.47", "yaw": "-1.25"}
380.77, [INFO], turtlebot4, {"y": "33.98", "x": "-32.93", "yaw": "-3.06"}
380.77, [INFO], turtlebot4, {"y": "33.98", "x": "-32.93", "yaw": "-3.06"}
380.77, [INFO], turtlebot6, {"y": "18.79", "x": "-33.88", "yaw": "3.01"}
380.77, [INFO], turtlebot6, {"y": "18.79", "x": "-33.88", "yaw": "3.01"}
390.85, [DEBUG], turtlebot2, {"param_list": ["Laboratory", [[-37.0, 21.5, -1.5707963267948966, true], [-37.0, 16.0, 0.0, true], [-26.0, 16.0, -1.5707963267948966, true], [-26.0, 13.0, 1.57, false]]], "skill": "navigation", "skill-life-cycle": "RUNNING", "label": "navto_lab"}
395.72, [INFO], turtlebot2, {"y": "13.83", "x": "-25.81", "yaw": "-1.62"}
395.72, [INFO], turtlebot2, {"y": "13.83", "x": "-25.81", "yaw": "-1.62"}
395.72, [INFO], turtlebot1, {"y": "17.97", "x": "-27.21", "yaw": "-1.54"}
395.72, [INFO], turtlebot1, {"y": "17.97", "x": "-27.21", "yaw": "-1.54"}
395.72, [INFO], turtlebot2, {"battery-level": "51.86%"}
395.73, [INFO], turtlebot2, {"battery-level": "51.86%"}
395.73, [INFO], turtlebot3, {"y": "17.93", "x": "-13.43", "yaw": "-1.10"}
395.73, [INFO], turtlebot3, {"y": "17.93", "x": "-13.43", "yaw": "-1.10"}
395.75, [INFO], turtlebot4, {"y": "33.98", "x": "-32.93", "yaw": "-3.06"}
395.77, [INFO], turtlebot4, {"y": "33.98", "x": "-32.93", "yaw": "-3.06"}
395.77, [INFO], turtlebot6, {"y": "18.79", "x": "-33.88", "yaw": "3.01"}
395.77, [INFO], turtlebot6, {"y": "18.79", "x": "-33.88", "yaw": "3.01"}
395.77, [INFO], turtlebot5, {"y": "17.82", "x": "-11.47", "yaw": "-1.25"}
395.77, [INFO], turtlebot5, {"y": "17.82", "x": "-11.47", "yaw": "-1.25"}
407.15, [DEBUG], None, [debug],turtlebot2,move-base-info,Hooray, the base moved arrived,(x=-26;y=13)
407.15, [DEBUG], None, [debug],turtlebot2,move-base-info,Hooray, the base moved arrived,(x=-26;y=13)
407.30, [DEBUG], turtlebot2, {"status": "way-point-reached", "skill": "navigation", "percentage": "100.00%", "goingto": "Laboratory"}
407.37, [DEBUG], turtlebot2, {"param_list": ["Laboratory", [[-37.0, 21.5, -1.5707963267948966, true], [-37.0, 16.0, 0.0, true], [-26.0, 16.0, -1.5707963267948966, true], [-26.0, 13.0, 1.57, false]]], "skill": "navigation", "skill-life-cycle": "SUCCESS", "label": "navto_lab"}
407.37, [DEBUG], turtlebot2, "available-skills=['send_message', 'wait_message', 'approach_person', 'approach_robot', 'authenticate_person', 'navigation', 'operate_drawer']"
407.37, [DEBUG], turtlebot2, {"param_list": ["lab_arm"], "skill": "approach_robot", "skill-life-cycle": "STARTED", "label": "approach_arm"}
407.45, [DEBUG], turtlebot2, {"status": "localize-robot", "skill": "=approach-robot", "who": "lab_arm"}
407.53, [DEBUG], turtlebot2, {"status": "goto-robot", "skill": "approach-robot", "who": "lab_arm"}
407.60, [DEBUG], turtlebot2, {"param_list": ["lab_arm"], "skill": "approach_robot", "skill-life-cycle": "SUCCESS", "label": "approach_arm"}
407.60, [DEBUG], turtlebot2, "available-skills=['send_message', 'wait_message', 'approach_person', 'approach_robot', 'authenticate_person', 'navigation', 'operate_drawer']"
407.60, [DEBUG], turtlebot2, {"param_list": ["open"], "skill": "operate_drawer", "skill-life-cycle": "STARTED", "label": "open_drawer_lab"}
407.65, [DEBUG], turtlebot2, {"status": "task-update", "action": "open", "skill": "operate-drawer"}
408.45, [DEBUG], turtlebot2, {"param_list": ["open"], "skill": "operate_drawer", "skill-life-cycle": "SUCCESS", "label": "open_drawer_lab"}
408.45, [DEBUG], turtlebot2, "available-skills=['send_message', 'wait_message', 'approach_person', 'approach_robot', 'authenticate_person', 'navigation', 'operate_drawer']"
408.45, [DEBUG], turtlebot2, {"param_list": ["lab_arm"], "skill": "send_message", "skill-life-cycle": "STARTED", "label": "notify_lab_arm_of_open_drawer_lab_completed"}
408.55, [INFO], turtlebot2, {"to": "lab_arm", "skill": "send-message"}
409.28, [INFO], lab_arm, {"status": "sample-received", "skill": "wait-sample"}
409.28, [INFO], nurse, {"status": "sample-received", "skill": "wait-sample"}
409.28, [DEBUG], None, ENDSIM
409.28, [DEBUG], None, end!
