0.00, [DEBUG], logger, ROBOTS_CONFIG=[{"avg_speed": 0.15, "battery_charge": 0.5914703710515797, "battery_discharge_rate": 0.00068, "id": 1, "local_plan": null, "location": "PC Room 4", "name": "r1", "position": [-27.23, 18.0, -1.57], "skills": ["approach_person", "approach_robot", "authenticate_person", "navigation", "operate_drawer"]}, {"avg_speed": 0.15, "battery_charge": 0.8344531419634984, "battery_discharge_rate": 0.0006000000000000001, "id": 2, "local_plan": null, "location": "PC Room 6", "name": "r2", "position": [-19.0, 18.0, -1.57], "skills": ["approach_person", "approach_robot", "authenticate_person", "navigation", "operate_drawer"]}, {"avg_speed": 0.15, "battery_charge": 0.462681764358839, "battery_discharge_rate": 0.0004, "id": 3, "local_plan": null, "location": "PC Room 7", "name": "r3", "position": [-13.5, 18.0, -1.57], "skills": ["approach_person", "approach_robot", "authenticate_person", "navigation", "operate_drawer"]}, {"avg_speed": 0.15, "battery_charge": 0.6520875066754872, "battery_discharge_rate": 0.00026000000000000003, "id": 4, "local_plan": null, "location": "IC Room 5", "name": "r4", "position": [-32.88, 33.98, 3.14], "skills": ["approach_person", "approach_robot", "authenticate_person", "navigation", "operate_drawer"]}, {"avg_speed": 0.15, "battery_charge": 0.2817995261312799, "battery_discharge_rate": 0.00042, "id": 5, "local_plan": null, "location": "PC Room 8", "name": "r5", "position": [-11.5, 18.0, -1.57], "skills": ["approach_person", "approach_robot", "authenticate_person", "navigation", "operate_drawer"]}, {"avg_speed": 0.15, "battery_charge": 0.5080169438370433, "battery_discharge_rate": 0.0005200000000000001, "id": 6, "local_plan": [["navigation", ["IC Room 2", [[-33.9, 18.93, 3.14], [-37.0, 18.93], [-37.0, 21.5], [-38.0, 21.5, 0.0]]], "navto_room"], ["approach_person", ["nurse"], "approach_nurse"], ["authenticate_person", ["nurse"], "authenticate_nurse"], ["operate_drawer", ["open"], "open_drawer_for_nurse"], ["send_message", ["nurse"], "notify_nurse_of_open_drawer_for_nurse_completed"], ["wait_message", ["nurse"], "wait_nurse_to_complete_deposit"], ["operate_drawer", ["close"], "close_drawer_nurse"], ["navigation", ["Laboratory", [[-38.0, 21.5, 0.0], [-37.0, 21.5], [-37.0, 16.0], [-26.0, 16.0], [-26.0, 13.0, 1.57]]], "navto_lab"], ["approach_robot", ["lab_arm"], "approach_arm"], ["operate_drawer", ["open"], "open_drawer_lab"], ["send_message", ["lab_arm"], "notify_lab_arm_of_open_drawer_lab_completed"], ["wait_message", ["lab_arm"], "wait_lab_arm_to_complete_pick_up_sample"], ["operate_drawer", ["close"], "close_drawer_lab"]], "location": "IC Room 6", "name": "r6", "position": [-33.9, 18.93, 3.14], "skills": ["approach_person", "approach_robot", "authenticate_person", "navigation", "operate_drawer"]}]
0.00, [DEBUG], logger, NURSES_CONFIG=[{"location": "IC Room 2", "position": [-39.0, 20.5, 0.0]}]
0.00, [DEBUG], logger, Simulation open
0.00, [DEBUG], logger, subcribing to in the topic /log
5.12, [DEBUG], None, [debug],turtlebot3,move-base-info,Move_base is up and ok....,
5.72, [DEBUG], None, [debug],turtlebot2,move-base-info,Move_base is up and ok....,
5.88, [DEBUG], None, [debug],turtlebot4,move-base-info,Move_base is up and ok....,
5.90, [DEBUG], None, [debug],turtlebot6,move-base-info,Move_base is up and ok....,
6.00, [DEBUG], None, [debug],turtlebot1,move-base-info,Move_base is up and ok....,
6.13, [DEBUG], None, [debug],turtlebot5,move-base-info,Move_base is up and ok....,
8.58, [INFO], turtlebot1, {"y": "18.02", "x": "-27.23", "yaw": "-1.59"}
8.60, [INFO], turtlebot4, {"y": "33.97", "x": "-32.89", "yaw": "-3.10"}
8.60, [INFO], turtlebot3, {"y": "18.01", "x": "-13.50", "yaw": "-1.51"}
8.62, [INFO], turtlebot2, {"y": "17.99", "x": "-19.02", "yaw": "-1.38"}
8.62, [INFO], turtlebot6, {"y": "18.79", "x": "-33.83", "yaw": "2.78"}
8.62, [INFO], turtlebot5, {"y": "17.82", "x": "-11.46", "yaw": "-1.25"}
8.62, [INFO], turtlebot6, {"battery-level": "50.10%"}
9.05, [DEBUG], turtlebot2, {"param_list": [], "skill": "init_robobt", "skill-life-cycle": "RUNNING", "label": "init_robobt"}
9.78, [DEBUG], turtlebot1, {"param_list": [], "skill": "init_robobt", "skill-life-cycle": "RUNNING", "label": "init_robobt"}
9.80, [DEBUG], turtlebot6, {"param_list": [], "skill": "init_robobt", "skill-life-cycle": "RUNNING", "label": "init_robobt"}
9.80, [DEBUG], turtlebot3, {"param_list": [], "skill": "init_robobt", "skill-life-cycle": "RUNNING", "label": "init_robobt"}
10.90, [DEBUG], turtlebot5, {"param_list": [], "skill": "init_robobt", "skill-life-cycle": "SUCCESS", "label": "init_robobt"}
12.53, [DEBUG], turtlebot4, {"param_list": [], "skill": "init_robobt", "skill-life-cycle": "SUCCESS", "label": "init_robobt"}
12.72, [DEBUG], turtlebot2, {"param_list": [], "skill": "init_robobt", "skill-life-cycle": "SUCCESS", "label": "init_robobt"}
13.25, [DEBUG], turtlebot3, {"param_list": [], "skill": "init_robobt", "skill-life-cycle": "SUCCESS", "label": "init_robobt"}
13.40, [DEBUG], turtlebot6, {"param_list": [], "skill": "init_robobt", "skill-life-cycle": "SUCCESS", "label": "init_robobt"}
13.40, [DEBUG], turtlebot6, "available-skills=['send_message', 'wait_message', 'approach_person', 'approach_robot', 'authenticate_person', 'navigation', 'operate_drawer']"
13.40, [DEBUG], turtlebot6, {"param_list": ["IC Room 2", [[-37.0, 18.93, 1.5707963267948966, true], [-37.0, 21.5, 3.141592653589793, true], [-38.0, 21.5, 0.0, false]]], "skill": "navigation", "skill-life-cycle": "STARTED", "label": "navto_room"}
13.42, [DEBUG], turtlebot1, {"param_list": [], "skill": "init_robobt", "skill-life-cycle": "SUCCESS", "label": "init_robobt"}
17.65, [INFO], turtlebot1, {"y": "18.02", "x": "-27.23", "yaw": "-1.59"}
17.68, [INFO], turtlebot4, {"y": "33.97", "x": "-32.89", "yaw": "-3.10"}
17.68, [INFO], turtlebot3, {"y": "18.00", "x": "-13.50", "yaw": "-1.50"}
17.70, [INFO], turtlebot2, {"y": "17.99", "x": "-19.02", "yaw": "-1.38"}
17.72, [INFO], turtlebot5, {"y": "17.82", "x": "-11.46", "yaw": "-1.25"}
17.72, [INFO], turtlebot6, {"y": "18.79", "x": "-33.83", "yaw": "2.80"}
17.72, [INFO], turtlebot6, {"battery-level": "49.35%"}
17.80, [INFO], turtlebot1, {"y": "18.02", "x": "-27.23", "yaw": "-1.59"}
17.80, [INFO], turtlebot4, {"y": "33.97", "x": "-32.89", "yaw": "-3.10"}
17.80, [INFO], turtlebot3, {"y": "18.00", "x": "-13.50", "yaw": "-1.50"}
17.80, [INFO], turtlebot2, {"y": "17.99", "x": "-19.02", "yaw": "-1.38"}
17.82, [INFO], turtlebot5, {"y": "17.82", "x": "-11.46", "yaw": "-1.25"}
17.82, [INFO], turtlebot6, {"y": "18.79", "x": "-33.83", "yaw": "2.80"}
17.82, [INFO], turtlebot6, {"battery-level": "49.35%"}
28.80, [INFO], turtlebot1, {"y": "18.02", "x": "-27.23", "yaw": "-1.59"}
28.80, [INFO], turtlebot1, {"y": "18.02", "x": "-27.23", "yaw": "-1.59"}
28.82, [INFO], turtlebot4, {"y": "33.97", "x": "-32.89", "yaw": "-3.10"}
28.82, [INFO], turtlebot4, {"y": "33.97", "x": "-32.89", "yaw": "-3.10"}
28.83, [INFO], turtlebot3, {"y": "18.00", "x": "-13.50", "yaw": "-1.50"}
28.83, [INFO], turtlebot3, {"y": "18.00", "x": "-13.50", "yaw": "-1.50"}
28.87, [INFO], turtlebot2, {"y": "17.99", "x": "-19.01", "yaw": "-1.38"}
28.87, [INFO], turtlebot2, {"y": "17.99", "x": "-19.01", "yaw": "-1.38"}
28.88, [INFO], turtlebot5, {"y": "17.82", "x": "-11.46", "yaw": "-1.25"}
28.88, [INFO], turtlebot5, {"y": "17.82", "x": "-11.46", "yaw": "-1.25"}
28.88, [INFO], turtlebot6, {"y": "18.12", "x": "-34.47", "yaw": "-2.52"}
28.88, [INFO], turtlebot6, {"y": "18.12", "x": "-34.47", "yaw": "-2.52"}
28.90, [INFO], turtlebot6, {"battery-level": "48.60%"}
28.90, [INFO], turtlebot6, {"battery-level": "48.60%"}
39.88, [INFO], turtlebot1, {"y": "18.03", "x": "-27.22", "yaw": "-1.59"}
39.88, [INFO], turtlebot1, {"y": "18.03", "x": "-27.22", "yaw": "-1.59"}
39.92, [INFO], turtlebot4, {"y": "33.97", "x": "-32.89", "yaw": "-3.10"}
39.92, [INFO], turtlebot4, {"y": "33.97", "x": "-32.89", "yaw": "-3.10"}
39.92, [INFO], turtlebot3, {"y": "18.00", "x": "-13.49", "yaw": "-1.49"}
39.92, [INFO], turtlebot3, {"y": "18.00", "x": "-13.49", "yaw": "-1.49"}
39.95, [INFO], turtlebot2, {"y": "17.99", "x": "-19.01", "yaw": "-1.38"}
39.97, [INFO], turtlebot2, {"y": "17.99", "x": "-19.01", "yaw": "-1.38"}
39.98, [INFO], turtlebot6, {"y": "17.78", "x": "-35.36", "yaw": "3.02"}
39.98, [INFO], turtlebot6, {"y": "17.78", "x": "-35.36", "yaw": "3.02"}
40.00, [INFO], turtlebot5, {"y": "17.82", "x": "-11.46", "yaw": "-1.25"}
40.00, [INFO], turtlebot5, {"y": "17.82", "x": "-11.46", "yaw": "-1.25"}
40.00, [INFO], turtlebot6, {"battery-level": "47.85%"}
40.02, [INFO], turtlebot6, {"battery-level": "47.85%"}
51.08, [INFO], turtlebot1, {"y": "18.03", "x": "-27.22", "yaw": "-1.58"}
51.08, [INFO], turtlebot1, {"y": "18.03", "x": "-27.22", "yaw": "-1.58"}
51.12, [INFO], turtlebot4, {"y": "33.97", "x": "-32.89", "yaw": "-3.10"}
51.12, [INFO], turtlebot4, {"y": "33.97", "x": "-32.89", "yaw": "-3.10"}
51.12, [INFO], turtlebot3, {"y": "18.00", "x": "-13.49", "yaw": "-1.48"}
51.12, [INFO], turtlebot3, {"y": "18.00", "x": "-13.49", "yaw": "-1.48"}
51.15, [INFO], turtlebot2, {"y": "17.99", "x": "-19.01", "yaw": "-1.38"}
51.17, [INFO], turtlebot2, {"y": "17.99", "x": "-19.01", "yaw": "-1.38"}
51.17, [INFO], turtlebot6, {"y": "18.18", "x": "-36.24", "yaw": "2.53"}
51.17, [INFO], turtlebot6, {"y": "18.18", "x": "-36.24", "yaw": "2.53"}
51.18, [INFO], turtlebot5, {"y": "17.82", "x": "-11.46", "yaw": "-1.25"}
51.18, [INFO], turtlebot6, {"battery-level": "47.10%"}
51.18, [INFO], turtlebot5, {"y": "17.82", "x": "-11.46", "yaw": "-1.25"}
51.20, [INFO], turtlebot6, {"battery-level": "47.10%"}
54.78, [DEBUG], turtlebot6, {"param_list": ["IC Room 2", [[-37.0, 18.93, 1.5707963267948966, true], [-37.0, 21.5, 3.141592653589793, true], [-38.0, 21.5, 0.0, false]]], "skill": "navigation", "skill-life-cycle": "RUNNING", "label": "navto_room"}
58.65, [DEBUG], None, [debug],turtlebot6,move-base-info,Hooray, the base moved arrived,(x=-37;y=18.93)
58.72, [DEBUG], None, [debug],turtlebot6,move-base-info,Hooray, the base moved arrived,(x=-37;y=18.93)
58.75, [DEBUG], turtlebot6, {"status": "way-point-reached", "skill": "navigation", "percentage": "33.33%", "goingto": "IC Room 2"}
62.62, [INFO], turtlebot1, {"y": "18.03", "x": "-27.22", "yaw": "-1.58"}
62.65, [INFO], turtlebot4, {"y": "33.97", "x": "-32.89", "yaw": "-3.10"}
62.65, [INFO], turtlebot3, {"y": "18.00", "x": "-13.49", "yaw": "-1.47"}
62.70, [INFO], turtlebot2, {"y": "17.99", "x": "-19.01", "yaw": "-1.38"}
62.72, [INFO], turtlebot6, {"y": "18.64", "x": "-36.62", "yaw": "1.62"}
62.72, [INFO], turtlebot5, {"y": "17.82", "x": "-11.46", "yaw": "-1.25"}
62.72, [INFO], turtlebot6, {"battery-level": "46.35%"}
62.73, [INFO], turtlebot1, {"y": "18.03", "x": "-27.22", "yaw": "-1.58"}
62.73, [INFO], turtlebot4, {"y": "33.97", "x": "-32.89", "yaw": "-3.10"}
62.73, [INFO], turtlebot3, {"y": "18.00", "x": "-13.49", "yaw": "-1.47"}
62.75, [INFO], turtlebot2, {"y": "17.99", "x": "-19.01", "yaw": "-1.38"}
62.75, [INFO], turtlebot6, {"y": "18.64", "x": "-36.62", "yaw": "1.62"}
62.75, [INFO], turtlebot5, {"y": "17.82", "x": "-11.46", "yaw": "-1.25"}
62.75, [INFO], turtlebot6, {"battery-level": "46.35%"}
73.68, [INFO], turtlebot1, {"y": "18.03", "x": "-27.22", "yaw": "-1.58"}
73.72, [INFO], turtlebot4, {"y": "33.97", "x": "-32.89", "yaw": "-3.10"}
73.72, [INFO], turtlebot3, {"y": "18.00", "x": "-13.49", "yaw": "-1.46"}
73.73, [INFO], turtlebot2, {"y": "17.99", "x": "-19.01", "yaw": "-1.38"}
73.75, [INFO], turtlebot1, {"y": "18.03", "x": "-27.22", "yaw": "-1.58"}
73.75, [INFO], turtlebot4, {"y": "33.97", "x": "-32.89", "yaw": "-3.10"}
73.77, [INFO], turtlebot3, {"y": "18.00", "x": "-13.49", "yaw": "-1.46"}
73.77, [INFO], turtlebot6, {"y": "20.36", "x": "-36.68", "yaw": "1.63"}
73.78, [INFO], turtlebot5, {"y": "17.82", "x": "-11.46", "yaw": "-1.25"}
73.78, [INFO], turtlebot2, {"y": "17.99", "x": "-19.01", "yaw": "-1.38"}
73.78, [INFO], turtlebot6, {"y": "20.36", "x": "-36.68", "yaw": "1.63"}
73.80, [INFO], turtlebot5, {"y": "17.82", "x": "-11.46", "yaw": "-1.25"}
73.80, [INFO], turtlebot6, {"battery-level": "45.60%"}
73.80, [INFO], turtlebot6, {"battery-level": "45.60%"}
82.17, [DEBUG], None, [debug],turtlebot6,move-base-info,Hooray, the base moved arrived,(x=-37;y=21.5)
82.17, [DEBUG], None, [debug],turtlebot6,move-base-info,Hooray, the base moved arrived,(x=-37;y=21.5)
82.30, [DEBUG], turtlebot6, {"status": "way-point-reached", "skill": "navigation", "percentage": "66.67%", "goingto": "IC Room 2"}
85.32, [INFO], turtlebot1, {"y": "18.03", "x": "-27.22", "yaw": "-1.58"}
85.32, [INFO], turtlebot1, {"y": "18.03", "x": "-27.22", "yaw": "-1.58"}
85.37, [INFO], turtlebot4, {"y": "33.97", "x": "-32.90", "yaw": "-3.10"}
85.37, [INFO], turtlebot4, {"y": "33.97", "x": "-32.90", "yaw": "-3.10"}
85.37, [INFO], turtlebot3, {"y": "17.99", "x": "-13.49", "yaw": "-1.45"}
85.37, [INFO], turtlebot3, {"y": "17.99", "x": "-13.49", "yaw": "-1.45"}
85.42, [INFO], turtlebot2, {"y": "17.99", "x": "-19.01", "yaw": "-1.38"}
85.42, [INFO], turtlebot2, {"y": "17.99", "x": "-19.01", "yaw": "-1.38"}
85.43, [INFO], turtlebot6, {"y": "21.08", "x": "-36.78", "yaw": "3.10"}
85.43, [INFO], turtlebot6, {"y": "21.08", "x": "-36.78", "yaw": "3.10"}
85.43, [INFO], turtlebot5, {"y": "17.82", "x": "-11.46", "yaw": "-1.25"}
85.43, [INFO], turtlebot5, {"y": "17.82", "x": "-11.46", "yaw": "-1.25"}
85.45, [INFO], turtlebot6, {"battery-level": "44.85%"}
85.45, [INFO], turtlebot6, {"battery-level": "44.85%"}
96.52, [INFO], turtlebot1, {"y": "18.03", "x": "-27.22", "yaw": "-1.58"}
96.52, [INFO], turtlebot1, {"y": "18.03", "x": "-27.22", "yaw": "-1.58"}
96.57, [INFO], turtlebot4, {"y": "33.97", "x": "-32.90", "yaw": "-3.10"}
96.57, [INFO], turtlebot3, {"y": "17.99", "x": "-13.49", "yaw": "-1.44"}
96.60, [INFO], turtlebot2, {"y": "17.99", "x": "-19.01", "yaw": "-1.38"}
96.62, [INFO], turtlebot6, {"y": "21.47", "x": "-37.52", "yaw": "2.41"}
96.62, [INFO], turtlebot5, {"y": "17.82", "x": "-11.46", "yaw": "-1.25"}
96.63, [INFO], turtlebot6, {"battery-level": "44.10%"}
96.73, [INFO], turtlebot4, {"y": "33.97", "x": "-32.90", "yaw": "-3.10"}
96.75, [INFO], turtlebot3, {"y": "17.99", "x": "-13.49", "yaw": "-1.44"}
96.75, [INFO], turtlebot2, {"y": "17.99", "x": "-19.01", "yaw": "-1.38"}
96.75, [INFO], turtlebot6, {"y": "21.47", "x": "-37.52", "yaw": "2.41"}
96.75, [INFO], turtlebot5, {"y": "17.82", "x": "-11.46", "yaw": "-1.25"}
96.77, [INFO], turtlebot6, {"battery-level": "44.10%"}
101.20, [DEBUG], turtlebot6, {"param_list": ["IC Room 2", [[-37.0, 18.93, 1.5707963267948966, true], [-37.0, 21.5, 3.141592653589793, true], [-38.0, 21.5, 0.0, false]]], "skill": "navigation", "skill-life-cycle": "RUNNING", "label": "navto_room"}
102.77, [DEBUG], None, [debug],turtlebot6,move-base-info,Hooray, the base moved arrived,(x=-38;y=21.5)
102.77, [DEBUG], None, [debug],turtlebot6,move-base-info,Hooray, the base moved arrived,(x=-38;y=21.5)
102.90, [DEBUG], turtlebot6, {"status": "way-point-reached", "skill": "navigation", "percentage": "100.00%", "goingto": "IC Room 2"}
102.97, [DEBUG], turtlebot6, {"param_list": ["IC Room 2", [[-37.0, 18.93, 1.5707963267948966, true], [-37.0, 21.5, 3.141592653589793, true], [-38.0, 21.5, 0.0, false]]], "skill": "navigation", "skill-life-cycle": "SUCCESS", "label": "navto_room"}
102.97, [DEBUG], turtlebot6, "available-skills=['send_message', 'wait_message', 'approach_person', 'approach_robot', 'authenticate_person', 'navigation', 'operate_drawer']"
102.98, [DEBUG], turtlebot6, {"param_list": ["nurse"], "skill": "approach_person", "skill-life-cycle": "STARTED", "label": "approach_nurse"}
103.03, [DEBUG], turtlebot6, {"status": "localize-person", "skill": "approach-person", "who": "nurse"}
103.53, [DEBUG], turtlebot6, {"status": "goto-person", "skill": "approach-person", "who": "nurse"}
103.62, [DEBUG], turtlebot6, {"param_list": ["nurse"], "skill": "approach_person", "skill-life-cycle": "SUCCESS", "label": "approach_nurse"}
103.73, [DEBUG], turtlebot6, "available-skills=['send_message', 'wait_message', 'approach_person', 'approach_robot', 'authenticate_person', 'navigation', 'operate_drawer']"
103.73, [DEBUG], turtlebot6, {"param_list": ["nurse"], "skill": "authenticate_person", "skill-life-cycle": "STARTED", "label": "authenticate_nurse"}
103.83, [INFO], nurse, {"status": "message-received", "skill": "athentication-request"}
103.83, [DEBUG], turtlebot6, {"status": "request-authentication", "to": "nurse", "skill": "authenticate-person"}
103.83, [INFO], nurse, {"status": "message-received", "skill": "athentication-request"}
104.48, [DEBUG], turtlebot6, {"status": "received-authentication", "skill": "authenticate-person", "from": "nurse"}
104.55, [DEBUG], turtlebot6, {"param_list": ["nurse"], "skill": "authenticate_person", "skill-life-cycle": "SUCCESS", "label": "authenticate_nurse"}
104.57, [DEBUG], turtlebot6, "available-skills=['send_message', 'wait_message', 'approach_person', 'approach_robot', 'authenticate_person', 'navigation', 'operate_drawer']"
104.57, [DEBUG], turtlebot6, {"param_list": ["open"], "skill": "operate_drawer", "skill-life-cycle": "STARTED", "label": "open_drawer_for_nurse"}
104.63, [DEBUG], turtlebot6, {"status": "task-update", "action": "open", "skill": "operate-drawer"}
105.53, [DEBUG], turtlebot6, {"param_list": ["open"], "skill": "operate_drawer", "skill-life-cycle": "SUCCESS", "label": "open_drawer_for_nurse"}
105.55, [DEBUG], turtlebot6, "available-skills=['send_message', 'wait_message', 'approach_person', 'approach_robot', 'authenticate_person', 'navigation', 'operate_drawer']"
105.55, [DEBUG], turtlebot6, {"param_list": ["nurse"], "skill": "send_message", "skill-life-cycle": "STARTED", "label": "notify_nurse_of_open_drawer_for_nurse_completed"}
105.70, [INFO], turtlebot6, {"to": "nurse", "skill": "send-message"}
106.52, [INFO], nurse, {"status": "message-received", "skill": "wait-message"}
106.52, [INFO], nurse, {"status": "message-received", "skill": "wait-message"}
108.02, [INFO], turtlebot1, {"y": "18.03", "x": "-27.22", "yaw": "-1.58"}
108.02, [INFO], turtlebot1, {"y": "18.03", "x": "-27.22", "yaw": "-1.58"}
108.05, [INFO], turtlebot4, {"y": "33.97", "x": "-32.90", "yaw": "-3.09"}
108.05, [INFO], turtlebot4, {"y": "33.97", "x": "-32.90", "yaw": "-3.09"}
108.07, [INFO], turtlebot3, {"y": "17.99", "x": "-13.49", "yaw": "-1.42"}
108.07, [INFO], turtlebot3, {"y": "17.99", "x": "-13.49", "yaw": "-1.42"}
108.10, [INFO], turtlebot2, {"y": "17.99", "x": "-19.01", "yaw": "-1.38"}
108.10, [INFO], turtlebot2, {"y": "17.99", "x": "-19.01", "yaw": "-1.38"}
108.12, [INFO], turtlebot6, {"y": "21.48", "x": "-37.59", "yaw": "0.04"}
108.12, [INFO], turtlebot6, {"y": "21.48", "x": "-37.59", "yaw": "0.04"}
108.12, [INFO], turtlebot5, {"y": "17.82", "x": "-11.46", "yaw": "-1.25"}
108.12, [INFO], turtlebot5, {"y": "17.82", "x": "-11.46", "yaw": "-1.25"}
108.12, [INFO], turtlebot6, {"battery-level": "43.35%"}
108.12, [INFO], turtlebot6, {"battery-level": "43.35%"}
108.98, [DEBUG], turtlebot6, {"param_list": ["nurse"], "skill": "send_message", "skill-life-cycle": "SUCCESS", "label": "notify_nurse_of_open_drawer_for_nurse_completed"}
108.98, [DEBUG], turtlebot6, "available-skills=['send_message', 'wait_message', 'approach_person', 'approach_robot', 'authenticate_person', 'navigation', 'operate_drawer']"
108.98, [DEBUG], turtlebot6, {"param_list": ["nurse"], "skill": "wait_message", "skill-life-cycle": "STARTED", "label": "wait_nurse_to_complete_deposit"}
109.77, [INFO], turtlebot6, {"status": "message-received", "skill": "wait-message"}
109.85, [DEBUG], turtlebot6, {"param_list": ["nurse"], "skill": "wait_message", "skill-life-cycle": "SUCCESS", "label": "wait_nurse_to_complete_deposit"}
109.85, [DEBUG], turtlebot6, "available-skills=['send_message', 'wait_message', 'approach_person', 'approach_robot', 'authenticate_person', 'navigation', 'operate_drawer']"
109.85, [DEBUG], turtlebot6, {"param_list": ["close"], "skill": "operate_drawer", "skill-life-cycle": "STARTED", "label": "close_drawer_nurse"}
109.92, [DEBUG], turtlebot6, {"status": "task-update", "action": "close", "skill": "operate-drawer"}
110.82, [DEBUG], turtlebot6, {"param_list": ["close"], "skill": "operate_drawer", "skill-life-cycle": "SUCCESS", "label": "close_drawer_nurse"}
110.82, [DEBUG], turtlebot6, "available-skills=['send_message', 'wait_message', 'approach_person', 'approach_robot', 'authenticate_person', 'navigation', 'operate_drawer']"
110.82, [DEBUG], turtlebot6, {"param_list": ["Laboratory", [[-37.0, 21.5, -1.5707963267948966, true], [-37.0, 16.0, 0.0, true], [-26.0, 16.0, -1.5707963267948966, true], [-26.0, 13.0, 1.57, false]]], "skill": "navigation", "skill-life-cycle": "STARTED", "label": "navto_lab"}
114.22, [INFO], nurse, {"status": "message-received", "skill": "wait-message"}
114.22, [INFO], nurse, {"status": "message-received", "skill": "wait-message"}
119.22, [INFO], nurse, {"status": "waiting", "skill": "athentication-sent"}
119.22, [INFO], nurse, {"status": "waiting", "skill": "athentication-sent"}
119.63, [INFO], turtlebot1, {"y": "18.03", "x": "-27.22", "yaw": "-1.58"}
119.68, [INFO], turtlebot4, {"y": "33.97", "x": "-32.90", "yaw": "-3.09"}
119.68, [INFO], turtlebot3, {"y": "17.99", "x": "-13.49", "yaw": "-1.41"}
119.72, [INFO], turtlebot2, {"y": "17.99", "x": "-19.01", "yaw": "-1.38"}
119.72, [INFO], turtlebot6, {"y": "21.51", "x": "-37.44", "yaw": "-1.46"}
119.72, [INFO], turtlebot5, {"y": "17.82", "x": "-11.46", "yaw": "-1.25"}
119.73, [INFO], turtlebot6, {"battery-level": "42.60%"}
119.75, [INFO], turtlebot1, {"y": "18.03", "x": "-27.22", "yaw": "-1.58"}
119.75, [INFO], turtlebot4, {"y": "33.97", "x": "-32.90", "yaw": "-3.09"}
119.75, [INFO], turtlebot3, {"y": "17.99", "x": "-13.49", "yaw": "-1.41"}
119.75, [INFO], turtlebot2, {"y": "17.99", "x": "-19.01", "yaw": "-1.38"}
119.77, [INFO], turtlebot6, {"y": "21.51", "x": "-37.44", "yaw": "-1.46"}
119.77, [INFO], turtlebot5, {"y": "17.82", "x": "-11.46", "yaw": "-1.25"}
119.77, [INFO], turtlebot6, {"battery-level": "42.60%"}
120.28, [DEBUG], None, [debug],turtlebot6,move-base-info,Hooray, the base moved arrived,(x=-37;y=21.5)
120.28, [DEBUG], None, [debug],turtlebot6,move-base-info,Hooray, the base moved arrived,(x=-37;y=21.5)
120.32, [DEBUG], turtlebot6, {"status": "way-point-reached", "skill": "navigation", "percentage": "25.00%", "goingto": "Laboratory"}
122.10, [INFO], nurse, {"status": "message-received", "skill": "wait-message"}
122.10, [INFO], nurse, {"status": "message-received", "skill": "wait-message"}
129.58, [INFO], nurse, {"status": "message-received", "skill": "wait-message"}
129.72, [INFO], nurse, {"status": "message-received", "skill": "wait-message"}
130.93, [INFO], turtlebot1, {"y": "18.03", "x": "-27.22", "yaw": "-1.58"}
130.93, [INFO], turtlebot1, {"y": "18.03", "x": "-27.22", "yaw": "-1.58"}
130.98, [INFO], turtlebot3, {"y": "17.98", "x": "-13.49", "yaw": "-1.39"}
130.98, [INFO], turtlebot3, {"y": "17.98", "x": "-13.49", "yaw": "-1.39"}
130.98, [INFO], turtlebot4, {"y": "33.97", "x": "-32.90", "yaw": "-3.09"}
130.98, [INFO], turtlebot4, {"y": "33.97", "x": "-32.90", "yaw": "-3.09"}
131.02, [INFO], turtlebot2, {"y": "17.99", "x": "-19.01", "yaw": "-1.38"}
131.02, [INFO], turtlebot2, {"y": "17.99", "x": "-19.01", "yaw": "-1.38"}
131.02, [INFO], turtlebot6, {"y": "19.94", "x": "-36.78", "yaw": "-1.36"}
131.02, [INFO], turtlebot6, {"y": "19.94", "x": "-36.78", "yaw": "-1.36"}
131.02, [INFO], turtlebot5, {"y": "17.82", "x": "-11.46", "yaw": "-1.25"}
131.02, [INFO], turtlebot5, {"y": "17.82", "x": "-11.46", "yaw": "-1.25"}
131.03, [INFO], turtlebot6, {"battery-level": "41.85%"}
131.03, [INFO], turtlebot6, {"battery-level": "41.85%"}
141.97, [INFO], turtlebot1, {"y": "18.03", "x": "-27.22", "yaw": "-1.58"}
141.97, [INFO], turtlebot1, {"y": "18.03", "x": "-27.22", "yaw": "-1.58"}
142.02, [INFO], turtlebot4, {"y": "33.97", "x": "-32.90", "yaw": "-3.09"}
142.02, [INFO], turtlebot4, {"y": "33.97", "x": "-32.90", "yaw": "-3.09"}
142.02, [INFO], turtlebot3, {"y": "17.98", "x": "-13.49", "yaw": "-1.38"}
142.02, [INFO], turtlebot3, {"y": "17.98", "x": "-13.49", "yaw": "-1.38"}
142.03, [INFO], turtlebot2, {"y": "17.99", "x": "-19.01", "yaw": "-1.38"}
142.03, [INFO], turtlebot2, {"y": "17.99", "x": "-19.01", "yaw": "-1.38"}
142.05, [INFO], turtlebot6, {"y": "17.99", "x": "-36.67", "yaw": "-1.57"}
142.05, [INFO], turtlebot6, {"y": "17.99", "x": "-36.67", "yaw": "-1.57"}
142.05, [INFO], turtlebot5, {"y": "17.82", "x": "-11.46", "yaw": "-1.25"}
142.05, [INFO], turtlebot5, {"y": "17.82", "x": "-11.46", "yaw": "-1.25"}
142.07, [INFO], turtlebot6, {"battery-level": "41.10%"}
142.07, [INFO], turtlebot6, {"battery-level": "41.10%"}
148.75, [DEBUG], turtlebot6, {"param_list": ["Laboratory", [[-37.0, 21.5, -1.5707963267948966, true], [-37.0, 16.0, 0.0, true], [-26.0, 16.0, -1.5707963267948966, true], [-26.0, 13.0, 1.57, false]]], "skill": "navigation", "skill-life-cycle": "RUNNING", "label": "navto_lab"}
153.10, [INFO], turtlebot1, {"y": "18.03", "x": "-27.22", "yaw": "-1.57"}
153.10, [INFO], turtlebot1, {"y": "18.03", "x": "-27.22", "yaw": "-1.57"}
153.13, [INFO], turtlebot4, {"y": "33.97", "x": "-32.90", "yaw": "-3.09"}
153.13, [INFO], turtlebot4, {"y": "33.97", "x": "-32.90", "yaw": "-3.09"}
153.13, [INFO], turtlebot3, {"y": "17.98", "x": "-13.48", "yaw": "-1.36"}
153.13, [INFO], turtlebot3, {"y": "17.98", "x": "-13.48", "yaw": "-1.36"}
153.17, [INFO], turtlebot2, {"y": "17.99", "x": "-19.01", "yaw": "-1.38"}
153.17, [INFO], turtlebot2, {"y": "17.99", "x": "-19.01", "yaw": "-1.38"}
153.20, [INFO], turtlebot6, {"y": "16.45", "x": "-36.83", "yaw": "-1.55"}
153.20, [INFO], turtlebot6, {"y": "16.45", "x": "-36.83", "yaw": "-1.55"}
153.20, [INFO], turtlebot5, {"y": "17.82", "x": "-11.46", "yaw": "-1.25"}
153.20, [INFO], turtlebot5, {"y": "17.82", "x": "-11.46", "yaw": "-1.25"}
153.22, [INFO], turtlebot6, {"battery-level": "40.35%"}
153.22, [INFO], turtlebot6, {"battery-level": "40.35%"}
157.42, [DEBUG], None, [debug],turtlebot6,move-base-info,Hooray, the base moved arrived,(x=-37;y=16)
157.42, [DEBUG], None, [debug],turtlebot6,move-base-info,Hooray, the base moved arrived,(x=-37;y=16)
157.52, [DEBUG], turtlebot6, {"status": "way-point-reached", "skill": "navigation", "percentage": "50.00%", "goingto": "Laboratory"}
164.72, [INFO], turtlebot1, {"y": "18.03", "x": "-27.22", "yaw": "-1.57"}
164.77, [INFO], turtlebot1, {"y": "18.03", "x": "-27.22", "yaw": "-1.57"}
164.77, [INFO], turtlebot4, {"y": "33.97", "x": "-32.90", "yaw": "-3.09"}
164.78, [INFO], turtlebot3, {"y": "17.98", "x": "-13.48", "yaw": "-1.35"}
164.78, [INFO], turtlebot4, {"y": "33.97", "x": "-32.90", "yaw": "-3.09"}
164.78, [INFO], turtlebot3, {"y": "17.98", "x": "-13.48", "yaw": "-1.35"}
164.80, [INFO], turtlebot2, {"y": "17.99", "x": "-19.01", "yaw": "-1.38"}
164.80, [INFO], turtlebot2, {"y": "17.99", "x": "-19.01", "yaw": "-1.38"}
164.82, [INFO], turtlebot6, {"y": "15.92", "x": "-34.74", "yaw": "-0.18"}
164.82, [INFO], turtlebot5, {"y": "17.82", "x": "-11.46", "yaw": "-1.25"}
164.82, [INFO], turtlebot6, {"y": "15.92", "x": "-34.74", "yaw": "-0.18"}
164.82, [INFO], turtlebot6, {"battery-level": "39.60%"}
164.82, [INFO], turtlebot5, {"y": "17.82", "x": "-11.46", "yaw": "-1.25"}
164.82, [INFO], turtlebot6, {"battery-level": "39.60%"}
175.65, [INFO], turtlebot1, {"y": "18.03", "x": "-27.22", "yaw": "-1.57"}
175.68, [INFO], turtlebot4, {"y": "33.97", "x": "-32.90", "yaw": "-3.09"}
175.68, [INFO], turtlebot3, {"y": "17.97", "x": "-13.48", "yaw": "-1.33"}
175.72, [INFO], turtlebot2, {"y": "17.99", "x": "-19.01", "yaw": "-1.38"}
175.72, [INFO], turtlebot6, {"y": "15.83", "x": "-26.57", "yaw": "0.28"}
175.72, [INFO], turtlebot5, {"y": "17.82", "x": "-11.46", "yaw": "-1.25"}
175.73, [INFO], turtlebot6, {"battery-level": "38.85%"}
175.75, [INFO], turtlebot1, {"y": "18.03", "x": "-27.22", "yaw": "-1.57"}
175.77, [INFO], turtlebot4, {"y": "33.97", "x": "-32.90", "yaw": "-3.09"}
175.77, [INFO], turtlebot3, {"y": "17.97", "x": "-13.48", "yaw": "-1.33"}
175.77, [INFO], turtlebot2, {"y": "17.99", "x": "-19.01", "yaw": "-1.38"}
175.77, [INFO], turtlebot6, {"y": "15.83", "x": "-26.57", "yaw": "0.28"}
175.78, [INFO], turtlebot5, {"y": "17.82", "x": "-11.46", "yaw": "-1.25"}
175.78, [INFO], turtlebot6, {"battery-level": "38.85%"}
181.47, [DEBUG], None, [debug],turtlebot6,move-base-info,Hooray, the base moved arrived,(x=-26;y=16)
181.47, [DEBUG], None, [debug],turtlebot6,move-base-info,Hooray, the base moved arrived,(x=-26;y=16)
181.60, [DEBUG], turtlebot6, {"status": "way-point-reached", "skill": "navigation", "percentage": "75.00%", "goingto": "Laboratory"}
187.28, [INFO], turtlebot1, {"y": "18.03", "x": "-27.22", "yaw": "-1.57"}
187.28, [INFO], turtlebot1, {"y": "18.03", "x": "-27.22", "yaw": "-1.57"}
187.32, [INFO], turtlebot4, {"y": "33.97", "x": "-32.90", "yaw": "-3.09"}
187.32, [INFO], turtlebot4, {"y": "33.97", "x": "-32.90", "yaw": "-3.09"}
187.32, [INFO], turtlebot3, {"y": "17.97", "x": "-13.48", "yaw": "-1.32"}
187.32, [INFO], turtlebot3, {"y": "17.97", "x": "-13.48", "yaw": "-1.32"}
187.35, [INFO], turtlebot2, {"y": "17.99", "x": "-19.01", "yaw": "-1.38"}
187.35, [INFO], turtlebot2, {"y": "17.99", "x": "-19.01", "yaw": "-1.38"}
187.38, [INFO], turtlebot6, {"y": "15.61", "x": "-26.34", "yaw": "-1.11"}
187.38, [INFO], turtlebot6, {"y": "15.61", "x": "-26.34", "yaw": "-1.11"}
187.38, [INFO], turtlebot5, {"y": "17.82", "x": "-11.46", "yaw": "-1.25"}
187.38, [INFO], turtlebot5, {"y": "17.82", "x": "-11.46", "yaw": "-1.25"}
187.40, [INFO], turtlebot6, {"battery-level": "38.10%"}
187.40, [INFO], turtlebot6, {"battery-level": "38.10%"}
194.55, [DEBUG], turtlebot6, {"param_list": ["Laboratory", [[-37.0, 21.5, -1.5707963267948966, true], [-37.0, 16.0, 0.0, true], [-26.0, 16.0, -1.5707963267948966, true], [-26.0, 13.0, 1.57, false]]], "skill": "navigation", "skill-life-cycle": "RUNNING", "label": "navto_lab"}
198.17, [INFO], turtlebot1, {"y": "18.03", "x": "-27.22", "yaw": "-1.57"}
198.17, [INFO], turtlebot1, {"y": "18.03", "x": "-27.22", "yaw": "-1.57"}
198.22, [INFO], turtlebot4, {"y": "33.97", "x": "-32.90", "yaw": "-3.09"}
198.22, [INFO], turtlebot4, {"y": "33.97", "x": "-32.90", "yaw": "-3.09"}
198.22, [INFO], turtlebot3, {"y": "17.97", "x": "-13.48", "yaw": "-1.30"}
198.22, [INFO], turtlebot3, {"y": "17.97", "x": "-13.48", "yaw": "-1.30"}
198.23, [INFO], turtlebot2, {"y": "17.99", "x": "-19.01", "yaw": "-1.38"}
198.23, [INFO], turtlebot2, {"y": "17.99", "x": "-19.01", "yaw": "-1.38"}
198.27, [INFO], turtlebot6, {"y": "13.49", "x": "-25.93", "yaw": "-1.71"}
198.27, [INFO], turtlebot6, {"y": "13.49", "x": "-25.93", "yaw": "-1.71"}
198.27, [INFO], turtlebot5, {"y": "17.82", "x": "-11.46", "yaw": "-1.25"}
198.28, [INFO], turtlebot5, {"y": "17.82", "x": "-11.46", "yaw": "-1.25"}
198.28, [INFO], turtlebot6, {"battery-level": "37.35%"}
198.28, [INFO], turtlebot6, {"battery-level": "37.35%"}
206.07, [DEBUG], None, [debug],turtlebot6,move-base-info,Hooray, the base moved arrived,(x=-26;y=13)
206.07, [DEBUG], None, [debug],turtlebot6,move-base-info,Hooray, the base moved arrived,(x=-26;y=13)
206.28, [DEBUG], turtlebot6, {"status": "way-point-reached", "skill": "navigation", "percentage": "100.00%", "goingto": "Laboratory"}
206.37, [DEBUG], turtlebot6, {"param_list": ["Laboratory", [[-37.0, 21.5, -1.5707963267948966, true], [-37.0, 16.0, 0.0, true], [-26.0, 16.0, -1.5707963267948966, true], [-26.0, 13.0, 1.57, false]]], "skill": "navigation", "skill-life-cycle": "SUCCESS", "label": "navto_lab"}
206.37, [DEBUG], turtlebot6, "available-skills=['send_message', 'wait_message', 'approach_person', 'approach_robot', 'authenticate_person', 'navigation', 'operate_drawer']"
206.38, [DEBUG], turtlebot6, {"param_list": ["lab_arm"], "skill": "approach_robot", "skill-life-cycle": "STARTED", "label": "approach_arm"}
206.52, [DEBUG], turtlebot6, {"status": "localize-robot", "skill": "=approach-robot", "who": "lab_arm"}
206.58, [DEBUG], turtlebot6, {"status": "goto-robot", "skill": "approach-robot", "who": "lab_arm"}
206.65, [DEBUG], turtlebot6, {"param_list": ["lab_arm"], "skill": "approach_robot", "skill-life-cycle": "SUCCESS", "label": "approach_arm"}
206.65, [DEBUG], turtlebot6, "available-skills=['send_message', 'wait_message', 'approach_person', 'approach_robot', 'authenticate_person', 'navigation', 'operate_drawer']"
206.67, [DEBUG], turtlebot6, {"param_list": ["open"], "skill": "operate_drawer", "skill-life-cycle": "STARTED", "label": "open_drawer_lab"}
206.77, [DEBUG], turtlebot6, {"status": "task-update", "action": "open", "skill": "operate-drawer"}
207.65, [DEBUG], turtlebot6, {"param_list": ["open"], "skill": "operate_drawer", "skill-life-cycle": "SUCCESS", "label": "open_drawer_lab"}
207.65, [DEBUG], turtlebot6, "available-skills=['send_message', 'wait_message', 'approach_person', 'approach_robot', 'authenticate_person', 'navigation', 'operate_drawer']"
207.65, [DEBUG], turtlebot6, {"param_list": ["lab_arm"], "skill": "send_message", "skill-life-cycle": "STARTED", "label": "notify_lab_arm_of_open_drawer_lab_completed"}
207.72, [INFO], turtlebot6, {"to": "lab_arm", "skill": "send-message"}
208.53, [INFO], lab_arm, {"status": "sample-received", "skill": "wait-sample"}
208.53, [INFO], nurse, {"status": "sample-received", "skill": "wait-sample"}
208.53, [DEBUG], None, ENDSIM
208.53, [DEBUG], None, end!
