0.00, [DEBUG], logger, ROBOTS_CONFIG=[{"avg_speed": 0.15, "battery_charge": 0.3020349930380309, "battery_discharge_rate": 0.00068, "id": 1, "local_plan": [["navigation", ["IC Room 2", [[-27.23, 18.0, -1.57], [-27.23, 16.0], [-37.0, 16.0], [-37.0, 21.5], [-38.0, 21.5, 0.0]]], "navto_room"], ["approach_person", ["nurse"], "approach_nurse"], ["authenticate_person", ["nurse"], "authenticate_nurse"], ["operate_drawer", ["open"], "open_drawer_for_nurse"], ["send_message", ["nurse"], "notify_nurse_of_open_drawer_for_nurse_completed"], ["wait_message", ["nurse"], "wait_nurse_to_complete_deposit"], ["operate_drawer", ["close"], "close_drawer_nurse"], ["navigation", ["Laboratory", [[-38.0, 21.5, 0.0], [-37.0, 21.5], [-37.0, 16.0], [-26.0, 16.0], [-26.0, 13.0, 1.57]]], "navto_lab"], ["approach_robot", ["lab_arm"], "approach_arm"], ["operate_drawer", ["open"], "open_drawer_lab"], ["send_message", ["lab_arm"], "notify_lab_arm_of_open_drawer_lab_completed"], ["wait_message", ["lab_arm"], "wait_lab_arm_to_complete_pick_up_sample"], ["operate_drawer", ["close"], "close_drawer_lab"]], "location": "PC Room 4", "name": "r1", "position": [-27.23, 18.0, -1.57], "skills": ["approach_person", "approach_robot", "authenticate_person", "navigation"]}, {"avg_speed": 0.15, "battery_charge": 0.5779176354739738, "battery_discharge_rate": 0.0006000000000000001, "id": 2, "local_plan": null, "location": "PC Room 6", "name": "r2", "position": [-19.0, 18.0, -1.57], "skills": ["approach_person", "approach_robot", "authenticate_person", "operate_drawer"]}, {"avg_speed": 0.15, "battery_charge": 0.7232396784987936, "battery_discharge_rate": 0.0004, "id": 3, "local_plan": null, "location": "PC Room 7", "name": "r3", "position": [-13.5, 18.0, -1.57], "skills": ["approach_person", "approach_robot", "authenticate_person", "navigation", "operate_drawer"]}, {"avg_speed": 0.15, "battery_charge": 0.4863040833267539, "battery_discharge_rate": 0.00026000000000000003, "id": 4, "local_plan": null, "location": "IC Room 5", "name": "r4", "position": [-32.88, 33.98, 3.14], "skills": ["approach_person", "approach_robot", "authenticate_person", "navigation", "operate_drawer"]}, {"avg_speed": 0.15, "battery_charge": 0.7258412726774711, "battery_discharge_rate": 0.00042, "id": 5, "local_plan": null, "location": "PC Room 8", "name": "r5", "position": [-11.5, 18.0, -1.57], "skills": ["approach_person", "approach_robot", "authenticate_person", "navigation", "operate_drawer"]}, {"avg_speed": 0.15, "battery_charge": 0.9109794326728246, "battery_discharge_rate": 0.0005200000000000001, "id": 6, "local_plan": null, "location": "IC Room 6", "name": "r6", "position": [-33.9, 18.93, 3.14], "skills": ["approach_person", "approach_robot", "authenticate_person", "navigation", "operate_drawer"]}]
0.00, [DEBUG], logger, NURSES_CONFIG=[{"location": "IC Room 2", "position": [-39.0, 20.5, 0.0]}]
0.00, [DEBUG], logger, Simulation open
0.00, [DEBUG], logger, subcribing to in the topic /log
1.78, [DEBUG], None, [debug],turtlebot2,move-base-info,Move_base is up and ok....,
1.78, [DEBUG], None, [debug],turtlebot1,move-base-info,Move_base is up and ok....,
1.85, [DEBUG], None, [debug],turtlebot6,move-base-info,Move_base is up and ok....,
1.92, [DEBUG], None, [debug],turtlebot5,move-base-info,Move_base is up and ok....,
1.97, [DEBUG], None, [debug],turtlebot3,move-base-info,Move_base is up and ok....,
1.98, [DEBUG], None, [debug],turtlebot4,move-base-info,Move_base is up and ok....,
8.77, [DEBUG], turtlebot6, {"param_list": [], "skill": "init_robobt", "skill-life-cycle": "RUNNING", "label": "init_robobt"}
8.88, [DEBUG], turtlebot4, {"param_list": [], "skill": "init_robobt", "skill-life-cycle": "SUCCESS", "label": "init_robobt"}
9.03, [DEBUG], turtlebot3, {"param_list": [], "skill": "init_robobt", "skill-life-cycle": "SUCCESS", "label": "init_robobt"}
9.15, [DEBUG], turtlebot1, {"param_list": [], "skill": "init_robobt", "skill-life-cycle": "RUNNING", "label": "init_robobt"}
9.28, [DEBUG], turtlebot2, {"param_list": [], "skill": "init_robobt", "skill-life-cycle": "RUNNING", "label": "init_robobt"}
9.35, [DEBUG], turtlebot5, {"param_list": [], "skill": "init_robobt", "skill-life-cycle": "RUNNING", "label": "init_robobt"}
9.78, [DEBUG], turtlebot6, {"param_list": [], "skill": "init_robobt", "skill-life-cycle": "SUCCESS", "label": "init_robobt"}
12.65, [DEBUG], turtlebot1, {"param_list": [], "skill": "init_robobt", "skill-life-cycle": "SUCCESS", "label": "init_robobt"}
12.67, [DEBUG], turtlebot1, "available-skills=['send_message', 'wait_message', 'approach_person', 'approach_robot', 'authenticate_person', 'navigation']"
12.67, [DEBUG], turtlebot1, {"param_list": ["IC Room 2", [[-27.23, 16.0, 3.141592653589793, true], [-37.0, 16.0, 1.5707963267948966, true], [-37.0, 21.5, 3.141592653589793, true], [-38.0, 21.5, 0.0, false]]], "skill": "navigation", "skill-life-cycle": "STARTED", "label": "navto_room"}
12.92, [DEBUG], turtlebot2, {"param_list": [], "skill": "init_robobt", "skill-life-cycle": "SUCCESS", "label": "init_robobt"}
13.52, [DEBUG], turtlebot5, {"param_list": [], "skill": "init_robobt", "skill-life-cycle": "SUCCESS", "label": "init_robobt"}
21.58, [INFO], turtlebot1, {"battery-level": "29.29%"}
21.58, [INFO], turtlebot1, {"battery-level": "29.29%"}
21.60, [INFO], turtlebot1, {"y": "17.59", "x": "-27.17", "yaw": "-1.47"}
21.60, [INFO], turtlebot1, {"y": "17.59", "x": "-27.17", "yaw": "-1.47"}
21.60, [INFO], turtlebot2, {"y": "17.99", "x": "-19.02", "yaw": "-1.38"}
21.62, [INFO], turtlebot2, {"y": "17.99", "x": "-19.02", "yaw": "-1.38"}
21.63, [INFO], turtlebot3, {"y": "18.00", "x": "-13.50", "yaw": "-1.50"}
21.63, [INFO], turtlebot3, {"y": "18.00", "x": "-13.50", "yaw": "-1.50"}
21.67, [INFO], turtlebot4, {"y": "33.97", "x": "-32.89", "yaw": "-3.10"}
21.67, [INFO], turtlebot4, {"y": "33.97", "x": "-32.89", "yaw": "-3.10"}
21.68, [INFO], turtlebot6, {"y": "18.78", "x": "-33.83", "yaw": "2.80"}
21.68, [INFO], turtlebot6, {"y": "18.78", "x": "-33.83", "yaw": "2.80"}
21.68, [INFO], turtlebot5, {"y": "17.82", "x": "-11.46", "yaw": "-1.25"}
21.68, [INFO], turtlebot5, {"y": "17.82", "x": "-11.46", "yaw": "-1.25"}
36.58, [INFO], turtlebot1, {"battery-level": "28.24%"}
36.58, [INFO], turtlebot1, {"battery-level": "28.24%"}
36.60, [INFO], turtlebot1, {"y": "16.47", "x": "-27.13", "yaw": "-2.47"}
36.60, [INFO], turtlebot1, {"y": "16.47", "x": "-27.13", "yaw": "-2.47"}
36.60, [INFO], turtlebot2, {"y": "17.99", "x": "-19.01", "yaw": "-1.38"}
36.60, [INFO], turtlebot2, {"y": "17.99", "x": "-19.01", "yaw": "-1.38"}
36.63, [INFO], turtlebot3, {"y": "18.00", "x": "-13.49", "yaw": "-1.49"}
36.63, [INFO], turtlebot3, {"y": "18.00", "x": "-13.49", "yaw": "-1.49"}
36.67, [INFO], turtlebot4, {"y": "33.97", "x": "-32.89", "yaw": "-3.10"}
36.67, [INFO], turtlebot4, {"y": "33.97", "x": "-32.89", "yaw": "-3.10"}
36.68, [INFO], turtlebot5, {"y": "17.82", "x": "-11.46", "yaw": "-1.25"}
36.68, [INFO], turtlebot5, {"y": "17.82", "x": "-11.46", "yaw": "-1.25"}
36.68, [INFO], turtlebot6, {"y": "18.78", "x": "-33.84", "yaw": "2.82"}
36.68, [INFO], turtlebot6, {"y": "18.78", "x": "-33.84", "yaw": "2.82"}
38.73, [DEBUG], None, [debug],turtlebot1,move-base-info,Hooray, the base moved arrived,(x=-27.23;y=16)
38.73, [DEBUG], None, [debug],turtlebot1,move-base-info,Hooray, the base moved arrived,(x=-27.23;y=16)
38.75, [DEBUG], turtlebot1, {"status": "way-point-reached", "skill": "navigation", "percentage": "25.00%", "goingto": "IC Room 2"}
50.67, [DEBUG], turtlebot1, {"param_list": ["IC Room 2", [[-27.23, 16.0, 3.141592653589793, true], [-37.0, 16.0, 1.5707963267948966, true], [-37.0, 21.5, 3.141592653589793, true], [-38.0, 21.5, 0.0, false]]], "skill": "navigation", "skill-life-cycle": "RUNNING", "label": "navto_room"}
51.58, [INFO], turtlebot1, {"battery-level": "27.12%"}
51.58, [INFO], turtlebot1, {"battery-level": "27.12%"}
51.60, [INFO], turtlebot2, {"y": "17.99", "x": "-19.01", "yaw": "-1.38"}
51.60, [INFO], turtlebot2, {"y": "17.99", "x": "-19.01", "yaw": "-1.38"}
51.60, [INFO], turtlebot1, {"y": "16.15", "x": "-28.27", "yaw": "-2.98"}
51.62, [INFO], turtlebot1, {"y": "16.15", "x": "-28.27", "yaw": "-2.98"}
51.63, [INFO], turtlebot3, {"y": "18.00", "x": "-13.49", "yaw": "-1.48"}
51.63, [INFO], turtlebot3, {"y": "18.00", "x": "-13.49", "yaw": "-1.48"}
51.67, [INFO], turtlebot4, {"y": "33.97", "x": "-32.89", "yaw": "-3.10"}
51.67, [INFO], turtlebot4, {"y": "33.97", "x": "-32.89", "yaw": "-3.10"}
51.68, [INFO], turtlebot6, {"y": "18.78", "x": "-33.85", "yaw": "2.84"}
51.68, [INFO], turtlebot6, {"y": "18.78", "x": "-33.85", "yaw": "2.84"}
51.68, [INFO], turtlebot5, {"y": "17.82", "x": "-11.46", "yaw": "-1.25"}
51.68, [INFO], turtlebot5, {"y": "17.82", "x": "-11.46", "yaw": "-1.25"}
66.58, [INFO], turtlebot1, {"battery-level": "26.14%"}
66.58, [INFO], turtlebot1, {"battery-level": "26.14%"}
66.60, [INFO], turtlebot1, {"y": "16.06", "x": "-30.67", "yaw": "3.13"}
66.60, [INFO], turtlebot2, {"y": "17.99", "x": "-19.01", "yaw": "-1.38"}
66.60, [INFO], turtlebot1, {"y": "16.06", "x": "-30.67", "yaw": "3.13"}
66.62, [INFO], turtlebot2, {"y": "17.99", "x": "-19.01", "yaw": "-1.38"}
66.63, [INFO], turtlebot3, {"y": "18.00", "x": "-13.49", "yaw": "-1.47"}
66.63, [INFO], turtlebot3, {"y": "18.00", "x": "-13.49", "yaw": "-1.47"}
66.67, [INFO], turtlebot4, {"y": "33.97", "x": "-32.89", "yaw": "-3.10"}
66.67, [INFO], turtlebot4, {"y": "33.97", "x": "-32.89", "yaw": "-3.10"}
66.68, [INFO], turtlebot5, {"y": "17.82", "x": "-11.46", "yaw": "-1.25"}
66.68, [INFO], turtlebot5, {"y": "17.82", "x": "-11.46", "yaw": "-1.25"}
66.68, [INFO], turtlebot6, {"y": "18.78", "x": "-33.85", "yaw": "2.85"}
66.68, [INFO], turtlebot6, {"y": "18.78", "x": "-33.85", "yaw": "2.85"}
81.58, [INFO], turtlebot1, {"battery-level": "25.02%"}
81.58, [INFO], turtlebot1, {"battery-level": "25.02%"}
81.60, [INFO], turtlebot2, {"y": "17.99", "x": "-19.01", "yaw": "-1.38"}
81.60, [INFO], turtlebot2, {"y": "17.99", "x": "-19.01", "yaw": "-1.38"}
81.60, [INFO], turtlebot1, {"y": "15.80", "x": "-32.87", "yaw": "2.93"}
81.60, [INFO], turtlebot1, {"y": "15.80", "x": "-32.87", "yaw": "2.93"}
81.63, [INFO], turtlebot3, {"y": "18.00", "x": "-13.49", "yaw": "-1.45"}
81.63, [INFO], turtlebot3, {"y": "18.00", "x": "-13.49", "yaw": "-1.45"}
81.67, [INFO], turtlebot4, {"y": "33.97", "x": "-32.90", "yaw": "-3.10"}
81.67, [INFO], turtlebot4, {"y": "33.97", "x": "-32.90", "yaw": "-3.10"}
81.68, [INFO], turtlebot5, {"y": "17.82", "x": "-11.46", "yaw": "-1.25"}
81.68, [INFO], turtlebot5, {"y": "17.82", "x": "-11.46", "yaw": "-1.25"}
81.68, [INFO], turtlebot6, {"y": "18.78", "x": "-33.85", "yaw": "2.87"}
81.68, [INFO], turtlebot6, {"y": "18.78", "x": "-33.85", "yaw": "2.87"}
92.08, [DEBUG], turtlebot1, {"param_list": ["IC Room 2", [[-27.23, 16.0, 3.141592653589793, true], [-37.0, 16.0, 1.5707963267948966, true], [-37.0, 21.5, 3.141592653589793, true], [-38.0, 21.5, 0.0, false]]], "skill": "navigation", "skill-life-cycle": "RUNNING", "label": "navto_room"}
96.58, [INFO], turtlebot1, {"battery-level": "24.04%"}
96.58, [INFO], turtlebot1, {"battery-level": "24.04%"}
96.60, [INFO], turtlebot2, {"y": "17.99", "x": "-19.01", "yaw": "-1.38"}
96.60, [INFO], turtlebot2, {"y": "17.99", "x": "-19.01", "yaw": "-1.38"}
96.60, [INFO], turtlebot1, {"y": "16.20", "x": "-35.66", "yaw": "2.67"}
96.60, [INFO], turtlebot1, {"y": "16.20", "x": "-35.66", "yaw": "2.67"}
96.63, [INFO], turtlebot3, {"y": "17.99", "x": "-13.49", "yaw": "-1.44"}
96.63, [INFO], turtlebot3, {"y": "17.99", "x": "-13.49", "yaw": "-1.44"}
96.67, [INFO], turtlebot4, {"y": "33.97", "x": "-32.90", "yaw": "-3.10"}
96.67, [INFO], turtlebot4, {"y": "33.97", "x": "-32.90", "yaw": "-3.10"}
96.68, [INFO], turtlebot5, {"y": "17.82", "x": "-11.46", "yaw": "-1.25"}
96.68, [INFO], turtlebot5, {"y": "17.82", "x": "-11.46", "yaw": "-1.25"}
96.68, [INFO], turtlebot6, {"y": "18.78", "x": "-33.85", "yaw": "2.88"}
96.68, [INFO], turtlebot6, {"y": "18.78", "x": "-33.85", "yaw": "2.88"}
107.85, [DEBUG], None, [debug],turtlebot1,move-base-info,Hooray, the base moved arrived,(x=-37;y=16)
107.85, [DEBUG], None, [debug],turtlebot1,move-base-info,Hooray, the base moved arrived,(x=-37;y=16)
107.98, [DEBUG], turtlebot1, {"status": "way-point-reached", "skill": "navigation", "percentage": "50.00%", "goingto": "IC Room 2"}
111.58, [INFO], turtlebot1, {"battery-level": "22.99%"}
111.58, [INFO], turtlebot1, {"battery-level": "22.99%"}
111.60, [INFO], turtlebot2, {"y": "17.99", "x": "-19.01", "yaw": "-1.38"}
111.60, [INFO], turtlebot2, {"y": "17.99", "x": "-19.01", "yaw": "-1.38"}
111.60, [INFO], turtlebot1, {"y": "16.38", "x": "-36.83", "yaw": "1.61"}
111.60, [INFO], turtlebot1, {"y": "16.38", "x": "-36.83", "yaw": "1.61"}
111.63, [INFO], turtlebot3, {"y": "17.99", "x": "-13.49", "yaw": "-1.42"}
111.63, [INFO], turtlebot3, {"y": "17.99", "x": "-13.49", "yaw": "-1.42"}
111.67, [INFO], turtlebot4, {"y": "33.97", "x": "-32.90", "yaw": "-3.09"}
111.67, [INFO], turtlebot4, {"y": "33.97", "x": "-32.90", "yaw": "-3.09"}
111.68, [INFO], turtlebot5, {"y": "17.82", "x": "-11.46", "yaw": "-1.25"}
111.68, [INFO], turtlebot5, {"y": "17.82", "x": "-11.46", "yaw": "-1.25"}
111.68, [INFO], turtlebot6, {"y": "18.79", "x": "-33.85", "yaw": "2.90"}
111.68, [INFO], turtlebot6, {"y": "18.79", "x": "-33.85", "yaw": "2.90"}
123.37, [DEBUG], None, [debug],turtlebot1,move-base-info,Hooray, the base moved arrived,(x=-37;y=21.5)
123.37, [DEBUG], None, [debug],turtlebot1,move-base-info,Hooray, the base moved arrived,(x=-37;y=21.5)
123.47, [DEBUG], turtlebot1, {"status": "way-point-reached", "skill": "navigation", "percentage": "75.00%", "goingto": "IC Room 2"}
126.58, [INFO], turtlebot1, {"battery-level": "21.87%"}
126.58, [INFO], turtlebot1, {"battery-level": "21.87%"}
126.60, [INFO], turtlebot2, {"y": "17.99", "x": "-19.01", "yaw": "-1.38"}
126.60, [INFO], turtlebot2, {"y": "17.99", "x": "-19.01", "yaw": "-1.38"}
126.60, [INFO], turtlebot1, {"y": "21.06", "x": "-36.88", "yaw": "3.10"}
126.60, [INFO], turtlebot1, {"y": "21.06", "x": "-36.88", "yaw": "3.10"}
126.63, [INFO], turtlebot3, {"y": "17.99", "x": "-13.49", "yaw": "-1.40"}
126.63, [INFO], turtlebot3, {"y": "17.99", "x": "-13.49", "yaw": "-1.40"}
126.67, [INFO], turtlebot4, {"y": "33.97", "x": "-32.90", "yaw": "-3.09"}
126.67, [INFO], turtlebot4, {"y": "33.97", "x": "-32.90", "yaw": "-3.09"}
126.68, [INFO], turtlebot6, {"y": "18.79", "x": "-33.86", "yaw": "2.93"}
126.68, [INFO], turtlebot6, {"y": "18.79", "x": "-33.86", "yaw": "2.93"}
126.68, [INFO], turtlebot5, {"y": "17.82", "x": "-11.46", "yaw": "-1.25"}
126.68, [INFO], turtlebot5, {"y": "17.82", "x": "-11.46", "yaw": "-1.25"}
134.78, [DEBUG], turtlebot1, {"param_list": ["IC Room 2", [[-27.23, 16.0, 3.141592653589793, true], [-37.0, 16.0, 1.5707963267948966, true], [-37.0, 21.5, 3.141592653589793, true], [-38.0, 21.5, 0.0, false]]], "skill": "navigation", "skill-life-cycle": "RUNNING", "label": "navto_room"}
137.72, [DEBUG], None, [debug],turtlebot1,move-base-info,Hooray, the base moved arrived,(x=-38;y=21.5)
137.72, [DEBUG], None, [debug],turtlebot1,move-base-info,Hooray, the base moved arrived,(x=-38;y=21.5)
137.90, [DEBUG], turtlebot1, {"status": "way-point-reached", "skill": "navigation", "percentage": "100.00%", "goingto": "IC Room 2"}
137.97, [DEBUG], turtlebot1, {"param_list": ["IC Room 2", [[-27.23, 16.0, 3.141592653589793, true], [-37.0, 16.0, 1.5707963267948966, true], [-37.0, 21.5, 3.141592653589793, true], [-38.0, 21.5, 0.0, false]]], "skill": "navigation", "skill-life-cycle": "SUCCESS", "label": "navto_room"}
137.97, [DEBUG], turtlebot1, "available-skills=['send_message', 'wait_message', 'approach_person', 'approach_robot', 'authenticate_person', 'navigation']"
137.97, [DEBUG], turtlebot1, {"param_list": ["nurse"], "skill": "approach_person", "skill-life-cycle": "STARTED", "label": "approach_nurse"}
138.03, [DEBUG], turtlebot1, {"status": "localize-person", "skill": "approach-person", "who": "nurse"}
138.12, [DEBUG], turtlebot1, {"status": "goto-person", "skill": "approach-person", "who": "nurse"}
138.18, [DEBUG], turtlebot1, {"param_list": ["nurse"], "skill": "approach_person", "skill-life-cycle": "SUCCESS", "label": "approach_nurse"}
138.18, [DEBUG], turtlebot1, "available-skills=['send_message', 'wait_message', 'approach_person', 'approach_robot', 'authenticate_person', 'navigation']"
138.18, [DEBUG], turtlebot1, {"param_list": ["nurse"], "skill": "authenticate_person", "skill-life-cycle": "STARTED", "label": "authenticate_nurse"}
138.27, [DEBUG], turtlebot1, {"status": "request-authentication", "to": "nurse", "skill": "authenticate-person"}
138.27, [INFO], nurse, {"status": "message-received", "skill": "athentication-request"}
138.40, [INFO], nurse, {"status": "message-received", "skill": "athentication-request"}
138.62, [DEBUG], turtlebot1, {"status": "received-authentication", "skill": "authenticate-person", "from": "nurse"}
138.68, [DEBUG], turtlebot1, {"param_list": ["nurse"], "skill": "authenticate_person", "skill-life-cycle": "SUCCESS", "label": "authenticate_nurse"}
138.68, [DEBUG], turtlebot1, {"report-status": "UNAVAILABLE-SKILL", "param_list": ["operate_drawer", "open"], "skill": "operate_drawer"}
138.68, [DEBUG], turtlebot1, {"report-status": "FAILURE", "param_list": ["operate_drawer", "open"], "skill": "robot-without-skill"}
138.68, [DEBUG], None, end!
