6.5,[debug],turtlebot3,move-base-info,Move_base is up and ok....,
7.8833334446,[debug],turtlebot5,move-base-info,Move_base is up and ok....,
8.18333339691,[debug],turtlebot1,move-base-info,Move_base is up and ok....,
8.43333339691,[debug],turtlebot4,move-base-info,Move_base is up and ok....,
14.7833333015,[info],turtlebot3,skill-life-cycle,init_robobt,(status=RUNNING, parameters=[])
16.1833333969,[info],turtlebot5,skill-life-cycle,init_robobt,(status=RUNNING, parameters=[])
16.25,[info],turtlebot4,skill-life-cycle,init_robobt,(status=RUNNING, parameters=[])
16.25,[info],turtlebot1,skill-life-cycle,init_robobt,(status=RUNNING, parameters=[])
21.1500000954,[debug],turtlebot4,available-skills,['send_message', 'wait_message', 'approach_person', 'approach_robot', 'authenticate_person', 'deposit', 'navigation', 'operate_drawer', 'pick_up'],
21.1500000954,[info],turtlebot4,skill-life-cycle,navigation,(status=STARTED, parameters=[[-28.5, 16.0, 3.141592653589793, True], [-37.0, 16.0, 1.5707963267948966, True], [-37.0, 18.93, 0.0, True], [-33.9, 18.93, 3.14, False]])
27.1833333969,[debug],turtlebot1,simulation,robot-pose,x=-11.46;y=17.82;yaw=-1.25
27.1833333969,[debug],turtlebot1,simulation,robot-pose,x=-11.46;y=17.82;yaw=-1.25
27.3166666031,[debug],turtlebot4,simulation,robot-pose,x=-40.37;y=25.25;yaw=-0.26
27.3166666031,[debug],turtlebot2,simulation,robot-pose,x=-28.68;y=17.88;yaw=-0.80
27.3166666031,[debug],turtlebot3,simulation,robot-pose,x=-27.23;y=18.02;yaw=-1.59
27.3333332539,[debug],turtlebot5,simulation,robot-pose,x=-32.89;y=33.97;yaw=-3.10
27.3333332539,[debug],turtlebot4,simulation,robot-pose,x=-40.37;y=25.25;yaw=-0.26
27.3333332539,[debug],turtlebot2,simulation,robot-pose,x=-28.68;y=17.88;yaw=-0.80
27.3333332539,[debug],turtlebot3,simulation,robot-pose,x=-27.23;y=18.02;yaw=-1.59
27.3333332539,[debug],turtlebot5,simulation,robot-pose,x=-32.89;y=33.97;yaw=-3.10
42.1833333969,[debug],turtlebot1,simulation,robot-pose,x=-11.46;y=17.82;yaw=-1.25
42.1833333969,[debug],turtlebot1,simulation,robot-pose,x=-11.46;y=17.82;yaw=-1.25
42.3166666031,[debug],turtlebot4,simulation,robot-pose,x=-39.46;y=24.02;yaw=-0.86
42.3166666031,[debug],turtlebot3,simulation,robot-pose,x=-27.22;y=18.03;yaw=-1.58
42.3166666031,[debug],turtlebot2,simulation,robot-pose,x=-28.68;y=17.88;yaw=-0.80
42.3333332539,[debug],turtlebot5,simulation,robot-pose,x=-32.89;y=33.97;yaw=-3.10
42.3499999046,[debug],turtlebot4,simulation,robot-pose,x=-39.46;y=24.02;yaw=-0.86
42.3499999046,[debug],turtlebot3,simulation,robot-pose,x=-27.22;y=18.03;yaw=-1.58
42.3499999046,[debug],turtlebot2,simulation,robot-pose,x=-28.68;y=17.88;yaw=-0.80
42.3499999046,[debug],turtlebot5,simulation,robot-pose,x=-32.89;y=33.97;yaw=-3.10
57.1833333969,[debug],turtlebot1,simulation,robot-pose,x=-11.46;y=17.82;yaw=-1.25
57.1833333969,[debug],turtlebot1,simulation,robot-pose,x=-11.46;y=17.82;yaw=-1.25
57.3166666031,[debug],turtlebot2,simulation,robot-pose,x=-28.69;y=17.88;yaw=-0.80
57.3166666031,[debug],turtlebot4,simulation,robot-pose,x=-38.39;y=23.13;yaw=-0.46
57.3166666031,[debug],turtlebot3,simulation,robot-pose,x=-27.22;y=18.03;yaw=-1.58
57.3333332539,[debug],turtlebot5,simulation,robot-pose,x=-32.89;y=33.97;yaw=-3.10
57.3333332539,[debug],turtlebot2,simulation,robot-pose,x=-28.69;y=17.88;yaw=-0.80
57.3333332539,[debug],turtlebot4,simulation,robot-pose,x=-38.39;y=23.13;yaw=-0.46
57.3333332539,[debug],turtlebot3,simulation,robot-pose,x=-27.22;y=18.03;yaw=-1.58
57.3333332539,[debug],turtlebot5,simulation,robot-pose,x=-32.89;y=33.97;yaw=-3.10
67.2000000477,[info],turtlebot4,skill-life-cycle,navigation,(status=RUNNING, parameters=[[-28.5, 16.0, 3.141592653589793, True], [-37.0, 16.0, 1.5707963267948966, True], [-37.0, 18.93, 0.0, True], [-33.9, 18.93, 3.14, False]])
72.1833333969,[debug],turtlebot1,simulation,robot-pose,x=-11.46;y=17.82;yaw=-1.25
72.1833333969,[debug],turtlebot1,simulation,robot-pose,x=-11.46;y=17.82;yaw=-1.25
72.3166666031,[debug],turtlebot2,simulation,robot-pose,x=-28.69;y=17.87;yaw=-0.79
72.3166666031,[debug],turtlebot4,simulation,robot-pose,x=-37.39;y=22.16;yaw=-1.47
72.3166666031,[debug],turtlebot3,simulation,robot-pose,x=-27.22;y=18.03;yaw=-1.58
72.3333332539,[debug],turtlebot5,simulation,robot-pose,x=-32.89;y=33.97;yaw=-3.10
72.3333332539,[debug],turtlebot2,simulation,robot-pose,x=-28.69;y=17.87;yaw=-0.79
72.3499999046,[debug],turtlebot4,simulation,robot-pose,x=-37.39;y=22.16;yaw=-1.47
72.3499999046,[debug],turtlebot3,simulation,robot-pose,x=-27.22;y=18.03;yaw=-1.58
72.3499999046,[debug],turtlebot5,simulation,robot-pose,x=-32.89;y=33.97;yaw=-3.10
87.1833333969,[debug],turtlebot1,simulation,robot-pose,x=-11.46;y=17.82;yaw=-1.25
87.3166666031,[debug],turtlebot2,simulation,robot-pose,x=-28.69;y=17.87;yaw=-0.78
87.3166666031,[debug],turtlebot4,simulation,robot-pose,x=-37.44;y=19.62;yaw=-1.58
87.3166666031,[debug],turtlebot3,simulation,robot-pose,x=-27.22;y=18.03;yaw=-1.58
87.3333332539,[debug],turtlebot5,simulation,robot-pose,x=-32.90;y=33.97;yaw=-3.10
87.3666665554,[debug],turtlebot1,simulation,robot-pose,x=-11.46;y=17.82;yaw=-1.25
87.3666665554,[debug],turtlebot2,simulation,robot-pose,x=-28.69;y=17.87;yaw=-0.78
87.3666665554,[debug],turtlebot4,simulation,robot-pose,x=-37.44;y=19.62;yaw=-1.58
87.3666665554,[debug],turtlebot3,simulation,robot-pose,x=-27.22;y=18.03;yaw=-1.58
87.3666665554,[debug],turtlebot5,simulation,robot-pose,x=-32.90;y=33.97;yaw=-3.10
102.183333397,[debug],turtlebot1,simulation,robot-pose,x=-11.46;y=17.82;yaw=-1.25
102.183333397,[debug],turtlebot1,simulation,robot-pose,x=-11.46;y=17.82;yaw=-1.25
102.316666603,[debug],turtlebot4,simulation,robot-pose,x=-37.01;y=17.68;yaw=-1.60
102.316666603,[debug],turtlebot2,simulation,robot-pose,x=-28.69;y=17.88;yaw=-0.79
102.316666603,[debug],turtlebot3,simulation,robot-pose,x=-27.22;y=18.03;yaw=-1.58
102.333333254,[debug],turtlebot5,simulation,robot-pose,x=-32.90;y=33.97;yaw=-3.10
102.333333254,[debug],turtlebot4,simulation,robot-pose,x=-37.01;y=17.68;yaw=-1.60
102.333333254,[debug],turtlebot2,simulation,robot-pose,x=-28.69;y=17.88;yaw=-0.79
102.333333254,[debug],turtlebot3,simulation,robot-pose,x=-27.22;y=18.03;yaw=-1.58
102.333333254,[debug],turtlebot5,simulation,robot-pose,x=-32.90;y=33.97;yaw=-3.10
117.183333397,[debug],turtlebot1,simulation,robot-pose,x=-11.46;y=17.82;yaw=-1.25
117.316666603,[debug],turtlebot3,simulation,robot-pose,x=-27.22;y=18.03;yaw=-1.58
117.316666603,[debug],turtlebot4,simulation,robot-pose,x=-36.45;y=15.90;yaw=-0.95
117.316666603,[debug],turtlebot2,simulation,robot-pose,x=-28.69;y=17.88;yaw=-0.79
117.333333254,[debug],turtlebot5,simulation,robot-pose,x=-32.90;y=33.97;yaw=-3.09
117.333333254,[debug],turtlebot1,simulation,robot-pose,x=-11.46;y=17.82;yaw=-1.25
117.333333254,[debug],turtlebot3,simulation,robot-pose,x=-27.22;y=18.03;yaw=-1.58
117.333333254,[debug],turtlebot4,simulation,robot-pose,x=-36.45;y=15.90;yaw=-0.95
117.349999905,[debug],turtlebot2,simulation,robot-pose,x=-28.69;y=17.88;yaw=-0.79
117.349999905,[debug],turtlebot5,simulation,robot-pose,x=-32.90;y=33.97;yaw=-3.09
117.766666651,[info],turtlebot4,skill-life-cycle,navigation,(status=RUNNING, parameters=[[-28.5, 16.0, 3.141592653589793, True], [-37.0, 16.0, 1.5707963267948966, True], [-37.0, 18.93, 0.0, True], [-33.9, 18.93, 3.14, False]])
132.183333397,[debug],turtlebot1,simulation,robot-pose,x=-11.46;y=17.82;yaw=-1.25
132.316666603,[debug],turtlebot2,simulation,robot-pose,x=-28.69;y=17.88;yaw=-0.79
132.316666603,[debug],turtlebot3,simulation,robot-pose,x=-27.22;y=18.03;yaw=-1.58
132.316666603,[debug],turtlebot4,simulation,robot-pose,x=-35.28;y=15.38;yaw=-0.03
132.333333254,[debug],turtlebot5,simulation,robot-pose,x=-32.90;y=33.97;yaw=-3.09
132.333333254,[debug],turtlebot1,simulation,robot-pose,x=-11.46;y=17.82;yaw=-1.25
132.349999905,[debug],turtlebot2,simulation,robot-pose,x=-28.69;y=17.88;yaw=-0.79
132.349999905,[debug],turtlebot3,simulation,robot-pose,x=-27.22;y=18.03;yaw=-1.58
132.349999905,[debug],turtlebot4,simulation,robot-pose,x=-35.28;y=15.38;yaw=-0.03
132.349999905,[debug],turtlebot5,simulation,robot-pose,x=-32.90;y=33.97;yaw=-3.09
147.183333397,[debug],turtlebot1,simulation,robot-pose,x=-11.46;y=17.82;yaw=-1.25
147.316666603,[debug],turtlebot3,simulation,robot-pose,x=-27.22;y=18.03;yaw=-1.57
147.316666603,[debug],turtlebot4,simulation,robot-pose,x=-34.03;y=15.46;yaw=0.06
147.316666603,[debug],turtlebot2,simulation,robot-pose,x=-28.69;y=17.88;yaw=-0.80
147.333333254,[debug],turtlebot5,simulation,robot-pose,x=-32.90;y=33.97;yaw=-3.09
147.349999905,[debug],turtlebot1,simulation,robot-pose,x=-11.46;y=17.82;yaw=-1.25
147.349999905,[debug],turtlebot3,simulation,robot-pose,x=-27.22;y=18.03;yaw=-1.57
147.349999905,[debug],turtlebot4,simulation,robot-pose,x=-34.03;y=15.46;yaw=0.06
147.349999905,[debug],turtlebot2,simulation,robot-pose,x=-28.69;y=17.88;yaw=-0.80
147.349999905,[debug],turtlebot5,simulation,robot-pose,x=-32.90;y=33.97;yaw=-3.09
162.183333397,[debug],turtlebot1,simulation,robot-pose,x=-11.46;y=17.82;yaw=-1.25
162.316666603,[debug],turtlebot2,simulation,robot-pose,x=-28.69;y=17.88;yaw=-0.80
162.316666603,[debug],turtlebot4,simulation,robot-pose,x=-32.78;y=15.62;yaw=0.01
162.316666603,[debug],turtlebot3,simulation,robot-pose,x=-27.22;y=18.03;yaw=-1.57
162.333333254,[debug],turtlebot5,simulation,robot-pose,x=-32.90;y=33.97;yaw=-3.09
162.349999905,[debug],turtlebot1,simulation,robot-pose,x=-11.46;y=17.82;yaw=-1.25
162.349999905,[debug],turtlebot2,simulation,robot-pose,x=-28.69;y=17.88;yaw=-0.80
162.349999905,[debug],turtlebot4,simulation,robot-pose,x=-32.78;y=15.62;yaw=0.01
162.366666555,[debug],turtlebot3,simulation,robot-pose,x=-27.22;y=18.03;yaw=-1.57
162.366666555,[debug],turtlebot5,simulation,robot-pose,x=-32.90;y=33.97;yaw=-3.09
168.383333445,[info],turtlebot4,skill-life-cycle,navigation,(status=RUNNING, parameters=[[-28.5, 16.0, 3.141592653589793, True], [-37.0, 16.0, 1.5707963267948966, True], [-37.0, 18.93, 0.0, True], [-33.9, 18.93, 3.14, False]])
177.183333397,[debug],turtlebot1,simulation,robot-pose,x=-11.46;y=17.82;yaw=-1.25
177.316666603,[debug],turtlebot3,simulation,robot-pose,x=-27.22;y=18.03;yaw=-1.57
177.316666603,[debug],turtlebot4,simulation,robot-pose,x=-31.54;y=15.78;yaw=0.04
177.316666603,[debug],turtlebot2,simulation,robot-pose,x=-28.68;y=17.88;yaw=-0.80
177.316666603,[debug],turtlebot1,simulation,robot-pose,x=-11.46;y=17.82;yaw=-1.25
177.316666603,[debug],turtlebot3,simulation,robot-pose,x=-27.22;y=18.03;yaw=-1.57
177.316666603,[debug],turtlebot4,simulation,robot-pose,x=-31.54;y=15.78;yaw=0.04
177.316666603,[debug],turtlebot2,simulation,robot-pose,x=-28.68;y=17.88;yaw=-0.80
177.333333254,[debug],turtlebot5,simulation,robot-pose,x=-32.90;y=33.97;yaw=-3.09
177.333333254,[debug],turtlebot5,simulation,robot-pose,x=-32.90;y=33.97;yaw=-3.09
192.183333397,[debug],turtlebot1,simulation,robot-pose,x=-11.46;y=17.82;yaw=-1.25
192.316666603,[debug],turtlebot4,simulation,robot-pose,x=-30.29;y=15.76;yaw=-0.01
192.316666603,[debug],turtlebot2,simulation,robot-pose,x=-28.68;y=17.88;yaw=-0.80
192.316666603,[debug],turtlebot3,simulation,robot-pose,x=-27.22;y=18.03;yaw=-1.57
192.333333254,[debug],turtlebot5,simulation,robot-pose,x=-32.90;y=33.97;yaw=-3.09
192.333333254,[debug],turtlebot1,simulation,robot-pose,x=-11.46;y=17.82;yaw=-1.25
192.349999905,[debug],turtlebot4,simulation,robot-pose,x=-30.29;y=15.76;yaw=-0.01
192.349999905,[debug],turtlebot2,simulation,robot-pose,x=-28.68;y=17.88;yaw=-0.80
192.349999905,[debug],turtlebot3,simulation,robot-pose,x=-27.22;y=18.03;yaw=-1.57
192.349999905,[debug],turtlebot5,simulation,robot-pose,x=-32.90;y=33.97;yaw=-3.09
207.183333397,[debug],turtlebot1,simulation,robot-pose,x=-11.46;y=17.82;yaw=-1.25
207.316666603,[debug],turtlebot2,simulation,robot-pose,x=-28.68;y=17.88;yaw=-0.80
207.316666603,[debug],turtlebot4,simulation,robot-pose,x=-29.05;y=15.93;yaw=0.35
207.316666603,[debug],turtlebot3,simulation,robot-pose,x=-27.22;y=18.03;yaw=-1.57
207.333333254,[debug],turtlebot5,simulation,robot-pose,x=-32.91;y=33.97;yaw=-3.09
207.333333254,[debug],turtlebot1,simulation,robot-pose,x=-11.46;y=17.82;yaw=-1.25
207.333333254,[debug],turtlebot2,simulation,robot-pose,x=-28.68;y=17.88;yaw=-0.80
207.333333254,[debug],turtlebot4,simulation,robot-pose,x=-29.05;y=15.93;yaw=0.35
207.333333254,[debug],turtlebot3,simulation,robot-pose,x=-27.22;y=18.03;yaw=-1.57
207.333333254,[debug],turtlebot5,simulation,robot-pose,x=-32.91;y=33.97;yaw=-3.09
215.333333254,[debug],turtlebot4,move-base-info,Hooray, the base moved arrived,(x=-28.5;y=16)
215.349999905,[debug],turtlebot4,move-base-info,Hooray, the base moved arrived,(x=-28.5;y=16)
215.433333397,[debug],turtlebot4,task-update,navigation,way-point-reached,25.0%
219.183333397,[info],turtlebot4,skill-life-cycle,navigation,(status=RUNNING, parameters=[[-28.5, 16.0, 3.141592653589793, True], [-37.0, 16.0, 1.5707963267948966, True], [-37.0, 18.93, 0.0, True], [-33.9, 18.93, 3.14, False]])
222.183333397,[debug],turtlebot1,simulation,robot-pose,x=-11.46;y=17.82;yaw=-1.25
222.316666603,[debug],turtlebot2,simulation,robot-pose,x=-28.69;y=17.88;yaw=-0.80
222.316666603,[debug],turtlebot4,simulation,robot-pose,x=-30.57;y=15.89;yaw=-3.03
222.316666603,[debug],turtlebot3,simulation,robot-pose,x=-27.21;y=18.03;yaw=-1.57
222.316666603,[debug],turtlebot1,simulation,robot-pose,x=-11.46;y=17.82;yaw=-1.25
222.316666603,[debug],turtlebot2,simulation,robot-pose,x=-28.69;y=17.88;yaw=-0.80
222.316666603,[debug],turtlebot4,simulation,robot-pose,x=-30.57;y=15.89;yaw=-3.03
222.333333254,[debug],turtlebot3,simulation,robot-pose,x=-27.21;y=18.03;yaw=-1.57
222.333333254,[debug],turtlebot5,simulation,robot-pose,x=-32.91;y=33.97;yaw=-3.08
222.333333254,[debug],turtlebot5,simulation,robot-pose,x=-32.91;y=33.97;yaw=-3.08
235.133333445,[debug],turtlebot4,move-base-info,Hooray, the base moved arrived,(x=-37;y=16)
235.133333445,[debug],turtlebot4,move-base-info,Hooray, the base moved arrived,(x=-37;y=16)
235.266666651,[debug],turtlebot4,task-update,navigation,way-point-reached,50.0%
237.183333397,[debug],turtlebot1,simulation,robot-pose,x=-11.46;y=17.82;yaw=-1.25
237.183333397,[debug],turtlebot1,simulation,robot-pose,x=-11.46;y=17.82;yaw=-1.25
237.316666603,[debug],turtlebot4,simulation,robot-pose,x=-36.58;y=15.81;yaw=1.61
237.316666603,[debug],turtlebot3,simulation,robot-pose,x=-27.21;y=18.03;yaw=-1.57
237.316666603,[debug],turtlebot2,simulation,robot-pose,x=-28.69;y=17.88;yaw=-0.80
237.333333254,[debug],turtlebot5,simulation,robot-pose,x=-32.91;y=33.97;yaw=-3.07
237.333333254,[debug],turtlebot4,simulation,robot-pose,x=-36.58;y=15.81;yaw=1.61
237.333333254,[debug],turtlebot3,simulation,robot-pose,x=-27.21;y=18.03;yaw=-1.57
237.333333254,[debug],turtlebot2,simulation,robot-pose,x=-28.69;y=17.88;yaw=-0.80
237.333333254,[debug],turtlebot5,simulation,robot-pose,x=-32.91;y=33.97;yaw=-3.07
252.183333397,[debug],turtlebot1,simulation,robot-pose,x=-11.46;y=17.82;yaw=-1.25
252.183333397,[debug],turtlebot1,simulation,robot-pose,x=-11.46;y=17.82;yaw=-1.25
252.316666603,[debug],turtlebot3,simulation,robot-pose,x=-27.21;y=18.03;yaw=-1.57
252.316666603,[debug],turtlebot2,simulation,robot-pose,x=-28.69;y=17.88;yaw=-0.79
252.316666603,[debug],turtlebot4,simulation,robot-pose,x=-36.70;y=17.97;yaw=1.71
252.333333254,[debug],turtlebot5,simulation,robot-pose,x=-32.91;y=33.97;yaw=-3.06
252.366666555,[debug],turtlebot3,simulation,robot-pose,x=-27.21;y=18.03;yaw=-1.57
252.366666555,[debug],turtlebot2,simulation,robot-pose,x=-28.69;y=17.88;yaw=-0.79
252.366666555,[debug],turtlebot4,simulation,robot-pose,x=-36.70;y=17.97;yaw=1.71
252.383333445,[debug],turtlebot5,simulation,robot-pose,x=-32.91;y=33.97;yaw=-3.06
260.033333302,[debug],turtlebot4,move-base-info,Hooray, the base moved arrived,(x=-37;y=18.93)
260.033333302,[debug],turtlebot4,move-base-info,Hooray, the base moved arrived,(x=-37;y=18.93)
260.216666698,[debug],turtlebot4,task-update,navigation,way-point-reached,75.0%
267.183333397,[debug],turtlebot1,simulation,robot-pose,x=-11.46;y=17.82;yaw=-1.25
267.183333397,[debug],turtlebot1,simulation,robot-pose,x=-11.46;y=17.82;yaw=-1.25
267.316666603,[debug],turtlebot4,simulation,robot-pose,x=-36.69;y=18.47;yaw=-0.73
267.316666603,[debug],turtlebot3,simulation,robot-pose,x=-27.21;y=18.03;yaw=-1.57
267.316666603,[debug],turtlebot2,simulation,robot-pose,x=-28.69;y=17.88;yaw=-0.79
267.333333254,[debug],turtlebot5,simulation,robot-pose,x=-32.91;y=33.97;yaw=-3.06
267.333333254,[debug],turtlebot4,simulation,robot-pose,x=-36.69;y=18.47;yaw=-0.73
267.333333254,[debug],turtlebot3,simulation,robot-pose,x=-27.21;y=18.03;yaw=-1.57
267.333333254,[debug],turtlebot2,simulation,robot-pose,x=-28.69;y=17.88;yaw=-0.79
267.333333254,[debug],turtlebot5,simulation,robot-pose,x=-32.91;y=33.97;yaw=-3.06
270.683333397,[info],turtlebot4,skill-life-cycle,navigation,(status=RUNNING, parameters=[[-28.5, 16.0, 3.141592653589793, True], [-37.0, 16.0, 1.5707963267948966, True], [-37.0, 18.93, 0.0, True], [-33.9, 18.93, 3.14, False]])
282.183333397,[debug],turtlebot1,simulation,robot-pose,x=-11.46;y=17.82;yaw=-1.25
282.183333397,[debug],turtlebot1,simulation,robot-pose,x=-11.46;y=17.82;yaw=-1.25
282.316666603,[debug],turtlebot3,simulation,robot-pose,x=-27.21;y=18.03;yaw=-1.57
282.316666603,[debug],turtlebot2,simulation,robot-pose,x=-28.70;y=17.88;yaw=-0.80
282.316666603,[debug],turtlebot4,simulation,robot-pose,x=-35.56;y=17.78;yaw=-0.06
282.333333254,[debug],turtlebot5,simulation,robot-pose,x=-32.92;y=33.98;yaw=-3.05
282.366666555,[debug],turtlebot3,simulation,robot-pose,x=-27.21;y=18.03;yaw=-1.57
282.366666555,[debug],turtlebot2,simulation,robot-pose,x=-28.70;y=17.88;yaw=-0.80
282.366666555,[debug],turtlebot4,simulation,robot-pose,x=-35.56;y=17.78;yaw=-0.06
282.366666555,[debug],turtlebot5,simulation,robot-pose,x=-32.92;y=33.98;yaw=-3.05
297.183333397,[debug],turtlebot1,simulation,robot-pose,x=-11.46;y=17.82;yaw=-1.25
297.183333397,[debug],turtlebot1,simulation,robot-pose,x=-11.46;y=17.82;yaw=-1.25
297.316666603,[debug],turtlebot2,simulation,robot-pose,x=-28.70;y=17.88;yaw=-0.80
297.316666603,[debug],turtlebot4,simulation,robot-pose,x=-34.40;y=18.32;yaw=0.79
297.316666603,[debug],turtlebot3,simulation,robot-pose,x=-27.21;y=18.03;yaw=-1.57
297.333333254,[debug],turtlebot5,simulation,robot-pose,x=-32.92;y=33.98;yaw=-3.05
297.333333254,[debug],turtlebot2,simulation,robot-pose,x=-28.70;y=17.88;yaw=-0.80
297.333333254,[debug],turtlebot4,simulation,robot-pose,x=-34.40;y=18.32;yaw=0.79
297.333333254,[debug],turtlebot3,simulation,robot-pose,x=-27.21;y=18.03;yaw=-1.57
297.333333254,[debug],turtlebot5,simulation,robot-pose,x=-32.92;y=33.98;yaw=-3.05
306.333333254,[debug],turtlebot4,move-base-info,Hooray, the base moved arrived,(x=-33.9;y=18.93)
306.333333254,[debug],turtlebot4,move-base-info,Hooray, the base moved arrived,(x=-33.9;y=18.93)
306.583333254,[debug],turtlebot4,task-update,navigation,way-point-reached,100.0%
306.683333397,[debug],turtlebot4,available-skills,['send_message', 'wait_message', 'approach_person', 'approach_robot', 'authenticate_person', 'deposit', 'navigation', 'operate_drawer', 'pick_up'],
306.683333397,[info],turtlebot4,skill-life-cycle,approach_person,(status=STARTED, parameters=['nurse'])
306.783333302,[debug],turtlebot4,task-update,approach_person,localize-person,(who=nurse)
306.883333445,[debug],turtlebot4,task-update,approach_person,goto-person,(who=nurse)
306.983333349,[debug],turtlebot4,available-skills,['send_message', 'wait_message', 'approach_person', 'approach_robot', 'authenticate_person', 'deposit', 'navigation', 'operate_drawer', 'pick_up'],
306.983333349,[info],turtlebot4,skill-life-cycle,authenticate_person,(status=STARTED, parameters=['nurse'])
307.066666603,[debug],turtlebot4,task-update,authenticate_person,request-authentication,(to=nurse)
307.083333254,[info],nurse,sync,received-request,(status=sending-request)
307.083333254,[info],nurse,sync,received-request,(status=sending-request)
307.483333349,[debug],turtlebot4,task-update,authenticate_person,received-authentication,(from=nurse)
307.583333254,[debug],turtlebot4,available-skills,['send_message', 'wait_message', 'approach_person', 'approach_robot', 'authenticate_person', 'deposit', 'navigation', 'operate_drawer', 'pick_up'],
307.583333254,[info],turtlebot4,skill-life-cycle,operate_drawer,(status=STARTED, parameters=['open'])
307.666666746,[debug],turtlebot4,task-update,operate_drawer,open
308.666666746,[debug],turtlebot4,available-skills,['send_message', 'wait_message', 'approach_person', 'approach_robot', 'authenticate_person', 'deposit', 'navigation', 'operate_drawer', 'pick_up'],
308.666666746,[info],turtlebot4,skill-life-cycle,send_message,(status=STARTED, parameters=['nurse'])
308.733333349,[info],turtlebot4,sync,send-message,(to=nurse)
309.616666555,[info],nurse,sync,wait-message,(status=message-received)
309.616666555,[info],nurse,sync,wait-message,(status=message-received)
312.183333397,[debug],turtlebot1,simulation,robot-pose,x=-11.47;y=17.82;yaw=-1.25
312.316666603,[debug],turtlebot3,simulation,robot-pose,x=-27.21;y=18.03;yaw=-1.57
312.316666603,[debug],turtlebot4,simulation,robot-pose,x=-34.13;y=18.57;yaw=3.09
312.316666603,[debug],turtlebot4,available-skills,['send_message', 'wait_message', 'approach_person', 'approach_robot', 'authenticate_person', 'deposit', 'navigation', 'operate_drawer', 'pick_up'],
312.316666603,[debug],turtlebot2,simulation,robot-pose,x=-28.70;y=17.88;yaw=-0.81
312.316666603,[info],turtlebot4,skill-life-cycle,wait_message,(status=STARTED, parameters=['r1'])
312.333333254,[debug],turtlebot5,simulation,robot-pose,x=-32.92;y=33.98;yaw=-3.06
312.333333254,[debug],turtlebot1,simulation,robot-pose,x=-11.47;y=17.82;yaw=-1.25
312.333333254,[debug],turtlebot3,simulation,robot-pose,x=-27.21;y=18.03;yaw=-1.57
312.333333254,[debug],turtlebot4,simulation,robot-pose,x=-34.13;y=18.57;yaw=3.09
312.333333254,[debug],turtlebot2,simulation,robot-pose,x=-28.70;y=17.88;yaw=-0.81
312.333333254,[debug],turtlebot5,simulation,robot-pose,x=-32.92;y=33.98;yaw=-3.06
313.650000095,[info],turtlebot4,sync,wait-message,(status=message-received)
313.733333349,[debug],turtlebot4,available-skills,['send_message', 'wait_message', 'approach_person', 'approach_robot', 'authenticate_person', 'deposit', 'navigation', 'operate_drawer', 'pick_up'],
313.733333349,[info],turtlebot4,skill-life-cycle,operate_drawer,(status=STARTED, parameters=['close'])
313.783333302,[debug],turtlebot4,task-update,operate_drawer,close
314.799999952,[debug],turtlebot4,available-skills,['send_message', 'wait_message', 'approach_person', 'approach_robot', 'authenticate_person', 'deposit', 'navigation', 'operate_drawer', 'pick_up'],
314.799999952,[info],turtlebot4,skill-life-cycle,navigation,(status=STARTED, parameters=[[-37.0, 18.93, -1.5707963267948966, True], [-37.0, 16.0, 0.0, True], [-26.0, 16.0, -1.5707963267948966, True], [-26.0, 13.0, 1.57, False]])
319.616666555,[info],nurse,sync,wait-message,(status=message-received)
319.616666555,[info],nurse,sync,wait-message,(status=message-received)
323.283333302,[info],turtlebot4,skill-life-cycle,navigation,(status=RUNNING, parameters=[[-37.0, 18.93, -1.5707963267948966, True], [-37.0, 16.0, 0.0, True], [-26.0, 16.0, -1.5707963267948966, True], [-26.0, 13.0, 1.57, False]])
327.083333254,[info],nurse,sync,request-sent,(status=waiting)
327.083333254,[info],nurse,sync,request-sent,(status=waiting)
327.183333397,[debug],turtlebot1,simulation,robot-pose,x=-11.47;y=17.82;yaw=-1.25
327.316666603,[debug],turtlebot4,simulation,robot-pose,x=-34.91;y=18.13;yaw=-2.60
327.316666603,[debug],turtlebot3,simulation,robot-pose,x=-27.21;y=18.03;yaw=-1.55
327.316666603,[debug],turtlebot2,simulation,robot-pose,x=-28.70;y=17.88;yaw=-0.80
327.333333254,[debug],turtlebot5,simulation,robot-pose,x=-32.92;y=33.98;yaw=-3.06
327.349999905,[debug],turtlebot1,simulation,robot-pose,x=-11.47;y=17.82;yaw=-1.25
327.349999905,[debug],turtlebot4,simulation,robot-pose,x=-34.91;y=18.13;yaw=-2.60
327.349999905,[debug],turtlebot3,simulation,robot-pose,x=-27.21;y=18.03;yaw=-1.55
327.366666555,[debug],turtlebot2,simulation,robot-pose,x=-28.70;y=17.88;yaw=-0.80
327.366666555,[debug],turtlebot5,simulation,robot-pose,x=-32.92;y=33.98;yaw=-3.06
329.616666555,[info],nurse,sync,wait-message,(status=message-received)
329.616666555,[info],nurse,sync,wait-message,(status=message-received)
339.616666555,[info],nurse,sync,wait-message,(status=message-received)
339.616666555,[info],nurse,sync,wait-message,(status=message-received)
342.183333397,[debug],turtlebot1,simulation,robot-pose,x=-11.47;y=17.82;yaw=-1.25
342.183333397,[debug],turtlebot1,simulation,robot-pose,x=-11.47;y=17.82;yaw=-1.25
342.316666603,[debug],turtlebot4,simulation,robot-pose,x=-36.83;y=18.53;yaw=-2.34
342.316666603,[debug],turtlebot2,simulation,robot-pose,x=-28.71;y=17.88;yaw=-0.81
342.316666603,[debug],turtlebot3,simulation,robot-pose,x=-27.21;y=18.02;yaw=-1.54
342.333333254,[debug],turtlebot5,simulation,robot-pose,x=-32.93;y=33.98;yaw=-3.06
342.333333254,[debug],turtlebot4,simulation,robot-pose,x=-36.83;y=18.53;yaw=-2.34
342.333333254,[debug],turtlebot2,simulation,robot-pose,x=-28.71;y=17.88;yaw=-0.81
342.333333254,[debug],turtlebot3,simulation,robot-pose,x=-27.21;y=18.02;yaw=-1.54
342.333333254,[debug],turtlebot5,simulation,robot-pose,x=-32.93;y=33.98;yaw=-3.06
344.650000095,[debug],turtlebot4,move-base-info,Hooray, the base moved arrived,(x=-37;y=18.93)
344.650000095,[debug],turtlebot4,move-base-info,Hooray, the base moved arrived,(x=-37;y=18.93)
344.733333349,[debug],turtlebot4,task-update,navigation,way-point-reached,25.0%
357.183333397,[debug],turtlebot1,simulation,robot-pose,x=-11.47;y=17.82;yaw=-1.25
357.316666603,[debug],turtlebot3,simulation,robot-pose,x=-27.21;y=18.01;yaw=-1.54
357.316666603,[debug],turtlebot2,simulation,robot-pose,x=-28.71;y=17.88;yaw=-0.81
357.316666603,[debug],turtlebot4,simulation,robot-pose,x=-36.72;y=17.38;yaw=-1.53
357.333333254,[debug],turtlebot5,simulation,robot-pose,x=-32.93;y=33.98;yaw=-3.06
357.333333254,[debug],turtlebot1,simulation,robot-pose,x=-11.47;y=17.82;yaw=-1.25
357.333333254,[debug],turtlebot3,simulation,robot-pose,x=-27.21;y=18.01;yaw=-1.54
357.333333254,[debug],turtlebot2,simulation,robot-pose,x=-28.71;y=17.88;yaw=-0.81
357.349999905,[debug],turtlebot4,simulation,robot-pose,x=-36.72;y=17.38;yaw=-1.53
357.349999905,[debug],turtlebot5,simulation,robot-pose,x=-32.93;y=33.98;yaw=-3.06
367.483333349,[debug],turtlebot4,move-base-info,Hooray, the base moved arrived,(x=-37;y=16)
367.483333349,[debug],turtlebot4,move-base-info,Hooray, the base moved arrived,(x=-37;y=16)
367.633333445,[debug],turtlebot4,task-update,navigation,way-point-reached,50.0%
372.183333397,[debug],turtlebot1,simulation,robot-pose,x=-11.47;y=17.82;yaw=-1.25
372.316666603,[debug],turtlebot2,simulation,robot-pose,x=-28.71;y=17.88;yaw=-0.80
372.316666603,[debug],turtlebot4,simulation,robot-pose,x=-36.86;y=16.42;yaw=-0.05
372.316666603,[debug],turtlebot3,simulation,robot-pose,x=-27.21;y=17.99;yaw=-1.54
372.333333254,[debug],turtlebot5,simulation,robot-pose,x=-32.93;y=33.98;yaw=-3.06
372.333333254,[debug],turtlebot1,simulation,robot-pose,x=-11.47;y=17.82;yaw=-1.25
372.349999905,[debug],turtlebot2,simulation,robot-pose,x=-28.71;y=17.88;yaw=-0.80
372.349999905,[debug],turtlebot4,simulation,robot-pose,x=-36.86;y=16.42;yaw=-0.05
372.349999905,[debug],turtlebot3,simulation,robot-pose,x=-27.21;y=17.99;yaw=-1.54
372.349999905,[debug],turtlebot5,simulation,robot-pose,x=-32.93;y=33.98;yaw=-3.06
374.75,[info],turtlebot4,skill-life-cycle,navigation,(status=RUNNING, parameters=[[-37.0, 18.93, -1.5707963267948966, True], [-37.0, 16.0, 0.0, True], [-26.0, 16.0, -1.5707963267948966, True], [-26.0, 13.0, 1.57, False]])
387.183333397,[debug],turtlebot1,simulation,robot-pose,x=-11.47;y=17.82;yaw=-1.25
387.316666603,[debug],turtlebot2,simulation,robot-pose,x=-28.72;y=17.88;yaw=-0.80
387.316666603,[debug],turtlebot4,simulation,robot-pose,x=-35.85;y=15.49;yaw=-0.48
387.316666603,[debug],turtlebot3,simulation,robot-pose,x=-27.21;y=17.98;yaw=-1.54
387.333333254,[debug],turtlebot5,simulation,robot-pose,x=-32.93;y=33.98;yaw=-3.06
387.349999905,[debug],turtlebot1,simulation,robot-pose,x=-11.47;y=17.82;yaw=-1.25
387.349999905,[debug],turtlebot2,simulation,robot-pose,x=-28.72;y=17.88;yaw=-0.80
387.349999905,[debug],turtlebot4,simulation,robot-pose,x=-35.85;y=15.49;yaw=-0.48
387.349999905,[debug],turtlebot3,simulation,robot-pose,x=-27.21;y=17.98;yaw=-1.54
387.366666555,[debug],turtlebot5,simulation,robot-pose,x=-32.93;y=33.98;yaw=-3.06
402.183333397,[debug],turtlebot1,simulation,robot-pose,x=-11.47;y=17.82;yaw=-1.25
402.316666603,[debug],turtlebot3,simulation,robot-pose,x=-27.21;y=17.96;yaw=-1.54
402.316666603,[debug],turtlebot4,simulation,robot-pose,x=-34.61;y=15.30;yaw=-0.01
402.316666603,[debug],turtlebot2,simulation,robot-pose,x=-28.72;y=17.88;yaw=-0.80
402.333333254,[debug],turtlebot5,simulation,robot-pose,x=-32.93;y=33.98;yaw=-3.06
402.349999905,[debug],turtlebot1,simulation,robot-pose,x=-11.47;y=17.82;yaw=-1.25
402.349999905,[debug],turtlebot3,simulation,robot-pose,x=-27.21;y=17.96;yaw=-1.54
402.349999905,[debug],turtlebot4,simulation,robot-pose,x=-34.61;y=15.30;yaw=-0.01
402.349999905,[debug],turtlebot2,simulation,robot-pose,x=-28.72;y=17.88;yaw=-0.80
402.349999905,[debug],turtlebot5,simulation,robot-pose,x=-32.93;y=33.98;yaw=-3.06
417.183333397,[debug],turtlebot1,simulation,robot-pose,x=-11.47;y=17.82;yaw=-1.25
417.316666603,[debug],turtlebot2,simulation,robot-pose,x=-28.72;y=17.88;yaw=-0.80
417.316666603,[debug],turtlebot3,simulation,robot-pose,x=-27.20;y=17.95;yaw=-1.54
417.316666603,[debug],turtlebot4,simulation,robot-pose,x=-33.36;y=15.33;yaw=0.01
417.333333254,[debug],turtlebot5,simulation,robot-pose,x=-32.93;y=33.98;yaw=-3.06
417.333333254,[debug],turtlebot1,simulation,robot-pose,x=-11.47;y=17.82;yaw=-1.25
417.333333254,[debug],turtlebot2,simulation,robot-pose,x=-28.72;y=17.88;yaw=-0.80
417.333333254,[debug],turtlebot3,simulation,robot-pose,x=-27.20;y=17.95;yaw=-1.54
417.333333254,[debug],turtlebot4,simulation,robot-pose,x=-33.36;y=15.33;yaw=0.01
417.333333254,[debug],turtlebot5,simulation,robot-pose,x=-32.93;y=33.98;yaw=-3.06
425.016666651,[info],turtlebot4,skill-life-cycle,navigation,(status=RUNNING, parameters=[[-37.0, 18.93, -1.5707963267948966, True], [-37.0, 16.0, 0.0, True], [-26.0, 16.0, -1.5707963267948966, True], [-26.0, 13.0, 1.57, False]])
432.183333397,[debug],turtlebot1,simulation,robot-pose,x=-11.47;y=17.82;yaw=-1.25
432.316666603,[debug],turtlebot3,simulation,robot-pose,x=-27.20;y=17.93;yaw=-1.54
432.316666603,[debug],turtlebot2,simulation,robot-pose,x=-28.72;y=17.88;yaw=-0.80
432.316666603,[debug],turtlebot4,simulation,robot-pose,x=-32.12;y=15.49;yaw=0.21
432.333333254,[debug],turtlebot5,simulation,robot-pose,x=-32.93;y=33.98;yaw=-3.06
432.349999905,[debug],turtlebot1,simulation,robot-pose,x=-11.47;y=17.82;yaw=-1.25
432.349999905,[debug],turtlebot3,simulation,robot-pose,x=-27.20;y=17.93;yaw=-1.54
432.349999905,[debug],turtlebot2,simulation,robot-pose,x=-28.72;y=17.88;yaw=-0.80
432.349999905,[debug],turtlebot4,simulation,robot-pose,x=-32.12;y=15.49;yaw=0.21
432.349999905,[debug],turtlebot5,simulation,robot-pose,x=-32.93;y=33.98;yaw=-3.06
447.183333397,[debug],turtlebot1,simulation,robot-pose,x=-11.47;y=17.82;yaw=-1.25
447.183333397,[debug],turtlebot1,simulation,robot-pose,x=-11.47;y=17.82;yaw=-1.25
447.316666603,[debug],turtlebot4,simulation,robot-pose,x=-30.87;y=15.64;yaw=0.11
447.316666603,[debug],turtlebot3,simulation,robot-pose,x=-27.20;y=17.92;yaw=-1.54
447.316666603,[debug],turtlebot2,simulation,robot-pose,x=-28.72;y=17.88;yaw=-0.80
447.333333254,[debug],turtlebot5,simulation,robot-pose,x=-32.93;y=33.98;yaw=-3.06
447.333333254,[debug],turtlebot4,simulation,robot-pose,x=-30.87;y=15.64;yaw=0.11
447.333333254,[debug],turtlebot3,simulation,robot-pose,x=-27.20;y=17.92;yaw=-1.54
447.349999905,[debug],turtlebot2,simulation,robot-pose,x=-28.72;y=17.88;yaw=-0.80
447.349999905,[debug],turtlebot5,simulation,robot-pose,x=-32.93;y=33.98;yaw=-3.06
462.183333397,[debug],turtlebot1,simulation,robot-pose,x=-11.47;y=17.82;yaw=-1.25
462.183333397,[debug],turtlebot1,simulation,robot-pose,x=-11.47;y=17.82;yaw=-1.25
462.316666603,[debug],turtlebot3,simulation,robot-pose,x=-27.20;y=17.90;yaw=-1.54
462.316666603,[debug],turtlebot2,simulation,robot-pose,x=-28.73;y=17.89;yaw=-0.81
462.316666603,[debug],turtlebot4,simulation,robot-pose,x=-29.62;y=15.69;yaw=-0.03
462.333333254,[debug],turtlebot5,simulation,robot-pose,x=-32.93;y=33.98;yaw=-3.06
462.349999905,[debug],turtlebot3,simulation,robot-pose,x=-27.20;y=17.90;yaw=-1.54
462.349999905,[debug],turtlebot2,simulation,robot-pose,x=-28.73;y=17.89;yaw=-0.81
462.349999905,[debug],turtlebot4,simulation,robot-pose,x=-29.62;y=15.69;yaw=-0.03
462.349999905,[debug],turtlebot5,simulation,robot-pose,x=-32.93;y=33.98;yaw=-3.06
475.383333445,[info],turtlebot4,skill-life-cycle,navigation,(status=RUNNING, parameters=[[-37.0, 18.93, -1.5707963267948966, True], [-37.0, 16.0, 0.0, True], [-26.0, 16.0, -1.5707963267948966, True], [-26.0, 13.0, 1.57, False]])
477.183333397,[debug],turtlebot1,simulation,robot-pose,x=-11.47;y=17.82;yaw=-1.25
477.316666603,[debug],turtlebot2,simulation,robot-pose,x=-28.73;y=17.89;yaw=-0.83
477.316666603,[debug],turtlebot4,simulation,robot-pose,x=-28.37;y=15.72;yaw=0.04
477.316666603,[debug],turtlebot3,simulation,robot-pose,x=-27.20;y=17.89;yaw=-1.54
477.333333254,[debug],turtlebot5,simulation,robot-pose,x=-32.93;y=33.98;yaw=-3.06
477.349999905,[debug],turtlebot1,simulation,robot-pose,x=-11.47;y=17.82;yaw=-1.25
477.349999905,[debug],turtlebot2,simulation,robot-pose,x=-28.73;y=17.89;yaw=-0.83
477.349999905,[debug],turtlebot4,simulation,robot-pose,x=-28.37;y=15.72;yaw=0.04
477.349999905,[debug],turtlebot3,simulation,robot-pose,x=-27.20;y=17.89;yaw=-1.54
477.349999905,[debug],turtlebot5,simulation,robot-pose,x=-32.93;y=33.98;yaw=-3.06
492.183333397,[debug],turtlebot1,simulation,robot-pose,x=-11.47;y=17.82;yaw=-1.25
492.316666603,[debug],turtlebot3,simulation,robot-pose,x=-27.20;y=17.87;yaw=-1.54
492.316666603,[debug],turtlebot4,simulation,robot-pose,x=-27.12;y=15.73;yaw=-0.06
492.316666603,[debug],turtlebot2,simulation,robot-pose,x=-28.73;y=17.89;yaw=-0.84
492.333333254,[debug],turtlebot5,simulation,robot-pose,x=-32.93;y=33.98;yaw=-3.06
492.366666555,[debug],turtlebot1,simulation,robot-pose,x=-11.47;y=17.82;yaw=-1.25
492.366666555,[debug],turtlebot3,simulation,robot-pose,x=-27.20;y=17.87;yaw=-1.54
492.366666555,[debug],turtlebot4,simulation,robot-pose,x=-27.12;y=15.73;yaw=-0.06
492.366666555,[debug],turtlebot2,simulation,robot-pose,x=-28.73;y=17.89;yaw=-0.84
492.366666555,[debug],turtlebot5,simulation,robot-pose,x=-32.93;y=33.98;yaw=-3.06
505.75,[debug],turtlebot4,move-base-info,Hooray, the base moved arrived,(x=-26;y=16)
505.75,[debug],turtlebot4,move-base-info,Hooray, the base moved arrived,(x=-26;y=16)
505.883333445,[debug],turtlebot4,task-update,navigation,way-point-reached,75.0%
507.183333397,[debug],turtlebot1,simulation,robot-pose,x=-11.47;y=17.82;yaw=-1.25
507.183333397,[debug],turtlebot1,simulation,robot-pose,x=-11.47;y=17.82;yaw=-1.25
507.316666603,[debug],turtlebot2,simulation,robot-pose,x=-28.73;y=17.89;yaw=-0.86
507.316666603,[debug],turtlebot3,simulation,robot-pose,x=-27.19;y=17.86;yaw=-1.54
507.316666603,[debug],turtlebot4,simulation,robot-pose,x=-26.42;y=15.89;yaw=-1.53
507.333333254,[debug],turtlebot5,simulation,robot-pose,x=-32.93;y=33.98;yaw=-3.06
507.333333254,[debug],turtlebot2,simulation,robot-pose,x=-28.73;y=17.89;yaw=-0.86
507.333333254,[debug],turtlebot3,simulation,robot-pose,x=-27.19;y=17.86;yaw=-1.54
507.333333254,[debug],turtlebot4,simulation,robot-pose,x=-26.42;y=15.89;yaw=-1.53
507.333333254,[debug],turtlebot5,simulation,robot-pose,x=-32.93;y=33.98;yaw=-3.06
522.183333397,[debug],turtlebot1,simulation,robot-pose,x=-11.47;y=17.82;yaw=-1.25
522.183333397,[debug],turtlebot1,simulation,robot-pose,x=-11.47;y=17.82;yaw=-1.25
522.316666603,[debug],turtlebot2,simulation,robot-pose,x=-28.73;y=17.89;yaw=-0.87
522.316666603,[debug],turtlebot4,simulation,robot-pose,x=-26.15;y=14.49;yaw=-1.28
522.316666603,[debug],turtlebot3,simulation,robot-pose,x=-27.19;y=17.85;yaw=-1.54
522.333333254,[debug],turtlebot5,simulation,robot-pose,x=-32.93;y=33.98;yaw=-3.05
522.366666555,[debug],turtlebot2,simulation,robot-pose,x=-28.73;y=17.89;yaw=-0.87
522.366666555,[debug],turtlebot4,simulation,robot-pose,x=-26.15;y=14.49;yaw=-1.28
522.366666555,[debug],turtlebot3,simulation,robot-pose,x=-27.19;y=17.85;yaw=-1.54
522.366666555,[debug],turtlebot5,simulation,robot-pose,x=-32.93;y=33.98;yaw=-3.05
526.200000048,[info],turtlebot4,skill-life-cycle,navigation,(status=RUNNING, parameters=[[-37.0, 18.93, -1.5707963267948966, True], [-37.0, 16.0, 0.0, True], [-26.0, 16.0, -1.5707963267948966, True], [-26.0, 13.0, 1.57, False]])
537.183333397,[debug],turtlebot1,simulation,robot-pose,x=-11.47;y=17.82;yaw=-1.25
537.183333397,[debug],turtlebot1,simulation,robot-pose,x=-11.47;y=17.82;yaw=-1.25
537.316666603,[debug],turtlebot3,simulation,robot-pose,x=-27.19;y=17.83;yaw=-1.54
537.316666603,[debug],turtlebot4,simulation,robot-pose,x=-26.13;y=13.47;yaw=-1.47
537.316666603,[debug],turtlebot2,simulation,robot-pose,x=-28.73;y=17.90;yaw=-0.88
537.333333254,[debug],turtlebot5,simulation,robot-pose,x=-32.93;y=33.98;yaw=-3.06
537.333333254,[debug],turtlebot3,simulation,robot-pose,x=-27.19;y=17.83;yaw=-1.54
537.333333254,[debug],turtlebot4,simulation,robot-pose,x=-26.13;y=13.47;yaw=-1.47
537.333333254,[debug],turtlebot2,simulation,robot-pose,x=-28.73;y=17.90;yaw=-0.88
537.349999905,[debug],turtlebot5,simulation,robot-pose,x=-32.93;y=33.98;yaw=-3.06
552.183333397,[debug],turtlebot1,simulation,robot-pose,x=-11.47;y=17.82;yaw=-1.25
552.183333397,[debug],turtlebot1,simulation,robot-pose,x=-11.47;y=17.82;yaw=-1.25
552.316666603,[debug],turtlebot3,simulation,robot-pose,x=-27.19;y=17.81;yaw=-1.54
552.316666603,[debug],turtlebot2,simulation,robot-pose,x=-28.73;y=17.90;yaw=-0.89
552.316666603,[debug],turtlebot4,simulation,robot-pose,x=-26.13;y=13.47;yaw=-1.43
552.333333254,[debug],turtlebot5,simulation,robot-pose,x=-32.93;y=33.98;yaw=-3.06
552.383333445,[debug],turtlebot3,simulation,robot-pose,x=-27.19;y=17.81;yaw=-1.54
552.383333445,[debug],turtlebot2,simulation,robot-pose,x=-28.73;y=17.90;yaw=-0.89
552.383333445,[debug],turtlebot4,simulation,robot-pose,x=-26.13;y=13.47;yaw=-1.43
552.383333445,[debug],turtlebot5,simulation,robot-pose,x=-32.93;y=33.98;yaw=-3.06
553.783333302,[debug],turtlebot4,move-base-info,The base failed to move ,(x=-26;y=13)
553.783333302,[debug],turtlebot4,move-base-info,The base failed to move ,(x=-26;y=13)
554.099999905,[info],turtlebot4,skill-life-cycle,navigation,(status=Status.FAILURE, parameters=[[-37.0, 18.93, -1.5707963267948966, True], [-37.0, 16.0, 0.0, True], [-26.0, 16.0, -1.5707963267948966, True], [-26.0, 13.0, 1.57, False]])
554.099999905,FAILURE
554.183333397,[info],turtlebot4,skill-life-cycle,navigation,(status=Status.FAILURE, parameters=[[-37.0, 18.93, -1.5707963267948966, True], [-37.0, 16.0, 0.0, True], [-26.0, 16.0, -1.5707963267948966, True], [-26.0, 13.0, 1.57, False]])
554.183333397,FAILURE
554.266666651,[info],turtlebot4,skill-life-cycle,navigation,(status=Status.FAILURE, parameters=[[-37.0, 18.93, -1.5707963267948966, True], [-37.0, 16.0, 0.0, True], [-26.0, 16.0, -1.5707963267948966, True], [-26.0, 13.0, 1.57, False]])
554.283333302,FAILURE
554.349999905,[info],turtlebot4,skill-life-cycle,navigation,(status=Status.FAILURE, parameters=[[-37.0, 18.93, -1.5707963267948966, True], [-37.0, 16.0, 0.0, True], [-26.0, 16.0, -1.5707963267948966, True], [-26.0, 13.0, 1.57, False]])
554.349999905,FAILURE
554.433333397,[info],turtlebot4,skill-life-cycle,navigation,(status=Status.FAILURE, parameters=[[-37.0, 18.93, -1.5707963267948966, True], [-37.0, 16.0, 0.0, True], [-26.0, 16.0, -1.5707963267948966, True], [-26.0, 13.0, 1.57, False]])
554.450000048,FAILURE
554.516666651,[info],turtlebot4,skill-life-cycle,navigation,(status=Status.FAILURE, parameters=[[-37.0, 18.93, -1.5707963267948966, True], [-37.0, 16.0, 0.0, True], [-26.0, 16.0, -1.5707963267948966, True], [-26.0, 13.0, 1.57, False]])
554.516666651,FAILURE
554.616666555,[info],turtlebot4,skill-life-cycle,navigation,(status=Status.FAILURE, parameters=[[-37.0, 18.93, -1.5707963267948966, True], [-37.0, 16.0, 0.0, True], [-26.0, 16.0, -1.5707963267948966, True], [-26.0, 13.0, 1.57, False]])
554.616666555,FAILURE
554.683333397,[info],turtlebot4,skill-life-cycle,navigation,(status=Status.FAILURE, parameters=[[-37.0, 18.93, -1.5707963267948966, True], [-37.0, 16.0, 0.0, True], [-26.0, 16.0, -1.5707963267948966, True], [-26.0, 13.0, 1.57, False]])
554.683333397,FAILURE
554.783333302,[info],turtlebot4,skill-life-cycle,navigation,(status=Status.FAILURE, parameters=[[-37.0, 18.93, -1.5707963267948966, True], [-37.0, 16.0, 0.0, True], [-26.0, 16.0, -1.5707963267948966, True], [-26.0, 13.0, 1.57, False]])
554.783333302,FAILURE
554.866666555,[info],turtlebot4,skill-life-cycle,navigation,(status=Status.FAILURE, parameters=[[-37.0, 18.93, -1.5707963267948966, True], [-37.0, 16.0, 0.0, True], [-26.0, 16.0, -1.5707963267948966, True], [-26.0, 13.0, 1.57, False]])
554.866666555,FAILURE
554.933333397,[info],turtlebot4,skill-life-cycle,navigation,(status=Status.FAILURE, parameters=[[-37.0, 18.93, -1.5707963267948966, True], [-37.0, 16.0, 0.0, True], [-26.0, 16.0, -1.5707963267948966, True], [-26.0, 13.0, 1.57, False]])
554.933333397,FAILURE
555.016666651,[info],turtlebot4,skill-life-cycle,navigation,(status=Status.FAILURE, parameters=[[-37.0, 18.93, -1.5707963267948966, True], [-37.0, 16.0, 0.0, True], [-26.0, 16.0, -1.5707963267948966, True], [-26.0, 13.0, 1.57, False]])
555.016666651,FAILURE
555.083333254,[info],turtlebot4,skill-life-cycle,navigation,(status=Status.FAILURE, parameters=[[-37.0, 18.93, -1.5707963267948966, True], [-37.0, 16.0, 0.0, True], [-26.0, 16.0, -1.5707963267948966, True], [-26.0, 13.0, 1.57, False]])
555.083333254,FAILURE
555.183333397,[info],turtlebot4,skill-life-cycle,navigation,(status=Status.FAILURE, parameters=[[-37.0, 18.93, -1.5707963267948966, True], [-37.0, 16.0, 0.0, True], [-26.0, 16.0, -1.5707963267948966, True], [-26.0, 13.0, 1.57, False]])
555.183333397,FAILURE
555.25,[info],turtlebot4,skill-life-cycle,navigation,(status=Status.FAILURE, parameters=[[-37.0, 18.93, -1.5707963267948966, True], [-37.0, 16.0, 0.0, True], [-26.0, 16.0, -1.5707963267948966, True], [-26.0, 13.0, 1.57, False]])
555.266666651,FAILURE
555.299999952,[info],turtlebot4,skill-life-cycle,navigation,(status=Status.FAILURE, parameters=[[-37.0, 18.93, -1.5707963267948966, True], [-37.0, 16.0, 0.0, True], [-26.0, 16.0, -1.5707963267948966, True], [-26.0, 13.0, 1.57, False]])
555.299999952,FAILURE
555.366666555,[info],turtlebot4,skill-life-cycle,navigation,(status=Status.FAILURE, parameters=[[-37.0, 18.93, -1.5707963267948966, True], [-37.0, 16.0, 0.0, True], [-26.0, 16.0, -1.5707963267948966, True], [-26.0, 13.0, 1.57, False]])
555.366666555,FAILURE
0.0,[debug],simulation closed,failure-bt,execution-wall-clock=676.7224245071411
