1.91666674614,[debug],turtlebot4,move-base-info,Move_base is up and ok....,
2.60000014305,[debug],turtlebot5,move-base-info,Move_base is up and ok....,
6.95000004768,[debug],turtlebot1,move-base-info,Move_base is up and ok....,
11.5666666031,[info],turtlebot5,skill-life-cycle,init_robobt,(status=RUNNING, parameters=[])
11.7000000477,[info],turtlebot4,skill-life-cycle,init_robobt,(status=RUNNING, parameters=[])
11.75,[info],turtlebot2,skill-life-cycle,init_robobt,(status=RUNNING, parameters=[])
11.9666666985,[info],turtlebot1,skill-life-cycle,init_robobt,(status=RUNNING, parameters=[])
16.8500001431,[debug],turtlebot2,available-skills,['send_message', 'wait_message', 'approach_person', 'approach_robot', 'authenticate_person', 'deposit', 'navigation', 'operate_drawer', 'pick_up'],
16.8500001431,[info],turtlebot2,skill-life-cycle,navigation,(status=STARTED, parameters=[[-21.0, 16.0, 3.141592653589793, True], [-28.5, 16.0, 1.5707963267948966, True], [-28.5, 18.0, -1.57, False]])
24.1166667938,[debug],turtlebot1,simulation,robot-pose,x=-33.83;y=18.78;yaw=2.80
24.2000000477,[debug],turtlebot1,simulation,robot-pose,x=-33.83;y=18.78;yaw=2.80
24.4666666985,[debug],turtlebot2,simulation,robot-pose,x=-27.20;y=17.79;yaw=-1.37
24.4666666985,[debug],turtlebot2,simulation,robot-pose,x=-27.20;y=17.79;yaw=-1.37
24.5,[debug],turtlebot3,simulation,robot-pose,x=-40.39;y=25.23;yaw=0.34
24.5,[debug],turtlebot3,simulation,robot-pose,x=-40.39;y=25.23;yaw=0.34
24.5166666508,[debug],turtlebot4,simulation,robot-pose,x=-20.99;y=18.00;yaw=-1.54
24.5166666508,[debug],turtlebot4,simulation,robot-pose,x=-20.99;y=18.00;yaw=-1.54
24.5666666031,[debug],turtlebot5,simulation,robot-pose,x=-38.00;y=21.48;yaw=0.01
24.5666666031,[debug],turtlebot5,simulation,robot-pose,x=-38.00;y=21.48;yaw=0.01
39.1166667938,[debug],turtlebot1,simulation,robot-pose,x=-33.84;y=18.78;yaw=2.82
39.2333333492,[debug],turtlebot1,simulation,robot-pose,x=-33.84;y=18.78;yaw=2.82
39.4666666985,[debug],turtlebot2,simulation,robot-pose,x=-26.98;y=16.55;yaw=-0.89
39.4666666985,[debug],turtlebot2,simulation,robot-pose,x=-26.98;y=16.55;yaw=-0.89
39.5,[debug],turtlebot3,simulation,robot-pose,x=-40.39;y=25.23;yaw=0.33
39.5,[debug],turtlebot3,simulation,robot-pose,x=-40.39;y=25.23;yaw=0.33
39.5166666508,[debug],turtlebot4,simulation,robot-pose,x=-20.99;y=18.00;yaw=-1.54
39.5166666508,[debug],turtlebot4,simulation,robot-pose,x=-20.99;y=18.00;yaw=-1.54
39.5666666031,[debug],turtlebot5,simulation,robot-pose,x=-38.00;y=21.48;yaw=0.01
39.5666666031,[debug],turtlebot5,simulation,robot-pose,x=-38.00;y=21.48;yaw=0.01
54.1166667938,[debug],turtlebot1,simulation,robot-pose,x=-33.85;y=18.78;yaw=2.84
54.2166666985,[debug],turtlebot1,simulation,robot-pose,x=-33.85;y=18.78;yaw=2.84
54.4666666985,[debug],turtlebot2,simulation,robot-pose,x=-25.06;y=16.10;yaw=-0.01
54.4666666985,[debug],turtlebot2,simulation,robot-pose,x=-25.06;y=16.10;yaw=-0.01
54.5,[debug],turtlebot3,simulation,robot-pose,x=-40.39;y=25.23;yaw=0.33
54.5,[debug],turtlebot3,simulation,robot-pose,x=-40.39;y=25.23;yaw=0.33
54.5166666508,[debug],turtlebot4,simulation,robot-pose,x=-20.99;y=18.00;yaw=-1.54
54.5166666508,[debug],turtlebot4,simulation,robot-pose,x=-20.99;y=18.00;yaw=-1.54
54.5666666031,[debug],turtlebot5,simulation,robot-pose,x=-38.00;y=21.48;yaw=0.01
54.5666666031,[debug],turtlebot5,simulation,robot-pose,x=-38.00;y=21.48;yaw=0.01
62.3500001431,[info],turtlebot2,skill-life-cycle,navigation,(status=RUNNING, parameters=[[-21.0, 16.0, 3.141592653589793, True], [-28.5, 16.0, 1.5707963267948966, True], [-28.5, 18.0, -1.57, False]])
69.1166667938,[debug],turtlebot1,simulation,robot-pose,x=-33.85;y=18.78;yaw=2.85
69.2000000477,[debug],turtlebot1,simulation,robot-pose,x=-33.85;y=18.78;yaw=2.85
69.4666666985,[debug],turtlebot2,simulation,robot-pose,x=-22.46;y=16.21;yaw=-0.00
69.4666666985,[debug],turtlebot2,simulation,robot-pose,x=-22.46;y=16.21;yaw=-0.00
69.5,[debug],turtlebot3,simulation,robot-pose,x=-40.39;y=25.23;yaw=0.33
69.5,[debug],turtlebot3,simulation,robot-pose,x=-40.39;y=25.23;yaw=0.33
69.5166666508,[debug],turtlebot4,simulation,robot-pose,x=-20.99;y=18.00;yaw=-1.54
69.5166666508,[debug],turtlebot4,simulation,robot-pose,x=-20.99;y=18.00;yaw=-1.54
69.5666666031,[debug],turtlebot5,simulation,robot-pose,x=-38.00;y=21.48;yaw=0.01
69.5666666031,[debug],turtlebot5,simulation,robot-pose,x=-38.00;y=21.48;yaw=0.01
84.1166667938,[debug],turtlebot1,simulation,robot-pose,x=-33.85;y=18.78;yaw=2.87
84.2000000477,[debug],turtlebot1,simulation,robot-pose,x=-33.85;y=18.78;yaw=2.87
84.4166667461,[debug],turtlebot2,move-base-info,Hooray, the base moved arrived,(x=-21;y=16)
84.4166667461,[debug],turtlebot2,move-base-info,Hooray, the base moved arrived,(x=-21;y=16)
84.4500000477,[debug],turtlebot2,task-update,navigation,way-point-reached,33.33333333333333%
84.4666666985,[debug],turtlebot2,simulation,robot-pose,x=-21.32;y=16.30;yaw=3.09
84.4666666985,[debug],turtlebot2,simulation,robot-pose,x=-21.32;y=16.30;yaw=3.09
84.5,[debug],turtlebot3,simulation,robot-pose,x=-40.39;y=25.23;yaw=0.33
84.5,[debug],turtlebot3,simulation,robot-pose,x=-40.39;y=25.23;yaw=0.33
84.5166666508,[debug],turtlebot4,simulation,robot-pose,x=-20.99;y=18.00;yaw=-1.54
84.5166666508,[debug],turtlebot4,simulation,robot-pose,x=-20.99;y=18.00;yaw=-1.54
84.5666666031,[debug],turtlebot5,simulation,robot-pose,x=-38.00;y=21.48;yaw=0.01
84.5666666031,[debug],turtlebot5,simulation,robot-pose,x=-38.00;y=21.48;yaw=0.01
99.1166667938,[debug],turtlebot1,simulation,robot-pose,x=-33.85;y=18.78;yaw=2.89
99.25,[debug],turtlebot1,simulation,robot-pose,x=-33.85;y=18.78;yaw=2.89
99.4666666985,[debug],turtlebot2,simulation,robot-pose,x=-22.64;y=15.99;yaw=3.12
99.4666666985,[debug],turtlebot2,simulation,robot-pose,x=-22.64;y=15.99;yaw=3.12
99.5,[debug],turtlebot3,simulation,robot-pose,x=-40.39;y=25.23;yaw=0.33
99.5,[debug],turtlebot3,simulation,robot-pose,x=-40.39;y=25.23;yaw=0.33
99.5166666508,[debug],turtlebot4,simulation,robot-pose,x=-20.99;y=18.00;yaw=-1.54
99.5166666508,[debug],turtlebot4,simulation,robot-pose,x=-20.99;y=18.00;yaw=-1.54
99.5666666031,[debug],turtlebot5,simulation,robot-pose,x=-38.00;y=21.48;yaw=0.01
99.5666666031,[debug],turtlebot5,simulation,robot-pose,x=-38.00;y=21.48;yaw=0.01
113.066666603,[info],turtlebot2,skill-life-cycle,navigation,(status=RUNNING, parameters=[[-21.0, 16.0, 3.141592653589793, True], [-28.5, 16.0, 1.5707963267948966, True], [-28.5, 18.0, -1.57, False]])
114.116666794,[debug],turtlebot1,simulation,robot-pose,x=-33.86;y=18.79;yaw=2.91
114.233333349,[debug],turtlebot1,simulation,robot-pose,x=-33.86;y=18.79;yaw=2.91
114.466666698,[debug],turtlebot2,simulation,robot-pose,x=-25.16;y=16.01;yaw=3.12
114.466666698,[debug],turtlebot2,simulation,robot-pose,x=-25.16;y=16.01;yaw=3.12
114.5,[debug],turtlebot3,simulation,robot-pose,x=-40.39;y=25.23;yaw=0.33
114.5,[debug],turtlebot3,simulation,robot-pose,x=-40.39;y=25.23;yaw=0.33
114.516666651,[debug],turtlebot4,simulation,robot-pose,x=-20.99;y=18.00;yaw=-1.54
114.516666651,[debug],turtlebot4,simulation,robot-pose,x=-20.99;y=18.00;yaw=-1.54
114.566666603,[debug],turtlebot5,simulation,robot-pose,x=-38.00;y=21.48;yaw=0.01
114.566666603,[debug],turtlebot5,simulation,robot-pose,x=-38.00;y=21.48;yaw=0.01
129.116666794,[debug],turtlebot1,simulation,robot-pose,x=-33.86;y=18.79;yaw=2.93
129.216666698,[debug],turtlebot1,simulation,robot-pose,x=-33.86;y=18.79;yaw=2.93
129.466666698,[debug],turtlebot2,simulation,robot-pose,x=-27.79;y=16.22;yaw=2.81
129.466666698,[debug],turtlebot2,simulation,robot-pose,x=-27.79;y=16.22;yaw=2.81
129.5,[debug],turtlebot3,simulation,robot-pose,x=-40.39;y=25.23;yaw=0.33
129.5,[debug],turtlebot3,simulation,robot-pose,x=-40.39;y=25.23;yaw=0.33
129.516666651,[debug],turtlebot4,simulation,robot-pose,x=-21.00;y=18.00;yaw=-1.54
129.516666651,[debug],turtlebot4,simulation,robot-pose,x=-21.00;y=18.00;yaw=-1.54
129.566666603,[debug],turtlebot5,simulation,robot-pose,x=-38.00;y=21.48;yaw=0.01
129.566666603,[debug],turtlebot5,simulation,robot-pose,x=-38.00;y=21.48;yaw=0.01
136.266666651,[debug],turtlebot2,move-base-info,Hooray, the base moved arrived,(x=-28.5;y=16)
136.266666651,[debug],turtlebot2,move-base-info,Hooray, the base moved arrived,(x=-28.5;y=16)
136.450000048,[debug],turtlebot2,task-update,navigation,way-point-reached,66.66666666666666%
144.116666794,[debug],turtlebot1,simulation,robot-pose,x=-33.87;y=18.79;yaw=2.96
144.233333349,[debug],turtlebot1,simulation,robot-pose,x=-33.87;y=18.79;yaw=2.96
144.466666698,[debug],turtlebot2,simulation,robot-pose,x=-28.27;y=16.88;yaw=2.04
144.466666698,[debug],turtlebot2,simulation,robot-pose,x=-28.27;y=16.88;yaw=2.04
144.5,[debug],turtlebot3,simulation,robot-pose,x=-40.39;y=25.23;yaw=0.33
144.5,[debug],turtlebot3,simulation,robot-pose,x=-40.39;y=25.23;yaw=0.33
144.516666651,[debug],turtlebot4,simulation,robot-pose,x=-21.00;y=18.00;yaw=-1.54
144.516666651,[debug],turtlebot4,simulation,robot-pose,x=-21.00;y=18.00;yaw=-1.54
144.566666603,[debug],turtlebot5,simulation,robot-pose,x=-38.00;y=21.48;yaw=0.01
144.566666603,[debug],turtlebot5,simulation,robot-pose,x=-38.00;y=21.48;yaw=0.01
155.150000095,[debug],turtlebot2,move-base-info,Hooray, the base moved arrived,(x=-28.5;y=18)
155.216666698,[debug],turtlebot2,move-base-info,Hooray, the base moved arrived,(x=-28.5;y=18)
155.383333445,[debug],turtlebot2,task-update,navigation,way-point-reached,100.0%
155.466666698,[debug],turtlebot2,available-skills,['send_message', 'wait_message', 'approach_person', 'approach_robot', 'authenticate_person', 'deposit', 'navigation', 'operate_drawer', 'pick_up'],
155.466666698,[info],turtlebot2,skill-life-cycle,approach_person,(status=STARTED, parameters=['nurse'])
155.516666651,[debug],turtlebot2,task-update,approach_person,localize-person,(who=nurse)
155.799999952,[debug],turtlebot2,task-update,approach_person,goto-person,(who=nurse)
155.883333445,[debug],turtlebot2,available-skills,['send_message', 'wait_message', 'approach_person', 'approach_robot', 'authenticate_person', 'deposit', 'navigation', 'operate_drawer', 'pick_up'],
155.883333445,[info],turtlebot2,skill-life-cycle,authenticate_person,(status=STARTED, parameters=['nurse'])
155.966666698,[debug],turtlebot2,task-update,authenticate_person,request-authentication,(to=nurse)
155.966666698,[info],nurse,sync,received-request,(status=sending-request)
155.966666698,[info],nurse,sync,received-request,(status=sending-request)
156.400000095,[debug],turtlebot2,task-update,authenticate_person,received-authentication,(from=nurse)
156.483333349,[debug],turtlebot2,available-skills,['send_message', 'wait_message', 'approach_person', 'approach_robot', 'authenticate_person', 'deposit', 'navigation', 'operate_drawer', 'pick_up'],
156.483333349,[info],turtlebot2,skill-life-cycle,operate_drawer,(status=STARTED, parameters=['open'])
156.549999952,[debug],turtlebot2,task-update,operate_drawer,open
157.549999952,[debug],turtlebot2,available-skills,['send_message', 'wait_message', 'approach_person', 'approach_robot', 'authenticate_person', 'deposit', 'navigation', 'operate_drawer', 'pick_up'],
157.549999952,[info],turtlebot2,skill-life-cycle,send_message,(status=STARTED, parameters=['nurse'])
157.633333445,[info],turtlebot2,sync,send-message,(to=nurse)
158.516666651,[info],nurse,sync,wait-message,(status=message-received)
158.516666651,[info],nurse,sync,wait-message,(status=message-received)
159.116666794,[debug],turtlebot1,simulation,robot-pose,x=-33.87;y=18.79;yaw=2.98
159.200000048,[debug],turtlebot1,simulation,robot-pose,x=-33.87;y=18.79;yaw=2.98
159.466666698,[debug],turtlebot2,simulation,robot-pose,x=-28.46;y=17.59;yaw=-1.61
159.466666698,[debug],turtlebot2,simulation,robot-pose,x=-28.46;y=17.59;yaw=-1.61
159.5,[debug],turtlebot3,simulation,robot-pose,x=-40.39;y=25.23;yaw=0.33
159.5,[debug],turtlebot3,simulation,robot-pose,x=-40.39;y=25.23;yaw=0.33
159.516666651,[debug],turtlebot4,simulation,robot-pose,x=-21.00;y=18.00;yaw=-1.54
159.516666651,[debug],turtlebot4,simulation,robot-pose,x=-21.00;y=18.00;yaw=-1.54
159.566666603,[debug],turtlebot5,simulation,robot-pose,x=-38.00;y=21.48;yaw=0.01
159.566666603,[debug],turtlebot5,simulation,robot-pose,x=-38.00;y=21.48;yaw=0.01
161.233333349,[debug],turtlebot2,available-skills,['send_message', 'wait_message', 'approach_person', 'approach_robot', 'authenticate_person', 'deposit', 'navigation', 'operate_drawer', 'pick_up'],
161.233333349,[info],turtlebot2,skill-life-cycle,wait_message,(status=STARTED, parameters=['r1'])
162.533333302,[info],turtlebot2,sync,wait-message,(status=message-received)
162.616666794,[debug],turtlebot2,available-skills,['send_message', 'wait_message', 'approach_person', 'approach_robot', 'authenticate_person', 'deposit', 'navigation', 'operate_drawer', 'pick_up'],
162.616666794,[info],turtlebot2,skill-life-cycle,operate_drawer,(status=STARTED, parameters=['close'])
162.683333397,[debug],turtlebot2,task-update,operate_drawer,close
163.650000095,[debug],turtlebot2,available-skills,['send_message', 'wait_message', 'approach_person', 'approach_robot', 'authenticate_person', 'deposit', 'navigation', 'operate_drawer', 'pick_up'],
163.650000095,[info],turtlebot2,skill-life-cycle,navigation,(status=STARTED, parameters=[[-28.5, 16.0, 0.0, True], [-26.0, 16.0, -1.5707963267948966, True], [-26.0, 13.0, 1.57, False]])
165.433333397,[info],turtlebot2,skill-life-cycle,navigation,(status=RUNNING, parameters=[[-28.5, 16.0, 0.0, True], [-26.0, 16.0, -1.5707963267948966, True], [-26.0, 13.0, 1.57, False]])
168.516666651,[info],nurse,sync,wait-message,(status=message-received)
168.516666651,[info],nurse,sync,wait-message,(status=message-received)
174.116666794,[debug],turtlebot1,simulation,robot-pose,x=-33.88;y=18.79;yaw=3.00
174.233333349,[debug],turtlebot1,simulation,robot-pose,x=-33.88;y=18.79;yaw=3.00
174.466666698,[debug],turtlebot2,simulation,robot-pose,x=-28.54;y=17.09;yaw=-1.68
174.466666698,[debug],turtlebot2,simulation,robot-pose,x=-28.54;y=17.09;yaw=-1.68
174.5,[debug],turtlebot3,simulation,robot-pose,x=-40.39;y=25.23;yaw=0.33
174.5,[debug],turtlebot3,simulation,robot-pose,x=-40.39;y=25.23;yaw=0.33
174.516666651,[debug],turtlebot4,simulation,robot-pose,x=-21.00;y=18.00;yaw=-1.54
174.516666651,[debug],turtlebot4,simulation,robot-pose,x=-21.00;y=18.00;yaw=-1.54
174.566666603,[debug],turtlebot5,simulation,robot-pose,x=-38.00;y=21.48;yaw=0.01
174.566666603,[debug],turtlebot5,simulation,robot-pose,x=-38.00;y=21.48;yaw=0.01
175.966666698,[info],nurse,sync,request-sent,(status=waiting)
175.966666698,[info],nurse,sync,request-sent,(status=waiting)
178.516666651,[info],nurse,sync,wait-message,(status=message-received)
178.516666651,[info],nurse,sync,wait-message,(status=message-received)
185.700000048,[debug],turtlebot2,move-base-info,Hooray, the base moved arrived,(x=-28.5;y=16)
185.700000048,[debug],turtlebot2,move-base-info,Hooray, the base moved arrived,(x=-28.5;y=16)
185.716666698,[debug],turtlebot2,task-update,navigation,way-point-reached,33.33333333333333%
188.516666651,[info],nurse,sync,wait-message,(status=message-received)
188.516666651,[info],nurse,sync,wait-message,(status=message-received)
189.116666794,[debug],turtlebot1,simulation,robot-pose,x=-33.88;y=18.79;yaw=3.00
189.216666698,[debug],turtlebot1,simulation,robot-pose,x=-33.88;y=18.79;yaw=3.00
189.466666698,[debug],turtlebot2,simulation,robot-pose,x=-28.63;y=16.44;yaw=-0.04
189.466666698,[debug],turtlebot2,simulation,robot-pose,x=-28.63;y=16.44;yaw=-0.04
189.5,[debug],turtlebot3,simulation,robot-pose,x=-40.39;y=25.23;yaw=0.33
189.5,[debug],turtlebot3,simulation,robot-pose,x=-40.39;y=25.23;yaw=0.33
189.516666651,[debug],turtlebot4,simulation,robot-pose,x=-21.00;y=18.00;yaw=-1.54
189.516666651,[debug],turtlebot4,simulation,robot-pose,x=-21.00;y=18.00;yaw=-1.54
189.566666603,[debug],turtlebot5,simulation,robot-pose,x=-38.00;y=21.48;yaw=0.01
189.566666603,[debug],turtlebot5,simulation,robot-pose,x=-38.00;y=21.48;yaw=0.01
204.116666794,[debug],turtlebot1,simulation,robot-pose,x=-33.88;y=18.79;yaw=3.01
204.216666698,[debug],turtlebot1,simulation,robot-pose,x=-33.88;y=18.79;yaw=3.01
204.466666698,[debug],turtlebot2,simulation,robot-pose,x=-26.68;y=16.18;yaw=0.30
204.466666698,[debug],turtlebot2,simulation,robot-pose,x=-26.68;y=16.18;yaw=0.30
204.5,[debug],turtlebot3,simulation,robot-pose,x=-40.39;y=25.23;yaw=0.33
204.5,[debug],turtlebot3,simulation,robot-pose,x=-40.39;y=25.23;yaw=0.33
204.516666651,[debug],turtlebot4,simulation,robot-pose,x=-21.01;y=18.00;yaw=-1.54
204.516666651,[debug],turtlebot4,simulation,robot-pose,x=-21.01;y=18.00;yaw=-1.54
204.566666603,[debug],turtlebot5,simulation,robot-pose,x=-38.02;y=21.48;yaw=0.03
204.566666603,[debug],turtlebot5,simulation,robot-pose,x=-38.02;y=21.48;yaw=0.03
211.916666746,[debug],turtlebot2,move-base-info,Hooray, the base moved arrived,(x=-26;y=16)
211.916666746,[debug],turtlebot2,move-base-info,Hooray, the base moved arrived,(x=-26;y=16)
212.049999952,[debug],turtlebot2,task-update,navigation,way-point-reached,66.66666666666666%
216.483333349,[info],turtlebot2,skill-life-cycle,navigation,(status=RUNNING, parameters=[[-28.5, 16.0, 0.0, True], [-26.0, 16.0, -1.5707963267948966, True], [-26.0, 13.0, 1.57, False]])
219.116666794,[debug],turtlebot1,simulation,robot-pose,x=-33.88;y=18.79;yaw=3.01
219.216666698,[debug],turtlebot1,simulation,robot-pose,x=-33.88;y=18.79;yaw=3.01
219.466666698,[debug],turtlebot2,simulation,robot-pose,x=-26.32;y=16.08;yaw=-1.13
219.466666698,[debug],turtlebot2,simulation,robot-pose,x=-26.32;y=16.08;yaw=-1.13
219.5,[debug],turtlebot3,simulation,robot-pose,x=-40.39;y=25.23;yaw=0.33
219.5,[debug],turtlebot3,simulation,robot-pose,x=-40.39;y=25.23;yaw=0.33
219.516666651,[debug],turtlebot4,simulation,robot-pose,x=-21.01;y=18.00;yaw=-1.54
219.516666651,[debug],turtlebot4,simulation,robot-pose,x=-21.01;y=18.00;yaw=-1.54
219.566666603,[debug],turtlebot5,simulation,robot-pose,x=-38.02;y=21.49;yaw=0.03
219.566666603,[debug],turtlebot5,simulation,robot-pose,x=-38.02;y=21.49;yaw=0.03
234.116666794,[debug],turtlebot1,simulation,robot-pose,x=-33.88;y=18.79;yaw=3.01
234.200000048,[debug],turtlebot1,simulation,robot-pose,x=-33.88;y=18.79;yaw=3.01
234.466666698,[debug],turtlebot2,simulation,robot-pose,x=-25.86;y=14.87;yaw=-1.45
234.466666698,[debug],turtlebot2,simulation,robot-pose,x=-25.86;y=14.87;yaw=-1.45
234.5,[debug],turtlebot3,simulation,robot-pose,x=-40.39;y=25.23;yaw=0.33
234.5,[debug],turtlebot3,simulation,robot-pose,x=-40.39;y=25.23;yaw=0.33
234.516666651,[debug],turtlebot4,simulation,robot-pose,x=-21.01;y=18.00;yaw=-1.54
234.516666651,[debug],turtlebot4,simulation,robot-pose,x=-21.01;y=18.00;yaw=-1.54
234.566666603,[debug],turtlebot5,simulation,robot-pose,x=-38.03;y=21.49;yaw=0.03
234.566666603,[debug],turtlebot5,simulation,robot-pose,x=-38.03;y=21.49;yaw=0.03
249.116666794,[debug],turtlebot1,simulation,robot-pose,x=-33.88;y=18.79;yaw=3.01
249.200000048,[debug],turtlebot1,simulation,robot-pose,x=-33.88;y=18.79;yaw=3.01
249.466666698,[debug],turtlebot2,simulation,robot-pose,x=-25.84;y=13.62;yaw=-1.79
249.466666698,[debug],turtlebot2,simulation,robot-pose,x=-25.84;y=13.62;yaw=-1.79
249.5,[debug],turtlebot3,simulation,robot-pose,x=-40.39;y=25.23;yaw=0.33
249.5,[debug],turtlebot3,simulation,robot-pose,x=-40.39;y=25.23;yaw=0.33
249.516666651,[debug],turtlebot4,simulation,robot-pose,x=-21.02;y=18.00;yaw=-1.54
249.516666651,[debug],turtlebot4,simulation,robot-pose,x=-21.02;y=18.00;yaw=-1.54
249.566666603,[debug],turtlebot5,simulation,robot-pose,x=-38.04;y=21.49;yaw=0.03
249.566666603,[debug],turtlebot5,simulation,robot-pose,x=-38.04;y=21.49;yaw=0.03
258.433333397,[debug],turtlebot2,move-base-info,Hooray, the base moved arrived,(x=-26;y=13)
258.433333397,[debug],turtlebot2,move-base-info,Hooray, the base moved arrived,(x=-26;y=13)
258.566666603,[debug],turtlebot2,task-update,navigation,way-point-reached,100.0%
258.650000095,[debug],turtlebot2,available-skills,['send_message', 'wait_message', 'approach_person', 'approach_robot', 'authenticate_person', 'deposit', 'navigation', 'operate_drawer', 'pick_up'],
258.650000095,[info],turtlebot2,skill-life-cycle,approach_robot,(status=STARTED, parameters=['lab_arm'])
258.75,[debug],turtlebot2,task-update,approach_robot,localize-robot,(who=lab_arm)
259.200000048,[debug],turtlebot2,task-update,approach_robot,goto-robot,(who=lab_arm)
259.299999952,[debug],turtlebot2,available-skills,['send_message', 'wait_message', 'approach_person', 'approach_robot', 'authenticate_person', 'deposit', 'navigation', 'operate_drawer', 'pick_up'],
259.299999952,[info],turtlebot2,skill-life-cycle,operate_drawer,(status=STARTED, parameters=['open'])
259.350000143,[debug],turtlebot2,task-update,operate_drawer,open
260.350000143,[debug],turtlebot2,available-skills,['send_message', 'wait_message', 'approach_person', 'approach_robot', 'authenticate_person', 'deposit', 'navigation', 'operate_drawer', 'pick_up'],
260.350000143,[info],turtlebot2,skill-life-cycle,send_message,(status=STARTED, parameters=['lab_arm'])
260.450000048,[info],turtlebot2,sync,send-message,(to=lab_arm)
261.333333254,[info],lab_arm,sync,wait-message,(status=message-received)
261.333333254,[info],lab_arm,sync,wait-message,(status=message-received)
261.333333254,[info],Inventory,sync,wait-sample,(status=sample-received)
261.333333254,ENDSIM
261.333333254,[info],Inventory,sync,wait-sample,(status=sample-received)
261.333333254,ENDSIM
264.116666794,[debug],turtlebot1,simulation,robot-pose,x=-33.88;y=18.79;yaw=3.01
264.383333445,[debug],turtlebot1,simulation,robot-pose,x=-33.88;y=18.79;yaw=3.01
264.466666698,[debug],turtlebot2,simulation,robot-pose,x=-25.90;y=13.41;yaw=1.62
264.466666698,[debug],turtlebot2,simulation,robot-pose,x=-25.90;y=13.41;yaw=1.62
264.5,[debug],turtlebot3,simulation,robot-pose,x=-40.39;y=25.23;yaw=0.33
264.5,[debug],turtlebot3,simulation,robot-pose,x=-40.39;y=25.23;yaw=0.33
264.516666651,[debug],turtlebot4,simulation,robot-pose,x=-21.02;y=18.00;yaw=-1.54
264.516666651,[debug],turtlebot4,simulation,robot-pose,x=-21.02;y=18.00;yaw=-1.54
264.566666603,[debug],turtlebot5,simulation,robot-pose,x=-38.05;y=21.50;yaw=0.03
264.566666603,[debug],turtlebot5,simulation,robot-pose,x=-38.05;y=21.50;yaw=0.03
271.333333254,[info],Inventory,sync,wait-sample,(status=sample-received)
271.333333254,ENDSIM
271.333333254,[info],Inventory,sync,wait-sample,(status=sample-received)
271.333333254,ENDSIM
271.333333254,[info],lab_arm,sync,wait-message,(status=message-received)
271.333333254,[info],lab_arm,sync,wait-message,(status=message-received)
271.333333254,[info],Inventory,sync,wait-sample,(status=sample-received)
271.333333254,ENDSIM
271.333333254,[info],Inventory,sync,wait-sample,(status=sample-received)
271.333333254,ENDSIM
0.0,[debug],simulation closed,reach-target,execution-wall-clock=328.328821182251
