3.68333339691,[debug],turtlebot1,move-base-info,Move_base is up and ok....,
6.65000009537,[debug],turtlebot2,move-base-info,Move_base is up and ok....,
6.96666669846,[debug],turtlebot4,move-base-info,Move_base is up and ok....,
13.0499999523,[info],turtlebot3,skill-life-cycle,init_robobt,(status=RUNNING, parameters=[])
13.2833333015,[info],turtlebot1,skill-life-cycle,init_robobt,(status=RUNNING, parameters=[])
13.2999999523,[info],turtlebot4,skill-life-cycle,init_robobt,(status=RUNNING, parameters=[])
13.4833333492,[info],turtlebot2,skill-life-cycle,init_robobt,(status=RUNNING, parameters=[])
18.8499999046,[debug],turtlebot2,available-skills,['send_message', 'wait_message', 'approach_person', 'approach_robot', 'authenticate_person', 'deposit', 'navigation', 'operate_drawer', 'pick_up'],
18.8499999046,[info],turtlebot2,skill-life-cycle,navigation,(status=STARTED, parameters=[[-11.5, 16.0, 3.141592653589793, True], [-37.0, 16.0, 1.5707963267948966, True], [-37.0, 18.93, 0.0, True], [-33.9, 18.93, 3.14, False]])
25.0333333015,[debug],turtlebot1,simulation,robot-pose,x=-11.46;y=17.82;yaw=-1.25
25.1666667461,[debug],turtlebot1,simulation,robot-pose,x=-11.46;y=17.82;yaw=-1.25
25.2833333015,[debug],turtlebot2,simulation,robot-pose,x=-28.59;y=17.77;yaw=-1.17
25.2833333015,[debug],turtlebot2,simulation,robot-pose,x=-28.59;y=17.77;yaw=-1.17
25.2999999523,[debug],turtlebot3,simulation,robot-pose,x=-27.23;y=18.02;yaw=-1.59
25.2999999523,[debug],turtlebot3,simulation,robot-pose,x=-27.23;y=18.02;yaw=-1.59
25.3166666031,[debug],turtlebot4,simulation,robot-pose,x=-40.39;y=25.23;yaw=0.34
25.3166666031,[debug],turtlebot4,simulation,robot-pose,x=-40.39;y=25.23;yaw=0.34
25.3333332539,[debug],turtlebot5,simulation,robot-pose,x=-32.89;y=33.97;yaw=-3.10
25.3333332539,[debug],turtlebot5,simulation,robot-pose,x=-32.89;y=33.97;yaw=-3.10
40.0333333015,[debug],turtlebot1,simulation,robot-pose,x=-11.46;y=17.82;yaw=-1.25
40.1500000954,[debug],turtlebot1,simulation,robot-pose,x=-11.46;y=17.82;yaw=-1.25
40.2833333015,[debug],turtlebot2,simulation,robot-pose,x=-28.37;y=16.55;yaw=-0.75
40.2833333015,[debug],turtlebot2,simulation,robot-pose,x=-28.37;y=16.55;yaw=-0.75
40.2999999523,[debug],turtlebot3,simulation,robot-pose,x=-27.22;y=18.03;yaw=-1.59
40.2999999523,[debug],turtlebot3,simulation,robot-pose,x=-27.22;y=18.03;yaw=-1.59
40.3166666031,[debug],turtlebot4,simulation,robot-pose,x=-40.39;y=25.23;yaw=0.33
40.3166666031,[debug],turtlebot4,simulation,robot-pose,x=-40.39;y=25.23;yaw=0.33
40.3333332539,[debug],turtlebot5,simulation,robot-pose,x=-32.89;y=33.97;yaw=-3.10
40.3333332539,[debug],turtlebot5,simulation,robot-pose,x=-32.89;y=33.97;yaw=-3.10
55.0333333015,[debug],turtlebot1,simulation,robot-pose,x=-11.46;y=17.82;yaw=-1.25
55.1833333969,[debug],turtlebot1,simulation,robot-pose,x=-11.46;y=17.82;yaw=-1.25
55.2833333015,[debug],turtlebot2,simulation,robot-pose,x=-26.15;y=16.36;yaw=-0.04
55.2833333015,[debug],turtlebot2,simulation,robot-pose,x=-26.15;y=16.36;yaw=-0.04
55.2999999523,[debug],turtlebot3,simulation,robot-pose,x=-27.22;y=18.03;yaw=-1.58
55.2999999523,[debug],turtlebot3,simulation,robot-pose,x=-27.22;y=18.03;yaw=-1.58
55.3166666031,[debug],turtlebot4,simulation,robot-pose,x=-40.39;y=25.23;yaw=0.33
55.3166666031,[debug],turtlebot4,simulation,robot-pose,x=-40.39;y=25.23;yaw=0.33
55.3333332539,[debug],turtlebot5,simulation,robot-pose,x=-32.89;y=33.97;yaw=-3.10
55.3333332539,[debug],turtlebot5,simulation,robot-pose,x=-32.89;y=33.97;yaw=-3.10
63.9833333492,[info],turtlebot2,skill-life-cycle,navigation,(status=RUNNING, parameters=[[-11.5, 16.0, 3.141592653589793, True], [-37.0, 16.0, 1.5707963267948966, True], [-37.0, 18.93, 0.0, True], [-33.9, 18.93, 3.14, False]])
70.0333333015,[debug],turtlebot1,simulation,robot-pose,x=-11.46;y=17.82;yaw=-1.25
70.1833333969,[debug],turtlebot1,simulation,robot-pose,x=-11.46;y=17.82;yaw=-1.25
70.2833333015,[debug],turtlebot2,simulation,robot-pose,x=-23.95;y=16.31;yaw=-0.21
70.2833333015,[debug],turtlebot2,simulation,robot-pose,x=-23.95;y=16.31;yaw=-0.21
70.2999999523,[debug],turtlebot3,simulation,robot-pose,x=-27.22;y=18.03;yaw=-1.58
70.2999999523,[debug],turtlebot3,simulation,robot-pose,x=-27.22;y=18.03;yaw=-1.58
70.3166666031,[debug],turtlebot4,simulation,robot-pose,x=-40.39;y=25.23;yaw=0.33
70.3166666031,[debug],turtlebot4,simulation,robot-pose,x=-40.39;y=25.23;yaw=0.33
70.3333332539,[debug],turtlebot5,simulation,robot-pose,x=-32.89;y=33.97;yaw=-3.10
70.3333332539,[debug],turtlebot5,simulation,robot-pose,x=-32.89;y=33.97;yaw=-3.10
85.0333333015,[debug],turtlebot1,simulation,robot-pose,x=-11.46;y=17.82;yaw=-1.25
85.1833333969,[debug],turtlebot1,simulation,robot-pose,x=-11.46;y=17.82;yaw=-1.25
85.2833333015,[debug],turtlebot2,simulation,robot-pose,x=-23.04;y=15.76;yaw=-0.25
85.2833333015,[debug],turtlebot2,simulation,robot-pose,x=-23.04;y=15.76;yaw=-0.25
85.2999999523,[debug],turtlebot3,simulation,robot-pose,x=-27.22;y=18.03;yaw=-1.58
85.2999999523,[debug],turtlebot3,simulation,robot-pose,x=-27.22;y=18.03;yaw=-1.58
85.3166666031,[debug],turtlebot4,simulation,robot-pose,x=-40.39;y=25.23;yaw=0.33
85.3166666031,[debug],turtlebot4,simulation,robot-pose,x=-40.39;y=25.23;yaw=0.33
85.3333332539,[debug],turtlebot5,simulation,robot-pose,x=-32.90;y=33.97;yaw=-3.10
85.3333332539,[debug],turtlebot5,simulation,robot-pose,x=-32.90;y=33.97;yaw=-3.10
100.033333302,[debug],turtlebot1,simulation,robot-pose,x=-11.46;y=17.82;yaw=-1.25
100.183333397,[debug],turtlebot1,simulation,robot-pose,x=-11.46;y=17.82;yaw=-1.25
100.283333302,[debug],turtlebot2,simulation,robot-pose,x=-20.74;y=15.58;yaw=0.00
100.283333302,[debug],turtlebot2,simulation,robot-pose,x=-20.74;y=15.58;yaw=0.00
100.299999952,[debug],turtlebot3,simulation,robot-pose,x=-27.22;y=18.03;yaw=-1.58
100.299999952,[debug],turtlebot3,simulation,robot-pose,x=-27.22;y=18.03;yaw=-1.58
100.316666603,[debug],turtlebot4,simulation,robot-pose,x=-40.39;y=25.23;yaw=0.33
100.316666603,[debug],turtlebot4,simulation,robot-pose,x=-40.39;y=25.23;yaw=0.33
100.333333254,[debug],turtlebot5,simulation,robot-pose,x=-32.90;y=33.97;yaw=-3.10
100.333333254,[debug],turtlebot5,simulation,robot-pose,x=-32.90;y=33.97;yaw=-3.10
113.883333445,[info],turtlebot2,skill-life-cycle,navigation,(status=RUNNING, parameters=[[-11.5, 16.0, 3.141592653589793, True], [-37.0, 16.0, 1.5707963267948966, True], [-37.0, 18.93, 0.0, True], [-33.9, 18.93, 3.14, False]])
115.033333302,[debug],turtlebot1,simulation,robot-pose,x=-11.46;y=17.82;yaw=-1.25
115.166666746,[debug],turtlebot1,simulation,robot-pose,x=-11.46;y=17.82;yaw=-1.25
115.283333302,[debug],turtlebot2,simulation,robot-pose,x=-18.08;y=15.76;yaw=0.01
115.283333302,[debug],turtlebot2,simulation,robot-pose,x=-18.08;y=15.76;yaw=0.01
115.299999952,[debug],turtlebot3,simulation,robot-pose,x=-27.22;y=18.03;yaw=-1.58
115.299999952,[debug],turtlebot3,simulation,robot-pose,x=-27.22;y=18.03;yaw=-1.58
115.316666603,[debug],turtlebot4,simulation,robot-pose,x=-40.39;y=25.23;yaw=0.33
115.316666603,[debug],turtlebot4,simulation,robot-pose,x=-40.39;y=25.23;yaw=0.33
115.333333254,[debug],turtlebot5,simulation,robot-pose,x=-32.90;y=33.97;yaw=-3.09
115.333333254,[debug],turtlebot5,simulation,robot-pose,x=-32.90;y=33.97;yaw=-3.09
130.033333302,[debug],turtlebot1,simulation,robot-pose,x=-11.46;y=17.82;yaw=-1.25
130.183333397,[debug],turtlebot1,simulation,robot-pose,x=-11.46;y=17.82;yaw=-1.25
130.283333302,[debug],turtlebot2,simulation,robot-pose,x=-15.41;y=15.94;yaw=0.25
130.283333302,[debug],turtlebot2,simulation,robot-pose,x=-15.41;y=15.94;yaw=0.25
130.299999952,[debug],turtlebot3,simulation,robot-pose,x=-27.22;y=18.03;yaw=-1.58
130.299999952,[debug],turtlebot3,simulation,robot-pose,x=-27.22;y=18.03;yaw=-1.58
130.316666603,[debug],turtlebot4,simulation,robot-pose,x=-40.39;y=25.23;yaw=0.33
130.316666603,[debug],turtlebot4,simulation,robot-pose,x=-40.39;y=25.23;yaw=0.33
130.333333254,[debug],turtlebot5,simulation,robot-pose,x=-32.90;y=33.97;yaw=-3.09
130.333333254,[debug],turtlebot5,simulation,robot-pose,x=-32.90;y=33.97;yaw=-3.09
145.049999952,[debug],turtlebot1,simulation,robot-pose,x=-11.46;y=17.82;yaw=-1.25
145.183333397,[debug],turtlebot1,simulation,robot-pose,x=-11.46;y=17.82;yaw=-1.25
145.283333302,[debug],turtlebot2,simulation,robot-pose,x=-12.57;y=16.32;yaw=-0.03
145.283333302,[debug],turtlebot2,simulation,robot-pose,x=-12.57;y=16.32;yaw=-0.03
145.299999952,[debug],turtlebot3,simulation,robot-pose,x=-27.22;y=18.03;yaw=-1.57
145.299999952,[debug],turtlebot3,simulation,robot-pose,x=-27.22;y=18.03;yaw=-1.57
145.316666603,[debug],turtlebot4,simulation,robot-pose,x=-40.39;y=25.23;yaw=0.33
145.316666603,[debug],turtlebot4,simulation,robot-pose,x=-40.39;y=25.23;yaw=0.33
145.333333254,[debug],turtlebot5,simulation,robot-pose,x=-32.90;y=33.97;yaw=-3.09
145.333333254,[debug],turtlebot5,simulation,robot-pose,x=-32.90;y=33.97;yaw=-3.09
157.166666746,[debug],turtlebot2,move-base-info,Hooray, the base moved arrived,(x=-11.5;y=16)
157.183333397,[debug],turtlebot2,move-base-info,Hooray, the base moved arrived,(x=-11.5;y=16)
157.200000048,[debug],turtlebot2,task-update,navigation,way-point-reached,25.0%
160.033333302,[debug],turtlebot1,simulation,robot-pose,x=-11.46;y=17.82;yaw=-1.25
160.166666746,[debug],turtlebot1,simulation,robot-pose,x=-11.46;y=17.82;yaw=-1.25
160.283333302,[debug],turtlebot2,simulation,robot-pose,x=-11.88;y=16.18;yaw=-3.09
160.283333302,[debug],turtlebot2,simulation,robot-pose,x=-11.88;y=16.18;yaw=-3.09
160.299999952,[debug],turtlebot3,simulation,robot-pose,x=-27.22;y=18.03;yaw=-1.57
160.299999952,[debug],turtlebot3,simulation,robot-pose,x=-27.22;y=18.03;yaw=-1.57
160.316666603,[debug],turtlebot4,simulation,robot-pose,x=-40.39;y=25.23;yaw=0.33
160.316666603,[debug],turtlebot4,simulation,robot-pose,x=-40.39;y=25.23;yaw=0.33
160.333333254,[debug],turtlebot5,simulation,robot-pose,x=-32.90;y=33.97;yaw=-3.09
160.333333254,[debug],turtlebot5,simulation,robot-pose,x=-32.90;y=33.97;yaw=-3.09
164.483333349,[info],turtlebot2,skill-life-cycle,navigation,(status=RUNNING, parameters=[[-11.5, 16.0, 3.141592653589793, True], [-37.0, 16.0, 1.5707963267948966, True], [-37.0, 18.93, 0.0, True], [-33.9, 18.93, 3.14, False]])
175.033333302,[debug],turtlebot1,simulation,robot-pose,x=-11.46;y=17.82;yaw=-1.25
175.183333397,[debug],turtlebot1,simulation,robot-pose,x=-11.46;y=17.82;yaw=-1.25
175.283333302,[debug],turtlebot2,simulation,robot-pose,x=-14.09;y=16.22;yaw=-2.71
175.283333302,[debug],turtlebot2,simulation,robot-pose,x=-14.09;y=16.22;yaw=-2.71
175.299999952,[debug],turtlebot3,simulation,robot-pose,x=-27.22;y=18.03;yaw=-1.57
175.299999952,[debug],turtlebot3,simulation,robot-pose,x=-27.22;y=18.03;yaw=-1.57
175.316666603,[debug],turtlebot4,simulation,robot-pose,x=-40.39;y=25.23;yaw=0.33
175.316666603,[debug],turtlebot4,simulation,robot-pose,x=-40.39;y=25.23;yaw=0.33
175.333333254,[debug],turtlebot5,simulation,robot-pose,x=-32.90;y=33.97;yaw=-3.09
175.333333254,[debug],turtlebot5,simulation,robot-pose,x=-32.90;y=33.97;yaw=-3.09
190.033333302,[debug],turtlebot1,simulation,robot-pose,x=-11.46;y=17.82;yaw=-1.25
190.166666746,[debug],turtlebot1,simulation,robot-pose,x=-11.46;y=17.82;yaw=-1.25
190.283333302,[debug],turtlebot2,simulation,robot-pose,x=-16.14;y=15.85;yaw=3.05
190.283333302,[debug],turtlebot2,simulation,robot-pose,x=-16.14;y=15.85;yaw=3.05
190.299999952,[debug],turtlebot3,simulation,robot-pose,x=-27.22;y=18.03;yaw=-1.57
190.299999952,[debug],turtlebot3,simulation,robot-pose,x=-27.22;y=18.03;yaw=-1.57
190.316666603,[debug],turtlebot4,simulation,robot-pose,x=-40.39;y=25.23;yaw=0.33
190.316666603,[debug],turtlebot4,simulation,robot-pose,x=-40.39;y=25.23;yaw=0.33
190.333333254,[debug],turtlebot5,simulation,robot-pose,x=-32.90;y=33.97;yaw=-3.09
190.333333254,[debug],turtlebot5,simulation,robot-pose,x=-32.90;y=33.97;yaw=-3.09
205.033333302,[debug],turtlebot1,simulation,robot-pose,x=-11.46;y=17.82;yaw=-1.25
205.183333397,[debug],turtlebot1,simulation,robot-pose,x=-11.46;y=17.82;yaw=-1.25
205.283333302,[debug],turtlebot2,simulation,robot-pose,x=-18.77;y=16.00;yaw=2.97
205.283333302,[debug],turtlebot2,simulation,robot-pose,x=-18.77;y=16.00;yaw=2.97
205.299999952,[debug],turtlebot3,simulation,robot-pose,x=-27.22;y=18.03;yaw=-1.57
205.299999952,[debug],turtlebot3,simulation,robot-pose,x=-27.22;y=18.03;yaw=-1.57
205.316666603,[debug],turtlebot4,simulation,robot-pose,x=-40.39;y=25.23;yaw=0.33
205.316666603,[debug],turtlebot4,simulation,robot-pose,x=-40.39;y=25.23;yaw=0.33
205.333333254,[debug],turtlebot5,simulation,robot-pose,x=-32.91;y=33.97;yaw=-3.09
205.333333254,[debug],turtlebot5,simulation,robot-pose,x=-32.91;y=33.97;yaw=-3.09
214.200000048,[info],turtlebot2,skill-life-cycle,navigation,(status=RUNNING, parameters=[[-11.5, 16.0, 3.141592653589793, True], [-37.0, 16.0, 1.5707963267948966, True], [-37.0, 18.93, 0.0, True], [-33.9, 18.93, 3.14, False]])
220.033333302,[debug],turtlebot1,simulation,robot-pose,x=-11.46;y=17.82;yaw=-1.25
220.216666698,[debug],turtlebot1,simulation,robot-pose,x=-11.46;y=17.82;yaw=-1.25
220.283333302,[debug],turtlebot2,simulation,robot-pose,x=-21.29;y=16.01;yaw=3.14
220.283333302,[debug],turtlebot2,simulation,robot-pose,x=-21.29;y=16.01;yaw=3.14
220.299999952,[debug],turtlebot3,simulation,robot-pose,x=-27.21;y=18.03;yaw=-1.57
220.299999952,[debug],turtlebot3,simulation,robot-pose,x=-27.21;y=18.03;yaw=-1.57
220.316666603,[debug],turtlebot4,simulation,robot-pose,x=-40.39;y=25.23;yaw=0.33
220.316666603,[debug],turtlebot4,simulation,robot-pose,x=-40.39;y=25.23;yaw=0.33
220.333333254,[debug],turtlebot5,simulation,robot-pose,x=-32.91;y=33.97;yaw=-3.08
220.333333254,[debug],turtlebot5,simulation,robot-pose,x=-32.91;y=33.97;yaw=-3.08
235.033333302,[debug],turtlebot1,simulation,robot-pose,x=-11.46;y=17.82;yaw=-1.25
235.166666746,[debug],turtlebot1,simulation,robot-pose,x=-11.46;y=17.82;yaw=-1.25
235.283333302,[debug],turtlebot2,simulation,robot-pose,x=-23.77;y=15.99;yaw=3.14
235.283333302,[debug],turtlebot2,simulation,robot-pose,x=-23.77;y=15.99;yaw=3.14
235.299999952,[debug],turtlebot3,simulation,robot-pose,x=-27.21;y=18.03;yaw=-1.57
235.299999952,[debug],turtlebot3,simulation,robot-pose,x=-27.21;y=18.03;yaw=-1.57
235.316666603,[debug],turtlebot4,simulation,robot-pose,x=-40.39;y=25.23;yaw=0.33
235.316666603,[debug],turtlebot4,simulation,robot-pose,x=-40.39;y=25.23;yaw=0.33
235.333333254,[debug],turtlebot5,simulation,robot-pose,x=-32.91;y=33.97;yaw=-3.07
235.333333254,[debug],turtlebot5,simulation,robot-pose,x=-32.91;y=33.97;yaw=-3.07
250.033333302,[debug],turtlebot1,simulation,robot-pose,x=-11.46;y=17.82;yaw=-1.25
250.183333397,[debug],turtlebot1,simulation,robot-pose,x=-11.46;y=17.82;yaw=-1.25
250.283333302,[debug],turtlebot2,simulation,robot-pose,x=-26.33;y=16.07;yaw=2.98
250.283333302,[debug],turtlebot2,simulation,robot-pose,x=-26.33;y=16.07;yaw=2.98
250.299999952,[debug],turtlebot3,simulation,robot-pose,x=-27.21;y=18.03;yaw=-1.57
250.299999952,[debug],turtlebot3,simulation,robot-pose,x=-27.21;y=18.03;yaw=-1.57
250.316666603,[debug],turtlebot4,simulation,robot-pose,x=-40.39;y=25.23;yaw=0.33
250.316666603,[debug],turtlebot4,simulation,robot-pose,x=-40.39;y=25.23;yaw=0.33
250.333333254,[debug],turtlebot5,simulation,robot-pose,x=-32.91;y=33.97;yaw=-3.06
250.333333254,[debug],turtlebot5,simulation,robot-pose,x=-32.91;y=33.97;yaw=-3.06
264.0,[info],turtlebot2,skill-life-cycle,navigation,(status=RUNNING, parameters=[[-11.5, 16.0, 3.141592653589793, True], [-37.0, 16.0, 1.5707963267948966, True], [-37.0, 18.93, 0.0, True], [-33.9, 18.93, 3.14, False]])
265.033333302,[debug],turtlebot1,simulation,robot-pose,x=-11.46;y=17.82;yaw=-1.25
265.166666746,[debug],turtlebot1,simulation,robot-pose,x=-11.46;y=17.82;yaw=-1.25
265.283333302,[debug],turtlebot2,simulation,robot-pose,x=-28.89;y=16.12;yaw=3.12
265.283333302,[debug],turtlebot2,simulation,robot-pose,x=-28.89;y=16.12;yaw=3.12
265.299999952,[debug],turtlebot3,simulation,robot-pose,x=-27.21;y=18.03;yaw=-1.57
265.299999952,[debug],turtlebot3,simulation,robot-pose,x=-27.21;y=18.03;yaw=-1.57
265.316666603,[debug],turtlebot4,simulation,robot-pose,x=-40.39;y=25.23;yaw=0.33
265.316666603,[debug],turtlebot4,simulation,robot-pose,x=-40.39;y=25.23;yaw=0.33
265.333333254,[debug],turtlebot5,simulation,robot-pose,x=-32.91;y=33.97;yaw=-3.06
265.333333254,[debug],turtlebot5,simulation,robot-pose,x=-32.91;y=33.97;yaw=-3.06
280.033333302,[debug],turtlebot1,simulation,robot-pose,x=-11.46;y=17.82;yaw=-1.25
280.183333397,[debug],turtlebot1,simulation,robot-pose,x=-11.46;y=17.82;yaw=-1.25
280.283333302,[debug],turtlebot2,simulation,robot-pose,x=-31.35;y=16.08;yaw=-3.04
280.283333302,[debug],turtlebot2,simulation,robot-pose,x=-31.35;y=16.08;yaw=-3.04
280.299999952,[debug],turtlebot3,simulation,robot-pose,x=-27.21;y=18.03;yaw=-1.57
280.299999952,[debug],turtlebot3,simulation,robot-pose,x=-27.21;y=18.03;yaw=-1.57
280.316666603,[debug],turtlebot4,simulation,robot-pose,x=-40.39;y=25.23;yaw=0.33
280.316666603,[debug],turtlebot4,simulation,robot-pose,x=-40.39;y=25.23;yaw=0.33
280.333333254,[debug],turtlebot5,simulation,robot-pose,x=-32.92;y=33.98;yaw=-3.05
280.333333254,[debug],turtlebot5,simulation,robot-pose,x=-32.92;y=33.98;yaw=-3.05
295.033333302,[debug],turtlebot1,simulation,robot-pose,x=-11.46;y=17.82;yaw=-1.25
295.200000048,[debug],turtlebot1,simulation,robot-pose,x=-11.46;y=17.82;yaw=-1.25
295.283333302,[debug],turtlebot2,simulation,robot-pose,x=-33.40;y=15.70;yaw=3.05
295.283333302,[debug],turtlebot2,simulation,robot-pose,x=-33.40;y=15.70;yaw=3.05
295.299999952,[debug],turtlebot3,simulation,robot-pose,x=-27.21;y=18.03;yaw=-1.57
295.299999952,[debug],turtlebot3,simulation,robot-pose,x=-27.21;y=18.03;yaw=-1.57
295.316666603,[debug],turtlebot4,simulation,robot-pose,x=-40.39;y=25.23;yaw=0.33
295.316666603,[debug],turtlebot4,simulation,robot-pose,x=-40.39;y=25.23;yaw=0.33
295.333333254,[debug],turtlebot5,simulation,robot-pose,x=-32.92;y=33.98;yaw=-3.05
295.333333254,[debug],turtlebot5,simulation,robot-pose,x=-32.92;y=33.98;yaw=-3.05
310.033333302,[debug],turtlebot1,simulation,robot-pose,x=-11.47;y=17.82;yaw=-1.25
310.183333397,[debug],turtlebot1,simulation,robot-pose,x=-11.47;y=17.82;yaw=-1.25
310.283333302,[debug],turtlebot2,simulation,robot-pose,x=-36.26;y=16.20;yaw=2.81
310.283333302,[debug],turtlebot2,simulation,robot-pose,x=-36.26;y=16.20;yaw=2.81
310.299999952,[debug],turtlebot3,simulation,robot-pose,x=-27.21;y=18.03;yaw=-1.57
310.299999952,[debug],turtlebot3,simulation,robot-pose,x=-27.21;y=18.03;yaw=-1.57
310.316666603,[debug],turtlebot4,simulation,robot-pose,x=-40.39;y=25.23;yaw=0.33
310.316666603,[debug],turtlebot4,simulation,robot-pose,x=-40.39;y=25.23;yaw=0.33
310.333333254,[debug],turtlebot5,simulation,robot-pose,x=-32.92;y=33.98;yaw=-3.06
310.333333254,[debug],turtlebot5,simulation,robot-pose,x=-32.92;y=33.98;yaw=-3.06
314.366666555,[info],turtlebot2,skill-life-cycle,navigation,(status=RUNNING, parameters=[[-11.5, 16.0, 3.141592653589793, True], [-37.0, 16.0, 1.5707963267948966, True], [-37.0, 18.93, 0.0, True], [-33.9, 18.93, 3.14, False]])
316.799999952,[debug],turtlebot2,move-base-info,Hooray, the base moved arrived,(x=-37;y=16)
316.799999952,[debug],turtlebot2,move-base-info,Hooray, the base moved arrived,(x=-37;y=16)
316.983333349,[debug],turtlebot2,task-update,navigation,way-point-reached,50.0%
325.033333302,[debug],turtlebot1,simulation,robot-pose,x=-11.47;y=17.82;yaw=-1.25
325.166666746,[debug],turtlebot1,simulation,robot-pose,x=-11.47;y=17.82;yaw=-1.25
325.283333302,[debug],turtlebot2,simulation,robot-pose,x=-36.80;y=18.13;yaw=1.71
325.283333302,[debug],turtlebot2,simulation,robot-pose,x=-36.80;y=18.13;yaw=1.71
325.299999952,[debug],turtlebot3,simulation,robot-pose,x=-27.21;y=18.03;yaw=-1.55
325.299999952,[debug],turtlebot3,simulation,robot-pose,x=-27.21;y=18.03;yaw=-1.55
325.316666603,[debug],turtlebot4,simulation,robot-pose,x=-40.39;y=25.23;yaw=0.33
325.316666603,[debug],turtlebot4,simulation,robot-pose,x=-40.39;y=25.23;yaw=0.33
325.333333254,[debug],turtlebot5,simulation,robot-pose,x=-32.92;y=33.98;yaw=-3.06
325.333333254,[debug],turtlebot5,simulation,robot-pose,x=-32.92;y=33.98;yaw=-3.06
331.533333302,[debug],turtlebot2,move-base-info,Hooray, the base moved arrived,(x=-37;y=18.93)
331.533333302,[debug],turtlebot2,move-base-info,Hooray, the base moved arrived,(x=-37;y=18.93)
331.716666698,[debug],turtlebot2,task-update,navigation,way-point-reached,75.0%
340.033333302,[debug],turtlebot1,simulation,robot-pose,x=-11.47;y=17.82;yaw=-1.25
340.166666746,[debug],turtlebot1,simulation,robot-pose,x=-11.47;y=17.82;yaw=-1.25
340.283333302,[debug],turtlebot2,simulation,robot-pose,x=-36.45;y=18.37;yaw=-0.60
340.283333302,[debug],turtlebot2,simulation,robot-pose,x=-36.45;y=18.37;yaw=-0.60
340.299999952,[debug],turtlebot3,simulation,robot-pose,x=-27.21;y=18.02;yaw=-1.54
340.299999952,[debug],turtlebot3,simulation,robot-pose,x=-27.21;y=18.02;yaw=-1.54
340.316666603,[debug],turtlebot4,simulation,robot-pose,x=-40.39;y=25.23;yaw=0.33
340.316666603,[debug],turtlebot4,simulation,robot-pose,x=-40.39;y=25.23;yaw=0.33
340.333333254,[debug],turtlebot5,simulation,robot-pose,x=-32.93;y=33.98;yaw=-3.06
340.333333254,[debug],turtlebot5,simulation,robot-pose,x=-32.93;y=33.98;yaw=-3.06
355.033333302,[debug],turtlebot1,simulation,robot-pose,x=-11.47;y=17.82;yaw=-1.25
355.150000095,[debug],turtlebot1,simulation,robot-pose,x=-11.47;y=17.82;yaw=-1.25
355.283333302,[debug],turtlebot2,simulation,robot-pose,x=-35.44;y=17.94;yaw=-0.22
355.283333302,[debug],turtlebot2,simulation,robot-pose,x=-35.44;y=17.94;yaw=-0.22
355.299999952,[debug],turtlebot3,simulation,robot-pose,x=-27.21;y=18.01;yaw=-1.54
355.299999952,[debug],turtlebot3,simulation,robot-pose,x=-27.21;y=18.01;yaw=-1.54
355.316666603,[debug],turtlebot4,simulation,robot-pose,x=-40.39;y=25.23;yaw=0.33
355.316666603,[debug],turtlebot4,simulation,robot-pose,x=-40.39;y=25.23;yaw=0.33
355.333333254,[debug],turtlebot5,simulation,robot-pose,x=-32.93;y=33.98;yaw=-3.06
355.333333254,[debug],turtlebot5,simulation,robot-pose,x=-32.93;y=33.98;yaw=-3.06
365.933333397,[info],turtlebot2,skill-life-cycle,navigation,(status=RUNNING, parameters=[[-11.5, 16.0, 3.141592653589793, True], [-37.0, 16.0, 1.5707963267948966, True], [-37.0, 18.93, 0.0, True], [-33.9, 18.93, 3.14, False]])
368.450000048,[debug],turtlebot2,move-base-info,Hooray, the base moved arrived,(x=-33.9;y=18.93)
368.450000048,[debug],turtlebot2,move-base-info,Hooray, the base moved arrived,(x=-33.9;y=18.93)
368.650000095,[debug],turtlebot2,task-update,navigation,way-point-reached,100.0%
368.75,[debug],turtlebot2,available-skills,['send_message', 'wait_message', 'approach_person', 'approach_robot', 'authenticate_person', 'deposit', 'navigation', 'operate_drawer', 'pick_up'],
368.75,[info],turtlebot2,skill-life-cycle,approach_person,(status=STARTED, parameters=['nurse'])
368.799999952,[debug],turtlebot2,task-update,approach_person,localize-person,(who=nurse)
368.900000095,[debug],turtlebot2,task-update,approach_person,goto-person,(who=nurse)
368.983333349,[debug],turtlebot2,available-skills,['send_message', 'wait_message', 'approach_person', 'approach_robot', 'authenticate_person', 'deposit', 'navigation', 'operate_drawer', 'pick_up'],
369.0,[info],turtlebot2,skill-life-cycle,authenticate_person,(status=STARTED, parameters=['nurse'])
369.049999952,[debug],turtlebot2,task-update,authenticate_person,request-authentication,(to=nurse)
369.049999952,[info],nurse,sync,received-request,(status=sending-request)
369.150000095,[info],nurse,sync,received-request,(status=sending-request)
369.466666698,[debug],turtlebot2,task-update,authenticate_person,received-authentication,(from=nurse)
369.533333302,[debug],turtlebot2,available-skills,['send_message', 'wait_message', 'approach_person', 'approach_robot', 'authenticate_person', 'deposit', 'navigation', 'operate_drawer', 'pick_up'],
369.533333302,[info],turtlebot2,skill-life-cycle,operate_drawer,(status=STARTED, parameters=['open'])
369.599999905,[debug],turtlebot2,task-update,operate_drawer,open
370.033333302,[debug],turtlebot1,simulation,robot-pose,x=-11.47;y=17.82;yaw=-1.25
370.183333397,[debug],turtlebot1,simulation,robot-pose,x=-11.47;y=17.82;yaw=-1.25
370.283333302,[debug],turtlebot2,simulation,robot-pose,x=-34.11;y=18.56;yaw=3.10
370.283333302,[debug],turtlebot2,simulation,robot-pose,x=-34.11;y=18.56;yaw=3.10
370.299999952,[debug],turtlebot3,simulation,robot-pose,x=-27.21;y=17.99;yaw=-1.54
370.299999952,[debug],turtlebot3,simulation,robot-pose,x=-27.21;y=17.99;yaw=-1.54
370.316666603,[debug],turtlebot4,simulation,robot-pose,x=-40.39;y=25.23;yaw=0.33
370.316666603,[debug],turtlebot4,simulation,robot-pose,x=-40.39;y=25.23;yaw=0.33
370.333333254,[debug],turtlebot5,simulation,robot-pose,x=-32.93;y=33.98;yaw=-3.06
370.333333254,[debug],turtlebot5,simulation,robot-pose,x=-32.93;y=33.98;yaw=-3.06
370.583333254,[debug],turtlebot2,available-skills,['send_message', 'wait_message', 'approach_person', 'approach_robot', 'authenticate_person', 'deposit', 'navigation', 'operate_drawer', 'pick_up'],
370.583333254,[info],turtlebot2,skill-life-cycle,send_message,(status=STARTED, parameters=['nurse'])
370.666666746,[info],turtlebot2,sync,send-message,(to=nurse)
371.533333302,[info],nurse,sync,wait-message,(status=message-received)
371.533333302,[info],nurse,sync,wait-message,(status=message-received)
374.266666651,[debug],turtlebot2,available-skills,['send_message', 'wait_message', 'approach_person', 'approach_robot', 'authenticate_person', 'deposit', 'navigation', 'operate_drawer', 'pick_up'],
374.266666651,[info],turtlebot2,skill-life-cycle,wait_message,(status=STARTED, parameters=['r1'])
375.599999905,[info],turtlebot2,sync,wait-message,(status=message-received)
375.700000048,[debug],turtlebot2,available-skills,['send_message', 'wait_message', 'approach_person', 'approach_robot', 'authenticate_person', 'deposit', 'navigation', 'operate_drawer', 'pick_up'],
375.700000048,[info],turtlebot2,skill-life-cycle,operate_drawer,(status=STARTED, parameters=['close'])
375.783333302,[debug],turtlebot2,task-update,operate_drawer,close
376.75,[debug],turtlebot2,available-skills,['send_message', 'wait_message', 'approach_person', 'approach_robot', 'authenticate_person', 'deposit', 'navigation', 'operate_drawer', 'pick_up'],
376.75,[info],turtlebot2,skill-life-cycle,navigation,(status=STARTED, parameters=[[-37.0, 18.93, -1.5707963267948966, True], [-37.0, 16.0, 0.0, True], [-26.0, 16.0, -1.5707963267948966, True], [-26.0, 13.0, 1.57, False]])
381.533333302,[info],nurse,sync,wait-message,(status=message-received)
381.533333302,[info],nurse,sync,wait-message,(status=message-received)
385.033333302,[debug],turtlebot1,simulation,robot-pose,x=-11.47;y=17.82;yaw=-1.25
385.166666746,[debug],turtlebot1,simulation,robot-pose,x=-11.47;y=17.82;yaw=-1.25
385.283333302,[debug],turtlebot2,simulation,robot-pose,x=-34.46;y=18.42;yaw=-2.45
385.283333302,[debug],turtlebot2,simulation,robot-pose,x=-34.46;y=18.42;yaw=-2.45
385.299999952,[debug],turtlebot3,simulation,robot-pose,x=-27.21;y=17.98;yaw=-1.54
385.299999952,[debug],turtlebot3,simulation,robot-pose,x=-27.21;y=17.98;yaw=-1.54
385.316666603,[debug],turtlebot4,simulation,robot-pose,x=-40.39;y=25.23;yaw=0.33
385.316666603,[debug],turtlebot4,simulation,robot-pose,x=-40.39;y=25.23;yaw=0.33
385.333333254,[debug],turtlebot5,simulation,robot-pose,x=-32.93;y=33.98;yaw=-3.06
385.333333254,[debug],turtlebot5,simulation,robot-pose,x=-32.93;y=33.98;yaw=-3.06
389.049999952,[info],nurse,sync,request-sent,(status=waiting)
389.183333397,[info],nurse,sync,request-sent,(status=waiting)
391.533333302,[info],nurse,sync,wait-message,(status=message-received)
391.533333302,[info],nurse,sync,wait-message,(status=message-received)
400.033333302,[debug],turtlebot1,simulation,robot-pose,x=-11.47;y=17.82;yaw=-1.25
400.150000095,[debug],turtlebot1,simulation,robot-pose,x=-11.47;y=17.82;yaw=-1.25
400.283333302,[debug],turtlebot2,simulation,robot-pose,x=-35.29;y=17.91;yaw=-2.98
400.283333302,[debug],turtlebot2,simulation,robot-pose,x=-35.29;y=17.91;yaw=-2.98
400.299999952,[debug],turtlebot3,simulation,robot-pose,x=-27.21;y=17.96;yaw=-1.54
400.299999952,[debug],turtlebot3,simulation,robot-pose,x=-27.21;y=17.96;yaw=-1.54
400.316666603,[debug],turtlebot4,simulation,robot-pose,x=-40.39;y=25.23;yaw=0.33
400.316666603,[debug],turtlebot4,simulation,robot-pose,x=-40.39;y=25.23;yaw=0.33
400.333333254,[debug],turtlebot5,simulation,robot-pose,x=-32.93;y=33.98;yaw=-3.06
400.333333254,[debug],turtlebot5,simulation,robot-pose,x=-32.93;y=33.98;yaw=-3.06
401.533333302,[info],nurse,sync,wait-message,(status=message-received)
401.533333302,[info],nurse,sync,wait-message,(status=message-received)
413.833333254,[debug],turtlebot2,move-base-info,Hooray, the base moved arrived,(x=-37;y=18.93)
413.833333254,[debug],turtlebot2,move-base-info,Hooray, the base moved arrived,(x=-37;y=18.93)
413.883333445,[debug],turtlebot2,task-update,navigation,way-point-reached,25.0%
415.033333302,[debug],turtlebot1,simulation,robot-pose,x=-11.47;y=17.82;yaw=-1.25
415.183333397,[debug],turtlebot1,simulation,robot-pose,x=-11.47;y=17.82;yaw=-1.25
415.283333302,[debug],turtlebot2,simulation,robot-pose,x=-36.70;y=18.64;yaw=-1.61
415.283333302,[debug],turtlebot2,simulation,robot-pose,x=-36.70;y=18.64;yaw=-1.61
415.299999952,[debug],turtlebot3,simulation,robot-pose,x=-27.21;y=17.95;yaw=-1.54
415.299999952,[debug],turtlebot3,simulation,robot-pose,x=-27.21;y=17.95;yaw=-1.54
415.316666603,[debug],turtlebot4,simulation,robot-pose,x=-40.39;y=25.23;yaw=0.33
415.316666603,[debug],turtlebot4,simulation,robot-pose,x=-40.39;y=25.23;yaw=0.33
415.333333254,[debug],turtlebot5,simulation,robot-pose,x=-32.93;y=33.98;yaw=-3.06
415.333333254,[debug],turtlebot5,simulation,robot-pose,x=-32.93;y=33.98;yaw=-3.06
418.650000095,[info],turtlebot2,skill-life-cycle,navigation,(status=RUNNING, parameters=[[-37.0, 18.93, -1.5707963267948966, True], [-37.0, 16.0, 0.0, True], [-26.0, 16.0, -1.5707963267948966, True], [-26.0, 13.0, 1.57, False]])
430.033333302,[debug],turtlebot1,simulation,robot-pose,x=-11.47;y=17.82;yaw=-1.25
430.183333397,[debug],turtlebot1,simulation,robot-pose,x=-11.47;y=17.82;yaw=-1.25
430.283333302,[debug],turtlebot2,simulation,robot-pose,x=-36.70;y=17.68;yaw=-1.57
430.283333302,[debug],turtlebot2,simulation,robot-pose,x=-36.70;y=17.68;yaw=-1.57
430.299999952,[debug],turtlebot3,simulation,robot-pose,x=-27.20;y=17.94;yaw=-1.54
430.299999952,[debug],turtlebot3,simulation,robot-pose,x=-27.20;y=17.94;yaw=-1.54
430.316666603,[debug],turtlebot4,simulation,robot-pose,x=-40.39;y=25.23;yaw=0.33
430.316666603,[debug],turtlebot4,simulation,robot-pose,x=-40.39;y=25.23;yaw=0.33
430.333333254,[debug],turtlebot5,simulation,robot-pose,x=-32.93;y=33.98;yaw=-3.06
430.333333254,[debug],turtlebot5,simulation,robot-pose,x=-32.93;y=33.98;yaw=-3.06
445.033333302,[debug],turtlebot1,simulation,robot-pose,x=-11.47;y=17.82;yaw=-1.25
445.183333397,[debug],turtlebot1,simulation,robot-pose,x=-11.47;y=17.82;yaw=-1.25
445.283333302,[debug],turtlebot2,simulation,robot-pose,x=-36.88;y=16.47;yaw=-1.90
445.283333302,[debug],turtlebot2,simulation,robot-pose,x=-36.88;y=16.47;yaw=-1.90
445.299999952,[debug],turtlebot3,simulation,robot-pose,x=-27.20;y=17.92;yaw=-1.54
445.299999952,[debug],turtlebot3,simulation,robot-pose,x=-27.20;y=17.92;yaw=-1.54
445.316666603,[debug],turtlebot4,simulation,robot-pose,x=-40.39;y=25.23;yaw=0.33
445.316666603,[debug],turtlebot4,simulation,robot-pose,x=-40.39;y=25.23;yaw=0.33
445.333333254,[debug],turtlebot5,simulation,robot-pose,x=-32.93;y=33.98;yaw=-3.06
445.333333254,[debug],turtlebot5,simulation,robot-pose,x=-32.93;y=33.98;yaw=-3.06
450.25,[debug],turtlebot2,move-base-info,Hooray, the base moved arrived,(x=-37;y=16)
450.25,[debug],turtlebot2,move-base-info,Hooray, the base moved arrived,(x=-37;y=16)
450.349999905,[debug],turtlebot2,task-update,navigation,way-point-reached,50.0%
460.033333302,[debug],turtlebot1,simulation,robot-pose,x=-11.47;y=17.82;yaw=-1.25
460.200000048,[debug],turtlebot1,simulation,robot-pose,x=-11.47;y=17.82;yaw=-1.25
460.283333302,[debug],turtlebot2,simulation,robot-pose,x=-36.43;y=16.17;yaw=-0.96
460.283333302,[debug],turtlebot2,simulation,robot-pose,x=-36.43;y=16.17;yaw=-0.96
460.299999952,[debug],turtlebot3,simulation,robot-pose,x=-27.20;y=17.91;yaw=-1.54
460.299999952,[debug],turtlebot3,simulation,robot-pose,x=-27.20;y=17.91;yaw=-1.54
460.316666603,[debug],turtlebot4,simulation,robot-pose,x=-40.39;y=25.23;yaw=0.33
460.316666603,[debug],turtlebot4,simulation,robot-pose,x=-40.39;y=25.23;yaw=0.33
460.333333254,[debug],turtlebot5,simulation,robot-pose,x=-32.93;y=33.98;yaw=-3.06
460.333333254,[debug],turtlebot5,simulation,robot-pose,x=-32.93;y=33.98;yaw=-3.06
470.216666698,[info],turtlebot2,skill-life-cycle,navigation,(status=RUNNING, parameters=[[-37.0, 18.93, -1.5707963267948966, True], [-37.0, 16.0, 0.0, True], [-26.0, 16.0, -1.5707963267948966, True], [-26.0, 13.0, 1.57, False]])
475.033333302,[debug],turtlebot1,simulation,robot-pose,x=-11.47;y=17.82;yaw=-1.25
475.183333397,[debug],turtlebot1,simulation,robot-pose,x=-11.47;y=17.82;yaw=-1.25
475.283333302,[debug],turtlebot2,simulation,robot-pose,x=-34.59;y=15.78;yaw=-0.06
475.283333302,[debug],turtlebot2,simulation,robot-pose,x=-34.59;y=15.78;yaw=-0.06
475.299999952,[debug],turtlebot3,simulation,robot-pose,x=-27.20;y=17.89;yaw=-1.54
475.299999952,[debug],turtlebot3,simulation,robot-pose,x=-27.20;y=17.89;yaw=-1.54
475.316666603,[debug],turtlebot4,simulation,robot-pose,x=-40.39;y=25.23;yaw=0.33
475.316666603,[debug],turtlebot4,simulation,robot-pose,x=-40.39;y=25.23;yaw=0.33
475.333333254,[debug],turtlebot5,simulation,robot-pose,x=-32.93;y=33.98;yaw=-3.06
475.333333254,[debug],turtlebot5,simulation,robot-pose,x=-32.93;y=33.98;yaw=-3.06
490.033333302,[debug],turtlebot1,simulation,robot-pose,x=-11.47;y=17.82;yaw=-1.25
490.150000095,[debug],turtlebot1,simulation,robot-pose,x=-11.47;y=17.82;yaw=-1.25
490.283333302,[debug],turtlebot2,simulation,robot-pose,x=-31.86;y=16.10;yaw=0.24
490.283333302,[debug],turtlebot2,simulation,robot-pose,x=-31.86;y=16.10;yaw=0.24
490.299999952,[debug],turtlebot3,simulation,robot-pose,x=-27.20;y=17.88;yaw=-1.54
490.299999952,[debug],turtlebot3,simulation,robot-pose,x=-27.20;y=17.88;yaw=-1.54
490.316666603,[debug],turtlebot4,simulation,robot-pose,x=-40.39;y=25.23;yaw=0.33
490.316666603,[debug],turtlebot4,simulation,robot-pose,x=-40.39;y=25.23;yaw=0.33
490.333333254,[debug],turtlebot5,simulation,robot-pose,x=-32.93;y=33.98;yaw=-3.06
490.333333254,[debug],turtlebot5,simulation,robot-pose,x=-32.93;y=33.98;yaw=-3.06
505.033333302,[debug],turtlebot1,simulation,robot-pose,x=-11.47;y=17.82;yaw=-1.25
505.183333397,[debug],turtlebot1,simulation,robot-pose,x=-11.47;y=17.82;yaw=-1.25
505.283333302,[debug],turtlebot2,simulation,robot-pose,x=-29.38;y=16.09;yaw=0.01
505.283333302,[debug],turtlebot2,simulation,robot-pose,x=-29.38;y=16.09;yaw=0.01
505.299999952,[debug],turtlebot3,simulation,robot-pose,x=-27.19;y=17.86;yaw=-1.54
505.299999952,[debug],turtlebot3,simulation,robot-pose,x=-27.19;y=17.86;yaw=-1.54
505.316666603,[debug],turtlebot4,simulation,robot-pose,x=-40.39;y=25.23;yaw=0.33
505.316666603,[debug],turtlebot4,simulation,robot-pose,x=-40.39;y=25.23;yaw=0.33
505.333333254,[debug],turtlebot5,simulation,robot-pose,x=-32.93;y=33.98;yaw=-3.06
505.333333254,[debug],turtlebot5,simulation,robot-pose,x=-32.93;y=33.98;yaw=-3.06
520.033333302,[debug],turtlebot1,simulation,robot-pose,x=-11.47;y=17.82;yaw=-1.25
520.166666746,[debug],turtlebot1,simulation,robot-pose,x=-11.47;y=17.82;yaw=-1.25
520.216666698,[info],turtlebot2,skill-life-cycle,navigation,(status=RUNNING, parameters=[[-37.0, 18.93, -1.5707963267948966, True], [-37.0, 16.0, 0.0, True], [-26.0, 16.0, -1.5707963267948966, True], [-26.0, 13.0, 1.57, False]])
520.283333302,[debug],turtlebot2,simulation,robot-pose,x=-26.86;y=16.11;yaw=0.28
520.283333302,[debug],turtlebot2,simulation,robot-pose,x=-26.86;y=16.11;yaw=0.28
520.299999952,[debug],turtlebot3,simulation,robot-pose,x=-27.19;y=17.85;yaw=-1.54
520.299999952,[debug],turtlebot3,simulation,robot-pose,x=-27.19;y=17.85;yaw=-1.54
520.316666603,[debug],turtlebot4,simulation,robot-pose,x=-40.39;y=25.23;yaw=0.33
520.316666603,[debug],turtlebot4,simulation,robot-pose,x=-40.39;y=25.23;yaw=0.33
520.333333254,[debug],turtlebot5,simulation,robot-pose,x=-32.93;y=33.98;yaw=-3.05
520.333333254,[debug],turtlebot5,simulation,robot-pose,x=-32.93;y=33.98;yaw=-3.05
528.066666603,[debug],turtlebot2,move-base-info,Hooray, the base moved arrived,(x=-26;y=16)
528.183333397,[debug],turtlebot2,move-base-info,Hooray, the base moved arrived,(x=-26;y=16)
528.299999952,[debug],turtlebot2,task-update,navigation,way-point-reached,75.0%
535.033333302,[debug],turtlebot1,simulation,robot-pose,x=-11.47;y=17.82;yaw=-1.25
535.183333397,[debug],turtlebot1,simulation,robot-pose,x=-11.47;y=17.82;yaw=-1.25
535.283333302,[debug],turtlebot2,simulation,robot-pose,x=-26.35;y=16.11;yaw=-1.17
535.283333302,[debug],turtlebot2,simulation,robot-pose,x=-26.35;y=16.11;yaw=-1.17
535.299999952,[debug],turtlebot3,simulation,robot-pose,x=-27.19;y=17.83;yaw=-1.54
535.299999952,[debug],turtlebot3,simulation,robot-pose,x=-27.19;y=17.83;yaw=-1.54
535.316666603,[debug],turtlebot4,simulation,robot-pose,x=-40.39;y=25.23;yaw=0.33
535.316666603,[debug],turtlebot4,simulation,robot-pose,x=-40.39;y=25.23;yaw=0.33
535.333333254,[debug],turtlebot5,simulation,robot-pose,x=-32.93;y=33.98;yaw=-3.05
535.333333254,[debug],turtlebot5,simulation,robot-pose,x=-32.93;y=33.98;yaw=-3.05
550.033333302,[debug],turtlebot1,simulation,robot-pose,x=-11.47;y=17.82;yaw=-1.25
550.216666698,[debug],turtlebot1,simulation,robot-pose,x=-11.47;y=17.82;yaw=-1.25
550.283333302,[debug],turtlebot2,simulation,robot-pose,x=-25.85;y=14.91;yaw=-1.26
550.283333302,[debug],turtlebot2,simulation,robot-pose,x=-25.85;y=14.91;yaw=-1.26
550.299999952,[debug],turtlebot3,simulation,robot-pose,x=-27.19;y=17.82;yaw=-1.54
550.299999952,[debug],turtlebot3,simulation,robot-pose,x=-27.19;y=17.82;yaw=-1.54
550.316666603,[debug],turtlebot4,simulation,robot-pose,x=-40.39;y=25.23;yaw=0.33
550.316666603,[debug],turtlebot4,simulation,robot-pose,x=-40.39;y=25.23;yaw=0.33
550.333333254,[debug],turtlebot5,simulation,robot-pose,x=-32.93;y=33.98;yaw=-3.06
550.333333254,[debug],turtlebot5,simulation,robot-pose,x=-32.93;y=33.98;yaw=-3.06
565.033333302,[debug],turtlebot1,simulation,robot-pose,x=-11.48;y=17.82;yaw=-1.25
565.183333397,[debug],turtlebot1,simulation,robot-pose,x=-11.48;y=17.82;yaw=-1.25
565.283333302,[debug],turtlebot2,simulation,robot-pose,x=-25.80;y=13.66;yaw=-1.59
565.283333302,[debug],turtlebot2,simulation,robot-pose,x=-25.80;y=13.66;yaw=-1.59
565.299999952,[debug],turtlebot3,simulation,robot-pose,x=-27.19;y=17.80;yaw=-1.54
565.299999952,[debug],turtlebot3,simulation,robot-pose,x=-27.19;y=17.80;yaw=-1.54
565.316666603,[debug],turtlebot4,simulation,robot-pose,x=-40.39;y=25.23;yaw=0.33
565.316666603,[debug],turtlebot4,simulation,robot-pose,x=-40.39;y=25.23;yaw=0.33
565.333333254,[debug],turtlebot5,simulation,robot-pose,x=-32.93;y=33.98;yaw=-3.06
565.333333254,[debug],turtlebot5,simulation,robot-pose,x=-32.93;y=33.98;yaw=-3.06
571.099999905,[info],turtlebot2,skill-life-cycle,navigation,(status=RUNNING, parameters=[[-37.0, 18.93, -1.5707963267948966, True], [-37.0, 16.0, 0.0, True], [-26.0, 16.0, -1.5707963267948966, True], [-26.0, 13.0, 1.57, False]])
575.0,[debug],turtlebot2,move-base-info,Hooray, the base moved arrived,(x=-26;y=13)
575.183333397,[debug],turtlebot2,move-base-info,Hooray, the base moved arrived,(x=-26;y=13)
575.400000095,[debug],turtlebot2,task-update,navigation,way-point-reached,100.0%
575.5,[debug],turtlebot2,available-skills,['send_message', 'wait_message', 'approach_person', 'approach_robot', 'authenticate_person', 'deposit', 'navigation', 'operate_drawer', 'pick_up'],
575.5,[info],turtlebot2,skill-life-cycle,approach_robot,(status=STARTED, parameters=['lab_arm'])
575.549999952,[debug],turtlebot2,task-update,approach_robot,localize-robot,(who=lab_arm)
575.650000095,[debug],turtlebot2,task-update,approach_robot,goto-robot,(who=lab_arm)
575.75,[debug],turtlebot2,available-skills,['send_message', 'wait_message', 'approach_person', 'approach_robot', 'authenticate_person', 'deposit', 'navigation', 'operate_drawer', 'pick_up'],
575.75,[info],turtlebot2,skill-life-cycle,operate_drawer,(status=STARTED, parameters=['open'])
575.799999952,[debug],turtlebot2,task-update,operate_drawer,open
576.783333302,[debug],turtlebot2,available-skills,['send_message', 'wait_message', 'approach_person', 'approach_robot', 'authenticate_person', 'deposit', 'navigation', 'operate_drawer', 'pick_up'],
576.783333302,[info],turtlebot2,skill-life-cycle,send_message,(status=STARTED, parameters=['lab_arm'])
576.833333254,[info],turtlebot2,sync,send-message,(to=lab_arm)
577.733333349,[info],lab_arm,sync,wait-message,(status=message-received)
577.733333349,[info],lab_arm,sync,wait-message,(status=message-received)
577.733333349,[info],Inventory,sync,wait-sample,(status=sample-received)
577.733333349,ENDSIM
577.733333349,[info],Inventory,sync,wait-sample,(status=sample-received)
577.733333349,ENDSIM
580.033333302,[debug],turtlebot1,simulation,robot-pose,x=-11.48;y=17.82;yaw=-1.25
580.183333397,[debug],turtlebot1,simulation,robot-pose,x=-11.48;y=17.82;yaw=-1.25
580.283333302,[debug],turtlebot2,simulation,robot-pose,x=-25.84;y=13.38;yaw=1.62
580.283333302,[debug],turtlebot2,simulation,robot-pose,x=-25.84;y=13.38;yaw=1.62
580.299999952,[debug],turtlebot3,simulation,robot-pose,x=-27.18;y=17.79;yaw=-1.54
580.299999952,[debug],turtlebot3,simulation,robot-pose,x=-27.18;y=17.79;yaw=-1.54
580.316666603,[debug],turtlebot4,simulation,robot-pose,x=-40.39;y=25.23;yaw=0.33
580.316666603,[debug],turtlebot4,simulation,robot-pose,x=-40.39;y=25.23;yaw=0.33
580.333333254,[debug],turtlebot5,simulation,robot-pose,x=-32.94;y=33.98;yaw=-3.06
580.333333254,[debug],turtlebot5,simulation,robot-pose,x=-32.94;y=33.98;yaw=-3.06
587.733333349,[info],Inventory,sync,wait-sample,(status=sample-received)
587.733333349,ENDSIM
587.733333349,[info],Inventory,sync,wait-sample,(status=sample-received)
587.733333349,[info],lab_arm,sync,wait-message,(status=message-received)
587.733333349,[info],Inventory,sync,wait-sample,(status=sample-received)
587.733333349,ENDSIM
587.733333349,[info],lab_arm,sync,wait-message,(status=message-received)
587.733333349,ENDSIM
587.733333349,[info],Inventory,sync,wait-sample,(status=sample-received)
587.733333349,ENDSIM
0.0,[debug],simulation closed,reach-target,execution-wall-clock=708.749302148819
