0.00, [DEBUG], logger, ROBOTS_CONFIG=[{"avg_speed": 0.15, "battery_charge": 0.23995139509475963, "battery_discharge_rate": 0.00048000000000000007, "id": 1, "local_plan": null, "location": "IC Room 4", "name": "r1", "position": [-39.44, 33.95, 0.0], "skills": ["approach_person", "approach_robot", "authenticate_person", "navigation", "operate_drawer"]}, {"avg_speed": 0.15, "battery_charge": 0.634952869577942, "battery_discharge_rate": 0.00054, "id": 2, "local_plan": null, "location": "PC Room 5", "name": "r2", "position": [-21.0, 18.0, -1.57], "skills": ["approach_person", "approach_robot", "authenticate_person", "navigation", "operate_drawer"]}, {"avg_speed": 0.15, "battery_charge": 0.08039941318304296, "battery_discharge_rate": 0.00036, "id": 3, "local_plan": null, "location": "IC Room 2", "name": "r3", "position": [-38.0, 21.5, 0.0], "skills": ["approach_person", "approach_robot", "authenticate_person", "navigation", "operate_drawer"]}, {"avg_speed": 0.15, "battery_charge": 0.17496190705907763, "battery_discharge_rate": 0.0006000000000000001, "id": 4, "local_plan": null, "location": "PC Room 7", "name": "r4", "position": [-13.5, 18.0, -1.57], "skills": ["approach_person", "approach_robot", "authenticate_person", "navigation", "operate_drawer"]}, {"avg_speed": 0.15, "battery_charge": 0.7179616530181877, "battery_discharge_rate": 0.0002, "id": 5, "local_plan": null, "location": "IC Room 6", "name": "r5", "position": [-33.9, 18.93, 3.14], "skills": ["approach_person", "approach_robot", "authenticate_person", "navigation", "operate_drawer"]}, {"avg_speed": 0.15, "battery_charge": 0.5408465660492595, "battery_discharge_rate": 0.00072, "id": 6, "local_plan": [["navigation", ["PC Room 3", [[-27.23, 18.0, -1.57], [-27.23, 16.0], [-28.5, 16.0], [-28.5, 18.0, -1.57]]], "navto_room"], ["approach_person", ["nurse"], "approach_nurse"], ["authenticate_person", ["nurse"], "authenticate_nurse"], ["operate_drawer", ["open"], "open_drawer_for_nurse"], ["send_message", ["nurse"], "notify_nurse_of_open_drawer_for_nurse_completed"], ["wait_message", ["nurse"], "wait_nurse_to_complete_deposit"], ["operate_drawer", ["close"], "close_drawer_nurse"], ["navigation", ["Laboratory", [[-28.5, 18.0, -1.57], [-28.5, 16.0], [-26.0, 16.0], [-26.0, 13.0, 1.57]]], "navto_lab"], ["approach_robot", ["lab_arm"], "approach_arm"], ["operate_drawer", ["open"], "open_drawer_lab"], ["send_message", ["lab_arm"], "notify_lab_arm_of_open_drawer_lab_completed"], ["wait_message", ["lab_arm"], "wait_lab_arm_to_complete_pick_up_sample"], ["operate_drawer", ["close"], "close_drawer_lab"]], "location": "PC Room 4", "name": "r6", "position": [-27.23, 18.0, -1.57], "skills": ["approach_person", "approach_robot", "authenticate_person", "navigation", "operate_drawer"]}]
0.00, [DEBUG], logger, NURSES_CONFIG=[{"location": "PC Room 3", "position": [-29.5, 19.0, -1.57]}]
0.00, [DEBUG], logger, Simulation open
0.00, [DEBUG], logger, subcribing to in the topic /log
1.62, [DEBUG], None, [debug],turtlebot2,move-base-info,Move_base is up and ok....,
1.70, [DEBUG], None, [debug],turtlebot5,move-base-info,Move_base is up and ok....,
1.75, [DEBUG], None, [debug],turtlebot6,move-base-info,Move_base is up and ok....,
1.77, [DEBUG], None, [debug],turtlebot3,move-base-info,Move_base is up and ok....,
1.77, [DEBUG], None, [debug],turtlebot4,move-base-info,Move_base is up and ok....,
1.80, [DEBUG], None, [debug],turtlebot1,move-base-info,Move_base is up and ok....,
6.53, [DEBUG], turtlebot1, {"param_list": [], "skill": "init_robobt", "skill-life-cycle": "RUNNING", "label": "init_robobt"}
7.27, [DEBUG], turtlebot6, {"param_list": [], "skill": "init_robobt", "skill-life-cycle": "SUCCESS", "label": "init_robobt"}
7.27, [DEBUG], turtlebot6, "available-skills=['send_message', 'wait_message', 'approach_person', 'approach_robot', 'authenticate_person', 'navigation', 'operate_drawer']"
7.28, [DEBUG], turtlebot6, {"param_list": ["PC Room 3", [[-27.23, 16.0, 3.141592653589793, true], [-28.5, 16.0, 1.5707963267948966, true], [-28.5, 18.0, -1.57, false]]], "skill": "navigation", "skill-life-cycle": "STARTED", "label": "navto_room"}
7.32, [DEBUG], turtlebot5, {"param_list": [], "skill": "init_robobt", "skill-life-cycle": "SUCCESS", "label": "init_robobt"}
7.88, [DEBUG], turtlebot3, {"param_list": [], "skill": "init_robobt", "skill-life-cycle": "RUNNING", "label": "init_robobt"}
7.95, [DEBUG], turtlebot4, {"param_list": [], "skill": "init_robobt", "skill-life-cycle": "RUNNING", "label": "init_robobt"}
8.22, [DEBUG], turtlebot1, {"param_list": [], "skill": "init_robobt", "skill-life-cycle": "SUCCESS", "label": "init_robobt"}
8.42, [DEBUG], turtlebot2, {"param_list": [], "skill": "init_robobt", "skill-life-cycle": "RUNNING", "label": "init_robobt"}
10.27, [DEBUG], turtlebot3, {"param_list": [], "skill": "init_robobt", "skill-life-cycle": "SUCCESS", "label": "init_robobt"}
10.38, [DEBUG], turtlebot4, {"param_list": [], "skill": "init_robobt", "skill-life-cycle": "SUCCESS", "label": "init_robobt"}
11.93, [DEBUG], turtlebot2, {"param_list": [], "skill": "init_robobt", "skill-life-cycle": "SUCCESS", "label": "init_robobt"}
21.27, [INFO], turtlebot1, {"y": "33.84", "x": "-39.51", "yaw": "0.46"}
21.28, [INFO], turtlebot2, {"y": "18.00", "x": "-20.99", "yaw": "-1.54"}
21.30, [INFO], turtlebot4, {"y": "18.00", "x": "-13.50", "yaw": "-1.50"}
21.30, [INFO], turtlebot3, {"y": "21.48", "x": "-38.00", "yaw": "0.01"}
21.32, [INFO], turtlebot6, {"battery-level": "53.10%"}
21.32, [INFO], turtlebot6, {"y": "17.09", "x": "-27.15", "yaw": "-1.55"}
21.32, [INFO], turtlebot5, {"y": "18.79", "x": "-33.83", "yaw": "2.80"}
21.38, [INFO], turtlebot1, {"y": "33.84", "x": "-39.51", "yaw": "0.46"}
21.40, [INFO], turtlebot2, {"y": "18.00", "x": "-20.99", "yaw": "-1.54"}
21.40, [INFO], turtlebot4, {"y": "18.00", "x": "-13.50", "yaw": "-1.50"}
21.40, [INFO], turtlebot3, {"y": "21.48", "x": "-38.00", "yaw": "0.01"}
21.40, [INFO], turtlebot6, {"battery-level": "53.10%"}
21.42, [INFO], turtlebot6, {"y": "17.09", "x": "-27.15", "yaw": "-1.55"}
21.42, [INFO], turtlebot5, {"y": "18.79", "x": "-33.83", "yaw": "2.80"}
32.37, [DEBUG], None, [debug],turtlebot6,move-base-info,Hooray, the base moved arrived,(x=-27.23;y=16)
32.38, [DEBUG], None, [debug],turtlebot6,move-base-info,Hooray, the base moved arrived,(x=-27.23;y=16)
32.48, [DEBUG], turtlebot6, {"status": "way-point-reached", "skill": "navigation", "percentage": "33.33%", "goingto": "PC Room 3"}
36.27, [INFO], turtlebot1, {"y": "33.84", "x": "-39.51", "yaw": "0.46"}
36.28, [INFO], turtlebot2, {"y": "18.00", "x": "-20.99", "yaw": "-1.54"}
36.30, [INFO], turtlebot4, {"y": "18.00", "x": "-13.49", "yaw": "-1.49"}
36.30, [INFO], turtlebot3, {"y": "21.48", "x": "-38.00", "yaw": "0.01"}
36.32, [INFO], turtlebot6, {"y": "16.45", "x": "-27.15", "yaw": "-3.10"}
36.32, [INFO], turtlebot6, {"battery-level": "52.12%"}
36.32, [INFO], turtlebot5, {"y": "18.78", "x": "-33.84", "yaw": "2.82"}
36.38, [INFO], turtlebot1, {"y": "33.84", "x": "-39.51", "yaw": "0.46"}
36.38, [INFO], turtlebot2, {"y": "18.00", "x": "-20.99", "yaw": "-1.54"}
36.38, [INFO], turtlebot4, {"y": "18.00", "x": "-13.49", "yaw": "-1.49"}
36.40, [INFO], turtlebot3, {"y": "21.48", "x": "-38.00", "yaw": "0.01"}
36.40, [INFO], turtlebot6, {"y": "16.45", "x": "-27.15", "yaw": "-3.10"}
36.40, [INFO], turtlebot6, {"battery-level": "52.12%"}
36.40, [INFO], turtlebot5, {"y": "18.78", "x": "-33.84", "yaw": "2.82"}
45.23, [DEBUG], turtlebot6, {"param_list": ["PC Room 3", [[-27.23, 16.0, 3.141592653589793, true], [-28.5, 16.0, 1.5707963267948966, true], [-28.5, 18.0, -1.57, false]]], "skill": "navigation", "skill-life-cycle": "RUNNING", "label": "navto_room"}
47.97, [DEBUG], None, [debug],turtlebot6,move-base-info,Hooray, the base moved arrived,(x=-28.5;y=16)
47.97, [DEBUG], None, [debug],turtlebot6,move-base-info,Hooray, the base moved arrived,(x=-28.5;y=16)
48.08, [DEBUG], turtlebot6, {"status": "way-point-reached", "skill": "navigation", "percentage": "66.67%", "goingto": "PC Room 3"}
51.27, [INFO], turtlebot1, {"y": "33.84", "x": "-39.51", "yaw": "0.46"}
51.28, [INFO], turtlebot2, {"y": "18.00", "x": "-20.99", "yaw": "-1.54"}
51.30, [INFO], turtlebot3, {"y": "21.48", "x": "-38.00", "yaw": "0.01"}
51.30, [INFO], turtlebot4, {"y": "18.00", "x": "-13.49", "yaw": "-1.48"}
51.33, [INFO], turtlebot6, {"y": "16.30", "x": "-28.19", "yaw": "1.62"}
51.33, [INFO], turtlebot5, {"y": "18.78", "x": "-33.85", "yaw": "2.84"}
51.33, [INFO], turtlebot6, {"battery-level": "51.07%"}
51.43, [INFO], turtlebot1, {"y": "33.84", "x": "-39.51", "yaw": "0.46"}
51.43, [INFO], turtlebot2, {"y": "18.00", "x": "-20.99", "yaw": "-1.54"}
51.43, [INFO], turtlebot3, {"y": "21.48", "x": "-38.00", "yaw": "0.01"}
51.43, [INFO], turtlebot4, {"y": "18.00", "x": "-13.49", "yaw": "-1.48"}
51.45, [INFO], turtlebot6, {"y": "16.30", "x": "-28.19", "yaw": "1.62"}
51.45, [INFO], turtlebot5, {"y": "18.78", "x": "-33.85", "yaw": "2.84"}
51.45, [INFO], turtlebot6, {"battery-level": "51.07%"}
65.03, [DEBUG], None, [debug],turtlebot6,move-base-info,Hooray, the base moved arrived,(x=-28.5;y=18)
65.03, [DEBUG], None, [debug],turtlebot6,move-base-info,Hooray, the base moved arrived,(x=-28.5;y=18)
65.17, [DEBUG], turtlebot6, {"status": "way-point-reached", "skill": "navigation", "percentage": "100.00%", "goingto": "PC Room 3"}
65.25, [DEBUG], turtlebot6, {"param_list": ["PC Room 3", [[-27.23, 16.0, 3.141592653589793, true], [-28.5, 16.0, 1.5707963267948966, true], [-28.5, 18.0, -1.57, false]]], "skill": "navigation", "skill-life-cycle": "SUCCESS", "label": "navto_room"}
65.25, [DEBUG], turtlebot6, "available-skills=['send_message', 'wait_message', 'approach_person', 'approach_robot', 'authenticate_person', 'navigation', 'operate_drawer']"
65.25, [DEBUG], turtlebot6, {"param_list": ["nurse"], "skill": "approach_person", "skill-life-cycle": "STARTED", "label": "approach_nurse"}
65.35, [DEBUG], turtlebot6, {"status": "localize-person", "skill": "approach-person", "who": "nurse"}
65.58, [DEBUG], turtlebot6, {"status": "goto-person", "skill": "approach-person", "who": "nurse"}
65.68, [DEBUG], turtlebot6, {"param_list": ["nurse"], "skill": "approach_person", "skill-life-cycle": "SUCCESS", "label": "approach_nurse"}
65.68, [DEBUG], turtlebot6, "available-skills=['send_message', 'wait_message', 'approach_person', 'approach_robot', 'authenticate_person', 'navigation', 'operate_drawer']"
65.68, [DEBUG], turtlebot6, {"param_list": ["nurse"], "skill": "authenticate_person", "skill-life-cycle": "STARTED", "label": "authenticate_nurse"}
65.77, [DEBUG], turtlebot6, {"status": "request-authentication", "to": "nurse", "skill": "authenticate-person"}
65.78, [INFO], nurse, {"status": "message-received", "skill": "athentication-request"}
65.78, [INFO], nurse, {"status": "message-received", "skill": "athentication-request"}
66.27, [INFO], turtlebot1, {"y": "33.84", "x": "-39.51", "yaw": "0.46"}
66.28, [INFO], turtlebot2, {"y": "18.00", "x": "-20.99", "yaw": "-1.54"}
66.30, [DEBUG], turtlebot6, {"status": "received-authentication", "skill": "authenticate-person", "from": "nurse"}
66.30, [INFO], turtlebot4, {"y": "18.00", "x": "-13.49", "yaw": "-1.47"}
66.30, [INFO], turtlebot3, {"y": "21.48", "x": "-38.00", "yaw": "0.01"}
66.32, [INFO], turtlebot6, {"battery-level": "50.02%"}
66.32, [INFO], turtlebot5, {"y": "18.78", "x": "-33.85", "yaw": "2.85"}
66.32, [INFO], turtlebot6, {"y": "17.61", "x": "-28.39", "yaw": "-1.62"}
66.35, [DEBUG], turtlebot6, {"param_list": ["nurse"], "skill": "authenticate_person", "skill-life-cycle": "SUCCESS", "label": "authenticate_nurse"}
66.38, [INFO], turtlebot1, {"y": "33.84", "x": "-39.51", "yaw": "0.46"}
66.40, [INFO], turtlebot2, {"y": "18.00", "x": "-20.99", "yaw": "-1.54"}
66.40, [INFO], turtlebot4, {"y": "18.00", "x": "-13.49", "yaw": "-1.47"}
66.40, [INFO], turtlebot3, {"y": "21.48", "x": "-38.00", "yaw": "0.01"}
66.40, [INFO], turtlebot6, {"battery-level": "50.02%"}
66.40, [INFO], turtlebot5, {"y": "18.78", "x": "-33.85", "yaw": "2.85"}
66.42, [INFO], turtlebot6, {"y": "17.61", "x": "-28.39", "yaw": "-1.62"}
66.48, [DEBUG], turtlebot6, "available-skills=['send_message', 'wait_message', 'approach_person', 'approach_robot', 'authenticate_person', 'navigation', 'operate_drawer']"
66.48, [DEBUG], turtlebot6, {"param_list": ["open"], "skill": "operate_drawer", "skill-life-cycle": "STARTED", "label": "open_drawer_for_nurse"}
66.55, [DEBUG], turtlebot6, {"status": "task-update", "action": "open", "skill": "operate-drawer"}
67.40, [DEBUG], turtlebot6, {"param_list": ["open"], "skill": "operate_drawer", "skill-life-cycle": "SUCCESS", "label": "open_drawer_for_nurse"}
67.40, [DEBUG], turtlebot6, "available-skills=['send_message', 'wait_message', 'approach_person', 'approach_robot', 'authenticate_person', 'navigation', 'operate_drawer']"
67.40, [DEBUG], turtlebot6, {"param_list": ["nurse"], "skill": "send_message", "skill-life-cycle": "STARTED", "label": "notify_nurse_of_open_drawer_for_nurse_completed"}
67.48, [INFO], turtlebot6, {"to": "nurse", "skill": "send-message"}
68.25, [INFO], nurse, {"status": "message-received", "skill": "wait-message"}
68.38, [INFO], nurse, {"status": "message-received", "skill": "wait-message"}
70.58, [DEBUG], turtlebot6, {"param_list": ["nurse"], "skill": "send_message", "skill-life-cycle": "SUCCESS", "label": "notify_nurse_of_open_drawer_for_nurse_completed"}
70.58, [DEBUG], turtlebot6, "available-skills=['send_message', 'wait_message', 'approach_person', 'approach_robot', 'authenticate_person', 'navigation', 'operate_drawer']"
70.58, [DEBUG], turtlebot6, {"param_list": ["nurse"], "skill": "wait_message", "skill-life-cycle": "STARTED", "label": "wait_nurse_to_complete_deposit"}
72.47, [INFO], turtlebot6, {"status": "message-received", "skill": "wait-message"}
72.53, [DEBUG], turtlebot6, {"param_list": ["nurse"], "skill": "wait_message", "skill-life-cycle": "SUCCESS", "label": "wait_nurse_to_complete_deposit"}
72.55, [DEBUG], turtlebot6, "available-skills=['send_message', 'wait_message', 'approach_person', 'approach_robot', 'authenticate_person', 'navigation', 'operate_drawer']"
72.55, [DEBUG], turtlebot6, {"param_list": ["close"], "skill": "operate_drawer", "skill-life-cycle": "STARTED", "label": "close_drawer_nurse"}
72.62, [DEBUG], turtlebot6, {"status": "task-update", "action": "close", "skill": "operate-drawer"}
73.48, [DEBUG], turtlebot6, {"param_list": ["close"], "skill": "operate_drawer", "skill-life-cycle": "SUCCESS", "label": "close_drawer_nurse"}
73.48, [DEBUG], turtlebot6, "available-skills=['send_message', 'wait_message', 'approach_person', 'approach_robot', 'authenticate_person', 'navigation', 'operate_drawer']"
73.48, [DEBUG], turtlebot6, {"param_list": ["Laboratory", [[-28.5, 16.0, 0.0, true], [-26.0, 16.0, -1.5707963267948966, true], [-26.0, 13.0, 1.57, false]]], "skill": "navigation", "skill-life-cycle": "STARTED", "label": "navto_lab"}
78.25, [INFO], nurse, {"status": "message-received", "skill": "wait-message"}
78.38, [INFO], nurse, {"status": "message-received", "skill": "wait-message"}
81.27, [INFO], turtlebot1, {"y": "33.84", "x": "-39.51", "yaw": "0.46"}
81.28, [INFO], turtlebot2, {"y": "18.00", "x": "-20.99", "yaw": "-1.54"}
81.30, [INFO], turtlebot3, {"y": "21.48", "x": "-38.00", "yaw": "0.01"}
81.30, [INFO], turtlebot4, {"y": "18.00", "x": "-13.49", "yaw": "-1.45"}
81.32, [INFO], turtlebot5, {"y": "18.78", "x": "-33.85", "yaw": "2.87"}
81.32, [INFO], turtlebot6, {"y": "17.30", "x": "-28.46", "yaw": "-1.84"}
81.32, [INFO], turtlebot6, {"battery-level": "48.90%"}
81.38, [INFO], turtlebot1, {"y": "33.84", "x": "-39.51", "yaw": "0.46"}
81.38, [INFO], turtlebot2, {"y": "18.00", "x": "-20.99", "yaw": "-1.54"}
81.38, [INFO], turtlebot3, {"y": "21.48", "x": "-38.00", "yaw": "0.01"}
81.40, [INFO], turtlebot4, {"y": "18.00", "x": "-13.49", "yaw": "-1.45"}
81.40, [INFO], turtlebot5, {"y": "18.78", "x": "-33.85", "yaw": "2.87"}
81.40, [INFO], turtlebot6, {"y": "17.30", "x": "-28.46", "yaw": "-1.84"}
81.40, [INFO], turtlebot6, {"battery-level": "48.90%"}
85.77, [INFO], nurse, {"status": "waiting", "skill": "athentication-sent"}
85.77, [INFO], nurse, {"status": "waiting", "skill": "athentication-sent"}
88.25, [INFO], nurse, {"status": "message-received", "skill": "wait-message"}
88.38, [INFO], nurse, {"status": "message-received", "skill": "wait-message"}
90.97, [DEBUG], turtlebot6, {"param_list": ["Laboratory", [[-28.5, 16.0, 0.0, true], [-26.0, 16.0, -1.5707963267948966, true], [-26.0, 13.0, 1.57, false]]], "skill": "navigation", "skill-life-cycle": "RUNNING", "label": "navto_lab"}
94.93, [DEBUG], None, [debug],turtlebot6,move-base-info,Hooray, the base moved arrived,(x=-28.5;y=16)
94.93, [DEBUG], None, [debug],turtlebot6,move-base-info,Hooray, the base moved arrived,(x=-28.5;y=16)
95.00, [DEBUG], turtlebot6, {"status": "way-point-reached", "skill": "navigation", "percentage": "33.33%", "goingto": "Laboratory"}
96.27, [INFO], turtlebot1, {"y": "33.84", "x": "-39.51", "yaw": "0.46"}
96.28, [INFO], turtlebot2, {"y": "18.00", "x": "-20.99", "yaw": "-1.54"}
96.30, [INFO], turtlebot4, {"y": "17.99", "x": "-13.49", "yaw": "-1.44"}
96.32, [INFO], turtlebot3, {"y": "21.48", "x": "-38.00", "yaw": "0.01"}
96.32, [INFO], turtlebot6, {"battery-level": "47.92%"}
96.32, [INFO], turtlebot5, {"y": "18.78", "x": "-33.85", "yaw": "2.88"}
96.32, [INFO], turtlebot6, {"y": "16.45", "x": "-28.58", "yaw": "-0.05"}
96.38, [INFO], turtlebot1, {"y": "33.84", "x": "-39.51", "yaw": "0.46"}
96.38, [INFO], turtlebot2, {"y": "18.00", "x": "-20.99", "yaw": "-1.54"}
96.38, [INFO], turtlebot4, {"y": "17.99", "x": "-13.49", "yaw": "-1.44"}
96.38, [INFO], turtlebot3, {"y": "21.48", "x": "-38.00", "yaw": "0.01"}
96.40, [INFO], turtlebot6, {"battery-level": "47.92%"}
96.40, [INFO], turtlebot5, {"y": "18.78", "x": "-33.85", "yaw": "2.88"}
96.40, [INFO], turtlebot6, {"y": "16.45", "x": "-28.58", "yaw": "-0.05"}
98.25, [INFO], nurse, {"status": "message-received", "skill": "wait-message"}
98.38, [INFO], nurse, {"status": "message-received", "skill": "wait-message"}
111.27, [INFO], turtlebot1, {"y": "33.84", "x": "-39.51", "yaw": "0.46"}
111.28, [INFO], turtlebot2, {"y": "18.00", "x": "-20.99", "yaw": "-1.54"}
111.30, [INFO], turtlebot4, {"y": "17.99", "x": "-13.49", "yaw": "-1.42"}
111.30, [INFO], turtlebot3, {"y": "21.48", "x": "-38.00", "yaw": "0.01"}
111.32, [INFO], turtlebot6, {"battery-level": "46.87%"}
111.32, [INFO], turtlebot5, {"y": "18.78", "x": "-33.85", "yaw": "2.90"}
111.32, [INFO], turtlebot6, {"y": "16.06", "x": "-27.03", "yaw": "0.18"}
111.38, [INFO], turtlebot1, {"y": "33.84", "x": "-39.51", "yaw": "0.46"}
111.38, [INFO], turtlebot2, {"y": "18.00", "x": "-20.99", "yaw": "-1.54"}
111.38, [INFO], turtlebot4, {"y": "17.99", "x": "-13.49", "yaw": "-1.42"}
111.38, [INFO], turtlebot3, {"y": "21.48", "x": "-38.00", "yaw": "0.01"}
111.38, [INFO], turtlebot6, {"battery-level": "46.87%"}
111.38, [INFO], turtlebot5, {"y": "18.78", "x": "-33.85", "yaw": "2.90"}
111.40, [INFO], turtlebot6, {"y": "16.06", "x": "-27.03", "yaw": "0.18"}
120.38, [DEBUG], None, [debug],turtlebot6,move-base-info,Hooray, the base moved arrived,(x=-26;y=16)
120.40, [DEBUG], None, [debug],turtlebot6,move-base-info,Hooray, the base moved arrived,(x=-26;y=16)
120.48, [DEBUG], turtlebot6, {"status": "way-point-reached", "skill": "navigation", "percentage": "66.67%", "goingto": "Laboratory"}
126.27, [INFO], turtlebot1, {"y": "33.84", "x": "-39.51", "yaw": "0.46"}
126.28, [INFO], turtlebot2, {"y": "18.00", "x": "-21.00", "yaw": "-1.54"}
126.30, [INFO], turtlebot3, {"y": "21.48", "x": "-38.00", "yaw": "0.01"}
126.30, [INFO], turtlebot4, {"y": "17.99", "x": "-13.49", "yaw": "-1.40"}
126.32, [INFO], turtlebot6, {"battery-level": "45.75%"}
126.32, [INFO], turtlebot5, {"y": "18.79", "x": "-33.86", "yaw": "2.93"}
126.32, [INFO], turtlebot6, {"y": "16.13", "x": "-26.36", "yaw": "-1.23"}
126.42, [INFO], turtlebot1, {"y": "33.84", "x": "-39.51", "yaw": "0.46"}
126.42, [INFO], turtlebot2, {"y": "18.00", "x": "-21.00", "yaw": "-1.54"}
126.42, [INFO], turtlebot3, {"y": "21.48", "x": "-38.00", "yaw": "0.01"}
126.42, [INFO], turtlebot4, {"y": "17.99", "x": "-13.49", "yaw": "-1.40"}
126.42, [INFO], turtlebot6, {"battery-level": "45.75%"}
126.43, [INFO], turtlebot5, {"y": "18.79", "x": "-33.86", "yaw": "2.93"}
126.43, [INFO], turtlebot6, {"y": "16.13", "x": "-26.36", "yaw": "-1.23"}
134.88, [DEBUG], turtlebot6, {"param_list": ["Laboratory", [[-28.5, 16.0, 0.0, true], [-26.0, 16.0, -1.5707963267948966, true], [-26.0, 13.0, 1.57, false]]], "skill": "navigation", "skill-life-cycle": "RUNNING", "label": "navto_lab"}
141.27, [INFO], turtlebot1, {"y": "33.84", "x": "-39.51", "yaw": "0.46"}
141.28, [INFO], turtlebot2, {"y": "18.00", "x": "-21.00", "yaw": "-1.54"}
141.32, [INFO], turtlebot3, {"y": "21.48", "x": "-38.00", "yaw": "0.01"}
141.32, [INFO], turtlebot4, {"y": "17.98", "x": "-13.49", "yaw": "-1.38"}
141.32, [INFO], turtlebot6, {"battery-level": "44.77%"}
141.32, [INFO], turtlebot5, {"y": "18.79", "x": "-33.87", "yaw": "2.95"}
141.33, [INFO], turtlebot6, {"y": "14.93", "x": "-25.88", "yaw": "-1.43"}
141.38, [INFO], turtlebot1, {"y": "33.84", "x": "-39.51", "yaw": "0.46"}
141.40, [INFO], turtlebot2, {"y": "18.00", "x": "-21.00", "yaw": "-1.54"}
141.40, [INFO], turtlebot3, {"y": "21.48", "x": "-38.00", "yaw": "0.01"}
141.40, [INFO], turtlebot4, {"y": "17.98", "x": "-13.49", "yaw": "-1.38"}
141.40, [INFO], turtlebot6, {"battery-level": "44.77%"}
141.42, [INFO], turtlebot5, {"y": "18.79", "x": "-33.87", "yaw": "2.95"}
141.42, [INFO], turtlebot6, {"y": "14.93", "x": "-25.88", "yaw": "-1.43"}
156.27, [INFO], turtlebot1, {"y": "33.84", "x": "-39.50", "yaw": "0.46"}
156.28, [INFO], turtlebot2, {"y": "18.00", "x": "-21.00", "yaw": "-1.54"}
156.30, [INFO], turtlebot3, {"y": "21.48", "x": "-38.00", "yaw": "0.01"}
156.30, [INFO], turtlebot4, {"y": "17.98", "x": "-13.48", "yaw": "-1.36"}
156.32, [INFO], turtlebot6, {"y": "13.68", "x": "-25.83", "yaw": "-1.57"}
156.32, [INFO], turtlebot6, {"battery-level": "43.65%"}
156.32, [INFO], turtlebot5, {"y": "18.79", "x": "-33.87", "yaw": "2.98"}
156.38, [INFO], turtlebot1, {"y": "33.84", "x": "-39.50", "yaw": "0.46"}
156.38, [INFO], turtlebot2, {"y": "18.00", "x": "-21.00", "yaw": "-1.54"}
156.38, [INFO], turtlebot3, {"y": "21.48", "x": "-38.00", "yaw": "0.01"}
156.38, [INFO], turtlebot4, {"y": "17.98", "x": "-13.48", "yaw": "-1.36"}
156.38, [INFO], turtlebot6, {"y": "13.68", "x": "-25.83", "yaw": "-1.57"}
156.38, [INFO], turtlebot6, {"battery-level": "43.65%"}
156.38, [INFO], turtlebot5, {"y": "18.79", "x": "-33.87", "yaw": "2.98"}
166.37, [DEBUG], None, [debug],turtlebot6,move-base-info,Hooray, the base moved arrived,(x=-26;y=13)
166.38, [DEBUG], None, [debug],turtlebot6,move-base-info,Hooray, the base moved arrived,(x=-26;y=13)
166.48, [DEBUG], turtlebot6, {"status": "way-point-reached", "skill": "navigation", "percentage": "100.00%", "goingto": "Laboratory"}
166.55, [DEBUG], turtlebot6, {"param_list": ["Laboratory", [[-28.5, 16.0, 0.0, true], [-26.0, 16.0, -1.5707963267948966, true], [-26.0, 13.0, 1.57, false]]], "skill": "navigation", "skill-life-cycle": "SUCCESS", "label": "navto_lab"}
166.57, [DEBUG], turtlebot6, "available-skills=['send_message', 'wait_message', 'approach_person', 'approach_robot', 'authenticate_person', 'navigation', 'operate_drawer']"
166.57, [DEBUG], turtlebot6, {"param_list": ["lab_arm"], "skill": "approach_robot", "skill-life-cycle": "STARTED", "label": "approach_arm"}
166.67, [DEBUG], turtlebot6, {"status": "localize-robot", "skill": "=approach-robot", "who": "lab_arm"}
167.38, [DEBUG], turtlebot6, {"status": "goto-robot", "skill": "approach-robot", "who": "lab_arm"}
167.48, [DEBUG], turtlebot6, {"param_list": ["lab_arm"], "skill": "approach_robot", "skill-life-cycle": "SUCCESS", "label": "approach_arm"}
167.48, [DEBUG], turtlebot6, "available-skills=['send_message', 'wait_message', 'approach_person', 'approach_robot', 'authenticate_person', 'navigation', 'operate_drawer']"
167.48, [DEBUG], turtlebot6, {"param_list": ["open"], "skill": "operate_drawer", "skill-life-cycle": "STARTED", "label": "open_drawer_lab"}
167.55, [DEBUG], turtlebot6, {"status": "task-update", "action": "open", "skill": "operate-drawer"}
168.38, [DEBUG], turtlebot6, {"param_list": ["open"], "skill": "operate_drawer", "skill-life-cycle": "SUCCESS", "label": "open_drawer_lab"}
168.38, [DEBUG], turtlebot6, "available-skills=['send_message', 'wait_message', 'approach_person', 'approach_robot', 'authenticate_person', 'navigation', 'operate_drawer']"
168.38, [DEBUG], turtlebot6, {"param_list": ["lab_arm"], "skill": "send_message", "skill-life-cycle": "STARTED", "label": "notify_lab_arm_of_open_drawer_lab_completed"}
168.48, [INFO], turtlebot6, {"to": "lab_arm", "skill": "send-message"}
169.28, [INFO], lab_arm, {"status": "sample-received", "skill": "wait-sample"}
169.28, [INFO], nurse, {"status": "sample-received", "skill": "wait-sample"}
169.28, [DEBUG], None, ENDSIM
169.28, [DEBUG], None, end!
