0.00, [DEBUG], logger, ROBOTS_CONFIG=[{"avg_speed": 0.15, "battery_charge": 0.23995139509475963, "battery_discharge_rate": 0.0006600000000000001, "id": 1, "local_plan": null, "location": "PC Room 8", "name": "r1", "position": [-11.5, 18.0, -1.57], "skills": ["approach_person", "approach_robot", "navigation", "operate_drawer"]}, {"avg_speed": 0.15, "battery_charge": 0.634952869577942, "battery_discharge_rate": 0.00026000000000000003, "id": 2, "local_plan": [["navigation", ["IC Room 6", [[-19.0, 18.0, -1.57], [-19.0, 16.0], [-37.0, 16.0], [-37.0, 18.93], [-33.9, 18.93, 3.14]]], "navto_room"], ["approach_person", ["nurse"], "approach_nurse"], ["authenticate_person", ["nurse"], "authenticate_nurse"], ["operate_drawer", ["open"], "open_drawer_for_nurse"], ["send_message", ["nurse"], "notify_nurse_of_open_drawer_for_nurse_completed"], ["wait_message", ["nurse"], "wait_nurse_to_complete_deposit"], ["operate_drawer", ["close"], "close_drawer_nurse"], ["navigation", ["Laboratory", [[-33.9, 18.93, 3.14], [-37.0, 18.93], [-37.0, 16.0], [-26.0, 16.0], [-26.0, 13.0, 1.57]]], "navto_lab"], ["approach_robot", ["lab_arm"], "approach_arm"], ["operate_drawer", ["open"], "open_drawer_lab"], ["send_message", ["lab_arm"], "notify_lab_arm_of_open_drawer_lab_completed"], ["wait_message", ["lab_arm"], "wait_lab_arm_to_complete_pick_up_sample"], ["operate_drawer", ["close"], "close_drawer_lab"]], "location": "PC Room 6", "name": "r2", "position": [-19.0, 18.0, -1.57], "skills": ["approach_person", "approach_robot", "authenticate_person", "navigation", "operate_drawer"]}, {"avg_speed": 0.15, "battery_charge": 0.08039941318304296, "battery_discharge_rate": 0.00064, "id": 3, "local_plan": null, "location": "IC Room 2", "name": "r3", "position": [-38.0, 21.5, 0.0], "skills": ["approach_person", "approach_robot", "navigation", "operate_drawer"]}, {"avg_speed": 0.15, "battery_charge": 0.17496190705907763, "battery_discharge_rate": 0.0005600000000000001, "id": 4, "local_plan": null, "location": "IC Room 4", "name": "r4", "position": [-39.44, 33.95, 0.0], "skills": ["approach_person", "approach_robot", "authenticate_person", "navigation", "operate_drawer"]}, {"avg_speed": 0.15, "battery_charge": 0.7179616530181877, "battery_discharge_rate": 0.00076, "id": 5, "local_plan": null, "location": "PC Room 7", "name": "r5", "position": [-13.5, 18.0, -1.57], "skills": ["approach_person", "authenticate_person", "navigation", "operate_drawer"]}, {"avg_speed": 0.15, "battery_charge": 0.5408465660492595, "battery_discharge_rate": 0.00038, "id": 6, "local_plan": null, "location": "IC Room 5", "name": "r6", "position": [-32.88, 33.98, 3.14], "skills": ["approach_person", "approach_robot", "navigation", "operate_drawer"]}]
0.00, [DEBUG], logger, NURSES_CONFIG=[{"location": "IC Room 6", "position": [-32.9, 19.93, 3.14]}]
0.00, [DEBUG], logger, Simulation open
0.05, [DEBUG], logger, subcribing to in the topic /log
0.88, [DEBUG], None, [debug],turtlebot1,move-base-info,Move_base is up and ok....,
2.08, [DEBUG], None, [debug],turtlebot4,move-base-info,Move_base is up and ok....,
2.15, [DEBUG], None, [debug],turtlebot6,move-base-info,Move_base is up and ok....,
2.27, [DEBUG], None, [debug],turtlebot3,move-base-info,Move_base is up and ok....,
2.38, [DEBUG], None, [debug],turtlebot2,move-base-info,Move_base is up and ok....,
2.48, [DEBUG], None, [debug],turtlebot5,move-base-info,Move_base is up and ok....,
9.48, [DEBUG], turtlebot3, {"param_list": [], "skill": "init_robobt", "skill-life-cycle": "RUNNING", "label": "init_robobt"}
9.80, [DEBUG], turtlebot4, {"param_list": [], "skill": "init_robobt", "skill-life-cycle": "RUNNING", "label": "init_robobt"}
9.87, [DEBUG], turtlebot2, {"param_list": [], "skill": "init_robobt", "skill-life-cycle": "RUNNING", "label": "init_robobt"}
10.05, [DEBUG], turtlebot6, {"param_list": [], "skill": "init_robobt", "skill-life-cycle": "RUNNING", "label": "init_robobt"}
10.08, [DEBUG], turtlebot5, {"param_list": [], "skill": "init_robobt", "skill-life-cycle": "RUNNING", "label": "init_robobt"}
10.17, [DEBUG], turtlebot1, {"param_list": [], "skill": "init_robobt", "skill-life-cycle": "SUCCESS", "label": "init_robobt"}
11.28, [DEBUG], turtlebot3, {"param_list": [], "skill": "init_robobt", "skill-life-cycle": "SUCCESS", "label": "init_robobt"}
11.48, [DEBUG], turtlebot4, {"param_list": [], "skill": "init_robobt", "skill-life-cycle": "SUCCESS", "label": "init_robobt"}
12.60, [DEBUG], turtlebot5, {"param_list": [], "skill": "init_robobt", "skill-life-cycle": "SUCCESS", "label": "init_robobt"}
12.70, [DEBUG], turtlebot2, {"param_list": [], "skill": "init_robobt", "skill-life-cycle": "SUCCESS", "label": "init_robobt"}
12.72, [DEBUG], turtlebot2, "available-skills=['send_message', 'wait_message', 'approach_person', 'approach_robot', 'authenticate_person', 'navigation', 'operate_drawer']"
12.72, [DEBUG], turtlebot2, {"param_list": ["IC Room 6", [[-19.0, 16.0, 3.141592653589793, true], [-37.0, 16.0, 1.5707963267948966, true], [-37.0, 18.93, 0.0, true], [-33.9, 18.93, 3.14, false]]], "skill": "navigation", "skill-life-cycle": "STARTED", "label": "navto_room"}
12.80, [DEBUG], turtlebot6, {"param_list": [], "skill": "init_robobt", "skill-life-cycle": "SUCCESS", "label": "init_robobt"}
22.47, [INFO], turtlebot1, {"y": "17.82", "x": "-11.46", "yaw": "-1.25"}
22.48, [INFO], turtlebot3, {"y": "21.48", "x": "-38.00", "yaw": "0.01"}
22.48, [INFO], turtlebot2, {"battery-level": "63.11%"}
22.48, [INFO], turtlebot2, {"y": "17.59", "x": "-19.19", "yaw": "-2.07"}
22.50, [INFO], turtlebot4, {"y": "33.84", "x": "-39.51", "yaw": "0.46"}
22.52, [INFO], turtlebot5, {"y": "18.00", "x": "-13.50", "yaw": "-1.50"}
22.55, [INFO], turtlebot6, {"y": "33.97", "x": "-32.89", "yaw": "-3.10"}
22.57, [INFO], turtlebot1, {"y": "17.82", "x": "-11.46", "yaw": "-1.25"}
22.57, [INFO], turtlebot3, {"y": "21.48", "x": "-38.00", "yaw": "0.01"}
22.57, [INFO], turtlebot2, {"battery-level": "63.11%"}
22.57, [INFO], turtlebot2, {"y": "17.59", "x": "-19.19", "yaw": "-2.07"}
22.58, [INFO], turtlebot4, {"y": "33.84", "x": "-39.51", "yaw": "0.46"}
22.58, [INFO], turtlebot5, {"y": "18.00", "x": "-13.50", "yaw": "-1.50"}
22.58, [INFO], turtlebot6, {"y": "33.97", "x": "-32.89", "yaw": "-3.10"}
37.47, [INFO], turtlebot1, {"y": "17.82", "x": "-11.46", "yaw": "-1.25"}
37.48, [INFO], turtlebot2, {"y": "16.44", "x": "-19.21", "yaw": "-1.08"}
37.48, [INFO], turtlebot2, {"battery-level": "62.66%"}
37.48, [INFO], turtlebot3, {"y": "21.48", "x": "-38.00", "yaw": "0.01"}
37.50, [INFO], turtlebot4, {"y": "33.84", "x": "-39.51", "yaw": "0.46"}
37.52, [INFO], turtlebot5, {"y": "18.00", "x": "-13.49", "yaw": "-1.49"}
37.55, [INFO], turtlebot6, {"y": "33.97", "x": "-32.89", "yaw": "-3.10"}
37.55, [INFO], turtlebot1, {"y": "17.82", "x": "-11.46", "yaw": "-1.25"}
37.55, [INFO], turtlebot2, {"y": "16.44", "x": "-19.21", "yaw": "-1.08"}
37.57, [INFO], turtlebot2, {"battery-level": "62.66%"}
37.57, [INFO], turtlebot3, {"y": "21.48", "x": "-38.00", "yaw": "0.01"}
37.57, [INFO], turtlebot4, {"y": "33.84", "x": "-39.51", "yaw": "0.46"}
37.57, [INFO], turtlebot5, {"y": "18.00", "x": "-13.49", "yaw": "-1.49"}
37.57, [INFO], turtlebot6, {"y": "33.97", "x": "-32.89", "yaw": "-3.10"}
42.93, [DEBUG], None, [debug],turtlebot2,move-base-info,Hooray, the base moved arrived,(x=-19;y=16)
42.93, [DEBUG], None, [debug],turtlebot2,move-base-info,Hooray, the base moved arrived,(x=-19;y=16)
42.98, [DEBUG], turtlebot2, {"status": "way-point-reached", "skill": "navigation", "percentage": "25.00%", "goingto": "IC Room 6"}
52.47, [INFO], turtlebot1, {"y": "17.82", "x": "-11.46", "yaw": "-1.25"}
52.48, [INFO], turtlebot2, {"y": "16.20", "x": "-19.75", "yaw": "-2.60"}
52.48, [INFO], turtlebot3, {"y": "21.48", "x": "-38.00", "yaw": "0.01"}
52.48, [INFO], turtlebot2, {"battery-level": "62.18%"}
52.52, [INFO], turtlebot4, {"y": "33.84", "x": "-39.51", "yaw": "0.46"}
52.52, [INFO], turtlebot5, {"y": "18.00", "x": "-13.49", "yaw": "-1.48"}
52.55, [INFO], turtlebot6, {"y": "33.97", "x": "-32.89", "yaw": "-3.10"}
52.57, [INFO], turtlebot1, {"y": "17.82", "x": "-11.46", "yaw": "-1.25"}
52.57, [INFO], turtlebot2, {"y": "16.20", "x": "-19.75", "yaw": "-2.60"}
52.57, [INFO], turtlebot3, {"y": "21.48", "x": "-38.00", "yaw": "0.01"}
52.58, [INFO], turtlebot2, {"battery-level": "62.18%"}
52.58, [INFO], turtlebot4, {"y": "33.84", "x": "-39.51", "yaw": "0.46"}
52.58, [INFO], turtlebot5, {"y": "18.00", "x": "-13.49", "yaw": "-1.48"}
52.58, [INFO], turtlebot6, {"y": "33.97", "x": "-32.89", "yaw": "-3.10"}
53.55, [DEBUG], turtlebot2, {"param_list": ["IC Room 6", [[-19.0, 16.0, 3.141592653589793, true], [-37.0, 16.0, 1.5707963267948966, true], [-37.0, 18.93, 0.0, true], [-33.9, 18.93, 3.14, false]]], "skill": "navigation", "skill-life-cycle": "RUNNING", "label": "navto_room"}
67.47, [INFO], turtlebot1, {"y": "17.82", "x": "-11.46", "yaw": "-1.25"}
67.48, [INFO], turtlebot3, {"y": "21.48", "x": "-38.00", "yaw": "0.01"}
67.48, [INFO], turtlebot2, {"battery-level": "61.73%"}
67.48, [INFO], turtlebot2, {"y": "15.97", "x": "-21.98", "yaw": "-3.12"}
67.50, [INFO], turtlebot4, {"y": "33.84", "x": "-39.51", "yaw": "0.46"}
67.52, [INFO], turtlebot5, {"y": "18.00", "x": "-13.49", "yaw": "-1.47"}
67.55, [INFO], turtlebot6, {"y": "33.97", "x": "-32.89", "yaw": "-3.10"}
67.57, [INFO], turtlebot1, {"y": "17.82", "x": "-11.46", "yaw": "-1.25"}
67.57, [INFO], turtlebot3, {"y": "21.48", "x": "-38.00", "yaw": "0.01"}
67.57, [INFO], turtlebot2, {"battery-level": "61.73%"}
67.58, [INFO], turtlebot2, {"y": "15.97", "x": "-21.98", "yaw": "-3.12"}
67.58, [INFO], turtlebot4, {"y": "33.84", "x": "-39.51", "yaw": "0.46"}
67.58, [INFO], turtlebot5, {"y": "18.00", "x": "-13.49", "yaw": "-1.47"}
67.58, [INFO], turtlebot6, {"y": "33.97", "x": "-32.89", "yaw": "-3.10"}
82.47, [INFO], turtlebot1, {"y": "17.82", "x": "-11.46", "yaw": "-1.25"}
82.48, [INFO], turtlebot3, {"y": "21.48", "x": "-38.00", "yaw": "0.01"}
82.48, [INFO], turtlebot2, {"battery-level": "61.28%"}
82.48, [INFO], turtlebot2, {"y": "15.93", "x": "-24.45", "yaw": "-3.12"}
82.50, [INFO], turtlebot4, {"y": "33.84", "x": "-39.51", "yaw": "0.46"}
82.52, [INFO], turtlebot5, {"y": "17.99", "x": "-13.49", "yaw": "-1.45"}
82.53, [INFO], turtlebot1, {"y": "17.82", "x": "-11.46", "yaw": "-1.25"}
82.55, [INFO], turtlebot3, {"y": "21.48", "x": "-38.00", "yaw": "0.01"}
82.55, [INFO], turtlebot6, {"y": "33.97", "x": "-32.90", "yaw": "-3.10"}
82.55, [INFO], turtlebot2, {"battery-level": "61.28%"}
82.55, [INFO], turtlebot2, {"y": "15.93", "x": "-24.45", "yaw": "-3.12"}
82.55, [INFO], turtlebot4, {"y": "33.84", "x": "-39.51", "yaw": "0.46"}
82.55, [INFO], turtlebot5, {"y": "17.99", "x": "-13.49", "yaw": "-1.45"}
82.55, [INFO], turtlebot6, {"y": "33.97", "x": "-32.90", "yaw": "-3.10"}
96.18, [DEBUG], turtlebot2, {"param_list": ["IC Room 6", [[-19.0, 16.0, 3.141592653589793, true], [-37.0, 16.0, 1.5707963267948966, true], [-37.0, 18.93, 0.0, true], [-33.9, 18.93, 3.14, false]]], "skill": "navigation", "skill-life-cycle": "RUNNING", "label": "navto_room"}
97.47, [INFO], turtlebot1, {"y": "17.82", "x": "-11.46", "yaw": "-1.25"}
97.48, [INFO], turtlebot3, {"y": "21.48", "x": "-38.00", "yaw": "0.01"}
97.48, [INFO], turtlebot2, {"battery-level": "60.83%"}
97.48, [INFO], turtlebot2, {"y": "15.92", "x": "-26.94", "yaw": "3.14"}
97.50, [INFO], turtlebot4, {"y": "33.84", "x": "-39.51", "yaw": "0.46"}
97.52, [INFO], turtlebot5, {"y": "17.99", "x": "-13.49", "yaw": "-1.44"}
97.55, [INFO], turtlebot6, {"y": "33.97", "x": "-32.90", "yaw": "-3.10"}
97.57, [INFO], turtlebot1, {"y": "17.82", "x": "-11.46", "yaw": "-1.25"}
97.57, [INFO], turtlebot3, {"y": "21.48", "x": "-38.00", "yaw": "0.01"}
97.57, [INFO], turtlebot2, {"battery-level": "60.83%"}
97.57, [INFO], turtlebot2, {"y": "15.92", "x": "-26.94", "yaw": "3.14"}
97.57, [INFO], turtlebot4, {"y": "33.84", "x": "-39.51", "yaw": "0.46"}
97.58, [INFO], turtlebot5, {"y": "17.99", "x": "-13.49", "yaw": "-1.44"}
97.58, [INFO], turtlebot6, {"y": "33.97", "x": "-32.90", "yaw": "-3.10"}
112.47, [INFO], turtlebot1, {"y": "17.82", "x": "-11.46", "yaw": "-1.25"}
112.48, [INFO], turtlebot3, {"y": "21.48", "x": "-38.00", "yaw": "0.01"}
112.48, [INFO], turtlebot2, {"battery-level": "60.38%"}
112.48, [INFO], turtlebot2, {"y": "15.94", "x": "-29.46", "yaw": "-3.14"}
112.50, [INFO], turtlebot4, {"y": "33.84", "x": "-39.51", "yaw": "0.46"}
112.52, [INFO], turtlebot5, {"y": "17.99", "x": "-13.49", "yaw": "-1.42"}
112.55, [INFO], turtlebot6, {"y": "33.97", "x": "-32.90", "yaw": "-3.09"}
112.55, [INFO], turtlebot1, {"y": "17.82", "x": "-11.46", "yaw": "-1.25"}
112.55, [INFO], turtlebot3, {"y": "21.48", "x": "-38.00", "yaw": "0.01"}
112.55, [INFO], turtlebot2, {"battery-level": "60.38%"}
112.55, [INFO], turtlebot2, {"y": "15.94", "x": "-29.46", "yaw": "-3.14"}
112.57, [INFO], turtlebot4, {"y": "33.84", "x": "-39.51", "yaw": "0.46"}
112.57, [INFO], turtlebot5, {"y": "17.99", "x": "-13.49", "yaw": "-1.42"}
112.57, [INFO], turtlebot6, {"y": "33.97", "x": "-32.90", "yaw": "-3.09"}
127.47, [INFO], turtlebot1, {"y": "17.82", "x": "-11.46", "yaw": "-1.25"}
127.48, [INFO], turtlebot2, {"battery-level": "59.93%"}
127.48, [INFO], turtlebot3, {"y": "21.48", "x": "-38.00", "yaw": "0.01"}
127.48, [INFO], turtlebot2, {"y": "15.94", "x": "-31.95", "yaw": "-3.14"}
127.50, [INFO], turtlebot4, {"y": "33.84", "x": "-39.51", "yaw": "0.46"}
127.52, [INFO], turtlebot5, {"y": "17.99", "x": "-13.49", "yaw": "-1.40"}
127.57, [INFO], turtlebot6, {"y": "33.97", "x": "-32.90", "yaw": "-3.09"}
127.58, [INFO], turtlebot1, {"y": "17.82", "x": "-11.46", "yaw": "-1.25"}
127.58, [INFO], turtlebot2, {"battery-level": "59.93%"}
127.58, [INFO], turtlebot3, {"y": "21.48", "x": "-38.00", "yaw": "0.01"}
127.58, [INFO], turtlebot2, {"y": "15.94", "x": "-31.95", "yaw": "-3.14"}
127.58, [INFO], turtlebot4, {"y": "33.84", "x": "-39.51", "yaw": "0.46"}
127.58, [INFO], turtlebot5, {"y": "17.99", "x": "-13.49", "yaw": "-1.40"}
127.58, [INFO], turtlebot6, {"y": "33.97", "x": "-32.90", "yaw": "-3.09"}
138.78, [DEBUG], turtlebot2, {"param_list": ["IC Room 6", [[-19.0, 16.0, 3.141592653589793, true], [-37.0, 16.0, 1.5707963267948966, true], [-37.0, 18.93, 0.0, true], [-33.9, 18.93, 3.14, false]]], "skill": "navigation", "skill-life-cycle": "RUNNING", "label": "navto_room"}
142.47, [INFO], turtlebot1, {"y": "17.82", "x": "-11.46", "yaw": "-1.25"}
142.48, [INFO], turtlebot3, {"y": "21.48", "x": "-38.00", "yaw": "0.01"}
142.48, [INFO], turtlebot2, {"battery-level": "59.48%"}
142.48, [INFO], turtlebot2, {"y": "15.90", "x": "-34.41", "yaw": "-3.13"}
142.50, [INFO], turtlebot4, {"y": "33.84", "x": "-39.51", "yaw": "0.46"}
142.53, [INFO], turtlebot5, {"y": "17.98", "x": "-13.49", "yaw": "-1.38"}
142.55, [INFO], turtlebot6, {"y": "33.97", "x": "-32.90", "yaw": "-3.09"}
142.58, [INFO], turtlebot1, {"y": "17.82", "x": "-11.46", "yaw": "-1.25"}
142.58, [INFO], turtlebot3, {"y": "21.48", "x": "-38.00", "yaw": "0.01"}
142.58, [INFO], turtlebot2, {"battery-level": "59.48%"}
142.58, [INFO], turtlebot2, {"y": "15.90", "x": "-34.41", "yaw": "-3.13"}
142.58, [INFO], turtlebot4, {"y": "33.84", "x": "-39.51", "yaw": "0.46"}
142.58, [INFO], turtlebot5, {"y": "17.98", "x": "-13.49", "yaw": "-1.38"}
142.58, [INFO], turtlebot6, {"y": "33.97", "x": "-32.90", "yaw": "-3.09"}
157.47, [INFO], turtlebot1, {"y": "17.82", "x": "-11.46", "yaw": "-1.25"}
157.48, [INFO], turtlebot3, {"y": "21.48", "x": "-38.00", "yaw": "0.01"}
157.48, [INFO], turtlebot2, {"y": "16.35", "x": "-36.73", "yaw": "2.04"}
157.48, [INFO], turtlebot2, {"battery-level": "59.03%"}
157.50, [INFO], turtlebot4, {"y": "33.84", "x": "-39.50", "yaw": "0.46"}
157.52, [INFO], turtlebot5, {"y": "17.98", "x": "-13.48", "yaw": "-1.36"}
157.55, [INFO], turtlebot6, {"y": "33.97", "x": "-32.90", "yaw": "-3.09"}
157.57, [INFO], turtlebot1, {"y": "17.82", "x": "-11.46", "yaw": "-1.25"}
157.57, [INFO], turtlebot3, {"y": "21.48", "x": "-38.00", "yaw": "0.01"}
157.57, [INFO], turtlebot2, {"y": "16.35", "x": "-36.73", "yaw": "2.04"}
157.58, [INFO], turtlebot2, {"battery-level": "59.03%"}
157.58, [INFO], turtlebot4, {"y": "33.84", "x": "-39.50", "yaw": "0.46"}
157.58, [INFO], turtlebot5, {"y": "17.98", "x": "-13.48", "yaw": "-1.36"}
157.58, [INFO], turtlebot6, {"y": "33.97", "x": "-32.90", "yaw": "-3.09"}
159.13, [DEBUG], None, [debug],turtlebot2,move-base-info,Hooray, the base moved arrived,(x=-37;y=16)
159.13, [DEBUG], None, [debug],turtlebot2,move-base-info,Hooray, the base moved arrived,(x=-37;y=16)
159.25, [DEBUG], turtlebot2, {"status": "way-point-reached", "skill": "navigation", "percentage": "50.00%", "goingto": "IC Room 6"}
172.47, [INFO], turtlebot1, {"y": "17.82", "x": "-11.46", "yaw": "-1.25"}
172.48, [INFO], turtlebot3, {"y": "21.48", "x": "-38.00", "yaw": "0.01"}
172.48, [INFO], turtlebot2, {"battery-level": "58.61%"}
172.48, [INFO], turtlebot2, {"y": "18.50", "x": "-36.94", "yaw": "0.09"}
172.50, [INFO], turtlebot4, {"y": "33.84", "x": "-39.50", "yaw": "0.46"}
172.52, [INFO], turtlebot5, {"y": "17.97", "x": "-13.48", "yaw": "-1.34"}
172.55, [INFO], turtlebot1, {"y": "17.82", "x": "-11.46", "yaw": "-1.25"}
172.55, [INFO], turtlebot3, {"y": "21.48", "x": "-38.00", "yaw": "0.01"}
172.55, [INFO], turtlebot6, {"y": "33.97", "x": "-32.90", "yaw": "-3.09"}
172.55, [INFO], turtlebot2, {"battery-level": "58.61%"}
172.55, [INFO], turtlebot2, {"y": "18.50", "x": "-36.94", "yaw": "0.09"}
172.55, [INFO], turtlebot4, {"y": "33.84", "x": "-39.50", "yaw": "0.46"}
172.55, [INFO], turtlebot5, {"y": "17.97", "x": "-13.48", "yaw": "-1.34"}
172.57, [INFO], turtlebot6, {"y": "33.97", "x": "-32.90", "yaw": "-3.09"}
172.87, [DEBUG], None, [debug],turtlebot2,move-base-info,Hooray, the base moved arrived,(x=-37;y=18.93)
172.87, [DEBUG], None, [debug],turtlebot2,move-base-info,Hooray, the base moved arrived,(x=-37;y=18.93)
173.00, [DEBUG], turtlebot2, {"status": "way-point-reached", "skill": "navigation", "percentage": "75.00%", "goingto": "IC Room 6"}
183.02, [DEBUG], turtlebot2, {"param_list": ["IC Room 6", [[-19.0, 16.0, 3.141592653589793, true], [-37.0, 16.0, 1.5707963267948966, true], [-37.0, 18.93, 0.0, true], [-33.9, 18.93, 3.14, false]]], "skill": "navigation", "skill-life-cycle": "RUNNING", "label": "navto_room"}
187.47, [INFO], turtlebot1, {"y": "17.82", "x": "-11.46", "yaw": "-1.25"}
187.48, [INFO], turtlebot2, {"battery-level": "58.16%"}
187.48, [INFO], turtlebot2, {"y": "18.09", "x": "-35.74", "yaw": "0.10"}
187.48, [INFO], turtlebot3, {"y": "21.48", "x": "-38.00", "yaw": "0.01"}
187.50, [INFO], turtlebot4, {"y": "33.84", "x": "-39.50", "yaw": "0.46"}
187.53, [INFO], turtlebot5, {"y": "17.97", "x": "-13.48", "yaw": "-1.32"}
187.55, [INFO], turtlebot6, {"y": "33.97", "x": "-32.90", "yaw": "-3.09"}
187.57, [INFO], turtlebot1, {"y": "17.82", "x": "-11.46", "yaw": "-1.25"}
187.57, [INFO], turtlebot2, {"battery-level": "58.16%"}
187.57, [INFO], turtlebot2, {"y": "18.09", "x": "-35.74", "yaw": "0.10"}
187.57, [INFO], turtlebot3, {"y": "21.48", "x": "-38.00", "yaw": "0.01"}
187.58, [INFO], turtlebot4, {"y": "33.84", "x": "-39.50", "yaw": "0.46"}
187.58, [INFO], turtlebot5, {"y": "17.97", "x": "-13.48", "yaw": "-1.32"}
187.58, [INFO], turtlebot6, {"y": "33.97", "x": "-32.90", "yaw": "-3.09"}
202.48, [INFO], turtlebot1, {"y": "17.82", "x": "-11.46", "yaw": "-1.25"}
202.48, [INFO], turtlebot3, {"y": "21.48", "x": "-38.02", "yaw": "0.03"}
202.48, [INFO], turtlebot2, {"battery-level": "57.68%"}
202.48, [INFO], turtlebot2, {"y": "17.98", "x": "-35.51", "yaw": "-0.03"}
202.50, [INFO], turtlebot4, {"y": "33.84", "x": "-39.50", "yaw": "0.46"}
202.52, [INFO], turtlebot5, {"y": "17.97", "x": "-13.47", "yaw": "-1.30"}
202.53, [INFO], turtlebot1, {"y": "17.82", "x": "-11.46", "yaw": "-1.25"}
202.53, [INFO], turtlebot3, {"y": "21.48", "x": "-38.02", "yaw": "0.03"}
202.53, [INFO], turtlebot2, {"battery-level": "57.68%"}
202.53, [INFO], turtlebot2, {"y": "17.98", "x": "-35.51", "yaw": "-0.03"}
202.55, [INFO], turtlebot6, {"y": "33.97", "x": "-32.90", "yaw": "-3.09"}
202.55, [INFO], turtlebot4, {"y": "33.84", "x": "-39.50", "yaw": "0.46"}
202.55, [INFO], turtlebot5, {"y": "17.97", "x": "-13.47", "yaw": "-1.30"}
202.55, [INFO], turtlebot6, {"y": "33.97", "x": "-32.90", "yaw": "-3.09"}
217.47, [INFO], turtlebot1, {"y": "17.82", "x": "-11.46", "yaw": "-1.25"}
217.48, [INFO], turtlebot2, {"battery-level": "57.26%"}
217.48, [INFO], turtlebot3, {"y": "21.48", "x": "-38.02", "yaw": "0.03"}
217.48, [INFO], turtlebot2, {"y": "18.54", "x": "-34.17", "yaw": "1.87"}
217.50, [INFO], turtlebot4, {"y": "33.84", "x": "-39.50", "yaw": "0.46"}
217.52, [INFO], turtlebot5, {"y": "17.96", "x": "-13.47", "yaw": "-1.28"}
217.55, [INFO], turtlebot6, {"y": "33.97", "x": "-32.91", "yaw": "-3.08"}
217.55, [INFO], turtlebot1, {"y": "17.82", "x": "-11.46", "yaw": "-1.25"}
217.55, [INFO], turtlebot2, {"battery-level": "57.26%"}
217.55, [INFO], turtlebot3, {"y": "21.48", "x": "-38.02", "yaw": "0.03"}
217.57, [INFO], turtlebot2, {"y": "18.54", "x": "-34.17", "yaw": "1.87"}
217.57, [INFO], turtlebot4, {"y": "33.84", "x": "-39.50", "yaw": "0.46"}
217.57, [INFO], turtlebot5, {"y": "17.96", "x": "-13.47", "yaw": "-1.28"}
217.57, [INFO], turtlebot6, {"y": "33.97", "x": "-32.91", "yaw": "-3.08"}
221.08, [DEBUG], None, [debug],turtlebot2,move-base-info,Hooray, the base moved arrived,(x=-33.9;y=18.93)
221.08, [DEBUG], None, [debug],turtlebot2,move-base-info,Hooray, the base moved arrived,(x=-33.9;y=18.93)
221.33, [DEBUG], turtlebot2, {"status": "way-point-reached", "skill": "navigation", "percentage": "100.00%", "goingto": "IC Room 6"}
221.43, [DEBUG], turtlebot2, {"param_list": ["IC Room 6", [[-19.0, 16.0, 3.141592653589793, true], [-37.0, 16.0, 1.5707963267948966, true], [-37.0, 18.93, 0.0, true], [-33.9, 18.93, 3.14, false]]], "skill": "navigation", "skill-life-cycle": "SUCCESS", "label": "navto_room"}
221.43, [DEBUG], turtlebot2, "available-skills=['send_message', 'wait_message', 'approach_person', 'approach_robot', 'authenticate_person', 'navigation', 'operate_drawer']"
221.43, [DEBUG], turtlebot2, {"param_list": ["nurse"], "skill": "approach_person", "skill-life-cycle": "STARTED", "label": "approach_nurse"}
221.57, [DEBUG], turtlebot2, {"status": "localize-person", "skill": "approach-person", "who": "nurse"}
221.78, [DEBUG], turtlebot2, {"status": "goto-person", "skill": "approach-person", "who": "nurse"}
221.85, [DEBUG], turtlebot2, {"param_list": ["nurse"], "skill": "approach_person", "skill-life-cycle": "SUCCESS", "label": "approach_nurse"}
221.85, [DEBUG], turtlebot2, "available-skills=['send_message', 'wait_message', 'approach_person', 'approach_robot', 'authenticate_person', 'navigation', 'operate_drawer']"
221.85, [DEBUG], turtlebot2, {"param_list": ["nurse"], "skill": "authenticate_person", "skill-life-cycle": "STARTED", "label": "authenticate_nurse"}
221.93, [DEBUG], turtlebot2, {"status": "request-authentication", "to": "nurse", "skill": "authenticate-person"}
221.93, [INFO], nurse, {"status": "message-received", "skill": "athentication-request"}
221.95, [INFO], nurse, {"status": "message-received", "skill": "athentication-request"}
222.30, [DEBUG], turtlebot2, {"status": "received-authentication", "skill": "authenticate-person", "from": "nurse"}
222.40, [DEBUG], turtlebot2, {"param_list": ["nurse"], "skill": "authenticate_person", "skill-life-cycle": "SUCCESS", "label": "authenticate_nurse"}
222.42, [DEBUG], turtlebot2, "available-skills=['send_message', 'wait_message', 'approach_person', 'approach_robot', 'authenticate_person', 'navigation', 'operate_drawer']"
222.42, [DEBUG], turtlebot2, {"param_list": ["open"], "skill": "operate_drawer", "skill-life-cycle": "STARTED", "label": "open_drawer_for_nurse"}
222.48, [DEBUG], turtlebot2, {"status": "task-update", "action": "open", "skill": "operate-drawer"}
223.30, [DEBUG], turtlebot2, {"param_list": ["open"], "skill": "operate_drawer", "skill-life-cycle": "SUCCESS", "label": "open_drawer_for_nurse"}
223.30, [DEBUG], turtlebot2, "available-skills=['send_message', 'wait_message', 'approach_person', 'approach_robot', 'authenticate_person', 'navigation', 'operate_drawer']"
223.30, [DEBUG], turtlebot2, {"param_list": ["nurse"], "skill": "send_message", "skill-life-cycle": "STARTED", "label": "notify_nurse_of_open_drawer_for_nurse_completed"}
223.38, [INFO], turtlebot2, {"to": "nurse", "skill": "send-message"}
224.13, [INFO], nurse, {"status": "message-received", "skill": "wait-message"}
224.13, [INFO], nurse, {"status": "message-received", "skill": "wait-message"}
226.43, [DEBUG], turtlebot2, {"param_list": ["nurse"], "skill": "send_message", "skill-life-cycle": "SUCCESS", "label": "notify_nurse_of_open_drawer_for_nurse_completed"}
226.43, [DEBUG], turtlebot2, "available-skills=['send_message', 'wait_message', 'approach_person', 'approach_robot', 'authenticate_person', 'navigation', 'operate_drawer']"
226.43, [DEBUG], turtlebot2, {"param_list": ["nurse"], "skill": "wait_message", "skill-life-cycle": "STARTED", "label": "wait_nurse_to_complete_deposit"}
227.83, [DEBUG], turtlebot2, {"param_list": ["nurse"], "skill": "wait_message", "skill-life-cycle": "RUNNING", "label": "wait_nurse_to_complete_deposit"}
228.20, [INFO], turtlebot2, {"status": "message-received", "skill": "wait-message"}
228.25, [DEBUG], turtlebot2, {"param_list": ["nurse"], "skill": "wait_message", "skill-life-cycle": "SUCCESS", "label": "wait_nurse_to_complete_deposit"}
228.25, [DEBUG], turtlebot2, "available-skills=['send_message', 'wait_message', 'approach_person', 'approach_robot', 'authenticate_person', 'navigation', 'operate_drawer']"
228.27, [DEBUG], turtlebot2, {"param_list": ["close"], "skill": "operate_drawer", "skill-life-cycle": "STARTED", "label": "close_drawer_nurse"}
228.32, [DEBUG], turtlebot2, {"status": "task-update", "action": "close", "skill": "operate-drawer"}
229.17, [DEBUG], turtlebot2, {"param_list": ["close"], "skill": "operate_drawer", "skill-life-cycle": "SUCCESS", "label": "close_drawer_nurse"}
229.18, [DEBUG], turtlebot2, "available-skills=['send_message', 'wait_message', 'approach_person', 'approach_robot', 'authenticate_person', 'navigation', 'operate_drawer']"
229.18, [DEBUG], turtlebot2, {"param_list": ["Laboratory", [[-37.0, 18.93, -1.5707963267948966, true], [-37.0, 16.0, 0.0, true], [-26.0, 16.0, -1.5707963267948966, true], [-26.0, 13.0, 1.57, false]]], "skill": "navigation", "skill-life-cycle": "STARTED", "label": "navto_lab"}
232.47, [INFO], turtlebot1, {"y": "17.82", "x": "-11.46", "yaw": "-1.25"}
232.48, [INFO], turtlebot2, {"y": "18.57", "x": "-34.14", "yaw": "3.09"}
232.48, [INFO], turtlebot2, {"battery-level": "56.81%"}
232.48, [INFO], turtlebot3, {"y": "21.49", "x": "-38.03", "yaw": "0.03"}
232.50, [INFO], turtlebot4, {"y": "33.84", "x": "-39.50", "yaw": "0.46"}
232.52, [INFO], turtlebot5, {"y": "17.96", "x": "-13.47", "yaw": "-1.26"}
232.55, [INFO], turtlebot1, {"y": "17.82", "x": "-11.46", "yaw": "-1.25"}
232.55, [INFO], turtlebot6, {"y": "33.97", "x": "-32.91", "yaw": "-3.07"}
232.57, [INFO], turtlebot2, {"y": "18.57", "x": "-34.14", "yaw": "3.09"}
232.57, [INFO], turtlebot2, {"battery-level": "56.81%"}
232.57, [INFO], turtlebot3, {"y": "21.49", "x": "-38.03", "yaw": "0.03"}
232.57, [INFO], turtlebot4, {"y": "33.84", "x": "-39.50", "yaw": "0.46"}
232.58, [INFO], turtlebot5, {"y": "17.96", "x": "-13.47", "yaw": "-1.26"}
232.58, [INFO], turtlebot6, {"y": "33.97", "x": "-32.91", "yaw": "-3.07"}
234.13, [INFO], nurse, {"status": "message-received", "skill": "wait-message"}
234.13, [INFO], nurse, {"status": "message-received", "skill": "wait-message"}
241.93, [INFO], nurse, {"status": "waiting", "skill": "athentication-sent"}
241.93, [INFO], nurse, {"status": "waiting", "skill": "athentication-sent"}
244.13, [INFO], nurse, {"status": "message-received", "skill": "wait-message"}
244.13, [INFO], nurse, {"status": "message-received", "skill": "wait-message"}
247.47, [INFO], turtlebot1, {"y": "17.82", "x": "-11.46", "yaw": "-1.25"}
247.48, [INFO], turtlebot3, {"y": "21.49", "x": "-38.04", "yaw": "0.03"}
247.48, [INFO], turtlebot2, {"battery-level": "56.33%"}
247.48, [INFO], turtlebot2, {"y": "18.13", "x": "-34.81", "yaw": "-2.84"}
247.50, [INFO], turtlebot4, {"y": "33.84", "x": "-39.50", "yaw": "0.46"}
247.52, [INFO], turtlebot5, {"y": "17.96", "x": "-13.47", "yaw": "-1.24"}
247.55, [INFO], turtlebot6, {"y": "33.97", "x": "-32.91", "yaw": "-3.07"}
247.57, [INFO], turtlebot1, {"y": "17.82", "x": "-11.46", "yaw": "-1.25"}
247.57, [INFO], turtlebot3, {"y": "21.49", "x": "-38.04", "yaw": "0.03"}
247.58, [INFO], turtlebot2, {"battery-level": "56.33%"}
247.58, [INFO], turtlebot2, {"y": "18.13", "x": "-34.81", "yaw": "-2.84"}
247.58, [INFO], turtlebot4, {"y": "33.84", "x": "-39.50", "yaw": "0.46"}
247.58, [INFO], turtlebot5, {"y": "17.96", "x": "-13.47", "yaw": "-1.24"}
247.58, [INFO], turtlebot6, {"y": "33.97", "x": "-32.91", "yaw": "-3.07"}
254.13, [INFO], nurse, {"status": "message-received", "skill": "wait-message"}
254.13, [INFO], nurse, {"status": "message-received", "skill": "wait-message"}
262.47, [INFO], turtlebot1, {"y": "17.82", "x": "-11.46", "yaw": "-1.25"}
262.48, [INFO], turtlebot2, {"battery-level": "55.91%"}
262.48, [INFO], turtlebot3, {"y": "21.50", "x": "-38.05", "yaw": "0.03"}
262.48, [INFO], turtlebot2, {"y": "18.59", "x": "-36.67", "yaw": "2.34"}
262.50, [INFO], turtlebot4, {"y": "33.84", "x": "-39.50", "yaw": "0.46"}
262.52, [INFO], turtlebot5, {"y": "17.95", "x": "-13.46", "yaw": "-1.21"}
262.55, [INFO], turtlebot6, {"y": "33.97", "x": "-32.91", "yaw": "-3.06"}
262.57, [INFO], turtlebot1, {"y": "17.82", "x": "-11.46", "yaw": "-1.25"}
262.57, [INFO], turtlebot2, {"battery-level": "55.91%"}
262.57, [INFO], turtlebot3, {"y": "21.50", "x": "-38.05", "yaw": "0.03"}
262.57, [INFO], turtlebot2, {"y": "18.59", "x": "-36.67", "yaw": "2.34"}
262.57, [INFO], turtlebot4, {"y": "33.84", "x": "-39.50", "yaw": "0.46"}
262.58, [INFO], turtlebot5, {"y": "17.95", "x": "-13.46", "yaw": "-1.21"}
262.58, [INFO], turtlebot6, {"y": "33.97", "x": "-32.91", "yaw": "-3.06"}
268.60, [DEBUG], None, [debug],turtlebot2,move-base-info,Hooray, the base moved arrived,(x=-37;y=18.93)
268.60, [DEBUG], None, [debug],turtlebot2,move-base-info,Hooray, the base moved arrived,(x=-37;y=18.93)
268.63, [DEBUG], turtlebot2, {"status": "way-point-reached", "skill": "navigation", "percentage": "25.00%", "goingto": "Laboratory"}
271.45, [DEBUG], turtlebot2, {"param_list": ["Laboratory", [[-37.0, 18.93, -1.5707963267948966, true], [-37.0, 16.0, 0.0, true], [-26.0, 16.0, -1.5707963267948966, true], [-26.0, 13.0, 1.57, false]]], "skill": "navigation", "skill-life-cycle": "RUNNING", "label": "navto_lab"}
277.47, [INFO], turtlebot1, {"y": "17.82", "x": "-11.46", "yaw": "-1.25"}
277.48, [INFO], turtlebot3, {"y": "21.50", "x": "-38.08", "yaw": "0.03"}
277.48, [INFO], turtlebot2, {"y": "18.25", "x": "-36.69", "yaw": "-1.53"}
277.48, [INFO], turtlebot2, {"battery-level": "55.46%"}
277.50, [INFO], turtlebot4, {"y": "33.84", "x": "-39.50", "yaw": "0.46"}
277.52, [INFO], turtlebot5, {"y": "17.95", "x": "-13.46", "yaw": "-1.20"}
277.53, [INFO], turtlebot1, {"y": "17.82", "x": "-11.46", "yaw": "-1.25"}
277.53, [INFO], turtlebot3, {"y": "21.50", "x": "-38.08", "yaw": "0.03"}
277.53, [INFO], turtlebot2, {"y": "18.25", "x": "-36.69", "yaw": "-1.53"}
277.55, [INFO], turtlebot2, {"battery-level": "55.46%"}
277.55, [INFO], turtlebot6, {"y": "33.98", "x": "-32.92", "yaw": "-3.05"}
277.55, [INFO], turtlebot4, {"y": "33.84", "x": "-39.50", "yaw": "0.46"}
277.55, [INFO], turtlebot5, {"y": "17.95", "x": "-13.46", "yaw": "-1.20"}
277.57, [INFO], turtlebot6, {"y": "33.98", "x": "-32.92", "yaw": "-3.05"}
292.47, [INFO], turtlebot1, {"y": "17.82", "x": "-11.46", "yaw": "-1.25"}
292.48, [INFO], turtlebot3, {"y": "21.50", "x": "-38.10", "yaw": "0.03"}
292.48, [INFO], turtlebot2, {"y": "17.00", "x": "-36.73", "yaw": "-1.68"}
292.48, [INFO], turtlebot2, {"battery-level": "54.98%"}
292.50, [INFO], turtlebot4, {"y": "33.84", "x": "-39.50", "yaw": "0.46"}
292.52, [INFO], turtlebot5, {"y": "17.95", "x": "-13.45", "yaw": "-1.18"}
292.55, [INFO], turtlebot6, {"y": "33.98", "x": "-32.92", "yaw": "-3.05"}
292.57, [INFO], turtlebot1, {"y": "17.82", "x": "-11.46", "yaw": "-1.25"}
292.57, [INFO], turtlebot3, {"y": "21.50", "x": "-38.10", "yaw": "0.03"}
292.57, [INFO], turtlebot2, {"y": "17.00", "x": "-36.73", "yaw": "-1.68"}
292.57, [INFO], turtlebot2, {"battery-level": "54.98%"}
292.58, [INFO], turtlebot4, {"y": "33.84", "x": "-39.50", "yaw": "0.46"}
292.58, [INFO], turtlebot5, {"y": "17.95", "x": "-13.45", "yaw": "-1.18"}
292.58, [INFO], turtlebot6, {"y": "33.98", "x": "-32.92", "yaw": "-3.05"}
304.23, [DEBUG], None, [debug],turtlebot2,move-base-info,Hooray, the base moved arrived,(x=-37;y=16)
304.23, [DEBUG], None, [debug],turtlebot2,move-base-info,Hooray, the base moved arrived,(x=-37;y=16)
304.32, [DEBUG], turtlebot2, {"status": "way-point-reached", "skill": "navigation", "percentage": "50.00%", "goingto": "Laboratory"}
307.47, [INFO], turtlebot1, {"y": "17.82", "x": "-11.47", "yaw": "-1.25"}
307.48, [INFO], turtlebot2, {"battery-level": "54.56%"}
307.48, [INFO], turtlebot2, {"y": "16.43", "x": "-36.91", "yaw": "-0.04"}
307.48, [INFO], turtlebot3, {"y": "21.50", "x": "-38.13", "yaw": "0.03"}
307.50, [INFO], turtlebot4, {"y": "33.84", "x": "-39.50", "yaw": "0.46"}
307.52, [INFO], turtlebot5, {"y": "17.94", "x": "-13.45", "yaw": "-1.16"}
307.53, [INFO], turtlebot1, {"y": "17.82", "x": "-11.47", "yaw": "-1.25"}
307.55, [INFO], turtlebot2, {"battery-level": "54.56%"}
307.55, [INFO], turtlebot2, {"y": "16.43", "x": "-36.91", "yaw": "-0.04"}
307.55, [INFO], turtlebot6, {"y": "33.98", "x": "-32.92", "yaw": "-3.06"}
307.57, [INFO], turtlebot3, {"y": "21.50", "x": "-38.13", "yaw": "0.03"}
307.57, [INFO], turtlebot4, {"y": "33.84", "x": "-39.50", "yaw": "0.46"}
307.57, [INFO], turtlebot5, {"y": "17.94", "x": "-13.45", "yaw": "-1.16"}
307.57, [INFO], turtlebot6, {"y": "33.98", "x": "-32.92", "yaw": "-3.06"}
314.83, [DEBUG], turtlebot2, {"param_list": ["Laboratory", [[-37.0, 18.93, -1.5707963267948966, true], [-37.0, 16.0, 0.0, true], [-26.0, 16.0, -1.5707963267948966, true], [-26.0, 13.0, 1.57, false]]], "skill": "navigation", "skill-life-cycle": "RUNNING", "label": "navto_lab"}
322.47, [INFO], turtlebot1, {"y": "17.82", "x": "-11.47", "yaw": "-1.25"}
322.48, [INFO], turtlebot2, {"battery-level": "54.11%"}
322.48, [INFO], turtlebot3, {"y": "21.50", "x": "-38.14", "yaw": "0.03"}
322.48, [INFO], turtlebot2, {"y": "15.67", "x": "-35.65", "yaw": "-0.04"}
322.50, [INFO], turtlebot4, {"y": "33.84", "x": "-39.50", "yaw": "0.46"}
322.52, [INFO], turtlebot5, {"y": "17.94", "x": "-13.45", "yaw": "-1.14"}
322.55, [INFO], turtlebot6, {"y": "33.98", "x": "-32.92", "yaw": "-3.06"}
322.57, [INFO], turtlebot1, {"y": "17.82", "x": "-11.47", "yaw": "-1.25"}
322.57, [INFO], turtlebot2, {"battery-level": "54.11%"}
322.58, [INFO], turtlebot3, {"y": "21.50", "x": "-38.14", "yaw": "0.03"}
322.58, [INFO], turtlebot2, {"y": "15.67", "x": "-35.65", "yaw": "-0.04"}
322.58, [INFO], turtlebot4, {"y": "33.84", "x": "-39.50", "yaw": "0.46"}
322.58, [INFO], turtlebot5, {"y": "17.94", "x": "-13.45", "yaw": "-1.14"}
322.58, [INFO], turtlebot6, {"y": "33.98", "x": "-32.92", "yaw": "-3.06"}
337.47, [INFO], turtlebot1, {"y": "17.82", "x": "-11.47", "yaw": "-1.25"}
337.48, [INFO], turtlebot2, {"y": "15.69", "x": "-33.13", "yaw": "0.04"}
337.48, [INFO], turtlebot2, {"battery-level": "53.63%"}
337.48, [INFO], turtlebot3, {"y": "21.51", "x": "-38.15", "yaw": "0.04"}
337.50, [INFO], turtlebot4, {"y": "33.84", "x": "-39.50", "yaw": "0.46"}
337.52, [INFO], turtlebot5, {"y": "17.94", "x": "-13.44", "yaw": "-1.14"}
337.55, [INFO], turtlebot6, {"y": "33.98", "x": "-32.93", "yaw": "-3.06"}
337.57, [INFO], turtlebot1, {"y": "17.82", "x": "-11.47", "yaw": "-1.25"}
337.57, [INFO], turtlebot2, {"y": "15.69", "x": "-33.13", "yaw": "0.04"}
337.57, [INFO], turtlebot2, {"battery-level": "53.63%"}
337.57, [INFO], turtlebot3, {"y": "21.51", "x": "-38.15", "yaw": "0.04"}
337.58, [INFO], turtlebot4, {"y": "33.84", "x": "-39.50", "yaw": "0.46"}
337.58, [INFO], turtlebot5, {"y": "17.94", "x": "-13.44", "yaw": "-1.14"}
337.58, [INFO], turtlebot6, {"y": "33.98", "x": "-32.93", "yaw": "-3.06"}
352.47, [INFO], turtlebot1, {"y": "17.82", "x": "-11.47", "yaw": "-1.25"}
352.48, [INFO], turtlebot3, {"y": "21.51", "x": "-38.15", "yaw": "0.05"}
352.48, [INFO], turtlebot2, {"y": "16.03", "x": "-30.37", "yaw": "0.05"}
352.48, [INFO], turtlebot2, {"battery-level": "53.21%"}
352.50, [INFO], turtlebot4, {"y": "33.84", "x": "-39.50", "yaw": "0.46"}
352.52, [INFO], turtlebot5, {"y": "17.94", "x": "-13.44", "yaw": "-1.13"}
352.55, [INFO], turtlebot6, {"y": "33.98", "x": "-32.93", "yaw": "-3.06"}
352.58, [INFO], turtlebot1, {"y": "17.82", "x": "-11.47", "yaw": "-1.25"}
352.58, [INFO], turtlebot3, {"y": "21.51", "x": "-38.15", "yaw": "0.05"}
352.58, [INFO], turtlebot2, {"y": "16.03", "x": "-30.37", "yaw": "0.05"}
352.58, [INFO], turtlebot2, {"battery-level": "53.21%"}
352.60, [INFO], turtlebot4, {"y": "33.84", "x": "-39.50", "yaw": "0.46"}
352.60, [INFO], turtlebot5, {"y": "17.94", "x": "-13.44", "yaw": "-1.13"}
352.60, [INFO], turtlebot6, {"y": "33.98", "x": "-32.93", "yaw": "-3.06"}
356.95, [DEBUG], turtlebot2, {"param_list": ["Laboratory", [[-37.0, 18.93, -1.5707963267948966, true], [-37.0, 16.0, 0.0, true], [-26.0, 16.0, -1.5707963267948966, true], [-26.0, 13.0, 1.57, false]]], "skill": "navigation", "skill-life-cycle": "RUNNING", "label": "navto_lab"}
367.47, [INFO], turtlebot1, {"y": "17.82", "x": "-11.47", "yaw": "-1.25"}
367.48, [INFO], turtlebot2, {"battery-level": "52.76%"}
367.48, [INFO], turtlebot2, {"y": "16.12", "x": "-27.79", "yaw": "-0.12"}
367.48, [INFO], turtlebot3, {"y": "21.51", "x": "-38.15", "yaw": "0.08"}
367.50, [INFO], turtlebot4, {"y": "33.84", "x": "-39.50", "yaw": "0.46"}
367.52, [INFO], turtlebot5, {"y": "17.94", "x": "-13.44", "yaw": "-1.12"}
367.53, [INFO], turtlebot1, {"y": "17.82", "x": "-11.47", "yaw": "-1.25"}
367.53, [INFO], turtlebot2, {"battery-level": "52.76%"}
367.55, [INFO], turtlebot2, {"y": "16.12", "x": "-27.79", "yaw": "-0.12"}
367.55, [INFO], turtlebot3, {"y": "21.51", "x": "-38.15", "yaw": "0.08"}
367.55, [INFO], turtlebot4, {"y": "33.84", "x": "-39.50", "yaw": "0.46"}
367.55, [INFO], turtlebot6, {"y": "33.98", "x": "-32.93", "yaw": "-3.06"}
367.55, [INFO], turtlebot5, {"y": "17.94", "x": "-13.44", "yaw": "-1.12"}
367.57, [INFO], turtlebot6, {"y": "33.98", "x": "-32.93", "yaw": "-3.06"}
380.73, [DEBUG], None, [debug],turtlebot2,move-base-info,Hooray, the base moved arrived,(x=-26;y=16)
380.73, [DEBUG], None, [debug],turtlebot2,move-base-info,Hooray, the base moved arrived,(x=-26;y=16)
380.82, [DEBUG], turtlebot2, {"status": "way-point-reached", "skill": "navigation", "percentage": "75.00%", "goingto": "Laboratory"}
382.47, [INFO], turtlebot1, {"y": "17.82", "x": "-11.47", "yaw": "-1.25"}
382.48, [INFO], turtlebot3, {"y": "21.51", "x": "-38.15", "yaw": "0.10"}
382.48, [INFO], turtlebot2, {"battery-level": "52.28%"}
382.48, [INFO], turtlebot2, {"y": "16.30", "x": "-26.38", "yaw": "-1.52"}
382.50, [INFO], turtlebot4, {"y": "33.84", "x": "-39.50", "yaw": "0.46"}
382.52, [INFO], turtlebot5, {"y": "17.93", "x": "-13.44", "yaw": "-1.11"}
382.55, [INFO], turtlebot6, {"y": "33.98", "x": "-32.93", "yaw": "-3.06"}
382.55, [INFO], turtlebot1, {"y": "17.82", "x": "-11.47", "yaw": "-1.25"}
382.55, [INFO], turtlebot3, {"y": "21.51", "x": "-38.15", "yaw": "0.10"}
382.57, [INFO], turtlebot2, {"battery-level": "52.28%"}
382.57, [INFO], turtlebot2, {"y": "16.30", "x": "-26.38", "yaw": "-1.52"}
382.57, [INFO], turtlebot4, {"y": "33.84", "x": "-39.50", "yaw": "0.46"}
382.57, [INFO], turtlebot5, {"y": "17.93", "x": "-13.44", "yaw": "-1.11"}
382.58, [INFO], turtlebot6, {"y": "33.98", "x": "-32.93", "yaw": "-3.06"}
397.47, [INFO], turtlebot1, {"y": "17.82", "x": "-11.47", "yaw": "-1.25"}
397.48, [INFO], turtlebot3, {"y": "21.52", "x": "-38.15", "yaw": "0.13"}
397.48, [INFO], turtlebot2, {"y": "15.29", "x": "-25.97", "yaw": "-1.26"}
397.48, [INFO], turtlebot2, {"battery-level": "51.83%"}
397.50, [INFO], turtlebot4, {"y": "33.84", "x": "-39.50", "yaw": "0.46"}
397.52, [INFO], turtlebot5, {"y": "17.93", "x": "-13.43", "yaw": "-1.10"}
397.55, [INFO], turtlebot6, {"y": "33.98", "x": "-32.93", "yaw": "-3.06"}
397.55, [INFO], turtlebot1, {"y": "17.82", "x": "-11.47", "yaw": "-1.25"}
397.57, [INFO], turtlebot3, {"y": "21.52", "x": "-38.15", "yaw": "0.13"}
397.57, [INFO], turtlebot2, {"y": "15.29", "x": "-25.97", "yaw": "-1.26"}
397.57, [INFO], turtlebot2, {"battery-level": "51.83%"}
397.57, [INFO], turtlebot4, {"y": "33.84", "x": "-39.50", "yaw": "0.46"}
397.57, [INFO], turtlebot5, {"y": "17.93", "x": "-13.43", "yaw": "-1.10"}
397.58, [INFO], turtlebot6, {"y": "33.98", "x": "-32.93", "yaw": "-3.06"}
400.17, [DEBUG], turtlebot2, {"param_list": ["Laboratory", [[-37.0, 18.93, -1.5707963267948966, true], [-37.0, 16.0, 0.0, true], [-26.0, 16.0, -1.5707963267948966, true], [-26.0, 13.0, 1.57, false]]], "skill": "navigation", "skill-life-cycle": "RUNNING", "label": "navto_lab"}
412.47, [INFO], turtlebot1, {"y": "17.82", "x": "-11.47", "yaw": "-1.25"}
412.48, [INFO], turtlebot3, {"y": "21.52", "x": "-38.16", "yaw": "0.16"}
412.48, [INFO], turtlebot2, {"battery-level": "51.41%"}
412.48, [INFO], turtlebot2, {"y": "14.05", "x": "-25.79", "yaw": "-1.50"}
412.50, [INFO], turtlebot4, {"y": "33.84", "x": "-39.50", "yaw": "0.46"}
412.52, [INFO], turtlebot5, {"y": "17.93", "x": "-13.43", "yaw": "-1.10"}
412.55, [INFO], turtlebot6, {"y": "33.98", "x": "-32.93", "yaw": "-3.06"}
412.58, [INFO], turtlebot1, {"y": "17.82", "x": "-11.47", "yaw": "-1.25"}
412.58, [INFO], turtlebot3, {"y": "21.52", "x": "-38.16", "yaw": "0.16"}
412.58, [INFO], turtlebot2, {"battery-level": "51.41%"}
412.58, [INFO], turtlebot2, {"y": "14.05", "x": "-25.79", "yaw": "-1.50"}
412.58, [INFO], turtlebot4, {"y": "33.84", "x": "-39.50", "yaw": "0.46"}
412.58, [INFO], turtlebot5, {"y": "17.93", "x": "-13.43", "yaw": "-1.10"}
412.60, [INFO], turtlebot6, {"y": "33.98", "x": "-32.93", "yaw": "-3.06"}
427.47, [INFO], turtlebot1, {"y": "17.82", "x": "-11.47", "yaw": "-1.25"}
427.48, [INFO], turtlebot2, {"y": "13.91", "x": "-25.78", "yaw": "-1.50"}
427.48, [INFO], turtlebot3, {"y": "21.53", "x": "-38.16", "yaw": "0.18"}
427.48, [INFO], turtlebot2, {"battery-level": "50.93%"}
427.50, [INFO], turtlebot4, {"y": "33.84", "x": "-39.50", "yaw": "0.46"}
427.52, [INFO], turtlebot5, {"y": "17.93", "x": "-13.43", "yaw": "-1.10"}
427.55, [INFO], turtlebot6, {"y": "33.98", "x": "-32.93", "yaw": "-3.06"}
427.55, [INFO], turtlebot1, {"y": "17.82", "x": "-11.47", "yaw": "-1.25"}
427.55, [INFO], turtlebot2, {"y": "13.91", "x": "-25.78", "yaw": "-1.50"}
427.57, [INFO], turtlebot3, {"y": "21.53", "x": "-38.16", "yaw": "0.18"}
427.57, [INFO], turtlebot2, {"battery-level": "50.93%"}
427.57, [INFO], turtlebot4, {"y": "33.84", "x": "-39.50", "yaw": "0.46"}
427.57, [INFO], turtlebot5, {"y": "17.93", "x": "-13.43", "yaw": "-1.10"}
427.58, [INFO], turtlebot6, {"y": "33.98", "x": "-32.93", "yaw": "-3.06"}
442.47, [INFO], turtlebot1, {"y": "17.82", "x": "-11.47", "yaw": "-1.25"}
442.48, [INFO], turtlebot2, {"y": "13.90", "x": "-25.79", "yaw": "-1.48"}
442.48, [INFO], turtlebot3, {"y": "21.53", "x": "-38.16", "yaw": "0.19"}
442.48, [INFO], turtlebot2, {"battery-level": "50.48%"}
442.50, [INFO], turtlebot4, {"y": "33.84", "x": "-39.50", "yaw": "0.46"}
442.52, [INFO], turtlebot5, {"y": "17.93", "x": "-13.42", "yaw": "-1.09"}
442.55, [INFO], turtlebot6, {"y": "33.98", "x": "-32.93", "yaw": "-3.06"}
442.58, [INFO], turtlebot1, {"y": "17.82", "x": "-11.47", "yaw": "-1.25"}
442.58, [INFO], turtlebot2, {"y": "13.90", "x": "-25.79", "yaw": "-1.48"}
442.58, [INFO], turtlebot3, {"y": "21.53", "x": "-38.16", "yaw": "0.19"}
442.58, [INFO], turtlebot2, {"battery-level": "50.48%"}
442.58, [INFO], turtlebot4, {"y": "33.84", "x": "-39.50", "yaw": "0.46"}
442.58, [INFO], turtlebot5, {"y": "17.93", "x": "-13.42", "yaw": "-1.09"}
442.60, [INFO], turtlebot6, {"y": "33.98", "x": "-32.93", "yaw": "-3.06"}
442.93, [DEBUG], turtlebot2, {"param_list": ["Laboratory", [[-37.0, 18.93, -1.5707963267948966, true], [-37.0, 16.0, 0.0, true], [-26.0, 16.0, -1.5707963267948966, true], [-26.0, 13.0, 1.57, false]]], "skill": "navigation", "skill-life-cycle": "RUNNING", "label": "navto_lab"}
457.47, [INFO], turtlebot1, {"y": "17.82", "x": "-11.47", "yaw": "-1.25"}
457.48, [INFO], turtlebot3, {"y": "21.53", "x": "-38.16", "yaw": "0.20"}
457.48, [INFO], turtlebot2, {"battery-level": "50.03%"}
457.48, [INFO], turtlebot2, {"y": "14.04", "x": "-25.80", "yaw": "-1.46"}
457.50, [INFO], turtlebot4, {"y": "33.84", "x": "-39.50", "yaw": "0.46"}
457.52, [INFO], turtlebot5, {"y": "17.92", "x": "-13.42", "yaw": "-1.07"}
457.55, [INFO], turtlebot6, {"y": "33.98", "x": "-32.93", "yaw": "-3.06"}
457.55, [INFO], turtlebot1, {"y": "17.82", "x": "-11.47", "yaw": "-1.25"}
457.55, [INFO], turtlebot3, {"y": "21.53", "x": "-38.16", "yaw": "0.20"}
457.55, [INFO], turtlebot2, {"battery-level": "50.03%"}
457.57, [INFO], turtlebot2, {"y": "14.04", "x": "-25.80", "yaw": "-1.46"}
457.57, [INFO], turtlebot4, {"y": "33.84", "x": "-39.50", "yaw": "0.46"}
457.57, [INFO], turtlebot5, {"y": "17.92", "x": "-13.42", "yaw": "-1.07"}
457.57, [INFO], turtlebot6, {"y": "33.98", "x": "-32.93", "yaw": "-3.06"}
471.65, [DEBUG], None, [debug],turtlebot2,move-base-info,Hooray, the base moved arrived,(x=-26;y=13)
471.65, [DEBUG], None, [debug],turtlebot2,move-base-info,Hooray, the base moved arrived,(x=-26;y=13)
471.85, [DEBUG], turtlebot2, {"status": "way-point-reached", "skill": "navigation", "percentage": "100.00%", "goingto": "Laboratory"}
471.93, [DEBUG], turtlebot2, {"param_list": ["Laboratory", [[-37.0, 18.93, -1.5707963267948966, true], [-37.0, 16.0, 0.0, true], [-26.0, 16.0, -1.5707963267948966, true], [-26.0, 13.0, 1.57, false]]], "skill": "navigation", "skill-life-cycle": "SUCCESS", "label": "navto_lab"}
471.95, [DEBUG], turtlebot2, "available-skills=['send_message', 'wait_message', 'approach_person', 'approach_robot', 'authenticate_person', 'navigation', 'operate_drawer']"
471.95, [DEBUG], turtlebot2, {"param_list": ["lab_arm"], "skill": "approach_robot", "skill-life-cycle": "STARTED", "label": "approach_arm"}
472.03, [DEBUG], turtlebot2, {"status": "localize-robot", "skill": "=approach-robot", "who": "lab_arm"}
472.10, [DEBUG], turtlebot2, {"status": "goto-robot", "skill": "approach-robot", "who": "lab_arm"}
472.20, [DEBUG], turtlebot2, {"param_list": ["lab_arm"], "skill": "approach_robot", "skill-life-cycle": "SUCCESS", "label": "approach_arm"}
472.20, [DEBUG], turtlebot2, "available-skills=['send_message', 'wait_message', 'approach_person', 'approach_robot', 'authenticate_person', 'navigation', 'operate_drawer']"
472.20, [DEBUG], turtlebot2, {"param_list": ["open"], "skill": "operate_drawer", "skill-life-cycle": "STARTED", "label": "open_drawer_lab"}
472.27, [DEBUG], turtlebot2, {"status": "task-update", "action": "open", "skill": "operate-drawer"}
472.47, [INFO], turtlebot1, {"y": "17.82", "x": "-11.47", "yaw": "-1.25"}
472.48, [INFO], turtlebot3, {"y": "21.53", "x": "-38.16", "yaw": "0.21"}
472.48, [INFO], turtlebot2, {"battery-level": "49.61%"}
472.48, [INFO], turtlebot2, {"y": "13.40", "x": "-25.84", "yaw": "1.61"}
472.50, [INFO], turtlebot4, {"y": "33.84", "x": "-39.50", "yaw": "0.46"}
472.52, [INFO], turtlebot5, {"y": "17.92", "x": "-13.42", "yaw": "-1.06"}
472.55, [INFO], turtlebot6, {"y": "33.98", "x": "-32.93", "yaw": "-3.06"}
472.55, [INFO], turtlebot1, {"y": "17.82", "x": "-11.47", "yaw": "-1.25"}
472.55, [INFO], turtlebot3, {"y": "21.53", "x": "-38.16", "yaw": "0.21"}
472.55, [INFO], turtlebot2, {"battery-level": "49.61%"}
472.57, [INFO], turtlebot2, {"y": "13.40", "x": "-25.84", "yaw": "1.61"}
472.57, [INFO], turtlebot4, {"y": "33.84", "x": "-39.50", "yaw": "0.46"}
472.57, [INFO], turtlebot5, {"y": "17.92", "x": "-13.42", "yaw": "-1.06"}
471.65, [DEBUG], None, [debug],turtlebot2,move-base-info,Hooray, the base moved arrived,(x=-26;y=13)
471.65, [DEBUG], None, [debug],turtlebot2,move-base-info,Hooray, the base moved arrived,(x=-26;y=13)
471.85, [DEBUG], turtlebot2, {"status": "way-point-reached", "skill": "navigation", "percentage": "100.00%", "goingto": "Laboratory"}
471.93, [DEBUG], turtlebot2, {"param_list": ["Laboratory", [[-37.0, 18.93, -1.5707963267948966, true], [-37.0, 16.0, 0.0, true], [-26.0, 16.0, -1.5707963267948966, true], [-26.0, 13.0, 1.57, false]]], "skill": "navigation", "skill-life-cycle": "SUCCESS", "label": "navto_lab"}
471.95, [DEBUG], turtlebot2, "available-skills=['send_message', 'wait_message', 'approach_person', 'approach_robot', 'authenticate_person', 'navigation', 'operate_drawer']"
471.95, [DEBUG], turtlebot2, {"param_list": ["lab_arm"], "skill": "approach_robot", "skill-life-cycle": "STARTED", "label": "approach_arm"}
472.57, [INFO], turtlebot6, {"y": "33.98", "x": "-32.93", "yaw": "-3.06"}
473.07, [DEBUG], turtlebot2, {"param_list": ["open"], "skill": "operate_drawer", "skill-life-cycle": "SUCCESS", "label": "open_drawer_lab"}
472.03, [DEBUG], turtlebot2, {"status": "localize-robot", "skill": "=approach-robot", "who": "lab_arm"}
472.10, [DEBUG], turtlebot2, {"status": "goto-robot", "skill": "approach-robot", "who": "lab_arm"}
472.20, [DEBUG], turtlebot2, {"param_list": ["lab_arm"], "skill": "approach_robot", "skill-life-cycle": "SUCCESS", "label": "approach_arm"}
472.20, [DEBUG], turtlebot2, "available-skills=['send_message', 'wait_message', 'approach_person', 'approach_robot', 'authenticate_person', 'navigation', 'operate_drawer']"
472.20, [DEBUG], turtlebot2, {"param_list": ["open"], "skill": "operate_drawer", "skill-life-cycle": "STARTED", "label": "open_drawer_lab"}
472.27, [DEBUG], turtlebot2, {"status": "task-update", "action": "open", "skill": "operate-drawer"}
473.07, [DEBUG], turtlebot2, "available-skills=['send_message', 'wait_message', 'approach_person', 'approach_robot', 'authenticate_person', 'navigation', 'operate_drawer']"
473.07, [DEBUG], turtlebot2, {"param_list": ["lab_arm"], "skill": "send_message", "skill-life-cycle": "STARTED", "label": "notify_lab_arm_of_open_drawer_lab_completed"}
473.15, [INFO], turtlebot2, {"to": "lab_arm", "skill": "send-message"}
472.47, [INFO], turtlebot1, {"y": "17.82", "x": "-11.47", "yaw": "-1.25"}
472.48, [INFO], turtlebot3, {"y": "21.53", "x": "-38.16", "yaw": "0.21"}
473.88, [INFO], lab_arm, {"status": "sample-received", "skill": "wait-sample"}
473.88, [INFO], lab_arm, {"status": "sample-received", "skill": "wait-sample"}
473.88, [INFO], nurse, {"status": "sample-received", "skill": "wait-sample"}
473.88, [INFO], nurse, {"status": "sample-received", "skill": "wait-sample"}
473.88, [DEBUG], None, ENDSIM
473.88, [DEBUG], None, end!
