4.46666669846,[debug],turtlebot1,move-base-info,Move_base is up and ok....,
4.53333330154,[debug],turtlebot5,move-base-info,Move_base is up and ok....,
5.09999990463,[debug],turtlebot4,move-base-info,Move_base is up and ok....,
10.3833334446,[info],turtlebot3,skill-life-cycle,init_robobt,(status=RUNNING, parameters=[])
11.5,[info],turtlebot5,skill-life-cycle,init_robobt,(status=RUNNING, parameters=[])
11.5833332539,[info],turtlebot1,skill-life-cycle,init_robobt,(status=RUNNING, parameters=[])
12.0499999523,[info],turtlebot4,skill-life-cycle,init_robobt,(status=RUNNING, parameters=[])
17.5166666508,[debug],turtlebot4,available-skills,['send_message', 'wait_message', 'approach_person', 'approach_robot', 'authenticate_person', 'deposit', 'navigation', 'operate_drawer', 'pick_up'],
17.5166666508,[info],turtlebot4,skill-life-cycle,navigation,(status=STARTED, parameters=[[-21.0, 16.0, 3.141592653589793, True], [-28.5, 16.0, 1.5707963267948966, True], [-28.5, 18.0, -1.57, False]])
24.6333334446,[debug],turtlebot1,simulation,robot-pose,x=-33.83;y=18.78;yaw=2.80
24.6500000954,[debug],turtlebot1,simulation,robot-pose,x=-33.83;y=18.78;yaw=2.80
24.8833334446,[debug],turtlebot4,simulation,robot-pose,x=-20.99;y=17.80;yaw=-1.56
24.8833334446,[debug],turtlebot4,simulation,robot-pose,x=-20.99;y=17.80;yaw=-1.56
24.8833334446,[debug],turtlebot5,simulation,robot-pose,x=-38.00;y=21.48;yaw=0.01
24.8833334446,[debug],turtlebot5,simulation,robot-pose,x=-38.00;y=21.48;yaw=0.01
24.8833334446,[debug],turtlebot2,simulation,robot-pose,x=-27.23;y=18.02;yaw=-1.59
24.8833334446,[debug],turtlebot2,simulation,robot-pose,x=-27.23;y=18.02;yaw=-1.59
24.8833334446,[debug],turtlebot3,simulation,robot-pose,x=-40.39;y=25.23;yaw=0.34
24.8833334446,[debug],turtlebot3,simulation,robot-pose,x=-40.39;y=25.23;yaw=0.34
39.6333334446,[debug],turtlebot1,simulation,robot-pose,x=-33.84;y=18.78;yaw=2.83
39.6833333969,[debug],turtlebot1,simulation,robot-pose,x=-33.84;y=18.78;yaw=2.83
39.8833334446,[debug],turtlebot5,simulation,robot-pose,x=-38.00;y=21.48;yaw=0.01
39.8833334446,[debug],turtlebot5,simulation,robot-pose,x=-38.00;y=21.48;yaw=0.01
39.8833334446,[debug],turtlebot4,simulation,robot-pose,x=-20.94;y=16.56;yaw=-1.57
39.8833334446,[debug],turtlebot3,simulation,robot-pose,x=-40.39;y=25.23;yaw=0.33
39.8833334446,[debug],turtlebot4,simulation,robot-pose,x=-20.94;y=16.56;yaw=-1.57
39.8833334446,[debug],turtlebot2,simulation,robot-pose,x=-27.22;y=18.03;yaw=-1.59
39.8833334446,[debug],turtlebot3,simulation,robot-pose,x=-40.39;y=25.23;yaw=0.33
39.8833334446,[debug],turtlebot2,simulation,robot-pose,x=-27.22;y=18.03;yaw=-1.59
45.0499999523,[debug],turtlebot4,move-base-info,Hooray, the base moved arrived,(x=-21;y=16)
45.0499999523,[debug],turtlebot4,move-base-info,Hooray, the base moved arrived,(x=-21;y=16)
45.1333334446,[debug],turtlebot4,task-update,navigation,way-point-reached,33.33333333333333%
54.6333334446,[debug],turtlebot1,simulation,robot-pose,x=-33.85;y=18.78;yaw=2.84
54.6833333969,[debug],turtlebot1,simulation,robot-pose,x=-33.85;y=18.78;yaw=2.84
54.8833334446,[debug],turtlebot4,simulation,robot-pose,x=-21.42;y=16.20;yaw=-2.37
54.8833334446,[debug],turtlebot3,simulation,robot-pose,x=-40.39;y=25.23;yaw=0.33
54.8833334446,[debug],turtlebot4,simulation,robot-pose,x=-21.42;y=16.20;yaw=-2.37
54.8833334446,[debug],turtlebot3,simulation,robot-pose,x=-40.39;y=25.23;yaw=0.33
54.8833334446,[debug],turtlebot5,simulation,robot-pose,x=-38.00;y=21.48;yaw=0.01
54.8833334446,[debug],turtlebot5,simulation,robot-pose,x=-38.00;y=21.48;yaw=0.01
54.8833334446,[debug],turtlebot2,simulation,robot-pose,x=-27.22;y=18.03;yaw=-1.58
54.8833334446,[debug],turtlebot2,simulation,robot-pose,x=-27.22;y=18.03;yaw=-1.58
63.5499999523,[info],turtlebot4,skill-life-cycle,navigation,(status=RUNNING, parameters=[[-21.0, 16.0, 3.141592653589793, True], [-28.5, 16.0, 1.5707963267948966, True], [-28.5, 18.0, -1.57, False]])
69.6333334446,[debug],turtlebot1,simulation,robot-pose,x=-33.85;y=18.78;yaw=2.86
69.6666667461,[debug],turtlebot1,simulation,robot-pose,x=-33.85;y=18.78;yaw=2.86
69.8833334446,[debug],turtlebot5,simulation,robot-pose,x=-38.00;y=21.48;yaw=0.01
69.8833334446,[debug],turtlebot5,simulation,robot-pose,x=-38.00;y=21.48;yaw=0.01
69.8833334446,[debug],turtlebot3,simulation,robot-pose,x=-40.39;y=25.23;yaw=0.33
69.8833334446,[debug],turtlebot3,simulation,robot-pose,x=-40.39;y=25.23;yaw=0.33
69.8833334446,[debug],turtlebot4,simulation,robot-pose,x=-23.61;y=15.96;yaw=-3.08
69.8833334446,[debug],turtlebot4,simulation,robot-pose,x=-23.61;y=15.96;yaw=-3.08
69.8833334446,[debug],turtlebot2,simulation,robot-pose,x=-27.22;y=18.03;yaw=-1.58
69.8833334446,[debug],turtlebot2,simulation,robot-pose,x=-27.22;y=18.03;yaw=-1.58
84.6333334446,[debug],turtlebot1,simulation,robot-pose,x=-33.85;y=18.78;yaw=2.87
84.6833333969,[debug],turtlebot1,simulation,robot-pose,x=-33.85;y=18.78;yaw=2.87
84.8833334446,[debug],turtlebot5,simulation,robot-pose,x=-38.00;y=21.48;yaw=0.01
84.8833334446,[debug],turtlebot5,simulation,robot-pose,x=-38.00;y=21.48;yaw=0.01
84.8833334446,[debug],turtlebot2,simulation,robot-pose,x=-27.22;y=18.03;yaw=-1.58
84.8833334446,[debug],turtlebot2,simulation,robot-pose,x=-27.22;y=18.03;yaw=-1.58
84.8833334446,[debug],turtlebot3,simulation,robot-pose,x=-40.39;y=25.23;yaw=0.33
84.8833334446,[debug],turtlebot4,simulation,robot-pose,x=-26.05;y=15.91;yaw=-3.07
84.8833334446,[debug],turtlebot3,simulation,robot-pose,x=-40.39;y=25.23;yaw=0.33
84.8833334446,[debug],turtlebot4,simulation,robot-pose,x=-26.05;y=15.91;yaw=-3.07
99.6333334446,[debug],turtlebot1,simulation,robot-pose,x=-33.85;y=18.78;yaw=2.89
99.6833333969,[debug],turtlebot1,simulation,robot-pose,x=-33.85;y=18.78;yaw=2.89
99.8833334446,[debug],turtlebot4,simulation,robot-pose,x=-28.29;y=16.38;yaw=1.75
99.8833334446,[debug],turtlebot3,simulation,robot-pose,x=-40.39;y=25.23;yaw=0.33
99.8833334446,[debug],turtlebot4,simulation,robot-pose,x=-28.29;y=16.38;yaw=1.75
99.8833334446,[debug],turtlebot5,simulation,robot-pose,x=-38.00;y=21.48;yaw=0.01
99.8833334446,[debug],turtlebot3,simulation,robot-pose,x=-40.39;y=25.23;yaw=0.33
99.8833334446,[debug],turtlebot2,simulation,robot-pose,x=-27.22;y=18.03;yaw=-1.58
99.8833334446,[debug],turtlebot5,simulation,robot-pose,x=-38.00;y=21.48;yaw=0.01
99.8833334446,[debug],turtlebot2,simulation,robot-pose,x=-27.22;y=18.03;yaw=-1.58
100.75,[debug],turtlebot4,move-base-info,Hooray, the base moved arrived,(x=-28.5;y=16)
100.75,[debug],turtlebot4,move-base-info,Hooray, the base moved arrived,(x=-28.5;y=16)
100.866666555,[debug],turtlebot4,task-update,navigation,way-point-reached,66.66666666666666%
114.633333445,[debug],turtlebot1,simulation,robot-pose,x=-33.86;y=18.79;yaw=2.91
114.633333445,[info],turtlebot4,skill-life-cycle,navigation,(status=RUNNING, parameters=[[-21.0, 16.0, 3.141592653589793, True], [-28.5, 16.0, 1.5707963267948966, True], [-28.5, 18.0, -1.57, False]])
114.683333397,[debug],turtlebot1,simulation,robot-pose,x=-33.86;y=18.79;yaw=2.91
114.883333445,[debug],turtlebot4,simulation,robot-pose,x=-28.38;y=17.60;yaw=-2.18
114.883333445,[debug],turtlebot5,simulation,robot-pose,x=-38.00;y=21.48;yaw=0.01
114.883333445,[debug],turtlebot4,simulation,robot-pose,x=-28.38;y=17.60;yaw=-2.18
114.883333445,[debug],turtlebot2,simulation,robot-pose,x=-27.22;y=18.03;yaw=-1.58
114.883333445,[debug],turtlebot5,simulation,robot-pose,x=-38.00;y=21.48;yaw=0.01
114.883333445,[debug],turtlebot3,simulation,robot-pose,x=-40.39;y=25.23;yaw=0.33
114.883333445,[debug],turtlebot2,simulation,robot-pose,x=-27.22;y=18.03;yaw=-1.58
114.883333445,[debug],turtlebot3,simulation,robot-pose,x=-40.39;y=25.23;yaw=0.33
116.799999952,[debug],turtlebot4,move-base-info,Hooray, the base moved arrived,(x=-28.5;y=18)
116.799999952,[debug],turtlebot4,move-base-info,Hooray, the base moved arrived,(x=-28.5;y=18)
116.966666698,[debug],turtlebot4,task-update,navigation,way-point-reached,100.0%
117.049999952,[debug],turtlebot4,available-skills,['send_message', 'wait_message', 'approach_person', 'approach_robot', 'authenticate_person', 'deposit', 'navigation', 'operate_drawer', 'pick_up'],
117.049999952,[info],turtlebot4,skill-life-cycle,approach_person,(status=STARTED, parameters=['nurse'])
117.133333445,[debug],turtlebot4,task-update,approach_person,localize-person,(who=nurse)
117.433333397,[debug],turtlebot4,task-update,approach_person,goto-person,(who=nurse)
117.583333254,[debug],turtlebot4,available-skills,['send_message', 'wait_message', 'approach_person', 'approach_robot', 'authenticate_person', 'deposit', 'navigation', 'operate_drawer', 'pick_up'],
117.583333254,[info],turtlebot4,skill-life-cycle,authenticate_person,(status=STARTED, parameters=['nurse'])
117.666666746,[debug],turtlebot4,task-update,authenticate_person,request-authentication,(to=nurse)
117.666666746,[info],nurse,sync,received-request,(status=sending-request)
117.700000048,[info],nurse,sync,received-request,(status=sending-request)
118.183333397,[debug],turtlebot4,task-update,authenticate_person,received-authentication,(from=nurse)
118.283333302,[debug],turtlebot4,available-skills,['send_message', 'wait_message', 'approach_person', 'approach_robot', 'authenticate_person', 'deposit', 'navigation', 'operate_drawer', 'pick_up'],
118.283333302,[info],turtlebot4,skill-life-cycle,operate_drawer,(status=STARTED, parameters=['open'])
118.349999905,[debug],turtlebot4,task-update,operate_drawer,open
119.349999905,[debug],turtlebot4,available-skills,['send_message', 'wait_message', 'approach_person', 'approach_robot', 'authenticate_person', 'deposit', 'navigation', 'operate_drawer', 'pick_up'],
119.349999905,[info],turtlebot4,skill-life-cycle,send_message,(status=STARTED, parameters=['nurse'])
119.416666746,[info],turtlebot4,sync,send-message,(to=nurse)
120.333333254,[info],nurse,sync,wait-message,(status=message-received)
120.333333254,[info],nurse,sync,wait-message,(status=message-received)
123.066666603,[debug],turtlebot4,available-skills,['send_message', 'wait_message', 'approach_person', 'approach_robot', 'authenticate_person', 'deposit', 'navigation', 'operate_drawer', 'pick_up'],
123.066666603,[info],turtlebot4,skill-life-cycle,wait_message,(status=STARTED, parameters=['r1'])
124.383333445,[info],turtlebot4,sync,wait-message,(status=message-received)
124.483333349,[debug],turtlebot4,available-skills,['send_message', 'wait_message', 'approach_person', 'approach_robot', 'authenticate_person', 'deposit', 'navigation', 'operate_drawer', 'pick_up'],
124.483333349,[info],turtlebot4,skill-life-cycle,operate_drawer,(status=STARTED, parameters=['close'])
124.549999952,[debug],turtlebot4,task-update,operate_drawer,close
125.516666651,[debug],turtlebot4,available-skills,['send_message', 'wait_message', 'approach_person', 'approach_robot', 'authenticate_person', 'deposit', 'navigation', 'operate_drawer', 'pick_up'],
125.516666651,[info],turtlebot4,skill-life-cycle,navigation,(status=STARTED, parameters=[[-28.5, 16.0, 0.0, True], [-26.0, 16.0, -1.5707963267948966, True], [-26.0, 13.0, 1.57, False]])
129.633333445,[debug],turtlebot1,simulation,robot-pose,x=-33.86;y=18.79;yaw=2.93
129.683333397,[debug],turtlebot1,simulation,robot-pose,x=-33.86;y=18.79;yaw=2.93
129.883333445,[debug],turtlebot4,simulation,robot-pose,x=-28.40;y=17.60;yaw=-1.61
129.883333445,[debug],turtlebot4,simulation,robot-pose,x=-28.40;y=17.60;yaw=-1.61
129.883333445,[debug],turtlebot5,simulation,robot-pose,x=-38.00;y=21.48;yaw=0.01
129.883333445,[debug],turtlebot2,simulation,robot-pose,x=-27.22;y=18.03;yaw=-1.58
129.883333445,[debug],turtlebot5,simulation,robot-pose,x=-38.00;y=21.48;yaw=0.01
129.883333445,[debug],turtlebot3,simulation,robot-pose,x=-40.39;y=25.23;yaw=0.33
129.883333445,[debug],turtlebot2,simulation,robot-pose,x=-27.22;y=18.03;yaw=-1.58
129.883333445,[debug],turtlebot3,simulation,robot-pose,x=-40.39;y=25.23;yaw=0.33
130.333333254,[info],nurse,sync,wait-message,(status=message-received)
130.333333254,[info],nurse,sync,wait-message,(status=message-received)
137.666666746,[info],nurse,sync,request-sent,(status=waiting)
137.683333397,[info],nurse,sync,request-sent,(status=waiting)
140.333333254,[info],nurse,sync,wait-message,(status=message-received)
140.333333254,[info],nurse,sync,wait-message,(status=message-received)
144.633333445,[debug],turtlebot1,simulation,robot-pose,x=-33.87;y=18.79;yaw=2.96
144.683333397,[debug],turtlebot1,simulation,robot-pose,x=-33.87;y=18.79;yaw=2.96
144.883333445,[debug],turtlebot3,simulation,robot-pose,x=-40.39;y=25.23;yaw=0.33
144.883333445,[debug],turtlebot3,simulation,robot-pose,x=-40.39;y=25.23;yaw=0.33
144.883333445,[debug],turtlebot4,simulation,robot-pose,x=-28.57;y=16.48;yaw=-1.10
144.883333445,[debug],turtlebot4,simulation,robot-pose,x=-28.57;y=16.48;yaw=-1.10
144.883333445,[debug],turtlebot2,simulation,robot-pose,x=-27.22;y=18.03;yaw=-1.58
144.883333445,[debug],turtlebot2,simulation,robot-pose,x=-27.22;y=18.03;yaw=-1.58
144.883333445,[debug],turtlebot5,simulation,robot-pose,x=-38.00;y=21.48;yaw=0.01
144.883333445,[debug],turtlebot5,simulation,robot-pose,x=-38.00;y=21.48;yaw=0.01
147.916666746,[debug],turtlebot4,move-base-info,Hooray, the base moved arrived,(x=-28.5;y=16)
147.916666746,[debug],turtlebot4,move-base-info,Hooray, the base moved arrived,(x=-28.5;y=16)
147.950000048,[debug],turtlebot4,task-update,navigation,way-point-reached,33.33333333333333%
150.333333254,[info],nurse,sync,wait-message,(status=message-received)
150.333333254,[info],nurse,sync,wait-message,(status=message-received)
159.633333445,[debug],turtlebot1,simulation,robot-pose,x=-33.87;y=18.79;yaw=2.98
159.683333397,[debug],turtlebot1,simulation,robot-pose,x=-33.87;y=18.79;yaw=2.98
159.883333445,[debug],turtlebot5,simulation,robot-pose,x=-38.00;y=21.48;yaw=0.01
159.883333445,[debug],turtlebot5,simulation,robot-pose,x=-38.00;y=21.48;yaw=0.01
159.883333445,[debug],turtlebot2,simulation,robot-pose,x=-27.22;y=18.03;yaw=-1.57
159.883333445,[debug],turtlebot3,simulation,robot-pose,x=-40.39;y=25.23;yaw=0.33
159.883333445,[debug],turtlebot4,simulation,robot-pose,x=-27.83;y=16.10;yaw=-0.39
159.883333445,[debug],turtlebot2,simulation,robot-pose,x=-27.22;y=18.03;yaw=-1.57
159.883333445,[debug],turtlebot3,simulation,robot-pose,x=-40.39;y=25.23;yaw=0.33
159.883333445,[debug],turtlebot4,simulation,robot-pose,x=-27.83;y=16.10;yaw=-0.39
167.299999952,[info],turtlebot4,skill-life-cycle,navigation,(status=RUNNING, parameters=[[-28.5, 16.0, 0.0, True], [-26.0, 16.0, -1.5707963267948966, True], [-26.0, 13.0, 1.57, False]])
173.366666555,[debug],turtlebot4,move-base-info,Hooray, the base moved arrived,(x=-26;y=16)
173.366666555,[debug],turtlebot4,move-base-info,Hooray, the base moved arrived,(x=-26;y=16)
173.516666651,[debug],turtlebot4,task-update,navigation,way-point-reached,66.66666666666666%
174.633333445,[debug],turtlebot1,simulation,robot-pose,x=-33.88;y=18.79;yaw=3.00
174.683333397,[debug],turtlebot1,simulation,robot-pose,x=-33.88;y=18.79;yaw=3.00
174.883333445,[debug],turtlebot2,simulation,robot-pose,x=-27.22;y=18.03;yaw=-1.57
174.883333445,[debug],turtlebot2,simulation,robot-pose,x=-27.22;y=18.03;yaw=-1.57
174.883333445,[debug],turtlebot3,simulation,robot-pose,x=-40.39;y=25.23;yaw=0.33
174.883333445,[debug],turtlebot3,simulation,robot-pose,x=-40.39;y=25.23;yaw=0.33
174.883333445,[debug],turtlebot5,simulation,robot-pose,x=-38.00;y=21.48;yaw=0.01
174.883333445,[debug],turtlebot5,simulation,robot-pose,x=-38.00;y=21.48;yaw=0.01
174.883333445,[debug],turtlebot4,simulation,robot-pose,x=-26.36;y=16.33;yaw=-1.53
174.883333445,[debug],turtlebot4,simulation,robot-pose,x=-26.36;y=16.33;yaw=-1.53
189.633333445,[debug],turtlebot1,simulation,robot-pose,x=-33.88;y=18.79;yaw=3.00
189.683333397,[debug],turtlebot1,simulation,robot-pose,x=-33.88;y=18.79;yaw=3.00
189.883333445,[debug],turtlebot5,simulation,robot-pose,x=-38.00;y=21.48;yaw=0.01
189.883333445,[debug],turtlebot5,simulation,robot-pose,x=-38.00;y=21.48;yaw=0.01
189.883333445,[debug],turtlebot3,simulation,robot-pose,x=-40.39;y=25.23;yaw=0.33
189.883333445,[debug],turtlebot3,simulation,robot-pose,x=-40.39;y=25.23;yaw=0.33
189.883333445,[debug],turtlebot4,simulation,robot-pose,x=-26.01;y=15.39;yaw=-1.20
189.883333445,[debug],turtlebot4,simulation,robot-pose,x=-26.01;y=15.39;yaw=-1.20
189.883333445,[debug],turtlebot2,simulation,robot-pose,x=-27.22;y=18.03;yaw=-1.57
189.883333445,[debug],turtlebot2,simulation,robot-pose,x=-27.22;y=18.03;yaw=-1.57
204.633333445,[debug],turtlebot1,simulation,robot-pose,x=-33.88;y=18.79;yaw=3.01
204.700000048,[debug],turtlebot1,simulation,robot-pose,x=-33.88;y=18.79;yaw=3.01
204.883333445,[debug],turtlebot3,simulation,robot-pose,x=-40.39;y=25.23;yaw=0.33
204.883333445,[debug],turtlebot3,simulation,robot-pose,x=-40.39;y=25.23;yaw=0.33
204.883333445,[debug],turtlebot2,simulation,robot-pose,x=-27.22;y=18.03;yaw=-1.57
204.883333445,[debug],turtlebot2,simulation,robot-pose,x=-27.22;y=18.03;yaw=-1.57
204.883333445,[debug],turtlebot5,simulation,robot-pose,x=-38.02;y=21.48;yaw=0.03
204.883333445,[debug],turtlebot5,simulation,robot-pose,x=-38.02;y=21.48;yaw=0.03
204.883333445,[debug],turtlebot4,simulation,robot-pose,x=-25.83;y=14.15;yaw=-1.47
204.883333445,[debug],turtlebot4,simulation,robot-pose,x=-25.83;y=14.15;yaw=-1.47
217.966666698,[info],turtlebot4,skill-life-cycle,navigation,(status=RUNNING, parameters=[[-28.5, 16.0, 0.0, True], [-26.0, 16.0, -1.5707963267948966, True], [-26.0, 13.0, 1.57, False]])
219.633333445,[debug],turtlebot1,simulation,robot-pose,x=-33.88;y=18.79;yaw=3.01
219.666666746,[debug],turtlebot1,simulation,robot-pose,x=-33.88;y=18.79;yaw=3.01
219.883333445,[debug],turtlebot4,simulation,robot-pose,x=-25.89;y=13.40;yaw=1.64
219.883333445,[debug],turtlebot4,simulation,robot-pose,x=-25.89;y=13.40;yaw=1.64
219.883333445,[debug],turtlebot2,simulation,robot-pose,x=-27.21;y=18.03;yaw=-1.57
219.883333445,[debug],turtlebot2,simulation,robot-pose,x=-27.21;y=18.03;yaw=-1.57
219.883333445,[debug],turtlebot5,simulation,robot-pose,x=-38.02;y=21.49;yaw=0.03
219.883333445,[debug],turtlebot5,simulation,robot-pose,x=-38.02;y=21.49;yaw=0.03
219.883333445,[debug],turtlebot3,simulation,robot-pose,x=-40.39;y=25.23;yaw=0.33
219.883333445,[debug],turtlebot3,simulation,robot-pose,x=-40.39;y=25.23;yaw=0.33
220.133333445,[debug],turtlebot4,move-base-info,Hooray, the base moved arrived,(x=-26;y=13)
220.133333445,[debug],turtlebot4,move-base-info,Hooray, the base moved arrived,(x=-26;y=13)
220.266666651,[debug],turtlebot4,task-update,navigation,way-point-reached,100.0%
220.366666555,[debug],turtlebot4,available-skills,['send_message', 'wait_message', 'approach_person', 'approach_robot', 'authenticate_person', 'deposit', 'navigation', 'operate_drawer', 'pick_up'],
220.366666555,[info],turtlebot4,skill-life-cycle,approach_robot,(status=STARTED, parameters=['lab_arm'])
220.450000048,[debug],turtlebot4,task-update,approach_robot,localize-robot,(who=lab_arm)
220.983333349,[debug],turtlebot4,task-update,approach_robot,goto-robot,(who=lab_arm)
221.083333254,[debug],turtlebot4,available-skills,['send_message', 'wait_message', 'approach_person', 'approach_robot', 'authenticate_person', 'deposit', 'navigation', 'operate_drawer', 'pick_up'],
221.083333254,[info],turtlebot4,skill-life-cycle,operate_drawer,(status=STARTED, parameters=['open'])
221.166666746,[debug],turtlebot4,task-update,operate_drawer,open
222.150000095,[debug],turtlebot4,available-skills,['send_message', 'wait_message', 'approach_person', 'approach_robot', 'authenticate_person', 'deposit', 'navigation', 'operate_drawer', 'pick_up'],
222.150000095,[info],turtlebot4,skill-life-cycle,send_message,(status=STARTED, parameters=['lab_arm'])
222.216666698,[info],turtlebot4,sync,send-message,(to=lab_arm)
223.099999905,[info],lab_arm,sync,wait-message,(status=message-received)
223.116666555,[info],lab_arm,sync,wait-message,(status=message-received)
223.116666555,[info],Inventory,sync,wait-sample,(status=sample-received)
223.116666555,[info],Inventory,sync,wait-sample,(status=sample-received)
223.116666555,ENDSIM
223.116666555,ENDSIM
233.099999905,[info],Inventory,sync,wait-sample,(status=sample-received)
233.099999905,[info],Inventory,sync,wait-sample,(status=sample-received)
233.099999905,ENDSIM
233.099999905,ENDSIM
233.099999905,[info],lab_arm,sync,wait-message,(status=message-received)
233.099999905,[info],lab_arm,sync,wait-message,(status=message-received)
233.099999905,[info],Inventory,sync,wait-sample,(status=sample-received)
233.099999905,ENDSIM
233.099999905,[info],Inventory,sync,wait-sample,(status=sample-received)
233.099999905,ENDSIM
0.0,[debug],simulation closed,reach-target,execution-wall-clock=279.2809886932373
