0.0,0.0,[debug],logger,init,time
ROBOTS_CONFIG=[{"avg_speed": 0.15, "battery_charge": 0.34, "battery_discharge_rate": 0.00017, "id": 0, "local_plan": null, "location": "PC Room 7", "position": [-13.5, 18.0, -1.57], "skills": ["approach_person", "approach_robot", "authenticate_person", "deposit", "navigation", "pick_up"]}, {"avg_speed": 0.15, "battery_charge": 0.26, "battery_discharge_rate": 0.00015000000000000001, "id": 1, "local_plan": null, "location": "IC Room 4", "position": [-39.44, 33.95, 0.0], "skills": ["approach_person", "approach_robot", "authenticate_person", "deposit", "navigation", "operate_drawer", "pick_up"]}, {"avg_speed": 0.15, "battery_charge": 0.45, "battery_discharge_rate": 0.0001, "id": 2, "local_plan": [["navigation", ["IC Room 2", [[-40.23, 25.37, 0.0], [-37.0, 25.37], [-37.0, 21.5], [-38.0, 21.5, 0.0]]]], ["approach_person", ["nurse"]], ["authenticate_person", ["nurse"]], ["operate_drawer", ["open"]], ["send_message", ["nurse"]], ["wait_message", ["r1"]], ["operate_drawer", ["close"]], ["navigation", ["Laboratory", [[-38.0, 21.5, 0.0], [-37.0, 21.5], [-37.0, 16.0], [-26.0, 16.0], [-26.0, 13.0, 1.57]]]], ["approach_robot", ["lab_arm"]], ["operate_drawer", ["open"]], ["send_message", ["lab_arm"]], ["wait_message", ["r1"]], ["operate_drawer", ["close"]]], "location": "IC Room 3", "position": [-40.23, 25.37, 0.0], "skills": ["approach_person", "approach_robot", "authenticate_person", "deposit", "navigation", "operate_drawer", "pick_up"]}, {"avg_speed": 0.15, "battery_charge": 0.43, "battery_discharge_rate": 0.00013000000000000002, "id": 3, "local_plan": null, "location": "IC Room 5", "position": [-32.88, 33.98, 3.14], "skills": ["approach_person", "approach_robot", "authenticate_person", "deposit", "navigation", "operate_drawer", "pick_up"]}, {"avg_speed": 0.15, "battery_charge": 0.16, "battery_discharge_rate": 0.00012000000000000002, "id": 4, "local_plan": null, "location": "PC Room 5", "position": [-21.0, 18.0, -1.57], "skills": ["approach_person", "approach_robot", "authenticate_person", "deposit", "navigation", "operate_drawer", "pick_up"]}]
NURSES_CONFIG=[{"location": "IC Room 2", "position": [-39.0, 20.5, 0.0]}]
logger,1625900240161792993,Simulation open
0.0,[debug],logger,init,subcribing to in the topic /log
1.95000004768,[debug],turtlebot5,move-base-info,Move_base is up and ok....,
2.06666660309,[debug],turtlebot1,move-base-info,Move_base is up and ok....,
2.09999990463,[debug],turtlebot3,move-base-info,Move_base is up and ok....,
2.1166665554,[debug],turtlebot2,move-base-info,Move_base is up and ok....,
2.15000009537,[debug],turtlebot4,move-base-info,Move_base is up and ok....,
8.71666669846,[info],turtlebot4,skill-life-cycle,init_robobt,(status=RUNNING, parameters=[])
9.15000009537,[info],turtlebot2,skill-life-cycle,init_robobt,(status=RUNNING, parameters=[])
10.4333333969,[debug],turtlebot3,available-skills,['send_message', 'wait_message', 'approach_person', 'approach_robot', 'authenticate_person', 'deposit', 'navigation', 'operate_drawer', 'pick_up'],
10.4333333969,[info],turtlebot3,skill-life-cycle,navigation,(status=STARTED, parameters=[[-37.0, 25.37, -1.5707963267948966, True], [-37.0, 21.5, 3.141592653589793, True], [-38.0, 21.5, 0.0, False]])
23.9000000954,[debug],turtlebot1,simulation,robot-pose,x=-13.50;y=18.00;yaw=-1.50
23.9000000954,[debug],turtlebot1,simulation,robot-pose,x=-13.50;y=18.00;yaw=-1.50
24.0833332539,[debug],turtlebot2,simulation,robot-pose,x=-39.51;y=33.84;yaw=0.46
24.0833332539,[debug],turtlebot3,simulation,robot-pose,x=-39.90;y=24.64;yaw=-0.99
24.0833332539,[debug],turtlebot5,simulation,robot-pose,x=-20.99;y=18.00;yaw=-1.54
24.0833332539,[debug],turtlebot4,simulation,robot-pose,x=-32.89;y=33.97;yaw=-3.10
24.2166666985,[debug],turtlebot2,simulation,robot-pose,x=-39.51;y=33.84;yaw=0.46
24.2333333492,[debug],turtlebot3,simulation,robot-pose,x=-39.90;y=24.64;yaw=-0.99
24.2333333492,[debug],turtlebot5,simulation,robot-pose,x=-20.99;y=18.00;yaw=-1.54
24.2333333492,[debug],turtlebot4,simulation,robot-pose,x=-32.89;y=33.97;yaw=-3.10
38.9000000954,[debug],turtlebot1,simulation,robot-pose,x=-13.49;y=18.00;yaw=-1.49
38.9000000954,[debug],turtlebot1,simulation,robot-pose,x=-13.49;y=18.00;yaw=-1.49
39.0833332539,[debug],turtlebot4,simulation,robot-pose,x=-32.89;y=33.97;yaw=-3.10
39.0833332539,[debug],turtlebot5,simulation,robot-pose,x=-20.99;y=18.00;yaw=-1.54
39.0833332539,[debug],turtlebot2,simulation,robot-pose,x=-39.51;y=33.84;yaw=0.46
39.0833332539,[debug],turtlebot3,simulation,robot-pose,x=-38.90;y=23.51;yaw=-0.65
39.2166666985,[debug],turtlebot4,simulation,robot-pose,x=-32.89;y=33.97;yaw=-3.10
39.2166666985,[debug],turtlebot5,simulation,robot-pose,x=-20.99;y=18.00;yaw=-1.54
39.2166666985,[debug],turtlebot2,simulation,robot-pose,x=-39.51;y=33.84;yaw=0.46
39.2333333492,[debug],turtlebot3,simulation,robot-pose,x=-38.90;y=23.51;yaw=-0.65
53.9000000954,[debug],turtlebot1,simulation,robot-pose,x=-13.49;y=18.00;yaw=-1.48
53.9000000954,[debug],turtlebot1,simulation,robot-pose,x=-13.49;y=18.00;yaw=-1.48
54.0833332539,[debug],turtlebot2,simulation,robot-pose,x=-39.51;y=33.84;yaw=0.46
54.0833332539,[debug],turtlebot3,simulation,robot-pose,x=-37.71;y=23.09;yaw=0.47
54.0833332539,[debug],turtlebot5,simulation,robot-pose,x=-20.99;y=18.00;yaw=-1.54
54.0833332539,[debug],turtlebot4,simulation,robot-pose,x=-32.89;y=33.97;yaw=-3.10
54.2166666985,[debug],turtlebot2,simulation,robot-pose,x=-39.51;y=33.84;yaw=0.46
54.2333333492,[debug],turtlebot3,simulation,robot-pose,x=-37.71;y=23.09;yaw=0.47
54.2333333492,[debug],turtlebot5,simulation,robot-pose,x=-20.99;y=18.00;yaw=-1.54
54.2333333492,[debug],turtlebot4,simulation,robot-pose,x=-32.89;y=33.97;yaw=-3.10
55.7833333015,[info],turtlebot3,skill-life-cycle,navigation,(status=RUNNING, parameters=[[-37.0, 25.37, -1.5707963267948966, True], [-37.0, 21.5, 3.141592653589793, True], [-38.0, 21.5, 0.0, False]])
68.9000000954,[debug],turtlebot1,simulation,robot-pose,x=-13.49;y=18.00;yaw=-1.47
68.9000000954,[debug],turtlebot1,simulation,robot-pose,x=-13.49;y=18.00;yaw=-1.47
69.0833332539,[debug],turtlebot5,simulation,robot-pose,x=-20.99;y=18.00;yaw=-1.54
69.0833332539,[debug],turtlebot3,simulation,robot-pose,x=-37.28;y=24.88;yaw=1.69
69.0833332539,[debug],turtlebot2,simulation,robot-pose,x=-39.51;y=33.84;yaw=0.46
69.0833332539,[debug],turtlebot4,simulation,robot-pose,x=-32.89;y=33.97;yaw=-3.10
69.2166666985,[debug],turtlebot5,simulation,robot-pose,x=-20.99;y=18.00;yaw=-1.54
69.2166666985,[debug],turtlebot3,simulation,robot-pose,x=-37.28;y=24.88;yaw=1.69
69.2166666985,[debug],turtlebot2,simulation,robot-pose,x=-39.51;y=33.84;yaw=0.46
69.2166666985,[debug],turtlebot4,simulation,robot-pose,x=-32.89;y=33.97;yaw=-3.10
78.1333334446,[debug],turtlebot3,move-base-info,Hooray, the base moved arrived,(x=-37;y=25.37)
78.2166666985,[debug],turtlebot3,move-base-info,Hooray, the base moved arrived,(x=-37;y=25.37)
78.2333333492,[debug],turtlebot3,task-update,navigation,way-point-reached,33.33333333333333%
83.9000000954,[debug],turtlebot1,simulation,robot-pose,x=-13.49;y=17.99;yaw=-1.45
83.9000000954,[debug],turtlebot1,simulation,robot-pose,x=-13.49;y=17.99;yaw=-1.45
84.0833332539,[debug],turtlebot4,simulation,robot-pose,x=-32.90;y=33.97;yaw=-3.10
84.0833332539,[debug],turtlebot3,simulation,robot-pose,x=-37.29;y=24.93;yaw=-1.42
84.0833332539,[debug],turtlebot2,simulation,robot-pose,x=-39.51;y=33.84;yaw=0.46
84.0833332539,[debug],turtlebot5,simulation,robot-pose,x=-20.99;y=18.00;yaw=-1.54
84.2166666985,[debug],turtlebot4,simulation,robot-pose,x=-32.90;y=33.97;yaw=-3.10
84.2166666985,[debug],turtlebot3,simulation,robot-pose,x=-37.29;y=24.93;yaw=-1.42
84.2166666985,[debug],turtlebot2,simulation,robot-pose,x=-39.51;y=33.84;yaw=0.46
84.2166666985,[debug],turtlebot5,simulation,robot-pose,x=-20.99;y=18.00;yaw=-1.54
98.9000000954,[debug],turtlebot1,simulation,robot-pose,x=-13.49;y=17.99;yaw=-1.43
98.9000000954,[debug],turtlebot1,simulation,robot-pose,x=-13.49;y=17.99;yaw=-1.43
99.0833332539,[debug],turtlebot5,simulation,robot-pose,x=-20.99;y=18.00;yaw=-1.54
99.0833332539,[debug],turtlebot4,simulation,robot-pose,x=-32.90;y=33.97;yaw=-3.10
99.0833332539,[debug],turtlebot2,simulation,robot-pose,x=-39.51;y=33.84;yaw=0.46
99.0833332539,[debug],turtlebot3,simulation,robot-pose,x=-37.20;y=22.62;yaw=-1.82
99.2166666985,[debug],turtlebot5,simulation,robot-pose,x=-20.99;y=18.00;yaw=-1.54
99.2166666985,[debug],turtlebot4,simulation,robot-pose,x=-32.90;y=33.97;yaw=-3.10
99.2166666985,[debug],turtlebot2,simulation,robot-pose,x=-39.51;y=33.84;yaw=0.46
99.2166666985,[debug],turtlebot3,simulation,robot-pose,x=-37.20;y=22.62;yaw=-1.82
107.283333302,[info],turtlebot3,skill-life-cycle,navigation,(status=RUNNING, parameters=[[-37.0, 25.37, -1.5707963267948966, True], [-37.0, 21.5, 3.141592653589793, True], [-38.0, 21.5, 0.0, False]])
107.866666555,[debug],turtlebot3,move-base-info,Hooray, the base moved arrived,(x=-37;y=21.5)
107.866666555,[debug],turtlebot3,move-base-info,Hooray, the base moved arrived,(x=-37;y=21.5)
108.033333302,[debug],turtlebot3,task-update,navigation,way-point-reached,66.66666666666666%
113.900000095,[debug],turtlebot1,simulation,robot-pose,x=-13.49;y=17.99;yaw=-1.42
113.900000095,[debug],turtlebot1,simulation,robot-pose,x=-13.49;y=17.99;yaw=-1.42
114.083333254,[debug],turtlebot4,simulation,robot-pose,x=-32.90;y=33.97;yaw=-3.09
114.083333254,[debug],turtlebot2,simulation,robot-pose,x=-39.51;y=33.84;yaw=0.46
114.083333254,[debug],turtlebot3,simulation,robot-pose,x=-37.53;y=21.76;yaw=-2.88
114.083333254,[debug],turtlebot5,simulation,robot-pose,x=-20.99;y=18.00;yaw=-1.54
114.200000048,[debug],turtlebot4,simulation,robot-pose,x=-32.90;y=33.97;yaw=-3.09
114.200000048,[debug],turtlebot2,simulation,robot-pose,x=-39.51;y=33.84;yaw=0.46
114.200000048,[debug],turtlebot3,simulation,robot-pose,x=-37.53;y=21.76;yaw=-2.88
114.200000048,[debug],turtlebot5,simulation,robot-pose,x=-20.99;y=18.00;yaw=-1.54
122.016666651,[debug],turtlebot3,move-base-info,Hooray, the base moved arrived,(x=-38;y=21.5)
122.016666651,[debug],turtlebot3,move-base-info,Hooray, the base moved arrived,(x=-38;y=21.5)
122.116666555,[debug],turtlebot3,task-update,navigation,way-point-reached,100.0%
122.183333397,[debug],turtlebot3,available-skills,['send_message', 'wait_message', 'approach_person', 'approach_robot', 'authenticate_person', 'deposit', 'navigation', 'operate_drawer', 'pick_up'],
122.183333397,[info],turtlebot3,skill-life-cycle,approach_person,(status=STARTED, parameters=['nurse'])
122.283333302,[debug],turtlebot3,task-update,approach_person,localize-person,(who=nurse)
122.833333254,[debug],turtlebot3,task-update,approach_person,goto-person,(who=nurse)
122.916666746,[debug],turtlebot3,available-skills,['send_message', 'wait_message', 'approach_person', 'approach_robot', 'authenticate_person', 'deposit', 'navigation', 'operate_drawer', 'pick_up'],
122.916666746,[info],turtlebot3,skill-life-cycle,authenticate_person,(status=STARTED, parameters=['nurse'])
122.983333349,[debug],turtlebot3,task-update,authenticate_person,request-authentication,(to=nurse)
123.0,[info],nurse,sync,received-request,(status=sending-request)
123.0,[info],nurse,sync,received-request,(status=sending-request)
123.799999952,[debug],turtlebot3,task-update,authenticate_person,received-authentication,(from=nurse)
123.883333445,[debug],turtlebot3,available-skills,['send_message', 'wait_message', 'approach_person', 'approach_robot', 'authenticate_person', 'deposit', 'navigation', 'operate_drawer', 'pick_up'],
123.883333445,[info],turtlebot3,skill-life-cycle,operate_drawer,(status=STARTED, parameters=['open'])
123.983333349,[debug],turtlebot3,task-update,operate_drawer,open
124.983333349,[debug],turtlebot3,available-skills,['send_message', 'wait_message', 'approach_person', 'approach_robot', 'authenticate_person', 'deposit', 'navigation', 'operate_drawer', 'pick_up'],
124.983333349,[info],turtlebot3,skill-life-cycle,send_message,(status=STARTED, parameters=['nurse'])
125.049999952,[info],turtlebot3,sync,send-message,(to=nurse)
125.933333397,[info],nurse,sync,wait-message,(status=message-received)
125.933333397,[info],nurse,sync,wait-message,(status=message-received)
128.683333397,[debug],turtlebot3,available-skills,['send_message', 'wait_message', 'approach_person', 'approach_robot', 'authenticate_person', 'deposit', 'navigation', 'operate_drawer', 'pick_up'],
128.683333397,[info],turtlebot3,skill-life-cycle,wait_message,(status=STARTED, parameters=['r1'])
128.900000095,[debug],turtlebot1,simulation,robot-pose,x=-13.49;y=17.98;yaw=-1.40
128.916666746,[debug],turtlebot1,simulation,robot-pose,x=-13.49;y=17.98;yaw=-1.40
129.083333254,[debug],turtlebot2,simulation,robot-pose,x=-39.51;y=33.84;yaw=0.46
129.083333254,[debug],turtlebot3,simulation,robot-pose,x=-37.64;y=21.75;yaw=-0.04
129.083333254,[debug],turtlebot4,simulation,robot-pose,x=-32.90;y=33.97;yaw=-3.09
129.083333254,[debug],turtlebot5,simulation,robot-pose,x=-21.00;y=18.00;yaw=-1.54
129.233333349,[debug],turtlebot2,simulation,robot-pose,x=-39.51;y=33.84;yaw=0.46
129.233333349,[debug],turtlebot3,simulation,robot-pose,x=-37.64;y=21.75;yaw=-0.04
129.233333349,[debug],turtlebot4,simulation,robot-pose,x=-32.90;y=33.97;yaw=-3.09
129.233333349,[debug],turtlebot5,simulation,robot-pose,x=-21.00;y=18.00;yaw=-1.54
130.016666651,[info],turtlebot3,sync,wait-message,(status=message-received)
130.099999905,[debug],turtlebot3,available-skills,['send_message', 'wait_message', 'approach_person', 'approach_robot', 'authenticate_person', 'deposit', 'navigation', 'operate_drawer', 'pick_up'],
130.099999905,[info],turtlebot3,skill-life-cycle,operate_drawer,(status=STARTED, parameters=['close'])
130.183333397,[debug],turtlebot3,task-update,operate_drawer,close
131.166666746,[debug],turtlebot3,available-skills,['send_message', 'wait_message', 'approach_person', 'approach_robot', 'authenticate_person', 'deposit', 'navigation', 'operate_drawer', 'pick_up'],
131.183333397,[info],turtlebot3,skill-life-cycle,navigation,(status=STARTED, parameters=[[-37.0, 21.5, -1.5707963267948966, True], [-37.0, 16.0, 0.0, True], [-26.0, 16.0, -1.5707963267948966, True], [-26.0, 13.0, 1.57, False]])
135.950000048,[info],nurse,sync,wait-message,(status=message-received)
135.950000048,[info],nurse,sync,wait-message,(status=message-received)
141.716666698,[debug],turtlebot3,move-base-info,Hooray, the base moved arrived,(x=-37;y=21.5)
141.716666698,[debug],turtlebot3,move-base-info,Hooray, the base moved arrived,(x=-37;y=21.5)
141.783333302,[debug],turtlebot3,task-update,navigation,way-point-reached,25.0%
142.983333349,[info],nurse,sync,request-sent,(status=waiting)
142.983333349,[info],nurse,sync,request-sent,(status=waiting)
143.900000095,[debug],turtlebot1,simulation,robot-pose,x=-13.49;y=17.98;yaw=-1.38
143.900000095,[debug],turtlebot1,simulation,robot-pose,x=-13.49;y=17.98;yaw=-1.38
144.083333254,[debug],turtlebot3,simulation,robot-pose,x=-37.41;y=21.74;yaw=-1.53
144.083333254,[debug],turtlebot4,simulation,robot-pose,x=-32.90;y=33.97;yaw=-3.09
144.083333254,[debug],turtlebot5,simulation,robot-pose,x=-21.00;y=18.00;yaw=-1.54
144.083333254,[debug],turtlebot2,simulation,robot-pose,x=-39.50;y=33.84;yaw=0.46
144.216666698,[debug],turtlebot3,simulation,robot-pose,x=-37.41;y=21.74;yaw=-1.53
144.216666698,[debug],turtlebot4,simulation,robot-pose,x=-32.90;y=33.97;yaw=-3.09
144.216666698,[debug],turtlebot5,simulation,robot-pose,x=-21.00;y=18.00;yaw=-1.54
144.216666698,[debug],turtlebot2,simulation,robot-pose,x=-39.50;y=33.84;yaw=0.46
145.950000048,[info],nurse,sync,wait-message,(status=message-received)
145.950000048,[info],nurse,sync,wait-message,(status=message-received)
155.950000048,[info],nurse,sync,wait-message,(status=message-received)
155.950000048,[info],nurse,sync,wait-message,(status=message-received)
158.900000095,[debug],turtlebot1,simulation,robot-pose,x=-13.48;y=17.98;yaw=-1.36
158.900000095,[debug],turtlebot1,simulation,robot-pose,x=-13.48;y=17.98;yaw=-1.36
159.083333254,[debug],turtlebot4,simulation,robot-pose,x=-32.90;y=33.97;yaw=-3.09
159.083333254,[debug],turtlebot3,simulation,robot-pose,x=-37.04;y=20.09;yaw=-1.62
159.083333254,[debug],turtlebot5,simulation,robot-pose,x=-21.00;y=18.00;yaw=-1.54
159.083333254,[debug],turtlebot2,simulation,robot-pose,x=-39.50;y=33.84;yaw=0.46
159.233333349,[debug],turtlebot4,simulation,robot-pose,x=-32.90;y=33.97;yaw=-3.09
159.233333349,[debug],turtlebot3,simulation,robot-pose,x=-37.04;y=20.09;yaw=-1.62
159.233333349,[debug],turtlebot5,simulation,robot-pose,x=-21.00;y=18.00;yaw=-1.54
159.233333349,[debug],turtlebot2,simulation,robot-pose,x=-39.50;y=33.84;yaw=0.46
160.900000095,[info],turtlebot3,skill-life-cycle,navigation,(status=RUNNING, parameters=[[-37.0, 21.5, -1.5707963267948966, True], [-37.0, 16.0, 0.0, True], [-26.0, 16.0, -1.5707963267948966, True], [-26.0, 13.0, 1.57, False]])
173.900000095,[debug],turtlebot1,simulation,robot-pose,x=-13.48;y=17.97;yaw=-1.34
173.900000095,[debug],turtlebot1,simulation,robot-pose,x=-13.48;y=17.97;yaw=-1.34
174.083333254,[debug],turtlebot2,simulation,robot-pose,x=-39.50;y=33.84;yaw=0.46
174.083333254,[debug],turtlebot3,simulation,robot-pose,x=-37.04;y=17.59;yaw=-1.61
174.083333254,[debug],turtlebot4,simulation,robot-pose,x=-32.90;y=33.97;yaw=-3.09
174.083333254,[debug],turtlebot5,simulation,robot-pose,x=-21.00;y=18.00;yaw=-1.54
174.233333349,[debug],turtlebot2,simulation,robot-pose,x=-39.50;y=33.84;yaw=0.46
174.233333349,[debug],turtlebot3,simulation,robot-pose,x=-37.04;y=17.59;yaw=-1.61
174.233333349,[debug],turtlebot4,simulation,robot-pose,x=-32.90;y=33.97;yaw=-3.09
174.25,[debug],turtlebot5,simulation,robot-pose,x=-21.00;y=18.00;yaw=-1.54
185.466666698,[debug],turtlebot3,move-base-info,Hooray, the base moved arrived,(x=-37;y=16)
185.466666698,[debug],turtlebot3,move-base-info,Hooray, the base moved arrived,(x=-37;y=16)
185.583333254,[debug],turtlebot3,task-update,navigation,way-point-reached,50.0%
188.900000095,[debug],turtlebot1,simulation,robot-pose,x=-13.48;y=17.97;yaw=-1.32
188.900000095,[debug],turtlebot1,simulation,robot-pose,x=-13.48;y=17.97;yaw=-1.32
189.083333254,[debug],turtlebot3,simulation,robot-pose,x=-37.29;y=16.37;yaw=-0.05
189.083333254,[debug],turtlebot4,simulation,robot-pose,x=-32.90;y=33.97;yaw=-3.09
189.083333254,[debug],turtlebot2,simulation,robot-pose,x=-39.50;y=33.84;yaw=0.46
189.083333254,[debug],turtlebot5,simulation,robot-pose,x=-21.00;y=18.00;yaw=-1.54
189.233333349,[debug],turtlebot3,simulation,robot-pose,x=-37.29;y=16.37;yaw=-0.05
189.233333349,[debug],turtlebot4,simulation,robot-pose,x=-32.90;y=33.97;yaw=-3.09
189.233333349,[debug],turtlebot2,simulation,robot-pose,x=-39.50;y=33.84;yaw=0.46
189.233333349,[debug],turtlebot5,simulation,robot-pose,x=-21.00;y=18.00;yaw=-1.54
203.900000095,[debug],turtlebot1,simulation,robot-pose,x=-13.47;y=17.97;yaw=-1.30
203.900000095,[debug],turtlebot1,simulation,robot-pose,x=-13.47;y=17.97;yaw=-1.30
204.083333254,[debug],turtlebot3,simulation,robot-pose,x=-36.28;y=15.62;yaw=-0.76
204.083333254,[debug],turtlebot4,simulation,robot-pose,x=-32.90;y=33.97;yaw=-3.09
204.083333254,[debug],turtlebot5,simulation,robot-pose,x=-21.01;y=18.00;yaw=-1.54
204.083333254,[debug],turtlebot2,simulation,robot-pose,x=-39.50;y=33.84;yaw=0.46
204.216666698,[debug],turtlebot3,simulation,robot-pose,x=-36.28;y=15.62;yaw=-0.76
204.216666698,[debug],turtlebot4,simulation,robot-pose,x=-32.90;y=33.97;yaw=-3.09
204.216666698,[debug],turtlebot5,simulation,robot-pose,x=-21.01;y=18.00;yaw=-1.54
204.216666698,[debug],turtlebot2,simulation,robot-pose,x=-39.50;y=33.84;yaw=0.46
211.533333302,[info],turtlebot3,skill-life-cycle,navigation,(status=RUNNING, parameters=[[-37.0, 21.5, -1.5707963267948966, True], [-37.0, 16.0, 0.0, True], [-26.0, 16.0, -1.5707963267948966, True], [-26.0, 13.0, 1.57, False]])
218.900000095,[debug],turtlebot1,simulation,robot-pose,x=-13.47;y=17.96;yaw=-1.27
218.900000095,[debug],turtlebot1,simulation,robot-pose,x=-13.47;y=17.96;yaw=-1.27
219.083333254,[debug],turtlebot4,simulation,robot-pose,x=-32.91;y=33.97;yaw=-3.08
219.083333254,[debug],turtlebot3,simulation,robot-pose,x=-35.06;y=15.29;yaw=0.05
219.083333254,[debug],turtlebot2,simulation,robot-pose,x=-39.50;y=33.84;yaw=0.46
219.099999905,[debug],turtlebot5,simulation,robot-pose,x=-21.01;y=18.00;yaw=-1.54
219.233333349,[debug],turtlebot4,simulation,robot-pose,x=-32.91;y=33.97;yaw=-3.08
219.233333349,[debug],turtlebot3,simulation,robot-pose,x=-35.06;y=15.29;yaw=0.05
219.233333349,[debug],turtlebot2,simulation,robot-pose,x=-39.50;y=33.84;yaw=0.46
219.233333349,[debug],turtlebot5,simulation,robot-pose,x=-21.01;y=18.00;yaw=-1.54
233.900000095,[debug],turtlebot1,simulation,robot-pose,x=-13.47;y=17.96;yaw=-1.25
233.900000095,[debug],turtlebot1,simulation,robot-pose,x=-13.47;y=17.96;yaw=-1.25
234.083333254,[debug],turtlebot2,simulation,robot-pose,x=-39.50;y=33.84;yaw=0.46
234.083333254,[debug],turtlebot5,simulation,robot-pose,x=-21.01;y=18.00;yaw=-1.54
234.083333254,[debug],turtlebot4,simulation,robot-pose,x=-32.91;y=33.97;yaw=-3.07
234.083333254,[debug],turtlebot3,simulation,robot-pose,x=-33.81;y=15.31;yaw=0.00
234.25,[debug],turtlebot2,simulation,robot-pose,x=-39.50;y=33.84;yaw=0.46
234.25,[debug],turtlebot5,simulation,robot-pose,x=-21.01;y=18.00;yaw=-1.54
234.25,[debug],turtlebot4,simulation,robot-pose,x=-32.91;y=33.97;yaw=-3.07
234.25,[debug],turtlebot3,simulation,robot-pose,x=-33.81;y=15.31;yaw=0.00
248.900000095,[debug],turtlebot1,simulation,robot-pose,x=-13.46;y=17.96;yaw=-1.23
248.900000095,[debug],turtlebot1,simulation,robot-pose,x=-13.46;y=17.96;yaw=-1.23
249.083333254,[debug],turtlebot3,simulation,robot-pose,x=-32.55;y=15.34;yaw=-0.04
249.083333254,[debug],turtlebot4,simulation,robot-pose,x=-32.91;y=33.97;yaw=-3.06
249.083333254,[debug],turtlebot2,simulation,robot-pose,x=-39.50;y=33.84;yaw=0.46
249.083333254,[debug],turtlebot5,simulation,robot-pose,x=-21.02;y=18.00;yaw=-1.54
249.25,[debug],turtlebot3,simulation,robot-pose,x=-32.55;y=15.34;yaw=-0.04
249.25,[debug],turtlebot4,simulation,robot-pose,x=-32.91;y=33.97;yaw=-3.06
249.25,[debug],turtlebot2,simulation,robot-pose,x=-39.50;y=33.84;yaw=0.46
249.266666651,[debug],turtlebot5,simulation,robot-pose,x=-21.02;y=18.00;yaw=-1.54
261.166666746,[info],turtlebot3,skill-life-cycle,navigation,(status=RUNNING, parameters=[[-37.0, 21.5, -1.5707963267948966, True], [-37.0, 16.0, 0.0, True], [-26.0, 16.0, -1.5707963267948966, True], [-26.0, 13.0, 1.57, False]])
263.900000095,[debug],turtlebot1,simulation,robot-pose,x=-13.46;y=17.95;yaw=-1.21
263.900000095,[debug],turtlebot1,simulation,robot-pose,x=-13.46;y=17.95;yaw=-1.21
264.083333254,[debug],turtlebot2,simulation,robot-pose,x=-39.50;y=33.84;yaw=0.46
264.083333254,[debug],turtlebot5,simulation,robot-pose,x=-21.02;y=18.00;yaw=-1.54
264.083333254,[debug],turtlebot3,simulation,robot-pose,x=-31.30;y=15.30;yaw=0.01
264.083333254,[debug],turtlebot4,simulation,robot-pose,x=-32.91;y=33.97;yaw=-3.06
264.200000048,[debug],turtlebot2,simulation,robot-pose,x=-39.50;y=33.84;yaw=0.46
264.200000048,[debug],turtlebot5,simulation,robot-pose,x=-21.02;y=18.00;yaw=-1.54
264.200000048,[debug],turtlebot3,simulation,robot-pose,x=-31.30;y=15.30;yaw=0.01
264.216666698,[debug],turtlebot4,simulation,robot-pose,x=-32.91;y=33.97;yaw=-3.06
278.900000095,[debug],turtlebot1,simulation,robot-pose,x=-13.46;y=17.95;yaw=-1.19
278.900000095,[debug],turtlebot1,simulation,robot-pose,x=-13.46;y=17.95;yaw=-1.19
279.083333254,[debug],turtlebot5,simulation,robot-pose,x=-21.03;y=18.00;yaw=-1.54
279.083333254,[debug],turtlebot4,simulation,robot-pose,x=-32.92;y=33.98;yaw=-3.05
279.083333254,[debug],turtlebot2,simulation,robot-pose,x=-39.50;y=33.84;yaw=0.46
279.083333254,[debug],turtlebot3,simulation,robot-pose,x=-30.05;y=15.30;yaw=0.01
279.216666698,[debug],turtlebot5,simulation,robot-pose,x=-21.03;y=18.00;yaw=-1.54
279.216666698,[debug],turtlebot4,simulation,robot-pose,x=-32.92;y=33.98;yaw=-3.05
279.216666698,[debug],turtlebot2,simulation,robot-pose,x=-39.50;y=33.84;yaw=0.46
279.216666698,[debug],turtlebot3,simulation,robot-pose,x=-30.05;y=15.30;yaw=0.01
293.900000095,[debug],turtlebot1,simulation,robot-pose,x=-13.45;y=17.95;yaw=-1.17
293.900000095,[debug],turtlebot1,simulation,robot-pose,x=-13.45;y=17.95;yaw=-1.17
294.083333254,[debug],turtlebot2,simulation,robot-pose,x=-39.50;y=33.84;yaw=0.46
294.083333254,[debug],turtlebot3,simulation,robot-pose,x=-28.80;y=15.31;yaw=0.06
294.083333254,[debug],turtlebot4,simulation,robot-pose,x=-32.92;y=33.98;yaw=-3.05
294.083333254,[debug],turtlebot5,simulation,robot-pose,x=-21.03;y=18.00;yaw=-1.54
294.216666698,[debug],turtlebot2,simulation,robot-pose,x=-39.50;y=33.84;yaw=0.46
294.216666698,[debug],turtlebot3,simulation,robot-pose,x=-28.80;y=15.31;yaw=0.06
294.216666698,[debug],turtlebot4,simulation,robot-pose,x=-32.92;y=33.98;yaw=-3.05
294.216666698,[debug],turtlebot5,simulation,robot-pose,x=-21.03;y=18.00;yaw=-1.54
308.900000095,[debug],turtlebot1,simulation,robot-pose,x=-13.45;y=17.94;yaw=-1.16
308.900000095,[debug],turtlebot1,simulation,robot-pose,x=-13.45;y=17.94;yaw=-1.16
309.083333254,[debug],turtlebot5,simulation,robot-pose,x=-21.03;y=18.00;yaw=-1.54
309.083333254,[debug],turtlebot2,simulation,robot-pose,x=-39.50;y=33.84;yaw=0.46
309.083333254,[debug],turtlebot4,simulation,robot-pose,x=-32.92;y=33.98;yaw=-3.06
309.083333254,[debug],turtlebot3,simulation,robot-pose,x=-27.57;y=15.65;yaw=0.15
309.200000048,[debug],turtlebot5,simulation,robot-pose,x=-21.03;y=18.00;yaw=-1.54
309.200000048,[debug],turtlebot2,simulation,robot-pose,x=-39.50;y=33.84;yaw=0.46
309.216666698,[debug],turtlebot4,simulation,robot-pose,x=-32.92;y=33.98;yaw=-3.06
309.216666698,[debug],turtlebot3,simulation,robot-pose,x=-27.57;y=15.65;yaw=0.15
310.583333254,[info],turtlebot3,skill-life-cycle,navigation,(status=RUNNING, parameters=[[-37.0, 21.5, -1.5707963267948966, True], [-37.0, 16.0, 0.0, True], [-26.0, 16.0, -1.5707963267948966, True], [-26.0, 13.0, 1.57, False]])
323.900000095,[debug],turtlebot1,simulation,robot-pose,x=-13.45;y=17.94;yaw=-1.14
323.900000095,[debug],turtlebot1,simulation,robot-pose,x=-13.45;y=17.94;yaw=-1.14
324.083333254,[debug],turtlebot3,simulation,robot-pose,x=-26.48;y=15.99;yaw=-0.54
324.083333254,[debug],turtlebot4,simulation,robot-pose,x=-32.92;y=33.98;yaw=-3.06
324.083333254,[debug],turtlebot5,simulation,robot-pose,x=-21.03;y=18.00;yaw=-1.54
324.083333254,[debug],turtlebot2,simulation,robot-pose,x=-39.50;y=33.84;yaw=0.46
324.233333349,[debug],turtlebot3,simulation,robot-pose,x=-26.48;y=15.99;yaw=-0.54
324.233333349,[debug],turtlebot4,simulation,robot-pose,x=-32.92;y=33.98;yaw=-3.06
324.233333349,[debug],turtlebot5,simulation,robot-pose,x=-21.03;y=18.00;yaw=-1.54
324.233333349,[debug],turtlebot2,simulation,robot-pose,x=-39.50;y=33.84;yaw=0.46
327.033333302,[debug],turtlebot3,move-base-info,Hooray, the base moved arrived,(x=-26;y=16)
327.033333302,[debug],turtlebot3,move-base-info,Hooray, the base moved arrived,(x=-26;y=16)
327.150000095,[debug],turtlebot3,task-update,navigation,way-point-reached,75.0%
338.900000095,[debug],turtlebot1,simulation,robot-pose,x=-13.44;y=17.94;yaw=-1.13
338.900000095,[debug],turtlebot1,simulation,robot-pose,x=-13.44;y=17.94;yaw=-1.13
339.083333254,[debug],turtlebot3,simulation,robot-pose,x=-26.19;y=15.09;yaw=-1.30
339.083333254,[debug],turtlebot4,simulation,robot-pose,x=-32.93;y=33.98;yaw=-3.06
339.083333254,[debug],turtlebot2,simulation,robot-pose,x=-39.50;y=33.84;yaw=0.46
339.083333254,[debug],turtlebot5,simulation,robot-pose,x=-21.03;y=18.00;yaw=-1.54
339.216666698,[debug],turtlebot3,simulation,robot-pose,x=-26.19;y=15.09;yaw=-1.30
339.216666698,[debug],turtlebot4,simulation,robot-pose,x=-32.93;y=33.98;yaw=-3.06
339.216666698,[debug],turtlebot2,simulation,robot-pose,x=-39.50;y=33.84;yaw=0.46
339.233333349,[debug],turtlebot5,simulation,robot-pose,x=-21.03;y=18.00;yaw=-1.54
353.900000095,[debug],turtlebot1,simulation,robot-pose,x=-13.44;y=17.94;yaw=-1.12
353.900000095,[debug],turtlebot1,simulation,robot-pose,x=-13.44;y=17.94;yaw=-1.12
354.083333254,[debug],turtlebot5,simulation,robot-pose,x=-21.03;y=18.00;yaw=-1.54
354.083333254,[debug],turtlebot4,simulation,robot-pose,x=-32.93;y=33.98;yaw=-3.06
354.083333254,[debug],turtlebot2,simulation,robot-pose,x=-39.50;y=33.84;yaw=0.46
354.083333254,[debug],turtlebot3,simulation,robot-pose,x=-26.12;y=13.48;yaw=-1.85
354.266666651,[debug],turtlebot5,simulation,robot-pose,x=-21.03;y=18.00;yaw=-1.54
354.266666651,[debug],turtlebot4,simulation,robot-pose,x=-32.93;y=33.98;yaw=-3.06
354.266666651,[debug],turtlebot2,simulation,robot-pose,x=-39.50;y=33.84;yaw=0.46
354.266666651,[debug],turtlebot3,simulation,robot-pose,x=-26.12;y=13.48;yaw=-1.85
359.75,[info],turtlebot3,skill-life-cycle,navigation,(status=RUNNING, parameters=[[-37.0, 21.5, -1.5707963267948966, True], [-37.0, 16.0, 0.0, True], [-26.0, 16.0, -1.5707963267948966, True], [-26.0, 13.0, 1.57, False]])
368.900000095,[debug],turtlebot1,simulation,robot-pose,x=-13.44;y=17.94;yaw=-1.12
368.916666746,[debug],turtlebot1,simulation,robot-pose,x=-13.44;y=17.94;yaw=-1.12
369.083333254,[debug],turtlebot5,simulation,robot-pose,x=-21.03;y=18.00;yaw=-1.54
369.083333254,[debug],turtlebot5,simulation,robot-pose,x=-21.03;y=18.00;yaw=-1.54
369.083333254,[debug],turtlebot4,simulation,robot-pose,x=-32.93;y=33.98;yaw=-3.06
369.083333254,[debug],turtlebot2,simulation,robot-pose,x=-39.50;y=33.84;yaw=0.46
369.083333254,[debug],turtlebot3,simulation,robot-pose,x=-26.10;y=13.49;yaw=-2.01
369.233333349,[debug],turtlebot4,simulation,robot-pose,x=-32.93;y=33.98;yaw=-3.06
369.233333349,[debug],turtlebot2,simulation,robot-pose,x=-39.50;y=33.84;yaw=0.46
369.233333349,[debug],turtlebot3,simulation,robot-pose,x=-26.10;y=13.49;yaw=-2.01
378.099999905,[debug],turtlebot3,move-base-info,Hooray, the base moved arrived,(x=-26;y=13)
378.233333349,[debug],turtlebot3,move-base-info,Hooray, the base moved arrived,(x=-26;y=13)
378.433333397,[debug],turtlebot3,task-update,navigation,way-point-reached,100.0%
378.516666651,[debug],turtlebot3,available-skills,['send_message', 'wait_message', 'approach_person', 'approach_robot', 'authenticate_person', 'deposit', 'navigation', 'operate_drawer', 'pick_up'],
378.516666651,[info],turtlebot3,skill-life-cycle,approach_robot,(status=STARTED, parameters=['lab_arm'])
378.616666555,[debug],turtlebot3,task-update,approach_robot,localize-robot,(who=lab_arm)
378.700000048,[debug],turtlebot3,task-update,approach_robot,goto-robot,(who=lab_arm)
378.816666603,[debug],turtlebot3,available-skills,['send_message', 'wait_message', 'approach_person', 'approach_robot', 'authenticate_person', 'deposit', 'navigation', 'operate_drawer', 'pick_up'],
378.816666603,[info],turtlebot3,skill-life-cycle,operate_drawer,(status=STARTED, parameters=['open'])
378.916666746,[debug],turtlebot3,task-update,operate_drawer,open
379.916666746,[debug],turtlebot3,available-skills,['send_message', 'wait_message', 'approach_person', 'approach_robot', 'authenticate_person', 'deposit', 'navigation', 'operate_drawer', 'pick_up'],
379.916666746,[info],turtlebot3,skill-life-cycle,send_message,(status=STARTED, parameters=['lab_arm'])
380.0,[info],turtlebot3,sync,send-message,(to=lab_arm)
381.183333397,[info],lab_arm,sync,wait-message,(status=message-received)
381.183333397,[info],Inventory,sync,wait-sample,(status=sample-received)
381.183333397,ENDSIM
381.216666698,[info],lab_arm,sync,wait-message,(status=message-received)
381.233333349,[info],Inventory,sync,wait-sample,(status=sample-received)
381.233333349,ENDSIM
383.900000095,[debug],turtlebot1,simulation,robot-pose,x=-13.44;y=17.93;yaw=-1.11
383.900000095,[debug],turtlebot1,simulation,robot-pose,x=-13.44;y=17.93;yaw=-1.11
384.083333254,[debug],turtlebot5,simulation,robot-pose,x=-21.03;y=18.00;yaw=-1.54
384.083333254,[debug],turtlebot4,simulation,robot-pose,x=-32.93;y=33.98;yaw=-3.06
384.083333254,[debug],turtlebot3,simulation,robot-pose,x=-26.09;y=13.41;yaw=1.62
384.083333254,[debug],turtlebot2,simulation,robot-pose,x=-39.50;y=33.84;yaw=0.46
384.333333254,[debug],turtlebot5,simulation,robot-pose,x=-21.03;y=18.00;yaw=-1.54
384.333333254,[debug],turtlebot4,simulation,robot-pose,x=-32.93;y=33.98;yaw=-3.06
384.333333254,[debug],turtlebot3,simulation,robot-pose,x=-26.09;y=13.41;yaw=1.62
384.349999905,[debug],turtlebot2,simulation,robot-pose,x=-39.50;y=33.84;yaw=0.46
391.183333397,[info],Inventory,sync,wait-sample,(status=sample-received)
391.183333397,ENDSIM
391.183333397,[info],lab_arm,sync,wait-message,(status=message-received)
391.183333397,[info],Inventory,sync,wait-sample,(status=sample-received)
391.183333397,ENDSIM
0.0,[debug],simulation closed,reach-target,execution-wall-clock=477.5019156932831
