6.59999990463,[debug],turtlebot3,move-base-info,Move_base is up and ok....,
9.56666660309,[debug],turtlebot2,move-base-info,Move_base is up and ok....,
9.93333339691,[debug],turtlebot4,move-base-info,Move_base is up and ok....,
14.9000000954,[info],turtlebot1,skill-life-cycle,init_robobt,(status=RUNNING, parameters=[])
16.4333333969,[info],turtlebot4,skill-life-cycle,init_robobt,(status=RUNNING, parameters=[])
16.4333333969,[info],turtlebot2,skill-life-cycle,init_robobt,(status=RUNNING, parameters=[])
16.5,[info],turtlebot3,skill-life-cycle,init_robobt,(status=RUNNING, parameters=[])
17.6166667938,[debug],turtlebot1,available-skills,['send_message', 'wait_message', 'approach_person', 'approach_robot', 'authenticate_person', 'deposit', 'navigation', 'pick_up'],
17.6166667938,[info],turtlebot1,skill-life-cycle,navigation,(status=STARTED, parameters=[[-13.5, 16.0, 3.141592653589793, True], [-37.0, 16.0, 1.5707963267948966, True], [-37.0, 21.5, 3.141592653589793, True], [-38.0, 21.5, 0.0, False]])
27.1833333969,[debug],turtlebot1,simulation,robot-pose,x=-13.52;y=17.59;yaw=-1.62
27.1833333969,[debug],turtlebot1,simulation,robot-pose,x=-13.52;y=17.59;yaw=-1.62
27.3666667938,[debug],turtlebot2,simulation,robot-pose,x=-39.51;y=33.84;yaw=0.46
27.3666667938,[debug],turtlebot2,simulation,robot-pose,x=-39.51;y=33.84;yaw=0.46
27.3666667938,[debug],turtlebot4,simulation,robot-pose,x=-32.89;y=33.97;yaw=-3.10
27.3666667938,[debug],turtlebot4,simulation,robot-pose,x=-32.89;y=33.97;yaw=-3.10
27.3666667938,[debug],turtlebot3,simulation,robot-pose,x=-40.39;y=25.23;yaw=0.34
27.3666667938,[debug],turtlebot3,simulation,robot-pose,x=-40.39;y=25.23;yaw=0.34
27.3666667938,[debug],turtlebot5,simulation,robot-pose,x=-20.99;y=18.00;yaw=-1.54
27.3666667938,[debug],turtlebot5,simulation,robot-pose,x=-20.99;y=18.00;yaw=-1.54
42.1833333969,[debug],turtlebot1,simulation,robot-pose,x=-13.50;y=16.47;yaw=-2.36
42.1833333969,[debug],turtlebot1,simulation,robot-pose,x=-13.50;y=16.47;yaw=-2.36
42.3666667938,[debug],turtlebot4,simulation,robot-pose,x=-32.89;y=33.97;yaw=-3.10
42.3666667938,[debug],turtlebot4,simulation,robot-pose,x=-32.89;y=33.97;yaw=-3.10
42.3666667938,[debug],turtlebot2,simulation,robot-pose,x=-39.51;y=33.84;yaw=0.46
42.3666667938,[debug],turtlebot3,simulation,robot-pose,x=-40.39;y=25.23;yaw=0.33
42.3666667938,[debug],turtlebot2,simulation,robot-pose,x=-39.51;y=33.84;yaw=0.46
42.3666667938,[debug],turtlebot5,simulation,robot-pose,x=-20.99;y=18.00;yaw=-1.54
42.3666667938,[debug],turtlebot3,simulation,robot-pose,x=-40.39;y=25.23;yaw=0.33
42.3666667938,[debug],turtlebot5,simulation,robot-pose,x=-20.99;y=18.00;yaw=-1.54
44.6166667938,[debug],turtlebot1,move-base-info,Hooray, the base moved arrived,(x=-13.5;y=16)
44.7166666985,[debug],turtlebot1,move-base-info,Hooray, the base moved arrived,(x=-13.5;y=16)
44.7166666985,[debug],turtlebot1,task-update,navigation,way-point-reached,25.0%
57.1833333969,[debug],turtlebot1,simulation,robot-pose,x=-14.34;y=16.10;yaw=-2.72
57.1833333969,[debug],turtlebot1,simulation,robot-pose,x=-14.34;y=16.10;yaw=-2.72
57.3666667938,[debug],turtlebot3,simulation,robot-pose,x=-40.39;y=25.23;yaw=0.33
57.3666667938,[debug],turtlebot3,simulation,robot-pose,x=-40.39;y=25.23;yaw=0.33
57.3666667938,[debug],turtlebot2,simulation,robot-pose,x=-39.51;y=33.84;yaw=0.46
57.3666667938,[debug],turtlebot2,simulation,robot-pose,x=-39.51;y=33.84;yaw=0.46
57.3666667938,[debug],turtlebot5,simulation,robot-pose,x=-20.99;y=18.00;yaw=-1.54
57.3666667938,[debug],turtlebot5,simulation,robot-pose,x=-20.99;y=18.00;yaw=-1.54
57.3666667938,[debug],turtlebot4,simulation,robot-pose,x=-32.89;y=33.97;yaw=-3.10
57.3666667938,[debug],turtlebot4,simulation,robot-pose,x=-32.89;y=33.97;yaw=-3.10
63.6500000954,[info],turtlebot1,skill-life-cycle,navigation,(status=RUNNING, parameters=[[-13.5, 16.0, 3.141592653589793, True], [-37.0, 16.0, 1.5707963267948966, True], [-37.0, 21.5, 3.141592653589793, True], [-38.0, 21.5, 0.0, False]])
72.1833333969,[debug],turtlebot1,simulation,robot-pose,x=-16.55;y=15.87;yaw=2.95
72.1833333969,[debug],turtlebot1,simulation,robot-pose,x=-16.55;y=15.87;yaw=2.95
72.3666667938,[debug],turtlebot2,simulation,robot-pose,x=-39.51;y=33.84;yaw=0.46
72.3666667938,[debug],turtlebot2,simulation,robot-pose,x=-39.51;y=33.84;yaw=0.46
72.3666667938,[debug],turtlebot3,simulation,robot-pose,x=-40.39;y=25.23;yaw=0.33
72.3666667938,[debug],turtlebot3,simulation,robot-pose,x=-40.39;y=25.23;yaw=0.33
72.3666667938,[debug],turtlebot4,simulation,robot-pose,x=-32.89;y=33.97;yaw=-3.10
72.3666667938,[debug],turtlebot4,simulation,robot-pose,x=-32.89;y=33.97;yaw=-3.10
72.3666667938,[debug],turtlebot5,simulation,robot-pose,x=-20.99;y=18.00;yaw=-1.54
72.3666667938,[debug],turtlebot5,simulation,robot-pose,x=-20.99;y=18.00;yaw=-1.54
87.1833333969,[debug],turtlebot1,simulation,robot-pose,x=-19.21;y=16.10;yaw=2.68
87.1833333969,[debug],turtlebot1,simulation,robot-pose,x=-19.21;y=16.10;yaw=2.68
87.3666667938,[debug],turtlebot4,simulation,robot-pose,x=-32.90;y=33.97;yaw=-3.10
87.3666667938,[debug],turtlebot4,simulation,robot-pose,x=-32.90;y=33.97;yaw=-3.10
87.3666667938,[debug],turtlebot2,simulation,robot-pose,x=-39.51;y=33.84;yaw=0.46
87.3666667938,[debug],turtlebot2,simulation,robot-pose,x=-39.51;y=33.84;yaw=0.46
87.3666667938,[debug],turtlebot5,simulation,robot-pose,x=-20.99;y=18.00;yaw=-1.54
87.3666667938,[debug],turtlebot5,simulation,robot-pose,x=-20.99;y=18.00;yaw=-1.54
87.3666667938,[debug],turtlebot3,simulation,robot-pose,x=-40.39;y=25.23;yaw=0.33
87.3666667938,[debug],turtlebot3,simulation,robot-pose,x=-40.39;y=25.23;yaw=0.33
102.183333397,[debug],turtlebot1,simulation,robot-pose,x=-21.88;y=16.32;yaw=3.08
102.183333397,[debug],turtlebot1,simulation,robot-pose,x=-21.88;y=16.32;yaw=3.08
102.366666794,[debug],turtlebot2,simulation,robot-pose,x=-39.51;y=33.84;yaw=0.46
102.366666794,[debug],turtlebot4,simulation,robot-pose,x=-32.90;y=33.97;yaw=-3.10
102.366666794,[debug],turtlebot2,simulation,robot-pose,x=-39.51;y=33.84;yaw=0.46
102.366666794,[debug],turtlebot5,simulation,robot-pose,x=-20.99;y=18.00;yaw=-1.54
102.366666794,[debug],turtlebot4,simulation,robot-pose,x=-32.90;y=33.97;yaw=-3.10
102.366666794,[debug],turtlebot3,simulation,robot-pose,x=-40.39;y=25.23;yaw=0.33
102.366666794,[debug],turtlebot5,simulation,robot-pose,x=-20.99;y=18.00;yaw=-1.54
102.366666794,[debug],turtlebot3,simulation,robot-pose,x=-40.39;y=25.23;yaw=0.33
114.166666746,[info],turtlebot1,skill-life-cycle,navigation,(status=RUNNING, parameters=[[-13.5, 16.0, 3.141592653589793, True], [-37.0, 16.0, 1.5707963267948966, True], [-37.0, 21.5, 3.141592653589793, True], [-38.0, 21.5, 0.0, False]])
117.183333397,[debug],turtlebot1,simulation,robot-pose,x=-24.39;y=16.33;yaw=3.14
117.183333397,[debug],turtlebot1,simulation,robot-pose,x=-24.39;y=16.33;yaw=3.14
117.366666794,[debug],turtlebot4,simulation,robot-pose,x=-32.90;y=33.97;yaw=-3.09
117.366666794,[debug],turtlebot4,simulation,robot-pose,x=-32.90;y=33.97;yaw=-3.09
117.366666794,[debug],turtlebot2,simulation,robot-pose,x=-39.51;y=33.84;yaw=0.46
117.366666794,[debug],turtlebot2,simulation,robot-pose,x=-39.51;y=33.84;yaw=0.46
117.366666794,[debug],turtlebot5,simulation,robot-pose,x=-20.99;y=18.00;yaw=-1.54
117.366666794,[debug],turtlebot5,simulation,robot-pose,x=-20.99;y=18.00;yaw=-1.54
117.366666794,[debug],turtlebot3,simulation,robot-pose,x=-40.39;y=25.23;yaw=0.33
117.366666794,[debug],turtlebot3,simulation,robot-pose,x=-40.39;y=25.23;yaw=0.33
132.183333397,[debug],turtlebot1,simulation,robot-pose,x=-26.89;y=16.34;yaw=-3.13
132.183333397,[debug],turtlebot1,simulation,robot-pose,x=-26.89;y=16.34;yaw=-3.13
132.366666794,[debug],turtlebot5,simulation,robot-pose,x=-21.00;y=18.00;yaw=-1.54
132.366666794,[debug],turtlebot5,simulation,robot-pose,x=-21.00;y=18.00;yaw=-1.54
132.366666794,[debug],turtlebot4,simulation,robot-pose,x=-32.90;y=33.97;yaw=-3.09
132.366666794,[debug],turtlebot4,simulation,robot-pose,x=-32.90;y=33.97;yaw=-3.09
132.366666794,[debug],turtlebot2,simulation,robot-pose,x=-39.51;y=33.84;yaw=0.46
132.366666794,[debug],turtlebot2,simulation,robot-pose,x=-39.51;y=33.84;yaw=0.46
132.366666794,[debug],turtlebot3,simulation,robot-pose,x=-40.39;y=25.23;yaw=0.33
132.366666794,[debug],turtlebot3,simulation,robot-pose,x=-40.39;y=25.23;yaw=0.33
147.183333397,[debug],turtlebot1,simulation,robot-pose,x=-29.39;y=16.34;yaw=-3.14
147.183333397,[debug],turtlebot1,simulation,robot-pose,x=-29.39;y=16.34;yaw=-3.14
147.366666794,[debug],turtlebot4,simulation,robot-pose,x=-32.90;y=33.97;yaw=-3.09
147.366666794,[debug],turtlebot4,simulation,robot-pose,x=-32.90;y=33.97;yaw=-3.09
147.366666794,[debug],turtlebot3,simulation,robot-pose,x=-40.39;y=25.23;yaw=0.33
147.366666794,[debug],turtlebot3,simulation,robot-pose,x=-40.39;y=25.23;yaw=0.33
147.366666794,[debug],turtlebot2,simulation,robot-pose,x=-39.50;y=33.84;yaw=0.46
147.366666794,[debug],turtlebot2,simulation,robot-pose,x=-39.50;y=33.84;yaw=0.46
147.366666794,[debug],turtlebot5,simulation,robot-pose,x=-21.00;y=18.00;yaw=-1.54
147.366666794,[debug],turtlebot5,simulation,robot-pose,x=-21.00;y=18.00;yaw=-1.54
162.183333397,[debug],turtlebot1,simulation,robot-pose,x=-31.89;y=16.34;yaw=3.12
162.183333397,[debug],turtlebot1,simulation,robot-pose,x=-31.89;y=16.34;yaw=3.12
162.366666794,[debug],turtlebot3,simulation,robot-pose,x=-40.39;y=25.23;yaw=0.33
162.366666794,[debug],turtlebot3,simulation,robot-pose,x=-40.39;y=25.23;yaw=0.33
162.366666794,[debug],turtlebot2,simulation,robot-pose,x=-39.50;y=33.84;yaw=0.46
162.366666794,[debug],turtlebot2,simulation,robot-pose,x=-39.50;y=33.84;yaw=0.46
162.366666794,[debug],turtlebot5,simulation,robot-pose,x=-21.00;y=18.00;yaw=-1.54
162.366666794,[debug],turtlebot4,simulation,robot-pose,x=-32.90;y=33.97;yaw=-3.09
162.366666794,[debug],turtlebot5,simulation,robot-pose,x=-21.00;y=18.00;yaw=-1.54
162.366666794,[debug],turtlebot4,simulation,robot-pose,x=-32.90;y=33.97;yaw=-3.09
164.583333254,[info],turtlebot1,skill-life-cycle,navigation,(status=RUNNING, parameters=[[-13.5, 16.0, 3.141592653589793, True], [-37.0, 16.0, 1.5707963267948966, True], [-37.0, 21.5, 3.141592653589793, True], [-38.0, 21.5, 0.0, False]])
177.183333397,[debug],turtlebot1,simulation,robot-pose,x=-34.40;y=16.35;yaw=-3.14
177.183333397,[debug],turtlebot1,simulation,robot-pose,x=-34.40;y=16.35;yaw=-3.14
177.366666794,[debug],turtlebot3,simulation,robot-pose,x=-40.39;y=25.23;yaw=0.33
177.366666794,[debug],turtlebot4,simulation,robot-pose,x=-32.90;y=33.97;yaw=-3.09
177.366666794,[debug],turtlebot5,simulation,robot-pose,x=-21.00;y=18.00;yaw=-1.54
177.366666794,[debug],turtlebot3,simulation,robot-pose,x=-40.39;y=25.23;yaw=0.33
177.366666794,[debug],turtlebot4,simulation,robot-pose,x=-32.90;y=33.97;yaw=-3.09
177.366666794,[debug],turtlebot5,simulation,robot-pose,x=-21.00;y=18.00;yaw=-1.54
177.366666794,[debug],turtlebot2,simulation,robot-pose,x=-39.50;y=33.84;yaw=0.46
177.366666794,[debug],turtlebot2,simulation,robot-pose,x=-39.50;y=33.84;yaw=0.46
192.183333397,[debug],turtlebot1,simulation,robot-pose,x=-36.66;y=16.33;yaw=2.81
192.183333397,[debug],turtlebot1,simulation,robot-pose,x=-36.66;y=16.33;yaw=2.81
192.366666794,[debug],turtlebot3,simulation,robot-pose,x=-40.39;y=25.23;yaw=0.33
192.366666794,[debug],turtlebot3,simulation,robot-pose,x=-40.39;y=25.23;yaw=0.33
192.366666794,[debug],turtlebot4,simulation,robot-pose,x=-32.90;y=33.97;yaw=-3.09
192.366666794,[debug],turtlebot4,simulation,robot-pose,x=-32.90;y=33.97;yaw=-3.09
192.366666794,[debug],turtlebot5,simulation,robot-pose,x=-21.00;y=18.00;yaw=-1.54
192.366666794,[debug],turtlebot5,simulation,robot-pose,x=-21.00;y=18.00;yaw=-1.54
192.366666794,[debug],turtlebot2,simulation,robot-pose,x=-39.50;y=33.84;yaw=0.46
192.366666794,[debug],turtlebot2,simulation,robot-pose,x=-39.50;y=33.84;yaw=0.46
195.700000048,[debug],turtlebot1,move-base-info,Hooray, the base moved arrived,(x=-37;y=16)
195.700000048,[debug],turtlebot1,move-base-info,Hooray, the base moved arrived,(x=-37;y=16)
195.799999952,[debug],turtlebot1,task-update,navigation,way-point-reached,50.0%
207.183333397,[debug],turtlebot1,simulation,robot-pose,x=-36.86;y=20.83;yaw=1.68
207.183333397,[debug],turtlebot1,simulation,robot-pose,x=-36.86;y=20.83;yaw=1.68
207.366666794,[debug],turtlebot3,simulation,robot-pose,x=-40.39;y=25.23;yaw=0.33
207.366666794,[debug],turtlebot2,simulation,robot-pose,x=-39.50;y=33.84;yaw=0.46
207.366666794,[debug],turtlebot5,simulation,robot-pose,x=-21.01;y=18.00;yaw=-1.54
207.366666794,[debug],turtlebot3,simulation,robot-pose,x=-40.39;y=25.23;yaw=0.33
207.366666794,[debug],turtlebot2,simulation,robot-pose,x=-39.50;y=33.84;yaw=0.46
207.366666794,[debug],turtlebot5,simulation,robot-pose,x=-21.01;y=18.00;yaw=-1.54
207.366666794,[debug],turtlebot4,simulation,robot-pose,x=-32.91;y=33.97;yaw=-3.09
207.366666794,[debug],turtlebot4,simulation,robot-pose,x=-32.91;y=33.97;yaw=-3.09
212.116666794,[debug],turtlebot1,move-base-info,Hooray, the base moved arrived,(x=-37;y=21.5)
212.116666794,[debug],turtlebot1,move-base-info,Hooray, the base moved arrived,(x=-37;y=21.5)
212.25,[debug],turtlebot1,task-update,navigation,way-point-reached,75.0%
216.266666651,[info],turtlebot1,skill-life-cycle,navigation,(status=RUNNING, parameters=[[-13.5, 16.0, 3.141592653589793, True], [-37.0, 16.0, 1.5707963267948966, True], [-37.0, 21.5, 3.141592653589793, True], [-38.0, 21.5, 0.0, False]])
222.183333397,[debug],turtlebot1,simulation,robot-pose,x=-37.58;y=21.31;yaw=1.97
222.183333397,[debug],turtlebot1,simulation,robot-pose,x=-37.58;y=21.31;yaw=1.97
222.366666794,[debug],turtlebot5,simulation,robot-pose,x=-21.01;y=18.00;yaw=-1.54
222.366666794,[debug],turtlebot5,simulation,robot-pose,x=-21.01;y=18.00;yaw=-1.54
222.366666794,[debug],turtlebot2,simulation,robot-pose,x=-39.50;y=33.84;yaw=0.46
222.366666794,[debug],turtlebot2,simulation,robot-pose,x=-39.50;y=33.84;yaw=0.46
222.366666794,[debug],turtlebot3,simulation,robot-pose,x=-40.39;y=25.23;yaw=0.33
222.366666794,[debug],turtlebot3,simulation,robot-pose,x=-40.39;y=25.23;yaw=0.33
222.366666794,[debug],turtlebot4,simulation,robot-pose,x=-32.91;y=33.97;yaw=-3.08
222.366666794,[debug],turtlebot4,simulation,robot-pose,x=-32.91;y=33.97;yaw=-3.08
227.450000048,[debug],turtlebot1,move-base-info,Hooray, the base moved arrived,(x=-38;y=21.5)
227.450000048,[debug],turtlebot1,move-base-info,Hooray, the base moved arrived,(x=-38;y=21.5)
227.666666746,[debug],turtlebot1,task-update,navigation,way-point-reached,100.0%
227.766666651,[debug],turtlebot1,available-skills,['send_message', 'wait_message', 'approach_person', 'approach_robot', 'authenticate_person', 'deposit', 'navigation', 'pick_up'],
227.766666651,[info],turtlebot1,skill-life-cycle,approach_person,(status=STARTED, parameters=['nurse'])
227.866666794,[debug],turtlebot1,task-update,approach_person,localize-person,(who=nurse)
227.966666698,[debug],turtlebot1,task-update,approach_person,goto-person,(who=nurse)
228.066666603,[debug],turtlebot1,available-skills,['send_message', 'wait_message', 'approach_person', 'approach_robot', 'authenticate_person', 'deposit', 'navigation', 'pick_up'],
228.066666603,[info],turtlebot1,skill-life-cycle,authenticate_person,(status=STARTED, parameters=['nurse'])
228.150000095,[debug],turtlebot1,task-update,authenticate_person,request-authentication,(to=nurse)
228.150000095,[info],nurse,sync,received-request,(status=sending-request)
228.150000095,[info],nurse,sync,received-request,(status=sending-request)
228.583333254,[debug],turtlebot1,task-update,authenticate_person,received-authentication,(from=nurse)
228.666666746,[debug],turtlebot1,available-skills,['send_message', 'wait_message', 'approach_person', 'approach_robot', 'authenticate_person', 'deposit', 'navigation', 'pick_up'],
228.666666746,[info],turtlebot1,skill-life-cycle,fail,(status=STARTED, parameters=['operate_drawer', 'open'])
230.599999905,[info],turtlebot1,skill-life-cycle,fail,(status=Status.FAILURE, parameters=['operate_drawer', 'open'])
230.599999905,FAILURE
230.666666746,[info],turtlebot1,skill-life-cycle,fail,(status=Status.FAILURE, parameters=['operate_drawer', 'open'])
230.666666746,FAILURE
230.766666651,[info],turtlebot1,skill-life-cycle,fail,(status=Status.FAILURE, parameters=['operate_drawer', 'open'])
230.766666651,FAILURE
230.866666794,[info],turtlebot1,skill-life-cycle,fail,(status=Status.FAILURE, parameters=['operate_drawer', 'open'])
230.866666794,FAILURE
230.966666698,[info],turtlebot1,skill-life-cycle,fail,(status=Status.FAILURE, parameters=['operate_drawer', 'open'])
230.966666698,FAILURE
231.049999952,[info],turtlebot1,skill-life-cycle,fail,(status=Status.FAILURE, parameters=['operate_drawer', 'open'])
231.049999952,FAILURE
231.133333445,[info],turtlebot1,skill-life-cycle,fail,(status=Status.FAILURE, parameters=['operate_drawer', 'open'])
231.133333445,FAILURE
231.200000048,[info],turtlebot1,skill-life-cycle,fail,(status=Status.FAILURE, parameters=['operate_drawer', 'open'])
231.200000048,FAILURE
231.283333302,[info],turtlebot1,skill-life-cycle,fail,(status=Status.FAILURE, parameters=['operate_drawer', 'open'])
231.299999952,FAILURE
231.366666794,[info],turtlebot1,skill-life-cycle,fail,(status=Status.FAILURE, parameters=['operate_drawer', 'open'])
231.366666794,FAILURE
231.433333397,[info],turtlebot1,skill-life-cycle,fail,(status=Status.FAILURE, parameters=['operate_drawer', 'open'])
231.433333397,FAILURE
231.516666651,[info],turtlebot1,skill-life-cycle,fail,(status=Status.FAILURE, parameters=['operate_drawer', 'open'])
231.516666651,FAILURE
231.583333254,[info],turtlebot1,skill-life-cycle,fail,(status=Status.FAILURE, parameters=['operate_drawer', 'open'])
231.583333254,FAILURE
231.650000095,[info],turtlebot1,skill-life-cycle,fail,(status=Status.FAILURE, parameters=['operate_drawer', 'open'])
231.650000095,FAILURE
231.733333349,[info],turtlebot1,skill-life-cycle,fail,(status=Status.FAILURE, parameters=['operate_drawer', 'open'])
231.733333349,FAILURE
231.799999952,[info],turtlebot1,skill-life-cycle,fail,(status=Status.FAILURE, parameters=['operate_drawer', 'open'])
231.799999952,FAILURE
231.866666794,[info],turtlebot1,skill-life-cycle,fail,(status=Status.FAILURE, parameters=['operate_drawer', 'open'])
231.866666794,FAILURE
237.183333397,[debug],turtlebot1,simulation,robot-pose,x=-37.64;y=21.35;yaw=0.05
237.183333397,[debug],turtlebot1,simulation,robot-pose,x=-37.64;y=21.35;yaw=0.05
237.366666794,[debug],turtlebot4,simulation,robot-pose,x=-32.91;y=33.97;yaw=-3.07
237.366666794,[debug],turtlebot4,simulation,robot-pose,x=-32.91;y=33.97;yaw=-3.07
237.366666794,[debug],turtlebot3,simulation,robot-pose,x=-40.39;y=25.23;yaw=0.33
237.366666794,[debug],turtlebot3,simulation,robot-pose,x=-40.39;y=25.23;yaw=0.33
237.366666794,[debug],turtlebot2,simulation,robot-pose,x=-39.50;y=33.84;yaw=0.46
237.366666794,[debug],turtlebot2,simulation,robot-pose,x=-39.50;y=33.84;yaw=0.46
237.366666794,[debug],turtlebot5,simulation,robot-pose,x=-21.01;y=18.00;yaw=-1.54
237.366666794,[debug],turtlebot5,simulation,robot-pose,x=-21.01;y=18.00;yaw=-1.54
0.0,[debug],simulation closed,failure-bt,execution-wall-clock=284.27887082099915
