1.25,[debug],turtlebot5,move-base-info,Move_base is up and ok....,
2.1333334446,[debug],turtlebot3,move-base-info,Move_base is up and ok....,
2.15000009537,[debug],turtlebot2,move-base-info,Move_base is up and ok....,
3.09999990463,[debug],turtlebot4,move-base-info,Move_base is up and ok....,
9.6333334446,[info],turtlebot4,skill-life-cycle,init_robobt,(status=RUNNING, parameters=[])
9.8833334446,[info],turtlebot2,skill-life-cycle,init_robobt,(status=RUNNING, parameters=[])
10.4666666985,[info],turtlebot3,skill-life-cycle,init_robobt,(status=RUNNING, parameters=[])
10.7999999523,[info],turtlebot5,skill-life-cycle,init_robobt,(status=RUNNING, parameters=[])
12.5,[debug],turtlebot4,available-skills,['send_message', 'wait_message', 'approach_person', 'approach_robot', 'authenticate_person', 'deposit', 'navigation', 'pick_up'],
12.5,[info],turtlebot4,skill-life-cycle,navigation,(status=STARTED, parameters=[[-37.0, 33.98, -1.5707963267948966, True], [-37.0, 21.5, 3.141592653589793, True], [-38.0, 21.5, 0.0, False]])
24.1666667461,[debug],turtlebot1,simulation,robot-pose,x=-13.50;y=18.00;yaw=-1.50
24.3166666031,[debug],turtlebot1,simulation,robot-pose,x=-13.50;y=18.00;yaw=-1.50
24.3499999046,[debug],turtlebot2,simulation,robot-pose,x=-39.51;y=33.84;yaw=0.46
24.3499999046,[debug],turtlebot2,simulation,robot-pose,x=-39.51;y=33.84;yaw=0.46
24.3666667938,[debug],turtlebot4,simulation,robot-pose,x=-33.52;y=34.03;yaw=2.69
24.3666667938,[debug],turtlebot3,simulation,robot-pose,x=-40.39;y=25.23;yaw=0.34
24.3666667938,[debug],turtlebot4,simulation,robot-pose,x=-33.52;y=34.03;yaw=2.69
24.3666667938,[debug],turtlebot3,simulation,robot-pose,x=-40.39;y=25.23;yaw=0.34
24.4000000954,[debug],turtlebot5,simulation,robot-pose,x=-20.99;y=18.00;yaw=-1.54
24.4000000954,[debug],turtlebot5,simulation,robot-pose,x=-20.99;y=18.00;yaw=-1.54
39.1500000954,[debug],turtlebot1,simulation,robot-pose,x=-13.49;y=18.00;yaw=-1.49
39.3333332539,[debug],turtlebot1,simulation,robot-pose,x=-13.49;y=18.00;yaw=-1.49
39.3499999046,[debug],turtlebot2,simulation,robot-pose,x=-39.51;y=33.84;yaw=0.46
39.3499999046,[debug],turtlebot2,simulation,robot-pose,x=-39.51;y=33.84;yaw=0.46
39.3666667938,[debug],turtlebot3,simulation,robot-pose,x=-40.39;y=25.23;yaw=0.33
39.3666667938,[debug],turtlebot4,simulation,robot-pose,x=-34.71;y=34.59;yaw=2.80
39.3666667938,[debug],turtlebot3,simulation,robot-pose,x=-40.39;y=25.23;yaw=0.33
39.3666667938,[debug],turtlebot4,simulation,robot-pose,x=-34.71;y=34.59;yaw=2.80
39.4000000954,[debug],turtlebot5,simulation,robot-pose,x=-20.99;y=18.00;yaw=-1.54
39.4000000954,[debug],turtlebot5,simulation,robot-pose,x=-20.99;y=18.00;yaw=-1.54
54.1666667461,[debug],turtlebot1,simulation,robot-pose,x=-13.49;y=18.00;yaw=-1.48
54.3333332539,[debug],turtlebot1,simulation,robot-pose,x=-13.49;y=18.00;yaw=-1.48
54.3499999046,[debug],turtlebot2,simulation,robot-pose,x=-39.51;y=33.84;yaw=0.46
54.3499999046,[debug],turtlebot2,simulation,robot-pose,x=-39.51;y=33.84;yaw=0.46
54.3666667938,[debug],turtlebot3,simulation,robot-pose,x=-40.39;y=25.23;yaw=0.33
54.3666667938,[debug],turtlebot3,simulation,robot-pose,x=-40.39;y=25.23;yaw=0.33
54.3666667938,[debug],turtlebot4,simulation,robot-pose,x=-35.93;y=34.47;yaw=-2.76
54.3666667938,[debug],turtlebot4,simulation,robot-pose,x=-35.93;y=34.47;yaw=-2.76
54.4000000954,[debug],turtlebot5,simulation,robot-pose,x=-20.99;y=18.00;yaw=-1.54
54.4000000954,[debug],turtlebot5,simulation,robot-pose,x=-20.99;y=18.00;yaw=-1.54
57.1500000954,[info],turtlebot4,skill-life-cycle,navigation,(status=RUNNING, parameters=[[-37.0, 33.98, -1.5707963267948966, True], [-37.0, 21.5, 3.141592653589793, True], [-38.0, 21.5, 0.0, False]])
65.7833333015,[debug],turtlebot4,move-base-info,Hooray, the base moved arrived,(x=-37;y=33.98)
65.7833333015,[debug],turtlebot4,move-base-info,Hooray, the base moved arrived,(x=-37;y=33.98)
65.8666667938,[debug],turtlebot4,task-update,navigation,way-point-reached,33.33333333333333%
69.1666667461,[debug],turtlebot1,simulation,robot-pose,x=-13.49;y=18.00;yaw=-1.46
69.2999999523,[debug],turtlebot1,simulation,robot-pose,x=-13.49;y=18.00;yaw=-1.46
69.3499999046,[debug],turtlebot2,simulation,robot-pose,x=-39.51;y=33.84;yaw=0.46
69.3499999046,[debug],turtlebot2,simulation,robot-pose,x=-39.51;y=33.84;yaw=0.46
69.3666667938,[debug],turtlebot3,simulation,robot-pose,x=-40.39;y=25.23;yaw=0.33
69.3666667938,[debug],turtlebot3,simulation,robot-pose,x=-40.39;y=25.23;yaw=0.33
69.3666667938,[debug],turtlebot4,simulation,robot-pose,x=-36.60;y=34.23;yaw=-1.62
69.3666667938,[debug],turtlebot4,simulation,robot-pose,x=-36.60;y=34.23;yaw=-1.62
69.4000000954,[debug],turtlebot5,simulation,robot-pose,x=-20.99;y=18.00;yaw=-1.54
69.4000000954,[debug],turtlebot5,simulation,robot-pose,x=-20.99;y=18.00;yaw=-1.54
84.1666667461,[debug],turtlebot1,simulation,robot-pose,x=-13.49;y=17.99;yaw=-1.45
84.2833333015,[debug],turtlebot1,simulation,robot-pose,x=-13.49;y=17.99;yaw=-1.45
84.3499999046,[debug],turtlebot2,simulation,robot-pose,x=-39.51;y=33.84;yaw=0.46
84.3499999046,[debug],turtlebot2,simulation,robot-pose,x=-39.51;y=33.84;yaw=0.46
84.3666667938,[debug],turtlebot3,simulation,robot-pose,x=-40.39;y=25.23;yaw=0.33
84.3666667938,[debug],turtlebot4,simulation,robot-pose,x=-36.60;y=31.92;yaw=-1.57
84.3666667938,[debug],turtlebot3,simulation,robot-pose,x=-40.39;y=25.23;yaw=0.33
84.3666667938,[debug],turtlebot4,simulation,robot-pose,x=-36.60;y=31.92;yaw=-1.57
84.4000000954,[debug],turtlebot5,simulation,robot-pose,x=-20.99;y=18.00;yaw=-1.54
84.4000000954,[debug],turtlebot5,simulation,robot-pose,x=-20.99;y=18.00;yaw=-1.54
99.1666667461,[debug],turtlebot1,simulation,robot-pose,x=-13.49;y=17.99;yaw=-1.43
99.3333332539,[debug],turtlebot1,simulation,robot-pose,x=-13.49;y=17.99;yaw=-1.43
99.3499999046,[debug],turtlebot2,simulation,robot-pose,x=-39.51;y=33.84;yaw=0.46
99.3499999046,[debug],turtlebot2,simulation,robot-pose,x=-39.51;y=33.84;yaw=0.46
99.3666667938,[debug],turtlebot3,simulation,robot-pose,x=-40.39;y=25.23;yaw=0.33
99.3666667938,[debug],turtlebot4,simulation,robot-pose,x=-36.64;y=29.46;yaw=-1.67
99.3666667938,[debug],turtlebot3,simulation,robot-pose,x=-40.39;y=25.23;yaw=0.33
99.3666667938,[debug],turtlebot4,simulation,robot-pose,x=-36.64;y=29.46;yaw=-1.67
99.4000000954,[debug],turtlebot5,simulation,robot-pose,x=-20.99;y=18.00;yaw=-1.54
99.4000000954,[debug],turtlebot5,simulation,robot-pose,x=-20.99;y=18.00;yaw=-1.54
107.349999905,[info],turtlebot4,skill-life-cycle,navigation,(status=RUNNING, parameters=[[-37.0, 33.98, -1.5707963267948966, True], [-37.0, 21.5, 3.141592653589793, True], [-38.0, 21.5, 0.0, False]])
114.166666746,[debug],turtlebot1,simulation,robot-pose,x=-13.49;y=17.99;yaw=-1.42
114.299999952,[debug],turtlebot1,simulation,robot-pose,x=-13.49;y=17.99;yaw=-1.42
114.349999905,[debug],turtlebot2,simulation,robot-pose,x=-39.51;y=33.84;yaw=0.46
114.349999905,[debug],turtlebot2,simulation,robot-pose,x=-39.51;y=33.84;yaw=0.46
114.366666794,[debug],turtlebot3,simulation,robot-pose,x=-40.39;y=25.23;yaw=0.33
114.366666794,[debug],turtlebot3,simulation,robot-pose,x=-40.39;y=25.23;yaw=0.33
114.366666794,[debug],turtlebot4,simulation,robot-pose,x=-36.79;y=27.11;yaw=-1.58
114.366666794,[debug],turtlebot4,simulation,robot-pose,x=-36.79;y=27.11;yaw=-1.58
114.400000095,[debug],turtlebot5,simulation,robot-pose,x=-20.99;y=18.00;yaw=-1.54
114.400000095,[debug],turtlebot5,simulation,robot-pose,x=-20.99;y=18.00;yaw=-1.54
129.166666746,[debug],turtlebot1,simulation,robot-pose,x=-13.49;y=17.98;yaw=-1.40
129.283333302,[debug],turtlebot1,simulation,robot-pose,x=-13.49;y=17.98;yaw=-1.40
129.349999905,[debug],turtlebot2,simulation,robot-pose,x=-39.51;y=33.84;yaw=0.46
129.349999905,[debug],turtlebot2,simulation,robot-pose,x=-39.51;y=33.84;yaw=0.46
129.366666794,[debug],turtlebot4,simulation,robot-pose,x=-36.83;y=24.65;yaw=-1.62
129.366666794,[debug],turtlebot4,simulation,robot-pose,x=-36.83;y=24.65;yaw=-1.62
129.366666794,[debug],turtlebot3,simulation,robot-pose,x=-40.39;y=25.23;yaw=0.33
129.366666794,[debug],turtlebot3,simulation,robot-pose,x=-40.39;y=25.23;yaw=0.33
129.400000095,[debug],turtlebot5,simulation,robot-pose,x=-21.00;y=18.00;yaw=-1.54
129.400000095,[debug],turtlebot5,simulation,robot-pose,x=-21.00;y=18.00;yaw=-1.54
144.166666746,[debug],turtlebot1,simulation,robot-pose,x=-13.49;y=17.98;yaw=-1.38
144.283333302,[debug],turtlebot1,simulation,robot-pose,x=-13.49;y=17.98;yaw=-1.38
144.349999905,[debug],turtlebot2,simulation,robot-pose,x=-39.50;y=33.84;yaw=0.46
144.349999905,[debug],turtlebot2,simulation,robot-pose,x=-39.50;y=33.84;yaw=0.46
144.366666794,[debug],turtlebot4,simulation,robot-pose,x=-36.96;y=22.28;yaw=-1.63
144.366666794,[debug],turtlebot4,simulation,robot-pose,x=-36.96;y=22.28;yaw=-1.63
144.366666794,[debug],turtlebot3,simulation,robot-pose,x=-40.39;y=25.23;yaw=0.33
144.366666794,[debug],turtlebot3,simulation,robot-pose,x=-40.39;y=25.23;yaw=0.33
144.400000095,[debug],turtlebot5,simulation,robot-pose,x=-21.00;y=18.00;yaw=-1.54
144.400000095,[debug],turtlebot5,simulation,robot-pose,x=-21.00;y=18.00;yaw=-1.54
150.683333397,[debug],turtlebot4,move-base-info,Hooray, the base moved arrived,(x=-37;y=21.5)
150.683333397,[debug],turtlebot4,move-base-info,Hooray, the base moved arrived,(x=-37;y=21.5)
150.816666603,[debug],turtlebot4,task-update,navigation,way-point-reached,66.66666666666666%
157.450000048,[info],turtlebot4,skill-life-cycle,navigation,(status=RUNNING, parameters=[[-37.0, 33.98, -1.5707963267948966, True], [-37.0, 21.5, 3.141592653589793, True], [-38.0, 21.5, 0.0, False]])
159.166666746,[debug],turtlebot1,simulation,robot-pose,x=-13.48;y=17.98;yaw=-1.36
159.299999952,[debug],turtlebot1,simulation,robot-pose,x=-13.48;y=17.98;yaw=-1.36
159.349999905,[debug],turtlebot2,simulation,robot-pose,x=-39.50;y=33.84;yaw=0.46
159.349999905,[debug],turtlebot2,simulation,robot-pose,x=-39.50;y=33.84;yaw=0.46
159.366666794,[debug],turtlebot3,simulation,robot-pose,x=-40.39;y=25.23;yaw=0.33
159.366666794,[debug],turtlebot3,simulation,robot-pose,x=-40.39;y=25.23;yaw=0.33
159.366666794,[debug],turtlebot4,simulation,robot-pose,x=-37.26;y=21.83;yaw=-2.65
159.366666794,[debug],turtlebot4,simulation,robot-pose,x=-37.26;y=21.83;yaw=-2.65
159.400000095,[debug],turtlebot5,simulation,robot-pose,x=-21.00;y=18.00;yaw=-1.54
159.400000095,[debug],turtlebot5,simulation,robot-pose,x=-21.00;y=18.00;yaw=-1.54
170.266666651,[debug],turtlebot4,move-base-info,Hooray, the base moved arrived,(x=-38;y=21.5)
170.299999952,[debug],turtlebot4,move-base-info,Hooray, the base moved arrived,(x=-38;y=21.5)
170.433333397,[debug],turtlebot4,task-update,navigation,way-point-reached,100.0%
170.5,[debug],turtlebot4,available-skills,['send_message', 'wait_message', 'approach_person', 'approach_robot', 'authenticate_person', 'deposit', 'navigation', 'pick_up'],
170.5,[info],turtlebot4,skill-life-cycle,approach_person,(status=STARTED, parameters=['nurse'])
170.566666603,[debug],turtlebot4,task-update,approach_person,localize-person,(who=nurse)
170.866666794,[debug],turtlebot4,task-update,approach_person,goto-person,(who=nurse)
170.950000048,[debug],turtlebot4,available-skills,['send_message', 'wait_message', 'approach_person', 'approach_robot', 'authenticate_person', 'deposit', 'navigation', 'pick_up'],
170.950000048,[info],turtlebot4,skill-life-cycle,authenticate_person,(status=STARTED, parameters=['nurse'])
171.033333302,[debug],turtlebot4,task-update,authenticate_person,request-authentication,(to=nurse)
171.049999952,[info],nurse,sync,received-request,(status=sending-request)
171.049999952,[info],nurse,sync,received-request,(status=sending-request)
171.650000095,[debug],turtlebot4,task-update,authenticate_person,received-authentication,(from=nurse)
171.716666698,[debug],turtlebot4,available-skills,['send_message', 'wait_message', 'approach_person', 'approach_robot', 'authenticate_person', 'deposit', 'navigation', 'pick_up'],
171.716666698,[info],turtlebot4,skill-life-cycle,fail,(status=STARTED, parameters=['operate_drawer', 'open'])
173.583333254,[info],turtlebot4,skill-life-cycle,fail,(status=Status.FAILURE, parameters=['operate_drawer', 'open'])
173.583333254,FAILURE
173.683333397,[info],turtlebot4,skill-life-cycle,fail,(status=Status.FAILURE, parameters=['operate_drawer', 'open'])
173.683333397,FAILURE
173.766666651,[info],turtlebot4,skill-life-cycle,fail,(status=Status.FAILURE, parameters=['operate_drawer', 'open'])
173.766666651,FAILURE
173.866666794,[info],turtlebot4,skill-life-cycle,fail,(status=Status.FAILURE, parameters=['operate_drawer', 'open'])
173.866666794,FAILURE
173.950000048,[info],turtlebot4,skill-life-cycle,fail,(status=Status.FAILURE, parameters=['operate_drawer', 'open'])
173.966666698,FAILURE
174.049999952,[info],turtlebot4,skill-life-cycle,fail,(status=Status.FAILURE, parameters=['operate_drawer', 'open'])
174.049999952,FAILURE
174.133333445,[info],turtlebot4,skill-life-cycle,fail,(status=Status.FAILURE, parameters=['operate_drawer', 'open'])
174.133333445,FAILURE
174.166666746,[debug],turtlebot1,simulation,robot-pose,x=-13.48;y=17.97;yaw=-1.34
174.216666698,[info],turtlebot4,skill-life-cycle,fail,(status=Status.FAILURE, parameters=['operate_drawer', 'open'])
174.216666698,FAILURE
174.283333302,[info],turtlebot4,skill-life-cycle,fail,(status=Status.FAILURE, parameters=['operate_drawer', 'open'])
174.283333302,FAILURE
174.283333302,[debug],turtlebot1,simulation,robot-pose,x=-13.48;y=17.97;yaw=-1.34
174.349999905,[debug],turtlebot2,simulation,robot-pose,x=-39.50;y=33.84;yaw=0.46
174.349999905,[debug],turtlebot2,simulation,robot-pose,x=-39.50;y=33.84;yaw=0.46
174.349999905,[info],turtlebot4,skill-life-cycle,fail,(status=Status.FAILURE, parameters=['operate_drawer', 'open'])
174.349999905,FAILURE
174.366666794,[debug],turtlebot3,simulation,robot-pose,x=-40.39;y=25.23;yaw=0.33
174.366666794,[debug],turtlebot4,simulation,robot-pose,x=-37.61;y=21.69;yaw=-0.04
174.366666794,[debug],turtlebot3,simulation,robot-pose,x=-40.39;y=25.23;yaw=0.33
174.366666794,[debug],turtlebot4,simulation,robot-pose,x=-37.61;y=21.69;yaw=-0.04
174.416666746,[debug],turtlebot5,simulation,robot-pose,x=-21.00;y=18.00;yaw=-1.54
174.416666746,[debug],turtlebot5,simulation,robot-pose,x=-21.00;y=18.00;yaw=-1.54
174.433333397,[info],turtlebot4,skill-life-cycle,fail,(status=Status.FAILURE, parameters=['operate_drawer', 'open'])
174.433333397,FAILURE
174.5,[info],turtlebot4,skill-life-cycle,fail,(status=Status.FAILURE, parameters=['operate_drawer', 'open'])
174.5,FAILURE
174.566666603,[info],turtlebot4,skill-life-cycle,fail,(status=Status.FAILURE, parameters=['operate_drawer', 'open'])
174.566666603,FAILURE
174.650000095,[info],turtlebot4,skill-life-cycle,fail,(status=Status.FAILURE, parameters=['operate_drawer', 'open'])
174.650000095,FAILURE
174.716666698,[info],turtlebot4,skill-life-cycle,fail,(status=Status.FAILURE, parameters=['operate_drawer', 'open'])
174.716666698,FAILURE
174.783333302,[info],turtlebot4,skill-life-cycle,fail,(status=Status.FAILURE, parameters=['operate_drawer', 'open'])
174.783333302,FAILURE
174.866666794,[info],turtlebot4,skill-life-cycle,fail,(status=Status.FAILURE, parameters=['operate_drawer', 'open'])
174.866666794,FAILURE
174.966666698,[info],turtlebot4,skill-life-cycle,fail,(status=Status.FAILURE, parameters=['operate_drawer', 'open'])
174.966666698,FAILURE
175.033333302,[info],turtlebot4,skill-life-cycle,fail,(status=Status.FAILURE, parameters=['operate_drawer', 'open'])
175.049999952,FAILURE
175.116666794,[info],turtlebot4,skill-life-cycle,fail,(status=Status.FAILURE, parameters=['operate_drawer', 'open'])
175.116666794,FAILURE
175.166666746,[info],turtlebot4,skill-life-cycle,fail,(status=Status.FAILURE, parameters=['operate_drawer', 'open'])
175.166666746,FAILURE
0.0,[debug],simulation closed,failure-bt,execution-wall-clock=226.23292636871338
