1.78333330154,[debug],turtlebot5,move-base-info,Move_base is up and ok....,
2.28333330154,[debug],turtlebot1,move-base-info,Move_base is up and ok....,
11.0833332539,[info],turtlebot2,skill-life-cycle,init_robobt,(status=RUNNING, parameters=[])
11.1333334446,[info],turtlebot5,skill-life-cycle,init_robobt,(status=RUNNING, parameters=[])
11.3833334446,[info],turtlebot1,skill-life-cycle,init_robobt,(status=RUNNING, parameters=[])
12.8666665554,[debug],turtlebot3,available-skills,['send_message', 'wait_message', 'approach_person', 'approach_robot', 'authenticate_person', 'deposit', 'navigation', 'operate_drawer', 'pick_up'],
12.8666665554,[info],turtlebot3,skill-life-cycle,navigation,(status=STARTED, parameters=[[-27.23, 16.0, 3.141592653589793, True], [-37.0, 16.0, 1.5707963267948966, True], [-37.0, 18.93, 0.0, True], [-33.9, 18.93, 3.14, False]])
24.1333334446,[debug],turtlebot1,simulation,robot-pose,x=-11.46;y=17.82;yaw=-1.25
24.2166666985,[debug],turtlebot2,simulation,robot-pose,x=-28.68;y=17.88;yaw=-0.79
24.2333333492,[debug],turtlebot5,simulation,robot-pose,x=-32.89;y=33.97;yaw=-3.10
24.2333333492,[debug],turtlebot4,simulation,robot-pose,x=-40.39;y=25.23;yaw=0.34
24.2333333492,[debug],turtlebot3,simulation,robot-pose,x=-27.16;y=17.43;yaw=-1.46
24.25,[debug],turtlebot1,simulation,robot-pose,x=-11.46;y=17.82;yaw=-1.25
24.25,[debug],turtlebot2,simulation,robot-pose,x=-28.68;y=17.88;yaw=-0.79
24.2666666508,[debug],turtlebot5,simulation,robot-pose,x=-32.89;y=33.97;yaw=-3.10
24.2666666508,[debug],turtlebot4,simulation,robot-pose,x=-40.39;y=25.23;yaw=0.34
24.2666666508,[debug],turtlebot3,simulation,robot-pose,x=-27.16;y=17.43;yaw=-1.46
39.1333334446,[debug],turtlebot1,simulation,robot-pose,x=-11.46;y=17.82;yaw=-1.25
39.2166666985,[debug],turtlebot2,simulation,robot-pose,x=-28.68;y=17.88;yaw=-0.80
39.2333333492,[debug],turtlebot5,simulation,robot-pose,x=-32.89;y=33.97;yaw=-3.10
39.2333333492,[debug],turtlebot4,simulation,robot-pose,x=-40.39;y=25.23;yaw=0.33
39.2333333492,[debug],turtlebot3,simulation,robot-pose,x=-27.13;y=16.44;yaw=-3.08
39.25,[debug],turtlebot1,simulation,robot-pose,x=-11.46;y=17.82;yaw=-1.25
39.25,[debug],turtlebot2,simulation,robot-pose,x=-28.68;y=17.88;yaw=-0.80
39.25,[debug],turtlebot5,simulation,robot-pose,x=-32.89;y=33.97;yaw=-3.10
39.2666666508,[debug],turtlebot4,simulation,robot-pose,x=-40.39;y=25.23;yaw=0.33
39.2666666508,[debug],turtlebot3,simulation,robot-pose,x=-27.13;y=16.44;yaw=-3.08
39.4500000477,[debug],turtlebot3,move-base-info,Hooray, the base moved arrived,(x=-27.23;y=16)
39.4500000477,[debug],turtlebot3,move-base-info,Hooray, the base moved arrived,(x=-27.23;y=16)
39.4833333492,[debug],turtlebot3,task-update,navigation,way-point-reached,25.0%
54.1500000954,[debug],turtlebot1,simulation,robot-pose,x=-11.46;y=17.82;yaw=-1.25
54.2166666985,[debug],turtlebot2,simulation,robot-pose,x=-28.69;y=17.88;yaw=-0.80
54.2333333492,[debug],turtlebot4,simulation,robot-pose,x=-40.39;y=25.23;yaw=0.33
54.2333333492,[debug],turtlebot3,simulation,robot-pose,x=-28.36;y=16.10;yaw=-3.12
54.2333333492,[debug],turtlebot5,simulation,robot-pose,x=-32.89;y=33.97;yaw=-3.10
54.2666666508,[debug],turtlebot1,simulation,robot-pose,x=-11.46;y=17.82;yaw=-1.25
54.2833333015,[debug],turtlebot2,simulation,robot-pose,x=-28.69;y=17.88;yaw=-0.80
54.2833333015,[debug],turtlebot4,simulation,robot-pose,x=-40.39;y=25.23;yaw=0.33
54.2833333015,[debug],turtlebot3,simulation,robot-pose,x=-28.36;y=16.10;yaw=-3.12
54.2833333015,[debug],turtlebot5,simulation,robot-pose,x=-32.89;y=33.97;yaw=-3.10
57.8499999046,[info],turtlebot3,skill-life-cycle,navigation,(status=RUNNING, parameters=[[-27.23, 16.0, 3.141592653589793, True], [-37.0, 16.0, 1.5707963267948966, True], [-37.0, 18.93, 0.0, True], [-33.9, 18.93, 3.14, False]])
69.1333334446,[debug],turtlebot1,simulation,robot-pose,x=-11.46;y=17.82;yaw=-1.25
69.2166666985,[debug],turtlebot2,simulation,robot-pose,x=-28.69;y=17.87;yaw=-0.79
69.25,[debug],turtlebot4,simulation,robot-pose,x=-40.39;y=25.23;yaw=0.33
69.25,[debug],turtlebot5,simulation,robot-pose,x=-32.89;y=33.97;yaw=-3.10
69.25,[debug],turtlebot3,simulation,robot-pose,x=-30.82;y=16.05;yaw=3.12
69.2666666508,[debug],turtlebot1,simulation,robot-pose,x=-11.46;y=17.82;yaw=-1.25
69.2833333015,[debug],turtlebot2,simulation,robot-pose,x=-28.69;y=17.87;yaw=-0.79
69.2833333015,[debug],turtlebot4,simulation,robot-pose,x=-40.39;y=25.23;yaw=0.33
69.2833333015,[debug],turtlebot5,simulation,robot-pose,x=-32.89;y=33.97;yaw=-3.10
69.2833333015,[debug],turtlebot3,simulation,robot-pose,x=-30.82;y=16.05;yaw=3.12
84.1333334446,[debug],turtlebot1,simulation,robot-pose,x=-11.46;y=17.82;yaw=-1.25
84.2166666985,[debug],turtlebot2,simulation,robot-pose,x=-28.69;y=17.87;yaw=-0.78
84.2333333492,[debug],turtlebot5,simulation,robot-pose,x=-32.90;y=33.97;yaw=-3.10
84.2333333492,[debug],turtlebot3,simulation,robot-pose,x=-33.15;y=15.90;yaw=3.09
84.2333333492,[debug],turtlebot4,simulation,robot-pose,x=-40.39;y=25.23;yaw=0.33
84.25,[debug],turtlebot1,simulation,robot-pose,x=-11.46;y=17.82;yaw=-1.25
84.25,[debug],turtlebot2,simulation,robot-pose,x=-28.69;y=17.87;yaw=-0.78
84.25,[debug],turtlebot5,simulation,robot-pose,x=-32.90;y=33.97;yaw=-3.10
84.25,[debug],turtlebot3,simulation,robot-pose,x=-33.15;y=15.90;yaw=3.09
84.2666666508,[debug],turtlebot4,simulation,robot-pose,x=-40.39;y=25.23;yaw=0.33
99.1333334446,[debug],turtlebot1,simulation,robot-pose,x=-11.46;y=17.82;yaw=-1.25
99.2166666985,[debug],turtlebot2,simulation,robot-pose,x=-28.69;y=17.88;yaw=-0.79
99.2333333492,[debug],turtlebot3,simulation,robot-pose,x=-35.85;y=16.15;yaw=2.70
99.2333333492,[debug],turtlebot5,simulation,robot-pose,x=-32.90;y=33.97;yaw=-3.10
99.2333333492,[debug],turtlebot4,simulation,robot-pose,x=-40.39;y=25.23;yaw=0.33
99.2666666508,[debug],turtlebot1,simulation,robot-pose,x=-11.46;y=17.82;yaw=-1.25
99.2666666508,[debug],turtlebot2,simulation,robot-pose,x=-28.69;y=17.88;yaw=-0.79
99.2666666508,[debug],turtlebot3,simulation,robot-pose,x=-35.85;y=16.15;yaw=2.70
99.2666666508,[debug],turtlebot5,simulation,robot-pose,x=-32.90;y=33.97;yaw=-3.10
99.2666666508,[debug],turtlebot4,simulation,robot-pose,x=-40.39;y=25.23;yaw=0.33
108.133333445,[info],turtlebot3,skill-life-cycle,navigation,(status=RUNNING, parameters=[[-27.23, 16.0, 3.141592653589793, True], [-37.0, 16.0, 1.5707963267948966, True], [-37.0, 18.93, 0.0, True], [-33.9, 18.93, 3.14, False]])
108.683333397,[debug],turtlebot3,move-base-info,Hooray, the base moved arrived,(x=-37;y=16)
108.683333397,[debug],turtlebot3,move-base-info,Hooray, the base moved arrived,(x=-37;y=16)
108.816666603,[debug],turtlebot3,task-update,navigation,way-point-reached,50.0%
114.133333445,[debug],turtlebot1,simulation,robot-pose,x=-11.46;y=17.82;yaw=-1.25
114.216666698,[debug],turtlebot2,simulation,robot-pose,x=-28.69;y=17.88;yaw=-0.79
114.233333349,[debug],turtlebot3,simulation,robot-pose,x=-36.74;y=16.66;yaw=1.61
114.233333349,[debug],turtlebot4,simulation,robot-pose,x=-40.39;y=25.23;yaw=0.33
114.233333349,[debug],turtlebot5,simulation,robot-pose,x=-32.90;y=33.97;yaw=-3.09
114.25,[debug],turtlebot1,simulation,robot-pose,x=-11.46;y=17.82;yaw=-1.25
114.25,[debug],turtlebot2,simulation,robot-pose,x=-28.69;y=17.88;yaw=-0.79
114.25,[debug],turtlebot3,simulation,robot-pose,x=-36.74;y=16.66;yaw=1.61
114.25,[debug],turtlebot4,simulation,robot-pose,x=-40.39;y=25.23;yaw=0.33
114.25,[debug],turtlebot5,simulation,robot-pose,x=-32.90;y=33.97;yaw=-3.09
123.049999952,[debug],turtlebot3,move-base-info,Hooray, the base moved arrived,(x=-37;y=18.93)
123.049999952,[debug],turtlebot3,move-base-info,Hooray, the base moved arrived,(x=-37;y=18.93)
123.150000095,[debug],turtlebot3,task-update,navigation,way-point-reached,75.0%
129.133333445,[debug],turtlebot1,simulation,robot-pose,x=-11.46;y=17.82;yaw=-1.25
129.216666698,[debug],turtlebot2,simulation,robot-pose,x=-28.69;y=17.88;yaw=-0.79
129.233333349,[debug],turtlebot4,simulation,robot-pose,x=-40.39;y=25.23;yaw=0.33
129.233333349,[debug],turtlebot3,simulation,robot-pose,x=-36.74;y=18.48;yaw=-0.22
129.233333349,[debug],turtlebot5,simulation,robot-pose,x=-32.90;y=33.97;yaw=-3.09
129.283333302,[debug],turtlebot1,simulation,robot-pose,x=-11.46;y=17.82;yaw=-1.25
129.283333302,[debug],turtlebot2,simulation,robot-pose,x=-28.69;y=17.88;yaw=-0.79
129.283333302,[debug],turtlebot4,simulation,robot-pose,x=-40.39;y=25.23;yaw=0.33
129.283333302,[debug],turtlebot3,simulation,robot-pose,x=-36.74;y=18.48;yaw=-0.22
129.283333302,[debug],turtlebot5,simulation,robot-pose,x=-32.90;y=33.97;yaw=-3.09
144.133333445,[debug],turtlebot1,simulation,robot-pose,x=-11.46;y=17.82;yaw=-1.25
144.216666698,[debug],turtlebot2,simulation,robot-pose,x=-28.69;y=17.88;yaw=-0.80
144.233333349,[debug],turtlebot3,simulation,robot-pose,x=-35.65;y=18.01;yaw=0.01
144.233333349,[debug],turtlebot5,simulation,robot-pose,x=-32.90;y=33.97;yaw=-3.09
144.233333349,[debug],turtlebot4,simulation,robot-pose,x=-40.39;y=25.23;yaw=0.33
144.283333302,[debug],turtlebot1,simulation,robot-pose,x=-11.46;y=17.82;yaw=-1.25
144.283333302,[debug],turtlebot2,simulation,robot-pose,x=-28.69;y=17.88;yaw=-0.80
144.283333302,[debug],turtlebot3,simulation,robot-pose,x=-35.65;y=18.01;yaw=0.01
144.283333302,[debug],turtlebot5,simulation,robot-pose,x=-32.90;y=33.97;yaw=-3.09
144.283333302,[debug],turtlebot4,simulation,robot-pose,x=-40.39;y=25.23;yaw=0.33
159.099999905,[info],turtlebot3,skill-life-cycle,navigation,(status=RUNNING, parameters=[[-27.23, 16.0, 3.141592653589793, True], [-37.0, 16.0, 1.5707963267948966, True], [-37.0, 18.93, 0.0, True], [-33.9, 18.93, 3.14, False]])
159.150000095,[debug],turtlebot1,simulation,robot-pose,x=-11.46;y=17.82;yaw=-1.25
159.216666698,[debug],turtlebot2,simulation,robot-pose,x=-28.69;y=17.88;yaw=-0.80
159.233333349,[debug],turtlebot5,simulation,robot-pose,x=-32.90;y=33.97;yaw=-3.09
159.233333349,[debug],turtlebot4,simulation,robot-pose,x=-40.39;y=25.23;yaw=0.33
159.233333349,[debug],turtlebot3,simulation,robot-pose,x=-34.14;y=18.53;yaw=1.90
159.266666651,[debug],turtlebot1,simulation,robot-pose,x=-11.46;y=17.82;yaw=-1.25
159.266666651,[debug],turtlebot2,simulation,robot-pose,x=-28.69;y=17.88;yaw=-0.80
159.266666651,[debug],turtlebot5,simulation,robot-pose,x=-32.90;y=33.97;yaw=-3.09
159.266666651,[debug],turtlebot4,simulation,robot-pose,x=-40.39;y=25.23;yaw=0.33
159.266666651,[debug],turtlebot3,simulation,robot-pose,x=-34.14;y=18.53;yaw=1.90
162.716666698,[debug],turtlebot3,move-base-info,Hooray, the base moved arrived,(x=-33.9;y=18.93)
162.716666698,[debug],turtlebot3,move-base-info,Hooray, the base moved arrived,(x=-33.9;y=18.93)
162.983333349,[debug],turtlebot3,task-update,navigation,way-point-reached,100.0%
163.066666603,[debug],turtlebot3,available-skills,['send_message', 'wait_message', 'approach_person', 'approach_robot', 'authenticate_person', 'deposit', 'navigation', 'operate_drawer', 'pick_up'],
163.066666603,[info],turtlebot3,skill-life-cycle,approach_person,(status=STARTED, parameters=['nurse'])
163.183333397,[debug],turtlebot3,task-update,approach_person,localize-person,(who=nurse)
163.349999905,[debug],turtlebot3,task-update,approach_person,goto-person,(who=nurse)
163.433333397,[debug],turtlebot3,available-skills,['send_message', 'wait_message', 'approach_person', 'approach_robot', 'authenticate_person', 'deposit', 'navigation', 'operate_drawer', 'pick_up'],
163.433333397,[info],turtlebot3,skill-life-cycle,authenticate_person,(status=STARTED, parameters=['nurse'])
163.5,[info],nurse,sync,received-request,(status=sending-request)
163.5,[debug],turtlebot3,task-update,authenticate_person,request-authentication,(to=nurse)
163.5,[info],nurse,sync,received-request,(status=sending-request)
163.966666698,[debug],turtlebot3,task-update,authenticate_person,received-authentication,(from=nurse)
164.049999952,[debug],turtlebot3,available-skills,['send_message', 'wait_message', 'approach_person', 'approach_robot', 'authenticate_person', 'deposit', 'navigation', 'operate_drawer', 'pick_up'],
164.049999952,[info],turtlebot3,skill-life-cycle,operate_drawer,(status=STARTED, parameters=['open'])
164.116666555,[debug],turtlebot3,task-update,operate_drawer,open
165.099999905,[debug],turtlebot3,available-skills,['send_message', 'wait_message', 'approach_person', 'approach_robot', 'authenticate_person', 'deposit', 'navigation', 'operate_drawer', 'pick_up'],
165.099999905,[info],turtlebot3,skill-life-cycle,send_message,(status=STARTED, parameters=['nurse'])
165.150000095,[info],turtlebot3,sync,send-message,(to=nurse)
166.016666651,[info],nurse,sync,wait-message,(status=message-received)
166.016666651,[info],nurse,sync,wait-message,(status=message-received)
168.716666698,[debug],turtlebot3,available-skills,['send_message', 'wait_message', 'approach_person', 'approach_robot', 'authenticate_person', 'deposit', 'navigation', 'operate_drawer', 'pick_up'],
168.716666698,[info],turtlebot3,skill-life-cycle,wait_message,(status=STARTED, parameters=['r1'])
170.066666603,[info],turtlebot3,sync,wait-message,(status=message-received)
170.133333445,[debug],turtlebot3,available-skills,['send_message', 'wait_message', 'approach_person', 'approach_robot', 'authenticate_person', 'deposit', 'navigation', 'operate_drawer', 'pick_up'],
170.133333445,[info],turtlebot3,skill-life-cycle,operate_drawer,(status=STARTED, parameters=['close'])
170.200000048,[debug],turtlebot3,task-update,operate_drawer,close
171.183333397,[debug],turtlebot3,available-skills,['send_message', 'wait_message', 'approach_person', 'approach_robot', 'authenticate_person', 'deposit', 'navigation', 'operate_drawer', 'pick_up'],
171.183333397,[info],turtlebot3,skill-life-cycle,navigation,(status=STARTED, parameters=[[-37.0, 18.93, -1.5707963267948966, True], [-37.0, 16.0, 0.0, True], [-26.0, 16.0, -1.5707963267948966, True], [-26.0, 13.0, 1.57, False]])
174.133333445,[debug],turtlebot1,simulation,robot-pose,x=-11.46;y=17.82;yaw=-1.25
174.216666698,[debug],turtlebot2,simulation,robot-pose,x=-28.69;y=17.88;yaw=-0.80
174.233333349,[debug],turtlebot4,simulation,robot-pose,x=-40.39;y=25.23;yaw=0.33
174.233333349,[debug],turtlebot5,simulation,robot-pose,x=-32.90;y=33.97;yaw=-3.09
174.233333349,[debug],turtlebot3,simulation,robot-pose,x=-34.11;y=18.56;yaw=3.10
174.233333349,[debug],turtlebot1,simulation,robot-pose,x=-11.46;y=17.82;yaw=-1.25
174.25,[debug],turtlebot2,simulation,robot-pose,x=-28.69;y=17.88;yaw=-0.80
174.25,[debug],turtlebot4,simulation,robot-pose,x=-40.39;y=25.23;yaw=0.33
174.25,[debug],turtlebot5,simulation,robot-pose,x=-32.90;y=33.97;yaw=-3.09
174.25,[debug],turtlebot3,simulation,robot-pose,x=-34.11;y=18.56;yaw=3.10
176.016666651,[info],nurse,sync,wait-message,(status=message-received)
176.016666651,[info],nurse,sync,wait-message,(status=message-received)
183.483333349,[info],nurse,sync,request-sent,(status=waiting)
183.483333349,[info],nurse,sync,request-sent,(status=waiting)
186.016666651,[info],nurse,sync,wait-message,(status=message-received)
186.016666651,[info],nurse,sync,wait-message,(status=message-received)
189.133333445,[debug],turtlebot1,simulation,robot-pose,x=-11.46;y=17.82;yaw=-1.25
189.216666698,[debug],turtlebot2,simulation,robot-pose,x=-28.68;y=17.88;yaw=-0.80
189.233333349,[debug],turtlebot3,simulation,robot-pose,x=-35.00;y=18.05;yaw=-2.68
189.233333349,[debug],turtlebot5,simulation,robot-pose,x=-32.90;y=33.97;yaw=-3.09
189.233333349,[debug],turtlebot4,simulation,robot-pose,x=-40.39;y=25.23;yaw=0.33
189.25,[debug],turtlebot1,simulation,robot-pose,x=-11.46;y=17.82;yaw=-1.25
189.25,[debug],turtlebot2,simulation,robot-pose,x=-28.68;y=17.88;yaw=-0.80
189.25,[debug],turtlebot3,simulation,robot-pose,x=-35.00;y=18.05;yaw=-2.68
189.25,[debug],turtlebot5,simulation,robot-pose,x=-32.90;y=33.97;yaw=-3.09
189.25,[debug],turtlebot4,simulation,robot-pose,x=-40.39;y=25.23;yaw=0.33
196.016666651,[info],nurse,sync,wait-message,(status=message-received)
196.016666651,[info],nurse,sync,wait-message,(status=message-received)
204.133333445,[debug],turtlebot1,simulation,robot-pose,x=-11.46;y=17.82;yaw=-1.25
204.216666698,[debug],turtlebot2,simulation,robot-pose,x=-28.68;y=17.88;yaw=-0.80
204.233333349,[debug],turtlebot3,simulation,robot-pose,x=-35.25;y=17.98;yaw=-3.01
204.233333349,[debug],turtlebot5,simulation,robot-pose,x=-32.91;y=33.97;yaw=-3.09
204.233333349,[debug],turtlebot4,simulation,robot-pose,x=-40.39;y=25.23;yaw=0.33
204.25,[debug],turtlebot1,simulation,robot-pose,x=-11.46;y=17.82;yaw=-1.25
204.25,[debug],turtlebot2,simulation,robot-pose,x=-28.68;y=17.88;yaw=-0.80
204.25,[debug],turtlebot3,simulation,robot-pose,x=-35.25;y=17.98;yaw=-3.01
204.25,[debug],turtlebot5,simulation,robot-pose,x=-32.91;y=33.97;yaw=-3.09
204.25,[debug],turtlebot4,simulation,robot-pose,x=-40.39;y=25.23;yaw=0.33
210.233333349,[info],turtlebot3,skill-life-cycle,navigation,(status=RUNNING, parameters=[[-37.0, 18.93, -1.5707963267948966, True], [-37.0, 16.0, 0.0, True], [-26.0, 16.0, -1.5707963267948966, True], [-26.0, 13.0, 1.57, False]])
219.133333445,[debug],turtlebot1,simulation,robot-pose,x=-11.46;y=17.82;yaw=-1.25
219.216666698,[debug],turtlebot2,simulation,robot-pose,x=-28.68;y=17.88;yaw=-0.80
219.233333349,[debug],turtlebot4,simulation,robot-pose,x=-40.39;y=25.23;yaw=0.33
219.233333349,[debug],turtlebot5,simulation,robot-pose,x=-32.91;y=33.97;yaw=-3.08
219.233333349,[debug],turtlebot3,simulation,robot-pose,x=-35.69;y=17.95;yaw=2.94
219.25,[debug],turtlebot1,simulation,robot-pose,x=-11.46;y=17.82;yaw=-1.25
219.25,[debug],turtlebot2,simulation,robot-pose,x=-28.68;y=17.88;yaw=-0.80
219.25,[debug],turtlebot4,simulation,robot-pose,x=-40.39;y=25.23;yaw=0.33
219.266666651,[debug],turtlebot5,simulation,robot-pose,x=-32.91;y=33.97;yaw=-3.08
219.266666651,[debug],turtlebot3,simulation,robot-pose,x=-35.69;y=17.95;yaw=2.94
230.450000048,[debug],turtlebot3,move-base-info,Hooray, the base moved arrived,(x=-37;y=18.93)
230.450000048,[debug],turtlebot3,move-base-info,Hooray, the base moved arrived,(x=-37;y=18.93)
230.5,[debug],turtlebot3,task-update,navigation,way-point-reached,25.0%
234.133333445,[debug],turtlebot1,simulation,robot-pose,x=-11.46;y=17.82;yaw=-1.25
234.216666698,[debug],turtlebot2,simulation,robot-pose,x=-28.69;y=17.88;yaw=-0.80
234.233333349,[debug],turtlebot5,simulation,robot-pose,x=-32.91;y=33.97;yaw=-3.07
234.233333349,[debug],turtlebot4,simulation,robot-pose,x=-40.39;y=25.23;yaw=0.33
234.233333349,[debug],turtlebot3,simulation,robot-pose,x=-36.70;y=18.65;yaw=-1.62
234.283333302,[debug],turtlebot1,simulation,robot-pose,x=-11.46;y=17.82;yaw=-1.25
234.283333302,[debug],turtlebot2,simulation,robot-pose,x=-28.69;y=17.88;yaw=-0.80
234.283333302,[debug],turtlebot5,simulation,robot-pose,x=-32.91;y=33.97;yaw=-3.07
234.283333302,[debug],turtlebot4,simulation,robot-pose,x=-40.39;y=25.23;yaw=0.33
234.283333302,[debug],turtlebot3,simulation,robot-pose,x=-36.70;y=18.65;yaw=-1.62
249.133333445,[debug],turtlebot1,simulation,robot-pose,x=-11.46;y=17.82;yaw=-1.25
249.216666698,[debug],turtlebot2,simulation,robot-pose,x=-28.69;y=17.88;yaw=-0.80
249.233333349,[debug],turtlebot3,simulation,robot-pose,x=-36.71;y=17.47;yaw=-1.58
249.233333349,[debug],turtlebot4,simulation,robot-pose,x=-40.39;y=25.23;yaw=0.33
249.233333349,[debug],turtlebot5,simulation,robot-pose,x=-32.91;y=33.97;yaw=-3.06
249.25,[debug],turtlebot1,simulation,robot-pose,x=-11.46;y=17.82;yaw=-1.25
249.25,[debug],turtlebot2,simulation,robot-pose,x=-28.69;y=17.88;yaw=-0.80
249.25,[debug],turtlebot3,simulation,robot-pose,x=-36.71;y=17.47;yaw=-1.58
249.25,[debug],turtlebot4,simulation,robot-pose,x=-40.39;y=25.23;yaw=0.33
249.25,[debug],turtlebot5,simulation,robot-pose,x=-32.91;y=33.97;yaw=-3.06
259.700000048,[info],turtlebot3,skill-life-cycle,navigation,(status=RUNNING, parameters=[[-37.0, 18.93, -1.5707963267948966, True], [-37.0, 16.0, 0.0, True], [-26.0, 16.0, -1.5707963267948966, True], [-26.0, 13.0, 1.57, False]])
264.133333445,[debug],turtlebot1,simulation,robot-pose,x=-11.46;y=17.82;yaw=-1.25
264.216666698,[debug],turtlebot2,simulation,robot-pose,x=-28.69;y=17.88;yaw=-0.79
264.233333349,[debug],turtlebot3,simulation,robot-pose,x=-36.92;y=16.46;yaw=-0.76
264.233333349,[debug],turtlebot5,simulation,robot-pose,x=-32.91;y=33.97;yaw=-3.06
264.233333349,[debug],turtlebot4,simulation,robot-pose,x=-40.39;y=25.23;yaw=0.33
264.266666651,[debug],turtlebot1,simulation,robot-pose,x=-11.46;y=17.82;yaw=-1.25
264.266666651,[debug],turtlebot2,simulation,robot-pose,x=-28.69;y=17.88;yaw=-0.79
264.266666651,[debug],turtlebot3,simulation,robot-pose,x=-36.92;y=16.46;yaw=-0.76
264.266666651,[debug],turtlebot5,simulation,robot-pose,x=-32.91;y=33.97;yaw=-3.06
264.266666651,[debug],turtlebot4,simulation,robot-pose,x=-40.39;y=25.23;yaw=0.33
266.633333445,[debug],turtlebot3,move-base-info,Hooray, the base moved arrived,(x=-37;y=16)
266.633333445,[debug],turtlebot3,move-base-info,Hooray, the base moved arrived,(x=-37;y=16)
266.799999952,[debug],turtlebot3,task-update,navigation,way-point-reached,50.0%
279.133333445,[debug],turtlebot1,simulation,robot-pose,x=-11.46;y=17.82;yaw=-1.25
279.216666698,[debug],turtlebot2,simulation,robot-pose,x=-28.69;y=17.88;yaw=-0.80
279.233333349,[debug],turtlebot4,simulation,robot-pose,x=-40.39;y=25.23;yaw=0.33
279.233333349,[debug],turtlebot5,simulation,robot-pose,x=-32.92;y=33.98;yaw=-3.05
279.233333349,[debug],turtlebot3,simulation,robot-pose,x=-36.32;y=15.97;yaw=-0.83
279.266666651,[debug],turtlebot1,simulation,robot-pose,x=-11.46;y=17.82;yaw=-1.25
279.283333302,[debug],turtlebot2,simulation,robot-pose,x=-28.69;y=17.88;yaw=-0.80
279.283333302,[debug],turtlebot4,simulation,robot-pose,x=-40.39;y=25.23;yaw=0.33
279.283333302,[debug],turtlebot5,simulation,robot-pose,x=-32.92;y=33.98;yaw=-3.05
279.283333302,[debug],turtlebot3,simulation,robot-pose,x=-36.32;y=15.97;yaw=-0.83
294.133333445,[debug],turtlebot1,simulation,robot-pose,x=-11.46;y=17.82;yaw=-1.25
294.216666698,[debug],turtlebot2,simulation,robot-pose,x=-28.70;y=17.88;yaw=-0.80
294.233333349,[debug],turtlebot3,simulation,robot-pose,x=-34.18;y=15.71;yaw=0.01
294.233333349,[debug],turtlebot4,simulation,robot-pose,x=-40.39;y=25.23;yaw=0.33
294.233333349,[debug],turtlebot5,simulation,robot-pose,x=-32.92;y=33.98;yaw=-3.05
294.266666651,[debug],turtlebot1,simulation,robot-pose,x=-11.46;y=17.82;yaw=-1.25
294.266666651,[debug],turtlebot2,simulation,robot-pose,x=-28.70;y=17.88;yaw=-0.80
294.283333302,[debug],turtlebot3,simulation,robot-pose,x=-34.18;y=15.71;yaw=0.01
294.283333302,[debug],turtlebot4,simulation,robot-pose,x=-40.39;y=25.23;yaw=0.33
294.283333302,[debug],turtlebot5,simulation,robot-pose,x=-32.92;y=33.98;yaw=-3.05
309.133333445,[debug],turtlebot1,simulation,robot-pose,x=-11.47;y=17.82;yaw=-1.25
309.216666698,[debug],turtlebot2,simulation,robot-pose,x=-28.70;y=17.88;yaw=-0.81
309.25,[debug],turtlebot5,simulation,robot-pose,x=-32.92;y=33.98;yaw=-3.06
309.25,[debug],turtlebot3,simulation,robot-pose,x=-31.30;y=16.17;yaw=0.03
309.25,[debug],turtlebot4,simulation,robot-pose,x=-40.39;y=25.23;yaw=0.33
309.266666651,[debug],turtlebot1,simulation,robot-pose,x=-11.47;y=17.82;yaw=-1.25
309.266666651,[debug],turtlebot2,simulation,robot-pose,x=-28.70;y=17.88;yaw=-0.81
309.266666651,[debug],turtlebot5,simulation,robot-pose,x=-32.92;y=33.98;yaw=-3.06
309.266666651,[debug],turtlebot3,simulation,robot-pose,x=-31.30;y=16.17;yaw=0.03
309.266666651,[debug],turtlebot4,simulation,robot-pose,x=-40.39;y=25.23;yaw=0.33
309.566666603,[info],turtlebot3,skill-life-cycle,navigation,(status=RUNNING, parameters=[[-37.0, 18.93, -1.5707963267948966, True], [-37.0, 16.0, 0.0, True], [-26.0, 16.0, -1.5707963267948966, True], [-26.0, 13.0, 1.57, False]])
324.133333445,[debug],turtlebot1,simulation,robot-pose,x=-11.47;y=17.82;yaw=-1.25
324.216666698,[debug],turtlebot2,simulation,robot-pose,x=-28.70;y=17.88;yaw=-0.80
324.233333349,[debug],turtlebot5,simulation,robot-pose,x=-32.92;y=33.98;yaw=-3.06
324.233333349,[debug],turtlebot3,simulation,robot-pose,x=-28.89;y=16.08;yaw=0.04
324.233333349,[debug],turtlebot4,simulation,robot-pose,x=-40.39;y=25.23;yaw=0.33
324.25,[debug],turtlebot1,simulation,robot-pose,x=-11.47;y=17.82;yaw=-1.25
324.25,[debug],turtlebot2,simulation,robot-pose,x=-28.70;y=17.88;yaw=-0.80
324.25,[debug],turtlebot5,simulation,robot-pose,x=-32.92;y=33.98;yaw=-3.06
324.25,[debug],turtlebot3,simulation,robot-pose,x=-28.89;y=16.08;yaw=0.04
324.25,[debug],turtlebot4,simulation,robot-pose,x=-40.39;y=25.23;yaw=0.33
339.133333445,[debug],turtlebot1,simulation,robot-pose,x=-11.47;y=17.82;yaw=-1.25
339.216666698,[debug],turtlebot2,simulation,robot-pose,x=-28.71;y=17.88;yaw=-0.81
339.25,[debug],turtlebot4,simulation,robot-pose,x=-40.39;y=25.23;yaw=0.33
339.25,[debug],turtlebot3,simulation,robot-pose,x=-26.42;y=16.26;yaw=0.06
339.25,[debug],turtlebot5,simulation,robot-pose,x=-32.93;y=33.98;yaw=-3.06
339.266666651,[debug],turtlebot1,simulation,robot-pose,x=-11.47;y=17.82;yaw=-1.25
339.266666651,[debug],turtlebot2,simulation,robot-pose,x=-28.71;y=17.88;yaw=-0.81
339.266666651,[debug],turtlebot4,simulation,robot-pose,x=-40.39;y=25.23;yaw=0.33
339.266666651,[debug],turtlebot3,simulation,robot-pose,x=-26.42;y=16.26;yaw=0.06
339.266666651,[debug],turtlebot5,simulation,robot-pose,x=-32.93;y=33.98;yaw=-3.06
343.833333254,[debug],turtlebot3,move-base-info,Hooray, the base moved arrived,(x=-26;y=16)
343.833333254,[debug],turtlebot3,move-base-info,Hooray, the base moved arrived,(x=-26;y=16)
343.983333349,[debug],turtlebot3,task-update,navigation,way-point-reached,75.0%
354.133333445,[debug],turtlebot1,simulation,robot-pose,x=-11.47;y=17.82;yaw=-1.25
354.216666698,[debug],turtlebot2,simulation,robot-pose,x=-28.71;y=17.88;yaw=-0.81
354.233333349,[debug],turtlebot5,simulation,robot-pose,x=-32.93;y=33.98;yaw=-3.06
354.233333349,[debug],turtlebot3,simulation,robot-pose,x=-26.21;y=15.84;yaw=-1.15
354.233333349,[debug],turtlebot4,simulation,robot-pose,x=-40.39;y=25.23;yaw=0.33
354.25,[debug],turtlebot1,simulation,robot-pose,x=-11.47;y=17.82;yaw=-1.25
354.25,[debug],turtlebot2,simulation,robot-pose,x=-28.71;y=17.88;yaw=-0.81
354.25,[debug],turtlebot5,simulation,robot-pose,x=-32.93;y=33.98;yaw=-3.06
354.25,[debug],turtlebot3,simulation,robot-pose,x=-26.21;y=15.84;yaw=-1.15
354.25,[debug],turtlebot4,simulation,robot-pose,x=-40.39;y=25.23;yaw=0.33
358.799999952,[info],turtlebot3,skill-life-cycle,navigation,(status=RUNNING, parameters=[[-37.0, 18.93, -1.5707963267948966, True], [-37.0, 16.0, 0.0, True], [-26.0, 16.0, -1.5707963267948966, True], [-26.0, 13.0, 1.57, False]])
369.133333445,[debug],turtlebot1,simulation,robot-pose,x=-11.47;y=17.82;yaw=-1.25
369.216666698,[debug],turtlebot2,simulation,robot-pose,x=-28.71;y=17.88;yaw=-0.80
369.233333349,[debug],turtlebot5,simulation,robot-pose,x=-32.93;y=33.98;yaw=-3.06
369.233333349,[debug],turtlebot4,simulation,robot-pose,x=-40.39;y=25.23;yaw=0.33
369.233333349,[debug],turtlebot3,simulation,robot-pose,x=-25.81;y=14.63;yaw=-1.55
369.25,[debug],turtlebot1,simulation,robot-pose,x=-11.47;y=17.82;yaw=-1.25
369.25,[debug],turtlebot2,simulation,robot-pose,x=-28.71;y=17.88;yaw=-0.80
369.25,[debug],turtlebot5,simulation,robot-pose,x=-32.93;y=33.98;yaw=-3.06
369.25,[debug],turtlebot4,simulation,robot-pose,x=-40.39;y=25.23;yaw=0.33
369.25,[debug],turtlebot3,simulation,robot-pose,x=-25.81;y=14.63;yaw=-1.55
384.133333445,[debug],turtlebot1,simulation,robot-pose,x=-11.47;y=17.82;yaw=-1.25
384.216666698,[debug],turtlebot2,simulation,robot-pose,x=-28.72;y=17.88;yaw=-0.80
384.233333349,[debug],turtlebot3,simulation,robot-pose,x=-25.88;y=13.47;yaw=-2.30
384.233333349,[debug],turtlebot5,simulation,robot-pose,x=-32.93;y=33.98;yaw=-3.06
384.233333349,[debug],turtlebot4,simulation,robot-pose,x=-40.39;y=25.23;yaw=0.33
384.25,[debug],turtlebot1,simulation,robot-pose,x=-11.47;y=17.82;yaw=-1.25
384.25,[debug],turtlebot2,simulation,robot-pose,x=-28.72;y=17.88;yaw=-0.80
384.25,[debug],turtlebot3,simulation,robot-pose,x=-25.88;y=13.47;yaw=-2.30
384.25,[debug],turtlebot5,simulation,robot-pose,x=-32.93;y=33.98;yaw=-3.06
384.266666651,[debug],turtlebot4,simulation,robot-pose,x=-40.39;y=25.23;yaw=0.33
390.549999952,[debug],turtlebot3,move-base-info,Hooray, the base moved arrived,(x=-26;y=13)
390.549999952,[debug],turtlebot3,move-base-info,Hooray, the base moved arrived,(x=-26;y=13)
390.783333302,[debug],turtlebot3,task-update,navigation,way-point-reached,100.0%
390.883333445,[debug],turtlebot3,available-skills,['send_message', 'wait_message', 'approach_person', 'approach_robot', 'authenticate_person', 'deposit', 'navigation', 'operate_drawer', 'pick_up'],
390.883333445,[info],turtlebot3,skill-life-cycle,approach_robot,(status=STARTED, parameters=['lab_arm'])
391.033333302,[debug],turtlebot3,task-update,approach_robot,localize-robot,(who=lab_arm)
391.116666555,[debug],turtlebot3,task-update,approach_robot,goto-robot,(who=lab_arm)
391.200000048,[debug],turtlebot3,available-skills,['send_message', 'wait_message', 'approach_person', 'approach_robot', 'authenticate_person', 'deposit', 'navigation', 'operate_drawer', 'pick_up'],
391.200000048,[info],turtlebot3,skill-life-cycle,operate_drawer,(status=STARTED, parameters=['open'])
391.25,[debug],turtlebot3,task-update,operate_drawer,open
392.866666555,[debug],turtlebot3,available-skills,['send_message', 'wait_message', 'approach_person', 'approach_robot', 'authenticate_person', 'deposit', 'navigation', 'operate_drawer', 'pick_up'],
392.866666555,[info],turtlebot3,skill-life-cycle,send_message,(status=STARTED, parameters=['lab_arm'])
392.933333397,[info],turtlebot3,sync,send-message,(to=lab_arm)
393.783333302,[info],lab_arm,sync,wait-message,(status=message-received)
393.783333302,[info],lab_arm,sync,wait-message,(status=message-received)
393.783333302,[info],Inventory,sync,wait-sample,(status=sample-received)
393.783333302,ENDSIM
393.783333302,[info],Inventory,sync,wait-sample,(status=sample-received)
393.783333302,ENDSIM
399.133333445,[debug],turtlebot1,simulation,robot-pose,x=-11.47;y=17.82;yaw=-1.25
399.216666698,[debug],turtlebot2,simulation,robot-pose,x=-28.72;y=17.88;yaw=-0.80
399.233333349,[debug],turtlebot5,simulation,robot-pose,x=-32.93;y=33.98;yaw=-3.06
399.233333349,[debug],turtlebot1,simulation,robot-pose,x=-11.47;y=17.82;yaw=-1.25
399.233333349,[debug],turtlebot3,simulation,robot-pose,x=-25.92;y=13.41;yaw=1.62
399.233333349,[debug],turtlebot2,simulation,robot-pose,x=-28.72;y=17.88;yaw=-0.80
399.233333349,[debug],turtlebot5,simulation,robot-pose,x=-32.93;y=33.98;yaw=-3.06
399.233333349,[debug],turtlebot4,simulation,robot-pose,x=-40.39;y=25.23;yaw=0.33
399.233333349,[debug],turtlebot3,simulation,robot-pose,x=-25.92;y=13.41;yaw=1.62
399.233333349,[debug],turtlebot4,simulation,robot-pose,x=-40.39;y=25.23;yaw=0.33
403.783333302,[info],Inventory,sync,wait-sample,(status=sample-received)
403.783333302,[info],Inventory,sync,wait-sample,(status=sample-received)
403.783333302,ENDSIM
403.783333302,ENDSIM
403.783333302,[info],lab_arm,sync,wait-message,(status=message-received)
403.783333302,[info],lab_arm,sync,wait-message,(status=message-received)
403.783333302,[info],Inventory,sync,wait-sample,(status=sample-received)
403.783333302,[info],Inventory,sync,wait-sample,(status=sample-received)
403.783333302,ENDSIM
403.783333302,ENDSIM
0.0,[debug],simulation closed,reach-target,execution-wall-clock=494.5153739452362
