0.0,0.0,[debug],logger,init,time
ROBOTS_CONFIG=[{"avg_speed": 0.15, "battery_charge": 0.15, "battery_discharge_rate": 0.0001, "id": 0, "local_plan": null, "location": "PC Room 8", "position": [-11.5, 18.0, -1.57], "skills": ["approach_person", "approach_robot", "authenticate_person", "deposit", "navigation", "pick_up"]}, {"avg_speed": 0.15, "battery_charge": 0.66, "battery_discharge_rate": 0.00014000000000000001, "id": 1, "local_plan": null, "location": "PC Room 3", "position": [-28.5, 18.0, -1.57], "skills": ["approach_person", "approach_robot", "authenticate_person", "deposit", "navigation", "operate_drawer", "pick_up"]}, {"avg_speed": 0.15, "battery_charge": 0.14, "battery_discharge_rate": 0.00011, "id": 2, "local_plan": null, "location": "PC Room 4", "position": [-27.23, 18.0, -1.57], "skills": ["approach_person", "approach_robot", "authenticate_person", "deposit", "navigation", "operate_drawer", "pick_up"]}, {"avg_speed": 0.15, "battery_charge": 0.54, "battery_discharge_rate": 0.00017, "id": 3, "local_plan": [["navigation", ["IC Room 6", [[-28.5, 18.0, -1.57], [-28.5, 16.0], [-37.0, 16.0], [-37.0, 18.93], [-33.9, 18.93, 3.14]]]], ["approach_person", ["nurse"]], ["authenticate_person", ["nurse"]], ["operate_drawer", ["open"]], ["send_message", ["nurse"]], ["wait_message", ["r1"]], ["operate_drawer", ["close"]], ["navigation", ["Laboratory", [[-33.9, 18.93, 3.14], [-37.0, 18.93], [-37.0, 16.0], [-26.0, 16.0], [-26.0, 13.0, 1.57]]]], ["approach_robot", ["lab_arm"]], ["operate_drawer", ["open"]], ["send_message", ["lab_arm"]], ["wait_message", ["r1"]], ["operate_drawer", ["close"]]], "location": "IC Room 3", "position": [-40.23, 25.37, 0.0], "skills": ["approach_person", "approach_robot", "authenticate_person", "deposit", "navigation", "operate_drawer", "pick_up"]}, {"avg_speed": 0.15, "battery_charge": 0.6, "battery_discharge_rate": 0.00018, "id": 4, "local_plan": null, "location": "IC Room 5", "position": [-32.88, 33.98, 3.14], "skills": ["approach_person", "approach_robot", "authenticate_person", "deposit", "navigation", "operate_drawer", "pick_up"]}]
NURSES_CONFIG=[{"location": "IC Room 6", "position": [-32.9, 19.93, 3.14]}]
logger,1626113192716813564,Simulation open
0.0,[debug],logger,init,subcribing to in the topic /log
1.28333330154,[debug],turtlebot1,move-base-info,Move_base is up and ok....,
1.31666660309,[debug],turtlebot2,move-base-info,Move_base is up and ok....,
1.90000009537,[debug],turtlebot3,move-base-info,Move_base is up and ok....,
1.93333339691,[debug],turtlebot4,move-base-info,Move_base is up and ok....,
1.98333334923,[debug],turtlebot5,move-base-info,Move_base is up and ok....,
4.91666674614,[info],turtlebot1,skill-life-cycle,init_robobt,(status=RUNNING, parameters=[])
14.2666666508,[debug],turtlebot4,available-skills,['send_message', 'wait_message', 'approach_person', 'approach_robot', 'authenticate_person', 'deposit', 'navigation', 'operate_drawer', 'pick_up'],
14.2666666508,[info],turtlebot4,skill-life-cycle,navigation,(status=STARTED, parameters=[[-28.5, 16.0, 3.141592653589793, True], [-37.0, 16.0, 1.5707963267948966, True], [-37.0, 18.93, 0.0, True], [-33.9, 18.93, 3.14, False]])
23.1833333969,[debug],turtlebot1,simulation,robot-pose,x=-11.46;y=17.82;yaw=-1.25
23.2999999523,[debug],turtlebot1,simulation,robot-pose,x=-11.46;y=17.82;yaw=-1.25
23.4166667461,[debug],turtlebot2,simulation,robot-pose,x=-28.68;y=17.88;yaw=-0.79
23.4166667461,[debug],turtlebot2,simulation,robot-pose,x=-28.68;y=17.88;yaw=-0.79
23.4666666985,[debug],turtlebot3,simulation,robot-pose,x=-27.23;y=18.02;yaw=-1.59
23.4666666985,[debug],turtlebot3,simulation,robot-pose,x=-27.23;y=18.02;yaw=-1.59
23.4833333492,[debug],turtlebot4,simulation,robot-pose,x=-40.16;y=25.10;yaw=-1.01
23.4833333492,[debug],turtlebot4,simulation,robot-pose,x=-40.16;y=25.10;yaw=-1.01
23.5166666508,[debug],turtlebot5,simulation,robot-pose,x=-32.89;y=33.97;yaw=-3.10
23.5166666508,[debug],turtlebot5,simulation,robot-pose,x=-32.89;y=33.97;yaw=-3.10
38.1833333969,[debug],turtlebot1,simulation,robot-pose,x=-11.46;y=17.82;yaw=-1.25
38.3333332539,[debug],turtlebot1,simulation,robot-pose,x=-11.46;y=17.82;yaw=-1.25
38.4166667461,[debug],turtlebot2,simulation,robot-pose,x=-28.68;y=17.88;yaw=-0.80
38.4166667461,[debug],turtlebot2,simulation,robot-pose,x=-28.68;y=17.88;yaw=-0.80
38.4666666985,[debug],turtlebot3,simulation,robot-pose,x=-27.22;y=18.03;yaw=-1.59
38.4666666985,[debug],turtlebot3,simulation,robot-pose,x=-27.22;y=18.03;yaw=-1.59
38.4833333492,[debug],turtlebot4,simulation,robot-pose,x=-39.27;y=23.82;yaw=-0.79
38.4833333492,[debug],turtlebot4,simulation,robot-pose,x=-39.27;y=23.82;yaw=-0.79
38.5166666508,[debug],turtlebot5,simulation,robot-pose,x=-32.89;y=33.97;yaw=-3.10
38.5166666508,[debug],turtlebot5,simulation,robot-pose,x=-32.89;y=33.97;yaw=-3.10
53.1833333969,[debug],turtlebot1,simulation,robot-pose,x=-11.46;y=17.82;yaw=-1.25
53.3166666031,[debug],turtlebot1,simulation,robot-pose,x=-11.46;y=17.82;yaw=-1.25
53.4166667461,[debug],turtlebot2,simulation,robot-pose,x=-28.69;y=17.88;yaw=-0.80
53.4166667461,[debug],turtlebot2,simulation,robot-pose,x=-28.69;y=17.88;yaw=-0.80
53.4666666985,[debug],turtlebot3,simulation,robot-pose,x=-27.22;y=18.03;yaw=-1.58
53.4666666985,[debug],turtlebot3,simulation,robot-pose,x=-27.22;y=18.03;yaw=-1.58
53.4833333492,[debug],turtlebot4,simulation,robot-pose,x=-38.17;y=23.04;yaw=-0.36
53.4833333492,[debug],turtlebot4,simulation,robot-pose,x=-38.17;y=23.04;yaw=-0.36
53.5166666508,[debug],turtlebot5,simulation,robot-pose,x=-32.89;y=33.97;yaw=-3.10
53.5166666508,[debug],turtlebot5,simulation,robot-pose,x=-32.89;y=33.97;yaw=-3.10
59.4500000477,[info],turtlebot4,skill-life-cycle,navigation,(status=RUNNING, parameters=[[-28.5, 16.0, 3.141592653589793, True], [-37.0, 16.0, 1.5707963267948966, True], [-37.0, 18.93, 0.0, True], [-33.9, 18.93, 3.14, False]])
68.1833333969,[debug],turtlebot1,simulation,robot-pose,x=-11.46;y=17.82;yaw=-1.25
68.3166666031,[debug],turtlebot1,simulation,robot-pose,x=-11.46;y=17.82;yaw=-1.25
68.4166667461,[debug],turtlebot2,simulation,robot-pose,x=-28.69;y=17.88;yaw=-0.79
68.4166667461,[debug],turtlebot2,simulation,robot-pose,x=-28.69;y=17.88;yaw=-0.79
68.4666666985,[debug],turtlebot3,simulation,robot-pose,x=-27.22;y=18.03;yaw=-1.58
68.4666666985,[debug],turtlebot3,simulation,robot-pose,x=-27.22;y=18.03;yaw=-1.58
68.4833333492,[debug],turtlebot4,simulation,robot-pose,x=-37.16;y=22.05;yaw=-1.28
68.4833333492,[debug],turtlebot4,simulation,robot-pose,x=-37.16;y=22.05;yaw=-1.28
68.5166666508,[debug],turtlebot5,simulation,robot-pose,x=-32.89;y=33.97;yaw=-3.10
68.5166666508,[debug],turtlebot5,simulation,robot-pose,x=-32.89;y=33.97;yaw=-3.10
83.1833333969,[debug],turtlebot1,simulation,robot-pose,x=-11.46;y=17.82;yaw=-1.25
83.3333332539,[debug],turtlebot1,simulation,robot-pose,x=-11.46;y=17.82;yaw=-1.25
83.4166667461,[debug],turtlebot2,simulation,robot-pose,x=-28.69;y=17.87;yaw=-0.78
83.4166667461,[debug],turtlebot2,simulation,robot-pose,x=-28.69;y=17.87;yaw=-0.78
83.4666666985,[debug],turtlebot3,simulation,robot-pose,x=-27.22;y=18.03;yaw=-1.58
83.4666666985,[debug],turtlebot3,simulation,robot-pose,x=-27.22;y=18.03;yaw=-1.58
83.4833333492,[debug],turtlebot4,simulation,robot-pose,x=-37.08;y=19.71;yaw=-1.48
83.4833333492,[debug],turtlebot4,simulation,robot-pose,x=-37.08;y=19.71;yaw=-1.48
83.5166666508,[debug],turtlebot5,simulation,robot-pose,x=-32.90;y=33.97;yaw=-3.10
83.5166666508,[debug],turtlebot5,simulation,robot-pose,x=-32.90;y=33.97;yaw=-3.10
98.1833333969,[debug],turtlebot1,simulation,robot-pose,x=-11.46;y=17.82;yaw=-1.25
98.3166666031,[debug],turtlebot1,simulation,robot-pose,x=-11.46;y=17.82;yaw=-1.25
98.4166667461,[debug],turtlebot2,simulation,robot-pose,x=-28.69;y=17.87;yaw=-0.79
98.4166667461,[debug],turtlebot2,simulation,robot-pose,x=-28.69;y=17.87;yaw=-0.79
98.4666666985,[debug],turtlebot3,simulation,robot-pose,x=-27.22;y=18.03;yaw=-1.58
98.4666666985,[debug],turtlebot3,simulation,robot-pose,x=-27.22;y=18.03;yaw=-1.58
98.4833333492,[debug],turtlebot4,simulation,robot-pose,x=-36.70;y=17.66;yaw=-1.52
98.4833333492,[debug],turtlebot4,simulation,robot-pose,x=-36.70;y=17.66;yaw=-1.52
98.5166666508,[debug],turtlebot5,simulation,robot-pose,x=-32.90;y=33.97;yaw=-3.10
98.5166666508,[debug],turtlebot5,simulation,robot-pose,x=-32.90;y=33.97;yaw=-3.10
109.683333397,[info],turtlebot4,skill-life-cycle,navigation,(status=RUNNING, parameters=[[-28.5, 16.0, 3.141592653589793, True], [-37.0, 16.0, 1.5707963267948966, True], [-37.0, 18.93, 0.0, True], [-33.9, 18.93, 3.14, False]])
113.183333397,[debug],turtlebot1,simulation,robot-pose,x=-11.46;y=17.82;yaw=-1.25
113.316666603,[debug],turtlebot1,simulation,robot-pose,x=-11.46;y=17.82;yaw=-1.25
113.416666746,[debug],turtlebot2,simulation,robot-pose,x=-28.69;y=17.88;yaw=-0.79
113.416666746,[debug],turtlebot2,simulation,robot-pose,x=-28.69;y=17.88;yaw=-0.79
113.466666698,[debug],turtlebot3,simulation,robot-pose,x=-27.22;y=18.03;yaw=-1.58
113.466666698,[debug],turtlebot3,simulation,robot-pose,x=-27.22;y=18.03;yaw=-1.58
113.483333349,[debug],turtlebot4,simulation,robot-pose,x=-36.16;y=15.83;yaw=-0.85
113.483333349,[debug],turtlebot4,simulation,robot-pose,x=-36.16;y=15.83;yaw=-0.85
113.533333302,[debug],turtlebot5,simulation,robot-pose,x=-32.90;y=33.97;yaw=-3.09
113.533333302,[debug],turtlebot5,simulation,robot-pose,x=-32.90;y=33.97;yaw=-3.09
128.183333397,[debug],turtlebot1,simulation,robot-pose,x=-11.46;y=17.82;yaw=-1.25
128.333333254,[debug],turtlebot1,simulation,robot-pose,x=-11.46;y=17.82;yaw=-1.25
128.416666746,[debug],turtlebot2,simulation,robot-pose,x=-28.69;y=17.88;yaw=-0.79
128.416666746,[debug],turtlebot2,simulation,robot-pose,x=-28.69;y=17.88;yaw=-0.79
128.466666698,[debug],turtlebot3,simulation,robot-pose,x=-27.22;y=18.03;yaw=-1.58
128.483333349,[debug],turtlebot3,simulation,robot-pose,x=-27.22;y=18.03;yaw=-1.58
128.483333349,[debug],turtlebot4,simulation,robot-pose,x=-35.75;y=15.56;yaw=-0.71
128.483333349,[debug],turtlebot4,simulation,robot-pose,x=-35.75;y=15.56;yaw=-0.71
128.516666651,[debug],turtlebot5,simulation,robot-pose,x=-32.90;y=33.97;yaw=-3.09
128.516666651,[debug],turtlebot5,simulation,robot-pose,x=-32.90;y=33.97;yaw=-3.09
143.183333397,[debug],turtlebot1,simulation,robot-pose,x=-11.46;y=17.82;yaw=-1.25
143.333333254,[debug],turtlebot1,simulation,robot-pose,x=-11.46;y=17.82;yaw=-1.25
143.416666746,[debug],turtlebot2,simulation,robot-pose,x=-28.69;y=17.88;yaw=-0.80
143.416666746,[debug],turtlebot2,simulation,robot-pose,x=-28.69;y=17.88;yaw=-0.80
143.466666698,[debug],turtlebot3,simulation,robot-pose,x=-27.22;y=18.03;yaw=-1.58
143.466666698,[debug],turtlebot3,simulation,robot-pose,x=-27.22;y=18.03;yaw=-1.58
143.483333349,[debug],turtlebot4,simulation,robot-pose,x=-34.90;y=15.37;yaw=0.01
143.483333349,[debug],turtlebot4,simulation,robot-pose,x=-34.90;y=15.37;yaw=0.01
143.516666651,[debug],turtlebot5,simulation,robot-pose,x=-32.90;y=33.97;yaw=-3.09
143.516666651,[debug],turtlebot5,simulation,robot-pose,x=-32.90;y=33.97;yaw=-3.09
158.183333397,[debug],turtlebot1,simulation,robot-pose,x=-11.46;y=17.82;yaw=-1.25
158.349999905,[debug],turtlebot1,simulation,robot-pose,x=-11.46;y=17.82;yaw=-1.25
158.416666746,[debug],turtlebot2,simulation,robot-pose,x=-28.69;y=17.88;yaw=-0.80
158.416666746,[debug],turtlebot2,simulation,robot-pose,x=-28.69;y=17.88;yaw=-0.80
158.466666698,[debug],turtlebot3,simulation,robot-pose,x=-27.22;y=18.03;yaw=-1.57
158.466666698,[debug],turtlebot3,simulation,robot-pose,x=-27.22;y=18.03;yaw=-1.57
158.483333349,[debug],turtlebot4,simulation,robot-pose,x=-33.65;y=15.51;yaw=0.20
158.483333349,[debug],turtlebot4,simulation,robot-pose,x=-33.65;y=15.51;yaw=0.20
158.516666651,[debug],turtlebot5,simulation,robot-pose,x=-32.90;y=33.97;yaw=-3.09
158.516666651,[debug],turtlebot5,simulation,robot-pose,x=-32.90;y=33.97;yaw=-3.09
159.849999905,[info],turtlebot4,skill-life-cycle,navigation,(status=RUNNING, parameters=[[-28.5, 16.0, 3.141592653589793, True], [-37.0, 16.0, 1.5707963267948966, True], [-37.0, 18.93, 0.0, True], [-33.9, 18.93, 3.14, False]])
173.183333397,[debug],turtlebot1,simulation,robot-pose,x=-11.46;y=17.82;yaw=-1.25
173.333333254,[debug],turtlebot1,simulation,robot-pose,x=-11.46;y=17.82;yaw=-1.25
173.416666746,[debug],turtlebot2,simulation,robot-pose,x=-28.69;y=17.88;yaw=-0.80
173.416666746,[debug],turtlebot2,simulation,robot-pose,x=-28.69;y=17.88;yaw=-0.80
173.466666698,[debug],turtlebot3,simulation,robot-pose,x=-27.22;y=18.03;yaw=-1.57
173.466666698,[debug],turtlebot3,simulation,robot-pose,x=-27.22;y=18.03;yaw=-1.57
173.483333349,[debug],turtlebot4,simulation,robot-pose,x=-32.41;y=15.61;yaw=-0.02
173.483333349,[debug],turtlebot4,simulation,robot-pose,x=-32.41;y=15.61;yaw=-0.02
173.516666651,[debug],turtlebot5,simulation,robot-pose,x=-32.90;y=33.97;yaw=-3.09
173.516666651,[debug],turtlebot5,simulation,robot-pose,x=-32.90;y=33.97;yaw=-3.09
188.183333397,[debug],turtlebot1,simulation,robot-pose,x=-11.46;y=17.82;yaw=-1.25
188.333333254,[debug],turtlebot1,simulation,robot-pose,x=-11.46;y=17.82;yaw=-1.25
188.416666746,[debug],turtlebot2,simulation,robot-pose,x=-28.68;y=17.88;yaw=-0.80
188.416666746,[debug],turtlebot2,simulation,robot-pose,x=-28.68;y=17.88;yaw=-0.80
188.466666698,[debug],turtlebot3,simulation,robot-pose,x=-27.22;y=18.03;yaw=-1.57
188.466666698,[debug],turtlebot3,simulation,robot-pose,x=-27.22;y=18.03;yaw=-1.57
188.483333349,[debug],turtlebot4,simulation,robot-pose,x=-31.16;y=15.78;yaw=-0.03
188.483333349,[debug],turtlebot4,simulation,robot-pose,x=-31.16;y=15.78;yaw=-0.03
188.516666651,[debug],turtlebot5,simulation,robot-pose,x=-32.90;y=33.97;yaw=-3.09
188.516666651,[debug],turtlebot5,simulation,robot-pose,x=-32.90;y=33.97;yaw=-3.09
203.183333397,[debug],turtlebot1,simulation,robot-pose,x=-11.46;y=17.82;yaw=-1.25
203.349999905,[debug],turtlebot1,simulation,robot-pose,x=-11.46;y=17.82;yaw=-1.25
203.416666746,[debug],turtlebot2,simulation,robot-pose,x=-28.68;y=17.88;yaw=-0.80
203.416666746,[debug],turtlebot2,simulation,robot-pose,x=-28.68;y=17.88;yaw=-0.80
203.466666698,[debug],turtlebot3,simulation,robot-pose,x=-27.22;y=18.03;yaw=-1.57
203.466666698,[debug],turtlebot3,simulation,robot-pose,x=-27.22;y=18.03;yaw=-1.57
203.483333349,[debug],turtlebot4,simulation,robot-pose,x=-29.91;y=15.76;yaw=-0.00
203.483333349,[debug],turtlebot4,simulation,robot-pose,x=-29.91;y=15.76;yaw=-0.00
203.516666651,[debug],turtlebot5,simulation,robot-pose,x=-32.90;y=33.97;yaw=-3.09
203.516666651,[debug],turtlebot5,simulation,robot-pose,x=-32.90;y=33.97;yaw=-3.09
209.883333445,[info],turtlebot4,skill-life-cycle,navigation,(status=RUNNING, parameters=[[-28.5, 16.0, 3.141592653589793, True], [-37.0, 16.0, 1.5707963267948966, True], [-37.0, 18.93, 0.0, True], [-33.9, 18.93, 3.14, False]])
218.183333397,[debug],turtlebot1,simulation,robot-pose,x=-11.46;y=17.82;yaw=-1.25
218.333333254,[debug],turtlebot1,simulation,robot-pose,x=-11.46;y=17.82;yaw=-1.25
218.416666746,[debug],turtlebot2,simulation,robot-pose,x=-28.68;y=17.88;yaw=-0.80
218.433333397,[debug],turtlebot2,simulation,robot-pose,x=-28.68;y=17.88;yaw=-0.80
218.466666698,[debug],turtlebot3,simulation,robot-pose,x=-27.21;y=18.03;yaw=-1.57
218.466666698,[debug],turtlebot3,simulation,robot-pose,x=-27.21;y=18.03;yaw=-1.57
218.483333349,[debug],turtlebot4,simulation,robot-pose,x=-28.94;y=15.93;yaw=1.94
218.483333349,[debug],turtlebot4,simulation,robot-pose,x=-28.94;y=15.93;yaw=1.94
218.533333302,[debug],turtlebot5,simulation,robot-pose,x=-32.91;y=33.97;yaw=-3.08
218.533333302,[debug],turtlebot5,simulation,robot-pose,x=-32.91;y=33.97;yaw=-3.08
221.816666603,[debug],turtlebot4,move-base-info,Hooray, the base moved arrived,(x=-28.5;y=16)
221.816666603,[debug],turtlebot4,move-base-info,Hooray, the base moved arrived,(x=-28.5;y=16)
221.816666603,[debug],turtlebot4,task-update,navigation,way-point-reached,25.0%
233.183333397,[debug],turtlebot1,simulation,robot-pose,x=-11.46;y=17.82;yaw=-1.25
233.333333254,[debug],turtlebot1,simulation,robot-pose,x=-11.46;y=17.82;yaw=-1.25
233.416666746,[debug],turtlebot2,simulation,robot-pose,x=-28.69;y=17.88;yaw=-0.80
233.416666746,[debug],turtlebot2,simulation,robot-pose,x=-28.69;y=17.88;yaw=-0.80
233.466666698,[debug],turtlebot3,simulation,robot-pose,x=-27.21;y=18.03;yaw=-1.57
233.466666698,[debug],turtlebot3,simulation,robot-pose,x=-27.21;y=18.03;yaw=-1.57
233.483333349,[debug],turtlebot4,simulation,robot-pose,x=-35.17;y=15.56;yaw=3.02
233.483333349,[debug],turtlebot4,simulation,robot-pose,x=-35.17;y=15.56;yaw=3.02
233.516666651,[debug],turtlebot5,simulation,robot-pose,x=-32.91;y=33.97;yaw=-3.07
233.516666651,[debug],turtlebot5,simulation,robot-pose,x=-32.91;y=33.97;yaw=-3.07
241.416666746,[debug],turtlebot4,move-base-info,Hooray, the base moved arrived,(x=-37;y=16)
241.416666746,[debug],turtlebot4,move-base-info,Hooray, the base moved arrived,(x=-37;y=16)
241.583333254,[debug],turtlebot4,task-update,navigation,way-point-reached,50.0%
248.183333397,[debug],turtlebot1,simulation,robot-pose,x=-11.46;y=17.82;yaw=-1.25
248.299999952,[debug],turtlebot1,simulation,robot-pose,x=-11.46;y=17.82;yaw=-1.25
248.433333397,[debug],turtlebot2,simulation,robot-pose,x=-28.69;y=17.88;yaw=-0.80
248.433333397,[debug],turtlebot2,simulation,robot-pose,x=-28.69;y=17.88;yaw=-0.80
248.466666698,[debug],turtlebot3,simulation,robot-pose,x=-27.21;y=18.03;yaw=-1.57
248.466666698,[debug],turtlebot3,simulation,robot-pose,x=-27.21;y=18.03;yaw=-1.57
248.483333349,[debug],turtlebot4,simulation,robot-pose,x=-36.61;y=16.21;yaw=1.66
248.483333349,[debug],turtlebot4,simulation,robot-pose,x=-36.61;y=16.21;yaw=1.66
248.516666651,[debug],turtlebot5,simulation,robot-pose,x=-32.91;y=33.97;yaw=-3.07
248.516666651,[debug],turtlebot5,simulation,robot-pose,x=-32.91;y=33.97;yaw=-3.07
261.049999952,[info],turtlebot4,skill-life-cycle,navigation,(status=RUNNING, parameters=[[-28.5, 16.0, 3.141592653589793, True], [-37.0, 16.0, 1.5707963267948966, True], [-37.0, 18.93, 0.0, True], [-33.9, 18.93, 3.14, False]])
263.183333397,[debug],turtlebot1,simulation,robot-pose,x=-11.46;y=17.82;yaw=-1.25
263.333333254,[debug],turtlebot1,simulation,robot-pose,x=-11.46;y=17.82;yaw=-1.25
263.433333397,[debug],turtlebot2,simulation,robot-pose,x=-28.69;y=17.88;yaw=-0.79
263.433333397,[debug],turtlebot2,simulation,robot-pose,x=-28.69;y=17.88;yaw=-0.79
263.466666698,[debug],turtlebot3,simulation,robot-pose,x=-27.21;y=18.03;yaw=-1.57
263.466666698,[debug],turtlebot3,simulation,robot-pose,x=-27.21;y=18.03;yaw=-1.57
263.483333349,[debug],turtlebot4,simulation,robot-pose,x=-36.85;y=18.48;yaw=0.94
263.483333349,[debug],turtlebot4,simulation,robot-pose,x=-36.85;y=18.48;yaw=0.94
263.516666651,[debug],turtlebot5,simulation,robot-pose,x=-32.91;y=33.97;yaw=-3.06
263.516666651,[debug],turtlebot5,simulation,robot-pose,x=-32.91;y=33.97;yaw=-3.06
266.349999905,[debug],turtlebot4,move-base-info,Hooray, the base moved arrived,(x=-37;y=18.93)
266.349999905,[debug],turtlebot4,move-base-info,Hooray, the base moved arrived,(x=-37;y=18.93)
266.5,[debug],turtlebot4,task-update,navigation,way-point-reached,75.0%
278.183333397,[debug],turtlebot1,simulation,robot-pose,x=-11.46;y=17.82;yaw=-1.25
278.333333254,[debug],turtlebot1,simulation,robot-pose,x=-11.46;y=17.82;yaw=-1.25
278.416666746,[debug],turtlebot2,simulation,robot-pose,x=-28.69;y=17.88;yaw=-0.80
278.416666746,[debug],turtlebot2,simulation,robot-pose,x=-28.69;y=17.88;yaw=-0.80
278.466666698,[debug],turtlebot3,simulation,robot-pose,x=-27.21;y=18.03;yaw=-1.57
278.466666698,[debug],turtlebot3,simulation,robot-pose,x=-27.21;y=18.03;yaw=-1.57
278.483333349,[debug],turtlebot4,simulation,robot-pose,x=-36.35;y=18.11;yaw=-0.63
278.483333349,[debug],turtlebot4,simulation,robot-pose,x=-36.35;y=18.11;yaw=-0.63
278.516666651,[debug],turtlebot5,simulation,robot-pose,x=-32.92;y=33.98;yaw=-3.05
278.516666651,[debug],turtlebot5,simulation,robot-pose,x=-32.92;y=33.98;yaw=-3.05
293.183333397,[debug],turtlebot1,simulation,robot-pose,x=-11.46;y=17.82;yaw=-1.25
293.316666603,[debug],turtlebot1,simulation,robot-pose,x=-11.46;y=17.82;yaw=-1.25
293.416666746,[debug],turtlebot2,simulation,robot-pose,x=-28.70;y=17.88;yaw=-0.80
293.416666746,[debug],turtlebot2,simulation,robot-pose,x=-28.70;y=17.88;yaw=-0.80
293.466666698,[debug],turtlebot3,simulation,robot-pose,x=-27.21;y=18.03;yaw=-1.57
293.466666698,[debug],turtlebot3,simulation,robot-pose,x=-27.21;y=18.03;yaw=-1.57
293.483333349,[debug],turtlebot4,simulation,robot-pose,x=-35.14;y=17.90;yaw=0.50
293.483333349,[debug],turtlebot4,simulation,robot-pose,x=-35.14;y=17.90;yaw=0.50
293.516666651,[debug],turtlebot5,simulation,robot-pose,x=-32.92;y=33.98;yaw=-3.05
293.516666651,[debug],turtlebot5,simulation,robot-pose,x=-32.92;y=33.98;yaw=-3.05
308.183333397,[debug],turtlebot1,simulation,robot-pose,x=-11.47;y=17.82;yaw=-1.25
308.299999952,[debug],turtlebot1,simulation,robot-pose,x=-11.47;y=17.82;yaw=-1.25
308.416666746,[debug],turtlebot2,simulation,robot-pose,x=-28.70;y=17.88;yaw=-0.81
308.416666746,[debug],turtlebot2,simulation,robot-pose,x=-28.70;y=17.88;yaw=-0.81
308.466666698,[debug],turtlebot3,simulation,robot-pose,x=-27.21;y=18.03;yaw=-1.57
308.466666698,[debug],turtlebot3,simulation,robot-pose,x=-27.21;y=18.03;yaw=-1.57
308.483333349,[debug],turtlebot4,simulation,robot-pose,x=-34.26;y=18.66;yaw=2.23
308.483333349,[debug],turtlebot4,simulation,robot-pose,x=-34.26;y=18.66;yaw=2.23
308.516666651,[debug],turtlebot5,simulation,robot-pose,x=-32.92;y=33.98;yaw=-3.06
308.516666651,[debug],turtlebot5,simulation,robot-pose,x=-32.92;y=33.98;yaw=-3.06
311.200000048,[debug],turtlebot4,move-base-info,Hooray, the base moved arrived,(x=-33.9;y=18.93)
311.316666603,[debug],turtlebot4,move-base-info,Hooray, the base moved arrived,(x=-33.9;y=18.93)
311.516666651,[debug],turtlebot4,task-update,navigation,way-point-reached,100.0%
311.599999905,[debug],turtlebot4,available-skills,['send_message', 'wait_message', 'approach_person', 'approach_robot', 'authenticate_person', 'deposit', 'navigation', 'operate_drawer', 'pick_up'],
311.616666555,[info],turtlebot4,skill-life-cycle,approach_person,(status=STARTED, parameters=['nurse'])
311.683333397,[debug],turtlebot4,task-update,approach_person,localize-person,(who=nurse)
311.783333302,[debug],turtlebot4,task-update,approach_person,goto-person,(who=nurse)
311.866666555,[debug],turtlebot4,available-skills,['send_message', 'wait_message', 'approach_person', 'approach_robot', 'authenticate_person', 'deposit', 'navigation', 'operate_drawer', 'pick_up'],
311.866666555,[info],turtlebot4,skill-life-cycle,authenticate_person,(status=STARTED, parameters=['nurse'])
311.900000095,[debug],turtlebot4,task-update,authenticate_person,request-authentication,(to=nurse)
311.900000095,[info],nurse,sync,received-request,(status=sending-request)
311.900000095,[info],nurse,sync,received-request,(status=sending-request)
311.983333349,[info],turtlebot4,skill-life-cycle,authenticate_person,(status=RUNNING, parameters=['nurse'])
312.333333254,[debug],turtlebot4,task-update,authenticate_person,received-authentication,(from=nurse)
312.416666746,[debug],turtlebot4,available-skills,['send_message', 'wait_message', 'approach_person', 'approach_robot', 'authenticate_person', 'deposit', 'navigation', 'operate_drawer', 'pick_up'],
312.416666746,[info],turtlebot4,skill-life-cycle,operate_drawer,(status=STARTED, parameters=['open'])
312.483333349,[debug],turtlebot4,task-update,operate_drawer,open
313.450000048,[debug],turtlebot4,available-skills,['send_message', 'wait_message', 'approach_person', 'approach_robot', 'authenticate_person', 'deposit', 'navigation', 'operate_drawer', 'pick_up'],
313.450000048,[info],turtlebot4,skill-life-cycle,send_message,(status=STARTED, parameters=['nurse'])
313.483333349,[info],turtlebot4,sync,send-message,(to=nurse)
314.383333445,[info],nurse,sync,wait-message,(status=message-received)
314.383333445,[info],nurse,sync,wait-message,(status=message-received)
317.083333254,[debug],turtlebot4,available-skills,['send_message', 'wait_message', 'approach_person', 'approach_robot', 'authenticate_person', 'deposit', 'navigation', 'operate_drawer', 'pick_up'],
317.083333254,[info],turtlebot4,skill-life-cycle,wait_message,(status=STARTED, parameters=['r1'])
318.450000048,[info],turtlebot4,sync,wait-message,(status=message-received)
318.533333302,[debug],turtlebot4,available-skills,['send_message', 'wait_message', 'approach_person', 'approach_robot', 'authenticate_person', 'deposit', 'navigation', 'operate_drawer', 'pick_up'],
318.533333302,[info],turtlebot4,skill-life-cycle,operate_drawer,(status=STARTED, parameters=['close'])
318.583333254,[debug],turtlebot4,task-update,operate_drawer,close
319.566666603,[debug],turtlebot4,available-skills,['send_message', 'wait_message', 'approach_person', 'approach_robot', 'authenticate_person', 'deposit', 'navigation', 'operate_drawer', 'pick_up'],
319.566666603,[info],turtlebot4,skill-life-cycle,navigation,(status=STARTED, parameters=[[-37.0, 18.93, -1.5707963267948966, True], [-37.0, 16.0, 0.0, True], [-26.0, 16.0, -1.5707963267948966, True], [-26.0, 13.0, 1.57, False]])
323.183333397,[debug],turtlebot1,simulation,robot-pose,x=-11.47;y=17.82;yaw=-1.25
323.316666603,[debug],turtlebot1,simulation,robot-pose,x=-11.47;y=17.82;yaw=-1.25
323.416666746,[debug],turtlebot2,simulation,robot-pose,x=-28.70;y=17.88;yaw=-0.80
323.416666746,[debug],turtlebot2,simulation,robot-pose,x=-28.70;y=17.88;yaw=-0.80
323.466666698,[debug],turtlebot3,simulation,robot-pose,x=-27.21;y=18.03;yaw=-1.56
323.466666698,[debug],turtlebot3,simulation,robot-pose,x=-27.21;y=18.03;yaw=-1.56
323.483333349,[debug],turtlebot4,simulation,robot-pose,x=-34.25;y=18.69;yaw=3.09
323.483333349,[debug],turtlebot4,simulation,robot-pose,x=-34.25;y=18.69;yaw=3.09
323.533333302,[debug],turtlebot5,simulation,robot-pose,x=-32.92;y=33.98;yaw=-3.06
323.533333302,[debug],turtlebot5,simulation,robot-pose,x=-32.92;y=33.98;yaw=-3.06
324.383333445,[info],nurse,sync,wait-message,(status=message-received)
324.383333445,[info],nurse,sync,wait-message,(status=message-received)
331.900000095,[info],nurse,sync,request-sent,(status=waiting)
331.900000095,[info],nurse,sync,request-sent,(status=waiting)
334.383333445,[info],nurse,sync,wait-message,(status=message-received)
334.383333445,[info],nurse,sync,wait-message,(status=message-received)
338.183333397,[debug],turtlebot1,simulation,robot-pose,x=-11.47;y=17.82;yaw=-1.25
338.333333254,[debug],turtlebot1,simulation,robot-pose,x=-11.47;y=17.82;yaw=-1.25
338.416666746,[debug],turtlebot2,simulation,robot-pose,x=-28.71;y=17.88;yaw=-0.81
338.416666746,[debug],turtlebot2,simulation,robot-pose,x=-28.71;y=17.88;yaw=-0.81
338.466666698,[debug],turtlebot3,simulation,robot-pose,x=-27.21;y=18.02;yaw=-1.54
338.466666698,[debug],turtlebot3,simulation,robot-pose,x=-27.21;y=18.02;yaw=-1.54
338.483333349,[debug],turtlebot4,simulation,robot-pose,x=-36.74;y=18.35;yaw=2.43
338.483333349,[debug],turtlebot4,simulation,robot-pose,x=-36.74;y=18.35;yaw=2.43
338.516666651,[debug],turtlebot5,simulation,robot-pose,x=-32.93;y=33.98;yaw=-3.06
338.516666651,[debug],turtlebot5,simulation,robot-pose,x=-32.93;y=33.98;yaw=-3.06
344.383333445,[info],nurse,sync,wait-message,(status=message-received)
344.383333445,[info],nurse,sync,wait-message,(status=message-received)
346.033333302,[debug],turtlebot4,move-base-info,Hooray, the base moved arrived,(x=-37;y=18.93)
346.033333302,[debug],turtlebot4,move-base-info,Hooray, the base moved arrived,(x=-37;y=18.93)
346.083333254,[debug],turtlebot4,task-update,navigation,way-point-reached,25.0%
353.183333397,[debug],turtlebot1,simulation,robot-pose,x=-11.47;y=17.82;yaw=-1.25
353.333333254,[debug],turtlebot1,simulation,robot-pose,x=-11.47;y=17.82;yaw=-1.25
353.416666746,[debug],turtlebot2,simulation,robot-pose,x=-28.71;y=17.88;yaw=-0.81
353.416666746,[debug],turtlebot2,simulation,robot-pose,x=-28.71;y=17.88;yaw=-0.81
353.466666698,[debug],turtlebot3,simulation,robot-pose,x=-27.21;y=18.01;yaw=-1.54
353.466666698,[debug],turtlebot3,simulation,robot-pose,x=-27.21;y=18.01;yaw=-1.54
353.483333349,[debug],turtlebot4,simulation,robot-pose,x=-36.85;y=18.12;yaw=-1.33
353.483333349,[debug],turtlebot4,simulation,robot-pose,x=-36.85;y=18.12;yaw=-1.33
353.516666651,[debug],turtlebot5,simulation,robot-pose,x=-32.93;y=33.98;yaw=-3.06
353.516666651,[debug],turtlebot5,simulation,robot-pose,x=-32.93;y=33.98;yaw=-3.06
363.683333397,[info],turtlebot4,skill-life-cycle,navigation,(status=RUNNING, parameters=[[-37.0, 18.93, -1.5707963267948966, True], [-37.0, 16.0, 0.0, True], [-26.0, 16.0, -1.5707963267948966, True], [-26.0, 13.0, 1.57, False]])
368.183333397,[debug],turtlebot1,simulation,robot-pose,x=-11.47;y=17.82;yaw=-1.25
368.333333254,[debug],turtlebot1,simulation,robot-pose,x=-11.47;y=17.82;yaw=-1.25
368.416666746,[debug],turtlebot2,simulation,robot-pose,x=-28.71;y=17.88;yaw=-0.80
368.416666746,[debug],turtlebot2,simulation,robot-pose,x=-28.71;y=17.88;yaw=-0.80
368.466666698,[debug],turtlebot3,simulation,robot-pose,x=-27.21;y=18.00;yaw=-1.54
368.466666698,[debug],turtlebot3,simulation,robot-pose,x=-27.21;y=18.00;yaw=-1.54
368.483333349,[debug],turtlebot4,simulation,robot-pose,x=-36.87;y=16.41;yaw=-0.11
368.483333349,[debug],turtlebot4,simulation,robot-pose,x=-36.87;y=16.41;yaw=-0.11
368.516666651,[debug],turtlebot5,simulation,robot-pose,x=-32.93;y=33.98;yaw=-3.06
368.516666651,[debug],turtlebot5,simulation,robot-pose,x=-32.93;y=33.98;yaw=-3.06
369.066666603,[debug],turtlebot4,move-base-info,Hooray, the base moved arrived,(x=-37;y=16)
369.066666603,[debug],turtlebot4,move-base-info,Hooray, the base moved arrived,(x=-37;y=16)
369.150000095,[debug],turtlebot4,task-update,navigation,way-point-reached,50.0%
383.183333397,[debug],turtlebot1,simulation,robot-pose,x=-11.47;y=17.82;yaw=-1.25
383.316666603,[debug],turtlebot1,simulation,robot-pose,x=-11.47;y=17.82;yaw=-1.25
383.416666746,[debug],turtlebot2,simulation,robot-pose,x=-28.72;y=17.88;yaw=-0.80
383.416666746,[debug],turtlebot2,simulation,robot-pose,x=-28.72;y=17.88;yaw=-0.80
383.466666698,[debug],turtlebot3,simulation,robot-pose,x=-27.21;y=17.98;yaw=-1.54
383.466666698,[debug],turtlebot3,simulation,robot-pose,x=-27.21;y=17.98;yaw=-1.54
383.483333349,[debug],turtlebot4,simulation,robot-pose,x=-36.26;y=15.72;yaw=-0.72
383.483333349,[debug],turtlebot4,simulation,robot-pose,x=-36.26;y=15.72;yaw=-0.72
383.516666651,[debug],turtlebot5,simulation,robot-pose,x=-32.93;y=33.98;yaw=-3.06
383.516666651,[debug],turtlebot5,simulation,robot-pose,x=-32.93;y=33.98;yaw=-3.06
398.183333397,[debug],turtlebot1,simulation,robot-pose,x=-11.47;y=17.82;yaw=-1.25
398.316666603,[debug],turtlebot1,simulation,robot-pose,x=-11.47;y=17.82;yaw=-1.25
398.416666746,[debug],turtlebot2,simulation,robot-pose,x=-28.72;y=17.88;yaw=-0.80
398.416666746,[debug],turtlebot2,simulation,robot-pose,x=-28.72;y=17.88;yaw=-0.80
398.466666698,[debug],turtlebot3,simulation,robot-pose,x=-27.21;y=17.97;yaw=-1.54
398.466666698,[debug],turtlebot3,simulation,robot-pose,x=-27.21;y=17.97;yaw=-1.54
398.483333349,[debug],turtlebot4,simulation,robot-pose,x=-35.06;y=15.30;yaw=-0.04
398.483333349,[debug],turtlebot4,simulation,robot-pose,x=-35.06;y=15.30;yaw=-0.04
398.516666651,[debug],turtlebot5,simulation,robot-pose,x=-32.93;y=33.98;yaw=-3.06
398.516666651,[debug],turtlebot5,simulation,robot-pose,x=-32.93;y=33.98;yaw=-3.06
413.183333397,[debug],turtlebot1,simulation,robot-pose,x=-11.47;y=17.82;yaw=-1.25
413.333333254,[debug],turtlebot1,simulation,robot-pose,x=-11.47;y=17.82;yaw=-1.25
413.416666746,[debug],turtlebot2,simulation,robot-pose,x=-28.72;y=17.88;yaw=-0.80
413.416666746,[debug],turtlebot2,simulation,robot-pose,x=-28.72;y=17.88;yaw=-0.80
413.466666698,[debug],turtlebot3,simulation,robot-pose,x=-27.21;y=17.95;yaw=-1.54
413.466666698,[debug],turtlebot3,simulation,robot-pose,x=-27.21;y=17.95;yaw=-1.54
413.483333349,[debug],turtlebot4,simulation,robot-pose,x=-33.80;y=15.33;yaw=-0.06
413.483333349,[debug],turtlebot4,simulation,robot-pose,x=-33.80;y=15.33;yaw=-0.06
413.516666651,[debug],turtlebot5,simulation,robot-pose,x=-32.93;y=33.98;yaw=-3.06
413.516666651,[debug],turtlebot5,simulation,robot-pose,x=-32.93;y=33.98;yaw=-3.06
414.049999952,[info],turtlebot4,skill-life-cycle,navigation,(status=RUNNING, parameters=[[-37.0, 18.93, -1.5707963267948966, True], [-37.0, 16.0, 0.0, True], [-26.0, 16.0, -1.5707963267948966, True], [-26.0, 13.0, 1.57, False]])
428.183333397,[debug],turtlebot1,simulation,robot-pose,x=-11.47;y=17.82;yaw=-1.25
428.333333254,[debug],turtlebot1,simulation,robot-pose,x=-11.47;y=17.82;yaw=-1.25
428.416666746,[debug],turtlebot2,simulation,robot-pose,x=-28.72;y=17.88;yaw=-0.80
428.416666746,[debug],turtlebot2,simulation,robot-pose,x=-28.72;y=17.88;yaw=-0.80
428.466666698,[debug],turtlebot3,simulation,robot-pose,x=-27.20;y=17.94;yaw=-1.54
428.466666698,[debug],turtlebot3,simulation,robot-pose,x=-27.20;y=17.94;yaw=-1.54
428.483333349,[debug],turtlebot4,simulation,robot-pose,x=-32.56;y=15.41;yaw=0.27
428.483333349,[debug],turtlebot4,simulation,robot-pose,x=-32.56;y=15.41;yaw=0.27
428.533333302,[debug],turtlebot5,simulation,robot-pose,x=-32.93;y=33.98;yaw=-3.06
428.533333302,[debug],turtlebot5,simulation,robot-pose,x=-32.93;y=33.98;yaw=-3.06
443.183333397,[debug],turtlebot1,simulation,robot-pose,x=-11.47;y=17.82;yaw=-1.25
443.316666603,[debug],turtlebot1,simulation,robot-pose,x=-11.47;y=17.82;yaw=-1.25
443.416666746,[debug],turtlebot2,simulation,robot-pose,x=-28.72;y=17.88;yaw=-0.80
443.416666746,[debug],turtlebot2,simulation,robot-pose,x=-28.72;y=17.88;yaw=-0.80
443.466666698,[debug],turtlebot3,simulation,robot-pose,x=-27.20;y=17.92;yaw=-1.54
443.466666698,[debug],turtlebot3,simulation,robot-pose,x=-27.20;y=17.92;yaw=-1.54
443.483333349,[debug],turtlebot4,simulation,robot-pose,x=-31.32;y=15.70;yaw=0.04
443.483333349,[debug],turtlebot4,simulation,robot-pose,x=-31.32;y=15.70;yaw=0.04
443.516666651,[debug],turtlebot5,simulation,robot-pose,x=-32.93;y=33.98;yaw=-3.06
443.516666651,[debug],turtlebot5,simulation,robot-pose,x=-32.93;y=33.98;yaw=-3.06
458.183333397,[debug],turtlebot1,simulation,robot-pose,x=-11.47;y=17.82;yaw=-1.25
458.299999952,[debug],turtlebot1,simulation,robot-pose,x=-11.47;y=17.82;yaw=-1.25
458.416666746,[debug],turtlebot2,simulation,robot-pose,x=-28.73;y=17.88;yaw=-0.81
458.416666746,[debug],turtlebot2,simulation,robot-pose,x=-28.73;y=17.88;yaw=-0.81
458.466666698,[debug],turtlebot3,simulation,robot-pose,x=-27.20;y=17.91;yaw=-1.54
458.466666698,[debug],turtlebot3,simulation,robot-pose,x=-27.20;y=17.91;yaw=-1.54
458.483333349,[debug],turtlebot4,simulation,robot-pose,x=-30.07;y=15.70;yaw=-0.01
458.483333349,[debug],turtlebot4,simulation,robot-pose,x=-30.07;y=15.70;yaw=-0.01
458.516666651,[debug],turtlebot5,simulation,robot-pose,x=-32.93;y=33.98;yaw=-3.06
458.516666651,[debug],turtlebot5,simulation,robot-pose,x=-32.93;y=33.98;yaw=-3.06
463.516666651,[info],turtlebot4,skill-life-cycle,navigation,(status=RUNNING, parameters=[[-37.0, 18.93, -1.5707963267948966, True], [-37.0, 16.0, 0.0, True], [-26.0, 16.0, -1.5707963267948966, True], [-26.0, 13.0, 1.57, False]])
473.183333397,[debug],turtlebot1,simulation,robot-pose,x=-11.47;y=17.82;yaw=-1.25
473.333333254,[debug],turtlebot1,simulation,robot-pose,x=-11.47;y=17.82;yaw=-1.25
473.416666746,[debug],turtlebot2,simulation,robot-pose,x=-28.73;y=17.89;yaw=-0.82
473.416666746,[debug],turtlebot2,simulation,robot-pose,x=-28.73;y=17.89;yaw=-0.82
473.466666698,[debug],turtlebot3,simulation,robot-pose,x=-27.20;y=17.89;yaw=-1.54
473.466666698,[debug],turtlebot3,simulation,robot-pose,x=-27.20;y=17.89;yaw=-1.54
473.483333349,[debug],turtlebot4,simulation,robot-pose,x=-28.82;y=15.74;yaw=0.06
473.483333349,[debug],turtlebot4,simulation,robot-pose,x=-28.82;y=15.74;yaw=0.06
473.533333302,[debug],turtlebot5,simulation,robot-pose,x=-32.93;y=33.98;yaw=-3.06
473.533333302,[debug],turtlebot5,simulation,robot-pose,x=-32.93;y=33.98;yaw=-3.06
488.183333397,[debug],turtlebot1,simulation,robot-pose,x=-11.47;y=17.82;yaw=-1.25
488.316666603,[debug],turtlebot1,simulation,robot-pose,x=-11.47;y=17.82;yaw=-1.25
488.416666746,[debug],turtlebot2,simulation,robot-pose,x=-28.73;y=17.89;yaw=-0.84
488.416666746,[debug],turtlebot2,simulation,robot-pose,x=-28.73;y=17.89;yaw=-0.84
488.466666698,[debug],turtlebot3,simulation,robot-pose,x=-27.20;y=17.88;yaw=-1.54
488.466666698,[debug],turtlebot3,simulation,robot-pose,x=-27.20;y=17.88;yaw=-1.54
488.483333349,[debug],turtlebot4,simulation,robot-pose,x=-27.57;y=15.73;yaw=-0.03
488.483333349,[debug],turtlebot4,simulation,robot-pose,x=-27.57;y=15.73;yaw=-0.03
488.516666651,[debug],turtlebot5,simulation,robot-pose,x=-32.93;y=33.98;yaw=-3.06
488.516666651,[debug],turtlebot5,simulation,robot-pose,x=-32.93;y=33.98;yaw=-3.06
503.183333397,[debug],turtlebot1,simulation,robot-pose,x=-11.47;y=17.82;yaw=-1.25
503.333333254,[debug],turtlebot1,simulation,robot-pose,x=-11.47;y=17.82;yaw=-1.25
503.416666746,[debug],turtlebot2,simulation,robot-pose,x=-28.73;y=17.89;yaw=-0.85
503.416666746,[debug],turtlebot2,simulation,robot-pose,x=-28.73;y=17.89;yaw=-0.85
503.466666698,[debug],turtlebot3,simulation,robot-pose,x=-27.19;y=17.86;yaw=-1.54
503.466666698,[debug],turtlebot3,simulation,robot-pose,x=-27.19;y=17.86;yaw=-1.54
503.483333349,[debug],turtlebot4,simulation,robot-pose,x=-26.44;y=15.82;yaw=-0.45
503.483333349,[debug],turtlebot4,simulation,robot-pose,x=-26.44;y=15.82;yaw=-0.45
503.516666651,[debug],turtlebot5,simulation,robot-pose,x=-32.93;y=33.98;yaw=-3.06
503.516666651,[debug],turtlebot5,simulation,robot-pose,x=-32.93;y=33.98;yaw=-3.06
506.599999905,[debug],turtlebot4,move-base-info,Hooray, the base moved arrived,(x=-26;y=16)
506.599999905,[debug],turtlebot4,move-base-info,Hooray, the base moved arrived,(x=-26;y=16)
506.716666698,[debug],turtlebot4,task-update,navigation,way-point-reached,75.0%
513.533333302,[info],turtlebot4,skill-life-cycle,navigation,(status=RUNNING, parameters=[[-37.0, 18.93, -1.5707963267948966, True], [-37.0, 16.0, 0.0, True], [-26.0, 16.0, -1.5707963267948966, True], [-26.0, 13.0, 1.57, False]])
518.183333397,[debug],turtlebot1,simulation,robot-pose,x=-11.47;y=17.82;yaw=-1.25
518.349999905,[debug],turtlebot1,simulation,robot-pose,x=-11.47;y=17.82;yaw=-1.25
518.416666746,[debug],turtlebot2,simulation,robot-pose,x=-28.73;y=17.89;yaw=-0.86
518.416666746,[debug],turtlebot2,simulation,robot-pose,x=-28.73;y=17.89;yaw=-0.86
518.466666698,[debug],turtlebot3,simulation,robot-pose,x=-27.19;y=17.85;yaw=-1.54
518.466666698,[debug],turtlebot3,simulation,robot-pose,x=-27.19;y=17.85;yaw=-1.54
518.483333349,[debug],turtlebot4,simulation,robot-pose,x=-26.17;y=14.93;yaw=-1.48
518.483333349,[debug],turtlebot4,simulation,robot-pose,x=-26.17;y=14.93;yaw=-1.48
518.516666651,[debug],turtlebot5,simulation,robot-pose,x=-32.93;y=33.98;yaw=-3.05
518.516666651,[debug],turtlebot5,simulation,robot-pose,x=-32.93;y=33.98;yaw=-3.05
533.183333397,[debug],turtlebot1,simulation,robot-pose,x=-11.47;y=17.82;yaw=-1.25
533.416666746,[debug],turtlebot2,simulation,robot-pose,x=-28.73;y=17.90;yaw=-0.88
533.466666698,[debug],turtlebot3,simulation,robot-pose,x=-27.19;y=17.83;yaw=-1.54
533.483333349,[debug],turtlebot4,simulation,robot-pose,x=-26.13;y=13.47;yaw=-1.64
533.516666651,[debug],turtlebot5,simulation,robot-pose,x=-32.93;y=33.98;yaw=-3.05
533.599999905,[debug],turtlebot1,simulation,robot-pose,x=-11.47;y=17.82;yaw=-1.25
533.599999905,[debug],turtlebot2,simulation,robot-pose,x=-28.73;y=17.90;yaw=-0.88
533.599999905,[debug],turtlebot3,simulation,robot-pose,x=-27.19;y=17.83;yaw=-1.54
533.599999905,[debug],turtlebot4,simulation,robot-pose,x=-26.13;y=13.47;yaw=-1.64
533.599999905,[debug],turtlebot5,simulation,robot-pose,x=-32.93;y=33.98;yaw=-3.05
548.183333397,[debug],turtlebot1,simulation,robot-pose,x=-11.47;y=17.82;yaw=-1.25
548.349999905,[debug],turtlebot1,simulation,robot-pose,x=-11.47;y=17.82;yaw=-1.25
548.416666746,[debug],turtlebot2,simulation,robot-pose,x=-28.73;y=17.90;yaw=-0.89
548.416666746,[debug],turtlebot2,simulation,robot-pose,x=-28.73;y=17.90;yaw=-0.89
548.433333397,[debug],turtlebot4,move-base-info,The base failed to move ,(x=-26;y=13)
548.433333397,[debug],turtlebot4,move-base-info,The base failed to move ,(x=-26;y=13)
548.466666698,[debug],turtlebot3,simulation,robot-pose,x=-27.19;y=17.82;yaw=-1.54
548.466666698,[debug],turtlebot3,simulation,robot-pose,x=-27.19;y=17.82;yaw=-1.54
548.483333349,[debug],turtlebot4,simulation,robot-pose,x=-26.12;y=13.47;yaw=-1.63
548.483333349,[debug],turtlebot4,simulation,robot-pose,x=-26.12;y=13.47;yaw=-1.63
548.516666651,[debug],turtlebot5,simulation,robot-pose,x=-32.93;y=33.98;yaw=-3.06
548.516666651,[debug],turtlebot5,simulation,robot-pose,x=-32.93;y=33.98;yaw=-3.06
548.716666698,[info],turtlebot4,skill-life-cycle,navigation,(status=Status.FAILURE, parameters=[[-37.0, 18.93, -1.5707963267948966, True], [-37.0, 16.0, 0.0, True], [-26.0, 16.0, -1.5707963267948966, True], [-26.0, 13.0, 1.57, False]])
548.716666698,FAILURE
548.799999952,[info],turtlebot4,skill-life-cycle,navigation,(status=Status.FAILURE, parameters=[[-37.0, 18.93, -1.5707963267948966, True], [-37.0, 16.0, 0.0, True], [-26.0, 16.0, -1.5707963267948966, True], [-26.0, 13.0, 1.57, False]])
548.799999952,FAILURE
548.883333445,[info],turtlebot4,skill-life-cycle,navigation,(status=Status.FAILURE, parameters=[[-37.0, 18.93, -1.5707963267948966, True], [-37.0, 16.0, 0.0, True], [-26.0, 16.0, -1.5707963267948966, True], [-26.0, 13.0, 1.57, False]])
548.883333445,FAILURE
548.983333349,[info],turtlebot4,skill-life-cycle,navigation,(status=Status.FAILURE, parameters=[[-37.0, 18.93, -1.5707963267948966, True], [-37.0, 16.0, 0.0, True], [-26.0, 16.0, -1.5707963267948966, True], [-26.0, 13.0, 1.57, False]])
548.983333349,FAILURE
549.049999952,[info],turtlebot4,skill-life-cycle,navigation,(status=Status.FAILURE, parameters=[[-37.0, 18.93, -1.5707963267948966, True], [-37.0, 16.0, 0.0, True], [-26.0, 16.0, -1.5707963267948966, True], [-26.0, 13.0, 1.57, False]])
549.049999952,FAILURE
549.133333445,[info],turtlebot4,skill-life-cycle,navigation,(status=Status.FAILURE, parameters=[[-37.0, 18.93, -1.5707963267948966, True], [-37.0, 16.0, 0.0, True], [-26.0, 16.0, -1.5707963267948966, True], [-26.0, 13.0, 1.57, False]])
549.133333445,FAILURE
549.200000048,[info],turtlebot4,skill-life-cycle,navigation,(status=Status.FAILURE, parameters=[[-37.0, 18.93, -1.5707963267948966, True], [-37.0, 16.0, 0.0, True], [-26.0, 16.0, -1.5707963267948966, True], [-26.0, 13.0, 1.57, False]])
549.200000048,FAILURE
549.266666651,[info],turtlebot4,skill-life-cycle,navigation,(status=Status.FAILURE, parameters=[[-37.0, 18.93, -1.5707963267948966, True], [-37.0, 16.0, 0.0, True], [-26.0, 16.0, -1.5707963267948966, True], [-26.0, 13.0, 1.57, False]])
549.283333302,FAILURE
549.333333254,[info],turtlebot4,skill-life-cycle,navigation,(status=Status.FAILURE, parameters=[[-37.0, 18.93, -1.5707963267948966, True], [-37.0, 16.0, 0.0, True], [-26.0, 16.0, -1.5707963267948966, True], [-26.0, 13.0, 1.57, False]])
549.333333254,FAILURE
549.383333445,[info],turtlebot4,skill-life-cycle,navigation,(status=Status.FAILURE, parameters=[[-37.0, 18.93, -1.5707963267948966, True], [-37.0, 16.0, 0.0, True], [-26.0, 16.0, -1.5707963267948966, True], [-26.0, 13.0, 1.57, False]])
549.400000095,FAILURE
549.483333349,[info],turtlebot4,skill-life-cycle,navigation,(status=Status.FAILURE, parameters=[[-37.0, 18.93, -1.5707963267948966, True], [-37.0, 16.0, 0.0, True], [-26.0, 16.0, -1.5707963267948966, True], [-26.0, 13.0, 1.57, False]])
549.483333349,FAILURE
549.566666603,[info],turtlebot4,skill-life-cycle,navigation,(status=Status.FAILURE, parameters=[[-37.0, 18.93, -1.5707963267948966, True], [-37.0, 16.0, 0.0, True], [-26.0, 16.0, -1.5707963267948966, True], [-26.0, 13.0, 1.57, False]])
549.566666603,FAILURE
549.633333445,[info],turtlebot4,skill-life-cycle,navigation,(status=Status.FAILURE, parameters=[[-37.0, 18.93, -1.5707963267948966, True], [-37.0, 16.0, 0.0, True], [-26.0, 16.0, -1.5707963267948966, True], [-26.0, 13.0, 1.57, False]])
549.633333445,FAILURE
549.700000048,[info],turtlebot4,skill-life-cycle,navigation,(status=Status.FAILURE, parameters=[[-37.0, 18.93, -1.5707963267948966, True], [-37.0, 16.0, 0.0, True], [-26.0, 16.0, -1.5707963267948966, True], [-26.0, 13.0, 1.57, False]])
549.716666698,FAILURE
549.783333302,[info],turtlebot4,skill-life-cycle,navigation,(status=Status.FAILURE, parameters=[[-37.0, 18.93, -1.5707963267948966, True], [-37.0, 16.0, 0.0, True], [-26.0, 16.0, -1.5707963267948966, True], [-26.0, 13.0, 1.57, False]])
549.783333302,FAILURE
0.0,[debug],simulation closed,failure-bt,execution-wall-clock=681.7261099815369
