3.41666674614,[debug],turtlebot3,move-base-info,Move_base is up and ok....,
4.09999990463,[debug],turtlebot5,move-base-info,Move_base is up and ok....,
10.7333333492,[info],turtlebot1,skill-life-cycle,init_robobt,(status=RUNNING, parameters=[])
10.8833334446,[info],turtlebot4,skill-life-cycle,init_robobt,(status=RUNNING, parameters=[])
11.0833332539,[info],turtlebot5,skill-life-cycle,init_robobt,(status=RUNNING, parameters=[])
11.1500000954,[info],turtlebot3,skill-life-cycle,init_robobt,(status=RUNNING, parameters=[])
16.4500000477,[debug],turtlebot3,available-skills,['send_message', 'wait_message', 'approach_person', 'approach_robot', 'authenticate_person', 'deposit', 'navigation', 'operate_drawer', 'pick_up'],
16.4500000477,[info],turtlebot3,skill-life-cycle,navigation,(status=STARTED, parameters=[[-37.0, 33.95, -1.5707963267948966, True], [-37.0, 21.5, 3.141592653589793, True], [-38.0, 21.5, 0.0, False]])
24.2000000477,[debug],turtlebot1,simulation,robot-pose,x=-13.50;y=18.00;yaw=-1.50
24.2000000477,[debug],turtlebot1,simulation,robot-pose,x=-13.50;y=18.00;yaw=-1.50
24.4000000954,[debug],turtlebot5,simulation,robot-pose,x=-20.99;y=18.00;yaw=-1.54
24.4000000954,[debug],turtlebot3,simulation,robot-pose,x=-40.26;y=25.21;yaw=-0.72
24.4000000954,[debug],turtlebot4,simulation,robot-pose,x=-32.89;y=33.97;yaw=-3.10
24.4000000954,[debug],turtlebot2,simulation,robot-pose,x=-39.51;y=33.84;yaw=0.46
24.5499999523,[debug],turtlebot5,simulation,robot-pose,x=-20.99;y=18.00;yaw=-1.54
24.5499999523,[debug],turtlebot3,simulation,robot-pose,x=-40.26;y=25.21;yaw=-0.72
24.5499999523,[debug],turtlebot4,simulation,robot-pose,x=-32.89;y=33.97;yaw=-3.10
24.5499999523,[debug],turtlebot2,simulation,robot-pose,x=-39.51;y=33.84;yaw=0.46
39.2000000477,[debug],turtlebot1,simulation,robot-pose,x=-13.49;y=18.00;yaw=-1.49
39.2000000477,[debug],turtlebot1,simulation,robot-pose,x=-13.49;y=18.00;yaw=-1.49
39.4000000954,[debug],turtlebot3,simulation,robot-pose,x=-39.33;y=23.94;yaw=-0.88
39.4000000954,[debug],turtlebot2,simulation,robot-pose,x=-39.51;y=33.84;yaw=0.46
39.4000000954,[debug],turtlebot4,simulation,robot-pose,x=-32.89;y=33.97;yaw=-3.10
39.4000000954,[debug],turtlebot5,simulation,robot-pose,x=-20.99;y=18.00;yaw=-1.54
39.5666666031,[debug],turtlebot3,simulation,robot-pose,x=-39.33;y=23.94;yaw=-0.88
39.5666666031,[debug],turtlebot2,simulation,robot-pose,x=-39.51;y=33.84;yaw=0.46
39.5666666031,[debug],turtlebot4,simulation,robot-pose,x=-32.89;y=33.97;yaw=-3.10
39.5666666031,[debug],turtlebot5,simulation,robot-pose,x=-20.99;y=18.00;yaw=-1.54
54.2000000477,[debug],turtlebot1,simulation,robot-pose,x=-13.49;y=18.00;yaw=-1.48
54.2000000477,[debug],turtlebot1,simulation,robot-pose,x=-13.49;y=18.00;yaw=-1.48
54.4000000954,[debug],turtlebot5,simulation,robot-pose,x=-20.99;y=18.00;yaw=-1.54
54.4000000954,[debug],turtlebot4,simulation,robot-pose,x=-32.89;y=33.97;yaw=-3.10
54.4000000954,[debug],turtlebot2,simulation,robot-pose,x=-39.51;y=33.84;yaw=0.46
54.4000000954,[debug],turtlebot3,simulation,robot-pose,x=-38.22;y=23.13;yaw=-0.35
54.5833332539,[debug],turtlebot5,simulation,robot-pose,x=-20.99;y=18.00;yaw=-1.54
54.5833332539,[debug],turtlebot4,simulation,robot-pose,x=-32.89;y=33.97;yaw=-3.10
54.5833332539,[debug],turtlebot2,simulation,robot-pose,x=-39.51;y=33.84;yaw=0.46
54.5833332539,[debug],turtlebot3,simulation,robot-pose,x=-38.22;y=23.13;yaw=-0.35
62.6666667461,[info],turtlebot3,skill-life-cycle,navigation,(status=RUNNING, parameters=[[-37.0, 33.95, -1.5707963267948966, True], [-37.0, 21.5, 3.141592653589793, True], [-38.0, 21.5, 0.0, False]])
69.2000000477,[debug],turtlebot1,simulation,robot-pose,x=-13.49;y=18.00;yaw=-1.46
69.2000000477,[debug],turtlebot1,simulation,robot-pose,x=-13.49;y=18.00;yaw=-1.46
69.4000000954,[debug],turtlebot4,simulation,robot-pose,x=-32.89;y=33.97;yaw=-3.10
69.4000000954,[debug],turtlebot2,simulation,robot-pose,x=-39.51;y=33.84;yaw=0.46
69.4000000954,[debug],turtlebot3,simulation,robot-pose,x=-37.03;y=23.37;yaw=0.72
69.4000000954,[debug],turtlebot5,simulation,robot-pose,x=-20.99;y=18.00;yaw=-1.54
69.5333333015,[debug],turtlebot4,simulation,robot-pose,x=-32.89;y=33.97;yaw=-3.10
69.5333333015,[debug],turtlebot2,simulation,robot-pose,x=-39.51;y=33.84;yaw=0.46
69.5333333015,[debug],turtlebot3,simulation,robot-pose,x=-37.03;y=23.37;yaw=0.72
69.5333333015,[debug],turtlebot5,simulation,robot-pose,x=-20.99;y=18.00;yaw=-1.54
84.2000000477,[debug],turtlebot1,simulation,robot-pose,x=-13.49;y=17.99;yaw=-1.45
84.2000000477,[debug],turtlebot1,simulation,robot-pose,x=-13.49;y=17.99;yaw=-1.45
84.4000000954,[debug],turtlebot5,simulation,robot-pose,x=-20.99;y=18.00;yaw=-1.54
84.4000000954,[debug],turtlebot2,simulation,robot-pose,x=-39.51;y=33.84;yaw=0.46
84.4000000954,[debug],turtlebot3,simulation,robot-pose,x=-36.78;y=25.53;yaw=1.53
84.4000000954,[debug],turtlebot4,simulation,robot-pose,x=-32.90;y=33.97;yaw=-3.10
84.5333333015,[debug],turtlebot5,simulation,robot-pose,x=-20.99;y=18.00;yaw=-1.54
84.5333333015,[debug],turtlebot2,simulation,robot-pose,x=-39.51;y=33.84;yaw=0.46
84.5333333015,[debug],turtlebot3,simulation,robot-pose,x=-36.78;y=25.53;yaw=1.53
84.5499999523,[debug],turtlebot4,simulation,robot-pose,x=-32.90;y=33.97;yaw=-3.10
99.2000000477,[debug],turtlebot1,simulation,robot-pose,x=-13.49;y=17.99;yaw=-1.43
99.2000000477,[debug],turtlebot1,simulation,robot-pose,x=-13.49;y=17.99;yaw=-1.43
99.4000000954,[debug],turtlebot3,simulation,robot-pose,x=-36.76;y=27.86;yaw=1.64
99.4000000954,[debug],turtlebot2,simulation,robot-pose,x=-39.51;y=33.84;yaw=0.46
99.4000000954,[debug],turtlebot5,simulation,robot-pose,x=-20.99;y=18.00;yaw=-1.54
99.4000000954,[debug],turtlebot4,simulation,robot-pose,x=-32.90;y=33.97;yaw=-3.10
99.5833332539,[debug],turtlebot3,simulation,robot-pose,x=-36.76;y=27.86;yaw=1.64
99.5833332539,[debug],turtlebot2,simulation,robot-pose,x=-39.51;y=33.84;yaw=0.46
99.5833332539,[debug],turtlebot5,simulation,robot-pose,x=-20.99;y=18.00;yaw=-1.54
99.5833332539,[debug],turtlebot4,simulation,robot-pose,x=-32.90;y=33.97;yaw=-3.10
113.950000048,[info],turtlebot3,skill-life-cycle,navigation,(status=RUNNING, parameters=[[-37.0, 33.95, -1.5707963267948966, True], [-37.0, 21.5, 3.141592653589793, True], [-38.0, 21.5, 0.0, False]])
114.200000048,[debug],turtlebot1,simulation,robot-pose,x=-13.49;y=17.99;yaw=-1.42
114.200000048,[debug],turtlebot1,simulation,robot-pose,x=-13.49;y=17.99;yaw=-1.42
114.400000095,[debug],turtlebot4,simulation,robot-pose,x=-32.90;y=33.97;yaw=-3.09
114.400000095,[debug],turtlebot3,simulation,robot-pose,x=-36.79;y=27.89;yaw=0.53
114.400000095,[debug],turtlebot2,simulation,robot-pose,x=-39.51;y=33.84;yaw=0.46
114.400000095,[debug],turtlebot5,simulation,robot-pose,x=-20.99;y=18.00;yaw=-1.54
114.583333254,[debug],turtlebot4,simulation,robot-pose,x=-32.90;y=33.97;yaw=-3.09
114.583333254,[debug],turtlebot3,simulation,robot-pose,x=-36.79;y=27.89;yaw=0.53
114.583333254,[debug],turtlebot2,simulation,robot-pose,x=-39.51;y=33.84;yaw=0.46
114.583333254,[debug],turtlebot5,simulation,robot-pose,x=-20.99;y=18.00;yaw=-1.54
129.200000048,[debug],turtlebot1,simulation,robot-pose,x=-13.49;y=17.98;yaw=-1.40
129.200000048,[debug],turtlebot1,simulation,robot-pose,x=-13.49;y=17.98;yaw=-1.40
129.400000095,[debug],turtlebot4,simulation,robot-pose,x=-32.90;y=33.97;yaw=-3.09
129.400000095,[debug],turtlebot3,simulation,robot-pose,x=-36.80;y=27.88;yaw=0.49
129.400000095,[debug],turtlebot2,simulation,robot-pose,x=-39.51;y=33.84;yaw=0.46
129.400000095,[debug],turtlebot5,simulation,robot-pose,x=-21.00;y=18.00;yaw=-1.54
129.566666603,[debug],turtlebot4,simulation,robot-pose,x=-32.90;y=33.97;yaw=-3.09
129.566666603,[debug],turtlebot3,simulation,robot-pose,x=-36.80;y=27.88;yaw=0.49
129.566666603,[debug],turtlebot2,simulation,robot-pose,x=-39.51;y=33.84;yaw=0.46
129.566666603,[debug],turtlebot5,simulation,robot-pose,x=-21.00;y=18.00;yaw=-1.54
144.200000048,[debug],turtlebot1,simulation,robot-pose,x=-13.49;y=17.98;yaw=-1.38
144.200000048,[debug],turtlebot1,simulation,robot-pose,x=-13.49;y=17.98;yaw=-1.38
144.400000095,[debug],turtlebot2,simulation,robot-pose,x=-39.50;y=33.84;yaw=0.46
144.400000095,[debug],turtlebot3,simulation,robot-pose,x=-36.58;y=28.81;yaw=1.56
144.400000095,[debug],turtlebot5,simulation,robot-pose,x=-21.00;y=18.00;yaw=-1.54
144.400000095,[debug],turtlebot4,simulation,robot-pose,x=-32.90;y=33.97;yaw=-3.09
144.533333302,[debug],turtlebot2,simulation,robot-pose,x=-39.50;y=33.84;yaw=0.46
144.533333302,[debug],turtlebot3,simulation,robot-pose,x=-36.58;y=28.81;yaw=1.56
144.533333302,[debug],turtlebot5,simulation,robot-pose,x=-21.00;y=18.00;yaw=-1.54
144.549999952,[debug],turtlebot4,simulation,robot-pose,x=-32.90;y=33.97;yaw=-3.09
159.200000048,[debug],turtlebot1,simulation,robot-pose,x=-13.48;y=17.98;yaw=-1.36
159.200000048,[debug],turtlebot1,simulation,robot-pose,x=-13.48;y=17.98;yaw=-1.36
159.400000095,[debug],turtlebot3,simulation,robot-pose,x=-36.57;y=31.30;yaw=1.57
159.400000095,[debug],turtlebot4,simulation,robot-pose,x=-32.90;y=33.97;yaw=-3.09
159.400000095,[debug],turtlebot5,simulation,robot-pose,x=-21.00;y=18.00;yaw=-1.54
159.400000095,[debug],turtlebot2,simulation,robot-pose,x=-39.50;y=33.84;yaw=0.46
159.583333254,[debug],turtlebot3,simulation,robot-pose,x=-36.57;y=31.30;yaw=1.57
159.583333254,[debug],turtlebot4,simulation,robot-pose,x=-32.90;y=33.97;yaw=-3.09
159.583333254,[debug],turtlebot5,simulation,robot-pose,x=-21.00;y=18.00;yaw=-1.54
159.583333254,[debug],turtlebot2,simulation,robot-pose,x=-39.50;y=33.84;yaw=0.46
165.716666698,[info],turtlebot3,skill-life-cycle,navigation,(status=RUNNING, parameters=[[-37.0, 33.95, -1.5707963267948966, True], [-37.0, 21.5, 3.141592653589793, True], [-38.0, 21.5, 0.0, False]])
174.200000048,[debug],turtlebot1,simulation,robot-pose,x=-13.48;y=17.97;yaw=-1.34
174.200000048,[debug],turtlebot1,simulation,robot-pose,x=-13.48;y=17.97;yaw=-1.34
174.400000095,[debug],turtlebot5,simulation,robot-pose,x=-21.00;y=18.00;yaw=-1.54
174.400000095,[debug],turtlebot4,simulation,robot-pose,x=-32.90;y=33.97;yaw=-3.09
174.400000095,[debug],turtlebot3,simulation,robot-pose,x=-36.76;y=33.54;yaw=2.90
174.400000095,[debug],turtlebot2,simulation,robot-pose,x=-39.50;y=33.84;yaw=0.46
174.583333254,[debug],turtlebot5,simulation,robot-pose,x=-21.00;y=18.00;yaw=-1.54
174.583333254,[debug],turtlebot4,simulation,robot-pose,x=-32.90;y=33.97;yaw=-3.09
174.583333254,[debug],turtlebot3,simulation,robot-pose,x=-36.76;y=33.54;yaw=2.90
174.583333254,[debug],turtlebot2,simulation,robot-pose,x=-39.50;y=33.84;yaw=0.46
179.433333397,[debug],turtlebot3,move-base-info,Hooray, the base moved arrived,(x=-37;y=33.95)
179.549999952,[debug],turtlebot3,move-base-info,Hooray, the base moved arrived,(x=-37;y=33.95)
179.599999905,[debug],turtlebot3,task-update,navigation,way-point-reached,33.33333333333333%
189.216666698,[debug],turtlebot1,simulation,robot-pose,x=-13.48;y=17.97;yaw=-1.32
189.216666698,[debug],turtlebot1,simulation,robot-pose,x=-13.48;y=17.97;yaw=-1.32
189.400000095,[debug],turtlebot2,simulation,robot-pose,x=-39.50;y=33.84;yaw=0.46
189.400000095,[debug],turtlebot4,simulation,robot-pose,x=-32.90;y=33.97;yaw=-3.09
189.400000095,[debug],turtlebot5,simulation,robot-pose,x=-21.00;y=18.00;yaw=-1.54
189.400000095,[debug],turtlebot3,simulation,robot-pose,x=-36.69;y=32.90;yaw=-1.40
189.549999952,[debug],turtlebot2,simulation,robot-pose,x=-39.50;y=33.84;yaw=0.46
189.549999952,[debug],turtlebot4,simulation,robot-pose,x=-32.90;y=33.97;yaw=-3.09
189.549999952,[debug],turtlebot5,simulation,robot-pose,x=-21.00;y=18.00;yaw=-1.54
189.566666603,[debug],turtlebot3,simulation,robot-pose,x=-36.69;y=32.90;yaw=-1.40
204.200000048,[debug],turtlebot1,simulation,robot-pose,x=-13.47;y=17.97;yaw=-1.29
204.200000048,[debug],turtlebot1,simulation,robot-pose,x=-13.47;y=17.97;yaw=-1.29
204.400000095,[debug],turtlebot3,simulation,robot-pose,x=-36.60;y=30.49;yaw=-1.57
204.400000095,[debug],turtlebot4,simulation,robot-pose,x=-32.91;y=33.97;yaw=-3.09
204.400000095,[debug],turtlebot5,simulation,robot-pose,x=-21.01;y=18.00;yaw=-1.54
204.400000095,[debug],turtlebot2,simulation,robot-pose,x=-39.50;y=33.84;yaw=0.46
204.566666603,[debug],turtlebot3,simulation,robot-pose,x=-36.60;y=30.49;yaw=-1.57
204.566666603,[debug],turtlebot4,simulation,robot-pose,x=-32.91;y=33.97;yaw=-3.09
204.566666603,[debug],turtlebot5,simulation,robot-pose,x=-21.01;y=18.00;yaw=-1.54
204.583333254,[debug],turtlebot2,simulation,robot-pose,x=-39.50;y=33.84;yaw=0.46
217.616666555,[info],turtlebot3,skill-life-cycle,navigation,(status=RUNNING, parameters=[[-37.0, 33.95, -1.5707963267948966, True], [-37.0, 21.5, 3.141592653589793, True], [-38.0, 21.5, 0.0, False]])
219.200000048,[debug],turtlebot1,simulation,robot-pose,x=-13.47;y=17.96;yaw=-1.27
219.200000048,[debug],turtlebot1,simulation,robot-pose,x=-13.47;y=17.96;yaw=-1.27
219.400000095,[debug],turtlebot4,simulation,robot-pose,x=-32.91;y=33.97;yaw=-3.08
219.400000095,[debug],turtlebot5,simulation,robot-pose,x=-21.01;y=18.00;yaw=-1.54
219.400000095,[debug],turtlebot2,simulation,robot-pose,x=-39.50;y=33.84;yaw=0.46
219.400000095,[debug],turtlebot3,simulation,robot-pose,x=-36.62;y=27.98;yaw=-1.57
219.533333302,[debug],turtlebot4,simulation,robot-pose,x=-32.91;y=33.97;yaw=-3.08
219.533333302,[debug],turtlebot5,simulation,robot-pose,x=-21.01;y=18.00;yaw=-1.54
219.533333302,[debug],turtlebot2,simulation,robot-pose,x=-39.50;y=33.84;yaw=0.46
219.549999952,[debug],turtlebot3,simulation,robot-pose,x=-36.62;y=27.98;yaw=-1.57
234.200000048,[debug],turtlebot1,simulation,robot-pose,x=-13.47;y=17.96;yaw=-1.25
234.200000048,[debug],turtlebot1,simulation,robot-pose,x=-13.47;y=17.96;yaw=-1.25
234.400000095,[debug],turtlebot5,simulation,robot-pose,x=-21.01;y=18.00;yaw=-1.54
234.400000095,[debug],turtlebot5,simulation,robot-pose,x=-21.01;y=18.00;yaw=-1.54
234.400000095,[debug],turtlebot3,simulation,robot-pose,x=-36.61;y=25.49;yaw=-1.53
234.400000095,[debug],turtlebot2,simulation,robot-pose,x=-39.50;y=33.84;yaw=0.46
234.400000095,[debug],turtlebot4,simulation,robot-pose,x=-32.91;y=33.97;yaw=-3.07
234.583333254,[debug],turtlebot3,simulation,robot-pose,x=-36.61;y=25.49;yaw=-1.53
234.583333254,[debug],turtlebot2,simulation,robot-pose,x=-39.50;y=33.84;yaw=0.46
234.583333254,[debug],turtlebot4,simulation,robot-pose,x=-32.91;y=33.97;yaw=-3.07
249.200000048,[debug],turtlebot1,simulation,robot-pose,x=-13.46;y=17.96;yaw=-1.23
249.200000048,[debug],turtlebot1,simulation,robot-pose,x=-13.46;y=17.96;yaw=-1.23
249.400000095,[debug],turtlebot3,simulation,robot-pose,x=-36.65;y=22.96;yaw=-1.69
249.400000095,[debug],turtlebot5,simulation,robot-pose,x=-21.02;y=18.00;yaw=-1.54
249.400000095,[debug],turtlebot2,simulation,robot-pose,x=-39.50;y=33.84;yaw=0.46
249.400000095,[debug],turtlebot4,simulation,robot-pose,x=-32.91;y=33.97;yaw=-3.06
249.566666603,[debug],turtlebot3,simulation,robot-pose,x=-36.65;y=22.96;yaw=-1.69
249.566666603,[debug],turtlebot5,simulation,robot-pose,x=-21.02;y=18.00;yaw=-1.54
249.566666603,[debug],turtlebot2,simulation,robot-pose,x=-39.50;y=33.84;yaw=0.46
249.583333254,[debug],turtlebot4,simulation,robot-pose,x=-32.91;y=33.97;yaw=-3.06
258.466666698,[debug],turtlebot3,move-base-info,Hooray, the base moved arrived,(x=-37;y=21.5)
258.566666603,[debug],turtlebot3,move-base-info,Hooray, the base moved arrived,(x=-37;y=21.5)
258.733333349,[debug],turtlebot3,task-update,navigation,way-point-reached,66.66666666666666%
264.200000048,[debug],turtlebot1,simulation,robot-pose,x=-13.46;y=17.95;yaw=-1.21
264.200000048,[debug],turtlebot1,simulation,robot-pose,x=-13.46;y=17.95;yaw=-1.21
264.400000095,[debug],turtlebot5,simulation,robot-pose,x=-21.02;y=18.00;yaw=-1.54
264.400000095,[debug],turtlebot2,simulation,robot-pose,x=-39.50;y=33.84;yaw=0.46
264.400000095,[debug],turtlebot4,simulation,robot-pose,x=-32.91;y=33.97;yaw=-3.06
264.400000095,[debug],turtlebot3,simulation,robot-pose,x=-37.02;y=21.90;yaw=-2.99
264.566666603,[debug],turtlebot5,simulation,robot-pose,x=-21.02;y=18.00;yaw=-1.54
264.566666603,[debug],turtlebot2,simulation,robot-pose,x=-39.50;y=33.84;yaw=0.46
264.566666603,[debug],turtlebot4,simulation,robot-pose,x=-32.91;y=33.97;yaw=-3.06
264.566666603,[debug],turtlebot3,simulation,robot-pose,x=-37.02;y=21.90;yaw=-2.99
269.866666555,[info],turtlebot3,skill-life-cycle,navigation,(status=RUNNING, parameters=[[-37.0, 33.95, -1.5707963267948966, True], [-37.0, 21.5, 3.141592653589793, True], [-38.0, 21.5, 0.0, False]])
274.566666603,[debug],turtlebot3,move-base-info,Hooray, the base moved arrived,(x=-38;y=21.5)
274.566666603,[debug],turtlebot3,move-base-info,Hooray, the base moved arrived,(x=-38;y=21.5)
274.716666698,[debug],turtlebot3,task-update,navigation,way-point-reached,100.0%
274.816666603,[debug],turtlebot3,available-skills,['send_message', 'wait_message', 'approach_person', 'approach_robot', 'authenticate_person', 'deposit', 'navigation', 'operate_drawer', 'pick_up'],
274.816666603,[info],turtlebot3,skill-life-cycle,approach_person,(status=STARTED, parameters=['nurse'])
274.883333445,[debug],turtlebot3,task-update,approach_person,localize-person,(who=nurse)
275.183333397,[debug],turtlebot3,task-update,approach_person,goto-person,(who=nurse)
275.266666651,[debug],turtlebot3,available-skills,['send_message', 'wait_message', 'approach_person', 'approach_robot', 'authenticate_person', 'deposit', 'navigation', 'operate_drawer', 'pick_up'],
275.283333302,[info],turtlebot3,skill-life-cycle,authenticate_person,(status=STARTED, parameters=['nurse'])
275.333333254,[debug],turtlebot3,task-update,authenticate_person,request-authentication,(to=nurse)
275.333333254,[info],nurse,sync,received-request,(status=sending-request)
275.333333254,[info],nurse,sync,received-request,(status=sending-request)
276.066666603,[debug],turtlebot3,task-update,authenticate_person,received-authentication,(from=nurse)
276.166666746,[debug],turtlebot3,available-skills,['send_message', 'wait_message', 'approach_person', 'approach_robot', 'authenticate_person', 'deposit', 'navigation', 'operate_drawer', 'pick_up'],
276.166666746,[info],turtlebot3,skill-life-cycle,operate_drawer,(status=STARTED, parameters=['open'])
276.200000048,[debug],turtlebot3,task-update,operate_drawer,open
277.183333397,[debug],turtlebot3,available-skills,['send_message', 'wait_message', 'approach_person', 'approach_robot', 'authenticate_person', 'deposit', 'navigation', 'operate_drawer', 'pick_up'],
277.183333397,[info],turtlebot3,skill-life-cycle,send_message,(status=STARTED, parameters=['nurse'])
277.266666651,[info],turtlebot3,sync,send-message,(to=nurse)
278.200000048,[info],nurse,sync,wait-message,(status=message-received)
278.200000048,[info],nurse,sync,wait-message,(status=message-received)
279.200000048,[debug],turtlebot1,simulation,robot-pose,x=-13.46;y=17.95;yaw=-1.19
279.200000048,[debug],turtlebot1,simulation,robot-pose,x=-13.46;y=17.95;yaw=-1.19
279.400000095,[debug],turtlebot4,simulation,robot-pose,x=-32.92;y=33.98;yaw=-3.05
279.400000095,[debug],turtlebot5,simulation,robot-pose,x=-21.03;y=18.00;yaw=-1.54
279.400000095,[debug],turtlebot3,simulation,robot-pose,x=-37.66;y=21.76;yaw=-0.04
279.400000095,[debug],turtlebot2,simulation,robot-pose,x=-39.50;y=33.84;yaw=0.46
279.566666603,[debug],turtlebot4,simulation,robot-pose,x=-32.92;y=33.98;yaw=-3.05
279.566666603,[debug],turtlebot5,simulation,robot-pose,x=-21.03;y=18.00;yaw=-1.54
279.566666603,[debug],turtlebot3,simulation,robot-pose,x=-37.66;y=21.76;yaw=-0.04
279.583333254,[debug],turtlebot2,simulation,robot-pose,x=-39.50;y=33.84;yaw=0.46
280.933333397,[debug],turtlebot3,available-skills,['send_message', 'wait_message', 'approach_person', 'approach_robot', 'authenticate_person', 'deposit', 'navigation', 'operate_drawer', 'pick_up'],
280.933333397,[info],turtlebot3,skill-life-cycle,wait_message,(status=STARTED, parameters=['r1'])
282.200000048,[info],turtlebot3,sync,wait-message,(status=message-received)
282.299999952,[debug],turtlebot3,available-skills,['send_message', 'wait_message', 'approach_person', 'approach_robot', 'authenticate_person', 'deposit', 'navigation', 'operate_drawer', 'pick_up'],
282.299999952,[info],turtlebot3,skill-life-cycle,operate_drawer,(status=STARTED, parameters=['close'])
282.349999905,[debug],turtlebot3,task-update,operate_drawer,close
283.349999905,[debug],turtlebot3,available-skills,['send_message', 'wait_message', 'approach_person', 'approach_robot', 'authenticate_person', 'deposit', 'navigation', 'operate_drawer', 'pick_up'],
283.349999905,[info],turtlebot3,skill-life-cycle,navigation,(status=STARTED, parameters=[[-37.0, 21.5, -1.5707963267948966, True], [-37.0, 16.0, 0.0, True], [-26.0, 16.0, -1.5707963267948966, True], [-26.0, 13.0, 1.57, False]])
288.200000048,[info],nurse,sync,wait-message,(status=message-received)
288.200000048,[info],nurse,sync,wait-message,(status=message-received)
293.950000048,[debug],turtlebot3,move-base-info,Hooray, the base moved arrived,(x=-37;y=21.5)
293.950000048,[debug],turtlebot3,move-base-info,Hooray, the base moved arrived,(x=-37;y=21.5)
294.033333302,[debug],turtlebot3,task-update,navigation,way-point-reached,25.0%
294.200000048,[debug],turtlebot1,simulation,robot-pose,x=-13.45;y=17.95;yaw=-1.17
294.216666698,[debug],turtlebot1,simulation,robot-pose,x=-13.45;y=17.95;yaw=-1.17
294.400000095,[debug],turtlebot3,simulation,robot-pose,x=-37.40;y=21.74;yaw=-1.53
294.400000095,[debug],turtlebot5,simulation,robot-pose,x=-21.03;y=18.00;yaw=-1.54
294.400000095,[debug],turtlebot2,simulation,robot-pose,x=-39.50;y=33.84;yaw=0.46
294.400000095,[debug],turtlebot4,simulation,robot-pose,x=-32.92;y=33.98;yaw=-3.05
294.566666603,[debug],turtlebot3,simulation,robot-pose,x=-37.40;y=21.74;yaw=-1.53
294.566666603,[debug],turtlebot5,simulation,robot-pose,x=-21.03;y=18.00;yaw=-1.54
294.566666603,[debug],turtlebot2,simulation,robot-pose,x=-39.50;y=33.84;yaw=0.46
294.566666603,[debug],turtlebot4,simulation,robot-pose,x=-32.92;y=33.98;yaw=-3.05
295.333333254,[info],nurse,sync,request-sent,(status=waiting)
295.333333254,[info],nurse,sync,request-sent,(status=waiting)
298.200000048,[info],nurse,sync,wait-message,(status=message-received)
298.200000048,[info],nurse,sync,wait-message,(status=message-received)
308.200000048,[info],nurse,sync,wait-message,(status=message-received)
308.200000048,[info],nurse,sync,wait-message,(status=message-received)
309.200000048,[debug],turtlebot1,simulation,robot-pose,x=-13.45;y=17.94;yaw=-1.16
309.200000048,[debug],turtlebot1,simulation,robot-pose,x=-13.45;y=17.94;yaw=-1.16
309.400000095,[debug],turtlebot2,simulation,robot-pose,x=-39.50;y=33.84;yaw=0.46
309.400000095,[debug],turtlebot3,simulation,robot-pose,x=-37.04;y=20.42;yaw=-1.51
309.400000095,[debug],turtlebot4,simulation,robot-pose,x=-32.92;y=33.98;yaw=-3.06
309.400000095,[debug],turtlebot5,simulation,robot-pose,x=-21.03;y=18.00;yaw=-1.54
309.549999952,[debug],turtlebot2,simulation,robot-pose,x=-39.50;y=33.84;yaw=0.46
309.549999952,[debug],turtlebot3,simulation,robot-pose,x=-37.04;y=20.42;yaw=-1.51
309.549999952,[debug],turtlebot4,simulation,robot-pose,x=-32.92;y=33.98;yaw=-3.06
309.549999952,[debug],turtlebot5,simulation,robot-pose,x=-21.03;y=18.00;yaw=-1.54
323.433333397,[info],turtlebot3,skill-life-cycle,navigation,(status=RUNNING, parameters=[[-37.0, 21.5, -1.5707963267948966, True], [-37.0, 16.0, 0.0, True], [-26.0, 16.0, -1.5707963267948966, True], [-26.0, 13.0, 1.57, False]])
324.216666698,[debug],turtlebot1,simulation,robot-pose,x=-13.45;y=17.94;yaw=-1.14
324.216666698,[debug],turtlebot1,simulation,robot-pose,x=-13.45;y=17.94;yaw=-1.14
324.400000095,[debug],turtlebot2,simulation,robot-pose,x=-39.50;y=33.84;yaw=0.46
324.400000095,[debug],turtlebot5,simulation,robot-pose,x=-21.03;y=18.00;yaw=-1.54
324.400000095,[debug],turtlebot3,simulation,robot-pose,x=-37.04;y=17.92;yaw=-1.58
324.400000095,[debug],turtlebot4,simulation,robot-pose,x=-32.92;y=33.98;yaw=-3.06
324.533333302,[debug],turtlebot2,simulation,robot-pose,x=-39.50;y=33.84;yaw=0.46
324.533333302,[debug],turtlebot5,simulation,robot-pose,x=-21.03;y=18.00;yaw=-1.54
324.533333302,[debug],turtlebot3,simulation,robot-pose,x=-37.04;y=17.92;yaw=-1.58
324.549999952,[debug],turtlebot4,simulation,robot-pose,x=-32.92;y=33.98;yaw=-3.06
339.200000048,[debug],turtlebot1,simulation,robot-pose,x=-13.44;y=17.94;yaw=-1.13
339.200000048,[debug],turtlebot1,simulation,robot-pose,x=-13.44;y=17.94;yaw=-1.13
339.400000095,[debug],turtlebot3,simulation,robot-pose,x=-37.18;y=16.46;yaw=-1.58
339.400000095,[debug],turtlebot4,simulation,robot-pose,x=-32.93;y=33.98;yaw=-3.06
339.400000095,[debug],turtlebot2,simulation,robot-pose,x=-39.50;y=33.84;yaw=0.46
339.400000095,[debug],turtlebot5,simulation,robot-pose,x=-21.03;y=18.00;yaw=-1.54
339.549999952,[debug],turtlebot3,simulation,robot-pose,x=-37.18;y=16.46;yaw=-1.58
339.549999952,[debug],turtlebot4,simulation,robot-pose,x=-32.93;y=33.98;yaw=-3.06
339.549999952,[debug],turtlebot2,simulation,robot-pose,x=-39.50;y=33.84;yaw=0.46
339.549999952,[debug],turtlebot5,simulation,robot-pose,x=-21.03;y=18.00;yaw=-1.54
343.650000095,[debug],turtlebot3,move-base-info,Hooray, the base moved arrived,(x=-37;y=16)
343.650000095,[debug],turtlebot3,move-base-info,Hooray, the base moved arrived,(x=-37;y=16)
343.766666651,[debug],turtlebot3,task-update,navigation,way-point-reached,50.0%
354.200000048,[debug],turtlebot1,simulation,robot-pose,x=-13.44;y=17.94;yaw=-1.12
354.200000048,[debug],turtlebot1,simulation,robot-pose,x=-13.44;y=17.94;yaw=-1.12
354.400000095,[debug],turtlebot5,simulation,robot-pose,x=-21.03;y=18.00;yaw=-1.54
354.400000095,[debug],turtlebot3,simulation,robot-pose,x=-36.78;y=16.15;yaw=-0.81
354.400000095,[debug],turtlebot4,simulation,robot-pose,x=-32.93;y=33.98;yaw=-3.06
354.400000095,[debug],turtlebot2,simulation,robot-pose,x=-39.50;y=33.84;yaw=0.46
354.566666603,[debug],turtlebot5,simulation,robot-pose,x=-21.03;y=18.00;yaw=-1.54
354.566666603,[debug],turtlebot3,simulation,robot-pose,x=-36.78;y=16.15;yaw=-0.81
354.566666603,[debug],turtlebot4,simulation,robot-pose,x=-32.93;y=33.98;yaw=-3.06
354.566666603,[debug],turtlebot2,simulation,robot-pose,x=-39.50;y=33.84;yaw=0.46
369.200000048,[debug],turtlebot1,simulation,robot-pose,x=-13.44;y=17.94;yaw=-1.12
369.200000048,[debug],turtlebot1,simulation,robot-pose,x=-13.44;y=17.94;yaw=-1.12
369.400000095,[debug],turtlebot3,simulation,robot-pose,x=-35.67;y=15.37;yaw=-0.11
369.400000095,[debug],turtlebot5,simulation,robot-pose,x=-21.03;y=18.00;yaw=-1.54
369.400000095,[debug],turtlebot2,simulation,robot-pose,x=-39.50;y=33.84;yaw=0.46
369.400000095,[debug],turtlebot4,simulation,robot-pose,x=-32.93;y=33.98;yaw=-3.06
369.583333254,[debug],turtlebot3,simulation,robot-pose,x=-35.67;y=15.37;yaw=-0.11
369.583333254,[debug],turtlebot5,simulation,robot-pose,x=-21.03;y=18.00;yaw=-1.54
369.583333254,[debug],turtlebot2,simulation,robot-pose,x=-39.50;y=33.84;yaw=0.46
369.583333254,[debug],turtlebot4,simulation,robot-pose,x=-32.93;y=33.98;yaw=-3.06
375.116666555,[info],turtlebot3,skill-life-cycle,navigation,(status=RUNNING, parameters=[[-37.0, 21.5, -1.5707963267948966, True], [-37.0, 16.0, 0.0, True], [-26.0, 16.0, -1.5707963267948966, True], [-26.0, 13.0, 1.57, False]])
384.200000048,[debug],turtlebot1,simulation,robot-pose,x=-13.44;y=17.93;yaw=-1.11
384.200000048,[debug],turtlebot1,simulation,robot-pose,x=-13.44;y=17.93;yaw=-1.11
384.400000095,[debug],turtlebot5,simulation,robot-pose,x=-21.03;y=18.00;yaw=-1.54
384.400000095,[debug],turtlebot4,simulation,robot-pose,x=-32.93;y=33.98;yaw=-3.06
384.400000095,[debug],turtlebot2,simulation,robot-pose,x=-39.50;y=33.84;yaw=0.46
384.400000095,[debug],turtlebot3,simulation,robot-pose,x=-34.42;y=15.31;yaw=0.02
384.583333254,[debug],turtlebot5,simulation,robot-pose,x=-21.03;y=18.00;yaw=-1.54
384.583333254,[debug],turtlebot4,simulation,robot-pose,x=-32.93;y=33.98;yaw=-3.06
384.583333254,[debug],turtlebot2,simulation,robot-pose,x=-39.50;y=33.84;yaw=0.46
384.583333254,[debug],turtlebot3,simulation,robot-pose,x=-34.42;y=15.31;yaw=0.02
399.200000048,[debug],turtlebot1,simulation,robot-pose,x=-13.43;y=17.93;yaw=-1.10
399.200000048,[debug],turtlebot1,simulation,robot-pose,x=-13.43;y=17.93;yaw=-1.10
399.400000095,[debug],turtlebot3,simulation,robot-pose,x=-33.16;y=15.32;yaw=-0.00
399.400000095,[debug],turtlebot2,simulation,robot-pose,x=-39.50;y=33.84;yaw=0.46
399.400000095,[debug],turtlebot5,simulation,robot-pose,x=-21.03;y=18.00;yaw=-1.54
399.400000095,[debug],turtlebot4,simulation,robot-pose,x=-32.93;y=33.98;yaw=-3.06
399.549999952,[debug],turtlebot3,simulation,robot-pose,x=-33.16;y=15.32;yaw=-0.00
399.549999952,[debug],turtlebot2,simulation,robot-pose,x=-39.50;y=33.84;yaw=0.46
399.549999952,[debug],turtlebot5,simulation,robot-pose,x=-21.03;y=18.00;yaw=-1.54
399.566666603,[debug],turtlebot4,simulation,robot-pose,x=-32.93;y=33.98;yaw=-3.06
414.200000048,[debug],turtlebot1,simulation,robot-pose,x=-13.43;y=17.93;yaw=-1.10
414.200000048,[debug],turtlebot1,simulation,robot-pose,x=-13.43;y=17.93;yaw=-1.10
414.400000095,[debug],turtlebot2,simulation,robot-pose,x=-39.50;y=33.84;yaw=0.46
414.400000095,[debug],turtlebot5,simulation,robot-pose,x=-21.03;y=18.00;yaw=-1.54
414.400000095,[debug],turtlebot3,simulation,robot-pose,x=-31.91;y=15.33;yaw=-0.00
414.400000095,[debug],turtlebot4,simulation,robot-pose,x=-32.93;y=33.98;yaw=-3.06
414.533333302,[debug],turtlebot2,simulation,robot-pose,x=-39.50;y=33.84;yaw=0.46
414.533333302,[debug],turtlebot5,simulation,robot-pose,x=-21.03;y=18.00;yaw=-1.54
414.533333302,[debug],turtlebot3,simulation,robot-pose,x=-31.91;y=15.33;yaw=-0.00
414.533333302,[debug],turtlebot4,simulation,robot-pose,x=-32.93;y=33.98;yaw=-3.06
425.383333445,[info],turtlebot3,skill-life-cycle,navigation,(status=RUNNING, parameters=[[-37.0, 21.5, -1.5707963267948966, True], [-37.0, 16.0, 0.0, True], [-26.0, 16.0, -1.5707963267948966, True], [-26.0, 13.0, 1.57, False]])
429.200000048,[debug],turtlebot1,simulation,robot-pose,x=-13.43;y=17.93;yaw=-1.09
429.200000048,[debug],turtlebot1,simulation,robot-pose,x=-13.43;y=17.93;yaw=-1.09
429.400000095,[debug],turtlebot5,simulation,robot-pose,x=-21.03;y=18.00;yaw=-1.54
429.400000095,[debug],turtlebot3,simulation,robot-pose,x=-30.66;y=15.33;yaw=0.00
429.400000095,[debug],turtlebot4,simulation,robot-pose,x=-32.93;y=33.98;yaw=-3.06
429.400000095,[debug],turtlebot2,simulation,robot-pose,x=-39.50;y=33.84;yaw=0.46
429.583333254,[debug],turtlebot5,simulation,robot-pose,x=-21.03;y=18.00;yaw=-1.54
429.583333254,[debug],turtlebot3,simulation,robot-pose,x=-30.66;y=15.33;yaw=0.00
429.583333254,[debug],turtlebot4,simulation,robot-pose,x=-32.93;y=33.98;yaw=-3.06
429.583333254,[debug],turtlebot2,simulation,robot-pose,x=-39.50;y=33.84;yaw=0.46
444.200000048,[debug],turtlebot1,simulation,robot-pose,x=-13.42;y=17.93;yaw=-1.09
444.200000048,[debug],turtlebot1,simulation,robot-pose,x=-13.42;y=17.93;yaw=-1.09
444.400000095,[debug],turtlebot5,simulation,robot-pose,x=-21.03;y=18.00;yaw=-1.54
444.400000095,[debug],turtlebot4,simulation,robot-pose,x=-32.93;y=33.98;yaw=-3.06
444.400000095,[debug],turtlebot2,simulation,robot-pose,x=-39.50;y=33.84;yaw=0.46
444.400000095,[debug],turtlebot3,simulation,robot-pose,x=-29.41;y=15.32;yaw=-0.01
444.566666603,[debug],turtlebot5,simulation,robot-pose,x=-21.03;y=18.00;yaw=-1.54
444.566666603,[debug],turtlebot4,simulation,robot-pose,x=-32.93;y=33.98;yaw=-3.06
444.566666603,[debug],turtlebot2,simulation,robot-pose,x=-39.50;y=33.84;yaw=0.46
444.566666603,[debug],turtlebot3,simulation,robot-pose,x=-29.41;y=15.32;yaw=-0.01
459.200000048,[debug],turtlebot1,simulation,robot-pose,x=-13.42;y=17.92;yaw=-1.07
459.200000048,[debug],turtlebot1,simulation,robot-pose,x=-13.42;y=17.92;yaw=-1.07
459.400000095,[debug],turtlebot4,simulation,robot-pose,x=-32.93;y=33.98;yaw=-3.06
459.400000095,[debug],turtlebot2,simulation,robot-pose,x=-39.50;y=33.84;yaw=0.46
459.400000095,[debug],turtlebot5,simulation,robot-pose,x=-21.03;y=18.00;yaw=-1.54
459.400000095,[debug],turtlebot3,simulation,robot-pose,x=-28.16;y=15.43;yaw=0.36
459.566666603,[debug],turtlebot4,simulation,robot-pose,x=-32.93;y=33.98;yaw=-3.06
459.566666603,[debug],turtlebot2,simulation,robot-pose,x=-39.50;y=33.84;yaw=0.46
459.566666603,[debug],turtlebot5,simulation,robot-pose,x=-21.03;y=18.00;yaw=-1.54
459.566666603,[debug],turtlebot3,simulation,robot-pose,x=-28.16;y=15.43;yaw=0.36
474.200000048,[debug],turtlebot1,simulation,robot-pose,x=-13.42;y=17.92;yaw=-1.06
474.200000048,[debug],turtlebot1,simulation,robot-pose,x=-13.42;y=17.92;yaw=-1.06
474.400000095,[debug],turtlebot2,simulation,robot-pose,x=-39.50;y=33.84;yaw=0.46
474.400000095,[debug],turtlebot4,simulation,robot-pose,x=-32.93;y=33.98;yaw=-3.06
474.400000095,[debug],turtlebot3,simulation,robot-pose,x=-26.94;y=15.83;yaw=0.17
474.400000095,[debug],turtlebot5,simulation,robot-pose,x=-21.03;y=18.00;yaw=-1.54
474.549999952,[debug],turtlebot2,simulation,robot-pose,x=-39.50;y=33.84;yaw=0.46
474.549999952,[debug],turtlebot4,simulation,robot-pose,x=-32.93;y=33.98;yaw=-3.06
474.549999952,[debug],turtlebot3,simulation,robot-pose,x=-26.94;y=15.83;yaw=0.17
474.566666603,[debug],turtlebot5,simulation,robot-pose,x=-21.03;y=18.00;yaw=-1.54
475.616666555,[info],turtlebot3,skill-life-cycle,navigation,(status=RUNNING, parameters=[[-37.0, 21.5, -1.5707963267948966, True], [-37.0, 16.0, 0.0, True], [-26.0, 16.0, -1.5707963267948966, True], [-26.0, 13.0, 1.57, False]])
484.733333349,[debug],turtlebot3,move-base-info,Hooray, the base moved arrived,(x=-26;y=16)
484.733333349,[debug],turtlebot3,move-base-info,Hooray, the base moved arrived,(x=-26;y=16)
484.883333445,[debug],turtlebot3,task-update,navigation,way-point-reached,75.0%
489.200000048,[debug],turtlebot1,simulation,robot-pose,x=-13.42;y=17.92;yaw=-1.05
489.200000048,[debug],turtlebot1,simulation,robot-pose,x=-13.42;y=17.92;yaw=-1.05
489.400000095,[debug],turtlebot2,simulation,robot-pose,x=-39.50;y=33.84;yaw=0.46
489.400000095,[debug],turtlebot4,simulation,robot-pose,x=-32.93;y=33.98;yaw=-3.06
489.400000095,[debug],turtlebot5,simulation,robot-pose,x=-21.03;y=18.00;yaw=-1.54
489.400000095,[debug],turtlebot3,simulation,robot-pose,x=-26.45;y=15.98;yaw=-1.52
489.566666603,[debug],turtlebot2,simulation,robot-pose,x=-39.50;y=33.84;yaw=0.46
489.566666603,[debug],turtlebot4,simulation,robot-pose,x=-32.93;y=33.98;yaw=-3.06
489.566666603,[debug],turtlebot5,simulation,robot-pose,x=-21.03;y=18.00;yaw=-1.54
489.566666603,[debug],turtlebot3,simulation,robot-pose,x=-26.45;y=15.98;yaw=-1.52
504.200000048,[debug],turtlebot1,simulation,robot-pose,x=-13.42;y=17.92;yaw=-1.04
504.216666698,[debug],turtlebot1,simulation,robot-pose,x=-13.42;y=17.92;yaw=-1.04
504.400000095,[debug],turtlebot2,simulation,robot-pose,x=-39.50;y=33.84;yaw=0.46
504.400000095,[debug],turtlebot4,simulation,robot-pose,x=-32.93;y=33.98;yaw=-3.06
504.400000095,[debug],turtlebot5,simulation,robot-pose,x=-21.03;y=18.00;yaw=-1.54
504.400000095,[debug],turtlebot3,simulation,robot-pose,x=-26.15;y=14.46;yaw=-1.20
504.583333254,[debug],turtlebot2,simulation,robot-pose,x=-39.50;y=33.84;yaw=0.46
504.583333254,[debug],turtlebot4,simulation,robot-pose,x=-32.93;y=33.98;yaw=-3.06
504.599999905,[debug],turtlebot5,simulation,robot-pose,x=-21.03;y=18.00;yaw=-1.54
504.599999905,[debug],turtlebot3,simulation,robot-pose,x=-26.15;y=14.46;yaw=-1.20
519.200000048,[debug],turtlebot1,simulation,robot-pose,x=-13.42;y=17.92;yaw=-1.04
519.216666698,[debug],turtlebot1,simulation,robot-pose,x=-13.42;y=17.92;yaw=-1.04
519.400000095,[debug],turtlebot3,simulation,robot-pose,x=-26.13;y=13.47;yaw=-1.50
519.400000095,[debug],turtlebot2,simulation,robot-pose,x=-39.50;y=33.84;yaw=0.46
519.400000095,[debug],turtlebot4,simulation,robot-pose,x=-32.93;y=33.98;yaw=-3.05
519.400000095,[debug],turtlebot5,simulation,robot-pose,x=-21.03;y=18.00;yaw=-1.54
519.566666603,[debug],turtlebot3,simulation,robot-pose,x=-26.13;y=13.47;yaw=-1.50
519.566666603,[debug],turtlebot2,simulation,robot-pose,x=-39.50;y=33.84;yaw=0.46
519.566666603,[debug],turtlebot4,simulation,robot-pose,x=-32.93;y=33.98;yaw=-3.05
519.566666603,[debug],turtlebot5,simulation,robot-pose,x=-21.03;y=18.00;yaw=-1.54
526.016666651,[info],turtlebot3,skill-life-cycle,navigation,(status=RUNNING, parameters=[[-37.0, 21.5, -1.5707963267948966, True], [-37.0, 16.0, 0.0, True], [-26.0, 16.0, -1.5707963267948966, True], [-26.0, 13.0, 1.57, False]])
531.866666555,[debug],turtlebot3,move-base-info,The base failed to move ,(x=-26;y=13)
531.866666555,[debug],turtlebot3,move-base-info,The base failed to move ,(x=-26;y=13)
532.216666698,[info],turtlebot3,skill-life-cycle,navigation,(status=Status.FAILURE, parameters=[[-37.0, 21.5, -1.5707963267948966, True], [-37.0, 16.0, 0.0, True], [-26.0, 16.0, -1.5707963267948966, True], [-26.0, 13.0, 1.57, False]])
532.216666698,FAILURE
532.316666603,[info],turtlebot3,skill-life-cycle,navigation,(status=Status.FAILURE, parameters=[[-37.0, 21.5, -1.5707963267948966, True], [-37.0, 16.0, 0.0, True], [-26.0, 16.0, -1.5707963267948966, True], [-26.0, 13.0, 1.57, False]])
532.316666603,FAILURE
532.400000095,[info],turtlebot3,skill-life-cycle,navigation,(status=Status.FAILURE, parameters=[[-37.0, 21.5, -1.5707963267948966, True], [-37.0, 16.0, 0.0, True], [-26.0, 16.0, -1.5707963267948966, True], [-26.0, 13.0, 1.57, False]])
532.400000095,FAILURE
532.483333349,[info],turtlebot3,skill-life-cycle,navigation,(status=Status.FAILURE, parameters=[[-37.0, 21.5, -1.5707963267948966, True], [-37.0, 16.0, 0.0, True], [-26.0, 16.0, -1.5707963267948966, True], [-26.0, 13.0, 1.57, False]])
532.483333349,FAILURE
532.549999952,[info],turtlebot3,skill-life-cycle,navigation,(status=Status.FAILURE, parameters=[[-37.0, 21.5, -1.5707963267948966, True], [-37.0, 16.0, 0.0, True], [-26.0, 16.0, -1.5707963267948966, True], [-26.0, 13.0, 1.57, False]])
532.549999952,FAILURE
532.633333445,[info],turtlebot3,skill-life-cycle,navigation,(status=Status.FAILURE, parameters=[[-37.0, 21.5, -1.5707963267948966, True], [-37.0, 16.0, 0.0, True], [-26.0, 16.0, -1.5707963267948966, True], [-26.0, 13.0, 1.57, False]])
532.633333445,FAILURE
532.716666698,[info],turtlebot3,skill-life-cycle,navigation,(status=Status.FAILURE, parameters=[[-37.0, 21.5, -1.5707963267948966, True], [-37.0, 16.0, 0.0, True], [-26.0, 16.0, -1.5707963267948966, True], [-26.0, 13.0, 1.57, False]])
532.716666698,FAILURE
532.799999952,[info],turtlebot3,skill-life-cycle,navigation,(status=Status.FAILURE, parameters=[[-37.0, 21.5, -1.5707963267948966, True], [-37.0, 16.0, 0.0, True], [-26.0, 16.0, -1.5707963267948966, True], [-26.0, 13.0, 1.57, False]])
532.799999952,FAILURE
532.883333445,[info],turtlebot3,skill-life-cycle,navigation,(status=Status.FAILURE, parameters=[[-37.0, 21.5, -1.5707963267948966, True], [-37.0, 16.0, 0.0, True], [-26.0, 16.0, -1.5707963267948966, True], [-26.0, 13.0, 1.57, False]])
532.883333445,FAILURE
532.966666698,[info],turtlebot3,skill-life-cycle,navigation,(status=Status.FAILURE, parameters=[[-37.0, 21.5, -1.5707963267948966, True], [-37.0, 16.0, 0.0, True], [-26.0, 16.0, -1.5707963267948966, True], [-26.0, 13.0, 1.57, False]])
532.966666698,FAILURE
533.049999952,[info],turtlebot3,skill-life-cycle,navigation,(status=Status.FAILURE, parameters=[[-37.0, 21.5, -1.5707963267948966, True], [-37.0, 16.0, 0.0, True], [-26.0, 16.0, -1.5707963267948966, True], [-26.0, 13.0, 1.57, False]])
533.049999952,FAILURE
533.133333445,[info],turtlebot3,skill-life-cycle,navigation,(status=Status.FAILURE, parameters=[[-37.0, 21.5, -1.5707963267948966, True], [-37.0, 16.0, 0.0, True], [-26.0, 16.0, -1.5707963267948966, True], [-26.0, 13.0, 1.57, False]])
533.133333445,FAILURE
533.200000048,[info],turtlebot3,skill-life-cycle,navigation,(status=Status.FAILURE, parameters=[[-37.0, 21.5, -1.5707963267948966, True], [-37.0, 16.0, 0.0, True], [-26.0, 16.0, -1.5707963267948966, True], [-26.0, 13.0, 1.57, False]])
533.200000048,FAILURE
533.283333302,[info],turtlebot3,skill-life-cycle,navigation,(status=Status.FAILURE, parameters=[[-37.0, 21.5, -1.5707963267948966, True], [-37.0, 16.0, 0.0, True], [-26.0, 16.0, -1.5707963267948966, True], [-26.0, 13.0, 1.57, False]])
533.283333302,FAILURE
534.200000048,[debug],turtlebot1,simulation,robot-pose,x=-13.41;y=17.91;yaw=-1.03
534.200000048,[debug],turtlebot1,simulation,robot-pose,x=-13.41;y=17.91;yaw=-1.03
534.400000095,[debug],turtlebot4,simulation,robot-pose,x=-32.93;y=33.98;yaw=-3.05
534.400000095,[debug],turtlebot3,simulation,robot-pose,x=-26.13;y=13.47;yaw=-1.50
534.400000095,[debug],turtlebot5,simulation,robot-pose,x=-21.03;y=18.00;yaw=-1.54
534.400000095,[debug],turtlebot2,simulation,robot-pose,x=-39.50;y=33.84;yaw=0.46
534.549999952,[debug],turtlebot4,simulation,robot-pose,x=-32.93;y=33.98;yaw=-3.05
534.549999952,[debug],turtlebot3,simulation,robot-pose,x=-26.13;y=13.47;yaw=-1.50
534.549999952,[debug],turtlebot5,simulation,robot-pose,x=-21.03;y=18.00;yaw=-1.54
534.549999952,[debug],turtlebot2,simulation,robot-pose,x=-39.50;y=33.84;yaw=0.46
0.0,[debug],simulation closed,failure-bt,execution-wall-clock=645.6970887184143
