8.04999995232,[debug],turtlebot5,move-base-info,Move_base is up and ok....,
8.96666669846,[debug],turtlebot1,move-base-info,Move_base is up and ok....,
9.0,[debug],turtlebot4,move-base-info,Move_base is up and ok....,
9.06666660309,[debug],turtlebot3,move-base-info,Move_base is up and ok....,
14.7666666508,[info],turtlebot5,skill-life-cycle,init_robobt,(status=RUNNING, parameters=[])
15.2999999523,[info],turtlebot3,skill-life-cycle,init_robobt,(status=RUNNING, parameters=[])
15.4666666985,[info],turtlebot1,skill-life-cycle,init_robobt,(status=RUNNING, parameters=[])
15.7166666985,[info],turtlebot4,skill-life-cycle,init_robobt,(status=RUNNING, parameters=[])
16.7166666985,[debug],turtlebot5,available-skills,['send_message', 'wait_message', 'approach_person', 'approach_robot', 'authenticate_person', 'deposit', 'navigation', 'operate_drawer', 'pick_up'],
16.7166666985,[info],turtlebot5,skill-life-cycle,navigation,(status=STARTED, parameters=[[-21.0, 16.0, 3.141592653589793, True], [-37.0, 16.0, 1.5707963267948966, True], [-37.0, 21.5, 3.141592653589793, True], [-38.0, 21.5, 0.0, False]])
27.2000000477,[debug],turtlebot1,simulation,robot-pose,x=-13.50;y=18.00;yaw=-1.50
27.3333332539,[debug],turtlebot2,simulation,robot-pose,x=-39.51;y=33.84;yaw=0.46
27.3333332539,[debug],turtlebot3,simulation,robot-pose,x=-40.39;y=25.23;yaw=0.34
27.3499999046,[debug],turtlebot4,simulation,robot-pose,x=-32.89;y=33.97;yaw=-3.10
27.3499999046,[debug],turtlebot5,simulation,robot-pose,x=-20.97;y=17.50;yaw=-1.49
27.3499999046,[debug],turtlebot1,simulation,robot-pose,x=-13.50;y=18.00;yaw=-1.50
27.3499999046,[debug],turtlebot2,simulation,robot-pose,x=-39.51;y=33.84;yaw=0.46
27.3499999046,[debug],turtlebot3,simulation,robot-pose,x=-40.39;y=25.23;yaw=0.34
27.3499999046,[debug],turtlebot4,simulation,robot-pose,x=-32.89;y=33.97;yaw=-3.10
27.3499999046,[debug],turtlebot5,simulation,robot-pose,x=-20.97;y=17.50;yaw=-1.49
42.2000000477,[debug],turtlebot1,simulation,robot-pose,x=-13.49;y=18.00;yaw=-1.49
42.3333332539,[debug],turtlebot2,simulation,robot-pose,x=-39.51;y=33.84;yaw=0.46
42.3333332539,[debug],turtlebot1,simulation,robot-pose,x=-13.49;y=18.00;yaw=-1.49
42.3333332539,[debug],turtlebot2,simulation,robot-pose,x=-39.51;y=33.84;yaw=0.46
42.3333332539,[debug],turtlebot3,simulation,robot-pose,x=-40.39;y=25.23;yaw=0.33
42.3333332539,[debug],turtlebot3,simulation,robot-pose,x=-40.39;y=25.23;yaw=0.33
42.3499999046,[debug],turtlebot5,simulation,robot-pose,x=-20.93;y=16.46;yaw=-2.82
42.3499999046,[debug],turtlebot5,simulation,robot-pose,x=-20.93;y=16.46;yaw=-2.82
42.3499999046,[debug],turtlebot4,simulation,robot-pose,x=-32.89;y=33.97;yaw=-3.10
42.3499999046,[debug],turtlebot4,simulation,robot-pose,x=-32.89;y=33.97;yaw=-3.10
43.6500000954,[debug],turtlebot5,move-base-info,Hooray, the base moved arrived,(x=-21;y=16)
43.6500000954,[debug],turtlebot5,move-base-info,Hooray, the base moved arrived,(x=-21;y=16)
43.6666667461,[debug],turtlebot5,task-update,navigation,way-point-reached,25.0%
57.2000000477,[debug],turtlebot1,simulation,robot-pose,x=-13.49;y=18.00;yaw=-1.48
57.3333332539,[debug],turtlebot2,simulation,robot-pose,x=-39.51;y=33.84;yaw=0.46
57.3333332539,[debug],turtlebot3,simulation,robot-pose,x=-40.39;y=25.23;yaw=0.33
57.3333332539,[debug],turtlebot1,simulation,robot-pose,x=-13.49;y=18.00;yaw=-1.48
57.3333332539,[debug],turtlebot2,simulation,robot-pose,x=-39.51;y=33.84;yaw=0.46
57.3333332539,[debug],turtlebot3,simulation,robot-pose,x=-40.39;y=25.23;yaw=0.33
57.3499999046,[debug],turtlebot5,simulation,robot-pose,x=-21.77;y=16.00;yaw=-2.83
57.3499999046,[debug],turtlebot5,simulation,robot-pose,x=-21.77;y=16.00;yaw=-2.83
57.3499999046,[debug],turtlebot4,simulation,robot-pose,x=-32.89;y=33.97;yaw=-3.10
57.3499999046,[debug],turtlebot4,simulation,robot-pose,x=-32.89;y=33.97;yaw=-3.10
65.3166666031,[info],turtlebot5,skill-life-cycle,navigation,(status=RUNNING, parameters=[[-21.0, 16.0, 3.141592653589793, True], [-37.0, 16.0, 1.5707963267948966, True], [-37.0, 21.5, 3.141592653589793, True], [-38.0, 21.5, 0.0, False]])
72.2000000477,[debug],turtlebot1,simulation,robot-pose,x=-13.49;y=18.00;yaw=-1.46
72.3333332539,[debug],turtlebot2,simulation,robot-pose,x=-39.51;y=33.84;yaw=0.46
72.3333332539,[debug],turtlebot3,simulation,robot-pose,x=-40.39;y=25.23;yaw=0.33
72.3499999046,[debug],turtlebot4,simulation,robot-pose,x=-32.89;y=33.97;yaw=-3.10
72.3499999046,[debug],turtlebot5,simulation,robot-pose,x=-24.21;y=15.95;yaw=3.14
72.3499999046,[debug],turtlebot1,simulation,robot-pose,x=-13.49;y=18.00;yaw=-1.46
72.3499999046,[debug],turtlebot2,simulation,robot-pose,x=-39.51;y=33.84;yaw=0.46
72.3499999046,[debug],turtlebot3,simulation,robot-pose,x=-40.39;y=25.23;yaw=0.33
72.3499999046,[debug],turtlebot4,simulation,robot-pose,x=-32.89;y=33.97;yaw=-3.10
72.3499999046,[debug],turtlebot5,simulation,robot-pose,x=-24.21;y=15.95;yaw=3.14
87.2000000477,[debug],turtlebot1,simulation,robot-pose,x=-13.49;y=17.99;yaw=-1.45
87.3333332539,[debug],turtlebot3,simulation,robot-pose,x=-40.39;y=25.23;yaw=0.33
87.3333332539,[debug],turtlebot2,simulation,robot-pose,x=-39.51;y=33.84;yaw=0.46
87.3333332539,[debug],turtlebot1,simulation,robot-pose,x=-13.49;y=17.99;yaw=-1.45
87.3333332539,[debug],turtlebot3,simulation,robot-pose,x=-40.39;y=25.23;yaw=0.33
87.3333332539,[debug],turtlebot2,simulation,robot-pose,x=-39.51;y=33.84;yaw=0.46
87.3499999046,[debug],turtlebot4,simulation,robot-pose,x=-32.90;y=33.97;yaw=-3.10
87.3499999046,[debug],turtlebot5,simulation,robot-pose,x=-26.50;y=15.75;yaw=-3.12
87.3499999046,[debug],turtlebot4,simulation,robot-pose,x=-32.90;y=33.97;yaw=-3.10
87.3499999046,[debug],turtlebot5,simulation,robot-pose,x=-26.50;y=15.75;yaw=-3.12
102.200000048,[debug],turtlebot1,simulation,robot-pose,x=-13.49;y=17.99;yaw=-1.43
102.316666603,[debug],turtlebot1,simulation,robot-pose,x=-13.49;y=17.99;yaw=-1.43
102.333333254,[debug],turtlebot2,simulation,robot-pose,x=-39.51;y=33.84;yaw=0.46
102.333333254,[debug],turtlebot2,simulation,robot-pose,x=-39.51;y=33.84;yaw=0.46
102.333333254,[debug],turtlebot3,simulation,robot-pose,x=-40.39;y=25.23;yaw=0.33
102.333333254,[debug],turtlebot3,simulation,robot-pose,x=-40.39;y=25.23;yaw=0.33
102.349999905,[debug],turtlebot5,simulation,robot-pose,x=-29.04;y=15.79;yaw=-3.13
102.349999905,[debug],turtlebot5,simulation,robot-pose,x=-29.04;y=15.79;yaw=-3.13
102.349999905,[debug],turtlebot4,simulation,robot-pose,x=-32.90;y=33.97;yaw=-3.10
102.349999905,[debug],turtlebot4,simulation,robot-pose,x=-32.90;y=33.97;yaw=-3.10
116.5,[info],turtlebot5,skill-life-cycle,navigation,(status=RUNNING, parameters=[[-21.0, 16.0, 3.141592653589793, True], [-37.0, 16.0, 1.5707963267948966, True], [-37.0, 21.5, 3.141592653589793, True], [-38.0, 21.5, 0.0, False]])
117.200000048,[debug],turtlebot1,simulation,robot-pose,x=-13.49;y=17.99;yaw=-1.41
117.333333254,[debug],turtlebot2,simulation,robot-pose,x=-39.51;y=33.84;yaw=0.46
117.333333254,[debug],turtlebot1,simulation,robot-pose,x=-13.49;y=17.99;yaw=-1.41
117.333333254,[debug],turtlebot3,simulation,robot-pose,x=-40.39;y=25.23;yaw=0.33
117.333333254,[debug],turtlebot2,simulation,robot-pose,x=-39.51;y=33.84;yaw=0.46
117.333333254,[debug],turtlebot3,simulation,robot-pose,x=-40.39;y=25.23;yaw=0.33
117.349999905,[debug],turtlebot4,simulation,robot-pose,x=-32.90;y=33.97;yaw=-3.09
117.349999905,[debug],turtlebot5,simulation,robot-pose,x=-31.54;y=15.80;yaw=-3.14
117.349999905,[debug],turtlebot4,simulation,robot-pose,x=-32.90;y=33.97;yaw=-3.09
117.349999905,[debug],turtlebot5,simulation,robot-pose,x=-31.54;y=15.80;yaw=-3.14
132.200000048,[debug],turtlebot1,simulation,robot-pose,x=-13.49;y=17.98;yaw=-1.39
132.333333254,[debug],turtlebot2,simulation,robot-pose,x=-39.51;y=33.84;yaw=0.46
132.333333254,[debug],turtlebot3,simulation,robot-pose,x=-40.39;y=25.23;yaw=0.33
132.333333254,[debug],turtlebot1,simulation,robot-pose,x=-13.49;y=17.98;yaw=-1.39
132.333333254,[debug],turtlebot2,simulation,robot-pose,x=-39.51;y=33.84;yaw=0.46
132.333333254,[debug],turtlebot3,simulation,robot-pose,x=-40.39;y=25.23;yaw=0.33
132.349999905,[debug],turtlebot5,simulation,robot-pose,x=-34.03;y=15.80;yaw=-3.14
132.349999905,[debug],turtlebot4,simulation,robot-pose,x=-32.90;y=33.97;yaw=-3.09
132.349999905,[debug],turtlebot5,simulation,robot-pose,x=-34.03;y=15.80;yaw=-3.14
132.349999905,[debug],turtlebot4,simulation,robot-pose,x=-32.90;y=33.97;yaw=-3.09
147.200000048,[debug],turtlebot1,simulation,robot-pose,x=-13.49;y=17.98;yaw=-1.37
147.299999952,[debug],turtlebot1,simulation,robot-pose,x=-13.49;y=17.98;yaw=-1.37
147.333333254,[debug],turtlebot3,simulation,robot-pose,x=-40.39;y=25.23;yaw=0.33
147.333333254,[debug],turtlebot3,simulation,robot-pose,x=-40.39;y=25.23;yaw=0.33
147.333333254,[debug],turtlebot2,simulation,robot-pose,x=-39.50;y=33.84;yaw=0.46
147.333333254,[debug],turtlebot2,simulation,robot-pose,x=-39.50;y=33.84;yaw=0.46
147.349999905,[debug],turtlebot5,simulation,robot-pose,x=-36.78;y=16.41;yaw=2.80
147.349999905,[debug],turtlebot5,simulation,robot-pose,x=-36.78;y=16.41;yaw=2.80
147.349999905,[debug],turtlebot4,simulation,robot-pose,x=-32.90;y=33.97;yaw=-3.09
147.349999905,[debug],turtlebot4,simulation,robot-pose,x=-32.90;y=33.97;yaw=-3.09
150.799999952,[debug],turtlebot5,move-base-info,Hooray, the base moved arrived,(x=-37;y=16)
150.799999952,[debug],turtlebot5,move-base-info,Hooray, the base moved arrived,(x=-37;y=16)
150.900000095,[debug],turtlebot5,task-update,navigation,way-point-reached,50.0%
162.200000048,[debug],turtlebot1,simulation,robot-pose,x=-13.48;y=17.98;yaw=-1.35
162.333333254,[debug],turtlebot1,simulation,robot-pose,x=-13.48;y=17.98;yaw=-1.35
162.333333254,[debug],turtlebot3,simulation,robot-pose,x=-40.39;y=25.23;yaw=0.33
162.333333254,[debug],turtlebot3,simulation,robot-pose,x=-40.39;y=25.23;yaw=0.33
162.333333254,[debug],turtlebot2,simulation,robot-pose,x=-39.50;y=33.84;yaw=0.46
162.333333254,[debug],turtlebot2,simulation,robot-pose,x=-39.50;y=33.84;yaw=0.46
162.349999905,[debug],turtlebot4,simulation,robot-pose,x=-32.90;y=33.97;yaw=-3.09
162.349999905,[debug],turtlebot4,simulation,robot-pose,x=-32.90;y=33.97;yaw=-3.09
162.349999905,[debug],turtlebot5,simulation,robot-pose,x=-36.91;y=20.82;yaw=1.64
162.349999905,[debug],turtlebot5,simulation,robot-pose,x=-36.91;y=20.82;yaw=1.64
167.400000095,[debug],turtlebot5,move-base-info,Hooray, the base moved arrived,(x=-37;y=21.5)
167.400000095,[debug],turtlebot5,move-base-info,Hooray, the base moved arrived,(x=-37;y=21.5)
167.516666651,[debug],turtlebot5,task-update,navigation,way-point-reached,75.0%
169.150000095,[info],turtlebot5,skill-life-cycle,navigation,(status=RUNNING, parameters=[[-21.0, 16.0, 3.141592653589793, True], [-37.0, 16.0, 1.5707963267948966, True], [-37.0, 21.5, 3.141592653589793, True], [-38.0, 21.5, 0.0, False]])
177.200000048,[debug],turtlebot1,simulation,robot-pose,x=-13.48;y=17.97;yaw=-1.33
177.333333254,[debug],turtlebot2,simulation,robot-pose,x=-39.50;y=33.84;yaw=0.46
177.333333254,[debug],turtlebot1,simulation,robot-pose,x=-13.48;y=17.97;yaw=-1.33
177.333333254,[debug],turtlebot3,simulation,robot-pose,x=-40.39;y=25.23;yaw=0.33
177.333333254,[debug],turtlebot2,simulation,robot-pose,x=-39.50;y=33.84;yaw=0.46
177.333333254,[debug],turtlebot3,simulation,robot-pose,x=-40.39;y=25.23;yaw=0.33
177.349999905,[debug],turtlebot4,simulation,robot-pose,x=-32.90;y=33.97;yaw=-3.09
177.349999905,[debug],turtlebot4,simulation,robot-pose,x=-32.90;y=33.97;yaw=-3.09
177.349999905,[debug],turtlebot5,simulation,robot-pose,x=-37.58;y=21.29;yaw=2.00
177.349999905,[debug],turtlebot5,simulation,robot-pose,x=-37.58;y=21.29;yaw=2.00
182.75,[debug],turtlebot5,move-base-info,Hooray, the base moved arrived,(x=-38;y=21.5)
182.75,[debug],turtlebot5,move-base-info,Hooray, the base moved arrived,(x=-38;y=21.5)
182.950000048,[debug],turtlebot5,task-update,navigation,way-point-reached,100.0%
183.033333302,[debug],turtlebot5,available-skills,['send_message', 'wait_message', 'approach_person', 'approach_robot', 'authenticate_person', 'deposit', 'navigation', 'operate_drawer', 'pick_up'],
183.033333302,[info],turtlebot5,skill-life-cycle,approach_person,(status=STARTED, parameters=['nurse'])
183.083333254,[debug],turtlebot5,task-update,approach_person,localize-person,(who=nurse)
183.349999905,[debug],turtlebot5,task-update,approach_person,goto-person,(who=nurse)
183.450000048,[debug],turtlebot5,available-skills,['send_message', 'wait_message', 'approach_person', 'approach_robot', 'authenticate_person', 'deposit', 'navigation', 'operate_drawer', 'pick_up'],
183.450000048,[info],turtlebot5,skill-life-cycle,authenticate_person,(status=STARTED, parameters=['nurse'])
183.483333349,[debug],turtlebot5,task-update,authenticate_person,request-authentication,(to=nurse)
183.5,[info],nurse,sync,received-request,(status=sending-request)
183.5,[info],nurse,sync,received-request,(status=sending-request)
183.983333349,[debug],turtlebot5,task-update,authenticate_person,received-authentication,(from=nurse)
184.083333254,[debug],turtlebot5,available-skills,['send_message', 'wait_message', 'approach_person', 'approach_robot', 'authenticate_person', 'deposit', 'navigation', 'operate_drawer', 'pick_up'],
184.083333254,[info],turtlebot5,skill-life-cycle,operate_drawer,(status=STARTED, parameters=['open'])
184.150000095,[debug],turtlebot5,task-update,operate_drawer,open
185.200000048,[debug],turtlebot5,available-skills,['send_message', 'wait_message', 'approach_person', 'approach_robot', 'authenticate_person', 'deposit', 'navigation', 'operate_drawer', 'pick_up'],
185.200000048,[info],turtlebot5,skill-life-cycle,send_message,(status=STARTED, parameters=['nurse'])
185.299999952,[info],turtlebot5,sync,send-message,(to=nurse)
186.25,[info],nurse,sync,wait-message,(status=message-received)
186.299999952,[info],nurse,sync,wait-message,(status=message-received)
189.099999905,[debug],turtlebot5,available-skills,['send_message', 'wait_message', 'approach_person', 'approach_robot', 'authenticate_person', 'deposit', 'navigation', 'operate_drawer', 'pick_up'],
189.099999905,[info],turtlebot5,skill-life-cycle,wait_message,(status=STARTED, parameters=['r1'])
190.333333254,[info],turtlebot5,sync,wait-message,(status=message-received)
190.433333397,[debug],turtlebot5,available-skills,['send_message', 'wait_message', 'approach_person', 'approach_robot', 'authenticate_person', 'deposit', 'navigation', 'operate_drawer', 'pick_up'],
190.433333397,[info],turtlebot5,skill-life-cycle,operate_drawer,(status=STARTED, parameters=['close'])
190.466666698,[debug],turtlebot5,task-update,operate_drawer,close
191.516666651,[debug],turtlebot5,available-skills,['send_message', 'wait_message', 'approach_person', 'approach_robot', 'authenticate_person', 'deposit', 'navigation', 'operate_drawer', 'pick_up'],
191.516666651,[info],turtlebot5,skill-life-cycle,navigation,(status=STARTED, parameters=[[-37.0, 21.5, -1.5707963267948966, True], [-37.0, 16.0, 0.0, True], [-26.0, 16.0, -1.5707963267948966, True], [-26.0, 13.0, 1.57, False]])
192.200000048,[debug],turtlebot1,simulation,robot-pose,x=-13.48;y=17.97;yaw=-1.31
192.333333254,[debug],turtlebot2,simulation,robot-pose,x=-39.50;y=33.84;yaw=0.46
192.333333254,[debug],turtlebot3,simulation,robot-pose,x=-40.39;y=25.23;yaw=0.33
192.333333254,[debug],turtlebot1,simulation,robot-pose,x=-13.48;y=17.97;yaw=-1.31
192.333333254,[debug],turtlebot2,simulation,robot-pose,x=-39.50;y=33.84;yaw=0.46
192.333333254,[debug],turtlebot3,simulation,robot-pose,x=-40.39;y=25.23;yaw=0.33
192.349999905,[debug],turtlebot5,simulation,robot-pose,x=-37.64;y=21.34;yaw=0.05
192.349999905,[debug],turtlebot4,simulation,robot-pose,x=-32.90;y=33.97;yaw=-3.09
192.349999905,[debug],turtlebot5,simulation,robot-pose,x=-37.64;y=21.34;yaw=0.05
192.349999905,[debug],turtlebot4,simulation,robot-pose,x=-32.90;y=33.97;yaw=-3.09
196.25,[info],nurse,sync,wait-message,(status=message-received)
196.333333254,[info],nurse,sync,wait-message,(status=message-received)
202.733333349,[debug],turtlebot5,move-base-info,Hooray, the base moved arrived,(x=-37;y=21.5)
202.733333349,[debug],turtlebot5,move-base-info,Hooray, the base moved arrived,(x=-37;y=21.5)
202.783333302,[debug],turtlebot5,task-update,navigation,way-point-reached,25.0%
203.5,[info],nurse,sync,request-sent,(status=waiting)
203.5,[info],nurse,sync,request-sent,(status=waiting)
206.25,[info],nurse,sync,wait-message,(status=message-received)
206.316666603,[info],nurse,sync,wait-message,(status=message-received)
207.200000048,[debug],turtlebot1,simulation,robot-pose,x=-13.47;y=17.97;yaw=-1.29
207.316666603,[debug],turtlebot1,simulation,robot-pose,x=-13.47;y=17.97;yaw=-1.29
207.333333254,[debug],turtlebot3,simulation,robot-pose,x=-40.39;y=25.23;yaw=0.33
207.333333254,[debug],turtlebot3,simulation,robot-pose,x=-40.39;y=25.23;yaw=0.33
207.333333254,[debug],turtlebot2,simulation,robot-pose,x=-39.50;y=33.84;yaw=0.46
207.333333254,[debug],turtlebot2,simulation,robot-pose,x=-39.50;y=33.84;yaw=0.46
207.349999905,[debug],turtlebot4,simulation,robot-pose,x=-32.91;y=33.97;yaw=-3.09
207.349999905,[debug],turtlebot4,simulation,robot-pose,x=-32.91;y=33.97;yaw=-3.09
207.349999905,[debug],turtlebot5,simulation,robot-pose,x=-37.41;y=21.40;yaw=-1.53
207.349999905,[debug],turtlebot5,simulation,robot-pose,x=-37.41;y=21.40;yaw=-1.53
216.25,[info],nurse,sync,wait-message,(status=message-received)
216.316666603,[info],nurse,sync,wait-message,(status=message-received)
222.200000048,[debug],turtlebot1,simulation,robot-pose,x=-13.47;y=17.96;yaw=-1.27
222.333333254,[debug],turtlebot2,simulation,robot-pose,x=-39.50;y=33.84;yaw=0.46
222.333333254,[debug],turtlebot3,simulation,robot-pose,x=-40.39;y=25.23;yaw=0.33
222.333333254,[debug],turtlebot1,simulation,robot-pose,x=-13.47;y=17.96;yaw=-1.27
222.333333254,[debug],turtlebot2,simulation,robot-pose,x=-39.50;y=33.84;yaw=0.46
222.333333254,[debug],turtlebot3,simulation,robot-pose,x=-40.39;y=25.23;yaw=0.33
222.349999905,[debug],turtlebot4,simulation,robot-pose,x=-32.91;y=33.97;yaw=-3.08
222.349999905,[debug],turtlebot5,simulation,robot-pose,x=-36.75;y=20.29;yaw=-1.39
222.349999905,[debug],turtlebot4,simulation,robot-pose,x=-32.91;y=33.97;yaw=-3.08
222.349999905,[debug],turtlebot5,simulation,robot-pose,x=-36.75;y=20.29;yaw=-1.39
223.716666698,[info],turtlebot5,skill-life-cycle,navigation,(status=RUNNING, parameters=[[-37.0, 21.5, -1.5707963267948966, True], [-37.0, 16.0, 0.0, True], [-26.0, 16.0, -1.5707963267948966, True], [-26.0, 13.0, 1.57, False]])
237.200000048,[debug],turtlebot1,simulation,robot-pose,x=-13.47;y=17.96;yaw=-1.25
237.333333254,[debug],turtlebot2,simulation,robot-pose,x=-39.50;y=33.84;yaw=0.46
237.333333254,[debug],turtlebot3,simulation,robot-pose,x=-40.39;y=25.23;yaw=0.33
237.333333254,[debug],turtlebot1,simulation,robot-pose,x=-13.47;y=17.96;yaw=-1.25
237.333333254,[debug],turtlebot2,simulation,robot-pose,x=-39.50;y=33.84;yaw=0.46
237.333333254,[debug],turtlebot3,simulation,robot-pose,x=-40.39;y=25.23;yaw=0.33
237.349999905,[debug],turtlebot5,simulation,robot-pose,x=-36.68;y=19.04;yaw=-1.56
237.349999905,[debug],turtlebot4,simulation,robot-pose,x=-32.91;y=33.97;yaw=-3.07
237.349999905,[debug],turtlebot5,simulation,robot-pose,x=-36.68;y=19.04;yaw=-1.56
237.349999905,[debug],turtlebot4,simulation,robot-pose,x=-32.91;y=33.97;yaw=-3.07
252.200000048,[debug],turtlebot1,simulation,robot-pose,x=-13.46;y=17.96;yaw=-1.23
252.316666603,[debug],turtlebot1,simulation,robot-pose,x=-13.46;y=17.96;yaw=-1.23
252.333333254,[debug],turtlebot3,simulation,robot-pose,x=-40.39;y=25.23;yaw=0.33
252.333333254,[debug],turtlebot3,simulation,robot-pose,x=-40.39;y=25.23;yaw=0.33
252.333333254,[debug],turtlebot2,simulation,robot-pose,x=-39.50;y=33.84;yaw=0.46
252.333333254,[debug],turtlebot2,simulation,robot-pose,x=-39.50;y=33.84;yaw=0.46
252.349999905,[debug],turtlebot4,simulation,robot-pose,x=-32.91;y=33.97;yaw=-3.06
252.349999905,[debug],turtlebot5,simulation,robot-pose,x=-36.68;y=17.79;yaw=-1.58
252.349999905,[debug],turtlebot4,simulation,robot-pose,x=-32.91;y=33.97;yaw=-3.06
252.349999905,[debug],turtlebot5,simulation,robot-pose,x=-36.68;y=17.79;yaw=-1.58
267.200000048,[debug],turtlebot1,simulation,robot-pose,x=-13.46;y=17.95;yaw=-1.21
267.333333254,[debug],turtlebot2,simulation,robot-pose,x=-39.50;y=33.84;yaw=0.46
267.333333254,[debug],turtlebot3,simulation,robot-pose,x=-40.39;y=25.23;yaw=0.33
267.333333254,[debug],turtlebot1,simulation,robot-pose,x=-13.46;y=17.95;yaw=-1.21
267.333333254,[debug],turtlebot2,simulation,robot-pose,x=-39.50;y=33.84;yaw=0.46
267.349999905,[debug],turtlebot3,simulation,robot-pose,x=-40.39;y=25.23;yaw=0.33
267.349999905,[debug],turtlebot4,simulation,robot-pose,x=-32.91;y=33.97;yaw=-3.06
267.349999905,[debug],turtlebot4,simulation,robot-pose,x=-32.91;y=33.97;yaw=-3.06
267.349999905,[debug],turtlebot5,simulation,robot-pose,x=-36.78;y=16.55;yaw=-1.80
267.349999905,[debug],turtlebot5,simulation,robot-pose,x=-36.78;y=16.55;yaw=-1.80
273.549999952,[debug],turtlebot5,move-base-info,Hooray, the base moved arrived,(x=-37;y=16)
273.549999952,[debug],turtlebot5,move-base-info,Hooray, the base moved arrived,(x=-37;y=16)
273.700000048,[debug],turtlebot5,task-update,navigation,way-point-reached,50.0%
274.916666746,[info],turtlebot5,skill-life-cycle,navigation,(status=RUNNING, parameters=[[-37.0, 21.5, -1.5707963267948966, True], [-37.0, 16.0, 0.0, True], [-26.0, 16.0, -1.5707963267948966, True], [-26.0, 13.0, 1.57, False]])
282.200000048,[debug],turtlebot1,simulation,robot-pose,x=-13.46;y=17.95;yaw=-1.19
282.333333254,[debug],turtlebot2,simulation,robot-pose,x=-39.50;y=33.84;yaw=0.46
282.333333254,[debug],turtlebot3,simulation,robot-pose,x=-40.39;y=25.23;yaw=0.33
282.333333254,[debug],turtlebot1,simulation,robot-pose,x=-13.46;y=17.95;yaw=-1.19
282.333333254,[debug],turtlebot2,simulation,robot-pose,x=-39.50;y=33.84;yaw=0.46
282.333333254,[debug],turtlebot3,simulation,robot-pose,x=-40.39;y=25.23;yaw=0.33
282.349999905,[debug],turtlebot5,simulation,robot-pose,x=-36.50;y=16.23;yaw=-0.83
282.349999905,[debug],turtlebot4,simulation,robot-pose,x=-32.92;y=33.98;yaw=-3.05
282.349999905,[debug],turtlebot5,simulation,robot-pose,x=-36.50;y=16.23;yaw=-0.83
282.349999905,[debug],turtlebot4,simulation,robot-pose,x=-32.92;y=33.98;yaw=-3.05
297.200000048,[debug],turtlebot1,simulation,robot-pose,x=-13.45;y=17.94;yaw=-1.17
297.333333254,[debug],turtlebot2,simulation,robot-pose,x=-39.50;y=33.84;yaw=0.46
297.333333254,[debug],turtlebot1,simulation,robot-pose,x=-13.45;y=17.94;yaw=-1.17
297.333333254,[debug],turtlebot2,simulation,robot-pose,x=-39.50;y=33.84;yaw=0.46
297.333333254,[debug],turtlebot3,simulation,robot-pose,x=-40.39;y=25.23;yaw=0.33
297.333333254,[debug],turtlebot3,simulation,robot-pose,x=-40.39;y=25.23;yaw=0.33
297.349999905,[debug],turtlebot5,simulation,robot-pose,x=-34.78;y=15.68;yaw=0.01
297.349999905,[debug],turtlebot5,simulation,robot-pose,x=-34.78;y=15.68;yaw=0.01
297.349999905,[debug],turtlebot4,simulation,robot-pose,x=-32.92;y=33.98;yaw=-3.05
297.349999905,[debug],turtlebot4,simulation,robot-pose,x=-32.92;y=33.98;yaw=-3.05
312.200000048,[debug],turtlebot1,simulation,robot-pose,x=-13.45;y=17.94;yaw=-1.15
312.333333254,[debug],turtlebot3,simulation,robot-pose,x=-40.39;y=25.23;yaw=0.33
312.333333254,[debug],turtlebot2,simulation,robot-pose,x=-39.50;y=33.84;yaw=0.46
312.333333254,[debug],turtlebot1,simulation,robot-pose,x=-13.45;y=17.94;yaw=-1.15
312.333333254,[debug],turtlebot3,simulation,robot-pose,x=-40.39;y=25.23;yaw=0.33
312.333333254,[debug],turtlebot2,simulation,robot-pose,x=-39.50;y=33.84;yaw=0.46
312.349999905,[debug],turtlebot5,simulation,robot-pose,x=-31.99;y=16.04;yaw=0.33
312.349999905,[debug],turtlebot4,simulation,robot-pose,x=-32.92;y=33.98;yaw=-3.06
312.349999905,[debug],turtlebot5,simulation,robot-pose,x=-31.99;y=16.04;yaw=0.33
312.349999905,[debug],turtlebot4,simulation,robot-pose,x=-32.92;y=33.98;yaw=-3.06
326.0,[info],turtlebot5,skill-life-cycle,navigation,(status=RUNNING, parameters=[[-37.0, 21.5, -1.5707963267948966, True], [-37.0, 16.0, 0.0, True], [-26.0, 16.0, -1.5707963267948966, True], [-26.0, 13.0, 1.57, False]])
327.200000048,[debug],turtlebot1,simulation,robot-pose,x=-13.45;y=17.94;yaw=-1.14
327.333333254,[debug],turtlebot3,simulation,robot-pose,x=-40.39;y=25.23;yaw=0.33
327.333333254,[debug],turtlebot2,simulation,robot-pose,x=-39.50;y=33.84;yaw=0.46
327.333333254,[debug],turtlebot1,simulation,robot-pose,x=-13.45;y=17.94;yaw=-1.14
327.333333254,[debug],turtlebot3,simulation,robot-pose,x=-40.39;y=25.23;yaw=0.33
327.333333254,[debug],turtlebot2,simulation,robot-pose,x=-39.50;y=33.84;yaw=0.46
327.349999905,[debug],turtlebot5,simulation,robot-pose,x=-29.46;y=16.08;yaw=0.03
327.349999905,[debug],turtlebot5,simulation,robot-pose,x=-29.46;y=16.08;yaw=0.03
327.349999905,[debug],turtlebot4,simulation,robot-pose,x=-32.92;y=33.98;yaw=-3.06
327.349999905,[debug],turtlebot4,simulation,robot-pose,x=-32.92;y=33.98;yaw=-3.06
342.200000048,[debug],turtlebot1,simulation,robot-pose,x=-13.44;y=17.94;yaw=-1.13
342.333333254,[debug],turtlebot2,simulation,robot-pose,x=-39.50;y=33.84;yaw=0.46
342.333333254,[debug],turtlebot3,simulation,robot-pose,x=-40.39;y=25.23;yaw=0.33
342.333333254,[debug],turtlebot1,simulation,robot-pose,x=-13.44;y=17.94;yaw=-1.13
342.333333254,[debug],turtlebot2,simulation,robot-pose,x=-39.50;y=33.84;yaw=0.46
342.333333254,[debug],turtlebot3,simulation,robot-pose,x=-40.39;y=25.23;yaw=0.33
342.349999905,[debug],turtlebot4,simulation,robot-pose,x=-32.93;y=33.98;yaw=-3.06
342.349999905,[debug],turtlebot4,simulation,robot-pose,x=-32.93;y=33.98;yaw=-3.06
342.349999905,[debug],turtlebot5,simulation,robot-pose,x=-26.97;y=16.07;yaw=0.16
342.349999905,[debug],turtlebot5,simulation,robot-pose,x=-26.97;y=16.07;yaw=0.16
350.533333302,[debug],turtlebot5,move-base-info,Hooray, the base moved arrived,(x=-26;y=16)
350.533333302,[debug],turtlebot5,move-base-info,Hooray, the base moved arrived,(x=-26;y=16)
350.666666746,[debug],turtlebot5,task-update,navigation,way-point-reached,75.0%
357.200000048,[debug],turtlebot1,simulation,robot-pose,x=-13.44;y=17.94;yaw=-1.12
357.333333254,[debug],turtlebot2,simulation,robot-pose,x=-39.50;y=33.84;yaw=0.46
357.333333254,[debug],turtlebot3,simulation,robot-pose,x=-40.39;y=25.23;yaw=0.33
357.349999905,[debug],turtlebot5,simulation,robot-pose,x=-26.37;y=16.12;yaw=-1.25
357.349999905,[debug],turtlebot4,simulation,robot-pose,x=-32.93;y=33.98;yaw=-3.06
357.349999905,[debug],turtlebot1,simulation,robot-pose,x=-13.44;y=17.94;yaw=-1.12
357.349999905,[debug],turtlebot2,simulation,robot-pose,x=-39.50;y=33.84;yaw=0.46
357.349999905,[debug],turtlebot3,simulation,robot-pose,x=-40.39;y=25.23;yaw=0.33
357.349999905,[debug],turtlebot5,simulation,robot-pose,x=-26.37;y=16.12;yaw=-1.25
357.349999905,[debug],turtlebot4,simulation,robot-pose,x=-32.93;y=33.98;yaw=-3.06
372.200000048,[debug],turtlebot1,simulation,robot-pose,x=-13.44;y=17.93;yaw=-1.12
372.333333254,[debug],turtlebot2,simulation,robot-pose,x=-39.50;y=33.84;yaw=0.46
372.333333254,[debug],turtlebot3,simulation,robot-pose,x=-40.39;y=25.23;yaw=0.33
372.333333254,[debug],turtlebot1,simulation,robot-pose,x=-13.44;y=17.93;yaw=-1.12
372.333333254,[debug],turtlebot2,simulation,robot-pose,x=-39.50;y=33.84;yaw=0.46
372.333333254,[debug],turtlebot3,simulation,robot-pose,x=-40.39;y=25.23;yaw=0.33
372.349999905,[debug],turtlebot4,simulation,robot-pose,x=-32.93;y=33.98;yaw=-3.06
372.349999905,[debug],turtlebot4,simulation,robot-pose,x=-32.93;y=33.98;yaw=-3.06
372.349999905,[debug],turtlebot5,simulation,robot-pose,x=-25.88;y=14.92;yaw=-1.43
372.349999905,[debug],turtlebot5,simulation,robot-pose,x=-25.88;y=14.92;yaw=-1.43
377.533333302,[info],turtlebot5,skill-life-cycle,navigation,(status=RUNNING, parameters=[[-37.0, 21.5, -1.5707963267948966, True], [-37.0, 16.0, 0.0, True], [-26.0, 16.0, -1.5707963267948966, True], [-26.0, 13.0, 1.57, False]])
387.200000048,[debug],turtlebot1,simulation,robot-pose,x=-13.44;y=17.93;yaw=-1.11
387.333333254,[debug],turtlebot3,simulation,robot-pose,x=-40.39;y=25.23;yaw=0.33
387.333333254,[debug],turtlebot2,simulation,robot-pose,x=-39.50;y=33.84;yaw=0.46
387.333333254,[debug],turtlebot1,simulation,robot-pose,x=-13.44;y=17.93;yaw=-1.11
387.333333254,[debug],turtlebot3,simulation,robot-pose,x=-40.39;y=25.23;yaw=0.33
387.333333254,[debug],turtlebot2,simulation,robot-pose,x=-39.50;y=33.84;yaw=0.46
387.349999905,[debug],turtlebot4,simulation,robot-pose,x=-32.93;y=33.98;yaw=-3.06
387.349999905,[debug],turtlebot5,simulation,robot-pose,x=-25.83;y=13.67;yaw=-1.62
387.349999905,[debug],turtlebot4,simulation,robot-pose,x=-32.93;y=33.98;yaw=-3.06
387.349999905,[debug],turtlebot5,simulation,robot-pose,x=-25.83;y=13.67;yaw=-1.62
397.099999905,[debug],turtlebot5,move-base-info,Hooray, the base moved arrived,(x=-26;y=13)
397.099999905,[debug],turtlebot5,move-base-info,Hooray, the base moved arrived,(x=-26;y=13)
397.333333254,[debug],turtlebot5,task-update,navigation,way-point-reached,100.0%
397.400000095,[debug],turtlebot5,available-skills,['send_message', 'wait_message', 'approach_person', 'approach_robot', 'authenticate_person', 'deposit', 'navigation', 'operate_drawer', 'pick_up'],
397.400000095,[info],turtlebot5,skill-life-cycle,approach_robot,(status=STARTED, parameters=['lab_arm'])
397.483333349,[debug],turtlebot5,task-update,approach_robot,localize-robot,(who=lab_arm)
397.583333254,[debug],turtlebot5,task-update,approach_robot,goto-robot,(who=lab_arm)
397.683333397,[debug],turtlebot5,available-skills,['send_message', 'wait_message', 'approach_person', 'approach_robot', 'authenticate_person', 'deposit', 'navigation', 'operate_drawer', 'pick_up'],
397.683333397,[info],turtlebot5,skill-life-cycle,operate_drawer,(status=STARTED, parameters=['open'])
397.766666651,[debug],turtlebot5,task-update,operate_drawer,open
399.349999905,[debug],turtlebot5,available-skills,['send_message', 'wait_message', 'approach_person', 'approach_robot', 'authenticate_person', 'deposit', 'navigation', 'operate_drawer', 'pick_up'],
399.349999905,[info],turtlebot5,skill-life-cycle,send_message,(status=STARTED, parameters=['lab_arm'])
399.433333397,[info],turtlebot5,sync,send-message,(to=lab_arm)
400.349999905,[info],lab_arm,sync,wait-message,(status=message-received)
400.349999905,[info],lab_arm,sync,wait-message,(status=message-received)
400.349999905,[info],Inventory,sync,wait-sample,(status=sample-received)
400.349999905,[info],Inventory,sync,wait-sample,(status=sample-received)
400.349999905,ENDSIM
400.349999905,ENDSIM
402.200000048,[debug],turtlebot1,simulation,robot-pose,x=-13.43;y=17.93;yaw=-1.10
402.333333254,[debug],turtlebot2,simulation,robot-pose,x=-39.50;y=33.84;yaw=0.46
402.333333254,[debug],turtlebot3,simulation,robot-pose,x=-40.39;y=25.23;yaw=0.33
402.349999905,[debug],turtlebot5,simulation,robot-pose,x=-25.87;y=13.40;yaw=1.63
402.349999905,[debug],turtlebot4,simulation,robot-pose,x=-32.93;y=33.98;yaw=-3.06
402.349999905,[debug],turtlebot1,simulation,robot-pose,x=-13.43;y=17.93;yaw=-1.10
402.349999905,[debug],turtlebot2,simulation,robot-pose,x=-39.50;y=33.84;yaw=0.46
402.349999905,[debug],turtlebot3,simulation,robot-pose,x=-40.39;y=25.23;yaw=0.33
402.349999905,[debug],turtlebot5,simulation,robot-pose,x=-25.87;y=13.40;yaw=1.63
402.349999905,[debug],turtlebot4,simulation,robot-pose,x=-32.93;y=33.98;yaw=-3.06
410.349999905,[info],Inventory,sync,wait-sample,(status=sample-received)
410.349999905,[info],Inventory,sync,wait-sample,(status=sample-received)
410.349999905,ENDSIM
410.349999905,ENDSIM
410.349999905,[info],lab_arm,sync,wait-message,(status=message-received)
410.349999905,[info],lab_arm,sync,wait-message,(status=message-received)
410.349999905,[info],Inventory,sync,wait-sample,(status=sample-received)
410.349999905,[info],Inventory,sync,wait-sample,(status=sample-received)
410.349999905,ENDSIM
410.349999905,ENDSIM
0.0,[debug],simulation closed,reach-target,execution-wall-clock=480.52147603034973
