0.866666555405,[debug],turtlebot4,move-base-info,Move_base is up and ok....,
1.46666669846,[debug],turtlebot5,move-base-info,Move_base is up and ok....,
1.6333334446,[debug],turtlebot2,move-base-info,Move_base is up and ok....,
1.8833334446,[debug],turtlebot3,move-base-info,Move_base is up and ok....,
2.04999995232,[debug],turtlebot1,move-base-info,Move_base is up and ok....,
9.3666665554,[info],turtlebot4,skill-life-cycle,init_robobt,(status=RUNNING, parameters=[])
10.25,[info],turtlebot3,skill-life-cycle,init_robobt,(status=RUNNING, parameters=[])
10.75,[info],turtlebot2,skill-life-cycle,init_robobt,(status=RUNNING, parameters=[])
11.0,[info],turtlebot5,skill-life-cycle,init_robobt,(status=RUNNING, parameters=[])
15.9500000477,[debug],turtlebot2,available-skills,['send_message', 'wait_message', 'approach_person', 'approach_robot', 'authenticate_person', 'deposit', 'navigation', 'operate_drawer', 'pick_up'],
15.9500000477,[info],turtlebot2,skill-life-cycle,navigation,(status=STARTED, parameters=[[-11.5, 16.0, 3.141592653589793, True], [-37.0, 16.0, 1.5707963267948966, True], [-37.0, 18.93, 0.0, True], [-33.9, 18.93, 3.14, False]])
24.3166666031,[debug],turtlebot1,simulation,robot-pose,x=-11.46;y=17.82;yaw=-1.25
24.3333332539,[debug],turtlebot1,simulation,robot-pose,x=-11.46;y=17.82;yaw=-1.25
24.5166666508,[debug],turtlebot4,simulation,robot-pose,x=-40.39;y=25.23;yaw=0.34
24.5166666508,[debug],turtlebot4,simulation,robot-pose,x=-40.39;y=25.23;yaw=0.34
24.5166666508,[debug],turtlebot5,simulation,robot-pose,x=-32.89;y=33.97;yaw=-3.10
24.5166666508,[debug],turtlebot5,simulation,robot-pose,x=-32.89;y=33.97;yaw=-3.10
24.5166666508,[debug],turtlebot3,simulation,robot-pose,x=-27.23;y=18.02;yaw=-1.59
24.5166666508,[debug],turtlebot3,simulation,robot-pose,x=-27.23;y=18.02;yaw=-1.59
24.5166666508,[debug],turtlebot2,simulation,robot-pose,x=-28.54;y=17.58;yaw=-1.60
24.5166666508,[debug],turtlebot2,simulation,robot-pose,x=-28.54;y=17.58;yaw=-1.60
39.3166666031,[debug],turtlebot1,simulation,robot-pose,x=-11.46;y=17.82;yaw=-1.25
39.3333332539,[debug],turtlebot1,simulation,robot-pose,x=-11.46;y=17.82;yaw=-1.25
39.5166666508,[debug],turtlebot4,simulation,robot-pose,x=-40.39;y=25.23;yaw=0.33
39.5166666508,[debug],turtlebot4,simulation,robot-pose,x=-40.39;y=25.23;yaw=0.33
39.5166666508,[debug],turtlebot3,simulation,robot-pose,x=-27.22;y=18.03;yaw=-1.59
39.5166666508,[debug],turtlebot3,simulation,robot-pose,x=-27.22;y=18.03;yaw=-1.59
39.5166666508,[debug],turtlebot2,simulation,robot-pose,x=-28.19;y=16.40;yaw=-0.79
39.5166666508,[debug],turtlebot2,simulation,robot-pose,x=-28.19;y=16.40;yaw=-0.79
39.5166666508,[debug],turtlebot5,simulation,robot-pose,x=-32.89;y=33.97;yaw=-3.10
39.5166666508,[debug],turtlebot5,simulation,robot-pose,x=-32.89;y=33.97;yaw=-3.10
54.3166666031,[debug],turtlebot1,simulation,robot-pose,x=-11.46;y=17.82;yaw=-1.25
54.3333332539,[debug],turtlebot1,simulation,robot-pose,x=-11.46;y=17.82;yaw=-1.25
54.5166666508,[debug],turtlebot2,simulation,robot-pose,x=-25.84;y=16.32;yaw=-0.10
54.5166666508,[debug],turtlebot2,simulation,robot-pose,x=-25.84;y=16.32;yaw=-0.10
54.5166666508,[debug],turtlebot5,simulation,robot-pose,x=-32.89;y=33.97;yaw=-3.10
54.5166666508,[debug],turtlebot5,simulation,robot-pose,x=-32.89;y=33.97;yaw=-3.10
54.5166666508,[debug],turtlebot4,simulation,robot-pose,x=-40.39;y=25.23;yaw=0.33
54.5166666508,[debug],turtlebot4,simulation,robot-pose,x=-40.39;y=25.23;yaw=0.33
54.5166666508,[debug],turtlebot3,simulation,robot-pose,x=-27.22;y=18.03;yaw=-1.58
54.5166666508,[debug],turtlebot3,simulation,robot-pose,x=-27.22;y=18.03;yaw=-1.58
61.1666667461,[info],turtlebot2,skill-life-cycle,navigation,(status=RUNNING, parameters=[[-11.5, 16.0, 3.141592653589793, True], [-37.0, 16.0, 1.5707963267948966, True], [-37.0, 18.93, 0.0, True], [-33.9, 18.93, 3.14, False]])
69.3333332539,[debug],turtlebot1,simulation,robot-pose,x=-11.46;y=17.82;yaw=-1.25
69.3499999046,[debug],turtlebot1,simulation,robot-pose,x=-11.46;y=17.82;yaw=-1.25
69.5166666508,[debug],turtlebot2,simulation,robot-pose,x=-23.58;y=16.25;yaw=-0.37
69.5166666508,[debug],turtlebot3,simulation,robot-pose,x=-27.22;y=18.03;yaw=-1.58
69.5166666508,[debug],turtlebot2,simulation,robot-pose,x=-23.58;y=16.25;yaw=-0.37
69.5166666508,[debug],turtlebot5,simulation,robot-pose,x=-32.89;y=33.97;yaw=-3.10
69.5166666508,[debug],turtlebot3,simulation,robot-pose,x=-27.22;y=18.03;yaw=-1.58
69.5166666508,[debug],turtlebot5,simulation,robot-pose,x=-32.89;y=33.97;yaw=-3.10
69.5166666508,[debug],turtlebot4,simulation,robot-pose,x=-40.39;y=25.23;yaw=0.33
69.5166666508,[debug],turtlebot4,simulation,robot-pose,x=-40.39;y=25.23;yaw=0.33
84.3166666031,[debug],turtlebot1,simulation,robot-pose,x=-11.46;y=17.82;yaw=-1.25
84.3333332539,[debug],turtlebot1,simulation,robot-pose,x=-11.46;y=17.82;yaw=-1.25
84.5166666508,[debug],turtlebot2,simulation,robot-pose,x=-21.36;y=16.01;yaw=-0.02
84.5166666508,[debug],turtlebot2,simulation,robot-pose,x=-21.36;y=16.01;yaw=-0.02
84.5166666508,[debug],turtlebot5,simulation,robot-pose,x=-32.90;y=33.97;yaw=-3.10
84.5166666508,[debug],turtlebot5,simulation,robot-pose,x=-32.90;y=33.97;yaw=-3.10
84.5166666508,[debug],turtlebot3,simulation,robot-pose,x=-27.22;y=18.03;yaw=-1.58
84.5166666508,[debug],turtlebot3,simulation,robot-pose,x=-27.22;y=18.03;yaw=-1.58
84.5166666508,[debug],turtlebot4,simulation,robot-pose,x=-40.39;y=25.23;yaw=0.33
84.5166666508,[debug],turtlebot4,simulation,robot-pose,x=-40.39;y=25.23;yaw=0.33
99.3166666031,[debug],turtlebot1,simulation,robot-pose,x=-11.46;y=17.82;yaw=-1.25
99.3499999046,[debug],turtlebot1,simulation,robot-pose,x=-11.46;y=17.82;yaw=-1.25
99.5166666508,[debug],turtlebot5,simulation,robot-pose,x=-32.90;y=33.97;yaw=-3.10
99.5166666508,[debug],turtlebot3,simulation,robot-pose,x=-27.22;y=18.03;yaw=-1.58
99.5166666508,[debug],turtlebot5,simulation,robot-pose,x=-32.90;y=33.97;yaw=-3.10
99.5166666508,[debug],turtlebot3,simulation,robot-pose,x=-27.22;y=18.03;yaw=-1.58
99.5166666508,[debug],turtlebot2,simulation,robot-pose,x=-18.57;y=16.34;yaw=-0.02
99.5166666508,[debug],turtlebot2,simulation,robot-pose,x=-18.57;y=16.34;yaw=-0.02
99.5166666508,[debug],turtlebot4,simulation,robot-pose,x=-40.39;y=25.23;yaw=0.33
99.5166666508,[debug],turtlebot4,simulation,robot-pose,x=-40.39;y=25.23;yaw=0.33
111.066666603,[info],turtlebot2,skill-life-cycle,navigation,(status=RUNNING, parameters=[[-11.5, 16.0, 3.141592653589793, True], [-37.0, 16.0, 1.5707963267948966, True], [-37.0, 18.93, 0.0, True], [-33.9, 18.93, 3.14, False]])
114.316666603,[debug],turtlebot1,simulation,robot-pose,x=-11.46;y=17.82;yaw=-1.25
114.333333254,[debug],turtlebot1,simulation,robot-pose,x=-11.46;y=17.82;yaw=-1.25
114.516666651,[debug],turtlebot2,simulation,robot-pose,x=-16.18;y=16.25;yaw=0.00
114.516666651,[debug],turtlebot2,simulation,robot-pose,x=-16.18;y=16.25;yaw=0.00
114.516666651,[debug],turtlebot5,simulation,robot-pose,x=-32.90;y=33.97;yaw=-3.09
114.516666651,[debug],turtlebot5,simulation,robot-pose,x=-32.90;y=33.97;yaw=-3.09
114.516666651,[debug],turtlebot3,simulation,robot-pose,x=-27.22;y=18.03;yaw=-1.58
114.516666651,[debug],turtlebot3,simulation,robot-pose,x=-27.22;y=18.03;yaw=-1.58
114.516666651,[debug],turtlebot4,simulation,robot-pose,x=-40.39;y=25.23;yaw=0.33
114.516666651,[debug],turtlebot4,simulation,robot-pose,x=-40.39;y=25.23;yaw=0.33
129.316666603,[debug],turtlebot1,simulation,robot-pose,x=-11.46;y=17.82;yaw=-1.25
129.349999905,[debug],turtlebot1,simulation,robot-pose,x=-11.46;y=17.82;yaw=-1.25
129.516666651,[debug],turtlebot5,simulation,robot-pose,x=-32.90;y=33.97;yaw=-3.09
129.516666651,[debug],turtlebot5,simulation,robot-pose,x=-32.90;y=33.97;yaw=-3.09
129.516666651,[debug],turtlebot3,simulation,robot-pose,x=-27.22;y=18.03;yaw=-1.58
129.516666651,[debug],turtlebot3,simulation,robot-pose,x=-27.22;y=18.03;yaw=-1.58
129.516666651,[debug],turtlebot4,simulation,robot-pose,x=-40.39;y=25.23;yaw=0.33
129.516666651,[debug],turtlebot4,simulation,robot-pose,x=-40.39;y=25.23;yaw=0.33
129.516666651,[debug],turtlebot2,simulation,robot-pose,x=-14.01;y=16.58;yaw=-0.58
129.516666651,[debug],turtlebot2,simulation,robot-pose,x=-14.01;y=16.58;yaw=-0.58
144.316666603,[debug],turtlebot1,simulation,robot-pose,x=-11.46;y=17.82;yaw=-1.25
144.349999905,[debug],turtlebot1,simulation,robot-pose,x=-11.46;y=17.82;yaw=-1.25
144.516666651,[debug],turtlebot5,simulation,robot-pose,x=-32.90;y=33.97;yaw=-3.09
144.516666651,[debug],turtlebot5,simulation,robot-pose,x=-32.90;y=33.97;yaw=-3.09
144.516666651,[debug],turtlebot2,simulation,robot-pose,x=-11.93;y=16.33;yaw=-0.04
144.516666651,[debug],turtlebot2,simulation,robot-pose,x=-11.93;y=16.33;yaw=-0.04
144.516666651,[debug],turtlebot3,simulation,robot-pose,x=-27.22;y=18.03;yaw=-1.58
144.516666651,[debug],turtlebot3,simulation,robot-pose,x=-27.22;y=18.03;yaw=-1.58
144.516666651,[debug],turtlebot4,simulation,robot-pose,x=-40.39;y=25.23;yaw=0.33
144.516666651,[debug],turtlebot4,simulation,robot-pose,x=-40.39;y=25.23;yaw=0.33
153.150000095,[debug],turtlebot2,move-base-info,Hooray, the base moved arrived,(x=-11.5;y=16)
153.150000095,[debug],turtlebot2,move-base-info,Hooray, the base moved arrived,(x=-11.5;y=16)
153.183333397,[debug],turtlebot2,task-update,navigation,way-point-reached,25.0%
159.316666603,[debug],turtlebot1,simulation,robot-pose,x=-11.46;y=17.82;yaw=-1.25
159.316666603,[debug],turtlebot1,simulation,robot-pose,x=-11.46;y=17.82;yaw=-1.25
159.516666651,[debug],turtlebot4,simulation,robot-pose,x=-40.39;y=25.23;yaw=0.33
159.516666651,[debug],turtlebot4,simulation,robot-pose,x=-40.39;y=25.23;yaw=0.33
159.516666651,[debug],turtlebot2,simulation,robot-pose,x=-12.01;y=16.31;yaw=-3.10
159.516666651,[debug],turtlebot2,simulation,robot-pose,x=-12.01;y=16.31;yaw=-3.10
159.516666651,[debug],turtlebot3,simulation,robot-pose,x=-27.22;y=18.03;yaw=-1.57
159.516666651,[debug],turtlebot3,simulation,robot-pose,x=-27.22;y=18.03;yaw=-1.57
159.516666651,[debug],turtlebot5,simulation,robot-pose,x=-32.90;y=33.97;yaw=-3.09
159.516666651,[debug],turtlebot5,simulation,robot-pose,x=-32.90;y=33.97;yaw=-3.09
161.916666746,[info],turtlebot2,skill-life-cycle,navigation,(status=RUNNING, parameters=[[-11.5, 16.0, 3.141592653589793, True], [-37.0, 16.0, 1.5707963267948966, True], [-37.0, 18.93, 0.0, True], [-33.9, 18.93, 3.14, False]])
174.316666603,[debug],turtlebot1,simulation,robot-pose,x=-11.46;y=17.82;yaw=-1.25
174.333333254,[debug],turtlebot1,simulation,robot-pose,x=-11.46;y=17.82;yaw=-1.25
174.516666651,[debug],turtlebot3,simulation,robot-pose,x=-27.22;y=18.03;yaw=-1.57
174.516666651,[debug],turtlebot2,simulation,robot-pose,x=-14.31;y=16.12;yaw=-2.72
174.516666651,[debug],turtlebot3,simulation,robot-pose,x=-27.22;y=18.03;yaw=-1.57
174.516666651,[debug],turtlebot2,simulation,robot-pose,x=-14.31;y=16.12;yaw=-2.72
174.516666651,[debug],turtlebot4,simulation,robot-pose,x=-40.39;y=25.23;yaw=0.33
174.516666651,[debug],turtlebot4,simulation,robot-pose,x=-40.39;y=25.23;yaw=0.33
174.516666651,[debug],turtlebot5,simulation,robot-pose,x=-32.90;y=33.97;yaw=-3.09
174.516666651,[debug],turtlebot5,simulation,robot-pose,x=-32.90;y=33.97;yaw=-3.09
189.316666603,[debug],turtlebot1,simulation,robot-pose,x=-11.46;y=17.82;yaw=-1.25
189.349999905,[debug],turtlebot1,simulation,robot-pose,x=-11.46;y=17.82;yaw=-1.25
189.516666651,[debug],turtlebot5,simulation,robot-pose,x=-32.90;y=33.97;yaw=-3.09
189.516666651,[debug],turtlebot5,simulation,robot-pose,x=-32.90;y=33.97;yaw=-3.09
189.516666651,[debug],turtlebot3,simulation,robot-pose,x=-27.22;y=18.03;yaw=-1.57
189.533333302,[debug],turtlebot3,simulation,robot-pose,x=-27.22;y=18.03;yaw=-1.57
189.533333302,[debug],turtlebot2,simulation,robot-pose,x=-16.54;y=15.92;yaw=2.99
189.533333302,[debug],turtlebot2,simulation,robot-pose,x=-16.54;y=15.92;yaw=2.99
189.533333302,[debug],turtlebot4,simulation,robot-pose,x=-40.39;y=25.23;yaw=0.33
189.533333302,[debug],turtlebot4,simulation,robot-pose,x=-40.39;y=25.23;yaw=0.33
204.316666603,[debug],turtlebot1,simulation,robot-pose,x=-11.46;y=17.82;yaw=-1.25
204.333333254,[debug],turtlebot1,simulation,robot-pose,x=-11.46;y=17.82;yaw=-1.25
204.516666651,[debug],turtlebot3,simulation,robot-pose,x=-27.22;y=18.03;yaw=-1.57
204.516666651,[debug],turtlebot5,simulation,robot-pose,x=-32.91;y=33.97;yaw=-3.09
204.516666651,[debug],turtlebot3,simulation,robot-pose,x=-27.22;y=18.03;yaw=-1.57
204.516666651,[debug],turtlebot5,simulation,robot-pose,x=-32.91;y=33.97;yaw=-3.09
204.533333302,[debug],turtlebot2,simulation,robot-pose,x=-19.15;y=16.03;yaw=3.06
204.533333302,[debug],turtlebot2,simulation,robot-pose,x=-19.15;y=16.03;yaw=3.06
204.533333302,[debug],turtlebot4,simulation,robot-pose,x=-40.39;y=25.23;yaw=0.33
204.533333302,[debug],turtlebot4,simulation,robot-pose,x=-40.39;y=25.23;yaw=0.33
211.25,[info],turtlebot2,skill-life-cycle,navigation,(status=RUNNING, parameters=[[-11.5, 16.0, 3.141592653589793, True], [-37.0, 16.0, 1.5707963267948966, True], [-37.0, 18.93, 0.0, True], [-33.9, 18.93, 3.14, False]])
219.316666603,[debug],turtlebot1,simulation,robot-pose,x=-11.46;y=17.82;yaw=-1.25
219.349999905,[debug],turtlebot1,simulation,robot-pose,x=-11.46;y=17.82;yaw=-1.25
219.516666651,[debug],turtlebot4,simulation,robot-pose,x=-40.39;y=25.23;yaw=0.33
219.516666651,[debug],turtlebot4,simulation,robot-pose,x=-40.39;y=25.23;yaw=0.33
219.516666651,[debug],turtlebot2,simulation,robot-pose,x=-21.62;y=16.00;yaw=-3.13
219.516666651,[debug],turtlebot2,simulation,robot-pose,x=-21.62;y=16.00;yaw=-3.13
219.516666651,[debug],turtlebot5,simulation,robot-pose,x=-32.91;y=33.97;yaw=-3.08
219.516666651,[debug],turtlebot5,simulation,robot-pose,x=-32.91;y=33.97;yaw=-3.08
219.516666651,[debug],turtlebot3,simulation,robot-pose,x=-27.21;y=18.03;yaw=-1.57
219.516666651,[debug],turtlebot3,simulation,robot-pose,x=-27.21;y=18.03;yaw=-1.57
234.316666603,[debug],turtlebot1,simulation,robot-pose,x=-11.46;y=17.82;yaw=-1.25
234.333333254,[debug],turtlebot1,simulation,robot-pose,x=-11.46;y=17.82;yaw=-1.25
234.516666651,[debug],turtlebot4,simulation,robot-pose,x=-40.39;y=25.23;yaw=0.33
234.516666651,[debug],turtlebot4,simulation,robot-pose,x=-40.39;y=25.23;yaw=0.33
234.516666651,[debug],turtlebot2,simulation,robot-pose,x=-24.10;y=15.98;yaw=3.11
234.516666651,[debug],turtlebot2,simulation,robot-pose,x=-24.10;y=15.98;yaw=3.11
234.516666651,[debug],turtlebot3,simulation,robot-pose,x=-27.21;y=18.03;yaw=-1.57
234.516666651,[debug],turtlebot3,simulation,robot-pose,x=-27.21;y=18.03;yaw=-1.57
234.516666651,[debug],turtlebot5,simulation,robot-pose,x=-32.91;y=33.97;yaw=-3.07
234.516666651,[debug],turtlebot5,simulation,robot-pose,x=-32.91;y=33.97;yaw=-3.07
249.333333254,[debug],turtlebot1,simulation,robot-pose,x=-11.46;y=17.82;yaw=-1.25
249.366666555,[debug],turtlebot1,simulation,robot-pose,x=-11.46;y=17.82;yaw=-1.25
249.516666651,[debug],turtlebot2,simulation,robot-pose,x=-26.63;y=16.02;yaw=3.08
249.516666651,[debug],turtlebot2,simulation,robot-pose,x=-26.63;y=16.02;yaw=3.08
249.516666651,[debug],turtlebot3,simulation,robot-pose,x=-27.21;y=18.03;yaw=-1.57
249.516666651,[debug],turtlebot3,simulation,robot-pose,x=-27.21;y=18.03;yaw=-1.57
249.516666651,[debug],turtlebot4,simulation,robot-pose,x=-40.39;y=25.23;yaw=0.33
249.516666651,[debug],turtlebot4,simulation,robot-pose,x=-40.39;y=25.23;yaw=0.33
249.516666651,[debug],turtlebot5,simulation,robot-pose,x=-32.91;y=33.97;yaw=-3.06
249.516666651,[debug],turtlebot5,simulation,robot-pose,x=-32.91;y=33.97;yaw=-3.06
260.466666698,[info],turtlebot2,skill-life-cycle,navigation,(status=RUNNING, parameters=[[-11.5, 16.0, 3.141592653589793, True], [-37.0, 16.0, 1.5707963267948966, True], [-37.0, 18.93, 0.0, True], [-33.9, 18.93, 3.14, False]])
264.316666603,[debug],turtlebot1,simulation,robot-pose,x=-11.46;y=17.82;yaw=-1.25
264.333333254,[debug],turtlebot1,simulation,robot-pose,x=-11.46;y=17.82;yaw=-1.25
264.516666651,[debug],turtlebot4,simulation,robot-pose,x=-40.39;y=25.23;yaw=0.33
264.516666651,[debug],turtlebot4,simulation,robot-pose,x=-40.39;y=25.23;yaw=0.33
264.516666651,[debug],turtlebot3,simulation,robot-pose,x=-27.21;y=18.03;yaw=-1.57
264.516666651,[debug],turtlebot3,simulation,robot-pose,x=-27.21;y=18.03;yaw=-1.57
264.516666651,[debug],turtlebot2,simulation,robot-pose,x=-29.22;y=16.10;yaw=-3.09
264.516666651,[debug],turtlebot2,simulation,robot-pose,x=-29.22;y=16.10;yaw=-3.09
264.516666651,[debug],turtlebot5,simulation,robot-pose,x=-32.91;y=33.97;yaw=-3.06
264.516666651,[debug],turtlebot5,simulation,robot-pose,x=-32.91;y=33.97;yaw=-3.06
279.316666603,[debug],turtlebot1,simulation,robot-pose,x=-11.46;y=17.82;yaw=-1.25
279.383333445,[debug],turtlebot1,simulation,robot-pose,x=-11.46;y=17.82;yaw=-1.25
279.516666651,[debug],turtlebot2,simulation,robot-pose,x=-31.66;y=16.05;yaw=-2.92
279.516666651,[debug],turtlebot2,simulation,robot-pose,x=-31.66;y=16.05;yaw=-2.92
279.516666651,[debug],turtlebot4,simulation,robot-pose,x=-40.39;y=25.23;yaw=0.33
279.516666651,[debug],turtlebot4,simulation,robot-pose,x=-40.39;y=25.23;yaw=0.33
279.516666651,[debug],turtlebot3,simulation,robot-pose,x=-27.21;y=18.03;yaw=-1.57
279.516666651,[debug],turtlebot3,simulation,robot-pose,x=-27.21;y=18.03;yaw=-1.57
279.516666651,[debug],turtlebot5,simulation,robot-pose,x=-32.92;y=33.98;yaw=-3.05
279.516666651,[debug],turtlebot5,simulation,robot-pose,x=-32.92;y=33.98;yaw=-3.05
294.316666603,[debug],turtlebot1,simulation,robot-pose,x=-11.46;y=17.82;yaw=-1.25
294.349999905,[debug],turtlebot1,simulation,robot-pose,x=-11.46;y=17.82;yaw=-1.25
294.516666651,[debug],turtlebot4,simulation,robot-pose,x=-40.39;y=25.23;yaw=0.33
294.516666651,[debug],turtlebot4,simulation,robot-pose,x=-40.39;y=25.23;yaw=0.33
294.516666651,[debug],turtlebot3,simulation,robot-pose,x=-27.21;y=18.03;yaw=-1.57
294.516666651,[debug],turtlebot3,simulation,robot-pose,x=-27.21;y=18.03;yaw=-1.57
294.516666651,[debug],turtlebot5,simulation,robot-pose,x=-32.92;y=33.98;yaw=-3.05
294.516666651,[debug],turtlebot5,simulation,robot-pose,x=-32.92;y=33.98;yaw=-3.05
294.516666651,[debug],turtlebot2,simulation,robot-pose,x=-33.76;y=15.72;yaw=3.11
294.516666651,[debug],turtlebot2,simulation,robot-pose,x=-33.76;y=15.72;yaw=3.11
309.316666603,[debug],turtlebot1,simulation,robot-pose,x=-11.47;y=17.82;yaw=-1.25
309.333333254,[debug],turtlebot1,simulation,robot-pose,x=-11.47;y=17.82;yaw=-1.25
309.516666651,[debug],turtlebot5,simulation,robot-pose,x=-32.92;y=33.98;yaw=-3.06
309.516666651,[debug],turtlebot5,simulation,robot-pose,x=-32.92;y=33.98;yaw=-3.06
309.516666651,[debug],turtlebot2,simulation,robot-pose,x=-36.79;y=16.44;yaw=-2.72
309.516666651,[debug],turtlebot2,simulation,robot-pose,x=-36.79;y=16.44;yaw=-2.72
309.516666651,[debug],turtlebot4,simulation,robot-pose,x=-40.39;y=25.23;yaw=0.33
309.516666651,[debug],turtlebot3,simulation,robot-pose,x=-27.21;y=18.03;yaw=-1.57
309.516666651,[debug],turtlebot4,simulation,robot-pose,x=-40.39;y=25.23;yaw=0.33
309.516666651,[debug],turtlebot3,simulation,robot-pose,x=-27.21;y=18.03;yaw=-1.57
310.033333302,[info],turtlebot2,skill-life-cycle,navigation,(status=RUNNING, parameters=[[-11.5, 16.0, 3.141592653589793, True], [-37.0, 16.0, 1.5707963267948966, True], [-37.0, 18.93, 0.0, True], [-33.9, 18.93, 3.14, False]])
314.799999952,[debug],turtlebot2,move-base-info,Hooray, the base moved arrived,(x=-37;y=16)
314.799999952,[debug],turtlebot2,move-base-info,Hooray, the base moved arrived,(x=-37;y=16)
314.966666698,[debug],turtlebot2,task-update,navigation,way-point-reached,50.0%
324.316666603,[debug],turtlebot1,simulation,robot-pose,x=-11.47;y=17.82;yaw=-1.25
324.366666555,[debug],turtlebot1,simulation,robot-pose,x=-11.47;y=17.82;yaw=-1.25
324.516666651,[debug],turtlebot5,simulation,robot-pose,x=-32.92;y=33.98;yaw=-3.06
324.516666651,[debug],turtlebot5,simulation,robot-pose,x=-32.92;y=33.98;yaw=-3.06
324.516666651,[debug],turtlebot4,simulation,robot-pose,x=-40.39;y=25.23;yaw=0.33
324.516666651,[debug],turtlebot2,simulation,robot-pose,x=-36.93;y=18.45;yaw=1.64
324.516666651,[debug],turtlebot4,simulation,robot-pose,x=-40.39;y=25.23;yaw=0.33
324.516666651,[debug],turtlebot3,simulation,robot-pose,x=-27.21;y=18.03;yaw=-1.56
324.516666651,[debug],turtlebot2,simulation,robot-pose,x=-36.93;y=18.45;yaw=1.64
324.516666651,[debug],turtlebot3,simulation,robot-pose,x=-27.21;y=18.03;yaw=-1.56
329.166666746,[debug],turtlebot2,move-base-info,Hooray, the base moved arrived,(x=-37;y=18.93)
329.166666746,[debug],turtlebot2,move-base-info,Hooray, the base moved arrived,(x=-37;y=18.93)
329.233333349,[debug],turtlebot2,task-update,navigation,way-point-reached,75.0%
339.316666603,[debug],turtlebot1,simulation,robot-pose,x=-11.47;y=17.82;yaw=-1.25
339.333333254,[debug],turtlebot1,simulation,robot-pose,x=-11.47;y=17.82;yaw=-1.25
339.516666651,[debug],turtlebot3,simulation,robot-pose,x=-27.21;y=18.02;yaw=-1.54
339.516666651,[debug],turtlebot4,simulation,robot-pose,x=-40.39;y=25.23;yaw=0.33
339.516666651,[debug],turtlebot2,simulation,robot-pose,x=-36.36;y=18.28;yaw=-0.58
339.516666651,[debug],turtlebot5,simulation,robot-pose,x=-32.93;y=33.98;yaw=-3.06
339.516666651,[debug],turtlebot3,simulation,robot-pose,x=-27.21;y=18.02;yaw=-1.54
339.516666651,[debug],turtlebot4,simulation,robot-pose,x=-40.39;y=25.23;yaw=0.33
339.516666651,[debug],turtlebot2,simulation,robot-pose,x=-36.36;y=18.28;yaw=-0.58
339.516666651,[debug],turtlebot5,simulation,robot-pose,x=-32.93;y=33.98;yaw=-3.06
354.316666603,[debug],turtlebot1,simulation,robot-pose,x=-11.47;y=17.82;yaw=-1.25
354.366666555,[debug],turtlebot1,simulation,robot-pose,x=-11.47;y=17.82;yaw=-1.25
354.516666651,[debug],turtlebot5,simulation,robot-pose,x=-32.93;y=33.98;yaw=-3.06
354.516666651,[debug],turtlebot4,simulation,robot-pose,x=-40.39;y=25.23;yaw=0.33
354.516666651,[debug],turtlebot2,simulation,robot-pose,x=-35.41;y=17.95;yaw=-0.17
354.516666651,[debug],turtlebot3,simulation,robot-pose,x=-27.21;y=18.01;yaw=-1.54
354.516666651,[debug],turtlebot5,simulation,robot-pose,x=-32.93;y=33.98;yaw=-3.06
354.516666651,[debug],turtlebot4,simulation,robot-pose,x=-40.39;y=25.23;yaw=0.33
354.516666651,[debug],turtlebot2,simulation,robot-pose,x=-35.41;y=17.95;yaw=-0.17
354.516666651,[debug],turtlebot3,simulation,robot-pose,x=-27.21;y=18.01;yaw=-1.54
361.383333445,[info],turtlebot2,skill-life-cycle,navigation,(status=RUNNING, parameters=[[-11.5, 16.0, 3.141592653589793, True], [-37.0, 16.0, 1.5707963267948966, True], [-37.0, 18.93, 0.0, True], [-33.9, 18.93, 3.14, False]])
367.666666746,[debug],turtlebot2,move-base-info,Hooray, the base moved arrived,(x=-33.9;y=18.93)
367.666666746,[debug],turtlebot2,move-base-info,Hooray, the base moved arrived,(x=-33.9;y=18.93)
367.866666555,[debug],turtlebot2,task-update,navigation,way-point-reached,100.0%
367.933333397,[debug],turtlebot2,available-skills,['send_message', 'wait_message', 'approach_person', 'approach_robot', 'authenticate_person', 'deposit', 'navigation', 'operate_drawer', 'pick_up'],
367.933333397,[info],turtlebot2,skill-life-cycle,approach_person,(status=STARTED, parameters=['nurse'])
367.983333349,[debug],turtlebot2,task-update,approach_person,localize-person,(who=nurse)
368.083333254,[debug],turtlebot2,task-update,approach_person,goto-person,(who=nurse)
368.183333397,[debug],turtlebot2,available-skills,['send_message', 'wait_message', 'approach_person', 'approach_robot', 'authenticate_person', 'deposit', 'navigation', 'operate_drawer', 'pick_up'],
368.183333397,[info],turtlebot2,skill-life-cycle,authenticate_person,(status=STARTED, parameters=['nurse'])
368.266666651,[debug],turtlebot2,task-update,authenticate_person,request-authentication,(to=nurse)
368.266666651,[info],nurse,sync,received-request,(status=sending-request)
368.349999905,[info],nurse,sync,received-request,(status=sending-request)
368.733333349,[debug],turtlebot2,task-update,authenticate_person,received-authentication,(from=nurse)
368.816666603,[debug],turtlebot2,available-skills,['send_message', 'wait_message', 'approach_person', 'approach_robot', 'authenticate_person', 'deposit', 'navigation', 'operate_drawer', 'pick_up'],
368.816666603,[info],turtlebot2,skill-life-cycle,operate_drawer,(status=STARTED, parameters=['open'])
368.866666555,[debug],turtlebot2,task-update,operate_drawer,open
369.316666603,[debug],turtlebot1,simulation,robot-pose,x=-11.47;y=17.82;yaw=-1.25
369.349999905,[debug],turtlebot1,simulation,robot-pose,x=-11.47;y=17.82;yaw=-1.25
369.516666651,[debug],turtlebot4,simulation,robot-pose,x=-40.39;y=25.23;yaw=0.33
369.516666651,[debug],turtlebot4,simulation,robot-pose,x=-40.39;y=25.23;yaw=0.33
369.516666651,[debug],turtlebot2,simulation,robot-pose,x=-34.11;y=18.56;yaw=3.10
369.516666651,[debug],turtlebot2,simulation,robot-pose,x=-34.11;y=18.56;yaw=3.10
369.516666651,[debug],turtlebot3,simulation,robot-pose,x=-27.21;y=17.99;yaw=-1.54
369.516666651,[debug],turtlebot5,simulation,robot-pose,x=-32.93;y=33.98;yaw=-3.06
369.516666651,[debug],turtlebot3,simulation,robot-pose,x=-27.21;y=17.99;yaw=-1.54
369.516666651,[debug],turtlebot5,simulation,robot-pose,x=-32.93;y=33.98;yaw=-3.06
369.883333445,[debug],turtlebot2,available-skills,['send_message', 'wait_message', 'approach_person', 'approach_robot', 'authenticate_person', 'deposit', 'navigation', 'operate_drawer', 'pick_up'],
369.883333445,[info],turtlebot2,skill-life-cycle,send_message,(status=STARTED, parameters=['nurse'])
369.983333349,[info],turtlebot2,sync,send-message,(to=nurse)
370.833333254,[info],nurse,sync,wait-message,(status=message-received)
370.833333254,[info],nurse,sync,wait-message,(status=message-received)
373.516666651,[debug],turtlebot2,available-skills,['send_message', 'wait_message', 'approach_person', 'approach_robot', 'authenticate_person', 'deposit', 'navigation', 'operate_drawer', 'pick_up'],
373.516666651,[info],turtlebot2,skill-life-cycle,wait_message,(status=STARTED, parameters=['r1'])
374.883333445,[info],turtlebot2,sync,wait-message,(status=message-received)
374.966666698,[debug],turtlebot2,available-skills,['send_message', 'wait_message', 'approach_person', 'approach_robot', 'authenticate_person', 'deposit', 'navigation', 'operate_drawer', 'pick_up'],
374.966666698,[info],turtlebot2,skill-life-cycle,operate_drawer,(status=STARTED, parameters=['close'])
375.083333254,[debug],turtlebot2,task-update,operate_drawer,close
376.083333254,[debug],turtlebot2,available-skills,['send_message', 'wait_message', 'approach_person', 'approach_robot', 'authenticate_person', 'deposit', 'navigation', 'operate_drawer', 'pick_up'],
376.083333254,[info],turtlebot2,skill-life-cycle,navigation,(status=STARTED, parameters=[[-37.0, 18.93, -1.5707963267948966, True], [-37.0, 16.0, 0.0, True], [-26.0, 16.0, -1.5707963267948966, True], [-26.0, 13.0, 1.57, False]])
380.833333254,[info],nurse,sync,wait-message,(status=message-received)
380.833333254,[info],nurse,sync,wait-message,(status=message-received)
384.316666603,[debug],turtlebot1,simulation,robot-pose,x=-11.47;y=17.82;yaw=-1.25
384.366666555,[debug],turtlebot1,simulation,robot-pose,x=-11.47;y=17.82;yaw=-1.25
384.516666651,[debug],turtlebot3,simulation,robot-pose,x=-27.21;y=17.98;yaw=-1.54
384.516666651,[debug],turtlebot3,simulation,robot-pose,x=-27.21;y=17.98;yaw=-1.54
384.516666651,[debug],turtlebot5,simulation,robot-pose,x=-32.93;y=33.98;yaw=-3.06
384.516666651,[debug],turtlebot5,simulation,robot-pose,x=-32.93;y=33.98;yaw=-3.06
384.516666651,[debug],turtlebot4,simulation,robot-pose,x=-40.39;y=25.23;yaw=0.33
384.516666651,[debug],turtlebot4,simulation,robot-pose,x=-40.39;y=25.23;yaw=0.33
384.516666651,[debug],turtlebot2,simulation,robot-pose,x=-34.45;y=18.42;yaw=-2.42
384.516666651,[debug],turtlebot2,simulation,robot-pose,x=-34.45;y=18.42;yaw=-2.42
388.266666651,[info],nurse,sync,request-sent,(status=waiting)
388.349999905,[info],nurse,sync,request-sent,(status=waiting)
390.833333254,[info],nurse,sync,wait-message,(status=message-received)
390.833333254,[info],nurse,sync,wait-message,(status=message-received)
399.333333254,[debug],turtlebot1,simulation,robot-pose,x=-11.47;y=17.82;yaw=-1.25
399.366666555,[debug],turtlebot1,simulation,robot-pose,x=-11.47;y=17.82;yaw=-1.25
399.516666651,[debug],turtlebot2,simulation,robot-pose,x=-35.05;y=18.01;yaw=-2.69
399.516666651,[debug],turtlebot4,simulation,robot-pose,x=-40.39;y=25.23;yaw=0.33
399.516666651,[debug],turtlebot2,simulation,robot-pose,x=-35.05;y=18.01;yaw=-2.69
399.516666651,[debug],turtlebot3,simulation,robot-pose,x=-27.21;y=17.96;yaw=-1.54
399.516666651,[debug],turtlebot4,simulation,robot-pose,x=-40.39;y=25.23;yaw=0.33
399.516666651,[debug],turtlebot3,simulation,robot-pose,x=-27.21;y=17.96;yaw=-1.54
399.516666651,[debug],turtlebot5,simulation,robot-pose,x=-32.93;y=33.98;yaw=-3.06
399.516666651,[debug],turtlebot5,simulation,robot-pose,x=-32.93;y=33.98;yaw=-3.06
400.833333254,[info],nurse,sync,wait-message,(status=message-received)
400.833333254,[info],nurse,sync,wait-message,(status=message-received)
413.616666555,[info],turtlebot2,skill-life-cycle,navigation,(status=RUNNING, parameters=[[-37.0, 18.93, -1.5707963267948966, True], [-37.0, 16.0, 0.0, True], [-26.0, 16.0, -1.5707963267948966, True], [-26.0, 13.0, 1.57, False]])
414.316666603,[debug],turtlebot1,simulation,robot-pose,x=-11.47;y=17.82;yaw=-1.25
414.383333445,[debug],turtlebot1,simulation,robot-pose,x=-11.47;y=17.82;yaw=-1.25
414.516666651,[debug],turtlebot5,simulation,robot-pose,x=-32.93;y=33.98;yaw=-3.06
414.516666651,[debug],turtlebot2,simulation,robot-pose,x=-36.70;y=18.65;yaw=-1.80
414.516666651,[debug],turtlebot5,simulation,robot-pose,x=-32.93;y=33.98;yaw=-3.06
414.516666651,[debug],turtlebot3,simulation,robot-pose,x=-27.21;y=17.95;yaw=-1.54
414.516666651,[debug],turtlebot2,simulation,robot-pose,x=-36.70;y=18.65;yaw=-1.80
414.516666651,[debug],turtlebot4,simulation,robot-pose,x=-40.39;y=25.23;yaw=0.33
414.516666651,[debug],turtlebot3,simulation,robot-pose,x=-27.21;y=17.95;yaw=-1.54
414.516666651,[debug],turtlebot4,simulation,robot-pose,x=-40.39;y=25.23;yaw=0.33
415.599999905,[debug],turtlebot2,move-base-info,Hooray, the base moved arrived,(x=-37;y=18.93)
415.599999905,[debug],turtlebot2,move-base-info,Hooray, the base moved arrived,(x=-37;y=18.93)
415.599999905,[debug],turtlebot2,task-update,navigation,way-point-reached,25.0%
429.316666603,[debug],turtlebot1,simulation,robot-pose,x=-11.47;y=17.82;yaw=-1.25
429.333333254,[debug],turtlebot1,simulation,robot-pose,x=-11.47;y=17.82;yaw=-1.25
429.516666651,[debug],turtlebot5,simulation,robot-pose,x=-32.93;y=33.98;yaw=-3.06
429.516666651,[debug],turtlebot3,simulation,robot-pose,x=-27.20;y=17.94;yaw=-1.54
429.516666651,[debug],turtlebot5,simulation,robot-pose,x=-32.93;y=33.98;yaw=-3.06
429.516666651,[debug],turtlebot4,simulation,robot-pose,x=-40.39;y=25.23;yaw=0.33
429.516666651,[debug],turtlebot3,simulation,robot-pose,x=-27.20;y=17.94;yaw=-1.54
429.533333302,[debug],turtlebot4,simulation,robot-pose,x=-40.39;y=25.23;yaw=0.33
429.533333302,[debug],turtlebot2,simulation,robot-pose,x=-36.68;y=17.85;yaw=-1.59
429.533333302,[debug],turtlebot2,simulation,robot-pose,x=-36.68;y=17.85;yaw=-1.59
444.316666603,[debug],turtlebot1,simulation,robot-pose,x=-11.47;y=17.82;yaw=-1.25
444.349999905,[debug],turtlebot1,simulation,robot-pose,x=-11.47;y=17.82;yaw=-1.25
444.533333302,[debug],turtlebot3,simulation,robot-pose,x=-27.20;y=17.92;yaw=-1.54
444.533333302,[debug],turtlebot4,simulation,robot-pose,x=-40.39;y=25.23;yaw=0.33
444.533333302,[debug],turtlebot3,simulation,robot-pose,x=-27.20;y=17.92;yaw=-1.54
444.533333302,[debug],turtlebot2,simulation,robot-pose,x=-36.77;y=16.61;yaw=-1.90
444.533333302,[debug],turtlebot4,simulation,robot-pose,x=-40.39;y=25.23;yaw=0.33
444.533333302,[debug],turtlebot2,simulation,robot-pose,x=-36.77;y=16.61;yaw=-1.90
444.533333302,[debug],turtlebot5,simulation,robot-pose,x=-32.93;y=33.98;yaw=-3.06
444.533333302,[debug],turtlebot5,simulation,robot-pose,x=-32.93;y=33.98;yaw=-3.06
451.333333254,[debug],turtlebot2,move-base-info,Hooray, the base moved arrived,(x=-37;y=16)
451.366666555,[debug],turtlebot2,move-base-info,Hooray, the base moved arrived,(x=-37;y=16)
451.466666698,[debug],turtlebot2,task-update,navigation,way-point-reached,50.0%
459.316666603,[debug],turtlebot1,simulation,robot-pose,x=-11.47;y=17.82;yaw=-1.25
459.333333254,[debug],turtlebot1,simulation,robot-pose,x=-11.47;y=17.82;yaw=-1.25
459.516666651,[debug],turtlebot3,simulation,robot-pose,x=-27.20;y=17.91;yaw=-1.54
459.516666651,[debug],turtlebot3,simulation,robot-pose,x=-27.20;y=17.91;yaw=-1.54
459.516666651,[debug],turtlebot2,simulation,robot-pose,x=-36.53;y=16.29;yaw=-0.72
459.516666651,[debug],turtlebot2,simulation,robot-pose,x=-36.53;y=16.29;yaw=-0.72
459.516666651,[debug],turtlebot4,simulation,robot-pose,x=-40.39;y=25.23;yaw=0.33
459.516666651,[debug],turtlebot5,simulation,robot-pose,x=-32.93;y=33.98;yaw=-3.06
459.516666651,[debug],turtlebot4,simulation,robot-pose,x=-40.39;y=25.23;yaw=0.33
459.516666651,[debug],turtlebot5,simulation,robot-pose,x=-32.93;y=33.98;yaw=-3.06
463.883333445,[info],turtlebot2,skill-life-cycle,navigation,(status=RUNNING, parameters=[[-37.0, 18.93, -1.5707963267948966, True], [-37.0, 16.0, 0.0, True], [-26.0, 16.0, -1.5707963267948966, True], [-26.0, 13.0, 1.57, False]])
474.316666603,[debug],turtlebot1,simulation,robot-pose,x=-11.47;y=17.82;yaw=-1.25
474.349999905,[debug],turtlebot1,simulation,robot-pose,x=-11.47;y=17.82;yaw=-1.25
474.516666651,[debug],turtlebot5,simulation,robot-pose,x=-32.93;y=33.98;yaw=-3.06
474.516666651,[debug],turtlebot3,simulation,robot-pose,x=-27.20;y=17.89;yaw=-1.54
474.516666651,[debug],turtlebot5,simulation,robot-pose,x=-32.93;y=33.98;yaw=-3.06
474.516666651,[debug],turtlebot2,simulation,robot-pose,x=-34.88;y=15.69;yaw=0.07
474.516666651,[debug],turtlebot3,simulation,robot-pose,x=-27.20;y=17.89;yaw=-1.54
474.516666651,[debug],turtlebot2,simulation,robot-pose,x=-34.88;y=15.69;yaw=0.07
474.516666651,[debug],turtlebot4,simulation,robot-pose,x=-40.39;y=25.23;yaw=0.33
474.516666651,[debug],turtlebot4,simulation,robot-pose,x=-40.39;y=25.23;yaw=0.33
489.316666603,[debug],turtlebot1,simulation,robot-pose,x=-11.47;y=17.82;yaw=-1.25
489.333333254,[debug],turtlebot1,simulation,robot-pose,x=-11.47;y=17.82;yaw=-1.25
489.516666651,[debug],turtlebot5,simulation,robot-pose,x=-32.93;y=33.98;yaw=-3.06
489.516666651,[debug],turtlebot4,simulation,robot-pose,x=-40.39;y=25.23;yaw=0.33
489.516666651,[debug],turtlebot5,simulation,robot-pose,x=-32.93;y=33.98;yaw=-3.06
489.516666651,[debug],turtlebot4,simulation,robot-pose,x=-40.39;y=25.23;yaw=0.33
489.516666651,[debug],turtlebot2,simulation,robot-pose,x=-32.13;y=15.99;yaw=0.32
489.516666651,[debug],turtlebot3,simulation,robot-pose,x=-27.20;y=17.88;yaw=-1.54
489.516666651,[debug],turtlebot2,simulation,robot-pose,x=-32.13;y=15.99;yaw=0.32
489.516666651,[debug],turtlebot3,simulation,robot-pose,x=-27.20;y=17.88;yaw=-1.54
504.316666603,[debug],turtlebot1,simulation,robot-pose,x=-11.47;y=17.82;yaw=-1.25
504.316666603,[debug],turtlebot1,simulation,robot-pose,x=-11.47;y=17.82;yaw=-1.25
504.516666651,[debug],turtlebot3,simulation,robot-pose,x=-27.19;y=17.86;yaw=-1.54
504.516666651,[debug],turtlebot3,simulation,robot-pose,x=-27.19;y=17.86;yaw=-1.54
504.516666651,[debug],turtlebot2,simulation,robot-pose,x=-29.57;y=16.07;yaw=0.01
504.516666651,[debug],turtlebot2,simulation,robot-pose,x=-29.57;y=16.07;yaw=0.01
504.516666651,[debug],turtlebot4,simulation,robot-pose,x=-40.39;y=25.23;yaw=0.33
504.516666651,[debug],turtlebot5,simulation,robot-pose,x=-32.93;y=33.98;yaw=-3.06
504.516666651,[debug],turtlebot4,simulation,robot-pose,x=-40.39;y=25.23;yaw=0.33
504.516666651,[debug],turtlebot5,simulation,robot-pose,x=-32.93;y=33.98;yaw=-3.06
513.683333397,[info],turtlebot2,skill-life-cycle,navigation,(status=RUNNING, parameters=[[-37.0, 18.93, -1.5707963267948966, True], [-37.0, 16.0, 0.0, True], [-26.0, 16.0, -1.5707963267948966, True], [-26.0, 13.0, 1.57, False]])
519.316666603,[debug],turtlebot1,simulation,robot-pose,x=-11.47;y=17.82;yaw=-1.25
519.349999905,[debug],turtlebot1,simulation,robot-pose,x=-11.47;y=17.82;yaw=-1.25
519.516666651,[debug],turtlebot2,simulation,robot-pose,x=-27.07;y=16.07;yaw=-0.01
519.533333302,[debug],turtlebot2,simulation,robot-pose,x=-27.07;y=16.07;yaw=-0.01
519.533333302,[debug],turtlebot3,simulation,robot-pose,x=-27.19;y=17.85;yaw=-1.54
519.533333302,[debug],turtlebot4,simulation,robot-pose,x=-40.39;y=25.23;yaw=0.33
519.533333302,[debug],turtlebot3,simulation,robot-pose,x=-27.19;y=17.85;yaw=-1.54
519.533333302,[debug],turtlebot4,simulation,robot-pose,x=-40.39;y=25.23;yaw=0.33
519.533333302,[debug],turtlebot5,simulation,robot-pose,x=-32.93;y=33.98;yaw=-3.05
519.533333302,[debug],turtlebot5,simulation,robot-pose,x=-32.93;y=33.98;yaw=-3.05
528.116666555,[debug],turtlebot2,move-base-info,Hooray, the base moved arrived,(x=-26;y=16)
528.116666555,[debug],turtlebot2,move-base-info,Hooray, the base moved arrived,(x=-26;y=16)
528.200000048,[debug],turtlebot2,task-update,navigation,way-point-reached,75.0%
534.316666603,[debug],turtlebot1,simulation,robot-pose,x=-11.47;y=17.82;yaw=-1.25
534.316666603,[debug],turtlebot1,simulation,robot-pose,x=-11.47;y=17.82;yaw=-1.25
534.533333302,[debug],turtlebot4,simulation,robot-pose,x=-40.39;y=25.23;yaw=0.33
534.533333302,[debug],turtlebot4,simulation,robot-pose,x=-40.39;y=25.23;yaw=0.33
534.533333302,[debug],turtlebot3,simulation,robot-pose,x=-27.19;y=17.83;yaw=-1.54
534.533333302,[debug],turtlebot3,simulation,robot-pose,x=-27.19;y=17.83;yaw=-1.54
534.533333302,[debug],turtlebot5,simulation,robot-pose,x=-32.93;y=33.98;yaw=-3.05
534.533333302,[debug],turtlebot5,simulation,robot-pose,x=-32.93;y=33.98;yaw=-3.05
534.533333302,[debug],turtlebot2,simulation,robot-pose,x=-26.39;y=16.13;yaw=-1.28
534.533333302,[debug],turtlebot2,simulation,robot-pose,x=-26.39;y=16.13;yaw=-1.28
549.316666603,[debug],turtlebot1,simulation,robot-pose,x=-11.47;y=17.82;yaw=-1.25
549.349999905,[debug],turtlebot1,simulation,robot-pose,x=-11.47;y=17.82;yaw=-1.25
549.516666651,[debug],turtlebot2,simulation,robot-pose,x=-25.89;y=14.93;yaw=-1.40
549.516666651,[debug],turtlebot3,simulation,robot-pose,x=-27.19;y=17.82;yaw=-1.54
549.516666651,[debug],turtlebot2,simulation,robot-pose,x=-25.89;y=14.93;yaw=-1.40
549.516666651,[debug],turtlebot5,simulation,robot-pose,x=-32.93;y=33.98;yaw=-3.06
549.516666651,[debug],turtlebot3,simulation,robot-pose,x=-27.19;y=17.82;yaw=-1.54
549.516666651,[debug],turtlebot4,simulation,robot-pose,x=-40.39;y=25.23;yaw=0.33
549.516666651,[debug],turtlebot5,simulation,robot-pose,x=-32.93;y=33.98;yaw=-3.06
549.516666651,[debug],turtlebot4,simulation,robot-pose,x=-40.39;y=25.23;yaw=0.33
564.316666603,[debug],turtlebot1,simulation,robot-pose,x=-11.48;y=17.82;yaw=-1.25
564.349999905,[debug],turtlebot1,simulation,robot-pose,x=-11.48;y=17.82;yaw=-1.25
564.516666651,[debug],turtlebot5,simulation,robot-pose,x=-32.93;y=33.98;yaw=-3.06
564.533333302,[debug],turtlebot5,simulation,robot-pose,x=-32.93;y=33.98;yaw=-3.06
564.533333302,[debug],turtlebot3,simulation,robot-pose,x=-27.19;y=17.80;yaw=-1.54
564.533333302,[debug],turtlebot3,simulation,robot-pose,x=-27.19;y=17.80;yaw=-1.54
564.533333302,[debug],turtlebot4,simulation,robot-pose,x=-40.39;y=25.23;yaw=0.33
564.533333302,[debug],turtlebot2,simulation,robot-pose,x=-25.82;y=13.68;yaw=-1.69
564.533333302,[debug],turtlebot4,simulation,robot-pose,x=-40.39;y=25.23;yaw=0.33
564.533333302,[debug],turtlebot2,simulation,robot-pose,x=-25.82;y=13.68;yaw=-1.69
564.533333302,[info],turtlebot2,skill-life-cycle,navigation,(status=RUNNING, parameters=[[-37.0, 18.93, -1.5707963267948966, True], [-37.0, 16.0, 0.0, True], [-26.0, 16.0, -1.5707963267948966, True], [-26.0, 13.0, 1.57, False]])
574.25,[debug],turtlebot2,move-base-info,Hooray, the base moved arrived,(x=-26;y=13)
574.366666555,[debug],turtlebot2,move-base-info,Hooray, the base moved arrived,(x=-26;y=13)
574.666666746,[debug],turtlebot2,task-update,navigation,way-point-reached,100.0%
574.75,[debug],turtlebot2,available-skills,['send_message', 'wait_message', 'approach_person', 'approach_robot', 'authenticate_person', 'deposit', 'navigation', 'operate_drawer', 'pick_up'],
574.75,[info],turtlebot2,skill-life-cycle,approach_robot,(status=STARTED, parameters=['lab_arm'])
574.799999952,[debug],turtlebot2,task-update,approach_robot,localize-robot,(who=lab_arm)
574.900000095,[debug],turtlebot2,task-update,approach_robot,goto-robot,(who=lab_arm)
574.983333349,[debug],turtlebot2,available-skills,['send_message', 'wait_message', 'approach_person', 'approach_robot', 'authenticate_person', 'deposit', 'navigation', 'operate_drawer', 'pick_up'],
574.983333349,[info],turtlebot2,skill-life-cycle,operate_drawer,(status=STARTED, parameters=['open'])
575.033333302,[debug],turtlebot2,task-update,operate_drawer,open
576.0,[debug],turtlebot2,available-skills,['send_message', 'wait_message', 'approach_person', 'approach_robot', 'authenticate_person', 'deposit', 'navigation', 'operate_drawer', 'pick_up'],
576.0,[info],turtlebot2,skill-life-cycle,send_message,(status=STARTED, parameters=['lab_arm'])
576.083333254,[info],turtlebot2,sync,send-message,(to=lab_arm)
577.0,[info],lab_arm,sync,wait-message,(status=message-received)
577.0,[info],lab_arm,sync,wait-message,(status=message-received)
577.0,[info],Inventory,sync,wait-sample,(status=sample-received)
577.0,[info],Inventory,sync,wait-sample,(status=sample-received)
577.0,ENDSIM
577.0,ENDSIM
579.316666603,[debug],turtlebot1,simulation,robot-pose,x=-11.48;y=17.82;yaw=-1.25
579.333333254,[debug],turtlebot1,simulation,robot-pose,x=-11.48;y=17.82;yaw=-1.25
579.516666651,[debug],turtlebot3,simulation,robot-pose,x=-27.18;y=17.79;yaw=-1.54
579.516666651,[debug],turtlebot3,simulation,robot-pose,x=-27.18;y=17.79;yaw=-1.54
579.516666651,[debug],turtlebot4,simulation,robot-pose,x=-40.39;y=25.23;yaw=0.33
579.516666651,[debug],turtlebot4,simulation,robot-pose,x=-40.39;y=25.23;yaw=0.33
579.516666651,[debug],turtlebot2,simulation,robot-pose,x=-25.89;y=13.41;yaw=1.62
579.516666651,[debug],turtlebot2,simulation,robot-pose,x=-25.89;y=13.41;yaw=1.62
579.516666651,[debug],turtlebot5,simulation,robot-pose,x=-32.94;y=33.98;yaw=-3.06
579.516666651,[debug],turtlebot5,simulation,robot-pose,x=-32.94;y=33.98;yaw=-3.06
586.983333349,[info],Inventory,sync,wait-sample,(status=sample-received)
586.983333349,[info],Inventory,sync,wait-sample,(status=sample-received)
586.983333349,ENDSIM
586.983333349,ENDSIM
586.983333349,[info],lab_arm,sync,wait-message,(status=message-received)
586.983333349,[info],lab_arm,sync,wait-message,(status=message-received)
586.983333349,[info],Inventory,sync,wait-sample,(status=sample-received)
586.983333349,[info],Inventory,sync,wait-sample,(status=sample-received)
586.983333349,ENDSIM
586.983333349,ENDSIM
0.0,[debug],simulation closed,reach-target,execution-wall-clock=714.7830150127411
