0.0,0.0,[debug],logger,init,time
ROBOTS_CONFIG=[{"avg_speed": 0.15, "battery_charge": 0.34, "battery_discharge_rate": 0.0001, "id": 0, "local_plan": null, "location": "PC Room 8", "position": [-11.5, 18.0, -1.57], "skills": ["approach_person", "approach_robot", "authenticate_person", "deposit", "navigation", "operate_drawer", "pick_up"]}, {"avg_speed": 0.15, "battery_charge": 0.26, "battery_discharge_rate": 0.00014000000000000001, "id": 1, "local_plan": null, "location": "PC Room 3", "position": [-28.5, 18.0, -1.57], "skills": ["approach_person", "approach_robot", "authenticate_person", "deposit", "navigation", "operate_drawer", "pick_up"]}, {"avg_speed": 0.15, "battery_charge": 0.45, "battery_discharge_rate": 0.00011, "id": 2, "local_plan": null, "location": "PC Room 4", "position": [-27.23, 18.0, -1.57], "skills": ["approach_person", "approach_robot", "authenticate_person", "deposit", "navigation", "pick_up"]}, {"avg_speed": 0.15, "battery_charge": 0.43, "battery_discharge_rate": 0.00017, "id": 3, "local_plan": [["navigation", ["IC Room 6", [[-40.23, 25.37, 0.0], [-37.0, 25.37], [-37.0, 18.93], [-33.9, 18.93, 3.14]]]], ["approach_person", ["nurse"]], ["authenticate_person", ["nurse"]], ["operate_drawer", ["open"]], ["send_message", ["nurse"]], ["wait_message", ["r1"]], ["operate_drawer", ["close"]], ["navigation", ["Laboratory", [[-33.9, 18.93, 3.14], [-37.0, 18.93], [-37.0, 16.0], [-26.0, 16.0], [-26.0, 13.0, 1.57]]]], ["approach_robot", ["lab_arm"]], ["operate_drawer", ["open"]], ["send_message", ["lab_arm"]], ["wait_message", ["r1"]], ["operate_drawer", ["close"]]], "location": "IC Room 3", "position": [-40.23, 25.37, 0.0], "skills": ["approach_person", "approach_robot", "authenticate_person", "deposit", "navigation", "pick_up"]}, {"avg_speed": 0.15, "battery_charge": 0.16, "battery_discharge_rate": 0.00018, "id": 4, "local_plan": null, "location": "IC Room 5", "position": [-32.88, 33.98, 3.14], "skills": ["approach_person", "approach_robot", "authenticate_person", "deposit", "navigation", "pick_up"]}]
NURSES_CONFIG=[{"location": "IC Room 6", "position": [-32.9, 19.93, 3.14]}]
logger,1626555599398703575,Simulation open
0.0,[debug],logger,init,subcribing to in the topic /log
1.41666674614,[debug],turtlebot5,move-base-info,Move_base is up and ok....,
1.78333330154,[debug],turtlebot3,move-base-info,Move_base is up and ok....,
1.78333330154,[debug],turtlebot1,move-base-info,Move_base is up and ok....,
2.0,[debug],turtlebot4,move-base-info,Move_base is up and ok....,
2.04999995232,[debug],turtlebot2,move-base-info,Move_base is up and ok....,
7.66666674614,[info],turtlebot3,skill-life-cycle,init_robobt,(status=RUNNING, parameters=[])
8.48333334923,[info],turtlebot1,skill-life-cycle,init_robobt,(status=RUNNING, parameters=[])
10.4833333492,[debug],turtlebot4,available-skills,['send_message', 'wait_message', 'approach_person', 'approach_robot', 'authenticate_person', 'deposit', 'navigation', 'pick_up'],
10.4833333492,[info],turtlebot4,skill-life-cycle,navigation,(status=STARTED, parameters=[[-37.0, 25.37, -1.5707963267948966, True], [-37.0, 18.93, 0.0, True], [-33.9, 18.93, 3.14, False]])
23.2833333015,[debug],turtlebot1,simulation,robot-pose,x=-11.46;y=17.82;yaw=-1.25
23.4333333969,[debug],turtlebot1,simulation,robot-pose,x=-11.46;y=17.82;yaw=-1.25
23.6833333969,[debug],turtlebot2,simulation,robot-pose,x=-28.68;y=17.88;yaw=-0.79
23.6833333969,[debug],turtlebot2,simulation,robot-pose,x=-28.68;y=17.88;yaw=-0.79
23.7333333492,[debug],turtlebot3,simulation,robot-pose,x=-27.23;y=18.02;yaw=-1.59
23.7333333492,[debug],turtlebot3,simulation,robot-pose,x=-27.23;y=18.02;yaw=-1.59
23.7833333015,[debug],turtlebot4,simulation,robot-pose,x=-39.91;y=24.68;yaw=-1.01
23.7833333015,[debug],turtlebot4,simulation,robot-pose,x=-39.91;y=24.68;yaw=-1.01
23.8166666031,[debug],turtlebot5,simulation,robot-pose,x=-32.89;y=33.97;yaw=-3.10
23.8166666031,[debug],turtlebot5,simulation,robot-pose,x=-32.89;y=33.97;yaw=-3.10
38.2833333015,[debug],turtlebot1,simulation,robot-pose,x=-11.46;y=17.82;yaw=-1.25
38.4166667461,[debug],turtlebot1,simulation,robot-pose,x=-11.46;y=17.82;yaw=-1.25
38.6833333969,[debug],turtlebot2,simulation,robot-pose,x=-28.68;y=17.88;yaw=-0.80
38.6833333969,[debug],turtlebot2,simulation,robot-pose,x=-28.68;y=17.88;yaw=-0.80
38.7333333492,[debug],turtlebot3,simulation,robot-pose,x=-27.22;y=18.03;yaw=-1.59
38.7333333492,[debug],turtlebot3,simulation,robot-pose,x=-27.22;y=18.03;yaw=-1.59
38.7833333015,[debug],turtlebot4,simulation,robot-pose,x=-38.92;y=23.55;yaw=-0.73
38.7833333015,[debug],turtlebot4,simulation,robot-pose,x=-38.92;y=23.55;yaw=-0.73
38.8166666031,[debug],turtlebot5,simulation,robot-pose,x=-32.89;y=33.97;yaw=-3.10
38.8166666031,[debug],turtlebot5,simulation,robot-pose,x=-32.89;y=33.97;yaw=-3.10
53.2833333015,[debug],turtlebot1,simulation,robot-pose,x=-11.46;y=17.82;yaw=-1.25
53.4000000954,[debug],turtlebot1,simulation,robot-pose,x=-11.46;y=17.82;yaw=-1.25
53.6833333969,[debug],turtlebot2,simulation,robot-pose,x=-28.69;y=17.88;yaw=-0.80
53.6833333969,[debug],turtlebot2,simulation,robot-pose,x=-28.69;y=17.88;yaw=-0.80
53.7333333492,[debug],turtlebot3,simulation,robot-pose,x=-27.22;y=18.03;yaw=-1.58
53.7333333492,[debug],turtlebot3,simulation,robot-pose,x=-27.22;y=18.03;yaw=-1.58
53.7833333015,[debug],turtlebot4,simulation,robot-pose,x=-37.74;y=23.14;yaw=0.48
53.7833333015,[debug],turtlebot4,simulation,robot-pose,x=-37.74;y=23.14;yaw=0.48
53.8166666031,[debug],turtlebot5,simulation,robot-pose,x=-32.89;y=33.97;yaw=-3.10
53.8166666031,[debug],turtlebot5,simulation,robot-pose,x=-32.89;y=33.97;yaw=-3.10
56.1833333969,[info],turtlebot4,skill-life-cycle,navigation,(status=RUNNING, parameters=[[-37.0, 25.37, -1.5707963267948966, True], [-37.0, 18.93, 0.0, True], [-33.9, 18.93, 3.14, False]])
68.2833333015,[debug],turtlebot1,simulation,robot-pose,x=-11.46;y=17.82;yaw=-1.25
68.4666666985,[debug],turtlebot1,simulation,robot-pose,x=-11.46;y=17.82;yaw=-1.25
68.6833333969,[debug],turtlebot2,simulation,robot-pose,x=-28.69;y=17.88;yaw=-0.79
68.6833333969,[debug],turtlebot2,simulation,robot-pose,x=-28.69;y=17.88;yaw=-0.79
68.7333333492,[debug],turtlebot3,simulation,robot-pose,x=-27.22;y=18.03;yaw=-1.58
68.7333333492,[debug],turtlebot3,simulation,robot-pose,x=-27.22;y=18.03;yaw=-1.58
68.7833333015,[debug],turtlebot4,simulation,robot-pose,x=-37.00;y=24.52;yaw=1.94
68.7833333015,[debug],turtlebot4,simulation,robot-pose,x=-37.00;y=24.52;yaw=1.94
68.8166666031,[debug],turtlebot5,simulation,robot-pose,x=-32.89;y=33.97;yaw=-3.10
68.8166666031,[debug],turtlebot5,simulation,robot-pose,x=-32.89;y=33.97;yaw=-3.10
78.6166665554,[debug],turtlebot4,move-base-info,Hooray, the base moved arrived,(x=-37;y=25.37)
78.6166665554,[debug],turtlebot4,move-base-info,Hooray, the base moved arrived,(x=-37;y=25.37)
78.6666667461,[debug],turtlebot4,task-update,navigation,way-point-reached,33.33333333333333%
83.2833333015,[debug],turtlebot1,simulation,robot-pose,x=-11.46;y=17.82;yaw=-1.25
83.4166667461,[debug],turtlebot1,simulation,robot-pose,x=-11.46;y=17.82;yaw=-1.25
83.6833333969,[debug],turtlebot2,simulation,robot-pose,x=-28.69;y=17.87;yaw=-0.78
83.6833333969,[debug],turtlebot2,simulation,robot-pose,x=-28.69;y=17.87;yaw=-0.78
83.7333333492,[debug],turtlebot3,simulation,robot-pose,x=-27.22;y=18.03;yaw=-1.58
83.7333333492,[debug],turtlebot3,simulation,robot-pose,x=-27.22;y=18.03;yaw=-1.58
83.7833333015,[debug],turtlebot4,simulation,robot-pose,x=-37.17;y=24.93;yaw=-1.55
83.7833333015,[debug],turtlebot4,simulation,robot-pose,x=-37.17;y=24.93;yaw=-1.55
83.8166666031,[debug],turtlebot5,simulation,robot-pose,x=-32.90;y=33.97;yaw=-3.10
83.8166666031,[debug],turtlebot5,simulation,robot-pose,x=-32.90;y=33.97;yaw=-3.10
98.2833333015,[debug],turtlebot1,simulation,robot-pose,x=-11.46;y=17.82;yaw=-1.25
98.4500000477,[debug],turtlebot1,simulation,robot-pose,x=-11.46;y=17.82;yaw=-1.25
98.6833333969,[debug],turtlebot2,simulation,robot-pose,x=-28.69;y=17.87;yaw=-0.79
98.6833333969,[debug],turtlebot2,simulation,robot-pose,x=-28.69;y=17.87;yaw=-0.79
98.7333333492,[debug],turtlebot3,simulation,robot-pose,x=-27.22;y=18.03;yaw=-1.58
98.7333333492,[debug],turtlebot3,simulation,robot-pose,x=-27.22;y=18.03;yaw=-1.58
98.7833333015,[debug],turtlebot4,simulation,robot-pose,x=-37.21;y=22.44;yaw=-1.68
98.7833333015,[debug],turtlebot4,simulation,robot-pose,x=-37.21;y=22.44;yaw=-1.68
98.8166666031,[debug],turtlebot5,simulation,robot-pose,x=-32.90;y=33.97;yaw=-3.10
98.8166666031,[debug],turtlebot5,simulation,robot-pose,x=-32.90;y=33.97;yaw=-3.10
107.450000048,[info],turtlebot4,skill-life-cycle,navigation,(status=RUNNING, parameters=[[-37.0, 25.37, -1.5707963267948966, True], [-37.0, 18.93, 0.0, True], [-33.9, 18.93, 3.14, False]])
113.283333302,[debug],turtlebot1,simulation,robot-pose,x=-11.46;y=17.82;yaw=-1.25
113.433333397,[debug],turtlebot1,simulation,robot-pose,x=-11.46;y=17.82;yaw=-1.25
113.683333397,[debug],turtlebot2,simulation,robot-pose,x=-28.69;y=17.88;yaw=-0.79
113.683333397,[debug],turtlebot2,simulation,robot-pose,x=-28.69;y=17.88;yaw=-0.79
113.733333349,[debug],turtlebot3,simulation,robot-pose,x=-27.22;y=18.03;yaw=-1.58
113.733333349,[debug],turtlebot3,simulation,robot-pose,x=-27.22;y=18.03;yaw=-1.58
113.783333302,[debug],turtlebot4,simulation,robot-pose,x=-37.08;y=20.09;yaw=-1.73
113.783333302,[debug],turtlebot4,simulation,robot-pose,x=-37.08;y=20.09;yaw=-1.73
113.816666603,[debug],turtlebot5,simulation,robot-pose,x=-32.90;y=33.97;yaw=-3.09
113.816666603,[debug],turtlebot5,simulation,robot-pose,x=-32.90;y=33.97;yaw=-3.09
124.166666746,[debug],turtlebot4,move-base-info,Hooray, the base moved arrived,(x=-37;y=18.93)
124.166666746,[debug],turtlebot4,move-base-info,Hooray, the base moved arrived,(x=-37;y=18.93)
124.299999952,[debug],turtlebot4,task-update,navigation,way-point-reached,66.66666666666666%
128.283333302,[debug],turtlebot1,simulation,robot-pose,x=-11.46;y=17.82;yaw=-1.25
128.416666746,[debug],turtlebot1,simulation,robot-pose,x=-11.46;y=17.82;yaw=-1.25
128.683333397,[debug],turtlebot2,simulation,robot-pose,x=-28.69;y=17.88;yaw=-0.79
128.683333397,[debug],turtlebot2,simulation,robot-pose,x=-28.69;y=17.88;yaw=-0.79
128.733333349,[debug],turtlebot3,simulation,robot-pose,x=-27.22;y=18.03;yaw=-1.58
128.733333349,[debug],turtlebot3,simulation,robot-pose,x=-27.22;y=18.03;yaw=-1.58
128.783333302,[debug],turtlebot4,simulation,robot-pose,x=-37.32;y=19.27;yaw=-0.05
128.783333302,[debug],turtlebot4,simulation,robot-pose,x=-37.32;y=19.27;yaw=-0.05
128.816666603,[debug],turtlebot5,simulation,robot-pose,x=-32.90;y=33.97;yaw=-3.09
128.816666603,[debug],turtlebot5,simulation,robot-pose,x=-32.90;y=33.97;yaw=-3.09
143.283333302,[debug],turtlebot1,simulation,robot-pose,x=-11.46;y=17.82;yaw=-1.25
143.416666746,[debug],turtlebot1,simulation,robot-pose,x=-11.46;y=17.82;yaw=-1.25
143.683333397,[debug],turtlebot2,simulation,robot-pose,x=-28.69;y=17.88;yaw=-0.80
143.683333397,[debug],turtlebot2,simulation,robot-pose,x=-28.69;y=17.88;yaw=-0.80
143.733333349,[debug],turtlebot3,simulation,robot-pose,x=-27.22;y=18.03;yaw=-1.58
143.733333349,[debug],turtlebot3,simulation,robot-pose,x=-27.22;y=18.03;yaw=-1.58
143.783333302,[debug],turtlebot4,simulation,robot-pose,x=-36.37;y=18.18;yaw=-0.74
143.783333302,[debug],turtlebot4,simulation,robot-pose,x=-36.37;y=18.18;yaw=-0.74
143.833333254,[debug],turtlebot5,simulation,robot-pose,x=-32.90;y=33.97;yaw=-3.09
143.833333254,[debug],turtlebot5,simulation,robot-pose,x=-32.90;y=33.97;yaw=-3.09
158.183333397,[info],turtlebot4,skill-life-cycle,navigation,(status=RUNNING, parameters=[[-37.0, 25.37, -1.5707963267948966, True], [-37.0, 18.93, 0.0, True], [-33.9, 18.93, 3.14, False]])
158.283333302,[debug],turtlebot1,simulation,robot-pose,x=-11.46;y=17.82;yaw=-1.25
158.450000048,[debug],turtlebot1,simulation,robot-pose,x=-11.46;y=17.82;yaw=-1.25
158.683333397,[debug],turtlebot2,simulation,robot-pose,x=-28.69;y=17.88;yaw=-0.80
158.683333397,[debug],turtlebot2,simulation,robot-pose,x=-28.69;y=17.88;yaw=-0.80
158.733333349,[debug],turtlebot3,simulation,robot-pose,x=-27.22;y=18.03;yaw=-1.57
158.733333349,[debug],turtlebot3,simulation,robot-pose,x=-27.22;y=18.03;yaw=-1.57
158.783333302,[debug],turtlebot4,simulation,robot-pose,x=-35.58;y=17.76;yaw=-0.08
158.783333302,[debug],turtlebot4,simulation,robot-pose,x=-35.58;y=17.76;yaw=-0.08
158.816666603,[debug],turtlebot5,simulation,robot-pose,x=-32.90;y=33.97;yaw=-3.09
158.816666603,[debug],turtlebot5,simulation,robot-pose,x=-32.90;y=33.97;yaw=-3.09
173.283333302,[debug],turtlebot1,simulation,robot-pose,x=-11.46;y=17.82;yaw=-1.25
173.433333397,[debug],turtlebot1,simulation,robot-pose,x=-11.46;y=17.82;yaw=-1.25
173.683333397,[debug],turtlebot2,simulation,robot-pose,x=-28.69;y=17.88;yaw=-0.80
173.683333397,[debug],turtlebot2,simulation,robot-pose,x=-28.69;y=17.88;yaw=-0.80
173.733333349,[debug],turtlebot3,simulation,robot-pose,x=-27.22;y=18.03;yaw=-1.57
173.733333349,[debug],turtlebot3,simulation,robot-pose,x=-27.22;y=18.03;yaw=-1.57
173.783333302,[debug],turtlebot4,simulation,robot-pose,x=-34.80;y=18.09;yaw=0.67
173.783333302,[debug],turtlebot4,simulation,robot-pose,x=-34.80;y=18.09;yaw=0.67
173.816666603,[debug],turtlebot5,simulation,robot-pose,x=-32.90;y=33.97;yaw=-3.09
173.816666603,[debug],turtlebot5,simulation,robot-pose,x=-32.90;y=33.97;yaw=-3.09
187.033333302,[debug],turtlebot4,move-base-info,Hooray, the base moved arrived,(x=-33.9;y=18.93)
187.033333302,[debug],turtlebot4,move-base-info,Hooray, the base moved arrived,(x=-33.9;y=18.93)
187.216666698,[debug],turtlebot4,task-update,navigation,way-point-reached,100.0%
187.299999952,[debug],turtlebot4,available-skills,['send_message', 'wait_message', 'approach_person', 'approach_robot', 'authenticate_person', 'deposit', 'navigation', 'pick_up'],
187.299999952,[info],turtlebot4,skill-life-cycle,approach_person,(status=STARTED, parameters=['nurse'])
187.383333445,[debug],turtlebot4,task-update,approach_person,localize-person,(who=nurse)
187.900000095,[debug],turtlebot4,task-update,approach_person,goto-person,(who=nurse)
188.0,[debug],turtlebot4,available-skills,['send_message', 'wait_message', 'approach_person', 'approach_robot', 'authenticate_person', 'deposit', 'navigation', 'pick_up'],
188.0,[info],turtlebot4,skill-life-cycle,authenticate_person,(status=STARTED, parameters=['nurse'])
188.083333254,[debug],turtlebot4,task-update,authenticate_person,request-authentication,(to=nurse)
188.083333254,[info],nurse,sync,received-request,(status=sending-request)
188.083333254,[info],nurse,sync,received-request,(status=sending-request)
188.283333302,[debug],turtlebot1,simulation,robot-pose,x=-11.46;y=17.82;yaw=-1.25
188.349999905,[debug],turtlebot4,task-update,authenticate_person,received-authentication,(from=nurse)
188.416666746,[debug],turtlebot4,available-skills,['send_message', 'wait_message', 'approach_person', 'approach_robot', 'authenticate_person', 'deposit', 'navigation', 'pick_up'],
188.416666746,[info],turtlebot4,skill-life-cycle,fail,(status=STARTED, parameters=['operate_drawer', 'open'])
188.466666698,[debug],turtlebot1,simulation,robot-pose,x=-11.46;y=17.82;yaw=-1.25
188.683333397,[debug],turtlebot2,simulation,robot-pose,x=-28.68;y=17.88;yaw=-0.80
188.683333397,[debug],turtlebot2,simulation,robot-pose,x=-28.68;y=17.88;yaw=-0.80
188.733333349,[debug],turtlebot3,simulation,robot-pose,x=-27.22;y=18.03;yaw=-1.57
188.733333349,[debug],turtlebot3,simulation,robot-pose,x=-27.22;y=18.03;yaw=-1.57
188.783333302,[debug],turtlebot4,simulation,robot-pose,x=-34.23;y=18.67;yaw=3.10
188.783333302,[debug],turtlebot4,simulation,robot-pose,x=-34.23;y=18.67;yaw=3.10
188.816666603,[debug],turtlebot5,simulation,robot-pose,x=-32.90;y=33.97;yaw=-3.09
188.816666603,[debug],turtlebot5,simulation,robot-pose,x=-32.90;y=33.97;yaw=-3.09
190.366666555,[info],turtlebot4,skill-life-cycle,fail,(status=Status.FAILURE, parameters=['operate_drawer', 'open'])
190.366666555,FAILURE
190.433333397,[info],turtlebot4,skill-life-cycle,fail,(status=Status.FAILURE, parameters=['operate_drawer', 'open'])
190.450000048,FAILURE
190.533333302,[info],turtlebot4,skill-life-cycle,fail,(status=Status.FAILURE, parameters=['operate_drawer', 'open'])
190.549999952,FAILURE
190.633333445,[info],turtlebot4,skill-life-cycle,fail,(status=Status.FAILURE, parameters=['operate_drawer', 'open'])
190.633333445,FAILURE
190.716666698,[info],turtlebot4,skill-life-cycle,fail,(status=Status.FAILURE, parameters=['operate_drawer', 'open'])
190.716666698,FAILURE
190.799999952,[info],turtlebot4,skill-life-cycle,fail,(status=Status.FAILURE, parameters=['operate_drawer', 'open'])
190.799999952,FAILURE
190.883333445,[info],turtlebot4,skill-life-cycle,fail,(status=Status.FAILURE, parameters=['operate_drawer', 'open'])
190.883333445,FAILURE
190.966666698,[info],turtlebot4,skill-life-cycle,fail,(status=Status.FAILURE, parameters=['operate_drawer', 'open'])
190.966666698,FAILURE
191.049999952,[info],turtlebot4,skill-life-cycle,fail,(status=Status.FAILURE, parameters=['operate_drawer', 'open'])
191.049999952,FAILURE
191.150000095,[info],turtlebot4,skill-life-cycle,fail,(status=Status.FAILURE, parameters=['operate_drawer', 'open'])
191.150000095,FAILURE
191.216666698,[info],turtlebot4,skill-life-cycle,fail,(status=Status.FAILURE, parameters=['operate_drawer', 'open'])
191.216666698,FAILURE
191.283333302,[info],turtlebot4,skill-life-cycle,fail,(status=Status.FAILURE, parameters=['operate_drawer', 'open'])
191.283333302,FAILURE
191.366666555,[info],turtlebot4,skill-life-cycle,fail,(status=Status.FAILURE, parameters=['operate_drawer', 'open'])
191.366666555,FAILURE
191.416666746,[info],turtlebot4,skill-life-cycle,fail,(status=Status.FAILURE, parameters=['operate_drawer', 'open'])
191.416666746,FAILURE
191.5,[info],turtlebot4,skill-life-cycle,fail,(status=Status.FAILURE, parameters=['operate_drawer', 'open'])
191.516666651,FAILURE
191.599999905,[info],turtlebot4,skill-life-cycle,fail,(status=Status.FAILURE, parameters=['operate_drawer', 'open'])
191.599999905,FAILURE
191.683333397,[info],turtlebot4,skill-life-cycle,fail,(status=Status.FAILURE, parameters=['operate_drawer', 'open'])
191.683333397,FAILURE
0.0,[debug],simulation closed,failure-bt,execution-wall-clock=246.25226759910583
