1.48333334923,[debug],turtlebot2,move-base-info,Move_base is up and ok....,
1.79999995232,[debug],turtlebot5,move-base-info,Move_base is up and ok....,
1.81666660309,[debug],turtlebot4,move-base-info,Move_base is up and ok....,
1.84999990463,[debug],turtlebot1,move-base-info,Move_base is up and ok....,
1.86666679382,[debug],turtlebot3,move-base-info,Move_base is up and ok....,
9.08333325386,[info],turtlebot2,skill-life-cycle,init_robobt,(status=RUNNING, parameters=[])
9.5,[info],turtlebot5,skill-life-cycle,init_robobt,(status=RUNNING, parameters=[])
9.56666660309,[info],turtlebot3,skill-life-cycle,init_robobt,(status=RUNNING, parameters=[])
14.2000000477,[debug],turtlebot5,available-skills,['send_message', 'wait_message', 'approach_person', 'approach_robot', 'authenticate_person', 'deposit', 'navigation', 'operate_drawer', 'pick_up'],
14.2000000477,[info],turtlebot5,skill-life-cycle,navigation,(status=STARTED, parameters=[[-37.0, 21.5, -1.5707963267948966, True], [-37.0, 16.0, 0.0, True], [-28.5, 16.0, 1.5707963267948966, True], [-28.5, 18.0, -1.57, False]])
23.3499999046,[debug],turtlebot1,simulation,robot-pose,x=-33.83;y=18.78;yaw=2.80
23.4333333969,[debug],turtlebot1,simulation,robot-pose,x=-33.83;y=18.78;yaw=2.80
23.5,[debug],turtlebot2,simulation,robot-pose,x=-27.23;y=18.02;yaw=-1.59
23.5,[debug],turtlebot2,simulation,robot-pose,x=-27.23;y=18.02;yaw=-1.59
23.5166666508,[debug],turtlebot4,simulation,robot-pose,x=-20.99;y=18.00;yaw=-1.54
23.5166666508,[debug],turtlebot4,simulation,robot-pose,x=-20.99;y=18.00;yaw=-1.54
23.5166666508,[debug],turtlebot3,simulation,robot-pose,x=-40.39;y=25.23;yaw=0.34
23.5166666508,[debug],turtlebot3,simulation,robot-pose,x=-40.39;y=25.23;yaw=0.34
23.5666666031,[debug],turtlebot5,simulation,robot-pose,x=-37.61;y=21.52;yaw=0.05
23.5666666031,[debug],turtlebot5,simulation,robot-pose,x=-37.61;y=21.52;yaw=0.05
29.4000000954,[debug],turtlebot5,move-base-info,Hooray, the base moved arrived,(x=-37;y=21.5)
29.4166667461,[debug],turtlebot5,move-base-info,Hooray, the base moved arrived,(x=-37;y=21.5)
29.5,[debug],turtlebot5,task-update,navigation,way-point-reached,25.0%
38.3333332539,[debug],turtlebot1,simulation,robot-pose,x=-33.84;y=18.78;yaw=2.82
38.4166667461,[debug],turtlebot1,simulation,robot-pose,x=-33.84;y=18.78;yaw=2.82
38.5,[debug],turtlebot2,simulation,robot-pose,x=-27.22;y=18.03;yaw=-1.59
38.5,[debug],turtlebot2,simulation,robot-pose,x=-27.22;y=18.03;yaw=-1.59
38.5166666508,[debug],turtlebot4,simulation,robot-pose,x=-20.99;y=18.00;yaw=-1.54
38.5166666508,[debug],turtlebot3,simulation,robot-pose,x=-40.39;y=25.23;yaw=0.33
38.5166666508,[debug],turtlebot4,simulation,robot-pose,x=-20.99;y=18.00;yaw=-1.54
38.5166666508,[debug],turtlebot3,simulation,robot-pose,x=-40.39;y=25.23;yaw=0.33
38.5666666031,[debug],turtlebot5,simulation,robot-pose,x=-37.27;y=21.10;yaw=-0.94
38.5666666031,[debug],turtlebot5,simulation,robot-pose,x=-37.27;y=21.10;yaw=-0.94
53.3333332539,[debug],turtlebot1,simulation,robot-pose,x=-33.85;y=18.78;yaw=2.84
53.4500000477,[debug],turtlebot1,simulation,robot-pose,x=-33.85;y=18.78;yaw=2.84
53.5,[debug],turtlebot2,simulation,robot-pose,x=-27.22;y=18.03;yaw=-1.58
53.5,[debug],turtlebot2,simulation,robot-pose,x=-27.22;y=18.03;yaw=-1.58
53.5166666508,[debug],turtlebot3,simulation,robot-pose,x=-40.39;y=25.23;yaw=0.33
53.5166666508,[debug],turtlebot4,simulation,robot-pose,x=-20.99;y=18.00;yaw=-1.54
53.5166666508,[debug],turtlebot3,simulation,robot-pose,x=-40.39;y=25.23;yaw=0.33
53.5166666508,[debug],turtlebot4,simulation,robot-pose,x=-20.99;y=18.00;yaw=-1.54
53.5666666031,[debug],turtlebot5,simulation,robot-pose,x=-37.05;y=18.88;yaw=-1.57
53.5666666031,[debug],turtlebot5,simulation,robot-pose,x=-37.05;y=18.88;yaw=-1.57
60.0833332539,[info],turtlebot5,skill-life-cycle,navigation,(status=RUNNING, parameters=[[-37.0, 21.5, -1.5707963267948966, True], [-37.0, 16.0, 0.0, True], [-28.5, 16.0, 1.5707963267948966, True], [-28.5, 18.0, -1.57, False]])
68.3333332539,[debug],turtlebot1,simulation,robot-pose,x=-33.85;y=18.78;yaw=2.85
68.4166667461,[debug],turtlebot1,simulation,robot-pose,x=-33.85;y=18.78;yaw=2.85
68.5,[debug],turtlebot2,simulation,robot-pose,x=-27.22;y=18.03;yaw=-1.58
68.5,[debug],turtlebot2,simulation,robot-pose,x=-27.22;y=18.03;yaw=-1.58
68.5166666508,[debug],turtlebot3,simulation,robot-pose,x=-40.39;y=25.23;yaw=0.33
68.5166666508,[debug],turtlebot4,simulation,robot-pose,x=-20.99;y=18.00;yaw=-1.54
68.5166666508,[debug],turtlebot3,simulation,robot-pose,x=-40.39;y=25.23;yaw=0.33
68.5166666508,[debug],turtlebot4,simulation,robot-pose,x=-20.99;y=18.00;yaw=-1.54
68.5666666031,[debug],turtlebot5,simulation,robot-pose,x=-37.26;y=16.42;yaw=-1.59
68.5666666031,[debug],turtlebot5,simulation,robot-pose,x=-37.26;y=16.42;yaw=-1.59
72.8833334446,[debug],turtlebot5,move-base-info,Hooray, the base moved arrived,(x=-37;y=16)
72.8833334446,[debug],turtlebot5,move-base-info,Hooray, the base moved arrived,(x=-37;y=16)
73.0166666508,[debug],turtlebot5,task-update,navigation,way-point-reached,50.0%
83.3333332539,[debug],turtlebot1,simulation,robot-pose,x=-33.85;y=18.78;yaw=2.87
83.4333333969,[debug],turtlebot1,simulation,robot-pose,x=-33.85;y=18.78;yaw=2.87
83.5,[debug],turtlebot2,simulation,robot-pose,x=-27.22;y=18.03;yaw=-1.58
83.5,[debug],turtlebot2,simulation,robot-pose,x=-27.22;y=18.03;yaw=-1.58
83.5166666508,[debug],turtlebot3,simulation,robot-pose,x=-40.39;y=25.23;yaw=0.33
83.5166666508,[debug],turtlebot4,simulation,robot-pose,x=-20.99;y=18.00;yaw=-1.54
83.5166666508,[debug],turtlebot3,simulation,robot-pose,x=-40.39;y=25.23;yaw=0.33
83.5166666508,[debug],turtlebot4,simulation,robot-pose,x=-20.99;y=18.00;yaw=-1.54
83.5666666031,[debug],turtlebot5,simulation,robot-pose,x=-36.84;y=16.14;yaw=-0.74
83.5666666031,[debug],turtlebot5,simulation,robot-pose,x=-36.84;y=16.14;yaw=-0.74
98.3333332539,[debug],turtlebot1,simulation,robot-pose,x=-33.85;y=18.78;yaw=2.88
98.4166667461,[debug],turtlebot1,simulation,robot-pose,x=-33.85;y=18.78;yaw=2.88
98.5,[debug],turtlebot2,simulation,robot-pose,x=-27.22;y=18.03;yaw=-1.58
98.5,[debug],turtlebot2,simulation,robot-pose,x=-27.22;y=18.03;yaw=-1.58
98.5166666508,[debug],turtlebot4,simulation,robot-pose,x=-20.99;y=18.00;yaw=-1.54
98.5166666508,[debug],turtlebot4,simulation,robot-pose,x=-20.99;y=18.00;yaw=-1.54
98.5166666508,[debug],turtlebot3,simulation,robot-pose,x=-40.39;y=25.23;yaw=0.33
98.5166666508,[debug],turtlebot3,simulation,robot-pose,x=-40.39;y=25.23;yaw=0.33
98.5666666031,[debug],turtlebot5,simulation,robot-pose,x=-35.72;y=15.38;yaw=-0.22
98.5666666031,[debug],turtlebot5,simulation,robot-pose,x=-35.72;y=15.38;yaw=-0.22
111.083333254,[info],turtlebot5,skill-life-cycle,navigation,(status=RUNNING, parameters=[[-37.0, 21.5, -1.5707963267948966, True], [-37.0, 16.0, 0.0, True], [-28.5, 16.0, 1.5707963267948966, True], [-28.5, 18.0, -1.57, False]])
113.333333254,[debug],turtlebot1,simulation,robot-pose,x=-33.86;y=18.79;yaw=2.91
113.400000095,[debug],turtlebot1,simulation,robot-pose,x=-33.86;y=18.79;yaw=2.91
113.5,[debug],turtlebot2,simulation,robot-pose,x=-27.22;y=18.03;yaw=-1.58
113.5,[debug],turtlebot2,simulation,robot-pose,x=-27.22;y=18.03;yaw=-1.58
113.516666651,[debug],turtlebot3,simulation,robot-pose,x=-40.39;y=25.23;yaw=0.33
113.516666651,[debug],turtlebot3,simulation,robot-pose,x=-40.39;y=25.23;yaw=0.33
113.516666651,[debug],turtlebot4,simulation,robot-pose,x=-20.99;y=18.00;yaw=-1.54
113.533333302,[debug],turtlebot4,simulation,robot-pose,x=-20.99;y=18.00;yaw=-1.54
113.566666603,[debug],turtlebot5,simulation,robot-pose,x=-34.47;y=15.29;yaw=-0.02
113.566666603,[debug],turtlebot5,simulation,robot-pose,x=-34.47;y=15.29;yaw=-0.02
128.333333254,[debug],turtlebot1,simulation,robot-pose,x=-33.86;y=18.79;yaw=2.93
128.416666746,[debug],turtlebot1,simulation,robot-pose,x=-33.86;y=18.79;yaw=2.93
128.5,[debug],turtlebot2,simulation,robot-pose,x=-27.22;y=18.03;yaw=-1.58
128.5,[debug],turtlebot2,simulation,robot-pose,x=-27.22;y=18.03;yaw=-1.58
128.516666651,[debug],turtlebot3,simulation,robot-pose,x=-40.39;y=25.23;yaw=0.33
128.516666651,[debug],turtlebot3,simulation,robot-pose,x=-40.39;y=25.23;yaw=0.33
128.516666651,[debug],turtlebot4,simulation,robot-pose,x=-21.00;y=18.00;yaw=-1.54
128.516666651,[debug],turtlebot4,simulation,robot-pose,x=-21.00;y=18.00;yaw=-1.54
128.566666603,[debug],turtlebot5,simulation,robot-pose,x=-33.22;y=15.30;yaw=0.05
128.566666603,[debug],turtlebot5,simulation,robot-pose,x=-33.22;y=15.30;yaw=0.05
143.333333254,[debug],turtlebot1,simulation,robot-pose,x=-33.87;y=18.79;yaw=2.95
143.400000095,[debug],turtlebot1,simulation,robot-pose,x=-33.87;y=18.79;yaw=2.95
143.5,[debug],turtlebot2,simulation,robot-pose,x=-27.22;y=18.03;yaw=-1.58
143.5,[debug],turtlebot2,simulation,robot-pose,x=-27.22;y=18.03;yaw=-1.58
143.516666651,[debug],turtlebot4,simulation,robot-pose,x=-21.00;y=18.00;yaw=-1.54
143.516666651,[debug],turtlebot4,simulation,robot-pose,x=-21.00;y=18.00;yaw=-1.54
143.516666651,[debug],turtlebot3,simulation,robot-pose,x=-40.39;y=25.23;yaw=0.33
143.516666651,[debug],turtlebot3,simulation,robot-pose,x=-40.39;y=25.23;yaw=0.33
143.566666603,[debug],turtlebot5,simulation,robot-pose,x=-31.97;y=15.35;yaw=0.25
143.566666603,[debug],turtlebot5,simulation,robot-pose,x=-31.97;y=15.35;yaw=0.25
158.333333254,[debug],turtlebot1,simulation,robot-pose,x=-33.87;y=18.79;yaw=2.98
158.416666746,[debug],turtlebot1,simulation,robot-pose,x=-33.87;y=18.79;yaw=2.98
158.5,[debug],turtlebot2,simulation,robot-pose,x=-27.22;y=18.03;yaw=-1.57
158.5,[debug],turtlebot2,simulation,robot-pose,x=-27.22;y=18.03;yaw=-1.57
158.516666651,[debug],turtlebot4,simulation,robot-pose,x=-21.00;y=18.00;yaw=-1.54
158.516666651,[debug],turtlebot4,simulation,robot-pose,x=-21.00;y=18.00;yaw=-1.54
158.516666651,[debug],turtlebot3,simulation,robot-pose,x=-40.39;y=25.23;yaw=0.33
158.516666651,[debug],turtlebot3,simulation,robot-pose,x=-40.39;y=25.23;yaw=0.33
158.566666603,[debug],turtlebot5,simulation,robot-pose,x=-30.74;y=15.72;yaw=0.29
158.566666603,[debug],turtlebot5,simulation,robot-pose,x=-30.74;y=15.72;yaw=0.29
161.299999952,[info],turtlebot5,skill-life-cycle,navigation,(status=RUNNING, parameters=[[-37.0, 21.5, -1.5707963267948966, True], [-37.0, 16.0, 0.0, True], [-28.5, 16.0, 1.5707963267948966, True], [-28.5, 18.0, -1.57, False]])
173.333333254,[debug],turtlebot1,simulation,robot-pose,x=-33.88;y=18.79;yaw=3.00
173.450000048,[debug],turtlebot1,simulation,robot-pose,x=-33.88;y=18.79;yaw=3.00
173.5,[debug],turtlebot2,simulation,robot-pose,x=-27.22;y=18.03;yaw=-1.57
173.5,[debug],turtlebot2,simulation,robot-pose,x=-27.22;y=18.03;yaw=-1.57
173.516666651,[debug],turtlebot3,simulation,robot-pose,x=-40.39;y=25.23;yaw=0.33
173.516666651,[debug],turtlebot3,simulation,robot-pose,x=-40.39;y=25.23;yaw=0.33
173.516666651,[debug],turtlebot4,simulation,robot-pose,x=-21.00;y=18.00;yaw=-1.54
173.516666651,[debug],turtlebot4,simulation,robot-pose,x=-21.00;y=18.00;yaw=-1.54
173.566666603,[debug],turtlebot5,simulation,robot-pose,x=-29.51;y=15.92;yaw=-0.03
173.566666603,[debug],turtlebot5,simulation,robot-pose,x=-29.51;y=15.92;yaw=-0.03
183.866666794,[debug],turtlebot5,move-base-info,Hooray, the base moved arrived,(x=-28.5;y=16)
183.866666794,[debug],turtlebot5,move-base-info,Hooray, the base moved arrived,(x=-28.5;y=16)
184.033333302,[debug],turtlebot5,task-update,navigation,way-point-reached,75.0%
188.333333254,[debug],turtlebot1,simulation,robot-pose,x=-33.88;y=18.79;yaw=3.00
188.383333445,[debug],turtlebot1,simulation,robot-pose,x=-33.88;y=18.79;yaw=3.00
188.5,[debug],turtlebot2,simulation,robot-pose,x=-27.22;y=18.03;yaw=-1.57
188.5,[debug],turtlebot2,simulation,robot-pose,x=-27.22;y=18.03;yaw=-1.57
188.516666651,[debug],turtlebot3,simulation,robot-pose,x=-40.39;y=25.23;yaw=0.33
188.516666651,[debug],turtlebot3,simulation,robot-pose,x=-40.39;y=25.23;yaw=0.33
188.516666651,[debug],turtlebot4,simulation,robot-pose,x=-21.00;y=18.00;yaw=-1.54
188.516666651,[debug],turtlebot4,simulation,robot-pose,x=-21.00;y=18.00;yaw=-1.54
188.566666603,[debug],turtlebot5,simulation,robot-pose,x=-28.94;y=15.90;yaw=1.53
188.566666603,[debug],turtlebot5,simulation,robot-pose,x=-28.94;y=15.90;yaw=1.53
203.333333254,[debug],turtlebot1,simulation,robot-pose,x=-33.88;y=18.79;yaw=3.01
203.433333397,[debug],turtlebot1,simulation,robot-pose,x=-33.88;y=18.79;yaw=3.01
203.5,[debug],turtlebot2,simulation,robot-pose,x=-27.22;y=18.03;yaw=-1.57
203.5,[debug],turtlebot2,simulation,robot-pose,x=-27.22;y=18.03;yaw=-1.57
203.516666651,[debug],turtlebot3,simulation,robot-pose,x=-40.39;y=25.23;yaw=0.33
203.516666651,[debug],turtlebot3,simulation,robot-pose,x=-40.39;y=25.23;yaw=0.33
203.516666651,[debug],turtlebot4,simulation,robot-pose,x=-21.01;y=18.00;yaw=-1.54
203.516666651,[debug],turtlebot4,simulation,robot-pose,x=-21.01;y=18.00;yaw=-1.54
203.566666603,[debug],turtlebot5,simulation,robot-pose,x=-28.76;y=17.59;yaw=1.38
203.566666603,[debug],turtlebot5,simulation,robot-pose,x=-28.76;y=17.59;yaw=1.38
211.216666698,[debug],turtlebot5,move-base-info,Hooray, the base moved arrived,(x=-28.5;y=18)
211.216666698,[debug],turtlebot5,move-base-info,Hooray, the base moved arrived,(x=-28.5;y=18)
211.466666698,[debug],turtlebot5,task-update,navigation,way-point-reached,100.0%
211.549999952,[debug],turtlebot5,available-skills,['send_message', 'wait_message', 'approach_person', 'approach_robot', 'authenticate_person', 'deposit', 'navigation', 'operate_drawer', 'pick_up'],
211.549999952,[info],turtlebot5,skill-life-cycle,approach_person,(status=STARTED, parameters=['nurse'])
211.599999905,[debug],turtlebot5,task-update,approach_person,localize-person,(who=nurse)
211.683333397,[debug],turtlebot5,task-update,approach_person,goto-person,(who=nurse)
211.783333302,[debug],turtlebot5,available-skills,['send_message', 'wait_message', 'approach_person', 'approach_robot', 'authenticate_person', 'deposit', 'navigation', 'operate_drawer', 'pick_up'],
211.783333302,[info],turtlebot5,skill-life-cycle,authenticate_person,(status=STARTED, parameters=['nurse'])
211.849999905,[debug],turtlebot5,task-update,authenticate_person,request-authentication,(to=nurse)
211.866666794,[info],nurse,sync,received-request,(status=sending-request)
211.866666794,[info],nurse,sync,received-request,(status=sending-request)
212.216666698,[info],turtlebot5,skill-life-cycle,authenticate_person,(status=RUNNING, parameters=['nurse'])
212.299999952,[debug],turtlebot5,task-update,authenticate_person,received-authentication,(from=nurse)
212.383333445,[debug],turtlebot5,available-skills,['send_message', 'wait_message', 'approach_person', 'approach_robot', 'authenticate_person', 'deposit', 'navigation', 'operate_drawer', 'pick_up'],
212.383333445,[info],turtlebot5,skill-life-cycle,operate_drawer,(status=STARTED, parameters=['open'])
212.450000048,[debug],turtlebot5,task-update,operate_drawer,open
213.433333397,[debug],turtlebot5,available-skills,['send_message', 'wait_message', 'approach_person', 'approach_robot', 'authenticate_person', 'deposit', 'navigation', 'operate_drawer', 'pick_up'],
213.433333397,[info],turtlebot5,skill-life-cycle,send_message,(status=STARTED, parameters=['nurse'])
213.533333302,[info],turtlebot5,sync,send-message,(to=nurse)
214.400000095,[info],nurse,sync,wait-message,(status=message-received)
214.400000095,[info],nurse,sync,wait-message,(status=message-received)
217.200000048,[debug],turtlebot5,available-skills,['send_message', 'wait_message', 'approach_person', 'approach_robot', 'authenticate_person', 'deposit', 'navigation', 'operate_drawer', 'pick_up'],
217.200000048,[info],turtlebot5,skill-life-cycle,wait_message,(status=STARTED, parameters=['r1'])
218.333333254,[debug],turtlebot1,simulation,robot-pose,x=-33.88;y=18.79;yaw=3.01
218.383333445,[debug],turtlebot1,simulation,robot-pose,x=-33.88;y=18.79;yaw=3.01
218.466666698,[info],turtlebot5,sync,wait-message,(status=message-received)
218.516666651,[debug],turtlebot2,simulation,robot-pose,x=-27.21;y=18.03;yaw=-1.57
218.516666651,[debug],turtlebot2,simulation,robot-pose,x=-27.21;y=18.03;yaw=-1.57
218.516666651,[debug],turtlebot3,simulation,robot-pose,x=-40.39;y=25.23;yaw=0.33
218.516666651,[debug],turtlebot4,simulation,robot-pose,x=-21.01;y=18.00;yaw=-1.54
218.516666651,[debug],turtlebot3,simulation,robot-pose,x=-40.39;y=25.23;yaw=0.33
218.516666651,[debug],turtlebot4,simulation,robot-pose,x=-21.01;y=18.00;yaw=-1.54
218.549999952,[debug],turtlebot5,available-skills,['send_message', 'wait_message', 'approach_person', 'approach_robot', 'authenticate_person', 'deposit', 'navigation', 'operate_drawer', 'pick_up'],
218.549999952,[info],turtlebot5,skill-life-cycle,operate_drawer,(status=STARTED, parameters=['close'])
218.566666603,[debug],turtlebot5,simulation,robot-pose,x=-28.75;y=17.66;yaw=-1.52
218.566666603,[debug],turtlebot5,simulation,robot-pose,x=-28.75;y=17.66;yaw=-1.52
218.633333445,[debug],turtlebot5,task-update,operate_drawer,close
219.633333445,[debug],turtlebot5,available-skills,['send_message', 'wait_message', 'approach_person', 'approach_robot', 'authenticate_person', 'deposit', 'navigation', 'operate_drawer', 'pick_up'],
219.633333445,[info],turtlebot5,skill-life-cycle,navigation,(status=STARTED, parameters=[[-28.5, 16.0, 0.0, True], [-26.0, 16.0, -1.5707963267948966, True], [-26.0, 13.0, 1.57, False]])
224.400000095,[info],nurse,sync,wait-message,(status=message-received)
224.433333397,[info],nurse,sync,wait-message,(status=message-received)
231.849999905,[info],nurse,sync,request-sent,(status=waiting)
231.849999905,[info],nurse,sync,request-sent,(status=waiting)
233.333333254,[debug],turtlebot1,simulation,robot-pose,x=-33.88;y=18.79;yaw=3.01
233.400000095,[debug],turtlebot1,simulation,robot-pose,x=-33.88;y=18.79;yaw=3.01
233.5,[debug],turtlebot2,simulation,robot-pose,x=-27.21;y=18.03;yaw=-1.57
233.5,[debug],turtlebot2,simulation,robot-pose,x=-27.21;y=18.03;yaw=-1.57
233.516666651,[debug],turtlebot3,simulation,robot-pose,x=-40.39;y=25.23;yaw=0.33
233.516666651,[debug],turtlebot3,simulation,robot-pose,x=-40.39;y=25.23;yaw=0.33
233.516666651,[debug],turtlebot4,simulation,robot-pose,x=-21.01;y=18.00;yaw=-1.54
233.516666651,[debug],turtlebot4,simulation,robot-pose,x=-21.01;y=18.00;yaw=-1.54
233.566666603,[debug],turtlebot5,simulation,robot-pose,x=-28.60;y=16.46;yaw=-1.00
233.566666603,[debug],turtlebot5,simulation,robot-pose,x=-28.60;y=16.46;yaw=-1.00
234.416666746,[info],nurse,sync,wait-message,(status=message-received)
234.416666746,[info],nurse,sync,wait-message,(status=message-received)
236.433333397,[debug],turtlebot5,move-base-info,Hooray, the base moved arrived,(x=-28.5;y=16)
236.433333397,[debug],turtlebot5,move-base-info,Hooray, the base moved arrived,(x=-28.5;y=16)
236.466666698,[debug],turtlebot5,task-update,navigation,way-point-reached,33.33333333333333%
244.416666746,[info],nurse,sync,wait-message,(status=message-received)
244.433333397,[info],nurse,sync,wait-message,(status=message-received)
248.333333254,[debug],turtlebot1,simulation,robot-pose,x=-33.88;y=18.79;yaw=3.01
248.416666746,[debug],turtlebot1,simulation,robot-pose,x=-33.88;y=18.79;yaw=3.01
248.5,[debug],turtlebot2,simulation,robot-pose,x=-27.21;y=18.03;yaw=-1.57
248.5,[debug],turtlebot2,simulation,robot-pose,x=-27.21;y=18.03;yaw=-1.57
248.516666651,[debug],turtlebot3,simulation,robot-pose,x=-40.39;y=25.23;yaw=0.33
248.516666651,[debug],turtlebot3,simulation,robot-pose,x=-40.39;y=25.23;yaw=0.33
248.516666651,[debug],turtlebot4,simulation,robot-pose,x=-21.02;y=18.00;yaw=-1.54
248.516666651,[debug],turtlebot4,simulation,robot-pose,x=-21.02;y=18.00;yaw=-1.54
248.566666603,[debug],turtlebot5,simulation,robot-pose,x=-28.08;y=16.06;yaw=-0.46
248.566666603,[debug],turtlebot5,simulation,robot-pose,x=-28.08;y=16.06;yaw=-0.46
263.333333254,[debug],turtlebot1,simulation,robot-pose,x=-33.88;y=18.79;yaw=3.01
263.400000095,[debug],turtlebot1,simulation,robot-pose,x=-33.88;y=18.79;yaw=3.01
263.5,[debug],turtlebot2,simulation,robot-pose,x=-27.21;y=18.03;yaw=-1.57
263.5,[debug],turtlebot2,simulation,robot-pose,x=-27.21;y=18.03;yaw=-1.57
263.516666651,[debug],turtlebot4,simulation,robot-pose,x=-21.02;y=18.00;yaw=-1.54
263.516666651,[debug],turtlebot4,simulation,robot-pose,x=-21.02;y=18.00;yaw=-1.54
263.516666651,[debug],turtlebot3,simulation,robot-pose,x=-40.39;y=25.23;yaw=0.33
263.516666651,[debug],turtlebot3,simulation,robot-pose,x=-40.39;y=25.23;yaw=0.33
263.566666603,[debug],turtlebot5,simulation,robot-pose,x=-26.85;y=15.76;yaw=0.06
263.566666603,[debug],turtlebot5,simulation,robot-pose,x=-26.85;y=15.76;yaw=0.06
263.916666746,[info],turtlebot5,skill-life-cycle,navigation,(status=RUNNING, parameters=[[-28.5, 16.0, 0.0, True], [-26.0, 16.0, -1.5707963267948966, True], [-26.0, 13.0, 1.57, False]])
273.033333302,[debug],turtlebot5,move-base-info,Hooray, the base moved arrived,(x=-26;y=16)
273.033333302,[debug],turtlebot5,move-base-info,Hooray, the base moved arrived,(x=-26;y=16)
273.200000048,[debug],turtlebot5,task-update,navigation,way-point-reached,66.66666666666666%
278.349999905,[debug],turtlebot1,simulation,robot-pose,x=-33.88;y=18.79;yaw=3.01
278.416666746,[debug],turtlebot1,simulation,robot-pose,x=-33.88;y=18.79;yaw=3.01
278.5,[debug],turtlebot2,simulation,robot-pose,x=-27.21;y=18.03;yaw=-1.57
278.5,[debug],turtlebot2,simulation,robot-pose,x=-27.21;y=18.03;yaw=-1.57
278.516666651,[debug],turtlebot3,simulation,robot-pose,x=-40.39;y=25.23;yaw=0.33
278.516666651,[debug],turtlebot3,simulation,robot-pose,x=-40.39;y=25.23;yaw=0.33
278.516666651,[debug],turtlebot4,simulation,robot-pose,x=-21.03;y=18.00;yaw=-1.54
278.516666651,[debug],turtlebot4,simulation,robot-pose,x=-21.03;y=18.00;yaw=-1.54
278.566666603,[debug],turtlebot5,simulation,robot-pose,x=-26.40;y=15.78;yaw=-1.46
278.566666603,[debug],turtlebot5,simulation,robot-pose,x=-26.40;y=15.78;yaw=-1.46
293.333333254,[debug],turtlebot1,simulation,robot-pose,x=-33.88;y=18.79;yaw=3.01
293.5,[debug],turtlebot2,simulation,robot-pose,x=-27.21;y=18.03;yaw=-1.57
293.5,[debug],turtlebot1,simulation,robot-pose,x=-33.88;y=18.79;yaw=3.01
293.516666651,[debug],turtlebot4,simulation,robot-pose,x=-21.03;y=18.00;yaw=-1.54
293.516666651,[debug],turtlebot2,simulation,robot-pose,x=-27.21;y=18.03;yaw=-1.57
293.516666651,[debug],turtlebot3,simulation,robot-pose,x=-40.39;y=25.23;yaw=0.33
293.516666651,[debug],turtlebot4,simulation,robot-pose,x=-21.03;y=18.00;yaw=-1.54
293.516666651,[debug],turtlebot3,simulation,robot-pose,x=-40.39;y=25.23;yaw=0.33
293.566666603,[debug],turtlebot5,simulation,robot-pose,x=-26.14;y=14.39;yaw=-1.42
293.566666603,[debug],turtlebot5,simulation,robot-pose,x=-26.14;y=14.39;yaw=-1.42
308.333333254,[debug],turtlebot1,simulation,robot-pose,x=-33.88;y=18.79;yaw=3.01
308.400000095,[debug],turtlebot1,simulation,robot-pose,x=-33.88;y=18.79;yaw=3.01
308.5,[debug],turtlebot2,simulation,robot-pose,x=-27.21;y=18.03;yaw=-1.57
308.5,[debug],turtlebot2,simulation,robot-pose,x=-27.21;y=18.03;yaw=-1.57
308.516666651,[debug],turtlebot3,simulation,robot-pose,x=-40.39;y=25.23;yaw=0.33
308.516666651,[debug],turtlebot3,simulation,robot-pose,x=-40.39;y=25.23;yaw=0.33
308.516666651,[debug],turtlebot4,simulation,robot-pose,x=-21.03;y=18.00;yaw=-1.54
308.516666651,[debug],turtlebot4,simulation,robot-pose,x=-21.03;y=18.00;yaw=-1.54
308.566666603,[debug],turtlebot5,simulation,robot-pose,x=-26.02;y=13.42;yaw=2.66
308.566666603,[debug],turtlebot5,simulation,robot-pose,x=-26.02;y=13.42;yaw=2.66
311.849999905,[debug],turtlebot5,move-base-info,Hooray, the base moved arrived,(x=-26;y=13)
311.849999905,[debug],turtlebot5,move-base-info,Hooray, the base moved arrived,(x=-26;y=13)
312.016666651,[debug],turtlebot5,task-update,navigation,way-point-reached,100.0%
312.116666794,[debug],turtlebot5,available-skills,['send_message', 'wait_message', 'approach_person', 'approach_robot', 'authenticate_person', 'deposit', 'navigation', 'operate_drawer', 'pick_up'],
312.116666794,[info],turtlebot5,skill-life-cycle,approach_robot,(status=STARTED, parameters=['lab_arm'])
312.183333397,[debug],turtlebot5,task-update,approach_robot,localize-robot,(who=lab_arm)
313.266666651,[debug],turtlebot5,task-update,approach_robot,goto-robot,(who=lab_arm)
313.366666794,[debug],turtlebot5,available-skills,['send_message', 'wait_message', 'approach_person', 'approach_robot', 'authenticate_person', 'deposit', 'navigation', 'operate_drawer', 'pick_up'],
313.366666794,[info],turtlebot5,skill-life-cycle,operate_drawer,(status=STARTED, parameters=['open'])
313.450000048,[debug],turtlebot5,task-update,operate_drawer,open
314.400000095,[debug],turtlebot5,available-skills,['send_message', 'wait_message', 'approach_person', 'approach_robot', 'authenticate_person', 'deposit', 'navigation', 'operate_drawer', 'pick_up'],
314.416666746,[info],turtlebot5,skill-life-cycle,send_message,(status=STARTED, parameters=['lab_arm'])
314.516666651,[info],turtlebot5,sync,send-message,(to=lab_arm)
314.599999905,[info],turtlebot5,skill-life-cycle,send_message,(status=RUNNING, parameters=['lab_arm'])
315.400000095,[info],lab_arm,sync,wait-message,(status=message-received)
315.400000095,[info],Inventory,sync,wait-sample,(status=sample-received)
315.400000095,ENDSIM
315.400000095,[info],lab_arm,sync,wait-message,(status=message-received)
315.400000095,[info],Inventory,sync,wait-sample,(status=sample-received)
315.400000095,ENDSIM
323.333333254,[debug],turtlebot1,simulation,robot-pose,x=-33.88;y=18.79;yaw=3.01
323.366666794,[debug],turtlebot1,simulation,robot-pose,x=-33.88;y=18.79;yaw=3.01
323.5,[debug],turtlebot2,simulation,robot-pose,x=-27.21;y=18.03;yaw=-1.56
323.5,[debug],turtlebot2,simulation,robot-pose,x=-27.21;y=18.03;yaw=-1.56
323.516666651,[debug],turtlebot4,simulation,robot-pose,x=-21.03;y=18.00;yaw=-1.54
323.516666651,[debug],turtlebot4,simulation,robot-pose,x=-21.03;y=18.00;yaw=-1.54
323.516666651,[debug],turtlebot3,simulation,robot-pose,x=-40.39;y=25.23;yaw=0.33
323.516666651,[debug],turtlebot3,simulation,robot-pose,x=-40.39;y=25.23;yaw=0.33
323.566666603,[debug],turtlebot5,simulation,robot-pose,x=-26.05;y=13.40;yaw=1.63
323.566666603,[debug],turtlebot5,simulation,robot-pose,x=-26.05;y=13.40;yaw=1.63
325.400000095,[info],Inventory,sync,wait-sample,(status=sample-received)
325.400000095,ENDSIM
325.400000095,[info],lab_arm,sync,wait-message,(status=message-received)
325.400000095,[info],Inventory,sync,wait-sample,(status=sample-received)
325.400000095,ENDSIM
325.400000095,[info],Inventory,sync,wait-sample,(status=sample-received)
325.400000095,[info],lab_arm,sync,wait-message,(status=message-received)
325.400000095,ENDSIM
325.400000095,[info],Inventory,sync,wait-sample,(status=sample-received)
325.400000095,ENDSIM
0.0,[debug],simulation closed,reach-target,execution-wall-clock=397.4285292625427
