1.26666665077,[debug],turtlebot5,move-base-info,Move_base is up and ok....,
1.34999990463,[debug],turtlebot3,move-base-info,Move_base is up and ok....,
1.34999990463,[debug],turtlebot2,move-base-info,Move_base is up and ok....,
2.8833334446,[debug],turtlebot1,move-base-info,Move_base is up and ok....,
3.1333334446,[debug],turtlebot4,move-base-info,Move_base is up and ok....,
10.3833334446,[info],turtlebot5,skill-life-cycle,init_robobt,(status=RUNNING, parameters=[])
10.7333333492,[info],turtlebot1,skill-life-cycle,init_robobt,(status=RUNNING, parameters=[])
10.7333333492,[info],turtlebot4,skill-life-cycle,init_robobt,(status=RUNNING, parameters=[])
10.8833334446,[info],turtlebot2,skill-life-cycle,init_robobt,(status=RUNNING, parameters=[])
15.8833334446,[debug],turtlebot1,available-skills,['send_message', 'wait_message', 'approach_person', 'approach_robot', 'authenticate_person', 'deposit', 'navigation', 'pick_up'],
15.8833334446,[info],turtlebot1,skill-life-cycle,navigation,(status=STARTED, parameters=[[-11.5, 16.0, 3.141592653589793, True], [-37.0, 16.0, 1.5707963267948966, True], [-37.0, 18.93, 0.0, True], [-33.9, 18.93, 3.14, False]])
23.7166666985,[debug],turtlebot1,simulation,robot-pose,x=-11.48;y=17.70;yaw=-2.15
23.7166666985,[debug],turtlebot1,simulation,robot-pose,x=-11.48;y=17.70;yaw=-2.15
23.8499999046,[debug],turtlebot2,simulation,robot-pose,x=-28.68;y=17.88;yaw=-0.79
23.8499999046,[debug],turtlebot2,simulation,robot-pose,x=-28.68;y=17.88;yaw=-0.79
23.8666665554,[debug],turtlebot3,simulation,robot-pose,x=-27.23;y=18.02;yaw=-1.59
23.8666665554,[debug],turtlebot3,simulation,robot-pose,x=-27.23;y=18.02;yaw=-1.59
23.8833334446,[debug],turtlebot5,simulation,robot-pose,x=-32.89;y=33.97;yaw=-3.10
23.8833334446,[debug],turtlebot5,simulation,robot-pose,x=-32.89;y=33.97;yaw=-3.10
23.8833334446,[debug],turtlebot4,simulation,robot-pose,x=-40.39;y=25.23;yaw=0.34
23.8833334446,[debug],turtlebot4,simulation,robot-pose,x=-40.39;y=25.23;yaw=0.34
38.7166666985,[debug],turtlebot1,simulation,robot-pose,x=-11.83;y=16.50;yaw=-1.06
38.7166666985,[debug],turtlebot1,simulation,robot-pose,x=-11.83;y=16.50;yaw=-1.06
38.8499999046,[debug],turtlebot2,simulation,robot-pose,x=-28.68;y=17.88;yaw=-0.80
38.8499999046,[debug],turtlebot2,simulation,robot-pose,x=-28.68;y=17.88;yaw=-0.80
38.8666665554,[debug],turtlebot3,simulation,robot-pose,x=-27.22;y=18.03;yaw=-1.59
38.8666665554,[debug],turtlebot3,simulation,robot-pose,x=-27.22;y=18.03;yaw=-1.59
38.8833334446,[debug],turtlebot5,simulation,robot-pose,x=-32.89;y=33.97;yaw=-3.10
38.8833334446,[debug],turtlebot5,simulation,robot-pose,x=-32.89;y=33.97;yaw=-3.10
38.8833334446,[debug],turtlebot4,simulation,robot-pose,x=-40.39;y=25.23;yaw=0.33
38.8833334446,[debug],turtlebot4,simulation,robot-pose,x=-40.39;y=25.23;yaw=0.33
46.0666666031,[debug],turtlebot1,move-base-info,Hooray, the base moved arrived,(x=-11.5;y=16)
46.0666666031,[debug],turtlebot1,move-base-info,Hooray, the base moved arrived,(x=-11.5;y=16)
46.0833332539,[debug],turtlebot1,task-update,navigation,way-point-reached,25.0%
53.7166666985,[debug],turtlebot1,simulation,robot-pose,x=-12.15;y=16.36;yaw=-3.06
53.7166666985,[debug],turtlebot1,simulation,robot-pose,x=-12.15;y=16.36;yaw=-3.06
53.8499999046,[debug],turtlebot2,simulation,robot-pose,x=-28.69;y=17.88;yaw=-0.80
53.8499999046,[debug],turtlebot2,simulation,robot-pose,x=-28.69;y=17.88;yaw=-0.80
53.8666665554,[debug],turtlebot3,simulation,robot-pose,x=-27.22;y=18.03;yaw=-1.58
53.8666665554,[debug],turtlebot3,simulation,robot-pose,x=-27.22;y=18.03;yaw=-1.58
53.8833334446,[debug],turtlebot5,simulation,robot-pose,x=-32.89;y=33.97;yaw=-3.10
53.8833334446,[debug],turtlebot5,simulation,robot-pose,x=-32.89;y=33.97;yaw=-3.10
53.8833334446,[debug],turtlebot4,simulation,robot-pose,x=-40.39;y=25.23;yaw=0.33
53.8833334446,[debug],turtlebot4,simulation,robot-pose,x=-40.39;y=25.23;yaw=0.33
62.0833332539,[info],turtlebot1,skill-life-cycle,navigation,(status=RUNNING, parameters=[[-11.5, 16.0, 3.141592653589793, True], [-37.0, 16.0, 1.5707963267948966, True], [-37.0, 18.93, 0.0, True], [-33.9, 18.93, 3.14, False]])
68.7166666985,[debug],turtlebot1,simulation,robot-pose,x=-14.38;y=16.11;yaw=-2.74
68.7166666985,[debug],turtlebot1,simulation,robot-pose,x=-14.38;y=16.11;yaw=-2.74
68.8666665554,[debug],turtlebot2,simulation,robot-pose,x=-28.69;y=17.88;yaw=-0.79
68.8666665554,[debug],turtlebot2,simulation,robot-pose,x=-28.69;y=17.88;yaw=-0.79
68.8666665554,[debug],turtlebot3,simulation,robot-pose,x=-27.22;y=18.03;yaw=-1.58
68.8666665554,[debug],turtlebot3,simulation,robot-pose,x=-27.22;y=18.03;yaw=-1.58
68.8833334446,[debug],turtlebot5,simulation,robot-pose,x=-32.89;y=33.97;yaw=-3.10
68.8833334446,[debug],turtlebot5,simulation,robot-pose,x=-32.89;y=33.97;yaw=-3.10
68.8833334446,[debug],turtlebot4,simulation,robot-pose,x=-40.39;y=25.23;yaw=0.33
68.8833334446,[debug],turtlebot4,simulation,robot-pose,x=-40.39;y=25.23;yaw=0.33
83.7166666985,[debug],turtlebot1,simulation,robot-pose,x=-16.51;y=15.80;yaw=3.09
83.7166666985,[debug],turtlebot1,simulation,robot-pose,x=-16.51;y=15.80;yaw=3.09
83.8499999046,[debug],turtlebot2,simulation,robot-pose,x=-28.69;y=17.87;yaw=-0.78
83.8499999046,[debug],turtlebot2,simulation,robot-pose,x=-28.69;y=17.87;yaw=-0.78
83.8666665554,[debug],turtlebot3,simulation,robot-pose,x=-27.22;y=18.03;yaw=-1.58
83.8666665554,[debug],turtlebot3,simulation,robot-pose,x=-27.22;y=18.03;yaw=-1.58
83.8833334446,[debug],turtlebot5,simulation,robot-pose,x=-32.90;y=33.97;yaw=-3.10
83.8833334446,[debug],turtlebot5,simulation,robot-pose,x=-32.90;y=33.97;yaw=-3.10
83.8833334446,[debug],turtlebot4,simulation,robot-pose,x=-40.39;y=25.23;yaw=0.33
83.8833334446,[debug],turtlebot4,simulation,robot-pose,x=-40.39;y=25.23;yaw=0.33
98.7166666985,[debug],turtlebot1,simulation,robot-pose,x=-19.01;y=15.80;yaw=3.14
98.7166666985,[debug],turtlebot1,simulation,robot-pose,x=-19.01;y=15.80;yaw=3.14
98.8499999046,[debug],turtlebot2,simulation,robot-pose,x=-28.69;y=17.88;yaw=-0.79
98.8499999046,[debug],turtlebot2,simulation,robot-pose,x=-28.69;y=17.88;yaw=-0.79
98.8666665554,[debug],turtlebot3,simulation,robot-pose,x=-27.22;y=18.03;yaw=-1.58
98.8666665554,[debug],turtlebot3,simulation,robot-pose,x=-27.22;y=18.03;yaw=-1.58
98.8833334446,[debug],turtlebot5,simulation,robot-pose,x=-32.90;y=33.97;yaw=-3.10
98.8833334446,[debug],turtlebot4,simulation,robot-pose,x=-40.39;y=25.23;yaw=0.33
98.8833334446,[debug],turtlebot5,simulation,robot-pose,x=-32.90;y=33.97;yaw=-3.10
98.8833334446,[debug],turtlebot4,simulation,robot-pose,x=-40.39;y=25.23;yaw=0.33
112.349999905,[info],turtlebot1,skill-life-cycle,navigation,(status=RUNNING, parameters=[[-11.5, 16.0, 3.141592653589793, True], [-37.0, 16.0, 1.5707963267948966, True], [-37.0, 18.93, 0.0, True], [-33.9, 18.93, 3.14, False]])
113.716666698,[debug],turtlebot1,simulation,robot-pose,x=-21.51;y=15.80;yaw=-3.14
113.716666698,[debug],turtlebot1,simulation,robot-pose,x=-21.51;y=15.80;yaw=-3.14
113.849999905,[debug],turtlebot2,simulation,robot-pose,x=-28.69;y=17.88;yaw=-0.79
113.849999905,[debug],turtlebot2,simulation,robot-pose,x=-28.69;y=17.88;yaw=-0.79
113.866666555,[debug],turtlebot3,simulation,robot-pose,x=-27.22;y=18.03;yaw=-1.58
113.866666555,[debug],turtlebot3,simulation,robot-pose,x=-27.22;y=18.03;yaw=-1.58
113.883333445,[debug],turtlebot4,simulation,robot-pose,x=-40.39;y=25.23;yaw=0.33
113.883333445,[debug],turtlebot4,simulation,robot-pose,x=-40.39;y=25.23;yaw=0.33
113.883333445,[debug],turtlebot5,simulation,robot-pose,x=-32.90;y=33.97;yaw=-3.09
113.883333445,[debug],turtlebot5,simulation,robot-pose,x=-32.90;y=33.97;yaw=-3.09
128.716666698,[debug],turtlebot1,simulation,robot-pose,x=-24.01;y=15.80;yaw=-3.14
128.716666698,[debug],turtlebot1,simulation,robot-pose,x=-24.01;y=15.80;yaw=-3.14
128.849999905,[debug],turtlebot2,simulation,robot-pose,x=-28.69;y=17.88;yaw=-0.79
128.849999905,[debug],turtlebot2,simulation,robot-pose,x=-28.69;y=17.88;yaw=-0.79
128.866666555,[debug],turtlebot3,simulation,robot-pose,x=-27.22;y=18.03;yaw=-1.58
128.866666555,[debug],turtlebot3,simulation,robot-pose,x=-27.22;y=18.03;yaw=-1.58
128.883333445,[debug],turtlebot4,simulation,robot-pose,x=-40.39;y=25.23;yaw=0.33
128.883333445,[debug],turtlebot4,simulation,robot-pose,x=-40.39;y=25.23;yaw=0.33
128.883333445,[debug],turtlebot5,simulation,robot-pose,x=-32.90;y=33.97;yaw=-3.09
128.883333445,[debug],turtlebot5,simulation,robot-pose,x=-32.90;y=33.97;yaw=-3.09
143.716666698,[debug],turtlebot1,simulation,robot-pose,x=-26.50;y=15.80;yaw=-3.14
143.716666698,[debug],turtlebot1,simulation,robot-pose,x=-26.50;y=15.80;yaw=-3.14
143.849999905,[debug],turtlebot2,simulation,robot-pose,x=-28.69;y=17.88;yaw=-0.80
143.849999905,[debug],turtlebot2,simulation,robot-pose,x=-28.69;y=17.88;yaw=-0.80
143.866666555,[debug],turtlebot3,simulation,robot-pose,x=-27.22;y=18.03;yaw=-1.58
143.866666555,[debug],turtlebot3,simulation,robot-pose,x=-27.22;y=18.03;yaw=-1.58
143.883333445,[debug],turtlebot4,simulation,robot-pose,x=-40.39;y=25.23;yaw=0.33
143.883333445,[debug],turtlebot4,simulation,robot-pose,x=-40.39;y=25.23;yaw=0.33
143.883333445,[debug],turtlebot5,simulation,robot-pose,x=-32.90;y=33.97;yaw=-3.09
143.883333445,[debug],turtlebot5,simulation,robot-pose,x=-32.90;y=33.97;yaw=-3.09
158.716666698,[debug],turtlebot1,simulation,robot-pose,x=-29.00;y=15.79;yaw=3.14
158.716666698,[debug],turtlebot1,simulation,robot-pose,x=-29.00;y=15.79;yaw=3.14
158.849999905,[debug],turtlebot2,simulation,robot-pose,x=-28.69;y=17.88;yaw=-0.80
158.849999905,[debug],turtlebot2,simulation,robot-pose,x=-28.69;y=17.88;yaw=-0.80
158.866666555,[debug],turtlebot3,simulation,robot-pose,x=-27.22;y=18.03;yaw=-1.57
158.866666555,[debug],turtlebot3,simulation,robot-pose,x=-27.22;y=18.03;yaw=-1.57
158.883333445,[debug],turtlebot4,simulation,robot-pose,x=-40.39;y=25.23;yaw=0.33
158.883333445,[debug],turtlebot4,simulation,robot-pose,x=-40.39;y=25.23;yaw=0.33
158.883333445,[debug],turtlebot5,simulation,robot-pose,x=-32.90;y=33.97;yaw=-3.09
158.883333445,[debug],turtlebot5,simulation,robot-pose,x=-32.90;y=33.97;yaw=-3.09
162.616666555,[info],turtlebot1,skill-life-cycle,navigation,(status=RUNNING, parameters=[[-11.5, 16.0, 3.141592653589793, True], [-37.0, 16.0, 1.5707963267948966, True], [-37.0, 18.93, 0.0, True], [-33.9, 18.93, 3.14, False]])
173.716666698,[debug],turtlebot1,simulation,robot-pose,x=-31.52;y=15.82;yaw=-3.13
173.716666698,[debug],turtlebot1,simulation,robot-pose,x=-31.52;y=15.82;yaw=-3.13
173.849999905,[debug],turtlebot2,simulation,robot-pose,x=-28.69;y=17.88;yaw=-0.80
173.849999905,[debug],turtlebot2,simulation,robot-pose,x=-28.69;y=17.88;yaw=-0.80
173.866666555,[debug],turtlebot3,simulation,robot-pose,x=-27.22;y=18.03;yaw=-1.57
173.866666555,[debug],turtlebot3,simulation,robot-pose,x=-27.22;y=18.03;yaw=-1.57
173.883333445,[debug],turtlebot5,simulation,robot-pose,x=-32.90;y=33.97;yaw=-3.09
173.883333445,[debug],turtlebot5,simulation,robot-pose,x=-32.90;y=33.97;yaw=-3.09
173.883333445,[debug],turtlebot4,simulation,robot-pose,x=-40.39;y=25.23;yaw=0.33
173.883333445,[debug],turtlebot4,simulation,robot-pose,x=-40.39;y=25.23;yaw=0.33
188.716666698,[debug],turtlebot1,simulation,robot-pose,x=-34.01;y=15.81;yaw=-3.14
188.716666698,[debug],turtlebot1,simulation,robot-pose,x=-34.01;y=15.81;yaw=-3.14
188.849999905,[debug],turtlebot2,simulation,robot-pose,x=-28.68;y=17.88;yaw=-0.80
188.849999905,[debug],turtlebot2,simulation,robot-pose,x=-28.68;y=17.88;yaw=-0.80
188.866666555,[debug],turtlebot3,simulation,robot-pose,x=-27.22;y=18.03;yaw=-1.57
188.866666555,[debug],turtlebot3,simulation,robot-pose,x=-27.22;y=18.03;yaw=-1.57
188.883333445,[debug],turtlebot5,simulation,robot-pose,x=-32.90;y=33.97;yaw=-3.09
188.883333445,[debug],turtlebot5,simulation,robot-pose,x=-32.90;y=33.97;yaw=-3.09
188.883333445,[debug],turtlebot4,simulation,robot-pose,x=-40.39;y=25.23;yaw=0.33
188.883333445,[debug],turtlebot4,simulation,robot-pose,x=-40.39;y=25.23;yaw=0.33
203.716666698,[debug],turtlebot1,simulation,robot-pose,x=-36.77;y=16.41;yaw=3.00
203.716666698,[debug],turtlebot1,simulation,robot-pose,x=-36.77;y=16.41;yaw=3.00
203.849999905,[debug],turtlebot2,simulation,robot-pose,x=-28.68;y=17.88;yaw=-0.80
203.849999905,[debug],turtlebot2,simulation,robot-pose,x=-28.68;y=17.88;yaw=-0.80
203.866666555,[debug],turtlebot3,simulation,robot-pose,x=-27.22;y=18.03;yaw=-1.57
203.866666555,[debug],turtlebot3,simulation,robot-pose,x=-27.22;y=18.03;yaw=-1.57
203.883333445,[debug],turtlebot5,simulation,robot-pose,x=-32.90;y=33.97;yaw=-3.09
203.883333445,[debug],turtlebot4,simulation,robot-pose,x=-40.39;y=25.23;yaw=0.33
203.883333445,[debug],turtlebot5,simulation,robot-pose,x=-32.90;y=33.97;yaw=-3.09
203.883333445,[debug],turtlebot4,simulation,robot-pose,x=-40.39;y=25.23;yaw=0.33
207.683333397,[debug],turtlebot1,move-base-info,Hooray, the base moved arrived,(x=-37;y=16)
207.683333397,[debug],turtlebot1,move-base-info,Hooray, the base moved arrived,(x=-37;y=16)
207.833333254,[debug],turtlebot1,task-update,navigation,way-point-reached,50.0%
213.833333254,[info],turtlebot1,skill-life-cycle,navigation,(status=RUNNING, parameters=[[-11.5, 16.0, 3.141592653589793, True], [-37.0, 16.0, 1.5707963267948966, True], [-37.0, 18.93, 0.0, True], [-33.9, 18.93, 3.14, False]])
218.716666698,[debug],turtlebot1,simulation,robot-pose,x=-36.94;y=18.46;yaw=1.10
218.716666698,[debug],turtlebot1,simulation,robot-pose,x=-36.94;y=18.46;yaw=1.10
218.849999905,[debug],turtlebot2,simulation,robot-pose,x=-28.68;y=17.88;yaw=-0.80
218.849999905,[debug],turtlebot2,simulation,robot-pose,x=-28.68;y=17.88;yaw=-0.80
218.866666555,[debug],turtlebot3,simulation,robot-pose,x=-27.21;y=18.03;yaw=-1.57
218.866666555,[debug],turtlebot3,simulation,robot-pose,x=-27.21;y=18.03;yaw=-1.57
218.883333445,[debug],turtlebot4,simulation,robot-pose,x=-40.39;y=25.23;yaw=0.33
218.883333445,[debug],turtlebot4,simulation,robot-pose,x=-40.39;y=25.23;yaw=0.33
218.883333445,[debug],turtlebot5,simulation,robot-pose,x=-32.91;y=33.97;yaw=-3.08
218.883333445,[debug],turtlebot5,simulation,robot-pose,x=-32.91;y=33.97;yaw=-3.08
221.933333397,[debug],turtlebot1,move-base-info,Hooray, the base moved arrived,(x=-37;y=18.93)
221.933333397,[debug],turtlebot1,move-base-info,Hooray, the base moved arrived,(x=-37;y=18.93)
222.083333254,[debug],turtlebot1,task-update,navigation,way-point-reached,75.0%
233.716666698,[debug],turtlebot1,simulation,robot-pose,x=-36.23;y=18.19;yaw=-0.52
233.716666698,[debug],turtlebot1,simulation,robot-pose,x=-36.23;y=18.19;yaw=-0.52
233.849999905,[debug],turtlebot2,simulation,robot-pose,x=-28.69;y=17.88;yaw=-0.80
233.849999905,[debug],turtlebot2,simulation,robot-pose,x=-28.69;y=17.88;yaw=-0.80
233.866666555,[debug],turtlebot3,simulation,robot-pose,x=-27.21;y=18.03;yaw=-1.57
233.866666555,[debug],turtlebot3,simulation,robot-pose,x=-27.21;y=18.03;yaw=-1.57
233.883333445,[debug],turtlebot4,simulation,robot-pose,x=-40.39;y=25.23;yaw=0.33
233.883333445,[debug],turtlebot4,simulation,robot-pose,x=-40.39;y=25.23;yaw=0.33
233.883333445,[debug],turtlebot5,simulation,robot-pose,x=-32.91;y=33.97;yaw=-3.07
233.883333445,[debug],turtlebot5,simulation,robot-pose,x=-32.91;y=33.97;yaw=-3.07
248.716666698,[debug],turtlebot1,simulation,robot-pose,x=-35.11;y=17.94;yaw=0.13
248.716666698,[debug],turtlebot1,simulation,robot-pose,x=-35.11;y=17.94;yaw=0.13
248.849999905,[debug],turtlebot2,simulation,robot-pose,x=-28.69;y=17.88;yaw=-0.80
248.849999905,[debug],turtlebot2,simulation,robot-pose,x=-28.69;y=17.88;yaw=-0.80
248.866666555,[debug],turtlebot3,simulation,robot-pose,x=-27.21;y=18.03;yaw=-1.57
248.866666555,[debug],turtlebot3,simulation,robot-pose,x=-27.21;y=18.03;yaw=-1.57
248.883333445,[debug],turtlebot4,simulation,robot-pose,x=-40.39;y=25.23;yaw=0.33
248.883333445,[debug],turtlebot5,simulation,robot-pose,x=-32.91;y=33.97;yaw=-3.06
248.883333445,[debug],turtlebot4,simulation,robot-pose,x=-40.39;y=25.23;yaw=0.33
248.883333445,[debug],turtlebot5,simulation,robot-pose,x=-32.91;y=33.97;yaw=-3.06
259.716666698,[debug],turtlebot1,move-base-info,Hooray, the base moved arrived,(x=-33.9;y=18.93)
259.716666698,[debug],turtlebot1,move-base-info,Hooray, the base moved arrived,(x=-33.9;y=18.93)
259.900000095,[debug],turtlebot1,task-update,navigation,way-point-reached,100.0%
260.0,[debug],turtlebot1,available-skills,['send_message', 'wait_message', 'approach_person', 'approach_robot', 'authenticate_person', 'deposit', 'navigation', 'pick_up'],
260.0,[info],turtlebot1,skill-life-cycle,approach_person,(status=STARTED, parameters=['nurse'])
260.083333254,[debug],turtlebot1,task-update,approach_person,localize-person,(who=nurse)
260.183333397,[debug],turtlebot1,task-update,approach_person,goto-person,(who=nurse)
260.283333302,[debug],turtlebot1,available-skills,['send_message', 'wait_message', 'approach_person', 'approach_robot', 'authenticate_person', 'deposit', 'navigation', 'pick_up'],
260.283333302,[info],turtlebot1,skill-life-cycle,authenticate_person,(status=STARTED, parameters=['nurse'])
260.366666555,[debug],turtlebot1,task-update,authenticate_person,request-authentication,(to=nurse)
260.366666555,[info],nurse,sync,received-request,(status=sending-request)
260.416666746,[info],nurse,sync,received-request,(status=sending-request)
260.799999952,[debug],turtlebot1,task-update,authenticate_person,received-authentication,(from=nurse)
260.883333445,[debug],turtlebot1,available-skills,['send_message', 'wait_message', 'approach_person', 'approach_robot', 'authenticate_person', 'deposit', 'navigation', 'pick_up'],
260.883333445,[info],turtlebot1,skill-life-cycle,fail,(status=STARTED, parameters=['operate_drawer', 'open'])
262.849999905,[info],turtlebot1,skill-life-cycle,fail,(status=Status.FAILURE, parameters=['operate_drawer', 'open'])
262.849999905,FAILURE
262.933333397,[info],turtlebot1,skill-life-cycle,fail,(status=Status.FAILURE, parameters=['operate_drawer', 'open'])
262.933333397,FAILURE
263.033333302,[info],turtlebot1,skill-life-cycle,fail,(status=Status.FAILURE, parameters=['operate_drawer', 'open'])
263.033333302,FAILURE
263.099999905,[info],turtlebot1,skill-life-cycle,fail,(status=Status.FAILURE, parameters=['operate_drawer', 'open'])
263.099999905,FAILURE
263.183333397,[info],turtlebot1,skill-life-cycle,fail,(status=Status.FAILURE, parameters=['operate_drawer', 'open'])
263.183333397,FAILURE
263.266666651,[info],turtlebot1,skill-life-cycle,fail,(status=Status.FAILURE, parameters=['operate_drawer', 'open'])
263.266666651,FAILURE
263.333333254,[info],turtlebot1,skill-life-cycle,fail,(status=Status.FAILURE, parameters=['operate_drawer', 'open'])
263.333333254,FAILURE
263.400000095,[info],turtlebot1,skill-life-cycle,fail,(status=Status.FAILURE, parameters=['operate_drawer', 'open'])
263.400000095,FAILURE
263.466666698,[info],turtlebot1,skill-life-cycle,fail,(status=Status.FAILURE, parameters=['operate_drawer', 'open'])
263.466666698,FAILURE
263.549999952,[info],turtlebot1,skill-life-cycle,fail,(status=Status.FAILURE, parameters=['operate_drawer', 'open'])
263.549999952,FAILURE
263.616666555,[info],turtlebot1,skill-life-cycle,fail,(status=Status.FAILURE, parameters=['operate_drawer', 'open'])
263.633333445,FAILURE
263.716666698,[info],turtlebot1,skill-life-cycle,fail,(status=Status.FAILURE, parameters=['operate_drawer', 'open'])
263.716666698,[debug],turtlebot1,simulation,robot-pose,x=-34.12;y=18.56;yaw=3.09
263.716666698,FAILURE
263.716666698,[debug],turtlebot1,simulation,robot-pose,x=-34.12;y=18.56;yaw=3.09
263.799999952,[info],turtlebot1,skill-life-cycle,fail,(status=Status.FAILURE, parameters=['operate_drawer', 'open'])
263.799999952,FAILURE
263.849999905,[debug],turtlebot2,simulation,robot-pose,x=-28.69;y=17.88;yaw=-0.79
263.849999905,[debug],turtlebot2,simulation,robot-pose,x=-28.69;y=17.88;yaw=-0.79
263.866666555,[debug],turtlebot3,simulation,robot-pose,x=-27.21;y=18.03;yaw=-1.57
263.866666555,[debug],turtlebot3,simulation,robot-pose,x=-27.21;y=18.03;yaw=-1.57
263.866666555,[info],turtlebot1,skill-life-cycle,fail,(status=Status.FAILURE, parameters=['operate_drawer', 'open'])
263.866666555,FAILURE
263.883333445,[debug],turtlebot5,simulation,robot-pose,x=-32.91;y=33.97;yaw=-3.06
263.883333445,[debug],turtlebot4,simulation,robot-pose,x=-40.39;y=25.23;yaw=0.33
263.883333445,[debug],turtlebot5,simulation,robot-pose,x=-32.91;y=33.97;yaw=-3.06
263.883333445,[debug],turtlebot4,simulation,robot-pose,x=-40.39;y=25.23;yaw=0.33
0.0,[debug],simulation closed,failure-bt,execution-wall-clock=330.3293936252594
