5.34999990463,[debug],turtlebot5,move-base-info,Move_base is up and ok....,
5.58333325386,[debug],turtlebot1,move-base-info,Move_base is up and ok....,
8.48333334923,[debug],turtlebot4,move-base-info,Move_base is up and ok....,
8.53333330154,[debug],turtlebot2,move-base-info,Move_base is up and ok....,
14.5499999523,[info],turtlebot1,skill-life-cycle,init_robobt,(status=RUNNING, parameters=[])
14.6666667461,[info],turtlebot5,skill-life-cycle,init_robobt,(status=RUNNING, parameters=[])
14.9833333492,[info],turtlebot2,skill-life-cycle,init_robobt,(status=RUNNING, parameters=[])
15.3833334446,[info],turtlebot4,skill-life-cycle,init_robobt,(status=RUNNING, parameters=[])
19.2166666985,[debug],turtlebot2,available-skills,['send_message', 'wait_message', 'approach_person', 'approach_robot', 'authenticate_person', 'deposit', 'navigation', 'operate_drawer', 'pick_up'],
19.2166666985,[info],turtlebot2,skill-life-cycle,navigation,(status=STARTED, parameters=[[-11.5, 16.0, 3.141592653589793, True], [-37.0, 16.0, 1.5707963267948966, True], [-37.0, 18.93, 0.0, True], [-33.9, 18.93, 3.14, False]])
26.4666666985,[debug],turtlebot1,simulation,robot-pose,x=-11.46;y=17.82;yaw=-1.25
26.4666666985,[debug],turtlebot1,simulation,robot-pose,x=-11.46;y=17.82;yaw=-1.25
26.6333334446,[debug],turtlebot2,simulation,robot-pose,x=-28.56;y=17.69;yaw=-1.37
26.6333334446,[debug],turtlebot2,simulation,robot-pose,x=-28.56;y=17.69;yaw=-1.37
26.6500000954,[debug],turtlebot4,simulation,robot-pose,x=-40.39;y=25.23;yaw=0.34
26.6500000954,[debug],turtlebot4,simulation,robot-pose,x=-40.39;y=25.23;yaw=0.34
26.6500000954,[debug],turtlebot3,simulation,robot-pose,x=-27.23;y=18.02;yaw=-1.59
26.6500000954,[debug],turtlebot3,simulation,robot-pose,x=-27.23;y=18.02;yaw=-1.59
26.6833333969,[debug],turtlebot5,simulation,robot-pose,x=-32.89;y=33.97;yaw=-3.10
26.6833333969,[debug],turtlebot5,simulation,robot-pose,x=-32.89;y=33.97;yaw=-3.10
41.4666666985,[debug],turtlebot1,simulation,robot-pose,x=-11.46;y=17.82;yaw=-1.25
41.4666666985,[debug],turtlebot1,simulation,robot-pose,x=-11.46;y=17.82;yaw=-1.25
41.6333334446,[debug],turtlebot2,simulation,robot-pose,x=-28.29;y=16.49;yaw=-0.61
41.6333334446,[debug],turtlebot2,simulation,robot-pose,x=-28.29;y=16.49;yaw=-0.61
41.6500000954,[debug],turtlebot3,simulation,robot-pose,x=-27.22;y=18.03;yaw=-1.58
41.6500000954,[debug],turtlebot3,simulation,robot-pose,x=-27.22;y=18.03;yaw=-1.58
41.6500000954,[debug],turtlebot4,simulation,robot-pose,x=-40.39;y=25.23;yaw=0.33
41.6500000954,[debug],turtlebot4,simulation,robot-pose,x=-40.39;y=25.23;yaw=0.33
41.6833333969,[debug],turtlebot5,simulation,robot-pose,x=-32.89;y=33.97;yaw=-3.10
41.6833333969,[debug],turtlebot5,simulation,robot-pose,x=-32.89;y=33.97;yaw=-3.10
56.4666666985,[debug],turtlebot1,simulation,robot-pose,x=-11.46;y=17.82;yaw=-1.25
56.4666666985,[debug],turtlebot1,simulation,robot-pose,x=-11.46;y=17.82;yaw=-1.25
56.6333334446,[debug],turtlebot2,simulation,robot-pose,x=-26.00;y=16.35;yaw=-0.09
56.6333334446,[debug],turtlebot2,simulation,robot-pose,x=-26.00;y=16.35;yaw=-0.09
56.6500000954,[debug],turtlebot3,simulation,robot-pose,x=-27.22;y=18.03;yaw=-1.58
56.6500000954,[debug],turtlebot3,simulation,robot-pose,x=-27.22;y=18.03;yaw=-1.58
56.6500000954,[debug],turtlebot4,simulation,robot-pose,x=-40.39;y=25.23;yaw=0.33
56.6500000954,[debug],turtlebot4,simulation,robot-pose,x=-40.39;y=25.23;yaw=0.33
56.6833333969,[debug],turtlebot5,simulation,robot-pose,x=-32.89;y=33.97;yaw=-3.10
56.6833333969,[debug],turtlebot5,simulation,robot-pose,x=-32.89;y=33.97;yaw=-3.10
65.5833332539,[info],turtlebot2,skill-life-cycle,navigation,(status=RUNNING, parameters=[[-11.5, 16.0, 3.141592653589793, True], [-37.0, 16.0, 1.5707963267948966, True], [-37.0, 18.93, 0.0, True], [-33.9, 18.93, 3.14, False]])
71.4666666985,[debug],turtlebot1,simulation,robot-pose,x=-11.46;y=17.82;yaw=-1.25
71.4666666985,[debug],turtlebot1,simulation,robot-pose,x=-11.46;y=17.82;yaw=-1.25
71.6333334446,[debug],turtlebot2,simulation,robot-pose,x=-23.98;y=16.33;yaw=-0.47
71.6333334446,[debug],turtlebot2,simulation,robot-pose,x=-23.98;y=16.33;yaw=-0.47
71.6500000954,[debug],turtlebot4,simulation,robot-pose,x=-40.39;y=25.23;yaw=0.33
71.6500000954,[debug],turtlebot4,simulation,robot-pose,x=-40.39;y=25.23;yaw=0.33
71.6500000954,[debug],turtlebot3,simulation,robot-pose,x=-27.22;y=18.03;yaw=-1.58
71.6500000954,[debug],turtlebot3,simulation,robot-pose,x=-27.22;y=18.03;yaw=-1.58
71.6833333969,[debug],turtlebot5,simulation,robot-pose,x=-32.89;y=33.97;yaw=-3.10
71.6833333969,[debug],turtlebot5,simulation,robot-pose,x=-32.89;y=33.97;yaw=-3.10
86.4666666985,[debug],turtlebot1,simulation,robot-pose,x=-11.46;y=17.82;yaw=-1.25
86.4666666985,[debug],turtlebot1,simulation,robot-pose,x=-11.46;y=17.82;yaw=-1.25
86.6333334446,[debug],turtlebot2,simulation,robot-pose,x=-23.88;y=16.25;yaw=-0.90
86.6333334446,[debug],turtlebot2,simulation,robot-pose,x=-23.88;y=16.25;yaw=-0.90
86.6500000954,[debug],turtlebot4,simulation,robot-pose,x=-40.39;y=25.23;yaw=0.33
86.6500000954,[debug],turtlebot4,simulation,robot-pose,x=-40.39;y=25.23;yaw=0.33
86.6500000954,[debug],turtlebot3,simulation,robot-pose,x=-27.22;y=18.03;yaw=-1.58
86.6500000954,[debug],turtlebot3,simulation,robot-pose,x=-27.22;y=18.03;yaw=-1.58
86.6833333969,[debug],turtlebot5,simulation,robot-pose,x=-32.90;y=33.97;yaw=-3.10
86.6833333969,[debug],turtlebot5,simulation,robot-pose,x=-32.90;y=33.97;yaw=-3.10
101.466666698,[debug],turtlebot1,simulation,robot-pose,x=-11.46;y=17.82;yaw=-1.25
101.466666698,[debug],turtlebot1,simulation,robot-pose,x=-11.46;y=17.82;yaw=-1.25
101.633333445,[debug],turtlebot2,simulation,robot-pose,x=-22.21;y=15.60;yaw=-0.07
101.633333445,[debug],turtlebot2,simulation,robot-pose,x=-22.21;y=15.60;yaw=-0.07
101.650000095,[debug],turtlebot3,simulation,robot-pose,x=-27.22;y=18.03;yaw=-1.58
101.650000095,[debug],turtlebot3,simulation,robot-pose,x=-27.22;y=18.03;yaw=-1.58
101.650000095,[debug],turtlebot4,simulation,robot-pose,x=-40.39;y=25.23;yaw=0.33
101.650000095,[debug],turtlebot4,simulation,robot-pose,x=-40.39;y=25.23;yaw=0.33
101.683333397,[debug],turtlebot5,simulation,robot-pose,x=-32.90;y=33.97;yaw=-3.10
101.683333397,[debug],turtlebot5,simulation,robot-pose,x=-32.90;y=33.97;yaw=-3.10
115.966666698,[info],turtlebot2,skill-life-cycle,navigation,(status=RUNNING, parameters=[[-11.5, 16.0, 3.141592653589793, True], [-37.0, 16.0, 1.5707963267948966, True], [-37.0, 18.93, 0.0, True], [-33.9, 18.93, 3.14, False]])
116.466666698,[debug],turtlebot1,simulation,robot-pose,x=-11.46;y=17.82;yaw=-1.25
116.466666698,[debug],turtlebot1,simulation,robot-pose,x=-11.46;y=17.82;yaw=-1.25
116.633333445,[debug],turtlebot2,simulation,robot-pose,x=-19.69;y=15.63;yaw=0.16
116.633333445,[debug],turtlebot2,simulation,robot-pose,x=-19.69;y=15.63;yaw=0.16
116.650000095,[debug],turtlebot3,simulation,robot-pose,x=-27.22;y=18.03;yaw=-1.58
116.650000095,[debug],turtlebot3,simulation,robot-pose,x=-27.22;y=18.03;yaw=-1.58
116.650000095,[debug],turtlebot4,simulation,robot-pose,x=-40.39;y=25.23;yaw=0.33
116.650000095,[debug],turtlebot4,simulation,robot-pose,x=-40.39;y=25.23;yaw=0.33
116.683333397,[debug],turtlebot5,simulation,robot-pose,x=-32.90;y=33.97;yaw=-3.09
116.683333397,[debug],turtlebot5,simulation,robot-pose,x=-32.90;y=33.97;yaw=-3.09
131.466666698,[debug],turtlebot1,simulation,robot-pose,x=-11.46;y=17.82;yaw=-1.25
131.466666698,[debug],turtlebot1,simulation,robot-pose,x=-11.46;y=17.82;yaw=-1.25
131.633333445,[debug],turtlebot2,simulation,robot-pose,x=-17.82;y=15.74;yaw=0.00
131.633333445,[debug],turtlebot2,simulation,robot-pose,x=-17.82;y=15.74;yaw=0.00
131.650000095,[debug],turtlebot3,simulation,robot-pose,x=-27.22;y=18.03;yaw=-1.58
131.650000095,[debug],turtlebot3,simulation,robot-pose,x=-27.22;y=18.03;yaw=-1.58
131.650000095,[debug],turtlebot4,simulation,robot-pose,x=-40.39;y=25.23;yaw=0.33
131.650000095,[debug],turtlebot4,simulation,robot-pose,x=-40.39;y=25.23;yaw=0.33
131.683333397,[debug],turtlebot5,simulation,robot-pose,x=-32.90;y=33.97;yaw=-3.09
131.683333397,[debug],turtlebot5,simulation,robot-pose,x=-32.90;y=33.97;yaw=-3.09
146.466666698,[debug],turtlebot1,simulation,robot-pose,x=-11.46;y=17.82;yaw=-1.25
146.466666698,[debug],turtlebot1,simulation,robot-pose,x=-11.46;y=17.82;yaw=-1.25
146.633333445,[debug],turtlebot2,simulation,robot-pose,x=-15.09;y=16.01;yaw=0.27
146.633333445,[debug],turtlebot2,simulation,robot-pose,x=-15.09;y=16.01;yaw=0.27
146.650000095,[debug],turtlebot3,simulation,robot-pose,x=-27.22;y=18.03;yaw=-1.57
146.650000095,[debug],turtlebot3,simulation,robot-pose,x=-27.22;y=18.03;yaw=-1.57
146.650000095,[debug],turtlebot4,simulation,robot-pose,x=-40.39;y=25.23;yaw=0.33
146.650000095,[debug],turtlebot4,simulation,robot-pose,x=-40.39;y=25.23;yaw=0.33
146.683333397,[debug],turtlebot5,simulation,robot-pose,x=-32.90;y=33.97;yaw=-3.09
146.683333397,[debug],turtlebot5,simulation,robot-pose,x=-32.90;y=33.97;yaw=-3.09
161.466666698,[debug],turtlebot1,simulation,robot-pose,x=-11.46;y=17.82;yaw=-1.25
161.466666698,[debug],turtlebot1,simulation,robot-pose,x=-11.46;y=17.82;yaw=-1.25
161.633333445,[debug],turtlebot2,simulation,robot-pose,x=-12.32;y=16.31;yaw=-0.16
161.633333445,[debug],turtlebot2,simulation,robot-pose,x=-12.32;y=16.31;yaw=-0.16
161.650000095,[debug],turtlebot3,simulation,robot-pose,x=-27.22;y=18.03;yaw=-1.57
161.650000095,[debug],turtlebot3,simulation,robot-pose,x=-27.22;y=18.03;yaw=-1.57
161.650000095,[debug],turtlebot4,simulation,robot-pose,x=-40.39;y=25.23;yaw=0.33
161.650000095,[debug],turtlebot4,simulation,robot-pose,x=-40.39;y=25.23;yaw=0.33
161.683333397,[debug],turtlebot5,simulation,robot-pose,x=-32.90;y=33.97;yaw=-3.09
161.683333397,[debug],turtlebot5,simulation,robot-pose,x=-32.90;y=33.97;yaw=-3.09
166.183333397,[info],turtlebot2,skill-life-cycle,navigation,(status=RUNNING, parameters=[[-11.5, 16.0, 3.141592653589793, True], [-37.0, 16.0, 1.5707963267948966, True], [-37.0, 18.93, 0.0, True], [-33.9, 18.93, 3.14, False]])
171.916666746,[debug],turtlebot2,move-base-info,Hooray, the base moved arrived,(x=-11.5;y=16)
171.916666746,[debug],turtlebot2,move-base-info,Hooray, the base moved arrived,(x=-11.5;y=16)
171.916666746,[debug],turtlebot2,task-update,navigation,way-point-reached,25.0%
176.466666698,[debug],turtlebot1,simulation,robot-pose,x=-11.46;y=17.82;yaw=-1.25
176.466666698,[debug],turtlebot1,simulation,robot-pose,x=-11.46;y=17.82;yaw=-1.25
176.633333445,[debug],turtlebot2,simulation,robot-pose,x=-11.88;y=16.18;yaw=-3.09
176.633333445,[debug],turtlebot2,simulation,robot-pose,x=-11.88;y=16.18;yaw=-3.09
176.650000095,[debug],turtlebot3,simulation,robot-pose,x=-27.22;y=18.03;yaw=-1.57
176.650000095,[debug],turtlebot4,simulation,robot-pose,x=-40.39;y=25.23;yaw=0.33
176.650000095,[debug],turtlebot3,simulation,robot-pose,x=-27.22;y=18.03;yaw=-1.57
176.650000095,[debug],turtlebot4,simulation,robot-pose,x=-40.39;y=25.23;yaw=0.33
176.683333397,[debug],turtlebot5,simulation,robot-pose,x=-32.90;y=33.97;yaw=-3.09
176.683333397,[debug],turtlebot5,simulation,robot-pose,x=-32.90;y=33.97;yaw=-3.09
191.466666698,[debug],turtlebot1,simulation,robot-pose,x=-11.46;y=17.82;yaw=-1.25
191.466666698,[debug],turtlebot1,simulation,robot-pose,x=-11.46;y=17.82;yaw=-1.25
191.633333445,[debug],turtlebot2,simulation,robot-pose,x=-14.24;y=16.14;yaw=-2.68
191.633333445,[debug],turtlebot2,simulation,robot-pose,x=-14.24;y=16.14;yaw=-2.68
191.650000095,[debug],turtlebot4,simulation,robot-pose,x=-40.39;y=25.23;yaw=0.33
191.650000095,[debug],turtlebot3,simulation,robot-pose,x=-27.22;y=18.03;yaw=-1.57
191.650000095,[debug],turtlebot4,simulation,robot-pose,x=-40.39;y=25.23;yaw=0.33
191.650000095,[debug],turtlebot3,simulation,robot-pose,x=-27.22;y=18.03;yaw=-1.57
191.683333397,[debug],turtlebot5,simulation,robot-pose,x=-32.90;y=33.97;yaw=-3.09
191.683333397,[debug],turtlebot5,simulation,robot-pose,x=-32.90;y=33.97;yaw=-3.09
206.466666698,[debug],turtlebot1,simulation,robot-pose,x=-11.46;y=17.82;yaw=-1.25
206.466666698,[debug],turtlebot1,simulation,robot-pose,x=-11.46;y=17.82;yaw=-1.25
206.633333445,[debug],turtlebot2,simulation,robot-pose,x=-16.40;y=15.87;yaw=3.07
206.633333445,[debug],turtlebot2,simulation,robot-pose,x=-16.40;y=15.87;yaw=3.07
206.650000095,[debug],turtlebot4,simulation,robot-pose,x=-40.39;y=25.23;yaw=0.33
206.650000095,[debug],turtlebot4,simulation,robot-pose,x=-40.39;y=25.23;yaw=0.33
206.650000095,[debug],turtlebot3,simulation,robot-pose,x=-27.22;y=18.03;yaw=-1.57
206.650000095,[debug],turtlebot3,simulation,robot-pose,x=-27.22;y=18.03;yaw=-1.57
206.683333397,[debug],turtlebot5,simulation,robot-pose,x=-32.91;y=33.97;yaw=-3.09
206.683333397,[debug],turtlebot5,simulation,robot-pose,x=-32.91;y=33.97;yaw=-3.09
217.583333254,[info],turtlebot2,skill-life-cycle,navigation,(status=RUNNING, parameters=[[-11.5, 16.0, 3.141592653589793, True], [-37.0, 16.0, 1.5707963267948966, True], [-37.0, 18.93, 0.0, True], [-33.9, 18.93, 3.14, False]])
221.466666698,[debug],turtlebot1,simulation,robot-pose,x=-11.46;y=17.82;yaw=-1.25
221.466666698,[debug],turtlebot1,simulation,robot-pose,x=-11.46;y=17.82;yaw=-1.25
221.633333445,[debug],turtlebot2,simulation,robot-pose,x=-19.02;y=16.00;yaw=3.05
221.633333445,[debug],turtlebot2,simulation,robot-pose,x=-19.02;y=16.00;yaw=3.05
221.650000095,[debug],turtlebot3,simulation,robot-pose,x=-27.21;y=18.03;yaw=-1.57
221.650000095,[debug],turtlebot3,simulation,robot-pose,x=-27.21;y=18.03;yaw=-1.57
221.650000095,[debug],turtlebot4,simulation,robot-pose,x=-40.39;y=25.23;yaw=0.33
221.650000095,[debug],turtlebot4,simulation,robot-pose,x=-40.39;y=25.23;yaw=0.33
221.683333397,[debug],turtlebot5,simulation,robot-pose,x=-32.91;y=33.97;yaw=-3.08
221.683333397,[debug],turtlebot5,simulation,robot-pose,x=-32.91;y=33.97;yaw=-3.08
236.466666698,[debug],turtlebot1,simulation,robot-pose,x=-11.46;y=17.82;yaw=-1.25
236.466666698,[debug],turtlebot1,simulation,robot-pose,x=-11.46;y=17.82;yaw=-1.25
236.633333445,[debug],turtlebot2,simulation,robot-pose,x=-21.53;y=16.00;yaw=-3.12
236.633333445,[debug],turtlebot2,simulation,robot-pose,x=-21.53;y=16.00;yaw=-3.12
236.650000095,[debug],turtlebot4,simulation,robot-pose,x=-40.39;y=25.23;yaw=0.33
236.650000095,[debug],turtlebot3,simulation,robot-pose,x=-27.21;y=18.03;yaw=-1.57
236.650000095,[debug],turtlebot4,simulation,robot-pose,x=-40.39;y=25.23;yaw=0.33
236.650000095,[debug],turtlebot3,simulation,robot-pose,x=-27.21;y=18.03;yaw=-1.57
236.683333397,[debug],turtlebot5,simulation,robot-pose,x=-32.91;y=33.97;yaw=-3.07
236.683333397,[debug],turtlebot5,simulation,robot-pose,x=-32.91;y=33.97;yaw=-3.07
251.466666698,[debug],turtlebot1,simulation,robot-pose,x=-11.46;y=17.82;yaw=-1.25
251.466666698,[debug],turtlebot1,simulation,robot-pose,x=-11.46;y=17.82;yaw=-1.25
251.633333445,[debug],turtlebot2,simulation,robot-pose,x=-24.02;y=15.99;yaw=3.12
251.633333445,[debug],turtlebot2,simulation,robot-pose,x=-24.02;y=15.99;yaw=3.12
251.650000095,[debug],turtlebot3,simulation,robot-pose,x=-27.21;y=18.03;yaw=-1.57
251.650000095,[debug],turtlebot3,simulation,robot-pose,x=-27.21;y=18.03;yaw=-1.57
251.650000095,[debug],turtlebot4,simulation,robot-pose,x=-40.39;y=25.23;yaw=0.33
251.650000095,[debug],turtlebot4,simulation,robot-pose,x=-40.39;y=25.23;yaw=0.33
251.683333397,[debug],turtlebot5,simulation,robot-pose,x=-32.91;y=33.97;yaw=-3.06
251.683333397,[debug],turtlebot5,simulation,robot-pose,x=-32.91;y=33.97;yaw=-3.06
266.466666698,[debug],turtlebot1,simulation,robot-pose,x=-11.46;y=17.82;yaw=-1.25
266.466666698,[debug],turtlebot1,simulation,robot-pose,x=-11.46;y=17.82;yaw=-1.25
266.633333445,[debug],turtlebot2,simulation,robot-pose,x=-26.55;y=16.03;yaw=3.10
266.633333445,[debug],turtlebot2,simulation,robot-pose,x=-26.55;y=16.03;yaw=3.10
266.650000095,[debug],turtlebot4,simulation,robot-pose,x=-40.39;y=25.23;yaw=0.33
266.650000095,[debug],turtlebot4,simulation,robot-pose,x=-40.39;y=25.23;yaw=0.33
266.650000095,[debug],turtlebot3,simulation,robot-pose,x=-27.21;y=18.03;yaw=-1.57
266.650000095,[debug],turtlebot3,simulation,robot-pose,x=-27.21;y=18.03;yaw=-1.57
266.683333397,[debug],turtlebot5,simulation,robot-pose,x=-32.91;y=33.97;yaw=-3.06
266.683333397,[debug],turtlebot5,simulation,robot-pose,x=-32.91;y=33.97;yaw=-3.06
268.033333302,[info],turtlebot2,skill-life-cycle,navigation,(status=RUNNING, parameters=[[-11.5, 16.0, 3.141592653589793, True], [-37.0, 16.0, 1.5707963267948966, True], [-37.0, 18.93, 0.0, True], [-33.9, 18.93, 3.14, False]])
281.466666698,[debug],turtlebot1,simulation,robot-pose,x=-11.46;y=17.82;yaw=-1.25
281.466666698,[debug],turtlebot1,simulation,robot-pose,x=-11.46;y=17.82;yaw=-1.25
281.633333445,[debug],turtlebot2,simulation,robot-pose,x=-29.14;y=16.11;yaw=-3.10
281.633333445,[debug],turtlebot2,simulation,robot-pose,x=-29.14;y=16.11;yaw=-3.10
281.650000095,[debug],turtlebot4,simulation,robot-pose,x=-40.39;y=25.23;yaw=0.33
281.650000095,[debug],turtlebot4,simulation,robot-pose,x=-40.39;y=25.23;yaw=0.33
281.650000095,[debug],turtlebot3,simulation,robot-pose,x=-27.21;y=18.03;yaw=-1.57
281.650000095,[debug],turtlebot3,simulation,robot-pose,x=-27.21;y=18.03;yaw=-1.57
281.683333397,[debug],turtlebot5,simulation,robot-pose,x=-32.92;y=33.98;yaw=-3.05
281.683333397,[debug],turtlebot5,simulation,robot-pose,x=-32.92;y=33.98;yaw=-3.05
296.466666698,[debug],turtlebot1,simulation,robot-pose,x=-11.46;y=17.82;yaw=-1.25
296.466666698,[debug],turtlebot1,simulation,robot-pose,x=-11.46;y=17.82;yaw=-1.25
296.633333445,[debug],turtlebot2,simulation,robot-pose,x=-31.57;y=16.04;yaw=-3.02
296.633333445,[debug],turtlebot2,simulation,robot-pose,x=-31.57;y=16.04;yaw=-3.02
296.650000095,[debug],turtlebot4,simulation,robot-pose,x=-40.39;y=25.23;yaw=0.33
296.650000095,[debug],turtlebot3,simulation,robot-pose,x=-27.21;y=18.03;yaw=-1.57
296.650000095,[debug],turtlebot4,simulation,robot-pose,x=-40.39;y=25.23;yaw=0.33
296.650000095,[debug],turtlebot3,simulation,robot-pose,x=-27.21;y=18.03;yaw=-1.57
296.683333397,[debug],turtlebot5,simulation,robot-pose,x=-32.92;y=33.98;yaw=-3.05
296.683333397,[debug],turtlebot5,simulation,robot-pose,x=-32.92;y=33.98;yaw=-3.05
311.466666698,[debug],turtlebot1,simulation,robot-pose,x=-11.47;y=17.82;yaw=-1.25
311.466666698,[debug],turtlebot1,simulation,robot-pose,x=-11.47;y=17.82;yaw=-1.25
311.633333445,[debug],turtlebot2,simulation,robot-pose,x=-33.68;y=15.72;yaw=3.12
311.633333445,[debug],turtlebot2,simulation,robot-pose,x=-33.68;y=15.72;yaw=3.12
311.650000095,[debug],turtlebot3,simulation,robot-pose,x=-27.21;y=18.03;yaw=-1.57
311.650000095,[debug],turtlebot4,simulation,robot-pose,x=-40.39;y=25.23;yaw=0.33
311.650000095,[debug],turtlebot3,simulation,robot-pose,x=-27.21;y=18.03;yaw=-1.57
311.650000095,[debug],turtlebot4,simulation,robot-pose,x=-40.39;y=25.23;yaw=0.33
311.683333397,[debug],turtlebot5,simulation,robot-pose,x=-32.92;y=33.98;yaw=-3.06
311.683333397,[debug],turtlebot5,simulation,robot-pose,x=-32.92;y=33.98;yaw=-3.06
318.599999905,[info],turtlebot2,skill-life-cycle,navigation,(status=RUNNING, parameters=[[-11.5, 16.0, 3.141592653589793, True], [-37.0, 16.0, 1.5707963267948966, True], [-37.0, 18.93, 0.0, True], [-33.9, 18.93, 3.14, False]])
326.466666698,[debug],turtlebot1,simulation,robot-pose,x=-11.47;y=17.82;yaw=-1.25
326.466666698,[debug],turtlebot1,simulation,robot-pose,x=-11.47;y=17.82;yaw=-1.25
326.633333445,[debug],turtlebot2,simulation,robot-pose,x=-36.74;y=16.42;yaw=-2.90
326.633333445,[debug],turtlebot2,simulation,robot-pose,x=-36.74;y=16.42;yaw=-2.90
326.650000095,[debug],turtlebot3,simulation,robot-pose,x=-27.21;y=18.03;yaw=-1.55
326.650000095,[debug],turtlebot3,simulation,robot-pose,x=-27.21;y=18.03;yaw=-1.55
326.650000095,[debug],turtlebot4,simulation,robot-pose,x=-40.39;y=25.23;yaw=0.33
326.650000095,[debug],turtlebot4,simulation,robot-pose,x=-40.39;y=25.23;yaw=0.33
326.683333397,[debug],turtlebot5,simulation,robot-pose,x=-32.92;y=33.98;yaw=-3.06
326.683333397,[debug],turtlebot5,simulation,robot-pose,x=-32.92;y=33.98;yaw=-3.06
331.549999952,[debug],turtlebot2,move-base-info,Hooray, the base moved arrived,(x=-37;y=16)
331.549999952,[debug],turtlebot2,move-base-info,Hooray, the base moved arrived,(x=-37;y=16)
331.683333397,[debug],turtlebot2,task-update,navigation,way-point-reached,50.0%
341.466666698,[debug],turtlebot1,simulation,robot-pose,x=-11.47;y=17.82;yaw=-1.25
341.466666698,[debug],turtlebot1,simulation,robot-pose,x=-11.47;y=17.82;yaw=-1.25
341.633333445,[debug],turtlebot2,simulation,robot-pose,x=-36.91;y=18.45;yaw=1.54
341.633333445,[debug],turtlebot2,simulation,robot-pose,x=-36.91;y=18.45;yaw=1.54
341.650000095,[debug],turtlebot3,simulation,robot-pose,x=-27.21;y=18.02;yaw=-1.54
341.650000095,[debug],turtlebot3,simulation,robot-pose,x=-27.21;y=18.02;yaw=-1.54
341.650000095,[debug],turtlebot4,simulation,robot-pose,x=-40.39;y=25.23;yaw=0.33
341.650000095,[debug],turtlebot4,simulation,robot-pose,x=-40.39;y=25.23;yaw=0.33
341.683333397,[debug],turtlebot5,simulation,robot-pose,x=-32.93;y=33.98;yaw=-3.06
341.683333397,[debug],turtlebot5,simulation,robot-pose,x=-32.93;y=33.98;yaw=-3.06
345.866666555,[debug],turtlebot2,move-base-info,Hooray, the base moved arrived,(x=-37;y=18.93)
345.866666555,[debug],turtlebot2,move-base-info,Hooray, the base moved arrived,(x=-37;y=18.93)
345.966666698,[debug],turtlebot2,task-update,navigation,way-point-reached,75.0%
356.466666698,[debug],turtlebot1,simulation,robot-pose,x=-11.47;y=17.82;yaw=-1.25
356.466666698,[debug],turtlebot1,simulation,robot-pose,x=-11.47;y=17.82;yaw=-1.25
356.633333445,[debug],turtlebot2,simulation,robot-pose,x=-36.30;y=18.24;yaw=-0.54
356.633333445,[debug],turtlebot2,simulation,robot-pose,x=-36.30;y=18.24;yaw=-0.54
356.650000095,[debug],turtlebot3,simulation,robot-pose,x=-27.21;y=18.01;yaw=-1.54
356.650000095,[debug],turtlebot3,simulation,robot-pose,x=-27.21;y=18.01;yaw=-1.54
356.650000095,[debug],turtlebot4,simulation,robot-pose,x=-40.39;y=25.23;yaw=0.33
356.650000095,[debug],turtlebot4,simulation,robot-pose,x=-40.39;y=25.23;yaw=0.33
356.683333397,[debug],turtlebot5,simulation,robot-pose,x=-32.93;y=33.98;yaw=-3.06
356.683333397,[debug],turtlebot5,simulation,robot-pose,x=-32.93;y=33.98;yaw=-3.06
370.599999905,[info],turtlebot2,skill-life-cycle,navigation,(status=RUNNING, parameters=[[-11.5, 16.0, 3.141592653589793, True], [-37.0, 16.0, 1.5707963267948966, True], [-37.0, 18.93, 0.0, True], [-33.9, 18.93, 3.14, False]])
371.466666698,[debug],turtlebot1,simulation,robot-pose,x=-11.47;y=17.82;yaw=-1.25
371.466666698,[debug],turtlebot1,simulation,robot-pose,x=-11.47;y=17.82;yaw=-1.25
371.633333445,[debug],turtlebot2,simulation,robot-pose,x=-35.65;y=18.03;yaw=-0.50
371.633333445,[debug],turtlebot2,simulation,robot-pose,x=-35.65;y=18.03;yaw=-0.50
371.650000095,[debug],turtlebot3,simulation,robot-pose,x=-27.21;y=17.99;yaw=-1.54
371.650000095,[debug],turtlebot3,simulation,robot-pose,x=-27.21;y=17.99;yaw=-1.54
371.650000095,[debug],turtlebot4,simulation,robot-pose,x=-40.39;y=25.23;yaw=0.33
371.650000095,[debug],turtlebot4,simulation,robot-pose,x=-40.39;y=25.23;yaw=0.33
371.683333397,[debug],turtlebot5,simulation,robot-pose,x=-32.93;y=33.98;yaw=-3.06
371.683333397,[debug],turtlebot5,simulation,robot-pose,x=-32.93;y=33.98;yaw=-3.06
386.466666698,[debug],turtlebot1,simulation,robot-pose,x=-11.47;y=17.82;yaw=-1.25
386.466666698,[debug],turtlebot1,simulation,robot-pose,x=-11.47;y=17.82;yaw=-1.25
386.633333445,[debug],turtlebot2,simulation,robot-pose,x=-34.11;y=18.56;yaw=3.07
386.633333445,[debug],turtlebot2,simulation,robot-pose,x=-34.11;y=18.56;yaw=3.07
386.650000095,[debug],turtlebot3,simulation,robot-pose,x=-27.21;y=17.98;yaw=-1.54
386.650000095,[debug],turtlebot3,simulation,robot-pose,x=-27.21;y=17.98;yaw=-1.54
386.650000095,[debug],turtlebot4,simulation,robot-pose,x=-40.39;y=25.23;yaw=0.33
386.650000095,[debug],turtlebot4,simulation,robot-pose,x=-40.39;y=25.23;yaw=0.33
386.683333397,[debug],turtlebot5,simulation,robot-pose,x=-32.93;y=33.98;yaw=-3.06
386.683333397,[debug],turtlebot5,simulation,robot-pose,x=-32.93;y=33.98;yaw=-3.06
386.950000048,[debug],turtlebot2,move-base-info,Hooray, the base moved arrived,(x=-33.9;y=18.93)
386.950000048,[debug],turtlebot2,move-base-info,Hooray, the base moved arrived,(x=-33.9;y=18.93)
387.150000095,[debug],turtlebot2,task-update,navigation,way-point-reached,100.0%
387.233333349,[debug],turtlebot2,available-skills,['send_message', 'wait_message', 'approach_person', 'approach_robot', 'authenticate_person', 'deposit', 'navigation', 'operate_drawer', 'pick_up'],
387.233333349,[info],turtlebot2,skill-life-cycle,approach_person,(status=STARTED, parameters=['nurse'])
387.299999952,[debug],turtlebot2,task-update,approach_person,localize-person,(who=nurse)
387.400000095,[debug],turtlebot2,task-update,approach_person,goto-person,(who=nurse)
387.483333349,[debug],turtlebot2,available-skills,['send_message', 'wait_message', 'approach_person', 'approach_robot', 'authenticate_person', 'deposit', 'navigation', 'operate_drawer', 'pick_up'],
387.483333349,[info],turtlebot2,skill-life-cycle,authenticate_person,(status=STARTED, parameters=['nurse'])
387.583333254,[debug],turtlebot2,task-update,authenticate_person,request-authentication,(to=nurse)
387.583333254,[info],nurse,sync,received-request,(status=sending-request)
387.583333254,[info],nurse,sync,received-request,(status=sending-request)
388.049999952,[debug],turtlebot2,task-update,authenticate_person,received-authentication,(from=nurse)
388.133333445,[debug],turtlebot2,available-skills,['send_message', 'wait_message', 'approach_person', 'approach_robot', 'authenticate_person', 'deposit', 'navigation', 'operate_drawer', 'pick_up'],
388.133333445,[info],turtlebot2,skill-life-cycle,operate_drawer,(status=STARTED, parameters=['open'])
388.183333397,[debug],turtlebot2,task-update,operate_drawer,open
389.183333397,[debug],turtlebot2,available-skills,['send_message', 'wait_message', 'approach_person', 'approach_robot', 'authenticate_person', 'deposit', 'navigation', 'operate_drawer', 'pick_up'],
389.183333397,[info],turtlebot2,skill-life-cycle,send_message,(status=STARTED, parameters=['nurse'])
389.283333302,[info],turtlebot2,sync,send-message,(to=nurse)
390.200000048,[info],nurse,sync,wait-message,(status=message-received)
390.200000048,[info],nurse,sync,wait-message,(status=message-received)
392.933333397,[debug],turtlebot2,available-skills,['send_message', 'wait_message', 'approach_person', 'approach_robot', 'authenticate_person', 'deposit', 'navigation', 'operate_drawer', 'pick_up'],
392.933333397,[info],turtlebot2,skill-life-cycle,wait_message,(status=STARTED, parameters=['r1'])
394.266666651,[info],turtlebot2,sync,wait-message,(status=message-received)
394.349999905,[debug],turtlebot2,available-skills,['send_message', 'wait_message', 'approach_person', 'approach_robot', 'authenticate_person', 'deposit', 'navigation', 'operate_drawer', 'pick_up'],
394.349999905,[info],turtlebot2,skill-life-cycle,operate_drawer,(status=STARTED, parameters=['close'])
394.400000095,[debug],turtlebot2,task-update,operate_drawer,close
395.433333397,[debug],turtlebot2,available-skills,['send_message', 'wait_message', 'approach_person', 'approach_robot', 'authenticate_person', 'deposit', 'navigation', 'operate_drawer', 'pick_up'],
395.433333397,[info],turtlebot2,skill-life-cycle,navigation,(status=STARTED, parameters=[[-37.0, 18.93, -1.5707963267948966, True], [-37.0, 16.0, 0.0, True], [-26.0, 16.0, -1.5707963267948966, True], [-26.0, 13.0, 1.57, False]])
400.200000048,[info],nurse,sync,wait-message,(status=message-received)
400.200000048,[info],nurse,sync,wait-message,(status=message-received)
401.466666698,[debug],turtlebot1,simulation,robot-pose,x=-11.47;y=17.82;yaw=-1.25
401.466666698,[debug],turtlebot1,simulation,robot-pose,x=-11.47;y=17.82;yaw=-1.25
401.633333445,[debug],turtlebot2,simulation,robot-pose,x=-34.23;y=18.54;yaw=-2.85
401.633333445,[debug],turtlebot2,simulation,robot-pose,x=-34.23;y=18.54;yaw=-2.85
401.650000095,[debug],turtlebot3,simulation,robot-pose,x=-27.21;y=17.96;yaw=-1.54
401.650000095,[debug],turtlebot4,simulation,robot-pose,x=-40.39;y=25.23;yaw=0.33
401.650000095,[debug],turtlebot3,simulation,robot-pose,x=-27.21;y=17.96;yaw=-1.54
401.650000095,[debug],turtlebot4,simulation,robot-pose,x=-40.39;y=25.23;yaw=0.33
401.683333397,[debug],turtlebot5,simulation,robot-pose,x=-32.93;y=33.98;yaw=-3.06
401.683333397,[debug],turtlebot5,simulation,robot-pose,x=-32.93;y=33.98;yaw=-3.06
407.583333254,[info],nurse,sync,request-sent,(status=waiting)
407.583333254,[info],nurse,sync,request-sent,(status=waiting)
410.200000048,[info],nurse,sync,wait-message,(status=message-received)
410.200000048,[info],nurse,sync,wait-message,(status=message-received)
416.466666698,[debug],turtlebot1,simulation,robot-pose,x=-11.47;y=17.82;yaw=-1.25
416.466666698,[debug],turtlebot1,simulation,robot-pose,x=-11.47;y=17.82;yaw=-1.25
416.633333445,[debug],turtlebot2,simulation,robot-pose,x=-34.96;y=18.06;yaw=-2.79
416.633333445,[debug],turtlebot2,simulation,robot-pose,x=-34.96;y=18.06;yaw=-2.79
416.650000095,[debug],turtlebot4,simulation,robot-pose,x=-40.39;y=25.23;yaw=0.33
416.650000095,[debug],turtlebot4,simulation,robot-pose,x=-40.39;y=25.23;yaw=0.33
416.650000095,[debug],turtlebot3,simulation,robot-pose,x=-27.20;y=17.95;yaw=-1.54
416.650000095,[debug],turtlebot3,simulation,robot-pose,x=-27.20;y=17.95;yaw=-1.54
416.683333397,[debug],turtlebot5,simulation,robot-pose,x=-32.93;y=33.98;yaw=-3.06
416.683333397,[debug],turtlebot5,simulation,robot-pose,x=-32.93;y=33.98;yaw=-3.06
420.200000048,[info],nurse,sync,wait-message,(status=message-received)
420.200000048,[info],nurse,sync,wait-message,(status=message-received)
423.283333302,[info],turtlebot2,skill-life-cycle,navigation,(status=RUNNING, parameters=[[-37.0, 18.93, -1.5707963267948966, True], [-37.0, 16.0, 0.0, True], [-26.0, 16.0, -1.5707963267948966, True], [-26.0, 13.0, 1.57, False]])
431.466666698,[debug],turtlebot1,simulation,robot-pose,x=-11.47;y=17.82;yaw=-1.25
431.466666698,[debug],turtlebot1,simulation,robot-pose,x=-11.47;y=17.82;yaw=-1.25
431.633333445,[debug],turtlebot2,simulation,robot-pose,x=-35.26;y=17.91;yaw=-2.99
431.633333445,[debug],turtlebot2,simulation,robot-pose,x=-35.26;y=17.91;yaw=-2.99
431.650000095,[debug],turtlebot3,simulation,robot-pose,x=-27.20;y=17.93;yaw=-1.54
431.650000095,[debug],turtlebot3,simulation,robot-pose,x=-27.20;y=17.93;yaw=-1.54
431.650000095,[debug],turtlebot4,simulation,robot-pose,x=-40.39;y=25.23;yaw=0.33
431.650000095,[debug],turtlebot4,simulation,robot-pose,x=-40.39;y=25.23;yaw=0.33
431.683333397,[debug],turtlebot5,simulation,robot-pose,x=-32.93;y=33.98;yaw=-3.06
431.683333397,[debug],turtlebot5,simulation,robot-pose,x=-32.93;y=33.98;yaw=-3.06
445.299999952,[debug],turtlebot2,move-base-info,Hooray, the base moved arrived,(x=-37;y=18.93)
445.299999952,[debug],turtlebot2,move-base-info,Hooray, the base moved arrived,(x=-37;y=18.93)
445.349999905,[debug],turtlebot2,task-update,navigation,way-point-reached,25.0%
446.466666698,[debug],turtlebot1,simulation,robot-pose,x=-11.47;y=17.82;yaw=-1.25
446.466666698,[debug],turtlebot1,simulation,robot-pose,x=-11.47;y=17.82;yaw=-1.25
446.633333445,[debug],turtlebot2,simulation,robot-pose,x=-36.70;y=18.65;yaw=-1.62
446.633333445,[debug],turtlebot2,simulation,robot-pose,x=-36.70;y=18.65;yaw=-1.62
446.650000095,[debug],turtlebot4,simulation,robot-pose,x=-40.39;y=25.23;yaw=0.33
446.650000095,[debug],turtlebot4,simulation,robot-pose,x=-40.39;y=25.23;yaw=0.33
446.650000095,[debug],turtlebot3,simulation,robot-pose,x=-27.20;y=17.92;yaw=-1.54
446.650000095,[debug],turtlebot3,simulation,robot-pose,x=-27.20;y=17.92;yaw=-1.54
446.683333397,[debug],turtlebot5,simulation,robot-pose,x=-32.93;y=33.98;yaw=-3.06
446.683333397,[debug],turtlebot5,simulation,robot-pose,x=-32.93;y=33.98;yaw=-3.06
461.466666698,[debug],turtlebot1,simulation,robot-pose,x=-11.47;y=17.82;yaw=-1.25
461.466666698,[debug],turtlebot1,simulation,robot-pose,x=-11.47;y=17.82;yaw=-1.25
461.633333445,[debug],turtlebot2,simulation,robot-pose,x=-36.71;y=17.69;yaw=-1.56
461.633333445,[debug],turtlebot2,simulation,robot-pose,x=-36.71;y=17.69;yaw=-1.56
461.650000095,[debug],turtlebot4,simulation,robot-pose,x=-40.39;y=25.23;yaw=0.33
461.650000095,[debug],turtlebot4,simulation,robot-pose,x=-40.39;y=25.23;yaw=0.33
461.650000095,[debug],turtlebot3,simulation,robot-pose,x=-27.20;y=17.91;yaw=-1.54
461.650000095,[debug],turtlebot3,simulation,robot-pose,x=-27.20;y=17.91;yaw=-1.54
461.683333397,[debug],turtlebot5,simulation,robot-pose,x=-32.93;y=33.98;yaw=-3.06
461.683333397,[debug],turtlebot5,simulation,robot-pose,x=-32.93;y=33.98;yaw=-3.06
474.683333397,[info],turtlebot2,skill-life-cycle,navigation,(status=RUNNING, parameters=[[-37.0, 18.93, -1.5707963267948966, True], [-37.0, 16.0, 0.0, True], [-26.0, 16.0, -1.5707963267948966, True], [-26.0, 13.0, 1.57, False]])
476.466666698,[debug],turtlebot1,simulation,robot-pose,x=-11.47;y=17.82;yaw=-1.25
476.466666698,[debug],turtlebot1,simulation,robot-pose,x=-11.47;y=17.82;yaw=-1.25
476.633333445,[debug],turtlebot2,simulation,robot-pose,x=-36.88;y=16.48;yaw=-1.90
476.633333445,[debug],turtlebot2,simulation,robot-pose,x=-36.88;y=16.48;yaw=-1.90
476.650000095,[debug],turtlebot4,simulation,robot-pose,x=-40.39;y=25.23;yaw=0.33
476.650000095,[debug],turtlebot4,simulation,robot-pose,x=-40.39;y=25.23;yaw=0.33
476.650000095,[debug],turtlebot3,simulation,robot-pose,x=-27.20;y=17.89;yaw=-1.54
476.650000095,[debug],turtlebot3,simulation,robot-pose,x=-27.20;y=17.89;yaw=-1.54
476.683333397,[debug],turtlebot5,simulation,robot-pose,x=-32.93;y=33.98;yaw=-3.06
476.683333397,[debug],turtlebot5,simulation,robot-pose,x=-32.93;y=33.98;yaw=-3.06
481.583333254,[debug],turtlebot2,move-base-info,Hooray, the base moved arrived,(x=-37;y=16)
481.583333254,[debug],turtlebot2,move-base-info,Hooray, the base moved arrived,(x=-37;y=16)
481.683333397,[debug],turtlebot2,task-update,navigation,way-point-reached,50.0%
491.466666698,[debug],turtlebot1,simulation,robot-pose,x=-11.47;y=17.82;yaw=-1.25
491.466666698,[debug],turtlebot1,simulation,robot-pose,x=-11.47;y=17.82;yaw=-1.25
491.633333445,[debug],turtlebot2,simulation,robot-pose,x=-36.45;y=16.17;yaw=-0.97
491.633333445,[debug],turtlebot2,simulation,robot-pose,x=-36.45;y=16.17;yaw=-0.97
491.650000095,[debug],turtlebot4,simulation,robot-pose,x=-40.39;y=25.23;yaw=0.33
491.650000095,[debug],turtlebot3,simulation,robot-pose,x=-27.20;y=17.88;yaw=-1.54
491.650000095,[debug],turtlebot4,simulation,robot-pose,x=-40.39;y=25.23;yaw=0.33
491.650000095,[debug],turtlebot3,simulation,robot-pose,x=-27.20;y=17.88;yaw=-1.54
491.683333397,[debug],turtlebot5,simulation,robot-pose,x=-32.93;y=33.98;yaw=-3.06
491.683333397,[debug],turtlebot5,simulation,robot-pose,x=-32.93;y=33.98;yaw=-3.06
506.466666698,[debug],turtlebot1,simulation,robot-pose,x=-11.47;y=17.82;yaw=-1.25
506.466666698,[debug],turtlebot1,simulation,robot-pose,x=-11.47;y=17.82;yaw=-1.25
506.633333445,[debug],turtlebot2,simulation,robot-pose,x=-34.63;y=15.69;yaw=0.02
506.633333445,[debug],turtlebot2,simulation,robot-pose,x=-34.63;y=15.69;yaw=0.02
506.650000095,[debug],turtlebot4,simulation,robot-pose,x=-40.39;y=25.23;yaw=0.33
506.650000095,[debug],turtlebot4,simulation,robot-pose,x=-40.39;y=25.23;yaw=0.33
506.650000095,[debug],turtlebot3,simulation,robot-pose,x=-27.19;y=17.86;yaw=-1.54
506.650000095,[debug],turtlebot3,simulation,robot-pose,x=-27.19;y=17.86;yaw=-1.54
506.683333397,[debug],turtlebot5,simulation,robot-pose,x=-32.93;y=33.98;yaw=-3.06
506.683333397,[debug],turtlebot5,simulation,robot-pose,x=-32.93;y=33.98;yaw=-3.06
521.466666698,[debug],turtlebot1,simulation,robot-pose,x=-11.47;y=17.82;yaw=-1.25
521.466666698,[debug],turtlebot1,simulation,robot-pose,x=-11.47;y=17.82;yaw=-1.25
521.633333445,[debug],turtlebot2,simulation,robot-pose,x=-31.74;y=16.16;yaw=0.19
521.633333445,[debug],turtlebot2,simulation,robot-pose,x=-31.74;y=16.16;yaw=0.19
521.650000095,[debug],turtlebot3,simulation,robot-pose,x=-27.19;y=17.85;yaw=-1.54
521.650000095,[debug],turtlebot3,simulation,robot-pose,x=-27.19;y=17.85;yaw=-1.54
521.650000095,[debug],turtlebot4,simulation,robot-pose,x=-40.39;y=25.23;yaw=0.33
521.650000095,[debug],turtlebot4,simulation,robot-pose,x=-40.39;y=25.23;yaw=0.33
521.683333397,[debug],turtlebot5,simulation,robot-pose,x=-32.93;y=33.98;yaw=-3.05
521.683333397,[debug],turtlebot5,simulation,robot-pose,x=-32.93;y=33.98;yaw=-3.05
525.683333397,[info],turtlebot2,skill-life-cycle,navigation,(status=RUNNING, parameters=[[-37.0, 18.93, -1.5707963267948966, True], [-37.0, 16.0, 0.0, True], [-26.0, 16.0, -1.5707963267948966, True], [-26.0, 13.0, 1.57, False]])
536.466666698,[debug],turtlebot1,simulation,robot-pose,x=-11.47;y=17.82;yaw=-1.25
536.466666698,[debug],turtlebot1,simulation,robot-pose,x=-11.47;y=17.82;yaw=-1.25
536.633333445,[debug],turtlebot2,simulation,robot-pose,x=-29.34;y=16.08;yaw=0.07
536.633333445,[debug],turtlebot2,simulation,robot-pose,x=-29.34;y=16.08;yaw=0.07
536.650000095,[debug],turtlebot4,simulation,robot-pose,x=-40.39;y=25.23;yaw=0.33
536.650000095,[debug],turtlebot4,simulation,robot-pose,x=-40.39;y=25.23;yaw=0.33
536.650000095,[debug],turtlebot3,simulation,robot-pose,x=-27.19;y=17.83;yaw=-1.54
536.650000095,[debug],turtlebot3,simulation,robot-pose,x=-27.19;y=17.83;yaw=-1.54
536.683333397,[debug],turtlebot5,simulation,robot-pose,x=-32.93;y=33.98;yaw=-3.06
536.683333397,[debug],turtlebot5,simulation,robot-pose,x=-32.93;y=33.98;yaw=-3.06
551.466666698,[debug],turtlebot1,simulation,robot-pose,x=-11.47;y=17.82;yaw=-1.25
551.466666698,[debug],turtlebot1,simulation,robot-pose,x=-11.47;y=17.82;yaw=-1.25
551.633333445,[debug],turtlebot2,simulation,robot-pose,x=-26.81;y=16.12;yaw=0.28
551.633333445,[debug],turtlebot2,simulation,robot-pose,x=-26.81;y=16.12;yaw=0.28
551.650000095,[debug],turtlebot3,simulation,robot-pose,x=-27.19;y=17.81;yaw=-1.54
551.650000095,[debug],turtlebot4,simulation,robot-pose,x=-40.39;y=25.23;yaw=0.33
551.650000095,[debug],turtlebot3,simulation,robot-pose,x=-27.19;y=17.81;yaw=-1.54
551.650000095,[debug],turtlebot4,simulation,robot-pose,x=-40.39;y=25.23;yaw=0.33
551.683333397,[debug],turtlebot5,simulation,robot-pose,x=-32.93;y=33.98;yaw=-3.06
551.683333397,[debug],turtlebot5,simulation,robot-pose,x=-32.93;y=33.98;yaw=-3.06
559.116666555,[debug],turtlebot2,move-base-info,Hooray, the base moved arrived,(x=-26;y=16)
559.166666746,[debug],turtlebot2,move-base-info,Hooray, the base moved arrived,(x=-26;y=16)
559.383333445,[debug],turtlebot2,task-update,navigation,way-point-reached,75.0%
566.466666698,[debug],turtlebot1,simulation,robot-pose,x=-11.48;y=17.82;yaw=-1.25
566.466666698,[debug],turtlebot1,simulation,robot-pose,x=-11.48;y=17.82;yaw=-1.25
566.633333445,[debug],turtlebot2,simulation,robot-pose,x=-26.35;y=16.07;yaw=-1.13
566.633333445,[debug],turtlebot2,simulation,robot-pose,x=-26.35;y=16.07;yaw=-1.13
566.650000095,[debug],turtlebot4,simulation,robot-pose,x=-40.39;y=25.23;yaw=0.33
566.650000095,[debug],turtlebot4,simulation,robot-pose,x=-40.39;y=25.23;yaw=0.33
566.650000095,[debug],turtlebot3,simulation,robot-pose,x=-27.19;y=17.80;yaw=-1.54
566.650000095,[debug],turtlebot3,simulation,robot-pose,x=-27.19;y=17.80;yaw=-1.54
566.683333397,[debug],turtlebot5,simulation,robot-pose,x=-32.94;y=33.98;yaw=-3.06
566.683333397,[debug],turtlebot5,simulation,robot-pose,x=-32.94;y=33.98;yaw=-3.06
576.5,[info],turtlebot2,skill-life-cycle,navigation,(status=RUNNING, parameters=[[-37.0, 18.93, -1.5707963267948966, True], [-37.0, 16.0, 0.0, True], [-26.0, 16.0, -1.5707963267948966, True], [-26.0, 13.0, 1.57, False]])
581.466666698,[debug],turtlebot1,simulation,robot-pose,x=-11.48;y=17.82;yaw=-1.25
581.466666698,[debug],turtlebot1,simulation,robot-pose,x=-11.48;y=17.82;yaw=-1.25
581.633333445,[debug],turtlebot2,simulation,robot-pose,x=-25.83;y=14.87;yaw=-1.34
581.633333445,[debug],turtlebot2,simulation,robot-pose,x=-25.83;y=14.87;yaw=-1.34
581.650000095,[debug],turtlebot4,simulation,robot-pose,x=-40.39;y=25.23;yaw=0.33
581.650000095,[debug],turtlebot4,simulation,robot-pose,x=-40.39;y=25.23;yaw=0.33
581.650000095,[debug],turtlebot3,simulation,robot-pose,x=-27.18;y=17.78;yaw=-1.54
581.650000095,[debug],turtlebot3,simulation,robot-pose,x=-27.18;y=17.78;yaw=-1.54
581.683333397,[debug],turtlebot5,simulation,robot-pose,x=-32.94;y=33.98;yaw=-3.06
581.683333397,[debug],turtlebot5,simulation,robot-pose,x=-32.94;y=33.98;yaw=-3.06
596.466666698,[debug],turtlebot1,simulation,robot-pose,x=-11.48;y=17.82;yaw=-1.25
596.466666698,[debug],turtlebot1,simulation,robot-pose,x=-11.48;y=17.82;yaw=-1.25
596.633333445,[debug],turtlebot2,simulation,robot-pose,x=-25.80;y=13.62;yaw=-1.71
596.633333445,[debug],turtlebot2,simulation,robot-pose,x=-25.80;y=13.62;yaw=-1.71
596.650000095,[debug],turtlebot3,simulation,robot-pose,x=-27.18;y=17.77;yaw=-1.54
596.650000095,[debug],turtlebot3,simulation,robot-pose,x=-27.18;y=17.77;yaw=-1.54
596.650000095,[debug],turtlebot4,simulation,robot-pose,x=-40.39;y=25.23;yaw=0.33
596.650000095,[debug],turtlebot4,simulation,robot-pose,x=-40.39;y=25.23;yaw=0.33
596.683333397,[debug],turtlebot5,simulation,robot-pose,x=-32.94;y=33.98;yaw=-3.06
596.683333397,[debug],turtlebot5,simulation,robot-pose,x=-32.94;y=33.98;yaw=-3.06
605.683333397,[debug],turtlebot2,move-base-info,Hooray, the base moved arrived,(x=-26;y=13)
605.683333397,[debug],turtlebot2,move-base-info,Hooray, the base moved arrived,(x=-26;y=13)
605.916666746,[debug],turtlebot2,task-update,navigation,way-point-reached,100.0%
606.016666651,[debug],turtlebot2,available-skills,['send_message', 'wait_message', 'approach_person', 'approach_robot', 'authenticate_person', 'deposit', 'navigation', 'operate_drawer', 'pick_up'],
606.016666651,[info],turtlebot2,skill-life-cycle,approach_robot,(status=STARTED, parameters=['lab_arm'])
606.066666603,[debug],turtlebot2,task-update,approach_robot,localize-robot,(who=lab_arm)
606.633333445,[debug],turtlebot2,task-update,approach_robot,goto-robot,(who=lab_arm)
606.716666698,[debug],turtlebot2,available-skills,['send_message', 'wait_message', 'approach_person', 'approach_robot', 'authenticate_person', 'deposit', 'navigation', 'operate_drawer', 'pick_up'],
606.716666698,[info],turtlebot2,skill-life-cycle,operate_drawer,(status=STARTED, parameters=['open'])
606.799999952,[debug],turtlebot2,task-update,operate_drawer,open
607.799999952,[debug],turtlebot2,available-skills,['send_message', 'wait_message', 'approach_person', 'approach_robot', 'authenticate_person', 'deposit', 'navigation', 'operate_drawer', 'pick_up'],
607.799999952,[info],turtlebot2,skill-life-cycle,send_message,(status=STARTED, parameters=['lab_arm'])
607.916666746,[info],turtlebot2,sync,send-message,(to=lab_arm)
608.833333254,[info],lab_arm,sync,wait-message,(status=message-received)
608.833333254,[info],lab_arm,sync,wait-message,(status=message-received)
608.833333254,[info],Inventory,sync,wait-sample,(status=sample-received)
608.833333254,[info],Inventory,sync,wait-sample,(status=sample-received)
608.833333254,ENDSIM
608.833333254,ENDSIM
611.466666698,[debug],turtlebot1,simulation,robot-pose,x=-11.48;y=17.82;yaw=-1.25
611.466666698,[debug],turtlebot1,simulation,robot-pose,x=-11.48;y=17.82;yaw=-1.25
611.633333445,[debug],turtlebot2,simulation,robot-pose,x=-25.86;y=13.39;yaw=1.62
611.633333445,[debug],turtlebot2,simulation,robot-pose,x=-25.86;y=13.39;yaw=1.62
611.650000095,[debug],turtlebot4,simulation,robot-pose,x=-40.39;y=25.23;yaw=0.33
611.650000095,[debug],turtlebot4,simulation,robot-pose,x=-40.39;y=25.23;yaw=0.33
611.650000095,[debug],turtlebot3,simulation,robot-pose,x=-27.18;y=17.75;yaw=-1.54
611.650000095,[debug],turtlebot3,simulation,robot-pose,x=-27.18;y=17.75;yaw=-1.54
611.683333397,[debug],turtlebot5,simulation,robot-pose,x=-32.94;y=33.98;yaw=-3.06
611.683333397,[debug],turtlebot5,simulation,robot-pose,x=-32.94;y=33.98;yaw=-3.06
618.833333254,[info],Inventory,sync,wait-sample,(status=sample-received)
618.833333254,[info],Inventory,sync,wait-sample,(status=sample-received)
618.833333254,ENDSIM
618.833333254,ENDSIM
618.833333254,[info],lab_arm,sync,wait-message,(status=message-received)
618.833333254,[info],lab_arm,sync,wait-message,(status=message-received)
618.833333254,[info],Inventory,sync,wait-sample,(status=sample-received)
618.833333254,[info],Inventory,sync,wait-sample,(status=sample-received)
618.833333254,ENDSIM
618.833333254,ENDSIM
0.0,[debug],simulation closed,reach-target,execution-wall-clock=737.8008754253387
