1.6333334446,[debug],turtlebot5,move-base-info,Move_base is up and ok....,
1.6333334446,[debug],turtlebot1,move-base-info,Move_base is up and ok....,
1.68333339691,[debug],turtlebot3,move-base-info,Move_base is up and ok....,
1.71666669846,[debug],turtlebot4,move-base-info,Move_base is up and ok....,
1.73333334923,[debug],turtlebot2,move-base-info,Move_base is up and ok....,
9.73333334923,[info],turtlebot5,skill-life-cycle,init_robobt,(status=RUNNING, parameters=[])
10.2333333492,[info],turtlebot3,skill-life-cycle,init_robobt,(status=RUNNING, parameters=[])
10.8666665554,[info],turtlebot2,skill-life-cycle,init_robobt,(status=RUNNING, parameters=[])
10.9000000954,[info],turtlebot4,skill-life-cycle,init_robobt,(status=RUNNING, parameters=[])
14.3833334446,[debug],turtlebot3,available-skills,['send_message', 'wait_message', 'approach_person', 'approach_robot', 'authenticate_person', 'deposit', 'navigation', 'operate_drawer', 'pick_up'],
14.3833334446,[info],turtlebot3,skill-life-cycle,navigation,(status=STARTED, parameters=[[-27.23, 16.0, 3.141592653589793, True], [-37.0, 16.0, 1.5707963267948966, True], [-37.0, 18.93, 0.0, True], [-33.9, 18.93, 3.14, False]])
16.2333333492,[debug],turtlebot2,available-skills,['send_message', 'wait_message', 'approach_person', 'approach_robot', 'authenticate_person', 'deposit', 'navigation', 'operate_drawer', 'pick_up'],
16.2333333492,[info],turtlebot2,skill-life-cycle,navigation,(status=STARTED, parameters=[[-27.23, 16.0, 3.141592653589793, True], [-37.0, 16.0, 1.5707963267948966, True], [-37.0, 18.93, 0.0, True], [-33.9, 18.93, 3.14, False]])
24.4333333969,[debug],turtlebot1,simulation,robot-pose,x=-11.46;y=17.82;yaw=-1.25
24.4333333969,[debug],turtlebot1,simulation,robot-pose,x=-11.46;y=17.82;yaw=-1.25
24.5999999046,[debug],turtlebot4,simulation,robot-pose,x=-40.39;y=25.23;yaw=0.34
24.5999999046,[debug],turtlebot4,simulation,robot-pose,x=-40.39;y=25.23;yaw=0.34
24.5999999046,[debug],turtlebot3,simulation,robot-pose,x=-27.17;y=17.55;yaw=-1.48
24.5999999046,[debug],turtlebot3,simulation,robot-pose,x=-27.17;y=17.55;yaw=-1.48
24.5999999046,[debug],turtlebot5,simulation,robot-pose,x=-32.89;y=33.97;yaw=-3.10
24.5999999046,[debug],turtlebot5,simulation,robot-pose,x=-32.89;y=33.97;yaw=-3.10
24.5999999046,[debug],turtlebot2,simulation,robot-pose,x=-28.55;y=17.58;yaw=-1.61
24.5999999046,[debug],turtlebot2,simulation,robot-pose,x=-28.55;y=17.58;yaw=-1.61
39.4333333969,[debug],turtlebot1,simulation,robot-pose,x=-11.46;y=17.82;yaw=-1.25
39.4333333969,[debug],turtlebot1,simulation,robot-pose,x=-11.46;y=17.82;yaw=-1.25
39.5999999046,[debug],turtlebot2,simulation,robot-pose,x=-28.10;y=16.42;yaw=-0.37
39.5999999046,[debug],turtlebot2,simulation,robot-pose,x=-28.10;y=16.42;yaw=-0.37
39.5999999046,[debug],turtlebot4,simulation,robot-pose,x=-40.39;y=25.23;yaw=0.33
39.5999999046,[debug],turtlebot4,simulation,robot-pose,x=-40.39;y=25.23;yaw=0.33
39.5999999046,[debug],turtlebot3,simulation,robot-pose,x=-27.14;y=16.46;yaw=-2.63
39.5999999046,[debug],turtlebot3,simulation,robot-pose,x=-27.14;y=16.46;yaw=-2.63
39.5999999046,[debug],turtlebot5,simulation,robot-pose,x=-32.89;y=33.97;yaw=-3.10
39.5999999046,[debug],turtlebot5,simulation,robot-pose,x=-32.89;y=33.97;yaw=-3.10
41.3333332539,[debug],turtlebot3,move-base-info,Hooray, the base moved arrived,(x=-27.23;y=16)
41.4666666985,[debug],turtlebot3,move-base-info,Hooray, the base moved arrived,(x=-27.23;y=16)
41.5333333015,[debug],turtlebot3,task-update,navigation,way-point-reached,25.0%
54.4333333969,[debug],turtlebot1,simulation,robot-pose,x=-11.46;y=17.82;yaw=-1.25
54.4666666985,[debug],turtlebot1,simulation,robot-pose,x=-11.46;y=17.82;yaw=-1.25
54.5999999046,[debug],turtlebot5,simulation,robot-pose,x=-32.89;y=33.97;yaw=-3.10
54.5999999046,[debug],turtlebot5,simulation,robot-pose,x=-32.89;y=33.97;yaw=-3.10
54.5999999046,[debug],turtlebot4,simulation,robot-pose,x=-40.39;y=25.23;yaw=0.33
54.5999999046,[debug],turtlebot3,simulation,robot-pose,x=-27.43;y=16.24;yaw=-2.29
54.5999999046,[debug],turtlebot4,simulation,robot-pose,x=-40.39;y=25.23;yaw=0.33
54.5999999046,[debug],turtlebot3,simulation,robot-pose,x=-27.43;y=16.24;yaw=-2.29
54.5999999046,[debug],turtlebot2,simulation,robot-pose,x=-27.75;y=15.95;yaw=-0.70
54.5999999046,[debug],turtlebot2,simulation,robot-pose,x=-27.75;y=15.95;yaw=-0.70
56.5499999523,[info],turtlebot3,skill-life-cycle,navigation,(status=RUNNING, parameters=[[-27.23, 16.0, 3.141592653589793, True], [-37.0, 16.0, 1.5707963267948966, True], [-37.0, 18.93, 0.0, True], [-33.9, 18.93, 3.14, False]])
58.1166665554,[info],turtlebot2,skill-life-cycle,navigation,(status=RUNNING, parameters=[[-27.23, 16.0, 3.141592653589793, True], [-37.0, 16.0, 1.5707963267948966, True], [-37.0, 18.93, 0.0, True], [-33.9, 18.93, 3.14, False]])
69.4333333969,[debug],turtlebot1,simulation,robot-pose,x=-11.46;y=17.82;yaw=-1.25
69.4500000477,[debug],turtlebot1,simulation,robot-pose,x=-11.46;y=17.82;yaw=-1.25
69.5999999046,[debug],turtlebot2,simulation,robot-pose,x=-27.53;y=15.59;yaw=0.87
69.5999999046,[debug],turtlebot2,simulation,robot-pose,x=-27.53;y=15.59;yaw=0.87
69.5999999046,[debug],turtlebot4,simulation,robot-pose,x=-40.39;y=25.23;yaw=0.33
69.5999999046,[debug],turtlebot4,simulation,robot-pose,x=-40.39;y=25.23;yaw=0.33
69.5999999046,[debug],turtlebot3,simulation,robot-pose,x=-27.57;y=16.11;yaw=-2.27
69.5999999046,[debug],turtlebot5,simulation,robot-pose,x=-32.89;y=33.97;yaw=-3.10
69.5999999046,[debug],turtlebot3,simulation,robot-pose,x=-27.57;y=16.11;yaw=-2.27
69.5999999046,[debug],turtlebot5,simulation,robot-pose,x=-32.89;y=33.97;yaw=-3.10
77.5999999046,[debug],turtlebot2,move-base-info,Hooray, the base moved arrived,(x=-27.23;y=16)
77.5999999046,[debug],turtlebot2,move-base-info,Hooray, the base moved arrived,(x=-27.23;y=16)
77.5999999046,[debug],turtlebot2,task-update,navigation,way-point-reached,25.0%
84.4333333969,[debug],turtlebot1,simulation,robot-pose,x=-11.46;y=17.82;yaw=-1.25
84.4666666985,[debug],turtlebot1,simulation,robot-pose,x=-11.46;y=17.82;yaw=-1.25
84.5999999046,[debug],turtlebot5,simulation,robot-pose,x=-32.90;y=33.97;yaw=-3.10
84.5999999046,[debug],turtlebot4,simulation,robot-pose,x=-40.39;y=25.23;yaw=0.33
84.5999999046,[debug],turtlebot3,simulation,robot-pose,x=-29.28;y=15.76;yaw=-3.09
84.5999999046,[debug],turtlebot5,simulation,robot-pose,x=-32.90;y=33.97;yaw=-3.10
84.5999999046,[debug],turtlebot4,simulation,robot-pose,x=-40.39;y=25.23;yaw=0.33
84.5999999046,[debug],turtlebot3,simulation,robot-pose,x=-29.28;y=15.76;yaw=-3.09
84.5999999046,[debug],turtlebot2,simulation,robot-pose,x=-27.90;y=15.64;yaw=3.00
84.5999999046,[debug],turtlebot2,simulation,robot-pose,x=-27.90;y=15.64;yaw=3.00
99.4333333969,[debug],turtlebot1,simulation,robot-pose,x=-11.46;y=17.82;yaw=-1.25
99.4500000477,[debug],turtlebot1,simulation,robot-pose,x=-11.46;y=17.82;yaw=-1.25
99.5999999046,[debug],turtlebot5,simulation,robot-pose,x=-32.90;y=33.97;yaw=-3.10
99.5999999046,[debug],turtlebot2,simulation,robot-pose,x=-30.47;y=15.71;yaw=-3.14
99.5999999046,[debug],turtlebot3,simulation,robot-pose,x=-31.73;y=15.70;yaw=-3.10
99.5999999046,[debug],turtlebot4,simulation,robot-pose,x=-40.39;y=25.23;yaw=0.33
99.5999999046,[debug],turtlebot5,simulation,robot-pose,x=-32.90;y=33.97;yaw=-3.10
99.5999999046,[debug],turtlebot2,simulation,robot-pose,x=-30.47;y=15.71;yaw=-3.14
99.5999999046,[debug],turtlebot3,simulation,robot-pose,x=-31.73;y=15.70;yaw=-3.10
99.5999999046,[debug],turtlebot4,simulation,robot-pose,x=-40.39;y=25.23;yaw=0.33
102.266666651,[info],turtlebot3,skill-life-cycle,navigation,(status=RUNNING, parameters=[[-27.23, 16.0, 3.141592653589793, True], [-37.0, 16.0, 1.5707963267948966, True], [-37.0, 18.93, 0.0, True], [-33.9, 18.93, 3.14, False]])
103.783333302,[info],turtlebot2,skill-life-cycle,navigation,(status=RUNNING, parameters=[[-27.23, 16.0, 3.141592653589793, True], [-37.0, 16.0, 1.5707963267948966, True], [-37.0, 18.93, 0.0, True], [-33.9, 18.93, 3.14, False]])
114.433333397,[debug],turtlebot1,simulation,robot-pose,x=-11.46;y=17.82;yaw=-1.25
114.450000048,[debug],turtlebot1,simulation,robot-pose,x=-11.46;y=17.82;yaw=-1.25
114.599999905,[debug],turtlebot4,simulation,robot-pose,x=-40.39;y=25.23;yaw=0.33
114.599999905,[debug],turtlebot2,simulation,robot-pose,x=-32.66;y=15.43;yaw=-2.93
114.599999905,[debug],turtlebot5,simulation,robot-pose,x=-32.90;y=33.97;yaw=-3.09
114.599999905,[debug],turtlebot4,simulation,robot-pose,x=-40.39;y=25.23;yaw=0.33
114.599999905,[debug],turtlebot3,simulation,robot-pose,x=-34.37;y=15.85;yaw=3.11
114.599999905,[debug],turtlebot2,simulation,robot-pose,x=-32.66;y=15.43;yaw=-2.93
114.599999905,[debug],turtlebot5,simulation,robot-pose,x=-32.90;y=33.97;yaw=-3.09
114.599999905,[debug],turtlebot3,simulation,robot-pose,x=-34.37;y=15.85;yaw=3.11
129.433333397,[debug],turtlebot1,simulation,robot-pose,x=-11.46;y=17.82;yaw=-1.25
129.433333397,[debug],turtlebot1,simulation,robot-pose,x=-11.46;y=17.82;yaw=-1.25
129.599999905,[debug],turtlebot3,simulation,robot-pose,x=-36.55;y=15.89;yaw=2.04
129.599999905,[debug],turtlebot3,simulation,robot-pose,x=-36.55;y=15.89;yaw=2.04
129.599999905,[debug],turtlebot2,simulation,robot-pose,x=-35.31;y=15.61;yaw=3.06
129.599999905,[debug],turtlebot5,simulation,robot-pose,x=-32.90;y=33.97;yaw=-3.09
129.599999905,[debug],turtlebot2,simulation,robot-pose,x=-35.31;y=15.61;yaw=3.06
129.599999905,[debug],turtlebot4,simulation,robot-pose,x=-40.39;y=25.23;yaw=0.33
129.599999905,[debug],turtlebot5,simulation,robot-pose,x=-32.90;y=33.97;yaw=-3.09
129.599999905,[debug],turtlebot4,simulation,robot-pose,x=-40.39;y=25.23;yaw=0.33
131.233333349,[debug],turtlebot3,move-base-info,Hooray, the base moved arrived,(x=-37;y=16)
131.233333349,[debug],turtlebot3,move-base-info,Hooray, the base moved arrived,(x=-37;y=16)
131.383333445,[debug],turtlebot3,task-update,navigation,way-point-reached,50.0%
141.966666698,[debug],turtlebot2,move-base-info,Hooray, the base moved arrived,(x=-37;y=16)
141.966666698,[debug],turtlebot2,move-base-info,Hooray, the base moved arrived,(x=-37;y=16)
142.083333254,[debug],turtlebot2,task-update,navigation,way-point-reached,50.0%
144.450000048,[debug],turtlebot1,simulation,robot-pose,x=-11.46;y=17.82;yaw=-1.25
144.466666698,[debug],turtlebot1,simulation,robot-pose,x=-11.46;y=17.82;yaw=-1.25
144.599999905,[debug],turtlebot5,simulation,robot-pose,x=-32.90;y=33.97;yaw=-3.09
144.599999905,[debug],turtlebot5,simulation,robot-pose,x=-32.90;y=33.97;yaw=-3.09
144.599999905,[debug],turtlebot2,simulation,robot-pose,x=-36.56;y=15.87;yaw=1.62
144.599999905,[debug],turtlebot2,simulation,robot-pose,x=-36.56;y=15.87;yaw=1.62
144.616666555,[debug],turtlebot3,simulation,robot-pose,x=-36.83;y=18.50;yaw=0.85
144.616666555,[debug],turtlebot3,simulation,robot-pose,x=-36.83;y=18.50;yaw=0.85
144.616666555,[debug],turtlebot4,simulation,robot-pose,x=-40.39;y=25.23;yaw=0.33
144.616666555,[debug],turtlebot4,simulation,robot-pose,x=-40.39;y=25.23;yaw=0.33
147.150000095,[debug],turtlebot3,move-base-info,Hooray, the base moved arrived,(x=-37;y=18.93)
147.150000095,[debug],turtlebot3,move-base-info,Hooray, the base moved arrived,(x=-37;y=18.93)
147.233333349,[debug],turtlebot3,task-update,navigation,way-point-reached,75.0%
148.833333254,[info],turtlebot3,skill-life-cycle,navigation,(status=RUNNING, parameters=[[-27.23, 16.0, 3.141592653589793, True], [-37.0, 16.0, 1.5707963267948966, True], [-37.0, 18.93, 0.0, True], [-33.9, 18.93, 3.14, False]])
150.516666651,[info],turtlebot2,skill-life-cycle,navigation,(status=RUNNING, parameters=[[-27.23, 16.0, 3.141592653589793, True], [-37.0, 16.0, 1.5707963267948966, True], [-37.0, 18.93, 0.0, True], [-33.9, 18.93, 3.14, False]])
159.433333397,[debug],turtlebot1,simulation,robot-pose,x=-11.46;y=17.82;yaw=-1.25
159.450000048,[debug],turtlebot1,simulation,robot-pose,x=-11.46;y=17.82;yaw=-1.25
159.599999905,[debug],turtlebot5,simulation,robot-pose,x=-32.90;y=33.97;yaw=-3.09
159.599999905,[debug],turtlebot5,simulation,robot-pose,x=-32.90;y=33.97;yaw=-3.09
159.599999905,[debug],turtlebot4,simulation,robot-pose,x=-40.39;y=25.23;yaw=0.33
159.599999905,[debug],turtlebot4,simulation,robot-pose,x=-40.39;y=25.23;yaw=0.33
159.599999905,[debug],turtlebot2,simulation,robot-pose,x=-36.83;y=18.10;yaw=1.01
159.599999905,[debug],turtlebot2,simulation,robot-pose,x=-36.83;y=18.10;yaw=1.01
159.599999905,[debug],turtlebot3,simulation,robot-pose,x=-36.14;y=18.24;yaw=-0.78
159.599999905,[debug],turtlebot3,simulation,robot-pose,x=-36.14;y=18.24;yaw=-0.78
167.416666746,[debug],turtlebot2,move-base-info,Hooray, the base moved arrived,(x=-37;y=18.93)
167.466666698,[debug],turtlebot2,move-base-info,Hooray, the base moved arrived,(x=-37;y=18.93)
167.583333254,[debug],turtlebot2,task-update,navigation,way-point-reached,75.0%
174.416666746,[debug],turtlebot1,simulation,robot-pose,x=-11.46;y=17.82;yaw=-1.25
174.433333397,[debug],turtlebot1,simulation,robot-pose,x=-11.46;y=17.82;yaw=-1.25
174.599999905,[debug],turtlebot5,simulation,robot-pose,x=-32.90;y=33.97;yaw=-3.09
174.599999905,[debug],turtlebot3,simulation,robot-pose,x=-35.48;y=17.96;yaw=-0.25
174.599999905,[debug],turtlebot5,simulation,robot-pose,x=-32.90;y=33.97;yaw=-3.09
174.599999905,[debug],turtlebot3,simulation,robot-pose,x=-35.48;y=17.96;yaw=-0.25
174.599999905,[debug],turtlebot4,simulation,robot-pose,x=-40.39;y=25.23;yaw=0.33
174.599999905,[debug],turtlebot4,simulation,robot-pose,x=-40.39;y=25.23;yaw=0.33
174.599999905,[debug],turtlebot2,simulation,robot-pose,x=-36.51;y=18.45;yaw=-0.47
174.599999905,[debug],turtlebot2,simulation,robot-pose,x=-36.51;y=18.45;yaw=-0.47
189.433333397,[debug],turtlebot1,simulation,robot-pose,x=-11.46;y=17.82;yaw=-1.25
189.466666698,[debug],turtlebot1,simulation,robot-pose,x=-11.46;y=17.82;yaw=-1.25
189.599999905,[debug],turtlebot5,simulation,robot-pose,x=-32.90;y=33.97;yaw=-3.09
189.599999905,[debug],turtlebot3,simulation,robot-pose,x=-34.11;y=18.56;yaw=3.01
189.599999905,[debug],turtlebot4,simulation,robot-pose,x=-40.39;y=25.23;yaw=0.33
189.599999905,[debug],turtlebot2,simulation,robot-pose,x=-35.70;y=18.01;yaw=-0.06
189.599999905,[debug],turtlebot5,simulation,robot-pose,x=-32.90;y=33.97;yaw=-3.09
189.599999905,[debug],turtlebot3,simulation,robot-pose,x=-34.11;y=18.56;yaw=3.01
189.599999905,[debug],turtlebot4,simulation,robot-pose,x=-40.39;y=25.23;yaw=0.33
189.616666555,[debug],turtlebot2,simulation,robot-pose,x=-35.70;y=18.01;yaw=-0.06
190.266666651,[debug],turtlebot3,move-base-info,Hooray, the base moved arrived,(x=-33.9;y=18.93)
190.266666651,[debug],turtlebot3,move-base-info,Hooray, the base moved arrived,(x=-33.9;y=18.93)
190.416666746,[debug],turtlebot3,task-update,navigation,way-point-reached,100.0%
190.483333349,[debug],turtlebot3,available-skills,['send_message', 'wait_message', 'approach_person', 'approach_robot', 'authenticate_person', 'deposit', 'navigation', 'operate_drawer', 'pick_up'],
190.483333349,[info],turtlebot3,skill-life-cycle,approach_person,(status=STARTED, parameters=['nurse'])
190.650000095,[debug],turtlebot3,task-update,approach_person,localize-person,(who=nurse)
190.833333254,[debug],turtlebot3,task-update,approach_person,goto-person,(who=nurse)
190.900000095,[debug],turtlebot3,available-skills,['send_message', 'wait_message', 'approach_person', 'approach_robot', 'authenticate_person', 'deposit', 'navigation', 'operate_drawer', 'pick_up'],
190.900000095,[info],turtlebot3,skill-life-cycle,authenticate_person,(status=STARTED, parameters=['nurse'])
190.983333349,[debug],turtlebot3,task-update,authenticate_person,request-authentication,(to=nurse)
190.983333349,[info],nurse,sync,received-request,(status=sending-request)
190.983333349,[info],nurse,sync,received-request,(status=sending-request)
191.383333445,[debug],turtlebot3,task-update,authenticate_person,received-authentication,(from=nurse)
191.450000048,[debug],turtlebot3,available-skills,['send_message', 'wait_message', 'approach_person', 'approach_robot', 'authenticate_person', 'deposit', 'navigation', 'operate_drawer', 'pick_up'],
191.450000048,[info],turtlebot3,skill-life-cycle,operate_drawer,(status=STARTED, parameters=['open'])
191.533333302,[debug],turtlebot3,task-update,operate_drawer,open
196.816666603,[info],turtlebot2,skill-life-cycle,navigation,(status=RUNNING, parameters=[[-27.23, 16.0, 3.141592653589793, True], [-37.0, 16.0, 1.5707963267948966, True], [-37.0, 18.93, 0.0, True], [-33.9, 18.93, 3.14, False]])
204.450000048,[debug],turtlebot1,simulation,robot-pose,x=-11.46;y=17.82;yaw=-1.25
204.450000048,[debug],turtlebot1,simulation,robot-pose,x=-11.46;y=17.82;yaw=-1.25
204.599999905,[debug],turtlebot2,simulation,robot-pose,x=-34.36;y=18.42;yaw=0.85
204.599999905,[debug],turtlebot3,simulation,robot-pose,x=-33.96;y=18.65;yaw=2.57
204.599999905,[debug],turtlebot2,simulation,robot-pose,x=-34.36;y=18.42;yaw=0.85
204.599999905,[debug],turtlebot3,simulation,robot-pose,x=-33.96;y=18.65;yaw=2.57
204.599999905,[debug],turtlebot5,simulation,robot-pose,x=-32.91;y=33.97;yaw=-3.09
204.599999905,[debug],turtlebot5,simulation,robot-pose,x=-32.91;y=33.97;yaw=-3.09
204.599999905,[debug],turtlebot4,simulation,robot-pose,x=-40.39;y=25.23;yaw=0.33
204.599999905,[debug],turtlebot4,simulation,robot-pose,x=-40.39;y=25.23;yaw=0.33
210.983333349,[info],nurse,sync,request-sent,(status=waiting)
210.983333349,[info],nurse,sync,request-sent,(status=waiting)
219.433333397,[debug],turtlebot1,simulation,robot-pose,x=-11.46;y=17.82;yaw=-1.25
219.483333349,[debug],turtlebot1,simulation,robot-pose,x=-11.46;y=17.82;yaw=-1.25
219.599999905,[debug],turtlebot5,simulation,robot-pose,x=-32.91;y=33.97;yaw=-3.08
219.599999905,[debug],turtlebot5,simulation,robot-pose,x=-32.91;y=33.97;yaw=-3.08
219.599999905,[debug],turtlebot4,simulation,robot-pose,x=-40.39;y=25.23;yaw=0.33
219.599999905,[debug],turtlebot4,simulation,robot-pose,x=-40.39;y=25.23;yaw=0.33
219.599999905,[debug],turtlebot3,simulation,robot-pose,x=-33.90;y=18.69;yaw=2.41
219.599999905,[debug],turtlebot2,simulation,robot-pose,x=-34.33;y=18.52;yaw=0.69
219.599999905,[debug],turtlebot3,simulation,robot-pose,x=-33.90;y=18.69;yaw=2.41
219.599999905,[debug],turtlebot2,simulation,robot-pose,x=-34.33;y=18.52;yaw=0.69
234.433333397,[debug],turtlebot1,simulation,robot-pose,x=-11.46;y=17.82;yaw=-1.25
234.450000048,[debug],turtlebot1,simulation,robot-pose,x=-11.46;y=17.82;yaw=-1.25
234.599999905,[debug],turtlebot2,simulation,robot-pose,x=-34.29;y=18.61;yaw=0.56
234.599999905,[debug],turtlebot4,simulation,robot-pose,x=-40.39;y=25.23;yaw=0.33
234.599999905,[debug],turtlebot5,simulation,robot-pose,x=-32.91;y=33.97;yaw=-3.07
234.599999905,[debug],turtlebot3,simulation,robot-pose,x=-33.84;y=18.73;yaw=2.25
234.599999905,[debug],turtlebot2,simulation,robot-pose,x=-34.29;y=18.61;yaw=0.56
234.599999905,[debug],turtlebot4,simulation,robot-pose,x=-40.39;y=25.23;yaw=0.33
234.616666555,[debug],turtlebot5,simulation,robot-pose,x=-32.91;y=33.97;yaw=-3.07
234.616666555,[debug],turtlebot3,simulation,robot-pose,x=-33.84;y=18.73;yaw=2.25
247.266666651,[info],turtlebot2,skill-life-cycle,navigation,(status=RUNNING, parameters=[[-27.23, 16.0, 3.141592653589793, True], [-37.0, 16.0, 1.5707963267948966, True], [-37.0, 18.93, 0.0, True], [-33.9, 18.93, 3.14, False]])
249.450000048,[debug],turtlebot1,simulation,robot-pose,x=-11.46;y=17.82;yaw=-1.25
249.450000048,[debug],turtlebot1,simulation,robot-pose,x=-11.46;y=17.82;yaw=-1.25
249.599999905,[debug],turtlebot5,simulation,robot-pose,x=-32.91;y=33.97;yaw=-3.06
249.616666555,[debug],turtlebot5,simulation,robot-pose,x=-32.91;y=33.97;yaw=-3.06
249.616666555,[debug],turtlebot4,simulation,robot-pose,x=-40.39;y=25.23;yaw=0.33
249.616666555,[debug],turtlebot4,simulation,robot-pose,x=-40.39;y=25.23;yaw=0.33
249.616666555,[debug],turtlebot3,simulation,robot-pose,x=-33.80;y=18.77;yaw=2.19
249.616666555,[debug],turtlebot3,simulation,robot-pose,x=-33.80;y=18.77;yaw=2.19
249.616666555,[debug],turtlebot2,simulation,robot-pose,x=-34.27;y=18.64;yaw=2.07
249.616666555,[debug],turtlebot2,simulation,robot-pose,x=-34.27;y=18.64;yaw=2.07
254.133333445,[debug],turtlebot2,move-base-info,Hooray, the base moved arrived,(x=-33.9;y=18.93)
254.133333445,[debug],turtlebot2,move-base-info,Hooray, the base moved arrived,(x=-33.9;y=18.93)
254.366666555,[debug],turtlebot2,task-update,navigation,way-point-reached,100.0%
254.433333397,[debug],turtlebot2,available-skills,['send_message', 'wait_message', 'approach_person', 'approach_robot', 'authenticate_person', 'deposit', 'navigation', 'operate_drawer', 'pick_up'],
254.433333397,[info],turtlebot2,skill-life-cycle,approach_person,(status=STARTED, parameters=['nurse'])
254.483333349,[debug],turtlebot2,task-update,approach_person,localize-person,(who=nurse)
254.599999905,[debug],turtlebot2,task-update,approach_person,goto-person,(who=nurse)
254.683333397,[debug],turtlebot2,available-skills,['send_message', 'wait_message', 'approach_person', 'approach_robot', 'authenticate_person', 'deposit', 'navigation', 'operate_drawer', 'pick_up'],
254.683333397,[info],turtlebot2,skill-life-cycle,authenticate_person,(status=STARTED, parameters=['nurse'])
254.733333349,[debug],turtlebot2,task-update,authenticate_person,request-authentication,(to=nurse)
254.75,[info],nurse,sync,received-request,(status=sending-request)
254.75,[info],nurse,sync,received-request,(status=sending-request)
255.200000048,[debug],turtlebot2,task-update,authenticate_person,received-authentication,(from=nurse)
255.283333302,[debug],turtlebot2,available-skills,['send_message', 'wait_message', 'approach_person', 'approach_robot', 'authenticate_person', 'deposit', 'navigation', 'operate_drawer', 'pick_up'],
255.283333302,[info],turtlebot2,skill-life-cycle,operate_drawer,(status=STARTED, parameters=['open'])
255.333333254,[debug],turtlebot2,task-update,operate_drawer,open
256.316666603,[debug],turtlebot2,available-skills,['send_message', 'wait_message', 'approach_person', 'approach_robot', 'authenticate_person', 'deposit', 'navigation', 'operate_drawer', 'pick_up'],
256.316666603,[info],turtlebot2,skill-life-cycle,send_message,(status=STARTED, parameters=['nurse'])
256.433333397,[info],turtlebot2,sync,send-message,(to=nurse)
257.366666555,[info],nurse,sync,wait-message,(status=message-received)
257.416666746,[info],nurse,sync,wait-message,(status=message-received)
260.033333302,[debug],turtlebot2,available-skills,['send_message', 'wait_message', 'approach_person', 'approach_robot', 'authenticate_person', 'deposit', 'navigation', 'operate_drawer', 'pick_up'],
260.033333302,[info],turtlebot2,skill-life-cycle,wait_message,(status=STARTED, parameters=['r1'])
261.450000048,[info],turtlebot2,sync,wait-message,(status=message-received)
261.549999952,[debug],turtlebot2,available-skills,['send_message', 'wait_message', 'approach_person', 'approach_robot', 'authenticate_person', 'deposit', 'navigation', 'operate_drawer', 'pick_up'],
261.549999952,[info],turtlebot2,skill-life-cycle,operate_drawer,(status=STARTED, parameters=['close'])
261.583333254,[debug],turtlebot2,task-update,operate_drawer,close
262.583333254,[debug],turtlebot2,available-skills,['send_message', 'wait_message', 'approach_person', 'approach_robot', 'authenticate_person', 'deposit', 'navigation', 'operate_drawer', 'pick_up'],
262.583333254,[info],turtlebot2,skill-life-cycle,navigation,(status=STARTED, parameters=[[-37.0, 18.93, -1.5707963267948966, True], [-37.0, 16.0, 0.0, True], [-26.0, 16.0, -1.5707963267948966, True], [-26.0, 13.0, 1.57, False]])
264.433333397,[debug],turtlebot1,simulation,robot-pose,x=-11.46;y=17.82;yaw=-1.25
264.450000048,[debug],turtlebot1,simulation,robot-pose,x=-11.46;y=17.82;yaw=-1.25
264.599999905,[debug],turtlebot4,simulation,robot-pose,x=-40.39;y=25.23;yaw=0.33
264.599999905,[debug],turtlebot2,simulation,robot-pose,x=-34.27;y=18.60;yaw=3.09
264.599999905,[debug],turtlebot4,simulation,robot-pose,x=-40.39;y=25.23;yaw=0.33
264.599999905,[debug],turtlebot3,simulation,robot-pose,x=-33.80;y=18.79;yaw=2.15
264.599999905,[debug],turtlebot2,simulation,robot-pose,x=-34.27;y=18.60;yaw=3.09
264.599999905,[debug],turtlebot5,simulation,robot-pose,x=-32.91;y=33.97;yaw=-3.06
264.599999905,[debug],turtlebot3,simulation,robot-pose,x=-33.80;y=18.79;yaw=2.15
264.599999905,[debug],turtlebot5,simulation,robot-pose,x=-32.91;y=33.97;yaw=-3.06
267.366666555,[info],nurse,sync,wait-message,(status=message-received)
267.483333349,[info],nurse,sync,wait-message,(status=message-received)
274.75,[info],nurse,sync,request-sent,(status=waiting)
274.75,[info],nurse,sync,request-sent,(status=waiting)
277.366666555,[info],nurse,sync,wait-message,(status=message-received)
277.416666746,[info],nurse,sync,wait-message,(status=message-received)
279.433333397,[debug],turtlebot1,simulation,robot-pose,x=-11.46;y=17.82;yaw=-1.25
279.433333397,[debug],turtlebot1,simulation,robot-pose,x=-11.46;y=17.82;yaw=-1.25
279.599999905,[debug],turtlebot2,simulation,robot-pose,x=-34.99;y=18.07;yaw=-2.53
279.599999905,[debug],turtlebot2,simulation,robot-pose,x=-34.99;y=18.07;yaw=-2.53
279.599999905,[debug],turtlebot4,simulation,robot-pose,x=-40.39;y=25.23;yaw=0.33
279.599999905,[debug],turtlebot4,simulation,robot-pose,x=-40.39;y=25.23;yaw=0.33
279.599999905,[debug],turtlebot3,simulation,robot-pose,x=-33.80;y=18.79;yaw=2.16
279.599999905,[debug],turtlebot3,simulation,robot-pose,x=-33.80;y=18.79;yaw=2.16
279.599999905,[debug],turtlebot5,simulation,robot-pose,x=-32.92;y=33.98;yaw=-3.05
279.599999905,[debug],turtlebot5,simulation,robot-pose,x=-32.92;y=33.98;yaw=-3.05
287.366666555,[info],nurse,sync,wait-message,(status=message-received)
287.483333349,[info],nurse,sync,wait-message,(status=message-received)
294.433333397,[debug],turtlebot1,simulation,robot-pose,x=-11.46;y=17.82;yaw=-1.25
294.450000048,[debug],turtlebot1,simulation,robot-pose,x=-11.46;y=17.82;yaw=-1.25
294.599999905,[debug],turtlebot5,simulation,robot-pose,x=-32.92;y=33.98;yaw=-3.05
294.599999905,[debug],turtlebot2,simulation,robot-pose,x=-36.65;y=18.59;yaw=2.75
294.599999905,[debug],turtlebot5,simulation,robot-pose,x=-32.92;y=33.98;yaw=-3.05
294.599999905,[debug],turtlebot2,simulation,robot-pose,x=-36.65;y=18.59;yaw=2.75
294.599999905,[debug],turtlebot4,simulation,robot-pose,x=-40.39;y=25.23;yaw=0.33
294.599999905,[debug],turtlebot4,simulation,robot-pose,x=-40.39;y=25.23;yaw=0.33
294.599999905,[debug],turtlebot3,simulation,robot-pose,x=-33.81;y=18.79;yaw=2.18
294.599999905,[debug],turtlebot3,simulation,robot-pose,x=-33.81;y=18.79;yaw=2.18
299.383333445,[info],turtlebot2,skill-life-cycle,navigation,(status=RUNNING, parameters=[[-37.0, 18.93, -1.5707963267948966, True], [-37.0, 16.0, 0.0, True], [-26.0, 16.0, -1.5707963267948966, True], [-26.0, 13.0, 1.57, False]])
299.733333349,[debug],turtlebot2,move-base-info,Hooray, the base moved arrived,(x=-37;y=18.93)
299.733333349,[debug],turtlebot2,move-base-info,Hooray, the base moved arrived,(x=-37;y=18.93)
299.766666651,[debug],turtlebot2,task-update,navigation,way-point-reached,25.0%
309.433333397,[debug],turtlebot1,simulation,robot-pose,x=-11.47;y=17.82;yaw=-1.25
309.466666698,[debug],turtlebot1,simulation,robot-pose,x=-11.47;y=17.82;yaw=-1.25
309.599999905,[debug],turtlebot5,simulation,robot-pose,x=-32.92;y=33.98;yaw=-3.06
309.599999905,[debug],turtlebot5,simulation,robot-pose,x=-32.92;y=33.98;yaw=-3.06
309.599999905,[debug],turtlebot4,simulation,robot-pose,x=-40.39;y=25.23;yaw=0.33
309.599999905,[debug],turtlebot4,simulation,robot-pose,x=-40.39;y=25.23;yaw=0.33
309.616666555,[debug],turtlebot2,simulation,robot-pose,x=-36.69;y=18.22;yaw=-1.58
309.616666555,[debug],turtlebot2,simulation,robot-pose,x=-36.69;y=18.22;yaw=-1.58
309.616666555,[debug],turtlebot3,simulation,robot-pose,x=-33.81;y=18.79;yaw=2.21
309.616666555,[debug],turtlebot3,simulation,robot-pose,x=-33.81;y=18.79;yaw=2.21
324.433333397,[debug],turtlebot1,simulation,robot-pose,x=-11.47;y=17.82;yaw=-1.25
324.450000048,[debug],turtlebot1,simulation,robot-pose,x=-11.47;y=17.82;yaw=-1.25
324.599999905,[debug],turtlebot3,simulation,robot-pose,x=-33.80;y=18.79;yaw=2.24
324.599999905,[debug],turtlebot4,simulation,robot-pose,x=-40.39;y=25.23;yaw=0.33
324.599999905,[debug],turtlebot2,simulation,robot-pose,x=-36.73;y=16.97;yaw=-1.69
324.599999905,[debug],turtlebot3,simulation,robot-pose,x=-33.80;y=18.79;yaw=2.24
324.599999905,[debug],turtlebot4,simulation,robot-pose,x=-40.39;y=25.23;yaw=0.33
324.599999905,[debug],turtlebot2,simulation,robot-pose,x=-36.73;y=16.97;yaw=-1.69
324.599999905,[debug],turtlebot5,simulation,robot-pose,x=-32.92;y=33.98;yaw=-3.06
324.599999905,[debug],turtlebot5,simulation,robot-pose,x=-32.92;y=33.98;yaw=-3.06
336.049999952,[debug],turtlebot2,move-base-info,Hooray, the base moved arrived,(x=-37;y=16)
336.049999952,[debug],turtlebot2,move-base-info,Hooray, the base moved arrived,(x=-37;y=16)
336.183333397,[debug],turtlebot2,task-update,navigation,way-point-reached,50.0%
339.433333397,[debug],turtlebot1,simulation,robot-pose,x=-11.47;y=17.82;yaw=-1.25
339.433333397,[debug],turtlebot1,simulation,robot-pose,x=-11.47;y=17.82;yaw=-1.25
339.599999905,[debug],turtlebot5,simulation,robot-pose,x=-32.93;y=33.98;yaw=-3.06
339.599999905,[debug],turtlebot5,simulation,robot-pose,x=-32.93;y=33.98;yaw=-3.06
339.599999905,[debug],turtlebot2,simulation,robot-pose,x=-36.91;y=16.43;yaw=-0.05
339.616666555,[debug],turtlebot2,simulation,robot-pose,x=-36.91;y=16.43;yaw=-0.05
339.616666555,[debug],turtlebot3,simulation,robot-pose,x=-33.81;y=18.80;yaw=2.26
339.616666555,[debug],turtlebot4,simulation,robot-pose,x=-40.39;y=25.23;yaw=0.33
339.616666555,[debug],turtlebot3,simulation,robot-pose,x=-33.81;y=18.80;yaw=2.26
339.616666555,[debug],turtlebot4,simulation,robot-pose,x=-40.39;y=25.23;yaw=0.33
350.366666555,[info],turtlebot2,skill-life-cycle,navigation,(status=RUNNING, parameters=[[-37.0, 18.93, -1.5707963267948966, True], [-37.0, 16.0, 0.0, True], [-26.0, 16.0, -1.5707963267948966, True], [-26.0, 13.0, 1.57, False]])
354.433333397,[debug],turtlebot1,simulation,robot-pose,x=-11.47;y=17.82;yaw=-1.25
354.466666698,[debug],turtlebot1,simulation,robot-pose,x=-11.47;y=17.82;yaw=-1.25
354.599999905,[debug],turtlebot5,simulation,robot-pose,x=-32.93;y=33.98;yaw=-3.06
354.599999905,[debug],turtlebot5,simulation,robot-pose,x=-32.93;y=33.98;yaw=-3.06
354.599999905,[debug],turtlebot3,simulation,robot-pose,x=-33.80;y=18.80;yaw=2.29
354.616666555,[debug],turtlebot4,simulation,robot-pose,x=-40.39;y=25.23;yaw=0.33
354.599999905,[debug],turtlebot3,simulation,robot-pose,x=-33.80;y=18.80;yaw=2.29
354.616666555,[debug],turtlebot2,simulation,robot-pose,x=-35.82;y=15.62;yaw=-0.02
354.616666555,[debug],turtlebot4,simulation,robot-pose,x=-40.39;y=25.23;yaw=0.33
354.616666555,[debug],turtlebot2,simulation,robot-pose,x=-35.82;y=15.62;yaw=-0.02
369.433333397,[debug],turtlebot1,simulation,robot-pose,x=-11.47;y=17.82;yaw=-1.25
369.450000048,[debug],turtlebot1,simulation,robot-pose,x=-11.47;y=17.82;yaw=-1.25
369.599999905,[debug],turtlebot5,simulation,robot-pose,x=-32.93;y=33.98;yaw=-3.06
369.616666555,[debug],turtlebot4,simulation,robot-pose,x=-40.39;y=25.23;yaw=0.33
369.616666555,[debug],turtlebot5,simulation,robot-pose,x=-32.93;y=33.98;yaw=-3.06
369.616666555,[debug],turtlebot3,simulation,robot-pose,x=-33.80;y=18.80;yaw=2.32
369.616666555,[debug],turtlebot2,simulation,robot-pose,x=-33.28;y=15.67;yaw=0.05
369.616666555,[debug],turtlebot4,simulation,robot-pose,x=-40.39;y=25.23;yaw=0.33
369.616666555,[debug],turtlebot3,simulation,robot-pose,x=-33.80;y=18.80;yaw=2.32
369.616666555,[debug],turtlebot2,simulation,robot-pose,x=-33.28;y=15.67;yaw=0.05
384.433333397,[debug],turtlebot1,simulation,robot-pose,x=-11.47;y=17.82;yaw=-1.25
384.433333397,[debug],turtlebot1,simulation,robot-pose,x=-11.47;y=17.82;yaw=-1.25
384.616666555,[debug],turtlebot4,simulation,robot-pose,x=-40.39;y=25.23;yaw=0.33
384.616666555,[debug],turtlebot2,simulation,robot-pose,x=-30.49;y=16.05;yaw=-0.01
384.616666555,[debug],turtlebot4,simulation,robot-pose,x=-40.39;y=25.23;yaw=0.33
384.616666555,[debug],turtlebot2,simulation,robot-pose,x=-30.49;y=16.05;yaw=-0.01
384.616666555,[debug],turtlebot3,simulation,robot-pose,x=-33.80;y=18.80;yaw=2.35
384.616666555,[debug],turtlebot3,simulation,robot-pose,x=-33.80;y=18.80;yaw=2.35
384.616666555,[debug],turtlebot5,simulation,robot-pose,x=-32.93;y=33.98;yaw=-3.06
384.616666555,[debug],turtlebot5,simulation,robot-pose,x=-32.93;y=33.98;yaw=-3.06
399.433333397,[debug],turtlebot1,simulation,robot-pose,x=-11.47;y=17.82;yaw=-1.25
399.450000048,[debug],turtlebot1,simulation,robot-pose,x=-11.47;y=17.82;yaw=-1.25
399.616666555,[debug],turtlebot3,simulation,robot-pose,x=-33.80;y=18.80;yaw=2.37
399.616666555,[debug],turtlebot3,simulation,robot-pose,x=-33.80;y=18.80;yaw=2.37
399.616666555,[debug],turtlebot4,simulation,robot-pose,x=-40.39;y=25.23;yaw=0.33
399.616666555,[debug],turtlebot4,simulation,robot-pose,x=-40.39;y=25.23;yaw=0.33
399.616666555,[debug],turtlebot2,simulation,robot-pose,x=-27.92;y=16.12;yaw=-0.01
399.616666555,[debug],turtlebot2,simulation,robot-pose,x=-27.92;y=16.12;yaw=-0.01
399.616666555,[debug],turtlebot5,simulation,robot-pose,x=-32.93;y=33.98;yaw=-3.06
399.616666555,[debug],turtlebot5,simulation,robot-pose,x=-32.93;y=33.98;yaw=-3.06
399.883333445,[info],turtlebot2,skill-life-cycle,navigation,(status=RUNNING, parameters=[[-37.0, 18.93, -1.5707963267948966, True], [-37.0, 16.0, 0.0, True], [-26.0, 16.0, -1.5707963267948966, True], [-26.0, 13.0, 1.57, False]])
413.950000048,[debug],turtlebot2,move-base-info,Hooray, the base moved arrived,(x=-26;y=16)
413.950000048,[debug],turtlebot2,move-base-info,Hooray, the base moved arrived,(x=-26;y=16)
414.049999952,[debug],turtlebot2,task-update,navigation,way-point-reached,75.0%
414.433333397,[debug],turtlebot1,simulation,robot-pose,x=-11.47;y=17.82;yaw=-1.25
414.433333397,[debug],turtlebot1,simulation,robot-pose,x=-11.47;y=17.82;yaw=-1.25
414.616666555,[debug],turtlebot2,simulation,robot-pose,x=-26.39;y=16.28;yaw=-1.53
414.616666555,[debug],turtlebot2,simulation,robot-pose,x=-26.39;y=16.28;yaw=-1.53
414.616666555,[debug],turtlebot3,simulation,robot-pose,x=-33.80;y=18.80;yaw=2.40
414.616666555,[debug],turtlebot3,simulation,robot-pose,x=-33.80;y=18.80;yaw=2.40
414.616666555,[debug],turtlebot4,simulation,robot-pose,x=-40.39;y=25.23;yaw=0.33
414.616666555,[debug],turtlebot4,simulation,robot-pose,x=-40.39;y=25.23;yaw=0.33
414.616666555,[debug],turtlebot5,simulation,robot-pose,x=-32.93;y=33.98;yaw=-3.06
414.616666555,[debug],turtlebot5,simulation,robot-pose,x=-32.93;y=33.98;yaw=-3.06
429.433333397,[debug],turtlebot1,simulation,robot-pose,x=-11.47;y=17.82;yaw=-1.25
429.466666698,[debug],turtlebot1,simulation,robot-pose,x=-11.47;y=17.82;yaw=-1.25
429.599999905,[debug],turtlebot5,simulation,robot-pose,x=-32.93;y=33.98;yaw=-3.06
429.599999905,[debug],turtlebot5,simulation,robot-pose,x=-32.93;y=33.98;yaw=-3.06
429.599999905,[debug],turtlebot3,simulation,robot-pose,x=-33.80;y=18.80;yaw=2.43
429.599999905,[debug],turtlebot3,simulation,robot-pose,x=-33.80;y=18.80;yaw=2.43
429.599999905,[debug],turtlebot4,simulation,robot-pose,x=-40.39;y=25.23;yaw=0.33
429.599999905,[debug],turtlebot2,simulation,robot-pose,x=-26.02;y=15.40;yaw=-1.17
429.599999905,[debug],turtlebot4,simulation,robot-pose,x=-40.39;y=25.23;yaw=0.33
429.599999905,[debug],turtlebot2,simulation,robot-pose,x=-26.02;y=15.40;yaw=-1.17
444.433333397,[debug],turtlebot1,simulation,robot-pose,x=-11.47;y=17.82;yaw=-1.25
444.433333397,[debug],turtlebot1,simulation,robot-pose,x=-11.47;y=17.82;yaw=-1.25
444.599999905,[debug],turtlebot5,simulation,robot-pose,x=-32.93;y=33.98;yaw=-3.06
444.599999905,[debug],turtlebot5,simulation,robot-pose,x=-32.93;y=33.98;yaw=-3.06
444.599999905,[debug],turtlebot2,simulation,robot-pose,x=-25.81;y=14.17;yaw=-1.59
444.599999905,[debug],turtlebot2,simulation,robot-pose,x=-25.81;y=14.17;yaw=-1.59
444.599999905,[debug],turtlebot4,simulation,robot-pose,x=-40.39;y=25.23;yaw=0.33
444.599999905,[debug],turtlebot4,simulation,robot-pose,x=-40.39;y=25.23;yaw=0.33
444.599999905,[debug],turtlebot3,simulation,robot-pose,x=-33.80;y=18.80;yaw=2.45
444.599999905,[debug],turtlebot3,simulation,robot-pose,x=-33.80;y=18.80;yaw=2.45
450.266666651,[info],turtlebot2,skill-life-cycle,navigation,(status=RUNNING, parameters=[[-37.0, 18.93, -1.5707963267948966, True], [-37.0, 16.0, 0.0, True], [-26.0, 16.0, -1.5707963267948966, True], [-26.0, 13.0, 1.57, False]])
459.433333397,[debug],turtlebot1,simulation,robot-pose,x=-11.47;y=17.82;yaw=-1.25
459.450000048,[debug],turtlebot1,simulation,robot-pose,x=-11.47;y=17.82;yaw=-1.25
459.599999905,[debug],turtlebot2,simulation,robot-pose,x=-25.84;y=13.38;yaw=1.80
459.599999905,[debug],turtlebot2,simulation,robot-pose,x=-25.84;y=13.38;yaw=1.80
459.599999905,[debug],turtlebot5,simulation,robot-pose,x=-32.93;y=33.98;yaw=-3.06
459.599999905,[debug],turtlebot5,simulation,robot-pose,x=-32.93;y=33.98;yaw=-3.06
459.599999905,[debug],turtlebot4,simulation,robot-pose,x=-40.39;y=25.23;yaw=0.33
459.599999905,[debug],turtlebot4,simulation,robot-pose,x=-40.39;y=25.23;yaw=0.33
459.599999905,[debug],turtlebot3,simulation,robot-pose,x=-33.81;y=18.80;yaw=2.46
459.599999905,[debug],turtlebot3,simulation,robot-pose,x=-33.81;y=18.80;yaw=2.46
460.650000095,[debug],turtlebot2,move-base-info,Hooray, the base moved arrived,(x=-26;y=13)
460.650000095,[debug],turtlebot2,move-base-info,Hooray, the base moved arrived,(x=-26;y=13)
460.883333445,[debug],turtlebot2,task-update,navigation,way-point-reached,100.0%
460.983333349,[debug],turtlebot2,available-skills,['send_message', 'wait_message', 'approach_person', 'approach_robot', 'authenticate_person', 'deposit', 'navigation', 'operate_drawer', 'pick_up'],
460.983333349,[info],turtlebot2,skill-life-cycle,approach_robot,(status=STARTED, parameters=['lab_arm'])
461.066666603,[debug],turtlebot2,task-update,approach_robot,localize-robot,(who=lab_arm)
461.166666746,[debug],turtlebot2,task-update,approach_robot,goto-robot,(who=lab_arm)
461.25,[debug],turtlebot2,available-skills,['send_message', 'wait_message', 'approach_person', 'approach_robot', 'authenticate_person', 'deposit', 'navigation', 'operate_drawer', 'pick_up'],
461.25,[info],turtlebot2,skill-life-cycle,operate_drawer,(status=STARTED, parameters=['open'])
461.316666603,[debug],turtlebot2,task-update,operate_drawer,open
462.316666603,[debug],turtlebot2,available-skills,['send_message', 'wait_message', 'approach_person', 'approach_robot', 'authenticate_person', 'deposit', 'navigation', 'operate_drawer', 'pick_up'],
462.316666603,[info],turtlebot2,skill-life-cycle,send_message,(status=STARTED, parameters=['lab_arm'])
462.383333445,[info],turtlebot2,sync,send-message,(to=lab_arm)
463.316666603,[info],lab_arm,sync,wait-message,(status=message-received)
463.316666603,[info],Inventory,sync,wait-sample,(status=sample-received)
463.316666603,ENDSIM
463.433333397,[info],lab_arm,sync,wait-message,(status=message-received)
463.433333397,[info],Inventory,sync,wait-sample,(status=sample-received)
463.433333397,ENDSIM
473.299999952,[info],Inventory,sync,wait-sample,(status=sample-received)
473.299999952,ENDSIM
473.299999952,[info],lab_arm,sync,wait-message,(status=message-received)
473.299999952,[info],Inventory,sync,wait-sample,(status=sample-received)
473.299999952,ENDSIM
473.383333445,[info],Inventory,sync,wait-sample,(status=sample-received)
473.383333445,ENDSIM
473.383333445,[info],lab_arm,sync,wait-message,(status=message-received)
473.400000095,[info],Inventory,sync,wait-sample,(status=sample-received)
473.400000095,ENDSIM
0.0,[debug],simulation closed,reach-target,execution-wall-clock=594.6354262828827
