0.849999904633,[debug],turtlebot5,move-base-info,Move_base is up and ok....,
1.1166665554,[debug],turtlebot1,move-base-info,Move_base is up and ok....,
1.18333339691,[debug],turtlebot3,move-base-info,Move_base is up and ok....,
2.6166665554,[debug],turtlebot4,move-base-info,Move_base is up and ok....,
3.15000009537,[debug],turtlebot2,move-base-info,Move_base is up and ok....,
11.5499999523,[info],turtlebot1,skill-life-cycle,init_robobt,(status=RUNNING, parameters=[])
11.6500000954,[info],turtlebot5,skill-life-cycle,init_robobt,(status=RUNNING, parameters=[])
11.8166666031,[info],turtlebot4,skill-life-cycle,init_robobt,(status=RUNNING, parameters=[])
11.8666665554,[info],turtlebot2,skill-life-cycle,init_robobt,(status=RUNNING, parameters=[])
12.5999999046,[debug],turtlebot3,available-skills,['send_message', 'wait_message', 'approach_person', 'approach_robot', 'authenticate_person', 'deposit', 'navigation', 'operate_drawer', 'pick_up'],
12.5999999046,[info],turtlebot3,skill-life-cycle,navigation,(status=STARTED, parameters=[[-27.23, 16.0, 3.141592653589793, True], [-37.0, 16.0, 1.5707963267948966, True], [-37.0, 18.93, 0.0, True], [-33.9, 18.93, 3.14, False]])
16.9666666985,[debug],turtlebot2,available-skills,['send_message', 'wait_message', 'approach_person', 'approach_robot', 'authenticate_person', 'deposit', 'navigation', 'operate_drawer', 'pick_up'],
16.9666666985,[info],turtlebot2,skill-life-cycle,navigation,(status=STARTED, parameters=[[-27.23, 16.0, 3.141592653589793, True], [-37.0, 16.0, 1.5707963267948966, True], [-37.0, 18.93, 0.0, True], [-33.9, 18.93, 3.14, False]])
24.4833333492,[debug],turtlebot1,simulation,robot-pose,x=-11.46;y=17.82;yaw=-1.25
24.4833333492,[debug],turtlebot1,simulation,robot-pose,x=-11.46;y=17.82;yaw=-1.25
24.75,[debug],turtlebot2,simulation,robot-pose,x=-28.55;y=17.62;yaw=-1.53
24.75,[debug],turtlebot2,simulation,robot-pose,x=-28.55;y=17.62;yaw=-1.53
24.7999999523,[debug],turtlebot3,simulation,robot-pose,x=-27.17;y=17.39;yaw=-1.52
24.7999999523,[debug],turtlebot3,simulation,robot-pose,x=-27.17;y=17.39;yaw=-1.52
24.8333332539,[debug],turtlebot5,simulation,robot-pose,x=-32.89;y=33.97;yaw=-3.10
24.8333332539,[debug],turtlebot5,simulation,robot-pose,x=-32.89;y=33.97;yaw=-3.10
24.8333332539,[debug],turtlebot4,simulation,robot-pose,x=-40.39;y=25.23;yaw=0.34
24.8333332539,[debug],turtlebot4,simulation,robot-pose,x=-40.39;y=25.23;yaw=0.34
39.3499999046,[debug],turtlebot3,move-base-info,Hooray, the base moved arrived,(x=-27.23;y=16)
39.3499999046,[debug],turtlebot3,move-base-info,Hooray, the base moved arrived,(x=-27.23;y=16)
39.4666666985,[debug],turtlebot3,task-update,navigation,way-point-reached,25.0%
39.4833333492,[debug],turtlebot1,simulation,robot-pose,x=-11.46;y=17.82;yaw=-1.25
39.4833333492,[debug],turtlebot1,simulation,robot-pose,x=-11.46;y=17.82;yaw=-1.25
39.75,[debug],turtlebot2,simulation,robot-pose,x=-28.14;y=16.46;yaw=-0.43
39.75,[debug],turtlebot2,simulation,robot-pose,x=-28.14;y=16.46;yaw=-0.43
39.7999999523,[debug],turtlebot3,simulation,robot-pose,x=-27.16;y=16.45;yaw=-3.10
39.7999999523,[debug],turtlebot3,simulation,robot-pose,x=-27.16;y=16.45;yaw=-3.10
39.8333332539,[debug],turtlebot5,simulation,robot-pose,x=-32.89;y=33.97;yaw=-3.10
39.8333332539,[debug],turtlebot5,simulation,robot-pose,x=-32.89;y=33.97;yaw=-3.10
39.8333332539,[debug],turtlebot4,simulation,robot-pose,x=-40.39;y=25.23;yaw=0.33
39.8333332539,[debug],turtlebot4,simulation,robot-pose,x=-40.39;y=25.23;yaw=0.33
54.4833333492,[debug],turtlebot1,simulation,robot-pose,x=-11.46;y=17.82;yaw=-1.25
54.4833333492,[debug],turtlebot1,simulation,robot-pose,x=-11.46;y=17.82;yaw=-1.25
54.75,[debug],turtlebot2,simulation,robot-pose,x=-28.42;y=16.17;yaw=0.26
54.75,[debug],turtlebot2,simulation,robot-pose,x=-28.42;y=16.17;yaw=0.26
54.7999999523,[debug],turtlebot3,simulation,robot-pose,x=-28.00;y=16.37;yaw=-2.88
54.7999999523,[debug],turtlebot3,simulation,robot-pose,x=-28.00;y=16.37;yaw=-2.88
54.8333332539,[debug],turtlebot5,simulation,robot-pose,x=-32.89;y=33.97;yaw=-3.10
54.8333332539,[debug],turtlebot5,simulation,robot-pose,x=-32.89;y=33.97;yaw=-3.10
54.8333332539,[debug],turtlebot4,simulation,robot-pose,x=-40.39;y=25.23;yaw=0.33
54.8333332539,[debug],turtlebot4,simulation,robot-pose,x=-40.39;y=25.23;yaw=0.33
56.4000000954,[info],turtlebot3,skill-life-cycle,navigation,(status=RUNNING, parameters=[[-27.23, 16.0, 3.141592653589793, True], [-37.0, 16.0, 1.5707963267948966, True], [-37.0, 18.93, 0.0, True], [-33.9, 18.93, 3.14, False]])
58.9333333969,[info],turtlebot2,skill-life-cycle,navigation,(status=RUNNING, parameters=[[-27.23, 16.0, 3.141592653589793, True], [-37.0, 16.0, 1.5707963267948966, True], [-37.0, 18.93, 0.0, True], [-33.9, 18.93, 3.14, False]])
69.4833333492,[debug],turtlebot1,simulation,robot-pose,x=-11.46;y=17.82;yaw=-1.25
69.4833333492,[debug],turtlebot1,simulation,robot-pose,x=-11.46;y=17.82;yaw=-1.25
69.75,[debug],turtlebot2,simulation,robot-pose,x=-29.55;y=15.65;yaw=0.48
69.75,[debug],turtlebot2,simulation,robot-pose,x=-29.55;y=15.65;yaw=0.48
69.7999999523,[debug],turtlebot3,simulation,robot-pose,x=-29.17;y=15.91;yaw=-2.66
69.7999999523,[debug],turtlebot3,simulation,robot-pose,x=-29.17;y=15.91;yaw=-2.66
69.8333332539,[debug],turtlebot4,simulation,robot-pose,x=-40.39;y=25.23;yaw=0.33
69.8333332539,[debug],turtlebot4,simulation,robot-pose,x=-40.39;y=25.23;yaw=0.33
69.8333332539,[debug],turtlebot5,simulation,robot-pose,x=-32.89;y=33.97;yaw=-3.10
69.8333332539,[debug],turtlebot5,simulation,robot-pose,x=-32.89;y=33.97;yaw=-3.10
84.4833333492,[debug],turtlebot1,simulation,robot-pose,x=-11.46;y=17.82;yaw=-1.25
84.4833333492,[debug],turtlebot1,simulation,robot-pose,x=-11.46;y=17.82;yaw=-1.25
84.75,[debug],turtlebot2,simulation,robot-pose,x=-29.80;y=15.47;yaw=0.64
84.75,[debug],turtlebot2,simulation,robot-pose,x=-29.80;y=15.47;yaw=0.64
84.7999999523,[debug],turtlebot3,simulation,robot-pose,x=-29.46;y=15.78;yaw=-2.50
84.7999999523,[debug],turtlebot3,simulation,robot-pose,x=-29.46;y=15.78;yaw=-2.50
84.8333332539,[debug],turtlebot4,simulation,robot-pose,x=-40.39;y=25.23;yaw=0.33
84.8333332539,[debug],turtlebot4,simulation,robot-pose,x=-40.39;y=25.23;yaw=0.33
84.8333332539,[debug],turtlebot5,simulation,robot-pose,x=-32.90;y=33.97;yaw=-3.10
84.8333332539,[debug],turtlebot5,simulation,robot-pose,x=-32.90;y=33.97;yaw=-3.10
99.4833333492,[debug],turtlebot1,simulation,robot-pose,x=-11.46;y=17.82;yaw=-1.25
99.4833333492,[debug],turtlebot1,simulation,robot-pose,x=-11.46;y=17.82;yaw=-1.25
99.75,[debug],turtlebot2,simulation,robot-pose,x=-29.73;y=15.49;yaw=0.80
99.75,[debug],turtlebot2,simulation,robot-pose,x=-29.73;y=15.49;yaw=0.80
99.7999999523,[debug],turtlebot3,simulation,robot-pose,x=-29.44;y=15.84;yaw=-2.34
99.7999999523,[debug],turtlebot3,simulation,robot-pose,x=-29.44;y=15.84;yaw=-2.34
99.8333332539,[debug],turtlebot4,simulation,robot-pose,x=-40.39;y=25.23;yaw=0.33
99.8333332539,[debug],turtlebot4,simulation,robot-pose,x=-40.39;y=25.23;yaw=0.33
99.8333332539,[debug],turtlebot5,simulation,robot-pose,x=-32.90;y=33.97;yaw=-3.10
99.8333332539,[debug],turtlebot5,simulation,robot-pose,x=-32.90;y=33.97;yaw=-3.10
102.016666651,[info],turtlebot3,skill-life-cycle,navigation,(status=RUNNING, parameters=[[-27.23, 16.0, 3.141592653589793, True], [-37.0, 16.0, 1.5707963267948966, True], [-37.0, 18.93, 0.0, True], [-33.9, 18.93, 3.14, False]])
104.533333302,[info],turtlebot2,skill-life-cycle,navigation,(status=RUNNING, parameters=[[-27.23, 16.0, 3.141592653589793, True], [-37.0, 16.0, 1.5707963267948966, True], [-37.0, 18.93, 0.0, True], [-33.9, 18.93, 3.14, False]])
114.483333349,[debug],turtlebot1,simulation,robot-pose,x=-11.46;y=17.82;yaw=-1.25
114.483333349,[debug],turtlebot1,simulation,robot-pose,x=-11.46;y=17.82;yaw=-1.25
114.75,[debug],turtlebot2,simulation,robot-pose,x=-28.83;y=16.49;yaw=0.90
114.75,[debug],turtlebot2,simulation,robot-pose,x=-28.83;y=16.49;yaw=0.90
114.799999952,[debug],turtlebot3,simulation,robot-pose,x=-28.57;y=16.86;yaw=-2.24
114.799999952,[debug],turtlebot3,simulation,robot-pose,x=-28.57;y=16.86;yaw=-2.24
114.833333254,[debug],turtlebot5,simulation,robot-pose,x=-32.90;y=33.97;yaw=-3.09
114.833333254,[debug],turtlebot5,simulation,robot-pose,x=-32.90;y=33.97;yaw=-3.09
114.833333254,[debug],turtlebot4,simulation,robot-pose,x=-40.39;y=25.23;yaw=0.33
114.833333254,[debug],turtlebot4,simulation,robot-pose,x=-40.39;y=25.23;yaw=0.33
129.483333349,[debug],turtlebot1,simulation,robot-pose,x=-11.46;y=17.82;yaw=-1.25
129.483333349,[debug],turtlebot1,simulation,robot-pose,x=-11.46;y=17.82;yaw=-1.25
129.75,[debug],turtlebot2,simulation,robot-pose,x=-29.26;y=15.84;yaw=1.01
129.75,[debug],turtlebot2,simulation,robot-pose,x=-29.26;y=15.84;yaw=1.01
129.799999952,[debug],turtlebot3,simulation,robot-pose,x=-29.03;y=16.23;yaw=-2.13
129.799999952,[debug],turtlebot3,simulation,robot-pose,x=-29.03;y=16.23;yaw=-2.13
129.833333254,[debug],turtlebot5,simulation,robot-pose,x=-32.90;y=33.97;yaw=-3.09
129.833333254,[debug],turtlebot5,simulation,robot-pose,x=-32.90;y=33.97;yaw=-3.09
129.833333254,[debug],turtlebot4,simulation,robot-pose,x=-40.39;y=25.23;yaw=0.33
129.833333254,[debug],turtlebot4,simulation,robot-pose,x=-40.39;y=25.23;yaw=0.33
144.483333349,[debug],turtlebot1,simulation,robot-pose,x=-11.46;y=17.82;yaw=-1.25
144.483333349,[debug],turtlebot1,simulation,robot-pose,x=-11.46;y=17.82;yaw=-1.25
144.75,[debug],turtlebot2,simulation,robot-pose,x=-29.24;y=15.87;yaw=1.05
144.75,[debug],turtlebot2,simulation,robot-pose,x=-29.24;y=15.87;yaw=1.05
144.799999952,[debug],turtlebot3,simulation,robot-pose,x=-29.02;y=16.28;yaw=-2.09
144.799999952,[debug],turtlebot3,simulation,robot-pose,x=-29.02;y=16.28;yaw=-2.09
144.833333254,[debug],turtlebot4,simulation,robot-pose,x=-40.39;y=25.23;yaw=0.33
144.833333254,[debug],turtlebot4,simulation,robot-pose,x=-40.39;y=25.23;yaw=0.33
144.833333254,[debug],turtlebot5,simulation,robot-pose,x=-32.90;y=33.97;yaw=-3.09
144.833333254,[debug],turtlebot5,simulation,robot-pose,x=-32.90;y=33.97;yaw=-3.09
147.116666555,[info],turtlebot3,skill-life-cycle,navigation,(status=RUNNING, parameters=[[-27.23, 16.0, 3.141592653589793, True], [-37.0, 16.0, 1.5707963267948966, True], [-37.0, 18.93, 0.0, True], [-33.9, 18.93, 3.14, False]])
149.616666555,[info],turtlebot2,skill-life-cycle,navigation,(status=RUNNING, parameters=[[-27.23, 16.0, 3.141592653589793, True], [-37.0, 16.0, 1.5707963267948966, True], [-37.0, 18.93, 0.0, True], [-33.9, 18.93, 3.14, False]])
159.483333349,[debug],turtlebot1,simulation,robot-pose,x=-11.46;y=17.82;yaw=-1.25
159.483333349,[debug],turtlebot1,simulation,robot-pose,x=-11.46;y=17.82;yaw=-1.25
159.75,[debug],turtlebot2,simulation,robot-pose,x=-29.31;y=15.68;yaw=1.10
159.75,[debug],turtlebot2,simulation,robot-pose,x=-29.31;y=15.68;yaw=1.10
159.799999952,[debug],turtlebot3,simulation,robot-pose,x=-29.12;y=16.09;yaw=-2.04
159.799999952,[debug],turtlebot3,simulation,robot-pose,x=-29.12;y=16.09;yaw=-2.04
159.833333254,[debug],turtlebot5,simulation,robot-pose,x=-32.90;y=33.97;yaw=-3.09
159.833333254,[debug],turtlebot5,simulation,robot-pose,x=-32.90;y=33.97;yaw=-3.09
159.833333254,[debug],turtlebot4,simulation,robot-pose,x=-40.39;y=25.23;yaw=0.33
159.833333254,[debug],turtlebot4,simulation,robot-pose,x=-40.39;y=25.23;yaw=0.33
174.483333349,[debug],turtlebot1,simulation,robot-pose,x=-11.46;y=17.82;yaw=-1.25
174.483333349,[debug],turtlebot1,simulation,robot-pose,x=-11.46;y=17.82;yaw=-1.25
174.75,[debug],turtlebot2,simulation,robot-pose,x=-29.07;y=16.16;yaw=1.14
174.75,[debug],turtlebot2,simulation,robot-pose,x=-29.07;y=16.16;yaw=1.14
174.799999952,[debug],turtlebot3,simulation,robot-pose,x=-28.89;y=16.58;yaw=-2.00
174.799999952,[debug],turtlebot3,simulation,robot-pose,x=-28.89;y=16.58;yaw=-2.00
174.833333254,[debug],turtlebot5,simulation,robot-pose,x=-32.90;y=33.97;yaw=-3.09
174.833333254,[debug],turtlebot5,simulation,robot-pose,x=-32.90;y=33.97;yaw=-3.09
174.833333254,[debug],turtlebot4,simulation,robot-pose,x=-40.39;y=25.23;yaw=0.33
174.833333254,[debug],turtlebot4,simulation,robot-pose,x=-40.39;y=25.23;yaw=0.33
189.483333349,[debug],turtlebot1,simulation,robot-pose,x=-11.46;y=17.82;yaw=-1.25
189.483333349,[debug],turtlebot1,simulation,robot-pose,x=-11.46;y=17.82;yaw=-1.25
189.75,[debug],turtlebot2,simulation,robot-pose,x=-29.33;y=15.55;yaw=1.17
189.75,[debug],turtlebot2,simulation,robot-pose,x=-29.33;y=15.55;yaw=1.17
189.799999952,[debug],turtlebot3,simulation,robot-pose,x=-29.16;y=15.97;yaw=-1.97
189.799999952,[debug],turtlebot3,simulation,robot-pose,x=-29.16;y=15.97;yaw=-1.97
189.833333254,[debug],turtlebot4,simulation,robot-pose,x=-40.39;y=25.23;yaw=0.33
189.833333254,[debug],turtlebot4,simulation,robot-pose,x=-40.39;y=25.23;yaw=0.33
189.833333254,[debug],turtlebot5,simulation,robot-pose,x=-32.90;y=33.97;yaw=-3.09
189.833333254,[debug],turtlebot5,simulation,robot-pose,x=-32.90;y=33.97;yaw=-3.09
192.349999905,[info],turtlebot3,skill-life-cycle,navigation,(status=RUNNING, parameters=[[-27.23, 16.0, 3.141592653589793, True], [-37.0, 16.0, 1.5707963267948966, True], [-37.0, 18.93, 0.0, True], [-33.9, 18.93, 3.14, False]])
194.833333254,[info],turtlebot2,skill-life-cycle,navigation,(status=RUNNING, parameters=[[-27.23, 16.0, 3.141592653589793, True], [-37.0, 16.0, 1.5707963267948966, True], [-37.0, 18.93, 0.0, True], [-33.9, 18.93, 3.14, False]])
204.483333349,[debug],turtlebot1,simulation,robot-pose,x=-11.46;y=17.82;yaw=-1.25
204.483333349,[debug],turtlebot1,simulation,robot-pose,x=-11.46;y=17.82;yaw=-1.25
204.75,[debug],turtlebot2,simulation,robot-pose,x=-29.17;y=15.90;yaw=1.20
204.75,[debug],turtlebot2,simulation,robot-pose,x=-29.17;y=15.90;yaw=1.20
204.799999952,[debug],turtlebot3,simulation,robot-pose,x=-29.02;y=16.32;yaw=-1.94
204.799999952,[debug],turtlebot3,simulation,robot-pose,x=-29.02;y=16.32;yaw=-1.94
204.833333254,[debug],turtlebot5,simulation,robot-pose,x=-32.91;y=33.97;yaw=-3.09
204.833333254,[debug],turtlebot5,simulation,robot-pose,x=-32.91;y=33.97;yaw=-3.09
204.833333254,[debug],turtlebot4,simulation,robot-pose,x=-40.39;y=25.23;yaw=0.33
204.833333254,[debug],turtlebot4,simulation,robot-pose,x=-40.39;y=25.23;yaw=0.33
219.483333349,[debug],turtlebot1,simulation,robot-pose,x=-11.46;y=17.82;yaw=-1.25
219.483333349,[debug],turtlebot1,simulation,robot-pose,x=-11.46;y=17.82;yaw=-1.25
219.75,[debug],turtlebot2,simulation,robot-pose,x=-29.14;y=15.99;yaw=1.22
219.75,[debug],turtlebot2,simulation,robot-pose,x=-29.14;y=15.99;yaw=1.22
219.799999952,[debug],turtlebot3,simulation,robot-pose,x=-28.98;y=16.43;yaw=-1.92
219.799999952,[debug],turtlebot3,simulation,robot-pose,x=-28.98;y=16.43;yaw=-1.92
219.833333254,[debug],turtlebot4,simulation,robot-pose,x=-40.39;y=25.23;yaw=0.33
219.833333254,[debug],turtlebot4,simulation,robot-pose,x=-40.39;y=25.23;yaw=0.33
219.833333254,[debug],turtlebot5,simulation,robot-pose,x=-32.91;y=33.97;yaw=-3.08
219.833333254,[debug],turtlebot5,simulation,robot-pose,x=-32.91;y=33.97;yaw=-3.08
234.483333349,[debug],turtlebot1,simulation,robot-pose,x=-11.46;y=17.82;yaw=-1.25
234.483333349,[debug],turtlebot1,simulation,robot-pose,x=-11.46;y=17.82;yaw=-1.25
234.75,[debug],turtlebot2,simulation,robot-pose,x=-29.26;y=15.59;yaw=1.25
234.75,[debug],turtlebot2,simulation,robot-pose,x=-29.26;y=15.59;yaw=1.25
234.799999952,[debug],turtlebot3,simulation,robot-pose,x=-29.12;y=16.02;yaw=-1.89
234.799999952,[debug],turtlebot3,simulation,robot-pose,x=-29.12;y=16.02;yaw=-1.89
234.833333254,[debug],turtlebot5,simulation,robot-pose,x=-32.91;y=33.97;yaw=-3.07
234.833333254,[debug],turtlebot5,simulation,robot-pose,x=-32.91;y=33.97;yaw=-3.07
234.833333254,[debug],turtlebot4,simulation,robot-pose,x=-40.39;y=25.23;yaw=0.33
234.833333254,[debug],turtlebot4,simulation,robot-pose,x=-40.39;y=25.23;yaw=0.33
237.5,[info],turtlebot3,skill-life-cycle,navigation,(status=RUNNING, parameters=[[-27.23, 16.0, 3.141592653589793, True], [-37.0, 16.0, 1.5707963267948966, True], [-37.0, 18.93, 0.0, True], [-33.9, 18.93, 3.14, False]])
240.0,[info],turtlebot2,skill-life-cycle,navigation,(status=RUNNING, parameters=[[-27.23, 16.0, 3.141592653589793, True], [-37.0, 16.0, 1.5707963267948966, True], [-37.0, 18.93, 0.0, True], [-33.9, 18.93, 3.14, False]])
249.483333349,[debug],turtlebot1,simulation,robot-pose,x=-11.46;y=17.82;yaw=-1.25
249.483333349,[debug],turtlebot1,simulation,robot-pose,x=-11.46;y=17.82;yaw=-1.25
249.75,[debug],turtlebot2,simulation,robot-pose,x=-29.13;y=15.99;yaw=1.27
249.75,[debug],turtlebot2,simulation,robot-pose,x=-29.13;y=15.99;yaw=1.27
249.799999952,[debug],turtlebot3,simulation,robot-pose,x=-29.00;y=16.42;yaw=-1.87
249.799999952,[debug],turtlebot3,simulation,robot-pose,x=-29.00;y=16.42;yaw=-1.87
249.833333254,[debug],turtlebot4,simulation,robot-pose,x=-40.39;y=25.23;yaw=0.33
249.833333254,[debug],turtlebot5,simulation,robot-pose,x=-32.91;y=33.97;yaw=-3.06
249.833333254,[debug],turtlebot4,simulation,robot-pose,x=-40.39;y=25.23;yaw=0.33
249.833333254,[debug],turtlebot5,simulation,robot-pose,x=-32.91;y=33.97;yaw=-3.06
264.483333349,[debug],turtlebot1,simulation,robot-pose,x=-11.46;y=17.82;yaw=-1.25
264.483333349,[debug],turtlebot1,simulation,robot-pose,x=-11.46;y=17.82;yaw=-1.25
264.75,[debug],turtlebot2,simulation,robot-pose,x=-29.21;y=15.69;yaw=1.29
264.75,[debug],turtlebot2,simulation,robot-pose,x=-29.21;y=15.69;yaw=1.29
264.799999952,[debug],turtlebot3,simulation,robot-pose,x=-29.09;y=16.13;yaw=-1.86
264.799999952,[debug],turtlebot3,simulation,robot-pose,x=-29.09;y=16.13;yaw=-1.86
264.833333254,[debug],turtlebot5,simulation,robot-pose,x=-32.91;y=33.97;yaw=-3.06
264.833333254,[debug],turtlebot5,simulation,robot-pose,x=-32.91;y=33.97;yaw=-3.06
264.833333254,[debug],turtlebot4,simulation,robot-pose,x=-40.39;y=25.23;yaw=0.33
264.833333254,[debug],turtlebot4,simulation,robot-pose,x=-40.39;y=25.23;yaw=0.33
279.483333349,[debug],turtlebot1,simulation,robot-pose,x=-11.46;y=17.82;yaw=-1.25
279.483333349,[debug],turtlebot1,simulation,robot-pose,x=-11.46;y=17.82;yaw=-1.25
279.75,[debug],turtlebot2,simulation,robot-pose,x=-29.19;y=15.71;yaw=1.32
279.75,[debug],turtlebot2,simulation,robot-pose,x=-29.19;y=15.71;yaw=1.32
279.799999952,[debug],turtlebot3,simulation,robot-pose,x=-29.08;y=16.15;yaw=-1.82
279.799999952,[debug],turtlebot3,simulation,robot-pose,x=-29.08;y=16.15;yaw=-1.82
279.833333254,[debug],turtlebot5,simulation,robot-pose,x=-32.92;y=33.98;yaw=-3.05
279.833333254,[debug],turtlebot5,simulation,robot-pose,x=-32.92;y=33.98;yaw=-3.05
279.833333254,[debug],turtlebot4,simulation,robot-pose,x=-40.39;y=25.23;yaw=0.33
279.833333254,[debug],turtlebot4,simulation,robot-pose,x=-40.39;y=25.23;yaw=0.33
282.566666603,[info],turtlebot3,skill-life-cycle,navigation,(status=RUNNING, parameters=[[-27.23, 16.0, 3.141592653589793, True], [-37.0, 16.0, 1.5707963267948966, True], [-37.0, 18.93, 0.0, True], [-33.9, 18.93, 3.14, False]])
285.133333445,[info],turtlebot2,skill-life-cycle,navigation,(status=RUNNING, parameters=[[-27.23, 16.0, 3.141592653589793, True], [-37.0, 16.0, 1.5707963267948966, True], [-37.0, 18.93, 0.0, True], [-33.9, 18.93, 3.14, False]])
294.483333349,[debug],turtlebot1,simulation,robot-pose,x=-11.46;y=17.82;yaw=-1.25
294.483333349,[debug],turtlebot1,simulation,robot-pose,x=-11.46;y=17.82;yaw=-1.25
294.75,[debug],turtlebot2,simulation,robot-pose,x=-29.14;y=15.86;yaw=1.34
294.75,[debug],turtlebot2,simulation,robot-pose,x=-29.14;y=15.86;yaw=1.34
294.799999952,[debug],turtlebot3,simulation,robot-pose,x=-29.04;y=16.30;yaw=-1.80
294.799999952,[debug],turtlebot3,simulation,robot-pose,x=-29.04;y=16.30;yaw=-1.80
294.833333254,[debug],turtlebot5,simulation,robot-pose,x=-32.92;y=33.98;yaw=-3.05
294.833333254,[debug],turtlebot5,simulation,robot-pose,x=-32.92;y=33.98;yaw=-3.05
294.833333254,[debug],turtlebot4,simulation,robot-pose,x=-40.39;y=25.23;yaw=0.33
294.833333254,[debug],turtlebot4,simulation,robot-pose,x=-40.39;y=25.23;yaw=0.33
309.483333349,[debug],turtlebot1,simulation,robot-pose,x=-11.47;y=17.82;yaw=-1.25
309.483333349,[debug],turtlebot1,simulation,robot-pose,x=-11.47;y=17.82;yaw=-1.25
309.75,[debug],turtlebot2,simulation,robot-pose,x=-29.10;y=16.00;yaw=1.36
309.75,[debug],turtlebot2,simulation,robot-pose,x=-29.10;y=16.00;yaw=1.36
309.799999952,[debug],turtlebot3,simulation,robot-pose,x=-29.01;y=16.45;yaw=-1.79
309.799999952,[debug],turtlebot3,simulation,robot-pose,x=-29.01;y=16.45;yaw=-1.79
309.833333254,[debug],turtlebot4,simulation,robot-pose,x=-40.39;y=25.23;yaw=0.33
309.833333254,[debug],turtlebot5,simulation,robot-pose,x=-32.92;y=33.98;yaw=-3.06
309.833333254,[debug],turtlebot4,simulation,robot-pose,x=-40.39;y=25.23;yaw=0.33
309.833333254,[debug],turtlebot5,simulation,robot-pose,x=-32.92;y=33.98;yaw=-3.06
324.483333349,[debug],turtlebot1,simulation,robot-pose,x=-11.47;y=17.82;yaw=-1.25
324.483333349,[debug],turtlebot1,simulation,robot-pose,x=-11.47;y=17.82;yaw=-1.25
324.75,[debug],turtlebot2,simulation,robot-pose,x=-29.11;y=15.93;yaw=1.37
324.75,[debug],turtlebot2,simulation,robot-pose,x=-29.11;y=15.93;yaw=1.37
324.799999952,[debug],turtlebot3,simulation,robot-pose,x=-29.03;y=16.38;yaw=-1.77
324.799999952,[debug],turtlebot3,simulation,robot-pose,x=-29.03;y=16.38;yaw=-1.77
324.833333254,[debug],turtlebot5,simulation,robot-pose,x=-32.92;y=33.98;yaw=-3.06
324.833333254,[debug],turtlebot5,simulation,robot-pose,x=-32.92;y=33.98;yaw=-3.06
324.833333254,[debug],turtlebot4,simulation,robot-pose,x=-40.39;y=25.23;yaw=0.33
324.833333254,[debug],turtlebot4,simulation,robot-pose,x=-40.39;y=25.23;yaw=0.33
327.75,[info],turtlebot3,skill-life-cycle,navigation,(status=RUNNING, parameters=[[-27.23, 16.0, 3.141592653589793, True], [-37.0, 16.0, 1.5707963267948966, True], [-37.0, 18.93, 0.0, True], [-33.9, 18.93, 3.14, False]])
330.283333302,[info],turtlebot2,skill-life-cycle,navigation,(status=RUNNING, parameters=[[-27.23, 16.0, 3.141592653589793, True], [-37.0, 16.0, 1.5707963267948966, True], [-37.0, 18.93, 0.0, True], [-33.9, 18.93, 3.14, False]])
339.483333349,[debug],turtlebot1,simulation,robot-pose,x=-11.47;y=17.82;yaw=-1.25
339.483333349,[debug],turtlebot1,simulation,robot-pose,x=-11.47;y=17.82;yaw=-1.25
339.75,[debug],turtlebot2,simulation,robot-pose,x=-29.15;y=15.67;yaw=1.40
339.75,[debug],turtlebot2,simulation,robot-pose,x=-29.15;y=15.67;yaw=1.40
339.799999952,[debug],turtlebot3,simulation,robot-pose,x=-29.08;y=16.12;yaw=-1.74
339.799999952,[debug],turtlebot3,simulation,robot-pose,x=-29.08;y=16.12;yaw=-1.74
339.833333254,[debug],turtlebot4,simulation,robot-pose,x=-40.39;y=25.23;yaw=0.33
339.833333254,[debug],turtlebot4,simulation,robot-pose,x=-40.39;y=25.23;yaw=0.33
339.833333254,[debug],turtlebot5,simulation,robot-pose,x=-32.93;y=33.98;yaw=-3.06
339.833333254,[debug],turtlebot5,simulation,robot-pose,x=-32.93;y=33.98;yaw=-3.06
354.483333349,[debug],turtlebot1,simulation,robot-pose,x=-11.47;y=17.82;yaw=-1.25
354.483333349,[debug],turtlebot1,simulation,robot-pose,x=-11.47;y=17.82;yaw=-1.25
354.75,[debug],turtlebot2,simulation,robot-pose,x=-29.13;y=15.73;yaw=1.43
354.75,[debug],turtlebot2,simulation,robot-pose,x=-29.13;y=15.73;yaw=1.43
354.799999952,[debug],turtlebot3,simulation,robot-pose,x=-29.07;y=16.18;yaw=-1.71
354.799999952,[debug],turtlebot3,simulation,robot-pose,x=-29.07;y=16.18;yaw=-1.71
354.833333254,[debug],turtlebot5,simulation,robot-pose,x=-32.93;y=33.98;yaw=-3.06
354.833333254,[debug],turtlebot5,simulation,robot-pose,x=-32.93;y=33.98;yaw=-3.06
354.833333254,[debug],turtlebot4,simulation,robot-pose,x=-40.39;y=25.23;yaw=0.33
354.833333254,[debug],turtlebot4,simulation,robot-pose,x=-40.39;y=25.23;yaw=0.33
369.483333349,[debug],turtlebot1,simulation,robot-pose,x=-11.47;y=17.82;yaw=-1.25
369.483333349,[debug],turtlebot1,simulation,robot-pose,x=-11.47;y=17.82;yaw=-1.25
369.75,[debug],turtlebot2,simulation,robot-pose,x=-29.10;y=15.85;yaw=1.45
369.75,[debug],turtlebot2,simulation,robot-pose,x=-29.10;y=15.85;yaw=1.45
369.799999952,[debug],turtlebot3,simulation,robot-pose,x=-29.05;y=16.30;yaw=-1.69
369.799999952,[debug],turtlebot3,simulation,robot-pose,x=-29.05;y=16.30;yaw=-1.69
369.833333254,[debug],turtlebot4,simulation,robot-pose,x=-40.39;y=25.23;yaw=0.33
369.833333254,[debug],turtlebot4,simulation,robot-pose,x=-40.39;y=25.23;yaw=0.33
369.833333254,[debug],turtlebot5,simulation,robot-pose,x=-32.93;y=33.98;yaw=-3.06
369.833333254,[debug],turtlebot5,simulation,robot-pose,x=-32.93;y=33.98;yaw=-3.06
372.883333445,[info],turtlebot3,skill-life-cycle,navigation,(status=RUNNING, parameters=[[-27.23, 16.0, 3.141592653589793, True], [-37.0, 16.0, 1.5707963267948966, True], [-37.0, 18.93, 0.0, True], [-33.9, 18.93, 3.14, False]])
375.383333445,[info],turtlebot2,skill-life-cycle,navigation,(status=RUNNING, parameters=[[-27.23, 16.0, 3.141592653589793, True], [-37.0, 16.0, 1.5707963267948966, True], [-37.0, 18.93, 0.0, True], [-33.9, 18.93, 3.14, False]])
384.483333349,[debug],turtlebot1,simulation,robot-pose,x=-11.47;y=17.82;yaw=-1.25
384.483333349,[debug],turtlebot1,simulation,robot-pose,x=-11.47;y=17.82;yaw=-1.25
384.75,[debug],turtlebot2,simulation,robot-pose,x=-29.08;y=15.92;yaw=1.47
384.75,[debug],turtlebot2,simulation,robot-pose,x=-29.08;y=15.92;yaw=1.47
384.799999952,[debug],turtlebot3,simulation,robot-pose,x=-29.04;y=16.37;yaw=-1.67
384.799999952,[debug],turtlebot3,simulation,robot-pose,x=-29.04;y=16.37;yaw=-1.67
384.833333254,[debug],turtlebot5,simulation,robot-pose,x=-32.93;y=33.98;yaw=-3.06
384.833333254,[debug],turtlebot5,simulation,robot-pose,x=-32.93;y=33.98;yaw=-3.06
384.833333254,[debug],turtlebot4,simulation,robot-pose,x=-40.39;y=25.23;yaw=0.33
384.833333254,[debug],turtlebot4,simulation,robot-pose,x=-40.39;y=25.23;yaw=0.33
399.483333349,[debug],turtlebot1,simulation,robot-pose,x=-11.47;y=17.82;yaw=-1.25
399.483333349,[debug],turtlebot1,simulation,robot-pose,x=-11.47;y=17.82;yaw=-1.25
399.75,[debug],turtlebot2,simulation,robot-pose,x=-29.10;y=15.61;yaw=1.49
399.75,[debug],turtlebot2,simulation,robot-pose,x=-29.10;y=15.61;yaw=1.49
399.799999952,[debug],turtlebot3,simulation,robot-pose,x=-29.07;y=16.06;yaw=-1.65
399.799999952,[debug],turtlebot3,simulation,robot-pose,x=-29.07;y=16.06;yaw=-1.65
399.833333254,[debug],turtlebot4,simulation,robot-pose,x=-40.39;y=25.23;yaw=0.33
399.833333254,[debug],turtlebot4,simulation,robot-pose,x=-40.39;y=25.23;yaw=0.33
399.833333254,[debug],turtlebot5,simulation,robot-pose,x=-32.93;y=33.98;yaw=-3.06
399.833333254,[debug],turtlebot5,simulation,robot-pose,x=-32.93;y=33.98;yaw=-3.06
414.483333349,[debug],turtlebot1,simulation,robot-pose,x=-11.47;y=17.82;yaw=-1.25
414.483333349,[debug],turtlebot1,simulation,robot-pose,x=-11.47;y=17.82;yaw=-1.25
414.75,[debug],turtlebot2,simulation,robot-pose,x=-29.07;y=15.93;yaw=1.51
414.75,[debug],turtlebot2,simulation,robot-pose,x=-29.07;y=15.93;yaw=1.51
414.799999952,[debug],turtlebot3,simulation,robot-pose,x=-29.04;y=16.38;yaw=-1.64
414.799999952,[debug],turtlebot3,simulation,robot-pose,x=-29.04;y=16.38;yaw=-1.64
414.833333254,[debug],turtlebot5,simulation,robot-pose,x=-32.93;y=33.98;yaw=-3.06
414.833333254,[debug],turtlebot4,simulation,robot-pose,x=-40.39;y=25.23;yaw=0.33
414.833333254,[debug],turtlebot5,simulation,robot-pose,x=-32.93;y=33.98;yaw=-3.06
414.833333254,[debug],turtlebot4,simulation,robot-pose,x=-40.39;y=25.23;yaw=0.33
417.966666698,[info],turtlebot3,skill-life-cycle,navigation,(status=RUNNING, parameters=[[-27.23, 16.0, 3.141592653589793, True], [-37.0, 16.0, 1.5707963267948966, True], [-37.0, 18.93, 0.0, True], [-33.9, 18.93, 3.14, False]])
420.466666698,[info],turtlebot2,skill-life-cycle,navigation,(status=RUNNING, parameters=[[-27.23, 16.0, 3.141592653589793, True], [-37.0, 16.0, 1.5707963267948966, True], [-37.0, 18.93, 0.0, True], [-33.9, 18.93, 3.14, False]])
429.483333349,[debug],turtlebot1,simulation,robot-pose,x=-11.47;y=17.82;yaw=-1.25
429.483333349,[debug],turtlebot1,simulation,robot-pose,x=-11.47;y=17.82;yaw=-1.25
429.75,[debug],turtlebot2,simulation,robot-pose,x=-29.06;y=15.86;yaw=1.52
429.75,[debug],turtlebot2,simulation,robot-pose,x=-29.06;y=15.86;yaw=1.52
429.799999952,[debug],turtlebot3,simulation,robot-pose,x=-29.04;y=16.32;yaw=-1.62
429.799999952,[debug],turtlebot3,simulation,robot-pose,x=-29.04;y=16.32;yaw=-1.62
429.833333254,[debug],turtlebot5,simulation,robot-pose,x=-32.93;y=33.98;yaw=-3.06
429.833333254,[debug],turtlebot4,simulation,robot-pose,x=-40.39;y=25.23;yaw=0.33
429.833333254,[debug],turtlebot5,simulation,robot-pose,x=-32.93;y=33.98;yaw=-3.06
429.833333254,[debug],turtlebot4,simulation,robot-pose,x=-40.39;y=25.23;yaw=0.33
444.483333349,[debug],turtlebot1,simulation,robot-pose,x=-11.47;y=17.82;yaw=-1.25
444.483333349,[debug],turtlebot1,simulation,robot-pose,x=-11.47;y=17.82;yaw=-1.25
444.75,[debug],turtlebot2,simulation,robot-pose,x=-29.05;y=15.88;yaw=1.53
444.75,[debug],turtlebot2,simulation,robot-pose,x=-29.05;y=15.88;yaw=1.53
444.799999952,[debug],turtlebot3,simulation,robot-pose,x=-29.04;y=16.34;yaw=-1.61
444.833333254,[debug],turtlebot5,simulation,robot-pose,x=-32.93;y=33.98;yaw=-3.06
444.833333254,[debug],turtlebot4,simulation,robot-pose,x=-40.39;y=25.23;yaw=0.33
444.866666555,[debug],turtlebot3,simulation,robot-pose,x=-29.04;y=16.34;yaw=-1.61
444.866666555,[debug],turtlebot5,simulation,robot-pose,x=-32.93;y=33.98;yaw=-3.06
444.866666555,[debug],turtlebot4,simulation,robot-pose,x=-40.39;y=25.23;yaw=0.33
459.483333349,[debug],turtlebot1,simulation,robot-pose,x=-11.47;y=17.82;yaw=-1.25
459.483333349,[debug],turtlebot1,simulation,robot-pose,x=-11.47;y=17.82;yaw=-1.25
459.75,[debug],turtlebot2,simulation,robot-pose,x=-29.04;y=15.89;yaw=1.54
459.75,[debug],turtlebot2,simulation,robot-pose,x=-29.04;y=15.89;yaw=1.54
459.799999952,[debug],turtlebot3,simulation,robot-pose,x=-29.03;y=16.35;yaw=-1.60
459.799999952,[debug],turtlebot3,simulation,robot-pose,x=-29.03;y=16.35;yaw=-1.60
459.833333254,[debug],turtlebot4,simulation,robot-pose,x=-40.39;y=25.23;yaw=0.33
459.833333254,[debug],turtlebot4,simulation,robot-pose,x=-40.39;y=25.23;yaw=0.33
459.833333254,[debug],turtlebot5,simulation,robot-pose,x=-32.93;y=33.98;yaw=-3.06
459.833333254,[debug],turtlebot5,simulation,robot-pose,x=-32.93;y=33.98;yaw=-3.06
462.650000095,[info],turtlebot3,skill-life-cycle,navigation,(status=RUNNING, parameters=[[-27.23, 16.0, 3.141592653589793, True], [-37.0, 16.0, 1.5707963267948966, True], [-37.0, 18.93, 0.0, True], [-33.9, 18.93, 3.14, False]])
465.116666555,[info],turtlebot2,skill-life-cycle,navigation,(status=RUNNING, parameters=[[-27.23, 16.0, 3.141592653589793, True], [-37.0, 16.0, 1.5707963267948966, True], [-37.0, 18.93, 0.0, True], [-33.9, 18.93, 3.14, False]])
474.483333349,[debug],turtlebot1,simulation,robot-pose,x=-11.47;y=17.82;yaw=-1.25
474.483333349,[debug],turtlebot1,simulation,robot-pose,x=-11.47;y=17.82;yaw=-1.25
474.75,[debug],turtlebot2,simulation,robot-pose,x=-29.03;y=15.87;yaw=1.54
474.75,[debug],turtlebot2,simulation,robot-pose,x=-29.03;y=15.87;yaw=1.54
474.799999952,[debug],turtlebot3,simulation,robot-pose,x=-29.02;y=16.33;yaw=-1.60
474.799999952,[debug],turtlebot3,simulation,robot-pose,x=-29.02;y=16.33;yaw=-1.60
474.833333254,[debug],turtlebot5,simulation,robot-pose,x=-32.93;y=33.98;yaw=-3.06
474.833333254,[debug],turtlebot5,simulation,robot-pose,x=-32.93;y=33.98;yaw=-3.06
474.833333254,[debug],turtlebot4,simulation,robot-pose,x=-40.39;y=25.23;yaw=0.33
474.833333254,[debug],turtlebot4,simulation,robot-pose,x=-40.39;y=25.23;yaw=0.33
489.483333349,[debug],turtlebot1,simulation,robot-pose,x=-11.47;y=17.82;yaw=-1.25
489.483333349,[debug],turtlebot1,simulation,robot-pose,x=-11.47;y=17.82;yaw=-1.25
489.75,[debug],turtlebot2,simulation,robot-pose,x=-29.03;y=15.85;yaw=1.54
489.75,[debug],turtlebot2,simulation,robot-pose,x=-29.03;y=15.85;yaw=1.54
489.799999952,[debug],turtlebot3,simulation,robot-pose,x=-29.01;y=16.30;yaw=-1.60
489.799999952,[debug],turtlebot3,simulation,robot-pose,x=-29.01;y=16.30;yaw=-1.60
489.833333254,[debug],turtlebot5,simulation,robot-pose,x=-32.93;y=33.98;yaw=-3.06
489.833333254,[debug],turtlebot5,simulation,robot-pose,x=-32.93;y=33.98;yaw=-3.06
489.833333254,[debug],turtlebot4,simulation,robot-pose,x=-40.39;y=25.23;yaw=0.33
489.833333254,[debug],turtlebot4,simulation,robot-pose,x=-40.39;y=25.23;yaw=0.33
504.483333349,[debug],turtlebot1,simulation,robot-pose,x=-11.47;y=17.82;yaw=-1.25
504.483333349,[debug],turtlebot1,simulation,robot-pose,x=-11.47;y=17.82;yaw=-1.25
504.75,[debug],turtlebot2,simulation,robot-pose,x=-29.02;y=15.85;yaw=1.55
504.75,[debug],turtlebot2,simulation,robot-pose,x=-29.02;y=15.85;yaw=1.55
504.799999952,[debug],turtlebot3,simulation,robot-pose,x=-29.01;y=16.31;yaw=-1.59
504.799999952,[debug],turtlebot3,simulation,robot-pose,x=-29.01;y=16.31;yaw=-1.59
504.833333254,[debug],turtlebot4,simulation,robot-pose,x=-40.39;y=25.23;yaw=0.33
504.833333254,[debug],turtlebot5,simulation,robot-pose,x=-32.93;y=33.98;yaw=-3.06
504.833333254,[debug],turtlebot4,simulation,robot-pose,x=-40.39;y=25.23;yaw=0.33
504.833333254,[debug],turtlebot5,simulation,robot-pose,x=-32.93;y=33.98;yaw=-3.06
507.566666603,[info],turtlebot3,skill-life-cycle,navigation,(status=RUNNING, parameters=[[-27.23, 16.0, 3.141592653589793, True], [-37.0, 16.0, 1.5707963267948966, True], [-37.0, 18.93, 0.0, True], [-33.9, 18.93, 3.14, False]])
510.083333254,[info],turtlebot2,skill-life-cycle,navigation,(status=RUNNING, parameters=[[-27.23, 16.0, 3.141592653589793, True], [-37.0, 16.0, 1.5707963267948966, True], [-37.0, 18.93, 0.0, True], [-33.9, 18.93, 3.14, False]])
519.483333349,[debug],turtlebot1,simulation,robot-pose,x=-11.47;y=17.82;yaw=-1.25
519.483333349,[debug],turtlebot1,simulation,robot-pose,x=-11.47;y=17.82;yaw=-1.25
519.75,[debug],turtlebot2,simulation,robot-pose,x=-29.01;y=15.84;yaw=1.56
519.75,[debug],turtlebot2,simulation,robot-pose,x=-29.01;y=15.84;yaw=1.56
519.799999952,[debug],turtlebot3,simulation,robot-pose,x=-29.00;y=16.30;yaw=-1.58
519.799999952,[debug],turtlebot3,simulation,robot-pose,x=-29.00;y=16.30;yaw=-1.58
519.833333254,[debug],turtlebot5,simulation,robot-pose,x=-32.93;y=33.98;yaw=-3.05
519.833333254,[debug],turtlebot5,simulation,robot-pose,x=-32.93;y=33.98;yaw=-3.05
519.833333254,[debug],turtlebot4,simulation,robot-pose,x=-40.39;y=25.23;yaw=0.33
519.833333254,[debug],turtlebot4,simulation,robot-pose,x=-40.39;y=25.23;yaw=0.33
534.483333349,[debug],turtlebot1,simulation,robot-pose,x=-11.47;y=17.82;yaw=-1.25
534.483333349,[debug],turtlebot1,simulation,robot-pose,x=-11.47;y=17.82;yaw=-1.25
534.75,[debug],turtlebot2,simulation,robot-pose,x=-29.00;y=15.77;yaw=1.56
534.75,[debug],turtlebot2,simulation,robot-pose,x=-29.00;y=15.77;yaw=1.56
534.799999952,[debug],turtlebot3,simulation,robot-pose,x=-28.99;y=16.23;yaw=-1.58
534.799999952,[debug],turtlebot3,simulation,robot-pose,x=-28.99;y=16.23;yaw=-1.58
534.833333254,[debug],turtlebot5,simulation,robot-pose,x=-32.93;y=33.98;yaw=-3.05
534.833333254,[debug],turtlebot5,simulation,robot-pose,x=-32.93;y=33.98;yaw=-3.05
534.833333254,[debug],turtlebot4,simulation,robot-pose,x=-40.39;y=25.23;yaw=0.33
534.833333254,[debug],turtlebot4,simulation,robot-pose,x=-40.39;y=25.23;yaw=0.33
549.483333349,[debug],turtlebot1,simulation,robot-pose,x=-11.47;y=17.82;yaw=-1.25
549.483333349,[debug],turtlebot1,simulation,robot-pose,x=-11.47;y=17.82;yaw=-1.25
549.75,[debug],turtlebot2,simulation,robot-pose,x=-28.99;y=15.80;yaw=1.57
549.75,[debug],turtlebot2,simulation,robot-pose,x=-28.99;y=15.80;yaw=1.57
549.799999952,[debug],turtlebot3,simulation,robot-pose,x=-28.99;y=16.26;yaw=-1.57
549.799999952,[debug],turtlebot3,simulation,robot-pose,x=-28.99;y=16.26;yaw=-1.57
549.833333254,[debug],turtlebot4,simulation,robot-pose,x=-40.39;y=25.23;yaw=0.33
549.833333254,[debug],turtlebot4,simulation,robot-pose,x=-40.39;y=25.23;yaw=0.33
549.833333254,[debug],turtlebot5,simulation,robot-pose,x=-32.93;y=33.98;yaw=-3.06
549.833333254,[debug],turtlebot5,simulation,robot-pose,x=-32.93;y=33.98;yaw=-3.06
552.650000095,[info],turtlebot3,skill-life-cycle,navigation,(status=RUNNING, parameters=[[-27.23, 16.0, 3.141592653589793, True], [-37.0, 16.0, 1.5707963267948966, True], [-37.0, 18.93, 0.0, True], [-33.9, 18.93, 3.14, False]])
555.116666555,[info],turtlebot2,skill-life-cycle,navigation,(status=RUNNING, parameters=[[-27.23, 16.0, 3.141592653589793, True], [-37.0, 16.0, 1.5707963267948966, True], [-37.0, 18.93, 0.0, True], [-33.9, 18.93, 3.14, False]])
564.483333349,[debug],turtlebot1,simulation,robot-pose,x=-11.48;y=17.82;yaw=-1.25
564.483333349,[debug],turtlebot1,simulation,robot-pose,x=-11.48;y=17.82;yaw=-1.25
564.75,[debug],turtlebot2,simulation,robot-pose,x=-28.99;y=15.80;yaw=1.57
564.75,[debug],turtlebot2,simulation,robot-pose,x=-28.99;y=15.80;yaw=1.57
564.799999952,[debug],turtlebot3,simulation,robot-pose,x=-28.98;y=16.25;yaw=-1.57
564.799999952,[debug],turtlebot3,simulation,robot-pose,x=-28.98;y=16.25;yaw=-1.57
564.833333254,[debug],turtlebot4,simulation,robot-pose,x=-40.39;y=25.23;yaw=0.33
564.833333254,[debug],turtlebot4,simulation,robot-pose,x=-40.39;y=25.23;yaw=0.33
564.833333254,[debug],turtlebot5,simulation,robot-pose,x=-32.93;y=33.98;yaw=-3.06
564.833333254,[debug],turtlebot5,simulation,robot-pose,x=-32.93;y=33.98;yaw=-3.06
579.483333349,[debug],turtlebot1,simulation,robot-pose,x=-11.48;y=17.82;yaw=-1.25
579.483333349,[debug],turtlebot1,simulation,robot-pose,x=-11.48;y=17.82;yaw=-1.25
579.75,[debug],turtlebot2,simulation,robot-pose,x=-28.98;y=15.67;yaw=1.58
579.75,[debug],turtlebot2,simulation,robot-pose,x=-28.98;y=15.67;yaw=1.58
579.799999952,[debug],turtlebot3,simulation,robot-pose,x=-28.98;y=16.13;yaw=-1.56
579.799999952,[debug],turtlebot3,simulation,robot-pose,x=-28.98;y=16.13;yaw=-1.56
579.833333254,[debug],turtlebot5,simulation,robot-pose,x=-32.94;y=33.98;yaw=-3.06
579.833333254,[debug],turtlebot5,simulation,robot-pose,x=-32.94;y=33.98;yaw=-3.06
579.833333254,[debug],turtlebot4,simulation,robot-pose,x=-40.39;y=25.23;yaw=0.33
579.833333254,[debug],turtlebot4,simulation,robot-pose,x=-40.39;y=25.23;yaw=0.33
594.483333349,[debug],turtlebot1,simulation,robot-pose,x=-11.48;y=17.82;yaw=-1.25
594.483333349,[debug],turtlebot1,simulation,robot-pose,x=-11.48;y=17.82;yaw=-1.25
594.75,[debug],turtlebot2,simulation,robot-pose,x=-28.97;y=15.85;yaw=1.58
594.75,[debug],turtlebot2,simulation,robot-pose,x=-28.97;y=15.85;yaw=1.58
594.799999952,[debug],turtlebot3,simulation,robot-pose,x=-28.98;y=16.30;yaw=-1.56
594.799999952,[debug],turtlebot3,simulation,robot-pose,x=-28.98;y=16.30;yaw=-1.56
594.833333254,[debug],turtlebot4,simulation,robot-pose,x=-40.39;y=25.23;yaw=0.33
594.833333254,[debug],turtlebot4,simulation,robot-pose,x=-40.39;y=25.23;yaw=0.33
594.833333254,[debug],turtlebot5,simulation,robot-pose,x=-32.94;y=33.98;yaw=-3.06
594.833333254,[debug],turtlebot5,simulation,robot-pose,x=-32.94;y=33.98;yaw=-3.06
597.483333349,[info],turtlebot3,skill-life-cycle,navigation,(status=RUNNING, parameters=[[-27.23, 16.0, 3.141592653589793, True], [-37.0, 16.0, 1.5707963267948966, True], [-37.0, 18.93, 0.0, True], [-33.9, 18.93, 3.14, False]])
600.033333302,[info],turtlebot2,skill-life-cycle,navigation,(status=RUNNING, parameters=[[-27.23, 16.0, 3.141592653589793, True], [-37.0, 16.0, 1.5707963267948966, True], [-37.0, 18.93, 0.0, True], [-33.9, 18.93, 3.14, False]])
609.483333349,[debug],turtlebot1,simulation,robot-pose,x=-11.48;y=17.82;yaw=-1.25
609.483333349,[debug],turtlebot1,simulation,robot-pose,x=-11.48;y=17.82;yaw=-1.25
609.75,[debug],turtlebot2,simulation,robot-pose,x=-28.96;y=15.74;yaw=1.59
609.75,[debug],turtlebot2,simulation,robot-pose,x=-28.96;y=15.74;yaw=1.59
609.799999952,[debug],turtlebot3,simulation,robot-pose,x=-28.97;y=16.20;yaw=-1.55
609.799999952,[debug],turtlebot3,simulation,robot-pose,x=-28.97;y=16.20;yaw=-1.55
609.833333254,[debug],turtlebot4,simulation,robot-pose,x=-40.39;y=25.23;yaw=0.33
609.833333254,[debug],turtlebot5,simulation,robot-pose,x=-32.94;y=33.98;yaw=-3.06
609.833333254,[debug],turtlebot4,simulation,robot-pose,x=-40.39;y=25.23;yaw=0.33
609.833333254,[debug],turtlebot5,simulation,robot-pose,x=-32.94;y=33.98;yaw=-3.06
624.483333349,[debug],turtlebot1,simulation,robot-pose,x=-11.48;y=17.82;yaw=-1.25
624.483333349,[debug],turtlebot1,simulation,robot-pose,x=-11.48;y=17.82;yaw=-1.25
624.75,[debug],turtlebot2,simulation,robot-pose,x=-28.95;y=15.76;yaw=1.59
624.75,[debug],turtlebot2,simulation,robot-pose,x=-28.95;y=15.76;yaw=1.59
624.799999952,[debug],turtlebot3,simulation,robot-pose,x=-28.96;y=16.22;yaw=-1.55
624.799999952,[debug],turtlebot3,simulation,robot-pose,x=-28.96;y=16.22;yaw=-1.55
624.833333254,[debug],turtlebot4,simulation,robot-pose,x=-40.39;y=25.23;yaw=0.33
624.833333254,[debug],turtlebot4,simulation,robot-pose,x=-40.39;y=25.23;yaw=0.33
624.833333254,[debug],turtlebot5,simulation,robot-pose,x=-32.94;y=33.98;yaw=-3.05
624.833333254,[debug],turtlebot5,simulation,robot-pose,x=-32.94;y=33.98;yaw=-3.05
639.483333349,[debug],turtlebot1,simulation,robot-pose,x=-11.48;y=17.82;yaw=-1.25
639.483333349,[debug],turtlebot1,simulation,robot-pose,x=-11.48;y=17.82;yaw=-1.25
639.75,[debug],turtlebot2,simulation,robot-pose,x=-28.94;y=15.72;yaw=1.59
639.75,[debug],turtlebot2,simulation,robot-pose,x=-28.94;y=15.72;yaw=1.59
639.799999952,[debug],turtlebot3,simulation,robot-pose,x=-28.95;y=16.18;yaw=-1.55
639.799999952,[debug],turtlebot3,simulation,robot-pose,x=-28.95;y=16.18;yaw=-1.55
639.833333254,[debug],turtlebot4,simulation,robot-pose,x=-40.39;y=25.23;yaw=0.33
639.833333254,[debug],turtlebot4,simulation,robot-pose,x=-40.39;y=25.23;yaw=0.33
639.833333254,[debug],turtlebot5,simulation,robot-pose,x=-32.94;y=33.98;yaw=-3.05
639.833333254,[debug],turtlebot5,simulation,robot-pose,x=-32.94;y=33.98;yaw=-3.05
642.733333349,[info],turtlebot3,skill-life-cycle,navigation,(status=RUNNING, parameters=[[-27.23, 16.0, 3.141592653589793, True], [-37.0, 16.0, 1.5707963267948966, True], [-37.0, 18.93, 0.0, True], [-33.9, 18.93, 3.14, False]])
645.183333397,[info],turtlebot2,skill-life-cycle,navigation,(status=RUNNING, parameters=[[-27.23, 16.0, 3.141592653589793, True], [-37.0, 16.0, 1.5707963267948966, True], [-37.0, 18.93, 0.0, True], [-33.9, 18.93, 3.14, False]])
654.483333349,[debug],turtlebot1,simulation,robot-pose,x=-11.48;y=17.82;yaw=-1.25
654.483333349,[debug],turtlebot1,simulation,robot-pose,x=-11.48;y=17.82;yaw=-1.25
654.75,[debug],turtlebot2,simulation,robot-pose,x=-28.93;y=15.77;yaw=1.59
654.75,[debug],turtlebot2,simulation,robot-pose,x=-28.93;y=15.77;yaw=1.59
654.799999952,[debug],turtlebot3,simulation,robot-pose,x=-28.94;y=16.22;yaw=-1.56
654.799999952,[debug],turtlebot3,simulation,robot-pose,x=-28.94;y=16.22;yaw=-1.56
654.833333254,[debug],turtlebot5,simulation,robot-pose,x=-32.94;y=33.98;yaw=-3.05
654.833333254,[debug],turtlebot5,simulation,robot-pose,x=-32.94;y=33.98;yaw=-3.05
654.833333254,[debug],turtlebot4,simulation,robot-pose,x=-40.39;y=25.23;yaw=0.33
654.833333254,[debug],turtlebot4,simulation,robot-pose,x=-40.39;y=25.23;yaw=0.33
0.0,[debug],simulation closed,timeout,execution-wall-clock=900.975825548172
