2.08333325386,[debug],turtlebot4,move-base-info,Move_base is up and ok....,
2.34999990463,[debug],turtlebot5,move-base-info,Move_base is up and ok....,
5.95000004768,[debug],turtlebot2,move-base-info,Move_base is up and ok....,
10.1833333969,[info],turtlebot3,skill-life-cycle,init_robobt,(status=RUNNING, parameters=[])
11.2166666985,[info],turtlebot2,skill-life-cycle,init_robobt,(status=RUNNING, parameters=[])
11.4833333492,[info],turtlebot5,skill-life-cycle,init_robobt,(status=RUNNING, parameters=[])
11.5666666031,[info],turtlebot4,skill-life-cycle,init_robobt,(status=RUNNING, parameters=[])
15.1500000954,[debug],turtlebot2,available-skills,['send_message', 'wait_message', 'approach_person', 'approach_robot', 'authenticate_person', 'deposit', 'navigation', 'operate_drawer', 'pick_up'],
15.1500000954,[info],turtlebot2,skill-life-cycle,navigation,(status=STARTED, parameters=[[-37.0, 18.93, -1.5707963267948966, True], [-37.0, 16.0, 0.0, True], [-28.5, 16.0, 1.5707963267948966, True], [-28.5, 18.0, -1.57, False]])
24.2999999523,[debug],turtlebot1,simulation,robot-pose,x=-33.83;y=18.78;yaw=2.80
24.3499999046,[debug],turtlebot1,simulation,robot-pose,x=-33.83;y=18.78;yaw=2.80
24.5,[debug],turtlebot3,simulation,robot-pose,x=-40.39;y=25.23;yaw=0.34
24.5,[debug],turtlebot3,simulation,robot-pose,x=-40.39;y=25.23;yaw=0.34
24.5,[debug],turtlebot2,simulation,robot-pose,x=-27.18;y=17.63;yaw=-1.45
24.5,[debug],turtlebot2,simulation,robot-pose,x=-27.18;y=17.63;yaw=-1.45
24.5166666508,[debug],turtlebot5,simulation,robot-pose,x=-38.00;y=21.48;yaw=0.01
24.5166666508,[debug],turtlebot4,simulation,robot-pose,x=-20.99;y=18.00;yaw=-1.54
24.5166666508,[debug],turtlebot5,simulation,robot-pose,x=-38.00;y=21.48;yaw=0.01
24.5166666508,[debug],turtlebot4,simulation,robot-pose,x=-20.99;y=18.00;yaw=-1.54
39.2999999523,[debug],turtlebot1,simulation,robot-pose,x=-33.84;y=18.78;yaw=2.83
39.3666665554,[debug],turtlebot1,simulation,robot-pose,x=-33.84;y=18.78;yaw=2.83
39.5,[debug],turtlebot3,simulation,robot-pose,x=-40.39;y=25.23;yaw=0.33
39.5,[debug],turtlebot3,simulation,robot-pose,x=-40.39;y=25.23;yaw=0.33
39.5,[debug],turtlebot2,simulation,robot-pose,x=-27.15;y=17.23;yaw=-1.50
39.5,[debug],turtlebot2,simulation,robot-pose,x=-27.15;y=17.23;yaw=-1.50
39.5166666508,[debug],turtlebot5,simulation,robot-pose,x=-38.00;y=21.48;yaw=0.01
39.5166666508,[debug],turtlebot5,simulation,robot-pose,x=-38.00;y=21.48;yaw=0.01
39.5166666508,[debug],turtlebot4,simulation,robot-pose,x=-20.99;y=18.00;yaw=-1.54
39.5166666508,[debug],turtlebot4,simulation,robot-pose,x=-20.99;y=18.00;yaw=-1.54
54.2999999523,[debug],turtlebot1,simulation,robot-pose,x=-33.85;y=18.78;yaw=2.84
54.3333332539,[debug],turtlebot1,simulation,robot-pose,x=-33.85;y=18.78;yaw=2.84
54.5,[debug],turtlebot3,simulation,robot-pose,x=-40.39;y=25.23;yaw=0.33
54.5,[debug],turtlebot3,simulation,robot-pose,x=-40.39;y=25.23;yaw=0.33
54.5,[debug],turtlebot2,simulation,robot-pose,x=-27.16;y=17.29;yaw=-1.48
54.5,[debug],turtlebot2,simulation,robot-pose,x=-27.16;y=17.29;yaw=-1.48
54.5166666508,[debug],turtlebot4,simulation,robot-pose,x=-20.99;y=18.00;yaw=-1.54
54.5166666508,[debug],turtlebot4,simulation,robot-pose,x=-20.99;y=18.00;yaw=-1.54
54.5166666508,[debug],turtlebot5,simulation,robot-pose,x=-38.00;y=21.48;yaw=0.01
54.5166666508,[debug],turtlebot5,simulation,robot-pose,x=-38.00;y=21.48;yaw=0.01
62.0999999046,[info],turtlebot2,skill-life-cycle,navigation,(status=RUNNING, parameters=[[-37.0, 18.93, -1.5707963267948966, True], [-37.0, 16.0, 0.0, True], [-28.5, 16.0, 1.5707963267948966, True], [-28.5, 18.0, -1.57, False]])
69.2999999523,[debug],turtlebot1,simulation,robot-pose,x=-33.85;y=18.78;yaw=2.85
69.3499999046,[debug],turtlebot1,simulation,robot-pose,x=-33.85;y=18.78;yaw=2.85
69.5,[debug],turtlebot2,simulation,robot-pose,x=-27.14;y=17.12;yaw=-1.46
69.5,[debug],turtlebot2,simulation,robot-pose,x=-27.14;y=17.12;yaw=-1.46
69.5,[debug],turtlebot3,simulation,robot-pose,x=-40.39;y=25.23;yaw=0.33
69.5,[debug],turtlebot3,simulation,robot-pose,x=-40.39;y=25.23;yaw=0.33
69.5166666508,[debug],turtlebot4,simulation,robot-pose,x=-20.99;y=18.00;yaw=-1.54
69.5166666508,[debug],turtlebot4,simulation,robot-pose,x=-20.99;y=18.00;yaw=-1.54
69.5166666508,[debug],turtlebot5,simulation,robot-pose,x=-38.00;y=21.48;yaw=0.01
69.5166666508,[debug],turtlebot5,simulation,robot-pose,x=-38.00;y=21.48;yaw=0.01
84.2999999523,[debug],turtlebot1,simulation,robot-pose,x=-33.85;y=18.78;yaw=2.87
84.3333332539,[debug],turtlebot1,simulation,robot-pose,x=-33.85;y=18.78;yaw=2.87
84.5,[debug],turtlebot3,simulation,robot-pose,x=-40.39;y=25.23;yaw=0.33
84.5,[debug],turtlebot2,simulation,robot-pose,x=-27.16;y=17.25;yaw=-1.47
84.5,[debug],turtlebot3,simulation,robot-pose,x=-40.39;y=25.23;yaw=0.33
84.5,[debug],turtlebot2,simulation,robot-pose,x=-27.16;y=17.25;yaw=-1.47
84.5166666508,[debug],turtlebot4,simulation,robot-pose,x=-20.99;y=18.00;yaw=-1.54
84.5166666508,[debug],turtlebot4,simulation,robot-pose,x=-20.99;y=18.00;yaw=-1.54
84.5166666508,[debug],turtlebot5,simulation,robot-pose,x=-38.00;y=21.48;yaw=0.01
84.5166666508,[debug],turtlebot5,simulation,robot-pose,x=-38.00;y=21.48;yaw=0.01
99.2999999523,[debug],turtlebot1,simulation,robot-pose,x=-33.85;y=18.78;yaw=2.89
99.3499999046,[debug],turtlebot1,simulation,robot-pose,x=-33.85;y=18.78;yaw=2.89
99.5,[debug],turtlebot3,simulation,robot-pose,x=-40.39;y=25.23;yaw=0.33
99.5,[debug],turtlebot3,simulation,robot-pose,x=-40.39;y=25.23;yaw=0.33
99.5,[debug],turtlebot2,simulation,robot-pose,x=-27.17;y=17.32;yaw=-1.46
99.5,[debug],turtlebot2,simulation,robot-pose,x=-27.17;y=17.32;yaw=-1.46
99.5166666508,[debug],turtlebot5,simulation,robot-pose,x=-38.00;y=21.48;yaw=0.01
99.5166666508,[debug],turtlebot4,simulation,robot-pose,x=-20.99;y=18.00;yaw=-1.54
99.5166666508,[debug],turtlebot5,simulation,robot-pose,x=-38.00;y=21.48;yaw=0.01
99.5166666508,[debug],turtlebot4,simulation,robot-pose,x=-20.99;y=18.00;yaw=-1.54
112.950000048,[info],turtlebot2,skill-life-cycle,navigation,(status=RUNNING, parameters=[[-37.0, 18.93, -1.5707963267948966, True], [-37.0, 16.0, 0.0, True], [-28.5, 16.0, 1.5707963267948966, True], [-28.5, 18.0, -1.57, False]])
114.299999952,[debug],turtlebot1,simulation,robot-pose,x=-33.86;y=18.79;yaw=2.91
114.349999905,[debug],turtlebot1,simulation,robot-pose,x=-33.86;y=18.79;yaw=2.91
114.5,[debug],turtlebot2,simulation,robot-pose,x=-27.17;y=17.33;yaw=-1.44
114.5,[debug],turtlebot2,simulation,robot-pose,x=-27.17;y=17.33;yaw=-1.44
114.5,[debug],turtlebot3,simulation,robot-pose,x=-40.39;y=25.23;yaw=0.33
114.5,[debug],turtlebot3,simulation,robot-pose,x=-40.39;y=25.23;yaw=0.33
114.516666651,[debug],turtlebot4,simulation,robot-pose,x=-20.99;y=18.00;yaw=-1.54
114.516666651,[debug],turtlebot4,simulation,robot-pose,x=-20.99;y=18.00;yaw=-1.54
114.516666651,[debug],turtlebot5,simulation,robot-pose,x=-38.00;y=21.48;yaw=0.01
114.516666651,[debug],turtlebot5,simulation,robot-pose,x=-38.00;y=21.48;yaw=0.01
129.299999952,[debug],turtlebot1,simulation,robot-pose,x=-33.86;y=18.79;yaw=2.93
129.366666555,[debug],turtlebot1,simulation,robot-pose,x=-33.86;y=18.79;yaw=2.93
129.5,[debug],turtlebot3,simulation,robot-pose,x=-40.39;y=25.23;yaw=0.33
129.5,[debug],turtlebot2,simulation,robot-pose,x=-27.16;y=17.19;yaw=-1.45
129.5,[debug],turtlebot3,simulation,robot-pose,x=-40.39;y=25.23;yaw=0.33
129.5,[debug],turtlebot2,simulation,robot-pose,x=-27.16;y=17.19;yaw=-1.45
129.516666651,[debug],turtlebot4,simulation,robot-pose,x=-21.00;y=18.00;yaw=-1.54
129.516666651,[debug],turtlebot5,simulation,robot-pose,x=-38.00;y=21.48;yaw=0.01
129.516666651,[debug],turtlebot4,simulation,robot-pose,x=-21.00;y=18.00;yaw=-1.54
129.516666651,[debug],turtlebot5,simulation,robot-pose,x=-38.00;y=21.48;yaw=0.01
144.299999952,[debug],turtlebot1,simulation,robot-pose,x=-33.87;y=18.79;yaw=2.96
144.349999905,[debug],turtlebot1,simulation,robot-pose,x=-33.87;y=18.79;yaw=2.96
144.5,[debug],turtlebot3,simulation,robot-pose,x=-40.39;y=25.23;yaw=0.33
144.5,[debug],turtlebot3,simulation,robot-pose,x=-40.39;y=25.23;yaw=0.33
144.5,[debug],turtlebot2,simulation,robot-pose,x=-27.16;y=17.18;yaw=-1.48
144.5,[debug],turtlebot2,simulation,robot-pose,x=-27.16;y=17.18;yaw=-1.48
144.516666651,[debug],turtlebot4,simulation,robot-pose,x=-21.00;y=18.00;yaw=-1.54
144.516666651,[debug],turtlebot5,simulation,robot-pose,x=-38.00;y=21.48;yaw=0.01
144.516666651,[debug],turtlebot4,simulation,robot-pose,x=-21.00;y=18.00;yaw=-1.54
144.516666651,[debug],turtlebot5,simulation,robot-pose,x=-38.00;y=21.48;yaw=0.01
159.299999952,[debug],turtlebot1,simulation,robot-pose,x=-33.87;y=18.79;yaw=2.98
159.349999905,[debug],turtlebot1,simulation,robot-pose,x=-33.87;y=18.79;yaw=2.98
159.5,[debug],turtlebot3,simulation,robot-pose,x=-40.39;y=25.23;yaw=0.33
159.5,[debug],turtlebot2,simulation,robot-pose,x=-27.16;y=17.10;yaw=-1.53
159.5,[debug],turtlebot3,simulation,robot-pose,x=-40.39;y=25.23;yaw=0.33
159.5,[debug],turtlebot2,simulation,robot-pose,x=-27.16;y=17.10;yaw=-1.53
159.516666651,[debug],turtlebot4,simulation,robot-pose,x=-21.00;y=18.00;yaw=-1.54
159.516666651,[debug],turtlebot5,simulation,robot-pose,x=-38.00;y=21.48;yaw=0.01
159.516666651,[debug],turtlebot4,simulation,robot-pose,x=-21.00;y=18.00;yaw=-1.54
159.516666651,[debug],turtlebot5,simulation,robot-pose,x=-38.00;y=21.48;yaw=0.01
163.950000048,[info],turtlebot2,skill-life-cycle,navigation,(status=RUNNING, parameters=[[-37.0, 18.93, -1.5707963267948966, True], [-37.0, 16.0, 0.0, True], [-28.5, 16.0, 1.5707963267948966, True], [-28.5, 18.0, -1.57, False]])
174.299999952,[debug],turtlebot1,simulation,robot-pose,x=-33.88;y=18.79;yaw=3.00
174.366666555,[debug],turtlebot1,simulation,robot-pose,x=-33.88;y=18.79;yaw=3.00
174.5,[debug],turtlebot3,simulation,robot-pose,x=-40.39;y=25.23;yaw=0.33
174.5,[debug],turtlebot2,simulation,robot-pose,x=-27.17;y=17.09;yaw=-1.57
174.5,[debug],turtlebot3,simulation,robot-pose,x=-40.39;y=25.23;yaw=0.33
174.5,[debug],turtlebot2,simulation,robot-pose,x=-27.17;y=17.09;yaw=-1.57
174.516666651,[debug],turtlebot5,simulation,robot-pose,x=-38.00;y=21.48;yaw=0.01
174.516666651,[debug],turtlebot5,simulation,robot-pose,x=-38.00;y=21.48;yaw=0.01
174.516666651,[debug],turtlebot4,simulation,robot-pose,x=-21.00;y=18.00;yaw=-1.54
174.516666651,[debug],turtlebot4,simulation,robot-pose,x=-21.00;y=18.00;yaw=-1.54
189.299999952,[debug],turtlebot1,simulation,robot-pose,x=-33.88;y=18.79;yaw=3.00
189.383333445,[debug],turtlebot1,simulation,robot-pose,x=-33.88;y=18.79;yaw=3.00
189.5,[debug],turtlebot3,simulation,robot-pose,x=-40.39;y=25.23;yaw=0.33
189.5,[debug],turtlebot3,simulation,robot-pose,x=-40.39;y=25.23;yaw=0.33
189.5,[debug],turtlebot2,simulation,robot-pose,x=-28.54;y=16.38;yaw=3.09
189.5,[debug],turtlebot2,simulation,robot-pose,x=-28.54;y=16.38;yaw=3.09
189.516666651,[debug],turtlebot5,simulation,robot-pose,x=-38.00;y=21.48;yaw=0.01
189.516666651,[debug],turtlebot5,simulation,robot-pose,x=-38.00;y=21.48;yaw=0.01
189.516666651,[debug],turtlebot4,simulation,robot-pose,x=-21.00;y=18.00;yaw=-1.54
189.516666651,[debug],turtlebot4,simulation,robot-pose,x=-21.00;y=18.00;yaw=-1.54
204.299999952,[debug],turtlebot1,simulation,robot-pose,x=-33.88;y=18.79;yaw=3.01
204.333333254,[debug],turtlebot1,simulation,robot-pose,x=-33.88;y=18.79;yaw=3.01
204.5,[debug],turtlebot3,simulation,robot-pose,x=-40.39;y=25.23;yaw=0.33
204.5,[debug],turtlebot2,simulation,robot-pose,x=-28.84;y=16.31;yaw=-2.86
204.5,[debug],turtlebot3,simulation,robot-pose,x=-40.39;y=25.23;yaw=0.33
204.5,[debug],turtlebot2,simulation,robot-pose,x=-28.84;y=16.31;yaw=-2.86
204.516666651,[debug],turtlebot5,simulation,robot-pose,x=-38.02;y=21.48;yaw=0.03
204.516666651,[debug],turtlebot4,simulation,robot-pose,x=-21.01;y=18.00;yaw=-1.54
204.516666651,[debug],turtlebot5,simulation,robot-pose,x=-38.02;y=21.48;yaw=0.03
204.516666651,[debug],turtlebot4,simulation,robot-pose,x=-21.01;y=18.00;yaw=-1.54
214.533333302,[info],turtlebot2,skill-life-cycle,navigation,(status=RUNNING, parameters=[[-37.0, 18.93, -1.5707963267948966, True], [-37.0, 16.0, 0.0, True], [-28.5, 16.0, 1.5707963267948966, True], [-28.5, 18.0, -1.57, False]])
219.299999952,[debug],turtlebot1,simulation,robot-pose,x=-33.88;y=18.79;yaw=3.01
219.366666555,[debug],turtlebot1,simulation,robot-pose,x=-33.88;y=18.79;yaw=3.01
219.5,[debug],turtlebot3,simulation,robot-pose,x=-40.39;y=25.23;yaw=0.33
219.5,[debug],turtlebot3,simulation,robot-pose,x=-40.39;y=25.23;yaw=0.33
219.5,[debug],turtlebot2,simulation,robot-pose,x=-28.62;y=16.29;yaw=3.07
219.5,[debug],turtlebot2,simulation,robot-pose,x=-28.62;y=16.29;yaw=3.07
219.516666651,[debug],turtlebot4,simulation,robot-pose,x=-21.01;y=18.00;yaw=-1.54
219.516666651,[debug],turtlebot4,simulation,robot-pose,x=-21.01;y=18.00;yaw=-1.54
219.516666651,[debug],turtlebot5,simulation,robot-pose,x=-38.02;y=21.49;yaw=0.03
219.516666651,[debug],turtlebot5,simulation,robot-pose,x=-38.02;y=21.49;yaw=0.03
234.299999952,[debug],turtlebot1,simulation,robot-pose,x=-33.88;y=18.79;yaw=3.01
234.366666555,[debug],turtlebot1,simulation,robot-pose,x=-33.88;y=18.79;yaw=3.01
234.5,[debug],turtlebot3,simulation,robot-pose,x=-40.39;y=25.23;yaw=0.33
234.5,[debug],turtlebot3,simulation,robot-pose,x=-40.39;y=25.23;yaw=0.33
234.5,[debug],turtlebot2,simulation,robot-pose,x=-28.65;y=16.27;yaw=3.10
234.5,[debug],turtlebot2,simulation,robot-pose,x=-28.65;y=16.27;yaw=3.10
234.516666651,[debug],turtlebot4,simulation,robot-pose,x=-21.01;y=18.00;yaw=-1.54
234.516666651,[debug],turtlebot4,simulation,robot-pose,x=-21.01;y=18.00;yaw=-1.54
234.516666651,[debug],turtlebot5,simulation,robot-pose,x=-38.03;y=21.49;yaw=0.03
234.516666651,[debug],turtlebot5,simulation,robot-pose,x=-38.03;y=21.49;yaw=0.03
249.299999952,[debug],turtlebot1,simulation,robot-pose,x=-33.88;y=18.79;yaw=3.01
249.333333254,[debug],turtlebot1,simulation,robot-pose,x=-33.88;y=18.79;yaw=3.01
249.5,[debug],turtlebot2,simulation,robot-pose,x=-28.52;y=16.26;yaw=3.05
249.5,[debug],turtlebot2,simulation,robot-pose,x=-28.52;y=16.26;yaw=3.05
249.5,[debug],turtlebot3,simulation,robot-pose,x=-40.39;y=25.23;yaw=0.33
249.5,[debug],turtlebot3,simulation,robot-pose,x=-40.39;y=25.23;yaw=0.33
249.516666651,[debug],turtlebot4,simulation,robot-pose,x=-21.02;y=18.00;yaw=-1.54
249.516666651,[debug],turtlebot4,simulation,robot-pose,x=-21.02;y=18.00;yaw=-1.54
249.516666651,[debug],turtlebot5,simulation,robot-pose,x=-38.04;y=21.49;yaw=0.03
249.516666651,[debug],turtlebot5,simulation,robot-pose,x=-38.04;y=21.49;yaw=0.03
264.299999952,[debug],turtlebot1,simulation,robot-pose,x=-33.88;y=18.79;yaw=3.01
264.333333254,[debug],turtlebot1,simulation,robot-pose,x=-33.88;y=18.79;yaw=3.01
264.5,[debug],turtlebot2,simulation,robot-pose,x=-28.84;y=16.23;yaw=-3.13
264.5,[debug],turtlebot2,simulation,robot-pose,x=-28.84;y=16.23;yaw=-3.13
264.5,[debug],turtlebot3,simulation,robot-pose,x=-40.39;y=25.23;yaw=0.33
264.5,[debug],turtlebot3,simulation,robot-pose,x=-40.39;y=25.23;yaw=0.33
264.516666651,[debug],turtlebot4,simulation,robot-pose,x=-21.02;y=18.00;yaw=-1.54
264.516666651,[debug],turtlebot4,simulation,robot-pose,x=-21.02;y=18.00;yaw=-1.54
264.516666651,[debug],turtlebot5,simulation,robot-pose,x=-38.05;y=21.50;yaw=0.03
264.516666651,[debug],turtlebot5,simulation,robot-pose,x=-38.05;y=21.50;yaw=0.03
265.166666746,[info],turtlebot2,skill-life-cycle,navigation,(status=RUNNING, parameters=[[-37.0, 18.93, -1.5707963267948966, True], [-37.0, 16.0, 0.0, True], [-28.5, 16.0, 1.5707963267948966, True], [-28.5, 18.0, -1.57, False]])
279.299999952,[debug],turtlebot1,simulation,robot-pose,x=-33.88;y=18.79;yaw=3.01
279.349999905,[debug],turtlebot1,simulation,robot-pose,x=-33.88;y=18.79;yaw=3.01
279.5,[debug],turtlebot2,simulation,robot-pose,x=-28.63;y=16.22;yaw=3.06
279.5,[debug],turtlebot3,simulation,robot-pose,x=-40.39;y=25.23;yaw=0.33
279.5,[debug],turtlebot2,simulation,robot-pose,x=-28.63;y=16.22;yaw=3.06
279.5,[debug],turtlebot3,simulation,robot-pose,x=-40.39;y=25.23;yaw=0.33
279.516666651,[debug],turtlebot5,simulation,robot-pose,x=-38.08;y=21.50;yaw=0.03
279.516666651,[debug],turtlebot5,simulation,robot-pose,x=-38.08;y=21.50;yaw=0.03
279.516666651,[debug],turtlebot4,simulation,robot-pose,x=-21.03;y=18.00;yaw=-1.54
279.516666651,[debug],turtlebot4,simulation,robot-pose,x=-21.03;y=18.00;yaw=-1.54
294.299999952,[debug],turtlebot1,simulation,robot-pose,x=-33.88;y=18.79;yaw=3.01
294.333333254,[debug],turtlebot1,simulation,robot-pose,x=-33.88;y=18.79;yaw=3.01
294.5,[debug],turtlebot2,simulation,robot-pose,x=-28.54;y=16.17;yaw=2.84
294.5,[debug],turtlebot2,simulation,robot-pose,x=-28.54;y=16.17;yaw=2.84
294.5,[debug],turtlebot3,simulation,robot-pose,x=-40.39;y=25.23;yaw=0.33
294.5,[debug],turtlebot3,simulation,robot-pose,x=-40.39;y=25.23;yaw=0.33
294.516666651,[debug],turtlebot4,simulation,robot-pose,x=-21.03;y=18.00;yaw=-1.54
294.516666651,[debug],turtlebot4,simulation,robot-pose,x=-21.03;y=18.00;yaw=-1.54
294.516666651,[debug],turtlebot5,simulation,robot-pose,x=-38.11;y=21.50;yaw=0.03
294.516666651,[debug],turtlebot5,simulation,robot-pose,x=-38.11;y=21.50;yaw=0.03
309.299999952,[debug],turtlebot1,simulation,robot-pose,x=-33.88;y=18.79;yaw=3.01
309.333333254,[debug],turtlebot1,simulation,robot-pose,x=-33.88;y=18.79;yaw=3.01
309.5,[debug],turtlebot3,simulation,robot-pose,x=-40.39;y=25.23;yaw=0.33
309.5,[debug],turtlebot3,simulation,robot-pose,x=-40.39;y=25.23;yaw=0.33
309.5,[debug],turtlebot2,simulation,robot-pose,x=-28.62;y=16.16;yaw=3.14
309.5,[debug],turtlebot2,simulation,robot-pose,x=-28.62;y=16.16;yaw=3.14
309.516666651,[debug],turtlebot4,simulation,robot-pose,x=-21.03;y=18.00;yaw=-1.54
309.516666651,[debug],turtlebot4,simulation,robot-pose,x=-21.03;y=18.00;yaw=-1.54
309.516666651,[debug],turtlebot5,simulation,robot-pose,x=-38.13;y=21.50;yaw=0.03
309.516666651,[debug],turtlebot5,simulation,robot-pose,x=-38.13;y=21.50;yaw=0.03
315.533333302,[info],turtlebot2,skill-life-cycle,navigation,(status=RUNNING, parameters=[[-37.0, 18.93, -1.5707963267948966, True], [-37.0, 16.0, 0.0, True], [-28.5, 16.0, 1.5707963267948966, True], [-28.5, 18.0, -1.57, False]])
324.299999952,[debug],turtlebot1,simulation,robot-pose,x=-33.88;y=18.79;yaw=3.01
324.366666555,[debug],turtlebot1,simulation,robot-pose,x=-33.88;y=18.79;yaw=3.01
324.5,[debug],turtlebot2,simulation,robot-pose,x=-28.47;y=16.13;yaw=3.04
324.5,[debug],turtlebot2,simulation,robot-pose,x=-28.47;y=16.13;yaw=3.04
324.5,[debug],turtlebot3,simulation,robot-pose,x=-40.39;y=25.23;yaw=0.33
324.5,[debug],turtlebot3,simulation,robot-pose,x=-40.39;y=25.23;yaw=0.33
324.516666651,[debug],turtlebot5,simulation,robot-pose,x=-38.15;y=21.50;yaw=0.04
324.516666651,[debug],turtlebot4,simulation,robot-pose,x=-21.03;y=18.00;yaw=-1.54
324.516666651,[debug],turtlebot5,simulation,robot-pose,x=-38.15;y=21.50;yaw=0.04
324.516666651,[debug],turtlebot4,simulation,robot-pose,x=-21.03;y=18.00;yaw=-1.54
339.299999952,[debug],turtlebot1,simulation,robot-pose,x=-33.88;y=18.79;yaw=3.01
339.316666603,[debug],turtlebot1,simulation,robot-pose,x=-33.88;y=18.79;yaw=3.01
339.5,[debug],turtlebot2,simulation,robot-pose,x=-28.57;y=16.12;yaw=3.09
339.5,[debug],turtlebot2,simulation,robot-pose,x=-28.57;y=16.12;yaw=3.09
339.5,[debug],turtlebot3,simulation,robot-pose,x=-40.39;y=25.23;yaw=0.33
339.5,[debug],turtlebot3,simulation,robot-pose,x=-40.39;y=25.23;yaw=0.33
339.516666651,[debug],turtlebot5,simulation,robot-pose,x=-38.15;y=21.51;yaw=0.05
339.516666651,[debug],turtlebot5,simulation,robot-pose,x=-38.15;y=21.51;yaw=0.05
339.516666651,[debug],turtlebot4,simulation,robot-pose,x=-21.03;y=18.00;yaw=-1.54
339.516666651,[debug],turtlebot4,simulation,robot-pose,x=-21.03;y=18.00;yaw=-1.54
354.299999952,[debug],turtlebot1,simulation,robot-pose,x=-33.88;y=18.79;yaw=3.01
354.333333254,[debug],turtlebot1,simulation,robot-pose,x=-33.88;y=18.79;yaw=3.01
354.5,[debug],turtlebot2,simulation,robot-pose,x=-28.51;y=16.12;yaw=-3.13
354.5,[debug],turtlebot2,simulation,robot-pose,x=-28.51;y=16.12;yaw=-3.13
354.5,[debug],turtlebot3,simulation,robot-pose,x=-40.39;y=25.23;yaw=0.33
354.5,[debug],turtlebot3,simulation,robot-pose,x=-40.39;y=25.23;yaw=0.33
354.516666651,[debug],turtlebot4,simulation,robot-pose,x=-21.03;y=18.00;yaw=-1.54
354.516666651,[debug],turtlebot4,simulation,robot-pose,x=-21.03;y=18.00;yaw=-1.54
354.516666651,[debug],turtlebot5,simulation,robot-pose,x=-38.15;y=21.51;yaw=0.06
354.516666651,[debug],turtlebot5,simulation,robot-pose,x=-38.15;y=21.51;yaw=0.06
365.950000048,[info],turtlebot2,skill-life-cycle,navigation,(status=RUNNING, parameters=[[-37.0, 18.93, -1.5707963267948966, True], [-37.0, 16.0, 0.0, True], [-28.5, 16.0, 1.5707963267948966, True], [-28.5, 18.0, -1.57, False]])
369.299999952,[debug],turtlebot1,simulation,robot-pose,x=-33.88;y=18.79;yaw=3.01
369.349999905,[debug],turtlebot1,simulation,robot-pose,x=-33.88;y=18.79;yaw=3.01
369.5,[debug],turtlebot2,simulation,robot-pose,x=-28.53;y=16.07;yaw=3.02
369.5,[debug],turtlebot2,simulation,robot-pose,x=-28.53;y=16.07;yaw=3.02
369.5,[debug],turtlebot3,simulation,robot-pose,x=-40.39;y=25.23;yaw=0.33
369.5,[debug],turtlebot3,simulation,robot-pose,x=-40.39;y=25.23;yaw=0.33
369.516666651,[debug],turtlebot4,simulation,robot-pose,x=-21.03;y=18.00;yaw=-1.54
369.516666651,[debug],turtlebot4,simulation,robot-pose,x=-21.03;y=18.00;yaw=-1.54
369.516666651,[debug],turtlebot5,simulation,robot-pose,x=-38.15;y=21.51;yaw=0.08
369.516666651,[debug],turtlebot5,simulation,robot-pose,x=-38.15;y=21.51;yaw=0.08
384.299999952,[debug],turtlebot1,simulation,robot-pose,x=-33.88;y=18.79;yaw=3.01
384.349999905,[debug],turtlebot1,simulation,robot-pose,x=-33.88;y=18.79;yaw=3.01
384.5,[debug],turtlebot2,simulation,robot-pose,x=-28.68;y=16.05;yaw=3.08
384.5,[debug],turtlebot2,simulation,robot-pose,x=-28.68;y=16.05;yaw=3.08
384.5,[debug],turtlebot3,simulation,robot-pose,x=-40.39;y=25.23;yaw=0.33
384.5,[debug],turtlebot3,simulation,robot-pose,x=-40.39;y=25.23;yaw=0.33
384.516666651,[debug],turtlebot4,simulation,robot-pose,x=-21.03;y=18.00;yaw=-1.54
384.516666651,[debug],turtlebot4,simulation,robot-pose,x=-21.03;y=18.00;yaw=-1.54
384.516666651,[debug],turtlebot5,simulation,robot-pose,x=-38.15;y=21.51;yaw=0.11
384.516666651,[debug],turtlebot5,simulation,robot-pose,x=-38.15;y=21.51;yaw=0.11
399.299999952,[debug],turtlebot1,simulation,robot-pose,x=-33.88;y=18.79;yaw=3.01
399.333333254,[debug],turtlebot1,simulation,robot-pose,x=-33.88;y=18.79;yaw=3.01
399.5,[debug],turtlebot2,simulation,robot-pose,x=-28.83;y=16.05;yaw=-3.11
399.5,[debug],turtlebot2,simulation,robot-pose,x=-28.83;y=16.05;yaw=-3.11
399.5,[debug],turtlebot3,simulation,robot-pose,x=-40.39;y=25.23;yaw=0.33
399.5,[debug],turtlebot3,simulation,robot-pose,x=-40.39;y=25.23;yaw=0.33
399.516666651,[debug],turtlebot5,simulation,robot-pose,x=-38.15;y=21.52;yaw=0.14
399.516666651,[debug],turtlebot4,simulation,robot-pose,x=-21.03;y=18.00;yaw=-1.54
399.516666651,[debug],turtlebot5,simulation,robot-pose,x=-38.15;y=21.52;yaw=0.14
399.516666651,[debug],turtlebot4,simulation,robot-pose,x=-21.03;y=18.00;yaw=-1.54
414.299999952,[debug],turtlebot1,simulation,robot-pose,x=-33.88;y=18.79;yaw=3.01
414.333333254,[debug],turtlebot1,simulation,robot-pose,x=-33.88;y=18.79;yaw=3.01
414.5,[debug],turtlebot3,simulation,robot-pose,x=-40.39;y=25.23;yaw=0.33
414.5,[debug],turtlebot3,simulation,robot-pose,x=-40.39;y=25.23;yaw=0.33
414.5,[debug],turtlebot2,simulation,robot-pose,x=-28.61;y=16.03;yaw=3.04
414.5,[debug],turtlebot2,simulation,robot-pose,x=-28.61;y=16.03;yaw=3.04
414.516666651,[debug],turtlebot4,simulation,robot-pose,x=-21.03;y=18.00;yaw=-1.54
414.516666651,[debug],turtlebot4,simulation,robot-pose,x=-21.03;y=18.00;yaw=-1.54
414.516666651,[debug],turtlebot5,simulation,robot-pose,x=-38.16;y=21.52;yaw=0.16
414.516666651,[debug],turtlebot5,simulation,robot-pose,x=-38.16;y=21.52;yaw=0.16
416.466666698,[info],turtlebot2,skill-life-cycle,navigation,(status=RUNNING, parameters=[[-37.0, 18.93, -1.5707963267948966, True], [-37.0, 16.0, 0.0, True], [-28.5, 16.0, 1.5707963267948966, True], [-28.5, 18.0, -1.57, False]])
429.299999952,[debug],turtlebot1,simulation,robot-pose,x=-33.88;y=18.79;yaw=3.01
429.366666555,[debug],turtlebot1,simulation,robot-pose,x=-33.88;y=18.79;yaw=3.01
429.5,[debug],turtlebot2,simulation,robot-pose,x=-28.60;y=16.01;yaw=3.10
429.5,[debug],turtlebot2,simulation,robot-pose,x=-28.60;y=16.01;yaw=3.10
429.5,[debug],turtlebot3,simulation,robot-pose,x=-40.39;y=25.23;yaw=0.33
429.5,[debug],turtlebot3,simulation,robot-pose,x=-40.39;y=25.23;yaw=0.33
429.516666651,[debug],turtlebot5,simulation,robot-pose,x=-38.16;y=21.53;yaw=0.18
429.516666651,[debug],turtlebot5,simulation,robot-pose,x=-38.16;y=21.53;yaw=0.18
429.516666651,[debug],turtlebot4,simulation,robot-pose,x=-21.03;y=18.00;yaw=-1.54
429.516666651,[debug],turtlebot4,simulation,robot-pose,x=-21.03;y=18.00;yaw=-1.54
444.299999952,[debug],turtlebot1,simulation,robot-pose,x=-33.88;y=18.79;yaw=3.01
444.366666555,[debug],turtlebot1,simulation,robot-pose,x=-33.88;y=18.79;yaw=3.01
444.5,[debug],turtlebot3,simulation,robot-pose,x=-40.39;y=25.23;yaw=0.33
444.5,[debug],turtlebot2,simulation,robot-pose,x=-28.36;y=15.97;yaw=2.94
444.5,[debug],turtlebot3,simulation,robot-pose,x=-40.39;y=25.23;yaw=0.33
444.5,[debug],turtlebot2,simulation,robot-pose,x=-28.36;y=15.97;yaw=2.94
444.516666651,[debug],turtlebot5,simulation,robot-pose,x=-38.16;y=21.53;yaw=0.19
444.516666651,[debug],turtlebot5,simulation,robot-pose,x=-38.16;y=21.53;yaw=0.19
444.516666651,[debug],turtlebot4,simulation,robot-pose,x=-21.03;y=18.00;yaw=-1.54
444.516666651,[debug],turtlebot4,simulation,robot-pose,x=-21.03;y=18.00;yaw=-1.54
459.299999952,[debug],turtlebot1,simulation,robot-pose,x=-33.88;y=18.79;yaw=3.01
459.349999905,[debug],turtlebot1,simulation,robot-pose,x=-33.88;y=18.79;yaw=3.01
459.5,[debug],turtlebot3,simulation,robot-pose,x=-40.39;y=25.23;yaw=0.33
459.5,[debug],turtlebot3,simulation,robot-pose,x=-40.39;y=25.23;yaw=0.33
459.5,[debug],turtlebot2,simulation,robot-pose,x=-28.52;y=16.00;yaw=3.04
459.5,[debug],turtlebot2,simulation,robot-pose,x=-28.52;y=16.00;yaw=3.04
459.516666651,[debug],turtlebot4,simulation,robot-pose,x=-21.03;y=18.00;yaw=-1.54
459.516666651,[debug],turtlebot4,simulation,robot-pose,x=-21.03;y=18.00;yaw=-1.54
459.516666651,[debug],turtlebot5,simulation,robot-pose,x=-38.16;y=21.53;yaw=0.20
459.516666651,[debug],turtlebot5,simulation,robot-pose,x=-38.16;y=21.53;yaw=0.20
467.0,[info],turtlebot2,skill-life-cycle,navigation,(status=RUNNING, parameters=[[-37.0, 18.93, -1.5707963267948966, True], [-37.0, 16.0, 0.0, True], [-28.5, 16.0, 1.5707963267948966, True], [-28.5, 18.0, -1.57, False]])
474.299999952,[debug],turtlebot1,simulation,robot-pose,x=-33.88;y=18.79;yaw=3.01
474.349999905,[debug],turtlebot1,simulation,robot-pose,x=-33.88;y=18.79;yaw=3.01
474.5,[debug],turtlebot3,simulation,robot-pose,x=-40.39;y=25.23;yaw=0.33
474.5,[debug],turtlebot3,simulation,robot-pose,x=-40.39;y=25.23;yaw=0.33
474.5,[debug],turtlebot2,simulation,robot-pose,x=-28.56;y=16.00;yaw=3.06
474.5,[debug],turtlebot2,simulation,robot-pose,x=-28.56;y=16.00;yaw=3.06
474.516666651,[debug],turtlebot4,simulation,robot-pose,x=-21.03;y=18.00;yaw=-1.54
474.516666651,[debug],turtlebot5,simulation,robot-pose,x=-38.16;y=21.53;yaw=0.21
474.516666651,[debug],turtlebot4,simulation,robot-pose,x=-21.03;y=18.00;yaw=-1.54
474.516666651,[debug],turtlebot5,simulation,robot-pose,x=-38.16;y=21.53;yaw=0.21
489.299999952,[debug],turtlebot1,simulation,robot-pose,x=-33.88;y=18.79;yaw=3.01
489.366666555,[debug],turtlebot1,simulation,robot-pose,x=-33.88;y=18.79;yaw=3.01
489.5,[debug],turtlebot3,simulation,robot-pose,x=-40.39;y=25.23;yaw=0.33
489.5,[debug],turtlebot3,simulation,robot-pose,x=-40.39;y=25.23;yaw=0.33
489.5,[debug],turtlebot2,simulation,robot-pose,x=-28.43;y=15.97;yaw=2.95
489.5,[debug],turtlebot2,simulation,robot-pose,x=-28.43;y=15.97;yaw=2.95
489.516666651,[debug],turtlebot5,simulation,robot-pose,x=-38.16;y=21.54;yaw=0.22
489.516666651,[debug],turtlebot5,simulation,robot-pose,x=-38.16;y=21.54;yaw=0.22
489.516666651,[debug],turtlebot4,simulation,robot-pose,x=-21.03;y=18.00;yaw=-1.54
489.516666651,[debug],turtlebot4,simulation,robot-pose,x=-21.03;y=18.00;yaw=-1.54
504.299999952,[debug],turtlebot1,simulation,robot-pose,x=-33.88;y=18.79;yaw=3.01
504.366666555,[debug],turtlebot1,simulation,robot-pose,x=-33.88;y=18.79;yaw=3.01
504.5,[debug],turtlebot3,simulation,robot-pose,x=-40.39;y=25.23;yaw=0.33
504.5,[debug],turtlebot3,simulation,robot-pose,x=-40.39;y=25.23;yaw=0.33
504.5,[debug],turtlebot2,simulation,robot-pose,x=-28.48;y=15.99;yaw=2.98
504.5,[debug],turtlebot2,simulation,robot-pose,x=-28.48;y=15.99;yaw=2.98
504.516666651,[debug],turtlebot4,simulation,robot-pose,x=-21.03;y=18.00;yaw=-1.54
504.516666651,[debug],turtlebot4,simulation,robot-pose,x=-21.03;y=18.00;yaw=-1.54
504.516666651,[debug],turtlebot5,simulation,robot-pose,x=-38.16;y=21.54;yaw=0.23
504.516666651,[debug],turtlebot5,simulation,robot-pose,x=-38.16;y=21.54;yaw=0.23
517.383333445,[info],turtlebot2,skill-life-cycle,navigation,(status=RUNNING, parameters=[[-37.0, 18.93, -1.5707963267948966, True], [-37.0, 16.0, 0.0, True], [-28.5, 16.0, 1.5707963267948966, True], [-28.5, 18.0, -1.57, False]])
519.299999952,[debug],turtlebot1,simulation,robot-pose,x=-33.88;y=18.79;yaw=3.01
519.333333254,[debug],turtlebot1,simulation,robot-pose,x=-33.88;y=18.79;yaw=3.01
519.5,[debug],turtlebot3,simulation,robot-pose,x=-40.39;y=25.23;yaw=0.33
519.5,[debug],turtlebot3,simulation,robot-pose,x=-40.39;y=25.23;yaw=0.33
519.5,[debug],turtlebot2,simulation,robot-pose,x=-28.55;y=15.99;yaw=3.04
519.5,[debug],turtlebot2,simulation,robot-pose,x=-28.55;y=15.99;yaw=3.04
519.516666651,[debug],turtlebot4,simulation,robot-pose,x=-21.03;y=18.00;yaw=-1.54
519.516666651,[debug],turtlebot4,simulation,robot-pose,x=-21.03;y=18.00;yaw=-1.54
519.516666651,[debug],turtlebot5,simulation,robot-pose,x=-38.16;y=21.54;yaw=0.25
519.516666651,[debug],turtlebot5,simulation,robot-pose,x=-38.16;y=21.54;yaw=0.25
534.299999952,[debug],turtlebot1,simulation,robot-pose,x=-33.88;y=18.79;yaw=3.01
534.349999905,[debug],turtlebot1,simulation,robot-pose,x=-33.88;y=18.79;yaw=3.01
534.5,[debug],turtlebot2,simulation,robot-pose,x=-28.50;y=15.98;yaw=3.00
534.5,[debug],turtlebot2,simulation,robot-pose,x=-28.50;y=15.98;yaw=3.00
534.5,[debug],turtlebot3,simulation,robot-pose,x=-40.39;y=25.23;yaw=0.33
534.5,[debug],turtlebot3,simulation,robot-pose,x=-40.39;y=25.23;yaw=0.33
534.516666651,[debug],turtlebot4,simulation,robot-pose,x=-21.03;y=18.00;yaw=-1.54
534.516666651,[debug],turtlebot4,simulation,robot-pose,x=-21.03;y=18.00;yaw=-1.54
534.516666651,[debug],turtlebot5,simulation,robot-pose,x=-38.16;y=21.54;yaw=0.26
534.516666651,[debug],turtlebot5,simulation,robot-pose,x=-38.16;y=21.54;yaw=0.26
549.299999952,[debug],turtlebot1,simulation,robot-pose,x=-33.88;y=18.79;yaw=3.01
549.366666555,[debug],turtlebot1,simulation,robot-pose,x=-33.88;y=18.79;yaw=3.01
549.5,[debug],turtlebot2,simulation,robot-pose,x=-28.43;y=15.96;yaw=2.96
549.5,[debug],turtlebot2,simulation,robot-pose,x=-28.43;y=15.96;yaw=2.96
549.5,[debug],turtlebot3,simulation,robot-pose,x=-40.39;y=25.23;yaw=0.33
549.5,[debug],turtlebot3,simulation,robot-pose,x=-40.39;y=25.23;yaw=0.33
549.516666651,[debug],turtlebot4,simulation,robot-pose,x=-21.03;y=18.00;yaw=-1.54
549.516666651,[debug],turtlebot4,simulation,robot-pose,x=-21.03;y=18.00;yaw=-1.54
549.516666651,[debug],turtlebot5,simulation,robot-pose,x=-38.16;y=21.54;yaw=0.27
549.516666651,[debug],turtlebot5,simulation,robot-pose,x=-38.16;y=21.54;yaw=0.27
564.299999952,[debug],turtlebot1,simulation,robot-pose,x=-33.88;y=18.79;yaw=3.01
564.383333445,[debug],turtlebot1,simulation,robot-pose,x=-33.88;y=18.79;yaw=3.01
564.5,[debug],turtlebot3,simulation,robot-pose,x=-40.39;y=25.23;yaw=0.33
564.5,[debug],turtlebot3,simulation,robot-pose,x=-40.39;y=25.23;yaw=0.33
564.5,[debug],turtlebot2,simulation,robot-pose,x=-28.67;y=15.99;yaw=3.00
564.5,[debug],turtlebot2,simulation,robot-pose,x=-28.67;y=15.99;yaw=3.00
564.516666651,[debug],turtlebot5,simulation,robot-pose,x=-38.16;y=21.54;yaw=0.28
564.516666651,[debug],turtlebot5,simulation,robot-pose,x=-38.16;y=21.54;yaw=0.28
564.516666651,[debug],turtlebot4,simulation,robot-pose,x=-21.03;y=18.00;yaw=-1.54
564.516666651,[debug],turtlebot4,simulation,robot-pose,x=-21.03;y=18.00;yaw=-1.54
568.049999952,[info],turtlebot2,skill-life-cycle,navigation,(status=RUNNING, parameters=[[-37.0, 18.93, -1.5707963267948966, True], [-37.0, 16.0, 0.0, True], [-28.5, 16.0, 1.5707963267948966, True], [-28.5, 18.0, -1.57, False]])
579.299999952,[debug],turtlebot1,simulation,robot-pose,x=-33.88;y=18.79;yaw=3.01
579.333333254,[debug],turtlebot1,simulation,robot-pose,x=-33.88;y=18.79;yaw=3.01
579.5,[debug],turtlebot3,simulation,robot-pose,x=-40.39;y=25.23;yaw=0.33
579.5,[debug],turtlebot3,simulation,robot-pose,x=-40.39;y=25.23;yaw=0.33
579.5,[debug],turtlebot2,simulation,robot-pose,x=-28.56;y=16.01;yaw=-3.01
579.5,[debug],turtlebot2,simulation,robot-pose,x=-28.56;y=16.01;yaw=-3.01
579.516666651,[debug],turtlebot4,simulation,robot-pose,x=-21.03;y=18.00;yaw=-1.54
579.516666651,[debug],turtlebot4,simulation,robot-pose,x=-21.03;y=18.00;yaw=-1.54
579.516666651,[debug],turtlebot5,simulation,robot-pose,x=-38.16;y=21.55;yaw=0.28
579.516666651,[debug],turtlebot5,simulation,robot-pose,x=-38.16;y=21.55;yaw=0.28
594.299999952,[debug],turtlebot1,simulation,robot-pose,x=-33.88;y=18.79;yaw=3.01
594.366666555,[debug],turtlebot1,simulation,robot-pose,x=-33.88;y=18.79;yaw=3.01
594.5,[debug],turtlebot3,simulation,robot-pose,x=-40.39;y=25.23;yaw=0.33
594.5,[debug],turtlebot2,simulation,robot-pose,x=-28.63;y=15.99;yaw=3.11
594.5,[debug],turtlebot3,simulation,robot-pose,x=-40.39;y=25.23;yaw=0.33
594.5,[debug],turtlebot2,simulation,robot-pose,x=-28.63;y=15.99;yaw=3.11
594.516666651,[debug],turtlebot4,simulation,robot-pose,x=-21.03;y=18.00;yaw=-1.54
594.516666651,[debug],turtlebot4,simulation,robot-pose,x=-21.03;y=18.00;yaw=-1.54
594.516666651,[debug],turtlebot5,simulation,robot-pose,x=-38.16;y=21.55;yaw=0.29
594.516666651,[debug],turtlebot5,simulation,robot-pose,x=-38.16;y=21.55;yaw=0.29
609.299999952,[debug],turtlebot1,simulation,robot-pose,x=-33.88;y=18.79;yaw=3.01
609.333333254,[debug],turtlebot1,simulation,robot-pose,x=-33.88;y=18.79;yaw=3.01
609.5,[debug],turtlebot2,simulation,robot-pose,x=-28.63;y=16.00;yaw=3.12
609.5,[debug],turtlebot2,simulation,robot-pose,x=-28.63;y=16.00;yaw=3.12
609.5,[debug],turtlebot3,simulation,robot-pose,x=-40.39;y=25.23;yaw=0.33
609.5,[debug],turtlebot3,simulation,robot-pose,x=-40.39;y=25.23;yaw=0.33
609.516666651,[debug],turtlebot4,simulation,robot-pose,x=-21.03;y=18.00;yaw=-1.54
609.516666651,[debug],turtlebot4,simulation,robot-pose,x=-21.03;y=18.00;yaw=-1.54
609.516666651,[debug],turtlebot5,simulation,robot-pose,x=-38.16;y=21.55;yaw=0.30
609.516666651,[debug],turtlebot5,simulation,robot-pose,x=-38.16;y=21.55;yaw=0.30
618.733333349,[info],turtlebot2,skill-life-cycle,navigation,(status=RUNNING, parameters=[[-37.0, 18.93, -1.5707963267948966, True], [-37.0, 16.0, 0.0, True], [-28.5, 16.0, 1.5707963267948966, True], [-28.5, 18.0, -1.57, False]])
624.299999952,[debug],turtlebot1,simulation,robot-pose,x=-33.88;y=18.79;yaw=3.01
624.349999905,[debug],turtlebot1,simulation,robot-pose,x=-33.88;y=18.79;yaw=3.01
624.5,[debug],turtlebot2,simulation,robot-pose,x=-28.68;y=15.99;yaw=3.11
624.5,[debug],turtlebot2,simulation,robot-pose,x=-28.68;y=15.99;yaw=3.11
624.5,[debug],turtlebot3,simulation,robot-pose,x=-40.39;y=25.23;yaw=0.33
624.5,[debug],turtlebot3,simulation,robot-pose,x=-40.39;y=25.23;yaw=0.33
624.516666651,[debug],turtlebot4,simulation,robot-pose,x=-21.03;y=18.00;yaw=-1.54
624.516666651,[debug],turtlebot4,simulation,robot-pose,x=-21.03;y=18.00;yaw=-1.54
624.516666651,[debug],turtlebot5,simulation,robot-pose,x=-38.16;y=21.55;yaw=0.30
624.516666651,[debug],turtlebot5,simulation,robot-pose,x=-38.16;y=21.55;yaw=0.30
639.299999952,[debug],turtlebot1,simulation,robot-pose,x=-33.88;y=18.79;yaw=3.01
639.349999905,[debug],turtlebot1,simulation,robot-pose,x=-33.88;y=18.79;yaw=3.01
639.5,[debug],turtlebot3,simulation,robot-pose,x=-40.39;y=25.23;yaw=0.33
639.5,[debug],turtlebot3,simulation,robot-pose,x=-40.39;y=25.23;yaw=0.33
639.5,[debug],turtlebot2,simulation,robot-pose,x=-28.60;y=16.00;yaw=-3.06
639.5,[debug],turtlebot2,simulation,robot-pose,x=-28.60;y=16.00;yaw=-3.06
639.516666651,[debug],turtlebot5,simulation,robot-pose,x=-38.16;y=21.55;yaw=0.30
639.516666651,[debug],turtlebot4,simulation,robot-pose,x=-21.03;y=18.00;yaw=-1.54
639.516666651,[debug],turtlebot5,simulation,robot-pose,x=-38.16;y=21.55;yaw=0.30
639.516666651,[debug],turtlebot4,simulation,robot-pose,x=-21.03;y=18.00;yaw=-1.54
654.299999952,[debug],turtlebot1,simulation,robot-pose,x=-33.88;y=18.79;yaw=3.01
654.349999905,[debug],turtlebot1,simulation,robot-pose,x=-33.88;y=18.79;yaw=3.01
654.5,[debug],turtlebot3,simulation,robot-pose,x=-40.39;y=25.23;yaw=0.33
654.5,[debug],turtlebot3,simulation,robot-pose,x=-40.39;y=25.23;yaw=0.33
654.5,[debug],turtlebot2,simulation,robot-pose,x=-28.41;y=15.99;yaw=3.10
654.5,[debug],turtlebot2,simulation,robot-pose,x=-28.41;y=15.99;yaw=3.10
654.516666651,[debug],turtlebot4,simulation,robot-pose,x=-21.03;y=18.00;yaw=-1.54
654.516666651,[debug],turtlebot4,simulation,robot-pose,x=-21.03;y=18.00;yaw=-1.54
654.516666651,[debug],turtlebot5,simulation,robot-pose,x=-38.16;y=21.55;yaw=0.31
654.516666651,[debug],turtlebot5,simulation,robot-pose,x=-38.16;y=21.55;yaw=0.31
669.299999952,[debug],turtlebot1,simulation,robot-pose,x=-33.88;y=18.79;yaw=3.01
669.349999905,[debug],turtlebot1,simulation,robot-pose,x=-33.88;y=18.79;yaw=3.01
669.383333445,[info],turtlebot2,skill-life-cycle,navigation,(status=RUNNING, parameters=[[-37.0, 18.93, -1.5707963267948966, True], [-37.0, 16.0, 0.0, True], [-28.5, 16.0, 1.5707963267948966, True], [-28.5, 18.0, -1.57, False]])
669.5,[debug],turtlebot3,simulation,robot-pose,x=-40.39;y=25.23;yaw=0.33
669.5,[debug],turtlebot2,simulation,robot-pose,x=-28.33;y=15.99;yaw=-3.07
669.5,[debug],turtlebot3,simulation,robot-pose,x=-40.39;y=25.23;yaw=0.33
669.5,[debug],turtlebot2,simulation,robot-pose,x=-28.33;y=15.99;yaw=-3.07
669.516666651,[debug],turtlebot5,simulation,robot-pose,x=-38.16;y=21.55;yaw=0.31
669.516666651,[debug],turtlebot5,simulation,robot-pose,x=-38.16;y=21.55;yaw=0.31
669.516666651,[debug],turtlebot4,simulation,robot-pose,x=-21.03;y=18.00;yaw=-1.54
669.516666651,[debug],turtlebot4,simulation,robot-pose,x=-21.03;y=18.00;yaw=-1.54
684.299999952,[debug],turtlebot1,simulation,robot-pose,x=-33.88;y=18.79;yaw=3.01
684.349999905,[debug],turtlebot1,simulation,robot-pose,x=-33.88;y=18.79;yaw=3.01
684.5,[debug],turtlebot3,simulation,robot-pose,x=-40.39;y=25.23;yaw=0.33
684.5,[debug],turtlebot2,simulation,robot-pose,x=-28.53;y=15.96;yaw=2.98
684.5,[debug],turtlebot3,simulation,robot-pose,x=-40.39;y=25.23;yaw=0.33
684.5,[debug],turtlebot2,simulation,robot-pose,x=-28.53;y=15.96;yaw=2.98
684.516666651,[debug],turtlebot5,simulation,robot-pose,x=-38.16;y=21.55;yaw=0.32
684.516666651,[debug],turtlebot4,simulation,robot-pose,x=-21.03;y=18.00;yaw=-1.54
684.516666651,[debug],turtlebot5,simulation,robot-pose,x=-38.16;y=21.55;yaw=0.32
684.516666651,[debug],turtlebot4,simulation,robot-pose,x=-21.03;y=18.00;yaw=-1.54
699.299999952,[debug],turtlebot1,simulation,robot-pose,x=-33.88;y=18.79;yaw=3.01
699.366666555,[debug],turtlebot1,simulation,robot-pose,x=-33.88;y=18.79;yaw=3.01
699.5,[debug],turtlebot3,simulation,robot-pose,x=-40.39;y=25.23;yaw=0.33
699.5,[debug],turtlebot2,simulation,robot-pose,x=-28.75;y=15.96;yaw=2.86
699.5,[debug],turtlebot3,simulation,robot-pose,x=-40.39;y=25.23;yaw=0.33
699.5,[debug],turtlebot2,simulation,robot-pose,x=-28.75;y=15.96;yaw=2.86
699.516666651,[debug],turtlebot5,simulation,robot-pose,x=-38.16;y=21.55;yaw=0.32
699.516666651,[debug],turtlebot4,simulation,robot-pose,x=-21.03;y=18.00;yaw=-1.54
699.516666651,[debug],turtlebot5,simulation,robot-pose,x=-38.16;y=21.55;yaw=0.32
699.516666651,[debug],turtlebot4,simulation,robot-pose,x=-21.03;y=18.00;yaw=-1.54
714.299999952,[debug],turtlebot1,simulation,robot-pose,x=-33.88;y=18.79;yaw=3.01
714.366666555,[debug],turtlebot1,simulation,robot-pose,x=-33.88;y=18.79;yaw=3.01
714.5,[debug],turtlebot3,simulation,robot-pose,x=-40.39;y=25.23;yaw=0.33
714.5,[debug],turtlebot3,simulation,robot-pose,x=-40.39;y=25.23;yaw=0.33
714.5,[debug],turtlebot2,simulation,robot-pose,x=-28.78;y=15.97;yaw=2.90
714.5,[debug],turtlebot2,simulation,robot-pose,x=-28.78;y=15.97;yaw=2.90
714.516666651,[debug],turtlebot4,simulation,robot-pose,x=-21.03;y=18.00;yaw=-1.54
714.516666651,[debug],turtlebot5,simulation,robot-pose,x=-38.15;y=21.55;yaw=0.33
714.516666651,[debug],turtlebot4,simulation,robot-pose,x=-21.03;y=18.00;yaw=-1.54
714.516666651,[debug],turtlebot5,simulation,robot-pose,x=-38.15;y=21.55;yaw=0.33
720.166666746,[info],turtlebot2,skill-life-cycle,navigation,(status=RUNNING, parameters=[[-37.0, 18.93, -1.5707963267948966, True], [-37.0, 16.0, 0.0, True], [-28.5, 16.0, 1.5707963267948966, True], [-28.5, 18.0, -1.57, False]])
729.299999952,[debug],turtlebot1,simulation,robot-pose,x=-33.88;y=18.79;yaw=3.01
729.333333254,[debug],turtlebot1,simulation,robot-pose,x=-33.88;y=18.79;yaw=3.01
729.5,[debug],turtlebot2,simulation,robot-pose,x=-28.72;y=15.96;yaw=2.85
729.5,[debug],turtlebot3,simulation,robot-pose,x=-40.39;y=25.23;yaw=0.33
729.5,[debug],turtlebot2,simulation,robot-pose,x=-28.72;y=15.96;yaw=2.85
729.5,[debug],turtlebot3,simulation,robot-pose,x=-40.39;y=25.23;yaw=0.33
729.516666651,[debug],turtlebot5,simulation,robot-pose,x=-38.15;y=21.56;yaw=0.34
729.516666651,[debug],turtlebot5,simulation,robot-pose,x=-38.15;y=21.56;yaw=0.34
729.516666651,[debug],turtlebot4,simulation,robot-pose,x=-21.03;y=18.00;yaw=-1.54
729.516666651,[debug],turtlebot4,simulation,robot-pose,x=-21.03;y=18.00;yaw=-1.54
744.299999952,[debug],turtlebot1,simulation,robot-pose,x=-33.88;y=18.79;yaw=3.01
744.299999952,[debug],turtlebot1,simulation,robot-pose,x=-33.88;y=18.79;yaw=3.01
744.5,[debug],turtlebot3,simulation,robot-pose,x=-40.39;y=25.23;yaw=0.33
744.5,[debug],turtlebot3,simulation,robot-pose,x=-40.39;y=25.23;yaw=0.33
744.5,[debug],turtlebot2,simulation,robot-pose,x=-29.27;y=16.06;yaw=2.97
744.5,[debug],turtlebot2,simulation,robot-pose,x=-29.27;y=16.06;yaw=2.97
744.516666651,[debug],turtlebot5,simulation,robot-pose,x=-38.15;y=21.56;yaw=0.34
744.516666651,[debug],turtlebot4,simulation,robot-pose,x=-21.03;y=18.00;yaw=-1.54
744.516666651,[debug],turtlebot5,simulation,robot-pose,x=-38.15;y=21.56;yaw=0.34
744.516666651,[debug],turtlebot4,simulation,robot-pose,x=-21.03;y=18.00;yaw=-1.54
0.0,[debug],simulation closed,timeout,execution-wall-clock=900.9698181152344
