0.00, [DEBUG], logger, ROBOTS_CONFIG=[{"avg_speed": 0.15, "battery_charge": 0.5914703710515797, "battery_discharge_rate": 0.0006600000000000001, "id": 1, "local_plan": null, "location": "IC Room 4", "name": "r1", "position": [-39.44, 33.95, 0.0], "skills": ["approach_person", "approach_robot", "authenticate_person", "navigation", "operate_drawer"]}, {"avg_speed": 0.15, "battery_charge": 0.8344531419634984, "battery_discharge_rate": 0.00026000000000000003, "id": 2, "local_plan": null, "location": "PC Room 5", "name": "r2", "position": [-21.0, 18.0, -1.57], "skills": ["approach_person", "approach_robot", "authenticate_person", "navigation", "operate_drawer"]}, {"avg_speed": 0.15, "battery_charge": 0.462681764358839, "battery_discharge_rate": 0.00064, "id": 3, "local_plan": null, "location": "IC Room 2", "name": "r3", "position": [-38.0, 21.5, 0.0], "skills": ["approach_person", "approach_robot", "authenticate_person", "navigation", "operate_drawer"]}, {"avg_speed": 0.15, "battery_charge": 0.6520875066754872, "battery_discharge_rate": 0.0005600000000000001, "id": 4, "local_plan": null, "location": "PC Room 7", "name": "r4", "position": [-13.5, 18.0, -1.57], "skills": ["approach_person", "approach_robot", "authenticate_person", "navigation", "operate_drawer"]}, {"avg_speed": 0.15, "battery_charge": 0.2817995261312799, "battery_discharge_rate": 0.00076, "id": 5, "local_plan": null, "location": "IC Room 6", "name": "r5", "position": [-33.9, 18.93, 3.14], "skills": ["approach_person", "approach_robot", "authenticate_person", "navigation", "operate_drawer"]}, {"avg_speed": 0.15, "battery_charge": 0.5080169438370433, "battery_discharge_rate": 0.00038, "id": 6, "local_plan": [["navigation", ["PC Room 3", [[-27.23, 18.0, -1.57], [-27.23, 16.0], [-28.5, 16.0], [-28.5, 18.0, -1.57]]], "navto_room"], ["approach_person", ["nurse"], "approach_nurse"], ["authenticate_person", ["nurse"], "authenticate_nurse"], ["operate_drawer", ["open"], "open_drawer_for_nurse"], ["send_message", ["nurse"], "notify_nurse_of_open_drawer_for_nurse_completed"], ["wait_message", ["nurse"], "wait_nurse_to_complete_deposit"], ["operate_drawer", ["close"], "close_drawer_nurse"], ["navigation", ["Laboratory", [[-28.5, 18.0, -1.57], [-28.5, 16.0], [-26.0, 16.0], [-26.0, 13.0, 1.57]]], "navto_lab"], ["approach_robot", ["lab_arm"], "approach_arm"], ["operate_drawer", ["open"], "open_drawer_lab"], ["send_message", ["lab_arm"], "notify_lab_arm_of_open_drawer_lab_completed"], ["wait_message", ["lab_arm"], "wait_lab_arm_to_complete_pick_up_sample"], ["operate_drawer", ["close"], "close_drawer_lab"]], "location": "PC Room 4", "name": "r6", "position": [-27.23, 18.0, -1.57], "skills": ["approach_person", "approach_robot", "authenticate_person", "navigation", "operate_drawer"]}]
0.00, [DEBUG], logger, NURSES_CONFIG=[{"location": "PC Room 3", "position": [-29.5, 19.0, -1.57]}]
0.00, [DEBUG], logger, Simulation open
0.00, [DEBUG], logger, subcribing to in the topic /log
6.17, [DEBUG], None, [debug],turtlebot6,move-base-info,Move_base is up and ok....,
6.20, [DEBUG], None, [debug],turtlebot3,move-base-info,Move_base is up and ok....,
6.25, [DEBUG], None, [debug],turtlebot5,move-base-info,Move_base is up and ok....,
6.27, [DEBUG], None, [debug],turtlebot4,move-base-info,Move_base is up and ok....,
6.32, [DEBUG], None, [debug],turtlebot1,move-base-info,Move_base is up and ok....,
6.50, [DEBUG], None, [debug],turtlebot2,move-base-info,Move_base is up and ok....,
12.05, [INFO], turtlebot2, {"y": "18.00", "x": "-20.99", "yaw": "-1.54"}
12.05, [INFO], turtlebot1, {"y": "33.84", "x": "-39.51", "yaw": "0.46"}
12.05, [INFO], turtlebot3, {"y": "21.48", "x": "-38.00", "yaw": "0.01"}
12.05, [INFO], turtlebot5, {"y": "18.79", "x": "-33.83", "yaw": "2.79"}
12.05, [INFO], turtlebot6, {"y": "18.02", "x": "-27.23", "yaw": "-1.59"}
12.07, [INFO], turtlebot4, {"y": "18.00", "x": "-13.50", "yaw": "-1.51"}
12.07, [INFO], turtlebot6, {"battery-level": "50.24%"}
13.88, [DEBUG], turtlebot2, {"param_list": [], "skill": "init_robobt", "skill-life-cycle": "RUNNING", "label": "init_robobt"}
13.88, [DEBUG], turtlebot1, {"param_list": [], "skill": "init_robobt", "skill-life-cycle": "RUNNING", "label": "init_robobt"}
13.95, [DEBUG], turtlebot5, {"param_list": [], "skill": "init_robobt", "skill-life-cycle": "RUNNING", "label": "init_robobt"}
13.98, [DEBUG], turtlebot3, {"param_list": [], "skill": "init_robobt", "skill-life-cycle": "RUNNING", "label": "init_robobt"}
14.80, [DEBUG], turtlebot6, {"param_list": [], "skill": "init_robobt", "skill-life-cycle": "SUCCESS", "label": "init_robobt"}
14.80, [DEBUG], turtlebot6, "available-skills=['send_message', 'wait_message', 'approach_person', 'approach_robot', 'authenticate_person', 'navigation', 'operate_drawer']"
14.80, [DEBUG], turtlebot6, {"param_list": ["PC Room 3", [[-27.23, 16.0, 3.141592653589793, true], [-28.5, 16.0, 1.5707963267948966, true], [-28.5, 18.0, -1.57, false]]], "skill": "navigation", "skill-life-cycle": "STARTED", "label": "navto_room"}
14.92, [DEBUG], turtlebot4, {"param_list": [], "skill": "init_robobt", "skill-life-cycle": "SUCCESS", "label": "init_robobt"}
17.98, [DEBUG], turtlebot1, {"param_list": [], "skill": "init_robobt", "skill-life-cycle": "SUCCESS", "label": "init_robobt"}
18.13, [DEBUG], turtlebot3, {"param_list": [], "skill": "init_robobt", "skill-life-cycle": "SUCCESS", "label": "init_robobt"}
18.17, [DEBUG], turtlebot5, {"param_list": [], "skill": "init_robobt", "skill-life-cycle": "SUCCESS", "label": "init_robobt"}
18.17, [DEBUG], turtlebot2, {"param_list": [], "skill": "init_robobt", "skill-life-cycle": "SUCCESS", "label": "init_robobt"}
18.43, [INFO], turtlebot2, {"y": "18.00", "x": "-20.99", "yaw": "-1.54"}
18.43, [INFO], turtlebot1, {"y": "33.84", "x": "-39.51", "yaw": "0.46"}
18.43, [INFO], turtlebot3, {"y": "21.48", "x": "-38.00", "yaw": "0.01"}
18.43, [INFO], turtlebot2, {"y": "18.00", "x": "-20.99", "yaw": "-1.54"}
18.43, [INFO], turtlebot1, {"y": "33.84", "x": "-39.51", "yaw": "0.46"}
18.43, [INFO], turtlebot3, {"y": "21.48", "x": "-38.00", "yaw": "0.01"}
18.45, [INFO], turtlebot5, {"y": "18.79", "x": "-33.83", "yaw": "2.80"}
18.45, [INFO], turtlebot4, {"y": "18.00", "x": "-13.50", "yaw": "-1.50"}
18.45, [INFO], turtlebot6, {"y": "18.02", "x": "-27.23", "yaw": "-1.59"}
18.45, [INFO], turtlebot5, {"y": "18.79", "x": "-33.83", "yaw": "2.80"}
18.45, [INFO], turtlebot6, {"battery-level": "49.64%"}
18.45, [INFO], turtlebot4, {"y": "18.00", "x": "-13.50", "yaw": "-1.50"}
18.45, [INFO], turtlebot6, {"y": "18.02", "x": "-27.23", "yaw": "-1.59"}
18.45, [INFO], turtlebot6, {"battery-level": "49.64%"}
29.70, [INFO], turtlebot2, {"y": "18.00", "x": "-20.99", "yaw": "-1.54"}
29.70, [INFO], turtlebot3, {"y": "21.48", "x": "-38.00", "yaw": "0.01"}
29.70, [INFO], turtlebot1, {"y": "33.84", "x": "-39.51", "yaw": "0.46"}
29.73, [INFO], turtlebot6, {"y": "17.10", "x": "-27.14", "yaw": "-1.54"}
29.73, [INFO], turtlebot4, {"y": "18.00", "x": "-13.50", "yaw": "-1.50"}
29.75, [INFO], turtlebot5, {"y": "18.78", "x": "-33.84", "yaw": "2.82"}
29.75, [INFO], turtlebot6, {"battery-level": "49.04%"}
29.80, [INFO], turtlebot2, {"y": "18.00", "x": "-20.99", "yaw": "-1.54"}
29.80, [INFO], turtlebot3, {"y": "21.48", "x": "-38.00", "yaw": "0.01"}
29.80, [INFO], turtlebot1, {"y": "33.84", "x": "-39.51", "yaw": "0.46"}
29.80, [INFO], turtlebot6, {"y": "17.10", "x": "-27.14", "yaw": "-1.54"}
29.80, [INFO], turtlebot4, {"y": "18.00", "x": "-13.50", "yaw": "-1.50"}
29.80, [INFO], turtlebot5, {"y": "18.78", "x": "-33.84", "yaw": "2.82"}
29.82, [INFO], turtlebot6, {"battery-level": "49.04%"}
41.02, [DEBUG], None, [debug],turtlebot6,move-base-info,Hooray, the base moved arrived,(x=-27.23;y=16)
41.02, [DEBUG], None, [debug],turtlebot6,move-base-info,Hooray, the base moved arrived,(x=-27.23;y=16)
41.03, [DEBUG], turtlebot6, {"status": "way-point-reached", "skill": "navigation", "percentage": "33.33%", "goingto": "PC Room 3"}
41.60, [INFO], turtlebot1, {"y": "33.84", "x": "-39.51", "yaw": "0.46"}
41.60, [INFO], turtlebot2, {"y": "18.00", "x": "-20.99", "yaw": "-1.54"}
41.60, [INFO], turtlebot3, {"y": "21.48", "x": "-38.00", "yaw": "0.01"}
41.62, [INFO], turtlebot5, {"y": "18.78", "x": "-33.84", "yaw": "2.83"}
41.62, [INFO], turtlebot6, {"y": "16.44", "x": "-27.12", "yaw": "-3.10"}
41.62, [INFO], turtlebot4, {"y": "18.00", "x": "-13.49", "yaw": "-1.49"}
41.63, [INFO], turtlebot6, {"battery-level": "48.44%"}
41.75, [INFO], turtlebot1, {"y": "33.84", "x": "-39.51", "yaw": "0.46"}
41.77, [INFO], turtlebot2, {"y": "18.00", "x": "-20.99", "yaw": "-1.54"}
41.77, [INFO], turtlebot3, {"y": "21.48", "x": "-38.00", "yaw": "0.01"}
41.77, [INFO], turtlebot5, {"y": "18.78", "x": "-33.84", "yaw": "2.83"}
41.78, [INFO], turtlebot6, {"y": "16.44", "x": "-27.12", "yaw": "-3.10"}
41.78, [INFO], turtlebot4, {"y": "18.00", "x": "-13.49", "yaw": "-1.49"}
41.78, [INFO], turtlebot6, {"battery-level": "48.44%"}
53.53, [INFO], turtlebot2, {"y": "18.00", "x": "-20.99", "yaw": "-1.54"}
53.53, [INFO], turtlebot2, {"y": "18.00", "x": "-20.99", "yaw": "-1.54"}
53.53, [INFO], turtlebot1, {"y": "33.84", "x": "-39.51", "yaw": "0.46"}
53.53, [INFO], turtlebot1, {"y": "33.84", "x": "-39.51", "yaw": "0.46"}
53.53, [INFO], turtlebot3, {"y": "21.48", "x": "-38.00", "yaw": "0.01"}
53.53, [INFO], turtlebot3, {"y": "21.48", "x": "-38.00", "yaw": "0.01"}
53.57, [INFO], turtlebot5, {"y": "18.78", "x": "-33.85", "yaw": "2.84"}
53.57, [INFO], turtlebot6, {"y": "16.30", "x": "-28.12", "yaw": "2.99"}
53.58, [INFO], turtlebot4, {"y": "18.00", "x": "-13.49", "yaw": "-1.48"}
53.58, [INFO], turtlebot6, {"battery-level": "47.84%"}
53.75, [INFO], turtlebot5, {"y": "18.78", "x": "-33.85", "yaw": "2.84"}
53.77, [INFO], turtlebot6, {"y": "16.30", "x": "-28.12", "yaw": "2.99"}
53.77, [INFO], turtlebot4, {"y": "18.00", "x": "-13.49", "yaw": "-1.48"}
53.77, [INFO], turtlebot6, {"battery-level": "47.84%"}
57.52, [DEBUG], None, [debug],turtlebot6,move-base-info,Hooray, the base moved arrived,(x=-28.5;y=16)
57.52, [DEBUG], None, [debug],turtlebot6,move-base-info,Hooray, the base moved arrived,(x=-28.5;y=16)
57.60, [DEBUG], turtlebot6, {"status": "way-point-reached", "skill": "navigation", "percentage": "66.67%", "goingto": "PC Room 3"}
59.55, [DEBUG], turtlebot6, {"param_list": ["PC Room 3", [[-27.23, 16.0, 3.141592653589793, true], [-28.5, 16.0, 1.5707963267948966, true], [-28.5, 18.0, -1.57, false]]], "skill": "navigation", "skill-life-cycle": "RUNNING", "label": "navto_room"}
65.62, [INFO], turtlebot1, {"y": "33.84", "x": "-39.51", "yaw": "0.46"}
65.62, [INFO], turtlebot2, {"y": "18.00", "x": "-20.99", "yaw": "-1.54"}
65.62, [INFO], turtlebot3, {"y": "21.48", "x": "-38.00", "yaw": "0.01"}
65.65, [INFO], turtlebot6, {"y": "17.12", "x": "-28.33", "yaw": "1.85"}
65.65, [INFO], turtlebot5, {"y": "18.78", "x": "-33.85", "yaw": "2.85"}
65.65, [INFO], turtlebot4, {"y": "18.00", "x": "-13.49", "yaw": "-1.47"}
65.67, [INFO], turtlebot6, {"battery-level": "47.24%"}
65.77, [INFO], turtlebot1, {"y": "33.84", "x": "-39.51", "yaw": "0.46"}
65.77, [INFO], turtlebot2, {"y": "18.00", "x": "-20.99", "yaw": "-1.54"}
65.77, [INFO], turtlebot3, {"y": "21.48", "x": "-38.00", "yaw": "0.01"}
65.77, [INFO], turtlebot6, {"y": "17.12", "x": "-28.33", "yaw": "1.85"}
65.78, [INFO], turtlebot5, {"y": "18.78", "x": "-33.85", "yaw": "2.85"}
65.78, [INFO], turtlebot4, {"y": "18.00", "x": "-13.49", "yaw": "-1.47"}
65.78, [INFO], turtlebot6, {"battery-level": "47.24%"}
75.33, [DEBUG], None, [debug],turtlebot6,move-base-info,Hooray, the base moved arrived,(x=-28.5;y=18)
75.33, [DEBUG], None, [debug],turtlebot6,move-base-info,Hooray, the base moved arrived,(x=-28.5;y=18)
75.50, [DEBUG], turtlebot6, {"status": "way-point-reached", "skill": "navigation", "percentage": "100.00%", "goingto": "PC Room 3"}
75.58, [DEBUG], turtlebot6, {"param_list": ["PC Room 3", [[-27.23, 16.0, 3.141592653589793, true], [-28.5, 16.0, 1.5707963267948966, true], [-28.5, 18.0, -1.57, false]]], "skill": "navigation", "skill-life-cycle": "SUCCESS", "label": "navto_room"}
75.58, [DEBUG], turtlebot6, "available-skills=['send_message', 'wait_message', 'approach_person', 'approach_robot', 'authenticate_person', 'navigation', 'operate_drawer']"
75.58, [DEBUG], turtlebot6, {"param_list": ["nurse"], "skill": "approach_person", "skill-life-cycle": "STARTED", "label": "approach_nurse"}
75.63, [DEBUG], turtlebot6, {"status": "localize-person", "skill": "approach-person", "who": "nurse"}
75.90, [DEBUG], turtlebot6, {"status": "goto-person", "skill": "approach-person", "who": "nurse"}
75.98, [DEBUG], turtlebot6, {"param_list": ["nurse"], "skill": "approach_person", "skill-life-cycle": "SUCCESS", "label": "approach_nurse"}
75.98, [DEBUG], turtlebot6, "available-skills=['send_message', 'wait_message', 'approach_person', 'approach_robot', 'authenticate_person', 'navigation', 'operate_drawer']"
75.98, [DEBUG], turtlebot6, {"param_list": ["nurse"], "skill": "authenticate_person", "skill-life-cycle": "STARTED", "label": "authenticate_nurse"}
76.08, [DEBUG], turtlebot6, {"status": "request-authentication", "to": "nurse", "skill": "authenticate-person"}
76.08, [INFO], nurse, {"status": "message-received", "skill": "athentication-request"}
76.10, [INFO], nurse, {"status": "message-received", "skill": "athentication-request"}
77.02, [DEBUG], turtlebot6, {"status": "received-authentication", "skill": "authenticate-person", "from": "nurse"}
77.10, [DEBUG], turtlebot6, {"param_list": ["nurse"], "skill": "authenticate_person", "skill-life-cycle": "SUCCESS", "label": "authenticate_nurse"}
77.10, [DEBUG], turtlebot6, "available-skills=['send_message', 'wait_message', 'approach_person', 'approach_robot', 'authenticate_person', 'navigation', 'operate_drawer']"
77.10, [DEBUG], turtlebot6, {"param_list": ["open"], "skill": "operate_drawer", "skill-life-cycle": "STARTED", "label": "open_drawer_for_nurse"}
77.18, [DEBUG], turtlebot6, {"status": "task-update", "action": "open", "skill": "operate-drawer"}
77.60, [INFO], turtlebot1, {"y": "33.84", "x": "-39.51", "yaw": "0.46"}
77.60, [INFO], turtlebot3, {"y": "21.48", "x": "-38.00", "yaw": "0.01"}
77.60, [INFO], turtlebot2, {"y": "18.00", "x": "-20.99", "yaw": "-1.54"}
77.62, [INFO], turtlebot6, {"y": "17.60", "x": "-28.41", "yaw": "-1.61"}
77.62, [INFO], turtlebot5, {"y": "18.78", "x": "-33.85", "yaw": "2.87"}
77.62, [INFO], turtlebot4, {"y": "18.00", "x": "-13.49", "yaw": "-1.46"}
77.63, [INFO], turtlebot6, {"battery-level": "46.64%"}
77.75, [INFO], turtlebot1, {"y": "33.84", "x": "-39.51", "yaw": "0.46"}
77.77, [INFO], turtlebot3, {"y": "21.48", "x": "-38.00", "yaw": "0.01"}
77.77, [INFO], turtlebot2, {"y": "18.00", "x": "-20.99", "yaw": "-1.54"}
77.77, [INFO], turtlebot6, {"y": "17.60", "x": "-28.41", "yaw": "-1.61"}
77.78, [INFO], turtlebot5, {"y": "18.78", "x": "-33.85", "yaw": "2.87"}
77.80, [INFO], turtlebot4, {"y": "18.00", "x": "-13.49", "yaw": "-1.46"}
77.80, [INFO], turtlebot6, {"battery-level": "46.64%"}
78.10, [DEBUG], turtlebot6, {"param_list": ["open"], "skill": "operate_drawer", "skill-life-cycle": "SUCCESS", "label": "open_drawer_for_nurse"}
78.10, [DEBUG], turtlebot6, "available-skills=['send_message', 'wait_message', 'approach_person', 'approach_robot', 'authenticate_person', 'navigation', 'operate_drawer']"
78.10, [DEBUG], turtlebot6, {"param_list": ["nurse"], "skill": "send_message", "skill-life-cycle": "STARTED", "label": "notify_nurse_of_open_drawer_for_nurse_completed"}
78.18, [INFO], turtlebot6, {"to": "nurse", "skill": "send-message"}
79.00, [INFO], nurse, {"status": "message-received", "skill": "wait-message"}
79.00, [INFO], nurse, {"status": "message-received", "skill": "wait-message"}
81.60, [DEBUG], turtlebot6, {"param_list": ["nurse"], "skill": "send_message", "skill-life-cycle": "SUCCESS", "label": "notify_nurse_of_open_drawer_for_nurse_completed"}
81.60, [DEBUG], turtlebot6, "available-skills=['send_message', 'wait_message', 'approach_person', 'approach_robot', 'authenticate_person', 'navigation', 'operate_drawer']"
81.60, [DEBUG], turtlebot6, {"param_list": ["nurse"], "skill": "wait_message", "skill-life-cycle": "STARTED", "label": "wait_nurse_to_complete_deposit"}
82.28, [INFO], turtlebot6, {"status": "message-received", "skill": "wait-message"}
82.37, [DEBUG], turtlebot6, {"param_list": ["nurse"], "skill": "wait_message", "skill-life-cycle": "SUCCESS", "label": "wait_nurse_to_complete_deposit"}
82.37, [DEBUG], turtlebot6, "available-skills=['send_message', 'wait_message', 'approach_person', 'approach_robot', 'authenticate_person', 'navigation', 'operate_drawer']"
82.38, [DEBUG], turtlebot6, {"param_list": ["close"], "skill": "operate_drawer", "skill-life-cycle": "STARTED", "label": "close_drawer_nurse"}
82.45, [DEBUG], turtlebot6, {"status": "task-update", "action": "close", "skill": "operate-drawer"}
83.37, [DEBUG], turtlebot6, {"param_list": ["close"], "skill": "operate_drawer", "skill-life-cycle": "SUCCESS", "label": "close_drawer_nurse"}
83.37, [DEBUG], turtlebot6, "available-skills=['send_message', 'wait_message', 'approach_person', 'approach_robot', 'authenticate_person', 'navigation', 'operate_drawer']"
83.37, [DEBUG], turtlebot6, {"param_list": ["Laboratory", [[-28.5, 16.0, 0.0, true], [-26.0, 16.0, -1.5707963267948966, true], [-26.0, 13.0, 1.57, false]]], "skill": "navigation", "skill-life-cycle": "STARTED", "label": "navto_lab"}
87.02, [INFO], nurse, {"status": "message-received", "skill": "wait-message"}
87.02, [INFO], nurse, {"status": "message-received", "skill": "wait-message"}
89.40, [INFO], turtlebot2, {"y": "18.00", "x": "-20.99", "yaw": "-1.54"}
89.40, [INFO], turtlebot2, {"y": "18.00", "x": "-20.99", "yaw": "-1.54"}
89.40, [INFO], turtlebot1, {"y": "33.84", "x": "-39.51", "yaw": "0.46"}
89.40, [INFO], turtlebot1, {"y": "33.84", "x": "-39.51", "yaw": "0.46"}
89.40, [INFO], turtlebot3, {"y": "21.48", "x": "-38.00", "yaw": "0.01"}
89.40, [INFO], turtlebot3, {"y": "21.48", "x": "-38.00", "yaw": "0.01"}
89.43, [INFO], turtlebot5, {"y": "18.78", "x": "-33.85", "yaw": "2.88"}
89.43, [INFO], turtlebot5, {"y": "18.78", "x": "-33.85", "yaw": "2.88"}
89.45, [INFO], turtlebot6, {"y": "17.47", "x": "-28.42", "yaw": "-1.85"}
89.45, [INFO], turtlebot6, {"y": "17.47", "x": "-28.42", "yaw": "-1.85"}
89.45, [INFO], turtlebot4, {"y": "17.99", "x": "-13.49", "yaw": "-1.44"}
89.45, [INFO], turtlebot4, {"y": "17.99", "x": "-13.49", "yaw": "-1.44"}
89.47, [INFO], turtlebot6, {"battery-level": "46.04%"}
89.47, [INFO], turtlebot6, {"battery-level": "46.04%"}
91.78, [INFO], nurse, {"status": "waiting", "skill": "athentication-sent"}
91.78, [INFO], nurse, {"status": "waiting", "skill": "athentication-sent"}
94.60, [INFO], nurse, {"status": "message-received", "skill": "wait-message"}
94.70, [INFO], nurse, {"status": "message-received", "skill": "wait-message"}
100.72, [INFO], turtlebot1, {"y": "33.84", "x": "-39.51", "yaw": "0.46"}
100.72, [INFO], turtlebot2, {"y": "18.00", "x": "-20.99", "yaw": "-1.54"}
100.72, [INFO], turtlebot3, {"y": "21.48", "x": "-38.00", "yaw": "0.01"}
100.75, [INFO], turtlebot5, {"y": "18.78", "x": "-33.85", "yaw": "2.89"}
100.75, [INFO], turtlebot6, {"y": "16.53", "x": "-28.56", "yaw": "-1.55"}
100.77, [INFO], turtlebot4, {"y": "17.99", "x": "-13.49", "yaw": "-1.43"}
100.77, [INFO], turtlebot6, {"battery-level": "45.44%"}
100.78, [INFO], turtlebot1, {"y": "33.84", "x": "-39.51", "yaw": "0.46"}
100.78, [INFO], turtlebot2, {"y": "18.00", "x": "-20.99", "yaw": "-1.54"}
100.78, [INFO], turtlebot3, {"y": "21.48", "x": "-38.00", "yaw": "0.01"}
100.80, [INFO], turtlebot5, {"y": "18.78", "x": "-33.85", "yaw": "2.89"}
100.80, [INFO], turtlebot6, {"y": "16.53", "x": "-28.56", "yaw": "-1.55"}
100.80, [INFO], turtlebot4, {"y": "17.99", "x": "-13.49", "yaw": "-1.43"}
100.80, [INFO], turtlebot6, {"battery-level": "45.44%"}
102.27, [INFO], nurse, {"status": "message-received", "skill": "wait-message"}
102.27, [INFO], nurse, {"status": "message-received", "skill": "wait-message"}
105.23, [DEBUG], None, [debug],turtlebot6,move-base-info,Hooray, the base moved arrived,(x=-28.5;y=16)
105.23, [DEBUG], None, [debug],turtlebot6,move-base-info,Hooray, the base moved arrived,(x=-28.5;y=16)
105.27, [DEBUG], turtlebot6, {"status": "way-point-reached", "skill": "navigation", "percentage": "33.33%", "goingto": "Laboratory"}
109.28, [DEBUG], turtlebot6, {"param_list": ["Laboratory", [[-28.5, 16.0, 0.0, true], [-26.0, 16.0, -1.5707963267948966, true], [-26.0, 13.0, 1.57, false]]], "skill": "navigation", "skill-life-cycle": "RUNNING", "label": "navto_lab"}
112.80, [INFO], turtlebot2, {"y": "18.00", "x": "-20.99", "yaw": "-1.54"}
112.82, [INFO], turtlebot1, {"y": "33.84", "x": "-39.51", "yaw": "0.46"}
112.82, [INFO], turtlebot2, {"y": "18.00", "x": "-20.99", "yaw": "-1.54"}
112.82, [INFO], turtlebot1, {"y": "33.84", "x": "-39.51", "yaw": "0.46"}
112.83, [INFO], turtlebot3, {"y": "21.48", "x": "-38.00", "yaw": "0.01"}
112.83, [INFO], turtlebot3, {"y": "21.48", "x": "-38.00", "yaw": "0.01"}
112.85, [INFO], turtlebot6, {"y": "16.34", "x": "-28.19", "yaw": "-0.53"}
112.85, [INFO], turtlebot6, {"y": "16.34", "x": "-28.19", "yaw": "-0.53"}
112.85, [INFO], turtlebot5, {"y": "18.79", "x": "-33.86", "yaw": "2.91"}
112.87, [INFO], turtlebot5, {"y": "18.79", "x": "-33.86", "yaw": "2.91"}
112.87, [INFO], turtlebot4, {"y": "17.99", "x": "-13.49", "yaw": "-1.41"}
112.87, [INFO], turtlebot4, {"y": "17.99", "x": "-13.49", "yaw": "-1.41"}
112.87, [INFO], turtlebot6, {"battery-level": "44.84%"}
112.87, [INFO], turtlebot6, {"battery-level": "44.84%"}
124.18, [INFO], turtlebot2, {"y": "18.00", "x": "-21.00", "yaw": "-1.54"}
124.18, [INFO], turtlebot2, {"y": "18.00", "x": "-21.00", "yaw": "-1.54"}
124.20, [INFO], turtlebot1, {"y": "33.84", "x": "-39.51", "yaw": "0.46"}
124.20, [INFO], turtlebot1, {"y": "33.84", "x": "-39.51", "yaw": "0.46"}
124.20, [INFO], turtlebot3, {"y": "21.48", "x": "-38.00", "yaw": "0.01"}
124.20, [INFO], turtlebot3, {"y": "21.48", "x": "-38.00", "yaw": "0.01"}
124.22, [INFO], turtlebot6, {"y": "16.21", "x": "-26.60", "yaw": "0.28"}
124.22, [INFO], turtlebot6, {"y": "16.21", "x": "-26.60", "yaw": "0.28"}
124.22, [INFO], turtlebot5, {"y": "18.79", "x": "-33.86", "yaw": "2.93"}
124.23, [INFO], turtlebot5, {"y": "18.79", "x": "-33.86", "yaw": "2.93"}
124.23, [INFO], turtlebot4, {"y": "17.99", "x": "-13.49", "yaw": "-1.40"}
124.23, [INFO], turtlebot4, {"y": "17.99", "x": "-13.49", "yaw": "-1.40"}
124.23, [INFO], turtlebot6, {"battery-level": "44.24%"}
124.23, [INFO], turtlebot6, {"battery-level": "44.24%"}
130.47, [DEBUG], None, [debug],turtlebot6,move-base-info,Hooray, the base moved arrived,(x=-26;y=16)
130.47, [DEBUG], None, [debug],turtlebot6,move-base-info,Hooray, the base moved arrived,(x=-26;y=16)
130.57, [DEBUG], turtlebot6, {"status": "way-point-reached", "skill": "navigation", "percentage": "66.67%", "goingto": "Laboratory"}
136.28, [INFO], turtlebot2, {"y": "18.00", "x": "-21.00", "yaw": "-1.54"}
136.28, [INFO], turtlebot2, {"y": "18.00", "x": "-21.00", "yaw": "-1.54"}
136.28, [INFO], turtlebot1, {"y": "33.84", "x": "-39.51", "yaw": "0.46"}
136.28, [INFO], turtlebot1, {"y": "33.84", "x": "-39.51", "yaw": "0.46"}
136.30, [INFO], turtlebot3, {"y": "21.48", "x": "-38.00", "yaw": "0.01"}
136.30, [INFO], turtlebot3, {"y": "21.48", "x": "-38.00", "yaw": "0.01"}
136.32, [INFO], turtlebot6, {"y": "16.19", "x": "-26.37", "yaw": "-1.31"}
136.32, [INFO], turtlebot6, {"y": "16.19", "x": "-26.37", "yaw": "-1.31"}
136.32, [INFO], turtlebot5, {"y": "18.79", "x": "-33.86", "yaw": "2.95"}
136.32, [INFO], turtlebot5, {"y": "18.79", "x": "-33.86", "yaw": "2.95"}
136.33, [INFO], turtlebot4, {"y": "17.98", "x": "-13.49", "yaw": "-1.38"}
136.33, [INFO], turtlebot4, {"y": "17.98", "x": "-13.49", "yaw": "-1.38"}
136.33, [INFO], turtlebot6, {"battery-level": "43.64%"}
136.33, [INFO], turtlebot6, {"battery-level": "43.64%"}
147.70, [INFO], turtlebot2, {"y": "18.00", "x": "-21.00", "yaw": "-1.54"}
147.70, [INFO], turtlebot3, {"y": "21.48", "x": "-38.00", "yaw": "0.01"}
147.70, [INFO], turtlebot1, {"y": "33.84", "x": "-39.50", "yaw": "0.46"}
147.72, [INFO], turtlebot5, {"y": "18.79", "x": "-33.87", "yaw": "2.97"}
147.72, [INFO], turtlebot6, {"y": "15.28", "x": "-25.97", "yaw": "-1.22"}
147.72, [INFO], turtlebot4, {"y": "17.98", "x": "-13.49", "yaw": "-1.37"}
147.73, [INFO], turtlebot6, {"battery-level": "43.04%"}
147.77, [INFO], turtlebot2, {"y": "18.00", "x": "-21.00", "yaw": "-1.54"}
147.78, [INFO], turtlebot3, {"y": "21.48", "x": "-38.00", "yaw": "0.01"}
147.78, [INFO], turtlebot1, {"y": "33.84", "x": "-39.50", "yaw": "0.46"}
147.80, [INFO], turtlebot5, {"y": "18.79", "x": "-33.87", "yaw": "2.97"}
147.80, [INFO], turtlebot6, {"y": "15.28", "x": "-25.97", "yaw": "-1.22"}
147.80, [INFO], turtlebot4, {"y": "17.98", "x": "-13.49", "yaw": "-1.37"}
147.80, [INFO], turtlebot6, {"battery-level": "43.04%"}
156.15, [DEBUG], turtlebot6, {"param_list": ["Laboratory", [[-28.5, 16.0, 0.0, true], [-26.0, 16.0, -1.5707963267948966, true], [-26.0, 13.0, 1.57, false]]], "skill": "navigation", "skill-life-cycle": "RUNNING", "label": "navto_lab"}
159.12, [INFO], turtlebot2, {"y": "18.00", "x": "-21.00", "yaw": "-1.54"}
159.12, [INFO], turtlebot2, {"y": "18.00", "x": "-21.00", "yaw": "-1.54"}
159.13, [INFO], turtlebot1, {"y": "33.84", "x": "-39.50", "yaw": "0.46"}
159.13, [INFO], turtlebot1, {"y": "33.84", "x": "-39.50", "yaw": "0.46"}
159.15, [INFO], turtlebot3, {"y": "21.48", "x": "-38.00", "yaw": "0.01"}
159.15, [INFO], turtlebot3, {"y": "21.48", "x": "-38.00", "yaw": "0.01"}
159.17, [INFO], turtlebot5, {"y": "18.79", "x": "-33.87", "yaw": "2.98"}
159.17, [INFO], turtlebot5, {"y": "18.79", "x": "-33.87", "yaw": "2.98"}
159.17, [INFO], turtlebot6, {"y": "14.33", "x": "-25.82", "yaw": "-1.52"}
159.17, [INFO], turtlebot6, {"y": "14.33", "x": "-25.82", "yaw": "-1.52"}
159.18, [INFO], turtlebot4, {"y": "17.98", "x": "-13.48", "yaw": "-1.35"}
159.18, [INFO], turtlebot4, {"y": "17.98", "x": "-13.48", "yaw": "-1.35"}
159.20, [INFO], turtlebot6, {"battery-level": "42.44%"}
159.20, [INFO], turtlebot6, {"battery-level": "42.44%"}
170.58, [INFO], turtlebot2, {"y": "18.00", "x": "-21.00", "yaw": "-1.54"}
170.58, [INFO], turtlebot1, {"y": "33.84", "x": "-39.50", "yaw": "0.46"}
170.58, [INFO], turtlebot3, {"y": "21.48", "x": "-38.00", "yaw": "0.01"}
170.62, [INFO], turtlebot5, {"y": "18.79", "x": "-33.88", "yaw": "3.00"}
170.62, [INFO], turtlebot4, {"y": "17.97", "x": "-13.48", "yaw": "-1.34"}
170.62, [INFO], turtlebot6, {"y": "13.45", "x": "-25.81", "yaw": "-2.27"}
170.62, [INFO], turtlebot6, {"battery-level": "41.84%"}
170.73, [INFO], turtlebot2, {"y": "18.00", "x": "-21.00", "yaw": "-1.54"}
170.73, [INFO], turtlebot1, {"y": "33.84", "x": "-39.50", "yaw": "0.46"}
170.73, [INFO], turtlebot3, {"y": "21.48", "x": "-38.00", "yaw": "0.01"}
170.75, [INFO], turtlebot5, {"y": "18.79", "x": "-33.88", "yaw": "3.00"}
170.75, [INFO], turtlebot4, {"y": "17.97", "x": "-13.48", "yaw": "-1.34"}
170.75, [INFO], turtlebot6, {"y": "13.45", "x": "-25.81", "yaw": "-2.27"}
170.75, [INFO], turtlebot6, {"battery-level": "41.84%"}
176.98, [DEBUG], None, [debug],turtlebot6,move-base-info,Hooray, the base moved arrived,(x=-26;y=13)
176.98, [DEBUG], None, [debug],turtlebot6,move-base-info,Hooray, the base moved arrived,(x=-26;y=13)
177.10, [DEBUG], turtlebot6, {"status": "way-point-reached", "skill": "navigation", "percentage": "100.00%", "goingto": "Laboratory"}
177.20, [DEBUG], turtlebot6, {"param_list": ["Laboratory", [[-28.5, 16.0, 0.0, true], [-26.0, 16.0, -1.5707963267948966, true], [-26.0, 13.0, 1.57, false]]], "skill": "navigation", "skill-life-cycle": "SUCCESS", "label": "navto_lab"}
177.20, [DEBUG], turtlebot6, "available-skills=['send_message', 'wait_message', 'approach_person', 'approach_robot', 'authenticate_person', 'navigation', 'operate_drawer']"
177.20, [DEBUG], turtlebot6, {"param_list": ["lab_arm"], "skill": "approach_robot", "skill-life-cycle": "STARTED", "label": "approach_arm"}
177.30, [DEBUG], turtlebot6, {"status": "localize-robot", "skill": "=approach-robot", "who": "lab_arm"}
178.23, [DEBUG], turtlebot6, {"status": "goto-robot", "skill": "approach-robot", "who": "lab_arm"}
178.30, [DEBUG], turtlebot6, {"param_list": ["lab_arm"], "skill": "approach_robot", "skill-life-cycle": "SUCCESS", "label": "approach_arm"}
178.30, [DEBUG], turtlebot6, "available-skills=['send_message', 'wait_message', 'approach_person', 'approach_robot', 'authenticate_person', 'navigation', 'operate_drawer']"
178.32, [DEBUG], turtlebot6, {"param_list": ["open"], "skill": "operate_drawer", "skill-life-cycle": "STARTED", "label": "open_drawer_lab"}
178.40, [DEBUG], turtlebot6, {"status": "task-update", "action": "open", "skill": "operate-drawer"}
179.32, [DEBUG], turtlebot6, {"param_list": ["open"], "skill": "operate_drawer", "skill-life-cycle": "SUCCESS", "label": "open_drawer_lab"}
179.32, [DEBUG], turtlebot6, "available-skills=['send_message', 'wait_message', 'approach_person', 'approach_robot', 'authenticate_person', 'navigation', 'operate_drawer']"
179.32, [DEBUG], turtlebot6, {"param_list": ["lab_arm"], "skill": "send_message", "skill-life-cycle": "STARTED", "label": "notify_lab_arm_of_open_drawer_lab_completed"}
179.40, [INFO], turtlebot6, {"to": "lab_arm", "skill": "send-message"}
180.22, [INFO], lab_arm, {"status": "sample-received", "skill": "wait-sample"}
180.22, [INFO], lab_arm, {"status": "sample-received", "skill": "wait-sample"}
180.22, [INFO], nurse, {"status": "sample-received", "skill": "wait-sample"}
180.22, [INFO], nurse, {"status": "sample-received", "skill": "wait-sample"}
180.23, [DEBUG], None, ENDSIM
180.23, [DEBUG], None, ENDSIM
180.23, [DEBUG], None, end!
