0.00, [DEBUG], logger, ROBOTS_CONFIG=[{"avg_speed": 0.15, "battery_charge": 0.5914703710515797, "battery_discharge_rate": 0.00068, "id": 1, "local_plan": null, "location": "PC Room 4", "name": "r1", "position": [-27.23, 18.0, -1.57], "skills": ["approach_person", "approach_robot", "navigation", "operate_drawer"]}, {"avg_speed": 0.15, "battery_charge": 0.8344531419634984, "battery_discharge_rate": 0.0006000000000000001, "id": 2, "local_plan": null, "location": "PC Room 6", "name": "r2", "position": [-19.0, 18.0, -1.57], "skills": ["approach_person", "approach_robot", "authenticate_person", "navigation", "operate_drawer"]}, {"avg_speed": 0.15, "battery_charge": 0.462681764358839, "battery_discharge_rate": 0.0004, "id": 3, "local_plan": null, "location": "PC Room 7", "name": "r3", "position": [-13.5, 18.0, -1.57], "skills": ["approach_person", "approach_robot", "navigation", "operate_drawer"]}, {"avg_speed": 0.15, "battery_charge": 0.6520875066754872, "battery_discharge_rate": 0.00026000000000000003, "id": 4, "local_plan": null, "location": "IC Room 5", "name": "r4", "position": [-32.88, 33.98, 3.14], "skills": ["approach_person", "approach_robot", "authenticate_person", "navigation", "operate_drawer"]}, {"avg_speed": 0.15, "battery_charge": 0.2817995261312799, "battery_discharge_rate": 0.00042, "id": 5, "local_plan": [["navigation", ["IC Room 2", [[-11.5, 18.0, -1.57], [-11.5, 16.0], [-37.0, 16.0], [-37.0, 21.5], [-38.0, 21.5, 0.0]]], "navto_room"], ["approach_person", ["nurse"], "approach_nurse"], ["authenticate_person", ["nurse"], "authenticate_nurse"], ["operate_drawer", ["open"], "open_drawer_for_nurse"], ["send_message", ["nurse"], "notify_nurse_of_open_drawer_for_nurse_completed"], ["wait_message", ["nurse"], "wait_nurse_to_complete_deposit"], ["operate_drawer", ["close"], "close_drawer_nurse"], ["navigation", ["Laboratory", [[-38.0, 21.5, 0.0], [-37.0, 21.5], [-37.0, 16.0], [-26.0, 16.0], [-26.0, 13.0, 1.57]]], "navto_lab"], ["approach_robot", ["lab_arm"], "approach_arm"], ["operate_drawer", ["open"], "open_drawer_lab"], ["send_message", ["lab_arm"], "notify_lab_arm_of_open_drawer_lab_completed"], ["wait_message", ["lab_arm"], "wait_lab_arm_to_complete_pick_up_sample"], ["operate_drawer", ["close"], "close_drawer_lab"]], "location": "PC Room 8", "name": "r5", "position": [-11.5, 18.0, -1.57], "skills": ["approach_person", "authenticate_person", "navigation", "operate_drawer"]}, {"avg_speed": 0.15, "battery_charge": 0.5080169438370433, "battery_discharge_rate": 0.0005200000000000001, "id": 6, "local_plan": null, "location": "IC Room 6", "name": "r6", "position": [-33.9, 18.93, 3.14], "skills": ["approach_person", "approach_robot", "navigation", "operate_drawer"]}]
0.00, [DEBUG], logger, NURSES_CONFIG=[{"location": "IC Room 2", "position": [-39.0, 20.5, 0.0]}]
0.00, [DEBUG], logger, Simulation open
0.00, [DEBUG], logger, subcribing to in the topic /log
3.60, [DEBUG], None, [debug],turtlebot5,move-base-info,Move_base is up and ok....,
4.28, [DEBUG], None, [debug],turtlebot6,move-base-info,Move_base is up and ok....,
5.00, [DEBUG], None, [debug],turtlebot2,move-base-info,Move_base is up and ok....,
5.13, [DEBUG], None, [debug],turtlebot4,move-base-info,Move_base is up and ok....,
5.13, [DEBUG], None, [debug],turtlebot3,move-base-info,Move_base is up and ok....,
5.20, [DEBUG], None, [debug],turtlebot1,move-base-info,Move_base is up and ok....,
8.45, [INFO], turtlebot1, {"y": "18.02", "x": "-27.23", "yaw": "-1.59"}
8.47, [INFO], turtlebot2, {"y": "17.99", "x": "-19.02", "yaw": "-1.38"}
8.48, [INFO], turtlebot4, {"y": "33.97", "x": "-32.89", "yaw": "-3.10"}
8.48, [INFO], turtlebot3, {"y": "18.01", "x": "-13.50", "yaw": "-1.51"}
8.48, [INFO], turtlebot5, {"y": "17.82", "x": "-11.46", "yaw": "-1.25"}
8.48, [INFO], turtlebot6, {"y": "18.79", "x": "-33.83", "yaw": "2.78"}
8.48, [INFO], turtlebot5, {"battery-level": "27.62%"}
10.57, [DEBUG], turtlebot1, {"param_list": [], "skill": "init_robobt", "skill-life-cycle": "RUNNING", "label": "init_robobt"}
10.62, [DEBUG], turtlebot3, {"param_list": [], "skill": "init_robobt", "skill-life-cycle": "RUNNING", "label": "init_robobt"}
10.70, [DEBUG], turtlebot2, {"param_list": [], "skill": "init_robobt", "skill-life-cycle": "RUNNING", "label": "init_robobt"}
10.70, [DEBUG], turtlebot6, {"param_list": [], "skill": "init_robobt", "skill-life-cycle": "RUNNING", "label": "init_robobt"}
10.98, [DEBUG], turtlebot5, {"param_list": [], "skill": "init_robobt", "skill-life-cycle": "RUNNING", "label": "init_robobt"}
13.18, [DEBUG], turtlebot4, {"param_list": [], "skill": "init_robobt", "skill-life-cycle": "SUCCESS", "label": "init_robobt"}
13.60, [DEBUG], turtlebot3, {"param_list": [], "skill": "init_robobt", "skill-life-cycle": "SUCCESS", "label": "init_robobt"}
14.03, [DEBUG], turtlebot1, {"param_list": [], "skill": "init_robobt", "skill-life-cycle": "SUCCESS", "label": "init_robobt"}
14.18, [INFO], turtlebot1, {"y": "18.02", "x": "-27.23", "yaw": "-1.59"}
14.18, [INFO], turtlebot1, {"y": "18.02", "x": "-27.23", "yaw": "-1.59"}
14.18, [INFO], turtlebot2, {"y": "17.99", "x": "-19.02", "yaw": "-1.38"}
14.20, [INFO], turtlebot2, {"y": "17.99", "x": "-19.02", "yaw": "-1.38"}
14.20, [INFO], turtlebot4, {"y": "33.97", "x": "-32.89", "yaw": "-3.10"}
14.20, [INFO], turtlebot4, {"y": "33.97", "x": "-32.89", "yaw": "-3.10"}
14.20, [INFO], turtlebot3, {"y": "18.00", "x": "-13.50", "yaw": "-1.51"}
14.20, [INFO], turtlebot5, {"y": "17.82", "x": "-11.46", "yaw": "-1.25"}
14.20, [INFO], turtlebot3, {"y": "18.00", "x": "-13.50", "yaw": "-1.51"}
14.22, [INFO], turtlebot5, {"y": "17.82", "x": "-11.46", "yaw": "-1.25"}
14.22, [INFO], turtlebot6, {"y": "18.79", "x": "-33.83", "yaw": "2.79"}
14.22, [INFO], turtlebot5, {"battery-level": "27.02%"}
14.23, [INFO], turtlebot6, {"y": "18.79", "x": "-33.83", "yaw": "2.79"}
14.23, [INFO], turtlebot5, {"battery-level": "27.02%"}
14.63, [DEBUG], turtlebot6, {"param_list": [], "skill": "init_robobt", "skill-life-cycle": "SUCCESS", "label": "init_robobt"}
14.75, [DEBUG], turtlebot2, {"param_list": [], "skill": "init_robobt", "skill-life-cycle": "SUCCESS", "label": "init_robobt"}
15.10, [DEBUG], turtlebot5, {"param_list": [], "skill": "init_robobt", "skill-life-cycle": "SUCCESS", "label": "init_robobt"}
15.10, [DEBUG], turtlebot5, "available-skills=['send_message', 'wait_message', 'approach_person', 'authenticate_person', 'navigation', 'operate_drawer']"
15.10, [DEBUG], turtlebot5, {"param_list": ["IC Room 2", [[-11.5, 16.0, 3.141592653589793, true], [-37.0, 16.0, 1.5707963267948966, true], [-37.0, 21.5, 3.141592653589793, true], [-38.0, 21.5, 0.0, false]]], "skill": "navigation", "skill-life-cycle": "STARTED", "label": "navto_room"}
25.30, [INFO], turtlebot1, {"y": "18.02", "x": "-27.23", "yaw": "-1.59"}
25.30, [INFO], turtlebot1, {"y": "18.02", "x": "-27.23", "yaw": "-1.59"}
25.32, [INFO], turtlebot2, {"y": "17.99", "x": "-19.02", "yaw": "-1.38"}
25.32, [INFO], turtlebot2, {"y": "17.99", "x": "-19.02", "yaw": "-1.38"}
25.35, [INFO], turtlebot4, {"y": "33.97", "x": "-32.89", "yaw": "-3.10"}
25.35, [INFO], turtlebot4, {"y": "33.97", "x": "-32.89", "yaw": "-3.10"}
25.35, [INFO], turtlebot3, {"y": "18.00", "x": "-13.50", "yaw": "-1.50"}
25.37, [INFO], turtlebot3, {"y": "18.00", "x": "-13.50", "yaw": "-1.50"}
25.37, [INFO], turtlebot5, {"y": "17.50", "x": "-11.62", "yaw": "-2.08"}
25.38, [INFO], turtlebot5, {"y": "17.50", "x": "-11.62", "yaw": "-2.08"}
25.38, [INFO], turtlebot6, {"y": "18.78", "x": "-33.83", "yaw": "2.81"}
25.40, [INFO], turtlebot5, {"battery-level": "26.42%"}
25.40, [INFO], turtlebot6, {"y": "18.78", "x": "-33.83", "yaw": "2.81"}
25.40, [INFO], turtlebot5, {"battery-level": "26.42%"}
36.52, [INFO], turtlebot1, {"y": "18.02", "x": "-27.22", "yaw": "-1.59"}
36.53, [INFO], turtlebot2, {"y": "17.99", "x": "-19.01", "yaw": "-1.38"}
36.57, [INFO], turtlebot4, {"y": "33.97", "x": "-32.89", "yaw": "-3.10"}
36.58, [INFO], turtlebot3, {"y": "18.00", "x": "-13.49", "yaw": "-1.49"}
36.58, [INFO], turtlebot5, {"y": "16.59", "x": "-11.82", "yaw": "-1.29"}
36.60, [INFO], turtlebot6, {"y": "18.78", "x": "-33.84", "yaw": "2.82"}
36.60, [INFO], turtlebot5, {"battery-level": "25.82%"}
36.68, [INFO], turtlebot1, {"y": "18.02", "x": "-27.22", "yaw": "-1.59"}
36.70, [INFO], turtlebot2, {"y": "17.99", "x": "-19.01", "yaw": "-1.38"}
36.70, [INFO], turtlebot4, {"y": "33.97", "x": "-32.89", "yaw": "-3.10"}
36.70, [INFO], turtlebot3, {"y": "18.00", "x": "-13.49", "yaw": "-1.49"}
36.70, [INFO], turtlebot5, {"y": "16.59", "x": "-11.82", "yaw": "-1.29"}
36.70, [INFO], turtlebot6, {"y": "18.78", "x": "-33.84", "yaw": "2.82"}
36.70, [INFO], turtlebot5, {"battery-level": "25.82%"}
44.58, [DEBUG], None, [debug],turtlebot5,move-base-info,Hooray, the base moved arrived,(x=-11.5;y=16)
44.68, [DEBUG], None, [debug],turtlebot5,move-base-info,Hooray, the base moved arrived,(x=-11.5;y=16)
44.77, [DEBUG], turtlebot5, {"status": "way-point-reached", "skill": "navigation", "percentage": "25.00%", "goingto": "IC Room 2"}
48.52, [INFO], turtlebot1, {"y": "18.03", "x": "-27.22", "yaw": "-1.58"}
48.57, [INFO], turtlebot2, {"y": "17.99", "x": "-19.01", "yaw": "-1.38"}
48.58, [INFO], turtlebot4, {"y": "33.97", "x": "-32.89", "yaw": "-3.10"}
48.58, [INFO], turtlebot3, {"y": "18.00", "x": "-13.49", "yaw": "-1.48"}
48.60, [INFO], turtlebot5, {"y": "16.38", "x": "-11.70", "yaw": "-3.09"}
48.60, [INFO], turtlebot6, {"y": "18.78", "x": "-33.84", "yaw": "2.84"}
48.62, [INFO], turtlebot5, {"battery-level": "25.22%"}
48.70, [INFO], turtlebot1, {"y": "18.03", "x": "-27.22", "yaw": "-1.58"}
48.70, [INFO], turtlebot2, {"y": "17.99", "x": "-19.01", "yaw": "-1.38"}
48.70, [INFO], turtlebot4, {"y": "33.97", "x": "-32.89", "yaw": "-3.10"}
48.70, [INFO], turtlebot3, {"y": "18.00", "x": "-13.49", "yaw": "-1.48"}
48.70, [INFO], turtlebot5, {"y": "16.38", "x": "-11.70", "yaw": "-3.09"}
48.70, [INFO], turtlebot6, {"y": "18.78", "x": "-33.84", "yaw": "2.84"}
48.70, [INFO], turtlebot5, {"battery-level": "25.22%"}
57.07, [DEBUG], turtlebot5, {"param_list": ["IC Room 2", [[-11.5, 16.0, 3.141592653589793, true], [-37.0, 16.0, 1.5707963267948966, true], [-37.0, 21.5, 3.141592653589793, true], [-38.0, 21.5, 0.0, false]]], "skill": "navigation", "skill-life-cycle": "RUNNING", "label": "navto_room"}
59.70, [INFO], turtlebot1, {"y": "18.03", "x": "-27.22", "yaw": "-1.58"}
59.70, [INFO], turtlebot1, {"y": "18.03", "x": "-27.22", "yaw": "-1.58"}
59.72, [INFO], turtlebot2, {"y": "17.99", "x": "-19.01", "yaw": "-1.38"}
59.72, [INFO], turtlebot2, {"y": "17.99", "x": "-19.01", "yaw": "-1.38"}
59.75, [INFO], turtlebot4, {"y": "33.97", "x": "-32.89", "yaw": "-3.10"}
59.75, [INFO], turtlebot4, {"y": "33.97", "x": "-32.89", "yaw": "-3.10"}
59.75, [INFO], turtlebot3, {"y": "18.00", "x": "-13.49", "yaw": "-1.47"}
59.77, [INFO], turtlebot3, {"y": "18.00", "x": "-13.49", "yaw": "-1.47"}
59.77, [INFO], turtlebot5, {"y": "16.25", "x": "-13.33", "yaw": "-3.13"}
59.77, [INFO], turtlebot5, {"y": "16.25", "x": "-13.33", "yaw": "-3.13"}
59.78, [INFO], turtlebot6, {"y": "18.78", "x": "-33.85", "yaw": "2.85"}
59.78, [INFO], turtlebot6, {"y": "18.78", "x": "-33.85", "yaw": "2.85"}
59.80, [INFO], turtlebot5, {"battery-level": "24.62%"}
59.80, [INFO], turtlebot5, {"battery-level": "24.62%"}
70.77, [INFO], turtlebot1, {"y": "18.03", "x": "-27.22", "yaw": "-1.58"}
70.77, [INFO], turtlebot1, {"y": "18.03", "x": "-27.22", "yaw": "-1.58"}
70.80, [INFO], turtlebot2, {"y": "17.99", "x": "-19.01", "yaw": "-1.38"}
70.80, [INFO], turtlebot2, {"y": "17.99", "x": "-19.01", "yaw": "-1.38"}
70.82, [INFO], turtlebot4, {"y": "33.97", "x": "-32.89", "yaw": "-3.10"}
70.82, [INFO], turtlebot4, {"y": "33.97", "x": "-32.89", "yaw": "-3.10"}
70.83, [INFO], turtlebot3, {"y": "18.00", "x": "-13.49", "yaw": "-1.46"}
70.83, [INFO], turtlebot3, {"y": "18.00", "x": "-13.49", "yaw": "-1.46"}
70.83, [INFO], turtlebot5, {"y": "15.94", "x": "-14.82", "yaw": "-2.79"}
70.83, [INFO], turtlebot5, {"y": "15.94", "x": "-14.82", "yaw": "-2.79"}
70.87, [INFO], turtlebot6, {"y": "18.78", "x": "-33.85", "yaw": "2.86"}
70.87, [INFO], turtlebot6, {"y": "18.78", "x": "-33.85", "yaw": "2.86"}
70.87, [INFO], turtlebot5, {"battery-level": "24.02%"}
70.87, [INFO], turtlebot5, {"battery-level": "24.02%"}
81.90, [INFO], turtlebot1, {"y": "18.03", "x": "-27.22", "yaw": "-1.58"}
81.90, [INFO], turtlebot1, {"y": "18.03", "x": "-27.22", "yaw": "-1.58"}
81.92, [INFO], turtlebot2, {"y": "17.99", "x": "-19.01", "yaw": "-1.38"}
81.92, [INFO], turtlebot2, {"y": "17.99", "x": "-19.01", "yaw": "-1.38"}
81.95, [INFO], turtlebot4, {"y": "33.97", "x": "-32.90", "yaw": "-3.10"}
81.95, [INFO], turtlebot4, {"y": "33.97", "x": "-32.90", "yaw": "-3.10"}
81.95, [INFO], turtlebot3, {"y": "17.99", "x": "-13.49", "yaw": "-1.45"}
81.95, [INFO], turtlebot3, {"y": "17.99", "x": "-13.49", "yaw": "-1.45"}
81.97, [INFO], turtlebot5, {"y": "15.83", "x": "-16.55", "yaw": "3.06"}
81.97, [INFO], turtlebot5, {"y": "15.83", "x": "-16.55", "yaw": "3.06"}
81.98, [INFO], turtlebot6, {"y": "18.78", "x": "-33.85", "yaw": "2.87"}
81.98, [INFO], turtlebot6, {"y": "18.78", "x": "-33.85", "yaw": "2.87"}
81.98, [INFO], turtlebot5, {"battery-level": "23.42%"}
82.00, [INFO], turtlebot5, {"battery-level": "23.42%"}
92.90, [INFO], turtlebot1, {"y": "18.03", "x": "-27.22", "yaw": "-1.58"}
92.90, [INFO], turtlebot1, {"y": "18.03", "x": "-27.22", "yaw": "-1.58"}
92.95, [INFO], turtlebot2, {"y": "17.99", "x": "-19.01", "yaw": "-1.38"}
92.95, [INFO], turtlebot2, {"y": "17.99", "x": "-19.01", "yaw": "-1.38"}
92.97, [INFO], turtlebot4, {"y": "33.97", "x": "-32.90", "yaw": "-3.10"}
92.97, [INFO], turtlebot4, {"y": "33.97", "x": "-32.90", "yaw": "-3.10"}
92.97, [INFO], turtlebot3, {"y": "17.99", "x": "-13.49", "yaw": "-1.44"}
92.98, [INFO], turtlebot3, {"y": "17.99", "x": "-13.49", "yaw": "-1.44"}
93.00, [INFO], turtlebot5, {"y": "16.12", "x": "-18.65", "yaw": "-2.99"}
93.00, [INFO], turtlebot5, {"y": "16.12", "x": "-18.65", "yaw": "-2.99"}
93.00, [INFO], turtlebot6, {"y": "18.78", "x": "-33.85", "yaw": "2.88"}
93.00, [INFO], turtlebot6, {"y": "18.78", "x": "-33.85", "yaw": "2.88"}
93.00, [INFO], turtlebot5, {"battery-level": "22.82%"}
93.00, [INFO], turtlebot5, {"battery-level": "22.82%"}
101.92, [DEBUG], turtlebot5, {"param_list": ["IC Room 2", [[-11.5, 16.0, 3.141592653589793, true], [-37.0, 16.0, 1.5707963267948966, true], [-37.0, 21.5, 3.141592653589793, true], [-38.0, 21.5, 0.0, false]]], "skill": "navigation", "skill-life-cycle": "RUNNING", "label": "navto_room"}
103.97, [INFO], turtlebot1, {"y": "18.03", "x": "-27.22", "yaw": "-1.58"}
103.97, [INFO], turtlebot1, {"y": "18.03", "x": "-27.22", "yaw": "-1.58"}
103.98, [INFO], turtlebot2, {"y": "17.99", "x": "-19.01", "yaw": "-1.38"}
103.98, [INFO], turtlebot2, {"y": "17.99", "x": "-19.01", "yaw": "-1.38"}
104.00, [INFO], turtlebot4, {"y": "33.97", "x": "-32.90", "yaw": "-3.10"}
104.00, [INFO], turtlebot4, {"y": "33.97", "x": "-32.90", "yaw": "-3.10"}
104.00, [INFO], turtlebot3, {"y": "17.99", "x": "-13.49", "yaw": "-1.43"}
104.00, [INFO], turtlebot3, {"y": "17.99", "x": "-13.49", "yaw": "-1.43"}
104.02, [INFO], turtlebot5, {"y": "16.11", "x": "-20.47", "yaw": "3.12"}
104.02, [INFO], turtlebot5, {"y": "16.11", "x": "-20.47", "yaw": "3.12"}
104.03, [INFO], turtlebot6, {"y": "18.78", "x": "-33.85", "yaw": "2.90"}
104.03, [INFO], turtlebot6, {"y": "18.78", "x": "-33.85", "yaw": "2.90"}
104.03, [INFO], turtlebot5, {"battery-level": "22.22%"}
104.03, [INFO], turtlebot5, {"battery-level": "22.22%"}
115.03, [INFO], turtlebot1, {"y": "18.03", "x": "-27.22", "yaw": "-1.58"}
115.03, [INFO], turtlebot1, {"y": "18.03", "x": "-27.22", "yaw": "-1.58"}
115.07, [INFO], turtlebot2, {"y": "17.99", "x": "-19.01", "yaw": "-1.38"}
115.07, [INFO], turtlebot2, {"y": "17.99", "x": "-19.01", "yaw": "-1.38"}
115.08, [INFO], turtlebot4, {"y": "33.97", "x": "-32.90", "yaw": "-3.09"}
115.08, [INFO], turtlebot4, {"y": "33.97", "x": "-32.90", "yaw": "-3.09"}
115.08, [INFO], turtlebot3, {"y": "17.99", "x": "-13.49", "yaw": "-1.41"}
115.10, [INFO], turtlebot3, {"y": "17.99", "x": "-13.49", "yaw": "-1.41"}
115.10, [INFO], turtlebot5, {"y": "16.09", "x": "-22.30", "yaw": "3.14"}
115.10, [INFO], turtlebot5, {"y": "16.09", "x": "-22.30", "yaw": "3.14"}
115.10, [INFO], turtlebot6, {"y": "18.79", "x": "-33.86", "yaw": "2.91"}
115.12, [INFO], turtlebot5, {"battery-level": "21.62%"}
115.12, [INFO], turtlebot6, {"y": "18.79", "x": "-33.86", "yaw": "2.91"}
115.12, [INFO], turtlebot5, {"battery-level": "21.62%"}
126.15, [INFO], turtlebot1, {"y": "18.03", "x": "-27.22", "yaw": "-1.58"}
126.15, [INFO], turtlebot1, {"y": "18.03", "x": "-27.22", "yaw": "-1.58"}
126.18, [INFO], turtlebot2, {"y": "17.99", "x": "-19.01", "yaw": "-1.38"}
126.18, [INFO], turtlebot2, {"y": "17.99", "x": "-19.01", "yaw": "-1.38"}
126.20, [INFO], turtlebot4, {"y": "33.97", "x": "-32.90", "yaw": "-3.09"}
126.20, [INFO], turtlebot4, {"y": "33.97", "x": "-32.90", "yaw": "-3.09"}
126.20, [INFO], turtlebot3, {"y": "17.99", "x": "-13.49", "yaw": "-1.40"}
126.20, [INFO], turtlebot3, {"y": "17.99", "x": "-13.49", "yaw": "-1.40"}
126.22, [INFO], turtlebot5, {"y": "16.10", "x": "-24.15", "yaw": "-3.14"}
126.22, [INFO], turtlebot5, {"y": "16.10", "x": "-24.15", "yaw": "-3.14"}
126.23, [INFO], turtlebot6, {"y": "18.79", "x": "-33.86", "yaw": "2.93"}
126.23, [INFO], turtlebot6, {"y": "18.79", "x": "-33.86", "yaw": "2.93"}
126.23, [INFO], turtlebot5, {"battery-level": "21.02%"}
126.23, [INFO], turtlebot5, {"battery-level": "21.02%"}
137.23, [INFO], turtlebot1, {"y": "18.03", "x": "-27.22", "yaw": "-1.58"}
137.23, [INFO], turtlebot1, {"y": "18.03", "x": "-27.22", "yaw": "-1.58"}
137.23, [INFO], turtlebot2, {"y": "17.99", "x": "-19.01", "yaw": "-1.38"}
137.23, [INFO], turtlebot2, {"y": "17.99", "x": "-19.01", "yaw": "-1.38"}
137.25, [INFO], turtlebot4, {"y": "33.97", "x": "-32.90", "yaw": "-3.09"}
137.25, [INFO], turtlebot4, {"y": "33.97", "x": "-32.90", "yaw": "-3.09"}
137.25, [INFO], turtlebot3, {"y": "17.98", "x": "-13.49", "yaw": "-1.38"}
137.25, [INFO], turtlebot3, {"y": "17.98", "x": "-13.49", "yaw": "-1.38"}
137.27, [INFO], turtlebot5, {"y": "16.10", "x": "-25.99", "yaw": "-3.14"}
137.28, [INFO], turtlebot5, {"y": "16.10", "x": "-25.99", "yaw": "-3.14"}
137.30, [INFO], turtlebot6, {"y": "18.79", "x": "-33.86", "yaw": "2.95"}
137.30, [INFO], turtlebot6, {"y": "18.79", "x": "-33.86", "yaw": "2.95"}
137.30, [INFO], turtlebot5, {"battery-level": "20.42%"}
137.30, [INFO], turtlebot5, {"battery-level": "20.42%"}
146.77, [DEBUG], turtlebot5, {"param_list": ["IC Room 2", [[-11.5, 16.0, 3.141592653589793, true], [-37.0, 16.0, 1.5707963267948966, true], [-37.0, 21.5, 3.141592653589793, true], [-38.0, 21.5, 0.0, false]]], "skill": "navigation", "skill-life-cycle": "RUNNING", "label": "navto_room"}
148.25, [INFO], turtlebot1, {"y": "18.03", "x": "-27.22", "yaw": "-1.57"}
148.25, [INFO], turtlebot1, {"y": "18.03", "x": "-27.22", "yaw": "-1.57"}
148.27, [INFO], turtlebot2, {"y": "17.99", "x": "-19.01", "yaw": "-1.38"}
148.27, [INFO], turtlebot2, {"y": "17.99", "x": "-19.01", "yaw": "-1.38"}
148.30, [INFO], turtlebot4, {"y": "33.97", "x": "-32.90", "yaw": "-3.09"}
148.30, [INFO], turtlebot4, {"y": "33.97", "x": "-32.90", "yaw": "-3.09"}
148.30, [INFO], turtlebot3, {"y": "17.98", "x": "-13.49", "yaw": "-1.37"}
148.30, [INFO], turtlebot3, {"y": "17.98", "x": "-13.49", "yaw": "-1.37"}
148.30, [INFO], turtlebot5, {"y": "16.09", "x": "-27.83", "yaw": "-3.14"}
148.30, [INFO], turtlebot5, {"y": "16.09", "x": "-27.83", "yaw": "-3.14"}
148.32, [INFO], turtlebot6, {"y": "18.79", "x": "-33.87", "yaw": "2.97"}
148.32, [INFO], turtlebot6, {"y": "18.79", "x": "-33.87", "yaw": "2.97"}
148.33, [INFO], turtlebot5, {"battery-level": "19.82%"}
148.33, [INFO], turtlebot5, {"battery-level": "19.82%"}
159.30, [INFO], turtlebot1, {"y": "18.03", "x": "-27.22", "yaw": "-1.57"}
159.32, [INFO], turtlebot1, {"y": "18.03", "x": "-27.22", "yaw": "-1.57"}
159.35, [INFO], turtlebot2, {"y": "17.99", "x": "-19.01", "yaw": "-1.38"}
159.35, [INFO], turtlebot2, {"y": "17.99", "x": "-19.01", "yaw": "-1.38"}
159.37, [INFO], turtlebot4, {"y": "33.97", "x": "-32.90", "yaw": "-3.09"}
159.37, [INFO], turtlebot4, {"y": "33.97", "x": "-32.90", "yaw": "-3.09"}
159.38, [INFO], turtlebot3, {"y": "17.98", "x": "-13.48", "yaw": "-1.35"}
159.38, [INFO], turtlebot3, {"y": "17.98", "x": "-13.48", "yaw": "-1.35"}
159.38, [INFO], turtlebot5, {"y": "16.09", "x": "-29.67", "yaw": "3.14"}
159.38, [INFO], turtlebot5, {"y": "16.09", "x": "-29.67", "yaw": "3.14"}
159.40, [INFO], turtlebot6, {"y": "18.79", "x": "-33.87", "yaw": "2.98"}
159.40, [INFO], turtlebot6, {"y": "18.79", "x": "-33.87", "yaw": "2.98"}
159.40, [INFO], turtlebot5, {"battery-level": "19.22%"}
159.40, [INFO], turtlebot5, {"battery-level": "19.22%"}
170.33, [INFO], turtlebot1, {"y": "18.03", "x": "-27.22", "yaw": "-1.57"}
170.33, [INFO], turtlebot1, {"y": "18.03", "x": "-27.22", "yaw": "-1.57"}
170.37, [INFO], turtlebot2, {"y": "17.99", "x": "-19.01", "yaw": "-1.38"}
170.37, [INFO], turtlebot2, {"y": "17.99", "x": "-19.01", "yaw": "-1.38"}
170.38, [INFO], turtlebot4, {"y": "33.97", "x": "-32.90", "yaw": "-3.09"}
170.38, [INFO], turtlebot4, {"y": "33.97", "x": "-32.90", "yaw": "-3.09"}
170.40, [INFO], turtlebot3, {"y": "17.97", "x": "-13.48", "yaw": "-1.34"}
170.40, [INFO], turtlebot3, {"y": "17.97", "x": "-13.48", "yaw": "-1.34"}
170.40, [INFO], turtlebot5, {"y": "16.09", "x": "-31.51", "yaw": "-3.14"}
170.40, [INFO], turtlebot5, {"y": "16.09", "x": "-31.51", "yaw": "-3.14"}
170.42, [INFO], turtlebot6, {"y": "18.79", "x": "-33.88", "yaw": "3.00"}
170.43, [INFO], turtlebot6, {"y": "18.79", "x": "-33.88", "yaw": "3.00"}
170.45, [INFO], turtlebot5, {"battery-level": "18.62%"}
170.45, [INFO], turtlebot5, {"battery-level": "18.62%"}
181.32, [INFO], turtlebot1, {"y": "18.03", "x": "-27.22", "yaw": "-1.57"}
181.32, [INFO], turtlebot1, {"y": "18.03", "x": "-27.22", "yaw": "-1.57"}
181.35, [INFO], turtlebot2, {"y": "17.99", "x": "-19.01", "yaw": "-1.38"}
181.35, [INFO], turtlebot2, {"y": "17.99", "x": "-19.01", "yaw": "-1.38"}
181.38, [INFO], turtlebot4, {"y": "33.97", "x": "-32.90", "yaw": "-3.09"}
181.38, [INFO], turtlebot4, {"y": "33.97", "x": "-32.90", "yaw": "-3.09"}
181.38, [INFO], turtlebot3, {"y": "17.97", "x": "-13.48", "yaw": "-1.32"}
181.38, [INFO], turtlebot3, {"y": "17.97", "x": "-13.48", "yaw": "-1.32"}
181.40, [INFO], turtlebot5, {"y": "16.09", "x": "-33.34", "yaw": "-3.14"}
181.40, [INFO], turtlebot5, {"y": "16.09", "x": "-33.34", "yaw": "-3.14"}
181.42, [INFO], turtlebot6, {"y": "18.79", "x": "-33.88", "yaw": "3.00"}
181.42, [INFO], turtlebot6, {"y": "18.79", "x": "-33.88", "yaw": "3.00"}
181.42, [INFO], turtlebot5, {"battery-level": "18.02%"}
181.43, [INFO], turtlebot5, {"battery-level": "18.02%"}
191.58, [DEBUG], turtlebot5, {"param_list": ["IC Room 2", [[-11.5, 16.0, 3.141592653589793, true], [-37.0, 16.0, 1.5707963267948966, true], [-37.0, 21.5, 3.141592653589793, true], [-38.0, 21.5, 0.0, false]]], "skill": "navigation", "skill-life-cycle": "RUNNING", "label": "navto_room"}
192.45, [INFO], turtlebot1, {"y": "18.03", "x": "-27.22", "yaw": "-1.57"}
192.45, [INFO], turtlebot1, {"y": "18.03", "x": "-27.22", "yaw": "-1.57"}
192.48, [INFO], turtlebot2, {"y": "17.99", "x": "-19.01", "yaw": "-1.38"}
192.48, [INFO], turtlebot2, {"y": "17.99", "x": "-19.01", "yaw": "-1.38"}
192.50, [INFO], turtlebot4, {"y": "33.97", "x": "-32.90", "yaw": "-3.09"}
192.50, [INFO], turtlebot3, {"y": "17.97", "x": "-13.48", "yaw": "-1.31"}
192.50, [INFO], turtlebot5, {"y": "16.09", "x": "-35.18", "yaw": "-3.14"}
192.52, [INFO], turtlebot6, {"y": "18.79", "x": "-33.88", "yaw": "3.00"}
192.53, [INFO], turtlebot5, {"battery-level": "17.42%"}
192.68, [INFO], turtlebot4, {"y": "33.97", "x": "-32.90", "yaw": "-3.09"}
192.68, [INFO], turtlebot3, {"y": "17.97", "x": "-13.48", "yaw": "-1.31"}
192.70, [INFO], turtlebot5, {"y": "16.09", "x": "-35.18", "yaw": "-3.14"}
192.70, [INFO], turtlebot6, {"y": "18.79", "x": "-33.88", "yaw": "3.00"}
192.70, [INFO], turtlebot5, {"battery-level": "17.42%"}
203.77, [INFO], turtlebot1, {"y": "18.03", "x": "-27.22", "yaw": "-1.57"}
203.77, [INFO], turtlebot1, {"y": "18.03", "x": "-27.22", "yaw": "-1.57"}
203.80, [INFO], turtlebot2, {"y": "17.99", "x": "-19.01", "yaw": "-1.38"}
203.80, [INFO], turtlebot2, {"y": "17.99", "x": "-19.01", "yaw": "-1.38"}
203.82, [INFO], turtlebot3, {"y": "17.97", "x": "-13.47", "yaw": "-1.29"}
203.82, [INFO], turtlebot3, {"y": "17.97", "x": "-13.47", "yaw": "-1.29"}
203.82, [INFO], turtlebot4, {"y": "33.97", "x": "-32.91", "yaw": "-3.09"}
203.83, [INFO], turtlebot4, {"y": "33.97", "x": "-32.91", "yaw": "-3.09"}
203.83, [INFO], turtlebot5, {"y": "16.28", "x": "-36.65", "yaw": "1.97"}
203.83, [INFO], turtlebot5, {"y": "16.28", "x": "-36.65", "yaw": "1.97"}
203.85, [INFO], turtlebot6, {"y": "18.79", "x": "-33.88", "yaw": "3.01"}
203.85, [INFO], turtlebot6, {"y": "18.79", "x": "-33.88", "yaw": "3.01"}
203.87, [INFO], turtlebot5, {"battery-level": "16.82%"}
203.87, [INFO], turtlebot5, {"battery-level": "16.82%"}
205.28, [DEBUG], None, [debug],turtlebot5,move-base-info,Hooray, the base moved arrived,(x=-37;y=16)
205.28, [DEBUG], None, [debug],turtlebot5,move-base-info,Hooray, the base moved arrived,(x=-37;y=16)
205.40, [DEBUG], turtlebot5, {"status": "way-point-reached", "skill": "navigation", "percentage": "50.00%", "goingto": "IC Room 2"}
215.23, [INFO], turtlebot1, {"y": "18.03", "x": "-27.21", "yaw": "-1.57"}
215.23, [INFO], turtlebot1, {"y": "18.03", "x": "-27.21", "yaw": "-1.57"}
215.25, [INFO], turtlebot2, {"y": "17.99", "x": "-19.01", "yaw": "-1.38"}
215.25, [INFO], turtlebot2, {"y": "17.99", "x": "-19.01", "yaw": "-1.38"}
215.28, [INFO], turtlebot4, {"y": "33.97", "x": "-32.91", "yaw": "-3.08"}
215.28, [INFO], turtlebot4, {"y": "33.97", "x": "-32.91", "yaw": "-3.08"}
215.28, [INFO], turtlebot3, {"y": "17.96", "x": "-13.47", "yaw": "-1.28"}
215.28, [INFO], turtlebot3, {"y": "17.96", "x": "-13.47", "yaw": "-1.28"}
215.30, [INFO], turtlebot5, {"y": "20.52", "x": "-36.84", "yaw": "1.68"}
215.30, [INFO], turtlebot5, {"y": "20.52", "x": "-36.84", "yaw": "1.68"}
215.32, [INFO], turtlebot6, {"y": "18.79", "x": "-33.88", "yaw": "3.01"}
215.32, [INFO], turtlebot6, {"y": "18.79", "x": "-33.88", "yaw": "3.01"}
215.32, [INFO], turtlebot5, {"battery-level": "16.22%"}
215.33, [INFO], turtlebot5, {"battery-level": "16.22%"}
221.17, [DEBUG], None, [debug],turtlebot5,move-base-info,Hooray, the base moved arrived,(x=-37;y=21.5)
221.17, [DEBUG], None, [debug],turtlebot5,move-base-info,Hooray, the base moved arrived,(x=-37;y=21.5)
221.23, [DEBUG], turtlebot5, {"status": "way-point-reached", "skill": "navigation", "percentage": "75.00%", "goingto": "IC Room 2"}
227.00, [INFO], turtlebot1, {"y": "18.03", "x": "-27.21", "yaw": "-1.57"}
227.00, [INFO], turtlebot1, {"y": "18.03", "x": "-27.21", "yaw": "-1.57"}
227.03, [INFO], turtlebot2, {"y": "17.99", "x": "-19.01", "yaw": "-1.38"}
227.03, [INFO], turtlebot2, {"y": "17.99", "x": "-19.01", "yaw": "-1.38"}
227.05, [INFO], turtlebot4, {"y": "33.97", "x": "-32.91", "yaw": "-3.08"}
227.05, [INFO], turtlebot4, {"y": "33.97", "x": "-32.91", "yaw": "-3.08"}
227.07, [INFO], turtlebot3, {"y": "17.96", "x": "-13.47", "yaw": "-1.26"}
227.07, [INFO], turtlebot3, {"y": "17.96", "x": "-13.47", "yaw": "-1.26"}
227.07, [INFO], turtlebot5, {"y": "21.15", "x": "-37.16", "yaw": "2.73"}
227.07, [INFO], turtlebot5, {"y": "21.15", "x": "-37.16", "yaw": "2.73"}
227.08, [INFO], turtlebot6, {"y": "18.79", "x": "-33.88", "yaw": "3.01"}
227.08, [INFO], turtlebot6, {"y": "18.79", "x": "-33.88", "yaw": "3.01"}
227.08, [INFO], turtlebot5, {"battery-level": "15.62%"}
227.08, [INFO], turtlebot5, {"battery-level": "15.62%"}
236.03, [DEBUG], None, [debug],turtlebot5,move-base-info,Hooray, the base moved arrived,(x=-38;y=21.5)
236.03, [DEBUG], None, [debug],turtlebot5,move-base-info,Hooray, the base moved arrived,(x=-38;y=21.5)
236.25, [DEBUG], turtlebot5, {"status": "way-point-reached", "skill": "navigation", "percentage": "100.00%", "goingto": "IC Room 2"}
236.33, [DEBUG], turtlebot5, {"param_list": ["IC Room 2", [[-11.5, 16.0, 3.141592653589793, true], [-37.0, 16.0, 1.5707963267948966, true], [-37.0, 21.5, 3.141592653589793, true], [-38.0, 21.5, 0.0, false]]], "skill": "navigation", "skill-life-cycle": "SUCCESS", "label": "navto_room"}
236.33, [DEBUG], turtlebot5, "available-skills=['send_message', 'wait_message', 'approach_person', 'authenticate_person', 'navigation', 'operate_drawer']"
236.33, [DEBUG], turtlebot5, {"param_list": ["nurse"], "skill": "approach_person", "skill-life-cycle": "STARTED", "label": "approach_nurse"}
236.42, [DEBUG], turtlebot5, {"status": "localize-person", "skill": "approach-person", "who": "nurse"}
236.72, [DEBUG], turtlebot5, {"status": "goto-person", "skill": "approach-person", "who": "nurse"}
236.82, [DEBUG], turtlebot5, {"param_list": ["nurse"], "skill": "approach_person", "skill-life-cycle": "SUCCESS", "label": "approach_nurse"}
236.82, [DEBUG], turtlebot5, "available-skills=['send_message', 'wait_message', 'approach_person', 'authenticate_person', 'navigation', 'operate_drawer']"
236.82, [DEBUG], turtlebot5, {"param_list": ["nurse"], "skill": "authenticate_person", "skill-life-cycle": "STARTED", "label": "authenticate_nurse"}
236.90, [DEBUG], turtlebot5, {"status": "request-authentication", "to": "nurse", "skill": "authenticate-person"}
236.90, [INFO], nurse, {"status": "message-received", "skill": "athentication-request"}
236.90, [INFO], nurse, {"status": "message-received", "skill": "athentication-request"}
237.30, [DEBUG], turtlebot5, {"status": "received-authentication", "skill": "authenticate-person", "from": "nurse"}
237.40, [DEBUG], turtlebot5, {"param_list": ["nurse"], "skill": "authenticate_person", "skill-life-cycle": "SUCCESS", "label": "authenticate_nurse"}
237.40, [DEBUG], turtlebot5, "available-skills=['send_message', 'wait_message', 'approach_person', 'authenticate_person', 'navigation', 'operate_drawer']"
237.40, [DEBUG], turtlebot5, {"param_list": ["open"], "skill": "operate_drawer", "skill-life-cycle": "STARTED", "label": "open_drawer_for_nurse"}
237.47, [DEBUG], turtlebot5, {"status": "task-update", "action": "open", "skill": "operate-drawer"}
238.37, [DEBUG], turtlebot5, {"param_list": ["open"], "skill": "operate_drawer", "skill-life-cycle": "SUCCESS", "label": "open_drawer_for_nurse"}
238.37, [DEBUG], turtlebot5, "available-skills=['send_message', 'wait_message', 'approach_person', 'authenticate_person', 'navigation', 'operate_drawer']"
238.37, [DEBUG], turtlebot5, {"param_list": ["nurse"], "skill": "send_message", "skill-life-cycle": "STARTED", "label": "notify_nurse_of_open_drawer_for_nurse_completed"}
238.45, [INFO], turtlebot5, {"to": "nurse", "skill": "send-message"}
238.60, [INFO], turtlebot1, {"y": "18.03", "x": "-27.21", "yaw": "-1.57"}
238.60, [INFO], turtlebot2, {"y": "17.99", "x": "-19.01", "yaw": "-1.38"}
238.62, [INFO], turtlebot4, {"y": "33.97", "x": "-32.91", "yaw": "-3.07"}
238.63, [INFO], turtlebot3, {"y": "17.96", "x": "-13.47", "yaw": "-1.25"}
238.65, [INFO], turtlebot5, {"y": "21.35", "x": "-37.64", "yaw": "0.05"}
238.67, [INFO], turtlebot6, {"y": "18.79", "x": "-33.88", "yaw": "3.01"}
238.67, [INFO], turtlebot5, {"battery-level": "15.02%"}
238.70, [INFO], turtlebot1, {"y": "18.03", "x": "-27.21", "yaw": "-1.57"}
238.70, [INFO], turtlebot2, {"y": "17.99", "x": "-19.01", "yaw": "-1.38"}
238.70, [INFO], turtlebot4, {"y": "33.97", "x": "-32.91", "yaw": "-3.07"}
238.70, [INFO], turtlebot3, {"y": "17.96", "x": "-13.47", "yaw": "-1.25"}
238.70, [INFO], turtlebot5, {"y": "21.35", "x": "-37.64", "yaw": "0.05"}
238.72, [INFO], turtlebot6, {"y": "18.79", "x": "-33.88", "yaw": "3.01"}
238.72, [INFO], turtlebot5, {"battery-level": "15.02%"}
239.25, [DEBUG], turtlebot5, {"param_list": ["nurse"], "skill": "send_message", "skill-life-cycle": "RUNNING", "label": "notify_nurse_of_open_drawer_for_nurse_completed"}
239.25, [INFO], nurse, {"status": "message-received", "skill": "wait-message"}
239.25, [INFO], nurse, {"status": "message-received", "skill": "wait-message"}
241.73, [DEBUG], turtlebot5, {"param_list": ["nurse"], "skill": "send_message", "skill-life-cycle": "SUCCESS", "label": "notify_nurse_of_open_drawer_for_nurse_completed"}
241.73, [DEBUG], turtlebot5, "available-skills=['send_message', 'wait_message', 'approach_person', 'authenticate_person', 'navigation', 'operate_drawer']"
241.73, [DEBUG], turtlebot5, {"param_list": ["nurse"], "skill": "wait_message", "skill-life-cycle": "STARTED", "label": "wait_nurse_to_complete_deposit"}
242.45, [INFO], turtlebot5, {"status": "message-received", "skill": "wait-message"}
242.53, [DEBUG], turtlebot5, {"param_list": ["nurse"], "skill": "wait_message", "skill-life-cycle": "SUCCESS", "label": "wait_nurse_to_complete_deposit"}
242.53, [DEBUG], turtlebot5, "available-skills=['send_message', 'wait_message', 'approach_person', 'authenticate_person', 'navigation', 'operate_drawer']"
242.53, [DEBUG], turtlebot5, {"param_list": ["close"], "skill": "operate_drawer", "skill-life-cycle": "STARTED", "label": "close_drawer_nurse"}
242.60, [DEBUG], turtlebot5, {"status": "task-update", "action": "close", "skill": "operate-drawer"}
243.47, [DEBUG], turtlebot5, {"param_list": ["close"], "skill": "operate_drawer", "skill-life-cycle": "SUCCESS", "label": "close_drawer_nurse"}
243.47, [DEBUG], turtlebot5, "available-skills=['send_message', 'wait_message', 'approach_person', 'authenticate_person', 'navigation', 'operate_drawer']"
243.47, [DEBUG], turtlebot5, {"param_list": ["Laboratory", [[-37.0, 21.5, -1.5707963267948966, true], [-37.0, 16.0, 0.0, true], [-26.0, 16.0, -1.5707963267948966, true], [-26.0, 13.0, 1.57, false]]], "skill": "navigation", "skill-life-cycle": "STARTED", "label": "navto_lab"}
246.93, [INFO], nurse, {"status": "message-received", "skill": "wait-message"}
246.93, [INFO], nurse, {"status": "message-received", "skill": "wait-message"}
250.10, [INFO], turtlebot1, {"y": "18.03", "x": "-27.21", "yaw": "-1.57"}
250.10, [INFO], turtlebot1, {"y": "18.03", "x": "-27.21", "yaw": "-1.57"}
250.13, [INFO], turtlebot2, {"y": "17.99", "x": "-19.01", "yaw": "-1.37"}
250.13, [INFO], turtlebot2, {"y": "17.99", "x": "-19.01", "yaw": "-1.37"}
250.17, [INFO], turtlebot4, {"y": "33.97", "x": "-32.91", "yaw": "-3.06"}
250.17, [INFO], turtlebot4, {"y": "33.97", "x": "-32.91", "yaw": "-3.06"}
250.17, [INFO], turtlebot3, {"y": "17.96", "x": "-13.46", "yaw": "-1.23"}
250.17, [INFO], turtlebot3, {"y": "17.96", "x": "-13.46", "yaw": "-1.23"}
250.18, [INFO], turtlebot5, {"y": "21.39", "x": "-37.46", "yaw": "-0.22"}
250.18, [INFO], turtlebot5, {"y": "21.39", "x": "-37.46", "yaw": "-0.22"}
250.20, [INFO], turtlebot6, {"y": "18.79", "x": "-33.88", "yaw": "3.01"}
250.20, [INFO], turtlebot6, {"y": "18.79", "x": "-33.88", "yaw": "3.01"}
250.20, [INFO], turtlebot5, {"battery-level": "14.42%"}
250.20, [INFO], turtlebot5, {"battery-level": "14.42%"}
252.28, [INFO], nurse, {"status": "waiting", "skill": "athentication-sent"}
252.28, [INFO], nurse, {"status": "waiting", "skill": "athentication-sent"}
254.00, [DEBUG], None, [debug],turtlebot5,move-base-info,Hooray, the base moved arrived,(x=-37;y=21.5)
254.00, [DEBUG], None, [debug],turtlebot5,move-base-info,Hooray, the base moved arrived,(x=-37;y=21.5)
254.00, [DEBUG], turtlebot5, {"status": "way-point-reached", "skill": "navigation", "percentage": "25.00%", "goingto": "Laboratory"}
254.83, [INFO], nurse, {"status": "message-received", "skill": "wait-message"}
254.83, [INFO], nurse, {"status": "message-received", "skill": "wait-message"}
261.82, [INFO], turtlebot1, {"y": "18.03", "x": "-27.21", "yaw": "-1.57"}
261.82, [INFO], turtlebot1, {"y": "18.03", "x": "-27.21", "yaw": "-1.57"}
261.83, [INFO], turtlebot2, {"y": "17.99", "x": "-19.01", "yaw": "-1.37"}
261.83, [INFO], turtlebot2, {"y": "17.99", "x": "-19.01", "yaw": "-1.37"}
261.85, [INFO], turtlebot4, {"y": "33.97", "x": "-32.91", "yaw": "-3.06"}
261.85, [INFO], turtlebot4, {"y": "33.97", "x": "-32.91", "yaw": "-3.06"}
261.85, [INFO], turtlebot3, {"y": "17.95", "x": "-13.46", "yaw": "-1.21"}
261.87, [INFO], turtlebot3, {"y": "17.95", "x": "-13.46", "yaw": "-1.21"}
261.87, [INFO], turtlebot5, {"y": "21.15", "x": "-37.27", "yaw": "-0.71"}
261.87, [INFO], turtlebot5, {"y": "21.15", "x": "-37.27", "yaw": "-0.71"}
261.88, [INFO], turtlebot6, {"y": "18.79", "x": "-33.88", "yaw": "3.01"}
261.88, [INFO], turtlebot6, {"y": "18.79", "x": "-33.88", "yaw": "3.01"}
261.90, [INFO], turtlebot5, {"battery-level": "13.82%"}
261.90, [INFO], turtlebot5, {"battery-level": "13.82%"}
262.47, [INFO], nurse, {"status": "message-received", "skill": "wait-message"}
262.47, [INFO], nurse, {"status": "message-received", "skill": "wait-message"}
272.83, [INFO], turtlebot1, {"y": "18.03", "x": "-27.21", "yaw": "-1.57"}
272.83, [INFO], turtlebot1, {"y": "18.03", "x": "-27.21", "yaw": "-1.57"}
272.85, [INFO], turtlebot2, {"y": "17.99", "x": "-19.01", "yaw": "-1.37"}
272.85, [INFO], turtlebot2, {"y": "17.99", "x": "-19.01", "yaw": "-1.37"}
272.88, [INFO], turtlebot4, {"y": "33.97", "x": "-32.91", "yaw": "-3.06"}
272.88, [INFO], turtlebot4, {"y": "33.97", "x": "-32.91", "yaw": "-3.06"}
272.90, [INFO], turtlebot3, {"y": "17.95", "x": "-13.46", "yaw": "-1.20"}
272.90, [INFO], turtlebot3, {"y": "17.95", "x": "-13.46", "yaw": "-1.20"}
272.90, [INFO], turtlebot5, {"y": "20.30", "x": "-36.80", "yaw": "-1.43"}
272.90, [INFO], turtlebot5, {"y": "20.30", "x": "-36.80", "yaw": "-1.43"}
272.92, [INFO], turtlebot5, {"battery-level": "13.22%"}
272.92, [INFO], turtlebot5, {"battery-level": "13.22%"}
272.93, [INFO], turtlebot6, {"y": "18.79", "x": "-33.88", "yaw": "3.01"}
272.93, [INFO], turtlebot6, {"y": "18.79", "x": "-33.88", "yaw": "3.01"}
283.85, [INFO], turtlebot1, {"y": "18.03", "x": "-27.21", "yaw": "-1.57"}
283.85, [INFO], turtlebot1, {"y": "18.03", "x": "-27.21", "yaw": "-1.57"}
283.87, [INFO], turtlebot2, {"y": "17.99", "x": "-19.01", "yaw": "-1.37"}
283.87, [INFO], turtlebot2, {"y": "17.99", "x": "-19.01", "yaw": "-1.37"}
283.90, [INFO], turtlebot4, {"y": "33.98", "x": "-32.92", "yaw": "-3.05"}
283.90, [INFO], turtlebot4, {"y": "33.98", "x": "-32.92", "yaw": "-3.05"}
283.90, [INFO], turtlebot3, {"y": "17.95", "x": "-13.46", "yaw": "-1.19"}
283.90, [INFO], turtlebot3, {"y": "17.95", "x": "-13.46", "yaw": "-1.19"}
283.90, [INFO], turtlebot5, {"y": "19.38", "x": "-36.70", "yaw": "-1.53"}
283.90, [INFO], turtlebot5, {"y": "19.38", "x": "-36.70", "yaw": "-1.53"}
283.92, [INFO], turtlebot6, {"y": "18.79", "x": "-33.88", "yaw": "3.01"}
283.92, [INFO], turtlebot6, {"y": "18.79", "x": "-33.88", "yaw": "3.01"}
283.93, [INFO], turtlebot5, {"battery-level": "12.62%"}
283.93, [INFO], turtlebot5, {"battery-level": "12.62%"}
285.82, [DEBUG], turtlebot5, {"param_list": ["Laboratory", [[-37.0, 21.5, -1.5707963267948966, true], [-37.0, 16.0, 0.0, true], [-26.0, 16.0, -1.5707963267948966, true], [-26.0, 13.0, 1.57, false]]], "skill": "navigation", "skill-life-cycle": "RUNNING", "label": "navto_lab"}
294.90, [INFO], turtlebot1, {"y": "18.03", "x": "-27.21", "yaw": "-1.57"}
294.90, [INFO], turtlebot1, {"y": "18.03", "x": "-27.21", "yaw": "-1.57"}
294.93, [INFO], turtlebot2, {"y": "17.99", "x": "-19.00", "yaw": "-1.37"}
294.93, [INFO], turtlebot2, {"y": "17.99", "x": "-19.00", "yaw": "-1.37"}
294.95, [INFO], turtlebot4, {"y": "33.98", "x": "-32.92", "yaw": "-3.05"}
294.95, [INFO], turtlebot4, {"y": "33.98", "x": "-32.92", "yaw": "-3.05"}
294.97, [INFO], turtlebot3, {"y": "17.95", "x": "-13.45", "yaw": "-1.17"}
294.97, [INFO], turtlebot3, {"y": "17.95", "x": "-13.45", "yaw": "-1.17"}
294.98, [INFO], turtlebot5, {"y": "18.46", "x": "-36.68", "yaw": "-1.57"}
294.98, [INFO], turtlebot5, {"y": "18.46", "x": "-36.68", "yaw": "-1.57"}
295.00, [INFO], turtlebot6, {"y": "18.79", "x": "-33.88", "yaw": "3.01"}
295.00, [INFO], turtlebot6, {"y": "18.79", "x": "-33.88", "yaw": "3.01"}
295.00, [INFO], turtlebot5, {"battery-level": "12.02%"}
295.00, [INFO], turtlebot5, {"battery-level": "12.02%"}
306.03, [INFO], turtlebot1, {"y": "18.03", "x": "-27.21", "yaw": "-1.57"}
306.03, [INFO], turtlebot1, {"y": "18.03", "x": "-27.21", "yaw": "-1.57"}
306.05, [INFO], turtlebot2, {"y": "17.99", "x": "-19.00", "yaw": "-1.37"}
306.05, [INFO], turtlebot2, {"y": "17.99", "x": "-19.00", "yaw": "-1.37"}
306.08, [INFO], turtlebot4, {"y": "33.98", "x": "-32.92", "yaw": "-3.06"}
306.08, [INFO], turtlebot4, {"y": "33.98", "x": "-32.92", "yaw": "-3.06"}
306.08, [INFO], turtlebot3, {"y": "17.94", "x": "-13.45", "yaw": "-1.16"}
306.08, [INFO], turtlebot3, {"y": "17.94", "x": "-13.45", "yaw": "-1.16"}
306.10, [INFO], turtlebot5, {"y": "17.53", "x": "-36.68", "yaw": "-1.58"}
306.10, [INFO], turtlebot5, {"y": "17.53", "x": "-36.68", "yaw": "-1.58"}
306.10, [INFO], turtlebot6, {"y": "18.79", "x": "-33.88", "yaw": "3.01"}
306.10, [INFO], turtlebot6, {"y": "18.79", "x": "-33.88", "yaw": "3.01"}
306.10, [INFO], turtlebot5, {"battery-level": "11.42%"}
306.10, [INFO], turtlebot5, {"battery-level": "11.42%"}
317.15, [INFO], turtlebot1, {"y": "18.03", "x": "-27.21", "yaw": "-1.56"}
317.15, [INFO], turtlebot1, {"y": "18.03", "x": "-27.21", "yaw": "-1.56"}
317.18, [INFO], turtlebot2, {"y": "17.99", "x": "-19.00", "yaw": "-1.37"}
317.18, [INFO], turtlebot2, {"y": "17.99", "x": "-19.00", "yaw": "-1.37"}
317.20, [INFO], turtlebot4, {"y": "33.98", "x": "-32.92", "yaw": "-3.06"}
317.20, [INFO], turtlebot4, {"y": "33.98", "x": "-32.92", "yaw": "-3.06"}
317.20, [INFO], turtlebot3, {"y": "17.94", "x": "-13.45", "yaw": "-1.15"}
317.20, [INFO], turtlebot3, {"y": "17.94", "x": "-13.45", "yaw": "-1.15"}
317.20, [INFO], turtlebot5, {"y": "16.61", "x": "-36.76", "yaw": "-1.90"}
317.20, [INFO], turtlebot5, {"y": "16.61", "x": "-36.76", "yaw": "-1.90"}
317.22, [INFO], turtlebot6, {"y": "18.79", "x": "-33.88", "yaw": "3.01"}
317.22, [INFO], turtlebot6, {"y": "18.79", "x": "-33.88", "yaw": "3.01"}
317.23, [INFO], turtlebot5, {"battery-level": "10.82%"}
317.23, [INFO], turtlebot5, {"battery-level": "10.82%"}
324.43, [DEBUG], None, [debug],turtlebot5,move-base-info,Hooray, the base moved arrived,(x=-37;y=16)
324.43, [DEBUG], None, [debug],turtlebot5,move-base-info,Hooray, the base moved arrived,(x=-37;y=16)
324.60, [DEBUG], turtlebot5, {"status": "way-point-reached", "skill": "navigation", "percentage": "50.00%", "goingto": "Laboratory"}
328.97, [INFO], turtlebot1, {"y": "18.03", "x": "-27.21", "yaw": "-1.55"}
328.97, [INFO], turtlebot1, {"y": "18.03", "x": "-27.21", "yaw": "-1.55"}
329.00, [INFO], turtlebot2, {"y": "17.99", "x": "-19.00", "yaw": "-1.37"}
329.00, [INFO], turtlebot2, {"y": "17.99", "x": "-19.00", "yaw": "-1.37"}
329.00, [INFO], turtlebot4, {"y": "33.98", "x": "-32.92", "yaw": "-3.06"}
329.00, [INFO], turtlebot4, {"y": "33.98", "x": "-32.92", "yaw": "-3.06"}
329.00, [INFO], turtlebot3, {"y": "17.94", "x": "-13.45", "yaw": "-1.14"}
329.00, [INFO], turtlebot3, {"y": "17.94", "x": "-13.45", "yaw": "-1.14"}
329.02, [INFO], turtlebot5, {"y": "16.43", "x": "-36.87", "yaw": "-0.10"}
329.02, [INFO], turtlebot5, {"y": "16.43", "x": "-36.87", "yaw": "-0.10"}
329.03, [INFO], turtlebot6, {"y": "18.79", "x": "-33.88", "yaw": "3.01"}
329.03, [INFO], turtlebot6, {"y": "18.79", "x": "-33.88", "yaw": "3.01"}
329.03, [INFO], turtlebot5, {"battery-level": "10.22%"}
329.03, [INFO], turtlebot5, {"battery-level": "10.22%"}
331.53, [DEBUG], turtlebot5, {"param_list": ["Laboratory", [[-37.0, 21.5, -1.5707963267948966, true], [-37.0, 16.0, 0.0, true], [-26.0, 16.0, -1.5707963267948966, true], [-26.0, 13.0, 1.57, false]]], "skill": "navigation", "skill-life-cycle": "RUNNING", "label": "navto_lab"}
340.10, [INFO], turtlebot1, {"y": "18.02", "x": "-27.21", "yaw": "-1.54"}
340.10, [INFO], turtlebot1, {"y": "18.02", "x": "-27.21", "yaw": "-1.54"}
340.12, [INFO], turtlebot2, {"y": "17.99", "x": "-19.00", "yaw": "-1.37"}
340.13, [INFO], turtlebot2, {"y": "17.99", "x": "-19.00", "yaw": "-1.37"}
340.15, [INFO], turtlebot4, {"y": "33.98", "x": "-32.93", "yaw": "-3.06"}
340.15, [INFO], turtlebot4, {"y": "33.98", "x": "-32.93", "yaw": "-3.06"}
340.17, [INFO], turtlebot3, {"y": "17.94", "x": "-13.44", "yaw": "-1.13"}
340.17, [INFO], turtlebot3, {"y": "17.94", "x": "-13.44", "yaw": "-1.13"}
340.18, [INFO], turtlebot5, {"y": "15.74", "x": "-35.98", "yaw": "-0.37"}
340.18, [INFO], turtlebot5, {"y": "15.74", "x": "-35.98", "yaw": "-0.37"}
340.20, [INFO], turtlebot6, {"y": "18.79", "x": "-33.88", "yaw": "3.01"}
340.20, [INFO], turtlebot6, {"y": "18.79", "x": "-33.88", "yaw": "3.01"}
340.20, [INFO], turtlebot5, {"battery-level": "9.62%"}
340.20, [INFO], turtlebot5, {"battery-level": "9.62%"}
351.13, [INFO], turtlebot1, {"y": "18.01", "x": "-27.21", "yaw": "-1.54"}
351.13, [INFO], turtlebot1, {"y": "18.01", "x": "-27.21", "yaw": "-1.54"}
351.17, [INFO], turtlebot2, {"y": "17.99", "x": "-19.00", "yaw": "-1.37"}
351.17, [INFO], turtlebot2, {"y": "17.99", "x": "-19.00", "yaw": "-1.37"}
351.20, [INFO], turtlebot4, {"y": "33.98", "x": "-32.93", "yaw": "-3.06"}
351.20, [INFO], turtlebot4, {"y": "33.98", "x": "-32.93", "yaw": "-3.06"}
351.20, [INFO], turtlebot3, {"y": "17.94", "x": "-13.44", "yaw": "-1.13"}
351.20, [INFO], turtlebot3, {"y": "17.94", "x": "-13.44", "yaw": "-1.13"}
351.20, [INFO], turtlebot5, {"y": "15.70", "x": "-34.19", "yaw": "-0.01"}
351.20, [INFO], turtlebot5, {"y": "15.70", "x": "-34.19", "yaw": "-0.01"}
351.22, [INFO], turtlebot6, {"y": "18.79", "x": "-33.88", "yaw": "3.01"}
351.22, [INFO], turtlebot6, {"y": "18.79", "x": "-33.88", "yaw": "3.01"}
351.22, [INFO], turtlebot5, {"battery-level": "9.02%"}
351.22, [INFO], turtlebot5, {"battery-level": "9.02%"}
362.17, [INFO], turtlebot1, {"y": "18.00", "x": "-27.21", "yaw": "-1.54"}
362.17, [INFO], turtlebot1, {"y": "18.00", "x": "-27.21", "yaw": "-1.54"}
362.20, [INFO], turtlebot2, {"y": "17.99", "x": "-19.00", "yaw": "-1.37"}
362.20, [INFO], turtlebot2, {"y": "17.99", "x": "-19.00", "yaw": "-1.37"}
362.22, [INFO], turtlebot4, {"y": "33.98", "x": "-32.93", "yaw": "-3.06"}
362.22, [INFO], turtlebot4, {"y": "33.98", "x": "-32.93", "yaw": "-3.06"}
362.22, [INFO], turtlebot3, {"y": "17.94", "x": "-13.44", "yaw": "-1.12"}
362.22, [INFO], turtlebot3, {"y": "17.94", "x": "-13.44", "yaw": "-1.12"}
362.23, [INFO], turtlebot5, {"y": "16.07", "x": "-32.07", "yaw": "0.35"}
362.23, [INFO], turtlebot5, {"y": "16.07", "x": "-32.07", "yaw": "0.35"}
362.25, [INFO], turtlebot6, {"y": "18.79", "x": "-33.88", "yaw": "3.01"}
362.25, [INFO], turtlebot6, {"y": "18.79", "x": "-33.88", "yaw": "3.01"}
362.27, [INFO], turtlebot5, {"battery-level": "8.42%"}
362.27, [INFO], turtlebot5, {"battery-level": "8.42%"}
373.10, [INFO], turtlebot1, {"y": "17.99", "x": "-27.21", "yaw": "-1.54"}
373.10, [INFO], turtlebot1, {"y": "17.99", "x": "-27.21", "yaw": "-1.54"}
373.13, [INFO], turtlebot2, {"y": "17.99", "x": "-19.00", "yaw": "-1.37"}
373.13, [INFO], turtlebot2, {"y": "17.99", "x": "-19.00", "yaw": "-1.37"}
373.17, [INFO], turtlebot4, {"y": "33.98", "x": "-32.93", "yaw": "-3.06"}
373.17, [INFO], turtlebot4, {"y": "33.98", "x": "-32.93", "yaw": "-3.06"}
373.17, [INFO], turtlebot3, {"y": "17.93", "x": "-13.44", "yaw": "-1.11"}
373.17, [INFO], turtlebot3, {"y": "17.93", "x": "-13.44", "yaw": "-1.11"}
373.18, [INFO], turtlebot5, {"y": "16.03", "x": "-30.29", "yaw": "0.06"}
373.18, [INFO], turtlebot5, {"y": "16.03", "x": "-30.29", "yaw": "0.06"}
373.20, [INFO], turtlebot6, {"y": "18.79", "x": "-33.88", "yaw": "3.01"}
373.20, [INFO], turtlebot6, {"y": "18.79", "x": "-33.88", "yaw": "3.01"}
373.20, [INFO], turtlebot5, {"battery-level": "7.82%"}
373.20, [INFO], turtlebot5, {"battery-level": "7.82%"}
376.27, [DEBUG], turtlebot5, {"param_list": ["Laboratory", [[-37.0, 21.5, -1.5707963267948966, true], [-37.0, 16.0, 0.0, true], [-26.0, 16.0, -1.5707963267948966, true], [-26.0, 13.0, 1.57, false]]], "skill": "navigation", "skill-life-cycle": "RUNNING", "label": "navto_lab"}
384.10, [INFO], turtlebot1, {"y": "17.98", "x": "-27.21", "yaw": "-1.54"}
384.10, [INFO], turtlebot1, {"y": "17.98", "x": "-27.21", "yaw": "-1.54"}
384.12, [INFO], turtlebot2, {"y": "17.99", "x": "-19.00", "yaw": "-1.37"}
384.12, [INFO], turtlebot2, {"y": "17.99", "x": "-19.00", "yaw": "-1.37"}
384.15, [INFO], turtlebot4, {"y": "33.98", "x": "-32.93", "yaw": "-3.06"}
384.15, [INFO], turtlebot4, {"y": "33.98", "x": "-32.93", "yaw": "-3.06"}
384.17, [INFO], turtlebot3, {"y": "17.93", "x": "-13.44", "yaw": "-1.11"}
384.17, [INFO], turtlebot3, {"y": "17.93", "x": "-13.44", "yaw": "-1.11"}
384.18, [INFO], turtlebot5, {"y": "16.10", "x": "-28.40", "yaw": "0.11"}
384.18, [INFO], turtlebot5, {"y": "16.10", "x": "-28.40", "yaw": "0.11"}
384.20, [INFO], turtlebot6, {"y": "18.79", "x": "-33.88", "yaw": "3.01"}
384.20, [INFO], turtlebot6, {"y": "18.79", "x": "-33.88", "yaw": "3.01"}
384.20, [INFO], turtlebot5, {"battery-level": "7.22%"}
384.20, [INFO], turtlebot5, {"battery-level": "7.22%"}
395.13, [INFO], turtlebot1, {"y": "17.97", "x": "-27.21", "yaw": "-1.54"}
395.13, [INFO], turtlebot1, {"y": "17.97", "x": "-27.21", "yaw": "-1.54"}
395.17, [INFO], turtlebot2, {"y": "17.99", "x": "-19.00", "yaw": "-1.37"}
395.17, [INFO], turtlebot2, {"y": "17.99", "x": "-19.00", "yaw": "-1.37"}
395.18, [INFO], turtlebot4, {"y": "33.98", "x": "-32.93", "yaw": "-3.06"}
395.18, [INFO], turtlebot4, {"y": "33.98", "x": "-32.93", "yaw": "-3.06"}
395.18, [INFO], turtlebot3, {"y": "17.93", "x": "-13.43", "yaw": "-1.10"}
395.18, [INFO], turtlebot3, {"y": "17.93", "x": "-13.43", "yaw": "-1.10"}
395.20, [INFO], turtlebot5, {"y": "16.21", "x": "-26.54", "yaw": "0.26"}
395.20, [INFO], turtlebot5, {"y": "16.21", "x": "-26.54", "yaw": "0.26"}
395.22, [INFO], turtlebot6, {"y": "18.79", "x": "-33.88", "yaw": "3.01"}
395.22, [INFO], turtlebot6, {"y": "18.79", "x": "-33.88", "yaw": "3.01"}
395.23, [INFO], turtlebot5, {"battery-level": "6.62%"}
395.23, [INFO], turtlebot5, {"battery-level": "6.62%"}
400.98, [DEBUG], None, [debug],turtlebot5,move-base-info,Hooray, the base moved arrived,(x=-26;y=16)
400.98, [DEBUG], None, [debug],turtlebot5,move-base-info,Hooray, the base moved arrived,(x=-26;y=16)
401.10, [DEBUG], turtlebot5, {"status": "way-point-reached", "skill": "navigation", "percentage": "75.00%", "goingto": "Laboratory"}
406.82, [INFO], turtlebot1, {"y": "17.96", "x": "-27.21", "yaw": "-1.54"}
406.82, [INFO], turtlebot1, {"y": "17.96", "x": "-27.21", "yaw": "-1.54"}
406.83, [INFO], turtlebot2, {"y": "17.98", "x": "-19.00", "yaw": "-1.37"}
406.83, [INFO], turtlebot2, {"y": "17.98", "x": "-19.00", "yaw": "-1.37"}
406.85, [INFO], turtlebot4, {"y": "33.98", "x": "-32.93", "yaw": "-3.06"}
406.85, [INFO], turtlebot4, {"y": "33.98", "x": "-32.93", "yaw": "-3.06"}
406.87, [INFO], turtlebot3, {"y": "17.93", "x": "-13.43", "yaw": "-1.10"}
406.87, [INFO], turtlebot3, {"y": "17.93", "x": "-13.43", "yaw": "-1.10"}
406.87, [INFO], turtlebot5, {"y": "16.14", "x": "-26.37", "yaw": "-1.29"}
406.87, [INFO], turtlebot5, {"y": "16.14", "x": "-26.37", "yaw": "-1.29"}
406.90, [INFO], turtlebot6, {"y": "18.79", "x": "-33.88", "yaw": "3.01"}
406.90, [INFO], turtlebot6, {"y": "18.79", "x": "-33.88", "yaw": "3.01"}
406.90, [INFO], turtlebot5, {"battery-level": "6.02%"}
406.90, [INFO], turtlebot5, {"battery-level": "6.02%"}
417.57, [INFO], turtlebot1, {"y": "17.95", "x": "-27.20", "yaw": "-1.54"}
417.60, [INFO], turtlebot2, {"y": "17.98", "x": "-19.00", "yaw": "-1.37"}
417.60, [INFO], turtlebot4, {"y": "33.98", "x": "-32.93", "yaw": "-3.06"}
417.60, [INFO], turtlebot3, {"y": "17.93", "x": "-13.43", "yaw": "-1.10"}
417.62, [INFO], turtlebot5, {"y": "15.29", "x": "-25.98", "yaw": "-1.24"}
417.63, [INFO], turtlebot6, {"y": "18.79", "x": "-33.88", "yaw": "3.01"}
417.63, [INFO], turtlebot5, {"battery-level": "5.42%"}
417.68, [INFO], turtlebot1, {"y": "17.95", "x": "-27.20", "yaw": "-1.54"}
417.68, [INFO], turtlebot2, {"y": "17.98", "x": "-19.00", "yaw": "-1.37"}
417.70, [INFO], turtlebot4, {"y": "33.98", "x": "-32.93", "yaw": "-3.06"}
417.70, [INFO], turtlebot3, {"y": "17.93", "x": "-13.43", "yaw": "-1.10"}
417.70, [INFO], turtlebot5, {"y": "15.29", "x": "-25.98", "yaw": "-1.24"}
417.70, [INFO], turtlebot6, {"y": "18.79", "x": "-33.88", "yaw": "3.01"}
417.70, [INFO], turtlebot5, {"battery-level": "5.42%"}
421.83, [DEBUG], turtlebot5, {"param_list": ["Laboratory", [[-37.0, 21.5, -1.5707963267948966, true], [-37.0, 16.0, 0.0, true], [-26.0, 16.0, -1.5707963267948966, true], [-26.0, 13.0, 1.57, false]]], "skill": "navigation", "skill-life-cycle": "RUNNING", "label": "navto_lab"}
425.75, [DEBUG], None, ENDLOWBATT
425.75, [DEBUG], None, ENDLOWBATT
425.75, [DEBUG], None, end!
