0.00, [DEBUG], logger, ROBOTS_CONFIG=[{"avg_speed": 0.15, "battery_charge": 0.23995139509475963, "battery_discharge_rate": 0.0006600000000000001, "id": 1, "local_plan": null, "location": "PC Room 8", "name": "r1", "position": [-11.5, 18.0, -1.57], "skills": ["approach_person", "approach_robot", "navigation", "operate_drawer"]}, {"avg_speed": 0.15, "battery_charge": 0.634952869577942, "battery_discharge_rate": 0.00026000000000000003, "id": 2, "local_plan": null, "location": "PC Room 6", "name": "r2", "position": [-19.0, 18.0, -1.57], "skills": ["approach_person", "approach_robot", "authenticate_person", "navigation", "operate_drawer"]}, {"avg_speed": 0.15, "battery_charge": 0.08039941318304296, "battery_discharge_rate": 0.00064, "id": 3, "local_plan": [["navigation", ["IC Room 6", [[-38.0, 21.5, 0.0], [-37.0, 21.5], [-37.0, 18.93], [-33.9, 18.93, 3.14]]], "navto_room"], ["approach_person", ["nurse"], "approach_nurse"], ["authenticate_person", ["nurse"], "authenticate_nurse"], ["operate_drawer", ["open"], "open_drawer_for_nurse"], ["send_message", ["nurse"], "notify_nurse_of_open_drawer_for_nurse_completed"], ["wait_message", ["nurse"], "wait_nurse_to_complete_deposit"], ["operate_drawer", ["close"], "close_drawer_nurse"], ["navigation", ["Laboratory", [[-33.9, 18.93, 3.14], [-37.0, 18.93], [-37.0, 16.0], [-26.0, 16.0], [-26.0, 13.0, 1.57]]], "navto_lab"], ["approach_robot", ["lab_arm"], "approach_arm"], ["operate_drawer", ["open"], "open_drawer_lab"], ["send_message", ["lab_arm"], "notify_lab_arm_of_open_drawer_lab_completed"], ["wait_message", ["lab_arm"], "wait_lab_arm_to_complete_pick_up_sample"], ["operate_drawer", ["close"], "close_drawer_lab"]], "location": "IC Room 2", "name": "r3", "position": [-38.0, 21.5, 0.0], "skills": ["approach_person", "approach_robot", "navigation", "operate_drawer"]}, {"avg_speed": 0.15, "battery_charge": 0.17496190705907763, "battery_discharge_rate": 0.0005600000000000001, "id": 4, "local_plan": null, "location": "IC Room 4", "name": "r4", "position": [-39.44, 33.95, 0.0], "skills": ["approach_person", "approach_robot", "authenticate_person", "navigation", "operate_drawer"]}, {"avg_speed": 0.15, "battery_charge": 0.7179616530181877, "battery_discharge_rate": 0.00076, "id": 5, "local_plan": null, "location": "PC Room 7", "name": "r5", "position": [-13.5, 18.0, -1.57], "skills": ["approach_person", "authenticate_person", "navigation", "operate_drawer"]}, {"avg_speed": 0.15, "battery_charge": 0.5408465660492595, "battery_discharge_rate": 0.00038, "id": 6, "local_plan": null, "location": "IC Room 5", "name": "r6", "position": [-32.88, 33.98, 3.14], "skills": ["approach_person", "approach_robot", "navigation", "operate_drawer"]}]
0.00, [DEBUG], logger, NURSES_CONFIG=[{"location": "IC Room 6", "position": [-32.9, 19.93, 3.14]}]
0.00, [DEBUG], logger, Simulation open
0.00, [DEBUG], logger, subcribing to in the topic /log
1.60, [DEBUG], None, [debug],turtlebot3,move-base-info,Move_base is up and ok....,
1.63, [DEBUG], None, [debug],turtlebot2,move-base-info,Move_base is up and ok....,
1.82, [DEBUG], None, [debug],turtlebot4,move-base-info,Move_base is up and ok....,
2.90, [DEBUG], None, [debug],turtlebot1,move-base-info,Move_base is up and ok....,
2.92, [DEBUG], None, [debug],turtlebot5,move-base-info,Move_base is up and ok....,
3.10, [DEBUG], None, [debug],turtlebot6,move-base-info,Move_base is up and ok....,
11.05, [DEBUG], turtlebot4, {"param_list": [], "skill": "init_robobt", "skill-life-cycle": "RUNNING", "label": "init_robobt"}
11.05, [DEBUG], turtlebot1, {"param_list": [], "skill": "init_robobt", "skill-life-cycle": "RUNNING", "label": "init_robobt"}
11.07, [DEBUG], turtlebot2, {"param_list": [], "skill": "init_robobt", "skill-life-cycle": "RUNNING", "label": "init_robobt"}
11.25, [DEBUG], turtlebot5, {"param_list": [], "skill": "init_robobt", "skill-life-cycle": "RUNNING", "label": "init_robobt"}
11.40, [DEBUG], turtlebot3, {"param_list": [], "skill": "init_robobt", "skill-life-cycle": "RUNNING", "label": "init_robobt"}
13.10, [DEBUG], turtlebot6, {"param_list": [], "skill": "init_robobt", "skill-life-cycle": "SUCCESS", "label": "init_robobt"}
14.30, [DEBUG], turtlebot2, {"param_list": [], "skill": "init_robobt", "skill-life-cycle": "SUCCESS", "label": "init_robobt"}
14.37, [DEBUG], turtlebot4, {"param_list": [], "skill": "init_robobt", "skill-life-cycle": "SUCCESS", "label": "init_robobt"}
14.48, [DEBUG], turtlebot1, {"param_list": [], "skill": "init_robobt", "skill-life-cycle": "SUCCESS", "label": "init_robobt"}
14.90, [DEBUG], turtlebot5, {"param_list": [], "skill": "init_robobt", "skill-life-cycle": "SUCCESS", "label": "init_robobt"}
14.98, [DEBUG], turtlebot3, {"param_list": [], "skill": "init_robobt", "skill-life-cycle": "SUCCESS", "label": "init_robobt"}
15.00, [DEBUG], turtlebot3, "available-skills=['send_message', 'wait_message', 'approach_person', 'approach_robot', 'navigation', 'operate_drawer']"
15.00, [DEBUG], turtlebot3, {"param_list": ["IC Room 6", [[-37.0, 21.5, -1.5707963267948966, true], [-37.0, 18.93, 0.0, true], [-33.9, 18.93, 3.14, false]]], "skill": "navigation", "skill-life-cycle": "STARTED", "label": "navto_room"}
23.17, [INFO], turtlebot2, {"y": "17.99", "x": "-19.02", "yaw": "-1.38"}
23.17, [INFO], turtlebot2, {"y": "17.99", "x": "-19.02", "yaw": "-1.38"}
23.17, [INFO], turtlebot1, {"y": "17.82", "x": "-11.46", "yaw": "-1.25"}
23.17, [INFO], turtlebot1, {"y": "17.82", "x": "-11.46", "yaw": "-1.25"}
23.20, [INFO], turtlebot3, {"y": "21.51", "x": "-37.66", "yaw": "0.07"}
23.20, [INFO], turtlebot3, {"y": "21.51", "x": "-37.66", "yaw": "0.07"}
23.22, [INFO], turtlebot3, {"battery-level": "7.26%"}
23.22, [INFO], turtlebot3, {"battery-level": "7.26%"}
23.22, [INFO], turtlebot4, {"y": "33.84", "x": "-39.51", "yaw": "0.46"}
23.22, [INFO], turtlebot4, {"y": "33.84", "x": "-39.51", "yaw": "0.46"}
23.25, [INFO], turtlebot5, {"y": "18.00", "x": "-13.50", "yaw": "-1.50"}
23.25, [INFO], turtlebot5, {"y": "18.00", "x": "-13.50", "yaw": "-1.50"}
23.27, [INFO], turtlebot6, {"y": "33.97", "x": "-32.89", "yaw": "-3.10"}
23.27, [INFO], turtlebot6, {"y": "33.97", "x": "-32.89", "yaw": "-3.10"}
29.60, [DEBUG], None, [debug],turtlebot3,move-base-info,Hooray, the base moved arrived,(x=-37;y=21.5)
29.62, [DEBUG], None, [debug],turtlebot3,move-base-info,Hooray, the base moved arrived,(x=-37;y=21.5)
29.65, [DEBUG], turtlebot3, {"status": "way-point-reached", "skill": "navigation", "percentage": "33.33%", "goingto": "IC Room 6"}
38.17, [INFO], turtlebot2, {"y": "17.99", "x": "-19.01", "yaw": "-1.38"}
38.17, [INFO], turtlebot2, {"y": "17.99", "x": "-19.01", "yaw": "-1.38"}
38.17, [INFO], turtlebot1, {"y": "17.82", "x": "-11.46", "yaw": "-1.25"}
38.17, [INFO], turtlebot1, {"y": "17.82", "x": "-11.46", "yaw": "-1.25"}
38.20, [INFO], turtlebot3, {"y": "21.04", "x": "-37.25", "yaw": "-0.95"}
38.20, [INFO], turtlebot3, {"y": "21.04", "x": "-37.25", "yaw": "-0.95"}
38.22, [INFO], turtlebot4, {"y": "33.84", "x": "-39.51", "yaw": "0.46"}
38.22, [INFO], turtlebot4, {"y": "33.84", "x": "-39.51", "yaw": "0.46"}
38.23, [INFO], turtlebot3, {"battery-level": "6.30%"}
38.23, [INFO], turtlebot3, {"battery-level": "6.30%"}
38.25, [INFO], turtlebot5, {"y": "18.00", "x": "-13.49", "yaw": "-1.49"}
38.25, [INFO], turtlebot5, {"y": "18.00", "x": "-13.49", "yaw": "-1.49"}
38.27, [INFO], turtlebot6, {"y": "33.97", "x": "-32.89", "yaw": "-3.10"}
38.27, [INFO], turtlebot6, {"y": "33.97", "x": "-32.89", "yaw": "-3.10"}
53.17, [INFO], turtlebot1, {"y": "17.82", "x": "-11.46", "yaw": "-1.25"}
53.17, [INFO], turtlebot1, {"y": "17.82", "x": "-11.46", "yaw": "-1.25"}
53.17, [INFO], turtlebot2, {"y": "17.99", "x": "-19.01", "yaw": "-1.38"}
53.17, [INFO], turtlebot2, {"y": "17.99", "x": "-19.01", "yaw": "-1.38"}
53.20, [INFO], turtlebot3, {"y": "19.32", "x": "-37.30", "yaw": "-0.85"}
53.20, [INFO], turtlebot3, {"y": "19.32", "x": "-37.30", "yaw": "-0.85"}
53.22, [INFO], turtlebot4, {"y": "33.84", "x": "-39.51", "yaw": "0.46"}
53.22, [INFO], turtlebot4, {"y": "33.84", "x": "-39.51", "yaw": "0.46"}
53.22, [INFO], turtlebot3, {"battery-level": "5.40%"}
53.23, [INFO], turtlebot3, {"battery-level": "5.40%"}
53.25, [INFO], turtlebot5, {"y": "18.00", "x": "-13.49", "yaw": "-1.48"}
53.25, [INFO], turtlebot5, {"y": "18.00", "x": "-13.49", "yaw": "-1.48"}
53.27, [INFO], turtlebot6, {"y": "33.97", "x": "-32.89", "yaw": "-3.10"}
53.27, [INFO], turtlebot6, {"y": "33.97", "x": "-32.89", "yaw": "-3.10"}
53.63, [DEBUG], turtlebot3, {"param_list": ["IC Room 6", [[-37.0, 21.5, -1.5707963267948966, true], [-37.0, 18.93, 0.0, true], [-33.9, 18.93, 3.14, false]]], "skill": "navigation", "skill-life-cycle": "RUNNING", "label": "navto_room"}
55.85, [DEBUG], None, [debug],turtlebot3,move-base-info,Hooray, the base moved arrived,(x=-37;y=18.93)
55.85, [DEBUG], None, [debug],turtlebot3,move-base-info,Hooray, the base moved arrived,(x=-37;y=18.93)
55.93, [DEBUG], turtlebot3, {"status": "way-point-reached", "skill": "navigation", "percentage": "66.67%", "goingto": "IC Room 6"}
60.22, [DEBUG], None, ENDLOWBATT
60.22, [DEBUG], None, ENDLOWBATT
60.22, [DEBUG], None, end!
