0.00, [DEBUG], logger, ROBOTS_CONFIG=[{"avg_speed": 0.15, "battery_charge": 0.3020349930380309, "battery_discharge_rate": 0.0006600000000000001, "id": 1, "local_plan": [["navigation", ["IC Room 6", [[-11.5, 18.0, -1.57], [-11.5, 16.0], [-37.0, 16.0], [-37.0, 18.93], [-33.9, 18.93, 3.14]]], "navto_room"], ["approach_person", ["nurse"], "approach_nurse"], ["authenticate_person", ["nurse"], "authenticate_nurse"], ["operate_drawer", ["open"], "open_drawer_for_nurse"], ["send_message", ["nurse"], "notify_nurse_of_open_drawer_for_nurse_completed"], ["wait_message", ["nurse"], "wait_nurse_to_complete_deposit"], ["operate_drawer", ["close"], "close_drawer_nurse"], ["navigation", ["Laboratory", [[-33.9, 18.93, 3.14], [-37.0, 18.93], [-37.0, 16.0], [-26.0, 16.0], [-26.0, 13.0, 1.57]]], "navto_lab"], ["approach_robot", ["lab_arm"], "approach_arm"], ["operate_drawer", ["open"], "open_drawer_lab"], ["send_message", ["lab_arm"], "notify_lab_arm_of_open_drawer_lab_completed"], ["wait_message", ["lab_arm"], "wait_lab_arm_to_complete_pick_up_sample"], ["operate_drawer", ["close"], "close_drawer_lab"]], "location": "PC Room 8", "name": "r1", "position": [-11.5, 18.0, -1.57], "skills": ["approach_person", "approach_robot", "authenticate_person", "navigation", "operate_drawer"]}, {"avg_speed": 0.15, "battery_charge": 0.5779176354739738, "battery_discharge_rate": 0.00026000000000000003, "id": 2, "local_plan": null, "location": "PC Room 6", "name": "r2", "position": [-19.0, 18.0, -1.57], "skills": ["approach_person", "approach_robot", "authenticate_person", "navigation", "operate_drawer"]}, {"avg_speed": 0.15, "battery_charge": 0.7232396784987936, "battery_discharge_rate": 0.00064, "id": 3, "local_plan": null, "location": "IC Room 2", "name": "r3", "position": [-38.0, 21.5, 0.0], "skills": ["approach_person", "approach_robot", "authenticate_person", "navigation", "operate_drawer"]}, {"avg_speed": 0.15, "battery_charge": 0.4863040833267539, "battery_discharge_rate": 0.0005600000000000001, "id": 4, "local_plan": null, "location": "IC Room 4", "name": "r4", "position": [-39.44, 33.95, 0.0], "skills": ["approach_person", "approach_robot", "authenticate_person", "navigation", "operate_drawer"]}, {"avg_speed": 0.15, "battery_charge": 0.7258412726774711, "battery_discharge_rate": 0.00076, "id": 5, "local_plan": null, "location": "PC Room 7", "name": "r5", "position": [-13.5, 18.0, -1.57], "skills": ["approach_person", "approach_robot", "authenticate_person", "navigation", "operate_drawer"]}, {"avg_speed": 0.15, "battery_charge": 0.9109794326728246, "battery_discharge_rate": 0.00038, "id": 6, "local_plan": null, "location": "IC Room 5", "name": "r6", "position": [-32.88, 33.98, 3.14], "skills": ["approach_person", "approach_robot", "authenticate_person", "navigation", "operate_drawer"]}]
0.00, [DEBUG], logger, NURSES_CONFIG=[{"location": "IC Room 6", "position": [-32.9, 19.93, 3.14]}]
0.00, [DEBUG], logger, Simulation open
0.00, [DEBUG], logger, subcribing to in the topic /log
1.97, [DEBUG], None, [debug],turtlebot6,move-base-info,Move_base is up and ok....,
1.98, [DEBUG], None, [debug],turtlebot2,move-base-info,Move_base is up and ok....,
2.05, [DEBUG], None, [debug],turtlebot4,move-base-info,Move_base is up and ok....,
2.08, [DEBUG], None, [debug],turtlebot3,move-base-info,Move_base is up and ok....,
2.08, [DEBUG], None, [debug],turtlebot5,move-base-info,Move_base is up and ok....,
2.13, [DEBUG], None, [debug],turtlebot1,move-base-info,Move_base is up and ok....,
21.87, [INFO], turtlebot2, {"y": "17.99", "x": "-19.02", "yaw": "-1.38"}
21.87, [INFO], turtlebot1, {"battery-level": "29.22%"}
21.87, [INFO], turtlebot1, {"y": "17.48", "x": "-11.61", "yaw": "-2.14"}
21.88, [INFO], turtlebot3, {"y": "21.48", "x": "-38.00", "yaw": "0.01"}
21.88, [INFO], turtlebot6, {"y": "33.97", "x": "-32.89", "yaw": "-3.10"}
21.88, [INFO], turtlebot5, {"y": "18.00", "x": "-13.50", "yaw": "-1.50"}
21.88, [INFO], turtlebot4, {"y": "33.84", "x": "-39.51", "yaw": "0.46"}
36.87, [INFO], turtlebot1, {"y": "16.42", "x": "-11.73", "yaw": "-1.77"}
36.87, [INFO], turtlebot1, {"battery-level": "28.24%"}
36.87, [INFO], turtlebot2, {"y": "17.99", "x": "-19.01", "yaw": "-1.38"}
36.88, [INFO], turtlebot3, {"y": "21.48", "x": "-38.00", "yaw": "0.01"}
36.88, [INFO], turtlebot6, {"y": "33.97", "x": "-32.89", "yaw": "-3.10"}
36.88, [INFO], turtlebot4, {"y": "33.84", "x": "-39.51", "yaw": "0.46"}
36.88, [INFO], turtlebot5, {"y": "18.00", "x": "-13.49", "yaw": "-1.49"}
40.85, [DEBUG], None, [debug],turtlebot1,move-base-info,Hooray, the base moved arrived,(x=-11.5;y=16)
51.87, [INFO], turtlebot2, {"y": "17.99", "x": "-19.01", "yaw": "-1.38"}
51.87, [INFO], turtlebot1, {"battery-level": "27.12%"}
51.87, [INFO], turtlebot1, {"y": "16.29", "x": "-12.77", "yaw": "-3.02"}
51.88, [INFO], turtlebot3, {"y": "21.48", "x": "-38.00", "yaw": "0.01"}
51.88, [INFO], turtlebot4, {"y": "33.84", "x": "-39.51", "yaw": "0.46"}
51.88, [INFO], turtlebot6, {"y": "33.97", "x": "-32.89", "yaw": "-3.10"}
51.88, [INFO], turtlebot5, {"y": "18.00", "x": "-13.49", "yaw": "-1.48"}
66.87, [INFO], turtlebot1, {"y": "15.91", "x": "-14.83", "yaw": "-2.72"}
66.87, [INFO], turtlebot2, {"y": "17.99", "x": "-19.01", "yaw": "-1.38"}
66.87, [INFO], turtlebot1, {"battery-level": "26.07%"}
66.88, [INFO], turtlebot6, {"y": "33.97", "x": "-32.89", "yaw": "-3.10"}
66.88, [INFO], turtlebot3, {"y": "21.48", "x": "-38.00", "yaw": "0.01"}
66.88, [INFO], turtlebot4, {"y": "33.84", "x": "-39.51", "yaw": "0.46"}
66.88, [INFO], turtlebot5, {"y": "18.00", "x": "-13.49", "yaw": "-1.47"}
81.87, [INFO], turtlebot2, {"y": "17.99", "x": "-19.01", "yaw": "-1.38"}
81.87, [INFO], turtlebot1, {"battery-level": "25.02%"}
81.87, [INFO], turtlebot1, {"y": "15.83", "x": "-17.23", "yaw": "-3.12"}
81.88, [INFO], turtlebot5, {"y": "18.00", "x": "-13.49", "yaw": "-1.45"}
81.88, [INFO], turtlebot4, {"y": "33.84", "x": "-39.51", "yaw": "0.46"}
81.88, [INFO], turtlebot3, {"y": "21.48", "x": "-38.00", "yaw": "0.01"}
81.88, [INFO], turtlebot6, {"y": "33.97", "x": "-32.90", "yaw": "-3.10"}
96.87, [INFO], turtlebot2, {"y": "17.99", "x": "-19.01", "yaw": "-1.38"}
96.87, [INFO], turtlebot1, {"battery-level": "23.97%"}
96.87, [INFO], turtlebot1, {"y": "15.82", "x": "-19.72", "yaw": "3.14"}
96.88, [INFO], turtlebot3, {"y": "21.48", "x": "-38.00", "yaw": "0.01"}
96.88, [INFO], turtlebot4, {"y": "33.84", "x": "-39.51", "yaw": "0.46"}
96.88, [INFO], turtlebot6, {"y": "33.97", "x": "-32.90", "yaw": "-3.10"}
96.88, [INFO], turtlebot5, {"y": "17.99", "x": "-13.49", "yaw": "-1.44"}
111.87, [INFO], turtlebot1, {"y": "15.82", "x": "-22.22", "yaw": "-3.14"}
111.87, [INFO], turtlebot2, {"y": "17.99", "x": "-19.01", "yaw": "-1.38"}
111.87, [INFO], turtlebot1, {"battery-level": "22.92%"}
111.88, [INFO], turtlebot5, {"y": "17.99", "x": "-13.49", "yaw": "-1.42"}
111.88, [INFO], turtlebot4, {"y": "33.84", "x": "-39.51", "yaw": "0.46"}
111.88, [INFO], turtlebot6, {"y": "33.97", "x": "-32.90", "yaw": "-3.09"}
111.88, [INFO], turtlebot3, {"y": "21.48", "x": "-38.00", "yaw": "0.01"}
126.87, [INFO], turtlebot1, {"y": "15.82", "x": "-24.71", "yaw": "3.14"}
126.87, [INFO], turtlebot1, {"battery-level": "21.87%"}
126.87, [INFO], turtlebot2, {"y": "17.99", "x": "-19.01", "yaw": "-1.38"}
126.88, [INFO], turtlebot5, {"y": "17.99", "x": "-13.49", "yaw": "-1.40"}
126.88, [INFO], turtlebot4, {"y": "33.84", "x": "-39.51", "yaw": "0.46"}
126.88, [INFO], turtlebot3, {"y": "21.48", "x": "-38.00", "yaw": "0.01"}
126.88, [INFO], turtlebot6, {"y": "33.97", "x": "-32.90", "yaw": "-3.09"}
141.87, [INFO], turtlebot1, {"y": "15.81", "x": "-27.21", "yaw": "-3.14"}
141.87, [INFO], turtlebot1, {"battery-level": "20.82%"}
141.87, [INFO], turtlebot2, {"y": "17.99", "x": "-19.01", "yaw": "-1.38"}
141.88, [INFO], turtlebot6, {"y": "33.97", "x": "-32.90", "yaw": "-3.09"}
141.88, [INFO], turtlebot4, {"y": "33.84", "x": "-39.51", "yaw": "0.46"}
141.88, [INFO], turtlebot5, {"y": "17.98", "x": "-13.49", "yaw": "-1.38"}
141.88, [INFO], turtlebot3, {"y": "21.48", "x": "-38.00", "yaw": "0.01"}
156.87, [INFO], turtlebot1, {"y": "15.82", "x": "-29.71", "yaw": "3.13"}
156.87, [INFO], turtlebot2, {"y": "17.99", "x": "-19.01", "yaw": "-1.38"}
156.87, [INFO], turtlebot1, {"battery-level": "19.77%"}
156.88, [INFO], turtlebot6, {"y": "33.97", "x": "-32.90", "yaw": "-3.09"}
156.88, [INFO], turtlebot4, {"y": "33.84", "x": "-39.50", "yaw": "0.46"}
156.88, [INFO], turtlebot3, {"y": "21.48", "x": "-38.00", "yaw": "0.01"}
156.88, [INFO], turtlebot5, {"y": "17.98", "x": "-13.48", "yaw": "-1.36"}
171.87, [INFO], turtlebot1, {"battery-level": "18.72%"}
171.87, [INFO], turtlebot1, {"y": "15.83", "x": "-32.22", "yaw": "-3.14"}
171.87, [INFO], turtlebot2, {"y": "17.99", "x": "-19.01", "yaw": "-1.38"}
171.88, [INFO], turtlebot6, {"y": "33.97", "x": "-32.90", "yaw": "-3.09"}
171.88, [INFO], turtlebot4, {"y": "33.84", "x": "-39.50", "yaw": "0.46"}
171.88, [INFO], turtlebot5, {"y": "17.97", "x": "-13.48", "yaw": "-1.34"}
171.88, [INFO], turtlebot3, {"y": "21.48", "x": "-38.00", "yaw": "0.01"}
186.87, [INFO], turtlebot1, {"battery-level": "17.67%"}
186.87, [INFO], turtlebot1, {"y": "15.85", "x": "-34.73", "yaw": "2.92"}
186.87, [INFO], turtlebot2, {"y": "17.99", "x": "-19.01", "yaw": "-1.38"}
186.88, [INFO], turtlebot4, {"y": "33.84", "x": "-39.50", "yaw": "0.46"}
186.88, [INFO], turtlebot6, {"y": "33.97", "x": "-32.90", "yaw": "-3.09"}
186.88, [INFO], turtlebot3, {"y": "21.48", "x": "-38.00", "yaw": "0.01"}
186.88, [INFO], turtlebot5, {"y": "17.97", "x": "-13.48", "yaw": "-1.32"}
201.87, [INFO], turtlebot1, {"battery-level": "16.69%"}
201.87, [INFO], turtlebot1, {"y": "16.37", "x": "-36.80", "yaw": "1.62"}
201.87, [INFO], turtlebot2, {"y": "17.99", "x": "-19.01", "yaw": "-1.38"}
201.88, [DEBUG], None, [debug],turtlebot1,move-base-info,Hooray, the base moved arrived,(x=-37;y=16)
201.88, [INFO], turtlebot6, {"y": "33.97", "x": "-32.90", "yaw": "-3.09"}
201.88, [INFO], turtlebot4, {"y": "33.84", "x": "-39.50", "yaw": "0.46"}
201.88, [INFO], turtlebot3, {"y": "21.48", "x": "-38.02", "yaw": "0.03"}
201.88, [INFO], turtlebot5, {"y": "17.97", "x": "-13.47", "yaw": "-1.30"}
215.38, [DEBUG], None, [debug],turtlebot1,move-base-info,Hooray, the base moved arrived,(x=-37;y=18.93)
216.87, [INFO], turtlebot1, {"battery-level": "15.64%"}
216.87, [INFO], turtlebot1, {"y": "18.50", "x": "-36.95", "yaw": "0.05"}
216.87, [INFO], turtlebot2, {"y": "17.99", "x": "-19.01", "yaw": "-1.38"}
216.88, [INFO], turtlebot5, {"y": "17.96", "x": "-13.47", "yaw": "-1.28"}
216.88, [INFO], turtlebot3, {"y": "21.48", "x": "-38.02", "yaw": "0.03"}
216.88, [INFO], turtlebot4, {"y": "33.84", "x": "-39.50", "yaw": "0.46"}
216.88, [INFO], turtlebot6, {"y": "33.97", "x": "-32.91", "yaw": "-3.08"}
231.87, [INFO], turtlebot1, {"y": "18.07", "x": "-35.81", "yaw": "-0.19"}
231.87, [INFO], turtlebot2, {"y": "17.99", "x": "-19.01", "yaw": "-1.38"}
231.87, [INFO], turtlebot1, {"battery-level": "14.52%"}
231.88, [INFO], turtlebot4, {"y": "33.84", "x": "-39.50", "yaw": "0.46"}
231.88, [INFO], turtlebot6, {"y": "33.97", "x": "-32.91", "yaw": "-3.07"}
231.88, [INFO], turtlebot3, {"y": "21.49", "x": "-38.03", "yaw": "0.03"}
231.88, [INFO], turtlebot5, {"y": "17.96", "x": "-13.47", "yaw": "-1.26"}
246.87, [INFO], turtlebot2, {"y": "17.99", "x": "-19.01", "yaw": "-1.37"}
246.87, [INFO], turtlebot1, {"battery-level": "13.47%"}
246.87, [INFO], turtlebot1, {"y": "17.95", "x": "-35.42", "yaw": "-0.19"}
246.88, [INFO], turtlebot5, {"y": "17.96", "x": "-13.47", "yaw": "-1.24"}
246.88, [INFO], turtlebot4, {"y": "33.84", "x": "-39.50", "yaw": "0.46"}
246.88, [INFO], turtlebot3, {"y": "21.49", "x": "-38.04", "yaw": "0.03"}
246.88, [INFO], turtlebot6, {"y": "33.97", "x": "-32.91", "yaw": "-3.07"}
260.38, [DEBUG], None, [debug],turtlebot1,move-base-info,Hooray, the base moved arrived,(x=-33.9;y=18.93)
261.03, [INFO], nurse, {"status": "message-received", "skill": "athentication-request"}
261.87, [INFO], turtlebot2, {"y": "17.99", "x": "-19.01", "yaw": "-1.37"}
261.87, [INFO], turtlebot1, {"y": "18.56", "x": "-34.12", "yaw": "3.10"}
261.87, [INFO], turtlebot1, {"battery-level": "12.42%"}
261.88, [INFO], turtlebot4, {"y": "33.84", "x": "-39.50", "yaw": "0.46"}
261.88, [INFO], turtlebot3, {"y": "21.50", "x": "-38.05", "yaw": "0.03"}
261.88, [INFO], turtlebot5, {"y": "17.95", "x": "-13.46", "yaw": "-1.22"}
261.88, [INFO], turtlebot6, {"y": "33.97", "x": "-32.91", "yaw": "-3.06"}
263.10, [INFO], nurse, {"status": "message-received", "skill": "wait-message"}
273.10, [INFO], nurse, {"status": "message-received", "skill": "wait-message"}
276.87, [INFO], turtlebot1, {"y": "18.35", "x": "-34.53", "yaw": "-2.32"}
276.87, [INFO], turtlebot1, {"battery-level": "11.44%"}
276.87, [INFO], turtlebot2, {"y": "17.99", "x": "-19.01", "yaw": "-1.37"}
276.88, [INFO], turtlebot5, {"y": "17.95", "x": "-13.46", "yaw": "-1.20"}
276.88, [INFO], turtlebot6, {"y": "33.98", "x": "-32.92", "yaw": "-3.06"}
276.88, [INFO], turtlebot4, {"y": "33.84", "x": "-39.50", "yaw": "0.46"}
276.88, [INFO], turtlebot3, {"y": "21.50", "x": "-38.07", "yaw": "0.03"}
281.02, [INFO], nurse, {"status": "waiting", "skill": "athentication-sent"}
283.10, [INFO], nurse, {"status": "message-received", "skill": "wait-message"}
291.87, [INFO], turtlebot2, {"y": "17.99", "x": "-19.00", "yaw": "-1.37"}
291.87, [INFO], turtlebot1, {"battery-level": "10.39%"}
291.87, [INFO], turtlebot1, {"y": "17.99", "x": "-35.14", "yaw": "-2.82"}
291.88, [INFO], turtlebot3, {"y": "21.50", "x": "-38.10", "yaw": "0.03"}
291.88, [INFO], turtlebot5, {"y": "17.95", "x": "-13.46", "yaw": "-1.18"}
291.88, [INFO], turtlebot6, {"y": "33.98", "x": "-32.92", "yaw": "-3.05"}
291.88, [INFO], turtlebot4, {"y": "33.84", "x": "-39.50", "yaw": "0.46"}
293.10, [INFO], nurse, {"status": "message-received", "skill": "wait-message"}
306.87, [INFO], turtlebot2, {"y": "17.99", "x": "-19.00", "yaw": "-1.37"}
306.87, [INFO], turtlebot1, {"battery-level": "9.27%"}
306.87, [INFO], turtlebot1, {"y": "18.63", "x": "-36.67", "yaw": "-2.37"}
306.88, [INFO], turtlebot6, {"y": "33.98", "x": "-32.92", "yaw": "-3.06"}
306.88, [INFO], turtlebot4, {"y": "33.84", "x": "-39.50", "yaw": "0.46"}
306.88, [INFO], turtlebot5, {"y": "17.94", "x": "-13.45", "yaw": "-1.16"}
306.88, [INFO], turtlebot3, {"y": "21.50", "x": "-38.13", "yaw": "0.03"}
309.30, [DEBUG], None, [debug],turtlebot1,move-base-info,Hooray, the base moved arrived,(x=-37;y=18.93)
321.87, [INFO], turtlebot1, {"battery-level": "8.22%"}
321.87, [INFO], turtlebot1, {"y": "17.94", "x": "-36.69", "yaw": "-1.58"}
321.87, [INFO], turtlebot2, {"y": "17.99", "x": "-19.00", "yaw": "-1.37"}
321.88, [INFO], turtlebot5, {"y": "17.94", "x": "-13.45", "yaw": "-1.14"}
321.88, [INFO], turtlebot3, {"y": "21.50", "x": "-38.14", "yaw": "0.03"}
321.88, [INFO], turtlebot6, {"y": "33.98", "x": "-32.92", "yaw": "-3.06"}
321.88, [INFO], turtlebot4, {"y": "33.84", "x": "-39.50", "yaw": "0.46"}
336.87, [INFO], turtlebot1, {"y": "16.70", "x": "-36.75", "yaw": "-1.74"}
336.87, [INFO], turtlebot2, {"y": "17.99", "x": "-19.00", "yaw": "-1.37"}
336.87, [INFO], turtlebot1, {"battery-level": "7.17%"}
336.88, [INFO], turtlebot3, {"y": "21.51", "x": "-38.15", "yaw": "0.04"}
336.88, [INFO], turtlebot5, {"y": "17.94", "x": "-13.44", "yaw": "-1.14"}
336.88, [INFO], turtlebot4, {"y": "33.84", "x": "-39.50", "yaw": "0.46"}
336.88, [INFO], turtlebot6, {"y": "33.98", "x": "-32.92", "yaw": "-3.06"}
345.22, [DEBUG], None, [debug],turtlebot1,move-base-info,Hooray, the base moved arrived,(x=-37;y=16)
351.87, [INFO], turtlebot1, {"y": "16.34", "x": "-36.62", "yaw": "-0.59"}
351.87, [INFO], turtlebot2, {"y": "17.99", "x": "-19.00", "yaw": "-1.37"}
351.87, [INFO], turtlebot1, {"battery-level": "6.12%"}
351.88, [INFO], turtlebot6, {"y": "33.98", "x": "-32.93", "yaw": "-3.06"}
351.88, [INFO], turtlebot4, {"y": "33.84", "x": "-39.50", "yaw": "0.46"}
351.88, [INFO], turtlebot5, {"y": "17.94", "x": "-13.44", "yaw": "-1.13"}
351.88, [INFO], turtlebot3, {"y": "21.51", "x": "-38.15", "yaw": "0.05"}
366.87, [INFO], turtlebot2, {"y": "17.99", "x": "-19.00", "yaw": "-1.37"}
366.87, [INFO], turtlebot1, {"y": "15.75", "x": "-35.08", "yaw": "0.18"}
366.87, [INFO], turtlebot1, {"battery-level": "5.07%"}
366.88, [INFO], turtlebot4, {"y": "33.84", "x": "-39.50", "yaw": "0.46"}
366.88, [INFO], turtlebot6, {"y": "33.98", "x": "-32.93", "yaw": "-3.06"}
366.88, [INFO], turtlebot3, {"y": "21.51", "x": "-38.15", "yaw": "0.07"}
366.88, [INFO], turtlebot5, {"y": "17.94", "x": "-13.44", "yaw": "-1.12"}
368.87, [DEBUG], None, ENDLOWBATT
368.87, [DEBUG], None, end!
