0.0,0.0,[debug],logger,init,time
ROBOTS_CONFIG=[{"avg_speed": 0.15, "battery_charge": 0.59, "battery_discharge_rate": 0.00017, "id": 0, "local_plan": null, "location": "PC Room 7", "position": [-13.5, 18.0, -1.57], "skills": ["approach_person", "approach_robot", "authenticate_person", "deposit", "navigation", "pick_up"]}, {"avg_speed": 0.15, "battery_charge": 0.22, "battery_discharge_rate": 0.00018, "id": 1, "local_plan": null, "location": "IC Room 4", "position": [-39.44, 33.95, 0.0], "skills": ["approach_person", "approach_robot", "authenticate_person", "deposit", "navigation", "operate_drawer", "pick_up"]}, {"avg_speed": 0.15, "battery_charge": 0.73, "battery_discharge_rate": 0.00012000000000000002, "id": 2, "local_plan": null, "location": "IC Room 3", "position": [-40.23, 25.37, 0.0], "skills": ["approach_person", "approach_robot", "authenticate_person", "deposit", "navigation", "operate_drawer", "pick_up"]}, {"avg_speed": 0.15, "battery_charge": 0.72, "battery_discharge_rate": 0.00011, "id": 3, "local_plan": null, "location": "IC Room 5", "position": [-32.88, 33.98, 3.14], "skills": ["approach_person", "approach_robot", "authenticate_person", "deposit", "navigation", "pick_up"]}, {"avg_speed": 0.15, "battery_charge": 0.35000000000000003, "battery_discharge_rate": 0.00015000000000000001, "id": 4, "local_plan": [["navigation", ["IC Room 2", [[-21.0, 18.0, -1.57], [-21.0, 16.0], [-37.0, 16.0], [-37.0, 21.5], [-38.0, 21.5, 0.0]]]], ["approach_person", ["nurse"]], ["authenticate_person", ["nurse"]], ["operate_drawer", ["open"]], ["send_message", ["nurse"]], ["wait_message", ["r1"]], ["operate_drawer", ["close"]], ["navigation", ["Laboratory", [[-38.0, 21.5, 0.0], [-37.0, 21.5], [-37.0, 16.0], [-26.0, 16.0], [-26.0, 13.0, 1.57]]]], ["approach_robot", ["lab_arm"]], ["operate_drawer", ["open"]], ["send_message", ["lab_arm"]], ["wait_message", ["r1"]], ["operate_drawer", ["close"]]], "location": "PC Room 5", "position": [-21.0, 18.0, -1.57], "skills": ["approach_person", "approach_robot", "authenticate_person", "deposit", "navigation", "operate_drawer", "pick_up"]}]
NURSES_CONFIG=[{"location": "IC Room 2", "position": [-39.0, 20.5, 0.0]}]
logger,1626472141609468936,Simulation open
0.0,[debug],logger,init,subcribing to in the topic /log
1.71666669846,[debug],turtlebot4,move-base-info,Move_base is up and ok....,
1.73333334923,[debug],turtlebot5,move-base-info,Move_base is up and ok....,
1.75,[debug],turtlebot1,move-base-info,Move_base is up and ok....,
1.83333325386,[debug],turtlebot4,move-base-info,Move_base is up and ok....,
1.83333325386,[debug],turtlebot5,move-base-info,Move_base is up and ok....,
1.84999990463,[debug],turtlebot2,move-base-info,Move_base is up and ok....,
1.91666674614,[debug],turtlebot3,move-base-info,Move_base is up and ok....,
1.96666669846,[debug],turtlebot1,move-base-info,Move_base is up and ok....,
1.98333334923,[debug],turtlebot2,move-base-info,Move_base is up and ok....,
1.98333334923,[debug],turtlebot3,move-base-info,Move_base is up and ok....,
2.20000004768,[info],turtlebot5,skill-life-cycle,init_robobt,(status=RUNNING, parameters=[])
2.28333330154,[info],turtlebot2,skill-life-cycle,init_robobt,(status=RUNNING, parameters=[])
5.21666669846,[debug],turtlebot5,available-skills,['send_message', 'wait_message', 'approach_person', 'approach_robot', 'authenticate_person', 'deposit', 'navigation', 'operate_drawer', 'pick_up'],
5.21666669846,[info],turtlebot5,skill-life-cycle,navigation,(status=STARTED, parameters=[[-21.0, 16.0, 3.141592653589793, True], [-37.0, 16.0, 1.5707963267948966, True], [-37.0, 21.5, 3.141592653589793, True], [-38.0, 21.5, 0.0, False]])
28.0999999046,[debug],turtlebot1,simulation,robot-pose,x=-13.50;y=18.00;yaw=-1.50
28.0999999046,[debug],turtlebot1,simulation,robot-pose,x=-13.50;y=18.00;yaw=-1.50
29.75,[debug],turtlebot2,simulation,robot-pose,x=-39.51;y=33.84;yaw=0.46
29.75,[debug],turtlebot2,simulation,robot-pose,x=-39.51;y=33.84;yaw=0.46
29.8833334446,[debug],turtlebot3,simulation,robot-pose,x=-40.39;y=25.23;yaw=0.34
29.8833334446,[debug],turtlebot3,simulation,robot-pose,x=-40.39;y=25.23;yaw=0.34
30.0166666508,[debug],turtlebot4,simulation,robot-pose,x=-32.89;y=33.97;yaw=-3.10
30.0166666508,[debug],turtlebot4,simulation,robot-pose,x=-32.89;y=33.97;yaw=-3.10
30.1833333969,[debug],turtlebot5,simulation,robot-pose,x=-20.92;y=16.47;yaw=-2.42
30.1833333969,[debug],turtlebot5,simulation,robot-pose,x=-20.92;y=16.47;yaw=-2.42
32.4833333492,[debug],turtlebot5,move-base-info,Hooray, the base moved arrived,(x=-21;y=16)
32.5166666508,[debug],turtlebot5,move-base-info,Hooray, the base moved arrived,(x=-21;y=16)
32.5833332539,[debug],turtlebot5,task-update,navigation,way-point-reached,25.0%
43.0999999046,[debug],turtlebot1,simulation,robot-pose,x=-13.49;y=18.00;yaw=-1.49
43.0999999046,[debug],turtlebot1,simulation,robot-pose,x=-13.49;y=18.00;yaw=-1.49
44.75,[debug],turtlebot2,simulation,robot-pose,x=-39.51;y=33.84;yaw=0.46
44.75,[debug],turtlebot2,simulation,robot-pose,x=-39.51;y=33.84;yaw=0.46
44.8833334446,[debug],turtlebot3,simulation,robot-pose,x=-40.39;y=25.23;yaw=0.33
44.8833334446,[debug],turtlebot3,simulation,robot-pose,x=-40.39;y=25.23;yaw=0.33
45.0166666508,[debug],turtlebot4,simulation,robot-pose,x=-32.89;y=33.97;yaw=-3.10
45.0166666508,[debug],turtlebot4,simulation,robot-pose,x=-32.89;y=33.97;yaw=-3.10
45.1833333969,[debug],turtlebot5,simulation,robot-pose,x=-21.68;y=16.05;yaw=-2.77
45.1833333969,[debug],turtlebot5,simulation,robot-pose,x=-21.68;y=16.05;yaw=-2.77
53.4333333969,[info],turtlebot5,skill-life-cycle,navigation,(status=RUNNING, parameters=[[-21.0, 16.0, 3.141592653589793, True], [-37.0, 16.0, 1.5707963267948966, True], [-37.0, 21.5, 3.141592653589793, True], [-38.0, 21.5, 0.0, False]])
58.0999999046,[debug],turtlebot1,simulation,robot-pose,x=-13.49;y=18.00;yaw=-1.48
58.0999999046,[debug],turtlebot1,simulation,robot-pose,x=-13.49;y=18.00;yaw=-1.48
59.75,[debug],turtlebot2,simulation,robot-pose,x=-39.51;y=33.84;yaw=0.46
59.75,[debug],turtlebot2,simulation,robot-pose,x=-39.51;y=33.84;yaw=0.46
59.8833334446,[debug],turtlebot3,simulation,robot-pose,x=-40.39;y=25.23;yaw=0.33
59.8833334446,[debug],turtlebot3,simulation,robot-pose,x=-40.39;y=25.23;yaw=0.33
60.0166666508,[debug],turtlebot4,simulation,robot-pose,x=-32.89;y=33.97;yaw=-3.10
60.0166666508,[debug],turtlebot4,simulation,robot-pose,x=-32.89;y=33.97;yaw=-3.10
60.1833333969,[debug],turtlebot5,simulation,robot-pose,x=-24.06;y=15.95;yaw=-3.13
60.1833333969,[debug],turtlebot5,simulation,robot-pose,x=-24.06;y=15.95;yaw=-3.13
73.0999999046,[debug],turtlebot1,simulation,robot-pose,x=-13.49;y=18.00;yaw=-1.46
73.0999999046,[debug],turtlebot1,simulation,robot-pose,x=-13.49;y=18.00;yaw=-1.46
74.75,[debug],turtlebot2,simulation,robot-pose,x=-39.51;y=33.84;yaw=0.46
74.75,[debug],turtlebot2,simulation,robot-pose,x=-39.51;y=33.84;yaw=0.46
74.8833334446,[debug],turtlebot3,simulation,robot-pose,x=-40.39;y=25.23;yaw=0.33
74.8833334446,[debug],turtlebot3,simulation,robot-pose,x=-40.39;y=25.23;yaw=0.33
75.0166666508,[debug],turtlebot4,simulation,robot-pose,x=-32.89;y=33.97;yaw=-3.10
75.0166666508,[debug],turtlebot4,simulation,robot-pose,x=-32.89;y=33.97;yaw=-3.10
75.1833333969,[debug],turtlebot5,simulation,robot-pose,x=-26.44;y=15.83;yaw=3.12
75.1833333969,[debug],turtlebot5,simulation,robot-pose,x=-26.44;y=15.83;yaw=3.12
88.0999999046,[debug],turtlebot1,simulation,robot-pose,x=-13.49;y=17.99;yaw=-1.45
88.0999999046,[debug],turtlebot1,simulation,robot-pose,x=-13.49;y=17.99;yaw=-1.45
89.75,[debug],turtlebot2,simulation,robot-pose,x=-39.51;y=33.84;yaw=0.46
89.75,[debug],turtlebot2,simulation,robot-pose,x=-39.51;y=33.84;yaw=0.46
89.8833334446,[debug],turtlebot3,simulation,robot-pose,x=-40.39;y=25.23;yaw=0.33
89.8833334446,[debug],turtlebot3,simulation,robot-pose,x=-40.39;y=25.23;yaw=0.33
90.0166666508,[debug],turtlebot4,simulation,robot-pose,x=-32.90;y=33.97;yaw=-3.09
90.0166666508,[debug],turtlebot4,simulation,robot-pose,x=-32.90;y=33.97;yaw=-3.09
90.1833333969,[debug],turtlebot5,simulation,robot-pose,x=-29.02;y=15.92;yaw=3.13
90.1833333969,[debug],turtlebot5,simulation,robot-pose,x=-29.02;y=15.92;yaw=3.13
103.099999905,[debug],turtlebot1,simulation,robot-pose,x=-13.49;y=17.99;yaw=-1.43
103.099999905,[debug],turtlebot1,simulation,robot-pose,x=-13.49;y=17.99;yaw=-1.43
103.333333254,[info],turtlebot5,skill-life-cycle,navigation,(status=RUNNING, parameters=[[-21.0, 16.0, 3.141592653589793, True], [-37.0, 16.0, 1.5707963267948966, True], [-37.0, 21.5, 3.141592653589793, True], [-38.0, 21.5, 0.0, False]])
104.75,[debug],turtlebot2,simulation,robot-pose,x=-39.51;y=33.84;yaw=0.46
104.75,[debug],turtlebot2,simulation,robot-pose,x=-39.51;y=33.84;yaw=0.46
104.883333445,[debug],turtlebot3,simulation,robot-pose,x=-40.39;y=25.23;yaw=0.33
104.883333445,[debug],turtlebot3,simulation,robot-pose,x=-40.39;y=25.23;yaw=0.33
105.016666651,[debug],turtlebot4,simulation,robot-pose,x=-32.90;y=33.97;yaw=-3.10
105.016666651,[debug],turtlebot4,simulation,robot-pose,x=-32.90;y=33.97;yaw=-3.10
105.183333397,[debug],turtlebot5,simulation,robot-pose,x=-31.54;y=15.94;yaw=-3.14
105.183333397,[debug],turtlebot5,simulation,robot-pose,x=-31.54;y=15.94;yaw=-3.14
118.099999905,[debug],turtlebot1,simulation,robot-pose,x=-13.49;y=17.99;yaw=-1.41
118.099999905,[debug],turtlebot1,simulation,robot-pose,x=-13.49;y=17.99;yaw=-1.41
119.75,[debug],turtlebot2,simulation,robot-pose,x=-39.51;y=33.84;yaw=0.46
119.766666651,[debug],turtlebot2,simulation,robot-pose,x=-39.51;y=33.84;yaw=0.46
119.883333445,[debug],turtlebot3,simulation,robot-pose,x=-40.39;y=25.23;yaw=0.33
119.883333445,[debug],turtlebot3,simulation,robot-pose,x=-40.39;y=25.23;yaw=0.33
120.016666651,[debug],turtlebot4,simulation,robot-pose,x=-32.90;y=33.97;yaw=-3.09
120.016666651,[debug],turtlebot4,simulation,robot-pose,x=-32.90;y=33.97;yaw=-3.09
120.183333397,[debug],turtlebot5,simulation,robot-pose,x=-34.03;y=15.94;yaw=-3.14
120.183333397,[debug],turtlebot5,simulation,robot-pose,x=-34.03;y=15.94;yaw=-3.14
133.099999905,[debug],turtlebot1,simulation,robot-pose,x=-13.49;y=17.98;yaw=-1.39
133.099999905,[debug],turtlebot1,simulation,robot-pose,x=-13.49;y=17.98;yaw=-1.39
134.766666651,[debug],turtlebot2,simulation,robot-pose,x=-39.51;y=33.84;yaw=0.46
134.766666651,[debug],turtlebot2,simulation,robot-pose,x=-39.51;y=33.84;yaw=0.46
134.883333445,[debug],turtlebot3,simulation,robot-pose,x=-40.39;y=25.23;yaw=0.33
134.883333445,[debug],turtlebot3,simulation,robot-pose,x=-40.39;y=25.23;yaw=0.33
135.016666651,[debug],turtlebot4,simulation,robot-pose,x=-32.90;y=33.97;yaw=-3.09
135.016666651,[debug],turtlebot4,simulation,robot-pose,x=-32.90;y=33.97;yaw=-3.09
135.183333397,[debug],turtlebot5,simulation,robot-pose,x=-36.74;y=16.40;yaw=-3.13
135.183333397,[debug],turtlebot5,simulation,robot-pose,x=-36.74;y=16.40;yaw=-3.13
139.483333349,[debug],turtlebot5,move-base-info,Hooray, the base moved arrived,(x=-37;y=16)
139.549999952,[debug],turtlebot5,move-base-info,Hooray, the base moved arrived,(x=-37;y=16)
139.683333397,[debug],turtlebot5,task-update,navigation,way-point-reached,50.0%
148.099999905,[debug],turtlebot1,simulation,robot-pose,x=-13.49;y=17.98;yaw=-1.37
148.099999905,[debug],turtlebot1,simulation,robot-pose,x=-13.49;y=17.98;yaw=-1.37
149.75,[debug],turtlebot2,simulation,robot-pose,x=-39.50;y=33.84;yaw=0.46
149.75,[debug],turtlebot2,simulation,robot-pose,x=-39.50;y=33.84;yaw=0.46
149.883333445,[debug],turtlebot3,simulation,robot-pose,x=-40.39;y=25.23;yaw=0.33
149.883333445,[debug],turtlebot3,simulation,robot-pose,x=-40.39;y=25.23;yaw=0.33
150.016666651,[debug],turtlebot4,simulation,robot-pose,x=-32.90;y=33.97;yaw=-3.09
150.016666651,[debug],turtlebot4,simulation,robot-pose,x=-32.90;y=33.97;yaw=-3.09
150.183333397,[debug],turtlebot5,simulation,robot-pose,x=-36.88;y=20.60;yaw=1.65
150.183333397,[debug],turtlebot5,simulation,robot-pose,x=-36.88;y=20.60;yaw=1.65
153.983333349,[info],turtlebot5,skill-life-cycle,navigation,(status=RUNNING, parameters=[[-21.0, 16.0, 3.141592653589793, True], [-37.0, 16.0, 1.5707963267948966, True], [-37.0, 21.5, 3.141592653589793, True], [-38.0, 21.5, 0.0, False]])
156.033333302,[debug],turtlebot5,move-base-info,Hooray, the base moved arrived,(x=-37;y=21.5)
156.033333302,[debug],turtlebot5,move-base-info,Hooray, the base moved arrived,(x=-37;y=21.5)
156.183333397,[debug],turtlebot5,task-update,navigation,way-point-reached,75.0%
163.099999905,[debug],turtlebot1,simulation,robot-pose,x=-13.48;y=17.98;yaw=-1.35
163.099999905,[debug],turtlebot1,simulation,robot-pose,x=-13.48;y=17.98;yaw=-1.35
164.75,[debug],turtlebot2,simulation,robot-pose,x=-39.50;y=33.84;yaw=0.46
164.75,[debug],turtlebot2,simulation,robot-pose,x=-39.50;y=33.84;yaw=0.46
164.883333445,[debug],turtlebot3,simulation,robot-pose,x=-40.39;y=25.23;yaw=0.33
164.883333445,[debug],turtlebot3,simulation,robot-pose,x=-40.39;y=25.23;yaw=0.33
165.016666651,[debug],turtlebot4,simulation,robot-pose,x=-32.90;y=33.97;yaw=-3.09
165.016666651,[debug],turtlebot4,simulation,robot-pose,x=-32.90;y=33.97;yaw=-3.09
165.183333397,[debug],turtlebot5,simulation,robot-pose,x=-37.57;y=21.30;yaw=2.30
165.183333397,[debug],turtlebot5,simulation,robot-pose,x=-37.57;y=21.30;yaw=2.30
171.299999952,[debug],turtlebot5,move-base-info,Hooray, the base moved arrived,(x=-38;y=21.5)
171.299999952,[debug],turtlebot5,move-base-info,Hooray, the base moved arrived,(x=-38;y=21.5)
171.533333302,[debug],turtlebot5,task-update,navigation,way-point-reached,100.0%
171.616666555,[debug],turtlebot5,available-skills,['send_message', 'wait_message', 'approach_person', 'approach_robot', 'authenticate_person', 'deposit', 'navigation', 'operate_drawer', 'pick_up'],
171.616666555,[info],turtlebot5,skill-life-cycle,approach_person,(status=STARTED, parameters=['nurse'])
171.683333397,[debug],turtlebot5,task-update,approach_person,localize-person,(who=nurse)
171.783333302,[debug],turtlebot5,task-update,approach_person,goto-person,(who=nurse)
171.866666555,[debug],turtlebot5,available-skills,['send_message', 'wait_message', 'approach_person', 'approach_robot', 'authenticate_person', 'deposit', 'navigation', 'operate_drawer', 'pick_up'],
171.866666555,[info],turtlebot5,skill-life-cycle,authenticate_person,(status=STARTED, parameters=['nurse'])
171.900000095,[debug],turtlebot5,task-update,authenticate_person,request-authentication,(to=nurse)
171.900000095,[info],nurse,sync,received-request,(status=sending-request)
171.916666746,[info],nurse,sync,received-request,(status=sending-request)
172.366666555,[debug],turtlebot5,task-update,authenticate_person,received-authentication,(from=nurse)
172.450000048,[debug],turtlebot5,available-skills,['send_message', 'wait_message', 'approach_person', 'approach_robot', 'authenticate_person', 'deposit', 'navigation', 'operate_drawer', 'pick_up'],
172.450000048,[info],turtlebot5,skill-life-cycle,operate_drawer,(status=STARTED, parameters=['open'])
172.483333349,[debug],turtlebot5,task-update,operate_drawer,open
173.466666698,[debug],turtlebot5,available-skills,['send_message', 'wait_message', 'approach_person', 'approach_robot', 'authenticate_person', 'deposit', 'navigation', 'operate_drawer', 'pick_up'],
173.466666698,[info],turtlebot5,skill-life-cycle,send_message,(status=STARTED, parameters=['nurse'])
173.516666651,[info],turtlebot5,sync,send-message,(to=nurse)
174.400000095,[info],nurse,sync,wait-message,(status=message-received)
174.516666651,[info],nurse,sync,wait-message,(status=message-received)
177.083333254,[debug],turtlebot5,available-skills,['send_message', 'wait_message', 'approach_person', 'approach_robot', 'authenticate_person', 'deposit', 'navigation', 'operate_drawer', 'pick_up'],
177.083333254,[info],turtlebot5,skill-life-cycle,wait_message,(status=STARTED, parameters=['r1'])
178.099999905,[debug],turtlebot1,simulation,robot-pose,x=-13.48;y=17.97;yaw=-1.33
178.099999905,[debug],turtlebot1,simulation,robot-pose,x=-13.48;y=17.97;yaw=-1.33
178.599999905,[info],turtlebot5,sync,wait-message,(status=message-received)
178.683333397,[debug],turtlebot5,available-skills,['send_message', 'wait_message', 'approach_person', 'approach_robot', 'authenticate_person', 'deposit', 'navigation', 'operate_drawer', 'pick_up'],
178.683333397,[info],turtlebot5,skill-life-cycle,operate_drawer,(status=STARTED, parameters=['close'])
178.733333349,[debug],turtlebot5,task-update,operate_drawer,close
179.716666698,[debug],turtlebot5,available-skills,['send_message', 'wait_message', 'approach_person', 'approach_robot', 'authenticate_person', 'deposit', 'navigation', 'operate_drawer', 'pick_up'],
179.716666698,[info],turtlebot5,skill-life-cycle,navigation,(status=STARTED, parameters=[[-37.0, 21.5, -1.5707963267948966, True], [-37.0, 16.0, 0.0, True], [-26.0, 16.0, -1.5707963267948966, True], [-26.0, 13.0, 1.57, False]])
179.75,[debug],turtlebot2,simulation,robot-pose,x=-39.50;y=33.84;yaw=0.46
179.75,[debug],turtlebot2,simulation,robot-pose,x=-39.50;y=33.84;yaw=0.46
179.883333445,[debug],turtlebot3,simulation,robot-pose,x=-40.39;y=25.23;yaw=0.33
179.883333445,[debug],turtlebot3,simulation,robot-pose,x=-40.39;y=25.23;yaw=0.33
180.016666651,[debug],turtlebot4,simulation,robot-pose,x=-32.90;y=33.97;yaw=-3.09
180.016666651,[debug],turtlebot4,simulation,robot-pose,x=-32.90;y=33.97;yaw=-3.09
180.183333397,[debug],turtlebot5,simulation,robot-pose,x=-37.64;y=21.34;yaw=0.05
180.183333397,[debug],turtlebot5,simulation,robot-pose,x=-37.64;y=21.34;yaw=0.05
184.400000095,[info],nurse,sync,wait-message,(status=message-received)
184.549999952,[info],nurse,sync,wait-message,(status=message-received)
190.549999952,[debug],turtlebot5,move-base-info,Hooray, the base moved arrived,(x=-37;y=21.5)
190.549999952,[debug],turtlebot5,move-base-info,Hooray, the base moved arrived,(x=-37;y=21.5)
190.566666603,[debug],turtlebot5,task-update,navigation,way-point-reached,25.0%
191.900000095,[info],nurse,sync,request-sent,(status=waiting)
191.900000095,[info],nurse,sync,request-sent,(status=waiting)
193.099999905,[debug],turtlebot1,simulation,robot-pose,x=-13.48;y=17.97;yaw=-1.31
193.099999905,[debug],turtlebot1,simulation,robot-pose,x=-13.48;y=17.97;yaw=-1.31
194.400000095,[info],nurse,sync,wait-message,(status=message-received)
194.533333302,[info],nurse,sync,wait-message,(status=message-received)
194.75,[debug],turtlebot2,simulation,robot-pose,x=-39.50;y=33.84;yaw=0.46
194.75,[debug],turtlebot2,simulation,robot-pose,x=-39.50;y=33.84;yaw=0.46
194.883333445,[debug],turtlebot3,simulation,robot-pose,x=-40.39;y=25.23;yaw=0.33
194.883333445,[debug],turtlebot3,simulation,robot-pose,x=-40.39;y=25.23;yaw=0.33
195.016666651,[debug],turtlebot4,simulation,robot-pose,x=-32.90;y=33.97;yaw=-3.09
195.016666651,[debug],turtlebot4,simulation,robot-pose,x=-32.90;y=33.97;yaw=-3.09
195.183333397,[debug],turtlebot5,simulation,robot-pose,x=-37.42;y=21.40;yaw=-1.52
195.183333397,[debug],turtlebot5,simulation,robot-pose,x=-37.42;y=21.40;yaw=-1.52
204.400000095,[info],nurse,sync,wait-message,(status=message-received)
204.549999952,[info],nurse,sync,wait-message,(status=message-received)
206.799999952,[info],turtlebot5,skill-life-cycle,navigation,(status=RUNNING, parameters=[[-37.0, 21.5, -1.5707963267948966, True], [-37.0, 16.0, 0.0, True], [-26.0, 16.0, -1.5707963267948966, True], [-26.0, 13.0, 1.57, False]])
208.099999905,[debug],turtlebot1,simulation,robot-pose,x=-13.47;y=17.97;yaw=-1.29
208.099999905,[debug],turtlebot1,simulation,robot-pose,x=-13.47;y=17.97;yaw=-1.29
209.75,[debug],turtlebot2,simulation,robot-pose,x=-39.50;y=33.84;yaw=0.46
209.766666651,[debug],turtlebot2,simulation,robot-pose,x=-39.50;y=33.84;yaw=0.46
209.883333445,[debug],turtlebot3,simulation,robot-pose,x=-40.39;y=25.23;yaw=0.33
209.883333445,[debug],turtlebot3,simulation,robot-pose,x=-40.39;y=25.23;yaw=0.33
210.016666651,[debug],turtlebot4,simulation,robot-pose,x=-32.91;y=33.97;yaw=-3.08
210.016666651,[debug],turtlebot4,simulation,robot-pose,x=-32.91;y=33.97;yaw=-3.08
210.183333397,[debug],turtlebot5,simulation,robot-pose,x=-36.80;y=20.25;yaw=-1.37
210.183333397,[debug],turtlebot5,simulation,robot-pose,x=-36.80;y=20.25;yaw=-1.37
223.099999905,[debug],turtlebot1,simulation,robot-pose,x=-13.47;y=17.96;yaw=-1.27
223.099999905,[debug],turtlebot1,simulation,robot-pose,x=-13.47;y=17.96;yaw=-1.27
224.766666651,[debug],turtlebot2,simulation,robot-pose,x=-39.50;y=33.84;yaw=0.46
224.766666651,[debug],turtlebot2,simulation,robot-pose,x=-39.50;y=33.84;yaw=0.46
224.883333445,[debug],turtlebot3,simulation,robot-pose,x=-40.39;y=25.23;yaw=0.33
224.883333445,[debug],turtlebot3,simulation,robot-pose,x=-40.39;y=25.23;yaw=0.33
225.016666651,[debug],turtlebot4,simulation,robot-pose,x=-32.91;y=33.97;yaw=-3.08
225.033333302,[debug],turtlebot4,simulation,robot-pose,x=-32.91;y=33.97;yaw=-3.08
225.183333397,[debug],turtlebot5,simulation,robot-pose,x=-36.69;y=19.00;yaw=-1.55
225.183333397,[debug],turtlebot5,simulation,robot-pose,x=-36.69;y=19.00;yaw=-1.55
238.099999905,[debug],turtlebot1,simulation,robot-pose,x=-13.47;y=17.96;yaw=-1.25
238.099999905,[debug],turtlebot1,simulation,robot-pose,x=-13.47;y=17.96;yaw=-1.25
239.75,[debug],turtlebot2,simulation,robot-pose,x=-39.50;y=33.84;yaw=0.46
239.75,[debug],turtlebot2,simulation,robot-pose,x=-39.50;y=33.84;yaw=0.46
239.883333445,[debug],turtlebot3,simulation,robot-pose,x=-40.39;y=25.23;yaw=0.33
239.883333445,[debug],turtlebot3,simulation,robot-pose,x=-40.39;y=25.23;yaw=0.33
240.016666651,[debug],turtlebot4,simulation,robot-pose,x=-32.91;y=33.97;yaw=-3.07
240.016666651,[debug],turtlebot4,simulation,robot-pose,x=-32.91;y=33.97;yaw=-3.07
240.183333397,[debug],turtlebot5,simulation,robot-pose,x=-36.68;y=17.75;yaw=-1.57
240.183333397,[debug],turtlebot5,simulation,robot-pose,x=-36.68;y=17.75;yaw=-1.57
253.099999905,[debug],turtlebot1,simulation,robot-pose,x=-13.46;y=17.96;yaw=-1.23
253.099999905,[debug],turtlebot1,simulation,robot-pose,x=-13.46;y=17.96;yaw=-1.23
254.75,[debug],turtlebot2,simulation,robot-pose,x=-39.50;y=33.84;yaw=0.46
254.75,[debug],turtlebot2,simulation,robot-pose,x=-39.50;y=33.84;yaw=0.46
254.883333445,[debug],turtlebot3,simulation,robot-pose,x=-40.39;y=25.23;yaw=0.33
254.883333445,[debug],turtlebot3,simulation,robot-pose,x=-40.39;y=25.23;yaw=0.33
255.016666651,[debug],turtlebot4,simulation,robot-pose,x=-32.91;y=33.97;yaw=-3.06
255.016666651,[debug],turtlebot4,simulation,robot-pose,x=-32.91;y=33.97;yaw=-3.06
255.183333397,[debug],turtlebot5,simulation,robot-pose,x=-36.80;y=16.50;yaw=-1.84
255.183333397,[debug],turtlebot5,simulation,robot-pose,x=-36.80;y=16.50;yaw=-1.84
256.083333254,[info],turtlebot5,skill-life-cycle,navigation,(status=RUNNING, parameters=[[-37.0, 21.5, -1.5707963267948966, True], [-37.0, 16.0, 0.0, True], [-26.0, 16.0, -1.5707963267948966, True], [-26.0, 13.0, 1.57, False]])
260.833333254,[debug],turtlebot5,move-base-info,Hooray, the base moved arrived,(x=-37;y=16)
260.833333254,[debug],turtlebot5,move-base-info,Hooray, the base moved arrived,(x=-37;y=16)
260.966666698,[debug],turtlebot5,task-update,navigation,way-point-reached,50.0%
268.099999905,[debug],turtlebot1,simulation,robot-pose,x=-13.46;y=17.95;yaw=-1.21
268.099999905,[debug],turtlebot1,simulation,robot-pose,x=-13.46;y=17.95;yaw=-1.21
269.75,[debug],turtlebot2,simulation,robot-pose,x=-39.50;y=33.84;yaw=0.46
269.75,[debug],turtlebot2,simulation,robot-pose,x=-39.50;y=33.84;yaw=0.46
269.883333445,[debug],turtlebot3,simulation,robot-pose,x=-40.39;y=25.23;yaw=0.33
269.883333445,[debug],turtlebot3,simulation,robot-pose,x=-40.39;y=25.23;yaw=0.33
270.016666651,[debug],turtlebot4,simulation,robot-pose,x=-32.91;y=33.97;yaw=-3.06
270.033333302,[debug],turtlebot4,simulation,robot-pose,x=-32.91;y=33.97;yaw=-3.06
270.183333397,[debug],turtlebot5,simulation,robot-pose,x=-36.45;y=16.19;yaw=-0.91
270.183333397,[debug],turtlebot5,simulation,robot-pose,x=-36.45;y=16.19;yaw=-0.91
283.099999905,[debug],turtlebot1,simulation,robot-pose,x=-13.46;y=17.95;yaw=-1.19
283.116666555,[debug],turtlebot1,simulation,robot-pose,x=-13.46;y=17.95;yaw=-1.19
284.75,[debug],turtlebot2,simulation,robot-pose,x=-39.50;y=33.84;yaw=0.46
284.75,[debug],turtlebot2,simulation,robot-pose,x=-39.50;y=33.84;yaw=0.46
284.883333445,[debug],turtlebot3,simulation,robot-pose,x=-40.39;y=25.23;yaw=0.33
284.883333445,[debug],turtlebot3,simulation,robot-pose,x=-40.39;y=25.23;yaw=0.33
285.016666651,[debug],turtlebot4,simulation,robot-pose,x=-32.92;y=33.98;yaw=-3.05
285.016666651,[debug],turtlebot4,simulation,robot-pose,x=-32.92;y=33.98;yaw=-3.05
285.183333397,[debug],turtlebot5,simulation,robot-pose,x=-34.66;y=15.68;yaw=0.03
285.183333397,[debug],turtlebot5,simulation,robot-pose,x=-34.66;y=15.68;yaw=0.03
298.099999905,[debug],turtlebot1,simulation,robot-pose,x=-13.45;y=17.94;yaw=-1.17
298.099999905,[debug],turtlebot1,simulation,robot-pose,x=-13.45;y=17.94;yaw=-1.17
299.75,[debug],turtlebot2,simulation,robot-pose,x=-39.50;y=33.84;yaw=0.46
299.75,[debug],turtlebot2,simulation,robot-pose,x=-39.50;y=33.84;yaw=0.46
299.883333445,[debug],turtlebot3,simulation,robot-pose,x=-40.39;y=25.23;yaw=0.33
299.883333445,[debug],turtlebot3,simulation,robot-pose,x=-40.39;y=25.23;yaw=0.33
300.016666651,[debug],turtlebot4,simulation,robot-pose,x=-32.92;y=33.98;yaw=-3.05
300.016666651,[debug],turtlebot4,simulation,robot-pose,x=-32.92;y=33.98;yaw=-3.05
300.183333397,[debug],turtlebot5,simulation,robot-pose,x=-31.81;y=16.12;yaw=0.28
300.183333397,[debug],turtlebot5,simulation,robot-pose,x=-31.81;y=16.12;yaw=0.28
305.783333302,[info],turtlebot5,skill-life-cycle,navigation,(status=RUNNING, parameters=[[-37.0, 21.5, -1.5707963267948966, True], [-37.0, 16.0, 0.0, True], [-26.0, 16.0, -1.5707963267948966, True], [-26.0, 13.0, 1.57, False]])
313.099999905,[debug],turtlebot1,simulation,robot-pose,x=-13.45;y=17.94;yaw=-1.15
313.099999905,[debug],turtlebot1,simulation,robot-pose,x=-13.45;y=17.94;yaw=-1.15
314.75,[debug],turtlebot2,simulation,robot-pose,x=-39.50;y=33.84;yaw=0.46
314.75,[debug],turtlebot2,simulation,robot-pose,x=-39.50;y=33.84;yaw=0.46
314.883333445,[debug],turtlebot3,simulation,robot-pose,x=-40.39;y=25.23;yaw=0.33
314.883333445,[debug],turtlebot3,simulation,robot-pose,x=-40.39;y=25.23;yaw=0.33
315.016666651,[debug],turtlebot4,simulation,robot-pose,x=-32.92;y=33.98;yaw=-3.06
315.016666651,[debug],turtlebot4,simulation,robot-pose,x=-32.92;y=33.98;yaw=-3.06
315.183333397,[debug],turtlebot5,simulation,robot-pose,x=-29.34;y=16.09;yaw=0.06
315.183333397,[debug],turtlebot5,simulation,robot-pose,x=-29.34;y=16.09;yaw=0.06
328.099999905,[debug],turtlebot1,simulation,robot-pose,x=-13.45;y=17.94;yaw=-1.14
328.099999905,[debug],turtlebot1,simulation,robot-pose,x=-13.45;y=17.94;yaw=-1.14
329.75,[debug],turtlebot2,simulation,robot-pose,x=-39.50;y=33.84;yaw=0.46
329.75,[debug],turtlebot2,simulation,robot-pose,x=-39.50;y=33.84;yaw=0.46
329.883333445,[debug],turtlebot3,simulation,robot-pose,x=-40.39;y=25.23;yaw=0.33
329.883333445,[debug],turtlebot3,simulation,robot-pose,x=-40.39;y=25.23;yaw=0.33
330.016666651,[debug],turtlebot4,simulation,robot-pose,x=-32.92;y=33.98;yaw=-3.06
330.016666651,[debug],turtlebot4,simulation,robot-pose,x=-32.92;y=33.98;yaw=-3.06
330.183333397,[debug],turtlebot5,simulation,robot-pose,x=-26.83;y=16.12;yaw=0.29
330.183333397,[debug],turtlebot5,simulation,robot-pose,x=-26.83;y=16.12;yaw=0.29
337.566666603,[debug],turtlebot5,move-base-info,Hooray, the base moved arrived,(x=-26;y=16)
337.566666603,[debug],turtlebot5,move-base-info,Hooray, the base moved arrived,(x=-26;y=16)
337.716666698,[debug],turtlebot5,task-update,navigation,way-point-reached,75.0%
343.099999905,[debug],turtlebot1,simulation,robot-pose,x=-13.44;y=17.94;yaw=-1.13
343.099999905,[debug],turtlebot1,simulation,robot-pose,x=-13.44;y=17.94;yaw=-1.13
344.75,[debug],turtlebot2,simulation,robot-pose,x=-39.50;y=33.84;yaw=0.46
344.766666651,[debug],turtlebot2,simulation,robot-pose,x=-39.50;y=33.84;yaw=0.46
344.883333445,[debug],turtlebot3,simulation,robot-pose,x=-40.39;y=25.23;yaw=0.33
344.883333445,[debug],turtlebot3,simulation,robot-pose,x=-40.39;y=25.23;yaw=0.33
345.016666651,[debug],turtlebot4,simulation,robot-pose,x=-32.93;y=33.98;yaw=-3.06
345.016666651,[debug],turtlebot4,simulation,robot-pose,x=-32.93;y=33.98;yaw=-3.06
345.183333397,[debug],turtlebot5,simulation,robot-pose,x=-26.34;y=16.06;yaw=-1.08
345.183333397,[debug],turtlebot5,simulation,robot-pose,x=-26.34;y=16.06;yaw=-1.08
355.266666651,[info],turtlebot5,skill-life-cycle,navigation,(status=RUNNING, parameters=[[-37.0, 21.5, -1.5707963267948966, True], [-37.0, 16.0, 0.0, True], [-26.0, 16.0, -1.5707963267948966, True], [-26.0, 13.0, 1.57, False]])
358.099999905,[debug],turtlebot1,simulation,robot-pose,x=-13.44;y=17.94;yaw=-1.12
358.116666555,[debug],turtlebot1,simulation,robot-pose,x=-13.44;y=17.94;yaw=-1.12
359.75,[debug],turtlebot2,simulation,robot-pose,x=-39.50;y=33.84;yaw=0.46
359.766666651,[debug],turtlebot2,simulation,robot-pose,x=-39.50;y=33.84;yaw=0.46
359.883333445,[debug],turtlebot3,simulation,robot-pose,x=-40.39;y=25.23;yaw=0.33
359.883333445,[debug],turtlebot3,simulation,robot-pose,x=-40.39;y=25.23;yaw=0.33
360.016666651,[debug],turtlebot4,simulation,robot-pose,x=-32.93;y=33.98;yaw=-3.06
360.016666651,[debug],turtlebot4,simulation,robot-pose,x=-32.93;y=33.98;yaw=-3.06
360.183333397,[debug],turtlebot5,simulation,robot-pose,x=-25.87;y=14.85;yaw=-1.40
360.183333397,[debug],turtlebot5,simulation,robot-pose,x=-25.87;y=14.85;yaw=-1.40
373.099999905,[debug],turtlebot1,simulation,robot-pose,x=-13.44;y=17.93;yaw=-1.12
373.099999905,[debug],turtlebot1,simulation,robot-pose,x=-13.44;y=17.93;yaw=-1.12
374.75,[debug],turtlebot2,simulation,robot-pose,x=-39.50;y=33.84;yaw=0.46
374.75,[debug],turtlebot2,simulation,robot-pose,x=-39.50;y=33.84;yaw=0.46
374.883333445,[debug],turtlebot3,simulation,robot-pose,x=-40.39;y=25.23;yaw=0.33
374.883333445,[debug],turtlebot3,simulation,robot-pose,x=-40.39;y=25.23;yaw=0.33
375.016666651,[debug],turtlebot4,simulation,robot-pose,x=-32.93;y=33.98;yaw=-3.06
375.016666651,[debug],turtlebot4,simulation,robot-pose,x=-32.93;y=33.98;yaw=-3.06
375.183333397,[debug],turtlebot5,simulation,robot-pose,x=-25.81;y=13.60;yaw=-1.82
375.183333397,[debug],turtlebot5,simulation,robot-pose,x=-25.81;y=13.60;yaw=-1.82
384.333333254,[debug],turtlebot5,move-base-info,Hooray, the base moved arrived,(x=-26;y=13)
384.333333254,[debug],turtlebot5,move-base-info,Hooray, the base moved arrived,(x=-26;y=13)
384.5,[debug],turtlebot5,task-update,navigation,way-point-reached,100.0%
384.583333254,[debug],turtlebot5,available-skills,['send_message', 'wait_message', 'approach_person', 'approach_robot', 'authenticate_person', 'deposit', 'navigation', 'operate_drawer', 'pick_up'],
384.583333254,[info],turtlebot5,skill-life-cycle,approach_robot,(status=STARTED, parameters=['lab_arm'])
384.683333397,[debug],turtlebot5,task-update,approach_robot,localize-robot,(who=lab_arm)
384.766666651,[debug],turtlebot5,task-update,approach_robot,goto-robot,(who=lab_arm)
384.849999905,[debug],turtlebot5,available-skills,['send_message', 'wait_message', 'approach_person', 'approach_robot', 'authenticate_person', 'deposit', 'navigation', 'operate_drawer', 'pick_up'],
384.849999905,[info],turtlebot5,skill-life-cycle,operate_drawer,(status=STARTED, parameters=['open'])
384.900000095,[debug],turtlebot5,task-update,operate_drawer,open
385.866666555,[debug],turtlebot5,available-skills,['send_message', 'wait_message', 'approach_person', 'approach_robot', 'authenticate_person', 'deposit', 'navigation', 'operate_drawer', 'pick_up'],
385.883333445,[info],turtlebot5,skill-life-cycle,send_message,(status=STARTED, parameters=['lab_arm'])
386.366666555,[info],turtlebot5,sync,send-message,(to=lab_arm)
387.233333349,[info],lab_arm,sync,wait-message,(status=message-received)
387.233333349,[info],lab_arm,sync,wait-message,(status=message-received)
387.233333349,[info],Inventory,sync,wait-sample,(status=sample-received)
387.233333349,ENDSIM
387.233333349,[info],Inventory,sync,wait-sample,(status=sample-received)
387.233333349,ENDSIM
388.099999905,[debug],turtlebot1,simulation,robot-pose,x=-13.44;y=17.93;yaw=-1.11
388.116666555,[debug],turtlebot1,simulation,robot-pose,x=-13.44;y=17.93;yaw=-1.11
389.75,[debug],turtlebot2,simulation,robot-pose,x=-39.50;y=33.84;yaw=0.46
389.75,[debug],turtlebot2,simulation,robot-pose,x=-39.50;y=33.84;yaw=0.46
389.883333445,[debug],turtlebot3,simulation,robot-pose,x=-40.39;y=25.23;yaw=0.33
389.883333445,[debug],turtlebot3,simulation,robot-pose,x=-40.39;y=25.23;yaw=0.33
390.016666651,[debug],turtlebot4,simulation,robot-pose,x=-32.93;y=33.98;yaw=-3.06
390.016666651,[debug],turtlebot4,simulation,robot-pose,x=-32.93;y=33.98;yaw=-3.06
390.183333397,[debug],turtlebot5,simulation,robot-pose,x=-25.86;y=13.40;yaw=1.62
390.183333397,[debug],turtlebot5,simulation,robot-pose,x=-25.86;y=13.40;yaw=1.62
397.233333349,[info],Inventory,sync,wait-sample,(status=sample-received)
397.233333349,[info],Inventory,sync,wait-sample,(status=sample-received)
397.233333349,ENDSIM
397.233333349,ENDSIM
397.25,[info],lab_arm,sync,wait-message,(status=message-received)
397.25,[info],lab_arm,sync,wait-message,(status=message-received)
397.25,[info],Inventory,sync,wait-sample,(status=sample-received)
397.25,[info],Inventory,sync,wait-sample,(status=sample-received)
397.25,ENDSIM
397.25,ENDSIM
0.0,[debug],simulation closed,reach-target,execution-wall-clock=489.53542709350586
