1.76666665077,[debug],turtlebot5,move-base-info,Move_base is up and ok....,
2.18333339691,[debug],turtlebot4,move-base-info,Move_base is up and ok....,
3.84999990463,[debug],turtlebot2,move-base-info,Move_base is up and ok....,
10.1833333969,[info],turtlebot3,skill-life-cycle,init_robobt,(status=RUNNING, parameters=[])
11.7666666508,[info],turtlebot5,skill-life-cycle,init_robobt,(status=RUNNING, parameters=[])
11.8333332539,[info],turtlebot4,skill-life-cycle,init_robobt,(status=RUNNING, parameters=[])
11.9000000954,[info],turtlebot2,skill-life-cycle,init_robobt,(status=RUNNING, parameters=[])
12.9000000954,[debug],turtlebot3,available-skills,['send_message', 'wait_message', 'approach_person', 'approach_robot', 'authenticate_person', 'deposit', 'navigation', 'operate_drawer', 'pick_up'],
12.9000000954,[info],turtlebot3,skill-life-cycle,navigation,(status=STARTED, parameters=[[-37.0, 25.37, -1.5707963267948966, True], [-37.0, 16.0, 0.0, True], [-28.5, 16.0, 1.5707963267948966, True], [-28.5, 18.0, -1.57, False]])
23.9000000954,[debug],turtlebot1,simulation,robot-pose,x=-33.83;y=18.78;yaw=2.80
23.9000000954,[debug],turtlebot1,simulation,robot-pose,x=-33.83;y=18.78;yaw=2.80
24.2166666985,[debug],turtlebot2,simulation,robot-pose,x=-27.23;y=18.02;yaw=-1.59
24.2333333492,[debug],turtlebot3,simulation,robot-pose,x=-40.03;y=24.88;yaw=-1.05
24.25,[debug],turtlebot4,simulation,robot-pose,x=-20.99;y=18.00;yaw=-1.54
24.2666666508,[debug],turtlebot5,simulation,robot-pose,x=-38.00;y=21.48;yaw=0.01
24.2833333015,[debug],turtlebot2,simulation,robot-pose,x=-27.23;y=18.02;yaw=-1.59
24.2833333015,[debug],turtlebot3,simulation,robot-pose,x=-40.03;y=24.88;yaw=-1.05
24.2833333015,[debug],turtlebot4,simulation,robot-pose,x=-20.99;y=18.00;yaw=-1.54
24.2999999523,[debug],turtlebot5,simulation,robot-pose,x=-38.00;y=21.48;yaw=0.01
38.9000000954,[debug],turtlebot1,simulation,robot-pose,x=-33.84;y=18.78;yaw=2.82
38.9000000954,[debug],turtlebot1,simulation,robot-pose,x=-33.84;y=18.78;yaw=2.82
39.2166666985,[debug],turtlebot2,simulation,robot-pose,x=-27.22;y=18.03;yaw=-1.59
39.2333333492,[debug],turtlebot3,simulation,robot-pose,x=-39.07;y=23.68;yaw=-0.75
39.25,[debug],turtlebot4,simulation,robot-pose,x=-20.99;y=18.00;yaw=-1.54
39.2666666508,[debug],turtlebot5,simulation,robot-pose,x=-38.00;y=21.48;yaw=0.01
39.2833333015,[debug],turtlebot2,simulation,robot-pose,x=-27.22;y=18.03;yaw=-1.59
39.2999999523,[debug],turtlebot3,simulation,robot-pose,x=-39.07;y=23.68;yaw=-0.75
39.2999999523,[debug],turtlebot4,simulation,robot-pose,x=-20.99;y=18.00;yaw=-1.54
39.2999999523,[debug],turtlebot5,simulation,robot-pose,x=-38.00;y=21.48;yaw=0.01
53.9000000954,[debug],turtlebot1,simulation,robot-pose,x=-33.85;y=18.78;yaw=2.84
53.9000000954,[debug],turtlebot1,simulation,robot-pose,x=-33.85;y=18.78;yaw=2.84
54.2166666985,[debug],turtlebot2,simulation,robot-pose,x=-27.22;y=18.03;yaw=-1.58
54.2333333492,[debug],turtlebot3,simulation,robot-pose,x=-37.91;y=23.09;yaw=0.20
54.25,[debug],turtlebot4,simulation,robot-pose,x=-20.99;y=18.00;yaw=-1.54
54.2666666508,[debug],turtlebot5,simulation,robot-pose,x=-38.00;y=21.48;yaw=0.01
54.2999999523,[debug],turtlebot2,simulation,robot-pose,x=-27.22;y=18.03;yaw=-1.58
54.2999999523,[debug],turtlebot3,simulation,robot-pose,x=-37.91;y=23.09;yaw=0.20
54.2999999523,[debug],turtlebot4,simulation,robot-pose,x=-20.99;y=18.00;yaw=-1.54
54.2999999523,[debug],turtlebot5,simulation,robot-pose,x=-38.00;y=21.48;yaw=0.01
57.6333334446,[info],turtlebot3,skill-life-cycle,navigation,(status=RUNNING, parameters=[[-37.0, 25.37, -1.5707963267948966, True], [-37.0, 16.0, 0.0, True], [-28.5, 16.0, 1.5707963267948966, True], [-28.5, 18.0, -1.57, False]])
68.9000000954,[debug],turtlebot1,simulation,robot-pose,x=-33.85;y=18.78;yaw=2.85
68.9000000954,[debug],turtlebot1,simulation,robot-pose,x=-33.85;y=18.78;yaw=2.85
69.2166666985,[debug],turtlebot2,simulation,robot-pose,x=-27.22;y=18.03;yaw=-1.58
69.2333333492,[debug],turtlebot3,simulation,robot-pose,x=-36.97;y=24.18;yaw=1.52
69.25,[debug],turtlebot4,simulation,robot-pose,x=-20.99;y=18.00;yaw=-1.54
69.2666666508,[debug],turtlebot5,simulation,robot-pose,x=-38.00;y=21.48;yaw=0.01
69.2999999523,[debug],turtlebot2,simulation,robot-pose,x=-27.22;y=18.03;yaw=-1.58
69.2999999523,[debug],turtlebot3,simulation,robot-pose,x=-36.97;y=24.18;yaw=1.52
69.2999999523,[debug],turtlebot4,simulation,robot-pose,x=-20.99;y=18.00;yaw=-1.54
69.2999999523,[debug],turtlebot5,simulation,robot-pose,x=-38.00;y=21.48;yaw=0.01
81.0499999523,[debug],turtlebot3,move-base-info,Hooray, the base moved arrived,(x=-37;y=25.37)
81.0499999523,[debug],turtlebot3,move-base-info,Hooray, the base moved arrived,(x=-37;y=25.37)
81.0999999046,[debug],turtlebot3,task-update,navigation,way-point-reached,25.0%
83.9000000954,[debug],turtlebot1,simulation,robot-pose,x=-33.85;y=18.78;yaw=2.87
83.9000000954,[debug],turtlebot1,simulation,robot-pose,x=-33.85;y=18.78;yaw=2.87
84.2166666985,[debug],turtlebot2,simulation,robot-pose,x=-27.22;y=18.03;yaw=-1.58
84.2333333492,[debug],turtlebot3,simulation,robot-pose,x=-37.18;y=24.97;yaw=-1.62
84.25,[debug],turtlebot4,simulation,robot-pose,x=-20.99;y=18.00;yaw=-1.54
84.2666666508,[debug],turtlebot5,simulation,robot-pose,x=-38.00;y=21.48;yaw=0.01
84.2833333015,[debug],turtlebot2,simulation,robot-pose,x=-27.22;y=18.03;yaw=-1.58
84.2833333015,[debug],turtlebot3,simulation,robot-pose,x=-37.18;y=24.97;yaw=-1.62
84.2833333015,[debug],turtlebot4,simulation,robot-pose,x=-20.99;y=18.00;yaw=-1.54
84.2833333015,[debug],turtlebot5,simulation,robot-pose,x=-38.00;y=21.48;yaw=0.01
98.9000000954,[debug],turtlebot1,simulation,robot-pose,x=-33.85;y=18.78;yaw=2.89
98.9000000954,[debug],turtlebot1,simulation,robot-pose,x=-33.85;y=18.78;yaw=2.89
99.2166666985,[debug],turtlebot2,simulation,robot-pose,x=-27.22;y=18.03;yaw=-1.58
99.2333333492,[debug],turtlebot3,simulation,robot-pose,x=-37.07;y=22.92;yaw=-1.77
99.25,[debug],turtlebot4,simulation,robot-pose,x=-20.99;y=18.00;yaw=-1.54
99.2666666508,[debug],turtlebot5,simulation,robot-pose,x=-38.00;y=21.48;yaw=0.01
99.2999999523,[debug],turtlebot2,simulation,robot-pose,x=-27.22;y=18.03;yaw=-1.58
99.2999999523,[debug],turtlebot3,simulation,robot-pose,x=-37.07;y=22.92;yaw=-1.77
99.2999999523,[debug],turtlebot4,simulation,robot-pose,x=-20.99;y=18.00;yaw=-1.54
99.2999999523,[debug],turtlebot5,simulation,robot-pose,x=-38.00;y=21.48;yaw=0.01
108.966666698,[info],turtlebot3,skill-life-cycle,navigation,(status=RUNNING, parameters=[[-37.0, 25.37, -1.5707963267948966, True], [-37.0, 16.0, 0.0, True], [-28.5, 16.0, 1.5707963267948966, True], [-28.5, 18.0, -1.57, False]])
113.900000095,[debug],turtlebot1,simulation,robot-pose,x=-33.86;y=18.79;yaw=2.91
113.900000095,[debug],turtlebot1,simulation,robot-pose,x=-33.86;y=18.79;yaw=2.91
114.216666698,[debug],turtlebot2,simulation,robot-pose,x=-27.22;y=18.03;yaw=-1.58
114.233333349,[debug],turtlebot3,simulation,robot-pose,x=-37.04;y=20.47;yaw=-1.63
114.25,[debug],turtlebot4,simulation,robot-pose,x=-20.99;y=18.00;yaw=-1.54
114.266666651,[debug],turtlebot5,simulation,robot-pose,x=-38.00;y=21.48;yaw=0.01
114.333333254,[debug],turtlebot2,simulation,robot-pose,x=-27.22;y=18.03;yaw=-1.58
114.333333254,[debug],turtlebot3,simulation,robot-pose,x=-37.04;y=20.47;yaw=-1.63
114.333333254,[debug],turtlebot4,simulation,robot-pose,x=-20.99;y=18.00;yaw=-1.54
114.333333254,[debug],turtlebot5,simulation,robot-pose,x=-38.00;y=21.48;yaw=0.01
128.900000095,[debug],turtlebot1,simulation,robot-pose,x=-33.86;y=18.79;yaw=2.93
128.900000095,[debug],turtlebot1,simulation,robot-pose,x=-33.86;y=18.79;yaw=2.93
129.216666698,[debug],turtlebot2,simulation,robot-pose,x=-27.22;y=18.03;yaw=-1.58
129.233333349,[debug],turtlebot3,simulation,robot-pose,x=-36.96;y=18.05;yaw=-1.51
129.25,[debug],turtlebot4,simulation,robot-pose,x=-21.00;y=18.00;yaw=-1.54
129.266666651,[debug],turtlebot5,simulation,robot-pose,x=-38.00;y=21.48;yaw=0.01
129.316666603,[debug],turtlebot2,simulation,robot-pose,x=-27.22;y=18.03;yaw=-1.58
129.316666603,[debug],turtlebot3,simulation,robot-pose,x=-36.96;y=18.05;yaw=-1.51
129.316666603,[debug],turtlebot4,simulation,robot-pose,x=-21.00;y=18.00;yaw=-1.54
129.316666603,[debug],turtlebot5,simulation,robot-pose,x=-38.00;y=21.48;yaw=0.01
142.383333445,[debug],turtlebot3,move-base-info,Hooray, the base moved arrived,(x=-37;y=16)
142.383333445,[debug],turtlebot3,move-base-info,Hooray, the base moved arrived,(x=-37;y=16)
142.5,[debug],turtlebot3,task-update,navigation,way-point-reached,50.0%
143.900000095,[debug],turtlebot1,simulation,robot-pose,x=-33.87;y=18.79;yaw=2.96
143.900000095,[debug],turtlebot1,simulation,robot-pose,x=-33.87;y=18.79;yaw=2.96
144.216666698,[debug],turtlebot2,simulation,robot-pose,x=-27.22;y=18.03;yaw=-1.58
144.233333349,[debug],turtlebot3,simulation,robot-pose,x=-37.39;y=16.28;yaw=-0.05
144.25,[debug],turtlebot4,simulation,robot-pose,x=-21.00;y=18.00;yaw=-1.54
144.266666651,[debug],turtlebot5,simulation,robot-pose,x=-38.00;y=21.48;yaw=0.01
144.299999952,[debug],turtlebot2,simulation,robot-pose,x=-27.22;y=18.03;yaw=-1.58
144.299999952,[debug],turtlebot3,simulation,robot-pose,x=-37.39;y=16.28;yaw=-0.05
144.299999952,[debug],turtlebot4,simulation,robot-pose,x=-21.00;y=18.00;yaw=-1.54
144.299999952,[debug],turtlebot5,simulation,robot-pose,x=-38.00;y=21.48;yaw=0.01
158.900000095,[debug],turtlebot1,simulation,robot-pose,x=-33.87;y=18.79;yaw=2.98
158.900000095,[debug],turtlebot1,simulation,robot-pose,x=-33.87;y=18.79;yaw=2.98
159.216666698,[debug],turtlebot2,simulation,robot-pose,x=-27.22;y=18.03;yaw=-1.57
159.233333349,[debug],turtlebot3,simulation,robot-pose,x=-36.48;y=15.74;yaw=-0.63
159.25,[debug],turtlebot4,simulation,robot-pose,x=-21.00;y=18.00;yaw=-1.54
159.266666651,[debug],turtlebot5,simulation,robot-pose,x=-38.00;y=21.48;yaw=0.01
159.283333302,[debug],turtlebot2,simulation,robot-pose,x=-27.22;y=18.03;yaw=-1.57
159.283333302,[debug],turtlebot3,simulation,robot-pose,x=-36.48;y=15.74;yaw=-0.63
159.283333302,[debug],turtlebot4,simulation,robot-pose,x=-21.00;y=18.00;yaw=-1.54
159.283333302,[debug],turtlebot5,simulation,robot-pose,x=-38.00;y=21.48;yaw=0.01
160.133333445,[info],turtlebot3,skill-life-cycle,navigation,(status=RUNNING, parameters=[[-37.0, 25.37, -1.5707963267948966, True], [-37.0, 16.0, 0.0, True], [-28.5, 16.0, 1.5707963267948966, True], [-28.5, 18.0, -1.57, False]])
173.900000095,[debug],turtlebot1,simulation,robot-pose,x=-33.88;y=18.79;yaw=3.00
173.900000095,[debug],turtlebot1,simulation,robot-pose,x=-33.88;y=18.79;yaw=3.00
174.216666698,[debug],turtlebot2,simulation,robot-pose,x=-27.22;y=18.03;yaw=-1.57
174.233333349,[debug],turtlebot3,simulation,robot-pose,x=-35.27;y=15.31;yaw=-0.08
174.25,[debug],turtlebot4,simulation,robot-pose,x=-21.00;y=18.00;yaw=-1.54
174.266666651,[debug],turtlebot5,simulation,robot-pose,x=-38.00;y=21.48;yaw=0.01
174.299999952,[debug],turtlebot2,simulation,robot-pose,x=-27.22;y=18.03;yaw=-1.57
174.299999952,[debug],turtlebot3,simulation,robot-pose,x=-35.27;y=15.31;yaw=-0.08
174.299999952,[debug],turtlebot4,simulation,robot-pose,x=-21.00;y=18.00;yaw=-1.54
174.299999952,[debug],turtlebot5,simulation,robot-pose,x=-38.00;y=21.48;yaw=0.01
188.900000095,[debug],turtlebot1,simulation,robot-pose,x=-33.88;y=18.79;yaw=3.00
188.900000095,[debug],turtlebot1,simulation,robot-pose,x=-33.88;y=18.79;yaw=3.00
189.216666698,[debug],turtlebot2,simulation,robot-pose,x=-27.22;y=18.03;yaw=-1.57
189.233333349,[debug],turtlebot3,simulation,robot-pose,x=-34.02;y=15.31;yaw=0.05
189.25,[debug],turtlebot4,simulation,robot-pose,x=-21.00;y=18.00;yaw=-1.54
189.266666651,[debug],turtlebot5,simulation,robot-pose,x=-38.00;y=21.48;yaw=0.01
189.316666603,[debug],turtlebot2,simulation,robot-pose,x=-27.22;y=18.03;yaw=-1.57
189.316666603,[debug],turtlebot3,simulation,robot-pose,x=-34.02;y=15.31;yaw=0.05
189.316666603,[debug],turtlebot4,simulation,robot-pose,x=-21.00;y=18.00;yaw=-1.54
189.316666603,[debug],turtlebot5,simulation,robot-pose,x=-38.00;y=21.48;yaw=0.01
203.900000095,[debug],turtlebot1,simulation,robot-pose,x=-33.88;y=18.79;yaw=3.01
203.900000095,[debug],turtlebot1,simulation,robot-pose,x=-33.88;y=18.79;yaw=3.01
204.233333349,[debug],turtlebot2,simulation,robot-pose,x=-27.22;y=18.03;yaw=-1.57
204.233333349,[debug],turtlebot3,simulation,robot-pose,x=-32.77;y=15.33;yaw=-0.02
204.25,[debug],turtlebot4,simulation,robot-pose,x=-21.01;y=18.00;yaw=-1.54
204.266666651,[debug],turtlebot5,simulation,robot-pose,x=-38.02;y=21.48;yaw=0.03
204.283333302,[debug],turtlebot2,simulation,robot-pose,x=-27.22;y=18.03;yaw=-1.57
204.283333302,[debug],turtlebot3,simulation,robot-pose,x=-32.77;y=15.33;yaw=-0.02
204.283333302,[debug],turtlebot4,simulation,robot-pose,x=-21.01;y=18.00;yaw=-1.54
204.283333302,[debug],turtlebot5,simulation,robot-pose,x=-38.02;y=21.48;yaw=0.03
209.849999905,[info],turtlebot3,skill-life-cycle,navigation,(status=RUNNING, parameters=[[-37.0, 25.37, -1.5707963267948966, True], [-37.0, 16.0, 0.0, True], [-28.5, 16.0, 1.5707963267948966, True], [-28.5, 18.0, -1.57, False]])
218.900000095,[debug],turtlebot1,simulation,robot-pose,x=-33.88;y=18.79;yaw=3.01
218.900000095,[debug],turtlebot1,simulation,robot-pose,x=-33.88;y=18.79;yaw=3.01
219.216666698,[debug],turtlebot2,simulation,robot-pose,x=-27.21;y=18.03;yaw=-1.57
219.233333349,[debug],turtlebot3,simulation,robot-pose,x=-31.52;y=15.44;yaw=0.26
219.25,[debug],turtlebot4,simulation,robot-pose,x=-21.01;y=18.00;yaw=-1.54
219.266666651,[debug],turtlebot5,simulation,robot-pose,x=-38.02;y=21.49;yaw=0.03
219.299999952,[debug],turtlebot2,simulation,robot-pose,x=-27.21;y=18.03;yaw=-1.57
219.299999952,[debug],turtlebot3,simulation,robot-pose,x=-31.52;y=15.44;yaw=0.26
219.299999952,[debug],turtlebot4,simulation,robot-pose,x=-21.01;y=18.00;yaw=-1.54
219.299999952,[debug],turtlebot5,simulation,robot-pose,x=-38.02;y=21.49;yaw=0.03
233.900000095,[debug],turtlebot1,simulation,robot-pose,x=-33.88;y=18.79;yaw=3.01
233.900000095,[debug],turtlebot1,simulation,robot-pose,x=-33.88;y=18.79;yaw=3.01
234.216666698,[debug],turtlebot2,simulation,robot-pose,x=-27.21;y=18.03;yaw=-1.57
234.233333349,[debug],turtlebot3,simulation,robot-pose,x=-30.28;y=15.55;yaw=0.01
234.25,[debug],turtlebot4,simulation,robot-pose,x=-21.01;y=18.00;yaw=-1.54
234.266666651,[debug],turtlebot5,simulation,robot-pose,x=-38.03;y=21.49;yaw=0.03
234.283333302,[debug],turtlebot2,simulation,robot-pose,x=-27.21;y=18.03;yaw=-1.57
234.283333302,[debug],turtlebot3,simulation,robot-pose,x=-30.28;y=15.55;yaw=0.01
234.283333302,[debug],turtlebot4,simulation,robot-pose,x=-21.01;y=18.00;yaw=-1.54
234.283333302,[debug],turtlebot5,simulation,robot-pose,x=-38.03;y=21.49;yaw=0.03
248.900000095,[debug],turtlebot1,simulation,robot-pose,x=-33.88;y=18.79;yaw=3.01
248.900000095,[debug],turtlebot1,simulation,robot-pose,x=-33.88;y=18.79;yaw=3.01
249.216666698,[debug],turtlebot2,simulation,robot-pose,x=-27.21;y=18.03;yaw=-1.57
249.233333349,[debug],turtlebot3,simulation,robot-pose,x=-29.05;y=15.85;yaw=0.24
249.25,[debug],turtlebot4,simulation,robot-pose,x=-21.02;y=18.00;yaw=-1.54
249.266666651,[debug],turtlebot5,simulation,robot-pose,x=-38.04;y=21.49;yaw=0.03
249.299999952,[debug],turtlebot2,simulation,robot-pose,x=-27.21;y=18.03;yaw=-1.57
249.299999952,[debug],turtlebot3,simulation,robot-pose,x=-29.05;y=15.85;yaw=0.24
249.299999952,[debug],turtlebot4,simulation,robot-pose,x=-21.02;y=18.00;yaw=-1.54
249.299999952,[debug],turtlebot5,simulation,robot-pose,x=-38.04;y=21.49;yaw=0.03
253.900000095,[debug],turtlebot3,move-base-info,Hooray, the base moved arrived,(x=-28.5;y=16)
253.900000095,[debug],turtlebot3,move-base-info,Hooray, the base moved arrived,(x=-28.5;y=16)
254.083333254,[debug],turtlebot3,task-update,navigation,way-point-reached,75.0%
260.233333349,[info],turtlebot3,skill-life-cycle,navigation,(status=RUNNING, parameters=[[-37.0, 25.37, -1.5707963267948966, True], [-37.0, 16.0, 0.0, True], [-28.5, 16.0, 1.5707963267948966, True], [-28.5, 18.0, -1.57, False]])
263.900000095,[debug],turtlebot1,simulation,robot-pose,x=-33.88;y=18.79;yaw=3.01
263.900000095,[debug],turtlebot1,simulation,robot-pose,x=-33.88;y=18.79;yaw=3.01
264.216666698,[debug],turtlebot2,simulation,robot-pose,x=-27.21;y=18.03;yaw=-1.57
264.233333349,[debug],turtlebot3,simulation,robot-pose,x=-28.97;y=16.76;yaw=1.59
264.25,[debug],turtlebot4,simulation,robot-pose,x=-21.02;y=18.00;yaw=-1.54
264.266666651,[debug],turtlebot5,simulation,robot-pose,x=-38.05;y=21.50;yaw=0.03
264.333333254,[debug],turtlebot2,simulation,robot-pose,x=-27.21;y=18.03;yaw=-1.57
264.333333254,[debug],turtlebot3,simulation,robot-pose,x=-28.97;y=16.76;yaw=1.59
264.333333254,[debug],turtlebot4,simulation,robot-pose,x=-21.02;y=18.00;yaw=-1.54
264.333333254,[debug],turtlebot5,simulation,robot-pose,x=-38.05;y=21.50;yaw=0.03
278.900000095,[debug],turtlebot1,simulation,robot-pose,x=-33.88;y=18.79;yaw=3.01
278.900000095,[debug],turtlebot1,simulation,robot-pose,x=-33.88;y=18.79;yaw=3.01
279.216666698,[debug],turtlebot2,simulation,robot-pose,x=-27.21;y=18.03;yaw=-1.57
279.233333349,[debug],turtlebot3,simulation,robot-pose,x=-28.82;y=17.70;yaw=-1.20
279.25,[debug],turtlebot4,simulation,robot-pose,x=-21.03;y=18.00;yaw=-1.54
279.266666651,[debug],turtlebot5,simulation,robot-pose,x=-38.08;y=21.50;yaw=0.03
279.283333302,[debug],turtlebot2,simulation,robot-pose,x=-27.21;y=18.03;yaw=-1.57
279.283333302,[debug],turtlebot3,simulation,robot-pose,x=-28.82;y=17.70;yaw=-1.20
279.283333302,[debug],turtlebot4,simulation,robot-pose,x=-21.03;y=18.00;yaw=-1.54
279.283333302,[debug],turtlebot5,simulation,robot-pose,x=-38.08;y=21.50;yaw=0.03
280.716666698,[debug],turtlebot3,move-base-info,Hooray, the base moved arrived,(x=-28.5;y=18)
280.716666698,[debug],turtlebot3,move-base-info,Hooray, the base moved arrived,(x=-28.5;y=18)
280.983333349,[debug],turtlebot3,task-update,navigation,way-point-reached,100.0%
281.083333254,[debug],turtlebot3,available-skills,['send_message', 'wait_message', 'approach_person', 'approach_robot', 'authenticate_person', 'deposit', 'navigation', 'operate_drawer', 'pick_up'],
281.083333254,[info],turtlebot3,skill-life-cycle,approach_person,(status=STARTED, parameters=['nurse'])
281.150000095,[debug],turtlebot3,task-update,approach_person,localize-person,(who=nurse)
281.283333302,[debug],turtlebot3,task-update,approach_person,goto-person,(who=nurse)
281.383333445,[debug],turtlebot3,available-skills,['send_message', 'wait_message', 'approach_person', 'approach_robot', 'authenticate_person', 'deposit', 'navigation', 'operate_drawer', 'pick_up'],
281.383333445,[info],turtlebot3,skill-life-cycle,authenticate_person,(status=STARTED, parameters=['nurse'])
281.450000048,[debug],turtlebot3,task-update,authenticate_person,request-authentication,(to=nurse)
281.466666698,[info],nurse,sync,received-request,(status=sending-request)
281.466666698,[info],nurse,sync,received-request,(status=sending-request)
281.916666746,[debug],turtlebot3,task-update,authenticate_person,received-authentication,(from=nurse)
282.016666651,[debug],turtlebot3,available-skills,['send_message', 'wait_message', 'approach_person', 'approach_robot', 'authenticate_person', 'deposit', 'navigation', 'operate_drawer', 'pick_up'],
282.016666651,[info],turtlebot3,skill-life-cycle,operate_drawer,(status=STARTED, parameters=['open'])
282.066666603,[debug],turtlebot3,task-update,operate_drawer,open
283.083333254,[debug],turtlebot3,available-skills,['send_message', 'wait_message', 'approach_person', 'approach_robot', 'authenticate_person', 'deposit', 'navigation', 'operate_drawer', 'pick_up'],
283.083333254,[info],turtlebot3,skill-life-cycle,send_message,(status=STARTED, parameters=['nurse'])
283.183333397,[info],turtlebot3,sync,send-message,(to=nurse)
284.066666603,[info],nurse,sync,wait-message,(status=message-received)
284.066666603,[info],nurse,sync,wait-message,(status=message-received)
286.783333302,[debug],turtlebot3,available-skills,['send_message', 'wait_message', 'approach_person', 'approach_robot', 'authenticate_person', 'deposit', 'navigation', 'operate_drawer', 'pick_up'],
286.783333302,[info],turtlebot3,skill-life-cycle,wait_message,(status=STARTED, parameters=['r1'])
288.116666555,[info],turtlebot3,sync,wait-message,(status=message-received)
288.200000048,[debug],turtlebot3,available-skills,['send_message', 'wait_message', 'approach_person', 'approach_robot', 'authenticate_person', 'deposit', 'navigation', 'operate_drawer', 'pick_up'],
288.200000048,[info],turtlebot3,skill-life-cycle,operate_drawer,(status=STARTED, parameters=['close'])
288.266666651,[debug],turtlebot3,task-update,operate_drawer,close
289.25,[debug],turtlebot3,available-skills,['send_message', 'wait_message', 'approach_person', 'approach_robot', 'authenticate_person', 'deposit', 'navigation', 'operate_drawer', 'pick_up'],
289.25,[info],turtlebot3,skill-life-cycle,navigation,(status=STARTED, parameters=[[-28.5, 16.0, 0.0, True], [-26.0, 16.0, -1.5707963267948966, True], [-26.0, 13.0, 1.57, False]])
293.900000095,[debug],turtlebot1,simulation,robot-pose,x=-33.88;y=18.79;yaw=3.01
293.900000095,[debug],turtlebot1,simulation,robot-pose,x=-33.88;y=18.79;yaw=3.01
294.066666603,[info],nurse,sync,wait-message,(status=message-received)
294.066666603,[info],nurse,sync,wait-message,(status=message-received)
294.216666698,[debug],turtlebot2,simulation,robot-pose,x=-27.21;y=18.03;yaw=-1.57
294.233333349,[debug],turtlebot3,simulation,robot-pose,x=-28.81;y=17.67;yaw=-1.52
294.25,[debug],turtlebot4,simulation,robot-pose,x=-21.03;y=18.00;yaw=-1.54
294.266666651,[debug],turtlebot5,simulation,robot-pose,x=-38.11;y=21.50;yaw=0.03
294.299999952,[debug],turtlebot2,simulation,robot-pose,x=-27.21;y=18.03;yaw=-1.57
294.299999952,[debug],turtlebot3,simulation,robot-pose,x=-28.81;y=17.67;yaw=-1.52
294.299999952,[debug],turtlebot4,simulation,robot-pose,x=-21.03;y=18.00;yaw=-1.54
294.299999952,[debug],turtlebot5,simulation,robot-pose,x=-38.11;y=21.50;yaw=0.03
301.450000048,[info],nurse,sync,request-sent,(status=waiting)
301.450000048,[info],nurse,sync,request-sent,(status=waiting)
304.066666603,[info],nurse,sync,wait-message,(status=message-received)
304.066666603,[info],nurse,sync,wait-message,(status=message-received)
306.133333445,[debug],turtlebot3,move-base-info,Hooray, the base moved arrived,(x=-28.5;y=16)
306.133333445,[debug],turtlebot3,move-base-info,Hooray, the base moved arrived,(x=-28.5;y=16)
306.200000048,[debug],turtlebot3,task-update,navigation,way-point-reached,33.33333333333333%
308.900000095,[debug],turtlebot1,simulation,robot-pose,x=-33.88;y=18.79;yaw=3.01
308.900000095,[debug],turtlebot1,simulation,robot-pose,x=-33.88;y=18.79;yaw=3.01
309.216666698,[debug],turtlebot2,simulation,robot-pose,x=-27.21;y=18.03;yaw=-1.57
309.233333349,[debug],turtlebot3,simulation,robot-pose,x=-28.93;y=16.21;yaw=-0.04
309.25,[debug],turtlebot4,simulation,robot-pose,x=-21.03;y=18.00;yaw=-1.54
309.266666651,[debug],turtlebot5,simulation,robot-pose,x=-38.13;y=21.50;yaw=0.03
309.299999952,[debug],turtlebot2,simulation,robot-pose,x=-27.21;y=18.03;yaw=-1.57
309.299999952,[debug],turtlebot3,simulation,robot-pose,x=-28.93;y=16.21;yaw=-0.04
309.299999952,[debug],turtlebot4,simulation,robot-pose,x=-21.03;y=18.00;yaw=-1.54
309.299999952,[debug],turtlebot5,simulation,robot-pose,x=-38.13;y=21.50;yaw=0.03
312.783333302,[info],turtlebot3,skill-life-cycle,navigation,(status=RUNNING, parameters=[[-28.5, 16.0, 0.0, True], [-26.0, 16.0, -1.5707963267948966, True], [-26.0, 13.0, 1.57, False]])
314.066666603,[info],nurse,sync,wait-message,(status=message-received)
314.066666603,[info],nurse,sync,wait-message,(status=message-received)
323.900000095,[debug],turtlebot1,simulation,robot-pose,x=-33.88;y=18.79;yaw=3.01
323.900000095,[debug],turtlebot1,simulation,robot-pose,x=-33.88;y=18.79;yaw=3.01
324.216666698,[debug],turtlebot2,simulation,robot-pose,x=-27.21;y=18.03;yaw=-1.56
324.233333349,[debug],turtlebot3,simulation,robot-pose,x=-27.85;y=15.82;yaw=-0.14
324.25,[debug],turtlebot4,simulation,robot-pose,x=-21.03;y=18.00;yaw=-1.54
324.266666651,[debug],turtlebot5,simulation,robot-pose,x=-38.15;y=21.50;yaw=0.04
324.299999952,[debug],turtlebot2,simulation,robot-pose,x=-27.21;y=18.03;yaw=-1.56
324.299999952,[debug],turtlebot3,simulation,robot-pose,x=-27.85;y=15.82;yaw=-0.14
324.299999952,[debug],turtlebot4,simulation,robot-pose,x=-21.03;y=18.00;yaw=-1.54
324.299999952,[debug],turtlebot5,simulation,robot-pose,x=-38.15;y=21.50;yaw=0.04
338.900000095,[debug],turtlebot1,simulation,robot-pose,x=-33.88;y=18.79;yaw=3.01
338.900000095,[debug],turtlebot1,simulation,robot-pose,x=-33.88;y=18.79;yaw=3.01
339.216666698,[debug],turtlebot2,simulation,robot-pose,x=-27.21;y=18.02;yaw=-1.54
339.233333349,[debug],turtlebot3,simulation,robot-pose,x=-26.60;y=15.73;yaw=0.15
339.25,[debug],turtlebot4,simulation,robot-pose,x=-21.03;y=18.00;yaw=-1.54
339.266666651,[debug],turtlebot5,simulation,robot-pose,x=-38.15;y=21.51;yaw=0.05
339.283333302,[debug],turtlebot2,simulation,robot-pose,x=-27.21;y=18.02;yaw=-1.54
339.283333302,[debug],turtlebot3,simulation,robot-pose,x=-26.60;y=15.73;yaw=0.15
339.283333302,[debug],turtlebot4,simulation,robot-pose,x=-21.03;y=18.00;yaw=-1.54
339.299999952,[debug],turtlebot5,simulation,robot-pose,x=-38.15;y=21.51;yaw=0.05
346.700000048,[debug],turtlebot3,move-base-info,Hooray, the base moved arrived,(x=-26;y=16)
346.700000048,[debug],turtlebot3,move-base-info,Hooray, the base moved arrived,(x=-26;y=16)
346.816666603,[debug],turtlebot3,task-update,navigation,way-point-reached,66.66666666666666%
353.900000095,[debug],turtlebot1,simulation,robot-pose,x=-33.88;y=18.79;yaw=3.01
353.900000095,[debug],turtlebot1,simulation,robot-pose,x=-33.88;y=18.79;yaw=3.01
354.216666698,[debug],turtlebot2,simulation,robot-pose,x=-27.21;y=18.01;yaw=-1.54
354.233333349,[debug],turtlebot3,simulation,robot-pose,x=-26.35;y=15.44;yaw=-1.37
354.25,[debug],turtlebot4,simulation,robot-pose,x=-21.03;y=18.00;yaw=-1.54
354.266666651,[debug],turtlebot5,simulation,robot-pose,x=-38.15;y=21.51;yaw=0.05
354.299999952,[debug],turtlebot2,simulation,robot-pose,x=-27.21;y=18.01;yaw=-1.54
354.316666603,[debug],turtlebot3,simulation,robot-pose,x=-26.35;y=15.44;yaw=-1.37
354.316666603,[debug],turtlebot4,simulation,robot-pose,x=-21.03;y=18.00;yaw=-1.54
354.316666603,[debug],turtlebot5,simulation,robot-pose,x=-38.15;y=21.51;yaw=0.05
362.599999905,[info],turtlebot3,skill-life-cycle,navigation,(status=RUNNING, parameters=[[-28.5, 16.0, 0.0, True], [-26.0, 16.0, -1.5707963267948966, True], [-26.0, 13.0, 1.57, False]])
368.900000095,[debug],turtlebot1,simulation,robot-pose,x=-33.88;y=18.79;yaw=3.01
368.900000095,[debug],turtlebot1,simulation,robot-pose,x=-33.88;y=18.79;yaw=3.01
369.216666698,[debug],turtlebot2,simulation,robot-pose,x=-27.21;y=17.99;yaw=-1.54
369.233333349,[debug],turtlebot3,simulation,robot-pose,x=-25.88;y=13.81;yaw=-1.37
369.25,[debug],turtlebot4,simulation,robot-pose,x=-21.03;y=18.00;yaw=-1.54
369.266666651,[debug],turtlebot5,simulation,robot-pose,x=-38.15;y=21.51;yaw=0.08
369.299999952,[debug],turtlebot2,simulation,robot-pose,x=-27.21;y=17.99;yaw=-1.54
369.299999952,[debug],turtlebot3,simulation,robot-pose,x=-25.88;y=13.81;yaw=-1.37
369.299999952,[debug],turtlebot4,simulation,robot-pose,x=-21.03;y=18.00;yaw=-1.54
369.299999952,[debug],turtlebot5,simulation,robot-pose,x=-38.15;y=21.51;yaw=0.08
379.133333445,[debug],turtlebot3,move-base-info,Hooray, the base moved arrived,(x=-26;y=13)
379.133333445,[debug],turtlebot3,move-base-info,Hooray, the base moved arrived,(x=-26;y=13)
379.25,[debug],turtlebot3,task-update,navigation,way-point-reached,100.0%
379.333333254,[debug],turtlebot3,available-skills,['send_message', 'wait_message', 'approach_person', 'approach_robot', 'authenticate_person', 'deposit', 'navigation', 'operate_drawer', 'pick_up'],
379.333333254,[info],turtlebot3,skill-life-cycle,approach_robot,(status=STARTED, parameters=['lab_arm'])
379.383333445,[debug],turtlebot3,task-update,approach_robot,localize-robot,(who=lab_arm)
380.483333349,[debug],turtlebot3,task-update,approach_robot,goto-robot,(who=lab_arm)
380.583333254,[debug],turtlebot3,available-skills,['send_message', 'wait_message', 'approach_person', 'approach_robot', 'authenticate_person', 'deposit', 'navigation', 'operate_drawer', 'pick_up'],
380.583333254,[info],turtlebot3,skill-life-cycle,operate_drawer,(status=STARTED, parameters=['open'])
380.666666746,[debug],turtlebot3,task-update,operate_drawer,open
381.650000095,[debug],turtlebot3,available-skills,['send_message', 'wait_message', 'approach_person', 'approach_robot', 'authenticate_person', 'deposit', 'navigation', 'operate_drawer', 'pick_up'],
381.650000095,[info],turtlebot3,skill-life-cycle,send_message,(status=STARTED, parameters=['lab_arm'])
381.75,[info],turtlebot3,sync,send-message,(to=lab_arm)
383.133333445,[info],lab_arm,sync,wait-message,(status=message-received)
383.133333445,[info],Inventory,sync,wait-sample,(status=sample-received)
383.133333445,ENDSIM
383.150000095,[info],lab_arm,sync,wait-message,(status=message-received)
383.150000095,[info],Inventory,sync,wait-sample,(status=sample-received)
383.150000095,ENDSIM
383.900000095,[debug],turtlebot1,simulation,robot-pose,x=-33.88;y=18.79;yaw=3.01
383.900000095,[debug],turtlebot1,simulation,robot-pose,x=-33.88;y=18.79;yaw=3.01
384.216666698,[debug],turtlebot2,simulation,robot-pose,x=-27.21;y=17.98;yaw=-1.54
384.233333349,[debug],turtlebot3,simulation,robot-pose,x=-25.89;y=13.39;yaw=1.62
384.25,[debug],turtlebot4,simulation,robot-pose,x=-21.03;y=18.00;yaw=-1.54
384.266666651,[debug],turtlebot5,simulation,robot-pose,x=-38.15;y=21.51;yaw=0.11
384.366666555,[debug],turtlebot2,simulation,robot-pose,x=-27.21;y=17.98;yaw=-1.54
384.366666555,[debug],turtlebot3,simulation,robot-pose,x=-25.89;y=13.39;yaw=1.62
384.366666555,[debug],turtlebot4,simulation,robot-pose,x=-21.03;y=18.00;yaw=-1.54
384.366666555,[debug],turtlebot5,simulation,robot-pose,x=-38.15;y=21.51;yaw=0.11
393.133333445,[info],Inventory,sync,wait-sample,(status=sample-received)
393.133333445,[info],Inventory,sync,wait-sample,(status=sample-received)
393.133333445,ENDSIM
393.133333445,ENDSIM
393.133333445,[info],lab_arm,sync,wait-message,(status=message-received)
393.133333445,[info],lab_arm,sync,wait-message,(status=message-received)
393.133333445,[info],Inventory,sync,wait-sample,(status=sample-received)
393.133333445,[info],Inventory,sync,wait-sample,(status=sample-received)
393.133333445,ENDSIM
393.133333445,ENDSIM
0.0,[debug],simulation closed,reach-target,execution-wall-clock=475.4875910282135
