5.58333325386,[debug],turtlebot3,move-base-info,Move_base is up and ok....,
7.03333330154,[debug],turtlebot5,move-base-info,Move_base is up and ok....,
8.26666665077,[debug],turtlebot1,move-base-info,Move_base is up and ok....,
13.6500000954,[info],turtlebot4,skill-life-cycle,init_robobt,(status=RUNNING, parameters=[])
13.7999999523,[info],turtlebot3,skill-life-cycle,init_robobt,(status=RUNNING, parameters=[])
14.1333334446,[info],turtlebot1,skill-life-cycle,init_robobt,(status=RUNNING, parameters=[])
14.5499999523,[info],turtlebot5,skill-life-cycle,init_robobt,(status=RUNNING, parameters=[])
17.7833333015,[debug],turtlebot3,available-skills,['send_message', 'wait_message', 'approach_person', 'approach_robot', 'authenticate_person', 'deposit', 'navigation', 'operate_drawer', 'pick_up'],
17.7833333015,[info],turtlebot3,skill-life-cycle,navigation,(status=STARTED, parameters=[[-37.0, 33.95, -1.5707963267948966, True], [-37.0, 21.5, 3.141592653589793, True], [-38.0, 21.5, 0.0, False]])
25.1166665554,[debug],turtlebot1,simulation,robot-pose,x=-13.50;y=18.00;yaw=-1.50
25.1166665554,[debug],turtlebot1,simulation,robot-pose,x=-13.50;y=18.00;yaw=-1.50
25.3166666031,[debug],turtlebot2,simulation,robot-pose,x=-39.51;y=33.84;yaw=0.46
25.3166666031,[debug],turtlebot2,simulation,robot-pose,x=-39.51;y=33.84;yaw=0.46
25.3166666031,[debug],turtlebot3,simulation,robot-pose,x=-40.25;y=25.20;yaw=-0.77
25.3166666031,[debug],turtlebot3,simulation,robot-pose,x=-40.25;y=25.20;yaw=-0.77
25.3333332539,[debug],turtlebot5,simulation,robot-pose,x=-20.99;y=18.00;yaw=-1.54
25.3333332539,[debug],turtlebot5,simulation,robot-pose,x=-20.99;y=18.00;yaw=-1.54
25.3499999046,[debug],turtlebot4,simulation,robot-pose,x=-32.89;y=33.97;yaw=-3.10
25.3499999046,[debug],turtlebot4,simulation,robot-pose,x=-32.89;y=33.97;yaw=-3.10
40.0999999046,[debug],turtlebot1,simulation,robot-pose,x=-13.49;y=18.00;yaw=-1.49
40.0999999046,[debug],turtlebot1,simulation,robot-pose,x=-13.49;y=18.00;yaw=-1.49
40.3166666031,[debug],turtlebot2,simulation,robot-pose,x=-39.51;y=33.84;yaw=0.46
40.3166666031,[debug],turtlebot3,simulation,robot-pose,x=-39.33;y=23.91;yaw=-0.91
40.3166666031,[debug],turtlebot2,simulation,robot-pose,x=-39.51;y=33.84;yaw=0.46
40.3166666031,[debug],turtlebot3,simulation,robot-pose,x=-39.33;y=23.91;yaw=-0.91
40.3333332539,[debug],turtlebot5,simulation,robot-pose,x=-20.99;y=18.00;yaw=-1.54
40.3333332539,[debug],turtlebot5,simulation,robot-pose,x=-20.99;y=18.00;yaw=-1.54
40.3499999046,[debug],turtlebot4,simulation,robot-pose,x=-32.89;y=33.97;yaw=-3.10
40.3499999046,[debug],turtlebot4,simulation,robot-pose,x=-32.89;y=33.97;yaw=-3.10
55.0999999046,[debug],turtlebot1,simulation,robot-pose,x=-13.49;y=18.00;yaw=-1.48
55.0999999046,[debug],turtlebot1,simulation,robot-pose,x=-13.49;y=18.00;yaw=-1.48
55.3166666031,[debug],turtlebot2,simulation,robot-pose,x=-39.51;y=33.84;yaw=0.46
55.3166666031,[debug],turtlebot3,simulation,robot-pose,x=-38.21;y=23.11;yaw=-0.29
55.3166666031,[debug],turtlebot2,simulation,robot-pose,x=-39.51;y=33.84;yaw=0.46
55.3166666031,[debug],turtlebot3,simulation,robot-pose,x=-38.21;y=23.11;yaw=-0.29
55.3333332539,[debug],turtlebot5,simulation,robot-pose,x=-20.99;y=18.00;yaw=-1.54
55.3333332539,[debug],turtlebot5,simulation,robot-pose,x=-20.99;y=18.00;yaw=-1.54
55.3499999046,[debug],turtlebot4,simulation,robot-pose,x=-32.89;y=33.97;yaw=-3.10
55.3499999046,[debug],turtlebot4,simulation,robot-pose,x=-32.89;y=33.97;yaw=-3.10
63.0333333015,[info],turtlebot3,skill-life-cycle,navigation,(status=RUNNING, parameters=[[-37.0, 33.95, -1.5707963267948966, True], [-37.0, 21.5, 3.141592653589793, True], [-38.0, 21.5, 0.0, False]])
70.0999999046,[debug],turtlebot1,simulation,robot-pose,x=-13.49;y=18.00;yaw=-1.46
70.0999999046,[debug],turtlebot1,simulation,robot-pose,x=-13.49;y=18.00;yaw=-1.46
70.3166666031,[debug],turtlebot3,simulation,robot-pose,x=-37.02;y=23.42;yaw=0.82
70.3166666031,[debug],turtlebot3,simulation,robot-pose,x=-37.02;y=23.42;yaw=0.82
70.3166666031,[debug],turtlebot2,simulation,robot-pose,x=-39.51;y=33.84;yaw=0.46
70.3166666031,[debug],turtlebot2,simulation,robot-pose,x=-39.51;y=33.84;yaw=0.46
70.3333332539,[debug],turtlebot5,simulation,robot-pose,x=-20.99;y=18.00;yaw=-1.54
70.3333332539,[debug],turtlebot5,simulation,robot-pose,x=-20.99;y=18.00;yaw=-1.54
70.3499999046,[debug],turtlebot4,simulation,robot-pose,x=-32.89;y=33.97;yaw=-3.10
70.3499999046,[debug],turtlebot4,simulation,robot-pose,x=-32.89;y=33.97;yaw=-3.10
85.0999999046,[debug],turtlebot1,simulation,robot-pose,x=-13.49;y=17.99;yaw=-1.45
85.0999999046,[debug],turtlebot1,simulation,robot-pose,x=-13.49;y=17.99;yaw=-1.45
85.3166666031,[debug],turtlebot3,simulation,robot-pose,x=-36.78;y=25.59;yaw=1.53
85.3166666031,[debug],turtlebot3,simulation,robot-pose,x=-36.78;y=25.59;yaw=1.53
85.3166666031,[debug],turtlebot2,simulation,robot-pose,x=-39.51;y=33.84;yaw=0.46
85.3166666031,[debug],turtlebot2,simulation,robot-pose,x=-39.51;y=33.84;yaw=0.46
85.3333332539,[debug],turtlebot5,simulation,robot-pose,x=-20.99;y=18.00;yaw=-1.54
85.3333332539,[debug],turtlebot5,simulation,robot-pose,x=-20.99;y=18.00;yaw=-1.54
85.3499999046,[debug],turtlebot4,simulation,robot-pose,x=-32.90;y=33.97;yaw=-3.10
85.3499999046,[debug],turtlebot4,simulation,robot-pose,x=-32.90;y=33.97;yaw=-3.10
100.099999905,[debug],turtlebot1,simulation,robot-pose,x=-13.49;y=17.99;yaw=-1.43
100.099999905,[debug],turtlebot1,simulation,robot-pose,x=-13.49;y=17.99;yaw=-1.43
100.316666603,[debug],turtlebot2,simulation,robot-pose,x=-39.51;y=33.84;yaw=0.46
100.316666603,[debug],turtlebot2,simulation,robot-pose,x=-39.51;y=33.84;yaw=0.46
100.316666603,[debug],turtlebot3,simulation,robot-pose,x=-36.77;y=27.86;yaw=1.54
100.316666603,[debug],turtlebot3,simulation,robot-pose,x=-36.77;y=27.86;yaw=1.54
100.333333254,[debug],turtlebot5,simulation,robot-pose,x=-20.99;y=18.00;yaw=-1.54
100.333333254,[debug],turtlebot5,simulation,robot-pose,x=-20.99;y=18.00;yaw=-1.54
100.349999905,[debug],turtlebot4,simulation,robot-pose,x=-32.90;y=33.97;yaw=-3.10
100.366666555,[debug],turtlebot4,simulation,robot-pose,x=-32.90;y=33.97;yaw=-3.10
113.599999905,[info],turtlebot3,skill-life-cycle,navigation,(status=RUNNING, parameters=[[-37.0, 33.95, -1.5707963267948966, True], [-37.0, 21.5, 3.141592653589793, True], [-38.0, 21.5, 0.0, False]])
115.099999905,[debug],turtlebot1,simulation,robot-pose,x=-13.49;y=17.99;yaw=-1.41
115.099999905,[debug],turtlebot1,simulation,robot-pose,x=-13.49;y=17.99;yaw=-1.41
115.316666603,[debug],turtlebot2,simulation,robot-pose,x=-39.51;y=33.84;yaw=0.46
115.316666603,[debug],turtlebot2,simulation,robot-pose,x=-39.51;y=33.84;yaw=0.46
115.316666603,[debug],turtlebot3,simulation,robot-pose,x=-36.59;y=28.67;yaw=1.53
115.316666603,[debug],turtlebot3,simulation,robot-pose,x=-36.59;y=28.67;yaw=1.53
115.333333254,[debug],turtlebot5,simulation,robot-pose,x=-20.99;y=18.00;yaw=-1.54
115.333333254,[debug],turtlebot5,simulation,robot-pose,x=-20.99;y=18.00;yaw=-1.54
115.349999905,[debug],turtlebot4,simulation,robot-pose,x=-32.90;y=33.97;yaw=-3.09
115.349999905,[debug],turtlebot4,simulation,robot-pose,x=-32.90;y=33.97;yaw=-3.09
130.099999905,[debug],turtlebot1,simulation,robot-pose,x=-13.49;y=17.98;yaw=-1.39
130.099999905,[debug],turtlebot1,simulation,robot-pose,x=-13.49;y=17.98;yaw=-1.39
130.316666603,[debug],turtlebot2,simulation,robot-pose,x=-39.51;y=33.84;yaw=0.46
130.316666603,[debug],turtlebot3,simulation,robot-pose,x=-36.57;y=31.15;yaw=1.57
130.316666603,[debug],turtlebot2,simulation,robot-pose,x=-39.51;y=33.84;yaw=0.46
130.316666603,[debug],turtlebot3,simulation,robot-pose,x=-36.57;y=31.15;yaw=1.57
130.333333254,[debug],turtlebot5,simulation,robot-pose,x=-21.00;y=18.00;yaw=-1.54
130.333333254,[debug],turtlebot5,simulation,robot-pose,x=-21.00;y=18.00;yaw=-1.54
130.349999905,[debug],turtlebot4,simulation,robot-pose,x=-32.90;y=33.97;yaw=-3.09
130.349999905,[debug],turtlebot4,simulation,robot-pose,x=-32.90;y=33.97;yaw=-3.09
145.099999905,[debug],turtlebot1,simulation,robot-pose,x=-13.49;y=17.98;yaw=-1.37
145.099999905,[debug],turtlebot1,simulation,robot-pose,x=-13.49;y=17.98;yaw=-1.37
145.316666603,[debug],turtlebot2,simulation,robot-pose,x=-39.50;y=33.84;yaw=0.46
145.316666603,[debug],turtlebot3,simulation,robot-pose,x=-36.77;y=33.53;yaw=2.60
145.316666603,[debug],turtlebot2,simulation,robot-pose,x=-39.50;y=33.84;yaw=0.46
145.316666603,[debug],turtlebot3,simulation,robot-pose,x=-36.77;y=33.53;yaw=2.60
145.333333254,[debug],turtlebot5,simulation,robot-pose,x=-21.00;y=18.00;yaw=-1.54
145.333333254,[debug],turtlebot5,simulation,robot-pose,x=-21.00;y=18.00;yaw=-1.54
145.349999905,[debug],turtlebot4,simulation,robot-pose,x=-32.90;y=33.97;yaw=-3.09
145.349999905,[debug],turtlebot4,simulation,robot-pose,x=-32.90;y=33.97;yaw=-3.09
151.016666651,[debug],turtlebot3,move-base-info,Hooray, the base moved arrived,(x=-37;y=33.95)
151.016666651,[debug],turtlebot3,move-base-info,Hooray, the base moved arrived,(x=-37;y=33.95)
151.099999905,[debug],turtlebot3,task-update,navigation,way-point-reached,33.33333333333333%
160.099999905,[debug],turtlebot1,simulation,robot-pose,x=-13.48;y=17.98;yaw=-1.35
160.099999905,[debug],turtlebot1,simulation,robot-pose,x=-13.48;y=17.98;yaw=-1.35
160.316666603,[debug],turtlebot2,simulation,robot-pose,x=-39.50;y=33.84;yaw=0.46
160.316666603,[debug],turtlebot3,simulation,robot-pose,x=-36.70;y=32.94;yaw=-1.38
160.316666603,[debug],turtlebot2,simulation,robot-pose,x=-39.50;y=33.84;yaw=0.46
160.316666603,[debug],turtlebot3,simulation,robot-pose,x=-36.70;y=32.94;yaw=-1.38
160.333333254,[debug],turtlebot5,simulation,robot-pose,x=-21.00;y=18.00;yaw=-1.54
160.333333254,[debug],turtlebot5,simulation,robot-pose,x=-21.00;y=18.00;yaw=-1.54
160.349999905,[debug],turtlebot4,simulation,robot-pose,x=-32.90;y=33.97;yaw=-3.09
160.349999905,[debug],turtlebot4,simulation,robot-pose,x=-32.90;y=33.97;yaw=-3.09
164.583333254,[info],turtlebot3,skill-life-cycle,navigation,(status=RUNNING, parameters=[[-37.0, 33.95, -1.5707963267948966, True], [-37.0, 21.5, 3.141592653589793, True], [-38.0, 21.5, 0.0, False]])
175.099999905,[debug],turtlebot1,simulation,robot-pose,x=-13.48;y=17.97;yaw=-1.33
175.099999905,[debug],turtlebot1,simulation,robot-pose,x=-13.48;y=17.97;yaw=-1.33
175.316666603,[debug],turtlebot2,simulation,robot-pose,x=-39.50;y=33.84;yaw=0.46
175.316666603,[debug],turtlebot2,simulation,robot-pose,x=-39.50;y=33.84;yaw=0.46
175.316666603,[debug],turtlebot3,simulation,robot-pose,x=-36.60;y=30.55;yaw=-1.57
175.316666603,[debug],turtlebot3,simulation,robot-pose,x=-36.60;y=30.55;yaw=-1.57
175.333333254,[debug],turtlebot5,simulation,robot-pose,x=-21.00;y=18.00;yaw=-1.54
175.333333254,[debug],turtlebot5,simulation,robot-pose,x=-21.00;y=18.00;yaw=-1.54
175.349999905,[debug],turtlebot4,simulation,robot-pose,x=-32.90;y=33.97;yaw=-3.09
175.349999905,[debug],turtlebot4,simulation,robot-pose,x=-32.90;y=33.97;yaw=-3.09
190.099999905,[debug],turtlebot1,simulation,robot-pose,x=-13.48;y=17.97;yaw=-1.31
190.099999905,[debug],turtlebot1,simulation,robot-pose,x=-13.48;y=17.97;yaw=-1.31
190.316666603,[debug],turtlebot2,simulation,robot-pose,x=-39.50;y=33.84;yaw=0.46
190.316666603,[debug],turtlebot3,simulation,robot-pose,x=-36.61;y=28.05;yaw=-1.56
190.316666603,[debug],turtlebot2,simulation,robot-pose,x=-39.50;y=33.84;yaw=0.46
190.316666603,[debug],turtlebot3,simulation,robot-pose,x=-36.61;y=28.05;yaw=-1.56
190.333333254,[debug],turtlebot5,simulation,robot-pose,x=-21.00;y=18.00;yaw=-1.54
190.333333254,[debug],turtlebot5,simulation,robot-pose,x=-21.00;y=18.00;yaw=-1.54
190.349999905,[debug],turtlebot4,simulation,robot-pose,x=-32.90;y=33.97;yaw=-3.09
190.349999905,[debug],turtlebot4,simulation,robot-pose,x=-32.90;y=33.97;yaw=-3.09
205.099999905,[debug],turtlebot1,simulation,robot-pose,x=-13.47;y=17.97;yaw=-1.29
205.099999905,[debug],turtlebot1,simulation,robot-pose,x=-13.47;y=17.97;yaw=-1.29
205.316666603,[debug],turtlebot3,simulation,robot-pose,x=-36.59;y=25.57;yaw=-1.55
205.316666603,[debug],turtlebot2,simulation,robot-pose,x=-39.50;y=33.84;yaw=0.46
205.316666603,[debug],turtlebot3,simulation,robot-pose,x=-36.59;y=25.57;yaw=-1.55
205.316666603,[debug],turtlebot2,simulation,robot-pose,x=-39.50;y=33.84;yaw=0.46
205.333333254,[debug],turtlebot5,simulation,robot-pose,x=-21.01;y=18.00;yaw=-1.54
205.333333254,[debug],turtlebot5,simulation,robot-pose,x=-21.01;y=18.00;yaw=-1.54
205.349999905,[debug],turtlebot4,simulation,robot-pose,x=-32.91;y=33.97;yaw=-3.09
205.349999905,[debug],turtlebot4,simulation,robot-pose,x=-32.91;y=33.97;yaw=-3.09
214.583333254,[info],turtlebot3,skill-life-cycle,navigation,(status=RUNNING, parameters=[[-37.0, 33.95, -1.5707963267948966, True], [-37.0, 21.5, 3.141592653589793, True], [-38.0, 21.5, 0.0, False]])
220.099999905,[debug],turtlebot1,simulation,robot-pose,x=-13.47;y=17.96;yaw=-1.27
220.099999905,[debug],turtlebot1,simulation,robot-pose,x=-13.47;y=17.96;yaw=-1.27
220.316666603,[debug],turtlebot3,simulation,robot-pose,x=-36.67;y=23.00;yaw=-1.69
220.316666603,[debug],turtlebot3,simulation,robot-pose,x=-36.67;y=23.00;yaw=-1.69
220.316666603,[debug],turtlebot2,simulation,robot-pose,x=-39.50;y=33.84;yaw=0.46
220.316666603,[debug],turtlebot2,simulation,robot-pose,x=-39.50;y=33.84;yaw=0.46
220.333333254,[debug],turtlebot5,simulation,robot-pose,x=-21.01;y=18.00;yaw=-1.54
220.333333254,[debug],turtlebot5,simulation,robot-pose,x=-21.01;y=18.00;yaw=-1.54
220.349999905,[debug],turtlebot4,simulation,robot-pose,x=-32.91;y=33.97;yaw=-3.08
220.349999905,[debug],turtlebot4,simulation,robot-pose,x=-32.91;y=33.97;yaw=-3.08
229.733333349,[debug],turtlebot3,move-base-info,Hooray, the base moved arrived,(x=-37;y=21.5)
229.833333254,[debug],turtlebot3,move-base-info,Hooray, the base moved arrived,(x=-37;y=21.5)
230.0,[debug],turtlebot3,task-update,navigation,way-point-reached,66.66666666666666%
235.099999905,[debug],turtlebot1,simulation,robot-pose,x=-13.47;y=17.96;yaw=-1.25
235.099999905,[debug],turtlebot1,simulation,robot-pose,x=-13.47;y=17.96;yaw=-1.25
235.316666603,[debug],turtlebot3,simulation,robot-pose,x=-37.00;y=21.91;yaw=-3.00
235.316666603,[debug],turtlebot3,simulation,robot-pose,x=-37.00;y=21.91;yaw=-3.00
235.316666603,[debug],turtlebot2,simulation,robot-pose,x=-39.50;y=33.84;yaw=0.46
235.316666603,[debug],turtlebot2,simulation,robot-pose,x=-39.50;y=33.84;yaw=0.46
235.333333254,[debug],turtlebot5,simulation,robot-pose,x=-21.01;y=18.00;yaw=-1.54
235.333333254,[debug],turtlebot5,simulation,robot-pose,x=-21.01;y=18.00;yaw=-1.54
235.349999905,[debug],turtlebot4,simulation,robot-pose,x=-32.91;y=33.97;yaw=-3.07
235.349999905,[debug],turtlebot4,simulation,robot-pose,x=-32.91;y=33.97;yaw=-3.07
245.483333349,[debug],turtlebot3,move-base-info,Hooray, the base moved arrived,(x=-38;y=21.5)
245.483333349,[debug],turtlebot3,move-base-info,Hooray, the base moved arrived,(x=-38;y=21.5)
245.583333254,[debug],turtlebot3,task-update,navigation,way-point-reached,100.0%
245.683333397,[debug],turtlebot3,available-skills,['send_message', 'wait_message', 'approach_person', 'approach_robot', 'authenticate_person', 'deposit', 'navigation', 'operate_drawer', 'pick_up'],
245.683333397,[info],turtlebot3,skill-life-cycle,approach_person,(status=STARTED, parameters=['nurse'])
245.766666651,[debug],turtlebot3,task-update,approach_person,localize-person,(who=nurse)
246.033333302,[debug],turtlebot3,task-update,approach_person,goto-person,(who=nurse)
246.116666555,[debug],turtlebot3,available-skills,['send_message', 'wait_message', 'approach_person', 'approach_robot', 'authenticate_person', 'deposit', 'navigation', 'operate_drawer', 'pick_up'],
246.116666555,[info],turtlebot3,skill-life-cycle,authenticate_person,(status=STARTED, parameters=['nurse'])
246.183333397,[debug],turtlebot3,task-update,authenticate_person,request-authentication,(to=nurse)
246.200000048,[info],nurse,sync,received-request,(status=sending-request)
246.200000048,[info],nurse,sync,received-request,(status=sending-request)
246.799999952,[debug],turtlebot3,task-update,authenticate_person,received-authentication,(from=nurse)
246.883333445,[debug],turtlebot3,available-skills,['send_message', 'wait_message', 'approach_person', 'approach_robot', 'authenticate_person', 'deposit', 'navigation', 'operate_drawer', 'pick_up'],
246.883333445,[info],turtlebot3,skill-life-cycle,operate_drawer,(status=STARTED, parameters=['open'])
247.016666651,[debug],turtlebot3,task-update,operate_drawer,open
247.983333349,[debug],turtlebot3,available-skills,['send_message', 'wait_message', 'approach_person', 'approach_robot', 'authenticate_person', 'deposit', 'navigation', 'operate_drawer', 'pick_up'],
247.983333349,[info],turtlebot3,skill-life-cycle,send_message,(status=STARTED, parameters=['nurse'])
248.066666603,[info],turtlebot3,sync,send-message,(to=nurse)
248.950000048,[info],nurse,sync,wait-message,(status=message-received)
248.950000048,[info],nurse,sync,wait-message,(status=message-received)
250.099999905,[debug],turtlebot1,simulation,robot-pose,x=-13.46;y=17.96;yaw=-1.23
250.099999905,[debug],turtlebot1,simulation,robot-pose,x=-13.46;y=17.96;yaw=-1.23
250.316666603,[debug],turtlebot2,simulation,robot-pose,x=-39.50;y=33.84;yaw=0.46
250.316666603,[debug],turtlebot2,simulation,robot-pose,x=-39.50;y=33.84;yaw=0.46
250.316666603,[debug],turtlebot3,simulation,robot-pose,x=-37.66;y=21.77;yaw=-0.04
250.316666603,[debug],turtlebot3,simulation,robot-pose,x=-37.66;y=21.77;yaw=-0.04
250.333333254,[debug],turtlebot5,simulation,robot-pose,x=-21.02;y=18.00;yaw=-1.54
250.333333254,[debug],turtlebot5,simulation,robot-pose,x=-21.02;y=18.00;yaw=-1.54
250.349999905,[debug],turtlebot4,simulation,robot-pose,x=-32.91;y=33.97;yaw=-3.06
250.349999905,[debug],turtlebot4,simulation,robot-pose,x=-32.91;y=33.97;yaw=-3.06
251.650000095,[debug],turtlebot3,available-skills,['send_message', 'wait_message', 'approach_person', 'approach_robot', 'authenticate_person', 'deposit', 'navigation', 'operate_drawer', 'pick_up'],
251.650000095,[info],turtlebot3,skill-life-cycle,wait_message,(status=STARTED, parameters=['r1'])
253.033333302,[info],turtlebot3,sync,wait-message,(status=message-received)
253.116666555,[debug],turtlebot3,available-skills,['send_message', 'wait_message', 'approach_person', 'approach_robot', 'authenticate_person', 'deposit', 'navigation', 'operate_drawer', 'pick_up'],
253.116666555,[info],turtlebot3,skill-life-cycle,operate_drawer,(status=STARTED, parameters=['close'])
253.216666698,[debug],turtlebot3,task-update,operate_drawer,close
254.183333397,[debug],turtlebot3,available-skills,['send_message', 'wait_message', 'approach_person', 'approach_robot', 'authenticate_person', 'deposit', 'navigation', 'operate_drawer', 'pick_up'],
254.183333397,[info],turtlebot3,skill-life-cycle,navigation,(status=STARTED, parameters=[[-37.0, 21.5, -1.5707963267948966, True], [-37.0, 16.0, 0.0, True], [-26.0, 16.0, -1.5707963267948966, True], [-26.0, 13.0, 1.57, False]])
258.950000048,[info],nurse,sync,wait-message,(status=message-received)
258.966666698,[info],nurse,sync,wait-message,(status=message-received)
264.75,[debug],turtlebot3,move-base-info,Hooray, the base moved arrived,(x=-37;y=21.5)
264.849999905,[debug],turtlebot3,move-base-info,Hooray, the base moved arrived,(x=-37;y=21.5)
264.900000095,[debug],turtlebot3,task-update,navigation,way-point-reached,25.0%
265.099999905,[debug],turtlebot1,simulation,robot-pose,x=-13.46;y=17.95;yaw=-1.21
265.099999905,[debug],turtlebot1,simulation,robot-pose,x=-13.46;y=17.95;yaw=-1.21
265.316666603,[debug],turtlebot3,simulation,robot-pose,x=-37.40;y=21.75;yaw=-1.53
265.316666603,[debug],turtlebot3,simulation,robot-pose,x=-37.40;y=21.75;yaw=-1.53
265.316666603,[debug],turtlebot2,simulation,robot-pose,x=-39.50;y=33.84;yaw=0.46
265.316666603,[debug],turtlebot2,simulation,robot-pose,x=-39.50;y=33.84;yaw=0.46
265.333333254,[debug],turtlebot5,simulation,robot-pose,x=-21.02;y=18.00;yaw=-1.54
265.333333254,[debug],turtlebot5,simulation,robot-pose,x=-21.02;y=18.00;yaw=-1.54
265.349999905,[debug],turtlebot4,simulation,robot-pose,x=-32.91;y=33.97;yaw=-3.06
265.349999905,[debug],turtlebot4,simulation,robot-pose,x=-32.91;y=33.97;yaw=-3.06
266.200000048,[info],nurse,sync,request-sent,(status=waiting)
266.200000048,[info],nurse,sync,request-sent,(status=waiting)
267.583333254,[info],turtlebot3,skill-life-cycle,navigation,(status=RUNNING, parameters=[[-37.0, 21.5, -1.5707963267948966, True], [-37.0, 16.0, 0.0, True], [-26.0, 16.0, -1.5707963267948966, True], [-26.0, 13.0, 1.57, False]])
268.950000048,[info],nurse,sync,wait-message,(status=message-received)
268.950000048,[info],nurse,sync,wait-message,(status=message-received)
278.966666698,[info],nurse,sync,wait-message,(status=message-received)
278.966666698,[info],nurse,sync,wait-message,(status=message-received)
280.099999905,[debug],turtlebot1,simulation,robot-pose,x=-13.46;y=17.95;yaw=-1.19
280.099999905,[debug],turtlebot1,simulation,robot-pose,x=-13.46;y=17.95;yaw=-1.19
280.316666603,[debug],turtlebot2,simulation,robot-pose,x=-39.50;y=33.84;yaw=0.46
280.316666603,[debug],turtlebot2,simulation,robot-pose,x=-39.50;y=33.84;yaw=0.46
280.316666603,[debug],turtlebot3,simulation,robot-pose,x=-37.04;y=20.40;yaw=-1.54
280.316666603,[debug],turtlebot3,simulation,robot-pose,x=-37.04;y=20.40;yaw=-1.54
280.333333254,[debug],turtlebot5,simulation,robot-pose,x=-21.03;y=18.00;yaw=-1.54
280.333333254,[debug],turtlebot5,simulation,robot-pose,x=-21.03;y=18.00;yaw=-1.54
280.349999905,[debug],turtlebot4,simulation,robot-pose,x=-32.92;y=33.98;yaw=-3.05
280.349999905,[debug],turtlebot4,simulation,robot-pose,x=-32.92;y=33.98;yaw=-3.05
295.099999905,[debug],turtlebot1,simulation,robot-pose,x=-13.45;y=17.95;yaw=-1.17
295.099999905,[debug],turtlebot1,simulation,robot-pose,x=-13.45;y=17.95;yaw=-1.17
295.316666603,[debug],turtlebot2,simulation,robot-pose,x=-39.50;y=33.84;yaw=0.46
295.316666603,[debug],turtlebot2,simulation,robot-pose,x=-39.50;y=33.84;yaw=0.46
295.316666603,[debug],turtlebot3,simulation,robot-pose,x=-37.03;y=17.91;yaw=-1.54
295.316666603,[debug],turtlebot3,simulation,robot-pose,x=-37.03;y=17.91;yaw=-1.54
295.333333254,[debug],turtlebot5,simulation,robot-pose,x=-21.03;y=18.00;yaw=-1.54
295.333333254,[debug],turtlebot5,simulation,robot-pose,x=-21.03;y=18.00;yaw=-1.54
295.349999905,[debug],turtlebot4,simulation,robot-pose,x=-32.92;y=33.98;yaw=-3.05
295.349999905,[debug],turtlebot4,simulation,robot-pose,x=-32.92;y=33.98;yaw=-3.05
310.099999905,[debug],turtlebot1,simulation,robot-pose,x=-13.45;y=17.94;yaw=-1.16
310.099999905,[debug],turtlebot1,simulation,robot-pose,x=-13.45;y=17.94;yaw=-1.16
310.099999905,[debug],turtlebot3,move-base-info,Hooray, the base moved arrived,(x=-37;y=16)
310.099999905,[debug],turtlebot3,move-base-info,Hooray, the base moved arrived,(x=-37;y=16)
310.200000048,[debug],turtlebot3,task-update,navigation,way-point-reached,50.0%
310.316666603,[debug],turtlebot3,simulation,robot-pose,x=-37.31;y=16.37;yaw=-0.04
310.316666603,[debug],turtlebot2,simulation,robot-pose,x=-39.50;y=33.84;yaw=0.46
310.316666603,[debug],turtlebot3,simulation,robot-pose,x=-37.31;y=16.37;yaw=-0.04
310.316666603,[debug],turtlebot2,simulation,robot-pose,x=-39.50;y=33.84;yaw=0.46
310.333333254,[debug],turtlebot5,simulation,robot-pose,x=-21.03;y=18.00;yaw=-1.54
310.333333254,[debug],turtlebot5,simulation,robot-pose,x=-21.03;y=18.00;yaw=-1.54
310.349999905,[debug],turtlebot4,simulation,robot-pose,x=-32.92;y=33.98;yaw=-3.06
310.349999905,[debug],turtlebot4,simulation,robot-pose,x=-32.92;y=33.98;yaw=-3.06
317.766666651,[info],turtlebot3,skill-life-cycle,navigation,(status=RUNNING, parameters=[[-37.0, 21.5, -1.5707963267948966, True], [-37.0, 16.0, 0.0, True], [-26.0, 16.0, -1.5707963267948966, True], [-26.0, 13.0, 1.57, False]])
325.099999905,[debug],turtlebot1,simulation,robot-pose,x=-13.45;y=17.94;yaw=-1.14
325.099999905,[debug],turtlebot1,simulation,robot-pose,x=-13.45;y=17.94;yaw=-1.14
325.316666603,[debug],turtlebot3,simulation,robot-pose,x=-36.53;y=15.84;yaw=-0.73
325.316666603,[debug],turtlebot3,simulation,robot-pose,x=-36.53;y=15.84;yaw=-0.73
325.316666603,[debug],turtlebot2,simulation,robot-pose,x=-39.50;y=33.84;yaw=0.46
325.316666603,[debug],turtlebot2,simulation,robot-pose,x=-39.50;y=33.84;yaw=0.46
325.333333254,[debug],turtlebot5,simulation,robot-pose,x=-21.03;y=18.00;yaw=-1.54
325.333333254,[debug],turtlebot5,simulation,robot-pose,x=-21.03;y=18.00;yaw=-1.54
325.349999905,[debug],turtlebot4,simulation,robot-pose,x=-32.92;y=33.98;yaw=-3.06
325.349999905,[debug],turtlebot4,simulation,robot-pose,x=-32.92;y=33.98;yaw=-3.06
340.099999905,[debug],turtlebot1,simulation,robot-pose,x=-13.44;y=17.94;yaw=-1.13
340.099999905,[debug],turtlebot1,simulation,robot-pose,x=-13.44;y=17.94;yaw=-1.13
340.316666603,[debug],turtlebot2,simulation,robot-pose,x=-39.50;y=33.84;yaw=0.46
340.316666603,[debug],turtlebot2,simulation,robot-pose,x=-39.50;y=33.84;yaw=0.46
340.316666603,[debug],turtlebot3,simulation,robot-pose,x=-36.10;y=15.53;yaw=-0.55
340.316666603,[debug],turtlebot3,simulation,robot-pose,x=-36.10;y=15.53;yaw=-0.55
340.333333254,[debug],turtlebot5,simulation,robot-pose,x=-21.03;y=18.00;yaw=-1.54
340.333333254,[debug],turtlebot5,simulation,robot-pose,x=-21.03;y=18.00;yaw=-1.54
340.349999905,[debug],turtlebot4,simulation,robot-pose,x=-32.93;y=33.98;yaw=-3.06
340.349999905,[debug],turtlebot4,simulation,robot-pose,x=-32.93;y=33.98;yaw=-3.06
355.099999905,[debug],turtlebot1,simulation,robot-pose,x=-13.44;y=17.94;yaw=-1.12
355.099999905,[debug],turtlebot1,simulation,robot-pose,x=-13.44;y=17.94;yaw=-1.12
355.316666603,[debug],turtlebot3,simulation,robot-pose,x=-34.87;y=15.30;yaw=-0.02
355.316666603,[debug],turtlebot3,simulation,robot-pose,x=-34.87;y=15.30;yaw=-0.02
355.316666603,[debug],turtlebot2,simulation,robot-pose,x=-39.50;y=33.84;yaw=0.46
355.316666603,[debug],turtlebot2,simulation,robot-pose,x=-39.50;y=33.84;yaw=0.46
355.333333254,[debug],turtlebot5,simulation,robot-pose,x=-21.03;y=18.00;yaw=-1.54
355.333333254,[debug],turtlebot5,simulation,robot-pose,x=-21.03;y=18.00;yaw=-1.54
355.349999905,[debug],turtlebot4,simulation,robot-pose,x=-32.93;y=33.98;yaw=-3.06
355.349999905,[debug],turtlebot4,simulation,robot-pose,x=-32.93;y=33.98;yaw=-3.06
367.616666555,[info],turtlebot3,skill-life-cycle,navigation,(status=RUNNING, parameters=[[-37.0, 21.5, -1.5707963267948966, True], [-37.0, 16.0, 0.0, True], [-26.0, 16.0, -1.5707963267948966, True], [-26.0, 13.0, 1.57, False]])
370.099999905,[debug],turtlebot1,simulation,robot-pose,x=-13.44;y=17.93;yaw=-1.12
370.099999905,[debug],turtlebot1,simulation,robot-pose,x=-13.44;y=17.93;yaw=-1.12
370.316666603,[debug],turtlebot3,simulation,robot-pose,x=-33.62;y=15.31;yaw=0.01
370.316666603,[debug],turtlebot3,simulation,robot-pose,x=-33.62;y=15.31;yaw=0.01
370.316666603,[debug],turtlebot2,simulation,robot-pose,x=-39.50;y=33.84;yaw=0.46
370.316666603,[debug],turtlebot2,simulation,robot-pose,x=-39.50;y=33.84;yaw=0.46
370.333333254,[debug],turtlebot5,simulation,robot-pose,x=-21.03;y=18.00;yaw=-1.54
370.333333254,[debug],turtlebot5,simulation,robot-pose,x=-21.03;y=18.00;yaw=-1.54
370.349999905,[debug],turtlebot4,simulation,robot-pose,x=-32.93;y=33.98;yaw=-3.06
370.349999905,[debug],turtlebot4,simulation,robot-pose,x=-32.93;y=33.98;yaw=-3.06
385.099999905,[debug],turtlebot1,simulation,robot-pose,x=-13.44;y=17.93;yaw=-1.11
385.099999905,[debug],turtlebot1,simulation,robot-pose,x=-13.44;y=17.93;yaw=-1.11
385.316666603,[debug],turtlebot3,simulation,robot-pose,x=-32.37;y=15.31;yaw=-0.01
385.316666603,[debug],turtlebot3,simulation,robot-pose,x=-32.37;y=15.31;yaw=-0.01
385.316666603,[debug],turtlebot2,simulation,robot-pose,x=-39.50;y=33.84;yaw=0.46
385.316666603,[debug],turtlebot2,simulation,robot-pose,x=-39.50;y=33.84;yaw=0.46
385.333333254,[debug],turtlebot5,simulation,robot-pose,x=-21.03;y=18.00;yaw=-1.54
385.333333254,[debug],turtlebot5,simulation,robot-pose,x=-21.03;y=18.00;yaw=-1.54
385.349999905,[debug],turtlebot4,simulation,robot-pose,x=-32.93;y=33.98;yaw=-3.06
385.349999905,[debug],turtlebot4,simulation,robot-pose,x=-32.93;y=33.98;yaw=-3.06
400.099999905,[debug],turtlebot1,simulation,robot-pose,x=-13.43;y=17.93;yaw=-1.10
400.099999905,[debug],turtlebot1,simulation,robot-pose,x=-13.43;y=17.93;yaw=-1.10
400.316666603,[debug],turtlebot3,simulation,robot-pose,x=-31.14;y=15.59;yaw=0.30
400.316666603,[debug],turtlebot2,simulation,robot-pose,x=-39.50;y=33.84;yaw=0.46
400.316666603,[debug],turtlebot3,simulation,robot-pose,x=-31.14;y=15.59;yaw=0.30
400.316666603,[debug],turtlebot2,simulation,robot-pose,x=-39.50;y=33.84;yaw=0.46
400.333333254,[debug],turtlebot5,simulation,robot-pose,x=-21.03;y=18.00;yaw=-1.54
400.333333254,[debug],turtlebot5,simulation,robot-pose,x=-21.03;y=18.00;yaw=-1.54
400.349999905,[debug],turtlebot4,simulation,robot-pose,x=-32.93;y=33.98;yaw=-3.06
400.349999905,[debug],turtlebot4,simulation,robot-pose,x=-32.93;y=33.98;yaw=-3.06
415.099999905,[debug],turtlebot1,simulation,robot-pose,x=-13.43;y=17.93;yaw=-1.10
415.116666555,[debug],turtlebot1,simulation,robot-pose,x=-13.43;y=17.93;yaw=-1.10
415.316666603,[debug],turtlebot3,simulation,robot-pose,x=-29.91;y=15.91;yaw=0.11
415.316666603,[debug],turtlebot3,simulation,robot-pose,x=-29.91;y=15.91;yaw=0.11
415.316666603,[debug],turtlebot2,simulation,robot-pose,x=-39.50;y=33.84;yaw=0.46
415.316666603,[debug],turtlebot2,simulation,robot-pose,x=-39.50;y=33.84;yaw=0.46
415.333333254,[debug],turtlebot5,simulation,robot-pose,x=-21.03;y=18.00;yaw=-1.54
415.333333254,[debug],turtlebot5,simulation,robot-pose,x=-21.03;y=18.00;yaw=-1.54
415.349999905,[debug],turtlebot4,simulation,robot-pose,x=-32.93;y=33.98;yaw=-3.06
415.349999905,[debug],turtlebot4,simulation,robot-pose,x=-32.93;y=33.98;yaw=-3.06
417.133333445,[info],turtlebot3,skill-life-cycle,navigation,(status=RUNNING, parameters=[[-37.0, 21.5, -1.5707963267948966, True], [-37.0, 16.0, 0.0, True], [-26.0, 16.0, -1.5707963267948966, True], [-26.0, 13.0, 1.57, False]])
430.099999905,[debug],turtlebot1,simulation,robot-pose,x=-13.43;y=17.93;yaw=-1.09
430.099999905,[debug],turtlebot1,simulation,robot-pose,x=-13.43;y=17.93;yaw=-1.09
430.316666603,[debug],turtlebot3,simulation,robot-pose,x=-28.66;y=15.96;yaw=-0.01
430.316666603,[debug],turtlebot2,simulation,robot-pose,x=-39.50;y=33.84;yaw=0.46
430.316666603,[debug],turtlebot3,simulation,robot-pose,x=-28.66;y=15.96;yaw=-0.01
430.316666603,[debug],turtlebot2,simulation,robot-pose,x=-39.50;y=33.84;yaw=0.46
430.333333254,[debug],turtlebot5,simulation,robot-pose,x=-21.03;y=18.00;yaw=-1.54
430.333333254,[debug],turtlebot5,simulation,robot-pose,x=-21.03;y=18.00;yaw=-1.54
430.349999905,[debug],turtlebot4,simulation,robot-pose,x=-32.93;y=33.98;yaw=-3.06
430.349999905,[debug],turtlebot4,simulation,robot-pose,x=-32.93;y=33.98;yaw=-3.06
445.099999905,[debug],turtlebot1,simulation,robot-pose,x=-13.42;y=17.93;yaw=-1.08
445.099999905,[debug],turtlebot1,simulation,robot-pose,x=-13.42;y=17.93;yaw=-1.08
445.316666603,[debug],turtlebot3,simulation,robot-pose,x=-27.41;y=15.96;yaw=-0.00
445.316666603,[debug],turtlebot3,simulation,robot-pose,x=-27.41;y=15.96;yaw=-0.00
445.316666603,[debug],turtlebot2,simulation,robot-pose,x=-39.50;y=33.84;yaw=0.46
445.316666603,[debug],turtlebot2,simulation,robot-pose,x=-39.50;y=33.84;yaw=0.46
445.333333254,[debug],turtlebot5,simulation,robot-pose,x=-21.03;y=18.00;yaw=-1.54
445.333333254,[debug],turtlebot5,simulation,robot-pose,x=-21.03;y=18.00;yaw=-1.54
445.349999905,[debug],turtlebot4,simulation,robot-pose,x=-32.93;y=33.98;yaw=-3.06
445.349999905,[debug],turtlebot4,simulation,robot-pose,x=-32.93;y=33.98;yaw=-3.06
460.099999905,[debug],turtlebot1,simulation,robot-pose,x=-13.42;y=17.92;yaw=-1.07
460.099999905,[debug],turtlebot1,simulation,robot-pose,x=-13.42;y=17.92;yaw=-1.07
460.316666603,[debug],turtlebot3,simulation,robot-pose,x=-26.45;y=16.01;yaw=-1.49
460.316666603,[debug],turtlebot3,simulation,robot-pose,x=-26.45;y=16.01;yaw=-1.49
460.316666603,[debug],turtlebot2,simulation,robot-pose,x=-39.50;y=33.84;yaw=0.46
460.316666603,[debug],turtlebot2,simulation,robot-pose,x=-39.50;y=33.84;yaw=0.46
460.333333254,[debug],turtlebot5,simulation,robot-pose,x=-21.03;y=18.00;yaw=-1.54
460.333333254,[debug],turtlebot5,simulation,robot-pose,x=-21.03;y=18.00;yaw=-1.54
460.349999905,[debug],turtlebot4,simulation,robot-pose,x=-32.93;y=33.98;yaw=-3.06
460.349999905,[debug],turtlebot4,simulation,robot-pose,x=-32.93;y=33.98;yaw=-3.06
460.650000095,[debug],turtlebot3,move-base-info,Hooray, the base moved arrived,(x=-26;y=16)
460.650000095,[debug],turtlebot3,move-base-info,Hooray, the base moved arrived,(x=-26;y=16)
460.799999952,[debug],turtlebot3,task-update,navigation,way-point-reached,75.0%
467.366666555,[info],turtlebot3,skill-life-cycle,navigation,(status=RUNNING, parameters=[[-37.0, 21.5, -1.5707963267948966, True], [-37.0, 16.0, 0.0, True], [-26.0, 16.0, -1.5707963267948966, True], [-26.0, 13.0, 1.57, False]])
475.099999905,[debug],turtlebot1,simulation,robot-pose,x=-13.42;y=17.92;yaw=-1.06
475.099999905,[debug],turtlebot1,simulation,robot-pose,x=-13.42;y=17.92;yaw=-1.06
475.316666603,[debug],turtlebot3,simulation,robot-pose,x=-26.19;y=14.70;yaw=-1.59
475.316666603,[debug],turtlebot3,simulation,robot-pose,x=-26.19;y=14.70;yaw=-1.59
475.316666603,[debug],turtlebot2,simulation,robot-pose,x=-39.50;y=33.84;yaw=0.46
475.316666603,[debug],turtlebot2,simulation,robot-pose,x=-39.50;y=33.84;yaw=0.46
475.333333254,[debug],turtlebot5,simulation,robot-pose,x=-21.03;y=18.00;yaw=-1.54
475.333333254,[debug],turtlebot5,simulation,robot-pose,x=-21.03;y=18.00;yaw=-1.54
475.349999905,[debug],turtlebot4,simulation,robot-pose,x=-32.93;y=33.98;yaw=-3.06
475.349999905,[debug],turtlebot4,simulation,robot-pose,x=-32.93;y=33.98;yaw=-3.06
490.099999905,[debug],turtlebot1,simulation,robot-pose,x=-13.42;y=17.92;yaw=-1.05
490.099999905,[debug],turtlebot1,simulation,robot-pose,x=-13.42;y=17.92;yaw=-1.05
490.316666603,[debug],turtlebot3,simulation,robot-pose,x=-25.87;y=13.44;yaw=-2.77
490.316666603,[debug],turtlebot3,simulation,robot-pose,x=-25.87;y=13.44;yaw=-2.77
490.316666603,[debug],turtlebot2,simulation,robot-pose,x=-39.50;y=33.84;yaw=0.46
490.316666603,[debug],turtlebot2,simulation,robot-pose,x=-39.50;y=33.84;yaw=0.46
490.333333254,[debug],turtlebot5,simulation,robot-pose,x=-21.03;y=18.00;yaw=-1.54
490.333333254,[debug],turtlebot5,simulation,robot-pose,x=-21.03;y=18.00;yaw=-1.54
490.349999905,[debug],turtlebot4,simulation,robot-pose,x=-32.93;y=33.98;yaw=-3.06
490.349999905,[debug],turtlebot4,simulation,robot-pose,x=-32.93;y=33.98;yaw=-3.06
495.5,[debug],turtlebot3,move-base-info,Hooray, the base moved arrived,(x=-26;y=13)
495.5,[debug],turtlebot3,move-base-info,Hooray, the base moved arrived,(x=-26;y=13)
495.700000048,[debug],turtlebot3,task-update,navigation,way-point-reached,100.0%
495.783333302,[debug],turtlebot3,available-skills,['send_message', 'wait_message', 'approach_person', 'approach_robot', 'authenticate_person', 'deposit', 'navigation', 'operate_drawer', 'pick_up'],
495.783333302,[info],turtlebot3,skill-life-cycle,approach_robot,(status=STARTED, parameters=['lab_arm'])
495.849999905,[debug],turtlebot3,task-update,approach_robot,localize-robot,(who=lab_arm)
495.933333397,[debug],turtlebot3,task-update,approach_robot,goto-robot,(who=lab_arm)
496.033333302,[debug],turtlebot3,available-skills,['send_message', 'wait_message', 'approach_person', 'approach_robot', 'authenticate_person', 'deposit', 'navigation', 'operate_drawer', 'pick_up'],
496.033333302,[info],turtlebot3,skill-life-cycle,operate_drawer,(status=STARTED, parameters=['open'])
496.083333254,[debug],turtlebot3,task-update,operate_drawer,open
497.066666603,[debug],turtlebot3,available-skills,['send_message', 'wait_message', 'approach_person', 'approach_robot', 'authenticate_person', 'deposit', 'navigation', 'operate_drawer', 'pick_up'],
497.066666603,[info],turtlebot3,skill-life-cycle,send_message,(status=STARTED, parameters=['lab_arm'])
497.133333445,[info],turtlebot3,sync,send-message,(to=lab_arm)
498.016666651,[info],lab_arm,sync,wait-message,(status=message-received)
498.016666651,[info],lab_arm,sync,wait-message,(status=message-received)
498.016666651,[info],Inventory,sync,wait-sample,(status=sample-received)
498.016666651,[info],Inventory,sync,wait-sample,(status=sample-received)
498.016666651,ENDSIM
498.016666651,ENDSIM
505.099999905,[debug],turtlebot1,simulation,robot-pose,x=-13.42;y=17.92;yaw=-1.04
505.099999905,[debug],turtlebot1,simulation,robot-pose,x=-13.42;y=17.92;yaw=-1.04
505.316666603,[debug],turtlebot2,simulation,robot-pose,x=-39.50;y=33.84;yaw=0.46
505.316666603,[debug],turtlebot2,simulation,robot-pose,x=-39.50;y=33.84;yaw=0.46
505.316666603,[debug],turtlebot3,simulation,robot-pose,x=-25.92;y=13.39;yaw=1.62
505.316666603,[debug],turtlebot3,simulation,robot-pose,x=-25.92;y=13.39;yaw=1.62
505.333333254,[debug],turtlebot5,simulation,robot-pose,x=-21.03;y=18.00;yaw=-1.54
505.333333254,[debug],turtlebot5,simulation,robot-pose,x=-21.03;y=18.00;yaw=-1.54
505.349999905,[debug],turtlebot4,simulation,robot-pose,x=-32.93;y=33.98;yaw=-3.06
505.349999905,[debug],turtlebot4,simulation,robot-pose,x=-32.93;y=33.98;yaw=-3.06
508.016666651,[info],Inventory,sync,wait-sample,(status=sample-received)
508.016666651,ENDSIM
508.016666651,[info],Inventory,sync,wait-sample,(status=sample-received)
508.016666651,ENDSIM
508.016666651,[info],lab_arm,sync,wait-message,(status=message-received)
508.016666651,[info],Inventory,sync,wait-sample,(status=sample-received)
508.016666651,[info],lab_arm,sync,wait-message,(status=message-received)
508.016666651,[info],Inventory,sync,wait-sample,(status=sample-received)
508.016666651,ENDSIM
508.016666651,ENDSIM
0.0,[debug],simulation closed,reach-target,execution-wall-clock=615.649249792099
