1.09999990463,[debug],turtlebot1,move-base-info,Move_base is up and ok....,
1.21666669846,[debug],turtlebot2,move-base-info,Move_base is up and ok....,
1.23333334923,[debug],turtlebot5,move-base-info,Move_base is up and ok....,
2.84999990463,[debug],turtlebot3,move-base-info,Move_base is up and ok....,
3.68333339691,[debug],turtlebot4,move-base-info,Move_base is up and ok....,
8.76666665077,[info],turtlebot1,skill-life-cycle,init_robobt,(status=RUNNING, parameters=[])
8.78333330154,[info],turtlebot5,skill-life-cycle,init_robobt,(status=RUNNING, parameters=[])
8.79999995232,[debug],turtlebot2,available-skills,['send_message', 'wait_message', 'approach_person', 'approach_robot', 'authenticate_person', 'deposit', 'navigation', 'operate_drawer', 'pick_up'],
8.81666660309,[info],turtlebot2,skill-life-cycle,navigation,(status=STARTED, parameters=[[-27.23, 16.0, 3.141592653589793, True], [-37.0, 16.0, 1.5707963267948966, True], [-37.0, 18.93, 0.0, True], [-33.9, 18.93, 3.14, False]])
9.53333330154,[info],turtlebot3,skill-life-cycle,init_robobt,(status=RUNNING, parameters=[])
9.93333339691,[info],turtlebot4,skill-life-cycle,init_robobt,(status=RUNNING, parameters=[])
14.0999999046,[debug],turtlebot3,available-skills,['send_message', 'wait_message', 'approach_person', 'approach_robot', 'authenticate_person', 'deposit', 'navigation', 'operate_drawer', 'pick_up'],
14.0999999046,[info],turtlebot3,skill-life-cycle,navigation,(status=STARTED, parameters=[[-27.23, 16.0, 3.141592653589793, True], [-37.0, 16.0, 1.5707963267948966, True], [-37.0, 18.93, 0.0, True], [-33.9, 18.93, 3.14, False]])
22.9333333969,[debug],turtlebot1,simulation,robot-pose,x=-11.46;y=17.82;yaw=-1.25
22.9333333969,[debug],turtlebot1,simulation,robot-pose,x=-11.46;y=17.82;yaw=-1.25
23.2166666985,[debug],turtlebot2,simulation,robot-pose,x=-28.55;y=16.98;yaw=-1.39
23.2333333492,[debug],turtlebot3,simulation,robot-pose,x=-27.18;y=17.62;yaw=-1.46
23.2666666508,[debug],turtlebot4,simulation,robot-pose,x=-40.39;y=25.23;yaw=0.34
23.2666666508,[debug],turtlebot5,simulation,robot-pose,x=-32.89;y=33.97;yaw=-3.10
23.2999999523,[debug],turtlebot2,simulation,robot-pose,x=-28.55;y=16.98;yaw=-1.39
23.2999999523,[debug],turtlebot3,simulation,robot-pose,x=-27.18;y=17.62;yaw=-1.46
23.2999999523,[debug],turtlebot4,simulation,robot-pose,x=-40.39;y=25.23;yaw=0.34
23.2999999523,[debug],turtlebot5,simulation,robot-pose,x=-32.89;y=33.97;yaw=-3.10
37.9333333969,[debug],turtlebot1,simulation,robot-pose,x=-11.46;y=17.82;yaw=-1.25
37.9333333969,[debug],turtlebot1,simulation,robot-pose,x=-11.46;y=17.82;yaw=-1.25
38.2166666985,[debug],turtlebot2,simulation,robot-pose,x=-27.63;y=16.29;yaw=-0.83
38.2333333492,[debug],turtlebot3,simulation,robot-pose,x=-27.13;y=16.43;yaw=-1.71
38.2666666508,[debug],turtlebot5,simulation,robot-pose,x=-32.89;y=33.97;yaw=-3.10
38.2666666508,[debug],turtlebot4,simulation,robot-pose,x=-40.39;y=25.23;yaw=0.33
38.2999999523,[debug],turtlebot2,simulation,robot-pose,x=-27.63;y=16.29;yaw=-0.83
38.2999999523,[debug],turtlebot3,simulation,robot-pose,x=-27.13;y=16.43;yaw=-1.71
38.2999999523,[debug],turtlebot5,simulation,robot-pose,x=-32.89;y=33.97;yaw=-3.10
38.2999999523,[debug],turtlebot4,simulation,robot-pose,x=-40.39;y=25.23;yaw=0.33
42.6500000954,[debug],turtlebot3,move-base-info,Hooray, the base moved arrived,(x=-27.23;y=16)
42.6500000954,[debug],turtlebot3,move-base-info,Hooray, the base moved arrived,(x=-27.23;y=16)
42.7166666985,[debug],turtlebot3,task-update,navigation,way-point-reached,25.0%
45.5333333015,[debug],turtlebot2,move-base-info,Hooray, the base moved arrived,(x=-27.23;y=16)
45.5333333015,[debug],turtlebot2,move-base-info,Hooray, the base moved arrived,(x=-27.23;y=16)
45.6166665554,[debug],turtlebot2,task-update,navigation,way-point-reached,25.0%
49.8833334446,[info],turtlebot2,skill-life-cycle,navigation,(status=RUNNING, parameters=[[-27.23, 16.0, 3.141592653589793, True], [-37.0, 16.0, 1.5707963267948966, True], [-37.0, 18.93, 0.0, True], [-33.9, 18.93, 3.14, False]])
52.9333333969,[debug],turtlebot1,simulation,robot-pose,x=-11.46;y=17.82;yaw=-1.25
52.9333333969,[debug],turtlebot1,simulation,robot-pose,x=-11.46;y=17.82;yaw=-1.25
53.2166666985,[debug],turtlebot2,simulation,robot-pose,x=-28.18;y=16.24;yaw=-3.09
53.2333333492,[debug],turtlebot3,simulation,robot-pose,x=-27.67;y=16.27;yaw=-2.83
53.2666666508,[debug],turtlebot4,simulation,robot-pose,x=-40.39;y=25.23;yaw=0.33
53.2666666508,[debug],turtlebot5,simulation,robot-pose,x=-32.89;y=33.97;yaw=-3.10
53.2833333015,[debug],turtlebot2,simulation,robot-pose,x=-28.18;y=16.24;yaw=-3.09
53.2833333015,[debug],turtlebot3,simulation,robot-pose,x=-27.67;y=16.27;yaw=-2.83
53.2833333015,[debug],turtlebot4,simulation,robot-pose,x=-40.39;y=25.23;yaw=0.33
53.2833333015,[debug],turtlebot5,simulation,robot-pose,x=-32.89;y=33.97;yaw=-3.10
55.9166667461,[info],turtlebot3,skill-life-cycle,navigation,(status=RUNNING, parameters=[[-27.23, 16.0, 3.141592653589793, True], [-37.0, 16.0, 1.5707963267948966, True], [-37.0, 18.93, 0.0, True], [-33.9, 18.93, 3.14, False]])
67.9333333969,[debug],turtlebot1,simulation,robot-pose,x=-11.46;y=17.82;yaw=-1.25
67.9333333969,[debug],turtlebot1,simulation,robot-pose,x=-11.46;y=17.82;yaw=-1.25
68.2166666985,[debug],turtlebot2,simulation,robot-pose,x=-30.55;y=16.11;yaw=3.11
68.2333333492,[debug],turtlebot3,simulation,robot-pose,x=-29.93;y=16.05;yaw=-3.12
68.2666666508,[debug],turtlebot5,simulation,robot-pose,x=-32.89;y=33.97;yaw=-3.10
68.2666666508,[debug],turtlebot4,simulation,robot-pose,x=-40.39;y=25.23;yaw=0.33
68.2999999523,[debug],turtlebot2,simulation,robot-pose,x=-30.55;y=16.11;yaw=3.11
68.2999999523,[debug],turtlebot3,simulation,robot-pose,x=-29.93;y=16.05;yaw=-3.12
68.2999999523,[debug],turtlebot5,simulation,robot-pose,x=-32.89;y=33.97;yaw=-3.10
68.2999999523,[debug],turtlebot4,simulation,robot-pose,x=-40.39;y=25.23;yaw=0.33
82.9333333969,[debug],turtlebot1,simulation,robot-pose,x=-11.46;y=17.82;yaw=-1.25
82.9333333969,[debug],turtlebot1,simulation,robot-pose,x=-11.46;y=17.82;yaw=-1.25
83.2166666985,[debug],turtlebot2,simulation,robot-pose,x=-32.64;y=15.71;yaw=-3.03
83.2333333492,[debug],turtlebot3,simulation,robot-pose,x=-32.20;y=15.92;yaw=-3.07
83.2666666508,[debug],turtlebot4,simulation,robot-pose,x=-40.39;y=25.23;yaw=0.33
83.2666666508,[debug],turtlebot5,simulation,robot-pose,x=-32.90;y=33.97;yaw=-3.10
83.2999999523,[debug],turtlebot2,simulation,robot-pose,x=-32.64;y=15.71;yaw=-3.03
83.2999999523,[debug],turtlebot3,simulation,robot-pose,x=-32.20;y=15.92;yaw=-3.07
83.2999999523,[debug],turtlebot4,simulation,robot-pose,x=-40.39;y=25.23;yaw=0.33
83.2999999523,[debug],turtlebot5,simulation,robot-pose,x=-32.90;y=33.97;yaw=-3.10
94.3833334446,[info],turtlebot2,skill-life-cycle,navigation,(status=RUNNING, parameters=[[-27.23, 16.0, 3.141592653589793, True], [-37.0, 16.0, 1.5707963267948966, True], [-37.0, 18.93, 0.0, True], [-33.9, 18.93, 3.14, False]])
97.9333333969,[debug],turtlebot1,simulation,robot-pose,x=-11.46;y=17.82;yaw=-1.25
97.9333333969,[debug],turtlebot1,simulation,robot-pose,x=-11.46;y=17.82;yaw=-1.25
98.2166666985,[debug],turtlebot2,simulation,robot-pose,x=-35.62;y=16.19;yaw=3.01
98.2333333492,[debug],turtlebot3,simulation,robot-pose,x=-34.77;y=16.10;yaw=-3.06
98.2666666508,[debug],turtlebot4,simulation,robot-pose,x=-40.39;y=25.23;yaw=0.33
98.2666666508,[debug],turtlebot5,simulation,robot-pose,x=-32.90;y=33.97;yaw=-3.10
98.2833333015,[debug],turtlebot2,simulation,robot-pose,x=-35.62;y=16.19;yaw=3.01
98.2833333015,[debug],turtlebot3,simulation,robot-pose,x=-34.77;y=16.10;yaw=-3.06
98.2833333015,[debug],turtlebot4,simulation,robot-pose,x=-40.39;y=25.23;yaw=0.33
98.2999999523,[debug],turtlebot5,simulation,robot-pose,x=-32.90;y=33.97;yaw=-3.10
100.466666698,[info],turtlebot3,skill-life-cycle,navigation,(status=RUNNING, parameters=[[-27.23, 16.0, 3.141592653589793, True], [-37.0, 16.0, 1.5707963267948966, True], [-37.0, 18.93, 0.0, True], [-33.9, 18.93, 3.14, False]])
112.933333397,[debug],turtlebot1,simulation,robot-pose,x=-11.46;y=17.82;yaw=-1.25
112.933333397,[debug],turtlebot1,simulation,robot-pose,x=-11.46;y=17.82;yaw=-1.25
113.216666698,[debug],turtlebot2,simulation,robot-pose,x=-37.07;y=16.50;yaw=2.68
113.233333349,[debug],turtlebot3,simulation,robot-pose,x=-36.58;y=16.46;yaw=2.90
113.266666651,[debug],turtlebot5,simulation,robot-pose,x=-32.90;y=33.97;yaw=-3.09
113.266666651,[debug],turtlebot4,simulation,robot-pose,x=-40.39;y=25.23;yaw=0.33
113.283333302,[debug],turtlebot2,simulation,robot-pose,x=-37.07;y=16.50;yaw=2.68
113.299999952,[debug],turtlebot3,simulation,robot-pose,x=-36.58;y=16.46;yaw=2.90
113.299999952,[debug],turtlebot5,simulation,robot-pose,x=-32.90;y=33.97;yaw=-3.09
113.299999952,[debug],turtlebot4,simulation,robot-pose,x=-40.39;y=25.23;yaw=0.33
127.933333397,[debug],turtlebot1,simulation,robot-pose,x=-11.46;y=17.82;yaw=-1.25
127.933333397,[debug],turtlebot1,simulation,robot-pose,x=-11.46;y=17.82;yaw=-1.25
128.216666698,[debug],turtlebot2,simulation,robot-pose,x=-37.35;y=16.35;yaw=3.04
128.233333349,[debug],turtlebot3,simulation,robot-pose,x=-36.86;y=16.49;yaw=-2.84
128.266666651,[debug],turtlebot4,simulation,robot-pose,x=-40.39;y=25.23;yaw=0.33
128.266666651,[debug],turtlebot5,simulation,robot-pose,x=-32.90;y=33.97;yaw=-3.09
128.283333302,[debug],turtlebot2,simulation,robot-pose,x=-37.35;y=16.35;yaw=3.04
128.283333302,[debug],turtlebot3,simulation,robot-pose,x=-36.86;y=16.49;yaw=-2.84
128.283333302,[debug],turtlebot4,simulation,robot-pose,x=-40.39;y=25.23;yaw=0.33
128.283333302,[debug],turtlebot5,simulation,robot-pose,x=-32.90;y=33.97;yaw=-3.09
135.283333302,[debug],turtlebot3,move-base-info,Hooray, the base moved arrived,(x=-37;y=16)
135.299999952,[debug],turtlebot3,move-base-info,Hooray, the base moved arrived,(x=-37;y=16)
135.466666698,[debug],turtlebot3,task-update,navigation,way-point-reached,50.0%
135.5,[debug],turtlebot2,move-base-info,Hooray, the base moved arrived,(x=-37;y=16)
135.5,[debug],turtlebot2,move-base-info,Hooray, the base moved arrived,(x=-37;y=16)
135.666666746,[debug],turtlebot2,task-update,navigation,way-point-reached,50.0%
142.466666698,[info],turtlebot2,skill-life-cycle,navigation,(status=RUNNING, parameters=[[-27.23, 16.0, 3.141592653589793, True], [-37.0, 16.0, 1.5707963267948966, True], [-37.0, 18.93, 0.0, True], [-33.9, 18.93, 3.14, False]])
142.933333397,[debug],turtlebot1,simulation,robot-pose,x=-11.46;y=17.82;yaw=-1.25
142.933333397,[debug],turtlebot1,simulation,robot-pose,x=-11.46;y=17.82;yaw=-1.25
143.216666698,[debug],turtlebot2,simulation,robot-pose,x=-37.28;y=17.85;yaw=1.47
143.233333349,[debug],turtlebot3,simulation,robot-pose,x=-36.87;y=18.04;yaw=1.56
143.266666651,[debug],turtlebot5,simulation,robot-pose,x=-32.90;y=33.97;yaw=-3.09
143.266666651,[debug],turtlebot4,simulation,robot-pose,x=-40.39;y=25.23;yaw=0.33
143.283333302,[debug],turtlebot2,simulation,robot-pose,x=-37.28;y=17.85;yaw=1.47
143.283333302,[debug],turtlebot3,simulation,robot-pose,x=-36.87;y=18.04;yaw=1.56
143.283333302,[debug],turtlebot5,simulation,robot-pose,x=-32.90;y=33.97;yaw=-3.09
143.283333302,[debug],turtlebot4,simulation,robot-pose,x=-40.39;y=25.23;yaw=0.33
148.783333302,[info],turtlebot3,skill-life-cycle,navigation,(status=RUNNING, parameters=[[-27.23, 16.0, 3.141592653589793, True], [-37.0, 16.0, 1.5707963267948966, True], [-37.0, 18.93, 0.0, True], [-33.9, 18.93, 3.14, False]])
152.049999952,[debug],turtlebot2,move-base-info,Hooray, the base moved arrived,(x=-37;y=18.93)
152.049999952,[debug],turtlebot2,move-base-info,Hooray, the base moved arrived,(x=-37;y=18.93)
152.133333445,[debug],turtlebot2,task-update,navigation,way-point-reached,75.0%
157.933333397,[debug],turtlebot1,simulation,robot-pose,x=-11.46;y=17.82;yaw=-1.25
157.933333397,[debug],turtlebot1,simulation,robot-pose,x=-11.46;y=17.82;yaw=-1.25
158.216666698,[debug],turtlebot2,simulation,robot-pose,x=-37.11;y=18.61;yaw=-0.26
158.233333349,[debug],turtlebot3,simulation,robot-pose,x=-36.71;y=18.35;yaw=0.88
158.266666651,[debug],turtlebot4,simulation,robot-pose,x=-40.39;y=25.23;yaw=0.33
158.266666651,[debug],turtlebot5,simulation,robot-pose,x=-32.90;y=33.97;yaw=-3.09
158.299999952,[debug],turtlebot2,simulation,robot-pose,x=-37.11;y=18.61;yaw=-0.26
158.299999952,[debug],turtlebot3,simulation,robot-pose,x=-36.71;y=18.35;yaw=0.88
158.299999952,[debug],turtlebot4,simulation,robot-pose,x=-40.39;y=25.23;yaw=0.33
158.299999952,[debug],turtlebot5,simulation,robot-pose,x=-32.90;y=33.97;yaw=-3.09
172.933333397,[debug],turtlebot1,simulation,robot-pose,x=-11.46;y=17.82;yaw=-1.25
172.933333397,[debug],turtlebot1,simulation,robot-pose,x=-11.46;y=17.82;yaw=-1.25
173.216666698,[debug],turtlebot2,simulation,robot-pose,x=-36.99;y=18.56;yaw=-0.18
173.233333349,[debug],turtlebot3,simulation,robot-pose,x=-36.53;y=18.78;yaw=2.24
173.266666651,[debug],turtlebot4,simulation,robot-pose,x=-40.39;y=25.23;yaw=0.33
173.266666651,[debug],turtlebot5,simulation,robot-pose,x=-32.90;y=33.97;yaw=-3.09
173.299999952,[debug],turtlebot2,simulation,robot-pose,x=-36.99;y=18.56;yaw=-0.18
173.299999952,[debug],turtlebot3,simulation,robot-pose,x=-36.53;y=18.78;yaw=2.24
173.299999952,[debug],turtlebot4,simulation,robot-pose,x=-40.39;y=25.23;yaw=0.33
173.299999952,[debug],turtlebot5,simulation,robot-pose,x=-32.90;y=33.97;yaw=-3.09
179.583333254,[debug],turtlebot3,move-base-info,Hooray, the base moved arrived,(x=-37;y=18.93)
179.583333254,[debug],turtlebot3,move-base-info,Hooray, the base moved arrived,(x=-37;y=18.93)
179.733333349,[debug],turtlebot3,task-update,navigation,way-point-reached,75.0%
187.933333397,[debug],turtlebot1,simulation,robot-pose,x=-11.46;y=17.82;yaw=-1.25
187.933333397,[debug],turtlebot1,simulation,robot-pose,x=-11.46;y=17.82;yaw=-1.25
188.216666698,[debug],turtlebot2,simulation,robot-pose,x=-36.48;y=18.11;yaw=-0.61
188.25,[debug],turtlebot3,simulation,robot-pose,x=-36.30;y=18.65;yaw=-1.12
188.266666651,[debug],turtlebot4,simulation,robot-pose,x=-40.39;y=25.23;yaw=0.33
188.266666651,[debug],turtlebot5,simulation,robot-pose,x=-32.90;y=33.97;yaw=-3.09
188.299999952,[debug],turtlebot2,simulation,robot-pose,x=-36.48;y=18.11;yaw=-0.61
188.299999952,[debug],turtlebot3,simulation,robot-pose,x=-36.30;y=18.65;yaw=-1.12
188.299999952,[debug],turtlebot4,simulation,robot-pose,x=-40.39;y=25.23;yaw=0.33
188.299999952,[debug],turtlebot5,simulation,robot-pose,x=-32.90;y=33.97;yaw=-3.09
189.083333254,[info],turtlebot2,skill-life-cycle,navigation,(status=RUNNING, parameters=[[-27.23, 16.0, 3.141592653589793, True], [-37.0, 16.0, 1.5707963267948966, True], [-37.0, 18.93, 0.0, True], [-33.9, 18.93, 3.14, False]])
195.183333397,[info],turtlebot3,skill-life-cycle,navigation,(status=RUNNING, parameters=[[-27.23, 16.0, 3.141592653589793, True], [-37.0, 16.0, 1.5707963267948966, True], [-37.0, 18.93, 0.0, True], [-33.9, 18.93, 3.14, False]])
202.933333397,[debug],turtlebot1,simulation,robot-pose,x=-11.46;y=17.82;yaw=-1.25
202.933333397,[debug],turtlebot1,simulation,robot-pose,x=-11.46;y=17.82;yaw=-1.25
203.216666698,[debug],turtlebot2,simulation,robot-pose,x=-34.66;y=17.96;yaw=0.71
203.233333349,[debug],turtlebot3,simulation,robot-pose,x=-35.61;y=17.99;yaw=-0.27
203.266666651,[debug],turtlebot4,simulation,robot-pose,x=-40.39;y=25.23;yaw=0.33
203.266666651,[debug],turtlebot5,simulation,robot-pose,x=-32.90;y=33.97;yaw=-3.09
203.299999952,[debug],turtlebot2,simulation,robot-pose,x=-34.66;y=17.96;yaw=0.71
203.299999952,[debug],turtlebot3,simulation,robot-pose,x=-35.61;y=17.99;yaw=-0.27
203.299999952,[debug],turtlebot4,simulation,robot-pose,x=-40.39;y=25.23;yaw=0.33
203.299999952,[debug],turtlebot5,simulation,robot-pose,x=-32.90;y=33.97;yaw=-3.09
217.933333397,[debug],turtlebot1,simulation,robot-pose,x=-11.46;y=17.82;yaw=-1.25
217.933333397,[debug],turtlebot1,simulation,robot-pose,x=-11.46;y=17.82;yaw=-1.25
218.216666698,[debug],turtlebot2,simulation,robot-pose,x=-33.73;y=18.74;yaw=2.63
218.233333349,[debug],turtlebot3,simulation,robot-pose,x=-34.19;y=18.54;yaw=0.88
218.266666651,[debug],turtlebot5,simulation,robot-pose,x=-32.91;y=33.97;yaw=-3.08
218.266666651,[debug],turtlebot4,simulation,robot-pose,x=-40.39;y=25.23;yaw=0.33
218.299999952,[debug],turtlebot2,simulation,robot-pose,x=-33.73;y=18.74;yaw=2.63
218.299999952,[debug],turtlebot3,simulation,robot-pose,x=-34.19;y=18.54;yaw=0.88
218.299999952,[debug],turtlebot5,simulation,robot-pose,x=-32.91;y=33.97;yaw=-3.08
218.316666603,[debug],turtlebot4,simulation,robot-pose,x=-40.39;y=25.23;yaw=0.33
221.166666746,[debug],turtlebot2,move-base-info,Hooray, the base moved arrived,(x=-33.9;y=18.93)
221.283333302,[debug],turtlebot2,move-base-info,Hooray, the base moved arrived,(x=-33.9;y=18.93)
221.5,[debug],turtlebot2,task-update,navigation,way-point-reached,100.0%
221.583333254,[debug],turtlebot2,available-skills,['send_message', 'wait_message', 'approach_person', 'approach_robot', 'authenticate_person', 'deposit', 'navigation', 'operate_drawer', 'pick_up'],
221.583333254,[info],turtlebot2,skill-life-cycle,approach_person,(status=STARTED, parameters=['nurse'])
221.650000095,[debug],turtlebot2,task-update,approach_person,localize-person,(who=nurse)
221.733333349,[debug],turtlebot2,task-update,approach_person,goto-person,(who=nurse)
221.833333254,[debug],turtlebot2,available-skills,['send_message', 'wait_message', 'approach_person', 'approach_robot', 'authenticate_person', 'deposit', 'navigation', 'operate_drawer', 'pick_up'],
221.833333254,[info],turtlebot2,skill-life-cycle,authenticate_person,(status=STARTED, parameters=['nurse'])
221.883333445,[debug],turtlebot2,task-update,authenticate_person,request-authentication,(to=nurse)
221.883333445,[info],nurse,sync,received-request,(status=sending-request)
221.900000095,[info],nurse,sync,received-request,(status=sending-request)
222.299999952,[debug],turtlebot2,task-update,authenticate_person,received-authentication,(from=nurse)
222.383333445,[debug],turtlebot2,available-skills,['send_message', 'wait_message', 'approach_person', 'approach_robot', 'authenticate_person', 'deposit', 'navigation', 'operate_drawer', 'pick_up'],
222.383333445,[info],turtlebot2,skill-life-cycle,operate_drawer,(status=STARTED, parameters=['open'])
222.483333349,[debug],turtlebot2,task-update,operate_drawer,open
223.433333397,[debug],turtlebot2,available-skills,['send_message', 'wait_message', 'approach_person', 'approach_robot', 'authenticate_person', 'deposit', 'navigation', 'operate_drawer', 'pick_up'],
223.433333397,[info],turtlebot2,skill-life-cycle,send_message,(status=STARTED, parameters=['nurse'])
223.516666651,[info],turtlebot2,sync,send-message,(to=nurse)
224.383333445,[info],nurse,sync,wait-message,(status=message-received)
224.383333445,[info],nurse,sync,wait-message,(status=message-received)
227.049999952,[debug],turtlebot2,available-skills,['send_message', 'wait_message', 'approach_person', 'approach_robot', 'authenticate_person', 'deposit', 'navigation', 'operate_drawer', 'pick_up'],
227.049999952,[info],turtlebot2,skill-life-cycle,wait_message,(status=STARTED, parameters=['r1'])
228.433333397,[info],turtlebot2,sync,wait-message,(status=message-received)
228.516666651,[debug],turtlebot2,available-skills,['send_message', 'wait_message', 'approach_person', 'approach_robot', 'authenticate_person', 'deposit', 'navigation', 'operate_drawer', 'pick_up'],
228.516666651,[info],turtlebot2,skill-life-cycle,operate_drawer,(status=STARTED, parameters=['close'])
228.616666555,[debug],turtlebot2,task-update,operate_drawer,close
229.5,[debug],turtlebot2,available-skills,['send_message', 'wait_message', 'approach_person', 'approach_robot', 'authenticate_person', 'deposit', 'navigation', 'operate_drawer', 'pick_up'],
229.5,[info],turtlebot2,skill-life-cycle,navigation,(status=STARTED, parameters=[[-37.0, 18.93, -1.5707963267948966, True], [-37.0, 16.0, 0.0, True], [-26.0, 16.0, -1.5707963267948966, True], [-26.0, 13.0, 1.57, False]])
232.933333397,[debug],turtlebot1,simulation,robot-pose,x=-11.46;y=17.82;yaw=-1.25
232.933333397,[debug],turtlebot1,simulation,robot-pose,x=-11.46;y=17.82;yaw=-1.25
233.216666698,[debug],turtlebot2,simulation,robot-pose,x=-33.65;y=18.79;yaw=3.04
233.233333349,[debug],turtlebot3,simulation,robot-pose,x=-33.99;y=18.39;yaw=-2.90
233.266666651,[debug],turtlebot4,simulation,robot-pose,x=-40.39;y=25.23;yaw=0.33
233.266666651,[debug],turtlebot5,simulation,robot-pose,x=-32.91;y=33.97;yaw=-3.07
233.283333302,[debug],turtlebot2,simulation,robot-pose,x=-33.65;y=18.79;yaw=3.04
233.283333302,[debug],turtlebot3,simulation,robot-pose,x=-33.99;y=18.39;yaw=-2.90
233.299999952,[debug],turtlebot4,simulation,robot-pose,x=-40.39;y=25.23;yaw=0.33
233.299999952,[debug],turtlebot5,simulation,robot-pose,x=-32.91;y=33.97;yaw=-3.07
234.383333445,[info],nurse,sync,wait-message,(status=message-received)
234.383333445,[info],nurse,sync,wait-message,(status=message-received)
237.066666603,[info],turtlebot2,skill-life-cycle,navigation,(status=RUNNING, parameters=[[-37.0, 18.93, -1.5707963267948966, True], [-37.0, 16.0, 0.0, True], [-26.0, 16.0, -1.5707963267948966, True], [-26.0, 13.0, 1.57, False]])
241.566666603,[info],turtlebot3,skill-life-cycle,navigation,(status=RUNNING, parameters=[[-27.23, 16.0, 3.141592653589793, True], [-37.0, 16.0, 1.5707963267948966, True], [-37.0, 18.93, 0.0, True], [-33.9, 18.93, 3.14, False]])
241.883333445,[info],nurse,sync,request-sent,(status=waiting)
241.883333445,[info],nurse,sync,request-sent,(status=waiting)
244.383333445,[info],nurse,sync,wait-message,(status=message-received)
244.383333445,[info],nurse,sync,wait-message,(status=message-received)
247.933333397,[debug],turtlebot1,simulation,robot-pose,x=-11.46;y=17.82;yaw=-1.25
247.933333397,[debug],turtlebot1,simulation,robot-pose,x=-11.46;y=17.82;yaw=-1.25
248.216666698,[debug],turtlebot2,simulation,robot-pose,x=-34.41;y=18.27;yaw=-2.06
248.233333349,[debug],turtlebot3,simulation,robot-pose,x=-33.97;y=18.23;yaw=-2.19
248.266666651,[debug],turtlebot5,simulation,robot-pose,x=-32.91;y=33.97;yaw=-3.07
248.266666651,[debug],turtlebot4,simulation,robot-pose,x=-40.39;y=25.23;yaw=0.33
248.316666603,[debug],turtlebot2,simulation,robot-pose,x=-34.41;y=18.27;yaw=-2.06
248.316666603,[debug],turtlebot3,simulation,robot-pose,x=-33.97;y=18.23;yaw=-2.19
248.316666603,[debug],turtlebot5,simulation,robot-pose,x=-32.91;y=33.97;yaw=-3.07
248.316666603,[debug],turtlebot4,simulation,robot-pose,x=-40.39;y=25.23;yaw=0.33
254.383333445,[info],nurse,sync,wait-message,(status=message-received)
254.383333445,[info],nurse,sync,wait-message,(status=message-received)
259.75,[debug],turtlebot3,move-base-info,Hooray, the base moved arrived,(x=-33.9;y=18.93)
259.75,[debug],turtlebot3,move-base-info,Hooray, the base moved arrived,(x=-33.9;y=18.93)
259.966666698,[debug],turtlebot3,task-update,navigation,way-point-reached,100.0%
260.033333302,[debug],turtlebot3,available-skills,['send_message', 'wait_message', 'approach_person', 'approach_robot', 'authenticate_person', 'deposit', 'navigation', 'operate_drawer', 'pick_up'],
260.033333302,[info],turtlebot3,skill-life-cycle,approach_person,(status=STARTED, parameters=['nurse'])
260.099999905,[debug],turtlebot3,task-update,approach_person,localize-person,(who=nurse)
260.316666603,[debug],turtlebot3,task-update,approach_person,goto-person,(who=nurse)
260.383333445,[debug],turtlebot3,available-skills,['send_message', 'wait_message', 'approach_person', 'approach_robot', 'authenticate_person', 'deposit', 'navigation', 'operate_drawer', 'pick_up'],
260.383333445,[info],turtlebot3,skill-life-cycle,authenticate_person,(status=STARTED, parameters=['nurse'])
260.466666698,[debug],turtlebot3,task-update,authenticate_person,request-authentication,(to=nurse)
260.466666698,[info],nurse,sync,received-request,(status=sending-request)
260.466666698,[info],nurse,sync,received-request,(status=sending-request)
260.866666555,[debug],turtlebot3,task-update,authenticate_person,received-authentication,(from=nurse)
260.950000048,[debug],turtlebot3,available-skills,['send_message', 'wait_message', 'approach_person', 'approach_robot', 'authenticate_person', 'deposit', 'navigation', 'operate_drawer', 'pick_up'],
260.950000048,[info],turtlebot3,skill-life-cycle,operate_drawer,(status=STARTED, parameters=['open'])
261.0,[debug],turtlebot3,task-update,operate_drawer,open
262.933333397,[debug],turtlebot1,simulation,robot-pose,x=-11.46;y=17.82;yaw=-1.25
262.933333397,[debug],turtlebot1,simulation,robot-pose,x=-11.46;y=17.82;yaw=-1.25
263.216666698,[debug],turtlebot2,simulation,robot-pose,x=-36.55;y=18.42;yaw=2.31
263.233333349,[debug],turtlebot3,simulation,robot-pose,x=-33.94;y=18.47;yaw=3.09
263.266666651,[debug],turtlebot4,simulation,robot-pose,x=-40.39;y=25.23;yaw=0.33
263.266666651,[debug],turtlebot5,simulation,robot-pose,x=-32.91;y=33.97;yaw=-3.06
263.299999952,[debug],turtlebot2,simulation,robot-pose,x=-36.55;y=18.42;yaw=2.31
263.299999952,[debug],turtlebot3,simulation,robot-pose,x=-33.94;y=18.47;yaw=3.09
263.299999952,[debug],turtlebot4,simulation,robot-pose,x=-40.39;y=25.23;yaw=0.33
263.299999952,[debug],turtlebot5,simulation,robot-pose,x=-32.91;y=33.97;yaw=-3.06
270.933333397,[debug],turtlebot2,move-base-info,Hooray, the base moved arrived,(x=-37;y=18.93)
270.933333397,[debug],turtlebot2,move-base-info,Hooray, the base moved arrived,(x=-37;y=18.93)
270.983333349,[debug],turtlebot2,task-update,navigation,way-point-reached,25.0%
277.933333397,[debug],turtlebot1,simulation,robot-pose,x=-11.46;y=17.82;yaw=-1.25
277.933333397,[debug],turtlebot1,simulation,robot-pose,x=-11.46;y=17.82;yaw=-1.25
278.216666698,[debug],turtlebot2,simulation,robot-pose,x=-36.71;y=18.40;yaw=-1.50
278.233333349,[debug],turtlebot3,simulation,robot-pose,x=-33.94;y=18.47;yaw=3.09
278.266666651,[debug],turtlebot5,simulation,robot-pose,x=-32.92;y=33.98;yaw=-3.05
278.266666651,[debug],turtlebot4,simulation,robot-pose,x=-40.39;y=25.23;yaw=0.33
278.333333254,[debug],turtlebot2,simulation,robot-pose,x=-36.71;y=18.40;yaw=-1.50
278.333333254,[debug],turtlebot3,simulation,robot-pose,x=-33.94;y=18.47;yaw=3.09
278.333333254,[debug],turtlebot5,simulation,robot-pose,x=-32.92;y=33.98;yaw=-3.05
278.333333254,[debug],turtlebot4,simulation,robot-pose,x=-40.39;y=25.23;yaw=0.33
280.466666698,[info],nurse,sync,request-sent,(status=waiting)
280.466666698,[info],nurse,sync,request-sent,(status=waiting)
284.083333254,[info],turtlebot2,skill-life-cycle,navigation,(status=RUNNING, parameters=[[-37.0, 18.93, -1.5707963267948966, True], [-37.0, 16.0, 0.0, True], [-26.0, 16.0, -1.5707963267948966, True], [-26.0, 13.0, 1.57, False]])
292.933333397,[debug],turtlebot1,simulation,robot-pose,x=-11.46;y=17.82;yaw=-1.25
292.933333397,[debug],turtlebot1,simulation,robot-pose,x=-11.46;y=17.82;yaw=-1.25
293.216666698,[debug],turtlebot2,simulation,robot-pose,x=-36.70;y=17.16;yaw=-1.62
293.233333349,[debug],turtlebot3,simulation,robot-pose,x=-33.94;y=18.47;yaw=3.09
293.266666651,[debug],turtlebot4,simulation,robot-pose,x=-40.39;y=25.23;yaw=0.33
293.266666651,[debug],turtlebot5,simulation,robot-pose,x=-32.92;y=33.98;yaw=-3.05
293.316666603,[debug],turtlebot2,simulation,robot-pose,x=-36.70;y=17.16;yaw=-1.62
293.316666603,[debug],turtlebot3,simulation,robot-pose,x=-33.94;y=18.47;yaw=3.09
293.316666603,[debug],turtlebot4,simulation,robot-pose,x=-40.39;y=25.23;yaw=0.33
293.316666603,[debug],turtlebot5,simulation,robot-pose,x=-32.92;y=33.98;yaw=-3.05
306.666666746,[debug],turtlebot2,move-base-info,Hooray, the base moved arrived,(x=-37;y=16)
306.666666746,[debug],turtlebot2,move-base-info,Hooray, the base moved arrived,(x=-37;y=16)
306.849999905,[debug],turtlebot2,task-update,navigation,way-point-reached,50.0%
307.933333397,[debug],turtlebot1,simulation,robot-pose,x=-11.47;y=17.82;yaw=-1.25
307.933333397,[debug],turtlebot1,simulation,robot-pose,x=-11.47;y=17.82;yaw=-1.25
308.216666698,[debug],turtlebot2,simulation,robot-pose,x=-36.87;y=16.42;yaw=-0.05
308.233333349,[debug],turtlebot3,simulation,robot-pose,x=-33.94;y=18.47;yaw=3.09
308.266666651,[debug],turtlebot5,simulation,robot-pose,x=-32.92;y=33.98;yaw=-3.06
308.266666651,[debug],turtlebot4,simulation,robot-pose,x=-40.39;y=25.23;yaw=0.33
308.299999952,[debug],turtlebot2,simulation,robot-pose,x=-36.87;y=16.42;yaw=-0.05
308.299999952,[debug],turtlebot3,simulation,robot-pose,x=-33.94;y=18.47;yaw=3.09
308.299999952,[debug],turtlebot5,simulation,robot-pose,x=-32.92;y=33.98;yaw=-3.06
308.299999952,[debug],turtlebot4,simulation,robot-pose,x=-40.39;y=25.23;yaw=0.33
322.933333397,[debug],turtlebot1,simulation,robot-pose,x=-11.47;y=17.82;yaw=-1.25
322.933333397,[debug],turtlebot1,simulation,robot-pose,x=-11.47;y=17.82;yaw=-1.25
323.216666698,[debug],turtlebot2,simulation,robot-pose,x=-36.05;y=15.66;yaw=-0.56
323.233333349,[debug],turtlebot3,simulation,robot-pose,x=-33.94;y=18.47;yaw=3.10
323.266666651,[debug],turtlebot4,simulation,robot-pose,x=-40.39;y=25.23;yaw=0.33
323.266666651,[debug],turtlebot5,simulation,robot-pose,x=-32.92;y=33.98;yaw=-3.06
323.283333302,[debug],turtlebot2,simulation,robot-pose,x=-36.05;y=15.66;yaw=-0.56
323.283333302,[debug],turtlebot3,simulation,robot-pose,x=-33.94;y=18.47;yaw=3.10
323.299999952,[debug],turtlebot4,simulation,robot-pose,x=-40.39;y=25.23;yaw=0.33
323.299999952,[debug],turtlebot5,simulation,robot-pose,x=-32.92;y=33.98;yaw=-3.06
333.783333302,[info],turtlebot2,skill-life-cycle,navigation,(status=RUNNING, parameters=[[-37.0, 18.93, -1.5707963267948966, True], [-37.0, 16.0, 0.0, True], [-26.0, 16.0, -1.5707963267948966, True], [-26.0, 13.0, 1.57, False]])
337.933333397,[debug],turtlebot1,simulation,robot-pose,x=-11.47;y=17.82;yaw=-1.25
337.933333397,[debug],turtlebot1,simulation,robot-pose,x=-11.47;y=17.82;yaw=-1.25
338.216666698,[debug],turtlebot2,simulation,robot-pose,x=-33.60;y=15.66;yaw=-0.01
338.233333349,[debug],turtlebot3,simulation,robot-pose,x=-33.94;y=18.47;yaw=3.11
338.266666651,[debug],turtlebot5,simulation,robot-pose,x=-32.93;y=33.98;yaw=-3.06
338.266666651,[debug],turtlebot4,simulation,robot-pose,x=-40.39;y=25.23;yaw=0.33
338.333333254,[debug],turtlebot2,simulation,robot-pose,x=-33.60;y=15.66;yaw=-0.01
338.333333254,[debug],turtlebot3,simulation,robot-pose,x=-33.94;y=18.47;yaw=3.11
338.333333254,[debug],turtlebot5,simulation,robot-pose,x=-32.93;y=33.98;yaw=-3.06
338.333333254,[debug],turtlebot4,simulation,robot-pose,x=-40.39;y=25.23;yaw=0.33
352.933333397,[debug],turtlebot1,simulation,robot-pose,x=-11.47;y=17.82;yaw=-1.25
352.933333397,[debug],turtlebot1,simulation,robot-pose,x=-11.47;y=17.82;yaw=-1.25
353.216666698,[debug],turtlebot2,simulation,robot-pose,x=-30.81;y=16.03;yaw=-0.10
353.233333349,[debug],turtlebot3,simulation,robot-pose,x=-33.94;y=18.47;yaw=3.12
353.266666651,[debug],turtlebot5,simulation,robot-pose,x=-32.93;y=33.98;yaw=-3.06
353.266666651,[debug],turtlebot4,simulation,robot-pose,x=-40.39;y=25.23;yaw=0.33
353.299999952,[debug],turtlebot2,simulation,robot-pose,x=-30.81;y=16.03;yaw=-0.10
353.299999952,[debug],turtlebot3,simulation,robot-pose,x=-33.94;y=18.47;yaw=3.12
353.299999952,[debug],turtlebot5,simulation,robot-pose,x=-32.93;y=33.98;yaw=-3.06
353.316666603,[debug],turtlebot4,simulation,robot-pose,x=-40.39;y=25.23;yaw=0.33
367.933333397,[debug],turtlebot1,simulation,robot-pose,x=-11.47;y=17.82;yaw=-1.25
367.933333397,[debug],turtlebot1,simulation,robot-pose,x=-11.47;y=17.82;yaw=-1.25
368.216666698,[debug],turtlebot2,simulation,robot-pose,x=-28.23;y=16.12;yaw=0.03
368.233333349,[debug],turtlebot3,simulation,robot-pose,x=-33.94;y=18.47;yaw=3.12
368.266666651,[debug],turtlebot4,simulation,robot-pose,x=-40.39;y=25.23;yaw=0.33
368.266666651,[debug],turtlebot5,simulation,robot-pose,x=-32.93;y=33.98;yaw=-3.06
368.283333302,[debug],turtlebot2,simulation,robot-pose,x=-28.23;y=16.12;yaw=0.03
368.283333302,[debug],turtlebot3,simulation,robot-pose,x=-33.94;y=18.47;yaw=3.12
368.283333302,[debug],turtlebot4,simulation,robot-pose,x=-40.39;y=25.23;yaw=0.33
368.283333302,[debug],turtlebot5,simulation,robot-pose,x=-32.93;y=33.98;yaw=-3.06
382.549999952,[info],turtlebot2,skill-life-cycle,navigation,(status=RUNNING, parameters=[[-37.0, 18.93, -1.5707963267948966, True], [-37.0, 16.0, 0.0, True], [-26.0, 16.0, -1.5707963267948966, True], [-26.0, 13.0, 1.57, False]])
382.933333397,[debug],turtlebot1,simulation,robot-pose,x=-11.47;y=17.82;yaw=-1.25
382.933333397,[debug],turtlebot1,simulation,robot-pose,x=-11.47;y=17.82;yaw=-1.25
383.216666698,[debug],turtlebot2,simulation,robot-pose,x=-26.39;y=16.28;yaw=-1.38
383.233333349,[debug],turtlebot3,simulation,robot-pose,x=-33.94;y=18.47;yaw=3.13
383.266666651,[debug],turtlebot4,simulation,robot-pose,x=-40.39;y=25.23;yaw=0.33
383.266666651,[debug],turtlebot5,simulation,robot-pose,x=-32.93;y=33.98;yaw=-3.06
383.299999952,[debug],turtlebot2,simulation,robot-pose,x=-26.39;y=16.28;yaw=-1.38
383.316666603,[debug],turtlebot3,simulation,robot-pose,x=-33.94;y=18.47;yaw=3.13
383.316666603,[debug],turtlebot4,simulation,robot-pose,x=-40.39;y=25.23;yaw=0.33
383.316666603,[debug],turtlebot5,simulation,robot-pose,x=-32.93;y=33.98;yaw=-3.06
384.233333349,[debug],turtlebot2,move-base-info,Hooray, the base moved arrived,(x=-26;y=16)
384.283333302,[debug],turtlebot2,move-base-info,Hooray, the base moved arrived,(x=-26;y=16)
384.483333349,[debug],turtlebot2,task-update,navigation,way-point-reached,75.0%
397.933333397,[debug],turtlebot1,simulation,robot-pose,x=-11.47;y=17.82;yaw=-1.25
397.933333397,[debug],turtlebot1,simulation,robot-pose,x=-11.47;y=17.82;yaw=-1.25
398.216666698,[debug],turtlebot2,simulation,robot-pose,x=-26.09;y=15.56;yaw=-1.14
398.233333349,[debug],turtlebot3,simulation,robot-pose,x=-33.94;y=18.47;yaw=3.14
398.266666651,[debug],turtlebot4,simulation,robot-pose,x=-40.39;y=25.23;yaw=0.33
398.266666651,[debug],turtlebot5,simulation,robot-pose,x=-32.93;y=33.98;yaw=-3.06
398.299999952,[debug],turtlebot2,simulation,robot-pose,x=-26.09;y=15.56;yaw=-1.14
398.299999952,[debug],turtlebot3,simulation,robot-pose,x=-33.94;y=18.47;yaw=3.14
398.299999952,[debug],turtlebot4,simulation,robot-pose,x=-40.39;y=25.23;yaw=0.33
398.299999952,[debug],turtlebot5,simulation,robot-pose,x=-32.93;y=33.98;yaw=-3.06
412.950000048,[debug],turtlebot1,simulation,robot-pose,x=-11.47;y=17.82;yaw=-1.25
412.950000048,[debug],turtlebot1,simulation,robot-pose,x=-11.47;y=17.82;yaw=-1.25
413.216666698,[debug],turtlebot2,simulation,robot-pose,x=-25.80;y=14.33;yaw=-1.65
413.233333349,[debug],turtlebot3,simulation,robot-pose,x=-33.94;y=18.47;yaw=3.14
413.266666651,[debug],turtlebot4,simulation,robot-pose,x=-40.39;y=25.23;yaw=0.33
413.266666651,[debug],turtlebot5,simulation,robot-pose,x=-32.93;y=33.98;yaw=-3.06
413.299999952,[debug],turtlebot2,simulation,robot-pose,x=-25.80;y=14.33;yaw=-1.65
413.299999952,[debug],turtlebot3,simulation,robot-pose,x=-33.94;y=18.47;yaw=3.14
413.316666603,[debug],turtlebot4,simulation,robot-pose,x=-40.39;y=25.23;yaw=0.33
413.316666603,[debug],turtlebot5,simulation,robot-pose,x=-32.93;y=33.98;yaw=-3.06
427.933333397,[debug],turtlebot1,simulation,robot-pose,x=-11.47;y=17.82;yaw=-1.25
427.933333397,[debug],turtlebot1,simulation,robot-pose,x=-11.47;y=17.82;yaw=-1.25
428.216666698,[debug],turtlebot2,simulation,robot-pose,x=-25.88;y=13.41;yaw=2.62
428.233333349,[debug],turtlebot3,simulation,robot-pose,x=-33.94;y=18.47;yaw=3.14
428.266666651,[debug],turtlebot5,simulation,robot-pose,x=-32.93;y=33.98;yaw=-3.06
428.266666651,[debug],turtlebot4,simulation,robot-pose,x=-40.39;y=25.23;yaw=0.33
428.299999952,[debug],turtlebot2,simulation,robot-pose,x=-25.88;y=13.41;yaw=2.62
428.299999952,[debug],turtlebot3,simulation,robot-pose,x=-33.94;y=18.47;yaw=3.14
428.299999952,[debug],turtlebot5,simulation,robot-pose,x=-32.93;y=33.98;yaw=-3.06
428.299999952,[debug],turtlebot4,simulation,robot-pose,x=-40.39;y=25.23;yaw=0.33
431.299999952,[debug],turtlebot2,move-base-info,Hooray, the base moved arrived,(x=-26;y=13)
431.299999952,[debug],turtlebot2,move-base-info,Hooray, the base moved arrived,(x=-26;y=13)
431.5,[debug],turtlebot2,task-update,navigation,way-point-reached,100.0%
431.599999905,[debug],turtlebot2,available-skills,['send_message', 'wait_message', 'approach_person', 'approach_robot', 'authenticate_person', 'deposit', 'navigation', 'operate_drawer', 'pick_up'],
431.599999905,[info],turtlebot2,skill-life-cycle,approach_robot,(status=STARTED, parameters=['lab_arm'])
431.683333397,[debug],turtlebot2,task-update,approach_robot,localize-robot,(who=lab_arm)
431.783333302,[debug],turtlebot2,task-update,approach_robot,goto-robot,(who=lab_arm)
431.866666555,[debug],turtlebot2,available-skills,['send_message', 'wait_message', 'approach_person', 'approach_robot', 'authenticate_person', 'deposit', 'navigation', 'operate_drawer', 'pick_up'],
431.866666555,[info],turtlebot2,skill-life-cycle,operate_drawer,(status=STARTED, parameters=['open'])
431.950000048,[debug],turtlebot2,task-update,operate_drawer,open
432.900000095,[debug],turtlebot2,available-skills,['send_message', 'wait_message', 'approach_person', 'approach_robot', 'authenticate_person', 'deposit', 'navigation', 'operate_drawer', 'pick_up'],
432.900000095,[info],turtlebot2,skill-life-cycle,send_message,(status=STARTED, parameters=['lab_arm'])
432.983333349,[info],turtlebot2,sync,send-message,(to=lab_arm)
433.316666603,[info],turtlebot2,skill-life-cycle,send_message,(status=RUNNING, parameters=['lab_arm'])
433.866666555,[info],lab_arm,sync,wait-message,(status=message-received)
433.866666555,[info],lab_arm,sync,wait-message,(status=message-received)
433.866666555,[info],Inventory,sync,wait-sample,(status=sample-received)
433.866666555,[info],Inventory,sync,wait-sample,(status=sample-received)
433.866666555,ENDSIM
433.866666555,ENDSIM
442.933333397,[debug],turtlebot1,simulation,robot-pose,x=-11.47;y=17.82;yaw=-1.25
442.933333397,[debug],turtlebot1,simulation,robot-pose,x=-11.47;y=17.82;yaw=-1.25
443.216666698,[debug],turtlebot2,simulation,robot-pose,x=-25.91;y=13.40;yaw=1.62
443.233333349,[debug],turtlebot3,simulation,robot-pose,x=-33.94;y=18.47;yaw=3.14
443.266666651,[debug],turtlebot5,simulation,robot-pose,x=-32.93;y=33.98;yaw=-3.06
443.266666651,[debug],turtlebot4,simulation,robot-pose,x=-40.39;y=25.23;yaw=0.33
443.266666651,[debug],turtlebot2,simulation,robot-pose,x=-25.91;y=13.40;yaw=1.62
443.266666651,[debug],turtlebot3,simulation,robot-pose,x=-33.94;y=18.47;yaw=3.14
443.266666651,[debug],turtlebot5,simulation,robot-pose,x=-32.93;y=33.98;yaw=-3.06
443.283333302,[debug],turtlebot4,simulation,robot-pose,x=-40.39;y=25.23;yaw=0.33
0.0,[debug],simulation closed,reach-target,execution-wall-clock=572.6184616088867
