1.25,[debug],turtlebot3,move-base-info,Move_base is up and ok....,
1.34999990463,[debug],turtlebot4,move-base-info,Move_base is up and ok....,
1.34999990463,[debug],turtlebot1,move-base-info,Move_base is up and ok....,
1.90000009537,[debug],turtlebot2,move-base-info,Move_base is up and ok....,
3.56666660309,[debug],turtlebot5,move-base-info,Move_base is up and ok....,
8.81666660309,[info],turtlebot1,skill-life-cycle,init_robobt,(status=RUNNING, parameters=[])
9.59999990463,[info],turtlebot3,skill-life-cycle,init_robobt,(status=RUNNING, parameters=[])
9.8833334446,[info],turtlebot2,skill-life-cycle,init_robobt,(status=RUNNING, parameters=[])
10.0333333015,[info],turtlebot5,skill-life-cycle,init_robobt,(status=RUNNING, parameters=[])
10.0833332539,[debug],turtlebot4,available-skills,['send_message', 'wait_message', 'approach_person', 'approach_robot', 'authenticate_person', 'deposit', 'navigation', 'operate_drawer', 'pick_up'],
10.0833332539,[info],turtlebot4,skill-life-cycle,navigation,(status=STARTED, parameters=[[-21.0, 16.0, 3.141592653589793, True], [-28.5, 16.0, 1.5707963267948966, True], [-28.5, 18.0, -1.57, False]])
22.8166666031,[debug],turtlebot1,simulation,robot-pose,x=-33.83;y=18.78;yaw=2.80
22.8166666031,[debug],turtlebot1,simulation,robot-pose,x=-33.83;y=18.78;yaw=2.80
23.1166665554,[debug],turtlebot2,simulation,robot-pose,x=-27.23;y=18.02;yaw=-1.59
23.1166665554,[debug],turtlebot2,simulation,robot-pose,x=-27.23;y=18.02;yaw=-1.59
23.1333334446,[debug],turtlebot3,simulation,robot-pose,x=-40.39;y=25.23;yaw=0.34
23.1333334446,[debug],turtlebot3,simulation,robot-pose,x=-40.39;y=25.23;yaw=0.34
23.1500000954,[debug],turtlebot4,simulation,robot-pose,x=-20.95;y=17.28;yaw=-1.51
23.1500000954,[debug],turtlebot4,simulation,robot-pose,x=-20.95;y=17.28;yaw=-1.51
23.1833333969,[debug],turtlebot5,simulation,robot-pose,x=-38.00;y=21.48;yaw=0.01
23.3166666031,[debug],turtlebot5,simulation,robot-pose,x=-38.00;y=21.48;yaw=0.01
37.0,[debug],turtlebot4,move-base-info,Hooray, the base moved arrived,(x=-21;y=16)
37.0,[debug],turtlebot4,move-base-info,Hooray, the base moved arrived,(x=-21;y=16)
37.0166666508,[debug],turtlebot4,task-update,navigation,way-point-reached,33.33333333333333%
37.8166666031,[debug],turtlebot1,simulation,robot-pose,x=-33.84;y=18.78;yaw=2.82
37.8166666031,[debug],turtlebot1,simulation,robot-pose,x=-33.84;y=18.78;yaw=2.82
38.1166665554,[debug],turtlebot2,simulation,robot-pose,x=-27.22;y=18.02;yaw=-1.59
38.1166665554,[debug],turtlebot2,simulation,robot-pose,x=-27.22;y=18.02;yaw=-1.59
38.1333334446,[debug],turtlebot3,simulation,robot-pose,x=-40.39;y=25.23;yaw=0.33
38.1333334446,[debug],turtlebot3,simulation,robot-pose,x=-40.39;y=25.23;yaw=0.33
38.1500000954,[debug],turtlebot4,simulation,robot-pose,x=-20.91;y=16.45;yaw=-3.10
38.1500000954,[debug],turtlebot4,simulation,robot-pose,x=-20.91;y=16.45;yaw=-3.10
38.1833333969,[debug],turtlebot5,simulation,robot-pose,x=-38.00;y=21.48;yaw=0.01
38.3333332539,[debug],turtlebot5,simulation,robot-pose,x=-38.00;y=21.48;yaw=0.01
52.8166666031,[debug],turtlebot1,simulation,robot-pose,x=-33.85;y=18.78;yaw=2.84
52.8166666031,[debug],turtlebot1,simulation,robot-pose,x=-33.85;y=18.78;yaw=2.84
53.1166665554,[debug],turtlebot2,simulation,robot-pose,x=-27.22;y=18.03;yaw=-1.58
53.1166665554,[debug],turtlebot2,simulation,robot-pose,x=-27.22;y=18.03;yaw=-1.58
53.1333334446,[debug],turtlebot3,simulation,robot-pose,x=-40.39;y=25.23;yaw=0.33
53.1333334446,[debug],turtlebot3,simulation,robot-pose,x=-40.39;y=25.23;yaw=0.33
53.1500000954,[debug],turtlebot4,simulation,robot-pose,x=-22.13;y=15.92;yaw=-3.12
53.1500000954,[debug],turtlebot4,simulation,robot-pose,x=-22.13;y=15.92;yaw=-3.12
53.1833333969,[debug],turtlebot5,simulation,robot-pose,x=-38.00;y=21.48;yaw=0.01
53.3166666031,[debug],turtlebot5,simulation,robot-pose,x=-38.00;y=21.48;yaw=0.01
54.4500000477,[info],turtlebot4,skill-life-cycle,navigation,(status=RUNNING, parameters=[[-21.0, 16.0, 3.141592653589793, True], [-28.5, 16.0, 1.5707963267948966, True], [-28.5, 18.0, -1.57, False]])
67.8166666031,[debug],turtlebot1,simulation,robot-pose,x=-33.85;y=18.78;yaw=2.85
67.8166666031,[debug],turtlebot1,simulation,robot-pose,x=-33.85;y=18.78;yaw=2.85
68.1166665554,[debug],turtlebot2,simulation,robot-pose,x=-27.22;y=18.03;yaw=-1.58
68.1166665554,[debug],turtlebot2,simulation,robot-pose,x=-27.22;y=18.03;yaw=-1.58
68.1333334446,[debug],turtlebot3,simulation,robot-pose,x=-40.39;y=25.23;yaw=0.33
68.1333334446,[debug],turtlebot3,simulation,robot-pose,x=-40.39;y=25.23;yaw=0.33
68.1500000954,[debug],turtlebot4,simulation,robot-pose,x=-24.63;y=15.93;yaw=3.12
68.1500000954,[debug],turtlebot4,simulation,robot-pose,x=-24.63;y=15.93;yaw=3.12
68.1833333969,[debug],turtlebot5,simulation,robot-pose,x=-38.00;y=21.48;yaw=0.01
68.3499999046,[debug],turtlebot5,simulation,robot-pose,x=-38.00;y=21.48;yaw=0.01
82.8166666031,[debug],turtlebot1,simulation,robot-pose,x=-33.85;y=18.78;yaw=2.87
82.8166666031,[debug],turtlebot1,simulation,robot-pose,x=-33.85;y=18.78;yaw=2.87
83.1166665554,[debug],turtlebot2,simulation,robot-pose,x=-27.22;y=18.03;yaw=-1.58
83.1166665554,[debug],turtlebot2,simulation,robot-pose,x=-27.22;y=18.03;yaw=-1.58
83.1333334446,[debug],turtlebot3,simulation,robot-pose,x=-40.39;y=25.23;yaw=0.33
83.1333334446,[debug],turtlebot3,simulation,robot-pose,x=-40.39;y=25.23;yaw=0.33
83.1500000954,[debug],turtlebot4,simulation,robot-pose,x=-27.41;y=16.31;yaw=2.75
83.1500000954,[debug],turtlebot4,simulation,robot-pose,x=-27.41;y=16.31;yaw=2.75
83.1833333969,[debug],turtlebot5,simulation,robot-pose,x=-38.00;y=21.48;yaw=0.01
83.3499999046,[debug],turtlebot5,simulation,robot-pose,x=-38.00;y=21.48;yaw=0.01
92.8666665554,[debug],turtlebot4,move-base-info,Hooray, the base moved arrived,(x=-28.5;y=16)
92.8666665554,[debug],turtlebot4,move-base-info,Hooray, the base moved arrived,(x=-28.5;y=16)
93.0333333015,[debug],turtlebot4,task-update,navigation,way-point-reached,66.66666666666666%
97.8166666031,[debug],turtlebot1,simulation,robot-pose,x=-33.85;y=18.78;yaw=2.88
97.8166666031,[debug],turtlebot1,simulation,robot-pose,x=-33.85;y=18.78;yaw=2.88
98.1166665554,[debug],turtlebot2,simulation,robot-pose,x=-27.22;y=18.03;yaw=-1.58
98.1166665554,[debug],turtlebot2,simulation,robot-pose,x=-27.22;y=18.03;yaw=-1.58
98.1333334446,[debug],turtlebot3,simulation,robot-pose,x=-40.39;y=25.23;yaw=0.33
98.1333334446,[debug],turtlebot3,simulation,robot-pose,x=-40.39;y=25.23;yaw=0.33
98.1500000954,[debug],turtlebot4,simulation,robot-pose,x=-28.31;y=16.54;yaw=1.65
98.1500000954,[debug],turtlebot4,simulation,robot-pose,x=-28.31;y=16.54;yaw=1.65
98.1833333969,[debug],turtlebot5,simulation,robot-pose,x=-38.00;y=21.48;yaw=0.01
98.3333332539,[debug],turtlebot5,simulation,robot-pose,x=-38.00;y=21.48;yaw=0.01
104.666666746,[info],turtlebot4,skill-life-cycle,navigation,(status=RUNNING, parameters=[[-21.0, 16.0, 3.141592653589793, True], [-28.5, 16.0, 1.5707963267948966, True], [-28.5, 18.0, -1.57, False]])
108.966666698,[debug],turtlebot4,move-base-info,Hooray, the base moved arrived,(x=-28.5;y=18)
108.966666698,[debug],turtlebot4,move-base-info,Hooray, the base moved arrived,(x=-28.5;y=18)
109.083333254,[debug],turtlebot4,task-update,navigation,way-point-reached,100.0%
109.166666746,[debug],turtlebot4,available-skills,['send_message', 'wait_message', 'approach_person', 'approach_robot', 'authenticate_person', 'deposit', 'navigation', 'operate_drawer', 'pick_up'],
109.166666746,[info],turtlebot4,skill-life-cycle,approach_person,(status=STARTED, parameters=['nurse'])
109.25,[debug],turtlebot4,task-update,approach_person,localize-person,(who=nurse)
109.983333349,[debug],turtlebot4,task-update,approach_person,goto-person,(who=nurse)
110.150000095,[debug],turtlebot4,available-skills,['send_message', 'wait_message', 'approach_person', 'approach_robot', 'authenticate_person', 'deposit', 'navigation', 'operate_drawer', 'pick_up'],
110.150000095,[info],turtlebot4,skill-life-cycle,authenticate_person,(status=STARTED, parameters=['nurse'])
110.233333349,[debug],turtlebot4,task-update,authenticate_person,request-authentication,(to=nurse)
110.25,[info],nurse,sync,received-request,(status=sending-request)
110.349999905,[info],nurse,sync,received-request,(status=sending-request)
110.766666651,[debug],turtlebot4,task-update,authenticate_person,received-authentication,(from=nurse)
110.866666555,[debug],turtlebot4,available-skills,['send_message', 'wait_message', 'approach_person', 'approach_robot', 'authenticate_person', 'deposit', 'navigation', 'operate_drawer', 'pick_up'],
110.866666555,[info],turtlebot4,skill-life-cycle,operate_drawer,(status=STARTED, parameters=['open'])
110.916666746,[debug],turtlebot4,task-update,operate_drawer,open
111.916666746,[debug],turtlebot4,available-skills,['send_message', 'wait_message', 'approach_person', 'approach_robot', 'authenticate_person', 'deposit', 'navigation', 'operate_drawer', 'pick_up'],
111.916666746,[info],turtlebot4,skill-life-cycle,send_message,(status=STARTED, parameters=['nurse'])
112.0,[info],turtlebot4,sync,send-message,(to=nurse)
112.816666603,[debug],turtlebot1,simulation,robot-pose,x=-33.86;y=18.79;yaw=2.90
112.816666603,[debug],turtlebot1,simulation,robot-pose,x=-33.86;y=18.79;yaw=2.90
112.916666746,[info],nurse,sync,wait-message,(status=message-received)
112.916666746,[info],nurse,sync,wait-message,(status=message-received)
113.116666555,[debug],turtlebot2,simulation,robot-pose,x=-27.22;y=18.03;yaw=-1.58
113.116666555,[debug],turtlebot2,simulation,robot-pose,x=-27.22;y=18.03;yaw=-1.58
113.133333445,[debug],turtlebot3,simulation,robot-pose,x=-40.39;y=25.23;yaw=0.33
113.150000095,[debug],turtlebot3,simulation,robot-pose,x=-40.39;y=25.23;yaw=0.33
113.150000095,[debug],turtlebot4,simulation,robot-pose,x=-28.40;y=17.60;yaw=-1.61
113.166666746,[debug],turtlebot4,simulation,robot-pose,x=-28.40;y=17.60;yaw=-1.61
113.183333397,[debug],turtlebot5,simulation,robot-pose,x=-38.00;y=21.48;yaw=0.01
113.349999905,[debug],turtlebot5,simulation,robot-pose,x=-38.00;y=21.48;yaw=0.01
115.616666555,[debug],turtlebot4,available-skills,['send_message', 'wait_message', 'approach_person', 'approach_robot', 'authenticate_person', 'deposit', 'navigation', 'operate_drawer', 'pick_up'],
115.616666555,[info],turtlebot4,skill-life-cycle,wait_message,(status=STARTED, parameters=['r1'])
116.983333349,[info],turtlebot4,sync,wait-message,(status=message-received)
117.083333254,[debug],turtlebot4,available-skills,['send_message', 'wait_message', 'approach_person', 'approach_robot', 'authenticate_person', 'deposit', 'navigation', 'operate_drawer', 'pick_up'],
117.083333254,[info],turtlebot4,skill-life-cycle,operate_drawer,(status=STARTED, parameters=['close'])
117.133333445,[debug],turtlebot4,task-update,operate_drawer,close
118.116666555,[debug],turtlebot4,available-skills,['send_message', 'wait_message', 'approach_person', 'approach_robot', 'authenticate_person', 'deposit', 'navigation', 'operate_drawer', 'pick_up'],
118.116666555,[info],turtlebot4,skill-life-cycle,navigation,(status=STARTED, parameters=[[-28.5, 16.0, 0.0, True], [-26.0, 16.0, -1.5707963267948966, True], [-26.0, 13.0, 1.57, False]])
122.916666746,[info],nurse,sync,wait-message,(status=message-received)
122.916666746,[info],nurse,sync,wait-message,(status=message-received)
127.816666603,[debug],turtlebot1,simulation,robot-pose,x=-33.86;y=18.79;yaw=2.93
127.816666603,[debug],turtlebot1,simulation,robot-pose,x=-33.86;y=18.79;yaw=2.93
128.116666555,[debug],turtlebot2,simulation,robot-pose,x=-27.22;y=18.03;yaw=-1.58
128.116666555,[debug],turtlebot2,simulation,robot-pose,x=-27.22;y=18.03;yaw=-1.58
128.133333445,[debug],turtlebot3,simulation,robot-pose,x=-40.39;y=25.23;yaw=0.33
128.133333445,[debug],turtlebot3,simulation,robot-pose,x=-40.39;y=25.23;yaw=0.33
128.150000095,[debug],turtlebot4,simulation,robot-pose,x=-28.49;y=17.16;yaw=-1.74
128.150000095,[debug],turtlebot4,simulation,robot-pose,x=-28.49;y=17.16;yaw=-1.74
128.183333397,[debug],turtlebot5,simulation,robot-pose,x=-38.00;y=21.48;yaw=0.01
128.349999905,[debug],turtlebot5,simulation,robot-pose,x=-38.00;y=21.48;yaw=0.01
130.233333349,[info],nurse,sync,request-sent,(status=waiting)
130.366666555,[info],nurse,sync,request-sent,(status=waiting)
132.916666746,[info],nurse,sync,wait-message,(status=message-received)
132.916666746,[info],nurse,sync,wait-message,(status=message-received)
140.366666555,[debug],turtlebot4,move-base-info,Hooray, the base moved arrived,(x=-28.5;y=16)
140.366666555,[debug],turtlebot4,move-base-info,Hooray, the base moved arrived,(x=-28.5;y=16)
140.383333445,[debug],turtlebot4,task-update,navigation,way-point-reached,33.33333333333333%
142.816666603,[debug],turtlebot1,simulation,robot-pose,x=-33.87;y=18.79;yaw=2.95
142.816666603,[debug],turtlebot1,simulation,robot-pose,x=-33.87;y=18.79;yaw=2.95
142.916666746,[info],nurse,sync,wait-message,(status=message-received)
142.916666746,[info],nurse,sync,wait-message,(status=message-received)
143.116666555,[debug],turtlebot2,simulation,robot-pose,x=-27.22;y=18.03;yaw=-1.58
143.116666555,[debug],turtlebot2,simulation,robot-pose,x=-27.22;y=18.03;yaw=-1.58
143.133333445,[debug],turtlebot3,simulation,robot-pose,x=-40.39;y=25.23;yaw=0.33
143.133333445,[debug],turtlebot3,simulation,robot-pose,x=-40.39;y=25.23;yaw=0.33
143.150000095,[debug],turtlebot4,simulation,robot-pose,x=-28.59;y=16.45;yaw=-0.03
143.166666746,[debug],turtlebot4,simulation,robot-pose,x=-28.59;y=16.45;yaw=-0.03
143.183333397,[debug],turtlebot5,simulation,robot-pose,x=-38.00;y=21.48;yaw=0.01
143.333333254,[debug],turtlebot5,simulation,robot-pose,x=-38.00;y=21.48;yaw=0.01
156.950000048,[info],turtlebot4,skill-life-cycle,navigation,(status=RUNNING, parameters=[[-28.5, 16.0, 0.0, True], [-26.0, 16.0, -1.5707963267948966, True], [-26.0, 13.0, 1.57, False]])
157.816666603,[debug],turtlebot1,simulation,robot-pose,x=-33.87;y=18.79;yaw=2.98
157.816666603,[debug],turtlebot1,simulation,robot-pose,x=-33.87;y=18.79;yaw=2.98
158.116666555,[debug],turtlebot2,simulation,robot-pose,x=-27.22;y=18.03;yaw=-1.57
158.116666555,[debug],turtlebot2,simulation,robot-pose,x=-27.22;y=18.03;yaw=-1.57
158.133333445,[debug],turtlebot3,simulation,robot-pose,x=-40.39;y=25.23;yaw=0.33
158.133333445,[debug],turtlebot3,simulation,robot-pose,x=-40.39;y=25.23;yaw=0.33
158.150000095,[debug],turtlebot4,simulation,robot-pose,x=-26.83;y=16.12;yaw=0.31
158.150000095,[debug],turtlebot4,simulation,robot-pose,x=-26.83;y=16.12;yaw=0.31
158.183333397,[debug],turtlebot5,simulation,robot-pose,x=-38.00;y=21.48;yaw=0.01
158.366666555,[debug],turtlebot5,simulation,robot-pose,x=-38.00;y=21.48;yaw=0.01
166.533333302,[debug],turtlebot4,move-base-info,Hooray, the base moved arrived,(x=-26;y=16)
166.533333302,[debug],turtlebot4,move-base-info,Hooray, the base moved arrived,(x=-26;y=16)
166.700000048,[debug],turtlebot4,task-update,navigation,way-point-reached,66.66666666666666%
172.816666603,[debug],turtlebot1,simulation,robot-pose,x=-33.88;y=18.79;yaw=3.00
172.816666603,[debug],turtlebot1,simulation,robot-pose,x=-33.88;y=18.79;yaw=3.00
173.116666555,[debug],turtlebot2,simulation,robot-pose,x=-27.22;y=18.03;yaw=-1.57
173.116666555,[debug],turtlebot2,simulation,robot-pose,x=-27.22;y=18.03;yaw=-1.57
173.133333445,[debug],turtlebot3,simulation,robot-pose,x=-40.39;y=25.23;yaw=0.33
173.133333445,[debug],turtlebot3,simulation,robot-pose,x=-40.39;y=25.23;yaw=0.33
173.150000095,[debug],turtlebot4,simulation,robot-pose,x=-26.35;y=16.15;yaw=-1.24
173.150000095,[debug],turtlebot4,simulation,robot-pose,x=-26.35;y=16.15;yaw=-1.24
173.183333397,[debug],turtlebot5,simulation,robot-pose,x=-38.00;y=21.48;yaw=0.01
173.316666603,[debug],turtlebot5,simulation,robot-pose,x=-38.00;y=21.48;yaw=0.01
187.816666603,[debug],turtlebot1,simulation,robot-pose,x=-33.88;y=18.79;yaw=3.00
187.816666603,[debug],turtlebot1,simulation,robot-pose,x=-33.88;y=18.79;yaw=3.00
188.116666555,[debug],turtlebot2,simulation,robot-pose,x=-27.22;y=18.03;yaw=-1.57
188.116666555,[debug],turtlebot2,simulation,robot-pose,x=-27.22;y=18.03;yaw=-1.57
188.133333445,[debug],turtlebot3,simulation,robot-pose,x=-40.39;y=25.23;yaw=0.33
188.133333445,[debug],turtlebot3,simulation,robot-pose,x=-40.39;y=25.23;yaw=0.33
188.150000095,[debug],turtlebot4,simulation,robot-pose,x=-25.88;y=14.95;yaw=-1.41
188.150000095,[debug],turtlebot4,simulation,robot-pose,x=-25.88;y=14.95;yaw=-1.41
188.183333397,[debug],turtlebot5,simulation,robot-pose,x=-38.00;y=21.48;yaw=0.01
188.349999905,[debug],turtlebot5,simulation,robot-pose,x=-38.00;y=21.48;yaw=0.01
202.816666603,[debug],turtlebot1,simulation,robot-pose,x=-33.88;y=18.79;yaw=3.01
202.816666603,[debug],turtlebot1,simulation,robot-pose,x=-33.88;y=18.79;yaw=3.01
203.116666555,[debug],turtlebot2,simulation,robot-pose,x=-27.22;y=18.03;yaw=-1.57
203.116666555,[debug],turtlebot2,simulation,robot-pose,x=-27.22;y=18.03;yaw=-1.57
203.133333445,[debug],turtlebot3,simulation,robot-pose,x=-40.39;y=25.23;yaw=0.33
203.133333445,[debug],turtlebot3,simulation,robot-pose,x=-40.39;y=25.23;yaw=0.33
203.150000095,[debug],turtlebot4,simulation,robot-pose,x=-25.80;y=13.70;yaw=-1.72
203.150000095,[debug],turtlebot4,simulation,robot-pose,x=-25.80;y=13.70;yaw=-1.72
203.183333397,[debug],turtlebot5,simulation,robot-pose,x=-38.02;y=21.48;yaw=0.03
203.349999905,[debug],turtlebot5,simulation,robot-pose,x=-38.02;y=21.48;yaw=0.03
206.716666698,[info],turtlebot4,skill-life-cycle,navigation,(status=RUNNING, parameters=[[-28.5, 16.0, 0.0, True], [-26.0, 16.0, -1.5707963267948966, True], [-26.0, 13.0, 1.57, False]])
213.450000048,[debug],turtlebot4,move-base-info,Hooray, the base moved arrived,(x=-26;y=13)
213.450000048,[debug],turtlebot4,move-base-info,Hooray, the base moved arrived,(x=-26;y=13)
213.616666555,[debug],turtlebot4,task-update,navigation,way-point-reached,100.0%
213.716666698,[debug],turtlebot4,available-skills,['send_message', 'wait_message', 'approach_person', 'approach_robot', 'authenticate_person', 'deposit', 'navigation', 'operate_drawer', 'pick_up'],
213.716666698,[info],turtlebot4,skill-life-cycle,approach_robot,(status=STARTED, parameters=['lab_arm'])
213.783333302,[debug],turtlebot4,task-update,approach_robot,localize-robot,(who=lab_arm)
214.299999952,[debug],turtlebot4,task-update,approach_robot,goto-robot,(who=lab_arm)
214.383333445,[debug],turtlebot4,available-skills,['send_message', 'wait_message', 'approach_person', 'approach_robot', 'authenticate_person', 'deposit', 'navigation', 'operate_drawer', 'pick_up'],
214.383333445,[info],turtlebot4,skill-life-cycle,operate_drawer,(status=STARTED, parameters=['open'])
214.433333397,[debug],turtlebot4,task-update,operate_drawer,open
215.433333397,[debug],turtlebot4,available-skills,['send_message', 'wait_message', 'approach_person', 'approach_robot', 'authenticate_person', 'deposit', 'navigation', 'operate_drawer', 'pick_up'],
215.433333397,[info],turtlebot4,skill-life-cycle,send_message,(status=STARTED, parameters=['lab_arm'])
215.516666651,[info],turtlebot4,sync,send-message,(to=lab_arm)
216.383333445,[info],lab_arm,sync,wait-message,(status=message-received)
216.383333445,[info],lab_arm,sync,wait-message,(status=message-received)
216.383333445,[info],Inventory,sync,wait-sample,(status=sample-received)
216.383333445,[info],Inventory,sync,wait-sample,(status=sample-received)
216.383333445,ENDSIM
216.383333445,ENDSIM
217.816666603,[debug],turtlebot1,simulation,robot-pose,x=-33.88;y=18.79;yaw=3.01
217.816666603,[debug],turtlebot1,simulation,robot-pose,x=-33.88;y=18.79;yaw=3.01
218.116666555,[debug],turtlebot2,simulation,robot-pose,x=-27.21;y=18.03;yaw=-1.57
218.116666555,[debug],turtlebot2,simulation,robot-pose,x=-27.21;y=18.03;yaw=-1.57
218.133333445,[debug],turtlebot3,simulation,robot-pose,x=-40.39;y=25.23;yaw=0.33
218.133333445,[debug],turtlebot3,simulation,robot-pose,x=-40.39;y=25.23;yaw=0.33
218.150000095,[debug],turtlebot4,simulation,robot-pose,x=-25.87;y=13.40;yaw=1.62
218.150000095,[debug],turtlebot4,simulation,robot-pose,x=-25.87;y=13.40;yaw=1.62
218.183333397,[debug],turtlebot5,simulation,robot-pose,x=-38.02;y=21.48;yaw=0.03
218.383333445,[debug],turtlebot5,simulation,robot-pose,x=-38.02;y=21.48;yaw=0.03
226.383333445,[info],Inventory,sync,wait-sample,(status=sample-received)
226.383333445,ENDSIM
226.383333445,[info],Inventory,sync,wait-sample,(status=sample-received)
226.383333445,ENDSIM
226.383333445,[info],lab_arm,sync,wait-message,(status=message-received)
226.383333445,[info],lab_arm,sync,wait-message,(status=message-received)
226.383333445,[info],Inventory,sync,wait-sample,(status=sample-received)
226.383333445,[info],Inventory,sync,wait-sample,(status=sample-received)
226.383333445,ENDSIM
226.383333445,ENDSIM
0.0,[debug],simulation closed,reach-target,execution-wall-clock=280.29546904563904
