0.00, [DEBUG], logger, ROBOTS_CONFIG=[{"avg_speed": 0.15, "battery_charge": 0.23995139509475963, "battery_discharge_rate": 0.0006600000000000001, "id": 1, "local_plan": null, "location": "PC Room 8", "name": "r1", "position": [-11.5, 18.0, -1.57], "skills": ["approach_person", "approach_robot", "navigation", "operate_drawer"]}, {"avg_speed": 0.15, "battery_charge": 0.634952869577942, "battery_discharge_rate": 0.00026000000000000003, "id": 2, "local_plan": [["navigation", ["IC Room 6", [[-19.0, 18.0, -1.57], [-19.0, 16.0], [-37.0, 16.0], [-37.0, 18.93], [-33.9, 18.93, 3.14]]], "navto_room"], ["approach_person", ["nurse"], "approach_nurse"], ["authenticate_person", ["nurse"], "authenticate_nurse"], ["operate_drawer", ["open"], "open_drawer_for_nurse"], ["send_message", ["nurse"], "notify_nurse_of_open_drawer_for_nurse_completed"], ["wait_message", ["nurse"], "wait_nurse_to_complete_deposit"], ["operate_drawer", ["close"], "close_drawer_nurse"], ["navigation", ["Laboratory", [[-33.9, 18.93, 3.14], [-37.0, 18.93], [-37.0, 16.0], [-26.0, 16.0], [-26.0, 13.0, 1.57]]], "navto_lab"], ["approach_robot", ["lab_arm"], "approach_arm"], ["operate_drawer", ["open"], "open_drawer_lab"], ["send_message", ["lab_arm"], "notify_lab_arm_of_open_drawer_lab_completed"], ["wait_message", ["lab_arm"], "wait_lab_arm_to_complete_pick_up_sample"], ["operate_drawer", ["close"], "close_drawer_lab"]], "location": "PC Room 6", "name": "r2", "position": [-19.0, 18.0, -1.57], "skills": ["approach_person", "approach_robot", "authenticate_person", "navigation", "operate_drawer"]}, {"avg_speed": 0.15, "battery_charge": 0.08039941318304296, "battery_discharge_rate": 0.00064, "id": 3, "local_plan": null, "location": "IC Room 2", "name": "r3", "position": [-38.0, 21.5, 0.0], "skills": ["approach_person", "approach_robot", "navigation", "operate_drawer"]}, {"avg_speed": 0.15, "battery_charge": 0.17496190705907763, "battery_discharge_rate": 0.0005600000000000001, "id": 4, "local_plan": null, "location": "IC Room 4", "name": "r4", "position": [-39.44, 33.95, 0.0], "skills": ["approach_person", "approach_robot", "authenticate_person", "navigation", "operate_drawer"]}, {"avg_speed": 0.15, "battery_charge": 0.7179616530181877, "battery_discharge_rate": 0.00076, "id": 5, "local_plan": null, "location": "PC Room 7", "name": "r5", "position": [-13.5, 18.0, -1.57], "skills": ["approach_person", "authenticate_person", "navigation", "operate_drawer"]}, {"avg_speed": 0.15, "battery_charge": 0.5408465660492595, "battery_discharge_rate": 0.00038, "id": 6, "local_plan": null, "location": "IC Room 5", "name": "r6", "position": [-32.88, 33.98, 3.14], "skills": ["approach_person", "approach_robot", "navigation", "operate_drawer"]}]
0.00, [DEBUG], logger, NURSES_CONFIG=[{"location": "IC Room 6", "position": [-32.9, 19.93, 3.14]}]
0.00, [DEBUG], logger, Simulation open
0.00, [DEBUG], logger, subcribing to in the topic /log
1.97, [DEBUG], None, [debug],turtlebot2,move-base-info,Move_base is up and ok....,
1.98, [DEBUG], None, [debug],turtlebot3,move-base-info,Move_base is up and ok....,
6.08, [DEBUG], None, [debug],turtlebot5,move-base-info,Move_base is up and ok....,
6.38, [DEBUG], None, [debug],turtlebot4,move-base-info,Move_base is up and ok....,
9.37, [DEBUG], None, [debug],turtlebot6,move-base-info,Move_base is up and ok....,
9.73, [DEBUG], None, [debug],turtlebot1,move-base-info,Move_base is up and ok....,
14.57, [DEBUG], turtlebot2, {"param_list": [], "skill": "init_robobt", "skill-life-cycle": "RUNNING", "label": "init_robobt"}
14.60, [DEBUG], turtlebot4, {"param_list": [], "skill": "init_robobt", "skill-life-cycle": "RUNNING", "label": "init_robobt"}
14.87, [DEBUG], turtlebot5, {"param_list": [], "skill": "init_robobt", "skill-life-cycle": "RUNNING", "label": "init_robobt"}
14.87, [DEBUG], turtlebot6, {"param_list": [], "skill": "init_robobt", "skill-life-cycle": "RUNNING", "label": "init_robobt"}
14.90, [DEBUG], turtlebot1, {"param_list": [], "skill": "init_robobt", "skill-life-cycle": "RUNNING", "label": "init_robobt"}
15.22, [DEBUG], turtlebot3, {"param_list": [], "skill": "init_robobt", "skill-life-cycle": "SUCCESS", "label": "init_robobt"}
17.18, [DEBUG], turtlebot2, {"param_list": [], "skill": "init_robobt", "skill-life-cycle": "SUCCESS", "label": "init_robobt"}
17.18, [DEBUG], turtlebot2, "available-skills=['send_message', 'wait_message', 'approach_person', 'approach_robot', 'authenticate_person', 'navigation', 'operate_drawer']"
17.18, [DEBUG], turtlebot2, {"param_list": ["IC Room 6", [[-19.0, 16.0, 3.141592653589793, true], [-37.0, 16.0, 1.5707963267948966, true], [-37.0, 18.93, 0.0, true], [-33.9, 18.93, 3.14, false]]], "skill": "navigation", "skill-life-cycle": "STARTED", "label": "navto_room"}
17.77, [DEBUG], turtlebot4, {"param_list": [], "skill": "init_robobt", "skill-life-cycle": "SUCCESS", "label": "init_robobt"}
18.68, [DEBUG], turtlebot1, {"param_list": [], "skill": "init_robobt", "skill-life-cycle": "SUCCESS", "label": "init_robobt"}
18.82, [DEBUG], turtlebot5, {"param_list": [], "skill": "init_robobt", "skill-life-cycle": "SUCCESS", "label": "init_robobt"}
18.83, [DEBUG], turtlebot6, {"param_list": [], "skill": "init_robobt", "skill-life-cycle": "SUCCESS", "label": "init_robobt"}
24.83, [INFO], turtlebot4, {"y": "33.84", "x": "-39.51", "yaw": "0.46"}
24.83, [INFO], turtlebot2, {"y": "17.78", "x": "-19.11", "yaw": "-2.17"}
24.83, [INFO], turtlebot2, {"battery-level": "63.11%"}
24.83, [INFO], turtlebot6, {"y": "33.97", "x": "-32.89", "yaw": "-3.10"}
24.83, [INFO], turtlebot1, {"y": "17.82", "x": "-11.46", "yaw": "-1.25"}
24.83, [INFO], turtlebot3, {"y": "21.48", "x": "-38.00", "yaw": "0.01"}
24.83, [INFO], turtlebot5, {"y": "18.00", "x": "-13.50", "yaw": "-1.50"}
25.02, [INFO], turtlebot4, {"y": "33.84", "x": "-39.51", "yaw": "0.46"}
25.02, [INFO], turtlebot2, {"y": "17.78", "x": "-19.11", "yaw": "-2.17"}
25.03, [INFO], turtlebot2, {"battery-level": "63.11%"}
25.03, [INFO], turtlebot6, {"y": "33.97", "x": "-32.89", "yaw": "-3.10"}
25.03, [INFO], turtlebot1, {"y": "17.82", "x": "-11.46", "yaw": "-1.25"}
25.03, [INFO], turtlebot3, {"y": "21.48", "x": "-38.00", "yaw": "0.01"}
25.03, [INFO], turtlebot5, {"y": "18.00", "x": "-13.50", "yaw": "-1.50"}
39.83, [INFO], turtlebot6, {"y": "33.97", "x": "-32.89", "yaw": "-3.10"}
39.83, [INFO], turtlebot2, {"battery-level": "62.63%"}
39.83, [INFO], turtlebot4, {"y": "33.84", "x": "-39.51", "yaw": "0.46"}
39.83, [INFO], turtlebot5, {"y": "18.00", "x": "-13.49", "yaw": "-1.49"}
39.83, [INFO], turtlebot3, {"y": "21.48", "x": "-38.00", "yaw": "0.01"}
39.85, [INFO], turtlebot1, {"y": "17.82", "x": "-11.46", "yaw": "-1.25"}
39.85, [INFO], turtlebot2, {"y": "16.92", "x": "-19.44", "yaw": "-1.62"}
40.00, [INFO], turtlebot6, {"y": "33.97", "x": "-32.89", "yaw": "-3.10"}
40.00, [INFO], turtlebot2, {"battery-level": "62.63%"}
40.00, [INFO], turtlebot4, {"y": "33.84", "x": "-39.51", "yaw": "0.46"}
40.02, [INFO], turtlebot5, {"y": "18.00", "x": "-13.49", "yaw": "-1.49"}
40.02, [INFO], turtlebot3, {"y": "21.48", "x": "-38.00", "yaw": "0.01"}
40.02, [INFO], turtlebot1, {"y": "17.82", "x": "-11.46", "yaw": "-1.25"}
40.03, [INFO], turtlebot2, {"y": "16.92", "x": "-19.44", "yaw": "-1.62"}
54.55, [DEBUG], None, [debug],turtlebot2,move-base-info,Hooray, the base moved arrived,(x=-19;y=16)
54.55, [DEBUG], None, [debug],turtlebot2,move-base-info,Hooray, the base moved arrived,(x=-19;y=16)
54.58, [DEBUG], turtlebot2, {"status": "way-point-reached", "skill": "navigation", "percentage": "25.00%", "goingto": "IC Room 6"}
54.83, [INFO], turtlebot2, {"y": "16.40", "x": "-19.18", "yaw": "-3.10"}
54.83, [INFO], turtlebot1, {"y": "17.82", "x": "-11.46", "yaw": "-1.25"}
54.83, [INFO], turtlebot2, {"battery-level": "62.18%"}
54.83, [INFO], turtlebot4, {"y": "33.84", "x": "-39.51", "yaw": "0.46"}
54.83, [INFO], turtlebot3, {"y": "21.48", "x": "-38.00", "yaw": "0.01"}
54.85, [INFO], turtlebot6, {"y": "33.97", "x": "-32.89", "yaw": "-3.10"}
54.85, [INFO], turtlebot5, {"y": "18.00", "x": "-13.49", "yaw": "-1.48"}
54.98, [INFO], turtlebot2, {"y": "16.40", "x": "-19.18", "yaw": "-3.10"}
55.00, [INFO], turtlebot1, {"y": "17.82", "x": "-11.46", "yaw": "-1.25"}
55.00, [INFO], turtlebot2, {"battery-level": "62.18%"}
55.00, [INFO], turtlebot4, {"y": "33.84", "x": "-39.51", "yaw": "0.46"}
55.00, [INFO], turtlebot3, {"y": "21.48", "x": "-38.00", "yaw": "0.01"}
55.00, [INFO], turtlebot6, {"y": "33.97", "x": "-32.89", "yaw": "-3.10"}
55.02, [INFO], turtlebot5, {"y": "18.00", "x": "-13.49", "yaw": "-1.48"}
57.67, [DEBUG], turtlebot2, {"param_list": ["IC Room 6", [[-19.0, 16.0, 3.141592653589793, true], [-37.0, 16.0, 1.5707963267948966, true], [-37.0, 18.93, 0.0, true], [-33.9, 18.93, 3.14, false]]], "skill": "navigation", "skill-life-cycle": "RUNNING", "label": "navto_room"}
69.83, [INFO], turtlebot3, {"y": "21.48", "x": "-38.00", "yaw": "0.01"}
69.83, [INFO], turtlebot5, {"y": "18.00", "x": "-13.49", "yaw": "-1.46"}
69.83, [INFO], turtlebot4, {"y": "33.84", "x": "-39.51", "yaw": "0.46"}
69.83, [INFO], turtlebot2, {"y": "15.99", "x": "-20.51", "yaw": "-3.14"}
69.83, [INFO], turtlebot6, {"y": "33.97", "x": "-32.89", "yaw": "-3.10"}
69.85, [INFO], turtlebot2, {"battery-level": "61.73%"}
69.85, [INFO], turtlebot1, {"y": "17.82", "x": "-11.46", "yaw": "-1.25"}
69.98, [INFO], turtlebot3, {"y": "21.48", "x": "-38.00", "yaw": "0.01"}
69.98, [INFO], turtlebot5, {"y": "18.00", "x": "-13.49", "yaw": "-1.46"}
69.98, [INFO], turtlebot4, {"y": "33.84", "x": "-39.51", "yaw": "0.46"}
70.00, [INFO], turtlebot2, {"y": "15.99", "x": "-20.51", "yaw": "-3.14"}
70.00, [INFO], turtlebot6, {"y": "33.97", "x": "-32.89", "yaw": "-3.10"}
70.00, [INFO], turtlebot2, {"battery-level": "61.73%"}
70.02, [INFO], turtlebot1, {"y": "17.82", "x": "-11.46", "yaw": "-1.25"}
84.83, [INFO], turtlebot2, {"y": "15.96", "x": "-22.98", "yaw": "3.12"}
84.83, [INFO], turtlebot1, {"y": "17.82", "x": "-11.46", "yaw": "-1.25"}
84.83, [INFO], turtlebot3, {"y": "21.48", "x": "-38.00", "yaw": "0.01"}
84.83, [INFO], turtlebot5, {"y": "17.99", "x": "-13.49", "yaw": "-1.45"}
84.85, [INFO], turtlebot6, {"y": "33.97", "x": "-32.90", "yaw": "-3.10"}
84.85, [INFO], turtlebot2, {"battery-level": "61.31%"}
84.85, [INFO], turtlebot4, {"y": "33.84", "x": "-39.51", "yaw": "0.46"}
85.02, [INFO], turtlebot2, {"y": "15.96", "x": "-22.98", "yaw": "3.12"}
85.02, [INFO], turtlebot1, {"y": "17.82", "x": "-11.46", "yaw": "-1.25"}
85.02, [INFO], turtlebot3, {"y": "21.48", "x": "-38.00", "yaw": "0.01"}
85.03, [INFO], turtlebot5, {"y": "17.99", "x": "-13.49", "yaw": "-1.45"}
85.03, [INFO], turtlebot6, {"y": "33.97", "x": "-32.90", "yaw": "-3.10"}
85.03, [INFO], turtlebot2, {"battery-level": "61.31%"}
85.03, [INFO], turtlebot4, {"y": "33.84", "x": "-39.51", "yaw": "0.46"}
99.83, [INFO], turtlebot1, {"y": "17.82", "x": "-11.46", "yaw": "-1.25"}
99.83, [INFO], turtlebot2, {"y": "16.24", "x": "-25.73", "yaw": "3.00"}
99.83, [INFO], turtlebot6, {"y": "33.97", "x": "-32.90", "yaw": "-3.10"}
99.83, [INFO], turtlebot4, {"y": "33.84", "x": "-39.51", "yaw": "0.46"}
99.83, [INFO], turtlebot5, {"y": "17.99", "x": "-13.49", "yaw": "-1.43"}
99.83, [INFO], turtlebot3, {"y": "21.48", "x": "-38.00", "yaw": "0.01"}
99.85, [INFO], turtlebot2, {"battery-level": "60.83%"}
100.02, [INFO], turtlebot1, {"y": "17.82", "x": "-11.46", "yaw": "-1.25"}
100.03, [INFO], turtlebot2, {"y": "16.24", "x": "-25.73", "yaw": "3.00"}
100.03, [INFO], turtlebot6, {"y": "33.97", "x": "-32.90", "yaw": "-3.10"}
100.03, [INFO], turtlebot4, {"y": "33.84", "x": "-39.51", "yaw": "0.46"}
100.05, [INFO], turtlebot5, {"y": "17.99", "x": "-13.49", "yaw": "-1.43"}
100.05, [INFO], turtlebot3, {"y": "21.48", "x": "-38.00", "yaw": "0.01"}
100.05, [INFO], turtlebot2, {"battery-level": "60.83%"}
101.12, [DEBUG], turtlebot2, {"param_list": ["IC Room 6", [[-19.0, 16.0, 3.141592653589793, true], [-37.0, 16.0, 1.5707963267948966, true], [-37.0, 18.93, 0.0, true], [-33.9, 18.93, 3.14, false]]], "skill": "navigation", "skill-life-cycle": "RUNNING", "label": "navto_room"}
114.83, [INFO], turtlebot3, {"y": "21.48", "x": "-38.00", "yaw": "0.01"}
114.83, [INFO], turtlebot2, {"y": "16.21", "x": "-28.19", "yaw": "3.10"}
114.83, [INFO], turtlebot5, {"y": "17.99", "x": "-13.49", "yaw": "-1.41"}
114.83, [INFO], turtlebot1, {"y": "17.82", "x": "-11.46", "yaw": "-1.25"}
114.85, [INFO], turtlebot4, {"y": "33.84", "x": "-39.51", "yaw": "0.46"}
114.85, [INFO], turtlebot2, {"battery-level": "60.38%"}
114.85, [INFO], turtlebot6, {"y": "33.97", "x": "-32.90", "yaw": "-3.09"}
115.00, [INFO], turtlebot3, {"y": "21.48", "x": "-38.00", "yaw": "0.01"}
115.02, [INFO], turtlebot2, {"y": "16.21", "x": "-28.19", "yaw": "3.10"}
115.02, [INFO], turtlebot5, {"y": "17.99", "x": "-13.49", "yaw": "-1.41"}
115.02, [INFO], turtlebot1, {"y": "17.82", "x": "-11.46", "yaw": "-1.25"}
115.02, [INFO], turtlebot4, {"y": "33.84", "x": "-39.51", "yaw": "0.46"}
115.02, [INFO], turtlebot2, {"battery-level": "60.38%"}
115.03, [INFO], turtlebot6, {"y": "33.97", "x": "-32.90", "yaw": "-3.09"}
129.83, [INFO], turtlebot2, {"battery-level": "59.96%"}
129.83, [INFO], turtlebot6, {"y": "33.97", "x": "-32.90", "yaw": "-3.09"}
129.83, [INFO], turtlebot3, {"y": "21.48", "x": "-38.00", "yaw": "0.01"}
129.83, [INFO], turtlebot4, {"y": "33.84", "x": "-39.51", "yaw": "0.46"}
129.83, [INFO], turtlebot2, {"y": "16.20", "x": "-30.68", "yaw": "3.14"}
129.83, [INFO], turtlebot1, {"y": "17.82", "x": "-11.46", "yaw": "-1.25"}
129.83, [INFO], turtlebot5, {"y": "17.98", "x": "-13.49", "yaw": "-1.39"}
130.03, [INFO], turtlebot2, {"battery-level": "59.96%"}
130.03, [INFO], turtlebot6, {"y": "33.97", "x": "-32.90", "yaw": "-3.09"}
130.05, [INFO], turtlebot3, {"y": "21.48", "x": "-38.00", "yaw": "0.01"}
130.05, [INFO], turtlebot4, {"y": "33.84", "x": "-39.51", "yaw": "0.46"}
130.05, [INFO], turtlebot2, {"y": "16.20", "x": "-30.68", "yaw": "3.14"}
130.05, [INFO], turtlebot1, {"y": "17.82", "x": "-11.46", "yaw": "-1.25"}
130.07, [INFO], turtlebot5, {"y": "17.98", "x": "-13.49", "yaw": "-1.39"}
144.37, [DEBUG], turtlebot2, {"param_list": ["IC Room 6", [[-19.0, 16.0, 3.141592653589793, true], [-37.0, 16.0, 1.5707963267948966, true], [-37.0, 18.93, 0.0, true], [-33.9, 18.93, 3.14, false]]], "skill": "navigation", "skill-life-cycle": "RUNNING", "label": "navto_room"}
144.83, [INFO], turtlebot2, {"battery-level": "59.51%"}
144.83, [INFO], turtlebot4, {"y": "33.84", "x": "-39.50", "yaw": "0.46"}
144.83, [INFO], turtlebot5, {"y": "17.98", "x": "-13.49", "yaw": "-1.37"}
144.83, [INFO], turtlebot1, {"y": "17.82", "x": "-11.46", "yaw": "-1.25"}
144.83, [INFO], turtlebot3, {"y": "21.48", "x": "-38.00", "yaw": "0.01"}
144.85, [INFO], turtlebot2, {"y": "16.20", "x": "-33.18", "yaw": "-3.14"}
144.85, [INFO], turtlebot6, {"y": "33.97", "x": "-32.90", "yaw": "-3.09"}
144.98, [INFO], turtlebot2, {"battery-level": "59.51%"}
144.98, [INFO], turtlebot4, {"y": "33.84", "x": "-39.50", "yaw": "0.46"}
144.98, [INFO], turtlebot5, {"y": "17.98", "x": "-13.49", "yaw": "-1.37"}
145.00, [INFO], turtlebot1, {"y": "17.82", "x": "-11.46", "yaw": "-1.25"}
145.00, [INFO], turtlebot3, {"y": "21.48", "x": "-38.00", "yaw": "0.01"}
145.00, [INFO], turtlebot2, {"y": "16.20", "x": "-33.18", "yaw": "-3.14"}
145.02, [INFO], turtlebot6, {"y": "33.97", "x": "-32.90", "yaw": "-3.09"}
159.83, [INFO], turtlebot6, {"y": "33.97", "x": "-32.90", "yaw": "-3.09"}
159.83, [INFO], turtlebot1, {"y": "17.82", "x": "-11.46", "yaw": "-1.25"}
159.83, [INFO], turtlebot5, {"y": "17.98", "x": "-13.48", "yaw": "-1.35"}
159.83, [INFO], turtlebot2, {"y": "16.19", "x": "-35.67", "yaw": "3.14"}
159.83, [INFO], turtlebot2, {"battery-level": "59.03%"}
159.85, [INFO], turtlebot4, {"y": "33.84", "x": "-39.50", "yaw": "0.46"}
159.85, [INFO], turtlebot3, {"y": "21.48", "x": "-38.00", "yaw": "0.01"}
160.00, [INFO], turtlebot6, {"y": "33.97", "x": "-32.90", "yaw": "-3.09"}
160.00, [INFO], turtlebot1, {"y": "17.82", "x": "-11.46", "yaw": "-1.25"}
160.02, [INFO], turtlebot5, {"y": "17.98", "x": "-13.48", "yaw": "-1.35"}
160.02, [INFO], turtlebot2, {"y": "16.19", "x": "-35.67", "yaw": "3.14"}
160.02, [INFO], turtlebot2, {"battery-level": "59.03%"}
160.02, [INFO], turtlebot4, {"y": "33.84", "x": "-39.50", "yaw": "0.46"}
160.02, [INFO], turtlebot3, {"y": "21.48", "x": "-38.00", "yaw": "0.01"}
169.80, [DEBUG], None, [debug],turtlebot2,move-base-info,Hooray, the base moved arrived,(x=-37;y=16)
169.80, [DEBUG], None, [debug],turtlebot2,move-base-info,Hooray, the base moved arrived,(x=-37;y=16)
169.88, [DEBUG], turtlebot2, {"status": "way-point-reached", "skill": "navigation", "percentage": "50.00%", "goingto": "IC Room 6"}
174.83, [INFO], turtlebot1, {"y": "17.82", "x": "-11.46", "yaw": "-1.25"}
174.83, [INFO], turtlebot6, {"y": "33.97", "x": "-32.90", "yaw": "-3.09"}
174.83, [INFO], turtlebot2, {"battery-level": "58.58%"}
174.83, [INFO], turtlebot5, {"y": "17.97", "x": "-13.48", "yaw": "-1.33"}
174.85, [INFO], turtlebot2, {"y": "16.72", "x": "-36.66", "yaw": "1.63"}
174.85, [INFO], turtlebot3, {"y": "21.48", "x": "-38.00", "yaw": "0.01"}
174.85, [INFO], turtlebot4, {"y": "33.84", "x": "-39.50", "yaw": "0.46"}
175.02, [INFO], turtlebot1, {"y": "17.82", "x": "-11.46", "yaw": "-1.25"}
175.02, [INFO], turtlebot6, {"y": "33.97", "x": "-32.90", "yaw": "-3.09"}
175.02, [INFO], turtlebot2, {"battery-level": "58.58%"}
175.03, [INFO], turtlebot5, {"y": "17.97", "x": "-13.48", "yaw": "-1.33"}
175.03, [INFO], turtlebot2, {"y": "16.72", "x": "-36.66", "yaw": "1.63"}
175.03, [INFO], turtlebot3, {"y": "21.48", "x": "-38.00", "yaw": "0.01"}
175.03, [INFO], turtlebot4, {"y": "33.84", "x": "-39.50", "yaw": "0.46"}
183.93, [DEBUG], None, [debug],turtlebot2,move-base-info,Hooray, the base moved arrived,(x=-37;y=18.93)
183.98, [DEBUG], None, [debug],turtlebot2,move-base-info,Hooray, the base moved arrived,(x=-37;y=18.93)
184.10, [DEBUG], turtlebot2, {"status": "way-point-reached", "skill": "navigation", "percentage": "75.00%", "goingto": "IC Room 6"}
188.78, [DEBUG], turtlebot2, {"param_list": ["IC Room 6", [[-19.0, 16.0, 3.141592653589793, true], [-37.0, 16.0, 1.5707963267948966, true], [-37.0, 18.93, 0.0, true], [-33.9, 18.93, 3.14, false]]], "skill": "navigation", "skill-life-cycle": "RUNNING", "label": "navto_room"}
189.83, [INFO], turtlebot1, {"y": "17.82", "x": "-11.46", "yaw": "-1.25"}
189.85, [INFO], turtlebot2, {"battery-level": "58.16%"}
189.85, [INFO], turtlebot5, {"y": "17.97", "x": "-13.48", "yaw": "-1.31"}
189.85, [INFO], turtlebot3, {"y": "21.48", "x": "-38.00", "yaw": "0.01"}
189.87, [INFO], turtlebot4, {"y": "33.84", "x": "-39.50", "yaw": "0.46"}
189.87, [INFO], turtlebot6, {"y": "33.97", "x": "-32.90", "yaw": "-3.09"}
189.87, [INFO], turtlebot2, {"y": "18.49", "x": "-36.68", "yaw": "-0.28"}
190.00, [INFO], turtlebot1, {"y": "17.82", "x": "-11.46", "yaw": "-1.25"}
190.00, [INFO], turtlebot2, {"battery-level": "58.16%"}
190.02, [INFO], turtlebot5, {"y": "17.97", "x": "-13.48", "yaw": "-1.31"}
190.02, [INFO], turtlebot3, {"y": "21.48", "x": "-38.00", "yaw": "0.01"}
190.02, [INFO], turtlebot4, {"y": "33.84", "x": "-39.50", "yaw": "0.46"}
190.02, [INFO], turtlebot6, {"y": "33.97", "x": "-32.90", "yaw": "-3.09"}
190.02, [INFO], turtlebot2, {"y": "18.49", "x": "-36.68", "yaw": "-0.28"}
204.83, [INFO], turtlebot4, {"y": "33.84", "x": "-39.50", "yaw": "0.46"}
204.83, [INFO], turtlebot2, {"battery-level": "57.71%"}
204.83, [INFO], turtlebot1, {"y": "17.82", "x": "-11.46", "yaw": "-1.25"}
204.85, [INFO], turtlebot2, {"y": "17.99", "x": "-35.58", "yaw": "-0.18"}
204.85, [INFO], turtlebot5, {"y": "17.97", "x": "-13.47", "yaw": "-1.29"}
204.85, [INFO], turtlebot3, {"y": "21.48", "x": "-38.02", "yaw": "0.03"}
205.02, [INFO], turtlebot4, {"y": "33.84", "x": "-39.50", "yaw": "0.46"}
205.02, [INFO], turtlebot2, {"battery-level": "57.71%"}
205.02, [INFO], turtlebot1, {"y": "17.82", "x": "-11.46", "yaw": "-1.25"}
205.02, [INFO], turtlebot2, {"y": "17.99", "x": "-35.58", "yaw": "-0.18"}
205.02, [INFO], turtlebot5, {"y": "17.97", "x": "-13.47", "yaw": "-1.29"}
205.02, [INFO], turtlebot3, {"y": "21.48", "x": "-38.02", "yaw": "0.03"}
219.83, [INFO], turtlebot1, {"y": "17.82", "x": "-11.46", "yaw": "-1.25"}
219.83, [INFO], turtlebot6, {"y": "33.97", "x": "-32.91", "yaw": "-3.08"}
219.83, [INFO], turtlebot5, {"y": "17.96", "x": "-13.47", "yaw": "-1.27"}
219.83, [INFO], turtlebot2, {"battery-level": "57.23%"}
219.85, [INFO], turtlebot3, {"y": "21.49", "x": "-38.02", "yaw": "0.03"}
219.85, [INFO], turtlebot2, {"y": "18.55", "x": "-34.17", "yaw": "1.65"}
219.85, [INFO], turtlebot4, {"y": "33.84", "x": "-39.50", "yaw": "0.46"}
220.00, [INFO], turtlebot1, {"y": "17.82", "x": "-11.46", "yaw": "-1.25"}
220.00, [INFO], turtlebot6, {"y": "33.97", "x": "-32.91", "yaw": "-3.08"}
220.00, [INFO], turtlebot5, {"y": "17.96", "x": "-13.47", "yaw": "-1.27"}
220.02, [INFO], turtlebot2, {"battery-level": "57.23%"}
220.02, [INFO], turtlebot3, {"y": "21.49", "x": "-38.02", "yaw": "0.03"}
220.02, [INFO], turtlebot2, {"y": "18.55", "x": "-34.17", "yaw": "1.65"}
220.02, [INFO], turtlebot4, {"y": "33.84", "x": "-39.50", "yaw": "0.46"}
223.90, [DEBUG], None, [debug],turtlebot2,move-base-info,Hooray, the base moved arrived,(x=-33.9;y=18.93)
224.00, [DEBUG], None, [debug],turtlebot2,move-base-info,Hooray, the base moved arrived,(x=-33.9;y=18.93)
224.23, [DEBUG], turtlebot2, {"status": "way-point-reached", "skill": "navigation", "percentage": "100.00%", "goingto": "IC Room 6"}
224.30, [DEBUG], turtlebot2, {"param_list": ["IC Room 6", [[-19.0, 16.0, 3.141592653589793, true], [-37.0, 16.0, 1.5707963267948966, true], [-37.0, 18.93, 0.0, true], [-33.9, 18.93, 3.14, false]]], "skill": "navigation", "skill-life-cycle": "SUCCESS", "label": "navto_room"}
224.30, [DEBUG], turtlebot2, "available-skills=['send_message', 'wait_message', 'approach_person', 'approach_robot', 'authenticate_person', 'navigation', 'operate_drawer']"
224.32, [DEBUG], turtlebot2, {"param_list": ["nurse"], "skill": "approach_person", "skill-life-cycle": "STARTED", "label": "approach_nurse"}
224.37, [DEBUG], turtlebot2, {"status": "localize-person", "skill": "approach-person", "who": "nurse"}
224.45, [DEBUG], turtlebot2, {"status": "goto-person", "skill": "approach-person", "who": "nurse"}
224.52, [DEBUG], turtlebot2, {"param_list": ["nurse"], "skill": "approach_person", "skill-life-cycle": "SUCCESS", "label": "approach_nurse"}
224.53, [DEBUG], turtlebot2, "available-skills=['send_message', 'wait_message', 'approach_person', 'approach_robot', 'authenticate_person', 'navigation', 'operate_drawer']"
224.53, [DEBUG], turtlebot2, {"param_list": ["nurse"], "skill": "authenticate_person", "skill-life-cycle": "STARTED", "label": "authenticate_nurse"}
224.58, [DEBUG], turtlebot2, {"status": "request-authentication", "to": "nurse", "skill": "authenticate-person"}
224.58, [INFO], nurse, {"status": "message-received", "skill": "athentication-request"}
224.58, [INFO], nurse, {"status": "message-received", "skill": "athentication-request"}
224.97, [DEBUG], turtlebot2, {"status": "received-authentication", "skill": "authenticate-person", "from": "nurse"}
225.03, [DEBUG], turtlebot2, {"param_list": ["nurse"], "skill": "authenticate_person", "skill-life-cycle": "SUCCESS", "label": "authenticate_nurse"}
225.03, [DEBUG], turtlebot2, "available-skills=['send_message', 'wait_message', 'approach_person', 'approach_robot', 'authenticate_person', 'navigation', 'operate_drawer']"
225.03, [DEBUG], turtlebot2, {"param_list": ["open"], "skill": "operate_drawer", "skill-life-cycle": "STARTED", "label": "open_drawer_for_nurse"}
225.08, [DEBUG], turtlebot2, {"status": "task-update", "action": "open", "skill": "operate-drawer"}
225.93, [DEBUG], turtlebot2, {"param_list": ["open"], "skill": "operate_drawer", "skill-life-cycle": "SUCCESS", "label": "open_drawer_for_nurse"}
225.93, [DEBUG], turtlebot2, "available-skills=['send_message', 'wait_message', 'approach_person', 'approach_robot', 'authenticate_person', 'navigation', 'operate_drawer']"
225.95, [DEBUG], turtlebot2, {"param_list": ["nurse"], "skill": "send_message", "skill-life-cycle": "STARTED", "label": "notify_nurse_of_open_drawer_for_nurse_completed"}
225.98, [INFO], turtlebot2, {"to": "nurse", "skill": "send-message"}
226.78, [INFO], nurse, {"status": "message-received", "skill": "wait-message"}
226.78, [INFO], nurse, {"status": "message-received", "skill": "wait-message"}
229.10, [DEBUG], turtlebot2, {"param_list": ["nurse"], "skill": "send_message", "skill-life-cycle": "SUCCESS", "label": "notify_nurse_of_open_drawer_for_nurse_completed"}
229.10, [DEBUG], turtlebot2, "available-skills=['send_message', 'wait_message', 'approach_person', 'approach_robot', 'authenticate_person', 'navigation', 'operate_drawer']"
229.10, [DEBUG], turtlebot2, {"param_list": ["nurse"], "skill": "wait_message", "skill-life-cycle": "STARTED", "label": "wait_nurse_to_complete_deposit"}
230.82, [INFO], turtlebot2, {"status": "message-received", "skill": "wait-message"}
230.88, [DEBUG], turtlebot2, {"param_list": ["nurse"], "skill": "wait_message", "skill-life-cycle": "SUCCESS", "label": "wait_nurse_to_complete_deposit"}
230.90, [DEBUG], turtlebot2, "available-skills=['send_message', 'wait_message', 'approach_person', 'approach_robot', 'authenticate_person', 'navigation', 'operate_drawer']"
230.90, [DEBUG], turtlebot2, {"param_list": ["close"], "skill": "operate_drawer", "skill-life-cycle": "STARTED", "label": "close_drawer_nurse"}
230.97, [DEBUG], turtlebot2, {"status": "task-update", "action": "close", "skill": "operate-drawer"}
231.83, [DEBUG], turtlebot2, {"param_list": ["close"], "skill": "operate_drawer", "skill-life-cycle": "SUCCESS", "label": "close_drawer_nurse"}
231.83, [DEBUG], turtlebot2, "available-skills=['send_message', 'wait_message', 'approach_person', 'approach_robot', 'authenticate_person', 'navigation', 'operate_drawer']"
231.85, [DEBUG], turtlebot2, {"param_list": ["Laboratory", [[-37.0, 18.93, -1.5707963267948966, true], [-37.0, 16.0, 0.0, true], [-26.0, 16.0, -1.5707963267948966, true], [-26.0, 13.0, 1.57, false]]], "skill": "navigation", "skill-life-cycle": "STARTED", "label": "navto_lab"}
233.68, [DEBUG], turtlebot2, {"param_list": ["Laboratory", [[-37.0, 18.93, -1.5707963267948966, true], [-37.0, 16.0, 0.0, true], [-26.0, 16.0, -1.5707963267948966, true], [-26.0, 13.0, 1.57, false]]], "skill": "navigation", "skill-life-cycle": "RUNNING", "label": "navto_lab"}
234.83, [INFO], turtlebot3, {"y": "21.49", "x": "-38.03", "yaw": "0.03"}
234.83, [INFO], turtlebot4, {"y": "33.84", "x": "-39.50", "yaw": "0.46"}
234.83, [INFO], turtlebot2, {"battery-level": "56.81%"}
234.83, [INFO], turtlebot5, {"y": "17.96", "x": "-13.47", "yaw": "-1.25"}
234.83, [INFO], turtlebot6, {"y": "33.97", "x": "-32.91", "yaw": "-3.07"}
234.83, [INFO], turtlebot2, {"y": "18.58", "x": "-34.13", "yaw": "3.10"}
234.85, [INFO], turtlebot1, {"y": "17.82", "x": "-11.46", "yaw": "-1.25"}
235.00, [INFO], turtlebot3, {"y": "21.49", "x": "-38.03", "yaw": "0.03"}
235.00, [INFO], turtlebot4, {"y": "33.84", "x": "-39.50", "yaw": "0.46"}
235.00, [INFO], turtlebot2, {"battery-level": "56.81%"}
235.02, [INFO], turtlebot5, {"y": "17.96", "x": "-13.47", "yaw": "-1.25"}
235.02, [INFO], turtlebot6, {"y": "33.97", "x": "-32.91", "yaw": "-3.07"}
235.02, [INFO], turtlebot2, {"y": "18.58", "x": "-34.13", "yaw": "3.10"}
235.02, [INFO], turtlebot1, {"y": "17.82", "x": "-11.46", "yaw": "-1.25"}
236.78, [INFO], nurse, {"status": "message-received", "skill": "wait-message"}
236.78, [INFO], nurse, {"status": "message-received", "skill": "wait-message"}
244.58, [INFO], nurse, {"status": "waiting", "skill": "athentication-sent"}
244.58, [INFO], nurse, {"status": "waiting", "skill": "athentication-sent"}
246.78, [INFO], nurse, {"status": "message-received", "skill": "wait-message"}
246.78, [INFO], nurse, {"status": "message-received", "skill": "wait-message"}
249.83, [INFO], turtlebot5, {"y": "17.96", "x": "-13.46", "yaw": "-1.23"}
249.83, [INFO], turtlebot4, {"y": "33.84", "x": "-39.50", "yaw": "0.46"}
249.83, [INFO], turtlebot2, {"battery-level": "56.36%"}
249.85, [INFO], turtlebot2, {"y": "18.05", "x": "-35.00", "yaw": "-2.67"}
249.85, [INFO], turtlebot6, {"y": "33.97", "x": "-32.91", "yaw": "-3.06"}
249.85, [INFO], turtlebot1, {"y": "17.82", "x": "-11.46", "yaw": "-1.25"}
249.85, [INFO], turtlebot3, {"y": "21.49", "x": "-38.04", "yaw": "0.03"}
250.05, [INFO], turtlebot5, {"y": "17.96", "x": "-13.46", "yaw": "-1.23"}
250.05, [INFO], turtlebot4, {"y": "33.84", "x": "-39.50", "yaw": "0.46"}
250.05, [INFO], turtlebot2, {"battery-level": "56.36%"}
250.05, [INFO], turtlebot2, {"y": "18.05", "x": "-35.00", "yaw": "-2.67"}
250.05, [INFO], turtlebot6, {"y": "33.97", "x": "-32.91", "yaw": "-3.06"}
250.05, [INFO], turtlebot1, {"y": "17.82", "x": "-11.46", "yaw": "-1.25"}
250.07, [INFO], turtlebot3, {"y": "21.49", "x": "-38.04", "yaw": "0.03"}
256.78, [INFO], nurse, {"status": "message-received", "skill": "wait-message"}
256.78, [INFO], nurse, {"status": "message-received", "skill": "wait-message"}
264.83, [INFO], turtlebot3, {"y": "21.50", "x": "-38.05", "yaw": "0.03"}
264.83, [INFO], turtlebot1, {"y": "17.82", "x": "-11.46", "yaw": "-1.25"}
264.83, [INFO], turtlebot5, {"y": "17.95", "x": "-13.46", "yaw": "-1.21"}
264.83, [INFO], turtlebot4, {"y": "33.84", "x": "-39.50", "yaw": "0.46"}
264.83, [INFO], turtlebot2, {"y": "18.64", "x": "-36.68", "yaw": "-2.29"}
264.83, [INFO], turtlebot6, {"y": "33.97", "x": "-32.91", "yaw": "-3.06"}
264.85, [INFO], turtlebot2, {"battery-level": "55.88%"}
264.98, [INFO], turtlebot5, {"y": "17.95", "x": "-13.46", "yaw": "-1.21"}
264.98, [INFO], turtlebot4, {"y": "33.84", "x": "-39.50", "yaw": "0.46"}
264.98, [INFO], turtlebot2, {"y": "18.64", "x": "-36.68", "yaw": "-2.29"}
264.98, [INFO], turtlebot6, {"y": "33.97", "x": "-32.91", "yaw": "-3.06"}
264.98, [INFO], turtlebot2, {"battery-level": "55.88%"}
267.03, [DEBUG], None, [debug],turtlebot2,move-base-info,Hooray, the base moved arrived,(x=-37;y=18.93)
267.03, [DEBUG], None, [debug],turtlebot2,move-base-info,Hooray, the base moved arrived,(x=-37;y=18.93)
267.07, [DEBUG], turtlebot2, {"status": "way-point-reached", "skill": "navigation", "percentage": "25.00%", "goingto": "Laboratory"}
277.47, [DEBUG], turtlebot2, {"param_list": ["Laboratory", [[-37.0, 18.93, -1.5707963267948966, true], [-37.0, 16.0, 0.0, true], [-26.0, 16.0, -1.5707963267948966, true], [-26.0, 13.0, 1.57, false]]], "skill": "navigation", "skill-life-cycle": "RUNNING", "label": "navto_lab"}
279.83, [INFO], turtlebot2, {"y": "17.93", "x": "-36.68", "yaw": "-1.56"}
279.83, [INFO], turtlebot2, {"battery-level": "55.46%"}
279.83, [INFO], turtlebot3, {"y": "21.50", "x": "-38.08", "yaw": "0.03"}
279.85, [INFO], turtlebot6, {"y": "33.98", "x": "-32.92", "yaw": "-3.05"}
279.85, [INFO], turtlebot5, {"y": "17.95", "x": "-13.46", "yaw": "-1.19"}
279.87, [INFO], turtlebot1, {"y": "17.82", "x": "-11.46", "yaw": "-1.25"}
280.00, [INFO], turtlebot2, {"y": "17.93", "x": "-36.68", "yaw": "-1.56"}
280.02, [INFO], turtlebot2, {"battery-level": "55.46%"}
280.02, [INFO], turtlebot3, {"y": "21.50", "x": "-38.08", "yaw": "0.03"}
280.02, [INFO], turtlebot6, {"y": "33.98", "x": "-32.92", "yaw": "-3.05"}
280.03, [INFO], turtlebot5, {"y": "17.95", "x": "-13.46", "yaw": "-1.19"}
280.03, [INFO], turtlebot1, {"y": "17.82", "x": "-11.46", "yaw": "-1.25"}
294.83, [INFO], turtlebot5, {"y": "17.95", "x": "-13.45", "yaw": "-1.17"}
294.83, [INFO], turtlebot2, {"battery-level": "55.01%"}
294.83, [INFO], turtlebot3, {"y": "21.50", "x": "-38.11", "yaw": "0.03"}
294.83, [INFO], turtlebot6, {"y": "33.98", "x": "-32.92", "yaw": "-3.05"}
294.83, [INFO], turtlebot1, {"y": "17.82", "x": "-11.46", "yaw": "-1.25"}
294.83, [INFO], turtlebot4, {"y": "33.84", "x": "-39.50", "yaw": "0.46"}
294.85, [INFO], turtlebot2, {"y": "16.68", "x": "-36.75", "yaw": "-1.80"}
295.00, [INFO], turtlebot5, {"y": "17.95", "x": "-13.45", "yaw": "-1.17"}
295.00, [INFO], turtlebot2, {"battery-level": "55.01%"}
295.02, [INFO], turtlebot3, {"y": "21.50", "x": "-38.11", "yaw": "0.03"}
295.02, [INFO], turtlebot6, {"y": "33.98", "x": "-32.92", "yaw": "-3.05"}
295.02, [INFO], turtlebot1, {"y": "17.82", "x": "-11.46", "yaw": "-1.25"}
295.02, [INFO], turtlebot4, {"y": "33.84", "x": "-39.50", "yaw": "0.46"}
295.03, [INFO], turtlebot2, {"y": "16.68", "x": "-36.75", "yaw": "-1.80"}
302.80, [DEBUG], None, [debug],turtlebot2,move-base-info,Hooray, the base moved arrived,(x=-37;y=16)
302.80, [DEBUG], None, [debug],turtlebot2,move-base-info,Hooray, the base moved arrived,(x=-37;y=16)
302.88, [DEBUG], turtlebot2, {"status": "way-point-reached", "skill": "navigation", "percentage": "50.00%", "goingto": "Laboratory"}
309.83, [INFO], turtlebot6, {"y": "33.98", "x": "-32.92", "yaw": "-3.06"}
309.83, [INFO], turtlebot2, {"battery-level": "54.56%"}
309.83, [INFO], turtlebot4, {"y": "33.84", "x": "-39.50", "yaw": "0.46"}
309.83, [INFO], turtlebot3, {"y": "21.50", "x": "-38.13", "yaw": "0.03"}
309.83, [INFO], turtlebot2, {"y": "16.32", "x": "-36.57", "yaw": "-0.67"}
309.85, [INFO], turtlebot5, {"y": "17.94", "x": "-13.45", "yaw": "-1.16"}
309.85, [INFO], turtlebot1, {"y": "17.82", "x": "-11.47", "yaw": "-1.25"}
310.02, [INFO], turtlebot6, {"y": "33.98", "x": "-32.92", "yaw": "-3.06"}
310.02, [INFO], turtlebot2, {"battery-level": "54.56%"}
310.02, [INFO], turtlebot4, {"y": "33.84", "x": "-39.50", "yaw": "0.46"}
310.02, [INFO], turtlebot3, {"y": "21.50", "x": "-38.13", "yaw": "0.03"}
310.03, [INFO], turtlebot2, {"y": "16.32", "x": "-36.57", "yaw": "-0.67"}
310.03, [INFO], turtlebot5, {"y": "17.94", "x": "-13.45", "yaw": "-1.16"}
310.03, [INFO], turtlebot1, {"y": "17.82", "x": "-11.47", "yaw": "-1.25"}
321.50, [DEBUG], turtlebot2, {"param_list": ["Laboratory", [[-37.0, 18.93, -1.5707963267948966, true], [-37.0, 16.0, 0.0, true], [-26.0, 16.0, -1.5707963267948966, true], [-26.0, 13.0, 1.57, false]]], "skill": "navigation", "skill-life-cycle": "RUNNING", "label": "navto_lab"}
324.83, [INFO], turtlebot2, {"battery-level": "54.11%"}
324.83, [INFO], turtlebot1, {"y": "17.82", "x": "-11.47", "yaw": "-1.25"}
324.83, [INFO], turtlebot5, {"y": "17.94", "x": "-13.45", "yaw": "-1.14"}
324.85, [INFO], turtlebot6, {"y": "33.98", "x": "-32.92", "yaw": "-3.06"}
324.85, [INFO], turtlebot2, {"y": "15.67", "x": "-34.99", "yaw": "0.08"}
324.85, [INFO], turtlebot3, {"y": "21.50", "x": "-38.15", "yaw": "0.04"}
324.85, [INFO], turtlebot4, {"y": "33.84", "x": "-39.50", "yaw": "0.46"}
324.98, [INFO], turtlebot2, {"battery-level": "54.11%"}
324.98, [INFO], turtlebot1, {"y": "17.82", "x": "-11.47", "yaw": "-1.25"}
324.98, [INFO], turtlebot5, {"y": "17.94", "x": "-13.45", "yaw": "-1.14"}
324.98, [INFO], turtlebot6, {"y": "33.98", "x": "-32.92", "yaw": "-3.06"}
324.98, [INFO], turtlebot2, {"y": "15.67", "x": "-34.99", "yaw": "0.08"}
324.98, [INFO], turtlebot3, {"y": "21.50", "x": "-38.15", "yaw": "0.04"}
324.98, [INFO], turtlebot4, {"y": "33.84", "x": "-39.50", "yaw": "0.46"}
339.83, [INFO], turtlebot5, {"y": "17.94", "x": "-13.44", "yaw": "-1.13"}
339.83, [INFO], turtlebot2, {"y": "16.03", "x": "-32.21", "yaw": "0.38"}
339.83, [INFO], turtlebot4, {"y": "33.84", "x": "-39.50", "yaw": "0.46"}
339.83, [INFO], turtlebot2, {"battery-level": "53.66%"}
339.83, [INFO], turtlebot3, {"y": "21.51", "x": "-38.15", "yaw": "0.05"}
339.85, [INFO], turtlebot1, {"y": "17.82", "x": "-11.47", "yaw": "-1.25"}
339.85, [INFO], turtlebot6, {"y": "33.98", "x": "-32.93", "yaw": "-3.06"}
340.00, [INFO], turtlebot5, {"y": "17.94", "x": "-13.44", "yaw": "-1.13"}
340.00, [INFO], turtlebot2, {"y": "16.03", "x": "-32.21", "yaw": "0.38"}
340.02, [INFO], turtlebot4, {"y": "33.84", "x": "-39.50", "yaw": "0.46"}
340.02, [INFO], turtlebot2, {"battery-level": "53.66%"}
340.02, [INFO], turtlebot3, {"y": "21.51", "x": "-38.15", "yaw": "0.05"}
340.02, [INFO], turtlebot1, {"y": "17.82", "x": "-11.47", "yaw": "-1.25"}
340.02, [INFO], turtlebot6, {"y": "33.98", "x": "-32.93", "yaw": "-3.06"}
354.83, [INFO], turtlebot2, {"y": "16.06", "x": "-29.71", "yaw": "0.06"}
354.83, [INFO], turtlebot5, {"y": "17.94", "x": "-13.44", "yaw": "-1.12"}
354.83, [INFO], turtlebot2, {"battery-level": "53.21%"}
354.83, [INFO], turtlebot3, {"y": "21.51", "x": "-38.15", "yaw": "0.06"}
354.85, [INFO], turtlebot1, {"y": "17.82", "x": "-11.47", "yaw": "-1.25"}
354.85, [INFO], turtlebot6, {"y": "33.98", "x": "-32.93", "yaw": "-3.06"}
354.87, [INFO], turtlebot4, {"y": "33.84", "x": "-39.50", "yaw": "0.46"}
355.02, [INFO], turtlebot2, {"y": "16.06", "x": "-29.71", "yaw": "0.06"}
355.02, [INFO], turtlebot5, {"y": "17.94", "x": "-13.44", "yaw": "-1.12"}
355.02, [INFO], turtlebot2, {"battery-level": "53.21%"}
355.02, [INFO], turtlebot3, {"y": "21.51", "x": "-38.15", "yaw": "0.06"}
355.02, [INFO], turtlebot1, {"y": "17.82", "x": "-11.47", "yaw": "-1.25"}
355.03, [INFO], turtlebot6, {"y": "33.98", "x": "-32.93", "yaw": "-3.06"}
355.03, [INFO], turtlebot4, {"y": "33.84", "x": "-39.50", "yaw": "0.46"}
364.60, [DEBUG], turtlebot2, {"param_list": ["Laboratory", [[-37.0, 18.93, -1.5707963267948966, true], [-37.0, 16.0, 0.0, true], [-26.0, 16.0, -1.5707963267948966, true], [-26.0, 13.0, 1.57, false]]], "skill": "navigation", "skill-life-cycle": "RUNNING", "label": "navto_lab"}
369.83, [INFO], turtlebot2, {"y": "16.11", "x": "-27.16", "yaw": "0.02"}
369.83, [INFO], turtlebot5, {"y": "17.94", "x": "-13.44", "yaw": "-1.12"}
369.83, [INFO], turtlebot1, {"y": "17.82", "x": "-11.47", "yaw": "-1.25"}
369.85, [INFO], turtlebot6, {"y": "33.98", "x": "-32.93", "yaw": "-3.06"}
369.85, [INFO], turtlebot3, {"y": "21.51", "x": "-38.15", "yaw": "0.08"}
369.85, [INFO], turtlebot4, {"y": "33.84", "x": "-39.50", "yaw": "0.46"}
369.85, [INFO], turtlebot2, {"battery-level": "52.73%"}
370.03, [INFO], turtlebot2, {"y": "16.11", "x": "-27.16", "yaw": "0.02"}
370.03, [INFO], turtlebot5, {"y": "17.94", "x": "-13.44", "yaw": "-1.12"}
370.03, [INFO], turtlebot1, {"y": "17.82", "x": "-11.47", "yaw": "-1.25"}
370.05, [INFO], turtlebot6, {"y": "33.98", "x": "-32.93", "yaw": "-3.06"}
370.05, [INFO], turtlebot3, {"y": "21.51", "x": "-38.15", "yaw": "0.08"}
370.05, [INFO], turtlebot4, {"y": "33.84", "x": "-39.50", "yaw": "0.46"}
370.05, [INFO], turtlebot2, {"battery-level": "52.73%"}
379.12, [DEBUG], None, [debug],turtlebot2,move-base-info,Hooray, the base moved arrived,(x=-26;y=16)
379.12, [DEBUG], None, [debug],turtlebot2,move-base-info,Hooray, the base moved arrived,(x=-26;y=16)
379.25, [DEBUG], turtlebot2, {"status": "way-point-reached", "skill": "navigation", "percentage": "75.00%", "goingto": "Laboratory"}
384.83, [INFO], turtlebot6, {"y": "33.98", "x": "-32.93", "yaw": "-3.06"}
384.83, [INFO], turtlebot1, {"y": "17.82", "x": "-11.47", "yaw": "-1.25"}
384.83, [INFO], turtlebot4, {"y": "33.84", "x": "-39.50", "yaw": "0.46"}
384.85, [INFO], turtlebot2, {"battery-level": "52.31%"}
384.85, [INFO], turtlebot3, {"y": "21.51", "x": "-38.15", "yaw": "0.11"}
384.87, [INFO], turtlebot5, {"y": "17.93", "x": "-13.44", "yaw": "-1.11"}
384.87, [INFO], turtlebot2, {"y": "16.18", "x": "-26.36", "yaw": "-1.32"}
385.02, [INFO], turtlebot4, {"y": "33.84", "x": "-39.50", "yaw": "0.46"}
385.02, [INFO], turtlebot2, {"battery-level": "52.31%"}
385.02, [INFO], turtlebot3, {"y": "21.51", "x": "-38.15", "yaw": "0.11"}
385.02, [INFO], turtlebot5, {"y": "17.93", "x": "-13.44", "yaw": "-1.11"}
385.03, [INFO], turtlebot2, {"y": "16.18", "x": "-26.36", "yaw": "-1.32"}
399.83, [INFO], turtlebot4, {"y": "33.84", "x": "-39.50", "yaw": "0.46"}
399.83, [INFO], turtlebot1, {"y": "17.82", "x": "-11.47", "yaw": "-1.25"}
399.83, [INFO], turtlebot5, {"y": "17.93", "x": "-13.43", "yaw": "-1.10"}
399.83, [INFO], turtlebot3, {"y": "21.52", "x": "-38.15", "yaw": "0.14"}
399.83, [INFO], turtlebot2, {"y": "14.97", "x": "-25.88", "yaw": "-1.39"}
399.85, [INFO], turtlebot2, {"battery-level": "51.83%"}
399.85, [INFO], turtlebot6, {"y": "33.98", "x": "-32.93", "yaw": "-3.06"}
400.00, [INFO], turtlebot4, {"y": "33.84", "x": "-39.50", "yaw": "0.46"}
400.00, [INFO], turtlebot1, {"y": "17.82", "x": "-11.47", "yaw": "-1.25"}
400.02, [INFO], turtlebot5, {"y": "17.93", "x": "-13.43", "yaw": "-1.10"}
400.02, [INFO], turtlebot3, {"y": "21.52", "x": "-38.15", "yaw": "0.14"}
400.02, [INFO], turtlebot2, {"y": "14.97", "x": "-25.88", "yaw": "-1.39"}
400.03, [INFO], turtlebot2, {"battery-level": "51.83%"}
400.03, [INFO], turtlebot6, {"y": "33.98", "x": "-32.93", "yaw": "-3.06"}
408.52, [DEBUG], turtlebot2, {"param_list": ["Laboratory", [[-37.0, 18.93, -1.5707963267948966, true], [-37.0, 16.0, 0.0, true], [-26.0, 16.0, -1.5707963267948966, true], [-26.0, 13.0, 1.57, false]]], "skill": "navigation", "skill-life-cycle": "RUNNING", "label": "navto_lab"}
414.83, [INFO], turtlebot2, {"y": "13.73", "x": "-25.84", "yaw": "-1.66"}
414.83, [INFO], turtlebot6, {"y": "33.98", "x": "-32.93", "yaw": "-3.06"}
414.83, [INFO], turtlebot2, {"battery-level": "51.38%"}
414.83, [INFO], turtlebot5, {"y": "17.93", "x": "-13.43", "yaw": "-1.10"}
414.83, [INFO], turtlebot1, {"y": "17.82", "x": "-11.47", "yaw": "-1.25"}
414.85, [INFO], turtlebot4, {"y": "33.84", "x": "-39.50", "yaw": "0.46"}
414.85, [INFO], turtlebot3, {"y": "21.52", "x": "-38.16", "yaw": "0.16"}
415.00, [INFO], turtlebot2, {"y": "13.73", "x": "-25.84", "yaw": "-1.66"}
415.00, [INFO], turtlebot6, {"y": "33.98", "x": "-32.93", "yaw": "-3.06"}
415.02, [INFO], turtlebot2, {"battery-level": "51.38%"}
415.02, [INFO], turtlebot5, {"y": "17.93", "x": "-13.43", "yaw": "-1.10"}
415.02, [INFO], turtlebot1, {"y": "17.82", "x": "-11.47", "yaw": "-1.25"}
415.02, [INFO], turtlebot4, {"y": "33.84", "x": "-39.50", "yaw": "0.46"}
415.02, [INFO], turtlebot3, {"y": "21.52", "x": "-38.16", "yaw": "0.16"}
425.18, [DEBUG], None, [debug],turtlebot2,move-base-info,Hooray, the base moved arrived,(x=-26;y=13)
425.18, [DEBUG], None, [debug],turtlebot2,move-base-info,Hooray, the base moved arrived,(x=-26;y=13)
425.37, [DEBUG], turtlebot2, {"status": "way-point-reached", "skill": "navigation", "percentage": "100.00%", "goingto": "Laboratory"}
425.45, [DEBUG], turtlebot2, {"param_list": ["Laboratory", [[-37.0, 18.93, -1.5707963267948966, true], [-37.0, 16.0, 0.0, true], [-26.0, 16.0, -1.5707963267948966, true], [-26.0, 13.0, 1.57, false]]], "skill": "navigation", "skill-life-cycle": "SUCCESS", "label": "navto_lab"}
425.45, [DEBUG], turtlebot2, "available-skills=['send_message', 'wait_message', 'approach_person', 'approach_robot', 'authenticate_person', 'navigation', 'operate_drawer']"
425.45, [DEBUG], turtlebot2, {"param_list": ["lab_arm"], "skill": "approach_robot", "skill-life-cycle": "STARTED", "label": "approach_arm"}
425.52, [DEBUG], turtlebot2, {"status": "localize-robot", "skill": "=approach-robot", "who": "lab_arm"}
425.58, [DEBUG], turtlebot2, {"status": "goto-robot", "skill": "approach-robot", "who": "lab_arm"}
425.67, [DEBUG], turtlebot2, {"param_list": ["lab_arm"], "skill": "approach_robot", "skill-life-cycle": "SUCCESS", "label": "approach_arm"}
425.67, [DEBUG], turtlebot2, "available-skills=['send_message', 'wait_message', 'approach_person', 'approach_robot', 'authenticate_person', 'navigation', 'operate_drawer']"
425.67, [DEBUG], turtlebot2, {"param_list": ["open"], "skill": "operate_drawer", "skill-life-cycle": "STARTED", "label": "open_drawer_lab"}
425.72, [DEBUG], turtlebot2, {"status": "task-update", "action": "open", "skill": "operate-drawer"}
426.57, [DEBUG], turtlebot2, {"param_list": ["open"], "skill": "operate_drawer", "skill-life-cycle": "SUCCESS", "label": "open_drawer_lab"}
426.57, [DEBUG], turtlebot2, "available-skills=['send_message', 'wait_message', 'approach_person', 'approach_robot', 'authenticate_person', 'navigation', 'operate_drawer']"
426.57, [DEBUG], turtlebot2, {"param_list": ["lab_arm"], "skill": "send_message", "skill-life-cycle": "STARTED", "label": "notify_lab_arm_of_open_drawer_lab_completed"}
426.65, [INFO], turtlebot2, {"to": "lab_arm", "skill": "send-message"}
427.40, [INFO], lab_arm, {"status": "sample-received", "skill": "wait-sample"}
427.40, [INFO], lab_arm, {"status": "sample-received", "skill": "wait-sample"}
427.40, [INFO], nurse, {"status": "sample-received", "skill": "wait-sample"}
427.40, [INFO], nurse, {"status": "sample-received", "skill": "wait-sample"}
427.42, [DEBUG], None, ENDSIM
427.42, [DEBUG], None, ENDSIM
427.42, [DEBUG], None, end!
