0.00, [DEBUG], logger, ROBOTS_CONFIG=[{"avg_speed": 0.15, "battery_charge": 0.5914703710515797, "battery_discharge_rate": 0.00048000000000000007, "id": 1, "local_plan": null, "location": "PC Room 8", "name": "r1", "position": [-11.5, 18.0, -1.57], "skills": ["approach_person", "approach_robot", "navigation", "operate_drawer"]}, {"avg_speed": 0.15, "battery_charge": 0.8344531419634984, "battery_discharge_rate": 0.00054, "id": 2, "local_plan": null, "location": "PC Room 6", "name": "r2", "position": [-19.0, 18.0, -1.57], "skills": ["approach_person", "approach_robot", "authenticate_person", "navigation", "operate_drawer"]}, {"avg_speed": 0.15, "battery_charge": 0.462681764358839, "battery_discharge_rate": 0.00036, "id": 3, "local_plan": null, "location": "IC Room 2", "name": "r3", "position": [-38.0, 21.5, 0.0], "skills": ["approach_person", "approach_robot", "navigation", "operate_drawer"]}, {"avg_speed": 0.15, "battery_charge": 0.6520875066754872, "battery_discharge_rate": 0.0006000000000000001, "id": 4, "local_plan": [["navigation", ["IC Room 6", [[-39.44, 33.95, 0.0], [-37.0, 33.95], [-37.0, 18.93], [-33.9, 18.93, 3.14]]], "navto_room"], ["approach_person", ["nurse"], "approach_nurse"], ["authenticate_person", ["nurse"], "authenticate_nurse"], ["operate_drawer", ["open"], "open_drawer_for_nurse"], ["send_message", ["nurse"], "notify_nurse_of_open_drawer_for_nurse_completed"], ["wait_message", ["nurse"], "wait_nurse_to_complete_deposit"], ["operate_drawer", ["close"], "close_drawer_nurse"], ["navigation", ["Laboratory", [[-33.9, 18.93, 3.14], [-37.0, 18.93], [-37.0, 16.0], [-26.0, 16.0], [-26.0, 13.0, 1.57]]], "navto_lab"], ["approach_robot", ["lab_arm"], "approach_arm"], ["operate_drawer", ["open"], "open_drawer_lab"], ["send_message", ["lab_arm"], "notify_lab_arm_of_open_drawer_lab_completed"], ["wait_message", ["lab_arm"], "wait_lab_arm_to_complete_pick_up_sample"], ["operate_drawer", ["close"], "close_drawer_lab"]], "location": "IC Room 4", "name": "r4", "position": [-39.44, 33.95, 0.0], "skills": ["approach_person", "approach_robot", "authenticate_person", "navigation", "operate_drawer"]}, {"avg_speed": 0.15, "battery_charge": 0.2817995261312799, "battery_discharge_rate": 0.0002, "id": 5, "local_plan": null, "location": "PC Room 7", "name": "r5", "position": [-13.5, 18.0, -1.57], "skills": ["approach_person", "authenticate_person", "navigation", "operate_drawer"]}, {"avg_speed": 0.15, "battery_charge": 0.5080169438370433, "battery_discharge_rate": 0.00072, "id": 6, "local_plan": null, "location": "IC Room 5", "name": "r6", "position": [-32.88, 33.98, 3.14], "skills": ["approach_person", "approach_robot", "navigation", "operate_drawer"]}]
0.00, [DEBUG], logger, NURSES_CONFIG=[{"location": "IC Room 6", "position": [-32.9, 19.93, 3.14]}]
0.00, [DEBUG], logger, Simulation open
0.02, [DEBUG], logger, subcribing to in the topic /log
0.97, [DEBUG], None, [debug],turtlebot5,move-base-info,Move_base is up and ok....,
2.80, [DEBUG], None, [debug],turtlebot6,move-base-info,Move_base is up and ok....,
2.82, [DEBUG], None, [debug],turtlebot4,move-base-info,Move_base is up and ok....,
3.37, [DEBUG], None, [debug],turtlebot1,move-base-info,Move_base is up and ok....,
7.10, [DEBUG], None, [debug],turtlebot3,move-base-info,Move_base is up and ok....,
7.93, [DEBUG], None, [debug],turtlebot2,move-base-info,Move_base is up and ok....,
10.90, [DEBUG], turtlebot5, {"param_list": [], "skill": "init_robobt", "skill-life-cycle": "SUCCESS", "label": "init_robobt"}
11.37, [DEBUG], turtlebot1, {"param_list": [], "skill": "init_robobt", "skill-life-cycle": "RUNNING", "label": "init_robobt"}
12.18, [DEBUG], turtlebot1, {"param_list": [], "skill": "init_robobt", "skill-life-cycle": "SUCCESS", "label": "init_robobt"}
12.27, [DEBUG], turtlebot6, {"param_list": [], "skill": "init_robobt", "skill-life-cycle": "RUNNING", "label": "init_robobt"}
12.58, [DEBUG], turtlebot3, {"param_list": [], "skill": "init_robobt", "skill-life-cycle": "RUNNING", "label": "init_robobt"}
12.60, [DEBUG], turtlebot4, {"param_list": [], "skill": "init_robobt", "skill-life-cycle": "RUNNING", "label": "init_robobt"}
12.67, [DEBUG], turtlebot2, {"param_list": [], "skill": "init_robobt", "skill-life-cycle": "RUNNING", "label": "init_robobt"}
16.27, [DEBUG], turtlebot6, {"param_list": [], "skill": "init_robobt", "skill-life-cycle": "SUCCESS", "label": "init_robobt"}
17.10, [DEBUG], turtlebot4, {"param_list": [], "skill": "init_robobt", "skill-life-cycle": "SUCCESS", "label": "init_robobt"}
17.10, [DEBUG], turtlebot4, "available-skills=['send_message', 'wait_message', 'approach_person', 'approach_robot', 'authenticate_person', 'navigation', 'operate_drawer']"
17.10, [DEBUG], turtlebot4, {"param_list": ["IC Room 6", [[-37.0, 33.95, -1.5707963267948966, true], [-37.0, 18.93, 0.0, true], [-33.9, 18.93, 3.14, false]]], "skill": "navigation", "skill-life-cycle": "STARTED", "label": "navto_room"}
17.18, [DEBUG], turtlebot3, {"param_list": [], "skill": "init_robobt", "skill-life-cycle": "SUCCESS", "label": "init_robobt"}
17.30, [DEBUG], turtlebot2, {"param_list": [], "skill": "init_robobt", "skill-life-cycle": "SUCCESS", "label": "init_robobt"}
22.90, [INFO], turtlebot1, {"y": "17.82", "x": "-11.46", "yaw": "-1.25"}
22.90, [INFO], turtlebot1, {"y": "17.82", "x": "-11.46", "yaw": "-1.25"}
22.92, [INFO], turtlebot3, {"y": "21.48", "x": "-38.00", "yaw": "0.01"}
22.92, [INFO], turtlebot3, {"y": "21.48", "x": "-38.00", "yaw": "0.01"}
22.92, [INFO], turtlebot2, {"y": "17.99", "x": "-19.02", "yaw": "-1.38"}
22.92, [INFO], turtlebot2, {"y": "17.99", "x": "-19.02", "yaw": "-1.38"}
22.93, [INFO], turtlebot4, {"battery-level": "64.43%"}
22.93, [INFO], turtlebot4, {"battery-level": "64.43%"}
22.93, [INFO], turtlebot6, {"y": "33.97", "x": "-32.89", "yaw": "-3.10"}
22.93, [INFO], turtlebot6, {"y": "33.97", "x": "-32.89", "yaw": "-3.10"}
22.95, [INFO], turtlebot4, {"y": "33.94", "x": "-39.35", "yaw": "0.67"}
22.95, [INFO], turtlebot4, {"y": "33.94", "x": "-39.35", "yaw": "0.67"}
22.95, [INFO], turtlebot5, {"y": "18.00", "x": "-13.50", "yaw": "-1.50"}
22.97, [INFO], turtlebot5, {"y": "18.00", "x": "-13.50", "yaw": "-1.50"}
37.90, [INFO], turtlebot1, {"y": "17.82", "x": "-11.46", "yaw": "-1.25"}
37.90, [INFO], turtlebot1, {"y": "17.82", "x": "-11.46", "yaw": "-1.25"}
37.92, [INFO], turtlebot3, {"y": "21.48", "x": "-38.00", "yaw": "0.01"}
37.92, [INFO], turtlebot3, {"y": "21.48", "x": "-38.00", "yaw": "0.01"}
37.92, [INFO], turtlebot2, {"y": "17.99", "x": "-19.01", "yaw": "-1.38"}
37.92, [INFO], turtlebot2, {"y": "17.99", "x": "-19.01", "yaw": "-1.38"}
37.93, [INFO], turtlebot4, {"y": "34.57", "x": "-38.18", "yaw": "0.12"}
37.93, [INFO], turtlebot4, {"y": "34.57", "x": "-38.18", "yaw": "0.12"}
37.93, [INFO], turtlebot4, {"battery-level": "63.53%"}
37.93, [INFO], turtlebot4, {"battery-level": "63.53%"}
37.93, [INFO], turtlebot6, {"y": "33.97", "x": "-32.89", "yaw": "-3.10"}
37.95, [INFO], turtlebot6, {"y": "33.97", "x": "-32.89", "yaw": "-3.10"}
37.95, [INFO], turtlebot5, {"y": "18.00", "x": "-13.49", "yaw": "-1.49"}
37.95, [INFO], turtlebot5, {"y": "18.00", "x": "-13.49", "yaw": "-1.49"}
50.37, [DEBUG], None, [debug],turtlebot4,move-base-info,Hooray, the base moved arrived,(x=-37;y=33.95)
50.37, [DEBUG], None, [debug],turtlebot4,move-base-info,Hooray, the base moved arrived,(x=-37;y=33.95)
50.42, [DEBUG], turtlebot4, {"status": "way-point-reached", "skill": "navigation", "percentage": "33.33%", "goingto": "IC Room 6"}
52.90, [INFO], turtlebot1, {"y": "17.82", "x": "-11.46", "yaw": "-1.25"}
52.90, [INFO], turtlebot1, {"y": "17.82", "x": "-11.46", "yaw": "-1.25"}
52.92, [INFO], turtlebot2, {"y": "17.99", "x": "-19.01", "yaw": "-1.38"}
52.92, [INFO], turtlebot2, {"y": "17.99", "x": "-19.01", "yaw": "-1.38"}
52.93, [INFO], turtlebot3, {"y": "21.48", "x": "-38.00", "yaw": "0.01"}
52.93, [INFO], turtlebot3, {"y": "21.48", "x": "-38.00", "yaw": "0.01"}
52.93, [INFO], turtlebot6, {"y": "33.97", "x": "-32.89", "yaw": "-3.10"}
52.93, [INFO], turtlebot6, {"y": "33.97", "x": "-32.89", "yaw": "-3.10"}
52.93, [INFO], turtlebot4, {"y": "34.22", "x": "-37.39", "yaw": "-1.52"}
52.93, [INFO], turtlebot4, {"y": "34.22", "x": "-37.39", "yaw": "-1.52"}
52.95, [INFO], turtlebot4, {"battery-level": "62.57%"}
52.95, [INFO], turtlebot4, {"battery-level": "62.57%"}
52.95, [INFO], turtlebot5, {"y": "18.00", "x": "-13.49", "yaw": "-1.48"}
52.95, [INFO], turtlebot5, {"y": "18.00", "x": "-13.49", "yaw": "-1.48"}
56.62, [DEBUG], turtlebot4, {"param_list": ["IC Room 6", [[-37.0, 33.95, -1.5707963267948966, true], [-37.0, 18.93, 0.0, true], [-33.9, 18.93, 3.14, false]]], "skill": "navigation", "skill-life-cycle": "RUNNING", "label": "navto_room"}
67.90, [INFO], turtlebot1, {"y": "17.82", "x": "-11.46", "yaw": "-1.25"}
67.90, [INFO], turtlebot1, {"y": "17.82", "x": "-11.46", "yaw": "-1.25"}
67.92, [INFO], turtlebot2, {"y": "17.99", "x": "-19.01", "yaw": "-1.38"}
67.92, [INFO], turtlebot2, {"y": "17.99", "x": "-19.01", "yaw": "-1.38"}
67.92, [INFO], turtlebot3, {"y": "21.48", "x": "-38.00", "yaw": "0.01"}
67.92, [INFO], turtlebot3, {"y": "21.48", "x": "-38.00", "yaw": "0.01"}
67.93, [INFO], turtlebot4, {"battery-level": "61.67%"}
67.93, [INFO], turtlebot4, {"battery-level": "61.67%"}
67.93, [INFO], turtlebot6, {"y": "33.97", "x": "-32.89", "yaw": "-3.10"}
67.93, [INFO], turtlebot6, {"y": "33.97", "x": "-32.89", "yaw": "-3.10"}
67.93, [INFO], turtlebot5, {"y": "18.00", "x": "-13.49", "yaw": "-1.47"}
67.93, [INFO], turtlebot5, {"y": "18.00", "x": "-13.49", "yaw": "-1.47"}
67.95, [INFO], turtlebot4, {"y": "32.65", "x": "-36.91", "yaw": "-1.63"}
67.95, [INFO], turtlebot4, {"y": "32.65", "x": "-36.91", "yaw": "-1.63"}
82.90, [INFO], turtlebot1, {"y": "17.82", "x": "-11.46", "yaw": "-1.25"}
82.90, [INFO], turtlebot1, {"y": "17.82", "x": "-11.46", "yaw": "-1.25"}
82.92, [INFO], turtlebot2, {"y": "17.99", "x": "-19.01", "yaw": "-1.38"}
82.92, [INFO], turtlebot2, {"y": "17.99", "x": "-19.01", "yaw": "-1.38"}
82.92, [INFO], turtlebot3, {"y": "21.48", "x": "-38.00", "yaw": "0.01"}
82.92, [INFO], turtlebot3, {"y": "21.48", "x": "-38.00", "yaw": "0.01"}
82.93, [INFO], turtlebot4, {"battery-level": "60.83%"}
82.93, [INFO], turtlebot4, {"battery-level": "60.83%"}
82.93, [INFO], turtlebot5, {"y": "17.99", "x": "-13.49", "yaw": "-1.45"}
82.95, [INFO], turtlebot5, {"y": "17.99", "x": "-13.49", "yaw": "-1.45"}
82.95, [INFO], turtlebot4, {"y": "30.09", "x": "-36.97", "yaw": "-1.58"}
82.95, [INFO], turtlebot4, {"y": "30.09", "x": "-36.97", "yaw": "-1.58"}
82.95, [INFO], turtlebot6, {"y": "33.97", "x": "-32.90", "yaw": "-3.10"}
82.95, [INFO], turtlebot6, {"y": "33.97", "x": "-32.90", "yaw": "-3.10"}
97.90, [INFO], turtlebot1, {"y": "17.82", "x": "-11.46", "yaw": "-1.25"}
97.90, [INFO], turtlebot1, {"y": "17.82", "x": "-11.46", "yaw": "-1.25"}
97.92, [INFO], turtlebot3, {"y": "21.48", "x": "-38.00", "yaw": "0.01"}
97.92, [INFO], turtlebot3, {"y": "21.48", "x": "-38.00", "yaw": "0.01"}
97.92, [INFO], turtlebot2, {"y": "17.99", "x": "-19.01", "yaw": "-1.38"}
97.92, [INFO], turtlebot2, {"y": "17.99", "x": "-19.01", "yaw": "-1.38"}
97.93, [INFO], turtlebot5, {"y": "17.99", "x": "-13.49", "yaw": "-1.44"}
97.93, [INFO], turtlebot5, {"y": "17.99", "x": "-13.49", "yaw": "-1.44"}
97.93, [INFO], turtlebot4, {"y": "27.65", "x": "-36.92", "yaw": "-1.64"}
97.95, [INFO], turtlebot6, {"y": "33.97", "x": "-32.90", "yaw": "-3.10"}
97.95, [INFO], turtlebot4, {"y": "27.65", "x": "-36.92", "yaw": "-1.64"}
97.95, [INFO], turtlebot4, {"battery-level": "59.87%"}
97.95, [INFO], turtlebot6, {"y": "33.97", "x": "-32.90", "yaw": "-3.10"}
97.95, [INFO], turtlebot4, {"battery-level": "59.87%"}
100.08, [DEBUG], turtlebot4, {"param_list": ["IC Room 6", [[-37.0, 33.95, -1.5707963267948966, true], [-37.0, 18.93, 0.0, true], [-33.9, 18.93, 3.14, false]]], "skill": "navigation", "skill-life-cycle": "RUNNING", "label": "navto_room"}
112.90, [INFO], turtlebot1, {"y": "17.82", "x": "-11.46", "yaw": "-1.25"}
112.90, [INFO], turtlebot1, {"y": "17.82", "x": "-11.46", "yaw": "-1.25"}
112.92, [INFO], turtlebot3, {"y": "21.48", "x": "-38.00", "yaw": "0.01"}
112.92, [INFO], turtlebot3, {"y": "21.48", "x": "-38.00", "yaw": "0.01"}
112.92, [INFO], turtlebot2, {"y": "17.99", "x": "-19.01", "yaw": "-1.38"}
112.92, [INFO], turtlebot2, {"y": "17.99", "x": "-19.01", "yaw": "-1.38"}
112.93, [INFO], turtlebot6, {"y": "33.97", "x": "-32.90", "yaw": "-3.09"}
112.93, [INFO], turtlebot6, {"y": "33.97", "x": "-32.90", "yaw": "-3.09"}
112.93, [INFO], turtlebot4, {"y": "25.01", "x": "-37.06", "yaw": "-1.63"}
112.93, [INFO], turtlebot4, {"y": "25.01", "x": "-37.06", "yaw": "-1.63"}
112.95, [INFO], turtlebot5, {"y": "17.99", "x": "-13.49", "yaw": "-1.42"}
112.95, [INFO], turtlebot5, {"y": "17.99", "x": "-13.49", "yaw": "-1.42"}
112.95, [INFO], turtlebot4, {"battery-level": "58.97%"}
112.95, [INFO], turtlebot4, {"battery-level": "58.97%"}
127.90, [INFO], turtlebot1, {"y": "17.82", "x": "-11.46", "yaw": "-1.25"}
127.90, [INFO], turtlebot1, {"y": "17.82", "x": "-11.46", "yaw": "-1.25"}
127.92, [INFO], turtlebot3, {"y": "21.48", "x": "-38.00", "yaw": "0.01"}
127.92, [INFO], turtlebot3, {"y": "21.48", "x": "-38.00", "yaw": "0.01"}
127.92, [INFO], turtlebot2, {"y": "17.99", "x": "-19.01", "yaw": "-1.38"}
127.92, [INFO], turtlebot2, {"y": "17.99", "x": "-19.01", "yaw": "-1.38"}
127.93, [INFO], turtlebot6, {"y": "33.97", "x": "-32.90", "yaw": "-3.09"}
127.93, [INFO], turtlebot6, {"y": "33.97", "x": "-32.90", "yaw": "-3.09"}
127.95, [INFO], turtlebot4, {"battery-level": "58.07%"}
127.95, [INFO], turtlebot4, {"battery-level": "58.07%"}
127.95, [INFO], turtlebot4, {"y": "22.37", "x": "-37.21", "yaw": "-1.63"}
127.95, [INFO], turtlebot4, {"y": "22.37", "x": "-37.21", "yaw": "-1.63"}
127.95, [INFO], turtlebot5, {"y": "17.99", "x": "-13.49", "yaw": "-1.40"}
127.97, [INFO], turtlebot5, {"y": "17.99", "x": "-13.49", "yaw": "-1.40"}
142.90, [INFO], turtlebot1, {"y": "17.82", "x": "-11.46", "yaw": "-1.25"}
142.90, [INFO], turtlebot1, {"y": "17.82", "x": "-11.46", "yaw": "-1.25"}
142.92, [INFO], turtlebot3, {"y": "21.48", "x": "-38.00", "yaw": "0.01"}
142.92, [INFO], turtlebot3, {"y": "21.48", "x": "-38.00", "yaw": "0.01"}
142.92, [INFO], turtlebot2, {"y": "17.99", "x": "-19.01", "yaw": "-1.38"}
142.92, [INFO], turtlebot2, {"y": "17.99", "x": "-19.01", "yaw": "-1.38"}
142.93, [INFO], turtlebot6, {"y": "33.97", "x": "-32.90", "yaw": "-3.09"}
142.93, [INFO], turtlebot6, {"y": "33.97", "x": "-32.90", "yaw": "-3.09"}
142.93, [INFO], turtlebot4, {"y": "19.73", "x": "-37.36", "yaw": "-1.62"}
142.93, [INFO], turtlebot4, {"y": "19.73", "x": "-37.36", "yaw": "-1.62"}
142.95, [INFO], turtlebot5, {"y": "17.98", "x": "-13.49", "yaw": "-1.38"}
142.95, [INFO], turtlebot5, {"y": "17.98", "x": "-13.49", "yaw": "-1.38"}
142.95, [INFO], turtlebot4, {"battery-level": "57.17%"}
142.97, [INFO], turtlebot4, {"battery-level": "57.17%"}
143.22, [DEBUG], turtlebot4, {"param_list": ["IC Room 6", [[-37.0, 33.95, -1.5707963267948966, true], [-37.0, 18.93, 0.0, true], [-33.9, 18.93, 3.14, false]]], "skill": "navigation", "skill-life-cycle": "RUNNING", "label": "navto_room"}
150.00, [DEBUG], None, [debug],turtlebot4,move-base-info,Hooray, the base moved arrived,(x=-37;y=18.93)
150.00, [DEBUG], None, [debug],turtlebot4,move-base-info,Hooray, the base moved arrived,(x=-37;y=18.93)
150.13, [DEBUG], turtlebot4, {"status": "way-point-reached", "skill": "navigation", "percentage": "66.67%", "goingto": "IC Room 6"}
157.90, [INFO], turtlebot1, {"y": "17.82", "x": "-11.46", "yaw": "-1.25"}
157.90, [INFO], turtlebot1, {"y": "17.82", "x": "-11.46", "yaw": "-1.25"}
157.92, [INFO], turtlebot2, {"y": "17.99", "x": "-19.01", "yaw": "-1.38"}
157.92, [INFO], turtlebot2, {"y": "17.99", "x": "-19.01", "yaw": "-1.38"}
157.92, [INFO], turtlebot3, {"y": "21.48", "x": "-38.00", "yaw": "0.01"}
157.92, [INFO], turtlebot3, {"y": "21.48", "x": "-38.00", "yaw": "0.01"}
157.93, [INFO], turtlebot6, {"y": "33.97", "x": "-32.90", "yaw": "-3.09"}
157.93, [INFO], turtlebot6, {"y": "33.97", "x": "-32.90", "yaw": "-3.09"}
157.93, [INFO], turtlebot4, {"battery-level": "56.33%"}
157.93, [INFO], turtlebot4, {"battery-level": "56.33%"}
157.93, [INFO], turtlebot5, {"y": "17.98", "x": "-13.48", "yaw": "-1.36"}
157.95, [INFO], turtlebot5, {"y": "17.98", "x": "-13.48", "yaw": "-1.36"}
157.95, [INFO], turtlebot4, {"y": "19.09", "x": "-37.09", "yaw": "-0.82"}
157.95, [INFO], turtlebot4, {"y": "19.09", "x": "-37.09", "yaw": "-0.82"}
172.90, [INFO], turtlebot1, {"y": "17.82", "x": "-11.46", "yaw": "-1.25"}
172.90, [INFO], turtlebot1, {"y": "17.82", "x": "-11.46", "yaw": "-1.25"}
172.92, [INFO], turtlebot3, {"y": "21.48", "x": "-38.00", "yaw": "0.01"}
172.92, [INFO], turtlebot3, {"y": "21.48", "x": "-38.00", "yaw": "0.01"}
172.93, [INFO], turtlebot2, {"y": "17.99", "x": "-19.01", "yaw": "-1.38"}
172.93, [INFO], turtlebot2, {"y": "17.99", "x": "-19.01", "yaw": "-1.38"}
172.93, [INFO], turtlebot4, {"battery-level": "55.37%"}
172.93, [INFO], turtlebot4, {"battery-level": "55.37%"}
172.95, [INFO], turtlebot5, {"y": "17.97", "x": "-13.48", "yaw": "-1.34"}
172.95, [INFO], turtlebot5, {"y": "17.97", "x": "-13.48", "yaw": "-1.34"}
172.97, [INFO], turtlebot6, {"y": "33.97", "x": "-32.90", "yaw": "-3.09"}
172.97, [INFO], turtlebot4, {"y": "17.95", "x": "-36.13", "yaw": "-0.48"}
172.97, [INFO], turtlebot6, {"y": "33.97", "x": "-32.90", "yaw": "-3.09"}
172.97, [INFO], turtlebot4, {"y": "17.95", "x": "-36.13", "yaw": "-0.48"}
186.87, [DEBUG], turtlebot4, {"param_list": ["IC Room 6", [[-37.0, 33.95, -1.5707963267948966, true], [-37.0, 18.93, 0.0, true], [-33.9, 18.93, 3.14, false]]], "skill": "navigation", "skill-life-cycle": "RUNNING", "label": "navto_room"}
187.90, [INFO], turtlebot1, {"y": "17.82", "x": "-11.46", "yaw": "-1.25"}
187.90, [INFO], turtlebot1, {"y": "17.82", "x": "-11.46", "yaw": "-1.25"}
187.92, [INFO], turtlebot2, {"y": "17.99", "x": "-19.01", "yaw": "-1.38"}
187.92, [INFO], turtlebot2, {"y": "17.99", "x": "-19.01", "yaw": "-1.38"}
187.92, [INFO], turtlebot3, {"y": "21.48", "x": "-38.00", "yaw": "0.01"}
187.92, [INFO], turtlebot3, {"y": "21.48", "x": "-38.00", "yaw": "0.01"}
187.93, [INFO], turtlebot6, {"y": "33.97", "x": "-32.90", "yaw": "-3.09"}
187.93, [INFO], turtlebot6, {"y": "33.97", "x": "-32.90", "yaw": "-3.09"}
187.93, [INFO], turtlebot5, {"y": "17.97", "x": "-13.48", "yaw": "-1.32"}
187.95, [INFO], turtlebot4, {"y": "17.95", "x": "-34.92", "yaw": "0.51"}
187.95, [INFO], turtlebot5, {"y": "17.97", "x": "-13.48", "yaw": "-1.32"}
187.97, [INFO], turtlebot4, {"battery-level": "54.47%"}
187.97, [INFO], turtlebot4, {"y": "17.95", "x": "-34.92", "yaw": "0.51"}
187.97, [INFO], turtlebot4, {"battery-level": "54.47%"}
202.90, [INFO], turtlebot1, {"y": "17.82", "x": "-11.46", "yaw": "-1.25"}
202.90, [INFO], turtlebot1, {"y": "17.82", "x": "-11.46", "yaw": "-1.25"}
202.92, [INFO], turtlebot3, {"y": "21.48", "x": "-38.02", "yaw": "0.03"}
202.92, [INFO], turtlebot3, {"y": "21.48", "x": "-38.02", "yaw": "0.03"}
202.92, [INFO], turtlebot2, {"y": "17.99", "x": "-19.01", "yaw": "-1.38"}
202.92, [INFO], turtlebot2, {"y": "17.99", "x": "-19.01", "yaw": "-1.38"}
202.93, [INFO], turtlebot6, {"y": "33.97", "x": "-32.90", "yaw": "-3.09"}
202.93, [INFO], turtlebot4, {"battery-level": "53.57%"}
202.93, [INFO], turtlebot6, {"y": "33.97", "x": "-32.90", "yaw": "-3.09"}
202.95, [INFO], turtlebot4, {"battery-level": "53.57%"}
202.95, [INFO], turtlebot4, {"y": "18.56", "x": "-34.12", "yaw": "2.91"}
202.95, [INFO], turtlebot4, {"y": "18.56", "x": "-34.12", "yaw": "2.91"}
202.95, [INFO], turtlebot5, {"y": "17.97", "x": "-13.47", "yaw": "-1.30"}
202.95, [INFO], turtlebot5, {"y": "17.97", "x": "-13.47", "yaw": "-1.30"}
204.03, [DEBUG], None, [debug],turtlebot4,move-base-info,Hooray, the base moved arrived,(x=-33.9;y=18.93)
204.03, [DEBUG], None, [debug],turtlebot4,move-base-info,Hooray, the base moved arrived,(x=-33.9;y=18.93)
204.18, [DEBUG], turtlebot4, {"status": "way-point-reached", "skill": "navigation", "percentage": "100.00%", "goingto": "IC Room 6"}
204.27, [DEBUG], turtlebot4, {"param_list": ["IC Room 6", [[-37.0, 33.95, -1.5707963267948966, true], [-37.0, 18.93, 0.0, true], [-33.9, 18.93, 3.14, false]]], "skill": "navigation", "skill-life-cycle": "SUCCESS", "label": "navto_room"}
204.27, [DEBUG], turtlebot4, "available-skills=['send_message', 'wait_message', 'approach_person', 'approach_robot', 'authenticate_person', 'navigation', 'operate_drawer']"
204.27, [DEBUG], turtlebot4, {"param_list": ["nurse"], "skill": "approach_person", "skill-life-cycle": "STARTED", "label": "approach_nurse"}
204.35, [DEBUG], turtlebot4, {"status": "localize-person", "skill": "approach-person", "who": "nurse"}
204.57, [DEBUG], turtlebot4, {"status": "goto-person", "skill": "approach-person", "who": "nurse"}
204.63, [DEBUG], turtlebot4, {"param_list": ["nurse"], "skill": "approach_person", "skill-life-cycle": "SUCCESS", "label": "approach_nurse"}
204.63, [DEBUG], turtlebot4, "available-skills=['send_message', 'wait_message', 'approach_person', 'approach_robot', 'authenticate_person', 'navigation', 'operate_drawer']"
204.63, [DEBUG], turtlebot4, {"param_list": ["nurse"], "skill": "authenticate_person", "skill-life-cycle": "STARTED", "label": "authenticate_nurse"}
204.68, [DEBUG], turtlebot4, {"status": "request-authentication", "to": "nurse", "skill": "authenticate-person"}
204.70, [INFO], nurse, {"status": "message-received", "skill": "athentication-request"}
204.70, [INFO], nurse, {"status": "message-received", "skill": "athentication-request"}
205.55, [DEBUG], turtlebot4, {"status": "received-authentication", "skill": "authenticate-person", "from": "nurse"}
205.62, [DEBUG], turtlebot4, {"param_list": ["nurse"], "skill": "authenticate_person", "skill-life-cycle": "SUCCESS", "label": "authenticate_nurse"}
205.62, [DEBUG], turtlebot4, "available-skills=['send_message', 'wait_message', 'approach_person', 'approach_robot', 'authenticate_person', 'navigation', 'operate_drawer']"
205.62, [DEBUG], turtlebot4, {"param_list": ["open"], "skill": "operate_drawer", "skill-life-cycle": "STARTED", "label": "open_drawer_for_nurse"}
205.68, [DEBUG], turtlebot4, {"status": "task-update", "action": "open", "skill": "operate-drawer"}
206.55, [DEBUG], turtlebot4, {"param_list": ["open"], "skill": "operate_drawer", "skill-life-cycle": "SUCCESS", "label": "open_drawer_for_nurse"}
206.55, [DEBUG], turtlebot4, "available-skills=['send_message', 'wait_message', 'approach_person', 'approach_robot', 'authenticate_person', 'navigation', 'operate_drawer']"
206.55, [DEBUG], turtlebot4, {"param_list": ["nurse"], "skill": "send_message", "skill-life-cycle": "STARTED", "label": "notify_nurse_of_open_drawer_for_nurse_completed"}
206.62, [INFO], turtlebot4, {"to": "nurse", "skill": "send-message"}
207.38, [INFO], nurse, {"status": "message-received", "skill": "wait-message"}
207.38, [INFO], nurse, {"status": "message-received", "skill": "wait-message"}
209.73, [DEBUG], turtlebot4, {"param_list": ["nurse"], "skill": "send_message", "skill-life-cycle": "SUCCESS", "label": "notify_nurse_of_open_drawer_for_nurse_completed"}
209.73, [DEBUG], turtlebot4, "available-skills=['send_message', 'wait_message', 'approach_person', 'approach_robot', 'authenticate_person', 'navigation', 'operate_drawer']"
209.73, [DEBUG], turtlebot4, {"param_list": ["nurse"], "skill": "wait_message", "skill-life-cycle": "STARTED", "label": "wait_nurse_to_complete_deposit"}
211.38, [INFO], turtlebot4, {"status": "message-received", "skill": "wait-message"}
211.47, [DEBUG], turtlebot4, {"param_list": ["nurse"], "skill": "wait_message", "skill-life-cycle": "SUCCESS", "label": "wait_nurse_to_complete_deposit"}
211.48, [DEBUG], turtlebot4, "available-skills=['send_message', 'wait_message', 'approach_person', 'approach_robot', 'authenticate_person', 'navigation', 'operate_drawer']"
211.48, [DEBUG], turtlebot4, {"param_list": ["close"], "skill": "operate_drawer", "skill-life-cycle": "STARTED", "label": "close_drawer_nurse"}
211.58, [DEBUG], turtlebot4, {"status": "task-update", "action": "close", "skill": "operate-drawer"}
212.42, [DEBUG], turtlebot4, {"param_list": ["close"], "skill": "operate_drawer", "skill-life-cycle": "SUCCESS", "label": "close_drawer_nurse"}
212.43, [DEBUG], turtlebot4, "available-skills=['send_message', 'wait_message', 'approach_person', 'approach_robot', 'authenticate_person', 'navigation', 'operate_drawer']"
212.43, [DEBUG], turtlebot4, {"param_list": ["Laboratory", [[-37.0, 18.93, -1.5707963267948966, true], [-37.0, 16.0, 0.0, true], [-26.0, 16.0, -1.5707963267948966, true], [-26.0, 13.0, 1.57, false]]], "skill": "navigation", "skill-life-cycle": "STARTED", "label": "navto_lab"}
217.38, [INFO], nurse, {"status": "message-received", "skill": "wait-message"}
217.38, [INFO], nurse, {"status": "message-received", "skill": "wait-message"}
217.90, [INFO], turtlebot1, {"y": "17.82", "x": "-11.46", "yaw": "-1.25"}
217.90, [INFO], turtlebot1, {"y": "17.82", "x": "-11.46", "yaw": "-1.25"}
217.92, [INFO], turtlebot2, {"y": "17.99", "x": "-19.01", "yaw": "-1.38"}
217.92, [INFO], turtlebot3, {"y": "21.48", "x": "-38.02", "yaw": "0.03"}
217.92, [INFO], turtlebot2, {"y": "17.99", "x": "-19.01", "yaw": "-1.38"}
217.92, [INFO], turtlebot3, {"y": "21.48", "x": "-38.02", "yaw": "0.03"}
217.93, [INFO], turtlebot6, {"y": "33.97", "x": "-32.91", "yaw": "-3.08"}
217.93, [INFO], turtlebot6, {"y": "33.97", "x": "-32.91", "yaw": "-3.08"}
217.93, [INFO], turtlebot4, {"battery-level": "52.73%"}
217.93, [INFO], turtlebot4, {"battery-level": "52.73%"}
217.95, [INFO], turtlebot5, {"y": "17.96", "x": "-13.47", "yaw": "-1.28"}
217.95, [INFO], turtlebot5, {"y": "17.96", "x": "-13.47", "yaw": "-1.28"}
217.95, [INFO], turtlebot4, {"y": "18.52", "x": "-34.36", "yaw": "-2.84"}
217.97, [INFO], turtlebot4, {"y": "18.52", "x": "-34.36", "yaw": "-2.84"}
224.68, [INFO], nurse, {"status": "waiting", "skill": "athentication-sent"}
224.68, [INFO], nurse, {"status": "waiting", "skill": "athentication-sent"}
227.38, [INFO], nurse, {"status": "message-received", "skill": "wait-message"}
227.38, [INFO], nurse, {"status": "message-received", "skill": "wait-message"}
231.80, [DEBUG], turtlebot4, {"param_list": ["Laboratory", [[-37.0, 18.93, -1.5707963267948966, true], [-37.0, 16.0, 0.0, true], [-26.0, 16.0, -1.5707963267948966, true], [-26.0, 13.0, 1.57, false]]], "skill": "navigation", "skill-life-cycle": "RUNNING", "label": "navto_lab"}
232.90, [INFO], turtlebot1, {"y": "17.82", "x": "-11.46", "yaw": "-1.25"}
232.90, [INFO], turtlebot1, {"y": "17.82", "x": "-11.46", "yaw": "-1.25"}
232.92, [INFO], turtlebot2, {"y": "17.99", "x": "-19.01", "yaw": "-1.38"}
232.92, [INFO], turtlebot2, {"y": "17.99", "x": "-19.01", "yaw": "-1.38"}
232.92, [INFO], turtlebot3, {"y": "21.49", "x": "-38.03", "yaw": "0.03"}
232.93, [INFO], turtlebot3, {"y": "21.49", "x": "-38.03", "yaw": "0.03"}
232.93, [INFO], turtlebot4, {"battery-level": "51.83%"}
232.93, [INFO], turtlebot4, {"battery-level": "51.83%"}
232.93, [INFO], turtlebot6, {"y": "33.97", "x": "-32.91", "yaw": "-3.07"}
232.93, [INFO], turtlebot6, {"y": "33.97", "x": "-32.91", "yaw": "-3.07"}
232.93, [INFO], turtlebot5, {"y": "17.96", "x": "-13.47", "yaw": "-1.26"}
232.93, [INFO], turtlebot5, {"y": "17.96", "x": "-13.47", "yaw": "-1.26"}
232.95, [INFO], turtlebot4, {"y": "18.38", "x": "-36.78", "yaw": "2.40"}
232.95, [INFO], turtlebot4, {"y": "18.38", "x": "-36.78", "yaw": "2.40"}
237.38, [INFO], nurse, {"status": "message-received", "skill": "wait-message"}
237.38, [INFO], nurse, {"status": "message-received", "skill": "wait-message"}
240.28, [DEBUG], None, [debug],turtlebot4,move-base-info,Hooray, the base moved arrived,(x=-37;y=18.93)
240.28, [DEBUG], None, [debug],turtlebot4,move-base-info,Hooray, the base moved arrived,(x=-37;y=18.93)
240.33, [DEBUG], turtlebot4, {"status": "way-point-reached", "skill": "navigation", "percentage": "25.00%", "goingto": "Laboratory"}
247.90, [INFO], turtlebot1, {"y": "17.82", "x": "-11.46", "yaw": "-1.25"}
247.90, [INFO], turtlebot1, {"y": "17.82", "x": "-11.46", "yaw": "-1.25"}
247.92, [INFO], turtlebot2, {"y": "17.99", "x": "-19.01", "yaw": "-1.37"}
247.92, [INFO], turtlebot2, {"y": "17.99", "x": "-19.01", "yaw": "-1.37"}
247.92, [INFO], turtlebot3, {"y": "21.49", "x": "-38.04", "yaw": "0.03"}
247.92, [INFO], turtlebot3, {"y": "21.49", "x": "-38.04", "yaw": "0.03"}
247.93, [INFO], turtlebot5, {"y": "17.96", "x": "-13.47", "yaw": "-1.23"}
247.93, [INFO], turtlebot5, {"y": "17.96", "x": "-13.47", "yaw": "-1.23"}
247.93, [INFO], turtlebot6, {"y": "33.97", "x": "-32.91", "yaw": "-3.07"}
247.93, [INFO], turtlebot6, {"y": "33.97", "x": "-32.91", "yaw": "-3.07"}
247.95, [INFO], turtlebot4, {"battery-level": "50.87%"}
247.95, [INFO], turtlebot4, {"battery-level": "50.87%"}
247.95, [INFO], turtlebot4, {"y": "18.03", "x": "-36.83", "yaw": "-1.35"}
247.95, [INFO], turtlebot4, {"y": "18.03", "x": "-36.83", "yaw": "-1.35"}
262.88, [DEBUG], None, [debug],turtlebot4,move-base-info,Hooray, the base moved arrived,(x=-37;y=16)
262.88, [DEBUG], None, [debug],turtlebot4,move-base-info,Hooray, the base moved arrived,(x=-37;y=16)
262.90, [INFO], turtlebot1, {"y": "17.82", "x": "-11.46", "yaw": "-1.25"}
262.90, [INFO], turtlebot1, {"y": "17.82", "x": "-11.46", "yaw": "-1.25"}
262.92, [INFO], turtlebot3, {"y": "21.50", "x": "-38.05", "yaw": "0.03"}
262.92, [INFO], turtlebot2, {"y": "17.99", "x": "-19.01", "yaw": "-1.37"}
262.92, [INFO], turtlebot3, {"y": "21.50", "x": "-38.05", "yaw": "0.03"}
262.92, [INFO], turtlebot2, {"y": "17.99", "x": "-19.01", "yaw": "-1.37"}
262.93, [INFO], turtlebot5, {"y": "17.95", "x": "-13.46", "yaw": "-1.21"}
262.93, [INFO], turtlebot5, {"y": "17.95", "x": "-13.46", "yaw": "-1.21"}
262.93, [INFO], turtlebot4, {"battery-level": "50.03%"}
262.95, [INFO], turtlebot4, {"battery-level": "50.03%"}
262.95, [INFO], turtlebot4, {"y": "16.41", "x": "-36.87", "yaw": "-0.04"}
262.95, [INFO], turtlebot4, {"y": "16.41", "x": "-36.87", "yaw": "-0.04"}
262.95, [INFO], turtlebot6, {"y": "33.97", "x": "-32.91", "yaw": "-3.06"}
262.95, [INFO], turtlebot6, {"y": "33.97", "x": "-32.91", "yaw": "-3.06"}
262.98, [DEBUG], turtlebot4, {"status": "way-point-reached", "skill": "navigation", "percentage": "50.00%", "goingto": "Laboratory"}
276.32, [DEBUG], turtlebot4, {"param_list": ["Laboratory", [[-37.0, 18.93, -1.5707963267948966, true], [-37.0, 16.0, 0.0, true], [-26.0, 16.0, -1.5707963267948966, true], [-26.0, 13.0, 1.57, false]]], "skill": "navigation", "skill-life-cycle": "RUNNING", "label": "navto_lab"}
277.90, [INFO], turtlebot1, {"y": "17.82", "x": "-11.46", "yaw": "-1.25"}
277.90, [INFO], turtlebot1, {"y": "17.82", "x": "-11.46", "yaw": "-1.25"}
277.92, [INFO], turtlebot3, {"y": "21.50", "x": "-38.08", "yaw": "0.03"}
277.92, [INFO], turtlebot3, {"y": "21.50", "x": "-38.08", "yaw": "0.03"}
277.92, [INFO], turtlebot2, {"y": "17.99", "x": "-19.01", "yaw": "-1.37"}
277.92, [INFO], turtlebot2, {"y": "17.99", "x": "-19.01", "yaw": "-1.37"}
277.93, [INFO], turtlebot5, {"y": "17.95", "x": "-13.46", "yaw": "-1.20"}
277.93, [INFO], turtlebot5, {"y": "17.95", "x": "-13.46", "yaw": "-1.20"}
277.93, [INFO], turtlebot6, {"y": "33.98", "x": "-32.92", "yaw": "-3.05"}
277.93, [INFO], turtlebot6, {"y": "33.98", "x": "-32.92", "yaw": "-3.05"}
277.95, [INFO], turtlebot4, {"battery-level": "49.07%"}
277.95, [INFO], turtlebot4, {"battery-level": "49.07%"}
277.95, [INFO], turtlebot4, {"y": "15.65", "x": "-36.17", "yaw": "-0.62"}
277.97, [INFO], turtlebot4, {"y": "15.65", "x": "-36.17", "yaw": "-0.62"}
292.90, [INFO], turtlebot1, {"y": "17.82", "x": "-11.46", "yaw": "-1.25"}
292.90, [INFO], turtlebot1, {"y": "17.82", "x": "-11.46", "yaw": "-1.25"}
292.92, [INFO], turtlebot3, {"y": "21.50", "x": "-38.10", "yaw": "0.03"}
292.92, [INFO], turtlebot3, {"y": "21.50", "x": "-38.10", "yaw": "0.03"}
292.92, [INFO], turtlebot2, {"y": "17.99", "x": "-19.00", "yaw": "-1.37"}
292.92, [INFO], turtlebot2, {"y": "17.99", "x": "-19.00", "yaw": "-1.37"}
292.93, [INFO], turtlebot4, {"y": "15.30", "x": "-34.96", "yaw": "-0.05"}
292.93, [INFO], turtlebot4, {"y": "15.30", "x": "-34.96", "yaw": "-0.05"}
292.93, [INFO], turtlebot4, {"battery-level": "48.23%"}
292.93, [INFO], turtlebot4, {"battery-level": "48.23%"}
292.93, [INFO], turtlebot6, {"y": "33.98", "x": "-32.92", "yaw": "-3.05"}
292.95, [INFO], turtlebot6, {"y": "33.98", "x": "-32.92", "yaw": "-3.05"}
292.95, [INFO], turtlebot5, {"y": "17.95", "x": "-13.45", "yaw": "-1.18"}
292.95, [INFO], turtlebot5, {"y": "17.95", "x": "-13.45", "yaw": "-1.18"}
307.90, [INFO], turtlebot1, {"y": "17.82", "x": "-11.47", "yaw": "-1.25"}
307.90, [INFO], turtlebot1, {"y": "17.82", "x": "-11.47", "yaw": "-1.25"}
307.92, [INFO], turtlebot3, {"y": "21.50", "x": "-38.13", "yaw": "0.03"}
307.92, [INFO], turtlebot3, {"y": "21.50", "x": "-38.13", "yaw": "0.03"}
307.92, [INFO], turtlebot2, {"y": "17.99", "x": "-19.00", "yaw": "-1.37"}
307.92, [INFO], turtlebot2, {"y": "17.99", "x": "-19.00", "yaw": "-1.37"}
307.93, [INFO], turtlebot5, {"y": "17.94", "x": "-13.45", "yaw": "-1.16"}
307.93, [INFO], turtlebot5, {"y": "17.94", "x": "-13.45", "yaw": "-1.16"}
307.93, [INFO], turtlebot6, {"y": "33.98", "x": "-32.92", "yaw": "-3.06"}
307.95, [INFO], turtlebot6, {"y": "33.98", "x": "-32.92", "yaw": "-3.06"}
307.95, [INFO], turtlebot4, {"battery-level": "47.33%"}
307.95, [INFO], turtlebot4, {"battery-level": "47.33%"}
307.95, [INFO], turtlebot4, {"y": "15.30", "x": "-33.70", "yaw": "0.01"}
307.95, [INFO], turtlebot4, {"y": "15.30", "x": "-33.70", "yaw": "0.01"}
319.38, [DEBUG], turtlebot4, {"param_list": ["Laboratory", [[-37.0, 18.93, -1.5707963267948966, true], [-37.0, 16.0, 0.0, true], [-26.0, 16.0, -1.5707963267948966, true], [-26.0, 13.0, 1.57, false]]], "skill": "navigation", "skill-life-cycle": "RUNNING", "label": "navto_lab"}
322.90, [INFO], turtlebot1, {"y": "17.82", "x": "-11.47", "yaw": "-1.25"}
322.90, [INFO], turtlebot1, {"y": "17.82", "x": "-11.47", "yaw": "-1.25"}
322.92, [INFO], turtlebot3, {"y": "21.50", "x": "-38.14", "yaw": "0.03"}
322.92, [INFO], turtlebot2, {"y": "17.99", "x": "-19.00", "yaw": "-1.37"}
322.93, [INFO], turtlebot3, {"y": "21.50", "x": "-38.14", "yaw": "0.03"}
322.93, [INFO], turtlebot4, {"y": "15.36", "x": "-32.46", "yaw": "-0.07"}
322.93, [INFO], turtlebot2, {"y": "17.99", "x": "-19.00", "yaw": "-1.37"}
322.93, [INFO], turtlebot4, {"y": "15.36", "x": "-32.46", "yaw": "-0.07"}
322.93, [INFO], turtlebot4, {"battery-level": "46.43%"}
322.93, [INFO], turtlebot4, {"battery-level": "46.43%"}
322.95, [INFO], turtlebot6, {"y": "33.98", "x": "-32.92", "yaw": "-3.06"}
322.95, [INFO], turtlebot6, {"y": "33.98", "x": "-32.92", "yaw": "-3.06"}
322.95, [INFO], turtlebot5, {"y": "17.94", "x": "-13.45", "yaw": "-1.14"}
322.95, [INFO], turtlebot5, {"y": "17.94", "x": "-13.45", "yaw": "-1.14"}
337.90, [INFO], turtlebot1, {"y": "17.82", "x": "-11.47", "yaw": "-1.25"}
337.90, [INFO], turtlebot1, {"y": "17.82", "x": "-11.47", "yaw": "-1.25"}
337.92, [INFO], turtlebot2, {"y": "17.99", "x": "-19.00", "yaw": "-1.37"}
337.92, [INFO], turtlebot2, {"y": "17.99", "x": "-19.00", "yaw": "-1.37"}
337.92, [INFO], turtlebot3, {"y": "21.51", "x": "-38.15", "yaw": "0.04"}
337.92, [INFO], turtlebot3, {"y": "21.51", "x": "-38.15", "yaw": "0.04"}
337.93, [INFO], turtlebot4, {"battery-level": "45.53%"}
337.93, [INFO], turtlebot4, {"battery-level": "45.53%"}
337.93, [INFO], turtlebot6, {"y": "33.98", "x": "-32.93", "yaw": "-3.06"}
337.93, [INFO], turtlebot6, {"y": "33.98", "x": "-32.93", "yaw": "-3.06"}
337.93, [INFO], turtlebot4, {"y": "15.50", "x": "-31.21", "yaw": "0.32"}
337.95, [INFO], turtlebot4, {"y": "15.50", "x": "-31.21", "yaw": "0.32"}
337.95, [INFO], turtlebot5, {"y": "17.94", "x": "-13.44", "yaw": "-1.14"}
337.95, [INFO], turtlebot5, {"y": "17.94", "x": "-13.44", "yaw": "-1.14"}
352.90, [INFO], turtlebot1, {"y": "17.82", "x": "-11.47", "yaw": "-1.25"}
352.90, [INFO], turtlebot1, {"y": "17.82", "x": "-11.47", "yaw": "-1.25"}
352.92, [INFO], turtlebot3, {"y": "21.51", "x": "-38.15", "yaw": "0.05"}
352.92, [INFO], turtlebot3, {"y": "21.51", "x": "-38.15", "yaw": "0.05"}
352.92, [INFO], turtlebot2, {"y": "17.99", "x": "-19.00", "yaw": "-1.37"}
352.92, [INFO], turtlebot2, {"y": "17.99", "x": "-19.00", "yaw": "-1.37"}
352.93, [INFO], turtlebot4, {"battery-level": "44.57%"}
352.93, [INFO], turtlebot4, {"battery-level": "44.57%"}
352.93, [INFO], turtlebot4, {"y": "15.73", "x": "-29.97", "yaw": "-0.06"}
352.93, [INFO], turtlebot4, {"y": "15.73", "x": "-29.97", "yaw": "-0.06"}
352.95, [INFO], turtlebot5, {"y": "17.94", "x": "-13.44", "yaw": "-1.13"}
352.95, [INFO], turtlebot5, {"y": "17.94", "x": "-13.44", "yaw": "-1.13"}
352.95, [INFO], turtlebot6, {"y": "33.98", "x": "-32.93", "yaw": "-3.06"}
352.95, [INFO], turtlebot6, {"y": "33.98", "x": "-32.93", "yaw": "-3.06"}
361.95, [DEBUG], turtlebot4, {"param_list": ["Laboratory", [[-37.0, 18.93, -1.5707963267948966, true], [-37.0, 16.0, 0.0, true], [-26.0, 16.0, -1.5707963267948966, true], [-26.0, 13.0, 1.57, false]]], "skill": "navigation", "skill-life-cycle": "RUNNING", "label": "navto_lab"}
367.90, [INFO], turtlebot1, {"y": "17.82", "x": "-11.47", "yaw": "-1.25"}
367.90, [INFO], turtlebot1, {"y": "17.82", "x": "-11.47", "yaw": "-1.25"}
367.92, [INFO], turtlebot3, {"y": "21.51", "x": "-38.15", "yaw": "0.08"}
367.92, [INFO], turtlebot3, {"y": "21.51", "x": "-38.15", "yaw": "0.08"}
367.92, [INFO], turtlebot2, {"y": "17.99", "x": "-19.00", "yaw": "-1.37"}
367.92, [INFO], turtlebot2, {"y": "17.99", "x": "-19.00", "yaw": "-1.37"}
367.93, [INFO], turtlebot4, {"y": "15.73", "x": "-28.72", "yaw": "-0.02"}
367.93, [INFO], turtlebot4, {"battery-level": "43.73%"}
367.93, [INFO], turtlebot4, {"y": "15.73", "x": "-28.72", "yaw": "-0.02"}
367.95, [INFO], turtlebot4, {"battery-level": "43.73%"}
367.95, [INFO], turtlebot5, {"y": "17.94", "x": "-13.44", "yaw": "-1.12"}
367.95, [INFO], turtlebot5, {"y": "17.94", "x": "-13.44", "yaw": "-1.12"}
367.95, [INFO], turtlebot6, {"y": "33.98", "x": "-32.93", "yaw": "-3.06"}
367.95, [INFO], turtlebot6, {"y": "33.98", "x": "-32.93", "yaw": "-3.06"}
382.90, [INFO], turtlebot1, {"y": "17.82", "x": "-11.47", "yaw": "-1.25"}
382.90, [INFO], turtlebot1, {"y": "17.82", "x": "-11.47", "yaw": "-1.25"}
382.92, [INFO], turtlebot2, {"y": "17.99", "x": "-19.00", "yaw": "-1.37"}
382.92, [INFO], turtlebot2, {"y": "17.99", "x": "-19.00", "yaw": "-1.37"}
382.92, [INFO], turtlebot3, {"y": "21.51", "x": "-38.15", "yaw": "0.10"}
382.92, [INFO], turtlebot3, {"y": "21.51", "x": "-38.15", "yaw": "0.10"}
382.93, [INFO], turtlebot5, {"y": "17.93", "x": "-13.44", "yaw": "-1.11"}
382.93, [INFO], turtlebot5, {"y": "17.93", "x": "-13.44", "yaw": "-1.11"}
382.93, [INFO], turtlebot4, {"y": "15.72", "x": "-27.47", "yaw": "0.01"}
382.93, [INFO], turtlebot4, {"y": "15.72", "x": "-27.47", "yaw": "0.01"}
382.93, [INFO], turtlebot6, {"y": "33.98", "x": "-32.93", "yaw": "-3.06"}
382.95, [INFO], turtlebot6, {"y": "33.98", "x": "-32.93", "yaw": "-3.06"}
382.95, [INFO], turtlebot4, {"battery-level": "42.77%"}
382.95, [INFO], turtlebot4, {"battery-level": "42.77%"}
397.90, [INFO], turtlebot1, {"y": "17.82", "x": "-11.47", "yaw": "-1.25"}
397.90, [INFO], turtlebot1, {"y": "17.82", "x": "-11.47", "yaw": "-1.25"}
397.92, [INFO], turtlebot3, {"y": "21.52", "x": "-38.15", "yaw": "0.13"}
397.92, [INFO], turtlebot3, {"y": "21.52", "x": "-38.15", "yaw": "0.13"}
397.92, [INFO], turtlebot2, {"y": "17.99", "x": "-19.00", "yaw": "-1.37"}
397.92, [INFO], turtlebot2, {"y": "17.99", "x": "-19.00", "yaw": "-1.37"}
397.93, [INFO], turtlebot5, {"y": "17.93", "x": "-13.43", "yaw": "-1.10"}
397.93, [INFO], turtlebot5, {"y": "17.93", "x": "-13.43", "yaw": "-1.10"}
397.93, [INFO], turtlebot4, {"y": "15.98", "x": "-26.46", "yaw": "-1.08"}
397.93, [INFO], turtlebot4, {"y": "15.98", "x": "-26.46", "yaw": "-1.08"}
397.95, [INFO], turtlebot6, {"y": "33.98", "x": "-32.93", "yaw": "-3.06"}
397.95, [INFO], turtlebot6, {"y": "33.98", "x": "-32.93", "yaw": "-3.06"}
397.95, [INFO], turtlebot4, {"battery-level": "41.87%"}
397.95, [INFO], turtlebot4, {"battery-level": "41.87%"}
399.60, [DEBUG], None, [debug],turtlebot4,move-base-info,Hooray, the base moved arrived,(x=-26;y=16)
399.60, [DEBUG], None, [debug],turtlebot4,move-base-info,Hooray, the base moved arrived,(x=-26;y=16)
399.68, [DEBUG], turtlebot4, {"status": "way-point-reached", "skill": "navigation", "percentage": "75.00%", "goingto": "Laboratory"}
405.65, [DEBUG], turtlebot4, {"param_list": ["Laboratory", [[-37.0, 18.93, -1.5707963267948966, true], [-37.0, 16.0, 0.0, true], [-26.0, 16.0, -1.5707963267948966, true], [-26.0, 13.0, 1.57, false]]], "skill": "navigation", "skill-life-cycle": "RUNNING", "label": "navto_lab"}
412.90, [INFO], turtlebot1, {"y": "17.82", "x": "-11.47", "yaw": "-1.25"}
412.90, [INFO], turtlebot1, {"y": "17.82", "x": "-11.47", "yaw": "-1.25"}
412.92, [INFO], turtlebot2, {"y": "17.98", "x": "-19.00", "yaw": "-1.37"}
412.92, [INFO], turtlebot2, {"y": "17.98", "x": "-19.00", "yaw": "-1.37"}
412.92, [INFO], turtlebot3, {"y": "21.52", "x": "-38.16", "yaw": "0.16"}
412.92, [INFO], turtlebot3, {"y": "21.52", "x": "-38.16", "yaw": "0.16"}
412.93, [INFO], turtlebot4, {"battery-level": "40.97%"}
412.93, [INFO], turtlebot4, {"battery-level": "40.97%"}
412.93, [INFO], turtlebot6, {"y": "33.98", "x": "-32.93", "yaw": "-3.06"}
412.93, [INFO], turtlebot6, {"y": "33.98", "x": "-32.93", "yaw": "-3.06"}
412.95, [INFO], turtlebot5, {"y": "17.93", "x": "-13.43", "yaw": "-1.10"}
412.95, [INFO], turtlebot5, {"y": "17.93", "x": "-13.43", "yaw": "-1.10"}
412.95, [INFO], turtlebot4, {"y": "14.81", "x": "-26.14", "yaw": "-1.49"}
412.95, [INFO], turtlebot4, {"y": "14.81", "x": "-26.14", "yaw": "-1.49"}
427.90, [INFO], turtlebot1, {"y": "17.82", "x": "-11.47", "yaw": "-1.25"}
427.92, [INFO], turtlebot1, {"y": "17.82", "x": "-11.47", "yaw": "-1.25"}
427.92, [INFO], turtlebot2, {"y": "17.98", "x": "-19.00", "yaw": "-1.37"}
427.92, [INFO], turtlebot2, {"y": "17.98", "x": "-19.00", "yaw": "-1.37"}
427.92, [INFO], turtlebot3, {"y": "21.53", "x": "-38.16", "yaw": "0.18"}
427.92, [INFO], turtlebot3, {"y": "21.53", "x": "-38.16", "yaw": "0.18"}
427.93, [INFO], turtlebot4, {"battery-level": "40.13%"}
427.93, [INFO], turtlebot4, {"battery-level": "40.13%"}
427.93, [INFO], turtlebot6, {"y": "33.98", "x": "-32.93", "yaw": "-3.06"}
427.95, [INFO], turtlebot6, {"y": "33.98", "x": "-32.93", "yaw": "-3.06"}
427.95, [INFO], turtlebot4, {"y": "13.62", "x": "-26.14", "yaw": "-1.57"}
427.95, [INFO], turtlebot4, {"y": "13.62", "x": "-26.14", "yaw": "-1.57"}
427.95, [INFO], turtlebot5, {"y": "17.93", "x": "-13.43", "yaw": "-1.10"}
427.95, [INFO], turtlebot5, {"y": "17.93", "x": "-13.43", "yaw": "-1.10"}
442.90, [INFO], turtlebot1, {"y": "17.82", "x": "-11.47", "yaw": "-1.25"}
442.92, [INFO], turtlebot1, {"y": "17.82", "x": "-11.47", "yaw": "-1.25"}
442.92, [INFO], turtlebot2, {"y": "17.98", "x": "-19.00", "yaw": "-1.37"}
442.92, [INFO], turtlebot2, {"y": "17.98", "x": "-19.00", "yaw": "-1.37"}
442.92, [INFO], turtlebot3, {"y": "21.53", "x": "-38.16", "yaw": "0.19"}
442.92, [INFO], turtlebot3, {"y": "21.53", "x": "-38.16", "yaw": "0.19"}
442.93, [INFO], turtlebot4, {"y": "13.62", "x": "-26.14", "yaw": "-1.56"}
442.93, [INFO], turtlebot4, {"y": "13.62", "x": "-26.14", "yaw": "-1.56"}
442.93, [INFO], turtlebot4, {"battery-level": "39.17%"}
442.95, [INFO], turtlebot4, {"battery-level": "39.17%"}
442.95, [INFO], turtlebot5, {"y": "17.93", "x": "-13.42", "yaw": "-1.09"}
442.95, [INFO], turtlebot5, {"y": "17.93", "x": "-13.42", "yaw": "-1.09"}
442.97, [INFO], turtlebot6, {"y": "33.98", "x": "-32.93", "yaw": "-3.06"}
442.97, [INFO], turtlebot6, {"y": "33.98", "x": "-32.93", "yaw": "-3.06"}
443.37, [DEBUG], None, [debug],turtlebot4,move-base-info,The base failed to move ,(x=-26;y=13)
443.37, [DEBUG], None, [debug],turtlebot4,move-base-info,The base failed to move ,(x=-26;y=13)
457.90, [INFO], turtlebot1, {"y": "17.82", "x": "-11.47", "yaw": "-1.25"}
457.92, [INFO], turtlebot2, {"y": "17.98", "x": "-19.00", "yaw": "-1.36"}
457.92, [INFO], turtlebot3, {"y": "21.53", "x": "-38.16", "yaw": "0.20"}
457.93, [INFO], turtlebot5, {"y": "17.92", "x": "-13.42", "yaw": "-1.07"}
457.93, [INFO], turtlebot6, {"y": "33.98", "x": "-32.93", "yaw": "-3.06"}
457.93, [INFO], turtlebot4, {"battery-level": "38.27%"}
457.93, [INFO], turtlebot4, {"y": "13.61", "x": "-26.14", "yaw": "-1.55"}
472.90, [INFO], turtlebot1, {"y": "17.82", "x": "-11.47", "yaw": "-1.25"}
472.92, [INFO], turtlebot3, {"y": "21.53", "x": "-38.16", "yaw": "0.21"}
472.92, [INFO], turtlebot2, {"y": "17.98", "x": "-19.00", "yaw": "-1.36"}
472.93, [INFO], turtlebot4, {"y": "13.61", "x": "-26.14", "yaw": "-1.54"}
472.93, [INFO], turtlebot5, {"y": "17.92", "x": "-13.42", "yaw": "-1.06"}
472.93, [INFO], turtlebot4, {"battery-level": "37.37%"}
472.93, [INFO], turtlebot6, {"y": "33.98", "x": "-32.93", "yaw": "-3.06"}
487.90, [INFO], turtlebot1, {"y": "17.82", "x": "-11.47", "yaw": "-1.25"}
487.92, [INFO], turtlebot2, {"y": "17.98", "x": "-18.99", "yaw": "-1.36"}
487.92, [INFO], turtlebot3, {"y": "21.53", "x": "-38.16", "yaw": "0.22"}
487.93, [INFO], turtlebot5, {"y": "17.92", "x": "-13.42", "yaw": "-1.05"}
487.93, [INFO], turtlebot4, {"y": "13.61", "x": "-26.14", "yaw": "-1.53"}
487.93, [INFO], turtlebot4, {"battery-level": "36.47%"}
487.93, [INFO], turtlebot6, {"y": "33.98", "x": "-32.93", "yaw": "-3.06"}
502.90, [INFO], turtlebot1, {"y": "17.82", "x": "-11.47", "yaw": "-1.25"}
502.92, [INFO], turtlebot2, {"y": "17.98", "x": "-18.99", "yaw": "-1.36"}
502.92, [INFO], turtlebot3, {"y": "21.54", "x": "-38.16", "yaw": "0.23"}
502.93, [INFO], turtlebot4, {"y": "13.61", "x": "-26.14", "yaw": "-1.52"}
502.93, [INFO], turtlebot4, {"battery-level": "35.63%"}
502.93, [INFO], turtlebot6, {"y": "33.98", "x": "-32.93", "yaw": "-3.06"}
502.93, [INFO], turtlebot5, {"y": "17.92", "x": "-13.42", "yaw": "-1.04"}
517.90, [INFO], turtlebot1, {"y": "17.82", "x": "-11.47", "yaw": "-1.25"}
517.92, [INFO], turtlebot2, {"y": "17.98", "x": "-18.99", "yaw": "-1.36"}
517.92, [INFO], turtlebot3, {"y": "21.54", "x": "-38.16", "yaw": "0.24"}
517.93, [INFO], turtlebot6, {"y": "33.98", "x": "-32.93", "yaw": "-3.05"}
517.93, [INFO], turtlebot5, {"y": "17.92", "x": "-13.42", "yaw": "-1.04"}
517.93, [INFO], turtlebot4, {"battery-level": "34.67%"}
517.93, [INFO], turtlebot4, {"y": "13.61", "x": "-26.14", "yaw": "-1.51"}
532.90, [INFO], turtlebot1, {"y": "17.82", "x": "-11.47", "yaw": "-1.25"}
532.92, [INFO], turtlebot3, {"y": "21.54", "x": "-38.16", "yaw": "0.26"}
532.92, [INFO], turtlebot2, {"y": "17.98", "x": "-18.99", "yaw": "-1.36"}
532.93, [INFO], turtlebot4, {"y": "13.61", "x": "-26.14", "yaw": "-1.50"}
532.93, [INFO], turtlebot4, {"battery-level": "33.83%"}
532.93, [INFO], turtlebot5, {"y": "17.91", "x": "-13.41", "yaw": "-1.03"}
532.93, [INFO], turtlebot6, {"y": "33.98", "x": "-32.93", "yaw": "-3.05"}
547.90, [INFO], turtlebot1, {"y": "17.82", "x": "-11.47", "yaw": "-1.25"}
547.92, [INFO], turtlebot3, {"y": "21.54", "x": "-38.16", "yaw": "0.27"}
547.92, [INFO], turtlebot2, {"y": "17.98", "x": "-18.98", "yaw": "-1.36"}
547.93, [INFO], turtlebot4, {"y": "13.60", "x": "-26.14", "yaw": "-1.50"}
547.93, [INFO], turtlebot4, {"battery-level": "32.93%"}
547.93, [INFO], turtlebot6, {"y": "33.98", "x": "-32.93", "yaw": "-3.06"}
547.93, [INFO], turtlebot5, {"y": "17.91", "x": "-13.41", "yaw": "-1.02"}
562.90, [INFO], turtlebot1, {"y": "17.82", "x": "-11.48", "yaw": "-1.25"}
562.92, [INFO], turtlebot2, {"y": "17.98", "x": "-18.98", "yaw": "-1.36"}
562.92, [INFO], turtlebot3, {"y": "21.54", "x": "-38.16", "yaw": "0.28"}
562.93, [INFO], turtlebot4, {"battery-level": "32.03%"}
562.93, [INFO], turtlebot5, {"y": "17.91", "x": "-13.41", "yaw": "-1.00"}
562.93, [INFO], turtlebot6, {"y": "33.98", "x": "-32.93", "yaw": "-3.06"}
562.93, [INFO], turtlebot4, {"y": "13.60", "x": "-26.13", "yaw": "-1.49"}
577.90, [INFO], turtlebot1, {"y": "17.82", "x": "-11.48", "yaw": "-1.25"}
577.92, [INFO], turtlebot3, {"y": "21.55", "x": "-38.16", "yaw": "0.28"}
577.92, [INFO], turtlebot2, {"y": "17.98", "x": "-18.98", "yaw": "-1.36"}
577.93, [INFO], turtlebot4, {"battery-level": "31.07%"}
577.93, [INFO], turtlebot4, {"y": "13.59", "x": "-26.13", "yaw": "-1.49"}
577.93, [INFO], turtlebot5, {"y": "17.90", "x": "-13.41", "yaw": "-0.99"}
577.93, [INFO], turtlebot6, {"y": "33.98", "x": "-32.94", "yaw": "-3.06"}
592.90, [INFO], turtlebot1, {"y": "17.82", "x": "-11.48", "yaw": "-1.25"}
592.92, [INFO], turtlebot2, {"y": "17.98", "x": "-18.97", "yaw": "-1.36"}
592.92, [INFO], turtlebot3, {"y": "21.55", "x": "-38.16", "yaw": "0.29"}
592.93, [INFO], turtlebot4, {"y": "13.59", "x": "-26.13", "yaw": "-1.49"}
592.93, [INFO], turtlebot4, {"battery-level": "30.23%"}
592.93, [INFO], turtlebot6, {"y": "33.98", "x": "-32.94", "yaw": "-3.06"}
592.93, [INFO], turtlebot5, {"y": "17.90", "x": "-13.41", "yaw": "-0.99"}
607.90, [INFO], turtlebot1, {"y": "17.82", "x": "-11.48", "yaw": "-1.25"}
607.92, [INFO], turtlebot3, {"y": "21.55", "x": "-38.16", "yaw": "0.30"}
607.92, [INFO], turtlebot2, {"y": "17.98", "x": "-18.97", "yaw": "-1.36"}
607.93, [INFO], turtlebot4, {"y": "13.58", "x": "-26.13", "yaw": "-1.49"}
607.93, [INFO], turtlebot4, {"battery-level": "29.33%"}
607.93, [INFO], turtlebot6, {"y": "33.98", "x": "-32.94", "yaw": "-3.06"}
607.95, [INFO], turtlebot5, {"y": "17.90", "x": "-13.41", "yaw": "-0.98"}
622.90, [INFO], turtlebot1, {"y": "17.82", "x": "-11.48", "yaw": "-1.25"}
622.92, [INFO], turtlebot3, {"y": "21.55", "x": "-38.16", "yaw": "0.30"}
622.92, [INFO], turtlebot2, {"y": "17.98", "x": "-18.97", "yaw": "-1.36"}
622.93, [INFO], turtlebot4, {"y": "13.58", "x": "-26.13", "yaw": "-1.49"}
622.93, [INFO], turtlebot6, {"y": "33.98", "x": "-32.94", "yaw": "-3.05"}
622.93, [INFO], turtlebot5, {"y": "17.90", "x": "-13.42", "yaw": "-0.98"}
622.93, [INFO], turtlebot4, {"battery-level": "28.43%"}
637.90, [INFO], turtlebot1, {"y": "17.82", "x": "-11.48", "yaw": "-1.25"}
637.92, [INFO], turtlebot3, {"y": "21.55", "x": "-38.16", "yaw": "0.30"}
637.92, [INFO], turtlebot2, {"y": "17.98", "x": "-18.97", "yaw": "-1.36"}
637.93, [INFO], turtlebot4, {"battery-level": "27.53%"}
637.93, [INFO], turtlebot4, {"y": "13.58", "x": "-26.13", "yaw": "-1.49"}
637.93, [INFO], turtlebot5, {"y": "17.90", "x": "-13.42", "yaw": "-0.98"}
637.93, [INFO], turtlebot6, {"y": "33.98", "x": "-32.94", "yaw": "-3.05"}
652.90, [INFO], turtlebot1, {"y": "17.82", "x": "-11.48", "yaw": "-1.25"}
652.92, [INFO], turtlebot2, {"y": "17.98", "x": "-18.96", "yaw": "-1.36"}
652.92, [INFO], turtlebot3, {"y": "21.55", "x": "-38.16", "yaw": "0.31"}
652.93, [INFO], turtlebot4, {"y": "13.57", "x": "-26.13", "yaw": "-1.49"}
652.93, [INFO], turtlebot5, {"y": "17.90", "x": "-13.42", "yaw": "-0.96"}
652.95, [INFO], turtlebot6, {"y": "33.98", "x": "-32.94", "yaw": "-3.05"}
652.95, [INFO], turtlebot4, {"battery-level": "26.57%"}
667.90, [INFO], turtlebot1, {"y": "17.82", "x": "-11.48", "yaw": "-1.25"}
667.92, [INFO], turtlebot2, {"y": "17.98", "x": "-18.96", "yaw": "-1.36"}
667.92, [INFO], turtlebot3, {"y": "21.55", "x": "-38.16", "yaw": "0.31"}
667.93, [INFO], turtlebot6, {"y": "33.98", "x": "-32.94", "yaw": "-3.05"}
667.93, [INFO], turtlebot4, {"y": "13.57", "x": "-26.12", "yaw": "-1.49"}
667.93, [INFO], turtlebot5, {"y": "17.90", "x": "-13.42", "yaw": "-0.96"}
667.93, [INFO], turtlebot4, {"battery-level": "25.67%"}
682.90, [INFO], turtlebot1, {"y": "17.82", "x": "-11.48", "yaw": "-1.25"}
682.92, [INFO], turtlebot3, {"y": "21.55", "x": "-38.16", "yaw": "0.32"}
682.92, [INFO], turtlebot2, {"y": "17.98", "x": "-18.96", "yaw": "-1.36"}
682.93, [INFO], turtlebot4, {"battery-level": "24.83%"}
682.93, [INFO], turtlebot6, {"y": "33.98", "x": "-32.94", "yaw": "-3.04"}
682.93, [INFO], turtlebot5, {"y": "17.89", "x": "-13.41", "yaw": "-0.95"}
682.93, [INFO], turtlebot4, {"y": "13.56", "x": "-26.12", "yaw": "-1.49"}
697.90, [INFO], turtlebot1, {"y": "17.82", "x": "-11.48", "yaw": "-1.25"}
697.92, [INFO], turtlebot3, {"y": "21.55", "x": "-38.16", "yaw": "0.32"}
697.92, [INFO], turtlebot2, {"y": "17.98", "x": "-18.96", "yaw": "-1.36"}
697.93, [INFO], turtlebot5, {"y": "17.89", "x": "-13.41", "yaw": "-0.93"}
697.93, [INFO], turtlebot4, {"battery-level": "23.87%"}
697.93, [INFO], turtlebot6, {"y": "33.98", "x": "-32.94", "yaw": "-3.04"}
697.93, [INFO], turtlebot4, {"y": "13.56", "x": "-26.12", "yaw": "-1.49"}
712.90, [INFO], turtlebot1, {"y": "17.82", "x": "-11.48", "yaw": "-1.25"}
712.92, [INFO], turtlebot3, {"y": "21.55", "x": "-38.15", "yaw": "0.33"}
712.92, [INFO], turtlebot2, {"y": "17.98", "x": "-18.95", "yaw": "-1.35"}
712.93, [INFO], turtlebot4, {"battery-level": "22.97%"}
712.93, [INFO], turtlebot5, {"y": "17.89", "x": "-13.41", "yaw": "-0.91"}
712.93, [INFO], turtlebot6, {"y": "33.98", "x": "-32.94", "yaw": "-3.05"}
712.93, [INFO], turtlebot4, {"y": "13.55", "x": "-26.12", "yaw": "-1.49"}
727.90, [INFO], turtlebot1, {"y": "17.82", "x": "-11.48", "yaw": "-1.25"}
727.92, [INFO], turtlebot3, {"y": "21.56", "x": "-38.15", "yaw": "0.34"}
727.92, [INFO], turtlebot2, {"y": "17.98", "x": "-18.95", "yaw": "-1.35"}
727.93, [INFO], turtlebot4, {"battery-level": "22.07%"}
727.93, [INFO], turtlebot6, {"y": "33.98", "x": "-32.94", "yaw": "-3.04"}
727.93, [INFO], turtlebot5, {"y": "17.88", "x": "-13.41", "yaw": "-0.89"}
727.93, [INFO], turtlebot4, {"y": "13.54", "x": "-26.12", "yaw": "-1.49"}
742.90, [INFO], turtlebot1, {"y": "17.82", "x": "-11.48", "yaw": "-1.25"}
742.92, [INFO], turtlebot2, {"y": "17.98", "x": "-18.95", "yaw": "-1.35"}
742.92, [INFO], turtlebot3, {"y": "21.56", "x": "-38.15", "yaw": "0.34"}
742.93, [INFO], turtlebot6, {"y": "33.98", "x": "-32.94", "yaw": "-3.04"}
742.93, [INFO], turtlebot5, {"y": "17.88", "x": "-13.40", "yaw": "-0.87"}
742.93, [INFO], turtlebot4, {"battery-level": "21.23%"}
742.93, [INFO], turtlebot4, {"y": "13.54", "x": "-26.12", "yaw": "-1.48"}
757.90, [INFO], turtlebot1, {"y": "17.82", "x": "-11.49", "yaw": "-1.25"}
757.92, [INFO], turtlebot2, {"y": "17.98", "x": "-18.95", "yaw": "-1.35"}
757.92, [INFO], turtlebot3, {"y": "21.56", "x": "-38.15", "yaw": "0.35"}
757.93, [INFO], turtlebot5, {"y": "17.88", "x": "-13.40", "yaw": "-0.86"}
757.93, [INFO], turtlebot4, {"y": "13.54", "x": "-26.12", "yaw": "-1.46"}
757.93, [INFO], turtlebot6, {"y": "33.98", "x": "-32.94", "yaw": "-3.04"}
757.93, [INFO], turtlebot4, {"battery-level": "20.27%"}
772.90, [INFO], turtlebot1, {"y": "17.82", "x": "-11.49", "yaw": "-1.25"}
772.92, [INFO], turtlebot3, {"y": "21.56", "x": "-38.15", "yaw": "0.35"}
772.92, [INFO], turtlebot2, {"y": "17.98", "x": "-18.94", "yaw": "-1.35"}
772.93, [INFO], turtlebot6, {"y": "33.98", "x": "-32.94", "yaw": "-3.04"}
772.93, [INFO], turtlebot4, {"y": "13.54", "x": "-26.12", "yaw": "-1.44"}
772.93, [INFO], turtlebot4, {"battery-level": "19.37%"}
772.93, [INFO], turtlebot5, {"y": "17.87", "x": "-13.40", "yaw": "-0.84"}
787.90, [INFO], turtlebot1, {"y": "17.82", "x": "-11.49", "yaw": "-1.25"}
787.92, [INFO], turtlebot3, {"y": "21.56", "x": "-38.15", "yaw": "0.34"}
787.92, [INFO], turtlebot2, {"y": "17.98", "x": "-18.94", "yaw": "-1.35"}
787.93, [INFO], turtlebot4, {"battery-level": "18.53%"}
787.93, [INFO], turtlebot4, {"y": "13.54", "x": "-26.13", "yaw": "-1.42"}
787.93, [INFO], turtlebot6, {"y": "33.98", "x": "-32.95", "yaw": "-3.04"}
787.93, [INFO], turtlebot5, {"y": "17.87", "x": "-13.39", "yaw": "-0.83"}
802.90, [INFO], turtlebot1, {"y": "17.82", "x": "-11.49", "yaw": "-1.25"}
802.92, [INFO], turtlebot2, {"y": "17.98", "x": "-18.94", "yaw": "-1.35"}
802.92, [INFO], turtlebot3, {"y": "21.56", "x": "-38.15", "yaw": "0.34"}
802.93, [INFO], turtlebot6, {"y": "33.98", "x": "-32.95", "yaw": "-3.04"}
802.93, [INFO], turtlebot5, {"y": "17.87", "x": "-13.39", "yaw": "-0.83"}
802.93, [INFO], turtlebot4, {"battery-level": "17.57%"}
802.93, [INFO], turtlebot4, {"y": "13.54", "x": "-26.13", "yaw": "-1.39"}
817.90, [INFO], turtlebot1, {"y": "17.82", "x": "-11.49", "yaw": "-1.25"}
817.92, [INFO], turtlebot3, {"y": "21.57", "x": "-38.15", "yaw": "0.34"}
817.92, [INFO], turtlebot2, {"y": "17.98", "x": "-18.94", "yaw": "-1.35"}
817.93, [INFO], turtlebot6, {"y": "33.98", "x": "-32.95", "yaw": "-3.04"}
817.93, [INFO], turtlebot4, {"battery-level": "16.67%"}
817.93, [INFO], turtlebot4, {"y": "13.54", "x": "-26.13", "yaw": "-1.37"}
817.93, [INFO], turtlebot5, {"y": "17.87", "x": "-13.39", "yaw": "-0.81"}
832.90, [INFO], turtlebot1, {"y": "17.82", "x": "-11.49", "yaw": "-1.25"}
832.92, [INFO], turtlebot2, {"y": "17.98", "x": "-18.93", "yaw": "-1.35"}
832.92, [INFO], turtlebot3, {"y": "21.57", "x": "-38.15", "yaw": "0.34"}
832.93, [INFO], turtlebot4, {"y": "13.54", "x": "-26.13", "yaw": "-1.36"}
832.93, [INFO], turtlebot6, {"y": "33.98", "x": "-32.95", "yaw": "-3.04"}
832.93, [INFO], turtlebot4, {"battery-level": "15.77%"}
832.93, [INFO], turtlebot5, {"y": "17.87", "x": "-13.38", "yaw": "-0.80"}
847.90, [INFO], turtlebot1, {"y": "17.82", "x": "-11.49", "yaw": "-1.25"}
847.92, [INFO], turtlebot2, {"y": "17.98", "x": "-18.93", "yaw": "-1.35"}
847.92, [INFO], turtlebot3, {"y": "21.57", "x": "-38.15", "yaw": "0.34"}
847.93, [INFO], turtlebot4, {"battery-level": "14.93%"}
847.93, [INFO], turtlebot6, {"y": "33.98", "x": "-32.95", "yaw": "-3.04"}
847.93, [INFO], turtlebot4, {"y": "13.54", "x": "-26.13", "yaw": "-1.34"}
847.93, [INFO], turtlebot5, {"y": "17.86", "x": "-13.38", "yaw": "-0.79"}
862.90, [INFO], turtlebot1, {"y": "17.82", "x": "-11.49", "yaw": "-1.25"}
862.92, [INFO], turtlebot3, {"y": "21.57", "x": "-38.15", "yaw": "0.34"}
862.92, [INFO], turtlebot2, {"y": "17.98", "x": "-18.93", "yaw": "-1.34"}
862.93, [INFO], turtlebot4, {"y": "13.54", "x": "-26.13", "yaw": "-1.33"}
862.93, [INFO], turtlebot5, {"y": "17.86", "x": "-13.38", "yaw": "-0.77"}
862.93, [INFO], turtlebot6, {"y": "33.98", "x": "-32.95", "yaw": "-3.04"}
862.93, [INFO], turtlebot4, {"battery-level": "13.97%"}
877.90, [INFO], turtlebot1, {"y": "17.82", "x": "-11.49", "yaw": "-1.24"}
877.92, [INFO], turtlebot2, {"y": "17.98", "x": "-18.93", "yaw": "-1.34"}
877.92, [INFO], turtlebot3, {"y": "21.57", "x": "-38.15", "yaw": "0.34"}
877.93, [INFO], turtlebot4, {"battery-level": "13.13%"}
877.93, [INFO], turtlebot4, {"y": "13.54", "x": "-26.12", "yaw": "-1.31"}
877.93, [INFO], turtlebot5, {"y": "17.86", "x": "-13.38", "yaw": "-0.76"}
877.93, [INFO], turtlebot6, {"y": "33.98", "x": "-32.95", "yaw": "-3.03"}
892.90, [INFO], turtlebot1, {"y": "17.82", "x": "-11.50", "yaw": "-1.24"}
892.92, [INFO], turtlebot2, {"y": "17.98", "x": "-18.92", "yaw": "-1.33"}
892.92, [INFO], turtlebot3, {"y": "21.57", "x": "-38.15", "yaw": "0.34"}
892.93, [INFO], turtlebot4, {"battery-level": "12.23%"}
892.93, [INFO], turtlebot5, {"y": "17.86", "x": "-13.37", "yaw": "-0.75"}
892.93, [INFO], turtlebot4, {"y": "13.54", "x": "-26.12", "yaw": "-1.30"}
892.93, [INFO], turtlebot6, {"y": "33.98", "x": "-32.95", "yaw": "-3.04"}
907.90, [INFO], turtlebot1, {"y": "17.82", "x": "-11.50", "yaw": "-1.24"}
907.92, [INFO], turtlebot2, {"y": "17.98", "x": "-18.92", "yaw": "-1.33"}
907.92, [INFO], turtlebot3, {"y": "21.57", "x": "-38.15", "yaw": "0.34"}
907.93, [INFO], turtlebot4, {"battery-level": "11.33%"}
907.93, [INFO], turtlebot5, {"y": "17.85", "x": "-13.37", "yaw": "-0.73"}
907.93, [INFO], turtlebot6, {"y": "33.98", "x": "-32.95", "yaw": "-3.04"}
907.93, [INFO], turtlebot4, {"y": "13.54", "x": "-26.12", "yaw": "-1.28"}
922.90, [INFO], turtlebot1, {"y": "17.82", "x": "-11.50", "yaw": "-1.24"}
922.92, [INFO], turtlebot3, {"y": "21.58", "x": "-38.15", "yaw": "0.34"}
922.92, [INFO], turtlebot2, {"y": "17.98", "x": "-18.91", "yaw": "-1.33"}
922.93, [INFO], turtlebot6, {"y": "33.98", "x": "-32.95", "yaw": "-3.04"}
922.93, [INFO], turtlebot5, {"y": "17.85", "x": "-13.37", "yaw": "-0.71"}
922.93, [INFO], turtlebot4, {"y": "13.54", "x": "-26.12", "yaw": "-1.26"}
922.95, [INFO], turtlebot4, {"battery-level": "10.37%"}
933.73, [DEBUG], None, end!
