0.00, [DEBUG], logger, ROBOTS_CONFIG=[{"avg_speed": 0.15, "battery_charge": 0.5914703710515797, "battery_discharge_rate": 0.0006600000000000001, "id": 1, "local_plan": null, "location": "PC Room 4", "name": "r1", "position": [-27.23, 18.0, -1.57], "skills": ["approach_person", "approach_robot", "navigation", "operate_drawer"]}, {"avg_speed": 0.15, "battery_charge": 0.8344531419634984, "battery_discharge_rate": 0.00026000000000000003, "id": 2, "local_plan": [["navigation", ["IC Room 2", [[-19.0, 18.0, -1.57], [-19.0, 16.0], [-37.0, 16.0], [-37.0, 21.5], [-38.0, 21.5, 0.0]]], "navto_room"], ["approach_person", ["nurse"], "approach_nurse"], ["authenticate_person", ["nurse"], "authenticate_nurse"], ["operate_drawer", ["open"], "open_drawer_for_nurse"], ["send_message", ["nurse"], "notify_nurse_of_open_drawer_for_nurse_completed"], ["wait_message", ["nurse"], "wait_nurse_to_complete_deposit"], ["operate_drawer", ["close"], "close_drawer_nurse"], ["navigation", ["Laboratory", [[-38.0, 21.5, 0.0], [-37.0, 21.5], [-37.0, 16.0], [-26.0, 16.0], [-26.0, 13.0, 1.57]]], "navto_lab"], ["approach_robot", ["lab_arm"], "approach_arm"], ["operate_drawer", ["open"], "open_drawer_lab"], ["send_message", ["lab_arm"], "notify_lab_arm_of_open_drawer_lab_completed"], ["wait_message", ["lab_arm"], "wait_lab_arm_to_complete_pick_up_sample"], ["operate_drawer", ["close"], "close_drawer_lab"]], "location": "PC Room 6", "name": "r2", "position": [-19.0, 18.0, -1.57], "skills": ["approach_person", "approach_robot", "authenticate_person", "navigation", "operate_drawer"]}, {"avg_speed": 0.15, "battery_charge": 0.462681764358839, "battery_discharge_rate": 0.00064, "id": 3, "local_plan": null, "location": "PC Room 7", "name": "r3", "position": [-13.5, 18.0, -1.57], "skills": ["approach_person", "approach_robot", "navigation", "operate_drawer"]}, {"avg_speed": 0.15, "battery_charge": 0.6520875066754872, "battery_discharge_rate": 0.0005600000000000001, "id": 4, "local_plan": null, "location": "IC Room 5", "name": "r4", "position": [-32.88, 33.98, 3.14], "skills": ["approach_person", "approach_robot", "authenticate_person", "navigation", "operate_drawer"]}, {"avg_speed": 0.15, "battery_charge": 0.2817995261312799, "battery_discharge_rate": 0.00076, "id": 5, "local_plan": null, "location": "PC Room 8", "name": "r5", "position": [-11.5, 18.0, -1.57], "skills": ["approach_person", "authenticate_person", "navigation", "operate_drawer"]}, {"avg_speed": 0.15, "battery_charge": 0.5080169438370433, "battery_discharge_rate": 0.00038, "id": 6, "local_plan": null, "location": "IC Room 6", "name": "r6", "position": [-33.9, 18.93, 3.14], "skills": ["approach_person", "approach_robot", "navigation", "operate_drawer"]}]
0.00, [DEBUG], logger, NURSES_CONFIG=[{"location": "IC Room 2", "position": [-39.0, 20.5, 0.0]}]
0.00, [DEBUG], logger, Simulation open
0.02, [DEBUG], logger, subcribing to in the topic /log
1.27, [DEBUG], None, [debug],turtlebot6,move-base-info,Move_base is up and ok....,
1.32, [DEBUG], None, [debug],turtlebot4,move-base-info,Move_base is up and ok....,
1.37, [DEBUG], None, [debug],turtlebot2,move-base-info,Move_base is up and ok....,
1.68, [DEBUG], None, [debug],turtlebot5,move-base-info,Move_base is up and ok....,
1.73, [DEBUG], None, [debug],turtlebot1,move-base-info,Move_base is up and ok....,
2.08, [DEBUG], None, [debug],turtlebot3,move-base-info,Move_base is up and ok....,
9.20, [DEBUG], turtlebot4, {"param_list": [], "skill": "init_robobt", "skill-life-cycle": "RUNNING", "label": "init_robobt"}
10.02, [DEBUG], turtlebot6, {"param_list": [], "skill": "init_robobt", "skill-life-cycle": "SUCCESS", "label": "init_robobt"}
10.10, [DEBUG], turtlebot2, {"param_list": [], "skill": "init_robobt", "skill-life-cycle": "RUNNING", "label": "init_robobt"}
10.18, [DEBUG], turtlebot5, {"param_list": [], "skill": "init_robobt", "skill-life-cycle": "RUNNING", "label": "init_robobt"}
10.25, [DEBUG], turtlebot4, {"param_list": [], "skill": "init_robobt", "skill-life-cycle": "SUCCESS", "label": "init_robobt"}
10.47, [DEBUG], turtlebot3, {"param_list": [], "skill": "init_robobt", "skill-life-cycle": "RUNNING", "label": "init_robobt"}
10.58, [DEBUG], turtlebot1, {"param_list": [], "skill": "init_robobt", "skill-life-cycle": "RUNNING", "label": "init_robobt"}
13.25, [DEBUG], turtlebot5, {"param_list": [], "skill": "init_robobt", "skill-life-cycle": "SUCCESS", "label": "init_robobt"}
13.32, [DEBUG], turtlebot2, {"param_list": [], "skill": "init_robobt", "skill-life-cycle": "SUCCESS", "label": "init_robobt"}
13.32, [DEBUG], turtlebot2, "available-skills=['send_message', 'wait_message', 'approach_person', 'approach_robot', 'authenticate_person', 'navigation', 'operate_drawer']"
13.32, [DEBUG], turtlebot2, {"param_list": ["IC Room 2", [[-19.0, 16.0, 3.141592653589793, true], [-37.0, 16.0, 1.5707963267948966, true], [-37.0, 21.5, 3.141592653589793, true], [-38.0, 21.5, 0.0, false]]], "skill": "navigation", "skill-life-cycle": "STARTED", "label": "navto_room"}
14.88, [DEBUG], turtlebot3, {"param_list": [], "skill": "init_robobt", "skill-life-cycle": "SUCCESS", "label": "init_robobt"}
15.15, [DEBUG], turtlebot1, {"param_list": [], "skill": "init_robobt", "skill-life-cycle": "SUCCESS", "label": "init_robobt"}
21.30, [INFO], turtlebot1, {"y": "18.02", "x": "-27.23", "yaw": "-1.59"}
21.30, [INFO], turtlebot1, {"y": "18.02", "x": "-27.23", "yaw": "-1.59"}
21.37, [INFO], turtlebot2, {"y": "17.73", "x": "-19.12", "yaw": "-2.21"}
21.37, [INFO], turtlebot2, {"y": "17.73", "x": "-19.12", "yaw": "-2.21"}
21.37, [INFO], turtlebot2, {"battery-level": "83.06%"}
21.37, [INFO], turtlebot2, {"battery-level": "83.06%"}
21.38, [INFO], turtlebot4, {"y": "33.97", "x": "-32.89", "yaw": "-3.10"}
21.38, [INFO], turtlebot4, {"y": "33.97", "x": "-32.89", "yaw": "-3.10"}
21.38, [INFO], turtlebot3, {"y": "18.00", "x": "-13.50", "yaw": "-1.50"}
21.38, [INFO], turtlebot3, {"y": "18.00", "x": "-13.50", "yaw": "-1.50"}
21.40, [INFO], turtlebot5, {"y": "17.82", "x": "-11.46", "yaw": "-1.25"}
21.40, [INFO], turtlebot5, {"y": "17.82", "x": "-11.46", "yaw": "-1.25"}
21.45, [INFO], turtlebot6, {"y": "18.79", "x": "-33.83", "yaw": "2.80"}
21.45, [INFO], turtlebot6, {"y": "18.79", "x": "-33.83", "yaw": "2.80"}
36.30, [INFO], turtlebot1, {"y": "18.02", "x": "-27.23", "yaw": "-1.59"}
36.30, [INFO], turtlebot1, {"y": "18.02", "x": "-27.23", "yaw": "-1.59"}
36.37, [INFO], turtlebot2, {"battery-level": "82.58%"}
36.37, [INFO], turtlebot2, {"y": "16.52", "x": "-19.27", "yaw": "-0.98"}
36.37, [INFO], turtlebot2, {"battery-level": "82.58%"}
36.38, [INFO], turtlebot2, {"y": "16.52", "x": "-19.27", "yaw": "-0.98"}
36.38, [INFO], turtlebot3, {"y": "18.00", "x": "-13.49", "yaw": "-1.49"}
36.38, [INFO], turtlebot3, {"y": "18.00", "x": "-13.49", "yaw": "-1.49"}
36.38, [INFO], turtlebot4, {"y": "33.97", "x": "-32.89", "yaw": "-3.10"}
36.38, [INFO], turtlebot4, {"y": "33.97", "x": "-32.89", "yaw": "-3.10"}
36.40, [INFO], turtlebot5, {"y": "17.82", "x": "-11.46", "yaw": "-1.25"}
36.40, [INFO], turtlebot5, {"y": "17.82", "x": "-11.46", "yaw": "-1.25"}
36.45, [INFO], turtlebot6, {"y": "18.78", "x": "-33.84", "yaw": "2.82"}
36.45, [INFO], turtlebot6, {"y": "18.78", "x": "-33.84", "yaw": "2.82"}
43.00, [DEBUG], None, [debug],turtlebot2,move-base-info,Hooray, the base moved arrived,(x=-19;y=16)
43.10, [DEBUG], None, [debug],turtlebot2,move-base-info,Hooray, the base moved arrived,(x=-19;y=16)
43.15, [DEBUG], turtlebot2, {"status": "way-point-reached", "skill": "navigation", "percentage": "25.00%", "goingto": "IC Room 2"}
51.30, [INFO], turtlebot1, {"y": "18.03", "x": "-27.22", "yaw": "-1.58"}
51.30, [INFO], turtlebot1, {"y": "18.03", "x": "-27.22", "yaw": "-1.58"}
51.37, [INFO], turtlebot2, {"y": "16.26", "x": "-19.65", "yaw": "-2.61"}
51.37, [INFO], turtlebot2, {"y": "16.26", "x": "-19.65", "yaw": "-2.61"}
51.37, [INFO], turtlebot2, {"battery-level": "82.13%"}
51.37, [INFO], turtlebot2, {"battery-level": "82.13%"}
51.38, [INFO], turtlebot4, {"y": "33.97", "x": "-32.89", "yaw": "-3.10"}
51.38, [INFO], turtlebot4, {"y": "33.97", "x": "-32.89", "yaw": "-3.10"}
51.38, [INFO], turtlebot3, {"y": "18.00", "x": "-13.49", "yaw": "-1.48"}
51.38, [INFO], turtlebot3, {"y": "18.00", "x": "-13.49", "yaw": "-1.48"}
51.40, [INFO], turtlebot5, {"y": "17.82", "x": "-11.46", "yaw": "-1.25"}
51.40, [INFO], turtlebot5, {"y": "17.82", "x": "-11.46", "yaw": "-1.25"}
51.45, [INFO], turtlebot6, {"y": "18.78", "x": "-33.85", "yaw": "2.84"}
51.45, [INFO], turtlebot6, {"y": "18.78", "x": "-33.85", "yaw": "2.84"}
52.98, [DEBUG], turtlebot2, {"param_list": ["IC Room 2", [[-19.0, 16.0, 3.141592653589793, true], [-37.0, 16.0, 1.5707963267948966, true], [-37.0, 21.5, 3.141592653589793, true], [-38.0, 21.5, 0.0, false]]], "skill": "navigation", "skill-life-cycle": "RUNNING", "label": "navto_room"}
66.30, [INFO], turtlebot1, {"y": "18.03", "x": "-27.22", "yaw": "-1.58"}
66.30, [INFO], turtlebot1, {"y": "18.03", "x": "-27.22", "yaw": "-1.58"}
66.37, [INFO], turtlebot2, {"y": "15.98", "x": "-21.82", "yaw": "-3.08"}
66.37, [INFO], turtlebot2, {"y": "15.98", "x": "-21.82", "yaw": "-3.08"}
66.37, [INFO], turtlebot2, {"battery-level": "81.68%"}
66.37, [INFO], turtlebot2, {"battery-level": "81.68%"}
66.38, [INFO], turtlebot3, {"y": "18.00", "x": "-13.49", "yaw": "-1.47"}
66.38, [INFO], turtlebot3, {"y": "18.00", "x": "-13.49", "yaw": "-1.47"}
66.38, [INFO], turtlebot4, {"y": "33.97", "x": "-32.89", "yaw": "-3.10"}
66.38, [INFO], turtlebot4, {"y": "33.97", "x": "-32.89", "yaw": "-3.10"}
66.40, [INFO], turtlebot5, {"y": "17.82", "x": "-11.46", "yaw": "-1.25"}
66.40, [INFO], turtlebot5, {"y": "17.82", "x": "-11.46", "yaw": "-1.25"}
66.45, [INFO], turtlebot6, {"y": "18.78", "x": "-33.85", "yaw": "2.85"}
66.45, [INFO], turtlebot6, {"y": "18.78", "x": "-33.85", "yaw": "2.85"}
81.30, [INFO], turtlebot1, {"y": "18.03", "x": "-27.22", "yaw": "-1.58"}
81.30, [INFO], turtlebot1, {"y": "18.03", "x": "-27.22", "yaw": "-1.58"}
81.37, [INFO], turtlebot2, {"battery-level": "81.23%"}
81.37, [INFO], turtlebot2, {"battery-level": "81.23%"}
81.37, [INFO], turtlebot2, {"y": "15.94", "x": "-24.28", "yaw": "-3.06"}
81.37, [INFO], turtlebot2, {"y": "15.94", "x": "-24.28", "yaw": "-3.06"}
81.38, [INFO], turtlebot4, {"y": "33.97", "x": "-32.90", "yaw": "-3.10"}
81.38, [INFO], turtlebot3, {"y": "18.00", "x": "-13.49", "yaw": "-1.45"}
81.38, [INFO], turtlebot4, {"y": "33.97", "x": "-32.90", "yaw": "-3.10"}
81.38, [INFO], turtlebot3, {"y": "18.00", "x": "-13.49", "yaw": "-1.45"}
81.40, [INFO], turtlebot5, {"y": "17.82", "x": "-11.46", "yaw": "-1.25"}
81.40, [INFO], turtlebot5, {"y": "17.82", "x": "-11.46", "yaw": "-1.25"}
81.45, [INFO], turtlebot6, {"y": "18.78", "x": "-33.85", "yaw": "2.87"}
81.45, [INFO], turtlebot6, {"y": "18.78", "x": "-33.85", "yaw": "2.87"}
96.08, [DEBUG], turtlebot2, {"param_list": ["IC Room 2", [[-19.0, 16.0, 3.141592653589793, true], [-37.0, 16.0, 1.5707963267948966, true], [-37.0, 21.5, 3.141592653589793, true], [-38.0, 21.5, 0.0, false]]], "skill": "navigation", "skill-life-cycle": "RUNNING", "label": "navto_room"}
96.30, [INFO], turtlebot1, {"y": "18.03", "x": "-27.22", "yaw": "-1.58"}
96.30, [INFO], turtlebot1, {"y": "18.03", "x": "-27.22", "yaw": "-1.58"}
96.37, [INFO], turtlebot2, {"y": "16.27", "x": "-27.02", "yaw": "-2.98"}
96.37, [INFO], turtlebot2, {"y": "16.27", "x": "-27.02", "yaw": "-2.98"}
96.37, [INFO], turtlebot2, {"battery-level": "80.78%"}
96.37, [INFO], turtlebot2, {"battery-level": "80.78%"}
96.38, [INFO], turtlebot3, {"y": "17.99", "x": "-13.49", "yaw": "-1.44"}
96.38, [INFO], turtlebot3, {"y": "17.99", "x": "-13.49", "yaw": "-1.44"}
96.38, [INFO], turtlebot4, {"y": "33.97", "x": "-32.90", "yaw": "-3.10"}
96.38, [INFO], turtlebot4, {"y": "33.97", "x": "-32.90", "yaw": "-3.10"}
96.40, [INFO], turtlebot5, {"y": "17.82", "x": "-11.46", "yaw": "-1.25"}
96.40, [INFO], turtlebot5, {"y": "17.82", "x": "-11.46", "yaw": "-1.25"}
96.45, [INFO], turtlebot6, {"y": "18.78", "x": "-33.85", "yaw": "2.88"}
96.45, [INFO], turtlebot6, {"y": "18.78", "x": "-33.85", "yaw": "2.88"}
111.30, [INFO], turtlebot1, {"y": "18.03", "x": "-27.22", "yaw": "-1.58"}
111.30, [INFO], turtlebot1, {"y": "18.03", "x": "-27.22", "yaw": "-1.58"}
111.37, [INFO], turtlebot2, {"y": "16.30", "x": "-29.54", "yaw": "-3.12"}
111.37, [INFO], turtlebot2, {"y": "16.30", "x": "-29.54", "yaw": "-3.12"}
111.37, [INFO], turtlebot2, {"battery-level": "80.36%"}
111.37, [INFO], turtlebot2, {"battery-level": "80.36%"}
111.38, [INFO], turtlebot4, {"y": "33.97", "x": "-32.90", "yaw": "-3.09"}
111.38, [INFO], turtlebot4, {"y": "33.97", "x": "-32.90", "yaw": "-3.09"}
111.38, [INFO], turtlebot3, {"y": "17.99", "x": "-13.49", "yaw": "-1.42"}
111.38, [INFO], turtlebot3, {"y": "17.99", "x": "-13.49", "yaw": "-1.42"}
111.40, [INFO], turtlebot5, {"y": "17.82", "x": "-11.46", "yaw": "-1.25"}
111.40, [INFO], turtlebot5, {"y": "17.82", "x": "-11.46", "yaw": "-1.25"}
111.45, [INFO], turtlebot6, {"y": "18.78", "x": "-33.85", "yaw": "2.90"}
111.45, [INFO], turtlebot6, {"y": "18.78", "x": "-33.85", "yaw": "2.90"}
126.30, [INFO], turtlebot1, {"y": "18.03", "x": "-27.22", "yaw": "-1.58"}
126.30, [INFO], turtlebot1, {"y": "18.03", "x": "-27.22", "yaw": "-1.58"}
126.37, [INFO], turtlebot2, {"y": "16.30", "x": "-32.04", "yaw": "-3.13"}
126.37, [INFO], turtlebot2, {"y": "16.30", "x": "-32.04", "yaw": "-3.13"}
126.37, [INFO], turtlebot2, {"battery-level": "79.91%"}
126.37, [INFO], turtlebot2, {"battery-level": "79.91%"}
126.38, [INFO], turtlebot3, {"y": "17.99", "x": "-13.49", "yaw": "-1.40"}
126.38, [INFO], turtlebot3, {"y": "17.99", "x": "-13.49", "yaw": "-1.40"}
126.38, [INFO], turtlebot4, {"y": "33.97", "x": "-32.90", "yaw": "-3.09"}
126.38, [INFO], turtlebot4, {"y": "33.97", "x": "-32.90", "yaw": "-3.09"}
126.40, [INFO], turtlebot5, {"y": "17.82", "x": "-11.46", "yaw": "-1.25"}
126.42, [INFO], turtlebot5, {"y": "17.82", "x": "-11.46", "yaw": "-1.25"}
126.45, [INFO], turtlebot6, {"y": "18.79", "x": "-33.86", "yaw": "2.93"}
126.45, [INFO], turtlebot6, {"y": "18.79", "x": "-33.86", "yaw": "2.93"}
139.38, [DEBUG], turtlebot2, {"param_list": ["IC Room 2", [[-19.0, 16.0, 3.141592653589793, true], [-37.0, 16.0, 1.5707963267948966, true], [-37.0, 21.5, 3.141592653589793, true], [-38.0, 21.5, 0.0, false]]], "skill": "navigation", "skill-life-cycle": "RUNNING", "label": "navto_room"}
141.30, [INFO], turtlebot1, {"y": "18.03", "x": "-27.22", "yaw": "-1.58"}
141.30, [INFO], turtlebot1, {"y": "18.03", "x": "-27.22", "yaw": "-1.58"}
141.37, [INFO], turtlebot2, {"y": "16.30", "x": "-34.54", "yaw": "3.14"}
141.37, [INFO], turtlebot2, {"y": "16.30", "x": "-34.54", "yaw": "3.14"}
141.37, [INFO], turtlebot2, {"battery-level": "79.46%"}
141.37, [INFO], turtlebot2, {"battery-level": "79.46%"}
141.38, [INFO], turtlebot3, {"y": "17.98", "x": "-13.49", "yaw": "-1.38"}
141.38, [INFO], turtlebot3, {"y": "17.98", "x": "-13.49", "yaw": "-1.38"}
141.38, [INFO], turtlebot4, {"y": "33.97", "x": "-32.90", "yaw": "-3.09"}
141.38, [INFO], turtlebot4, {"y": "33.97", "x": "-32.90", "yaw": "-3.09"}
141.40, [INFO], turtlebot5, {"y": "17.82", "x": "-11.46", "yaw": "-1.25"}
141.40, [INFO], turtlebot5, {"y": "17.82", "x": "-11.46", "yaw": "-1.25"}
141.45, [INFO], turtlebot6, {"y": "18.79", "x": "-33.87", "yaw": "2.95"}
141.45, [INFO], turtlebot6, {"y": "18.79", "x": "-33.87", "yaw": "2.95"}
156.30, [INFO], turtlebot1, {"y": "18.03", "x": "-27.22", "yaw": "-1.57"}
156.30, [INFO], turtlebot1, {"y": "18.03", "x": "-27.22", "yaw": "-1.57"}
156.37, [INFO], turtlebot2, {"y": "16.29", "x": "-36.64", "yaw": "2.28"}
156.37, [INFO], turtlebot2, {"y": "16.29", "x": "-36.64", "yaw": "2.28"}
156.37, [INFO], turtlebot2, {"battery-level": "78.98%"}
156.37, [INFO], turtlebot2, {"battery-level": "78.98%"}
156.38, [INFO], turtlebot4, {"y": "33.97", "x": "-32.90", "yaw": "-3.09"}
156.38, [INFO], turtlebot4, {"y": "33.97", "x": "-32.90", "yaw": "-3.09"}
156.38, [INFO], turtlebot3, {"y": "17.98", "x": "-13.48", "yaw": "-1.36"}
156.38, [INFO], turtlebot3, {"y": "17.98", "x": "-13.48", "yaw": "-1.36"}
156.40, [INFO], turtlebot5, {"y": "17.82", "x": "-11.46", "yaw": "-1.25"}
156.40, [INFO], turtlebot5, {"y": "17.82", "x": "-11.46", "yaw": "-1.25"}
156.45, [INFO], turtlebot6, {"y": "18.79", "x": "-33.87", "yaw": "2.98"}
156.45, [INFO], turtlebot6, {"y": "18.79", "x": "-33.87", "yaw": "2.98"}
158.48, [DEBUG], None, [debug],turtlebot2,move-base-info,Hooray, the base moved arrived,(x=-37;y=16)
158.48, [DEBUG], None, [debug],turtlebot2,move-base-info,Hooray, the base moved arrived,(x=-37;y=16)
158.58, [DEBUG], turtlebot2, {"status": "way-point-reached", "skill": "navigation", "percentage": "50.00%", "goingto": "IC Room 2"}
171.30, [INFO], turtlebot1, {"y": "18.03", "x": "-27.22", "yaw": "-1.57"}
171.30, [INFO], turtlebot1, {"y": "18.03", "x": "-27.22", "yaw": "-1.57"}
171.37, [INFO], turtlebot2, {"battery-level": "78.53%"}
171.37, [INFO], turtlebot2, {"y": "21.05", "x": "-36.88", "yaw": "2.15"}
171.37, [INFO], turtlebot2, {"battery-level": "78.53%"}
171.37, [INFO], turtlebot2, {"y": "21.05", "x": "-36.88", "yaw": "2.15"}
171.38, [INFO], turtlebot4, {"y": "33.97", "x": "-32.90", "yaw": "-3.09"}
171.38, [INFO], turtlebot3, {"y": "17.97", "x": "-13.48", "yaw": "-1.34"}
171.38, [INFO], turtlebot4, {"y": "33.97", "x": "-32.90", "yaw": "-3.09"}
171.38, [INFO], turtlebot3, {"y": "17.97", "x": "-13.48", "yaw": "-1.34"}
171.40, [INFO], turtlebot5, {"y": "17.82", "x": "-11.46", "yaw": "-1.25"}
171.42, [INFO], turtlebot5, {"y": "17.82", "x": "-11.46", "yaw": "-1.25"}
171.45, [INFO], turtlebot6, {"y": "18.79", "x": "-33.88", "yaw": "3.00"}
171.45, [INFO], turtlebot6, {"y": "18.79", "x": "-33.88", "yaw": "3.00"}
174.35, [DEBUG], None, [debug],turtlebot2,move-base-info,Hooray, the base moved arrived,(x=-37;y=21.5)
174.35, [DEBUG], None, [debug],turtlebot2,move-base-info,Hooray, the base moved arrived,(x=-37;y=21.5)
174.50, [DEBUG], turtlebot2, {"status": "way-point-reached", "skill": "navigation", "percentage": "75.00%", "goingto": "IC Room 2"}
183.70, [DEBUG], turtlebot2, {"param_list": ["IC Room 2", [[-19.0, 16.0, 3.141592653589793, true], [-37.0, 16.0, 1.5707963267948966, true], [-37.0, 21.5, 3.141592653589793, true], [-38.0, 21.5, 0.0, false]]], "skill": "navigation", "skill-life-cycle": "RUNNING", "label": "navto_room"}
186.30, [INFO], turtlebot1, {"y": "18.03", "x": "-27.22", "yaw": "-1.57"}
186.30, [INFO], turtlebot1, {"y": "18.03", "x": "-27.22", "yaw": "-1.57"}
186.37, [INFO], turtlebot2, {"y": "21.31", "x": "-37.62", "yaw": "0.87"}
186.37, [INFO], turtlebot2, {"y": "21.31", "x": "-37.62", "yaw": "0.87"}
186.37, [INFO], turtlebot2, {"battery-level": "78.11%"}
186.37, [INFO], turtlebot2, {"battery-level": "78.11%"}
186.38, [INFO], turtlebot3, {"y": "17.97", "x": "-13.48", "yaw": "-1.32"}
186.38, [INFO], turtlebot3, {"y": "17.97", "x": "-13.48", "yaw": "-1.32"}
186.38, [INFO], turtlebot4, {"y": "33.97", "x": "-32.90", "yaw": "-3.09"}
186.38, [INFO], turtlebot4, {"y": "33.97", "x": "-32.90", "yaw": "-3.09"}
186.40, [INFO], turtlebot5, {"y": "17.82", "x": "-11.46", "yaw": "-1.25"}
186.40, [INFO], turtlebot5, {"y": "17.82", "x": "-11.46", "yaw": "-1.25"}
186.45, [INFO], turtlebot6, {"y": "18.79", "x": "-33.88", "yaw": "3.00"}
186.45, [INFO], turtlebot6, {"y": "18.79", "x": "-33.88", "yaw": "3.00"}
189.20, [DEBUG], None, [debug],turtlebot2,move-base-info,Hooray, the base moved arrived,(x=-38;y=21.5)
189.20, [DEBUG], None, [debug],turtlebot2,move-base-info,Hooray, the base moved arrived,(x=-38;y=21.5)
189.38, [DEBUG], turtlebot2, {"status": "way-point-reached", "skill": "navigation", "percentage": "100.00%", "goingto": "IC Room 2"}
189.45, [DEBUG], turtlebot2, {"param_list": ["IC Room 2", [[-19.0, 16.0, 3.141592653589793, true], [-37.0, 16.0, 1.5707963267948966, true], [-37.0, 21.5, 3.141592653589793, true], [-38.0, 21.5, 0.0, false]]], "skill": "navigation", "skill-life-cycle": "SUCCESS", "label": "navto_room"}
189.45, [DEBUG], turtlebot2, "available-skills=['send_message', 'wait_message', 'approach_person', 'approach_robot', 'authenticate_person', 'navigation', 'operate_drawer']"
189.47, [DEBUG], turtlebot2, {"param_list": ["nurse"], "skill": "approach_person", "skill-life-cycle": "STARTED", "label": "approach_nurse"}
189.52, [DEBUG], turtlebot2, {"status": "localize-person", "skill": "approach-person", "who": "nurse"}
189.60, [DEBUG], turtlebot2, {"status": "goto-person", "skill": "approach-person", "who": "nurse"}
189.68, [DEBUG], turtlebot2, {"param_list": ["nurse"], "skill": "approach_person", "skill-life-cycle": "SUCCESS", "label": "approach_nurse"}
189.68, [DEBUG], turtlebot2, "available-skills=['send_message', 'wait_message', 'approach_person', 'approach_robot', 'authenticate_person', 'navigation', 'operate_drawer']"
189.68, [DEBUG], turtlebot2, {"param_list": ["nurse"], "skill": "authenticate_person", "skill-life-cycle": "STARTED", "label": "authenticate_nurse"}
189.77, [DEBUG], turtlebot2, {"status": "request-authentication", "to": "nurse", "skill": "authenticate-person"}
189.78, [INFO], nurse, {"status": "message-received", "skill": "athentication-request"}
189.78, [INFO], nurse, {"status": "message-received", "skill": "athentication-request"}
190.12, [DEBUG], turtlebot2, {"status": "received-authentication", "skill": "authenticate-person", "from": "nurse"}
190.20, [DEBUG], turtlebot2, {"param_list": ["nurse"], "skill": "authenticate_person", "skill-life-cycle": "SUCCESS", "label": "authenticate_nurse"}
190.20, [DEBUG], turtlebot2, "available-skills=['send_message', 'wait_message', 'approach_person', 'approach_robot', 'authenticate_person', 'navigation', 'operate_drawer']"
190.22, [DEBUG], turtlebot2, {"param_list": ["open"], "skill": "operate_drawer", "skill-life-cycle": "STARTED", "label": "open_drawer_for_nurse"}
190.28, [DEBUG], turtlebot2, {"status": "task-update", "action": "open", "skill": "operate-drawer"}
191.12, [DEBUG], turtlebot2, {"param_list": ["open"], "skill": "operate_drawer", "skill-life-cycle": "SUCCESS", "label": "open_drawer_for_nurse"}
191.12, [DEBUG], turtlebot2, "available-skills=['send_message', 'wait_message', 'approach_person', 'approach_robot', 'authenticate_person', 'navigation', 'operate_drawer']"
191.12, [DEBUG], turtlebot2, {"param_list": ["nurse"], "skill": "send_message", "skill-life-cycle": "STARTED", "label": "notify_nurse_of_open_drawer_for_nurse_completed"}
191.18, [INFO], turtlebot2, {"to": "nurse", "skill": "send-message"}
191.95, [INFO], nurse, {"status": "message-received", "skill": "wait-message"}
192.08, [INFO], nurse, {"status": "message-received", "skill": "wait-message"}
194.30, [DEBUG], turtlebot2, {"param_list": ["nurse"], "skill": "send_message", "skill-life-cycle": "SUCCESS", "label": "notify_nurse_of_open_drawer_for_nurse_completed"}
194.30, [DEBUG], turtlebot2, "available-skills=['send_message', 'wait_message', 'approach_person', 'approach_robot', 'authenticate_person', 'navigation', 'operate_drawer']"
194.30, [DEBUG], turtlebot2, {"param_list": ["nurse"], "skill": "wait_message", "skill-life-cycle": "STARTED", "label": "wait_nurse_to_complete_deposit"}
196.10, [INFO], turtlebot2, {"status": "message-received", "skill": "wait-message"}
196.18, [DEBUG], turtlebot2, {"param_list": ["nurse"], "skill": "wait_message", "skill-life-cycle": "SUCCESS", "label": "wait_nurse_to_complete_deposit"}
196.18, [DEBUG], turtlebot2, "available-skills=['send_message', 'wait_message', 'approach_person', 'approach_robot', 'authenticate_person', 'navigation', 'operate_drawer']"
196.18, [DEBUG], turtlebot2, {"param_list": ["close"], "skill": "operate_drawer", "skill-life-cycle": "STARTED", "label": "close_drawer_nurse"}
196.27, [DEBUG], turtlebot2, {"status": "task-update", "action": "close", "skill": "operate-drawer"}
197.12, [DEBUG], turtlebot2, {"param_list": ["close"], "skill": "operate_drawer", "skill-life-cycle": "SUCCESS", "label": "close_drawer_nurse"}
197.12, [DEBUG], turtlebot2, "available-skills=['send_message', 'wait_message', 'approach_person', 'approach_robot', 'authenticate_person', 'navigation', 'operate_drawer']"
197.12, [DEBUG], turtlebot2, {"param_list": ["Laboratory", [[-37.0, 21.5, -1.5707963267948966, true], [-37.0, 16.0, 0.0, true], [-26.0, 16.0, -1.5707963267948966, true], [-26.0, 13.0, 1.57, false]]], "skill": "navigation", "skill-life-cycle": "STARTED", "label": "navto_lab"}
201.30, [INFO], turtlebot1, {"y": "18.03", "x": "-27.22", "yaw": "-1.57"}
201.30, [INFO], turtlebot1, {"y": "18.03", "x": "-27.22", "yaw": "-1.57"}
201.37, [INFO], turtlebot2, {"battery-level": "77.66%"}
201.37, [INFO], turtlebot2, {"battery-level": "77.66%"}
201.37, [INFO], turtlebot2, {"y": "21.34", "x": "-37.62", "yaw": "0.06"}
201.37, [INFO], turtlebot2, {"y": "21.34", "x": "-37.62", "yaw": "0.06"}
201.38, [INFO], turtlebot3, {"y": "17.97", "x": "-13.48", "yaw": "-1.30"}
201.38, [INFO], turtlebot3, {"y": "17.97", "x": "-13.48", "yaw": "-1.30"}
201.38, [INFO], turtlebot4, {"y": "33.97", "x": "-32.90", "yaw": "-3.09"}
201.38, [INFO], turtlebot4, {"y": "33.97", "x": "-32.90", "yaw": "-3.09"}
201.40, [INFO], turtlebot5, {"y": "17.82", "x": "-11.46", "yaw": "-1.25"}
201.40, [INFO], turtlebot5, {"y": "17.82", "x": "-11.46", "yaw": "-1.25"}
201.45, [INFO], turtlebot6, {"y": "18.79", "x": "-33.88", "yaw": "3.01"}
201.45, [INFO], turtlebot6, {"y": "18.79", "x": "-33.88", "yaw": "3.01"}
201.95, [INFO], nurse, {"status": "message-received", "skill": "wait-message"}
202.08, [INFO], nurse, {"status": "message-received", "skill": "wait-message"}
207.32, [DEBUG], None, [debug],turtlebot2,move-base-info,Hooray, the base moved arrived,(x=-37;y=21.5)
207.32, [DEBUG], None, [debug],turtlebot2,move-base-info,Hooray, the base moved arrived,(x=-37;y=21.5)
207.37, [DEBUG], turtlebot2, {"status": "way-point-reached", "skill": "navigation", "percentage": "25.00%", "goingto": "Laboratory"}
209.77, [INFO], nurse, {"status": "waiting", "skill": "athentication-sent"}
209.77, [INFO], nurse, {"status": "waiting", "skill": "athentication-sent"}
211.95, [INFO], nurse, {"status": "message-received", "skill": "wait-message"}
212.10, [INFO], nurse, {"status": "message-received", "skill": "wait-message"}
216.30, [INFO], turtlebot1, {"y": "18.03", "x": "-27.21", "yaw": "-1.57"}
216.30, [INFO], turtlebot1, {"y": "18.03", "x": "-27.21", "yaw": "-1.57"}
216.37, [INFO], turtlebot2, {"battery-level": "77.21%"}
216.37, [INFO], turtlebot2, {"battery-level": "77.21%"}
216.37, [INFO], turtlebot2, {"y": "21.05", "x": "-37.17", "yaw": "-0.82"}
216.37, [INFO], turtlebot2, {"y": "21.05", "x": "-37.17", "yaw": "-0.82"}
216.38, [INFO], turtlebot4, {"y": "33.97", "x": "-32.91", "yaw": "-3.08"}
216.38, [INFO], turtlebot4, {"y": "33.97", "x": "-32.91", "yaw": "-3.08"}
216.38, [INFO], turtlebot3, {"y": "17.96", "x": "-13.47", "yaw": "-1.28"}
216.38, [INFO], turtlebot3, {"y": "17.96", "x": "-13.47", "yaw": "-1.28"}
216.40, [INFO], turtlebot5, {"y": "17.82", "x": "-11.46", "yaw": "-1.25"}
216.40, [INFO], turtlebot5, {"y": "17.82", "x": "-11.46", "yaw": "-1.25"}
216.45, [INFO], turtlebot6, {"y": "18.79", "x": "-33.88", "yaw": "3.01"}
216.45, [INFO], turtlebot6, {"y": "18.79", "x": "-33.88", "yaw": "3.01"}
221.95, [INFO], nurse, {"status": "message-received", "skill": "wait-message"}
222.08, [INFO], nurse, {"status": "message-received", "skill": "wait-message"}
229.05, [DEBUG], turtlebot2, {"param_list": ["Laboratory", [[-37.0, 21.5, -1.5707963267948966, true], [-37.0, 16.0, 0.0, true], [-26.0, 16.0, -1.5707963267948966, true], [-26.0, 13.0, 1.57, false]]], "skill": "navigation", "skill-life-cycle": "RUNNING", "label": "navto_lab"}
231.30, [INFO], turtlebot1, {"y": "18.03", "x": "-27.21", "yaw": "-1.57"}
231.30, [INFO], turtlebot1, {"y": "18.03", "x": "-27.21", "yaw": "-1.57"}
231.37, [INFO], turtlebot2, {"y": "19.85", "x": "-36.74", "yaw": "-1.43"}
231.37, [INFO], turtlebot2, {"y": "19.85", "x": "-36.74", "yaw": "-1.43"}
231.37, [INFO], turtlebot2, {"battery-level": "76.73%"}
231.37, [INFO], turtlebot2, {"battery-level": "76.73%"}
231.38, [INFO], turtlebot4, {"y": "33.97", "x": "-32.91", "yaw": "-3.07"}
231.38, [INFO], turtlebot4, {"y": "33.97", "x": "-32.91", "yaw": "-3.07"}
231.38, [INFO], turtlebot3, {"y": "17.96", "x": "-13.47", "yaw": "-1.26"}
231.38, [INFO], turtlebot3, {"y": "17.96", "x": "-13.47", "yaw": "-1.26"}
231.40, [INFO], turtlebot5, {"y": "17.82", "x": "-11.46", "yaw": "-1.25"}
231.40, [INFO], turtlebot5, {"y": "17.82", "x": "-11.46", "yaw": "-1.25"}
231.45, [INFO], turtlebot6, {"y": "18.79", "x": "-33.88", "yaw": "3.01"}
231.45, [INFO], turtlebot6, {"y": "18.79", "x": "-33.88", "yaw": "3.01"}
246.30, [INFO], turtlebot1, {"y": "18.03", "x": "-27.21", "yaw": "-1.57"}
246.30, [INFO], turtlebot1, {"y": "18.03", "x": "-27.21", "yaw": "-1.57"}
246.37, [INFO], turtlebot2, {"y": "18.60", "x": "-36.68", "yaw": "-1.56"}
246.37, [INFO], turtlebot2, {"y": "18.60", "x": "-36.68", "yaw": "-1.56"}
246.37, [INFO], turtlebot2, {"battery-level": "76.31%"}
246.37, [INFO], turtlebot2, {"battery-level": "76.31%"}
246.38, [INFO], turtlebot3, {"y": "17.96", "x": "-13.47", "yaw": "-1.24"}
246.38, [INFO], turtlebot3, {"y": "17.96", "x": "-13.47", "yaw": "-1.24"}
246.38, [INFO], turtlebot4, {"y": "33.97", "x": "-32.91", "yaw": "-3.07"}
246.38, [INFO], turtlebot4, {"y": "33.97", "x": "-32.91", "yaw": "-3.07"}
246.40, [INFO], turtlebot5, {"y": "17.82", "x": "-11.46", "yaw": "-1.25"}
246.40, [INFO], turtlebot5, {"y": "17.82", "x": "-11.46", "yaw": "-1.25"}
246.45, [INFO], turtlebot6, {"y": "18.79", "x": "-33.88", "yaw": "3.01"}
246.45, [INFO], turtlebot6, {"y": "18.79", "x": "-33.88", "yaw": "3.01"}
261.30, [INFO], turtlebot1, {"y": "18.03", "x": "-27.21", "yaw": "-1.57"}
261.30, [INFO], turtlebot1, {"y": "18.03", "x": "-27.21", "yaw": "-1.57"}
261.37, [INFO], turtlebot2, {"y": "17.34", "x": "-36.68", "yaw": "-1.59"}
261.37, [INFO], turtlebot2, {"y": "17.34", "x": "-36.68", "yaw": "-1.59"}
261.37, [INFO], turtlebot2, {"battery-level": "75.83%"}
261.37, [INFO], turtlebot2, {"battery-level": "75.83%"}
261.38, [INFO], turtlebot4, {"y": "33.97", "x": "-32.91", "yaw": "-3.06"}
261.38, [INFO], turtlebot4, {"y": "33.97", "x": "-32.91", "yaw": "-3.06"}
261.38, [INFO], turtlebot3, {"y": "17.95", "x": "-13.46", "yaw": "-1.22"}
261.38, [INFO], turtlebot3, {"y": "17.95", "x": "-13.46", "yaw": "-1.22"}
261.40, [INFO], turtlebot5, {"y": "17.82", "x": "-11.46", "yaw": "-1.25"}
261.40, [INFO], turtlebot5, {"y": "17.82", "x": "-11.46", "yaw": "-1.25"}
261.45, [INFO], turtlebot6, {"y": "18.79", "x": "-33.88", "yaw": "3.01"}
261.45, [INFO], turtlebot6, {"y": "18.79", "x": "-33.88", "yaw": "3.01"}
271.83, [DEBUG], turtlebot2, {"param_list": ["Laboratory", [[-37.0, 21.5, -1.5707963267948966, true], [-37.0, 16.0, 0.0, true], [-26.0, 16.0, -1.5707963267948966, true], [-26.0, 13.0, 1.57, false]]], "skill": "navigation", "skill-life-cycle": "RUNNING", "label": "navto_lab"}
276.30, [INFO], turtlebot1, {"y": "18.03", "x": "-27.21", "yaw": "-1.57"}
276.30, [INFO], turtlebot1, {"y": "18.03", "x": "-27.21", "yaw": "-1.57"}
276.37, [INFO], turtlebot2, {"battery-level": "75.38%"}
276.37, [INFO], turtlebot2, {"battery-level": "75.38%"}
276.37, [INFO], turtlebot2, {"y": "16.42", "x": "-36.86", "yaw": "-0.12"}
276.37, [INFO], turtlebot2, {"y": "16.42", "x": "-36.86", "yaw": "-0.12"}
276.38, [INFO], turtlebot4, {"y": "33.98", "x": "-32.92", "yaw": "-3.06"}
276.38, [INFO], turtlebot4, {"y": "33.98", "x": "-32.92", "yaw": "-3.06"}
276.38, [INFO], turtlebot3, {"y": "17.95", "x": "-13.46", "yaw": "-1.20"}
276.38, [INFO], turtlebot3, {"y": "17.95", "x": "-13.46", "yaw": "-1.20"}
276.40, [INFO], turtlebot5, {"y": "17.82", "x": "-11.46", "yaw": "-1.25"}
276.40, [INFO], turtlebot5, {"y": "17.82", "x": "-11.46", "yaw": "-1.25"}
276.45, [INFO], turtlebot6, {"y": "18.79", "x": "-33.88", "yaw": "3.01"}
276.45, [INFO], turtlebot6, {"y": "18.79", "x": "-33.88", "yaw": "3.01"}
277.00, [DEBUG], None, [debug],turtlebot2,move-base-info,Hooray, the base moved arrived,(x=-37;y=16)
277.10, [DEBUG], None, [debug],turtlebot2,move-base-info,Hooray, the base moved arrived,(x=-37;y=16)
277.23, [DEBUG], turtlebot2, {"status": "way-point-reached", "skill": "navigation", "percentage": "50.00%", "goingto": "Laboratory"}
291.30, [INFO], turtlebot1, {"y": "18.03", "x": "-27.21", "yaw": "-1.57"}
291.30, [INFO], turtlebot1, {"y": "18.03", "x": "-27.21", "yaw": "-1.57"}
291.37, [INFO], turtlebot2, {"y": "15.80", "x": "-36.10", "yaw": "-0.55"}
291.37, [INFO], turtlebot2, {"y": "15.80", "x": "-36.10", "yaw": "-0.55"}
291.37, [INFO], turtlebot2, {"battery-level": "74.93%"}
291.37, [INFO], turtlebot2, {"battery-level": "74.93%"}
291.38, [INFO], turtlebot3, {"y": "17.95", "x": "-13.46", "yaw": "-1.18"}
291.38, [INFO], turtlebot4, {"y": "33.98", "x": "-32.92", "yaw": "-3.05"}
291.38, [INFO], turtlebot3, {"y": "17.95", "x": "-13.46", "yaw": "-1.18"}
291.38, [INFO], turtlebot4, {"y": "33.98", "x": "-32.92", "yaw": "-3.05"}
291.40, [INFO], turtlebot5, {"y": "17.82", "x": "-11.46", "yaw": "-1.25"}
291.40, [INFO], turtlebot5, {"y": "17.82", "x": "-11.46", "yaw": "-1.25"}
291.45, [INFO], turtlebot6, {"y": "18.79", "x": "-33.88", "yaw": "3.01"}
291.45, [INFO], turtlebot6, {"y": "18.79", "x": "-33.88", "yaw": "3.01"}
306.30, [INFO], turtlebot1, {"y": "18.03", "x": "-27.21", "yaw": "-1.57"}
306.30, [INFO], turtlebot1, {"y": "18.03", "x": "-27.21", "yaw": "-1.57"}
306.37, [INFO], turtlebot2, {"y": "15.69", "x": "-33.75", "yaw": "-0.05"}
306.37, [INFO], turtlebot2, {"battery-level": "74.48%"}
306.37, [INFO], turtlebot2, {"y": "15.69", "x": "-33.75", "yaw": "-0.05"}
306.37, [INFO], turtlebot2, {"battery-level": "74.48%"}
306.38, [INFO], turtlebot3, {"y": "17.94", "x": "-13.45", "yaw": "-1.16"}
306.38, [INFO], turtlebot3, {"y": "17.94", "x": "-13.45", "yaw": "-1.16"}
306.38, [INFO], turtlebot4, {"y": "33.98", "x": "-32.92", "yaw": "-3.05"}
306.38, [INFO], turtlebot4, {"y": "33.98", "x": "-32.92", "yaw": "-3.05"}
306.40, [INFO], turtlebot5, {"y": "17.82", "x": "-11.47", "yaw": "-1.25"}
306.40, [INFO], turtlebot5, {"y": "17.82", "x": "-11.47", "yaw": "-1.25"}
306.45, [INFO], turtlebot6, {"y": "18.79", "x": "-33.88", "yaw": "3.01"}
306.45, [INFO], turtlebot6, {"y": "18.79", "x": "-33.88", "yaw": "3.01"}
315.30, [DEBUG], turtlebot2, {"param_list": ["Laboratory", [[-37.0, 21.5, -1.5707963267948966, true], [-37.0, 16.0, 0.0, true], [-26.0, 16.0, -1.5707963267948966, true], [-26.0, 13.0, 1.57, false]]], "skill": "navigation", "skill-life-cycle": "RUNNING", "label": "navto_lab"}
321.30, [INFO], turtlebot1, {"y": "18.03", "x": "-27.21", "yaw": "-1.56"}
321.30, [INFO], turtlebot1, {"y": "18.03", "x": "-27.21", "yaw": "-1.56"}
321.37, [INFO], turtlebot2, {"y": "16.13", "x": "-30.87", "yaw": "-0.17"}
321.37, [INFO], turtlebot2, {"y": "16.13", "x": "-30.87", "yaw": "-0.17"}
321.37, [INFO], turtlebot2, {"battery-level": "74.03%"}
321.37, [INFO], turtlebot2, {"battery-level": "74.03%"}
321.38, [INFO], turtlebot4, {"y": "33.98", "x": "-32.92", "yaw": "-3.06"}
321.38, [INFO], turtlebot4, {"y": "33.98", "x": "-32.92", "yaw": "-3.06"}
321.38, [INFO], turtlebot3, {"y": "17.94", "x": "-13.45", "yaw": "-1.14"}
321.38, [INFO], turtlebot3, {"y": "17.94", "x": "-13.45", "yaw": "-1.14"}
321.40, [INFO], turtlebot5, {"y": "17.82", "x": "-11.47", "yaw": "-1.25"}
321.40, [INFO], turtlebot5, {"y": "17.82", "x": "-11.47", "yaw": "-1.25"}
321.45, [INFO], turtlebot6, {"y": "18.79", "x": "-33.88", "yaw": "3.01"}
321.45, [INFO], turtlebot6, {"y": "18.79", "x": "-33.88", "yaw": "3.01"}
336.30, [INFO], turtlebot1, {"y": "18.02", "x": "-27.21", "yaw": "-1.55"}
336.30, [INFO], turtlebot1, {"y": "18.02", "x": "-27.21", "yaw": "-1.55"}
336.37, [INFO], turtlebot2, {"battery-level": "73.61%"}
336.37, [INFO], turtlebot2, {"battery-level": "73.61%"}
336.37, [INFO], turtlebot2, {"y": "16.13", "x": "-28.39", "yaw": "-0.03"}
336.37, [INFO], turtlebot2, {"y": "16.13", "x": "-28.39", "yaw": "-0.03"}
336.38, [INFO], turtlebot4, {"y": "33.98", "x": "-32.92", "yaw": "-3.06"}
336.38, [INFO], turtlebot3, {"y": "17.94", "x": "-13.44", "yaw": "-1.14"}
336.38, [INFO], turtlebot4, {"y": "33.98", "x": "-32.92", "yaw": "-3.06"}
336.38, [INFO], turtlebot3, {"y": "17.94", "x": "-13.44", "yaw": "-1.14"}
336.40, [INFO], turtlebot5, {"y": "17.82", "x": "-11.47", "yaw": "-1.25"}
336.40, [INFO], turtlebot5, {"y": "17.82", "x": "-11.47", "yaw": "-1.25"}
336.45, [INFO], turtlebot6, {"y": "18.79", "x": "-33.88", "yaw": "3.01"}
336.45, [INFO], turtlebot6, {"y": "18.79", "x": "-33.88", "yaw": "3.01"}
351.30, [INFO], turtlebot1, {"y": "18.01", "x": "-27.21", "yaw": "-1.54"}
351.30, [INFO], turtlebot1, {"y": "18.01", "x": "-27.21", "yaw": "-1.54"}
351.37, [INFO], turtlebot2, {"battery-level": "73.16%"}
351.37, [INFO], turtlebot2, {"battery-level": "73.16%"}
351.37, [INFO], turtlebot2, {"y": "16.27", "x": "-26.41", "yaw": "-0.96"}
351.37, [INFO], turtlebot2, {"y": "16.27", "x": "-26.41", "yaw": "-0.96"}
351.38, [INFO], turtlebot4, {"y": "33.98", "x": "-32.93", "yaw": "-3.06"}
351.38, [INFO], turtlebot4, {"y": "33.98", "x": "-32.93", "yaw": "-3.06"}
351.38, [INFO], turtlebot3, {"y": "17.94", "x": "-13.44", "yaw": "-1.13"}
351.38, [INFO], turtlebot3, {"y": "17.94", "x": "-13.44", "yaw": "-1.13"}
351.40, [INFO], turtlebot5, {"y": "17.82", "x": "-11.47", "yaw": "-1.25"}
351.40, [INFO], turtlebot5, {"y": "17.82", "x": "-11.47", "yaw": "-1.25"}
351.45, [INFO], turtlebot6, {"y": "18.79", "x": "-33.88", "yaw": "3.01"}
351.45, [INFO], turtlebot6, {"y": "18.79", "x": "-33.88", "yaw": "3.01"}
353.43, [DEBUG], None, [debug],turtlebot2,move-base-info,Hooray, the base moved arrived,(x=-26;y=16)
353.43, [DEBUG], None, [debug],turtlebot2,move-base-info,Hooray, the base moved arrived,(x=-26;y=16)
353.58, [DEBUG], turtlebot2, {"status": "way-point-reached", "skill": "navigation", "percentage": "75.00%", "goingto": "Laboratory"}
358.08, [DEBUG], turtlebot2, {"param_list": ["Laboratory", [[-37.0, 21.5, -1.5707963267948966, true], [-37.0, 16.0, 0.0, true], [-26.0, 16.0, -1.5707963267948966, true], [-26.0, 13.0, 1.57, false]]], "skill": "navigation", "skill-life-cycle": "RUNNING", "label": "navto_lab"}
366.30, [INFO], turtlebot1, {"y": "18.00", "x": "-27.21", "yaw": "-1.54"}
366.30, [INFO], turtlebot1, {"y": "18.00", "x": "-27.21", "yaw": "-1.54"}
366.37, [INFO], turtlebot2, {"battery-level": "72.71%"}
366.37, [INFO], turtlebot2, {"battery-level": "72.71%"}
366.37, [INFO], turtlebot2, {"y": "15.58", "x": "-26.10", "yaw": "-1.15"}
366.37, [INFO], turtlebot2, {"y": "15.58", "x": "-26.10", "yaw": "-1.15"}
366.38, [INFO], turtlebot4, {"y": "33.98", "x": "-32.93", "yaw": "-3.06"}
366.38, [INFO], turtlebot4, {"y": "33.98", "x": "-32.93", "yaw": "-3.06"}
366.38, [INFO], turtlebot3, {"y": "17.94", "x": "-13.44", "yaw": "-1.12"}
366.38, [INFO], turtlebot3, {"y": "17.94", "x": "-13.44", "yaw": "-1.12"}
366.40, [INFO], turtlebot5, {"y": "17.82", "x": "-11.47", "yaw": "-1.25"}
366.40, [INFO], turtlebot5, {"y": "17.82", "x": "-11.47", "yaw": "-1.25"}
366.45, [INFO], turtlebot6, {"y": "18.79", "x": "-33.88", "yaw": "3.01"}
366.45, [INFO], turtlebot6, {"y": "18.79", "x": "-33.88", "yaw": "3.01"}
381.30, [INFO], turtlebot1, {"y": "17.98", "x": "-27.21", "yaw": "-1.54"}
381.30, [INFO], turtlebot1, {"y": "17.98", "x": "-27.21", "yaw": "-1.54"}
381.37, [INFO], turtlebot2, {"y": "14.35", "x": "-25.82", "yaw": "-1.52"}
381.37, [INFO], turtlebot2, {"y": "14.35", "x": "-25.82", "yaw": "-1.52"}
381.37, [INFO], turtlebot2, {"battery-level": "72.23%"}
381.37, [INFO], turtlebot2, {"battery-level": "72.23%"}
381.38, [INFO], turtlebot3, {"y": "17.93", "x": "-13.44", "yaw": "-1.11"}
381.38, [INFO], turtlebot3, {"y": "17.93", "x": "-13.44", "yaw": "-1.11"}
381.38, [INFO], turtlebot4, {"y": "33.98", "x": "-32.93", "yaw": "-3.06"}
381.38, [INFO], turtlebot4, {"y": "33.98", "x": "-32.93", "yaw": "-3.06"}
381.40, [INFO], turtlebot5, {"y": "17.82", "x": "-11.47", "yaw": "-1.25"}
381.40, [INFO], turtlebot5, {"y": "17.82", "x": "-11.47", "yaw": "-1.25"}
381.45, [INFO], turtlebot6, {"y": "18.79", "x": "-33.88", "yaw": "3.01"}
381.45, [INFO], turtlebot6, {"y": "18.79", "x": "-33.88", "yaw": "3.01"}
396.30, [INFO], turtlebot1, {"y": "17.97", "x": "-27.21", "yaw": "-1.54"}
396.30, [INFO], turtlebot1, {"y": "17.97", "x": "-27.21", "yaw": "-1.54"}
396.37, [INFO], turtlebot2, {"battery-level": "71.78%"}
396.37, [INFO], turtlebot2, {"y": "13.41", "x": "-25.86", "yaw": "2.45"}
396.37, [INFO], turtlebot2, {"battery-level": "71.78%"}
396.37, [INFO], turtlebot2, {"y": "13.41", "x": "-25.86", "yaw": "2.45"}
396.38, [INFO], turtlebot4, {"y": "33.98", "x": "-32.93", "yaw": "-3.06"}
396.38, [INFO], turtlebot4, {"y": "33.98", "x": "-32.93", "yaw": "-3.06"}
396.38, [INFO], turtlebot3, {"y": "17.93", "x": "-13.43", "yaw": "-1.10"}
396.38, [INFO], turtlebot3, {"y": "17.93", "x": "-13.43", "yaw": "-1.10"}
396.40, [INFO], turtlebot5, {"y": "17.82", "x": "-11.47", "yaw": "-1.25"}
396.40, [INFO], turtlebot5, {"y": "17.82", "x": "-11.47", "yaw": "-1.25"}
396.45, [INFO], turtlebot6, {"y": "18.79", "x": "-33.88", "yaw": "3.01"}
396.45, [INFO], turtlebot6, {"y": "18.79", "x": "-33.88", "yaw": "3.01"}
399.00, [DEBUG], None, [debug],turtlebot2,move-base-info,Hooray, the base moved arrived,(x=-26;y=13)
399.08, [DEBUG], None, [debug],turtlebot2,move-base-info,Hooray, the base moved arrived,(x=-26;y=13)
399.30, [DEBUG], turtlebot2, {"status": "way-point-reached", "skill": "navigation", "percentage": "100.00%", "goingto": "Laboratory"}
399.38, [DEBUG], turtlebot2, {"param_list": ["Laboratory", [[-37.0, 21.5, -1.5707963267948966, true], [-37.0, 16.0, 0.0, true], [-26.0, 16.0, -1.5707963267948966, true], [-26.0, 13.0, 1.57, false]]], "skill": "navigation", "skill-life-cycle": "SUCCESS", "label": "navto_lab"}
399.38, [DEBUG], turtlebot2, "available-skills=['send_message', 'wait_message', 'approach_person', 'approach_robot', 'authenticate_person', 'navigation', 'operate_drawer']"
399.38, [DEBUG], turtlebot2, {"param_list": ["lab_arm"], "skill": "approach_robot", "skill-life-cycle": "STARTED", "label": "approach_arm"}
399.47, [DEBUG], turtlebot2, {"status": "localize-robot", "skill": "=approach-robot", "who": "lab_arm"}
399.55, [DEBUG], turtlebot2, {"status": "goto-robot", "skill": "approach-robot", "who": "lab_arm"}
399.62, [DEBUG], turtlebot2, {"param_list": ["lab_arm"], "skill": "approach_robot", "skill-life-cycle": "SUCCESS", "label": "approach_arm"}
399.62, [DEBUG], turtlebot2, "available-skills=['send_message', 'wait_message', 'approach_person', 'approach_robot', 'authenticate_person', 'navigation', 'operate_drawer']"
399.62, [DEBUG], turtlebot2, {"param_list": ["open"], "skill": "operate_drawer", "skill-life-cycle": "STARTED", "label": "open_drawer_lab"}
399.68, [DEBUG], turtlebot2, {"status": "task-update", "action": "open", "skill": "operate-drawer"}
400.50, [DEBUG], turtlebot2, {"param_list": ["open"], "skill": "operate_drawer", "skill-life-cycle": "SUCCESS", "label": "open_drawer_lab"}
400.50, [DEBUG], turtlebot2, "available-skills=['send_message', 'wait_message', 'approach_person', 'approach_robot', 'authenticate_person', 'navigation', 'operate_drawer']"
400.52, [DEBUG], turtlebot2, {"param_list": ["lab_arm"], "skill": "send_message", "skill-life-cycle": "STARTED", "label": "notify_lab_arm_of_open_drawer_lab_completed"}
400.58, [INFO], turtlebot2, {"to": "lab_arm", "skill": "send-message"}
401.33, [INFO], lab_arm, {"status": "sample-received", "skill": "wait-sample"}
401.33, [INFO], nurse, {"status": "sample-received", "skill": "wait-sample"}
401.33, [INFO], lab_arm, {"status": "sample-received", "skill": "wait-sample"}
401.33, [INFO], nurse, {"status": "sample-received", "skill": "wait-sample"}
401.33, [DEBUG], None, ENDSIM
401.33, [DEBUG], None, ENDSIM
401.33, [DEBUG], None, end!
