0.00, [DEBUG], logger, ROBOTS_CONFIG=[{"avg_speed": 0.15, "battery_charge": 0.3020349930380309, "battery_discharge_rate": 0.00068, "id": 1, "local_plan": null, "location": "IC Room 4", "name": "r1", "position": [-39.44, 33.95, 0.0], "skills": ["approach_person", "approach_robot", "authenticate_person", "navigation", "operate_drawer"]}, {"avg_speed": 0.15, "battery_charge": 0.5779176354739738, "battery_discharge_rate": 0.0006000000000000001, "id": 2, "local_plan": null, "location": "PC Room 5", "name": "r2", "position": [-21.0, 18.0, -1.57], "skills": ["approach_person", "approach_robot", "authenticate_person", "navigation", "operate_drawer"]}, {"avg_speed": 0.15, "battery_charge": 0.7232396784987936, "battery_discharge_rate": 0.0004, "id": 3, "local_plan": null, "location": "IC Room 2", "name": "r3", "position": [-38.0, 21.5, 0.0], "skills": ["approach_person", "approach_robot", "authenticate_person", "navigation", "operate_drawer"]}, {"avg_speed": 0.15, "battery_charge": 0.4863040833267539, "battery_discharge_rate": 0.00026000000000000003, "id": 4, "local_plan": null, "location": "PC Room 7", "name": "r4", "position": [-13.5, 18.0, -1.57], "skills": ["approach_person", "approach_robot", "authenticate_person", "navigation", "operate_drawer"]}, {"avg_speed": 0.15, "battery_charge": 0.7258412726774711, "battery_discharge_rate": 0.00042, "id": 5, "local_plan": null, "location": "IC Room 6", "name": "r5", "position": [-33.9, 18.93, 3.14], "skills": ["approach_person", "approach_robot", "authenticate_person", "navigation", "operate_drawer"]}, {"avg_speed": 0.15, "battery_charge": 0.9109794326728246, "battery_discharge_rate": 0.0005200000000000001, "id": 6, "local_plan": [["navigation", ["PC Room 3", [[-27.23, 18.0, -1.57], [-27.23, 16.0], [-28.5, 16.0], [-28.5, 18.0, -1.57]]], "navto_room"], ["approach_person", ["nurse"], "approach_nurse"], ["authenticate_person", ["nurse"], "authenticate_nurse"], ["operate_drawer", ["open"], "open_drawer_for_nurse"], ["send_message", ["nurse"], "notify_nurse_of_open_drawer_for_nurse_completed"], ["wait_message", ["nurse"], "wait_nurse_to_complete_deposit"], ["operate_drawer", ["close"], "close_drawer_nurse"], ["navigation", ["Laboratory", [[-28.5, 18.0, -1.57], [-28.5, 16.0], [-26.0, 16.0], [-26.0, 13.0, 1.57]]], "navto_lab"], ["approach_robot", ["lab_arm"], "approach_arm"], ["operate_drawer", ["open"], "open_drawer_lab"], ["send_message", ["lab_arm"], "notify_lab_arm_of_open_drawer_lab_completed"], ["wait_message", ["lab_arm"], "wait_lab_arm_to_complete_pick_up_sample"], ["operate_drawer", ["close"], "close_drawer_lab"]], "location": "PC Room 4", "name": "r6", "position": [-27.23, 18.0, -1.57], "skills": ["approach_person", "approach_robot", "authenticate_person", "navigation", "operate_drawer"]}]
0.00, [DEBUG], logger, NURSES_CONFIG=[{"location": "PC Room 3", "position": [-29.5, 19.0, -1.57]}]
0.00, [DEBUG], logger, Simulation open
0.00, [DEBUG], logger, subcribing to in the topic /log
6.03, [DEBUG], None, [debug],turtlebot3,move-base-info,Move_base is up and ok....,
6.05, [DEBUG], None, [debug],turtlebot4,move-base-info,Move_base is up and ok....,
6.35, [DEBUG], None, [debug],turtlebot5,move-base-info,Move_base is up and ok....,
6.48, [DEBUG], None, [debug],turtlebot1,move-base-info,Move_base is up and ok....,
6.53, [DEBUG], None, [debug],turtlebot2,move-base-info,Move_base is up and ok....,
6.53, [DEBUG], None, [debug],turtlebot6,move-base-info,Move_base is up and ok....,
9.08, [INFO], turtlebot2, {"y": "18.00", "x": "-20.99", "yaw": "-1.54"}
9.08, [INFO], turtlebot1, {"y": "33.84", "x": "-39.51", "yaw": "0.46"}
9.08, [INFO], turtlebot3, {"y": "21.48", "x": "-38.00", "yaw": "0.01"}
9.08, [INFO], turtlebot5, {"y": "18.79", "x": "-33.83", "yaw": "2.78"}
9.08, [INFO], turtlebot4, {"y": "18.01", "x": "-13.50", "yaw": "-1.51"}
9.08, [INFO], turtlebot6, {"y": "18.02", "x": "-27.23", "yaw": "-1.59"}
9.08, [INFO], turtlebot6, {"battery-level": "90.40%"}
9.68, [DEBUG], turtlebot3, {"param_list": [], "skill": "init_robobt", "skill-life-cycle": "RUNNING", "label": "init_robobt"}
9.72, [DEBUG], turtlebot6, {"param_list": [], "skill": "init_robobt", "skill-life-cycle": "RUNNING", "label": "init_robobt"}
9.72, [DEBUG], turtlebot1, {"param_list": [], "skill": "init_robobt", "skill-life-cycle": "RUNNING", "label": "init_robobt"}
9.73, [DEBUG], turtlebot4, {"param_list": [], "skill": "init_robobt", "skill-life-cycle": "RUNNING", "label": "init_robobt"}
10.27, [DEBUG], turtlebot5, {"param_list": [], "skill": "init_robobt", "skill-life-cycle": "RUNNING", "label": "init_robobt"}
11.92, [DEBUG], turtlebot2, {"param_list": [], "skill": "init_robobt", "skill-life-cycle": "SUCCESS", "label": "init_robobt"}
13.42, [DEBUG], turtlebot4, {"param_list": [], "skill": "init_robobt", "skill-life-cycle": "SUCCESS", "label": "init_robobt"}
13.57, [DEBUG], turtlebot1, {"param_list": [], "skill": "init_robobt", "skill-life-cycle": "SUCCESS", "label": "init_robobt"}
13.60, [DEBUG], turtlebot3, {"param_list": [], "skill": "init_robobt", "skill-life-cycle": "SUCCESS", "label": "init_robobt"}
13.65, [DEBUG], turtlebot6, {"param_list": [], "skill": "init_robobt", "skill-life-cycle": "SUCCESS", "label": "init_robobt"}
13.65, [DEBUG], turtlebot6, "available-skills=['send_message', 'wait_message', 'approach_person', 'approach_robot', 'authenticate_person', 'navigation', 'operate_drawer']"
13.65, [DEBUG], turtlebot6, {"param_list": ["PC Room 3", [[-27.23, 16.0, 3.141592653589793, true], [-28.5, 16.0, 1.5707963267948966, true], [-28.5, 18.0, -1.57, false]]], "skill": "navigation", "skill-life-cycle": "STARTED", "label": "navto_room"}
13.93, [DEBUG], turtlebot5, {"param_list": [], "skill": "init_robobt", "skill-life-cycle": "SUCCESS", "label": "init_robobt"}
18.38, [INFO], turtlebot2, {"y": "18.00", "x": "-20.99", "yaw": "-1.54"}
18.38, [INFO], turtlebot2, {"y": "18.00", "x": "-20.99", "yaw": "-1.54"}
18.38, [INFO], turtlebot1, {"y": "33.84", "x": "-39.51", "yaw": "0.46"}
18.38, [INFO], turtlebot1, {"y": "33.84", "x": "-39.51", "yaw": "0.46"}
18.40, [INFO], turtlebot3, {"y": "21.48", "x": "-38.00", "yaw": "0.01"}
18.40, [INFO], turtlebot3, {"y": "21.48", "x": "-38.00", "yaw": "0.01"}
18.45, [INFO], turtlebot5, {"y": "18.79", "x": "-33.83", "yaw": "2.80"}
18.45, [INFO], turtlebot5, {"y": "18.79", "x": "-33.83", "yaw": "2.80"}
18.45, [INFO], turtlebot4, {"y": "18.00", "x": "-13.50", "yaw": "-1.50"}
18.45, [INFO], turtlebot4, {"y": "18.00", "x": "-13.50", "yaw": "-1.50"}
18.45, [INFO], turtlebot6, {"y": "18.00", "x": "-27.23", "yaw": "-1.56"}
18.45, [INFO], turtlebot6, {"y": "18.00", "x": "-27.23", "yaw": "-1.56"}
18.45, [INFO], turtlebot6, {"battery-level": "89.65%"}
18.45, [INFO], turtlebot6, {"battery-level": "89.65%"}
29.83, [INFO], turtlebot2, {"y": "18.00", "x": "-20.99", "yaw": "-1.54"}
29.83, [INFO], turtlebot2, {"y": "18.00", "x": "-20.99", "yaw": "-1.54"}
29.83, [INFO], turtlebot1, {"y": "33.84", "x": "-39.51", "yaw": "0.46"}
29.85, [INFO], turtlebot1, {"y": "33.84", "x": "-39.51", "yaw": "0.46"}
29.85, [INFO], turtlebot3, {"y": "21.48", "x": "-38.00", "yaw": "0.01"}
29.85, [INFO], turtlebot3, {"y": "21.48", "x": "-38.00", "yaw": "0.01"}
29.88, [INFO], turtlebot4, {"y": "18.00", "x": "-13.50", "yaw": "-1.50"}
29.88, [INFO], turtlebot4, {"y": "18.00", "x": "-13.50", "yaw": "-1.50"}
29.88, [INFO], turtlebot5, {"y": "18.78", "x": "-33.84", "yaw": "2.81"}
29.88, [INFO], turtlebot5, {"y": "18.78", "x": "-33.84", "yaw": "2.81"}
29.88, [INFO], turtlebot6, {"y": "17.04", "x": "-27.16", "yaw": "-1.64"}
29.90, [INFO], turtlebot6, {"y": "17.04", "x": "-27.16", "yaw": "-1.64"}
29.90, [INFO], turtlebot6, {"battery-level": "88.90%"}
29.90, [INFO], turtlebot6, {"battery-level": "88.90%"}
40.30, [DEBUG], None, [debug],turtlebot6,move-base-info,Hooray, the base moved arrived,(x=-27.23;y=16)
40.30, [DEBUG], None, [debug],turtlebot6,move-base-info,Hooray, the base moved arrived,(x=-27.23;y=16)
40.32, [DEBUG], turtlebot6, {"status": "way-point-reached", "skill": "navigation", "percentage": "33.33%", "goingto": "PC Room 3"}
41.55, [INFO], turtlebot2, {"y": "18.00", "x": "-20.99", "yaw": "-1.54"}
41.55, [INFO], turtlebot2, {"y": "18.00", "x": "-20.99", "yaw": "-1.54"}
41.55, [INFO], turtlebot1, {"y": "33.84", "x": "-39.51", "yaw": "0.46"}
41.55, [INFO], turtlebot1, {"y": "33.84", "x": "-39.51", "yaw": "0.46"}
41.55, [INFO], turtlebot3, {"y": "21.48", "x": "-38.00", "yaw": "0.01"}
41.55, [INFO], turtlebot3, {"y": "21.48", "x": "-38.00", "yaw": "0.01"}
41.60, [INFO], turtlebot4, {"y": "18.00", "x": "-13.49", "yaw": "-1.49"}
41.60, [INFO], turtlebot4, {"y": "18.00", "x": "-13.49", "yaw": "-1.49"}
41.62, [INFO], turtlebot5, {"y": "18.78", "x": "-33.84", "yaw": "2.83"}
41.62, [INFO], turtlebot5, {"y": "18.78", "x": "-33.84", "yaw": "2.83"}
41.62, [INFO], turtlebot6, {"y": "16.45", "x": "-27.17", "yaw": "-3.09"}
41.62, [INFO], turtlebot6, {"y": "16.45", "x": "-27.17", "yaw": "-3.09"}
41.63, [INFO], turtlebot6, {"battery-level": "88.15%"}
41.63, [INFO], turtlebot6, {"battery-level": "88.15%"}
53.23, [INFO], turtlebot2, {"y": "18.00", "x": "-20.99", "yaw": "-1.54"}
53.23, [INFO], turtlebot1, {"y": "33.84", "x": "-39.51", "yaw": "0.46"}
53.23, [INFO], turtlebot3, {"y": "21.48", "x": "-38.00", "yaw": "0.01"}
53.25, [INFO], turtlebot2, {"y": "18.00", "x": "-20.99", "yaw": "-1.54"}
53.25, [INFO], turtlebot1, {"y": "33.84", "x": "-39.51", "yaw": "0.46"}
53.27, [INFO], turtlebot3, {"y": "21.48", "x": "-38.00", "yaw": "0.01"}
53.28, [INFO], turtlebot5, {"y": "18.78", "x": "-33.85", "yaw": "2.84"}
53.28, [INFO], turtlebot5, {"y": "18.78", "x": "-33.85", "yaw": "2.84"}
53.28, [INFO], turtlebot4, {"y": "18.00", "x": "-13.49", "yaw": "-1.48"}
53.30, [INFO], turtlebot4, {"y": "18.00", "x": "-13.49", "yaw": "-1.48"}
53.30, [INFO], turtlebot6, {"y": "16.33", "x": "-28.17", "yaw": "2.69"}
53.30, [INFO], turtlebot6, {"y": "16.33", "x": "-28.17", "yaw": "2.69"}
53.32, [INFO], turtlebot6, {"battery-level": "87.40%"}
53.32, [INFO], turtlebot6, {"battery-level": "87.40%"}
56.50, [DEBUG], None, [debug],turtlebot6,move-base-info,Hooray, the base moved arrived,(x=-28.5;y=16)
56.50, [DEBUG], None, [debug],turtlebot6,move-base-info,Hooray, the base moved arrived,(x=-28.5;y=16)
56.63, [DEBUG], turtlebot6, {"status": "way-point-reached", "skill": "navigation", "percentage": "66.67%", "goingto": "PC Room 3"}
56.92, [DEBUG], turtlebot6, {"param_list": ["PC Room 3", [[-27.23, 16.0, 3.141592653589793, true], [-28.5, 16.0, 1.5707963267948966, true], [-28.5, 18.0, -1.57, false]]], "skill": "navigation", "skill-life-cycle": "RUNNING", "label": "navto_room"}
65.10, [INFO], turtlebot2, {"y": "18.00", "x": "-20.99", "yaw": "-1.54"}
65.12, [INFO], turtlebot3, {"y": "21.48", "x": "-38.00", "yaw": "0.01"}
65.12, [INFO], turtlebot1, {"y": "33.84", "x": "-39.51", "yaw": "0.46"}
65.15, [INFO], turtlebot4, {"y": "18.00", "x": "-13.49", "yaw": "-1.47"}
65.15, [INFO], turtlebot5, {"y": "18.78", "x": "-33.85", "yaw": "2.85"}
65.17, [INFO], turtlebot6, {"y": "17.41", "x": "-28.38", "yaw": "1.68"}
65.18, [INFO], turtlebot6, {"battery-level": "86.65%"}
65.25, [INFO], turtlebot2, {"y": "18.00", "x": "-20.99", "yaw": "-1.54"}
65.25, [INFO], turtlebot3, {"y": "21.48", "x": "-38.00", "yaw": "0.01"}
65.25, [INFO], turtlebot1, {"y": "33.84", "x": "-39.51", "yaw": "0.46"}
65.25, [INFO], turtlebot4, {"y": "18.00", "x": "-13.49", "yaw": "-1.47"}
65.25, [INFO], turtlebot5, {"y": "18.78", "x": "-33.85", "yaw": "2.85"}
65.25, [INFO], turtlebot6, {"y": "17.41", "x": "-28.38", "yaw": "1.68"}
65.25, [INFO], turtlebot6, {"battery-level": "86.65%"}
73.63, [DEBUG], None, [debug],turtlebot6,move-base-info,Hooray, the base moved arrived,(x=-28.5;y=18)
73.63, [DEBUG], None, [debug],turtlebot6,move-base-info,Hooray, the base moved arrived,(x=-28.5;y=18)
73.75, [DEBUG], turtlebot6, {"status": "way-point-reached", "skill": "navigation", "percentage": "100.00%", "goingto": "PC Room 3"}
73.85, [DEBUG], turtlebot6, {"param_list": ["PC Room 3", [[-27.23, 16.0, 3.141592653589793, true], [-28.5, 16.0, 1.5707963267948966, true], [-28.5, 18.0, -1.57, false]]], "skill": "navigation", "skill-life-cycle": "SUCCESS", "label": "navto_room"}
73.85, [DEBUG], turtlebot6, "available-skills=['send_message', 'wait_message', 'approach_person', 'approach_robot', 'authenticate_person', 'navigation', 'operate_drawer']"
73.85, [DEBUG], turtlebot6, {"param_list": ["nurse"], "skill": "approach_person", "skill-life-cycle": "STARTED", "label": "approach_nurse"}
73.95, [DEBUG], turtlebot6, {"status": "localize-person", "skill": "approach-person", "who": "nurse"}
74.18, [DEBUG], turtlebot6, {"status": "goto-person", "skill": "approach-person", "who": "nurse"}
74.25, [DEBUG], turtlebot6, {"param_list": ["nurse"], "skill": "approach_person", "skill-life-cycle": "SUCCESS", "label": "approach_nurse"}
74.25, [DEBUG], turtlebot6, "available-skills=['send_message', 'wait_message', 'approach_person', 'approach_robot', 'authenticate_person', 'navigation', 'operate_drawer']"
74.25, [DEBUG], turtlebot6, {"param_list": ["nurse"], "skill": "authenticate_person", "skill-life-cycle": "STARTED", "label": "authenticate_nurse"}
74.35, [DEBUG], turtlebot6, {"status": "request-authentication", "to": "nurse", "skill": "authenticate-person"}
74.35, [INFO], nurse, {"status": "message-received", "skill": "athentication-request"}
74.35, [INFO], nurse, {"status": "message-received", "skill": "athentication-request"}
75.10, [DEBUG], turtlebot6, {"status": "received-authentication", "skill": "authenticate-person", "from": "nurse"}
75.17, [DEBUG], turtlebot6, {"param_list": ["nurse"], "skill": "authenticate_person", "skill-life-cycle": "SUCCESS", "label": "authenticate_nurse"}
75.17, [DEBUG], turtlebot6, "available-skills=['send_message', 'wait_message', 'approach_person', 'approach_robot', 'authenticate_person', 'navigation', 'operate_drawer']"
75.18, [DEBUG], turtlebot6, {"param_list": ["open"], "skill": "operate_drawer", "skill-life-cycle": "STARTED", "label": "open_drawer_for_nurse"}
75.35, [DEBUG], turtlebot6, {"status": "task-update", "action": "open", "skill": "operate-drawer"}
76.25, [DEBUG], turtlebot6, {"param_list": ["open"], "skill": "operate_drawer", "skill-life-cycle": "SUCCESS", "label": "open_drawer_for_nurse"}
76.25, [DEBUG], turtlebot6, "available-skills=['send_message', 'wait_message', 'approach_person', 'approach_robot', 'authenticate_person', 'navigation', 'operate_drawer']"
76.25, [DEBUG], turtlebot6, {"param_list": ["nurse"], "skill": "send_message", "skill-life-cycle": "STARTED", "label": "notify_nurse_of_open_drawer_for_nurse_completed"}
76.38, [INFO], turtlebot6, {"to": "nurse", "skill": "send-message"}
76.80, [INFO], turtlebot2, {"y": "18.00", "x": "-20.99", "yaw": "-1.54"}
76.82, [INFO], turtlebot1, {"y": "33.84", "x": "-39.51", "yaw": "0.46"}
76.82, [INFO], turtlebot2, {"y": "18.00", "x": "-20.99", "yaw": "-1.54"}
76.83, [INFO], turtlebot3, {"y": "21.48", "x": "-38.00", "yaw": "0.01"}
76.83, [INFO], turtlebot1, {"y": "33.84", "x": "-39.51", "yaw": "0.46"}
76.83, [INFO], turtlebot3, {"y": "21.48", "x": "-38.00", "yaw": "0.01"}
76.87, [INFO], turtlebot5, {"y": "18.78", "x": "-33.85", "yaw": "2.87"}
76.87, [INFO], turtlebot5, {"y": "18.78", "x": "-33.85", "yaw": "2.87"}
76.87, [INFO], turtlebot4, {"y": "18.00", "x": "-13.49", "yaw": "-1.46"}
76.87, [INFO], turtlebot4, {"y": "18.00", "x": "-13.49", "yaw": "-1.46"}
76.88, [INFO], turtlebot6, {"y": "17.61", "x": "-28.40", "yaw": "-1.61"}
76.88, [INFO], turtlebot6, {"y": "17.61", "x": "-28.40", "yaw": "-1.61"}
76.90, [INFO], turtlebot6, {"battery-level": "85.90%"}
76.90, [INFO], turtlebot6, {"battery-level": "85.90%"}
77.18, [INFO], nurse, {"status": "message-received", "skill": "wait-message"}
77.25, [INFO], nurse, {"status": "message-received", "skill": "wait-message"}
79.82, [DEBUG], turtlebot6, {"param_list": ["nurse"], "skill": "send_message", "skill-life-cycle": "SUCCESS", "label": "notify_nurse_of_open_drawer_for_nurse_completed"}
79.82, [DEBUG], turtlebot6, "available-skills=['send_message', 'wait_message', 'approach_person', 'approach_robot', 'authenticate_person', 'navigation', 'operate_drawer']"
79.82, [DEBUG], turtlebot6, {"param_list": ["nurse"], "skill": "wait_message", "skill-life-cycle": "STARTED", "label": "wait_nurse_to_complete_deposit"}
80.45, [INFO], turtlebot6, {"status": "message-received", "skill": "wait-message"}
80.55, [DEBUG], turtlebot6, {"param_list": ["nurse"], "skill": "wait_message", "skill-life-cycle": "SUCCESS", "label": "wait_nurse_to_complete_deposit"}
80.55, [DEBUG], turtlebot6, "available-skills=['send_message', 'wait_message', 'approach_person', 'approach_robot', 'authenticate_person', 'navigation', 'operate_drawer']"
80.55, [DEBUG], turtlebot6, {"param_list": ["close"], "skill": "operate_drawer", "skill-life-cycle": "STARTED", "label": "close_drawer_nurse"}
80.63, [DEBUG], turtlebot6, {"status": "task-update", "action": "close", "skill": "operate-drawer"}
81.53, [DEBUG], turtlebot6, {"param_list": ["close"], "skill": "operate_drawer", "skill-life-cycle": "SUCCESS", "label": "close_drawer_nurse"}
81.53, [DEBUG], turtlebot6, "available-skills=['send_message', 'wait_message', 'approach_person', 'approach_robot', 'authenticate_person', 'navigation', 'operate_drawer']"
81.53, [DEBUG], turtlebot6, {"param_list": ["Laboratory", [[-28.5, 16.0, 0.0, true], [-26.0, 16.0, -1.5707963267948966, true], [-26.0, 13.0, 1.57, false]]], "skill": "navigation", "skill-life-cycle": "STARTED", "label": "navto_lab"}
85.13, [INFO], nurse, {"status": "message-received", "skill": "wait-message"}
85.22, [INFO], nurse, {"status": "message-received", "skill": "wait-message"}
88.48, [INFO], turtlebot2, {"y": "18.00", "x": "-20.99", "yaw": "-1.54"}
88.48, [INFO], turtlebot2, {"y": "18.00", "x": "-20.99", "yaw": "-1.54"}
88.50, [INFO], turtlebot1, {"y": "33.84", "x": "-39.51", "yaw": "0.46"}
88.50, [INFO], turtlebot1, {"y": "33.84", "x": "-39.51", "yaw": "0.46"}
88.50, [INFO], turtlebot3, {"y": "21.48", "x": "-38.00", "yaw": "0.01"}
88.50, [INFO], turtlebot3, {"y": "21.48", "x": "-38.00", "yaw": "0.01"}
88.55, [INFO], turtlebot4, {"y": "17.99", "x": "-13.49", "yaw": "-1.44"}
88.55, [INFO], turtlebot4, {"y": "17.99", "x": "-13.49", "yaw": "-1.44"}
88.55, [INFO], turtlebot5, {"y": "18.78", "x": "-33.85", "yaw": "2.88"}
88.55, [INFO], turtlebot5, {"y": "18.78", "x": "-33.85", "yaw": "2.88"}
88.55, [INFO], turtlebot6, {"y": "17.38", "x": "-28.44", "yaw": "-1.87"}
88.55, [INFO], turtlebot6, {"y": "17.38", "x": "-28.44", "yaw": "-1.87"}
88.57, [INFO], turtlebot6, {"battery-level": "85.15%"}
88.57, [INFO], turtlebot6, {"battery-level": "85.15%"}
89.73, [INFO], nurse, {"status": "waiting", "skill": "athentication-sent"}
89.73, [INFO], nurse, {"status": "waiting", "skill": "athentication-sent"}
92.63, [INFO], nurse, {"status": "message-received", "skill": "wait-message"}
92.63, [INFO], nurse, {"status": "message-received", "skill": "wait-message"}
99.80, [INFO], turtlebot2, {"y": "18.00", "x": "-20.99", "yaw": "-1.54"}
99.80, [INFO], turtlebot2, {"y": "18.00", "x": "-20.99", "yaw": "-1.54"}
99.80, [INFO], turtlebot1, {"y": "33.84", "x": "-39.51", "yaw": "0.46"}
99.80, [INFO], turtlebot3, {"y": "21.48", "x": "-38.00", "yaw": "0.01"}
99.80, [INFO], turtlebot1, {"y": "33.84", "x": "-39.51", "yaw": "0.46"}
99.82, [INFO], turtlebot3, {"y": "21.48", "x": "-38.00", "yaw": "0.01"}
99.85, [INFO], turtlebot4, {"y": "17.99", "x": "-13.49", "yaw": "-1.43"}
99.85, [INFO], turtlebot4, {"y": "17.99", "x": "-13.49", "yaw": "-1.43"}
99.85, [INFO], turtlebot5, {"y": "18.78", "x": "-33.85", "yaw": "2.89"}
99.85, [INFO], turtlebot5, {"y": "18.78", "x": "-33.85", "yaw": "2.89"}
99.87, [INFO], turtlebot6, {"y": "16.49", "x": "-28.56", "yaw": "-1.26"}
99.87, [INFO], turtlebot6, {"y": "16.49", "x": "-28.56", "yaw": "-1.26"}
99.88, [INFO], turtlebot6, {"battery-level": "84.40%"}
99.88, [INFO], turtlebot6, {"battery-level": "84.40%"}
100.22, [INFO], nurse, {"status": "message-received", "skill": "wait-message"}
100.25, [INFO], nurse, {"status": "message-received", "skill": "wait-message"}
103.30, [DEBUG], None, [debug],turtlebot6,move-base-info,Hooray, the base moved arrived,(x=-28.5;y=16)
103.30, [DEBUG], None, [debug],turtlebot6,move-base-info,Hooray, the base moved arrived,(x=-28.5;y=16)
103.37, [DEBUG], turtlebot6, {"status": "way-point-reached", "skill": "navigation", "percentage": "33.33%", "goingto": "Laboratory"}
106.02, [DEBUG], turtlebot6, {"param_list": ["Laboratory", [[-28.5, 16.0, 0.0, true], [-26.0, 16.0, -1.5707963267948966, true], [-26.0, 13.0, 1.57, false]]], "skill": "navigation", "skill-life-cycle": "RUNNING", "label": "navto_lab"}
111.60, [INFO], turtlebot2, {"y": "18.00", "x": "-20.99", "yaw": "-1.54"}
111.60, [INFO], turtlebot2, {"y": "18.00", "x": "-20.99", "yaw": "-1.54"}
111.60, [INFO], turtlebot1, {"y": "33.84", "x": "-39.51", "yaw": "0.46"}
111.60, [INFO], turtlebot1, {"y": "33.84", "x": "-39.51", "yaw": "0.46"}
111.62, [INFO], turtlebot3, {"y": "21.48", "x": "-38.00", "yaw": "0.01"}
111.62, [INFO], turtlebot3, {"y": "21.48", "x": "-38.00", "yaw": "0.01"}
111.65, [INFO], turtlebot4, {"y": "17.99", "x": "-13.49", "yaw": "-1.42"}
111.65, [INFO], turtlebot4, {"y": "17.99", "x": "-13.49", "yaw": "-1.42"}
111.65, [INFO], turtlebot5, {"y": "18.79", "x": "-33.86", "yaw": "2.91"}
111.65, [INFO], turtlebot5, {"y": "18.79", "x": "-33.86", "yaw": "2.91"}
111.65, [INFO], turtlebot6, {"y": "16.30", "x": "-28.13", "yaw": "-0.61"}
111.67, [INFO], turtlebot6, {"y": "16.30", "x": "-28.13", "yaw": "-0.61"}
111.68, [INFO], turtlebot6, {"battery-level": "83.65%"}
111.68, [INFO], turtlebot6, {"battery-level": "83.65%"}
122.85, [INFO], turtlebot2, {"y": "18.00", "x": "-20.99", "yaw": "-1.54"}
122.85, [INFO], turtlebot2, {"y": "18.00", "x": "-20.99", "yaw": "-1.54"}
122.85, [INFO], turtlebot1, {"y": "33.84", "x": "-39.51", "yaw": "0.46"}
122.85, [INFO], turtlebot1, {"y": "33.84", "x": "-39.51", "yaw": "0.46"}
122.85, [INFO], turtlebot3, {"y": "21.48", "x": "-38.00", "yaw": "0.01"}
122.87, [INFO], turtlebot3, {"y": "21.48", "x": "-38.00", "yaw": "0.01"}
122.90, [INFO], turtlebot4, {"y": "17.99", "x": "-13.49", "yaw": "-1.40"}
122.90, [INFO], turtlebot4, {"y": "17.99", "x": "-13.49", "yaw": "-1.40"}
122.92, [INFO], turtlebot5, {"y": "18.79", "x": "-33.86", "yaw": "2.92"}
122.92, [INFO], turtlebot5, {"y": "18.79", "x": "-33.86", "yaw": "2.92"}
122.92, [INFO], turtlebot6, {"y": "16.25", "x": "-26.51", "yaw": "0.25"}
122.92, [INFO], turtlebot6, {"y": "16.25", "x": "-26.51", "yaw": "0.25"}
122.93, [INFO], turtlebot6, {"battery-level": "82.90%"}
122.93, [INFO], turtlebot6, {"battery-level": "82.90%"}
128.60, [DEBUG], None, [debug],turtlebot6,move-base-info,Hooray, the base moved arrived,(x=-26;y=16)
128.60, [DEBUG], None, [debug],turtlebot6,move-base-info,Hooray, the base moved arrived,(x=-26;y=16)
128.68, [DEBUG], turtlebot6, {"status": "way-point-reached", "skill": "navigation", "percentage": "66.67%", "goingto": "Laboratory"}
134.80, [INFO], turtlebot2, {"y": "18.00", "x": "-21.00", "yaw": "-1.54"}
134.80, [INFO], turtlebot2, {"y": "18.00", "x": "-21.00", "yaw": "-1.54"}
134.80, [INFO], turtlebot1, {"y": "33.84", "x": "-39.51", "yaw": "0.46"}
134.80, [INFO], turtlebot1, {"y": "33.84", "x": "-39.51", "yaw": "0.46"}
134.80, [INFO], turtlebot3, {"y": "21.48", "x": "-38.00", "yaw": "0.01"}
134.82, [INFO], turtlebot3, {"y": "21.48", "x": "-38.00", "yaw": "0.01"}
134.85, [INFO], turtlebot4, {"y": "17.98", "x": "-13.49", "yaw": "-1.39"}
134.85, [INFO], turtlebot4, {"y": "17.98", "x": "-13.49", "yaw": "-1.39"}
134.85, [INFO], turtlebot5, {"y": "18.79", "x": "-33.86", "yaw": "2.94"}
134.85, [INFO], turtlebot5, {"y": "18.79", "x": "-33.86", "yaw": "2.94"}
134.87, [INFO], turtlebot6, {"y": "16.17", "x": "-26.34", "yaw": "-1.29"}
134.87, [INFO], turtlebot6, {"y": "16.17", "x": "-26.34", "yaw": "-1.29"}
134.88, [INFO], turtlebot6, {"battery-level": "82.15%"}
134.88, [INFO], turtlebot6, {"battery-level": "82.15%"}
146.02, [INFO], turtlebot2, {"y": "18.00", "x": "-21.00", "yaw": "-1.54"}
146.02, [INFO], turtlebot2, {"y": "18.00", "x": "-21.00", "yaw": "-1.54"}
146.02, [INFO], turtlebot1, {"y": "33.84", "x": "-39.50", "yaw": "0.46"}
146.02, [INFO], turtlebot1, {"y": "33.84", "x": "-39.50", "yaw": "0.46"}
146.02, [INFO], turtlebot3, {"y": "21.48", "x": "-38.00", "yaw": "0.01"}
146.02, [INFO], turtlebot3, {"y": "21.48", "x": "-38.00", "yaw": "0.01"}
146.07, [INFO], turtlebot4, {"y": "17.98", "x": "-13.49", "yaw": "-1.37"}
146.07, [INFO], turtlebot5, {"y": "18.79", "x": "-33.87", "yaw": "2.96"}
146.08, [INFO], turtlebot6, {"y": "15.27", "x": "-25.96", "yaw": "-1.26"}
146.10, [INFO], turtlebot6, {"battery-level": "81.40%"}
146.23, [INFO], turtlebot4, {"y": "17.98", "x": "-13.49", "yaw": "-1.37"}
146.23, [INFO], turtlebot5, {"y": "18.79", "x": "-33.87", "yaw": "2.96"}
146.25, [INFO], turtlebot6, {"y": "15.27", "x": "-25.96", "yaw": "-1.26"}
146.25, [INFO], turtlebot6, {"battery-level": "81.40%"}
152.25, [DEBUG], turtlebot6, {"param_list": ["Laboratory", [[-28.5, 16.0, 0.0, true], [-26.0, 16.0, -1.5707963267948966, true], [-26.0, 13.0, 1.57, false]]], "skill": "navigation", "skill-life-cycle": "RUNNING", "label": "navto_lab"}
157.15, [INFO], turtlebot2, {"y": "18.00", "x": "-21.00", "yaw": "-1.54"}
157.15, [INFO], turtlebot1, {"y": "33.84", "x": "-39.50", "yaw": "0.46"}
157.15, [INFO], turtlebot3, {"y": "21.48", "x": "-38.00", "yaw": "0.01"}
157.20, [INFO], turtlebot4, {"y": "17.98", "x": "-13.48", "yaw": "-1.36"}
157.20, [INFO], turtlebot5, {"y": "18.79", "x": "-33.87", "yaw": "2.98"}
157.22, [INFO], turtlebot6, {"y": "14.35", "x": "-25.81", "yaw": "-1.55"}
157.23, [INFO], turtlebot6, {"battery-level": "80.65%"}
157.25, [INFO], turtlebot2, {"y": "18.00", "x": "-21.00", "yaw": "-1.54"}
157.25, [INFO], turtlebot1, {"y": "33.84", "x": "-39.50", "yaw": "0.46"}
157.25, [INFO], turtlebot3, {"y": "21.48", "x": "-38.00", "yaw": "0.01"}
157.25, [INFO], turtlebot4, {"y": "17.98", "x": "-13.48", "yaw": "-1.36"}
157.25, [INFO], turtlebot5, {"y": "18.79", "x": "-33.87", "yaw": "2.98"}
157.25, [INFO], turtlebot6, {"y": "14.35", "x": "-25.81", "yaw": "-1.55"}
157.25, [INFO], turtlebot6, {"battery-level": "80.65%"}
168.40, [INFO], turtlebot2, {"y": "18.00", "x": "-21.00", "yaw": "-1.54"}
168.40, [INFO], turtlebot2, {"y": "18.00", "x": "-21.00", "yaw": "-1.54"}
168.40, [INFO], turtlebot1, {"y": "33.84", "x": "-39.50", "yaw": "0.46"}
168.40, [INFO], turtlebot1, {"y": "33.84", "x": "-39.50", "yaw": "0.46"}
168.40, [INFO], turtlebot3, {"y": "21.48", "x": "-38.00", "yaw": "0.01"}
168.40, [INFO], turtlebot3, {"y": "21.48", "x": "-38.00", "yaw": "0.01"}
168.45, [INFO], turtlebot4, {"y": "17.98", "x": "-13.48", "yaw": "-1.34"}
168.45, [INFO], turtlebot4, {"y": "17.98", "x": "-13.48", "yaw": "-1.34"}
168.45, [INFO], turtlebot5, {"y": "18.79", "x": "-33.87", "yaw": "3.00"}
168.45, [INFO], turtlebot5, {"y": "18.79", "x": "-33.87", "yaw": "3.00"}
168.47, [INFO], turtlebot6, {"y": "13.47", "x": "-25.88", "yaw": "-2.23"}
168.47, [INFO], turtlebot6, {"y": "13.47", "x": "-25.88", "yaw": "-2.23"}
168.48, [INFO], turtlebot6, {"battery-level": "79.90%"}
168.48, [INFO], turtlebot6, {"battery-level": "79.90%"}
174.93, [DEBUG], None, [debug],turtlebot6,move-base-info,Hooray, the base moved arrived,(x=-26;y=13)
174.93, [DEBUG], None, [debug],turtlebot6,move-base-info,Hooray, the base moved arrived,(x=-26;y=13)
175.03, [DEBUG], turtlebot6, {"status": "way-point-reached", "skill": "navigation", "percentage": "100.00%", "goingto": "Laboratory"}
175.10, [DEBUG], turtlebot6, {"param_list": ["Laboratory", [[-28.5, 16.0, 0.0, true], [-26.0, 16.0, -1.5707963267948966, true], [-26.0, 13.0, 1.57, false]]], "skill": "navigation", "skill-life-cycle": "SUCCESS", "label": "navto_lab"}
175.10, [DEBUG], turtlebot6, "available-skills=['send_message', 'wait_message', 'approach_person', 'approach_robot', 'authenticate_person', 'navigation', 'operate_drawer']"
175.10, [DEBUG], turtlebot6, {"param_list": ["lab_arm"], "skill": "approach_robot", "skill-life-cycle": "STARTED", "label": "approach_arm"}
175.23, [DEBUG], turtlebot6, {"status": "localize-robot", "skill": "=approach-robot", "who": "lab_arm"}
175.75, [DEBUG], turtlebot6, {"status": "goto-robot", "skill": "approach-robot", "who": "lab_arm"}
175.82, [DEBUG], turtlebot6, {"param_list": ["lab_arm"], "skill": "approach_robot", "skill-life-cycle": "SUCCESS", "label": "approach_arm"}
175.83, [DEBUG], turtlebot6, "available-skills=['send_message', 'wait_message', 'approach_person', 'approach_robot', 'authenticate_person', 'navigation', 'operate_drawer']"
175.83, [DEBUG], turtlebot6, {"param_list": ["open"], "skill": "operate_drawer", "skill-life-cycle": "STARTED", "label": "open_drawer_lab"}
175.90, [DEBUG], turtlebot6, {"status": "task-update", "action": "open", "skill": "operate-drawer"}
176.80, [DEBUG], turtlebot6, {"param_list": ["open"], "skill": "operate_drawer", "skill-life-cycle": "SUCCESS", "label": "open_drawer_lab"}
176.80, [DEBUG], turtlebot6, "available-skills=['send_message', 'wait_message', 'approach_person', 'approach_robot', 'authenticate_person', 'navigation', 'operate_drawer']"
176.82, [DEBUG], turtlebot6, {"param_list": ["lab_arm"], "skill": "send_message", "skill-life-cycle": "STARTED", "label": "notify_lab_arm_of_open_drawer_lab_completed"}
176.92, [INFO], turtlebot6, {"to": "lab_arm", "skill": "send-message"}
177.75, [INFO], lab_arm, {"status": "sample-received", "skill": "wait-sample"}
177.75, [INFO], lab_arm, {"status": "sample-received", "skill": "wait-sample"}
177.75, [INFO], nurse, {"status": "sample-received", "skill": "wait-sample"}
177.75, [INFO], nurse, {"status": "sample-received", "skill": "wait-sample"}
177.75, [DEBUG], None, ENDSIM
177.75, [DEBUG], None, ENDSIM
177.75, [DEBUG], None, end!
