0.0,0.0,[debug],logger,init,time
ROBOTS_CONFIG=[{"avg_speed": 0.15, "battery_charge": 0.59, "battery_discharge_rate": 0.0001, "id": 0, "local_plan": null, "location": "PC Room 7", "position": [-13.5, 18.0, -1.57], "skills": ["approach_person", "approach_robot", "authenticate_person", "deposit", "navigation", "pick_up"]}, {"avg_speed": 0.15, "battery_charge": 0.22, "battery_discharge_rate": 0.00014000000000000001, "id": 1, "local_plan": [["navigation", ["IC Room 2", [[-39.44, 33.95, 0.0], [-37.0, 33.95], [-37.0, 21.5], [-38.0, 21.5, 0.0]]]], ["approach_person", ["nurse"]], ["authenticate_person", ["nurse"]], ["operate_drawer", ["open"]], ["send_message", ["nurse"]], ["wait_message", ["r1"]], ["operate_drawer", ["close"]], ["navigation", ["Laboratory", [[-38.0, 21.5, 0.0], [-37.0, 21.5], [-37.0, 16.0], [-26.0, 16.0], [-26.0, 13.0, 1.57]]]], ["approach_robot", ["lab_arm"]], ["operate_drawer", ["open"]], ["send_message", ["lab_arm"]], ["wait_message", ["r1"]], ["operate_drawer", ["close"]]], "location": "IC Room 4", "position": [-39.44, 33.95, 0.0], "skills": ["approach_person", "approach_robot", "authenticate_person", "deposit", "navigation", "operate_drawer", "pick_up"]}, {"avg_speed": 0.15, "battery_charge": 0.73, "battery_discharge_rate": 0.00011, "id": 2, "local_plan": null, "location": "IC Room 3", "position": [-40.23, 25.37, 0.0], "skills": ["approach_person", "approach_robot", "authenticate_person", "deposit", "navigation", "operate_drawer", "pick_up"]}, {"avg_speed": 0.15, "battery_charge": 0.72, "battery_discharge_rate": 0.00017, "id": 3, "local_plan": null, "location": "IC Room 5", "position": [-32.88, 33.98, 3.14], "skills": ["approach_person", "approach_robot", "authenticate_person", "deposit", "navigation", "pick_up"]}, {"avg_speed": 0.15, "battery_charge": 0.35000000000000003, "battery_discharge_rate": 0.00018, "id": 4, "local_plan": null, "location": "PC Room 5", "position": [-21.0, 18.0, -1.57], "skills": ["approach_person", "approach_robot", "authenticate_person", "deposit", "navigation", "operate_drawer", "pick_up"]}]
NURSES_CONFIG=[{"location": "IC Room 2", "position": [-39.0, 20.5, 0.0]}]
logger,1626492738404999494,Simulation open
0.0,[debug],logger,init,subcribing to in the topic /log
1.96666669846,[debug],turtlebot3,move-base-info,Move_base is up and ok....,
1.98333334923,[debug],turtlebot5,move-base-info,Move_base is up and ok....,
2.0,[debug],turtlebot1,move-base-info,Move_base is up and ok....,
2.0,[debug],turtlebot4,move-base-info,Move_base is up and ok....,
2.03333330154,[debug],turtlebot2,move-base-info,Move_base is up and ok....,
6.58333325386,[info],turtlebot2,skill-life-cycle,init_robobt,(status=RUNNING, parameters=[])
7.18333339691,[info],turtlebot3,skill-life-cycle,init_robobt,(status=RUNNING, parameters=[])
7.25,[info],turtlebot4,skill-life-cycle,init_robobt,(status=RUNNING, parameters=[])
11.3166666031,[debug],turtlebot2,available-skills,['send_message', 'wait_message', 'approach_person', 'approach_robot', 'authenticate_person', 'deposit', 'navigation', 'operate_drawer', 'pick_up'],
11.3166666031,[info],turtlebot2,skill-life-cycle,navigation,(status=STARTED, parameters=[[-37.0, 33.95, -1.5707963267948966, True], [-37.0, 21.5, 3.141592653589793, True], [-38.0, 21.5, 0.0, False]])
23.5833332539,[debug],turtlebot1,simulation,robot-pose,x=-13.50;y=18.00;yaw=-1.50
23.5833332539,[debug],turtlebot1,simulation,robot-pose,x=-13.50;y=18.00;yaw=-1.50
24.3333332539,[debug],turtlebot2,simulation,robot-pose,x=-38.87;y=34.28;yaw=0.64
24.3499999046,[debug],turtlebot2,simulation,robot-pose,x=-38.87;y=34.28;yaw=0.64
24.3499999046,[debug],turtlebot3,simulation,robot-pose,x=-40.39;y=25.23;yaw=0.34
24.3499999046,[debug],turtlebot3,simulation,robot-pose,x=-40.39;y=25.23;yaw=0.34
24.3666665554,[debug],turtlebot4,simulation,robot-pose,x=-32.89;y=33.97;yaw=-3.10
24.3666665554,[debug],turtlebot4,simulation,robot-pose,x=-32.89;y=33.97;yaw=-3.10
24.3666665554,[debug],turtlebot5,simulation,robot-pose,x=-20.99;y=18.00;yaw=-1.54
24.3666665554,[debug],turtlebot5,simulation,robot-pose,x=-20.99;y=18.00;yaw=-1.54
38.5833332539,[debug],turtlebot1,simulation,robot-pose,x=-13.49;y=18.00;yaw=-1.49
38.5833332539,[debug],turtlebot1,simulation,robot-pose,x=-13.49;y=18.00;yaw=-1.49
39.3333332539,[debug],turtlebot2,simulation,robot-pose,x=-37.67;y=34.43;yaw=-0.68
39.3499999046,[debug],turtlebot2,simulation,robot-pose,x=-37.67;y=34.43;yaw=-0.68
39.3666665554,[debug],turtlebot3,simulation,robot-pose,x=-40.39;y=25.23;yaw=0.33
39.3666665554,[debug],turtlebot3,simulation,robot-pose,x=-40.39;y=25.23;yaw=0.33
39.3666665554,[debug],turtlebot4,simulation,robot-pose,x=-32.89;y=33.97;yaw=-3.10
39.3666665554,[debug],turtlebot4,simulation,robot-pose,x=-32.89;y=33.97;yaw=-3.10
39.3666665554,[debug],turtlebot5,simulation,robot-pose,x=-20.99;y=18.00;yaw=-1.54
39.3666665554,[debug],turtlebot5,simulation,robot-pose,x=-20.99;y=18.00;yaw=-1.54
45.5,[debug],turtlebot2,move-base-info,Hooray, the base moved arrived,(x=-37;y=33.95)
45.5,[debug],turtlebot2,move-base-info,Hooray, the base moved arrived,(x=-37;y=33.95)
45.5166666508,[debug],turtlebot2,task-update,navigation,way-point-reached,33.33333333333333%
53.5833332539,[debug],turtlebot1,simulation,robot-pose,x=-13.49;y=18.00;yaw=-1.48
53.5833332539,[debug],turtlebot1,simulation,robot-pose,x=-13.49;y=18.00;yaw=-1.48
54.3333332539,[debug],turtlebot2,simulation,robot-pose,x=-37.22;y=33.80;yaw=-0.83
54.3333332539,[debug],turtlebot2,simulation,robot-pose,x=-37.22;y=33.80;yaw=-0.83
54.3499999046,[debug],turtlebot3,simulation,robot-pose,x=-40.39;y=25.23;yaw=0.33
54.3499999046,[debug],turtlebot3,simulation,robot-pose,x=-40.39;y=25.23;yaw=0.33
54.3666665554,[debug],turtlebot4,simulation,robot-pose,x=-32.89;y=33.97;yaw=-3.10
54.3666665554,[debug],turtlebot4,simulation,robot-pose,x=-32.89;y=33.97;yaw=-3.10
54.3666665554,[debug],turtlebot5,simulation,robot-pose,x=-20.99;y=18.00;yaw=-1.54
54.3666665554,[debug],turtlebot5,simulation,robot-pose,x=-20.99;y=18.00;yaw=-1.54
56.9500000477,[info],turtlebot2,skill-life-cycle,navigation,(status=RUNNING, parameters=[[-37.0, 33.95, -1.5707963267948966, True], [-37.0, 21.5, 3.141592653589793, True], [-38.0, 21.5, 0.0, False]])
68.5833332539,[debug],turtlebot1,simulation,robot-pose,x=-13.49;y=18.00;yaw=-1.47
68.5833332539,[debug],turtlebot1,simulation,robot-pose,x=-13.49;y=18.00;yaw=-1.47
69.3333332539,[debug],turtlebot2,simulation,robot-pose,x=-36.96;y=31.66;yaw=-1.57
69.3333332539,[debug],turtlebot2,simulation,robot-pose,x=-36.96;y=31.66;yaw=-1.57
69.3499999046,[debug],turtlebot3,simulation,robot-pose,x=-40.39;y=25.23;yaw=0.33
69.3499999046,[debug],turtlebot3,simulation,robot-pose,x=-40.39;y=25.23;yaw=0.33
69.3666665554,[debug],turtlebot5,simulation,robot-pose,x=-20.99;y=18.00;yaw=-1.54
69.3666665554,[debug],turtlebot5,simulation,robot-pose,x=-20.99;y=18.00;yaw=-1.54
69.3666665554,[debug],turtlebot4,simulation,robot-pose,x=-32.89;y=33.97;yaw=-3.10
69.3666665554,[debug],turtlebot4,simulation,robot-pose,x=-32.89;y=33.97;yaw=-3.10
83.5833332539,[debug],turtlebot1,simulation,robot-pose,x=-13.49;y=17.99;yaw=-1.45
83.5833332539,[debug],turtlebot1,simulation,robot-pose,x=-13.49;y=17.99;yaw=-1.45
84.3333332539,[debug],turtlebot2,simulation,robot-pose,x=-36.93;y=29.19;yaw=-1.42
84.3333332539,[debug],turtlebot2,simulation,robot-pose,x=-36.93;y=29.19;yaw=-1.42
84.3499999046,[debug],turtlebot3,simulation,robot-pose,x=-40.39;y=25.23;yaw=0.33
84.3499999046,[debug],turtlebot3,simulation,robot-pose,x=-40.39;y=25.23;yaw=0.33
84.3666665554,[debug],turtlebot5,simulation,robot-pose,x=-20.99;y=18.00;yaw=-1.54
84.3666665554,[debug],turtlebot5,simulation,robot-pose,x=-20.99;y=18.00;yaw=-1.54
84.3666665554,[debug],turtlebot4,simulation,robot-pose,x=-32.90;y=33.97;yaw=-3.10
84.3666665554,[debug],turtlebot4,simulation,robot-pose,x=-32.90;y=33.97;yaw=-3.10
98.5833332539,[debug],turtlebot1,simulation,robot-pose,x=-13.49;y=17.99;yaw=-1.43
98.5833332539,[debug],turtlebot1,simulation,robot-pose,x=-13.49;y=17.99;yaw=-1.43
99.3333332539,[debug],turtlebot2,simulation,robot-pose,x=-37.05;y=26.59;yaw=-1.58
99.3499999046,[debug],turtlebot2,simulation,robot-pose,x=-37.05;y=26.59;yaw=-1.58
99.3499999046,[debug],turtlebot3,simulation,robot-pose,x=-40.39;y=25.23;yaw=0.33
99.3499999046,[debug],turtlebot3,simulation,robot-pose,x=-40.39;y=25.23;yaw=0.33
99.3666665554,[debug],turtlebot4,simulation,robot-pose,x=-32.90;y=33.97;yaw=-3.10
99.3666665554,[debug],turtlebot5,simulation,robot-pose,x=-20.99;y=18.00;yaw=-1.54
99.3666665554,[debug],turtlebot4,simulation,robot-pose,x=-32.90;y=33.97;yaw=-3.10
99.3666665554,[debug],turtlebot5,simulation,robot-pose,x=-20.99;y=18.00;yaw=-1.54
107.133333445,[info],turtlebot2,skill-life-cycle,navigation,(status=RUNNING, parameters=[[-37.0, 33.95, -1.5707963267948966, True], [-37.0, 21.5, 3.141592653589793, True], [-38.0, 21.5, 0.0, False]])
113.583333254,[debug],turtlebot1,simulation,robot-pose,x=-13.49;y=17.99;yaw=-1.42
113.583333254,[debug],turtlebot1,simulation,robot-pose,x=-13.49;y=17.99;yaw=-1.42
114.333333254,[debug],turtlebot2,simulation,robot-pose,x=-37.24;y=23.92;yaw=-1.63
114.333333254,[debug],turtlebot2,simulation,robot-pose,x=-37.24;y=23.92;yaw=-1.63
114.349999905,[debug],turtlebot3,simulation,robot-pose,x=-40.39;y=25.23;yaw=0.33
114.349999905,[debug],turtlebot3,simulation,robot-pose,x=-40.39;y=25.23;yaw=0.33
114.366666555,[debug],turtlebot5,simulation,robot-pose,x=-20.99;y=18.00;yaw=-1.54
114.383333445,[debug],turtlebot5,simulation,robot-pose,x=-20.99;y=18.00;yaw=-1.54
114.383333445,[debug],turtlebot4,simulation,robot-pose,x=-32.90;y=33.97;yaw=-3.09
114.383333445,[debug],turtlebot4,simulation,robot-pose,x=-32.90;y=33.97;yaw=-3.09
128.583333254,[debug],turtlebot1,simulation,robot-pose,x=-13.49;y=17.98;yaw=-1.40
128.583333254,[debug],turtlebot1,simulation,robot-pose,x=-13.49;y=17.98;yaw=-1.40
129.333333254,[debug],turtlebot2,simulation,robot-pose,x=-37.32;y=21.81;yaw=-2.45
129.333333254,[debug],turtlebot2,simulation,robot-pose,x=-37.32;y=21.81;yaw=-2.45
129.349999905,[debug],turtlebot3,simulation,robot-pose,x=-40.39;y=25.23;yaw=0.33
129.349999905,[debug],turtlebot3,simulation,robot-pose,x=-40.39;y=25.23;yaw=0.33
129.366666555,[debug],turtlebot4,simulation,robot-pose,x=-32.90;y=33.97;yaw=-3.09
129.366666555,[debug],turtlebot5,simulation,robot-pose,x=-21.00;y=18.00;yaw=-1.54
129.366666555,[debug],turtlebot4,simulation,robot-pose,x=-32.90;y=33.97;yaw=-3.09
129.366666555,[debug],turtlebot5,simulation,robot-pose,x=-21.00;y=18.00;yaw=-1.54
131.549999952,[debug],turtlebot2,move-base-info,Hooray, the base moved arrived,(x=-37;y=21.5)
131.549999952,[debug],turtlebot2,move-base-info,Hooray, the base moved arrived,(x=-37;y=21.5)
131.700000048,[debug],turtlebot2,task-update,navigation,way-point-reached,66.66666666666666%
143.583333254,[debug],turtlebot1,simulation,robot-pose,x=-13.49;y=17.98;yaw=-1.38
143.583333254,[debug],turtlebot1,simulation,robot-pose,x=-13.49;y=17.98;yaw=-1.38
144.333333254,[debug],turtlebot2,simulation,robot-pose,x=-37.65;y=21.75;yaw=-0.33
144.366666555,[debug],turtlebot3,simulation,robot-pose,x=-40.39;y=25.23;yaw=0.33
144.366666555,[debug],turtlebot2,simulation,robot-pose,x=-37.65;y=21.75;yaw=-0.33
144.366666555,[debug],turtlebot3,simulation,robot-pose,x=-40.39;y=25.23;yaw=0.33
144.366666555,[debug],turtlebot4,simulation,robot-pose,x=-32.90;y=33.97;yaw=-3.09
144.366666555,[debug],turtlebot4,simulation,robot-pose,x=-32.90;y=33.97;yaw=-3.09
144.383333445,[debug],turtlebot5,simulation,robot-pose,x=-21.00;y=18.00;yaw=-1.54
144.383333445,[debug],turtlebot5,simulation,robot-pose,x=-21.00;y=18.00;yaw=-1.54
145.666666746,[debug],turtlebot2,move-base-info,Hooray, the base moved arrived,(x=-38;y=21.5)
145.666666746,[debug],turtlebot2,move-base-info,Hooray, the base moved arrived,(x=-38;y=21.5)
145.833333254,[debug],turtlebot2,task-update,navigation,way-point-reached,100.0%
145.933333397,[debug],turtlebot2,available-skills,['send_message', 'wait_message', 'approach_person', 'approach_robot', 'authenticate_person', 'deposit', 'navigation', 'operate_drawer', 'pick_up'],
145.933333397,[info],turtlebot2,skill-life-cycle,approach_person,(status=STARTED, parameters=['nurse'])
145.983333349,[debug],turtlebot2,task-update,approach_person,localize-person,(who=nurse)
146.483333349,[debug],turtlebot2,task-update,approach_person,goto-person,(who=nurse)
146.583333254,[debug],turtlebot2,available-skills,['send_message', 'wait_message', 'approach_person', 'approach_robot', 'authenticate_person', 'deposit', 'navigation', 'operate_drawer', 'pick_up'],
146.583333254,[info],turtlebot2,skill-life-cycle,authenticate_person,(status=STARTED, parameters=['nurse'])
146.650000095,[debug],turtlebot2,task-update,authenticate_person,request-authentication,(to=nurse)
146.650000095,[info],nurse,sync,received-request,(status=sending-request)
146.650000095,[info],nurse,sync,received-request,(status=sending-request)
147.216666698,[debug],turtlebot2,task-update,authenticate_person,received-authentication,(from=nurse)
147.283333302,[debug],turtlebot2,available-skills,['send_message', 'wait_message', 'approach_person', 'approach_robot', 'authenticate_person', 'deposit', 'navigation', 'operate_drawer', 'pick_up'],
147.283333302,[info],turtlebot2,skill-life-cycle,operate_drawer,(status=STARTED, parameters=['open'])
147.366666555,[debug],turtlebot2,task-update,operate_drawer,open
148.349999905,[debug],turtlebot2,available-skills,['send_message', 'wait_message', 'approach_person', 'approach_robot', 'authenticate_person', 'deposit', 'navigation', 'operate_drawer', 'pick_up'],
148.349999905,[info],turtlebot2,skill-life-cycle,send_message,(status=STARTED, parameters=['nurse'])
148.383333445,[info],turtlebot2,sync,send-message,(to=nurse)
149.283333302,[info],nurse,sync,wait-message,(status=message-received)
149.316666603,[info],nurse,sync,wait-message,(status=message-received)
151.983333349,[debug],turtlebot2,available-skills,['send_message', 'wait_message', 'approach_person', 'approach_robot', 'authenticate_person', 'deposit', 'navigation', 'operate_drawer', 'pick_up'],
151.983333349,[info],turtlebot2,skill-life-cycle,wait_message,(status=STARTED, parameters=['r1'])
153.366666555,[info],turtlebot2,sync,wait-message,(status=message-received)
153.450000048,[debug],turtlebot2,available-skills,['send_message', 'wait_message', 'approach_person', 'approach_robot', 'authenticate_person', 'deposit', 'navigation', 'operate_drawer', 'pick_up'],
153.450000048,[info],turtlebot2,skill-life-cycle,operate_drawer,(status=STARTED, parameters=['close'])
153.5,[debug],turtlebot2,task-update,operate_drawer,close
154.483333349,[debug],turtlebot2,available-skills,['send_message', 'wait_message', 'approach_person', 'approach_robot', 'authenticate_person', 'deposit', 'navigation', 'operate_drawer', 'pick_up'],
154.483333349,[info],turtlebot2,skill-life-cycle,navigation,(status=STARTED, parameters=[[-37.0, 21.5, -1.5707963267948966, True], [-37.0, 16.0, 0.0, True], [-26.0, 16.0, -1.5707963267948966, True], [-26.0, 13.0, 1.57, False]])
158.583333254,[debug],turtlebot1,simulation,robot-pose,x=-13.48;y=17.98;yaw=-1.36
158.583333254,[debug],turtlebot1,simulation,robot-pose,x=-13.48;y=17.98;yaw=-1.36
159.283333302,[info],nurse,sync,wait-message,(status=message-received)
159.333333254,[debug],turtlebot2,simulation,robot-pose,x=-37.63;y=21.74;yaw=-0.04
159.349999905,[info],nurse,sync,wait-message,(status=message-received)
159.349999905,[debug],turtlebot3,simulation,robot-pose,x=-40.39;y=25.23;yaw=0.33
159.349999905,[debug],turtlebot2,simulation,robot-pose,x=-37.63;y=21.74;yaw=-0.04
159.349999905,[debug],turtlebot3,simulation,robot-pose,x=-40.39;y=25.23;yaw=0.33
159.366666555,[debug],turtlebot5,simulation,robot-pose,x=-21.00;y=18.00;yaw=-1.54
159.366666555,[debug],turtlebot4,simulation,robot-pose,x=-32.90;y=33.97;yaw=-3.09
159.366666555,[debug],turtlebot5,simulation,robot-pose,x=-21.00;y=18.00;yaw=-1.54
159.366666555,[debug],turtlebot4,simulation,robot-pose,x=-32.90;y=33.97;yaw=-3.09
159.983333349,[info],turtlebot2,skill-life-cycle,navigation,(status=RUNNING, parameters=[[-37.0, 21.5, -1.5707963267948966, True], [-37.0, 16.0, 0.0, True], [-26.0, 16.0, -1.5707963267948966, True], [-26.0, 13.0, 1.57, False]])
164.933333397,[debug],turtlebot2,move-base-info,Hooray, the base moved arrived,(x=-37;y=21.5)
164.933333397,[debug],turtlebot2,move-base-info,Hooray, the base moved arrived,(x=-37;y=21.5)
164.950000048,[debug],turtlebot2,task-update,navigation,way-point-reached,25.0%
166.666666746,[info],nurse,sync,request-sent,(status=waiting)
166.666666746,[info],nurse,sync,request-sent,(status=waiting)
169.283333302,[info],nurse,sync,wait-message,(status=message-received)
169.333333254,[info],nurse,sync,wait-message,(status=message-received)
173.583333254,[debug],turtlebot1,simulation,robot-pose,x=-13.48;y=17.97;yaw=-1.34
173.583333254,[debug],turtlebot1,simulation,robot-pose,x=-13.48;y=17.97;yaw=-1.34
174.333333254,[debug],turtlebot2,simulation,robot-pose,x=-37.21;y=21.19;yaw=-1.07
174.333333254,[debug],turtlebot2,simulation,robot-pose,x=-37.21;y=21.19;yaw=-1.07
174.349999905,[debug],turtlebot3,simulation,robot-pose,x=-40.39;y=25.23;yaw=0.33
174.366666555,[debug],turtlebot3,simulation,robot-pose,x=-40.39;y=25.23;yaw=0.33
174.366666555,[debug],turtlebot4,simulation,robot-pose,x=-32.90;y=33.97;yaw=-3.09
174.366666555,[debug],turtlebot5,simulation,robot-pose,x=-21.00;y=18.00;yaw=-1.54
174.366666555,[debug],turtlebot4,simulation,robot-pose,x=-32.90;y=33.97;yaw=-3.09
174.366666555,[debug],turtlebot5,simulation,robot-pose,x=-21.00;y=18.00;yaw=-1.54
179.283333302,[info],nurse,sync,wait-message,(status=message-received)
179.333333254,[info],nurse,sync,wait-message,(status=message-received)
188.583333254,[debug],turtlebot1,simulation,robot-pose,x=-13.48;y=17.97;yaw=-1.32
188.583333254,[debug],turtlebot1,simulation,robot-pose,x=-13.48;y=17.97;yaw=-1.32
189.333333254,[debug],turtlebot2,simulation,robot-pose,x=-37.05;y=18.90;yaw=-1.58
189.333333254,[debug],turtlebot2,simulation,robot-pose,x=-37.05;y=18.90;yaw=-1.58
189.349999905,[debug],turtlebot3,simulation,robot-pose,x=-40.39;y=25.23;yaw=0.33
189.349999905,[debug],turtlebot3,simulation,robot-pose,x=-40.39;y=25.23;yaw=0.33
189.366666555,[debug],turtlebot4,simulation,robot-pose,x=-32.90;y=33.97;yaw=-3.09
189.366666555,[debug],turtlebot4,simulation,robot-pose,x=-32.90;y=33.97;yaw=-3.09
189.366666555,[debug],turtlebot5,simulation,robot-pose,x=-21.00;y=18.00;yaw=-1.54
189.366666555,[debug],turtlebot5,simulation,robot-pose,x=-21.00;y=18.00;yaw=-1.54
203.583333254,[debug],turtlebot1,simulation,robot-pose,x=-13.47;y=17.97;yaw=-1.30
203.583333254,[debug],turtlebot1,simulation,robot-pose,x=-13.47;y=17.97;yaw=-1.30
204.333333254,[debug],turtlebot2,simulation,robot-pose,x=-37.28;y=16.44;yaw=-1.95
204.349999905,[debug],turtlebot3,simulation,robot-pose,x=-40.39;y=25.23;yaw=0.33
204.349999905,[debug],turtlebot2,simulation,robot-pose,x=-37.28;y=16.44;yaw=-1.95
204.349999905,[debug],turtlebot3,simulation,robot-pose,x=-40.39;y=25.23;yaw=0.33
204.366666555,[debug],turtlebot5,simulation,robot-pose,x=-21.01;y=18.00;yaw=-1.54
204.366666555,[debug],turtlebot5,simulation,robot-pose,x=-21.01;y=18.00;yaw=-1.54
204.366666555,[debug],turtlebot4,simulation,robot-pose,x=-32.91;y=33.97;yaw=-3.09
204.366666555,[debug],turtlebot4,simulation,robot-pose,x=-32.91;y=33.97;yaw=-3.09
209.799999952,[debug],turtlebot2,move-base-info,Hooray, the base moved arrived,(x=-37;y=16)
209.799999952,[debug],turtlebot2,move-base-info,Hooray, the base moved arrived,(x=-37;y=16)
209.883333445,[info],turtlebot2,skill-life-cycle,navigation,(status=RUNNING, parameters=[[-37.0, 21.5, -1.5707963267948966, True], [-37.0, 16.0, 0.0, True], [-26.0, 16.0, -1.5707963267948966, True], [-26.0, 13.0, 1.57, False]])
209.966666698,[debug],turtlebot2,task-update,navigation,way-point-reached,50.0%
218.583333254,[debug],turtlebot1,simulation,robot-pose,x=-13.47;y=17.96;yaw=-1.27
218.583333254,[debug],turtlebot1,simulation,robot-pose,x=-13.47;y=17.96;yaw=-1.27
219.333333254,[debug],turtlebot2,simulation,robot-pose,x=-36.96;y=16.18;yaw=-0.66
219.333333254,[debug],turtlebot2,simulation,robot-pose,x=-36.96;y=16.18;yaw=-0.66
219.349999905,[debug],turtlebot3,simulation,robot-pose,x=-40.39;y=25.23;yaw=0.33
219.349999905,[debug],turtlebot3,simulation,robot-pose,x=-40.39;y=25.23;yaw=0.33
219.366666555,[debug],turtlebot4,simulation,robot-pose,x=-32.91;y=33.97;yaw=-3.08
219.366666555,[debug],turtlebot4,simulation,robot-pose,x=-32.91;y=33.97;yaw=-3.08
219.366666555,[debug],turtlebot5,simulation,robot-pose,x=-21.01;y=18.00;yaw=-1.54
219.366666555,[debug],turtlebot5,simulation,robot-pose,x=-21.01;y=18.00;yaw=-1.54
233.583333254,[debug],turtlebot1,simulation,robot-pose,x=-13.47;y=17.96;yaw=-1.25
233.583333254,[debug],turtlebot1,simulation,robot-pose,x=-13.47;y=17.96;yaw=-1.25
234.333333254,[debug],turtlebot2,simulation,robot-pose,x=-35.84;y=15.38;yaw=-0.21
234.349999905,[debug],turtlebot3,simulation,robot-pose,x=-40.39;y=25.23;yaw=0.33
234.349999905,[debug],turtlebot2,simulation,robot-pose,x=-35.84;y=15.38;yaw=-0.21
234.349999905,[debug],turtlebot3,simulation,robot-pose,x=-40.39;y=25.23;yaw=0.33
234.366666555,[debug],turtlebot4,simulation,robot-pose,x=-32.91;y=33.97;yaw=-3.07
234.366666555,[debug],turtlebot5,simulation,robot-pose,x=-21.01;y=18.00;yaw=-1.54
234.366666555,[debug],turtlebot4,simulation,robot-pose,x=-32.91;y=33.97;yaw=-3.07
234.366666555,[debug],turtlebot5,simulation,robot-pose,x=-21.01;y=18.00;yaw=-1.54
248.583333254,[debug],turtlebot1,simulation,robot-pose,x=-13.47;y=17.96;yaw=-1.23
248.583333254,[debug],turtlebot1,simulation,robot-pose,x=-13.47;y=17.96;yaw=-1.23
249.333333254,[debug],turtlebot2,simulation,robot-pose,x=-34.59;y=15.29;yaw=0.01
249.349999905,[debug],turtlebot3,simulation,robot-pose,x=-40.39;y=25.23;yaw=0.33
249.349999905,[debug],turtlebot2,simulation,robot-pose,x=-34.59;y=15.29;yaw=0.01
249.349999905,[debug],turtlebot3,simulation,robot-pose,x=-40.39;y=25.23;yaw=0.33
249.366666555,[debug],turtlebot4,simulation,robot-pose,x=-32.91;y=33.97;yaw=-3.06
249.366666555,[debug],turtlebot5,simulation,robot-pose,x=-21.02;y=18.00;yaw=-1.54
249.366666555,[debug],turtlebot4,simulation,robot-pose,x=-32.91;y=33.97;yaw=-3.06
249.366666555,[debug],turtlebot5,simulation,robot-pose,x=-21.02;y=18.00;yaw=-1.54
259.983333349,[info],turtlebot2,skill-life-cycle,navigation,(status=RUNNING, parameters=[[-37.0, 21.5, -1.5707963267948966, True], [-37.0, 16.0, 0.0, True], [-26.0, 16.0, -1.5707963267948966, True], [-26.0, 13.0, 1.57, False]])
263.583333254,[debug],turtlebot1,simulation,robot-pose,x=-13.46;y=17.95;yaw=-1.21
263.583333254,[debug],turtlebot1,simulation,robot-pose,x=-13.46;y=17.95;yaw=-1.21
264.333333254,[debug],turtlebot2,simulation,robot-pose,x=-33.34;y=15.31;yaw=0.03
264.333333254,[debug],turtlebot2,simulation,robot-pose,x=-33.34;y=15.31;yaw=0.03
264.349999905,[debug],turtlebot3,simulation,robot-pose,x=-40.39;y=25.23;yaw=0.33
264.349999905,[debug],turtlebot3,simulation,robot-pose,x=-40.39;y=25.23;yaw=0.33
264.366666555,[debug],turtlebot4,simulation,robot-pose,x=-32.91;y=33.97;yaw=-3.06
264.366666555,[debug],turtlebot4,simulation,robot-pose,x=-32.91;y=33.97;yaw=-3.06
264.366666555,[debug],turtlebot5,simulation,robot-pose,x=-21.02;y=18.00;yaw=-1.54
264.366666555,[debug],turtlebot5,simulation,robot-pose,x=-21.02;y=18.00;yaw=-1.54
278.583333254,[debug],turtlebot1,simulation,robot-pose,x=-13.46;y=17.95;yaw=-1.20
278.583333254,[debug],turtlebot1,simulation,robot-pose,x=-13.46;y=17.95;yaw=-1.20
279.333333254,[debug],turtlebot2,simulation,robot-pose,x=-32.09;y=15.31;yaw=0.00
279.349999905,[debug],turtlebot3,simulation,robot-pose,x=-40.39;y=25.23;yaw=0.33
279.349999905,[debug],turtlebot2,simulation,robot-pose,x=-32.09;y=15.31;yaw=0.00
279.349999905,[debug],turtlebot3,simulation,robot-pose,x=-40.39;y=25.23;yaw=0.33
279.366666555,[debug],turtlebot5,simulation,robot-pose,x=-21.03;y=18.00;yaw=-1.54
279.366666555,[debug],turtlebot5,simulation,robot-pose,x=-21.03;y=18.00;yaw=-1.54
279.366666555,[debug],turtlebot4,simulation,robot-pose,x=-32.92;y=33.98;yaw=-3.05
279.366666555,[debug],turtlebot4,simulation,robot-pose,x=-32.92;y=33.98;yaw=-3.05
293.583333254,[debug],turtlebot1,simulation,robot-pose,x=-13.45;y=17.95;yaw=-1.18
293.583333254,[debug],turtlebot1,simulation,robot-pose,x=-13.45;y=17.95;yaw=-1.18
294.333333254,[debug],turtlebot2,simulation,robot-pose,x=-30.84;y=15.28;yaw=-0.01
294.333333254,[debug],turtlebot2,simulation,robot-pose,x=-30.84;y=15.28;yaw=-0.01
294.349999905,[debug],turtlebot3,simulation,robot-pose,x=-40.39;y=25.23;yaw=0.33
294.349999905,[debug],turtlebot3,simulation,robot-pose,x=-40.39;y=25.23;yaw=0.33
294.366666555,[debug],turtlebot5,simulation,robot-pose,x=-21.03;y=18.00;yaw=-1.54
294.366666555,[debug],turtlebot4,simulation,robot-pose,x=-32.92;y=33.98;yaw=-3.05
294.366666555,[debug],turtlebot5,simulation,robot-pose,x=-21.03;y=18.00;yaw=-1.54
294.383333445,[debug],turtlebot4,simulation,robot-pose,x=-32.92;y=33.98;yaw=-3.05
308.583333254,[debug],turtlebot1,simulation,robot-pose,x=-13.45;y=17.94;yaw=-1.16
308.583333254,[debug],turtlebot1,simulation,robot-pose,x=-13.45;y=17.94;yaw=-1.16
309.333333254,[debug],turtlebot2,simulation,robot-pose,x=-29.59;y=15.28;yaw=0.02
309.333333254,[debug],turtlebot2,simulation,robot-pose,x=-29.59;y=15.28;yaw=0.02
309.349999905,[debug],turtlebot3,simulation,robot-pose,x=-40.39;y=25.23;yaw=0.33
309.349999905,[debug],turtlebot3,simulation,robot-pose,x=-40.39;y=25.23;yaw=0.33
309.366666555,[debug],turtlebot4,simulation,robot-pose,x=-32.92;y=33.98;yaw=-3.06
309.366666555,[debug],turtlebot5,simulation,robot-pose,x=-21.03;y=18.00;yaw=-1.54
309.366666555,[debug],turtlebot4,simulation,robot-pose,x=-32.92;y=33.98;yaw=-3.06
309.366666555,[debug],turtlebot5,simulation,robot-pose,x=-21.03;y=18.00;yaw=-1.54
309.533333302,[info],turtlebot2,skill-life-cycle,navigation,(status=RUNNING, parameters=[[-37.0, 21.5, -1.5707963267948966, True], [-37.0, 16.0, 0.0, True], [-26.0, 16.0, -1.5707963267948966, True], [-26.0, 13.0, 1.57, False]])
323.583333254,[debug],turtlebot1,simulation,robot-pose,x=-13.45;y=17.94;yaw=-1.14
323.583333254,[debug],turtlebot1,simulation,robot-pose,x=-13.45;y=17.94;yaw=-1.14
324.333333254,[debug],turtlebot2,simulation,robot-pose,x=-28.34;y=15.39;yaw=0.23
324.333333254,[debug],turtlebot2,simulation,robot-pose,x=-28.34;y=15.39;yaw=0.23
324.366666555,[debug],turtlebot3,simulation,robot-pose,x=-40.39;y=25.23;yaw=0.33
324.366666555,[debug],turtlebot3,simulation,robot-pose,x=-40.39;y=25.23;yaw=0.33
324.366666555,[debug],turtlebot5,simulation,robot-pose,x=-21.03;y=18.00;yaw=-1.54
324.366666555,[debug],turtlebot4,simulation,robot-pose,x=-32.92;y=33.98;yaw=-3.06
324.366666555,[debug],turtlebot5,simulation,robot-pose,x=-21.03;y=18.00;yaw=-1.54
324.366666555,[debug],turtlebot4,simulation,robot-pose,x=-32.92;y=33.98;yaw=-3.06
338.583333254,[debug],turtlebot1,simulation,robot-pose,x=-13.44;y=17.94;yaw=-1.13
338.583333254,[debug],turtlebot1,simulation,robot-pose,x=-13.44;y=17.94;yaw=-1.13
339.333333254,[debug],turtlebot2,simulation,robot-pose,x=-27.11;y=15.69;yaw=0.25
339.333333254,[debug],turtlebot2,simulation,robot-pose,x=-27.11;y=15.69;yaw=0.25
339.349999905,[debug],turtlebot3,simulation,robot-pose,x=-40.39;y=25.23;yaw=0.33
339.349999905,[debug],turtlebot3,simulation,robot-pose,x=-40.39;y=25.23;yaw=0.33
339.366666555,[debug],turtlebot5,simulation,robot-pose,x=-21.03;y=18.00;yaw=-1.54
339.366666555,[debug],turtlebot5,simulation,robot-pose,x=-21.03;y=18.00;yaw=-1.54
339.366666555,[debug],turtlebot4,simulation,robot-pose,x=-32.93;y=33.98;yaw=-3.06
339.366666555,[debug],turtlebot4,simulation,robot-pose,x=-32.93;y=33.98;yaw=-3.06
351.916666746,[debug],turtlebot2,move-base-info,Hooray, the base moved arrived,(x=-26;y=16)
351.916666746,[debug],turtlebot2,move-base-info,Hooray, the base moved arrived,(x=-26;y=16)
352.016666651,[debug],turtlebot2,task-update,navigation,way-point-reached,75.0%
353.583333254,[debug],turtlebot1,simulation,robot-pose,x=-13.44;y=17.94;yaw=-1.12
353.583333254,[debug],turtlebot1,simulation,robot-pose,x=-13.44;y=17.94;yaw=-1.12
354.333333254,[debug],turtlebot2,simulation,robot-pose,x=-26.43;y=15.90;yaw=-1.52
354.349999905,[debug],turtlebot2,simulation,robot-pose,x=-26.43;y=15.90;yaw=-1.52
354.366666555,[debug],turtlebot3,simulation,robot-pose,x=-40.39;y=25.23;yaw=0.33
354.366666555,[debug],turtlebot3,simulation,robot-pose,x=-40.39;y=25.23;yaw=0.33
354.366666555,[debug],turtlebot5,simulation,robot-pose,x=-21.03;y=18.00;yaw=-1.54
354.366666555,[debug],turtlebot5,simulation,robot-pose,x=-21.03;y=18.00;yaw=-1.54
354.366666555,[debug],turtlebot4,simulation,robot-pose,x=-32.93;y=33.98;yaw=-3.06
354.366666555,[debug],turtlebot4,simulation,robot-pose,x=-32.93;y=33.98;yaw=-3.06
359.433333397,[info],turtlebot2,skill-life-cycle,navigation,(status=RUNNING, parameters=[[-37.0, 21.5, -1.5707963267948966, True], [-37.0, 16.0, 0.0, True], [-26.0, 16.0, -1.5707963267948966, True], [-26.0, 13.0, 1.57, False]])
368.583333254,[debug],turtlebot1,simulation,robot-pose,x=-13.44;y=17.94;yaw=-1.12
368.583333254,[debug],turtlebot1,simulation,robot-pose,x=-13.44;y=17.94;yaw=-1.12
369.333333254,[debug],turtlebot2,simulation,robot-pose,x=-26.15;y=14.40;yaw=-1.34
369.349999905,[debug],turtlebot3,simulation,robot-pose,x=-40.39;y=25.23;yaw=0.33
369.366666555,[debug],turtlebot4,simulation,robot-pose,x=-32.93;y=33.98;yaw=-3.06
369.366666555,[debug],turtlebot5,simulation,robot-pose,x=-21.03;y=18.00;yaw=-1.54
369.366666555,[debug],turtlebot2,simulation,robot-pose,x=-26.15;y=14.40;yaw=-1.34
369.366666555,[debug],turtlebot3,simulation,robot-pose,x=-40.39;y=25.23;yaw=0.33
369.366666555,[debug],turtlebot4,simulation,robot-pose,x=-32.93;y=33.98;yaw=-3.06
369.366666555,[debug],turtlebot5,simulation,robot-pose,x=-21.03;y=18.00;yaw=-1.54
383.583333254,[debug],turtlebot1,simulation,robot-pose,x=-13.44;y=17.93;yaw=-1.11
383.583333254,[debug],turtlebot1,simulation,robot-pose,x=-13.44;y=17.93;yaw=-1.11
384.333333254,[debug],turtlebot2,simulation,robot-pose,x=-25.92;y=13.39;yaw=1.93
384.333333254,[debug],turtlebot2,simulation,robot-pose,x=-25.92;y=13.39;yaw=1.93
384.349999905,[debug],turtlebot3,simulation,robot-pose,x=-40.39;y=25.23;yaw=0.33
384.349999905,[debug],turtlebot3,simulation,robot-pose,x=-40.39;y=25.23;yaw=0.33
384.366666555,[debug],turtlebot4,simulation,robot-pose,x=-32.93;y=33.98;yaw=-3.06
384.366666555,[debug],turtlebot5,simulation,robot-pose,x=-21.03;y=18.00;yaw=-1.54
384.366666555,[debug],turtlebot4,simulation,robot-pose,x=-32.93;y=33.98;yaw=-3.06
384.366666555,[debug],turtlebot5,simulation,robot-pose,x=-21.03;y=18.00;yaw=-1.54
385.75,[debug],turtlebot2,move-base-info,Hooray, the base moved arrived,(x=-26;y=13)
385.75,[debug],turtlebot2,move-base-info,Hooray, the base moved arrived,(x=-26;y=13)
385.983333349,[debug],turtlebot2,task-update,navigation,way-point-reached,100.0%
386.083333254,[debug],turtlebot2,available-skills,['send_message', 'wait_message', 'approach_person', 'approach_robot', 'authenticate_person', 'deposit', 'navigation', 'operate_drawer', 'pick_up'],
386.083333254,[info],turtlebot2,skill-life-cycle,approach_robot,(status=STARTED, parameters=['lab_arm'])
386.183333397,[debug],turtlebot2,task-update,approach_robot,localize-robot,(who=lab_arm)
386.266666651,[debug],turtlebot2,task-update,approach_robot,goto-robot,(who=lab_arm)
386.349999905,[debug],turtlebot2,available-skills,['send_message', 'wait_message', 'approach_person', 'approach_robot', 'authenticate_person', 'deposit', 'navigation', 'operate_drawer', 'pick_up'],
386.349999905,[info],turtlebot2,skill-life-cycle,operate_drawer,(status=STARTED, parameters=['open'])
386.400000095,[debug],turtlebot2,task-update,operate_drawer,open
387.383333445,[debug],turtlebot2,available-skills,['send_message', 'wait_message', 'approach_person', 'approach_robot', 'authenticate_person', 'deposit', 'navigation', 'operate_drawer', 'pick_up'],
387.383333445,[info],turtlebot2,skill-life-cycle,send_message,(status=STARTED, parameters=['lab_arm'])
388.116666555,[info],turtlebot2,sync,send-message,(to=lab_arm)
389.0,[info],lab_arm,sync,wait-message,(status=message-received)
389.0,[info],lab_arm,sync,wait-message,(status=message-received)
389.0,[info],Inventory,sync,wait-sample,(status=sample-received)
389.0,[info],Inventory,sync,wait-sample,(status=sample-received)
389.0,ENDSIM
389.0,ENDSIM
398.583333254,[debug],turtlebot1,simulation,robot-pose,x=-13.43;y=17.93;yaw=-1.10
398.583333254,[debug],turtlebot1,simulation,robot-pose,x=-13.43;y=17.93;yaw=-1.10
399.0,[info],Inventory,sync,wait-sample,(status=sample-received)
399.0,ENDSIM
399.0,[info],Inventory,sync,wait-sample,(status=sample-received)
399.0,ENDSIM
399.0,[info],lab_arm,sync,wait-message,(status=message-received)
399.0,[info],lab_arm,sync,wait-message,(status=message-received)
399.0,[info],Inventory,sync,wait-sample,(status=sample-received)
399.0,[info],Inventory,sync,wait-sample,(status=sample-received)
399.0,ENDSIM
399.0,ENDSIM
399.333333254,[debug],turtlebot2,simulation,robot-pose,x=-25.93;y=13.38;yaw=1.63
399.333333254,[debug],turtlebot2,simulation,robot-pose,x=-25.93;y=13.38;yaw=1.63
399.349999905,[debug],turtlebot3,simulation,robot-pose,x=-40.39;y=25.23;yaw=0.33
399.349999905,[debug],turtlebot3,simulation,robot-pose,x=-40.39;y=25.23;yaw=0.33
399.366666555,[debug],turtlebot5,simulation,robot-pose,x=-21.03;y=18.00;yaw=-1.54
399.366666555,[debug],turtlebot4,simulation,robot-pose,x=-32.93;y=33.98;yaw=-3.06
399.366666555,[debug],turtlebot5,simulation,robot-pose,x=-21.03;y=18.00;yaw=-1.54
399.366666555,[debug],turtlebot4,simulation,robot-pose,x=-32.93;y=33.98;yaw=-3.06
0.0,[debug],simulation closed,reach-target,execution-wall-clock=488.5256268978119
