1.28333330154,[debug],turtlebot3,move-base-info,Move_base is up and ok....,
2.70000004768,[debug],turtlebot2,move-base-info,Move_base is up and ok....,
4.79999995232,[debug],turtlebot1,move-base-info,Move_base is up and ok....,
11.4833333492,[info],turtlebot2,skill-life-cycle,init_robobt,(status=RUNNING, parameters=[])
11.5333333015,[info],turtlebot1,skill-life-cycle,init_robobt,(status=RUNNING, parameters=[])
12.0333333015,[info],turtlebot3,skill-life-cycle,init_robobt,(status=RUNNING, parameters=[])
16.1666667461,[debug],turtlebot1,available-skills,['send_message', 'wait_message', 'approach_person', 'approach_robot', 'authenticate_person', 'deposit', 'navigation', 'pick_up'],
16.1666667461,[info],turtlebot1,skill-life-cycle,navigation,(status=STARTED, parameters=[[-11.5, 16.0, 3.141592653589793, True], [-37.0, 16.0, 1.5707963267948966, True], [-37.0, 18.93, 0.0, True], [-33.9, 18.93, 3.14, False]])
24.2666666508,[debug],turtlebot1,simulation,robot-pose,x=-11.50;y=17.63;yaw=-2.19
24.2666666508,[debug],turtlebot1,simulation,robot-pose,x=-11.50;y=17.63;yaw=-2.19
24.5166666508,[debug],turtlebot2,simulation,robot-pose,x=-28.68;y=17.88;yaw=-0.79
24.5166666508,[debug],turtlebot2,simulation,robot-pose,x=-28.68;y=17.88;yaw=-0.79
24.5333333015,[debug],turtlebot3,simulation,robot-pose,x=-27.23;y=18.02;yaw=-1.59
24.5333333015,[debug],turtlebot3,simulation,robot-pose,x=-27.23;y=18.02;yaw=-1.59
24.5333333015,[debug],turtlebot5,simulation,robot-pose,x=-32.89;y=33.97;yaw=-3.10
24.5333333015,[debug],turtlebot5,simulation,robot-pose,x=-32.89;y=33.97;yaw=-3.10
24.5333333015,[debug],turtlebot4,simulation,robot-pose,x=-40.39;y=25.23;yaw=0.34
24.5333333015,[debug],turtlebot4,simulation,robot-pose,x=-40.39;y=25.23;yaw=0.34
39.2666666508,[debug],turtlebot1,simulation,robot-pose,x=-11.80;y=16.44;yaw=-0.93
39.2666666508,[debug],turtlebot1,simulation,robot-pose,x=-11.80;y=16.44;yaw=-0.93
39.5166666508,[debug],turtlebot2,simulation,robot-pose,x=-28.68;y=17.88;yaw=-0.80
39.5166666508,[debug],turtlebot2,simulation,robot-pose,x=-28.68;y=17.88;yaw=-0.80
39.5333333015,[debug],turtlebot3,simulation,robot-pose,x=-27.22;y=18.03;yaw=-1.59
39.5333333015,[debug],turtlebot3,simulation,robot-pose,x=-27.22;y=18.03;yaw=-1.59
39.5333333015,[debug],turtlebot4,simulation,robot-pose,x=-40.39;y=25.23;yaw=0.33
39.5333333015,[debug],turtlebot4,simulation,robot-pose,x=-40.39;y=25.23;yaw=0.33
39.5333333015,[debug],turtlebot5,simulation,robot-pose,x=-32.89;y=33.97;yaw=-3.10
39.5333333015,[debug],turtlebot5,simulation,robot-pose,x=-32.89;y=33.97;yaw=-3.10
45.8666665554,[debug],turtlebot1,move-base-info,Hooray, the base moved arrived,(x=-11.5;y=16)
45.8666665554,[debug],turtlebot1,move-base-info,Hooray, the base moved arrived,(x=-11.5;y=16)
45.8833334446,[debug],turtlebot1,task-update,navigation,way-point-reached,25.0%
54.2666666508,[debug],turtlebot1,simulation,robot-pose,x=-12.28;y=16.34;yaw=-3.05
54.2833333015,[debug],turtlebot1,simulation,robot-pose,x=-12.28;y=16.34;yaw=-3.05
54.5166666508,[debug],turtlebot2,simulation,robot-pose,x=-28.69;y=17.88;yaw=-0.80
54.5166666508,[debug],turtlebot2,simulation,robot-pose,x=-28.69;y=17.88;yaw=-0.80
54.5333333015,[debug],turtlebot3,simulation,robot-pose,x=-27.22;y=18.03;yaw=-1.58
54.5333333015,[debug],turtlebot3,simulation,robot-pose,x=-27.22;y=18.03;yaw=-1.58
54.5333333015,[debug],turtlebot5,simulation,robot-pose,x=-32.89;y=33.97;yaw=-3.10
54.5333333015,[debug],turtlebot5,simulation,robot-pose,x=-32.89;y=33.97;yaw=-3.10
54.5333333015,[debug],turtlebot4,simulation,robot-pose,x=-40.39;y=25.23;yaw=0.33
54.5333333015,[debug],turtlebot4,simulation,robot-pose,x=-40.39;y=25.23;yaw=0.33
62.3499999046,[info],turtlebot1,skill-life-cycle,navigation,(status=RUNNING, parameters=[[-11.5, 16.0, 3.141592653589793, True], [-37.0, 16.0, 1.5707963267948966, True], [-37.0, 18.93, 0.0, True], [-33.9, 18.93, 3.14, False]])
69.2666666508,[debug],turtlebot1,simulation,robot-pose,x=-14.48;y=16.07;yaw=-2.80
69.2666666508,[debug],turtlebot1,simulation,robot-pose,x=-14.48;y=16.07;yaw=-2.80
69.5166666508,[debug],turtlebot2,simulation,robot-pose,x=-28.69;y=17.87;yaw=-0.79
69.5166666508,[debug],turtlebot2,simulation,robot-pose,x=-28.69;y=17.87;yaw=-0.79
69.5333333015,[debug],turtlebot5,simulation,robot-pose,x=-32.89;y=33.97;yaw=-3.10
69.5333333015,[debug],turtlebot5,simulation,robot-pose,x=-32.89;y=33.97;yaw=-3.10
69.5333333015,[debug],turtlebot3,simulation,robot-pose,x=-27.22;y=18.03;yaw=-1.58
69.5333333015,[debug],turtlebot3,simulation,robot-pose,x=-27.22;y=18.03;yaw=-1.58
69.5333333015,[debug],turtlebot4,simulation,robot-pose,x=-40.39;y=25.23;yaw=0.33
69.5333333015,[debug],turtlebot4,simulation,robot-pose,x=-40.39;y=25.23;yaw=0.33
84.2666666508,[debug],turtlebot1,simulation,robot-pose,x=-16.79;y=15.94;yaw=2.80
84.2666666508,[debug],turtlebot1,simulation,robot-pose,x=-16.79;y=15.94;yaw=2.80
84.5166666508,[debug],turtlebot2,simulation,robot-pose,x=-28.69;y=17.87;yaw=-0.78
84.5166666508,[debug],turtlebot2,simulation,robot-pose,x=-28.69;y=17.87;yaw=-0.78
84.5333333015,[debug],turtlebot5,simulation,robot-pose,x=-32.90;y=33.97;yaw=-3.10
84.5333333015,[debug],turtlebot5,simulation,robot-pose,x=-32.90;y=33.97;yaw=-3.10
84.5333333015,[debug],turtlebot3,simulation,robot-pose,x=-27.22;y=18.03;yaw=-1.58
84.5333333015,[debug],turtlebot3,simulation,robot-pose,x=-27.22;y=18.03;yaw=-1.58
84.5333333015,[debug],turtlebot4,simulation,robot-pose,x=-40.39;y=25.23;yaw=0.33
84.5333333015,[debug],turtlebot4,simulation,robot-pose,x=-40.39;y=25.23;yaw=0.33
99.2666666508,[debug],turtlebot1,simulation,robot-pose,x=-19.42;y=16.11;yaw=3.07
99.2666666508,[debug],turtlebot1,simulation,robot-pose,x=-19.42;y=16.11;yaw=3.07
99.5166666508,[debug],turtlebot2,simulation,robot-pose,x=-28.69;y=17.88;yaw=-0.79
99.5166666508,[debug],turtlebot2,simulation,robot-pose,x=-28.69;y=17.88;yaw=-0.79
99.5333333015,[debug],turtlebot5,simulation,robot-pose,x=-32.90;y=33.97;yaw=-3.10
99.5333333015,[debug],turtlebot4,simulation,robot-pose,x=-40.39;y=25.23;yaw=0.33
99.5333333015,[debug],turtlebot5,simulation,robot-pose,x=-32.90;y=33.97;yaw=-3.10
99.5333333015,[debug],turtlebot3,simulation,robot-pose,x=-27.22;y=18.03;yaw=-1.58
99.5333333015,[debug],turtlebot4,simulation,robot-pose,x=-40.39;y=25.23;yaw=0.33
99.5333333015,[debug],turtlebot3,simulation,robot-pose,x=-27.22;y=18.03;yaw=-1.58
112.283333302,[info],turtlebot1,skill-life-cycle,navigation,(status=RUNNING, parameters=[[-11.5, 16.0, 3.141592653589793, True], [-37.0, 16.0, 1.5707963267948966, True], [-37.0, 18.93, 0.0, True], [-33.9, 18.93, 3.14, False]])
114.266666651,[debug],turtlebot1,simulation,robot-pose,x=-21.94;y=16.13;yaw=3.14
114.266666651,[debug],turtlebot1,simulation,robot-pose,x=-21.94;y=16.13;yaw=3.14
114.516666651,[debug],turtlebot2,simulation,robot-pose,x=-28.69;y=17.88;yaw=-0.79
114.516666651,[debug],turtlebot2,simulation,robot-pose,x=-28.69;y=17.88;yaw=-0.79
114.533333302,[debug],turtlebot4,simulation,robot-pose,x=-40.39;y=25.23;yaw=0.33
114.533333302,[debug],turtlebot4,simulation,robot-pose,x=-40.39;y=25.23;yaw=0.33
114.533333302,[debug],turtlebot3,simulation,robot-pose,x=-27.22;y=18.03;yaw=-1.58
114.533333302,[debug],turtlebot3,simulation,robot-pose,x=-27.22;y=18.03;yaw=-1.58
114.533333302,[debug],turtlebot5,simulation,robot-pose,x=-32.90;y=33.97;yaw=-3.09
114.533333302,[debug],turtlebot5,simulation,robot-pose,x=-32.90;y=33.97;yaw=-3.09
129.266666651,[debug],turtlebot1,simulation,robot-pose,x=-24.44;y=16.14;yaw=-3.14
129.266666651,[debug],turtlebot1,simulation,robot-pose,x=-24.44;y=16.14;yaw=-3.14
129.516666651,[debug],turtlebot2,simulation,robot-pose,x=-28.69;y=17.88;yaw=-0.79
129.516666651,[debug],turtlebot2,simulation,robot-pose,x=-28.69;y=17.88;yaw=-0.79
129.533333302,[debug],turtlebot3,simulation,robot-pose,x=-27.22;y=18.03;yaw=-1.58
129.533333302,[debug],turtlebot5,simulation,robot-pose,x=-32.90;y=33.97;yaw=-3.09
129.533333302,[debug],turtlebot3,simulation,robot-pose,x=-27.22;y=18.03;yaw=-1.58
129.533333302,[debug],turtlebot4,simulation,robot-pose,x=-40.39;y=25.23;yaw=0.33
129.533333302,[debug],turtlebot5,simulation,robot-pose,x=-32.90;y=33.97;yaw=-3.09
129.533333302,[debug],turtlebot4,simulation,robot-pose,x=-40.39;y=25.23;yaw=0.33
144.266666651,[debug],turtlebot1,simulation,robot-pose,x=-26.94;y=16.14;yaw=-3.14
144.266666651,[debug],turtlebot1,simulation,robot-pose,x=-26.94;y=16.14;yaw=-3.14
144.516666651,[debug],turtlebot2,simulation,robot-pose,x=-28.69;y=17.88;yaw=-0.80
144.516666651,[debug],turtlebot2,simulation,robot-pose,x=-28.69;y=17.88;yaw=-0.80
144.533333302,[debug],turtlebot4,simulation,robot-pose,x=-40.39;y=25.23;yaw=0.33
144.533333302,[debug],turtlebot4,simulation,robot-pose,x=-40.39;y=25.23;yaw=0.33
144.533333302,[debug],turtlebot3,simulation,robot-pose,x=-27.22;y=18.03;yaw=-1.58
144.533333302,[debug],turtlebot3,simulation,robot-pose,x=-27.22;y=18.03;yaw=-1.58
144.533333302,[debug],turtlebot5,simulation,robot-pose,x=-32.90;y=33.97;yaw=-3.09
144.533333302,[debug],turtlebot5,simulation,robot-pose,x=-32.90;y=33.97;yaw=-3.09
159.266666651,[debug],turtlebot1,simulation,robot-pose,x=-29.44;y=16.13;yaw=-3.14
159.266666651,[debug],turtlebot1,simulation,robot-pose,x=-29.44;y=16.13;yaw=-3.14
159.516666651,[debug],turtlebot2,simulation,robot-pose,x=-28.69;y=17.88;yaw=-0.80
159.516666651,[debug],turtlebot2,simulation,robot-pose,x=-28.69;y=17.88;yaw=-0.80
159.533333302,[debug],turtlebot5,simulation,robot-pose,x=-32.90;y=33.97;yaw=-3.09
159.533333302,[debug],turtlebot4,simulation,robot-pose,x=-40.39;y=25.23;yaw=0.33
159.533333302,[debug],turtlebot5,simulation,robot-pose,x=-32.90;y=33.97;yaw=-3.09
159.533333302,[debug],turtlebot3,simulation,robot-pose,x=-27.22;y=18.03;yaw=-1.57
159.533333302,[debug],turtlebot4,simulation,robot-pose,x=-40.39;y=25.23;yaw=0.33
159.533333302,[debug],turtlebot3,simulation,robot-pose,x=-27.22;y=18.03;yaw=-1.57
162.333333254,[info],turtlebot1,skill-life-cycle,navigation,(status=RUNNING, parameters=[[-11.5, 16.0, 3.141592653589793, True], [-37.0, 16.0, 1.5707963267948966, True], [-37.0, 18.93, 0.0, True], [-33.9, 18.93, 3.14, False]])
174.266666651,[debug],turtlebot1,simulation,robot-pose,x=-31.95;y=16.16;yaw=3.14
174.266666651,[debug],turtlebot1,simulation,robot-pose,x=-31.95;y=16.16;yaw=3.14
174.516666651,[debug],turtlebot2,simulation,robot-pose,x=-28.69;y=17.88;yaw=-0.80
174.516666651,[debug],turtlebot2,simulation,robot-pose,x=-28.69;y=17.88;yaw=-0.80
174.533333302,[debug],turtlebot5,simulation,robot-pose,x=-32.90;y=33.97;yaw=-3.09
174.533333302,[debug],turtlebot5,simulation,robot-pose,x=-32.90;y=33.97;yaw=-3.09
174.533333302,[debug],turtlebot3,simulation,robot-pose,x=-27.22;y=18.03;yaw=-1.57
174.533333302,[debug],turtlebot3,simulation,robot-pose,x=-27.22;y=18.03;yaw=-1.57
174.533333302,[debug],turtlebot4,simulation,robot-pose,x=-40.39;y=25.23;yaw=0.33
174.533333302,[debug],turtlebot4,simulation,robot-pose,x=-40.39;y=25.23;yaw=0.33
189.266666651,[debug],turtlebot1,simulation,robot-pose,x=-34.44;y=16.15;yaw=-3.14
189.266666651,[debug],turtlebot1,simulation,robot-pose,x=-34.44;y=16.15;yaw=-3.14
189.516666651,[debug],turtlebot2,simulation,robot-pose,x=-28.68;y=17.88;yaw=-0.80
189.516666651,[debug],turtlebot2,simulation,robot-pose,x=-28.68;y=17.88;yaw=-0.80
189.533333302,[debug],turtlebot5,simulation,robot-pose,x=-32.90;y=33.97;yaw=-3.09
189.533333302,[debug],turtlebot5,simulation,robot-pose,x=-32.90;y=33.97;yaw=-3.09
189.533333302,[debug],turtlebot3,simulation,robot-pose,x=-27.22;y=18.03;yaw=-1.57
189.533333302,[debug],turtlebot3,simulation,robot-pose,x=-27.22;y=18.03;yaw=-1.57
189.533333302,[debug],turtlebot4,simulation,robot-pose,x=-40.39;y=25.23;yaw=0.33
189.533333302,[debug],turtlebot4,simulation,robot-pose,x=-40.39;y=25.23;yaw=0.33
204.266666651,[debug],turtlebot1,simulation,robot-pose,x=-36.64;y=16.29;yaw=2.40
204.266666651,[debug],turtlebot1,simulation,robot-pose,x=-36.64;y=16.29;yaw=2.40
204.516666651,[debug],turtlebot2,simulation,robot-pose,x=-28.68;y=17.88;yaw=-0.80
204.516666651,[debug],turtlebot2,simulation,robot-pose,x=-28.68;y=17.88;yaw=-0.80
204.533333302,[debug],turtlebot5,simulation,robot-pose,x=-32.91;y=33.97;yaw=-3.09
204.533333302,[debug],turtlebot5,simulation,robot-pose,x=-32.91;y=33.97;yaw=-3.09
204.533333302,[debug],turtlebot3,simulation,robot-pose,x=-27.22;y=18.03;yaw=-1.57
204.533333302,[debug],turtlebot3,simulation,robot-pose,x=-27.22;y=18.03;yaw=-1.57
204.533333302,[debug],turtlebot4,simulation,robot-pose,x=-40.39;y=25.23;yaw=0.33
204.533333302,[debug],turtlebot4,simulation,robot-pose,x=-40.39;y=25.23;yaw=0.33
206.799999952,[debug],turtlebot1,move-base-info,Hooray, the base moved arrived,(x=-37;y=16)
206.799999952,[debug],turtlebot1,move-base-info,Hooray, the base moved arrived,(x=-37;y=16)
206.916666746,[debug],turtlebot1,task-update,navigation,way-point-reached,50.0%
213.150000095,[info],turtlebot1,skill-life-cycle,navigation,(status=RUNNING, parameters=[[-11.5, 16.0, 3.141592653589793, True], [-37.0, 16.0, 1.5707963267948966, True], [-37.0, 18.93, 0.0, True], [-33.9, 18.93, 3.14, False]])
219.266666651,[debug],turtlebot1,simulation,robot-pose,x=-36.90;y=18.49;yaw=0.66
219.266666651,[debug],turtlebot1,simulation,robot-pose,x=-36.90;y=18.49;yaw=0.66
219.516666651,[debug],turtlebot2,simulation,robot-pose,x=-28.69;y=17.88;yaw=-0.80
219.516666651,[debug],turtlebot2,simulation,robot-pose,x=-28.69;y=17.88;yaw=-0.80
219.533333302,[debug],turtlebot3,simulation,robot-pose,x=-27.21;y=18.03;yaw=-1.57
219.533333302,[debug],turtlebot4,simulation,robot-pose,x=-40.39;y=25.23;yaw=0.33
219.533333302,[debug],turtlebot5,simulation,robot-pose,x=-32.91;y=33.97;yaw=-3.08
219.533333302,[debug],turtlebot3,simulation,robot-pose,x=-27.21;y=18.03;yaw=-1.57
219.533333302,[debug],turtlebot4,simulation,robot-pose,x=-40.39;y=25.23;yaw=0.33
219.533333302,[debug],turtlebot5,simulation,robot-pose,x=-32.91;y=33.97;yaw=-3.08
221.400000095,[debug],turtlebot1,move-base-info,Hooray, the base moved arrived,(x=-37;y=18.93)
221.400000095,[debug],turtlebot1,move-base-info,Hooray, the base moved arrived,(x=-37;y=18.93)
221.533333302,[debug],turtlebot1,task-update,navigation,way-point-reached,75.0%
234.266666651,[debug],turtlebot1,simulation,robot-pose,x=-36.07;y=18.16;yaw=-0.37
234.283333302,[debug],turtlebot1,simulation,robot-pose,x=-36.07;y=18.16;yaw=-0.37
234.516666651,[debug],turtlebot2,simulation,robot-pose,x=-28.69;y=17.88;yaw=-0.80
234.516666651,[debug],turtlebot2,simulation,robot-pose,x=-28.69;y=17.88;yaw=-0.80
234.533333302,[debug],turtlebot3,simulation,robot-pose,x=-27.21;y=18.03;yaw=-1.57
234.533333302,[debug],turtlebot3,simulation,robot-pose,x=-27.21;y=18.03;yaw=-1.57
234.533333302,[debug],turtlebot5,simulation,robot-pose,x=-32.91;y=33.97;yaw=-3.07
234.533333302,[debug],turtlebot5,simulation,robot-pose,x=-32.91;y=33.97;yaw=-3.07
234.533333302,[debug],turtlebot4,simulation,robot-pose,x=-40.39;y=25.23;yaw=0.33
234.533333302,[debug],turtlebot4,simulation,robot-pose,x=-40.39;y=25.23;yaw=0.33
249.266666651,[debug],turtlebot1,simulation,robot-pose,x=-35.42;y=17.96;yaw=-0.08
249.266666651,[debug],turtlebot1,simulation,robot-pose,x=-35.42;y=17.96;yaw=-0.08
249.516666651,[debug],turtlebot2,simulation,robot-pose,x=-28.69;y=17.88;yaw=-0.79
249.516666651,[debug],turtlebot2,simulation,robot-pose,x=-28.69;y=17.88;yaw=-0.79
249.533333302,[debug],turtlebot5,simulation,robot-pose,x=-32.91;y=33.97;yaw=-3.06
249.533333302,[debug],turtlebot5,simulation,robot-pose,x=-32.91;y=33.97;yaw=-3.06
249.533333302,[debug],turtlebot3,simulation,robot-pose,x=-27.21;y=18.03;yaw=-1.57
249.533333302,[debug],turtlebot3,simulation,robot-pose,x=-27.21;y=18.03;yaw=-1.57
249.533333302,[debug],turtlebot4,simulation,robot-pose,x=-40.39;y=25.23;yaw=0.33
249.533333302,[debug],turtlebot4,simulation,robot-pose,x=-40.39;y=25.23;yaw=0.33
263.849999905,[debug],turtlebot1,move-base-info,Hooray, the base moved arrived,(x=-33.9;y=18.93)
263.849999905,[debug],turtlebot1,move-base-info,Hooray, the base moved arrived,(x=-33.9;y=18.93)
264.116666555,[debug],turtlebot1,task-update,navigation,way-point-reached,100.0%
264.200000048,[debug],turtlebot1,available-skills,['send_message', 'wait_message', 'approach_person', 'approach_robot', 'authenticate_person', 'deposit', 'navigation', 'pick_up'],
264.200000048,[info],turtlebot1,skill-life-cycle,approach_person,(status=STARTED, parameters=['nurse'])
264.266666651,[debug],turtlebot1,simulation,robot-pose,x=-34.15;y=18.60;yaw=3.10
264.266666651,[debug],turtlebot1,simulation,robot-pose,x=-34.15;y=18.60;yaw=3.10
264.283333302,[debug],turtlebot1,task-update,approach_person,localize-person,(who=nurse)
264.383333445,[debug],turtlebot1,task-update,approach_person,goto-person,(who=nurse)
264.483333349,[debug],turtlebot1,available-skills,['send_message', 'wait_message', 'approach_person', 'approach_robot', 'authenticate_person', 'deposit', 'navigation', 'pick_up'],
264.483333349,[info],turtlebot1,skill-life-cycle,authenticate_person,(status=STARTED, parameters=['nurse'])
264.516666651,[debug],turtlebot2,simulation,robot-pose,x=-28.69;y=17.88;yaw=-0.79
264.516666651,[debug],turtlebot2,simulation,robot-pose,x=-28.69;y=17.88;yaw=-0.79
264.533333302,[debug],turtlebot5,simulation,robot-pose,x=-32.91;y=33.97;yaw=-3.06
264.533333302,[debug],turtlebot5,simulation,robot-pose,x=-32.91;y=33.97;yaw=-3.06
264.533333302,[debug],turtlebot4,simulation,robot-pose,x=-40.39;y=25.23;yaw=0.33
264.533333302,[debug],turtlebot4,simulation,robot-pose,x=-40.39;y=25.23;yaw=0.33
264.533333302,[debug],turtlebot3,simulation,robot-pose,x=-27.21;y=18.03;yaw=-1.57
264.533333302,[debug],turtlebot3,simulation,robot-pose,x=-27.21;y=18.03;yaw=-1.57
264.533333302,[debug],turtlebot1,task-update,authenticate_person,request-authentication,(to=nurse)
264.549999952,[info],nurse,sync,received-request,(status=sending-request)
264.549999952,[info],nurse,sync,received-request,(status=sending-request)
264.983333349,[debug],turtlebot1,task-update,authenticate_person,received-authentication,(from=nurse)
265.0,[info],turtlebot1,skill-life-cycle,authenticate_person,(status=RUNNING, parameters=['nurse'])
265.099999905,[debug],turtlebot1,available-skills,['send_message', 'wait_message', 'approach_person', 'approach_robot', 'authenticate_person', 'deposit', 'navigation', 'pick_up'],
265.099999905,[info],turtlebot1,skill-life-cycle,fail,(status=STARTED, parameters=['operate_drawer', 'open'])
267.083333254,[info],turtlebot1,skill-life-cycle,fail,(status=Status.FAILURE, parameters=['operate_drawer', 'open'])
267.083333254,FAILURE
267.166666746,[info],turtlebot1,skill-life-cycle,fail,(status=Status.FAILURE, parameters=['operate_drawer', 'open'])
267.166666746,FAILURE
267.25,[info],turtlebot1,skill-life-cycle,fail,(status=Status.FAILURE, parameters=['operate_drawer', 'open'])
267.25,FAILURE
267.349999905,[info],turtlebot1,skill-life-cycle,fail,(status=Status.FAILURE, parameters=['operate_drawer', 'open'])
267.349999905,FAILURE
267.433333397,[info],turtlebot1,skill-life-cycle,fail,(status=Status.FAILURE, parameters=['operate_drawer', 'open'])
267.433333397,FAILURE
267.516666651,[info],turtlebot1,skill-life-cycle,fail,(status=Status.FAILURE, parameters=['operate_drawer', 'open'])
267.533333302,FAILURE
267.599999905,[info],turtlebot1,skill-life-cycle,fail,(status=Status.FAILURE, parameters=['operate_drawer', 'open'])
267.599999905,FAILURE
267.683333397,[info],turtlebot1,skill-life-cycle,fail,(status=Status.FAILURE, parameters=['operate_drawer', 'open'])
267.683333397,FAILURE
267.783333302,[info],turtlebot1,skill-life-cycle,fail,(status=Status.FAILURE, parameters=['operate_drawer', 'open'])
267.783333302,FAILURE
267.883333445,[info],turtlebot1,skill-life-cycle,fail,(status=Status.FAILURE, parameters=['operate_drawer', 'open'])
267.883333445,FAILURE
267.950000048,[info],turtlebot1,skill-life-cycle,fail,(status=Status.FAILURE, parameters=['operate_drawer', 'open'])
267.950000048,FAILURE
268.033333302,[info],turtlebot1,skill-life-cycle,fail,(status=Status.FAILURE, parameters=['operate_drawer', 'open'])
268.033333302,FAILURE
268.099999905,[info],turtlebot1,skill-life-cycle,fail,(status=Status.FAILURE, parameters=['operate_drawer', 'open'])
268.099999905,FAILURE
268.183333397,[info],turtlebot1,skill-life-cycle,fail,(status=Status.FAILURE, parameters=['operate_drawer', 'open'])
268.183333397,FAILURE
268.233333349,[info],turtlebot1,skill-life-cycle,fail,(status=Status.FAILURE, parameters=['operate_drawer', 'open'])
268.25,FAILURE
268.316666603,[info],turtlebot1,skill-life-cycle,fail,(status=Status.FAILURE, parameters=['operate_drawer', 'open'])
268.316666603,FAILURE
268.383333445,[info],turtlebot1,skill-life-cycle,fail,(status=Status.FAILURE, parameters=['operate_drawer', 'open'])
268.383333445,FAILURE
268.466666698,[info],turtlebot1,skill-life-cycle,fail,(status=Status.FAILURE, parameters=['operate_drawer', 'open'])
268.466666698,FAILURE
268.533333302,[info],turtlebot1,skill-life-cycle,fail,(status=Status.FAILURE, parameters=['operate_drawer', 'open'])
268.533333302,FAILURE
268.616666555,[info],turtlebot1,skill-life-cycle,fail,(status=Status.FAILURE, parameters=['operate_drawer', 'open'])
268.616666555,FAILURE
268.683333397,[info],turtlebot1,skill-life-cycle,fail,(status=Status.FAILURE, parameters=['operate_drawer', 'open'])
268.683333397,FAILURE
0.0,[debug],simulation closed,failure-bt,execution-wall-clock=336.339946269989
