9.93333339691,[debug],turtlebot1,move-base-info,Move_base is up and ok....,
10.0666666031,[debug],turtlebot4,move-base-info,Move_base is up and ok....,
10.4666666985,[debug],turtlebot5,move-base-info,Move_base is up and ok....,
16.6833333969,[info],turtlebot1,skill-life-cycle,init_robobt,(status=RUNNING, parameters=[])
16.7666666508,[info],turtlebot5,skill-life-cycle,init_robobt,(status=RUNNING, parameters=[])
16.7666666508,[info],turtlebot4,skill-life-cycle,init_robobt,(status=RUNNING, parameters=[])
21.8333332539,[debug],turtlebot4,available-skills,['send_message', 'wait_message', 'approach_person', 'approach_robot', 'authenticate_person', 'deposit', 'navigation', 'pick_up'],
21.8333332539,[info],turtlebot4,skill-life-cycle,navigation,(status=STARTED, parameters=[[-37.0, 33.98, -1.5707963267948966, True], [-37.0, 21.5, 3.141592653589793, True], [-38.0, 21.5, 0.0, False]])
27.4666666985,[debug],turtlebot1,simulation,robot-pose,x=-13.50;y=18.00;yaw=-1.50
27.5666666031,[debug],turtlebot1,simulation,robot-pose,x=-13.50;y=18.00;yaw=-1.50
27.6833333969,[debug],turtlebot2,simulation,robot-pose,x=-39.51;y=33.84;yaw=0.46
27.6833333969,[debug],turtlebot2,simulation,robot-pose,x=-39.51;y=33.84;yaw=0.46
27.7000000477,[debug],turtlebot3,simulation,robot-pose,x=-40.39;y=25.23;yaw=0.34
27.7000000477,[debug],turtlebot3,simulation,robot-pose,x=-40.39;y=25.23;yaw=0.34
27.7166666985,[debug],turtlebot4,simulation,robot-pose,x=-32.97;y=33.97;yaw=3.13
27.7166666985,[debug],turtlebot4,simulation,robot-pose,x=-32.97;y=33.97;yaw=3.13
27.7333333492,[debug],turtlebot5,simulation,robot-pose,x=-20.99;y=18.00;yaw=-1.54
27.7333333492,[debug],turtlebot5,simulation,robot-pose,x=-20.99;y=18.00;yaw=-1.54
42.4666666985,[debug],turtlebot1,simulation,robot-pose,x=-13.49;y=18.00;yaw=-1.49
42.5999999046,[debug],turtlebot1,simulation,robot-pose,x=-13.49;y=18.00;yaw=-1.49
42.6833333969,[debug],turtlebot2,simulation,robot-pose,x=-39.51;y=33.84;yaw=0.46
42.6833333969,[debug],turtlebot2,simulation,robot-pose,x=-39.51;y=33.84;yaw=0.46
42.7000000477,[debug],turtlebot3,simulation,robot-pose,x=-40.39;y=25.23;yaw=0.33
42.7000000477,[debug],turtlebot3,simulation,robot-pose,x=-40.39;y=25.23;yaw=0.33
42.7166666985,[debug],turtlebot4,simulation,robot-pose,x=-34.18;y=34.35;yaw=2.71
42.7166666985,[debug],turtlebot4,simulation,robot-pose,x=-34.18;y=34.35;yaw=2.71
42.7333333492,[debug],turtlebot5,simulation,robot-pose,x=-20.99;y=18.00;yaw=-1.54
42.7333333492,[debug],turtlebot5,simulation,robot-pose,x=-20.99;y=18.00;yaw=-1.54
57.4666666985,[debug],turtlebot1,simulation,robot-pose,x=-13.49;y=18.00;yaw=-1.48
57.5666666031,[debug],turtlebot1,simulation,robot-pose,x=-13.49;y=18.00;yaw=-1.48
57.6833333969,[debug],turtlebot2,simulation,robot-pose,x=-39.51;y=33.84;yaw=0.46
57.6833333969,[debug],turtlebot2,simulation,robot-pose,x=-39.51;y=33.84;yaw=0.46
57.7000000477,[debug],turtlebot3,simulation,robot-pose,x=-40.39;y=25.23;yaw=0.33
57.7000000477,[debug],turtlebot3,simulation,robot-pose,x=-40.39;y=25.23;yaw=0.33
57.7166666985,[debug],turtlebot4,simulation,robot-pose,x=-35.40;y=34.66;yaw=-2.85
57.7166666985,[debug],turtlebot4,simulation,robot-pose,x=-35.40;y=34.66;yaw=-2.85
57.7333333492,[debug],turtlebot5,simulation,robot-pose,x=-20.99;y=18.00;yaw=-1.54
57.7333333492,[debug],turtlebot5,simulation,robot-pose,x=-20.99;y=18.00;yaw=-1.54
67.1333334446,[info],turtlebot4,skill-life-cycle,navigation,(status=RUNNING, parameters=[[-37.0, 33.98, -1.5707963267948966, True], [-37.0, 21.5, 3.141592653589793, True], [-38.0, 21.5, 0.0, False]])
72.4666666985,[debug],turtlebot1,simulation,robot-pose,x=-13.49;y=18.00;yaw=-1.46
72.5666666031,[debug],turtlebot1,simulation,robot-pose,x=-13.49;y=18.00;yaw=-1.46
72.6833333969,[debug],turtlebot2,simulation,robot-pose,x=-39.51;y=33.84;yaw=0.46
72.6833333969,[debug],turtlebot2,simulation,robot-pose,x=-39.51;y=33.84;yaw=0.46
72.7000000477,[debug],turtlebot3,simulation,robot-pose,x=-40.39;y=25.23;yaw=0.33
72.7000000477,[debug],turtlebot3,simulation,robot-pose,x=-40.39;y=25.23;yaw=0.33
72.7166666985,[debug],turtlebot4,simulation,robot-pose,x=-36.57;y=34.22;yaw=-2.55
72.7166666985,[debug],turtlebot4,simulation,robot-pose,x=-36.57;y=34.22;yaw=-2.55
72.7333333492,[debug],turtlebot5,simulation,robot-pose,x=-20.99;y=18.00;yaw=-1.54
72.7333333492,[debug],turtlebot5,simulation,robot-pose,x=-20.99;y=18.00;yaw=-1.54
75.6833333969,[debug],turtlebot4,move-base-info,Hooray, the base moved arrived,(x=-37;y=33.98)
75.6833333969,[debug],turtlebot4,move-base-info,Hooray, the base moved arrived,(x=-37;y=33.98)
75.7166666985,[debug],turtlebot4,task-update,navigation,way-point-reached,33.33333333333333%
87.4666666985,[debug],turtlebot1,simulation,robot-pose,x=-13.49;y=17.99;yaw=-1.45
87.5833332539,[debug],turtlebot1,simulation,robot-pose,x=-13.49;y=17.99;yaw=-1.45
87.6833333969,[debug],turtlebot2,simulation,robot-pose,x=-39.51;y=33.84;yaw=0.46
87.6833333969,[debug],turtlebot2,simulation,robot-pose,x=-39.51;y=33.84;yaw=0.46
87.7000000477,[debug],turtlebot3,simulation,robot-pose,x=-40.39;y=25.23;yaw=0.33
87.7000000477,[debug],turtlebot3,simulation,robot-pose,x=-40.39;y=25.23;yaw=0.33
87.7166666985,[debug],turtlebot4,simulation,robot-pose,x=-36.60;y=33.02;yaw=-1.57
87.7166666985,[debug],turtlebot4,simulation,robot-pose,x=-36.60;y=33.02;yaw=-1.57
87.7333333492,[debug],turtlebot5,simulation,robot-pose,x=-20.99;y=18.00;yaw=-1.54
87.7333333492,[debug],turtlebot5,simulation,robot-pose,x=-20.99;y=18.00;yaw=-1.54
102.466666698,[debug],turtlebot1,simulation,robot-pose,x=-13.49;y=17.99;yaw=-1.43
102.566666603,[debug],turtlebot1,simulation,robot-pose,x=-13.49;y=17.99;yaw=-1.43
102.683333397,[debug],turtlebot2,simulation,robot-pose,x=-39.51;y=33.84;yaw=0.46
102.683333397,[debug],turtlebot2,simulation,robot-pose,x=-39.51;y=33.84;yaw=0.46
102.700000048,[debug],turtlebot3,simulation,robot-pose,x=-40.39;y=25.23;yaw=0.33
102.700000048,[debug],turtlebot3,simulation,robot-pose,x=-40.39;y=25.23;yaw=0.33
102.716666698,[debug],turtlebot4,simulation,robot-pose,x=-36.60;y=30.51;yaw=-1.57
102.716666698,[debug],turtlebot4,simulation,robot-pose,x=-36.60;y=30.51;yaw=-1.57
102.733333349,[debug],turtlebot5,simulation,robot-pose,x=-20.99;y=18.00;yaw=-1.54
102.733333349,[debug],turtlebot5,simulation,robot-pose,x=-20.99;y=18.00;yaw=-1.54
117.466666698,[debug],turtlebot1,simulation,robot-pose,x=-13.49;y=17.99;yaw=-1.41
117.533333302,[info],turtlebot4,skill-life-cycle,navigation,(status=RUNNING, parameters=[[-37.0, 33.98, -1.5707963267948966, True], [-37.0, 21.5, 3.141592653589793, True], [-38.0, 21.5, 0.0, False]])
117.583333254,[debug],turtlebot1,simulation,robot-pose,x=-13.49;y=17.99;yaw=-1.41
117.683333397,[debug],turtlebot2,simulation,robot-pose,x=-39.51;y=33.84;yaw=0.46
117.683333397,[debug],turtlebot2,simulation,robot-pose,x=-39.51;y=33.84;yaw=0.46
117.700000048,[debug],turtlebot3,simulation,robot-pose,x=-40.39;y=25.23;yaw=0.33
117.700000048,[debug],turtlebot3,simulation,robot-pose,x=-40.39;y=25.23;yaw=0.33
117.716666698,[debug],turtlebot4,simulation,robot-pose,x=-36.67;y=28.09;yaw=-1.60
117.716666698,[debug],turtlebot4,simulation,robot-pose,x=-36.67;y=28.09;yaw=-1.60
117.733333349,[debug],turtlebot5,simulation,robot-pose,x=-20.99;y=18.00;yaw=-1.54
117.733333349,[debug],turtlebot5,simulation,robot-pose,x=-20.99;y=18.00;yaw=-1.54
132.466666698,[debug],turtlebot1,simulation,robot-pose,x=-13.49;y=17.98;yaw=-1.39
132.599999905,[debug],turtlebot1,simulation,robot-pose,x=-13.49;y=17.98;yaw=-1.39
132.683333397,[debug],turtlebot2,simulation,robot-pose,x=-39.51;y=33.84;yaw=0.46
132.683333397,[debug],turtlebot2,simulation,robot-pose,x=-39.51;y=33.84;yaw=0.46
132.700000048,[debug],turtlebot3,simulation,robot-pose,x=-40.39;y=25.23;yaw=0.33
132.700000048,[debug],turtlebot3,simulation,robot-pose,x=-40.39;y=25.23;yaw=0.33
132.716666698,[debug],turtlebot4,simulation,robot-pose,x=-36.76;y=25.67;yaw=-1.63
132.716666698,[debug],turtlebot4,simulation,robot-pose,x=-36.76;y=25.67;yaw=-1.63
132.733333349,[debug],turtlebot5,simulation,robot-pose,x=-21.00;y=18.00;yaw=-1.54
132.733333349,[debug],turtlebot5,simulation,robot-pose,x=-21.00;y=18.00;yaw=-1.54
147.466666698,[debug],turtlebot1,simulation,robot-pose,x=-13.49;y=17.98;yaw=-1.37
147.566666603,[debug],turtlebot1,simulation,robot-pose,x=-13.49;y=17.98;yaw=-1.37
147.683333397,[debug],turtlebot2,simulation,robot-pose,x=-39.50;y=33.84;yaw=0.46
147.683333397,[debug],turtlebot2,simulation,robot-pose,x=-39.50;y=33.84;yaw=0.46
147.700000048,[debug],turtlebot3,simulation,robot-pose,x=-40.39;y=25.23;yaw=0.33
147.700000048,[debug],turtlebot3,simulation,robot-pose,x=-40.39;y=25.23;yaw=0.33
147.716666698,[debug],turtlebot4,simulation,robot-pose,x=-36.90;y=23.32;yaw=-1.63
147.716666698,[debug],turtlebot4,simulation,robot-pose,x=-36.90;y=23.32;yaw=-1.63
147.733333349,[debug],turtlebot5,simulation,robot-pose,x=-21.00;y=18.00;yaw=-1.54
147.733333349,[debug],turtlebot5,simulation,robot-pose,x=-21.00;y=18.00;yaw=-1.54
160.450000048,[debug],turtlebot4,move-base-info,Hooray, the base moved arrived,(x=-37;y=21.5)
160.583333254,[debug],turtlebot4,move-base-info,Hooray, the base moved arrived,(x=-37;y=21.5)
160.700000048,[debug],turtlebot4,task-update,navigation,way-point-reached,66.66666666666666%
162.466666698,[debug],turtlebot1,simulation,robot-pose,x=-13.48;y=17.98;yaw=-1.35
162.566666603,[debug],turtlebot1,simulation,robot-pose,x=-13.48;y=17.98;yaw=-1.35
162.683333397,[debug],turtlebot2,simulation,robot-pose,x=-39.50;y=33.84;yaw=0.46
162.683333397,[debug],turtlebot2,simulation,robot-pose,x=-39.50;y=33.84;yaw=0.46
162.700000048,[debug],turtlebot3,simulation,robot-pose,x=-40.39;y=25.23;yaw=0.33
162.700000048,[debug],turtlebot3,simulation,robot-pose,x=-40.39;y=25.23;yaw=0.33
162.716666698,[debug],turtlebot4,simulation,robot-pose,x=-36.94;y=21.94;yaw=-3.10
162.716666698,[debug],turtlebot4,simulation,robot-pose,x=-36.94;y=21.94;yaw=-3.10
162.733333349,[debug],turtlebot5,simulation,robot-pose,x=-21.00;y=18.00;yaw=-1.54
162.733333349,[debug],turtlebot5,simulation,robot-pose,x=-21.00;y=18.00;yaw=-1.54
168.150000095,[info],turtlebot4,skill-life-cycle,navigation,(status=RUNNING, parameters=[[-37.0, 33.98, -1.5707963267948966, True], [-37.0, 21.5, 3.141592653589793, True], [-38.0, 21.5, 0.0, False]])
177.466666698,[debug],turtlebot1,simulation,robot-pose,x=-13.48;y=17.97;yaw=-1.33
177.566666603,[debug],turtlebot1,simulation,robot-pose,x=-13.48;y=17.97;yaw=-1.33
177.683333397,[debug],turtlebot2,simulation,robot-pose,x=-39.50;y=33.84;yaw=0.46
177.683333397,[debug],turtlebot2,simulation,robot-pose,x=-39.50;y=33.84;yaw=0.46
177.700000048,[debug],turtlebot3,simulation,robot-pose,x=-40.39;y=25.23;yaw=0.33
177.700000048,[debug],turtlebot3,simulation,robot-pose,x=-40.39;y=25.23;yaw=0.33
177.716666698,[debug],turtlebot4,simulation,robot-pose,x=-37.60;y=21.69;yaw=-0.60
177.716666698,[debug],turtlebot4,simulation,robot-pose,x=-37.60;y=21.69;yaw=-0.60
177.733333349,[debug],turtlebot5,simulation,robot-pose,x=-21.00;y=18.00;yaw=-1.54
177.733333349,[debug],turtlebot5,simulation,robot-pose,x=-21.00;y=18.00;yaw=-1.54
179.683333397,[debug],turtlebot4,move-base-info,Hooray, the base moved arrived,(x=-38;y=21.5)
179.683333397,[debug],turtlebot4,move-base-info,Hooray, the base moved arrived,(x=-38;y=21.5)
179.799999952,[debug],turtlebot4,task-update,navigation,way-point-reached,100.0%
179.900000095,[debug],turtlebot4,available-skills,['send_message', 'wait_message', 'approach_person', 'approach_robot', 'authenticate_person', 'deposit', 'navigation', 'pick_up'],
179.900000095,[info],turtlebot4,skill-life-cycle,approach_person,(status=STARTED, parameters=['nurse'])
179.950000048,[debug],turtlebot4,task-update,approach_person,localize-person,(who=nurse)
180.566666603,[debug],turtlebot4,task-update,approach_person,goto-person,(who=nurse)
180.650000095,[debug],turtlebot4,available-skills,['send_message', 'wait_message', 'approach_person', 'approach_robot', 'authenticate_person', 'deposit', 'navigation', 'pick_up'],
180.650000095,[info],turtlebot4,skill-life-cycle,authenticate_person,(status=STARTED, parameters=['nurse'])
180.733333349,[debug],turtlebot4,task-update,authenticate_person,request-authentication,(to=nurse)
180.75,[info],nurse,sync,received-request,(status=sending-request)
180.75,[info],nurse,sync,received-request,(status=sending-request)
181.533333302,[debug],turtlebot4,task-update,authenticate_person,received-authentication,(from=nurse)
181.633333445,[debug],turtlebot4,available-skills,['send_message', 'wait_message', 'approach_person', 'approach_robot', 'authenticate_person', 'deposit', 'navigation', 'pick_up'],
181.633333445,[info],turtlebot4,skill-life-cycle,fail,(status=STARTED, parameters=['operate_drawer', 'open'])
183.566666603,[info],turtlebot4,skill-life-cycle,fail,(status=Status.FAILURE, parameters=['operate_drawer', 'open'])
183.566666603,FAILURE
183.666666746,[info],turtlebot4,skill-life-cycle,fail,(status=Status.FAILURE, parameters=['operate_drawer', 'open'])
183.666666746,FAILURE
183.75,[info],turtlebot4,skill-life-cycle,fail,(status=Status.FAILURE, parameters=['operate_drawer', 'open'])
183.75,FAILURE
183.833333254,[info],turtlebot4,skill-life-cycle,fail,(status=Status.FAILURE, parameters=['operate_drawer', 'open'])
183.833333254,FAILURE
183.916666746,[info],turtlebot4,skill-life-cycle,fail,(status=Status.FAILURE, parameters=['operate_drawer', 'open'])
183.916666746,FAILURE
184.016666651,[info],turtlebot4,skill-life-cycle,fail,(status=Status.FAILURE, parameters=['operate_drawer', 'open'])
184.016666651,FAILURE
184.083333254,[info],turtlebot4,skill-life-cycle,fail,(status=Status.FAILURE, parameters=['operate_drawer', 'open'])
184.083333254,FAILURE
184.166666746,[info],turtlebot4,skill-life-cycle,fail,(status=Status.FAILURE, parameters=['operate_drawer', 'open'])
184.166666746,FAILURE
184.233333349,[info],turtlebot4,skill-life-cycle,fail,(status=Status.FAILURE, parameters=['operate_drawer', 'open'])
184.25,FAILURE
184.316666603,[info],turtlebot4,skill-life-cycle,fail,(status=Status.FAILURE, parameters=['operate_drawer', 'open'])
184.316666603,FAILURE
184.383333445,[info],turtlebot4,skill-life-cycle,fail,(status=Status.FAILURE, parameters=['operate_drawer', 'open'])
184.400000095,FAILURE
184.466666698,[info],turtlebot4,skill-life-cycle,fail,(status=Status.FAILURE, parameters=['operate_drawer', 'open'])
184.466666698,FAILURE
184.533333302,[info],turtlebot4,skill-life-cycle,fail,(status=Status.FAILURE, parameters=['operate_drawer', 'open'])
184.533333302,FAILURE
184.616666794,[info],turtlebot4,skill-life-cycle,fail,(status=Status.FAILURE, parameters=['operate_drawer', 'open'])
184.616666794,FAILURE
184.683333397,[info],turtlebot4,skill-life-cycle,fail,(status=Status.FAILURE, parameters=['operate_drawer', 'open'])
184.683333397,FAILURE
184.75,[info],turtlebot4,skill-life-cycle,fail,(status=Status.FAILURE, parameters=['operate_drawer', 'open'])
184.75,FAILURE
192.466666698,[debug],turtlebot1,simulation,robot-pose,x=-13.48;y=17.97;yaw=-1.31
192.533333302,[debug],turtlebot1,simulation,robot-pose,x=-13.48;y=17.97;yaw=-1.31
192.683333397,[debug],turtlebot2,simulation,robot-pose,x=-39.50;y=33.84;yaw=0.46
192.683333397,[debug],turtlebot2,simulation,robot-pose,x=-39.50;y=33.84;yaw=0.46
192.700000048,[debug],turtlebot3,simulation,robot-pose,x=-40.39;y=25.23;yaw=0.33
192.700000048,[debug],turtlebot3,simulation,robot-pose,x=-40.39;y=25.23;yaw=0.33
192.716666698,[debug],turtlebot4,simulation,robot-pose,x=-37.60;y=21.68;yaw=-0.03
192.716666698,[debug],turtlebot4,simulation,robot-pose,x=-37.60;y=21.68;yaw=-0.03
192.733333349,[debug],turtlebot5,simulation,robot-pose,x=-21.00;y=18.00;yaw=-1.54
192.733333349,[debug],turtlebot5,simulation,robot-pose,x=-21.00;y=18.00;yaw=-1.54
0.0,[debug],simulation closed,failure-bt,execution-wall-clock=228.2311441898346
