3.68333339691,[debug],turtlebot4,move-base-info,Move_base is up and ok....,
9.68333339691,[info],turtlebot5,skill-life-cycle,init_robobt,(status=RUNNING, parameters=[])
10.7833333015,[info],turtlebot3,skill-life-cycle,init_robobt,(status=RUNNING, parameters=[])
11.0833332539,[info],turtlebot2,skill-life-cycle,init_robobt,(status=RUNNING, parameters=[])
11.4500000477,[info],turtlebot4,skill-life-cycle,init_robobt,(status=RUNNING, parameters=[])
14.4500000477,[debug],turtlebot3,available-skills,['send_message', 'wait_message', 'approach_person', 'approach_robot', 'authenticate_person', 'deposit', 'navigation', 'operate_drawer', 'pick_up'],
14.4500000477,[info],turtlebot3,skill-life-cycle,navigation,(status=STARTED, parameters=[[-37.0, 33.95, -1.5707963267948966, True], [-37.0, 21.5, 3.141592653589793, True], [-38.0, 21.5, 0.0, False]])
24.0833332539,[debug],turtlebot1,simulation,robot-pose,x=-13.50;y=18.00;yaw=-1.50
24.0833332539,[debug],turtlebot1,simulation,robot-pose,x=-13.50;y=18.00;yaw=-1.50
24.3833334446,[debug],turtlebot2,simulation,robot-pose,x=-39.51;y=33.84;yaw=0.46
24.4000000954,[debug],turtlebot3,simulation,robot-pose,x=-40.10;y=25.00;yaw=-1.10
24.4333333969,[debug],turtlebot2,simulation,robot-pose,x=-39.51;y=33.84;yaw=0.46
24.4333333969,[debug],turtlebot3,simulation,robot-pose,x=-40.10;y=25.00;yaw=-1.10
24.4500000477,[debug],turtlebot4,simulation,robot-pose,x=-32.89;y=33.97;yaw=-3.10
24.4500000477,[debug],turtlebot4,simulation,robot-pose,x=-32.89;y=33.97;yaw=-3.10
24.4833333492,[debug],turtlebot5,simulation,robot-pose,x=-20.99;y=18.00;yaw=-1.54
24.4833333492,[debug],turtlebot5,simulation,robot-pose,x=-20.99;y=18.00;yaw=-1.54
39.0833332539,[debug],turtlebot1,simulation,robot-pose,x=-13.49;y=18.00;yaw=-1.49
39.0833332539,[debug],turtlebot1,simulation,robot-pose,x=-13.49;y=18.00;yaw=-1.49
39.3833334446,[debug],turtlebot2,simulation,robot-pose,x=-39.51;y=33.84;yaw=0.46
39.4000000954,[debug],turtlebot3,simulation,robot-pose,x=-39.17;y=23.74;yaw=-0.72
39.4166667461,[debug],turtlebot2,simulation,robot-pose,x=-39.51;y=33.84;yaw=0.46
39.4166667461,[debug],turtlebot3,simulation,robot-pose,x=-39.17;y=23.74;yaw=-0.72
39.4500000477,[debug],turtlebot4,simulation,robot-pose,x=-32.89;y=33.97;yaw=-3.10
39.4500000477,[debug],turtlebot4,simulation,robot-pose,x=-32.89;y=33.97;yaw=-3.10
39.4833333492,[debug],turtlebot5,simulation,robot-pose,x=-20.99;y=18.00;yaw=-1.54
39.4833333492,[debug],turtlebot5,simulation,robot-pose,x=-20.99;y=18.00;yaw=-1.54
54.0833332539,[debug],turtlebot1,simulation,robot-pose,x=-13.49;y=18.00;yaw=-1.48
54.0833332539,[debug],turtlebot1,simulation,robot-pose,x=-13.49;y=18.00;yaw=-1.48
54.3833334446,[debug],turtlebot2,simulation,robot-pose,x=-39.51;y=33.84;yaw=0.46
54.4000000954,[debug],turtlebot3,simulation,robot-pose,x=-38.02;y=23.08;yaw=-0.25
54.4500000477,[debug],turtlebot4,simulation,robot-pose,x=-32.89;y=33.97;yaw=-3.10
54.4500000477,[debug],turtlebot2,simulation,robot-pose,x=-39.51;y=33.84;yaw=0.46
54.4500000477,[debug],turtlebot3,simulation,robot-pose,x=-38.02;y=23.08;yaw=-0.25
54.4500000477,[debug],turtlebot4,simulation,robot-pose,x=-32.89;y=33.97;yaw=-3.10
54.4833333492,[debug],turtlebot5,simulation,robot-pose,x=-20.99;y=18.00;yaw=-1.54
54.4833333492,[debug],turtlebot5,simulation,robot-pose,x=-20.99;y=18.00;yaw=-1.54
59.8166666031,[info],turtlebot3,skill-life-cycle,navigation,(status=RUNNING, parameters=[[-37.0, 33.95, -1.5707963267948966, True], [-37.0, 21.5, 3.141592653589793, True], [-38.0, 21.5, 0.0, False]])
69.0833332539,[debug],turtlebot1,simulation,robot-pose,x=-13.49;y=18.00;yaw=-1.46
69.0833332539,[debug],turtlebot1,simulation,robot-pose,x=-13.49;y=18.00;yaw=-1.46
69.3833334446,[debug],turtlebot2,simulation,robot-pose,x=-39.51;y=33.84;yaw=0.46
69.4000000954,[debug],turtlebot3,simulation,robot-pose,x=-36.88;y=23.64;yaw=1.02
69.4500000477,[debug],turtlebot4,simulation,robot-pose,x=-32.89;y=33.97;yaw=-3.10
69.4500000477,[debug],turtlebot2,simulation,robot-pose,x=-39.51;y=33.84;yaw=0.46
69.4500000477,[debug],turtlebot3,simulation,robot-pose,x=-36.88;y=23.64;yaw=1.02
69.4500000477,[debug],turtlebot4,simulation,robot-pose,x=-32.89;y=33.97;yaw=-3.10
69.4833333492,[debug],turtlebot5,simulation,robot-pose,x=-20.99;y=18.00;yaw=-1.54
69.4833333492,[debug],turtlebot5,simulation,robot-pose,x=-20.99;y=18.00;yaw=-1.54
84.0833332539,[debug],turtlebot1,simulation,robot-pose,x=-13.49;y=17.99;yaw=-1.45
84.0833332539,[debug],turtlebot1,simulation,robot-pose,x=-13.49;y=17.99;yaw=-1.45
84.3833334446,[debug],turtlebot2,simulation,robot-pose,x=-39.51;y=33.84;yaw=0.46
84.4000000954,[debug],turtlebot3,simulation,robot-pose,x=-36.77;y=25.99;yaw=1.48
84.4500000477,[debug],turtlebot4,simulation,robot-pose,x=-32.90;y=33.97;yaw=-3.10
84.4833333492,[debug],turtlebot5,simulation,robot-pose,x=-20.99;y=18.00;yaw=-1.54
84.4833333492,[debug],turtlebot2,simulation,robot-pose,x=-39.51;y=33.84;yaw=0.46
84.4833333492,[debug],turtlebot3,simulation,robot-pose,x=-36.77;y=25.99;yaw=1.48
84.4833333492,[debug],turtlebot4,simulation,robot-pose,x=-32.90;y=33.97;yaw=-3.10
84.4833333492,[debug],turtlebot5,simulation,robot-pose,x=-20.99;y=18.00;yaw=-1.54
99.0833332539,[debug],turtlebot1,simulation,robot-pose,x=-13.49;y=17.99;yaw=-1.43
99.0833332539,[debug],turtlebot1,simulation,robot-pose,x=-13.49;y=17.99;yaw=-1.43
99.3833334446,[debug],turtlebot2,simulation,robot-pose,x=-39.51;y=33.84;yaw=0.46
99.4000000954,[debug],turtlebot3,simulation,robot-pose,x=-36.77;y=27.88;yaw=1.24
99.4500000477,[debug],turtlebot4,simulation,robot-pose,x=-32.90;y=33.97;yaw=-3.10
99.4500000477,[debug],turtlebot2,simulation,robot-pose,x=-39.51;y=33.84;yaw=0.46
99.4500000477,[debug],turtlebot3,simulation,robot-pose,x=-36.77;y=27.88;yaw=1.24
99.4500000477,[debug],turtlebot4,simulation,robot-pose,x=-32.90;y=33.97;yaw=-3.10
99.4833333492,[debug],turtlebot5,simulation,robot-pose,x=-20.99;y=18.00;yaw=-1.54
99.4833333492,[debug],turtlebot5,simulation,robot-pose,x=-20.99;y=18.00;yaw=-1.54
110.516666651,[info],turtlebot3,skill-life-cycle,navigation,(status=RUNNING, parameters=[[-37.0, 33.95, -1.5707963267948966, True], [-37.0, 21.5, 3.141592653589793, True], [-38.0, 21.5, 0.0, False]])
114.083333254,[debug],turtlebot1,simulation,robot-pose,x=-13.49;y=17.99;yaw=-1.42
114.083333254,[debug],turtlebot1,simulation,robot-pose,x=-13.49;y=17.99;yaw=-1.42
114.383333445,[debug],turtlebot2,simulation,robot-pose,x=-39.51;y=33.84;yaw=0.46
114.400000095,[debug],turtlebot3,simulation,robot-pose,x=-36.80;y=27.88;yaw=0.57
114.433333397,[debug],turtlebot2,simulation,robot-pose,x=-39.51;y=33.84;yaw=0.46
114.433333397,[debug],turtlebot3,simulation,robot-pose,x=-36.80;y=27.88;yaw=0.57
114.450000048,[debug],turtlebot4,simulation,robot-pose,x=-32.90;y=33.97;yaw=-3.09
114.450000048,[debug],turtlebot4,simulation,robot-pose,x=-32.90;y=33.97;yaw=-3.09
114.483333349,[debug],turtlebot5,simulation,robot-pose,x=-20.99;y=18.00;yaw=-1.54
114.483333349,[debug],turtlebot5,simulation,robot-pose,x=-20.99;y=18.00;yaw=-1.54
129.083333254,[debug],turtlebot1,simulation,robot-pose,x=-13.49;y=17.98;yaw=-1.40
129.083333254,[debug],turtlebot1,simulation,robot-pose,x=-13.49;y=17.98;yaw=-1.40
129.383333445,[debug],turtlebot2,simulation,robot-pose,x=-39.51;y=33.84;yaw=0.46
129.400000095,[debug],turtlebot3,simulation,robot-pose,x=-36.81;y=27.87;yaw=0.42
129.416666746,[debug],turtlebot2,simulation,robot-pose,x=-39.51;y=33.84;yaw=0.46
129.416666746,[debug],turtlebot3,simulation,robot-pose,x=-36.81;y=27.87;yaw=0.42
129.450000048,[debug],turtlebot4,simulation,robot-pose,x=-32.90;y=33.97;yaw=-3.09
129.450000048,[debug],turtlebot4,simulation,robot-pose,x=-32.90;y=33.97;yaw=-3.09
129.483333349,[debug],turtlebot5,simulation,robot-pose,x=-21.00;y=18.00;yaw=-1.54
129.483333349,[debug],turtlebot5,simulation,robot-pose,x=-21.00;y=18.00;yaw=-1.54
144.083333254,[debug],turtlebot1,simulation,robot-pose,x=-13.49;y=17.98;yaw=-1.38
144.083333254,[debug],turtlebot1,simulation,robot-pose,x=-13.49;y=17.98;yaw=-1.38
144.383333445,[debug],turtlebot2,simulation,robot-pose,x=-39.50;y=33.84;yaw=0.46
144.400000095,[debug],turtlebot3,simulation,robot-pose,x=-36.75;y=27.89;yaw=0.53
144.450000048,[debug],turtlebot4,simulation,robot-pose,x=-32.90;y=33.97;yaw=-3.09
144.466666698,[debug],turtlebot2,simulation,robot-pose,x=-39.50;y=33.84;yaw=0.46
144.466666698,[debug],turtlebot3,simulation,robot-pose,x=-36.75;y=27.89;yaw=0.53
144.466666698,[debug],turtlebot4,simulation,robot-pose,x=-32.90;y=33.97;yaw=-3.09
144.483333349,[debug],turtlebot5,simulation,robot-pose,x=-21.00;y=18.00;yaw=-1.54
144.483333349,[debug],turtlebot5,simulation,robot-pose,x=-21.00;y=18.00;yaw=-1.54
159.083333254,[debug],turtlebot1,simulation,robot-pose,x=-13.48;y=17.98;yaw=-1.36
159.083333254,[debug],turtlebot1,simulation,robot-pose,x=-13.48;y=17.98;yaw=-1.36
159.383333445,[debug],turtlebot2,simulation,robot-pose,x=-39.50;y=33.84;yaw=0.46
159.400000095,[debug],turtlebot3,simulation,robot-pose,x=-36.57;y=30.02;yaw=1.57
159.416666746,[debug],turtlebot2,simulation,robot-pose,x=-39.50;y=33.84;yaw=0.46
159.416666746,[debug],turtlebot3,simulation,robot-pose,x=-36.57;y=30.02;yaw=1.57
159.450000048,[debug],turtlebot4,simulation,robot-pose,x=-32.90;y=33.97;yaw=-3.09
159.450000048,[debug],turtlebot4,simulation,robot-pose,x=-32.90;y=33.97;yaw=-3.09
159.483333349,[debug],turtlebot5,simulation,robot-pose,x=-21.00;y=18.00;yaw=-1.54
159.483333349,[debug],turtlebot5,simulation,robot-pose,x=-21.00;y=18.00;yaw=-1.54
161.566666603,[info],turtlebot3,skill-life-cycle,navigation,(status=RUNNING, parameters=[[-37.0, 33.95, -1.5707963267948966, True], [-37.0, 21.5, 3.141592653589793, True], [-38.0, 21.5, 0.0, False]])
174.083333254,[debug],turtlebot1,simulation,robot-pose,x=-13.48;y=17.97;yaw=-1.34
174.083333254,[debug],turtlebot1,simulation,robot-pose,x=-13.48;y=17.97;yaw=-1.34
174.383333445,[debug],turtlebot2,simulation,robot-pose,x=-39.50;y=33.84;yaw=0.46
174.400000095,[debug],turtlebot3,simulation,robot-pose,x=-36.58;y=32.53;yaw=1.59
174.450000048,[debug],turtlebot4,simulation,robot-pose,x=-32.90;y=33.97;yaw=-3.09
174.450000048,[debug],turtlebot2,simulation,robot-pose,x=-39.50;y=33.84;yaw=0.46
174.450000048,[debug],turtlebot3,simulation,robot-pose,x=-36.58;y=32.53;yaw=1.59
174.450000048,[debug],turtlebot4,simulation,robot-pose,x=-32.90;y=33.97;yaw=-3.09
174.483333349,[debug],turtlebot5,simulation,robot-pose,x=-21.00;y=18.00;yaw=-1.54
174.483333349,[debug],turtlebot5,simulation,robot-pose,x=-21.00;y=18.00;yaw=-1.54
187.150000095,[debug],turtlebot3,move-base-info,Hooray, the base moved arrived,(x=-37;y=33.95)
187.150000095,[debug],turtlebot3,move-base-info,Hooray, the base moved arrived,(x=-37;y=33.95)
187.200000048,[debug],turtlebot3,task-update,navigation,way-point-reached,33.33333333333333%
189.083333254,[debug],turtlebot1,simulation,robot-pose,x=-13.48;y=17.97;yaw=-1.32
189.083333254,[debug],turtlebot1,simulation,robot-pose,x=-13.48;y=17.97;yaw=-1.32
189.383333445,[debug],turtlebot2,simulation,robot-pose,x=-39.50;y=33.84;yaw=0.46
189.400000095,[debug],turtlebot3,simulation,robot-pose,x=-36.80;y=33.59;yaw=-1.61
189.433333397,[debug],turtlebot2,simulation,robot-pose,x=-39.50;y=33.84;yaw=0.46
189.433333397,[debug],turtlebot3,simulation,robot-pose,x=-36.80;y=33.59;yaw=-1.61
189.450000048,[debug],turtlebot4,simulation,robot-pose,x=-32.90;y=33.97;yaw=-3.09
189.450000048,[debug],turtlebot4,simulation,robot-pose,x=-32.90;y=33.97;yaw=-3.09
189.483333349,[debug],turtlebot5,simulation,robot-pose,x=-21.00;y=18.00;yaw=-1.54
189.483333349,[debug],turtlebot5,simulation,robot-pose,x=-21.00;y=18.00;yaw=-1.54
204.083333254,[debug],turtlebot1,simulation,robot-pose,x=-13.47;y=17.97;yaw=-1.29
204.083333254,[debug],turtlebot1,simulation,robot-pose,x=-13.47;y=17.97;yaw=-1.29
204.383333445,[debug],turtlebot2,simulation,robot-pose,x=-39.50;y=33.84;yaw=0.46
204.400000095,[debug],turtlebot3,simulation,robot-pose,x=-36.61;y=31.73;yaw=-1.56
204.450000048,[debug],turtlebot4,simulation,robot-pose,x=-32.91;y=33.97;yaw=-3.09
204.466666698,[debug],turtlebot2,simulation,robot-pose,x=-39.50;y=33.84;yaw=0.46
204.466666698,[debug],turtlebot3,simulation,robot-pose,x=-36.61;y=31.73;yaw=-1.56
204.466666698,[debug],turtlebot4,simulation,robot-pose,x=-32.91;y=33.97;yaw=-3.09
204.483333349,[debug],turtlebot5,simulation,robot-pose,x=-21.01;y=18.00;yaw=-1.54
204.483333349,[debug],turtlebot5,simulation,robot-pose,x=-21.01;y=18.00;yaw=-1.54
212.433333397,[info],turtlebot3,skill-life-cycle,navigation,(status=RUNNING, parameters=[[-37.0, 33.95, -1.5707963267948966, True], [-37.0, 21.5, 3.141592653589793, True], [-38.0, 21.5, 0.0, False]])
219.083333254,[debug],turtlebot1,simulation,robot-pose,x=-13.47;y=17.96;yaw=-1.27
219.083333254,[debug],turtlebot1,simulation,robot-pose,x=-13.47;y=17.96;yaw=-1.27
219.383333445,[debug],turtlebot2,simulation,robot-pose,x=-39.50;y=33.84;yaw=0.46
219.400000095,[debug],turtlebot3,simulation,robot-pose,x=-36.61;y=29.23;yaw=-1.58
219.450000048,[debug],turtlebot4,simulation,robot-pose,x=-32.91;y=33.97;yaw=-3.08
219.450000048,[debug],turtlebot2,simulation,robot-pose,x=-39.50;y=33.84;yaw=0.46
219.450000048,[debug],turtlebot3,simulation,robot-pose,x=-36.61;y=29.23;yaw=-1.58
219.450000048,[debug],turtlebot4,simulation,robot-pose,x=-32.91;y=33.97;yaw=-3.08
219.483333349,[debug],turtlebot5,simulation,robot-pose,x=-21.01;y=18.00;yaw=-1.54
219.483333349,[debug],turtlebot5,simulation,robot-pose,x=-21.01;y=18.00;yaw=-1.54
234.083333254,[debug],turtlebot1,simulation,robot-pose,x=-13.47;y=17.96;yaw=-1.25
234.083333254,[debug],turtlebot1,simulation,robot-pose,x=-13.47;y=17.96;yaw=-1.25
234.383333445,[debug],turtlebot2,simulation,robot-pose,x=-39.50;y=33.84;yaw=0.46
234.400000095,[debug],turtlebot3,simulation,robot-pose,x=-36.60;y=26.74;yaw=-1.57
234.433333397,[debug],turtlebot2,simulation,robot-pose,x=-39.50;y=33.84;yaw=0.46
234.450000048,[debug],turtlebot3,simulation,robot-pose,x=-36.60;y=26.74;yaw=-1.57
234.450000048,[debug],turtlebot4,simulation,robot-pose,x=-32.91;y=33.97;yaw=-3.07
234.450000048,[debug],turtlebot4,simulation,robot-pose,x=-32.91;y=33.97;yaw=-3.07
234.483333349,[debug],turtlebot5,simulation,robot-pose,x=-21.01;y=18.00;yaw=-1.54
234.483333349,[debug],turtlebot5,simulation,robot-pose,x=-21.01;y=18.00;yaw=-1.54
249.083333254,[debug],turtlebot1,simulation,robot-pose,x=-13.46;y=17.96;yaw=-1.23
249.083333254,[debug],turtlebot1,simulation,robot-pose,x=-13.46;y=17.96;yaw=-1.23
249.383333445,[debug],turtlebot2,simulation,robot-pose,x=-39.50;y=33.84;yaw=0.46
249.400000095,[debug],turtlebot3,simulation,robot-pose,x=-36.58;y=24.27;yaw=-1.59
249.433333397,[debug],turtlebot2,simulation,robot-pose,x=-39.50;y=33.84;yaw=0.46
249.433333397,[debug],turtlebot3,simulation,robot-pose,x=-36.58;y=24.27;yaw=-1.59
249.450000048,[debug],turtlebot4,simulation,robot-pose,x=-32.91;y=33.97;yaw=-3.06
249.450000048,[debug],turtlebot4,simulation,robot-pose,x=-32.91;y=33.97;yaw=-3.06
249.483333349,[debug],turtlebot5,simulation,robot-pose,x=-21.02;y=18.00;yaw=-1.54
249.483333349,[debug],turtlebot5,simulation,robot-pose,x=-21.02;y=18.00;yaw=-1.54
262.816666603,[info],turtlebot3,skill-life-cycle,navigation,(status=RUNNING, parameters=[[-37.0, 33.95, -1.5707963267948966, True], [-37.0, 21.5, 3.141592653589793, True], [-38.0, 21.5, 0.0, False]])
264.083333254,[debug],turtlebot1,simulation,robot-pose,x=-13.46;y=17.95;yaw=-1.21
264.083333254,[debug],turtlebot1,simulation,robot-pose,x=-13.46;y=17.95;yaw=-1.21
264.383333445,[debug],turtlebot2,simulation,robot-pose,x=-39.50;y=33.84;yaw=0.46
264.400000095,[debug],turtlebot3,simulation,robot-pose,x=-36.81;y=21.94;yaw=-2.72
264.433333397,[debug],turtlebot2,simulation,robot-pose,x=-39.50;y=33.84;yaw=0.46
264.450000048,[debug],turtlebot3,simulation,robot-pose,x=-36.81;y=21.94;yaw=-2.72
264.450000048,[debug],turtlebot4,simulation,robot-pose,x=-32.91;y=33.97;yaw=-3.06
264.450000048,[debug],turtlebot4,simulation,robot-pose,x=-32.91;y=33.97;yaw=-3.06
264.483333349,[debug],turtlebot5,simulation,robot-pose,x=-21.02;y=18.00;yaw=-1.54
264.483333349,[debug],turtlebot5,simulation,robot-pose,x=-21.02;y=18.00;yaw=-1.54
266.0,[debug],turtlebot3,move-base-info,Hooray, the base moved arrived,(x=-37;y=21.5)
266.0,[debug],turtlebot3,move-base-info,Hooray, the base moved arrived,(x=-37;y=21.5)
266.166666746,[debug],turtlebot3,task-update,navigation,way-point-reached,66.66666666666666%
279.083333254,[debug],turtlebot1,simulation,robot-pose,x=-13.46;y=17.95;yaw=-1.19
279.083333254,[debug],turtlebot1,simulation,robot-pose,x=-13.46;y=17.95;yaw=-1.19
279.383333445,[debug],turtlebot2,simulation,robot-pose,x=-39.50;y=33.84;yaw=0.46
279.400000095,[debug],turtlebot3,simulation,robot-pose,x=-37.65;y=21.79;yaw=-0.76
279.433333397,[debug],turtlebot2,simulation,robot-pose,x=-39.50;y=33.84;yaw=0.46
279.433333397,[debug],turtlebot3,simulation,robot-pose,x=-37.65;y=21.79;yaw=-0.76
279.450000048,[debug],turtlebot4,simulation,robot-pose,x=-32.92;y=33.98;yaw=-3.05
279.450000048,[debug],turtlebot4,simulation,robot-pose,x=-32.92;y=33.98;yaw=-3.05
279.483333349,[debug],turtlebot5,simulation,robot-pose,x=-21.03;y=18.00;yaw=-1.54
279.483333349,[debug],turtlebot5,simulation,robot-pose,x=-21.03;y=18.00;yaw=-1.54
281.75,[debug],turtlebot3,move-base-info,Hooray, the base moved arrived,(x=-38;y=21.5)
281.75,[debug],turtlebot3,move-base-info,Hooray, the base moved arrived,(x=-38;y=21.5)
281.866666555,[debug],turtlebot3,task-update,navigation,way-point-reached,100.0%
281.966666698,[debug],turtlebot3,available-skills,['send_message', 'wait_message', 'approach_person', 'approach_robot', 'authenticate_person', 'deposit', 'navigation', 'operate_drawer', 'pick_up'],
281.966666698,[info],turtlebot3,skill-life-cycle,approach_person,(status=STARTED, parameters=['nurse'])
282.033333302,[debug],turtlebot3,task-update,approach_person,localize-person,(who=nurse)
282.316666603,[debug],turtlebot3,task-update,approach_person,goto-person,(who=nurse)
282.383333445,[debug],turtlebot3,available-skills,['send_message', 'wait_message', 'approach_person', 'approach_robot', 'authenticate_person', 'deposit', 'navigation', 'operate_drawer', 'pick_up'],
282.383333445,[info],turtlebot3,skill-life-cycle,authenticate_person,(status=STARTED, parameters=['nurse'])
282.416666746,[debug],turtlebot3,task-update,authenticate_person,request-authentication,(to=nurse)
282.433333397,[info],nurse,sync,received-request,(status=sending-request)
282.433333397,[info],nurse,sync,received-request,(status=sending-request)
283.033333302,[debug],turtlebot3,task-update,authenticate_person,received-authentication,(from=nurse)
283.116666555,[debug],turtlebot3,available-skills,['send_message', 'wait_message', 'approach_person', 'approach_robot', 'authenticate_person', 'deposit', 'navigation', 'operate_drawer', 'pick_up'],
283.116666555,[info],turtlebot3,skill-life-cycle,operate_drawer,(status=STARTED, parameters=['open'])
283.183333397,[debug],turtlebot3,task-update,operate_drawer,open
284.166666746,[debug],turtlebot3,available-skills,['send_message', 'wait_message', 'approach_person', 'approach_robot', 'authenticate_person', 'deposit', 'navigation', 'operate_drawer', 'pick_up'],
284.166666746,[info],turtlebot3,skill-life-cycle,send_message,(status=STARTED, parameters=['nurse'])
284.266666651,[info],turtlebot3,sync,send-message,(to=nurse)
285.150000095,[info],nurse,sync,wait-message,(status=message-received)
285.150000095,[info],nurse,sync,wait-message,(status=message-received)
287.849999905,[debug],turtlebot3,available-skills,['send_message', 'wait_message', 'approach_person', 'approach_robot', 'authenticate_person', 'deposit', 'navigation', 'operate_drawer', 'pick_up'],
287.849999905,[info],turtlebot3,skill-life-cycle,wait_message,(status=STARTED, parameters=['r1'])
289.183333397,[info],turtlebot3,sync,wait-message,(status=message-received)
289.266666651,[debug],turtlebot3,available-skills,['send_message', 'wait_message', 'approach_person', 'approach_robot', 'authenticate_person', 'deposit', 'navigation', 'operate_drawer', 'pick_up'],
289.266666651,[info],turtlebot3,skill-life-cycle,operate_drawer,(status=STARTED, parameters=['close'])
289.333333254,[debug],turtlebot3,task-update,operate_drawer,close
290.316666603,[debug],turtlebot3,available-skills,['send_message', 'wait_message', 'approach_person', 'approach_robot', 'authenticate_person', 'deposit', 'navigation', 'operate_drawer', 'pick_up'],
290.316666603,[info],turtlebot3,skill-life-cycle,navigation,(status=STARTED, parameters=[[-37.0, 21.5, -1.5707963267948966, True], [-37.0, 16.0, 0.0, True], [-26.0, 16.0, -1.5707963267948966, True], [-26.0, 13.0, 1.57, False]])
294.083333254,[debug],turtlebot1,simulation,robot-pose,x=-13.45;y=17.95;yaw=-1.17
294.083333254,[debug],turtlebot1,simulation,robot-pose,x=-13.45;y=17.95;yaw=-1.17
294.383333445,[debug],turtlebot2,simulation,robot-pose,x=-39.50;y=33.84;yaw=0.46
294.400000095,[debug],turtlebot3,simulation,robot-pose,x=-37.66;y=21.77;yaw=-0.03
294.433333397,[debug],turtlebot2,simulation,robot-pose,x=-39.50;y=33.84;yaw=0.46
294.433333397,[debug],turtlebot3,simulation,robot-pose,x=-37.66;y=21.77;yaw=-0.03
294.450000048,[debug],turtlebot4,simulation,robot-pose,x=-32.92;y=33.98;yaw=-3.05
294.450000048,[debug],turtlebot4,simulation,robot-pose,x=-32.92;y=33.98;yaw=-3.05
294.483333349,[debug],turtlebot5,simulation,robot-pose,x=-21.03;y=18.00;yaw=-1.54
294.483333349,[debug],turtlebot5,simulation,robot-pose,x=-21.03;y=18.00;yaw=-1.54
295.150000095,[info],nurse,sync,wait-message,(status=message-received)
295.150000095,[info],nurse,sync,wait-message,(status=message-received)
301.066666603,[debug],turtlebot3,move-base-info,Hooray, the base moved arrived,(x=-37;y=21.5)
301.066666603,[debug],turtlebot3,move-base-info,Hooray, the base moved arrived,(x=-37;y=21.5)
301.133333445,[debug],turtlebot3,task-update,navigation,way-point-reached,25.0%
302.416666746,[info],nurse,sync,request-sent,(status=waiting)
302.433333397,[info],nurse,sync,request-sent,(status=waiting)
305.150000095,[info],nurse,sync,wait-message,(status=message-received)
305.150000095,[info],nurse,sync,wait-message,(status=message-received)
309.083333254,[debug],turtlebot1,simulation,robot-pose,x=-13.45;y=17.94;yaw=-1.16
309.083333254,[debug],turtlebot1,simulation,robot-pose,x=-13.45;y=17.94;yaw=-1.16
309.383333445,[debug],turtlebot2,simulation,robot-pose,x=-39.50;y=33.84;yaw=0.46
309.400000095,[debug],turtlebot3,simulation,robot-pose,x=-37.27;y=21.30;yaw=-1.02
309.416666746,[debug],turtlebot2,simulation,robot-pose,x=-39.50;y=33.84;yaw=0.46
309.416666746,[debug],turtlebot3,simulation,robot-pose,x=-37.27;y=21.30;yaw=-1.02
309.450000048,[debug],turtlebot4,simulation,robot-pose,x=-32.92;y=33.98;yaw=-3.06
309.450000048,[debug],turtlebot4,simulation,robot-pose,x=-32.92;y=33.98;yaw=-3.06
309.483333349,[debug],turtlebot5,simulation,robot-pose,x=-21.03;y=18.00;yaw=-1.54
309.483333349,[debug],turtlebot5,simulation,robot-pose,x=-21.03;y=18.00;yaw=-1.54
315.150000095,[info],nurse,sync,wait-message,(status=message-received)
315.150000095,[info],nurse,sync,wait-message,(status=message-received)
315.933333397,[info],turtlebot3,skill-life-cycle,navigation,(status=RUNNING, parameters=[[-37.0, 21.5, -1.5707963267948966, True], [-37.0, 16.0, 0.0, True], [-26.0, 16.0, -1.5707963267948966, True], [-26.0, 13.0, 1.57, False]])
324.083333254,[debug],turtlebot1,simulation,robot-pose,x=-13.45;y=17.94;yaw=-1.14
324.083333254,[debug],turtlebot1,simulation,robot-pose,x=-13.45;y=17.94;yaw=-1.14
324.383333445,[debug],turtlebot2,simulation,robot-pose,x=-39.50;y=33.84;yaw=0.46
324.400000095,[debug],turtlebot3,simulation,robot-pose,x=-37.07;y=19.06;yaw=-1.56
324.450000048,[debug],turtlebot2,simulation,robot-pose,x=-39.50;y=33.84;yaw=0.46
324.450000048,[debug],turtlebot3,simulation,robot-pose,x=-37.07;y=19.06;yaw=-1.56
324.466666698,[debug],turtlebot4,simulation,robot-pose,x=-32.92;y=33.98;yaw=-3.06
324.466666698,[debug],turtlebot4,simulation,robot-pose,x=-32.92;y=33.98;yaw=-3.06
324.483333349,[debug],turtlebot5,simulation,robot-pose,x=-21.03;y=18.00;yaw=-1.54
324.483333349,[debug],turtlebot5,simulation,robot-pose,x=-21.03;y=18.00;yaw=-1.54
339.083333254,[debug],turtlebot1,simulation,robot-pose,x=-13.44;y=17.94;yaw=-1.13
339.083333254,[debug],turtlebot1,simulation,robot-pose,x=-13.44;y=17.94;yaw=-1.13
339.383333445,[debug],turtlebot2,simulation,robot-pose,x=-39.50;y=33.84;yaw=0.46
339.400000095,[debug],turtlebot3,simulation,robot-pose,x=-37.24;y=16.52;yaw=-1.85
339.450000048,[debug],turtlebot4,simulation,robot-pose,x=-32.93;y=33.98;yaw=-3.06
339.450000048,[debug],turtlebot2,simulation,robot-pose,x=-39.50;y=33.84;yaw=0.46
339.450000048,[debug],turtlebot3,simulation,robot-pose,x=-37.24;y=16.52;yaw=-1.85
339.450000048,[debug],turtlebot4,simulation,robot-pose,x=-32.93;y=33.98;yaw=-3.06
339.483333349,[debug],turtlebot5,simulation,robot-pose,x=-21.03;y=18.00;yaw=-1.54
339.483333349,[debug],turtlebot5,simulation,robot-pose,x=-21.03;y=18.00;yaw=-1.54
346.049999952,[debug],turtlebot3,move-base-info,Hooray, the base moved arrived,(x=-37;y=16)
346.049999952,[debug],turtlebot3,move-base-info,Hooray, the base moved arrived,(x=-37;y=16)
346.166666746,[debug],turtlebot3,task-update,navigation,way-point-reached,50.0%
354.083333254,[debug],turtlebot1,simulation,robot-pose,x=-13.44;y=17.94;yaw=-1.12
354.083333254,[debug],turtlebot1,simulation,robot-pose,x=-13.44;y=17.94;yaw=-1.12
354.383333445,[debug],turtlebot2,simulation,robot-pose,x=-39.50;y=33.84;yaw=0.46
354.400000095,[debug],turtlebot3,simulation,robot-pose,x=-37.03;y=16.26;yaw=-0.64
354.433333397,[debug],turtlebot2,simulation,robot-pose,x=-39.50;y=33.84;yaw=0.46
354.433333397,[debug],turtlebot3,simulation,robot-pose,x=-37.03;y=16.26;yaw=-0.64
354.450000048,[debug],turtlebot4,simulation,robot-pose,x=-32.93;y=33.98;yaw=-3.06
354.450000048,[debug],turtlebot4,simulation,robot-pose,x=-32.93;y=33.98;yaw=-3.06
354.483333349,[debug],turtlebot5,simulation,robot-pose,x=-21.03;y=18.00;yaw=-1.54
354.483333349,[debug],turtlebot5,simulation,robot-pose,x=-21.03;y=18.00;yaw=-1.54
366.616666555,[info],turtlebot3,skill-life-cycle,navigation,(status=RUNNING, parameters=[[-37.0, 21.5, -1.5707963267948966, True], [-37.0, 16.0, 0.0, True], [-26.0, 16.0, -1.5707963267948966, True], [-26.0, 13.0, 1.57, False]])
369.083333254,[debug],turtlebot1,simulation,robot-pose,x=-13.44;y=17.94;yaw=-1.12
369.083333254,[debug],turtlebot1,simulation,robot-pose,x=-13.44;y=17.94;yaw=-1.12
369.383333445,[debug],turtlebot2,simulation,robot-pose,x=-39.50;y=33.84;yaw=0.46
369.400000095,[debug],turtlebot3,simulation,robot-pose,x=-35.92;y=15.43;yaw=-0.35
369.450000048,[debug],turtlebot4,simulation,robot-pose,x=-32.93;y=33.98;yaw=-3.06
369.450000048,[debug],turtlebot2,simulation,robot-pose,x=-39.50;y=33.84;yaw=0.46
369.450000048,[debug],turtlebot3,simulation,robot-pose,x=-35.92;y=15.43;yaw=-0.35
369.466666698,[debug],turtlebot4,simulation,robot-pose,x=-32.93;y=33.98;yaw=-3.06
369.483333349,[debug],turtlebot5,simulation,robot-pose,x=-21.03;y=18.00;yaw=-1.54
369.483333349,[debug],turtlebot5,simulation,robot-pose,x=-21.03;y=18.00;yaw=-1.54
384.083333254,[debug],turtlebot1,simulation,robot-pose,x=-13.44;y=17.93;yaw=-1.11
384.083333254,[debug],turtlebot1,simulation,robot-pose,x=-13.44;y=17.93;yaw=-1.11
384.383333445,[debug],turtlebot2,simulation,robot-pose,x=-39.50;y=33.84;yaw=0.46
384.400000095,[debug],turtlebot3,simulation,robot-pose,x=-34.67;y=15.30;yaw=-0.00
384.450000048,[debug],turtlebot4,simulation,robot-pose,x=-32.93;y=33.98;yaw=-3.06
384.450000048,[debug],turtlebot2,simulation,robot-pose,x=-39.50;y=33.84;yaw=0.46
384.450000048,[debug],turtlebot3,simulation,robot-pose,x=-34.67;y=15.30;yaw=-0.00
384.466666698,[debug],turtlebot4,simulation,robot-pose,x=-32.93;y=33.98;yaw=-3.06
384.483333349,[debug],turtlebot5,simulation,robot-pose,x=-21.03;y=18.00;yaw=-1.54
384.483333349,[debug],turtlebot5,simulation,robot-pose,x=-21.03;y=18.00;yaw=-1.54
399.083333254,[debug],turtlebot1,simulation,robot-pose,x=-13.43;y=17.93;yaw=-1.10
399.083333254,[debug],turtlebot1,simulation,robot-pose,x=-13.43;y=17.93;yaw=-1.10
399.383333445,[debug],turtlebot2,simulation,robot-pose,x=-39.50;y=33.84;yaw=0.46
399.400000095,[debug],turtlebot3,simulation,robot-pose,x=-33.42;y=15.35;yaw=-0.01
399.450000048,[debug],turtlebot4,simulation,robot-pose,x=-32.93;y=33.98;yaw=-3.06
399.466666698,[debug],turtlebot2,simulation,robot-pose,x=-39.50;y=33.84;yaw=0.46
399.466666698,[debug],turtlebot3,simulation,robot-pose,x=-33.42;y=15.35;yaw=-0.01
399.466666698,[debug],turtlebot4,simulation,robot-pose,x=-32.93;y=33.98;yaw=-3.06
399.483333349,[debug],turtlebot5,simulation,robot-pose,x=-21.03;y=18.00;yaw=-1.54
399.483333349,[debug],turtlebot5,simulation,robot-pose,x=-21.03;y=18.00;yaw=-1.54
414.083333254,[debug],turtlebot1,simulation,robot-pose,x=-13.43;y=17.93;yaw=-1.10
414.083333254,[debug],turtlebot1,simulation,robot-pose,x=-13.43;y=17.93;yaw=-1.10
414.383333445,[debug],turtlebot2,simulation,robot-pose,x=-39.50;y=33.84;yaw=0.46
414.400000095,[debug],turtlebot3,simulation,robot-pose,x=-32.17;y=15.33;yaw=0.01
414.450000048,[debug],turtlebot4,simulation,robot-pose,x=-32.93;y=33.98;yaw=-3.06
414.450000048,[debug],turtlebot2,simulation,robot-pose,x=-39.50;y=33.84;yaw=0.46
414.450000048,[debug],turtlebot3,simulation,robot-pose,x=-32.17;y=15.33;yaw=0.01
414.466666698,[debug],turtlebot4,simulation,robot-pose,x=-32.93;y=33.98;yaw=-3.06
414.483333349,[debug],turtlebot5,simulation,robot-pose,x=-21.03;y=18.00;yaw=-1.54
414.483333349,[debug],turtlebot5,simulation,robot-pose,x=-21.03;y=18.00;yaw=-1.54
416.366666555,[info],turtlebot3,skill-life-cycle,navigation,(status=RUNNING, parameters=[[-37.0, 21.5, -1.5707963267948966, True], [-37.0, 16.0, 0.0, True], [-26.0, 16.0, -1.5707963267948966, True], [-26.0, 13.0, 1.57, False]])
429.083333254,[debug],turtlebot1,simulation,robot-pose,x=-13.43;y=17.93;yaw=-1.09
429.083333254,[debug],turtlebot1,simulation,robot-pose,x=-13.43;y=17.93;yaw=-1.09
429.383333445,[debug],turtlebot2,simulation,robot-pose,x=-39.50;y=33.84;yaw=0.46
429.400000095,[debug],turtlebot3,simulation,robot-pose,x=-30.93;y=15.51;yaw=0.12
429.433333397,[debug],turtlebot2,simulation,robot-pose,x=-39.50;y=33.84;yaw=0.46
429.433333397,[debug],turtlebot3,simulation,robot-pose,x=-30.93;y=15.51;yaw=0.12
429.450000048,[debug],turtlebot4,simulation,robot-pose,x=-32.93;y=33.98;yaw=-3.06
429.450000048,[debug],turtlebot4,simulation,robot-pose,x=-32.93;y=33.98;yaw=-3.06
429.483333349,[debug],turtlebot5,simulation,robot-pose,x=-21.03;y=18.00;yaw=-1.54
429.483333349,[debug],turtlebot5,simulation,robot-pose,x=-21.03;y=18.00;yaw=-1.54
444.083333254,[debug],turtlebot1,simulation,robot-pose,x=-13.42;y=17.93;yaw=-1.09
444.083333254,[debug],turtlebot1,simulation,robot-pose,x=-13.42;y=17.93;yaw=-1.09
444.383333445,[debug],turtlebot2,simulation,robot-pose,x=-39.50;y=33.84;yaw=0.46
444.400000095,[debug],turtlebot3,simulation,robot-pose,x=-29.68;y=15.56;yaw=0.01
444.433333397,[debug],turtlebot2,simulation,robot-pose,x=-39.50;y=33.84;yaw=0.46
444.433333397,[debug],turtlebot3,simulation,robot-pose,x=-29.68;y=15.56;yaw=0.01
444.450000048,[debug],turtlebot4,simulation,robot-pose,x=-32.93;y=33.98;yaw=-3.06
444.450000048,[debug],turtlebot4,simulation,robot-pose,x=-32.93;y=33.98;yaw=-3.06
444.483333349,[debug],turtlebot5,simulation,robot-pose,x=-21.03;y=18.00;yaw=-1.54
444.483333349,[debug],turtlebot5,simulation,robot-pose,x=-21.03;y=18.00;yaw=-1.54
459.083333254,[debug],turtlebot1,simulation,robot-pose,x=-13.42;y=17.92;yaw=-1.07
459.083333254,[debug],turtlebot1,simulation,robot-pose,x=-13.42;y=17.92;yaw=-1.07
459.383333445,[debug],turtlebot2,simulation,robot-pose,x=-39.50;y=33.84;yaw=0.46
459.400000095,[debug],turtlebot3,simulation,robot-pose,x=-28.43;y=15.56;yaw=-0.00
459.450000048,[debug],turtlebot4,simulation,robot-pose,x=-32.93;y=33.98;yaw=-3.06
459.450000048,[debug],turtlebot2,simulation,robot-pose,x=-39.50;y=33.84;yaw=0.46
459.450000048,[debug],turtlebot3,simulation,robot-pose,x=-28.43;y=15.56;yaw=-0.00
459.466666698,[debug],turtlebot4,simulation,robot-pose,x=-32.93;y=33.98;yaw=-3.06
459.483333349,[debug],turtlebot5,simulation,robot-pose,x=-21.03;y=18.00;yaw=-1.54
459.483333349,[debug],turtlebot5,simulation,robot-pose,x=-21.03;y=18.00;yaw=-1.54
466.383333445,[info],turtlebot3,skill-life-cycle,navigation,(status=RUNNING, parameters=[[-37.0, 21.5, -1.5707963267948966, True], [-37.0, 16.0, 0.0, True], [-26.0, 16.0, -1.5707963267948966, True], [-26.0, 13.0, 1.57, False]])
474.083333254,[debug],turtlebot1,simulation,robot-pose,x=-13.42;y=17.92;yaw=-1.06
474.083333254,[debug],turtlebot1,simulation,robot-pose,x=-13.42;y=17.92;yaw=-1.06
474.383333445,[debug],turtlebot2,simulation,robot-pose,x=-39.50;y=33.84;yaw=0.46
474.400000095,[debug],turtlebot3,simulation,robot-pose,x=-27.18;y=15.65;yaw=0.31
474.433333397,[debug],turtlebot2,simulation,robot-pose,x=-39.50;y=33.84;yaw=0.46
474.433333397,[debug],turtlebot3,simulation,robot-pose,x=-27.18;y=15.65;yaw=0.31
474.450000048,[debug],turtlebot4,simulation,robot-pose,x=-32.93;y=33.98;yaw=-3.06
474.450000048,[debug],turtlebot4,simulation,robot-pose,x=-32.93;y=33.98;yaw=-3.06
474.483333349,[debug],turtlebot5,simulation,robot-pose,x=-21.03;y=18.00;yaw=-1.54
474.483333349,[debug],turtlebot5,simulation,robot-pose,x=-21.03;y=18.00;yaw=-1.54
488.216666698,[debug],turtlebot3,move-base-info,Hooray, the base moved arrived,(x=-26;y=16)
488.216666698,[debug],turtlebot3,move-base-info,Hooray, the base moved arrived,(x=-26;y=16)
488.383333445,[debug],turtlebot3,task-update,navigation,way-point-reached,75.0%
489.083333254,[debug],turtlebot1,simulation,robot-pose,x=-13.42;y=17.92;yaw=-1.05
489.083333254,[debug],turtlebot1,simulation,robot-pose,x=-13.42;y=17.92;yaw=-1.05
489.383333445,[debug],turtlebot2,simulation,robot-pose,x=-39.50;y=33.84;yaw=0.46
489.400000095,[debug],turtlebot3,simulation,robot-pose,x=-26.43;y=15.95;yaw=-1.52
489.450000048,[debug],turtlebot4,simulation,robot-pose,x=-32.93;y=33.98;yaw=-3.06
489.450000048,[debug],turtlebot2,simulation,robot-pose,x=-39.50;y=33.84;yaw=0.46
489.450000048,[debug],turtlebot3,simulation,robot-pose,x=-26.43;y=15.95;yaw=-1.52
489.450000048,[debug],turtlebot4,simulation,robot-pose,x=-32.93;y=33.98;yaw=-3.06
489.483333349,[debug],turtlebot5,simulation,robot-pose,x=-21.03;y=18.00;yaw=-1.54
489.483333349,[debug],turtlebot5,simulation,robot-pose,x=-21.03;y=18.00;yaw=-1.54
504.083333254,[debug],turtlebot1,simulation,robot-pose,x=-13.42;y=17.92;yaw=-1.04
504.083333254,[debug],turtlebot1,simulation,robot-pose,x=-13.42;y=17.92;yaw=-1.04
504.383333445,[debug],turtlebot2,simulation,robot-pose,x=-39.50;y=33.84;yaw=0.46
504.400000095,[debug],turtlebot3,simulation,robot-pose,x=-26.15;y=14.49;yaw=-1.60
504.433333397,[debug],turtlebot2,simulation,robot-pose,x=-39.50;y=33.84;yaw=0.46
504.433333397,[debug],turtlebot3,simulation,robot-pose,x=-26.15;y=14.49;yaw=-1.60
504.450000048,[debug],turtlebot4,simulation,robot-pose,x=-32.93;y=33.98;yaw=-3.06
504.450000048,[debug],turtlebot4,simulation,robot-pose,x=-32.93;y=33.98;yaw=-3.06
504.483333349,[debug],turtlebot5,simulation,robot-pose,x=-21.03;y=18.00;yaw=-1.54
504.483333349,[debug],turtlebot5,simulation,robot-pose,x=-21.03;y=18.00;yaw=-1.54
516.683333397,[info],turtlebot3,skill-life-cycle,navigation,(status=RUNNING, parameters=[[-37.0, 21.5, -1.5707963267948966, True], [-37.0, 16.0, 0.0, True], [-26.0, 16.0, -1.5707963267948966, True], [-26.0, 13.0, 1.57, False]])
519.083333254,[debug],turtlebot1,simulation,robot-pose,x=-13.42;y=17.92;yaw=-1.04
519.083333254,[debug],turtlebot1,simulation,robot-pose,x=-13.42;y=17.92;yaw=-1.04
519.383333445,[debug],turtlebot2,simulation,robot-pose,x=-39.50;y=33.84;yaw=0.46
519.400000095,[debug],turtlebot3,simulation,robot-pose,x=-26.07;y=13.43;yaw=2.67
519.433333397,[debug],turtlebot2,simulation,robot-pose,x=-39.50;y=33.84;yaw=0.46
519.433333397,[debug],turtlebot3,simulation,robot-pose,x=-26.07;y=13.43;yaw=2.67
519.450000048,[debug],turtlebot4,simulation,robot-pose,x=-32.93;y=33.98;yaw=-3.05
519.450000048,[debug],turtlebot4,simulation,robot-pose,x=-32.93;y=33.98;yaw=-3.05
519.483333349,[debug],turtlebot5,simulation,robot-pose,x=-21.03;y=18.00;yaw=-1.54
519.483333349,[debug],turtlebot5,simulation,robot-pose,x=-21.03;y=18.00;yaw=-1.54
522.816666603,[debug],turtlebot3,move-base-info,Hooray, the base moved arrived,(x=-26;y=13)
522.816666603,[debug],turtlebot3,move-base-info,Hooray, the base moved arrived,(x=-26;y=13)
523.033333302,[debug],turtlebot3,task-update,navigation,way-point-reached,100.0%
523.133333445,[debug],turtlebot3,available-skills,['send_message', 'wait_message', 'approach_person', 'approach_robot', 'authenticate_person', 'deposit', 'navigation', 'operate_drawer', 'pick_up'],
523.133333445,[info],turtlebot3,skill-life-cycle,approach_robot,(status=STARTED, parameters=['lab_arm'])
523.200000048,[debug],turtlebot3,task-update,approach_robot,localize-robot,(who=lab_arm)
523.283333302,[debug],turtlebot3,task-update,approach_robot,goto-robot,(who=lab_arm)
523.366666555,[debug],turtlebot3,available-skills,['send_message', 'wait_message', 'approach_person', 'approach_robot', 'authenticate_person', 'deposit', 'navigation', 'operate_drawer', 'pick_up'],
523.366666555,[info],turtlebot3,skill-life-cycle,operate_drawer,(status=STARTED, parameters=['open'])
523.400000095,[debug],turtlebot3,task-update,operate_drawer,open
524.383333445,[debug],turtlebot3,available-skills,['send_message', 'wait_message', 'approach_person', 'approach_robot', 'authenticate_person', 'deposit', 'navigation', 'operate_drawer', 'pick_up'],
524.383333445,[info],turtlebot3,skill-life-cycle,send_message,(status=STARTED, parameters=['lab_arm'])
524.483333349,[info],turtlebot3,sync,send-message,(to=lab_arm)
526.283333302,[info],lab_arm,sync,wait-message,(status=message-received)
526.283333302,[info],Inventory,sync,wait-sample,(status=sample-received)
526.283333302,ENDSIM
526.416666746,[info],lab_arm,sync,wait-message,(status=message-received)
526.416666746,[info],Inventory,sync,wait-sample,(status=sample-received)
526.416666746,ENDSIM
534.083333254,[debug],turtlebot1,simulation,robot-pose,x=-13.41;y=17.91;yaw=-1.03
534.083333254,[debug],turtlebot1,simulation,robot-pose,x=-13.41;y=17.91;yaw=-1.03
534.383333445,[debug],turtlebot2,simulation,robot-pose,x=-39.50;y=33.84;yaw=0.46
534.400000095,[debug],turtlebot3,simulation,robot-pose,x=-26.09;y=13.41;yaw=1.62
534.400000095,[debug],turtlebot2,simulation,robot-pose,x=-39.50;y=33.84;yaw=0.46
534.400000095,[debug],turtlebot3,simulation,robot-pose,x=-26.09;y=13.41;yaw=1.62
534.450000048,[debug],turtlebot4,simulation,robot-pose,x=-32.93;y=33.98;yaw=-3.05
534.450000048,[debug],turtlebot4,simulation,robot-pose,x=-32.93;y=33.98;yaw=-3.05
534.483333349,[debug],turtlebot5,simulation,robot-pose,x=-21.03;y=18.00;yaw=-1.54
534.483333349,[debug],turtlebot5,simulation,robot-pose,x=-21.03;y=18.00;yaw=-1.54
536.283333302,[info],Inventory,sync,wait-sample,(status=sample-received)
536.283333302,ENDSIM
536.283333302,[info],lab_arm,sync,wait-message,(status=message-received)
536.283333302,[info],Inventory,sync,wait-sample,(status=sample-received)
536.283333302,ENDSIM
536.383333445,[info],Inventory,sync,wait-sample,(status=sample-received)
536.383333445,ENDSIM
536.383333445,[info],lab_arm,sync,wait-message,(status=message-received)
536.383333445,[info],Inventory,sync,wait-sample,(status=sample-received)
536.383333445,ENDSIM
0.0,[debug],simulation closed,reach-target,execution-wall-clock=647.6833395957947
