6.03333330154,[debug],turtlebot2,move-base-info,Move_base is up and ok....,
7.40000009537,[debug],turtlebot5,move-base-info,Move_base is up and ok....,
14.4666666985,[debug],turtlebot3,available-skills,['send_message', 'wait_message', 'approach_person', 'approach_robot', 'authenticate_person', 'deposit', 'navigation', 'operate_drawer', 'pick_up'],
14.4666666985,[info],turtlebot3,skill-life-cycle,navigation,(status=STARTED, parameters=[[-27.23, 16.0, 3.141592653589793, True], [-37.0, 16.0, 1.5707963267948966, True], [-37.0, 18.93, 0.0, True], [-33.9, 18.93, 3.14, False]])
14.75,[info],turtlebot1,skill-life-cycle,init_robobt,(status=RUNNING, parameters=[])
15.0999999046,[info],turtlebot4,skill-life-cycle,init_robobt,(status=RUNNING, parameters=[])
15.3333332539,[info],turtlebot5,skill-life-cycle,init_robobt,(status=RUNNING, parameters=[])
15.3666667938,[info],turtlebot2,skill-life-cycle,init_robobt,(status=RUNNING, parameters=[])
20.1500000954,[debug],turtlebot2,available-skills,['send_message', 'wait_message', 'approach_person', 'approach_robot', 'authenticate_person', 'deposit', 'navigation', 'operate_drawer', 'pick_up'],
20.1500000954,[info],turtlebot2,skill-life-cycle,navigation,(status=STARTED, parameters=[[-27.23, 16.0, 3.141592653589793, True], [-37.0, 16.0, 1.5707963267948966, True], [-37.0, 18.93, 0.0, True], [-33.9, 18.93, 3.14, False]])
26.5999999046,[debug],turtlebot1,simulation,robot-pose,x=-11.46;y=17.82;yaw=-1.25
26.6333334446,[debug],turtlebot1,simulation,robot-pose,x=-11.46;y=17.82;yaw=-1.25
26.8333332539,[debug],turtlebot2,simulation,robot-pose,x=-28.57;y=17.71;yaw=-1.32
26.8333332539,[debug],turtlebot2,simulation,robot-pose,x=-28.57;y=17.71;yaw=-1.32
26.8666667938,[debug],turtlebot3,simulation,robot-pose,x=-27.15;y=17.32;yaw=-1.48
26.8666667938,[debug],turtlebot4,simulation,robot-pose,x=-40.39;y=25.23;yaw=0.34
26.8666667938,[debug],turtlebot5,simulation,robot-pose,x=-32.89;y=33.97;yaw=-3.10
26.8666667938,[debug],turtlebot3,simulation,robot-pose,x=-27.15;y=17.32;yaw=-1.48
26.8666667938,[debug],turtlebot4,simulation,robot-pose,x=-40.39;y=25.23;yaw=0.34
26.8666667938,[debug],turtlebot5,simulation,robot-pose,x=-32.89;y=33.97;yaw=-3.10
40.7833333015,[debug],turtlebot3,move-base-info,Hooray, the base moved arrived,(x=-27.23;y=16)
40.7833333015,[debug],turtlebot3,move-base-info,Hooray, the base moved arrived,(x=-27.23;y=16)
40.8166666031,[debug],turtlebot3,task-update,navigation,way-point-reached,25.0%
41.5999999046,[debug],turtlebot1,simulation,robot-pose,x=-11.46;y=17.82;yaw=-1.25
41.6333334446,[debug],turtlebot1,simulation,robot-pose,x=-11.46;y=17.82;yaw=-1.25
41.8333332539,[debug],turtlebot2,simulation,robot-pose,x=-28.27;y=16.52;yaw=-0.55
41.8333332539,[debug],turtlebot2,simulation,robot-pose,x=-28.27;y=16.52;yaw=-0.55
41.8666667938,[debug],turtlebot4,simulation,robot-pose,x=-40.39;y=25.23;yaw=0.33
41.8666667938,[debug],turtlebot4,simulation,robot-pose,x=-40.39;y=25.23;yaw=0.33
41.8666667938,[debug],turtlebot5,simulation,robot-pose,x=-32.89;y=33.97;yaw=-3.10
41.8666667938,[debug],turtlebot5,simulation,robot-pose,x=-32.89;y=33.97;yaw=-3.10
41.8666667938,[debug],turtlebot3,simulation,robot-pose,x=-27.13;y=16.45;yaw=-3.09
41.8666667938,[debug],turtlebot3,simulation,robot-pose,x=-27.13;y=16.45;yaw=-3.09
56.2666666508,[info],turtlebot3,skill-life-cycle,navigation,(status=RUNNING, parameters=[[-27.23, 16.0, 3.141592653589793, True], [-37.0, 16.0, 1.5707963267948966, True], [-37.0, 18.93, 0.0, True], [-33.9, 18.93, 3.14, False]])
56.5999999046,[debug],turtlebot1,simulation,robot-pose,x=-11.46;y=17.82;yaw=-1.25
56.6666667461,[debug],turtlebot1,simulation,robot-pose,x=-11.46;y=17.82;yaw=-1.25
56.8333332539,[debug],turtlebot2,simulation,robot-pose,x=-27.94;y=16.26;yaw=0.15
56.8333332539,[debug],turtlebot2,simulation,robot-pose,x=-27.94;y=16.26;yaw=0.15
56.8666667938,[debug],turtlebot4,simulation,robot-pose,x=-40.39;y=25.23;yaw=0.33
56.8666667938,[debug],turtlebot4,simulation,robot-pose,x=-40.39;y=25.23;yaw=0.33
56.8666667938,[debug],turtlebot5,simulation,robot-pose,x=-32.89;y=33.97;yaw=-3.10
56.8666667938,[debug],turtlebot5,simulation,robot-pose,x=-32.89;y=33.97;yaw=-3.10
56.8666667938,[debug],turtlebot3,simulation,robot-pose,x=-27.50;y=16.41;yaw=-2.99
56.8666667938,[debug],turtlebot3,simulation,robot-pose,x=-27.50;y=16.41;yaw=-2.99
62.4833333492,[info],turtlebot2,skill-life-cycle,navigation,(status=RUNNING, parameters=[[-27.23, 16.0, 3.141592653589793, True], [-37.0, 16.0, 1.5707963267948966, True], [-37.0, 18.93, 0.0, True], [-33.9, 18.93, 3.14, False]])
71.5999999046,[debug],turtlebot1,simulation,robot-pose,x=-11.46;y=17.82;yaw=-1.25
71.6333334446,[debug],turtlebot1,simulation,robot-pose,x=-11.46;y=17.82;yaw=-1.25
71.8333332539,[debug],turtlebot2,simulation,robot-pose,x=-29.17;y=15.86;yaw=0.36
71.8333332539,[debug],turtlebot2,simulation,robot-pose,x=-29.17;y=15.86;yaw=0.36
71.8666667938,[debug],turtlebot4,simulation,robot-pose,x=-40.39;y=25.23;yaw=0.33
71.8666667938,[debug],turtlebot5,simulation,robot-pose,x=-32.89;y=33.97;yaw=-3.10
71.8666667938,[debug],turtlebot4,simulation,robot-pose,x=-40.39;y=25.23;yaw=0.33
71.8666667938,[debug],turtlebot5,simulation,robot-pose,x=-32.89;y=33.97;yaw=-3.10
71.8666667938,[debug],turtlebot3,simulation,robot-pose,x=-28.77;y=16.06;yaw=-2.78
71.8666667938,[debug],turtlebot3,simulation,robot-pose,x=-28.77;y=16.06;yaw=-2.78
86.5999999046,[debug],turtlebot1,simulation,robot-pose,x=-11.46;y=17.82;yaw=-1.25
86.6500000954,[debug],turtlebot1,simulation,robot-pose,x=-11.46;y=17.82;yaw=-1.25
86.8333332539,[debug],turtlebot2,simulation,robot-pose,x=-30.24;y=15.34;yaw=0.48
86.8333332539,[debug],turtlebot2,simulation,robot-pose,x=-30.24;y=15.34;yaw=0.48
86.8666667938,[debug],turtlebot5,simulation,robot-pose,x=-32.90;y=33.97;yaw=-3.10
86.8666667938,[debug],turtlebot5,simulation,robot-pose,x=-32.90;y=33.97;yaw=-3.10
86.8666667938,[debug],turtlebot4,simulation,robot-pose,x=-40.39;y=25.23;yaw=0.33
86.8666667938,[debug],turtlebot3,simulation,robot-pose,x=-29.85;y=15.58;yaw=-2.66
86.8666667938,[debug],turtlebot4,simulation,robot-pose,x=-40.39;y=25.23;yaw=0.33
86.8666667938,[debug],turtlebot3,simulation,robot-pose,x=-29.85;y=15.58;yaw=-2.66
101.599999905,[debug],turtlebot1,simulation,robot-pose,x=-11.46;y=17.82;yaw=-1.25
101.666666746,[debug],turtlebot1,simulation,robot-pose,x=-11.46;y=17.82;yaw=-1.25
101.833333254,[debug],turtlebot2,simulation,robot-pose,x=-30.15;y=15.35;yaw=0.59
101.833333254,[debug],turtlebot2,simulation,robot-pose,x=-30.15;y=15.35;yaw=0.59
101.866666794,[debug],turtlebot4,simulation,robot-pose,x=-40.39;y=25.23;yaw=0.33
101.866666794,[debug],turtlebot4,simulation,robot-pose,x=-40.39;y=25.23;yaw=0.33
101.866666794,[debug],turtlebot5,simulation,robot-pose,x=-32.90;y=33.97;yaw=-3.10
101.866666794,[debug],turtlebot5,simulation,robot-pose,x=-32.90;y=33.97;yaw=-3.10
101.866666794,[debug],turtlebot3,simulation,robot-pose,x=-29.79;y=15.63;yaw=-2.55
101.866666794,[debug],turtlebot3,simulation,robot-pose,x=-29.79;y=15.63;yaw=-2.55
102.099999905,[info],turtlebot3,skill-life-cycle,navigation,(status=RUNNING, parameters=[[-27.23, 16.0, 3.141592653589793, True], [-37.0, 16.0, 1.5707963267948966, True], [-37.0, 18.93, 0.0, True], [-33.9, 18.93, 3.14, False]])
108.416666746,[info],turtlebot2,skill-life-cycle,navigation,(status=RUNNING, parameters=[[-27.23, 16.0, 3.141592653589793, True], [-37.0, 16.0, 1.5707963267948966, True], [-37.0, 18.93, 0.0, True], [-33.9, 18.93, 3.14, False]])
116.599999905,[debug],turtlebot1,simulation,robot-pose,x=-11.46;y=17.82;yaw=-1.25
116.633333445,[debug],turtlebot1,simulation,robot-pose,x=-11.46;y=17.82;yaw=-1.25
116.833333254,[debug],turtlebot2,simulation,robot-pose,x=-30.08;y=15.37;yaw=0.69
116.833333254,[debug],turtlebot2,simulation,robot-pose,x=-30.08;y=15.37;yaw=0.69
116.866666794,[debug],turtlebot3,simulation,robot-pose,x=-29.75;y=15.68;yaw=-2.45
116.866666794,[debug],turtlebot3,simulation,robot-pose,x=-29.75;y=15.68;yaw=-2.45
116.866666794,[debug],turtlebot5,simulation,robot-pose,x=-32.90;y=33.97;yaw=-3.09
116.866666794,[debug],turtlebot5,simulation,robot-pose,x=-32.90;y=33.97;yaw=-3.09
116.866666794,[debug],turtlebot4,simulation,robot-pose,x=-40.39;y=25.23;yaw=0.33
116.866666794,[debug],turtlebot4,simulation,robot-pose,x=-40.39;y=25.23;yaw=0.33
131.599999905,[debug],turtlebot1,simulation,robot-pose,x=-11.46;y=17.82;yaw=-1.25
131.650000095,[debug],turtlebot1,simulation,robot-pose,x=-11.46;y=17.82;yaw=-1.25
131.833333254,[debug],turtlebot2,simulation,robot-pose,x=-30.00;y=15.41;yaw=0.79
131.833333254,[debug],turtlebot2,simulation,robot-pose,x=-30.00;y=15.41;yaw=0.79
131.866666794,[debug],turtlebot3,simulation,robot-pose,x=-29.69;y=15.75;yaw=-2.36
131.866666794,[debug],turtlebot3,simulation,robot-pose,x=-29.69;y=15.75;yaw=-2.36
131.866666794,[debug],turtlebot5,simulation,robot-pose,x=-32.90;y=33.97;yaw=-3.09
131.866666794,[debug],turtlebot5,simulation,robot-pose,x=-32.90;y=33.97;yaw=-3.09
131.866666794,[debug],turtlebot4,simulation,robot-pose,x=-40.39;y=25.23;yaw=0.33
131.866666794,[debug],turtlebot4,simulation,robot-pose,x=-40.39;y=25.23;yaw=0.33
146.599999905,[debug],turtlebot1,simulation,robot-pose,x=-11.46;y=17.82;yaw=-1.25
146.633333445,[debug],turtlebot1,simulation,robot-pose,x=-11.46;y=17.82;yaw=-1.25
146.833333254,[debug],turtlebot2,simulation,robot-pose,x=-28.90;y=16.59;yaw=0.85
146.833333254,[debug],turtlebot2,simulation,robot-pose,x=-28.90;y=16.59;yaw=0.85
146.866666794,[debug],turtlebot3,simulation,robot-pose,x=-28.62;y=16.94;yaw=-2.30
146.866666794,[debug],turtlebot5,simulation,robot-pose,x=-32.90;y=33.97;yaw=-3.09
146.866666794,[debug],turtlebot3,simulation,robot-pose,x=-28.62;y=16.94;yaw=-2.30
146.866666794,[debug],turtlebot5,simulation,robot-pose,x=-32.90;y=33.97;yaw=-3.09
146.866666794,[debug],turtlebot4,simulation,robot-pose,x=-40.39;y=25.23;yaw=0.33
146.866666794,[debug],turtlebot4,simulation,robot-pose,x=-40.39;y=25.23;yaw=0.33
147.900000095,[info],turtlebot3,skill-life-cycle,navigation,(status=RUNNING, parameters=[[-27.23, 16.0, 3.141592653589793, True], [-37.0, 16.0, 1.5707963267948966, True], [-37.0, 18.93, 0.0, True], [-33.9, 18.93, 3.14, False]])
154.066666603,[info],turtlebot2,skill-life-cycle,navigation,(status=RUNNING, parameters=[[-27.23, 16.0, 3.141592653589793, True], [-37.0, 16.0, 1.5707963267948966, True], [-37.0, 18.93, 0.0, True], [-33.9, 18.93, 3.14, False]])
161.599999905,[debug],turtlebot1,simulation,robot-pose,x=-11.46;y=17.82;yaw=-1.25
161.616666794,[debug],turtlebot1,simulation,robot-pose,x=-11.46;y=17.82;yaw=-1.25
161.833333254,[debug],turtlebot2,simulation,robot-pose,x=-29.26;y=16.11;yaw=0.93
161.833333254,[debug],turtlebot2,simulation,robot-pose,x=-29.26;y=16.11;yaw=0.93
161.866666794,[debug],turtlebot3,simulation,robot-pose,x=-28.99;y=16.49;yaw=-2.21
161.866666794,[debug],turtlebot3,simulation,robot-pose,x=-28.99;y=16.49;yaw=-2.21
161.866666794,[debug],turtlebot5,simulation,robot-pose,x=-32.90;y=33.97;yaw=-3.09
161.866666794,[debug],turtlebot5,simulation,robot-pose,x=-32.90;y=33.97;yaw=-3.09
161.866666794,[debug],turtlebot4,simulation,robot-pose,x=-40.39;y=25.23;yaw=0.33
161.866666794,[debug],turtlebot4,simulation,robot-pose,x=-40.39;y=25.23;yaw=0.33
176.599999905,[debug],turtlebot1,simulation,robot-pose,x=-11.46;y=17.82;yaw=-1.25
176.650000095,[debug],turtlebot1,simulation,robot-pose,x=-11.46;y=17.82;yaw=-1.25
176.833333254,[debug],turtlebot2,simulation,robot-pose,x=-29.72;y=15.45;yaw=0.96
176.833333254,[debug],turtlebot2,simulation,robot-pose,x=-29.72;y=15.45;yaw=0.96
176.866666794,[debug],turtlebot3,simulation,robot-pose,x=-29.47;y=15.83;yaw=-2.18
176.866666794,[debug],turtlebot3,simulation,robot-pose,x=-29.47;y=15.83;yaw=-2.18
176.866666794,[debug],turtlebot5,simulation,robot-pose,x=-32.90;y=33.97;yaw=-3.09
176.866666794,[debug],turtlebot5,simulation,robot-pose,x=-32.90;y=33.97;yaw=-3.09
176.866666794,[debug],turtlebot4,simulation,robot-pose,x=-40.39;y=25.23;yaw=0.33
176.866666794,[debug],turtlebot4,simulation,robot-pose,x=-40.39;y=25.23;yaw=0.33
191.599999905,[debug],turtlebot1,simulation,robot-pose,x=-11.46;y=17.82;yaw=-1.25
191.666666746,[debug],turtlebot1,simulation,robot-pose,x=-11.46;y=17.82;yaw=-1.25
191.833333254,[debug],turtlebot2,simulation,robot-pose,x=-29.64;y=15.56;yaw=1.00
191.833333254,[debug],turtlebot2,simulation,robot-pose,x=-29.64;y=15.56;yaw=1.00
191.866666794,[debug],turtlebot4,simulation,robot-pose,x=-40.39;y=25.23;yaw=0.33
191.866666794,[debug],turtlebot5,simulation,robot-pose,x=-32.90;y=33.97;yaw=-3.09
191.866666794,[debug],turtlebot4,simulation,robot-pose,x=-40.39;y=25.23;yaw=0.33
191.866666794,[debug],turtlebot3,simulation,robot-pose,x=-29.40;y=15.95;yaw=-2.14
191.866666794,[debug],turtlebot5,simulation,robot-pose,x=-32.90;y=33.97;yaw=-3.09
191.866666794,[debug],turtlebot3,simulation,robot-pose,x=-29.40;y=15.95;yaw=-2.14
193.466666698,[info],turtlebot3,skill-life-cycle,navigation,(status=RUNNING, parameters=[[-27.23, 16.0, 3.141592653589793, True], [-37.0, 16.0, 1.5707963267948966, True], [-37.0, 18.93, 0.0, True], [-33.9, 18.93, 3.14, False]])
199.666666746,[info],turtlebot2,skill-life-cycle,navigation,(status=RUNNING, parameters=[[-27.23, 16.0, 3.141592653589793, True], [-37.0, 16.0, 1.5707963267948966, True], [-37.0, 18.93, 0.0, True], [-33.9, 18.93, 3.14, False]])
206.599999905,[debug],turtlebot1,simulation,robot-pose,x=-11.46;y=17.82;yaw=-1.25
206.633333445,[debug],turtlebot1,simulation,robot-pose,x=-11.46;y=17.82;yaw=-1.25
206.833333254,[debug],turtlebot2,simulation,robot-pose,x=-29.68;y=15.48;yaw=1.03
206.833333254,[debug],turtlebot2,simulation,robot-pose,x=-29.68;y=15.48;yaw=1.03
206.866666794,[debug],turtlebot3,simulation,robot-pose,x=-29.45;y=15.88;yaw=-2.12
206.866666794,[debug],turtlebot3,simulation,robot-pose,x=-29.45;y=15.88;yaw=-2.12
206.866666794,[debug],turtlebot5,simulation,robot-pose,x=-32.91;y=33.97;yaw=-3.09
206.866666794,[debug],turtlebot5,simulation,robot-pose,x=-32.91;y=33.97;yaw=-3.09
206.866666794,[debug],turtlebot4,simulation,robot-pose,x=-40.39;y=25.23;yaw=0.33
206.866666794,[debug],turtlebot4,simulation,robot-pose,x=-40.39;y=25.23;yaw=0.33
221.599999905,[debug],turtlebot1,simulation,robot-pose,x=-11.46;y=17.82;yaw=-1.25
221.650000095,[debug],turtlebot1,simulation,robot-pose,x=-11.46;y=17.82;yaw=-1.25
221.833333254,[debug],turtlebot2,simulation,robot-pose,x=-29.70;y=15.45;yaw=1.06
221.833333254,[debug],turtlebot2,simulation,robot-pose,x=-29.70;y=15.45;yaw=1.06
221.866666794,[debug],turtlebot5,simulation,robot-pose,x=-32.91;y=33.97;yaw=-3.08
221.866666794,[debug],turtlebot5,simulation,robot-pose,x=-32.91;y=33.97;yaw=-3.08
221.866666794,[debug],turtlebot3,simulation,robot-pose,x=-29.48;y=15.85;yaw=-2.08
221.866666794,[debug],turtlebot4,simulation,robot-pose,x=-40.39;y=25.23;yaw=0.33
221.866666794,[debug],turtlebot3,simulation,robot-pose,x=-29.48;y=15.85;yaw=-2.08
221.866666794,[debug],turtlebot4,simulation,robot-pose,x=-40.39;y=25.23;yaw=0.33
236.599999905,[debug],turtlebot1,simulation,robot-pose,x=-11.46;y=17.82;yaw=-1.25
236.650000095,[debug],turtlebot1,simulation,robot-pose,x=-11.46;y=17.82;yaw=-1.25
236.833333254,[debug],turtlebot2,simulation,robot-pose,x=-29.54;y=15.72;yaw=1.09
236.833333254,[debug],turtlebot2,simulation,robot-pose,x=-29.54;y=15.72;yaw=1.09
236.866666794,[debug],turtlebot3,simulation,robot-pose,x=-29.34;y=16.13;yaw=-2.05
236.866666794,[debug],turtlebot4,simulation,robot-pose,x=-40.39;y=25.23;yaw=0.33
236.866666794,[debug],turtlebot3,simulation,robot-pose,x=-29.34;y=16.13;yaw=-2.05
236.866666794,[debug],turtlebot4,simulation,robot-pose,x=-40.39;y=25.23;yaw=0.33
236.866666794,[debug],turtlebot5,simulation,robot-pose,x=-32.91;y=33.97;yaw=-3.07
236.866666794,[debug],turtlebot5,simulation,robot-pose,x=-32.91;y=33.97;yaw=-3.07
239.133333445,[info],turtlebot3,skill-life-cycle,navigation,(status=RUNNING, parameters=[[-27.23, 16.0, 3.141592653589793, True], [-37.0, 16.0, 1.5707963267948966, True], [-37.0, 18.93, 0.0, True], [-33.9, 18.93, 3.14, False]])
245.183333397,[info],turtlebot2,skill-life-cycle,navigation,(status=RUNNING, parameters=[[-27.23, 16.0, 3.141592653589793, True], [-37.0, 16.0, 1.5707963267948966, True], [-37.0, 18.93, 0.0, True], [-33.9, 18.93, 3.14, False]])
251.599999905,[debug],turtlebot1,simulation,robot-pose,x=-11.46;y=17.82;yaw=-1.25
251.633333445,[debug],turtlebot1,simulation,robot-pose,x=-11.46;y=17.82;yaw=-1.25
251.833333254,[debug],turtlebot2,simulation,robot-pose,x=-29.44;y=15.92;yaw=1.10
251.833333254,[debug],turtlebot2,simulation,robot-pose,x=-29.44;y=15.92;yaw=1.10
251.866666794,[debug],turtlebot3,simulation,robot-pose,x=-29.23;y=16.33;yaw=-2.04
251.866666794,[debug],turtlebot3,simulation,robot-pose,x=-29.23;y=16.33;yaw=-2.04
251.866666794,[debug],turtlebot5,simulation,robot-pose,x=-32.91;y=33.97;yaw=-3.06
251.866666794,[debug],turtlebot4,simulation,robot-pose,x=-40.39;y=25.23;yaw=0.33
251.866666794,[debug],turtlebot5,simulation,robot-pose,x=-32.91;y=33.97;yaw=-3.06
251.866666794,[debug],turtlebot4,simulation,robot-pose,x=-40.39;y=25.23;yaw=0.33
266.599999905,[debug],turtlebot1,simulation,robot-pose,x=-11.46;y=17.82;yaw=-1.25
266.650000095,[debug],turtlebot1,simulation,robot-pose,x=-11.46;y=17.82;yaw=-1.25
266.833333254,[debug],turtlebot2,simulation,robot-pose,x=-29.61;y=15.56;yaw=1.12
266.833333254,[debug],turtlebot2,simulation,robot-pose,x=-29.61;y=15.56;yaw=1.12
266.866666794,[debug],turtlebot4,simulation,robot-pose,x=-40.39;y=25.23;yaw=0.33
266.866666794,[debug],turtlebot5,simulation,robot-pose,x=-32.91;y=33.97;yaw=-3.06
266.866666794,[debug],turtlebot4,simulation,robot-pose,x=-40.39;y=25.23;yaw=0.33
266.866666794,[debug],turtlebot5,simulation,robot-pose,x=-32.91;y=33.97;yaw=-3.06
266.866666794,[debug],turtlebot3,simulation,robot-pose,x=-29.42;y=15.97;yaw=-2.02
266.866666794,[debug],turtlebot3,simulation,robot-pose,x=-29.42;y=15.97;yaw=-2.02
281.599999905,[debug],turtlebot1,simulation,robot-pose,x=-11.46;y=17.82;yaw=-1.25
281.616666794,[debug],turtlebot1,simulation,robot-pose,x=-11.46;y=17.82;yaw=-1.25
281.833333254,[debug],turtlebot2,simulation,robot-pose,x=-29.58;y=15.63;yaw=1.14
281.833333254,[debug],turtlebot2,simulation,robot-pose,x=-29.58;y=15.63;yaw=1.14
281.866666794,[debug],turtlebot4,simulation,robot-pose,x=-40.39;y=25.23;yaw=0.33
281.866666794,[debug],turtlebot3,simulation,robot-pose,x=-29.39;y=16.05;yaw=-2.00
281.866666794,[debug],turtlebot4,simulation,robot-pose,x=-40.39;y=25.23;yaw=0.33
281.866666794,[debug],turtlebot5,simulation,robot-pose,x=-32.92;y=33.98;yaw=-3.05
281.866666794,[debug],turtlebot3,simulation,robot-pose,x=-29.39;y=16.05;yaw=-2.00
281.866666794,[debug],turtlebot5,simulation,robot-pose,x=-32.92;y=33.98;yaw=-3.05
284.5,[info],turtlebot3,skill-life-cycle,navigation,(status=RUNNING, parameters=[[-27.23, 16.0, 3.141592653589793, True], [-37.0, 16.0, 1.5707963267948966, True], [-37.0, 18.93, 0.0, True], [-33.9, 18.93, 3.14, False]])
290.683333397,[info],turtlebot2,skill-life-cycle,navigation,(status=RUNNING, parameters=[[-27.23, 16.0, 3.141592653589793, True], [-37.0, 16.0, 1.5707963267948966, True], [-37.0, 18.93, 0.0, True], [-33.9, 18.93, 3.14, False]])
296.599999905,[debug],turtlebot1,simulation,robot-pose,x=-11.46;y=17.82;yaw=-1.25
296.616666794,[debug],turtlebot1,simulation,robot-pose,x=-11.46;y=17.82;yaw=-1.25
296.833333254,[debug],turtlebot2,simulation,robot-pose,x=-29.46;y=15.88;yaw=1.15
296.833333254,[debug],turtlebot2,simulation,robot-pose,x=-29.46;y=15.88;yaw=1.15
296.866666794,[debug],turtlebot4,simulation,robot-pose,x=-40.39;y=25.23;yaw=0.33
296.866666794,[debug],turtlebot4,simulation,robot-pose,x=-40.39;y=25.23;yaw=0.33
296.866666794,[debug],turtlebot5,simulation,robot-pose,x=-32.92;y=33.98;yaw=-3.05
296.866666794,[debug],turtlebot5,simulation,robot-pose,x=-32.92;y=33.98;yaw=-3.05
296.866666794,[debug],turtlebot3,simulation,robot-pose,x=-29.27;y=16.30;yaw=-1.99
296.866666794,[debug],turtlebot3,simulation,robot-pose,x=-29.27;y=16.30;yaw=-1.99
311.599999905,[debug],turtlebot1,simulation,robot-pose,x=-11.47;y=17.82;yaw=-1.25
311.650000095,[debug],turtlebot1,simulation,robot-pose,x=-11.47;y=17.82;yaw=-1.25
311.833333254,[debug],turtlebot2,simulation,robot-pose,x=-29.55;y=15.68;yaw=1.17
311.833333254,[debug],turtlebot2,simulation,robot-pose,x=-29.55;y=15.68;yaw=1.17
311.866666794,[debug],turtlebot4,simulation,robot-pose,x=-40.39;y=25.23;yaw=0.33
311.866666794,[debug],turtlebot4,simulation,robot-pose,x=-40.39;y=25.23;yaw=0.33
311.866666794,[debug],turtlebot5,simulation,robot-pose,x=-32.92;y=33.98;yaw=-3.06
311.866666794,[debug],turtlebot5,simulation,robot-pose,x=-32.92;y=33.98;yaw=-3.06
311.866666794,[debug],turtlebot3,simulation,robot-pose,x=-29.37;y=16.10;yaw=-1.97
311.866666794,[debug],turtlebot3,simulation,robot-pose,x=-29.37;y=16.10;yaw=-1.97
326.599999905,[debug],turtlebot1,simulation,robot-pose,x=-11.47;y=17.82;yaw=-1.25
326.633333445,[debug],turtlebot1,simulation,robot-pose,x=-11.47;y=17.82;yaw=-1.25
326.833333254,[debug],turtlebot2,simulation,robot-pose,x=-29.39;y=16.05;yaw=1.18
326.833333254,[debug],turtlebot2,simulation,robot-pose,x=-29.39;y=16.05;yaw=1.18
326.866666794,[debug],turtlebot3,simulation,robot-pose,x=-29.21;y=16.47;yaw=-1.96
326.866666794,[debug],turtlebot3,simulation,robot-pose,x=-29.21;y=16.47;yaw=-1.96
326.866666794,[debug],turtlebot5,simulation,robot-pose,x=-32.92;y=33.98;yaw=-3.06
326.866666794,[debug],turtlebot5,simulation,robot-pose,x=-32.92;y=33.98;yaw=-3.06
326.866666794,[debug],turtlebot4,simulation,robot-pose,x=-40.39;y=25.23;yaw=0.33
326.866666794,[debug],turtlebot4,simulation,robot-pose,x=-40.39;y=25.23;yaw=0.33
329.916666746,[info],turtlebot3,skill-life-cycle,navigation,(status=RUNNING, parameters=[[-27.23, 16.0, 3.141592653589793, True], [-37.0, 16.0, 1.5707963267948966, True], [-37.0, 18.93, 0.0, True], [-33.9, 18.93, 3.14, False]])
336.216666698,[info],turtlebot2,skill-life-cycle,navigation,(status=RUNNING, parameters=[[-27.23, 16.0, 3.141592653589793, True], [-37.0, 16.0, 1.5707963267948966, True], [-37.0, 18.93, 0.0, True], [-33.9, 18.93, 3.14, False]])
341.599999905,[debug],turtlebot1,simulation,robot-pose,x=-11.47;y=17.82;yaw=-1.25
341.633333445,[debug],turtlebot1,simulation,robot-pose,x=-11.47;y=17.82;yaw=-1.25
341.833333254,[debug],turtlebot2,simulation,robot-pose,x=-29.56;y=15.63;yaw=1.18
341.833333254,[debug],turtlebot2,simulation,robot-pose,x=-29.56;y=15.63;yaw=1.18
341.866666794,[debug],turtlebot3,simulation,robot-pose,x=-29.39;y=16.05;yaw=-1.97
341.866666794,[debug],turtlebot3,simulation,robot-pose,x=-29.39;y=16.05;yaw=-1.97
341.866666794,[debug],turtlebot4,simulation,robot-pose,x=-40.39;y=25.23;yaw=0.33
341.866666794,[debug],turtlebot4,simulation,robot-pose,x=-40.39;y=25.23;yaw=0.33
341.866666794,[debug],turtlebot5,simulation,robot-pose,x=-32.93;y=33.98;yaw=-3.06
341.866666794,[debug],turtlebot5,simulation,robot-pose,x=-32.93;y=33.98;yaw=-3.06
356.599999905,[debug],turtlebot1,simulation,robot-pose,x=-11.47;y=17.82;yaw=-1.25
356.683333397,[debug],turtlebot1,simulation,robot-pose,x=-11.47;y=17.82;yaw=-1.25
356.833333254,[debug],turtlebot2,simulation,robot-pose,x=-29.36;y=16.13;yaw=1.17
356.833333254,[debug],turtlebot2,simulation,robot-pose,x=-29.36;y=16.13;yaw=1.17
356.866666794,[debug],turtlebot5,simulation,robot-pose,x=-32.93;y=33.98;yaw=-3.06
356.866666794,[debug],turtlebot4,simulation,robot-pose,x=-40.39;y=25.23;yaw=0.33
356.866666794,[debug],turtlebot5,simulation,robot-pose,x=-32.93;y=33.98;yaw=-3.06
356.866666794,[debug],turtlebot3,simulation,robot-pose,x=-29.18;y=16.55;yaw=-1.97
356.866666794,[debug],turtlebot4,simulation,robot-pose,x=-40.39;y=25.23;yaw=0.33
356.866666794,[debug],turtlebot3,simulation,robot-pose,x=-29.18;y=16.55;yaw=-1.97
371.599999905,[debug],turtlebot1,simulation,robot-pose,x=-11.47;y=17.82;yaw=-1.25
371.650000095,[debug],turtlebot1,simulation,robot-pose,x=-11.47;y=17.82;yaw=-1.25
371.833333254,[debug],turtlebot2,simulation,robot-pose,x=-29.37;y=16.11;yaw=1.17
371.833333254,[debug],turtlebot2,simulation,robot-pose,x=-29.37;y=16.11;yaw=1.17
371.866666794,[debug],turtlebot5,simulation,robot-pose,x=-32.93;y=33.98;yaw=-3.06
371.866666794,[debug],turtlebot5,simulation,robot-pose,x=-32.93;y=33.98;yaw=-3.06
371.866666794,[debug],turtlebot3,simulation,robot-pose,x=-29.18;y=16.53;yaw=-1.98
371.866666794,[debug],turtlebot4,simulation,robot-pose,x=-40.39;y=25.23;yaw=0.33
371.866666794,[debug],turtlebot3,simulation,robot-pose,x=-29.18;y=16.53;yaw=-1.98
371.866666794,[debug],turtlebot4,simulation,robot-pose,x=-40.39;y=25.23;yaw=0.33
375.483333349,[info],turtlebot3,skill-life-cycle,navigation,(status=RUNNING, parameters=[[-27.23, 16.0, 3.141592653589793, True], [-37.0, 16.0, 1.5707963267948966, True], [-37.0, 18.93, 0.0, True], [-33.9, 18.93, 3.14, False]])
381.75,[info],turtlebot2,skill-life-cycle,navigation,(status=RUNNING, parameters=[[-27.23, 16.0, 3.141592653589793, True], [-37.0, 16.0, 1.5707963267948966, True], [-37.0, 18.93, 0.0, True], [-33.9, 18.93, 3.14, False]])
386.599999905,[debug],turtlebot1,simulation,robot-pose,x=-11.47;y=17.82;yaw=-1.25
386.650000095,[debug],turtlebot1,simulation,robot-pose,x=-11.47;y=17.82;yaw=-1.25
386.833333254,[debug],turtlebot2,simulation,robot-pose,x=-29.38;y=16.09;yaw=1.17
386.833333254,[debug],turtlebot2,simulation,robot-pose,x=-29.38;y=16.09;yaw=1.17
386.866666794,[debug],turtlebot3,simulation,robot-pose,x=-29.19;y=16.51;yaw=-1.98
386.866666794,[debug],turtlebot4,simulation,robot-pose,x=-40.39;y=25.23;yaw=0.33
386.866666794,[debug],turtlebot3,simulation,robot-pose,x=-29.19;y=16.51;yaw=-1.98
386.866666794,[debug],turtlebot5,simulation,robot-pose,x=-32.93;y=33.98;yaw=-3.06
386.866666794,[debug],turtlebot4,simulation,robot-pose,x=-40.39;y=25.23;yaw=0.33
386.866666794,[debug],turtlebot5,simulation,robot-pose,x=-32.93;y=33.98;yaw=-3.06
401.599999905,[debug],turtlebot1,simulation,robot-pose,x=-11.47;y=17.82;yaw=-1.25
401.650000095,[debug],turtlebot1,simulation,robot-pose,x=-11.47;y=17.82;yaw=-1.25
401.833333254,[debug],turtlebot2,simulation,robot-pose,x=-29.37;y=16.11;yaw=1.16
401.833333254,[debug],turtlebot2,simulation,robot-pose,x=-29.37;y=16.11;yaw=1.16
401.866666794,[debug],turtlebot5,simulation,robot-pose,x=-32.93;y=33.98;yaw=-3.06
401.866666794,[debug],turtlebot5,simulation,robot-pose,x=-32.93;y=33.98;yaw=-3.06
401.866666794,[debug],turtlebot3,simulation,robot-pose,x=-29.18;y=16.52;yaw=-1.99
401.866666794,[debug],turtlebot3,simulation,robot-pose,x=-29.18;y=16.52;yaw=-1.99
401.866666794,[debug],turtlebot4,simulation,robot-pose,x=-40.39;y=25.23;yaw=0.33
401.866666794,[debug],turtlebot4,simulation,robot-pose,x=-40.39;y=25.23;yaw=0.33
416.599999905,[debug],turtlebot1,simulation,robot-pose,x=-11.47;y=17.82;yaw=-1.25
416.633333445,[debug],turtlebot1,simulation,robot-pose,x=-11.47;y=17.82;yaw=-1.25
416.833333254,[debug],turtlebot2,simulation,robot-pose,x=-29.38;y=16.09;yaw=1.15
416.833333254,[debug],turtlebot2,simulation,robot-pose,x=-29.38;y=16.09;yaw=1.15
416.866666794,[debug],turtlebot4,simulation,robot-pose,x=-40.39;y=25.23;yaw=0.33
416.866666794,[debug],turtlebot4,simulation,robot-pose,x=-40.39;y=25.23;yaw=0.33
416.866666794,[debug],turtlebot5,simulation,robot-pose,x=-32.93;y=33.98;yaw=-3.06
416.866666794,[debug],turtlebot5,simulation,robot-pose,x=-32.93;y=33.98;yaw=-3.06
416.866666794,[debug],turtlebot3,simulation,robot-pose,x=-29.19;y=16.51;yaw=-1.99
416.866666794,[debug],turtlebot3,simulation,robot-pose,x=-29.19;y=16.51;yaw=-1.99
420.933333397,[info],turtlebot3,skill-life-cycle,navigation,(status=RUNNING, parameters=[[-27.23, 16.0, 3.141592653589793, True], [-37.0, 16.0, 1.5707963267948966, True], [-37.0, 18.93, 0.0, True], [-33.9, 18.93, 3.14, False]])
427.166666746,[info],turtlebot2,skill-life-cycle,navigation,(status=RUNNING, parameters=[[-27.23, 16.0, 3.141592653589793, True], [-37.0, 16.0, 1.5707963267948966, True], [-37.0, 18.93, 0.0, True], [-33.9, 18.93, 3.14, False]])
431.599999905,[debug],turtlebot1,simulation,robot-pose,x=-11.47;y=17.82;yaw=-1.25
431.666666746,[debug],turtlebot1,simulation,robot-pose,x=-11.47;y=17.82;yaw=-1.25
431.833333254,[debug],turtlebot2,simulation,robot-pose,x=-29.53;y=15.77;yaw=1.14
431.833333254,[debug],turtlebot2,simulation,robot-pose,x=-29.53;y=15.77;yaw=1.14
431.866666794,[debug],turtlebot3,simulation,robot-pose,x=-29.33;y=16.18;yaw=-2.00
431.866666794,[debug],turtlebot3,simulation,robot-pose,x=-29.33;y=16.18;yaw=-2.00
431.866666794,[debug],turtlebot5,simulation,robot-pose,x=-32.93;y=33.98;yaw=-3.06
431.866666794,[debug],turtlebot5,simulation,robot-pose,x=-32.93;y=33.98;yaw=-3.06
431.866666794,[debug],turtlebot4,simulation,robot-pose,x=-40.39;y=25.23;yaw=0.33
431.866666794,[debug],turtlebot4,simulation,robot-pose,x=-40.39;y=25.23;yaw=0.33
446.599999905,[debug],turtlebot1,simulation,robot-pose,x=-11.47;y=17.82;yaw=-1.25
446.650000095,[debug],turtlebot1,simulation,robot-pose,x=-11.47;y=17.82;yaw=-1.25
446.833333254,[debug],turtlebot2,simulation,robot-pose,x=-29.54;y=15.76;yaw=1.12
446.833333254,[debug],turtlebot2,simulation,robot-pose,x=-29.54;y=15.76;yaw=1.12
446.866666794,[debug],turtlebot5,simulation,robot-pose,x=-32.93;y=33.98;yaw=-3.06
446.866666794,[debug],turtlebot5,simulation,robot-pose,x=-32.93;y=33.98;yaw=-3.06
446.866666794,[debug],turtlebot4,simulation,robot-pose,x=-40.39;y=25.23;yaw=0.33
446.866666794,[debug],turtlebot4,simulation,robot-pose,x=-40.39;y=25.23;yaw=0.33
446.866666794,[debug],turtlebot3,simulation,robot-pose,x=-29.34;y=16.16;yaw=-2.02
446.866666794,[debug],turtlebot3,simulation,robot-pose,x=-29.34;y=16.16;yaw=-2.02
461.599999905,[debug],turtlebot1,simulation,robot-pose,x=-11.47;y=17.82;yaw=-1.25
461.633333445,[debug],turtlebot1,simulation,robot-pose,x=-11.47;y=17.82;yaw=-1.25
461.833333254,[debug],turtlebot2,simulation,robot-pose,x=-29.46;y=15.92;yaw=1.11
461.833333254,[debug],turtlebot2,simulation,robot-pose,x=-29.46;y=15.92;yaw=1.11
461.866666794,[debug],turtlebot4,simulation,robot-pose,x=-40.39;y=25.23;yaw=0.33
461.866666794,[debug],turtlebot4,simulation,robot-pose,x=-40.39;y=25.23;yaw=0.33
461.866666794,[debug],turtlebot5,simulation,robot-pose,x=-32.93;y=33.98;yaw=-3.06
461.866666794,[debug],turtlebot5,simulation,robot-pose,x=-32.93;y=33.98;yaw=-3.06
461.866666794,[debug],turtlebot3,simulation,robot-pose,x=-29.26;y=16.33;yaw=-2.03
461.866666794,[debug],turtlebot3,simulation,robot-pose,x=-29.26;y=16.33;yaw=-2.03
466.5,[info],turtlebot3,skill-life-cycle,navigation,(status=RUNNING, parameters=[[-27.23, 16.0, 3.141592653589793, True], [-37.0, 16.0, 1.5707963267948966, True], [-37.0, 18.93, 0.0, True], [-33.9, 18.93, 3.14, False]])
472.700000048,[info],turtlebot2,skill-life-cycle,navigation,(status=RUNNING, parameters=[[-27.23, 16.0, 3.141592653589793, True], [-37.0, 16.0, 1.5707963267948966, True], [-37.0, 18.93, 0.0, True], [-33.9, 18.93, 3.14, False]])
476.599999905,[debug],turtlebot1,simulation,robot-pose,x=-11.47;y=17.82;yaw=-1.25
476.633333445,[debug],turtlebot1,simulation,robot-pose,x=-11.47;y=17.82;yaw=-1.25
476.833333254,[debug],turtlebot2,simulation,robot-pose,x=-29.34;y=16.17;yaw=1.09
476.833333254,[debug],turtlebot2,simulation,robot-pose,x=-29.34;y=16.17;yaw=1.09
476.866666794,[debug],turtlebot3,simulation,robot-pose,x=-29.12;y=16.57;yaw=-2.05
476.866666794,[debug],turtlebot3,simulation,robot-pose,x=-29.12;y=16.57;yaw=-2.05
476.866666794,[debug],turtlebot5,simulation,robot-pose,x=-32.93;y=33.98;yaw=-3.06
476.866666794,[debug],turtlebot5,simulation,robot-pose,x=-32.93;y=33.98;yaw=-3.06
476.866666794,[debug],turtlebot4,simulation,robot-pose,x=-40.39;y=25.23;yaw=0.33
476.866666794,[debug],turtlebot4,simulation,robot-pose,x=-40.39;y=25.23;yaw=0.33
491.599999905,[debug],turtlebot1,simulation,robot-pose,x=-11.47;y=17.82;yaw=-1.25
491.666666746,[debug],turtlebot1,simulation,robot-pose,x=-11.47;y=17.82;yaw=-1.25
491.833333254,[debug],turtlebot2,simulation,robot-pose,x=-29.31;y=16.22;yaw=1.10
491.833333254,[debug],turtlebot2,simulation,robot-pose,x=-29.31;y=16.22;yaw=1.10
491.866666794,[debug],turtlebot5,simulation,robot-pose,x=-32.93;y=33.98;yaw=-3.06
491.866666794,[debug],turtlebot5,simulation,robot-pose,x=-32.93;y=33.98;yaw=-3.06
491.866666794,[debug],turtlebot3,simulation,robot-pose,x=-29.09;y=16.62;yaw=-2.04
491.866666794,[debug],turtlebot3,simulation,robot-pose,x=-29.09;y=16.62;yaw=-2.04
491.866666794,[debug],turtlebot4,simulation,robot-pose,x=-40.39;y=25.23;yaw=0.33
491.866666794,[debug],turtlebot4,simulation,robot-pose,x=-40.39;y=25.23;yaw=0.33
506.599999905,[debug],turtlebot1,simulation,robot-pose,x=-11.47;y=17.82;yaw=-1.25
506.633333445,[debug],turtlebot1,simulation,robot-pose,x=-11.47;y=17.82;yaw=-1.25
506.833333254,[debug],turtlebot2,simulation,robot-pose,x=-29.62;y=15.64;yaw=1.08
506.833333254,[debug],turtlebot2,simulation,robot-pose,x=-29.62;y=15.64;yaw=1.08
506.866666794,[debug],turtlebot3,simulation,robot-pose,x=-29.40;y=16.04;yaw=-2.06
506.866666794,[debug],turtlebot3,simulation,robot-pose,x=-29.40;y=16.04;yaw=-2.06
506.866666794,[debug],turtlebot4,simulation,robot-pose,x=-40.39;y=25.23;yaw=0.33
506.866666794,[debug],turtlebot4,simulation,robot-pose,x=-40.39;y=25.23;yaw=0.33
506.866666794,[debug],turtlebot5,simulation,robot-pose,x=-32.93;y=33.98;yaw=-3.06
506.866666794,[debug],turtlebot5,simulation,robot-pose,x=-32.93;y=33.98;yaw=-3.06
511.966666698,[info],turtlebot3,skill-life-cycle,navigation,(status=RUNNING, parameters=[[-27.23, 16.0, 3.141592653589793, True], [-37.0, 16.0, 1.5707963267948966, True], [-37.0, 18.93, 0.0, True], [-33.9, 18.93, 3.14, False]])
518.216666698,[info],turtlebot2,skill-life-cycle,navigation,(status=RUNNING, parameters=[[-27.23, 16.0, 3.141592653589793, True], [-37.0, 16.0, 1.5707963267948966, True], [-37.0, 18.93, 0.0, True], [-33.9, 18.93, 3.14, False]])
521.599999905,[debug],turtlebot1,simulation,robot-pose,x=-11.47;y=17.82;yaw=-1.25
521.650000095,[debug],turtlebot1,simulation,robot-pose,x=-11.47;y=17.82;yaw=-1.25
521.833333254,[debug],turtlebot2,simulation,robot-pose,x=-29.65;y=15.59;yaw=1.07
521.833333254,[debug],turtlebot2,simulation,robot-pose,x=-29.65;y=15.59;yaw=1.07
521.866666794,[debug],turtlebot4,simulation,robot-pose,x=-40.39;y=25.23;yaw=0.33
521.866666794,[debug],turtlebot4,simulation,robot-pose,x=-40.39;y=25.23;yaw=0.33
521.866666794,[debug],turtlebot3,simulation,robot-pose,x=-29.43;y=15.99;yaw=-2.07
521.866666794,[debug],turtlebot5,simulation,robot-pose,x=-32.93;y=33.98;yaw=-3.05
521.866666794,[debug],turtlebot3,simulation,robot-pose,x=-29.43;y=15.99;yaw=-2.07
521.866666794,[debug],turtlebot5,simulation,robot-pose,x=-32.93;y=33.98;yaw=-3.05
536.599999905,[debug],turtlebot1,simulation,robot-pose,x=-11.47;y=17.82;yaw=-1.25
536.633333445,[debug],turtlebot1,simulation,robot-pose,x=-11.47;y=17.82;yaw=-1.25
536.833333254,[debug],turtlebot2,simulation,robot-pose,x=-29.11;y=16.59;yaw=0.97
536.833333254,[debug],turtlebot2,simulation,robot-pose,x=-29.11;y=16.59;yaw=0.97
536.866666794,[debug],turtlebot5,simulation,robot-pose,x=-32.93;y=33.98;yaw=-3.06
536.866666794,[debug],turtlebot3,simulation,robot-pose,x=-28.87;y=17.01;yaw=-2.02
536.866666794,[debug],turtlebot4,simulation,robot-pose,x=-40.39;y=25.23;yaw=0.33
536.866666794,[debug],turtlebot5,simulation,robot-pose,x=-32.93;y=33.98;yaw=-3.06
536.866666794,[debug],turtlebot3,simulation,robot-pose,x=-28.87;y=17.01;yaw=-2.02
536.866666794,[debug],turtlebot4,simulation,robot-pose,x=-40.39;y=25.23;yaw=0.33
551.599999905,[debug],turtlebot1,simulation,robot-pose,x=-11.47;y=17.82;yaw=-1.25
551.650000095,[debug],turtlebot1,simulation,robot-pose,x=-11.47;y=17.82;yaw=-1.25
551.833333254,[debug],turtlebot2,simulation,robot-pose,x=-27.71;y=16.28;yaw=-0.07
551.833333254,[debug],turtlebot2,simulation,robot-pose,x=-27.71;y=16.28;yaw=-0.07
551.866666794,[debug],turtlebot3,simulation,robot-pose,x=-28.98;y=16.45;yaw=-2.42
551.866666794,[debug],turtlebot3,simulation,robot-pose,x=-28.98;y=16.45;yaw=-2.42
551.866666794,[debug],turtlebot5,simulation,robot-pose,x=-32.93;y=33.98;yaw=-3.06
551.866666794,[debug],turtlebot5,simulation,robot-pose,x=-32.93;y=33.98;yaw=-3.06
551.866666794,[debug],turtlebot4,simulation,robot-pose,x=-40.39;y=25.23;yaw=0.33
551.866666794,[debug],turtlebot4,simulation,robot-pose,x=-40.39;y=25.23;yaw=0.33
557.5,[info],turtlebot3,skill-life-cycle,navigation,(status=RUNNING, parameters=[[-27.23, 16.0, 3.141592653589793, True], [-37.0, 16.0, 1.5707963267948966, True], [-37.0, 18.93, 0.0, True], [-33.9, 18.93, 3.14, False]])
560.433333397,[debug],turtlebot2,move-base-info,Hooray, the base moved arrived,(x=-27.23;y=16)
560.433333397,[debug],turtlebot2,move-base-info,Hooray, the base moved arrived,(x=-27.23;y=16)
560.433333397,[debug],turtlebot2,task-update,navigation,way-point-reached,25.0%
564.283333302,[info],turtlebot2,skill-life-cycle,navigation,(status=RUNNING, parameters=[[-27.23, 16.0, 3.141592653589793, True], [-37.0, 16.0, 1.5707963267948966, True], [-37.0, 18.93, 0.0, True], [-33.9, 18.93, 3.14, False]])
566.599999905,[debug],turtlebot1,simulation,robot-pose,x=-11.48;y=17.82;yaw=-1.25
566.633333445,[debug],turtlebot1,simulation,robot-pose,x=-11.48;y=17.82;yaw=-1.25
566.833333254,[debug],turtlebot2,simulation,robot-pose,x=-27.89;y=16.23;yaw=-3.03
566.833333254,[debug],turtlebot2,simulation,robot-pose,x=-27.89;y=16.23;yaw=-3.03
566.866666794,[debug],turtlebot5,simulation,robot-pose,x=-32.94;y=33.98;yaw=-3.06
566.866666794,[debug],turtlebot5,simulation,robot-pose,x=-32.94;y=33.98;yaw=-3.06
566.866666794,[debug],turtlebot4,simulation,robot-pose,x=-40.39;y=25.23;yaw=0.33
566.866666794,[debug],turtlebot4,simulation,robot-pose,x=-40.39;y=25.23;yaw=0.33
566.866666794,[debug],turtlebot3,simulation,robot-pose,x=-31.04;y=16.10;yaw=3.14
566.866666794,[debug],turtlebot3,simulation,robot-pose,x=-31.04;y=16.10;yaw=3.14
581.599999905,[debug],turtlebot1,simulation,robot-pose,x=-11.48;y=17.82;yaw=-1.25
581.650000095,[debug],turtlebot1,simulation,robot-pose,x=-11.48;y=17.82;yaw=-1.25
581.833333254,[debug],turtlebot2,simulation,robot-pose,x=-30.21;y=16.06;yaw=-3.13
581.833333254,[debug],turtlebot2,simulation,robot-pose,x=-30.21;y=16.06;yaw=-3.13
581.866666794,[debug],turtlebot3,simulation,robot-pose,x=-33.09;y=15.70;yaw=3.08
581.866666794,[debug],turtlebot3,simulation,robot-pose,x=-33.09;y=15.70;yaw=3.08
581.866666794,[debug],turtlebot5,simulation,robot-pose,x=-32.94;y=33.98;yaw=-3.06
581.866666794,[debug],turtlebot4,simulation,robot-pose,x=-40.39;y=25.23;yaw=0.33
581.866666794,[debug],turtlebot5,simulation,robot-pose,x=-32.94;y=33.98;yaw=-3.06
581.866666794,[debug],turtlebot4,simulation,robot-pose,x=-40.39;y=25.23;yaw=0.33
596.599999905,[debug],turtlebot1,simulation,robot-pose,x=-11.48;y=17.82;yaw=-1.25
596.650000095,[debug],turtlebot1,simulation,robot-pose,x=-11.48;y=17.82;yaw=-1.25
596.833333254,[debug],turtlebot2,simulation,robot-pose,x=-32.38;y=15.77;yaw=-2.81
596.833333254,[debug],turtlebot2,simulation,robot-pose,x=-32.38;y=15.77;yaw=-2.81
596.866666794,[debug],turtlebot5,simulation,robot-pose,x=-32.94;y=33.98;yaw=-3.06
596.866666794,[debug],turtlebot5,simulation,robot-pose,x=-32.94;y=33.98;yaw=-3.06
596.866666794,[debug],turtlebot3,simulation,robot-pose,x=-36.07;y=16.37;yaw=2.78
596.866666794,[debug],turtlebot3,simulation,robot-pose,x=-36.07;y=16.37;yaw=2.78
596.866666794,[debug],turtlebot4,simulation,robot-pose,x=-40.39;y=25.23;yaw=0.33
596.866666794,[debug],turtlebot4,simulation,robot-pose,x=-40.39;y=25.23;yaw=0.33
604.166666746,[info],turtlebot3,skill-life-cycle,navigation,(status=RUNNING, parameters=[[-27.23, 16.0, 3.141592653589793, True], [-37.0, 16.0, 1.5707963267948966, True], [-37.0, 18.93, 0.0, True], [-33.9, 18.93, 3.14, False]])
606.433333397,[debug],turtlebot3,move-base-info,Hooray, the base moved arrived,(x=-37;y=16)
606.433333397,[debug],turtlebot3,move-base-info,Hooray, the base moved arrived,(x=-37;y=16)
606.549999952,[debug],turtlebot3,task-update,navigation,way-point-reached,50.0%
610.883333445,[info],turtlebot2,skill-life-cycle,navigation,(status=RUNNING, parameters=[[-27.23, 16.0, 3.141592653589793, True], [-37.0, 16.0, 1.5707963267948966, True], [-37.0, 18.93, 0.0, True], [-33.9, 18.93, 3.14, False]])
611.599999905,[debug],turtlebot1,simulation,robot-pose,x=-11.48;y=17.82;yaw=-1.25
611.616666794,[debug],turtlebot1,simulation,robot-pose,x=-11.48;y=17.82;yaw=-1.25
611.833333254,[debug],turtlebot2,simulation,robot-pose,x=-34.79;y=15.69;yaw=3.03
611.833333254,[debug],turtlebot2,simulation,robot-pose,x=-34.79;y=15.69;yaw=3.03
611.866666794,[debug],turtlebot4,simulation,robot-pose,x=-40.39;y=25.23;yaw=0.33
611.866666794,[debug],turtlebot5,simulation,robot-pose,x=-32.94;y=33.98;yaw=-3.06
611.866666794,[debug],turtlebot4,simulation,robot-pose,x=-40.39;y=25.23;yaw=0.33
611.866666794,[debug],turtlebot3,simulation,robot-pose,x=-36.87;y=16.95;yaw=1.58
611.866666794,[debug],turtlebot5,simulation,robot-pose,x=-32.94;y=33.98;yaw=-3.06
611.866666794,[debug],turtlebot3,simulation,robot-pose,x=-36.87;y=16.95;yaw=1.58
620.283333302,[debug],turtlebot3,move-base-info,Hooray, the base moved arrived,(x=-37;y=18.93)
620.283333302,[debug],turtlebot3,move-base-info,Hooray, the base moved arrived,(x=-37;y=18.93)
620.383333445,[debug],turtlebot3,task-update,navigation,way-point-reached,75.0%
625.933333397,[debug],turtlebot2,move-base-info,Hooray, the base moved arrived,(x=-37;y=16)
625.933333397,[debug],turtlebot2,move-base-info,Hooray, the base moved arrived,(x=-37;y=16)
626.016666651,[debug],turtlebot2,task-update,navigation,way-point-reached,50.0%
626.599999905,[debug],turtlebot1,simulation,robot-pose,x=-11.48;y=17.82;yaw=-1.25
626.666666746,[debug],turtlebot1,simulation,robot-pose,x=-11.48;y=17.82;yaw=-1.25
626.849999905,[debug],turtlebot2,simulation,robot-pose,x=-36.79;y=16.37;yaw=1.62
626.849999905,[debug],turtlebot2,simulation,robot-pose,x=-36.79;y=16.37;yaw=1.62
626.866666794,[debug],turtlebot3,simulation,robot-pose,x=-36.72;y=18.48;yaw=-0.28
626.866666794,[debug],turtlebot5,simulation,robot-pose,x=-32.94;y=33.98;yaw=-3.05
626.866666794,[debug],turtlebot3,simulation,robot-pose,x=-36.72;y=18.48;yaw=-0.28
626.866666794,[debug],turtlebot5,simulation,robot-pose,x=-32.94;y=33.98;yaw=-3.05
626.866666794,[debug],turtlebot4,simulation,robot-pose,x=-40.39;y=25.23;yaw=0.33
626.866666794,[debug],turtlebot4,simulation,robot-pose,x=-40.39;y=25.23;yaw=0.33
639.75,[debug],turtlebot2,move-base-info,Hooray, the base moved arrived,(x=-37;y=18.93)
639.75,[debug],turtlebot2,move-base-info,Hooray, the base moved arrived,(x=-37;y=18.93)
639.866666794,[debug],turtlebot2,task-update,navigation,way-point-reached,75.0%
641.599999905,[debug],turtlebot1,simulation,robot-pose,x=-11.48;y=17.82;yaw=-1.25
641.599999905,[debug],turtlebot1,simulation,robot-pose,x=-11.48;y=17.82;yaw=-1.25
641.833333254,[debug],turtlebot2,simulation,robot-pose,x=-36.94;y=18.50;yaw=0.04
641.833333254,[debug],turtlebot2,simulation,robot-pose,x=-36.94;y=18.50;yaw=0.04
641.866666794,[debug],turtlebot4,simulation,robot-pose,x=-40.39;y=25.23;yaw=0.33
641.866666794,[debug],turtlebot5,simulation,robot-pose,x=-32.94;y=33.98;yaw=-3.05
641.866666794,[debug],turtlebot4,simulation,robot-pose,x=-40.39;y=25.23;yaw=0.33
641.866666794,[debug],turtlebot3,simulation,robot-pose,x=-35.65;y=18.03;yaw=-0.34
641.866666794,[debug],turtlebot5,simulation,robot-pose,x=-32.94;y=33.98;yaw=-3.05
641.866666794,[debug],turtlebot3,simulation,robot-pose,x=-35.65;y=18.03;yaw=-0.34
652.233333349,[info],turtlebot3,skill-life-cycle,navigation,(status=RUNNING, parameters=[[-27.23, 16.0, 3.141592653589793, True], [-37.0, 16.0, 1.5707963267948966, True], [-37.0, 18.93, 0.0, True], [-33.9, 18.93, 3.14, False]])
656.599999905,[debug],turtlebot1,simulation,robot-pose,x=-11.48;y=17.82;yaw=-1.25
656.633333445,[debug],turtlebot1,simulation,robot-pose,x=-11.48;y=17.82;yaw=-1.25
656.833333254,[debug],turtlebot2,simulation,robot-pose,x=-35.79;y=18.06;yaw=-0.18
656.833333254,[debug],turtlebot2,simulation,robot-pose,x=-35.79;y=18.06;yaw=-0.18
656.866666794,[debug],turtlebot5,simulation,robot-pose,x=-32.94;y=33.98;yaw=-3.05
656.866666794,[debug],turtlebot5,simulation,robot-pose,x=-32.94;y=33.98;yaw=-3.05
656.866666794,[debug],turtlebot4,simulation,robot-pose,x=-40.39;y=25.23;yaw=0.33
656.866666794,[debug],turtlebot3,simulation,robot-pose,x=-35.35;y=17.94;yaw=-0.18
656.866666794,[debug],turtlebot4,simulation,robot-pose,x=-40.39;y=25.23;yaw=0.33
656.866666794,[debug],turtlebot3,simulation,robot-pose,x=-35.35;y=17.94;yaw=-0.18
658.283333302,[info],turtlebot2,skill-life-cycle,navigation,(status=RUNNING, parameters=[[-27.23, 16.0, 3.141592653589793, True], [-37.0, 16.0, 1.5707963267948966, True], [-37.0, 18.93, 0.0, True], [-33.9, 18.93, 3.14, False]])
671.599999905,[debug],turtlebot1,simulation,robot-pose,x=-11.48;y=17.82;yaw=-1.25
671.666666746,[debug],turtlebot1,simulation,robot-pose,x=-11.48;y=17.82;yaw=-1.25
671.833333254,[debug],turtlebot2,simulation,robot-pose,x=-34.32;y=18.39;yaw=0.88
671.833333254,[debug],turtlebot2,simulation,robot-pose,x=-34.32;y=18.39;yaw=0.88
671.866666794,[debug],turtlebot4,simulation,robot-pose,x=-40.39;y=25.23;yaw=0.33
671.866666794,[debug],turtlebot4,simulation,robot-pose,x=-40.39;y=25.23;yaw=0.33
671.866666794,[debug],turtlebot3,simulation,robot-pose,x=-33.94;y=18.66;yaw=2.59
671.866666794,[debug],turtlebot5,simulation,robot-pose,x=-32.94;y=33.98;yaw=-3.05
671.866666794,[debug],turtlebot3,simulation,robot-pose,x=-33.94;y=18.66;yaw=2.59
671.866666794,[debug],turtlebot5,simulation,robot-pose,x=-32.94;y=33.98;yaw=-3.05
678.549999952,[debug],turtlebot3,move-base-info,Hooray, the base moved arrived,(x=-33.9;y=18.93)
679.016666651,[debug],turtlebot3,move-base-info,Hooray, the base moved arrived,(x=-33.9;y=18.93)
0.0,[debug],simulation closed,timeout,execution-wall-clock=900.9899559020996
