7.43333339691,[debug],turtlebot2,move-base-info,Move_base is up and ok....,
8.76666665077,[debug],turtlebot1,move-base-info,Move_base is up and ok....,
12.5499999523,[info],turtlebot5,skill-life-cycle,init_robobt,(status=RUNNING, parameters=[])
13.5666666031,[info],turtlebot3,skill-life-cycle,init_robobt,(status=RUNNING, parameters=[])
13.6333334446,[info],turtlebot2,skill-life-cycle,init_robobt,(status=RUNNING, parameters=[])
13.75,[info],turtlebot1,skill-life-cycle,init_robobt,(status=RUNNING, parameters=[])
19.2666666508,[debug],turtlebot3,available-skills,['send_message', 'wait_message', 'approach_person', 'approach_robot', 'authenticate_person', 'deposit', 'navigation', 'operate_drawer', 'pick_up'],
19.2666666508,[info],turtlebot3,skill-life-cycle,navigation,(status=STARTED, parameters=[[-37.0, 33.95, -1.5707963267948966, True], [-37.0, 21.5, 3.141592653589793, True], [-38.0, 21.5, 0.0, False]])
25.8333332539,[debug],turtlebot1,simulation,robot-pose,x=-13.50;y=18.00;yaw=-1.50
25.8333332539,[debug],turtlebot1,simulation,robot-pose,x=-13.50;y=18.00;yaw=-1.50
26.0833332539,[debug],turtlebot3,simulation,robot-pose,x=-40.31;y=25.24;yaw=-0.47
26.0833332539,[debug],turtlebot2,simulation,robot-pose,x=-39.51;y=33.84;yaw=0.46
26.0999999046,[debug],turtlebot4,simulation,robot-pose,x=-32.89;y=33.97;yaw=-3.10
26.0999999046,[debug],turtlebot5,simulation,robot-pose,x=-20.99;y=18.00;yaw=-1.54
26.2333333492,[debug],turtlebot3,simulation,robot-pose,x=-40.31;y=25.24;yaw=-0.47
26.2333333492,[debug],turtlebot2,simulation,robot-pose,x=-39.51;y=33.84;yaw=0.46
26.25,[debug],turtlebot4,simulation,robot-pose,x=-32.89;y=33.97;yaw=-3.10
26.25,[debug],turtlebot5,simulation,robot-pose,x=-20.99;y=18.00;yaw=-1.54
40.8333332539,[debug],turtlebot1,simulation,robot-pose,x=-13.49;y=18.00;yaw=-1.49
40.8333332539,[debug],turtlebot1,simulation,robot-pose,x=-13.49;y=18.00;yaw=-1.49
41.0833332539,[debug],turtlebot3,simulation,robot-pose,x=-39.38;y=23.99;yaw=-0.81
41.0833332539,[debug],turtlebot2,simulation,robot-pose,x=-39.51;y=33.84;yaw=0.46
41.0999999046,[debug],turtlebot5,simulation,robot-pose,x=-20.99;y=18.00;yaw=-1.54
41.0999999046,[debug],turtlebot4,simulation,robot-pose,x=-32.89;y=33.97;yaw=-3.10
41.2333333492,[debug],turtlebot3,simulation,robot-pose,x=-39.38;y=23.99;yaw=-0.81
41.2333333492,[debug],turtlebot2,simulation,robot-pose,x=-39.51;y=33.84;yaw=0.46
41.2333333492,[debug],turtlebot5,simulation,robot-pose,x=-20.99;y=18.00;yaw=-1.54
41.2333333492,[debug],turtlebot4,simulation,robot-pose,x=-32.89;y=33.97;yaw=-3.10
55.8333332539,[debug],turtlebot1,simulation,robot-pose,x=-13.49;y=18.00;yaw=-1.48
55.8333332539,[debug],turtlebot1,simulation,robot-pose,x=-13.49;y=18.00;yaw=-1.48
56.0833332539,[debug],turtlebot2,simulation,robot-pose,x=-39.51;y=33.84;yaw=0.46
56.0833332539,[debug],turtlebot3,simulation,robot-pose,x=-38.28;y=23.15;yaw=-0.34
56.0999999046,[debug],turtlebot5,simulation,robot-pose,x=-20.99;y=18.00;yaw=-1.54
56.0999999046,[debug],turtlebot4,simulation,robot-pose,x=-32.89;y=33.97;yaw=-3.10
56.25,[debug],turtlebot2,simulation,robot-pose,x=-39.51;y=33.84;yaw=0.46
56.25,[debug],turtlebot3,simulation,robot-pose,x=-38.28;y=23.15;yaw=-0.34
56.25,[debug],turtlebot5,simulation,robot-pose,x=-20.99;y=18.00;yaw=-1.54
56.25,[debug],turtlebot4,simulation,robot-pose,x=-32.89;y=33.97;yaw=-3.10
64.7333333492,[info],turtlebot3,skill-life-cycle,navigation,(status=RUNNING, parameters=[[-37.0, 33.95, -1.5707963267948966, True], [-37.0, 21.5, 3.141592653589793, True], [-38.0, 21.5, 0.0, False]])
70.8333332539,[debug],turtlebot1,simulation,robot-pose,x=-13.49;y=18.00;yaw=-1.46
70.8333332539,[debug],turtlebot1,simulation,robot-pose,x=-13.49;y=18.00;yaw=-1.46
71.0833332539,[debug],turtlebot3,simulation,robot-pose,x=-37.80;y=23.05;yaw=-0.27
71.0833332539,[debug],turtlebot2,simulation,robot-pose,x=-39.51;y=33.84;yaw=0.46
71.0999999046,[debug],turtlebot5,simulation,robot-pose,x=-20.99;y=18.00;yaw=-1.54
71.0999999046,[debug],turtlebot4,simulation,robot-pose,x=-32.89;y=33.97;yaw=-3.10
71.2333333492,[debug],turtlebot3,simulation,robot-pose,x=-37.80;y=23.05;yaw=-0.27
71.2333333492,[debug],turtlebot2,simulation,robot-pose,x=-39.51;y=33.84;yaw=0.46
71.2333333492,[debug],turtlebot5,simulation,robot-pose,x=-20.99;y=18.00;yaw=-1.54
71.2333333492,[debug],turtlebot4,simulation,robot-pose,x=-32.89;y=33.97;yaw=-3.10
85.8333332539,[debug],turtlebot1,simulation,robot-pose,x=-13.49;y=17.99;yaw=-1.45
85.8333332539,[debug],turtlebot1,simulation,robot-pose,x=-13.49;y=17.99;yaw=-1.45
86.0833332539,[debug],turtlebot3,simulation,robot-pose,x=-36.80;y=23.79;yaw=1.19
86.0833332539,[debug],turtlebot2,simulation,robot-pose,x=-39.51;y=33.84;yaw=0.46
86.0999999046,[debug],turtlebot5,simulation,robot-pose,x=-20.99;y=18.00;yaw=-1.54
86.0999999046,[debug],turtlebot4,simulation,robot-pose,x=-32.90;y=33.97;yaw=-3.10
86.2000000477,[debug],turtlebot3,simulation,robot-pose,x=-36.80;y=23.79;yaw=1.19
86.2000000477,[debug],turtlebot2,simulation,robot-pose,x=-39.51;y=33.84;yaw=0.46
86.2000000477,[debug],turtlebot5,simulation,robot-pose,x=-20.99;y=18.00;yaw=-1.54
86.2000000477,[debug],turtlebot4,simulation,robot-pose,x=-32.90;y=33.97;yaw=-3.10
100.833333254,[debug],turtlebot1,simulation,robot-pose,x=-13.49;y=17.99;yaw=-1.43
100.833333254,[debug],turtlebot1,simulation,robot-pose,x=-13.49;y=17.99;yaw=-1.43
101.083333254,[debug],turtlebot3,simulation,robot-pose,x=-36.75;y=26.23;yaw=1.54
101.083333254,[debug],turtlebot2,simulation,robot-pose,x=-39.51;y=33.84;yaw=0.46
101.099999905,[debug],turtlebot5,simulation,robot-pose,x=-20.99;y=18.00;yaw=-1.54
101.099999905,[debug],turtlebot4,simulation,robot-pose,x=-32.90;y=33.97;yaw=-3.10
101.216666698,[debug],turtlebot3,simulation,robot-pose,x=-36.75;y=26.23;yaw=1.54
101.216666698,[debug],turtlebot2,simulation,robot-pose,x=-39.51;y=33.84;yaw=0.46
101.216666698,[debug],turtlebot5,simulation,robot-pose,x=-20.99;y=18.00;yaw=-1.54
101.233333349,[debug],turtlebot4,simulation,robot-pose,x=-32.90;y=33.97;yaw=-3.10
115.583333254,[info],turtlebot3,skill-life-cycle,navigation,(status=RUNNING, parameters=[[-37.0, 33.95, -1.5707963267948966, True], [-37.0, 21.5, 3.141592653589793, True], [-38.0, 21.5, 0.0, False]])
115.833333254,[debug],turtlebot1,simulation,robot-pose,x=-13.49;y=17.99;yaw=-1.41
115.833333254,[debug],turtlebot1,simulation,robot-pose,x=-13.49;y=17.99;yaw=-1.41
116.083333254,[debug],turtlebot3,simulation,robot-pose,x=-36.79;y=27.88;yaw=0.92
116.083333254,[debug],turtlebot2,simulation,robot-pose,x=-39.51;y=33.84;yaw=0.46
116.099999905,[debug],turtlebot5,simulation,robot-pose,x=-20.99;y=18.00;yaw=-1.54
116.099999905,[debug],turtlebot4,simulation,robot-pose,x=-32.90;y=33.97;yaw=-3.09
116.216666698,[debug],turtlebot3,simulation,robot-pose,x=-36.79;y=27.88;yaw=0.92
116.233333349,[debug],turtlebot2,simulation,robot-pose,x=-39.51;y=33.84;yaw=0.46
116.233333349,[debug],turtlebot5,simulation,robot-pose,x=-20.99;y=18.00;yaw=-1.54
116.233333349,[debug],turtlebot4,simulation,robot-pose,x=-32.90;y=33.97;yaw=-3.09
130.833333254,[debug],turtlebot1,simulation,robot-pose,x=-13.49;y=17.98;yaw=-1.39
130.833333254,[debug],turtlebot1,simulation,robot-pose,x=-13.49;y=17.98;yaw=-1.39
131.083333254,[debug],turtlebot3,simulation,robot-pose,x=-36.79;y=27.89;yaw=0.54
131.083333254,[debug],turtlebot2,simulation,robot-pose,x=-39.51;y=33.84;yaw=0.46
131.099999905,[debug],turtlebot4,simulation,robot-pose,x=-32.90;y=33.97;yaw=-3.09
131.099999905,[debug],turtlebot5,simulation,robot-pose,x=-21.00;y=18.00;yaw=-1.54
131.216666698,[debug],turtlebot3,simulation,robot-pose,x=-36.79;y=27.89;yaw=0.54
131.216666698,[debug],turtlebot2,simulation,robot-pose,x=-39.51;y=33.84;yaw=0.46
131.216666698,[debug],turtlebot4,simulation,robot-pose,x=-32.90;y=33.97;yaw=-3.09
131.216666698,[debug],turtlebot5,simulation,robot-pose,x=-21.00;y=18.00;yaw=-1.54
145.833333254,[debug],turtlebot1,simulation,robot-pose,x=-13.49;y=17.98;yaw=-1.37
145.833333254,[debug],turtlebot1,simulation,robot-pose,x=-13.49;y=17.98;yaw=-1.37
146.083333254,[debug],turtlebot2,simulation,robot-pose,x=-39.50;y=33.84;yaw=0.46
146.083333254,[debug],turtlebot3,simulation,robot-pose,x=-36.79;y=27.89;yaw=0.47
146.099999905,[debug],turtlebot4,simulation,robot-pose,x=-32.90;y=33.97;yaw=-3.09
146.099999905,[debug],turtlebot5,simulation,robot-pose,x=-21.00;y=18.00;yaw=-1.54
146.25,[debug],turtlebot2,simulation,robot-pose,x=-39.50;y=33.84;yaw=0.46
146.25,[debug],turtlebot3,simulation,robot-pose,x=-36.79;y=27.89;yaw=0.47
146.25,[debug],turtlebot4,simulation,robot-pose,x=-32.90;y=33.97;yaw=-3.09
146.25,[debug],turtlebot5,simulation,robot-pose,x=-21.00;y=18.00;yaw=-1.54
160.833333254,[debug],turtlebot1,simulation,robot-pose,x=-13.48;y=17.98;yaw=-1.35
160.833333254,[debug],turtlebot1,simulation,robot-pose,x=-13.48;y=17.98;yaw=-1.35
161.083333254,[debug],turtlebot2,simulation,robot-pose,x=-39.50;y=33.84;yaw=0.46
161.083333254,[debug],turtlebot3,simulation,robot-pose,x=-36.80;y=27.89;yaw=0.27
161.099999905,[debug],turtlebot4,simulation,robot-pose,x=-32.90;y=33.97;yaw=-3.09
161.099999905,[debug],turtlebot5,simulation,robot-pose,x=-21.00;y=18.00;yaw=-1.54
161.216666698,[debug],turtlebot2,simulation,robot-pose,x=-39.50;y=33.84;yaw=0.46
161.233333349,[debug],turtlebot3,simulation,robot-pose,x=-36.80;y=27.89;yaw=0.27
161.233333349,[debug],turtlebot4,simulation,robot-pose,x=-32.90;y=33.97;yaw=-3.09
161.233333349,[debug],turtlebot5,simulation,robot-pose,x=-21.00;y=18.00;yaw=-1.54
167.349999905,[info],turtlebot3,skill-life-cycle,navigation,(status=RUNNING, parameters=[[-37.0, 33.95, -1.5707963267948966, True], [-37.0, 21.5, 3.141592653589793, True], [-38.0, 21.5, 0.0, False]])
175.833333254,[debug],turtlebot1,simulation,robot-pose,x=-13.48;y=17.97;yaw=-1.33
175.833333254,[debug],turtlebot1,simulation,robot-pose,x=-13.48;y=17.97;yaw=-1.33
176.083333254,[debug],turtlebot3,simulation,robot-pose,x=-36.83;y=27.88;yaw=0.21
176.083333254,[debug],turtlebot2,simulation,robot-pose,x=-39.50;y=33.84;yaw=0.46
176.099999905,[debug],turtlebot4,simulation,robot-pose,x=-32.90;y=33.97;yaw=-3.09
176.099999905,[debug],turtlebot5,simulation,robot-pose,x=-21.00;y=18.00;yaw=-1.54
176.216666698,[debug],turtlebot3,simulation,robot-pose,x=-36.83;y=27.88;yaw=0.21
176.233333349,[debug],turtlebot2,simulation,robot-pose,x=-39.50;y=33.84;yaw=0.46
176.233333349,[debug],turtlebot4,simulation,robot-pose,x=-32.90;y=33.97;yaw=-3.09
176.233333349,[debug],turtlebot5,simulation,robot-pose,x=-21.00;y=18.00;yaw=-1.54
190.833333254,[debug],turtlebot1,simulation,robot-pose,x=-13.48;y=17.97;yaw=-1.31
190.833333254,[debug],turtlebot1,simulation,robot-pose,x=-13.48;y=17.97;yaw=-1.31
191.083333254,[debug],turtlebot2,simulation,robot-pose,x=-39.50;y=33.84;yaw=0.46
191.083333254,[debug],turtlebot3,simulation,robot-pose,x=-36.77;y=27.88;yaw=0.48
191.099999905,[debug],turtlebot4,simulation,robot-pose,x=-32.90;y=33.97;yaw=-3.09
191.099999905,[debug],turtlebot5,simulation,robot-pose,x=-21.00;y=18.00;yaw=-1.54
191.233333349,[debug],turtlebot2,simulation,robot-pose,x=-39.50;y=33.84;yaw=0.46
191.233333349,[debug],turtlebot3,simulation,robot-pose,x=-36.77;y=27.88;yaw=0.48
191.25,[debug],turtlebot4,simulation,robot-pose,x=-32.90;y=33.97;yaw=-3.09
191.25,[debug],turtlebot5,simulation,robot-pose,x=-21.00;y=18.00;yaw=-1.54
205.833333254,[debug],turtlebot1,simulation,robot-pose,x=-13.47;y=17.97;yaw=-1.29
205.833333254,[debug],turtlebot1,simulation,robot-pose,x=-13.47;y=17.97;yaw=-1.29
206.083333254,[debug],turtlebot2,simulation,robot-pose,x=-39.50;y=33.84;yaw=0.46
206.083333254,[debug],turtlebot3,simulation,robot-pose,x=-36.76;y=27.88;yaw=0.46
206.099999905,[debug],turtlebot5,simulation,robot-pose,x=-21.01;y=18.00;yaw=-1.54
206.099999905,[debug],turtlebot4,simulation,robot-pose,x=-32.91;y=33.97;yaw=-3.09
206.233333349,[debug],turtlebot2,simulation,robot-pose,x=-39.50;y=33.84;yaw=0.46
206.233333349,[debug],turtlebot3,simulation,robot-pose,x=-36.76;y=27.88;yaw=0.46
206.233333349,[debug],turtlebot5,simulation,robot-pose,x=-21.01;y=18.00;yaw=-1.54
206.233333349,[debug],turtlebot4,simulation,robot-pose,x=-32.91;y=33.97;yaw=-3.09
219.083333254,[info],turtlebot3,skill-life-cycle,navigation,(status=RUNNING, parameters=[[-37.0, 33.95, -1.5707963267948966, True], [-37.0, 21.5, 3.141592653589793, True], [-38.0, 21.5, 0.0, False]])
220.833333254,[debug],turtlebot1,simulation,robot-pose,x=-13.47;y=17.96;yaw=-1.27
220.833333254,[debug],turtlebot1,simulation,robot-pose,x=-13.47;y=17.96;yaw=-1.27
221.083333254,[debug],turtlebot2,simulation,robot-pose,x=-39.50;y=33.84;yaw=0.46
221.083333254,[debug],turtlebot3,simulation,robot-pose,x=-36.79;y=27.87;yaw=0.26
221.099999905,[debug],turtlebot5,simulation,robot-pose,x=-21.01;y=18.00;yaw=-1.54
221.099999905,[debug],turtlebot4,simulation,robot-pose,x=-32.91;y=33.97;yaw=-3.08
221.25,[debug],turtlebot2,simulation,robot-pose,x=-39.50;y=33.84;yaw=0.46
221.25,[debug],turtlebot3,simulation,robot-pose,x=-36.79;y=27.87;yaw=0.26
221.25,[debug],turtlebot5,simulation,robot-pose,x=-21.01;y=18.00;yaw=-1.54
221.25,[debug],turtlebot4,simulation,robot-pose,x=-32.91;y=33.97;yaw=-3.08
235.833333254,[debug],turtlebot1,simulation,robot-pose,x=-13.47;y=17.96;yaw=-1.25
235.833333254,[debug],turtlebot1,simulation,robot-pose,x=-13.47;y=17.96;yaw=-1.25
236.083333254,[debug],turtlebot3,simulation,robot-pose,x=-36.78;y=27.86;yaw=0.35
236.083333254,[debug],turtlebot2,simulation,robot-pose,x=-39.50;y=33.84;yaw=0.46
236.099999905,[debug],turtlebot5,simulation,robot-pose,x=-21.01;y=18.00;yaw=-1.54
236.099999905,[debug],turtlebot4,simulation,robot-pose,x=-32.91;y=33.97;yaw=-3.07
236.233333349,[debug],turtlebot3,simulation,robot-pose,x=-36.78;y=27.86;yaw=0.35
236.233333349,[debug],turtlebot2,simulation,robot-pose,x=-39.50;y=33.84;yaw=0.46
236.233333349,[debug],turtlebot5,simulation,robot-pose,x=-21.01;y=18.00;yaw=-1.54
236.233333349,[debug],turtlebot4,simulation,robot-pose,x=-32.91;y=33.97;yaw=-3.07
250.833333254,[debug],turtlebot1,simulation,robot-pose,x=-13.46;y=17.96;yaw=-1.23
250.833333254,[debug],turtlebot1,simulation,robot-pose,x=-13.46;y=17.96;yaw=-1.23
251.083333254,[debug],turtlebot3,simulation,robot-pose,x=-36.73;y=27.87;yaw=0.66
251.083333254,[debug],turtlebot2,simulation,robot-pose,x=-39.50;y=33.84;yaw=0.46
251.099999905,[debug],turtlebot5,simulation,robot-pose,x=-21.02;y=18.00;yaw=-1.54
251.099999905,[debug],turtlebot4,simulation,robot-pose,x=-32.91;y=33.97;yaw=-3.06
251.200000048,[debug],turtlebot3,simulation,robot-pose,x=-36.73;y=27.87;yaw=0.66
251.200000048,[debug],turtlebot2,simulation,robot-pose,x=-39.50;y=33.84;yaw=0.46
251.200000048,[debug],turtlebot5,simulation,robot-pose,x=-21.02;y=18.00;yaw=-1.54
251.200000048,[debug],turtlebot4,simulation,robot-pose,x=-32.91;y=33.97;yaw=-3.06
265.833333254,[debug],turtlebot1,simulation,robot-pose,x=-13.46;y=17.95;yaw=-1.21
265.833333254,[debug],turtlebot1,simulation,robot-pose,x=-13.46;y=17.95;yaw=-1.21
266.083333254,[debug],turtlebot3,simulation,robot-pose,x=-36.58;y=29.44;yaw=1.57
266.083333254,[debug],turtlebot2,simulation,robot-pose,x=-39.50;y=33.84;yaw=0.46
266.099999905,[debug],turtlebot5,simulation,robot-pose,x=-21.02;y=18.00;yaw=-1.54
266.099999905,[debug],turtlebot4,simulation,robot-pose,x=-32.91;y=33.97;yaw=-3.06
266.233333349,[debug],turtlebot3,simulation,robot-pose,x=-36.58;y=29.44;yaw=1.57
266.233333349,[debug],turtlebot2,simulation,robot-pose,x=-39.50;y=33.84;yaw=0.46
266.25,[debug],turtlebot5,simulation,robot-pose,x=-21.02;y=18.00;yaw=-1.54
266.25,[debug],turtlebot4,simulation,robot-pose,x=-32.91;y=33.97;yaw=-3.06
270.366666555,[info],turtlebot3,skill-life-cycle,navigation,(status=RUNNING, parameters=[[-37.0, 33.95, -1.5707963267948966, True], [-37.0, 21.5, 3.141592653589793, True], [-38.0, 21.5, 0.0, False]])
280.833333254,[debug],turtlebot1,simulation,robot-pose,x=-13.46;y=17.95;yaw=-1.19
280.833333254,[debug],turtlebot1,simulation,robot-pose,x=-13.46;y=17.95;yaw=-1.19
281.083333254,[debug],turtlebot2,simulation,robot-pose,x=-39.50;y=33.84;yaw=0.46
281.083333254,[debug],turtlebot3,simulation,robot-pose,x=-36.58;y=31.95;yaw=1.57
281.099999905,[debug],turtlebot4,simulation,robot-pose,x=-32.92;y=33.98;yaw=-3.05
281.099999905,[debug],turtlebot5,simulation,robot-pose,x=-21.03;y=18.00;yaw=-1.54
281.216666698,[debug],turtlebot2,simulation,robot-pose,x=-39.50;y=33.84;yaw=0.46
281.216666698,[debug],turtlebot3,simulation,robot-pose,x=-36.58;y=31.95;yaw=1.57
281.216666698,[debug],turtlebot4,simulation,robot-pose,x=-32.92;y=33.98;yaw=-3.05
281.216666698,[debug],turtlebot5,simulation,robot-pose,x=-21.03;y=18.00;yaw=-1.54
295.833333254,[debug],turtlebot1,simulation,robot-pose,x=-13.45;y=17.95;yaw=-1.17
295.833333254,[debug],turtlebot1,simulation,robot-pose,x=-13.45;y=17.95;yaw=-1.17
296.083333254,[debug],turtlebot2,simulation,robot-pose,x=-39.50;y=33.84;yaw=0.46
296.083333254,[debug],turtlebot3,simulation,robot-pose,x=-36.79;y=33.59;yaw=-1.87
296.099999905,[debug],turtlebot4,simulation,robot-pose,x=-32.92;y=33.98;yaw=-3.05
296.099999905,[debug],turtlebot5,simulation,robot-pose,x=-21.03;y=18.00;yaw=-1.54
296.200000048,[debug],turtlebot2,simulation,robot-pose,x=-39.50;y=33.84;yaw=0.46
296.200000048,[debug],turtlebot3,simulation,robot-pose,x=-36.79;y=33.59;yaw=-1.87
296.200000048,[debug],turtlebot4,simulation,robot-pose,x=-32.92;y=33.98;yaw=-3.05
296.200000048,[debug],turtlebot5,simulation,robot-pose,x=-21.03;y=18.00;yaw=-1.54
297.333333254,[debug],turtlebot3,move-base-info,Hooray, the base moved arrived,(x=-37;y=33.95)
297.333333254,[debug],turtlebot3,move-base-info,Hooray, the base moved arrived,(x=-37;y=33.95)
297.400000095,[debug],turtlebot3,task-update,navigation,way-point-reached,33.33333333333333%
310.833333254,[debug],turtlebot1,simulation,robot-pose,x=-13.45;y=17.94;yaw=-1.15
310.833333254,[debug],turtlebot1,simulation,robot-pose,x=-13.45;y=17.94;yaw=-1.15
311.083333254,[debug],turtlebot3,simulation,robot-pose,x=-36.62;y=32.32;yaw=-1.52
311.083333254,[debug],turtlebot2,simulation,robot-pose,x=-39.50;y=33.84;yaw=0.46
311.099999905,[debug],turtlebot4,simulation,robot-pose,x=-32.92;y=33.98;yaw=-3.06
311.116666555,[debug],turtlebot5,simulation,robot-pose,x=-21.03;y=18.00;yaw=-1.54
311.233333349,[debug],turtlebot3,simulation,robot-pose,x=-36.62;y=32.32;yaw=-1.52
311.233333349,[debug],turtlebot2,simulation,robot-pose,x=-39.50;y=33.84;yaw=0.46
311.233333349,[debug],turtlebot4,simulation,robot-pose,x=-32.92;y=33.98;yaw=-3.06
311.233333349,[debug],turtlebot5,simulation,robot-pose,x=-21.03;y=18.00;yaw=-1.54
322.150000095,[info],turtlebot3,skill-life-cycle,navigation,(status=RUNNING, parameters=[[-37.0, 33.95, -1.5707963267948966, True], [-37.0, 21.5, 3.141592653589793, True], [-38.0, 21.5, 0.0, False]])
325.833333254,[debug],turtlebot1,simulation,robot-pose,x=-13.45;y=17.94;yaw=-1.14
325.833333254,[debug],turtlebot1,simulation,robot-pose,x=-13.45;y=17.94;yaw=-1.14
326.083333254,[debug],turtlebot2,simulation,robot-pose,x=-39.50;y=33.84;yaw=0.46
326.083333254,[debug],turtlebot3,simulation,robot-pose,x=-36.60;y=29.85;yaw=-1.57
326.099999905,[debug],turtlebot5,simulation,robot-pose,x=-21.03;y=18.00;yaw=-1.54
326.099999905,[debug],turtlebot4,simulation,robot-pose,x=-32.92;y=33.98;yaw=-3.06
326.233333349,[debug],turtlebot2,simulation,robot-pose,x=-39.50;y=33.84;yaw=0.46
326.233333349,[debug],turtlebot3,simulation,robot-pose,x=-36.60;y=29.85;yaw=-1.57
326.233333349,[debug],turtlebot5,simulation,robot-pose,x=-21.03;y=18.00;yaw=-1.54
326.233333349,[debug],turtlebot4,simulation,robot-pose,x=-32.92;y=33.98;yaw=-3.06
340.833333254,[debug],turtlebot1,simulation,robot-pose,x=-13.44;y=17.94;yaw=-1.13
340.833333254,[debug],turtlebot1,simulation,robot-pose,x=-13.44;y=17.94;yaw=-1.13
341.083333254,[debug],turtlebot2,simulation,robot-pose,x=-39.50;y=33.84;yaw=0.46
341.083333254,[debug],turtlebot3,simulation,robot-pose,x=-36.59;y=27.36;yaw=-1.56
341.099999905,[debug],turtlebot5,simulation,robot-pose,x=-21.03;y=18.00;yaw=-1.54
341.099999905,[debug],turtlebot4,simulation,robot-pose,x=-32.93;y=33.98;yaw=-3.06
341.216666698,[debug],turtlebot2,simulation,robot-pose,x=-39.50;y=33.84;yaw=0.46
341.216666698,[debug],turtlebot3,simulation,robot-pose,x=-36.59;y=27.36;yaw=-1.56
341.216666698,[debug],turtlebot5,simulation,robot-pose,x=-21.03;y=18.00;yaw=-1.54
341.216666698,[debug],turtlebot4,simulation,robot-pose,x=-32.93;y=33.98;yaw=-3.06
355.833333254,[debug],turtlebot1,simulation,robot-pose,x=-13.44;y=17.94;yaw=-1.12
355.833333254,[debug],turtlebot1,simulation,robot-pose,x=-13.44;y=17.94;yaw=-1.12
356.083333254,[debug],turtlebot2,simulation,robot-pose,x=-39.50;y=33.84;yaw=0.46
356.083333254,[debug],turtlebot3,simulation,robot-pose,x=-36.58;y=24.87;yaw=-1.57
356.099999905,[debug],turtlebot5,simulation,robot-pose,x=-21.03;y=18.00;yaw=-1.54
356.099999905,[debug],turtlebot4,simulation,robot-pose,x=-32.93;y=33.98;yaw=-3.06
356.233333349,[debug],turtlebot2,simulation,robot-pose,x=-39.50;y=33.84;yaw=0.46
356.233333349,[debug],turtlebot3,simulation,robot-pose,x=-36.58;y=24.87;yaw=-1.57
356.233333349,[debug],turtlebot5,simulation,robot-pose,x=-21.03;y=18.00;yaw=-1.54
356.233333349,[debug],turtlebot4,simulation,robot-pose,x=-32.93;y=33.98;yaw=-3.06
370.833333254,[debug],turtlebot1,simulation,robot-pose,x=-13.44;y=17.93;yaw=-1.12
370.833333254,[debug],turtlebot1,simulation,robot-pose,x=-13.44;y=17.93;yaw=-1.12
371.083333254,[debug],turtlebot2,simulation,robot-pose,x=-39.50;y=33.84;yaw=0.46
371.083333254,[debug],turtlebot3,simulation,robot-pose,x=-36.77;y=22.20;yaw=-1.81
371.099999905,[debug],turtlebot5,simulation,robot-pose,x=-21.03;y=18.00;yaw=-1.54
371.099999905,[debug],turtlebot4,simulation,robot-pose,x=-32.93;y=33.98;yaw=-3.06
371.200000048,[debug],turtlebot2,simulation,robot-pose,x=-39.50;y=33.84;yaw=0.46
371.200000048,[debug],turtlebot3,simulation,robot-pose,x=-36.77;y=22.20;yaw=-1.81
371.200000048,[debug],turtlebot5,simulation,robot-pose,x=-21.03;y=18.00;yaw=-1.54
371.216666698,[debug],turtlebot4,simulation,robot-pose,x=-32.93;y=33.98;yaw=-3.06
373.633333445,[info],turtlebot3,skill-life-cycle,navigation,(status=RUNNING, parameters=[[-37.0, 33.95, -1.5707963267948966, True], [-37.0, 21.5, 3.141592653589793, True], [-38.0, 21.5, 0.0, False]])
376.283333302,[debug],turtlebot3,move-base-info,Hooray, the base moved arrived,(x=-37;y=21.5)
376.283333302,[debug],turtlebot3,move-base-info,Hooray, the base moved arrived,(x=-37;y=21.5)
376.433333397,[debug],turtlebot3,task-update,navigation,way-point-reached,66.66666666666666%
385.833333254,[debug],turtlebot1,simulation,robot-pose,x=-13.44;y=17.93;yaw=-1.11
385.833333254,[debug],turtlebot1,simulation,robot-pose,x=-13.44;y=17.93;yaw=-1.11
386.083333254,[debug],turtlebot3,simulation,robot-pose,x=-37.60;y=21.79;yaw=-2.29
386.083333254,[debug],turtlebot2,simulation,robot-pose,x=-39.50;y=33.84;yaw=0.46
386.099999905,[debug],turtlebot4,simulation,robot-pose,x=-32.93;y=33.98;yaw=-3.06
386.099999905,[debug],turtlebot5,simulation,robot-pose,x=-21.03;y=18.00;yaw=-1.54
386.233333349,[debug],turtlebot3,simulation,robot-pose,x=-37.60;y=21.79;yaw=-2.29
386.233333349,[debug],turtlebot2,simulation,robot-pose,x=-39.50;y=33.84;yaw=0.46
386.233333349,[debug],turtlebot4,simulation,robot-pose,x=-32.93;y=33.98;yaw=-3.06
386.233333349,[debug],turtlebot5,simulation,robot-pose,x=-21.03;y=18.00;yaw=-1.54
392.116666555,[debug],turtlebot3,move-base-info,Hooray, the base moved arrived,(x=-38;y=21.5)
392.200000048,[debug],turtlebot3,move-base-info,Hooray, the base moved arrived,(x=-38;y=21.5)
392.299999952,[debug],turtlebot3,task-update,navigation,way-point-reached,100.0%
392.400000095,[debug],turtlebot3,available-skills,['send_message', 'wait_message', 'approach_person', 'approach_robot', 'authenticate_person', 'deposit', 'navigation', 'operate_drawer', 'pick_up'],
392.400000095,[info],turtlebot3,skill-life-cycle,approach_person,(status=STARTED, parameters=['nurse'])
392.483333349,[debug],turtlebot3,task-update,approach_person,localize-person,(who=nurse)
392.799999952,[debug],turtlebot3,task-update,approach_person,goto-person,(who=nurse)
392.883333445,[debug],turtlebot3,available-skills,['send_message', 'wait_message', 'approach_person', 'approach_robot', 'authenticate_person', 'deposit', 'navigation', 'operate_drawer', 'pick_up'],
392.883333445,[info],turtlebot3,skill-life-cycle,authenticate_person,(status=STARTED, parameters=['nurse'])
392.983333349,[debug],turtlebot3,task-update,authenticate_person,request-authentication,(to=nurse)
392.983333349,[info],nurse,sync,received-request,(status=sending-request)
392.983333349,[info],nurse,sync,received-request,(status=sending-request)
393.5,[debug],turtlebot3,task-update,authenticate_person,received-authentication,(from=nurse)
393.616666555,[debug],turtlebot3,available-skills,['send_message', 'wait_message', 'approach_person', 'approach_robot', 'authenticate_person', 'deposit', 'navigation', 'operate_drawer', 'pick_up'],
393.616666555,[info],turtlebot3,skill-life-cycle,operate_drawer,(status=STARTED, parameters=['open'])
393.716666698,[debug],turtlebot3,task-update,operate_drawer,open
394.716666698,[debug],turtlebot3,available-skills,['send_message', 'wait_message', 'approach_person', 'approach_robot', 'authenticate_person', 'deposit', 'navigation', 'operate_drawer', 'pick_up'],
394.716666698,[info],turtlebot3,skill-life-cycle,send_message,(status=STARTED, parameters=['nurse'])
394.849999905,[info],turtlebot3,sync,send-message,(to=nurse)
395.783333302,[info],nurse,sync,wait-message,(status=message-received)
395.783333302,[info],nurse,sync,wait-message,(status=message-received)
398.483333349,[debug],turtlebot3,available-skills,['send_message', 'wait_message', 'approach_person', 'approach_robot', 'authenticate_person', 'deposit', 'navigation', 'operate_drawer', 'pick_up'],
398.483333349,[info],turtlebot3,skill-life-cycle,wait_message,(status=STARTED, parameters=['r1'])
399.783333302,[info],turtlebot3,sync,wait-message,(status=message-received)
399.883333445,[debug],turtlebot3,available-skills,['send_message', 'wait_message', 'approach_person', 'approach_robot', 'authenticate_person', 'deposit', 'navigation', 'operate_drawer', 'pick_up'],
399.883333445,[info],turtlebot3,skill-life-cycle,operate_drawer,(status=STARTED, parameters=['close'])
399.983333349,[debug],turtlebot3,task-update,operate_drawer,close
400.833333254,[debug],turtlebot1,simulation,robot-pose,x=-13.43;y=17.93;yaw=-1.10
400.833333254,[debug],turtlebot1,simulation,robot-pose,x=-13.43;y=17.93;yaw=-1.10
400.966666698,[debug],turtlebot3,available-skills,['send_message', 'wait_message', 'approach_person', 'approach_robot', 'authenticate_person', 'deposit', 'navigation', 'operate_drawer', 'pick_up'],
400.966666698,[info],turtlebot3,skill-life-cycle,navigation,(status=STARTED, parameters=[[-37.0, 21.5, -1.5707963267948966, True], [-37.0, 16.0, 0.0, True], [-26.0, 16.0, -1.5707963267948966, True], [-26.0, 13.0, 1.57, False]])
401.083333254,[debug],turtlebot2,simulation,robot-pose,x=-39.50;y=33.84;yaw=0.46
401.083333254,[debug],turtlebot3,simulation,robot-pose,x=-37.66;y=21.77;yaw=-0.04
401.099999905,[debug],turtlebot5,simulation,robot-pose,x=-21.03;y=18.00;yaw=-1.54
401.099999905,[debug],turtlebot4,simulation,robot-pose,x=-32.93;y=33.98;yaw=-3.06
401.233333349,[debug],turtlebot2,simulation,robot-pose,x=-39.50;y=33.84;yaw=0.46
401.233333349,[debug],turtlebot3,simulation,robot-pose,x=-37.66;y=21.77;yaw=-0.04
401.233333349,[debug],turtlebot5,simulation,robot-pose,x=-21.03;y=18.00;yaw=-1.54
401.233333349,[debug],turtlebot4,simulation,robot-pose,x=-32.93;y=33.98;yaw=-3.06
405.783333302,[info],nurse,sync,wait-message,(status=message-received)
405.783333302,[info],nurse,sync,wait-message,(status=message-received)
411.666666746,[debug],turtlebot3,move-base-info,Hooray, the base moved arrived,(x=-37;y=21.5)
411.666666746,[debug],turtlebot3,move-base-info,Hooray, the base moved arrived,(x=-37;y=21.5)
411.666666746,[debug],turtlebot3,task-update,navigation,way-point-reached,25.0%
412.983333349,[info],nurse,sync,request-sent,(status=waiting)
412.983333349,[info],nurse,sync,request-sent,(status=waiting)
415.783333302,[info],nurse,sync,wait-message,(status=message-received)
415.783333302,[info],nurse,sync,wait-message,(status=message-received)
415.833333254,[debug],turtlebot1,simulation,robot-pose,x=-13.43;y=17.93;yaw=-1.10
415.833333254,[debug],turtlebot1,simulation,robot-pose,x=-13.43;y=17.93;yaw=-1.10
416.083333254,[debug],turtlebot2,simulation,robot-pose,x=-39.50;y=33.84;yaw=0.46
416.083333254,[debug],turtlebot3,simulation,robot-pose,x=-37.40;y=21.74;yaw=-1.52
416.099999905,[debug],turtlebot4,simulation,robot-pose,x=-32.93;y=33.98;yaw=-3.06
416.099999905,[debug],turtlebot5,simulation,robot-pose,x=-21.03;y=18.00;yaw=-1.54
416.233333349,[debug],turtlebot2,simulation,robot-pose,x=-39.50;y=33.84;yaw=0.46
416.233333349,[debug],turtlebot3,simulation,robot-pose,x=-37.40;y=21.74;yaw=-1.52
416.233333349,[debug],turtlebot4,simulation,robot-pose,x=-32.93;y=33.98;yaw=-3.06
416.233333349,[debug],turtlebot5,simulation,robot-pose,x=-21.03;y=18.00;yaw=-1.54
425.783333302,[info],nurse,sync,wait-message,(status=message-received)
425.783333302,[info],nurse,sync,wait-message,(status=message-received)
428.216666698,[info],turtlebot3,skill-life-cycle,navigation,(status=RUNNING, parameters=[[-37.0, 21.5, -1.5707963267948966, True], [-37.0, 16.0, 0.0, True], [-26.0, 16.0, -1.5707963267948966, True], [-26.0, 13.0, 1.57, False]])
430.833333254,[debug],turtlebot1,simulation,robot-pose,x=-13.43;y=17.93;yaw=-1.09
430.833333254,[debug],turtlebot1,simulation,robot-pose,x=-13.43;y=17.93;yaw=-1.09
431.083333254,[debug],turtlebot2,simulation,robot-pose,x=-39.50;y=33.84;yaw=0.46
431.083333254,[debug],turtlebot3,simulation,robot-pose,x=-37.05;y=19.73;yaw=-1.62
431.099999905,[debug],turtlebot4,simulation,robot-pose,x=-32.93;y=33.98;yaw=-3.06
431.099999905,[debug],turtlebot5,simulation,robot-pose,x=-21.03;y=18.00;yaw=-1.54
431.233333349,[debug],turtlebot2,simulation,robot-pose,x=-39.50;y=33.84;yaw=0.46
431.233333349,[debug],turtlebot3,simulation,robot-pose,x=-37.05;y=19.73;yaw=-1.62
431.233333349,[debug],turtlebot4,simulation,robot-pose,x=-32.93;y=33.98;yaw=-3.06
431.233333349,[debug],turtlebot5,simulation,robot-pose,x=-21.03;y=18.00;yaw=-1.54
445.833333254,[debug],turtlebot1,simulation,robot-pose,x=-13.42;y=17.93;yaw=-1.08
445.833333254,[debug],turtlebot1,simulation,robot-pose,x=-13.42;y=17.93;yaw=-1.08
446.083333254,[debug],turtlebot3,simulation,robot-pose,x=-37.06;y=17.23;yaw=-1.68
446.083333254,[debug],turtlebot2,simulation,robot-pose,x=-39.50;y=33.84;yaw=0.46
446.099999905,[debug],turtlebot5,simulation,robot-pose,x=-21.03;y=18.00;yaw=-1.54
446.099999905,[debug],turtlebot4,simulation,robot-pose,x=-32.93;y=33.98;yaw=-3.06
446.233333349,[debug],turtlebot3,simulation,robot-pose,x=-37.06;y=17.23;yaw=-1.68
446.233333349,[debug],turtlebot2,simulation,robot-pose,x=-39.50;y=33.84;yaw=0.46
446.233333349,[debug],turtlebot5,simulation,robot-pose,x=-21.03;y=18.00;yaw=-1.54
446.233333349,[debug],turtlebot4,simulation,robot-pose,x=-32.93;y=33.98;yaw=-3.06
456.049999952,[debug],turtlebot3,move-base-info,Hooray, the base moved arrived,(x=-37;y=16)
456.049999952,[debug],turtlebot3,move-base-info,Hooray, the base moved arrived,(x=-37;y=16)
456.116666555,[debug],turtlebot3,task-update,navigation,way-point-reached,50.0%
460.833333254,[debug],turtlebot1,simulation,robot-pose,x=-13.42;y=17.92;yaw=-1.07
460.833333254,[debug],turtlebot1,simulation,robot-pose,x=-13.42;y=17.92;yaw=-1.07
461.083333254,[debug],turtlebot2,simulation,robot-pose,x=-39.50;y=33.84;yaw=0.46
461.083333254,[debug],turtlebot3,simulation,robot-pose,x=-37.29;y=16.37;yaw=-0.08
461.099999905,[debug],turtlebot5,simulation,robot-pose,x=-21.03;y=18.00;yaw=-1.54
461.099999905,[debug],turtlebot4,simulation,robot-pose,x=-32.93;y=33.98;yaw=-3.06
461.25,[debug],turtlebot2,simulation,robot-pose,x=-39.50;y=33.84;yaw=0.46
461.25,[debug],turtlebot3,simulation,robot-pose,x=-37.29;y=16.37;yaw=-0.08
461.25,[debug],turtlebot5,simulation,robot-pose,x=-21.03;y=18.00;yaw=-1.54
461.25,[debug],turtlebot4,simulation,robot-pose,x=-32.93;y=33.98;yaw=-3.06
475.833333254,[debug],turtlebot1,simulation,robot-pose,x=-13.42;y=17.92;yaw=-1.06
475.833333254,[debug],turtlebot1,simulation,robot-pose,x=-13.42;y=17.92;yaw=-1.06
476.083333254,[debug],turtlebot3,simulation,robot-pose,x=-36.23;y=15.48;yaw=-0.36
476.083333254,[debug],turtlebot2,simulation,robot-pose,x=-39.50;y=33.84;yaw=0.46
476.099999905,[debug],turtlebot5,simulation,robot-pose,x=-21.03;y=18.00;yaw=-1.54
476.099999905,[debug],turtlebot4,simulation,robot-pose,x=-32.93;y=33.98;yaw=-3.06
476.233333349,[debug],turtlebot3,simulation,robot-pose,x=-36.23;y=15.48;yaw=-0.36
476.233333349,[debug],turtlebot2,simulation,robot-pose,x=-39.50;y=33.84;yaw=0.46
476.233333349,[debug],turtlebot5,simulation,robot-pose,x=-21.03;y=18.00;yaw=-1.54
476.233333349,[debug],turtlebot4,simulation,robot-pose,x=-32.93;y=33.98;yaw=-3.06
480.316666603,[info],turtlebot3,skill-life-cycle,navigation,(status=RUNNING, parameters=[[-37.0, 21.5, -1.5707963267948966, True], [-37.0, 16.0, 0.0, True], [-26.0, 16.0, -1.5707963267948966, True], [-26.0, 13.0, 1.57, False]])
490.833333254,[debug],turtlebot1,simulation,robot-pose,x=-13.42;y=17.92;yaw=-1.05
490.833333254,[debug],turtlebot1,simulation,robot-pose,x=-13.42;y=17.92;yaw=-1.05
491.083333254,[debug],turtlebot2,simulation,robot-pose,x=-39.50;y=33.84;yaw=0.46
491.083333254,[debug],turtlebot3,simulation,robot-pose,x=-34.99;y=15.29;yaw=-0.01
491.099999905,[debug],turtlebot5,simulation,robot-pose,x=-21.03;y=18.00;yaw=-1.54
491.099999905,[debug],turtlebot4,simulation,robot-pose,x=-32.93;y=33.98;yaw=-3.06
491.216666698,[debug],turtlebot2,simulation,robot-pose,x=-39.50;y=33.84;yaw=0.46
491.216666698,[debug],turtlebot3,simulation,robot-pose,x=-34.99;y=15.29;yaw=-0.01
491.216666698,[debug],turtlebot5,simulation,robot-pose,x=-21.03;y=18.00;yaw=-1.54
491.233333349,[debug],turtlebot4,simulation,robot-pose,x=-32.93;y=33.98;yaw=-3.06
505.833333254,[debug],turtlebot1,simulation,robot-pose,x=-13.42;y=17.92;yaw=-1.04
505.833333254,[debug],turtlebot1,simulation,robot-pose,x=-13.42;y=17.92;yaw=-1.04
506.083333254,[debug],turtlebot3,simulation,robot-pose,x=-33.74;y=15.29;yaw=-0.00
506.083333254,[debug],turtlebot2,simulation,robot-pose,x=-39.50;y=33.84;yaw=0.46
506.099999905,[debug],turtlebot5,simulation,robot-pose,x=-21.03;y=18.00;yaw=-1.54
506.099999905,[debug],turtlebot4,simulation,robot-pose,x=-32.93;y=33.98;yaw=-3.06
506.233333349,[debug],turtlebot3,simulation,robot-pose,x=-33.74;y=15.29;yaw=-0.00
506.233333349,[debug],turtlebot2,simulation,robot-pose,x=-39.50;y=33.84;yaw=0.46
506.25,[debug],turtlebot5,simulation,robot-pose,x=-21.03;y=18.00;yaw=-1.54
506.25,[debug],turtlebot4,simulation,robot-pose,x=-32.93;y=33.98;yaw=-3.06
520.833333254,[debug],turtlebot1,simulation,robot-pose,x=-13.42;y=17.92;yaw=-1.04
520.833333254,[debug],turtlebot1,simulation,robot-pose,x=-13.42;y=17.92;yaw=-1.04
521.083333254,[debug],turtlebot3,simulation,robot-pose,x=-32.49;y=15.29;yaw=0.04
521.083333254,[debug],turtlebot2,simulation,robot-pose,x=-39.50;y=33.84;yaw=0.46
521.099999905,[debug],turtlebot4,simulation,robot-pose,x=-32.93;y=33.98;yaw=-3.05
521.099999905,[debug],turtlebot5,simulation,robot-pose,x=-21.03;y=18.00;yaw=-1.54
521.200000048,[debug],turtlebot3,simulation,robot-pose,x=-32.49;y=15.29;yaw=0.04
521.200000048,[debug],turtlebot2,simulation,robot-pose,x=-39.50;y=33.84;yaw=0.46
521.200000048,[debug],turtlebot4,simulation,robot-pose,x=-32.93;y=33.98;yaw=-3.05
521.216666698,[debug],turtlebot5,simulation,robot-pose,x=-21.03;y=18.00;yaw=-1.54
530.799999952,[info],turtlebot3,skill-life-cycle,navigation,(status=RUNNING, parameters=[[-37.0, 21.5, -1.5707963267948966, True], [-37.0, 16.0, 0.0, True], [-26.0, 16.0, -1.5707963267948966, True], [-26.0, 13.0, 1.57, False]])
535.833333254,[debug],turtlebot1,simulation,robot-pose,x=-13.41;y=17.91;yaw=-1.03
535.833333254,[debug],turtlebot1,simulation,robot-pose,x=-13.41;y=17.91;yaw=-1.03
536.083333254,[debug],turtlebot2,simulation,robot-pose,x=-39.50;y=33.84;yaw=0.46
536.083333254,[debug],turtlebot3,simulation,robot-pose,x=-31.24;y=15.33;yaw=0.01
536.099999905,[debug],turtlebot5,simulation,robot-pose,x=-21.03;y=18.00;yaw=-1.54
536.099999905,[debug],turtlebot4,simulation,robot-pose,x=-32.93;y=33.98;yaw=-3.05
536.233333349,[debug],turtlebot2,simulation,robot-pose,x=-39.50;y=33.84;yaw=0.46
536.233333349,[debug],turtlebot3,simulation,robot-pose,x=-31.24;y=15.33;yaw=0.01
536.233333349,[debug],turtlebot5,simulation,robot-pose,x=-21.03;y=18.00;yaw=-1.54
536.233333349,[debug],turtlebot4,simulation,robot-pose,x=-32.93;y=33.98;yaw=-3.05
550.833333254,[debug],turtlebot1,simulation,robot-pose,x=-13.41;y=17.91;yaw=-1.01
550.833333254,[debug],turtlebot1,simulation,robot-pose,x=-13.41;y=17.91;yaw=-1.01
551.083333254,[debug],turtlebot3,simulation,robot-pose,x=-29.99;y=15.32;yaw=0.00
551.083333254,[debug],turtlebot2,simulation,robot-pose,x=-39.50;y=33.84;yaw=0.46
551.099999905,[debug],turtlebot4,simulation,robot-pose,x=-32.93;y=33.98;yaw=-3.06
551.099999905,[debug],turtlebot5,simulation,robot-pose,x=-21.03;y=18.00;yaw=-1.54
551.233333349,[debug],turtlebot3,simulation,robot-pose,x=-29.99;y=15.32;yaw=0.00
551.233333349,[debug],turtlebot2,simulation,robot-pose,x=-39.50;y=33.84;yaw=0.46
551.233333349,[debug],turtlebot4,simulation,robot-pose,x=-32.93;y=33.98;yaw=-3.06
551.233333349,[debug],turtlebot5,simulation,robot-pose,x=-21.03;y=18.00;yaw=-1.54
565.833333254,[debug],turtlebot1,simulation,robot-pose,x=-13.41;y=17.91;yaw=-1.00
565.833333254,[debug],turtlebot1,simulation,robot-pose,x=-13.41;y=17.91;yaw=-1.00
566.083333254,[debug],turtlebot2,simulation,robot-pose,x=-39.50;y=33.84;yaw=0.46
566.083333254,[debug],turtlebot3,simulation,robot-pose,x=-28.74;y=15.33;yaw=0.06
566.099999905,[debug],turtlebot5,simulation,robot-pose,x=-21.03;y=18.00;yaw=-1.54
566.099999905,[debug],turtlebot4,simulation,robot-pose,x=-32.93;y=33.98;yaw=-3.06
566.216666698,[debug],turtlebot2,simulation,robot-pose,x=-39.50;y=33.84;yaw=0.46
566.216666698,[debug],turtlebot3,simulation,robot-pose,x=-28.74;y=15.33;yaw=0.06
566.216666698,[debug],turtlebot5,simulation,robot-pose,x=-21.03;y=18.00;yaw=-1.54
566.233333349,[debug],turtlebot4,simulation,robot-pose,x=-32.93;y=33.98;yaw=-3.06
580.833333254,[debug],turtlebot1,simulation,robot-pose,x=-13.41;y=17.90;yaw=-0.99
580.833333254,[debug],turtlebot1,simulation,robot-pose,x=-13.41;y=17.90;yaw=-0.99
581.083333254,[debug],turtlebot2,simulation,robot-pose,x=-39.50;y=33.84;yaw=0.46
581.083333254,[debug],turtlebot3,simulation,robot-pose,x=-27.51;y=15.67;yaw=0.18
581.099999905,[debug],turtlebot5,simulation,robot-pose,x=-21.03;y=18.00;yaw=-1.54
581.099999905,[debug],turtlebot4,simulation,robot-pose,x=-32.94;y=33.98;yaw=-3.06
581.183333397,[info],turtlebot3,skill-life-cycle,navigation,(status=RUNNING, parameters=[[-37.0, 21.5, -1.5707963267948966, True], [-37.0, 16.0, 0.0, True], [-26.0, 16.0, -1.5707963267948966, True], [-26.0, 13.0, 1.57, False]])
581.233333349,[debug],turtlebot2,simulation,robot-pose,x=-39.50;y=33.84;yaw=0.46
581.233333349,[debug],turtlebot3,simulation,robot-pose,x=-27.51;y=15.67;yaw=0.18
581.233333349,[debug],turtlebot5,simulation,robot-pose,x=-21.03;y=18.00;yaw=-1.54
581.233333349,[debug],turtlebot4,simulation,robot-pose,x=-32.94;y=33.98;yaw=-3.06
595.833333254,[debug],turtlebot1,simulation,robot-pose,x=-13.41;y=17.90;yaw=-0.99
595.833333254,[debug],turtlebot1,simulation,robot-pose,x=-13.41;y=17.90;yaw=-0.99
596.083333254,[debug],turtlebot2,simulation,robot-pose,x=-39.50;y=33.84;yaw=0.46
596.083333254,[debug],turtlebot3,simulation,robot-pose,x=-26.47;y=15.98;yaw=-0.74
596.099999905,[debug],turtlebot4,simulation,robot-pose,x=-32.94;y=33.98;yaw=-3.06
596.099999905,[debug],turtlebot5,simulation,robot-pose,x=-21.03;y=18.00;yaw=-1.54
596.200000048,[debug],turtlebot2,simulation,robot-pose,x=-39.50;y=33.84;yaw=0.46
596.200000048,[debug],turtlebot3,simulation,robot-pose,x=-26.47;y=15.98;yaw=-0.74
596.200000048,[debug],turtlebot4,simulation,robot-pose,x=-32.94;y=33.98;yaw=-3.06
596.200000048,[debug],turtlebot5,simulation,robot-pose,x=-21.03;y=18.00;yaw=-1.54
598.566666603,[debug],turtlebot3,move-base-info,Hooray, the base moved arrived,(x=-26;y=16)
598.566666603,[debug],turtlebot3,move-base-info,Hooray, the base moved arrived,(x=-26;y=16)
598.716666698,[debug],turtlebot3,task-update,navigation,way-point-reached,75.0%
610.833333254,[debug],turtlebot1,simulation,robot-pose,x=-13.42;y=17.90;yaw=-0.98
610.833333254,[debug],turtlebot1,simulation,robot-pose,x=-13.42;y=17.90;yaw=-0.98
611.083333254,[debug],turtlebot3,simulation,robot-pose,x=-26.16;y=15.07;yaw=-1.31
611.083333254,[debug],turtlebot2,simulation,robot-pose,x=-39.50;y=33.84;yaw=0.46
611.099999905,[debug],turtlebot4,simulation,robot-pose,x=-32.94;y=33.98;yaw=-3.06
611.099999905,[debug],turtlebot5,simulation,robot-pose,x=-21.03;y=18.00;yaw=-1.54
611.233333349,[debug],turtlebot3,simulation,robot-pose,x=-26.16;y=15.07;yaw=-1.31
611.233333349,[debug],turtlebot2,simulation,robot-pose,x=-39.50;y=33.84;yaw=0.46
611.233333349,[debug],turtlebot4,simulation,robot-pose,x=-32.94;y=33.98;yaw=-3.06
611.233333349,[debug],turtlebot5,simulation,robot-pose,x=-21.03;y=18.00;yaw=-1.54
625.833333254,[debug],turtlebot1,simulation,robot-pose,x=-13.42;y=17.90;yaw=-0.98
625.833333254,[debug],turtlebot1,simulation,robot-pose,x=-13.42;y=17.90;yaw=-0.98
626.083333254,[debug],turtlebot2,simulation,robot-pose,x=-39.50;y=33.84;yaw=0.46
626.083333254,[debug],turtlebot3,simulation,robot-pose,x=-25.89;y=13.46;yaw=-2.06
626.099999905,[debug],turtlebot4,simulation,robot-pose,x=-32.94;y=33.98;yaw=-3.05
626.099999905,[debug],turtlebot5,simulation,robot-pose,x=-21.03;y=18.00;yaw=-1.54
626.216666698,[debug],turtlebot2,simulation,robot-pose,x=-39.50;y=33.84;yaw=0.46
626.216666698,[debug],turtlebot3,simulation,robot-pose,x=-25.89;y=13.46;yaw=-2.06
626.233333349,[debug],turtlebot4,simulation,robot-pose,x=-32.94;y=33.98;yaw=-3.05
626.233333349,[debug],turtlebot5,simulation,robot-pose,x=-21.03;y=18.00;yaw=-1.54
632.983333349,[debug],turtlebot3,move-base-info,Hooray, the base moved arrived,(x=-26;y=13)
632.983333349,[debug],turtlebot3,move-base-info,Hooray, the base moved arrived,(x=-26;y=13)
633.116666555,[info],turtlebot3,skill-life-cycle,navigation,(status=RUNNING, parameters=[[-37.0, 21.5, -1.5707963267948966, True], [-37.0, 16.0, 0.0, True], [-26.0, 16.0, -1.5707963267948966, True], [-26.0, 13.0, 1.57, False]])
633.200000048,[debug],turtlebot3,task-update,navigation,way-point-reached,100.0%
633.283333302,[debug],turtlebot3,available-skills,['send_message', 'wait_message', 'approach_person', 'approach_robot', 'authenticate_person', 'deposit', 'navigation', 'operate_drawer', 'pick_up'],
633.283333302,[info],turtlebot3,skill-life-cycle,approach_robot,(status=STARTED, parameters=['lab_arm'])
633.383333445,[debug],turtlebot3,task-update,approach_robot,localize-robot,(who=lab_arm)
633.483333349,[debug],turtlebot3,task-update,approach_robot,goto-robot,(who=lab_arm)
633.583333254,[debug],turtlebot3,available-skills,['send_message', 'wait_message', 'approach_person', 'approach_robot', 'authenticate_person', 'deposit', 'navigation', 'operate_drawer', 'pick_up'],
633.583333254,[info],turtlebot3,skill-life-cycle,operate_drawer,(status=STARTED, parameters=['open'])
633.616666555,[debug],turtlebot3,task-update,operate_drawer,open
634.616666555,[debug],turtlebot3,available-skills,['send_message', 'wait_message', 'approach_person', 'approach_robot', 'authenticate_person', 'deposit', 'navigation', 'operate_drawer', 'pick_up'],
634.616666555,[info],turtlebot3,skill-life-cycle,send_message,(status=STARTED, parameters=['lab_arm'])
634.683333397,[info],turtlebot3,sync,send-message,(to=lab_arm)
635.583333254,[info],lab_arm,sync,wait-message,(status=message-received)
635.583333254,[info],lab_arm,sync,wait-message,(status=message-received)
635.599999905,[info],Inventory,sync,wait-sample,(status=sample-received)
635.599999905,[info],Inventory,sync,wait-sample,(status=sample-received)
635.599999905,ENDSIM
635.599999905,ENDSIM
640.833333254,[debug],turtlebot1,simulation,robot-pose,x=-13.42;y=17.90;yaw=-0.98
640.833333254,[debug],turtlebot1,simulation,robot-pose,x=-13.42;y=17.90;yaw=-0.98
641.083333254,[debug],turtlebot2,simulation,robot-pose,x=-39.50;y=33.84;yaw=0.46
641.083333254,[debug],turtlebot3,simulation,robot-pose,x=-25.93;y=13.39;yaw=1.62
641.099999905,[debug],turtlebot5,simulation,robot-pose,x=-21.03;y=18.00;yaw=-1.54
641.099999905,[debug],turtlebot4,simulation,robot-pose,x=-32.94;y=33.98;yaw=-3.05
641.200000048,[debug],turtlebot2,simulation,robot-pose,x=-39.50;y=33.84;yaw=0.46
641.200000048,[debug],turtlebot3,simulation,robot-pose,x=-25.93;y=13.39;yaw=1.62
641.200000048,[debug],turtlebot5,simulation,robot-pose,x=-21.03;y=18.00;yaw=-1.54
641.200000048,[debug],turtlebot4,simulation,robot-pose,x=-32.94;y=33.98;yaw=-3.05
645.583333254,[info],Inventory,sync,wait-sample,(status=sample-received)
645.583333254,ENDSIM
645.583333254,[info],Inventory,sync,wait-sample,(status=sample-received)
645.583333254,ENDSIM
645.583333254,[info],lab_arm,sync,wait-message,(status=message-received)
645.583333254,[info],lab_arm,sync,wait-message,(status=message-received)
645.583333254,[info],Inventory,sync,wait-sample,(status=sample-received)
645.583333254,[info],Inventory,sync,wait-sample,(status=sample-received)
645.583333254,ENDSIM
645.583333254,ENDSIM
0.0,[debug],simulation closed,reach-target,execution-wall-clock=761.8206062316895
