0.0,0.0,[debug],logger,init,time
ROBOTS_CONFIG=[{"avg_speed": 0.15, "battery_charge": 0.59, "battery_discharge_rate": 0.00017, "id": 0, "local_plan": null, "location": "PC Room 7", "position": [-13.5, 18.0, -1.57], "skills": ["approach_person", "approach_robot", "authenticate_person", "deposit", "navigation", "pick_up"]}, {"avg_speed": 0.15, "battery_charge": 0.22, "battery_discharge_rate": 0.00018, "id": 1, "local_plan": null, "location": "IC Room 4", "position": [-39.44, 33.95, 0.0], "skills": ["approach_person", "approach_robot", "authenticate_person", "deposit", "navigation", "operate_drawer", "pick_up"]}, {"avg_speed": 0.15, "battery_charge": 0.73, "battery_discharge_rate": 0.00012000000000000002, "id": 2, "local_plan": [["navigation", ["IC Room 2", [[-39.44, 33.95, 0.0], [-37.0, 33.95], [-37.0, 21.5], [-38.0, 21.5, 0.0]]]], ["approach_person", ["nurse"]], ["authenticate_person", ["nurse"]], ["operate_drawer", ["open"]], ["send_message", ["nurse"]], ["wait_message", ["r1"]], ["operate_drawer", ["close"]], ["navigation", ["Laboratory", [[-38.0, 21.5, 0.0], [-37.0, 21.5], [-37.0, 16.0], [-26.0, 16.0], [-26.0, 13.0, 1.57]]]], ["approach_robot", ["lab_arm"]], ["operate_drawer", ["open"]], ["send_message", ["lab_arm"]], ["wait_message", ["r1"]], ["operate_drawer", ["close"]]], "location": "IC Room 3", "position": [-40.23, 25.37, 0.0], "skills": ["approach_person", "approach_robot", "authenticate_person", "deposit", "navigation", "operate_drawer", "pick_up"]}, {"avg_speed": 0.15, "battery_charge": 0.72, "battery_discharge_rate": 0.00011, "id": 3, "local_plan": null, "location": "IC Room 5", "position": [-32.88, 33.98, 3.14], "skills": ["approach_person", "approach_robot", "authenticate_person", "deposit", "navigation", "pick_up"]}, {"avg_speed": 0.15, "battery_charge": 0.35000000000000003, "battery_discharge_rate": 0.00015000000000000001, "id": 4, "local_plan": null, "location": "PC Room 5", "position": [-21.0, 18.0, -1.57], "skills": ["approach_person", "approach_robot", "authenticate_person", "deposit", "navigation", "operate_drawer", "pick_up"]}]
NURSES_CONFIG=[{"location": "IC Room 2", "position": [-39.0, 20.5, 0.0]}]
logger,1626058850242227315,Simulation open
0.0,[debug],logger,init,subcribing to in the topic /log
1.56666660309,[debug],turtlebot5,move-base-info,Move_base is up and ok....,
1.68333339691,[debug],turtlebot3,move-base-info,Move_base is up and ok....,
1.76666665077,[debug],turtlebot1,move-base-info,Move_base is up and ok....,
1.79999995232,[debug],turtlebot2,move-base-info,Move_base is up and ok....,
1.81666660309,[debug],turtlebot4,move-base-info,Move_base is up and ok....,
5.48333334923,[info],turtlebot5,skill-life-cycle,init_robobt,(status=RUNNING, parameters=[])
5.5,[info],turtlebot4,skill-life-cycle,init_robobt,(status=RUNNING, parameters=[])
5.5,[info],turtlebot2,skill-life-cycle,init_robobt,(status=RUNNING, parameters=[])
5.56666660309,[info],turtlebot1,skill-life-cycle,init_robobt,(status=RUNNING, parameters=[])
10.2833333015,[debug],turtlebot3,available-skills,['send_message', 'wait_message', 'approach_person', 'approach_robot', 'authenticate_person', 'deposit', 'navigation', 'operate_drawer', 'pick_up'],
10.2833333015,[info],turtlebot3,skill-life-cycle,navigation,(status=STARTED, parameters=[[-37.0, 33.95, -1.5707963267948966, True], [-37.0, 21.5, 3.141592653589793, True], [-38.0, 21.5, 0.0, False]])
25.8499999046,[debug],turtlebot1,simulation,robot-pose,x=-13.50;y=18.00;yaw=-1.50
25.8499999046,[debug],turtlebot1,simulation,robot-pose,x=-13.50;y=18.00;yaw=-1.50
26.75,[debug],turtlebot2,simulation,robot-pose,x=-39.51;y=33.84;yaw=0.46
26.75,[debug],turtlebot2,simulation,robot-pose,x=-39.51;y=33.84;yaw=0.46
26.7999999523,[debug],turtlebot3,simulation,robot-pose,x=-39.72;y=24.39;yaw=-0.92
26.7999999523,[debug],turtlebot3,simulation,robot-pose,x=-39.72;y=24.39;yaw=-0.92
26.8833334446,[debug],turtlebot4,simulation,robot-pose,x=-32.89;y=33.97;yaw=-3.10
26.8833334446,[debug],turtlebot4,simulation,robot-pose,x=-32.89;y=33.97;yaw=-3.10
26.9500000477,[debug],turtlebot5,simulation,robot-pose,x=-20.99;y=18.00;yaw=-1.54
26.9500000477,[debug],turtlebot5,simulation,robot-pose,x=-20.99;y=18.00;yaw=-1.54
40.8499999046,[debug],turtlebot1,simulation,robot-pose,x=-13.49;y=18.00;yaw=-1.49
40.8499999046,[debug],turtlebot1,simulation,robot-pose,x=-13.49;y=18.00;yaw=-1.49
41.75,[debug],turtlebot2,simulation,robot-pose,x=-39.51;y=33.84;yaw=0.46
41.75,[debug],turtlebot2,simulation,robot-pose,x=-39.51;y=33.84;yaw=0.46
41.7999999523,[debug],turtlebot3,simulation,robot-pose,x=-38.69;y=23.36;yaw=-0.58
41.7999999523,[debug],turtlebot3,simulation,robot-pose,x=-38.69;y=23.36;yaw=-0.58
41.8833334446,[debug],turtlebot4,simulation,robot-pose,x=-32.89;y=33.97;yaw=-3.10
41.8833334446,[debug],turtlebot4,simulation,robot-pose,x=-32.89;y=33.97;yaw=-3.10
41.9500000477,[debug],turtlebot5,simulation,robot-pose,x=-20.99;y=18.00;yaw=-1.54
41.9500000477,[debug],turtlebot5,simulation,robot-pose,x=-20.99;y=18.00;yaw=-1.54
55.2833333015,[info],turtlebot3,skill-life-cycle,navigation,(status=RUNNING, parameters=[[-37.0, 33.95, -1.5707963267948966, True], [-37.0, 21.5, 3.141592653589793, True], [-38.0, 21.5, 0.0, False]])
55.8499999046,[debug],turtlebot1,simulation,robot-pose,x=-13.49;y=18.00;yaw=-1.48
55.8499999046,[debug],turtlebot1,simulation,robot-pose,x=-13.49;y=18.00;yaw=-1.48
56.75,[debug],turtlebot2,simulation,robot-pose,x=-39.51;y=33.84;yaw=0.46
56.75,[debug],turtlebot2,simulation,robot-pose,x=-39.51;y=33.84;yaw=0.46
56.7999999523,[debug],turtlebot3,simulation,robot-pose,x=-37.47;y=23.05;yaw=0.42
56.7999999523,[debug],turtlebot3,simulation,robot-pose,x=-37.47;y=23.05;yaw=0.42
56.8833334446,[debug],turtlebot4,simulation,robot-pose,x=-32.89;y=33.97;yaw=-3.10
56.8833334446,[debug],turtlebot4,simulation,robot-pose,x=-32.89;y=33.97;yaw=-3.10
56.9500000477,[debug],turtlebot5,simulation,robot-pose,x=-20.99;y=18.00;yaw=-1.54
56.9500000477,[debug],turtlebot5,simulation,robot-pose,x=-20.99;y=18.00;yaw=-1.54
70.8499999046,[debug],turtlebot1,simulation,robot-pose,x=-13.49;y=18.00;yaw=-1.46
70.8499999046,[debug],turtlebot1,simulation,robot-pose,x=-13.49;y=18.00;yaw=-1.46
71.75,[debug],turtlebot2,simulation,robot-pose,x=-39.51;y=33.84;yaw=0.46
71.75,[debug],turtlebot2,simulation,robot-pose,x=-39.51;y=33.84;yaw=0.46
71.7999999523,[debug],turtlebot3,simulation,robot-pose,x=-36.74;y=24.50;yaw=1.68
71.7999999523,[debug],turtlebot3,simulation,robot-pose,x=-36.74;y=24.50;yaw=1.68
71.8833334446,[debug],turtlebot4,simulation,robot-pose,x=-32.89;y=33.97;yaw=-3.10
71.8833334446,[debug],turtlebot4,simulation,robot-pose,x=-32.89;y=33.97;yaw=-3.10
71.9500000477,[debug],turtlebot5,simulation,robot-pose,x=-20.99;y=18.00;yaw=-1.54
71.9500000477,[debug],turtlebot5,simulation,robot-pose,x=-20.99;y=18.00;yaw=-1.54
85.8499999046,[debug],turtlebot1,simulation,robot-pose,x=-13.49;y=17.99;yaw=-1.45
85.8499999046,[debug],turtlebot1,simulation,robot-pose,x=-13.49;y=17.99;yaw=-1.45
86.75,[debug],turtlebot2,simulation,robot-pose,x=-39.51;y=33.84;yaw=0.46
86.75,[debug],turtlebot2,simulation,robot-pose,x=-39.51;y=33.84;yaw=0.46
86.7999999523,[debug],turtlebot3,simulation,robot-pose,x=-36.75;y=27.02;yaw=1.59
86.7999999523,[debug],turtlebot3,simulation,robot-pose,x=-36.75;y=27.02;yaw=1.59
86.8833334446,[debug],turtlebot4,simulation,robot-pose,x=-32.90;y=33.97;yaw=-3.10
86.8833334446,[debug],turtlebot4,simulation,robot-pose,x=-32.90;y=33.97;yaw=-3.10
86.9500000477,[debug],turtlebot5,simulation,robot-pose,x=-20.99;y=18.00;yaw=-1.54
86.9500000477,[debug],turtlebot5,simulation,robot-pose,x=-20.99;y=18.00;yaw=-1.54
100.849999905,[debug],turtlebot1,simulation,robot-pose,x=-13.49;y=17.99;yaw=-1.43
100.849999905,[debug],turtlebot1,simulation,robot-pose,x=-13.49;y=17.99;yaw=-1.43
101.75,[debug],turtlebot2,simulation,robot-pose,x=-39.51;y=33.84;yaw=0.46
101.75,[debug],turtlebot2,simulation,robot-pose,x=-39.51;y=33.84;yaw=0.46
101.799999952,[debug],turtlebot3,simulation,robot-pose,x=-36.79;y=27.89;yaw=0.63
101.799999952,[debug],turtlebot3,simulation,robot-pose,x=-36.79;y=27.89;yaw=0.63
101.883333445,[debug],turtlebot4,simulation,robot-pose,x=-32.90;y=33.97;yaw=-3.10
101.883333445,[debug],turtlebot4,simulation,robot-pose,x=-32.90;y=33.97;yaw=-3.10
101.950000048,[debug],turtlebot5,simulation,robot-pose,x=-20.99;y=18.00;yaw=-1.54
101.950000048,[debug],turtlebot5,simulation,robot-pose,x=-20.99;y=18.00;yaw=-1.54
105.566666603,[info],turtlebot3,skill-life-cycle,navigation,(status=RUNNING, parameters=[[-37.0, 33.95, -1.5707963267948966, True], [-37.0, 21.5, 3.141592653589793, True], [-38.0, 21.5, 0.0, False]])
115.849999905,[debug],turtlebot1,simulation,robot-pose,x=-13.49;y=17.99;yaw=-1.41
115.849999905,[debug],turtlebot1,simulation,robot-pose,x=-13.49;y=17.99;yaw=-1.41
116.75,[debug],turtlebot2,simulation,robot-pose,x=-39.51;y=33.84;yaw=0.46
116.75,[debug],turtlebot2,simulation,robot-pose,x=-39.51;y=33.84;yaw=0.46
116.799999952,[debug],turtlebot3,simulation,robot-pose,x=-36.75;y=27.91;yaw=0.75
116.799999952,[debug],turtlebot3,simulation,robot-pose,x=-36.75;y=27.91;yaw=0.75
116.883333445,[debug],turtlebot4,simulation,robot-pose,x=-32.90;y=33.97;yaw=-3.09
116.883333445,[debug],turtlebot4,simulation,robot-pose,x=-32.90;y=33.97;yaw=-3.09
116.950000048,[debug],turtlebot5,simulation,robot-pose,x=-20.99;y=18.00;yaw=-1.54
116.950000048,[debug],turtlebot5,simulation,robot-pose,x=-20.99;y=18.00;yaw=-1.54
130.849999905,[debug],turtlebot1,simulation,robot-pose,x=-13.49;y=17.98;yaw=-1.39
130.849999905,[debug],turtlebot1,simulation,robot-pose,x=-13.49;y=17.98;yaw=-1.39
131.75,[debug],turtlebot2,simulation,robot-pose,x=-39.51;y=33.84;yaw=0.46
131.75,[debug],turtlebot2,simulation,robot-pose,x=-39.51;y=33.84;yaw=0.46
131.799999952,[debug],turtlebot3,simulation,robot-pose,x=-36.57;y=30.19;yaw=1.56
131.799999952,[debug],turtlebot3,simulation,robot-pose,x=-36.57;y=30.19;yaw=1.56
131.883333445,[debug],turtlebot4,simulation,robot-pose,x=-32.90;y=33.97;yaw=-3.09
131.883333445,[debug],turtlebot4,simulation,robot-pose,x=-32.90;y=33.97;yaw=-3.09
131.950000048,[debug],turtlebot5,simulation,robot-pose,x=-21.00;y=18.00;yaw=-1.54
131.950000048,[debug],turtlebot5,simulation,robot-pose,x=-21.00;y=18.00;yaw=-1.54
145.849999905,[debug],turtlebot1,simulation,robot-pose,x=-13.49;y=17.98;yaw=-1.37
145.849999905,[debug],turtlebot1,simulation,robot-pose,x=-13.49;y=17.98;yaw=-1.37
146.75,[debug],turtlebot2,simulation,robot-pose,x=-39.50;y=33.84;yaw=0.46
146.75,[debug],turtlebot2,simulation,robot-pose,x=-39.50;y=33.84;yaw=0.46
146.799999952,[debug],turtlebot3,simulation,robot-pose,x=-36.59;y=32.70;yaw=1.65
146.799999952,[debug],turtlebot3,simulation,robot-pose,x=-36.59;y=32.70;yaw=1.65
146.883333445,[debug],turtlebot4,simulation,robot-pose,x=-32.90;y=33.97;yaw=-3.09
146.883333445,[debug],turtlebot4,simulation,robot-pose,x=-32.90;y=33.97;yaw=-3.09
146.950000048,[debug],turtlebot5,simulation,robot-pose,x=-21.00;y=18.00;yaw=-1.54
146.950000048,[debug],turtlebot5,simulation,robot-pose,x=-21.00;y=18.00;yaw=-1.54
156.166666746,[info],turtlebot3,skill-life-cycle,navigation,(status=RUNNING, parameters=[[-37.0, 33.95, -1.5707963267948966, True], [-37.0, 21.5, 3.141592653589793, True], [-38.0, 21.5, 0.0, False]])
158.533333302,[debug],turtlebot3,move-base-info,Hooray, the base moved arrived,(x=-37;y=33.95)
158.533333302,[debug],turtlebot3,move-base-info,Hooray, the base moved arrived,(x=-37;y=33.95)
158.583333254,[debug],turtlebot3,task-update,navigation,way-point-reached,33.33333333333333%
160.849999905,[debug],turtlebot1,simulation,robot-pose,x=-13.48;y=17.98;yaw=-1.35
160.849999905,[debug],turtlebot1,simulation,robot-pose,x=-13.48;y=17.98;yaw=-1.35
161.75,[debug],turtlebot2,simulation,robot-pose,x=-39.50;y=33.84;yaw=0.46
161.75,[debug],turtlebot2,simulation,robot-pose,x=-39.50;y=33.84;yaw=0.46
161.799999952,[debug],turtlebot3,simulation,robot-pose,x=-36.81;y=33.59;yaw=-1.62
161.799999952,[debug],turtlebot3,simulation,robot-pose,x=-36.81;y=33.59;yaw=-1.62
161.883333445,[debug],turtlebot4,simulation,robot-pose,x=-32.90;y=33.97;yaw=-3.09
161.883333445,[debug],turtlebot4,simulation,robot-pose,x=-32.90;y=33.97;yaw=-3.09
161.950000048,[debug],turtlebot5,simulation,robot-pose,x=-21.00;y=18.00;yaw=-1.54
161.950000048,[debug],turtlebot5,simulation,robot-pose,x=-21.00;y=18.00;yaw=-1.54
175.849999905,[debug],turtlebot1,simulation,robot-pose,x=-13.48;y=17.97;yaw=-1.33
175.849999905,[debug],turtlebot1,simulation,robot-pose,x=-13.48;y=17.97;yaw=-1.33
176.75,[debug],turtlebot2,simulation,robot-pose,x=-39.50;y=33.84;yaw=0.46
176.75,[debug],turtlebot2,simulation,robot-pose,x=-39.50;y=33.84;yaw=0.46
176.799999952,[debug],turtlebot3,simulation,robot-pose,x=-36.60;y=31.57;yaw=-1.56
176.799999952,[debug],turtlebot3,simulation,robot-pose,x=-36.60;y=31.57;yaw=-1.56
176.883333445,[debug],turtlebot4,simulation,robot-pose,x=-32.90;y=33.97;yaw=-3.09
176.883333445,[debug],turtlebot4,simulation,robot-pose,x=-32.90;y=33.97;yaw=-3.09
176.950000048,[debug],turtlebot5,simulation,robot-pose,x=-21.00;y=18.00;yaw=-1.54
176.950000048,[debug],turtlebot5,simulation,robot-pose,x=-21.00;y=18.00;yaw=-1.54
190.849999905,[debug],turtlebot1,simulation,robot-pose,x=-13.48;y=17.97;yaw=-1.31
190.849999905,[debug],turtlebot1,simulation,robot-pose,x=-13.48;y=17.97;yaw=-1.31
191.75,[debug],turtlebot2,simulation,robot-pose,x=-39.50;y=33.84;yaw=0.46
191.75,[debug],turtlebot2,simulation,robot-pose,x=-39.50;y=33.84;yaw=0.46
191.799999952,[debug],turtlebot3,simulation,robot-pose,x=-36.61;y=29.07;yaw=-1.59
191.799999952,[debug],turtlebot3,simulation,robot-pose,x=-36.61;y=29.07;yaw=-1.59
191.883333445,[debug],turtlebot4,simulation,robot-pose,x=-32.90;y=33.97;yaw=-3.09
191.883333445,[debug],turtlebot4,simulation,robot-pose,x=-32.90;y=33.97;yaw=-3.09
191.950000048,[debug],turtlebot5,simulation,robot-pose,x=-21.00;y=18.00;yaw=-1.54
191.950000048,[debug],turtlebot5,simulation,robot-pose,x=-21.00;y=18.00;yaw=-1.54
205.849999905,[debug],turtlebot1,simulation,robot-pose,x=-13.47;y=17.97;yaw=-1.29
205.849999905,[debug],turtlebot1,simulation,robot-pose,x=-13.47;y=17.97;yaw=-1.29
206.716666698,[info],turtlebot3,skill-life-cycle,navigation,(status=RUNNING, parameters=[[-37.0, 33.95, -1.5707963267948966, True], [-37.0, 21.5, 3.141592653589793, True], [-38.0, 21.5, 0.0, False]])
206.75,[debug],turtlebot2,simulation,robot-pose,x=-39.50;y=33.84;yaw=0.46
206.75,[debug],turtlebot2,simulation,robot-pose,x=-39.50;y=33.84;yaw=0.46
206.799999952,[debug],turtlebot3,simulation,robot-pose,x=-36.61;y=26.58;yaw=-1.54
206.799999952,[debug],turtlebot3,simulation,robot-pose,x=-36.61;y=26.58;yaw=-1.54
206.883333445,[debug],turtlebot4,simulation,robot-pose,x=-32.91;y=33.97;yaw=-3.09
206.883333445,[debug],turtlebot4,simulation,robot-pose,x=-32.91;y=33.97;yaw=-3.09
206.950000048,[debug],turtlebot5,simulation,robot-pose,x=-21.01;y=18.00;yaw=-1.54
206.950000048,[debug],turtlebot5,simulation,robot-pose,x=-21.01;y=18.00;yaw=-1.54
220.849999905,[debug],turtlebot1,simulation,robot-pose,x=-13.47;y=17.96;yaw=-1.27
220.849999905,[debug],turtlebot1,simulation,robot-pose,x=-13.47;y=17.96;yaw=-1.27
221.75,[debug],turtlebot2,simulation,robot-pose,x=-39.50;y=33.84;yaw=0.46
221.75,[debug],turtlebot2,simulation,robot-pose,x=-39.50;y=33.84;yaw=0.46
221.799999952,[debug],turtlebot3,simulation,robot-pose,x=-36.59;y=24.09;yaw=-1.56
221.799999952,[debug],turtlebot3,simulation,robot-pose,x=-36.59;y=24.09;yaw=-1.56
221.883333445,[debug],turtlebot4,simulation,robot-pose,x=-32.91;y=33.97;yaw=-3.08
221.883333445,[debug],turtlebot4,simulation,robot-pose,x=-32.91;y=33.97;yaw=-3.08
221.950000048,[debug],turtlebot5,simulation,robot-pose,x=-21.01;y=18.00;yaw=-1.54
221.950000048,[debug],turtlebot5,simulation,robot-pose,x=-21.01;y=18.00;yaw=-1.54
235.849999905,[debug],turtlebot1,simulation,robot-pose,x=-13.47;y=17.96;yaw=-1.25
235.849999905,[debug],turtlebot1,simulation,robot-pose,x=-13.47;y=17.96;yaw=-1.25
236.75,[debug],turtlebot2,simulation,robot-pose,x=-39.50;y=33.84;yaw=0.46
236.75,[debug],turtlebot2,simulation,robot-pose,x=-39.50;y=33.84;yaw=0.46
236.799999952,[debug],turtlebot3,simulation,robot-pose,x=-36.81;y=21.92;yaw=-3.04
236.799999952,[debug],turtlebot3,simulation,robot-pose,x=-36.81;y=21.92;yaw=-3.04
236.883333445,[debug],turtlebot4,simulation,robot-pose,x=-32.91;y=33.97;yaw=-3.07
236.883333445,[debug],turtlebot4,simulation,robot-pose,x=-32.91;y=33.97;yaw=-3.07
236.950000048,[debug],turtlebot5,simulation,robot-pose,x=-21.01;y=18.00;yaw=-1.54
236.950000048,[debug],turtlebot5,simulation,robot-pose,x=-21.01;y=18.00;yaw=-1.54
237.333333254,[debug],turtlebot3,move-base-info,Hooray, the base moved arrived,(x=-37;y=21.5)
237.333333254,[debug],turtlebot3,move-base-info,Hooray, the base moved arrived,(x=-37;y=21.5)
237.450000048,[debug],turtlebot3,task-update,navigation,way-point-reached,66.66666666666666%
250.849999905,[debug],turtlebot1,simulation,robot-pose,x=-13.46;y=17.96;yaw=-1.23
250.849999905,[debug],turtlebot1,simulation,robot-pose,x=-13.46;y=17.96;yaw=-1.23
251.75,[debug],turtlebot2,simulation,robot-pose,x=-39.50;y=33.84;yaw=0.46
251.75,[debug],turtlebot2,simulation,robot-pose,x=-39.50;y=33.84;yaw=0.46
251.799999952,[debug],turtlebot3,simulation,robot-pose,x=-37.66;y=21.77;yaw=-0.32
251.799999952,[debug],turtlebot3,simulation,robot-pose,x=-37.66;y=21.77;yaw=-0.32
251.883333445,[debug],turtlebot4,simulation,robot-pose,x=-32.91;y=33.97;yaw=-3.06
251.883333445,[debug],turtlebot4,simulation,robot-pose,x=-32.91;y=33.97;yaw=-3.06
251.950000048,[debug],turtlebot5,simulation,robot-pose,x=-21.02;y=18.00;yaw=-1.54
251.950000048,[debug],turtlebot5,simulation,robot-pose,x=-21.02;y=18.00;yaw=-1.54
253.083333254,[debug],turtlebot3,move-base-info,Hooray, the base moved arrived,(x=-38;y=21.5)
253.083333254,[debug],turtlebot3,move-base-info,Hooray, the base moved arrived,(x=-38;y=21.5)
253.25,[debug],turtlebot3,task-update,navigation,way-point-reached,100.0%
253.316666603,[debug],turtlebot3,available-skills,['send_message', 'wait_message', 'approach_person', 'approach_robot', 'authenticate_person', 'deposit', 'navigation', 'operate_drawer', 'pick_up'],
253.316666603,[info],turtlebot3,skill-life-cycle,approach_person,(status=STARTED, parameters=['nurse'])
253.383333445,[debug],turtlebot3,task-update,approach_person,localize-person,(who=nurse)
253.666666746,[debug],turtlebot3,task-update,approach_person,goto-person,(who=nurse)
253.75,[debug],turtlebot3,available-skills,['send_message', 'wait_message', 'approach_person', 'approach_robot', 'authenticate_person', 'deposit', 'navigation', 'operate_drawer', 'pick_up'],
253.75,[info],turtlebot3,skill-life-cycle,authenticate_person,(status=STARTED, parameters=['nurse'])
253.816666603,[debug],turtlebot3,task-update,authenticate_person,request-authentication,(to=nurse)
253.816666603,[info],nurse,sync,received-request,(status=sending-request)
253.816666603,[info],nurse,sync,received-request,(status=sending-request)
254.450000048,[debug],turtlebot3,task-update,authenticate_person,received-authentication,(from=nurse)
254.533333302,[debug],turtlebot3,available-skills,['send_message', 'wait_message', 'approach_person', 'approach_robot', 'authenticate_person', 'deposit', 'navigation', 'operate_drawer', 'pick_up'],
254.549999952,[info],turtlebot3,skill-life-cycle,operate_drawer,(status=STARTED, parameters=['open'])
254.583333254,[debug],turtlebot3,task-update,operate_drawer,open
255.616666555,[debug],turtlebot3,available-skills,['send_message', 'wait_message', 'approach_person', 'approach_robot', 'authenticate_person', 'deposit', 'navigation', 'operate_drawer', 'pick_up'],
255.616666555,[info],turtlebot3,skill-life-cycle,send_message,(status=STARTED, parameters=['nurse'])
255.683333397,[info],turtlebot3,sync,send-message,(to=nurse)
256.533333302,[info],nurse,sync,wait-message,(status=message-received)
256.533333302,[info],nurse,sync,wait-message,(status=message-received)
258.883333445,[info],turtlebot3,skill-life-cycle,send_message,(status=RUNNING, parameters=['nurse'])
259.299999952,[debug],turtlebot3,available-skills,['send_message', 'wait_message', 'approach_person', 'approach_robot', 'authenticate_person', 'deposit', 'navigation', 'operate_drawer', 'pick_up'],
259.299999952,[info],turtlebot3,skill-life-cycle,wait_message,(status=STARTED, parameters=['r1'])
260.533333302,[info],turtlebot3,sync,wait-message,(status=message-received)
260.633333445,[debug],turtlebot3,available-skills,['send_message', 'wait_message', 'approach_person', 'approach_robot', 'authenticate_person', 'deposit', 'navigation', 'operate_drawer', 'pick_up'],
260.633333445,[info],turtlebot3,skill-life-cycle,operate_drawer,(status=STARTED, parameters=['close'])
260.716666698,[debug],turtlebot3,task-update,operate_drawer,close
261.683333397,[debug],turtlebot3,available-skills,['send_message', 'wait_message', 'approach_person', 'approach_robot', 'authenticate_person', 'deposit', 'navigation', 'operate_drawer', 'pick_up'],
261.683333397,[info],turtlebot3,skill-life-cycle,navigation,(status=STARTED, parameters=[[-37.0, 21.5, -1.5707963267948966, True], [-37.0, 16.0, 0.0, True], [-26.0, 16.0, -1.5707963267948966, True], [-26.0, 13.0, 1.57, False]])
265.849999905,[debug],turtlebot1,simulation,robot-pose,x=-13.46;y=17.95;yaw=-1.21
265.849999905,[debug],turtlebot1,simulation,robot-pose,x=-13.46;y=17.95;yaw=-1.21
266.533333302,[info],nurse,sync,wait-message,(status=message-received)
266.533333302,[info],nurse,sync,wait-message,(status=message-received)
266.75,[debug],turtlebot2,simulation,robot-pose,x=-39.50;y=33.84;yaw=0.46
266.75,[debug],turtlebot2,simulation,robot-pose,x=-39.50;y=33.84;yaw=0.46
266.799999952,[debug],turtlebot3,simulation,robot-pose,x=-37.62;y=21.76;yaw=-0.08
266.799999952,[debug],turtlebot3,simulation,robot-pose,x=-37.62;y=21.76;yaw=-0.08
266.883333445,[debug],turtlebot4,simulation,robot-pose,x=-32.91;y=33.97;yaw=-3.06
266.883333445,[debug],turtlebot4,simulation,robot-pose,x=-32.91;y=33.97;yaw=-3.06
266.950000048,[debug],turtlebot5,simulation,robot-pose,x=-21.02;y=18.00;yaw=-1.54
266.950000048,[debug],turtlebot5,simulation,robot-pose,x=-21.02;y=18.00;yaw=-1.54
272.299999952,[debug],turtlebot3,move-base-info,Hooray, the base moved arrived,(x=-37;y=21.5)
272.299999952,[debug],turtlebot3,move-base-info,Hooray, the base moved arrived,(x=-37;y=21.5)
272.316666603,[debug],turtlebot3,task-update,navigation,way-point-reached,25.0%
273.816666603,[info],nurse,sync,request-sent,(status=waiting)
273.816666603,[info],nurse,sync,request-sent,(status=waiting)
276.533333302,[info],nurse,sync,wait-message,(status=message-received)
276.533333302,[info],nurse,sync,wait-message,(status=message-received)
280.849999905,[debug],turtlebot1,simulation,robot-pose,x=-13.46;y=17.95;yaw=-1.19
280.849999905,[debug],turtlebot1,simulation,robot-pose,x=-13.46;y=17.95;yaw=-1.19
281.75,[debug],turtlebot2,simulation,robot-pose,x=-39.50;y=33.84;yaw=0.46
281.75,[debug],turtlebot2,simulation,robot-pose,x=-39.50;y=33.84;yaw=0.46
281.799999952,[debug],turtlebot3,simulation,robot-pose,x=-37.21;y=21.20;yaw=-1.04
281.799999952,[debug],turtlebot3,simulation,robot-pose,x=-37.21;y=21.20;yaw=-1.04
281.883333445,[debug],turtlebot4,simulation,robot-pose,x=-32.92;y=33.98;yaw=-3.05
281.883333445,[debug],turtlebot4,simulation,robot-pose,x=-32.92;y=33.98;yaw=-3.05
281.950000048,[debug],turtlebot5,simulation,robot-pose,x=-21.03;y=18.00;yaw=-1.54
281.950000048,[debug],turtlebot5,simulation,robot-pose,x=-21.03;y=18.00;yaw=-1.54
286.533333302,[info],nurse,sync,wait-message,(status=message-received)
286.533333302,[info],nurse,sync,wait-message,(status=message-received)
295.849999905,[debug],turtlebot1,simulation,robot-pose,x=-13.45;y=17.95;yaw=-1.17
295.849999905,[debug],turtlebot1,simulation,robot-pose,x=-13.45;y=17.95;yaw=-1.17
296.75,[debug],turtlebot2,simulation,robot-pose,x=-39.50;y=33.84;yaw=0.46
296.75,[debug],turtlebot2,simulation,robot-pose,x=-39.50;y=33.84;yaw=0.46
296.799999952,[debug],turtlebot3,simulation,robot-pose,x=-37.06;y=18.88;yaw=-1.56
296.799999952,[debug],turtlebot3,simulation,robot-pose,x=-37.06;y=18.88;yaw=-1.56
296.883333445,[debug],turtlebot4,simulation,robot-pose,x=-32.92;y=33.98;yaw=-3.05
296.883333445,[debug],turtlebot4,simulation,robot-pose,x=-32.92;y=33.98;yaw=-3.05
296.950000048,[debug],turtlebot5,simulation,robot-pose,x=-21.03;y=18.00;yaw=-1.54
296.950000048,[debug],turtlebot5,simulation,robot-pose,x=-21.03;y=18.00;yaw=-1.54
309.900000095,[info],turtlebot3,skill-life-cycle,navigation,(status=RUNNING, parameters=[[-37.0, 21.5, -1.5707963267948966, True], [-37.0, 16.0, 0.0, True], [-26.0, 16.0, -1.5707963267948966, True], [-26.0, 13.0, 1.57, False]])
310.849999905,[debug],turtlebot1,simulation,robot-pose,x=-13.45;y=17.94;yaw=-1.15
310.849999905,[debug],turtlebot1,simulation,robot-pose,x=-13.45;y=17.94;yaw=-1.15
311.75,[debug],turtlebot2,simulation,robot-pose,x=-39.50;y=33.84;yaw=0.46
311.75,[debug],turtlebot2,simulation,robot-pose,x=-39.50;y=33.84;yaw=0.46
311.799999952,[debug],turtlebot3,simulation,robot-pose,x=-37.27;y=16.42;yaw=-1.90
311.799999952,[debug],turtlebot3,simulation,robot-pose,x=-37.27;y=16.42;yaw=-1.90
311.883333445,[debug],turtlebot4,simulation,robot-pose,x=-32.92;y=33.98;yaw=-3.06
311.883333445,[debug],turtlebot4,simulation,robot-pose,x=-32.92;y=33.98;yaw=-3.06
311.950000048,[debug],turtlebot5,simulation,robot-pose,x=-21.03;y=18.00;yaw=-1.54
311.950000048,[debug],turtlebot5,simulation,robot-pose,x=-21.03;y=18.00;yaw=-1.54
317.150000095,[debug],turtlebot3,move-base-info,Hooray, the base moved arrived,(x=-37;y=16)
317.333333254,[debug],turtlebot3,move-base-info,Hooray, the base moved arrived,(x=-37;y=16)
317.5,[debug],turtlebot3,task-update,navigation,way-point-reached,50.0%
325.849999905,[debug],turtlebot1,simulation,robot-pose,x=-13.45;y=17.94;yaw=-1.14
325.849999905,[debug],turtlebot1,simulation,robot-pose,x=-13.45;y=17.94;yaw=-1.14
326.75,[debug],turtlebot2,simulation,robot-pose,x=-39.50;y=33.84;yaw=0.46
326.75,[debug],turtlebot2,simulation,robot-pose,x=-39.50;y=33.84;yaw=0.46
326.799999952,[debug],turtlebot3,simulation,robot-pose,x=-36.96;y=16.20;yaw=-0.67
326.799999952,[debug],turtlebot3,simulation,robot-pose,x=-36.96;y=16.20;yaw=-0.67
326.883333445,[debug],turtlebot4,simulation,robot-pose,x=-32.92;y=33.98;yaw=-3.06
326.883333445,[debug],turtlebot4,simulation,robot-pose,x=-32.92;y=33.98;yaw=-3.06
326.950000048,[debug],turtlebot5,simulation,robot-pose,x=-21.03;y=18.00;yaw=-1.54
326.950000048,[debug],turtlebot5,simulation,robot-pose,x=-21.03;y=18.00;yaw=-1.54
340.849999905,[debug],turtlebot1,simulation,robot-pose,x=-13.44;y=17.94;yaw=-1.13
340.849999905,[debug],turtlebot1,simulation,robot-pose,x=-13.44;y=17.94;yaw=-1.13
341.75,[debug],turtlebot2,simulation,robot-pose,x=-39.50;y=33.84;yaw=0.46
341.75,[debug],turtlebot2,simulation,robot-pose,x=-39.50;y=33.84;yaw=0.46
341.799999952,[debug],turtlebot3,simulation,robot-pose,x=-35.83;y=15.46;yaw=-0.23
341.799999952,[debug],turtlebot3,simulation,robot-pose,x=-35.83;y=15.46;yaw=-0.23
341.883333445,[debug],turtlebot4,simulation,robot-pose,x=-32.93;y=33.98;yaw=-3.06
341.883333445,[debug],turtlebot4,simulation,robot-pose,x=-32.93;y=33.98;yaw=-3.06
341.950000048,[debug],turtlebot5,simulation,robot-pose,x=-21.03;y=18.00;yaw=-1.54
341.950000048,[debug],turtlebot5,simulation,robot-pose,x=-21.03;y=18.00;yaw=-1.54
355.849999905,[debug],turtlebot1,simulation,robot-pose,x=-13.44;y=17.94;yaw=-1.12
355.849999905,[debug],turtlebot1,simulation,robot-pose,x=-13.44;y=17.94;yaw=-1.12
356.75,[debug],turtlebot2,simulation,robot-pose,x=-39.50;y=33.84;yaw=0.46
356.75,[debug],turtlebot2,simulation,robot-pose,x=-39.50;y=33.84;yaw=0.46
356.799999952,[debug],turtlebot3,simulation,robot-pose,x=-34.58;y=15.33;yaw=-0.03
356.799999952,[debug],turtlebot3,simulation,robot-pose,x=-34.58;y=15.33;yaw=-0.03
356.883333445,[debug],turtlebot4,simulation,robot-pose,x=-32.93;y=33.98;yaw=-3.06
356.883333445,[debug],turtlebot4,simulation,robot-pose,x=-32.93;y=33.98;yaw=-3.06
356.950000048,[debug],turtlebot5,simulation,robot-pose,x=-21.03;y=18.00;yaw=-1.54
356.950000048,[debug],turtlebot5,simulation,robot-pose,x=-21.03;y=18.00;yaw=-1.54
360.450000048,[info],turtlebot3,skill-life-cycle,navigation,(status=RUNNING, parameters=[[-37.0, 21.5, -1.5707963267948966, True], [-37.0, 16.0, 0.0, True], [-26.0, 16.0, -1.5707963267948966, True], [-26.0, 13.0, 1.57, False]])
370.849999905,[debug],turtlebot1,simulation,robot-pose,x=-13.44;y=17.93;yaw=-1.12
370.849999905,[debug],turtlebot1,simulation,robot-pose,x=-13.44;y=17.93;yaw=-1.12
371.75,[debug],turtlebot2,simulation,robot-pose,x=-39.50;y=33.84;yaw=0.46
371.75,[debug],turtlebot2,simulation,robot-pose,x=-39.50;y=33.84;yaw=0.46
371.799999952,[debug],turtlebot3,simulation,robot-pose,x=-33.33;y=15.32;yaw=-0.01
371.799999952,[debug],turtlebot3,simulation,robot-pose,x=-33.33;y=15.32;yaw=-0.01
371.883333445,[debug],turtlebot4,simulation,robot-pose,x=-32.93;y=33.98;yaw=-3.06
371.883333445,[debug],turtlebot4,simulation,robot-pose,x=-32.93;y=33.98;yaw=-3.06
371.950000048,[debug],turtlebot5,simulation,robot-pose,x=-21.03;y=18.00;yaw=-1.54
371.950000048,[debug],turtlebot5,simulation,robot-pose,x=-21.03;y=18.00;yaw=-1.54
385.849999905,[debug],turtlebot1,simulation,robot-pose,x=-13.44;y=17.93;yaw=-1.11
385.849999905,[debug],turtlebot1,simulation,robot-pose,x=-13.44;y=17.93;yaw=-1.11
386.75,[debug],turtlebot2,simulation,robot-pose,x=-39.50;y=33.84;yaw=0.46
386.75,[debug],turtlebot2,simulation,robot-pose,x=-39.50;y=33.84;yaw=0.46
386.799999952,[debug],turtlebot3,simulation,robot-pose,x=-32.08;y=15.33;yaw=0.04
386.799999952,[debug],turtlebot3,simulation,robot-pose,x=-32.08;y=15.33;yaw=0.04
386.883333445,[debug],turtlebot4,simulation,robot-pose,x=-32.93;y=33.98;yaw=-3.06
386.883333445,[debug],turtlebot4,simulation,robot-pose,x=-32.93;y=33.98;yaw=-3.06
386.950000048,[debug],turtlebot5,simulation,robot-pose,x=-21.03;y=18.00;yaw=-1.54
386.950000048,[debug],turtlebot5,simulation,robot-pose,x=-21.03;y=18.00;yaw=-1.54
400.849999905,[debug],turtlebot1,simulation,robot-pose,x=-13.43;y=17.93;yaw=-1.10
400.849999905,[debug],turtlebot1,simulation,robot-pose,x=-13.43;y=17.93;yaw=-1.10
401.75,[debug],turtlebot2,simulation,robot-pose,x=-39.50;y=33.84;yaw=0.46
401.75,[debug],turtlebot2,simulation,robot-pose,x=-39.50;y=33.84;yaw=0.46
401.799999952,[debug],turtlebot3,simulation,robot-pose,x=-30.84;y=15.54;yaw=0.03
401.799999952,[debug],turtlebot3,simulation,robot-pose,x=-30.84;y=15.54;yaw=0.03
401.883333445,[debug],turtlebot4,simulation,robot-pose,x=-32.93;y=33.98;yaw=-3.06
401.883333445,[debug],turtlebot4,simulation,robot-pose,x=-32.93;y=33.98;yaw=-3.06
401.950000048,[debug],turtlebot5,simulation,robot-pose,x=-21.03;y=18.00;yaw=-1.54
401.950000048,[debug],turtlebot5,simulation,robot-pose,x=-21.03;y=18.00;yaw=-1.54
409.683333397,[info],turtlebot3,skill-life-cycle,navigation,(status=RUNNING, parameters=[[-37.0, 21.5, -1.5707963267948966, True], [-37.0, 16.0, 0.0, True], [-26.0, 16.0, -1.5707963267948966, True], [-26.0, 13.0, 1.57, False]])
415.849999905,[debug],turtlebot1,simulation,robot-pose,x=-13.43;y=17.93;yaw=-1.10
415.849999905,[debug],turtlebot1,simulation,robot-pose,x=-13.43;y=17.93;yaw=-1.10
416.75,[debug],turtlebot2,simulation,robot-pose,x=-39.50;y=33.84;yaw=0.46
416.75,[debug],turtlebot2,simulation,robot-pose,x=-39.50;y=33.84;yaw=0.46
416.799999952,[debug],turtlebot3,simulation,robot-pose,x=-29.59;y=15.53;yaw=-0.03
416.799999952,[debug],turtlebot3,simulation,robot-pose,x=-29.59;y=15.53;yaw=-0.03
416.883333445,[debug],turtlebot4,simulation,robot-pose,x=-32.93;y=33.98;yaw=-3.06
416.883333445,[debug],turtlebot4,simulation,robot-pose,x=-32.93;y=33.98;yaw=-3.06
416.950000048,[debug],turtlebot5,simulation,robot-pose,x=-21.03;y=18.00;yaw=-1.54
416.950000048,[debug],turtlebot5,simulation,robot-pose,x=-21.03;y=18.00;yaw=-1.54
430.849999905,[debug],turtlebot1,simulation,robot-pose,x=-13.43;y=17.93;yaw=-1.09
430.849999905,[debug],turtlebot1,simulation,robot-pose,x=-13.43;y=17.93;yaw=-1.09
431.75,[debug],turtlebot2,simulation,robot-pose,x=-39.50;y=33.84;yaw=0.46
431.75,[debug],turtlebot2,simulation,robot-pose,x=-39.50;y=33.84;yaw=0.46
431.799999952,[debug],turtlebot3,simulation,robot-pose,x=-28.33;y=15.52;yaw=0.00
431.799999952,[debug],turtlebot3,simulation,robot-pose,x=-28.33;y=15.52;yaw=0.00
431.883333445,[debug],turtlebot4,simulation,robot-pose,x=-32.93;y=33.98;yaw=-3.06
431.883333445,[debug],turtlebot4,simulation,robot-pose,x=-32.93;y=33.98;yaw=-3.06
431.950000048,[debug],turtlebot5,simulation,robot-pose,x=-21.03;y=18.00;yaw=-1.54
431.950000048,[debug],turtlebot5,simulation,robot-pose,x=-21.03;y=18.00;yaw=-1.54
445.849999905,[debug],turtlebot1,simulation,robot-pose,x=-13.42;y=17.93;yaw=-1.08
445.849999905,[debug],turtlebot1,simulation,robot-pose,x=-13.42;y=17.93;yaw=-1.08
446.75,[debug],turtlebot2,simulation,robot-pose,x=-39.50;y=33.84;yaw=0.46
446.75,[debug],turtlebot2,simulation,robot-pose,x=-39.50;y=33.84;yaw=0.46
446.799999952,[debug],turtlebot3,simulation,robot-pose,x=-27.09;y=15.67;yaw=0.31
446.799999952,[debug],turtlebot3,simulation,robot-pose,x=-27.09;y=15.67;yaw=0.31
446.883333445,[debug],turtlebot4,simulation,robot-pose,x=-32.93;y=33.98;yaw=-3.06
446.883333445,[debug],turtlebot4,simulation,robot-pose,x=-32.93;y=33.98;yaw=-3.06
446.950000048,[debug],turtlebot5,simulation,robot-pose,x=-21.03;y=18.00;yaw=-1.54
446.950000048,[debug],turtlebot5,simulation,robot-pose,x=-21.03;y=18.00;yaw=-1.54
459.450000048,[debug],turtlebot3,move-base-info,Hooray, the base moved arrived,(x=-26;y=16)
459.450000048,[debug],turtlebot3,move-base-info,Hooray, the base moved arrived,(x=-26;y=16)
459.616666555,[debug],turtlebot3,task-update,navigation,way-point-reached,75.0%
459.883333445,[info],turtlebot3,skill-life-cycle,navigation,(status=RUNNING, parameters=[[-37.0, 21.5, -1.5707963267948966, True], [-37.0, 16.0, 0.0, True], [-26.0, 16.0, -1.5707963267948966, True], [-26.0, 13.0, 1.57, False]])
460.849999905,[debug],turtlebot1,simulation,robot-pose,x=-13.42;y=17.92;yaw=-1.07
460.849999905,[debug],turtlebot1,simulation,robot-pose,x=-13.42;y=17.92;yaw=-1.07
461.75,[debug],turtlebot2,simulation,robot-pose,x=-39.50;y=33.84;yaw=0.46
461.75,[debug],turtlebot2,simulation,robot-pose,x=-39.50;y=33.84;yaw=0.46
461.799999952,[debug],turtlebot3,simulation,robot-pose,x=-26.43;y=15.91;yaw=-1.53
461.799999952,[debug],turtlebot3,simulation,robot-pose,x=-26.43;y=15.91;yaw=-1.53
461.883333445,[debug],turtlebot4,simulation,robot-pose,x=-32.93;y=33.98;yaw=-3.06
461.883333445,[debug],turtlebot4,simulation,robot-pose,x=-32.93;y=33.98;yaw=-3.06
461.950000048,[debug],turtlebot5,simulation,robot-pose,x=-21.03;y=18.00;yaw=-1.54
461.950000048,[debug],turtlebot5,simulation,robot-pose,x=-21.03;y=18.00;yaw=-1.54
475.849999905,[debug],turtlebot1,simulation,robot-pose,x=-13.42;y=17.92;yaw=-1.06
475.849999905,[debug],turtlebot1,simulation,robot-pose,x=-13.42;y=17.92;yaw=-1.06
476.75,[debug],turtlebot2,simulation,robot-pose,x=-39.50;y=33.84;yaw=0.46
476.75,[debug],turtlebot2,simulation,robot-pose,x=-39.50;y=33.84;yaw=0.46
476.799999952,[debug],turtlebot3,simulation,robot-pose,x=-26.15;y=14.46;yaw=-1.34
476.799999952,[debug],turtlebot3,simulation,robot-pose,x=-26.15;y=14.46;yaw=-1.34
476.883333445,[debug],turtlebot4,simulation,robot-pose,x=-32.93;y=33.98;yaw=-3.06
476.883333445,[debug],turtlebot4,simulation,robot-pose,x=-32.93;y=33.98;yaw=-3.06
476.950000048,[debug],turtlebot5,simulation,robot-pose,x=-21.03;y=18.00;yaw=-1.54
476.950000048,[debug],turtlebot5,simulation,robot-pose,x=-21.03;y=18.00;yaw=-1.54
490.849999905,[debug],turtlebot1,simulation,robot-pose,x=-13.42;y=17.92;yaw=-1.05
490.849999905,[debug],turtlebot1,simulation,robot-pose,x=-13.42;y=17.92;yaw=-1.05
491.75,[debug],turtlebot2,simulation,robot-pose,x=-39.50;y=33.84;yaw=0.46
491.75,[debug],turtlebot2,simulation,robot-pose,x=-39.50;y=33.84;yaw=0.46
491.799999952,[debug],turtlebot3,simulation,robot-pose,x=-25.92;y=13.39;yaw=1.74
491.799999952,[debug],turtlebot3,simulation,robot-pose,x=-25.92;y=13.39;yaw=1.74
491.883333445,[debug],turtlebot4,simulation,robot-pose,x=-32.93;y=33.98;yaw=-3.06
491.883333445,[debug],turtlebot4,simulation,robot-pose,x=-32.93;y=33.98;yaw=-3.06
491.950000048,[debug],turtlebot5,simulation,robot-pose,x=-21.03;y=18.00;yaw=-1.54
491.950000048,[debug],turtlebot5,simulation,robot-pose,x=-21.03;y=18.00;yaw=-1.54
492.683333397,[debug],turtlebot3,move-base-info,Hooray, the base moved arrived,(x=-26;y=13)
492.683333397,[debug],turtlebot3,move-base-info,Hooray, the base moved arrived,(x=-26;y=13)
492.866666555,[debug],turtlebot3,task-update,navigation,way-point-reached,100.0%
492.950000048,[debug],turtlebot3,available-skills,['send_message', 'wait_message', 'approach_person', 'approach_robot', 'authenticate_person', 'deposit', 'navigation', 'operate_drawer', 'pick_up'],
492.950000048,[info],turtlebot3,skill-life-cycle,approach_robot,(status=STARTED, parameters=['lab_arm'])
493.0,[debug],turtlebot3,task-update,approach_robot,localize-robot,(who=lab_arm)
493.099999905,[debug],turtlebot3,task-update,approach_robot,goto-robot,(who=lab_arm)
493.183333397,[debug],turtlebot3,available-skills,['send_message', 'wait_message', 'approach_person', 'approach_robot', 'authenticate_person', 'deposit', 'navigation', 'operate_drawer', 'pick_up'],
493.183333397,[info],turtlebot3,skill-life-cycle,operate_drawer,(status=STARTED, parameters=['open'])
493.25,[debug],turtlebot3,task-update,operate_drawer,open
494.266666651,[debug],turtlebot3,available-skills,['send_message', 'wait_message', 'approach_person', 'approach_robot', 'authenticate_person', 'deposit', 'navigation', 'operate_drawer', 'pick_up'],
494.283333302,[info],turtlebot3,skill-life-cycle,send_message,(status=STARTED, parameters=['lab_arm'])
494.366666555,[info],turtlebot3,sync,send-message,(to=lab_arm)
495.25,[info],lab_arm,sync,wait-message,(status=message-received)
495.25,[info],Inventory,sync,wait-sample,(status=sample-received)
495.25,ENDSIM
495.299999952,[info],lab_arm,sync,wait-message,(status=message-received)
495.299999952,[info],Inventory,sync,wait-sample,(status=sample-received)
495.299999952,ENDSIM
505.25,[info],Inventory,sync,wait-sample,(status=sample-received)
505.25,ENDSIM
505.25,[info],lab_arm,sync,wait-message,(status=message-received)
505.25,[info],Inventory,sync,wait-sample,(status=sample-received)
505.25,ENDSIM
505.266666651,[info],Inventory,sync,wait-sample,(status=sample-received)
505.266666651,ENDSIM
505.266666651,[info],lab_arm,sync,wait-message,(status=message-received)
505.266666651,[info],Inventory,sync,wait-sample,(status=sample-received)
505.283333302,ENDSIM
0.0,[debug],simulation closed,reach-target,execution-wall-clock=619.6467237472534
