0.0,0.0,[debug],logger,init,time
ROBOTS_CONFIG=[{"avg_speed": 0.15, "battery_charge": 0.15, "battery_discharge_rate": 0.00017, "id": 0, "local_plan": null, "location": "PC Room 7", "position": [-13.5, 18.0, -1.57], "skills": ["approach_person", "approach_robot", "authenticate_person", "deposit", "navigation", "pick_up"]}, {"avg_speed": 0.15, "battery_charge": 0.66, "battery_discharge_rate": 0.00015000000000000001, "id": 1, "local_plan": null, "location": "IC Room 4", "position": [-39.44, 33.95, 0.0], "skills": ["approach_person", "approach_robot", "authenticate_person", "deposit", "navigation", "operate_drawer", "pick_up"]}, {"avg_speed": 0.15, "battery_charge": 0.14, "battery_discharge_rate": 0.0001, "id": 2, "local_plan": [["navigation", ["IC Room 2", [[-39.44, 33.95, 0.0], [-37.0, 33.95], [-37.0, 21.5], [-38.0, 21.5, 0.0]]]], ["approach_person", ["nurse"]], ["authenticate_person", ["nurse"]], ["operate_drawer", ["open"]], ["send_message", ["nurse"]], ["wait_message", ["r1"]], ["operate_drawer", ["close"]], ["navigation", ["Laboratory", [[-38.0, 21.5, 0.0], [-37.0, 21.5], [-37.0, 16.0], [-26.0, 16.0], [-26.0, 13.0, 1.57]]]], ["approach_robot", ["lab_arm"]], ["operate_drawer", ["open"]], ["send_message", ["lab_arm"]], ["wait_message", ["r1"]], ["operate_drawer", ["close"]]], "location": "IC Room 3", "position": [-40.23, 25.37, 0.0], "skills": ["approach_person", "approach_robot", "authenticate_person", "deposit", "navigation", "operate_drawer", "pick_up"]}, {"avg_speed": 0.15, "battery_charge": 0.54, "battery_discharge_rate": 0.00013000000000000002, "id": 3, "local_plan": null, "location": "IC Room 5", "position": [-32.88, 33.98, 3.14], "skills": ["approach_person", "approach_robot", "authenticate_person", "deposit", "navigation", "operate_drawer", "pick_up"]}, {"avg_speed": 0.15, "battery_charge": 0.6, "battery_discharge_rate": 0.00012000000000000002, "id": 4, "local_plan": null, "location": "PC Room 5", "position": [-21.0, 18.0, -1.57], "skills": ["approach_person", "approach_robot", "authenticate_person", "deposit", "navigation", "operate_drawer", "pick_up"]}]
NURSES_CONFIG=[{"location": "IC Room 2", "position": [-39.0, 20.5, 0.0]}]
logger,1626104176662913560,Simulation open
0.0,[debug],logger,init,subcribing to in the topic /log
1.8666665554,[debug],turtlebot1,move-base-info,Move_base is up and ok....,
1.96666669846,[debug],turtlebot2,move-base-info,Move_base is up and ok....,
1.98333334923,[debug],turtlebot3,move-base-info,Move_base is up and ok....,
2.01666665077,[debug],turtlebot4,move-base-info,Move_base is up and ok....,
2.08333325386,[debug],turtlebot5,move-base-info,Move_base is up and ok....,
6.54999995232,[info],turtlebot1,skill-life-cycle,init_robobt,(status=RUNNING, parameters=[])
6.93333339691,[info],turtlebot5,skill-life-cycle,init_robobt,(status=RUNNING, parameters=[])
7.79999995232,[info],turtlebot2,skill-life-cycle,init_robobt,(status=RUNNING, parameters=[])
8.03333330154,[debug],turtlebot3,available-skills,['send_message', 'wait_message', 'approach_person', 'approach_robot', 'authenticate_person', 'deposit', 'navigation', 'operate_drawer', 'pick_up'],
8.03333330154,[info],turtlebot3,skill-life-cycle,navigation,(status=STARTED, parameters=[[-37.0, 33.95, -1.5707963267948966, True], [-37.0, 21.5, 3.141592653589793, True], [-38.0, 21.5, 0.0, False]])
8.68333339691,[info],turtlebot4,skill-life-cycle,init_robobt,(status=RUNNING, parameters=[])
23.2166666985,[debug],turtlebot1,simulation,robot-pose,x=-13.50;y=18.00;yaw=-1.50
23.3499999046,[debug],turtlebot1,simulation,robot-pose,x=-13.50;y=18.00;yaw=-1.50
23.4666666985,[debug],turtlebot2,simulation,robot-pose,x=-39.51;y=33.84;yaw=0.46
23.4666666985,[debug],turtlebot2,simulation,robot-pose,x=-39.51;y=33.84;yaw=0.46
23.4666666985,[debug],turtlebot3,simulation,robot-pose,x=-39.75;y=24.43;yaw=-0.93
23.4666666985,[debug],turtlebot3,simulation,robot-pose,x=-39.75;y=24.43;yaw=-0.93
23.4833333492,[debug],turtlebot5,simulation,robot-pose,x=-20.99;y=18.00;yaw=-1.54
23.4833333492,[debug],turtlebot5,simulation,robot-pose,x=-20.99;y=18.00;yaw=-1.54
23.4833333492,[debug],turtlebot4,simulation,robot-pose,x=-32.89;y=33.97;yaw=-3.10
23.4833333492,[debug],turtlebot4,simulation,robot-pose,x=-32.89;y=33.97;yaw=-3.10
38.2166666985,[debug],turtlebot1,simulation,robot-pose,x=-13.49;y=18.00;yaw=-1.49
38.3499999046,[debug],turtlebot1,simulation,robot-pose,x=-13.49;y=18.00;yaw=-1.49
38.4666666985,[debug],turtlebot3,simulation,robot-pose,x=-38.72;y=23.38;yaw=-0.73
38.4666666985,[debug],turtlebot3,simulation,robot-pose,x=-38.72;y=23.38;yaw=-0.73
38.4666666985,[debug],turtlebot2,simulation,robot-pose,x=-39.51;y=33.84;yaw=0.46
38.4666666985,[debug],turtlebot2,simulation,robot-pose,x=-39.51;y=33.84;yaw=0.46
38.4833333492,[debug],turtlebot5,simulation,robot-pose,x=-20.99;y=18.00;yaw=-1.54
38.4833333492,[debug],turtlebot4,simulation,robot-pose,x=-32.89;y=33.97;yaw=-3.10
38.4833333492,[debug],turtlebot5,simulation,robot-pose,x=-20.99;y=18.00;yaw=-1.54
38.4833333492,[debug],turtlebot4,simulation,robot-pose,x=-32.89;y=33.97;yaw=-3.10
53.2166666985,[debug],turtlebot1,simulation,robot-pose,x=-13.49;y=18.00;yaw=-1.48
53.2833333015,[info],turtlebot3,skill-life-cycle,navigation,(status=RUNNING, parameters=[[-37.0, 33.95, -1.5707963267948966, True], [-37.0, 21.5, 3.141592653589793, True], [-38.0, 21.5, 0.0, False]])
53.3666665554,[debug],turtlebot1,simulation,robot-pose,x=-13.49;y=18.00;yaw=-1.48
53.4666666985,[debug],turtlebot3,simulation,robot-pose,x=-37.51;y=23.06;yaw=0.37
53.4666666985,[debug],turtlebot2,simulation,robot-pose,x=-39.51;y=33.84;yaw=0.46
53.4666666985,[debug],turtlebot3,simulation,robot-pose,x=-37.51;y=23.06;yaw=0.37
53.4666666985,[debug],turtlebot2,simulation,robot-pose,x=-39.51;y=33.84;yaw=0.46
53.4833333492,[debug],turtlebot5,simulation,robot-pose,x=-20.99;y=18.00;yaw=-1.54
53.4833333492,[debug],turtlebot5,simulation,robot-pose,x=-20.99;y=18.00;yaw=-1.54
53.4833333492,[debug],turtlebot4,simulation,robot-pose,x=-32.89;y=33.97;yaw=-3.10
53.4833333492,[debug],turtlebot4,simulation,robot-pose,x=-32.89;y=33.97;yaw=-3.10
68.2166666985,[debug],turtlebot1,simulation,robot-pose,x=-13.49;y=18.00;yaw=-1.47
68.3499999046,[debug],turtlebot1,simulation,robot-pose,x=-13.49;y=18.00;yaw=-1.47
68.4833333492,[debug],turtlebot3,simulation,robot-pose,x=-36.73;y=24.46;yaw=1.66
68.4833333492,[debug],turtlebot3,simulation,robot-pose,x=-36.73;y=24.46;yaw=1.66
68.4833333492,[debug],turtlebot2,simulation,robot-pose,x=-39.51;y=33.84;yaw=0.46
68.4833333492,[debug],turtlebot2,simulation,robot-pose,x=-39.51;y=33.84;yaw=0.46
68.4833333492,[debug],turtlebot4,simulation,robot-pose,x=-32.89;y=33.97;yaw=-3.10
68.4833333492,[debug],turtlebot4,simulation,robot-pose,x=-32.89;y=33.97;yaw=-3.10
68.4833333492,[debug],turtlebot5,simulation,robot-pose,x=-20.99;y=18.00;yaw=-1.54
68.4833333492,[debug],turtlebot5,simulation,robot-pose,x=-20.99;y=18.00;yaw=-1.54
83.2166666985,[debug],turtlebot1,simulation,robot-pose,x=-13.49;y=17.99;yaw=-1.45
83.3333332539,[debug],turtlebot1,simulation,robot-pose,x=-13.49;y=17.99;yaw=-1.45
83.4666666985,[debug],turtlebot2,simulation,robot-pose,x=-39.51;y=33.84;yaw=0.46
83.4666666985,[debug],turtlebot2,simulation,robot-pose,x=-39.51;y=33.84;yaw=0.46
83.4666666985,[debug],turtlebot3,simulation,robot-pose,x=-36.75;y=26.97;yaw=1.60
83.4666666985,[debug],turtlebot3,simulation,robot-pose,x=-36.75;y=26.97;yaw=1.60
83.4833333492,[debug],turtlebot5,simulation,robot-pose,x=-20.99;y=18.00;yaw=-1.54
83.4833333492,[debug],turtlebot5,simulation,robot-pose,x=-20.99;y=18.00;yaw=-1.54
83.4833333492,[debug],turtlebot4,simulation,robot-pose,x=-32.90;y=33.97;yaw=-3.10
83.4833333492,[debug],turtlebot4,simulation,robot-pose,x=-32.90;y=33.97;yaw=-3.10
98.2166666985,[debug],turtlebot1,simulation,robot-pose,x=-13.49;y=17.99;yaw=-1.44
98.3499999046,[debug],turtlebot1,simulation,robot-pose,x=-13.49;y=17.99;yaw=-1.44
98.4666666985,[debug],turtlebot3,simulation,robot-pose,x=-36.62;y=29.17;yaw=1.53
98.4666666985,[debug],turtlebot2,simulation,robot-pose,x=-39.51;y=33.84;yaw=0.46
98.4666666985,[debug],turtlebot3,simulation,robot-pose,x=-36.62;y=29.17;yaw=1.53
98.4666666985,[debug],turtlebot2,simulation,robot-pose,x=-39.51;y=33.84;yaw=0.46
98.4833333492,[debug],turtlebot4,simulation,robot-pose,x=-32.90;y=33.97;yaw=-3.10
98.4833333492,[debug],turtlebot4,simulation,robot-pose,x=-32.90;y=33.97;yaw=-3.10
98.4833333492,[debug],turtlebot5,simulation,robot-pose,x=-20.99;y=18.00;yaw=-1.54
98.4833333492,[debug],turtlebot5,simulation,robot-pose,x=-20.99;y=18.00;yaw=-1.54
103.5,[info],turtlebot3,skill-life-cycle,navigation,(status=RUNNING, parameters=[[-37.0, 33.95, -1.5707963267948966, True], [-37.0, 21.5, 3.141592653589793, True], [-38.0, 21.5, 0.0, False]])
113.216666698,[debug],turtlebot1,simulation,robot-pose,x=-13.49;y=17.99;yaw=-1.42
113.333333254,[debug],turtlebot1,simulation,robot-pose,x=-13.49;y=17.99;yaw=-1.42
113.466666698,[debug],turtlebot3,simulation,robot-pose,x=-36.58;y=31.63;yaw=1.56
113.466666698,[debug],turtlebot3,simulation,robot-pose,x=-36.58;y=31.63;yaw=1.56
113.466666698,[debug],turtlebot2,simulation,robot-pose,x=-39.51;y=33.84;yaw=0.46
113.466666698,[debug],turtlebot2,simulation,robot-pose,x=-39.51;y=33.84;yaw=0.46
113.483333349,[debug],turtlebot4,simulation,robot-pose,x=-32.90;y=33.97;yaw=-3.09
113.483333349,[debug],turtlebot4,simulation,robot-pose,x=-32.90;y=33.97;yaw=-3.09
113.483333349,[debug],turtlebot5,simulation,robot-pose,x=-20.99;y=18.00;yaw=-1.54
113.483333349,[debug],turtlebot5,simulation,robot-pose,x=-20.99;y=18.00;yaw=-1.54
128.216666698,[debug],turtlebot1,simulation,robot-pose,x=-13.49;y=17.98;yaw=-1.40
128.349999905,[debug],turtlebot1,simulation,robot-pose,x=-13.49;y=17.98;yaw=-1.40
128.466666698,[debug],turtlebot2,simulation,robot-pose,x=-39.51;y=33.84;yaw=0.46
128.466666698,[debug],turtlebot2,simulation,robot-pose,x=-39.51;y=33.84;yaw=0.46
128.466666698,[debug],turtlebot3,simulation,robot-pose,x=-36.77;y=33.57;yaw=-2.57
128.466666698,[debug],turtlebot3,simulation,robot-pose,x=-36.77;y=33.57;yaw=-2.57
128.483333349,[debug],turtlebot4,simulation,robot-pose,x=-32.90;y=33.97;yaw=-3.09
128.483333349,[debug],turtlebot5,simulation,robot-pose,x=-21.00;y=18.00;yaw=-1.54
128.483333349,[debug],turtlebot4,simulation,robot-pose,x=-32.90;y=33.97;yaw=-3.09
128.483333349,[debug],turtlebot5,simulation,robot-pose,x=-21.00;y=18.00;yaw=-1.54
131.383333445,[debug],turtlebot3,move-base-info,Hooray, the base moved arrived,(x=-37;y=33.95)
131.383333445,[debug],turtlebot3,move-base-info,Hooray, the base moved arrived,(x=-37;y=33.95)
131.416666746,[debug],turtlebot3,task-update,navigation,way-point-reached,33.33333333333333%
143.216666698,[debug],turtlebot1,simulation,robot-pose,x=-13.49;y=17.98;yaw=-1.38
143.366666555,[debug],turtlebot1,simulation,robot-pose,x=-13.49;y=17.98;yaw=-1.38
143.466666698,[debug],turtlebot3,simulation,robot-pose,x=-36.64;y=32.53;yaw=-1.48
143.466666698,[debug],turtlebot3,simulation,robot-pose,x=-36.64;y=32.53;yaw=-1.48
143.466666698,[debug],turtlebot2,simulation,robot-pose,x=-39.51;y=33.84;yaw=0.46
143.466666698,[debug],turtlebot2,simulation,robot-pose,x=-39.51;y=33.84;yaw=0.46
143.483333349,[debug],turtlebot4,simulation,robot-pose,x=-32.90;y=33.97;yaw=-3.09
143.483333349,[debug],turtlebot4,simulation,robot-pose,x=-32.90;y=33.97;yaw=-3.09
143.483333349,[debug],turtlebot5,simulation,robot-pose,x=-21.00;y=18.00;yaw=-1.54
143.483333349,[debug],turtlebot5,simulation,robot-pose,x=-21.00;y=18.00;yaw=-1.54
154.183333397,[info],turtlebot3,skill-life-cycle,navigation,(status=RUNNING, parameters=[[-37.0, 33.95, -1.5707963267948966, True], [-37.0, 21.5, 3.141592653589793, True], [-38.0, 21.5, 0.0, False]])
158.216666698,[debug],turtlebot1,simulation,robot-pose,x=-13.48;y=17.98;yaw=-1.36
158.366666555,[debug],turtlebot1,simulation,robot-pose,x=-13.48;y=17.98;yaw=-1.36
158.466666698,[debug],turtlebot2,simulation,robot-pose,x=-39.50;y=33.84;yaw=0.46
158.466666698,[debug],turtlebot2,simulation,robot-pose,x=-39.50;y=33.84;yaw=0.46
158.466666698,[debug],turtlebot3,simulation,robot-pose,x=-36.60;y=30.07;yaw=-1.57
158.466666698,[debug],turtlebot3,simulation,robot-pose,x=-36.60;y=30.07;yaw=-1.57
158.483333349,[debug],turtlebot4,simulation,robot-pose,x=-32.90;y=33.97;yaw=-3.09
158.483333349,[debug],turtlebot4,simulation,robot-pose,x=-32.90;y=33.97;yaw=-3.09
158.483333349,[debug],turtlebot5,simulation,robot-pose,x=-21.00;y=18.00;yaw=-1.54
158.483333349,[debug],turtlebot5,simulation,robot-pose,x=-21.00;y=18.00;yaw=-1.54
173.216666698,[debug],turtlebot1,simulation,robot-pose,x=-13.48;y=17.97;yaw=-1.34
173.349999905,[debug],turtlebot1,simulation,robot-pose,x=-13.48;y=17.97;yaw=-1.34
173.466666698,[debug],turtlebot2,simulation,robot-pose,x=-39.50;y=33.84;yaw=0.46
173.466666698,[debug],turtlebot2,simulation,robot-pose,x=-39.50;y=33.84;yaw=0.46
173.466666698,[debug],turtlebot3,simulation,robot-pose,x=-36.61;y=27.57;yaw=-1.53
173.466666698,[debug],turtlebot3,simulation,robot-pose,x=-36.61;y=27.57;yaw=-1.53
173.483333349,[debug],turtlebot5,simulation,robot-pose,x=-21.00;y=18.00;yaw=-1.54
173.483333349,[debug],turtlebot4,simulation,robot-pose,x=-32.90;y=33.97;yaw=-3.09
173.483333349,[debug],turtlebot5,simulation,robot-pose,x=-21.00;y=18.00;yaw=-1.54
173.483333349,[debug],turtlebot4,simulation,robot-pose,x=-32.90;y=33.97;yaw=-3.09
188.216666698,[debug],turtlebot1,simulation,robot-pose,x=-13.48;y=17.97;yaw=-1.32
188.349999905,[debug],turtlebot1,simulation,robot-pose,x=-13.48;y=17.97;yaw=-1.32
188.466666698,[debug],turtlebot2,simulation,robot-pose,x=-39.50;y=33.84;yaw=0.46
188.466666698,[debug],turtlebot2,simulation,robot-pose,x=-39.50;y=33.84;yaw=0.46
188.466666698,[debug],turtlebot3,simulation,robot-pose,x=-36.58;y=25.10;yaw=-1.57
188.466666698,[debug],turtlebot3,simulation,robot-pose,x=-36.58;y=25.10;yaw=-1.57
188.483333349,[debug],turtlebot4,simulation,robot-pose,x=-32.90;y=33.97;yaw=-3.09
188.483333349,[debug],turtlebot4,simulation,robot-pose,x=-32.90;y=33.97;yaw=-3.09
188.483333349,[debug],turtlebot5,simulation,robot-pose,x=-21.00;y=18.00;yaw=-1.54
188.483333349,[debug],turtlebot5,simulation,robot-pose,x=-21.00;y=18.00;yaw=-1.54
203.216666698,[debug],turtlebot1,simulation,robot-pose,x=-13.47;y=17.97;yaw=-1.30
203.333333254,[debug],turtlebot1,simulation,robot-pose,x=-13.47;y=17.97;yaw=-1.30
203.466666698,[debug],turtlebot2,simulation,robot-pose,x=-39.50;y=33.84;yaw=0.46
203.466666698,[debug],turtlebot2,simulation,robot-pose,x=-39.50;y=33.84;yaw=0.46
203.466666698,[debug],turtlebot3,simulation,robot-pose,x=-36.72;y=22.47;yaw=-1.72
203.466666698,[debug],turtlebot3,simulation,robot-pose,x=-36.72;y=22.47;yaw=-1.72
203.483333349,[debug],turtlebot4,simulation,robot-pose,x=-32.90;y=33.97;yaw=-3.09
203.483333349,[debug],turtlebot5,simulation,robot-pose,x=-21.01;y=18.00;yaw=-1.54
203.483333349,[debug],turtlebot4,simulation,robot-pose,x=-32.90;y=33.97;yaw=-3.09
203.483333349,[debug],turtlebot5,simulation,robot-pose,x=-21.01;y=18.00;yaw=-1.54
204.466666698,[info],turtlebot3,skill-life-cycle,navigation,(status=RUNNING, parameters=[[-37.0, 33.95, -1.5707963267948966, True], [-37.0, 21.5, 3.141592653589793, True], [-38.0, 21.5, 0.0, False]])
209.933333397,[debug],turtlebot3,move-base-info,Hooray, the base moved arrived,(x=-37;y=21.5)
209.933333397,[debug],turtlebot3,move-base-info,Hooray, the base moved arrived,(x=-37;y=21.5)
210.083333254,[debug],turtlebot3,task-update,navigation,way-point-reached,66.66666666666666%
218.216666698,[debug],turtlebot1,simulation,robot-pose,x=-13.47;y=17.96;yaw=-1.28
218.333333254,[debug],turtlebot1,simulation,robot-pose,x=-13.47;y=17.96;yaw=-1.28
218.466666698,[debug],turtlebot3,simulation,robot-pose,x=-37.60;y=21.77;yaw=-2.69
218.466666698,[debug],turtlebot2,simulation,robot-pose,x=-39.50;y=33.84;yaw=0.46
218.466666698,[debug],turtlebot3,simulation,robot-pose,x=-37.60;y=21.77;yaw=-2.69
218.466666698,[debug],turtlebot2,simulation,robot-pose,x=-39.50;y=33.84;yaw=0.46
218.483333349,[debug],turtlebot5,simulation,robot-pose,x=-21.01;y=18.00;yaw=-1.54
218.483333349,[debug],turtlebot5,simulation,robot-pose,x=-21.01;y=18.00;yaw=-1.54
218.483333349,[debug],turtlebot4,simulation,robot-pose,x=-32.91;y=33.97;yaw=-3.08
218.483333349,[debug],turtlebot4,simulation,robot-pose,x=-32.91;y=33.97;yaw=-3.08
225.566666603,[debug],turtlebot3,move-base-info,Hooray, the base moved arrived,(x=-38;y=21.5)
225.566666603,[debug],turtlebot3,move-base-info,Hooray, the base moved arrived,(x=-38;y=21.5)
225.683333397,[debug],turtlebot3,task-update,navigation,way-point-reached,100.0%
225.766666651,[debug],turtlebot3,available-skills,['send_message', 'wait_message', 'approach_person', 'approach_robot', 'authenticate_person', 'deposit', 'navigation', 'operate_drawer', 'pick_up'],
225.766666651,[info],turtlebot3,skill-life-cycle,approach_person,(status=STARTED, parameters=['nurse'])
225.833333254,[debug],turtlebot3,task-update,approach_person,localize-person,(who=nurse)
226.366666555,[debug],turtlebot3,task-update,approach_person,goto-person,(who=nurse)
226.466666698,[debug],turtlebot3,available-skills,['send_message', 'wait_message', 'approach_person', 'approach_robot', 'authenticate_person', 'deposit', 'navigation', 'operate_drawer', 'pick_up'],
226.466666698,[info],turtlebot3,skill-life-cycle,authenticate_person,(status=STARTED, parameters=['nurse'])
226.5,[info],nurse,sync,received-request,(status=sending-request)
226.5,[debug],turtlebot3,task-update,authenticate_person,request-authentication,(to=nurse)
226.5,[info],nurse,sync,received-request,(status=sending-request)
226.783333302,[debug],turtlebot3,task-update,authenticate_person,received-authentication,(from=nurse)
226.883333445,[debug],turtlebot3,available-skills,['send_message', 'wait_message', 'approach_person', 'approach_robot', 'authenticate_person', 'deposit', 'navigation', 'operate_drawer', 'pick_up'],
226.883333445,[info],turtlebot3,skill-life-cycle,operate_drawer,(status=STARTED, parameters=['open'])
226.983333349,[debug],turtlebot3,task-update,operate_drawer,open
227.983333349,[debug],turtlebot3,available-skills,['send_message', 'wait_message', 'approach_person', 'approach_robot', 'authenticate_person', 'deposit', 'navigation', 'operate_drawer', 'pick_up'],
227.983333349,[info],turtlebot3,skill-life-cycle,send_message,(status=STARTED, parameters=['nurse'])
228.083333254,[info],turtlebot3,sync,send-message,(to=nurse)
228.966666698,[info],nurse,sync,wait-message,(status=message-received)
228.966666698,[info],nurse,sync,wait-message,(status=message-received)
231.650000095,[debug],turtlebot3,available-skills,['send_message', 'wait_message', 'approach_person', 'approach_robot', 'authenticate_person', 'deposit', 'navigation', 'operate_drawer', 'pick_up'],
231.650000095,[info],turtlebot3,skill-life-cycle,wait_message,(status=STARTED, parameters=['r1'])
233.016666651,[info],turtlebot3,sync,wait-message,(status=message-received)
233.099999905,[debug],turtlebot3,available-skills,['send_message', 'wait_message', 'approach_person', 'approach_robot', 'authenticate_person', 'deposit', 'navigation', 'operate_drawer', 'pick_up'],
233.099999905,[info],turtlebot3,skill-life-cycle,operate_drawer,(status=STARTED, parameters=['close'])
233.200000048,[debug],turtlebot3,task-update,operate_drawer,close
233.216666698,[debug],turtlebot1,simulation,robot-pose,x=-13.47;y=17.96;yaw=-1.25
233.366666555,[debug],turtlebot1,simulation,robot-pose,x=-13.47;y=17.96;yaw=-1.25
233.466666698,[debug],turtlebot3,simulation,robot-pose,x=-37.66;y=21.77;yaw=-0.04
233.466666698,[debug],turtlebot3,simulation,robot-pose,x=-37.66;y=21.77;yaw=-0.04
233.466666698,[debug],turtlebot2,simulation,robot-pose,x=-39.50;y=33.84;yaw=0.46
233.466666698,[debug],turtlebot2,simulation,robot-pose,x=-39.50;y=33.84;yaw=0.46
233.483333349,[debug],turtlebot4,simulation,robot-pose,x=-32.91;y=33.97;yaw=-3.07
233.483333349,[debug],turtlebot4,simulation,robot-pose,x=-32.91;y=33.97;yaw=-3.07
233.483333349,[debug],turtlebot5,simulation,robot-pose,x=-21.01;y=18.00;yaw=-1.54
233.483333349,[debug],turtlebot5,simulation,robot-pose,x=-21.01;y=18.00;yaw=-1.54
234.150000095,[debug],turtlebot3,available-skills,['send_message', 'wait_message', 'approach_person', 'approach_robot', 'authenticate_person', 'deposit', 'navigation', 'operate_drawer', 'pick_up'],
234.150000095,[info],turtlebot3,skill-life-cycle,navigation,(status=STARTED, parameters=[[-37.0, 21.5, -1.5707963267948966, True], [-37.0, 16.0, 0.0, True], [-26.0, 16.0, -1.5707963267948966, True], [-26.0, 13.0, 1.57, False]])
238.966666698,[info],nurse,sync,wait-message,(status=message-received)
238.966666698,[info],nurse,sync,wait-message,(status=message-received)
244.716666698,[debug],turtlebot3,move-base-info,Hooray, the base moved arrived,(x=-37;y=21.5)
244.716666698,[debug],turtlebot3,move-base-info,Hooray, the base moved arrived,(x=-37;y=21.5)
244.75,[debug],turtlebot3,task-update,navigation,way-point-reached,25.0%
246.5,[info],nurse,sync,request-sent,(status=waiting)
246.5,[info],nurse,sync,request-sent,(status=waiting)
248.216666698,[debug],turtlebot1,simulation,robot-pose,x=-13.47;y=17.96;yaw=-1.23
248.349999905,[debug],turtlebot1,simulation,robot-pose,x=-13.47;y=17.96;yaw=-1.23
248.466666698,[debug],turtlebot3,simulation,robot-pose,x=-37.40;y=21.74;yaw=-1.52
248.466666698,[debug],turtlebot3,simulation,robot-pose,x=-37.40;y=21.74;yaw=-1.52
248.466666698,[debug],turtlebot2,simulation,robot-pose,x=-39.50;y=33.84;yaw=0.46
248.466666698,[debug],turtlebot2,simulation,robot-pose,x=-39.50;y=33.84;yaw=0.46
248.483333349,[debug],turtlebot4,simulation,robot-pose,x=-32.91;y=33.97;yaw=-3.07
248.483333349,[debug],turtlebot4,simulation,robot-pose,x=-32.91;y=33.97;yaw=-3.07
248.483333349,[debug],turtlebot5,simulation,robot-pose,x=-21.02;y=18.00;yaw=-1.54
248.483333349,[debug],turtlebot5,simulation,robot-pose,x=-21.02;y=18.00;yaw=-1.54
248.983333349,[info],nurse,sync,wait-message,(status=message-received)
248.983333349,[info],nurse,sync,wait-message,(status=message-received)
257.416666746,[info],turtlebot3,skill-life-cycle,navigation,(status=RUNNING, parameters=[[-37.0, 21.5, -1.5707963267948966, True], [-37.0, 16.0, 0.0, True], [-26.0, 16.0, -1.5707963267948966, True], [-26.0, 13.0, 1.57, False]])
258.966666698,[info],nurse,sync,wait-message,(status=message-received)
258.966666698,[info],nurse,sync,wait-message,(status=message-received)
263.216666698,[debug],turtlebot1,simulation,robot-pose,x=-13.46;y=17.95;yaw=-1.21
263.333333254,[debug],turtlebot1,simulation,robot-pose,x=-13.46;y=17.95;yaw=-1.21
263.466666698,[debug],turtlebot2,simulation,robot-pose,x=-39.50;y=33.84;yaw=0.46
263.466666698,[debug],turtlebot3,simulation,robot-pose,x=-37.05;y=19.86;yaw=-1.60
263.466666698,[debug],turtlebot2,simulation,robot-pose,x=-39.50;y=33.84;yaw=0.46
263.466666698,[debug],turtlebot3,simulation,robot-pose,x=-37.05;y=19.86;yaw=-1.60
263.483333349,[debug],turtlebot5,simulation,robot-pose,x=-21.02;y=18.00;yaw=-1.54
263.483333349,[debug],turtlebot4,simulation,robot-pose,x=-32.91;y=33.97;yaw=-3.06
263.483333349,[debug],turtlebot5,simulation,robot-pose,x=-21.02;y=18.00;yaw=-1.54
263.483333349,[debug],turtlebot4,simulation,robot-pose,x=-32.91;y=33.97;yaw=-3.06
278.216666698,[debug],turtlebot1,simulation,robot-pose,x=-13.46;y=17.95;yaw=-1.20
278.333333254,[debug],turtlebot1,simulation,robot-pose,x=-13.46;y=17.95;yaw=-1.20
278.466666698,[debug],turtlebot2,simulation,robot-pose,x=-39.50;y=33.84;yaw=0.46
278.466666698,[debug],turtlebot2,simulation,robot-pose,x=-39.50;y=33.84;yaw=0.46
278.466666698,[debug],turtlebot3,simulation,robot-pose,x=-37.04;y=17.36;yaw=-1.63
278.466666698,[debug],turtlebot3,simulation,robot-pose,x=-37.04;y=17.36;yaw=-1.63
278.483333349,[debug],turtlebot4,simulation,robot-pose,x=-32.92;y=33.98;yaw=-3.05
278.483333349,[debug],turtlebot4,simulation,robot-pose,x=-32.92;y=33.98;yaw=-3.05
278.483333349,[debug],turtlebot5,simulation,robot-pose,x=-21.03;y=18.00;yaw=-1.54
278.483333349,[debug],turtlebot5,simulation,robot-pose,x=-21.03;y=18.00;yaw=-1.54
289.700000048,[debug],turtlebot3,move-base-info,Hooray, the base moved arrived,(x=-37;y=16)
289.700000048,[debug],turtlebot3,move-base-info,Hooray, the base moved arrived,(x=-37;y=16)
289.799999952,[debug],turtlebot3,task-update,navigation,way-point-reached,50.0%
293.216666698,[debug],turtlebot1,simulation,robot-pose,x=-13.45;y=17.95;yaw=-1.18
293.349999905,[debug],turtlebot1,simulation,robot-pose,x=-13.45;y=17.95;yaw=-1.18
293.466666698,[debug],turtlebot3,simulation,robot-pose,x=-37.31;y=16.37;yaw=-0.05
293.466666698,[debug],turtlebot2,simulation,robot-pose,x=-39.50;y=33.84;yaw=0.46
293.466666698,[debug],turtlebot3,simulation,robot-pose,x=-37.31;y=16.37;yaw=-0.05
293.466666698,[debug],turtlebot2,simulation,robot-pose,x=-39.50;y=33.84;yaw=0.46
293.483333349,[debug],turtlebot4,simulation,robot-pose,x=-32.92;y=33.98;yaw=-3.05
293.483333349,[debug],turtlebot4,simulation,robot-pose,x=-32.92;y=33.98;yaw=-3.05
293.483333349,[debug],turtlebot5,simulation,robot-pose,x=-21.03;y=18.00;yaw=-1.54
293.483333349,[debug],turtlebot5,simulation,robot-pose,x=-21.03;y=18.00;yaw=-1.54
307.733333349,[info],turtlebot3,skill-life-cycle,navigation,(status=RUNNING, parameters=[[-37.0, 21.5, -1.5707963267948966, True], [-37.0, 16.0, 0.0, True], [-26.0, 16.0, -1.5707963267948966, True], [-26.0, 13.0, 1.57, False]])
308.216666698,[debug],turtlebot1,simulation,robot-pose,x=-13.45;y=17.94;yaw=-1.16
308.333333254,[debug],turtlebot1,simulation,robot-pose,x=-13.45;y=17.94;yaw=-1.16
308.466666698,[debug],turtlebot2,simulation,robot-pose,x=-39.50;y=33.84;yaw=0.46
308.466666698,[debug],turtlebot3,simulation,robot-pose,x=-36.27;y=15.64;yaw=-0.54
308.466666698,[debug],turtlebot2,simulation,robot-pose,x=-39.50;y=33.84;yaw=0.46
308.466666698,[debug],turtlebot3,simulation,robot-pose,x=-36.27;y=15.64;yaw=-0.54
308.483333349,[debug],turtlebot5,simulation,robot-pose,x=-21.03;y=18.00;yaw=-1.54
308.483333349,[debug],turtlebot5,simulation,robot-pose,x=-21.03;y=18.00;yaw=-1.54
308.483333349,[debug],turtlebot4,simulation,robot-pose,x=-32.92;y=33.98;yaw=-3.06
308.483333349,[debug],turtlebot4,simulation,robot-pose,x=-32.92;y=33.98;yaw=-3.06
323.216666698,[debug],turtlebot1,simulation,robot-pose,x=-13.45;y=17.94;yaw=-1.14
323.349999905,[debug],turtlebot1,simulation,robot-pose,x=-13.45;y=17.94;yaw=-1.14
323.466666698,[debug],turtlebot2,simulation,robot-pose,x=-39.50;y=33.84;yaw=0.46
323.466666698,[debug],turtlebot3,simulation,robot-pose,x=-35.04;y=15.35;yaw=-0.08
323.466666698,[debug],turtlebot2,simulation,robot-pose,x=-39.50;y=33.84;yaw=0.46
323.466666698,[debug],turtlebot3,simulation,robot-pose,x=-35.04;y=15.35;yaw=-0.08
323.483333349,[debug],turtlebot5,simulation,robot-pose,x=-21.03;y=18.00;yaw=-1.54
323.483333349,[debug],turtlebot4,simulation,robot-pose,x=-32.92;y=33.98;yaw=-3.06
323.483333349,[debug],turtlebot5,simulation,robot-pose,x=-21.03;y=18.00;yaw=-1.54
323.483333349,[debug],turtlebot4,simulation,robot-pose,x=-32.92;y=33.98;yaw=-3.06
338.216666698,[debug],turtlebot1,simulation,robot-pose,x=-13.44;y=17.94;yaw=-1.13
338.366666555,[debug],turtlebot1,simulation,robot-pose,x=-13.44;y=17.94;yaw=-1.13
338.466666698,[debug],turtlebot2,simulation,robot-pose,x=-39.50;y=33.84;yaw=0.46
338.466666698,[debug],turtlebot2,simulation,robot-pose,x=-39.50;y=33.84;yaw=0.46
338.466666698,[debug],turtlebot3,simulation,robot-pose,x=-33.79;y=15.32;yaw=-0.00
338.466666698,[debug],turtlebot3,simulation,robot-pose,x=-33.79;y=15.32;yaw=-0.00
338.483333349,[debug],turtlebot4,simulation,robot-pose,x=-32.93;y=33.98;yaw=-3.06
338.483333349,[debug],turtlebot4,simulation,robot-pose,x=-32.93;y=33.98;yaw=-3.06
338.483333349,[debug],turtlebot5,simulation,robot-pose,x=-21.03;y=18.00;yaw=-1.54
338.483333349,[debug],turtlebot5,simulation,robot-pose,x=-21.03;y=18.00;yaw=-1.54
353.216666698,[debug],turtlebot1,simulation,robot-pose,x=-13.44;y=17.94;yaw=-1.12
353.366666555,[debug],turtlebot1,simulation,robot-pose,x=-13.44;y=17.94;yaw=-1.12
353.466666698,[debug],turtlebot2,simulation,robot-pose,x=-39.50;y=33.84;yaw=0.46
353.466666698,[debug],turtlebot2,simulation,robot-pose,x=-39.50;y=33.84;yaw=0.46
353.466666698,[debug],turtlebot3,simulation,robot-pose,x=-32.54;y=15.32;yaw=0.02
353.466666698,[debug],turtlebot3,simulation,robot-pose,x=-32.54;y=15.32;yaw=0.02
353.483333349,[debug],turtlebot4,simulation,robot-pose,x=-32.93;y=33.98;yaw=-3.06
353.483333349,[debug],turtlebot4,simulation,robot-pose,x=-32.93;y=33.98;yaw=-3.06
353.483333349,[debug],turtlebot5,simulation,robot-pose,x=-21.03;y=18.00;yaw=-1.54
353.483333349,[debug],turtlebot5,simulation,robot-pose,x=-21.03;y=18.00;yaw=-1.54
357.433333397,[info],turtlebot3,skill-life-cycle,navigation,(status=RUNNING, parameters=[[-37.0, 21.5, -1.5707963267948966, True], [-37.0, 16.0, 0.0, True], [-26.0, 16.0, -1.5707963267948966, True], [-26.0, 13.0, 1.57, False]])
368.216666698,[debug],turtlebot1,simulation,robot-pose,x=-13.44;y=17.94;yaw=-1.12
368.366666555,[debug],turtlebot1,simulation,robot-pose,x=-13.44;y=17.94;yaw=-1.12
368.466666698,[debug],turtlebot2,simulation,robot-pose,x=-39.50;y=33.84;yaw=0.46
368.466666698,[debug],turtlebot2,simulation,robot-pose,x=-39.50;y=33.84;yaw=0.46
368.466666698,[debug],turtlebot3,simulation,robot-pose,x=-31.29;y=15.49;yaw=0.29
368.466666698,[debug],turtlebot3,simulation,robot-pose,x=-31.29;y=15.49;yaw=0.29
368.483333349,[debug],turtlebot5,simulation,robot-pose,x=-21.03;y=18.00;yaw=-1.54
368.483333349,[debug],turtlebot4,simulation,robot-pose,x=-32.93;y=33.98;yaw=-3.06
368.483333349,[debug],turtlebot5,simulation,robot-pose,x=-21.03;y=18.00;yaw=-1.54
368.483333349,[debug],turtlebot4,simulation,robot-pose,x=-32.93;y=33.98;yaw=-3.06
383.216666698,[debug],turtlebot1,simulation,robot-pose,x=-13.44;y=17.93;yaw=-1.11
383.349999905,[debug],turtlebot1,simulation,robot-pose,x=-13.44;y=17.93;yaw=-1.11
383.466666698,[debug],turtlebot3,simulation,robot-pose,x=-30.05;y=15.53;yaw=-0.03
383.466666698,[debug],turtlebot3,simulation,robot-pose,x=-30.05;y=15.53;yaw=-0.03
383.466666698,[debug],turtlebot2,simulation,robot-pose,x=-39.50;y=33.84;yaw=0.46
383.466666698,[debug],turtlebot2,simulation,robot-pose,x=-39.50;y=33.84;yaw=0.46
383.483333349,[debug],turtlebot5,simulation,robot-pose,x=-21.03;y=18.00;yaw=-1.54
383.483333349,[debug],turtlebot5,simulation,robot-pose,x=-21.03;y=18.00;yaw=-1.54
383.483333349,[debug],turtlebot4,simulation,robot-pose,x=-32.93;y=33.98;yaw=-3.06
383.483333349,[debug],turtlebot4,simulation,robot-pose,x=-32.93;y=33.98;yaw=-3.06
398.216666698,[debug],turtlebot1,simulation,robot-pose,x=-13.43;y=17.93;yaw=-1.10
398.349999905,[debug],turtlebot1,simulation,robot-pose,x=-13.43;y=17.93;yaw=-1.10
398.466666698,[debug],turtlebot2,simulation,robot-pose,x=-39.50;y=33.84;yaw=0.46
398.466666698,[debug],turtlebot3,simulation,robot-pose,x=-28.80;y=15.52;yaw=0.00
398.466666698,[debug],turtlebot2,simulation,robot-pose,x=-39.50;y=33.84;yaw=0.46
398.466666698,[debug],turtlebot3,simulation,robot-pose,x=-28.80;y=15.52;yaw=0.00
398.483333349,[debug],turtlebot5,simulation,robot-pose,x=-21.03;y=18.00;yaw=-1.54
398.483333349,[debug],turtlebot5,simulation,robot-pose,x=-21.03;y=18.00;yaw=-1.54
398.483333349,[debug],turtlebot4,simulation,robot-pose,x=-32.93;y=33.98;yaw=-3.06
398.483333349,[debug],turtlebot4,simulation,robot-pose,x=-32.93;y=33.98;yaw=-3.06
406.683333397,[info],turtlebot3,skill-life-cycle,navigation,(status=RUNNING, parameters=[[-37.0, 21.5, -1.5707963267948966, True], [-37.0, 16.0, 0.0, True], [-26.0, 16.0, -1.5707963267948966, True], [-26.0, 13.0, 1.57, False]])
413.216666698,[debug],turtlebot1,simulation,robot-pose,x=-13.43;y=17.93;yaw=-1.10
413.349999905,[debug],turtlebot1,simulation,robot-pose,x=-13.43;y=17.93;yaw=-1.10
413.466666698,[debug],turtlebot2,simulation,robot-pose,x=-39.50;y=33.84;yaw=0.46
413.466666698,[debug],turtlebot2,simulation,robot-pose,x=-39.50;y=33.84;yaw=0.46
413.466666698,[debug],turtlebot3,simulation,robot-pose,x=-27.55;y=15.66;yaw=0.38
413.466666698,[debug],turtlebot3,simulation,robot-pose,x=-27.55;y=15.66;yaw=0.38
413.483333349,[debug],turtlebot4,simulation,robot-pose,x=-32.93;y=33.98;yaw=-3.06
413.483333349,[debug],turtlebot4,simulation,robot-pose,x=-32.93;y=33.98;yaw=-3.06
413.483333349,[debug],turtlebot5,simulation,robot-pose,x=-21.03;y=18.00;yaw=-1.54
413.483333349,[debug],turtlebot5,simulation,robot-pose,x=-21.03;y=18.00;yaw=-1.54
428.216666698,[debug],turtlebot1,simulation,robot-pose,x=-13.43;y=17.93;yaw=-1.10
428.349999905,[debug],turtlebot1,simulation,robot-pose,x=-13.43;y=17.93;yaw=-1.10
428.466666698,[debug],turtlebot2,simulation,robot-pose,x=-39.50;y=33.84;yaw=0.46
428.466666698,[debug],turtlebot2,simulation,robot-pose,x=-39.50;y=33.84;yaw=0.46
428.466666698,[debug],turtlebot3,simulation,robot-pose,x=-26.47;y=15.98;yaw=-0.61
428.466666698,[debug],turtlebot3,simulation,robot-pose,x=-26.47;y=15.98;yaw=-0.61
428.483333349,[debug],turtlebot5,simulation,robot-pose,x=-21.03;y=18.00;yaw=-1.54
428.483333349,[debug],turtlebot4,simulation,robot-pose,x=-32.93;y=33.98;yaw=-3.06
428.483333349,[debug],turtlebot5,simulation,robot-pose,x=-21.03;y=18.00;yaw=-1.54
428.483333349,[debug],turtlebot4,simulation,robot-pose,x=-32.93;y=33.98;yaw=-3.06
431.25,[debug],turtlebot3,move-base-info,Hooray, the base moved arrived,(x=-26;y=16)
431.349999905,[debug],turtlebot3,move-base-info,Hooray, the base moved arrived,(x=-26;y=16)
431.483333349,[debug],turtlebot3,task-update,navigation,way-point-reached,75.0%
443.216666698,[debug],turtlebot1,simulation,robot-pose,x=-13.42;y=17.93;yaw=-1.09
443.333333254,[debug],turtlebot1,simulation,robot-pose,x=-13.42;y=17.93;yaw=-1.09
443.466666698,[debug],turtlebot2,simulation,robot-pose,x=-39.50;y=33.84;yaw=0.46
443.466666698,[debug],turtlebot2,simulation,robot-pose,x=-39.50;y=33.84;yaw=0.46
443.466666698,[debug],turtlebot3,simulation,robot-pose,x=-26.18;y=15.08;yaw=-1.32
443.466666698,[debug],turtlebot3,simulation,robot-pose,x=-26.18;y=15.08;yaw=-1.32
443.483333349,[debug],turtlebot5,simulation,robot-pose,x=-21.03;y=18.00;yaw=-1.54
443.483333349,[debug],turtlebot4,simulation,robot-pose,x=-32.93;y=33.98;yaw=-3.06
443.483333349,[debug],turtlebot5,simulation,robot-pose,x=-21.03;y=18.00;yaw=-1.54
443.483333349,[debug],turtlebot4,simulation,robot-pose,x=-32.93;y=33.98;yaw=-3.06
457.116666555,[info],turtlebot3,skill-life-cycle,navigation,(status=RUNNING, parameters=[[-37.0, 21.5, -1.5707963267948966, True], [-37.0, 16.0, 0.0, True], [-26.0, 16.0, -1.5707963267948966, True], [-26.0, 13.0, 1.57, False]])
458.216666698,[debug],turtlebot1,simulation,robot-pose,x=-13.42;y=17.92;yaw=-1.07
458.366666555,[debug],turtlebot1,simulation,robot-pose,x=-13.42;y=17.92;yaw=-1.07
458.466666698,[debug],turtlebot2,simulation,robot-pose,x=-39.50;y=33.84;yaw=0.46
458.483333349,[debug],turtlebot2,simulation,robot-pose,x=-39.50;y=33.84;yaw=0.46
458.483333349,[debug],turtlebot3,simulation,robot-pose,x=-26.13;y=13.82;yaw=-1.77
458.483333349,[debug],turtlebot3,simulation,robot-pose,x=-26.13;y=13.82;yaw=-1.77
458.483333349,[debug],turtlebot4,simulation,robot-pose,x=-32.93;y=33.98;yaw=-3.06
458.483333349,[debug],turtlebot4,simulation,robot-pose,x=-32.93;y=33.98;yaw=-3.06
458.483333349,[debug],turtlebot5,simulation,robot-pose,x=-21.03;y=18.00;yaw=-1.54
458.483333349,[debug],turtlebot5,simulation,robot-pose,x=-21.03;y=18.00;yaw=-1.54
473.216666698,[debug],turtlebot1,simulation,robot-pose,x=-13.42;y=17.92;yaw=-1.06
473.383333445,[debug],turtlebot1,simulation,robot-pose,x=-13.42;y=17.92;yaw=-1.06
473.466666698,[debug],turtlebot3,simulation,robot-pose,x=-26.13;y=13.71;yaw=-1.60
473.466666698,[debug],turtlebot3,simulation,robot-pose,x=-26.13;y=13.71;yaw=-1.60
473.466666698,[debug],turtlebot2,simulation,robot-pose,x=-39.50;y=33.84;yaw=0.46
473.466666698,[debug],turtlebot2,simulation,robot-pose,x=-39.50;y=33.84;yaw=0.46
473.483333349,[debug],turtlebot4,simulation,robot-pose,x=-32.93;y=33.98;yaw=-3.06
473.483333349,[debug],turtlebot4,simulation,robot-pose,x=-32.93;y=33.98;yaw=-3.06
473.483333349,[debug],turtlebot5,simulation,robot-pose,x=-21.03;y=18.00;yaw=-1.54
473.483333349,[debug],turtlebot5,simulation,robot-pose,x=-21.03;y=18.00;yaw=-1.54
479.783333302,[debug],turtlebot3,move-base-info,The base failed to move ,(x=-26;y=13)
479.783333302,[debug],turtlebot3,move-base-info,The base failed to move ,(x=-26;y=13)
480.083333254,[info],turtlebot3,skill-life-cycle,navigation,(status=Status.FAILURE, parameters=[[-37.0, 21.5, -1.5707963267948966, True], [-37.0, 16.0, 0.0, True], [-26.0, 16.0, -1.5707963267948966, True], [-26.0, 13.0, 1.57, False]])
480.083333254,FAILURE
480.166666746,[info],turtlebot3,skill-life-cycle,navigation,(status=Status.FAILURE, parameters=[[-37.0, 21.5, -1.5707963267948966, True], [-37.0, 16.0, 0.0, True], [-26.0, 16.0, -1.5707963267948966, True], [-26.0, 13.0, 1.57, False]])
480.166666746,FAILURE
480.233333349,[info],turtlebot3,skill-life-cycle,navigation,(status=Status.FAILURE, parameters=[[-37.0, 21.5, -1.5707963267948966, True], [-37.0, 16.0, 0.0, True], [-26.0, 16.0, -1.5707963267948966, True], [-26.0, 13.0, 1.57, False]])
480.25,FAILURE
480.299999952,[info],turtlebot3,skill-life-cycle,navigation,(status=Status.FAILURE, parameters=[[-37.0, 21.5, -1.5707963267948966, True], [-37.0, 16.0, 0.0, True], [-26.0, 16.0, -1.5707963267948966, True], [-26.0, 13.0, 1.57, False]])
480.299999952,FAILURE
480.366666555,[info],turtlebot3,skill-life-cycle,navigation,(status=Status.FAILURE, parameters=[[-37.0, 21.5, -1.5707963267948966, True], [-37.0, 16.0, 0.0, True], [-26.0, 16.0, -1.5707963267948966, True], [-26.0, 13.0, 1.57, False]])
480.366666555,FAILURE
480.450000048,[info],turtlebot3,skill-life-cycle,navigation,(status=Status.FAILURE, parameters=[[-37.0, 21.5, -1.5707963267948966, True], [-37.0, 16.0, 0.0, True], [-26.0, 16.0, -1.5707963267948966, True], [-26.0, 13.0, 1.57, False]])
480.450000048,FAILURE
480.5,[info],turtlebot3,skill-life-cycle,navigation,(status=Status.FAILURE, parameters=[[-37.0, 21.5, -1.5707963267948966, True], [-37.0, 16.0, 0.0, True], [-26.0, 16.0, -1.5707963267948966, True], [-26.0, 13.0, 1.57, False]])
480.5,FAILURE
480.583333254,[info],turtlebot3,skill-life-cycle,navigation,(status=Status.FAILURE, parameters=[[-37.0, 21.5, -1.5707963267948966, True], [-37.0, 16.0, 0.0, True], [-26.0, 16.0, -1.5707963267948966, True], [-26.0, 13.0, 1.57, False]])
480.583333254,FAILURE
480.666666746,[info],turtlebot3,skill-life-cycle,navigation,(status=Status.FAILURE, parameters=[[-37.0, 21.5, -1.5707963267948966, True], [-37.0, 16.0, 0.0, True], [-26.0, 16.0, -1.5707963267948966, True], [-26.0, 13.0, 1.57, False]])
480.683333397,FAILURE
480.766666651,[info],turtlebot3,skill-life-cycle,navigation,(status=Status.FAILURE, parameters=[[-37.0, 21.5, -1.5707963267948966, True], [-37.0, 16.0, 0.0, True], [-26.0, 16.0, -1.5707963267948966, True], [-26.0, 13.0, 1.57, False]])
480.766666651,FAILURE
480.833333254,[info],turtlebot3,skill-life-cycle,navigation,(status=Status.FAILURE, parameters=[[-37.0, 21.5, -1.5707963267948966, True], [-37.0, 16.0, 0.0, True], [-26.0, 16.0, -1.5707963267948966, True], [-26.0, 13.0, 1.57, False]])
480.833333254,FAILURE
480.916666746,[info],turtlebot3,skill-life-cycle,navigation,(status=Status.FAILURE, parameters=[[-37.0, 21.5, -1.5707963267948966, True], [-37.0, 16.0, 0.0, True], [-26.0, 16.0, -1.5707963267948966, True], [-26.0, 13.0, 1.57, False]])
480.916666746,FAILURE
481.0,[info],turtlebot3,skill-life-cycle,navigation,(status=Status.FAILURE, parameters=[[-37.0, 21.5, -1.5707963267948966, True], [-37.0, 16.0, 0.0, True], [-26.0, 16.0, -1.5707963267948966, True], [-26.0, 13.0, 1.57, False]])
481.0,FAILURE
488.216666698,[debug],turtlebot1,simulation,robot-pose,x=-13.42;y=17.92;yaw=-1.05
488.316666603,[debug],turtlebot1,simulation,robot-pose,x=-13.42;y=17.92;yaw=-1.05
488.466666698,[debug],turtlebot2,simulation,robot-pose,x=-39.50;y=33.84;yaw=0.46
488.466666698,[debug],turtlebot3,simulation,robot-pose,x=-26.13;y=13.71;yaw=-1.59
488.466666698,[debug],turtlebot2,simulation,robot-pose,x=-39.50;y=33.84;yaw=0.46
488.466666698,[debug],turtlebot3,simulation,robot-pose,x=-26.13;y=13.71;yaw=-1.59
488.483333349,[debug],turtlebot5,simulation,robot-pose,x=-21.03;y=18.00;yaw=-1.54
488.483333349,[debug],turtlebot5,simulation,robot-pose,x=-21.03;y=18.00;yaw=-1.54
488.483333349,[debug],turtlebot4,simulation,robot-pose,x=-32.93;y=33.98;yaw=-3.06
488.483333349,[debug],turtlebot4,simulation,robot-pose,x=-32.93;y=33.98;yaw=-3.06
0.0,[debug],simulation closed,failure-bt,execution-wall-clock=601.6564617156982
