2.26666665077,[debug],turtlebot3,move-base-info,Move_base is up and ok....,
3.04999995232,[debug],turtlebot4,move-base-info,Move_base is up and ok....,
3.04999995232,[debug],turtlebot5,move-base-info,Move_base is up and ok....,
5.75,[debug],turtlebot1,move-base-info,Move_base is up and ok....,
10.6500000954,[info],turtlebot4,skill-life-cycle,init_robobt,(status=RUNNING, parameters=[])
10.6666667461,[info],turtlebot1,skill-life-cycle,init_robobt,(status=RUNNING, parameters=[])
10.9500000477,[info],turtlebot3,skill-life-cycle,init_robobt,(status=RUNNING, parameters=[])
11.2333333492,[info],turtlebot5,skill-life-cycle,init_robobt,(status=RUNNING, parameters=[])
16.1166667938,[debug],turtlebot5,available-skills,['send_message', 'wait_message', 'approach_person', 'approach_robot', 'authenticate_person', 'deposit', 'navigation', 'operate_drawer', 'pick_up'],
16.1166667938,[info],turtlebot5,skill-life-cycle,navigation,(status=STARTED, parameters=[[-37.0, 21.5, -1.5707963267948966, True], [-37.0, 16.0, 0.0, True], [-28.5, 16.0, 1.5707963267948966, True], [-28.5, 18.0, -1.57, False]])
23.5,[debug],turtlebot1,simulation,robot-pose,x=-33.83;y=18.78;yaw=2.80
23.5,[debug],turtlebot1,simulation,robot-pose,x=-33.83;y=18.78;yaw=2.80
23.7666666508,[debug],turtlebot3,simulation,robot-pose,x=-40.39;y=25.23;yaw=0.34
23.7666666508,[debug],turtlebot3,simulation,robot-pose,x=-40.39;y=25.23;yaw=0.34
23.7666666508,[debug],turtlebot2,simulation,robot-pose,x=-27.23;y=18.02;yaw=-1.59
23.7666666508,[debug],turtlebot2,simulation,robot-pose,x=-27.23;y=18.02;yaw=-1.59
23.7666666508,[debug],turtlebot4,simulation,robot-pose,x=-20.99;y=18.00;yaw=-1.54
23.7666666508,[debug],turtlebot4,simulation,robot-pose,x=-20.99;y=18.00;yaw=-1.54
23.7999999523,[debug],turtlebot5,simulation,robot-pose,x=-37.77;y=21.51;yaw=0.10
23.7999999523,[debug],turtlebot5,simulation,robot-pose,x=-37.77;y=21.51;yaw=0.10
31.5333333015,[debug],turtlebot5,move-base-info,Hooray, the base moved arrived,(x=-37;y=21.5)
31.5333333015,[debug],turtlebot5,move-base-info,Hooray, the base moved arrived,(x=-37;y=21.5)
31.5666666031,[debug],turtlebot5,task-update,navigation,way-point-reached,25.0%
38.5,[debug],turtlebot1,simulation,robot-pose,x=-33.84;y=18.78;yaw=2.82
38.5,[debug],turtlebot1,simulation,robot-pose,x=-33.84;y=18.78;yaw=2.82
38.7666666508,[debug],turtlebot3,simulation,robot-pose,x=-40.39;y=25.23;yaw=0.33
38.7666666508,[debug],turtlebot3,simulation,robot-pose,x=-40.39;y=25.23;yaw=0.33
38.7666666508,[debug],turtlebot4,simulation,robot-pose,x=-20.99;y=18.00;yaw=-1.54
38.7666666508,[debug],turtlebot4,simulation,robot-pose,x=-20.99;y=18.00;yaw=-1.54
38.7666666508,[debug],turtlebot2,simulation,robot-pose,x=-27.22;y=18.03;yaw=-1.59
38.7666666508,[debug],turtlebot2,simulation,robot-pose,x=-27.22;y=18.03;yaw=-1.59
38.7999999523,[debug],turtlebot5,simulation,robot-pose,x=-37.37;y=21.24;yaw=-1.10
38.7999999523,[debug],turtlebot5,simulation,robot-pose,x=-37.37;y=21.24;yaw=-1.10
53.5,[debug],turtlebot1,simulation,robot-pose,x=-33.85;y=18.78;yaw=2.84
53.5,[debug],turtlebot1,simulation,robot-pose,x=-33.85;y=18.78;yaw=2.84
53.7666666508,[debug],turtlebot4,simulation,robot-pose,x=-20.99;y=18.00;yaw=-1.54
53.7666666508,[debug],turtlebot4,simulation,robot-pose,x=-20.99;y=18.00;yaw=-1.54
53.7666666508,[debug],turtlebot2,simulation,robot-pose,x=-27.22;y=18.03;yaw=-1.58
53.7666666508,[debug],turtlebot2,simulation,robot-pose,x=-27.22;y=18.03;yaw=-1.58
53.7666666508,[debug],turtlebot3,simulation,robot-pose,x=-40.39;y=25.23;yaw=0.33
53.7666666508,[debug],turtlebot3,simulation,robot-pose,x=-40.39;y=25.23;yaw=0.33
53.7999999523,[debug],turtlebot5,simulation,robot-pose,x=-37.04;y=19.15;yaw=-1.59
53.7999999523,[debug],turtlebot5,simulation,robot-pose,x=-37.04;y=19.15;yaw=-1.59
62.2000000477,[info],turtlebot5,skill-life-cycle,navigation,(status=RUNNING, parameters=[[-37.0, 21.5, -1.5707963267948966, True], [-37.0, 16.0, 0.0, True], [-28.5, 16.0, 1.5707963267948966, True], [-28.5, 18.0, -1.57, False]])
68.5,[debug],turtlebot1,simulation,robot-pose,x=-33.85;y=18.78;yaw=2.85
68.5,[debug],turtlebot1,simulation,robot-pose,x=-33.85;y=18.78;yaw=2.85
68.7666666508,[debug],turtlebot3,simulation,robot-pose,x=-40.39;y=25.23;yaw=0.33
68.7666666508,[debug],turtlebot4,simulation,robot-pose,x=-20.99;y=18.00;yaw=-1.54
68.7666666508,[debug],turtlebot2,simulation,robot-pose,x=-27.22;y=18.03;yaw=-1.58
68.7666666508,[debug],turtlebot3,simulation,robot-pose,x=-40.39;y=25.23;yaw=0.33
68.7666666508,[debug],turtlebot4,simulation,robot-pose,x=-20.99;y=18.00;yaw=-1.54
68.7666666508,[debug],turtlebot2,simulation,robot-pose,x=-27.22;y=18.03;yaw=-1.58
68.7999999523,[debug],turtlebot5,simulation,robot-pose,x=-37.23;y=16.57;yaw=-1.85
68.7999999523,[debug],turtlebot5,simulation,robot-pose,x=-37.23;y=16.57;yaw=-1.85
74.6166667938,[debug],turtlebot5,move-base-info,Hooray, the base moved arrived,(x=-37;y=16)
74.6166667938,[debug],turtlebot5,move-base-info,Hooray, the base moved arrived,(x=-37;y=16)
74.7333333492,[debug],turtlebot5,task-update,navigation,way-point-reached,50.0%
83.5,[debug],turtlebot1,simulation,robot-pose,x=-33.85;y=18.78;yaw=2.87
83.5,[debug],turtlebot1,simulation,robot-pose,x=-33.85;y=18.78;yaw=2.87
83.7666666508,[debug],turtlebot3,simulation,robot-pose,x=-40.39;y=25.23;yaw=0.33
83.7666666508,[debug],turtlebot3,simulation,robot-pose,x=-40.39;y=25.23;yaw=0.33
83.7666666508,[debug],turtlebot4,simulation,robot-pose,x=-20.99;y=18.00;yaw=-1.54
83.7666666508,[debug],turtlebot4,simulation,robot-pose,x=-20.99;y=18.00;yaw=-1.54
83.7666666508,[debug],turtlebot2,simulation,robot-pose,x=-27.22;y=18.03;yaw=-1.58
83.7666666508,[debug],turtlebot2,simulation,robot-pose,x=-27.22;y=18.03;yaw=-1.58
83.7999999523,[debug],turtlebot5,simulation,robot-pose,x=-36.96;y=16.21;yaw=-0.69
83.7999999523,[debug],turtlebot5,simulation,robot-pose,x=-36.96;y=16.21;yaw=-0.69
98.5,[debug],turtlebot1,simulation,robot-pose,x=-33.85;y=18.78;yaw=2.89
98.5,[debug],turtlebot1,simulation,robot-pose,x=-33.85;y=18.78;yaw=2.89
98.7666666508,[debug],turtlebot2,simulation,robot-pose,x=-27.22;y=18.03;yaw=-1.58
98.7666666508,[debug],turtlebot4,simulation,robot-pose,x=-20.99;y=18.00;yaw=-1.54
98.7666666508,[debug],turtlebot2,simulation,robot-pose,x=-27.22;y=18.03;yaw=-1.58
98.7666666508,[debug],turtlebot3,simulation,robot-pose,x=-40.39;y=25.23;yaw=0.33
98.7666666508,[debug],turtlebot4,simulation,robot-pose,x=-20.99;y=18.00;yaw=-1.54
98.7666666508,[debug],turtlebot3,simulation,robot-pose,x=-40.39;y=25.23;yaw=0.33
98.7999999523,[debug],turtlebot5,simulation,robot-pose,x=-35.84;y=15.42;yaw=-0.22
98.7999999523,[debug],turtlebot5,simulation,robot-pose,x=-35.84;y=15.42;yaw=-0.22
113.049999952,[info],turtlebot5,skill-life-cycle,navigation,(status=RUNNING, parameters=[[-37.0, 21.5, -1.5707963267948966, True], [-37.0, 16.0, 0.0, True], [-28.5, 16.0, 1.5707963267948966, True], [-28.5, 18.0, -1.57, False]])
113.5,[debug],turtlebot1,simulation,robot-pose,x=-33.86;y=18.79;yaw=2.91
113.5,[debug],turtlebot1,simulation,robot-pose,x=-33.86;y=18.79;yaw=2.91
113.766666651,[debug],turtlebot3,simulation,robot-pose,x=-40.39;y=25.23;yaw=0.33
113.766666651,[debug],turtlebot2,simulation,robot-pose,x=-27.22;y=18.03;yaw=-1.58
113.766666651,[debug],turtlebot3,simulation,robot-pose,x=-40.39;y=25.23;yaw=0.33
113.766666651,[debug],turtlebot2,simulation,robot-pose,x=-27.22;y=18.03;yaw=-1.58
113.766666651,[debug],turtlebot4,simulation,robot-pose,x=-20.99;y=18.00;yaw=-1.54
113.766666651,[debug],turtlebot4,simulation,robot-pose,x=-20.99;y=18.00;yaw=-1.54
113.799999952,[debug],turtlebot5,simulation,robot-pose,x=-34.59;y=15.30;yaw=-0.00
113.799999952,[debug],turtlebot5,simulation,robot-pose,x=-34.59;y=15.30;yaw=-0.00
128.5,[debug],turtlebot1,simulation,robot-pose,x=-33.86;y=18.79;yaw=2.93
128.5,[debug],turtlebot1,simulation,robot-pose,x=-33.86;y=18.79;yaw=2.93
128.766666651,[debug],turtlebot3,simulation,robot-pose,x=-40.39;y=25.23;yaw=0.33
128.766666651,[debug],turtlebot4,simulation,robot-pose,x=-21.00;y=18.00;yaw=-1.54
128.766666651,[debug],turtlebot3,simulation,robot-pose,x=-40.39;y=25.23;yaw=0.33
128.766666651,[debug],turtlebot4,simulation,robot-pose,x=-21.00;y=18.00;yaw=-1.54
128.766666651,[debug],turtlebot2,simulation,robot-pose,x=-27.22;y=18.03;yaw=-1.58
128.766666651,[debug],turtlebot2,simulation,robot-pose,x=-27.22;y=18.03;yaw=-1.58
128.799999952,[debug],turtlebot5,simulation,robot-pose,x=-33.34;y=15.34;yaw=-0.04
128.799999952,[debug],turtlebot5,simulation,robot-pose,x=-33.34;y=15.34;yaw=-0.04
143.5,[debug],turtlebot1,simulation,robot-pose,x=-33.87;y=18.79;yaw=2.95
143.5,[debug],turtlebot1,simulation,robot-pose,x=-33.87;y=18.79;yaw=2.95
143.766666651,[debug],turtlebot2,simulation,robot-pose,x=-27.22;y=18.03;yaw=-1.58
143.766666651,[debug],turtlebot3,simulation,robot-pose,x=-40.39;y=25.23;yaw=0.33
143.766666651,[debug],turtlebot2,simulation,robot-pose,x=-27.22;y=18.03;yaw=-1.58
143.766666651,[debug],turtlebot3,simulation,robot-pose,x=-40.39;y=25.23;yaw=0.33
143.766666651,[debug],turtlebot4,simulation,robot-pose,x=-21.00;y=18.00;yaw=-1.54
143.766666651,[debug],turtlebot4,simulation,robot-pose,x=-21.00;y=18.00;yaw=-1.54
143.799999952,[debug],turtlebot5,simulation,robot-pose,x=-32.09;y=15.34;yaw=0.01
143.799999952,[debug],turtlebot5,simulation,robot-pose,x=-32.09;y=15.34;yaw=0.01
158.5,[debug],turtlebot1,simulation,robot-pose,x=-33.87;y=18.79;yaw=2.98
158.5,[debug],turtlebot1,simulation,robot-pose,x=-33.87;y=18.79;yaw=2.98
158.766666651,[debug],turtlebot2,simulation,robot-pose,x=-27.22;y=18.03;yaw=-1.57
158.766666651,[debug],turtlebot2,simulation,robot-pose,x=-27.22;y=18.03;yaw=-1.57
158.766666651,[debug],turtlebot3,simulation,robot-pose,x=-40.39;y=25.23;yaw=0.33
158.766666651,[debug],turtlebot3,simulation,robot-pose,x=-40.39;y=25.23;yaw=0.33
158.766666651,[debug],turtlebot4,simulation,robot-pose,x=-21.00;y=18.00;yaw=-1.54
158.766666651,[debug],turtlebot4,simulation,robot-pose,x=-21.00;y=18.00;yaw=-1.54
158.799999952,[debug],turtlebot5,simulation,robot-pose,x=-30.84;y=15.48;yaw=0.07
158.799999952,[debug],turtlebot5,simulation,robot-pose,x=-30.84;y=15.48;yaw=0.07
163.200000048,[info],turtlebot5,skill-life-cycle,navigation,(status=RUNNING, parameters=[[-37.0, 21.5, -1.5707963267948966, True], [-37.0, 16.0, 0.0, True], [-28.5, 16.0, 1.5707963267948966, True], [-28.5, 18.0, -1.57, False]])
173.5,[debug],turtlebot1,simulation,robot-pose,x=-33.88;y=18.79;yaw=3.00
173.5,[debug],turtlebot1,simulation,robot-pose,x=-33.88;y=18.79;yaw=3.00
173.766666651,[debug],turtlebot4,simulation,robot-pose,x=-21.00;y=18.00;yaw=-1.54
173.766666651,[debug],turtlebot4,simulation,robot-pose,x=-21.00;y=18.00;yaw=-1.54
173.766666651,[debug],turtlebot3,simulation,robot-pose,x=-40.39;y=25.23;yaw=0.33
173.766666651,[debug],turtlebot3,simulation,robot-pose,x=-40.39;y=25.23;yaw=0.33
173.766666651,[debug],turtlebot2,simulation,robot-pose,x=-27.22;y=18.03;yaw=-1.57
173.766666651,[debug],turtlebot2,simulation,robot-pose,x=-27.22;y=18.03;yaw=-1.57
173.799999952,[debug],turtlebot5,simulation,robot-pose,x=-29.60;y=15.64;yaw=0.34
173.799999952,[debug],turtlebot5,simulation,robot-pose,x=-29.60;y=15.64;yaw=0.34
185.200000048,[debug],turtlebot5,move-base-info,Hooray, the base moved arrived,(x=-28.5;y=16)
185.316666603,[debug],turtlebot5,move-base-info,Hooray, the base moved arrived,(x=-28.5;y=16)
185.416666746,[debug],turtlebot5,task-update,navigation,way-point-reached,75.0%
188.5,[debug],turtlebot1,simulation,robot-pose,x=-33.88;y=18.79;yaw=3.00
188.5,[debug],turtlebot1,simulation,robot-pose,x=-33.88;y=18.79;yaw=3.00
188.766666651,[debug],turtlebot4,simulation,robot-pose,x=-21.00;y=18.00;yaw=-1.54
188.766666651,[debug],turtlebot4,simulation,robot-pose,x=-21.00;y=18.00;yaw=-1.54
188.766666651,[debug],turtlebot2,simulation,robot-pose,x=-27.22;y=18.03;yaw=-1.57
188.766666651,[debug],turtlebot3,simulation,robot-pose,x=-40.39;y=25.23;yaw=0.33
188.766666651,[debug],turtlebot2,simulation,robot-pose,x=-27.22;y=18.03;yaw=-1.57
188.766666651,[debug],turtlebot3,simulation,robot-pose,x=-40.39;y=25.23;yaw=0.33
188.799999952,[debug],turtlebot5,simulation,robot-pose,x=-28.93;y=15.83;yaw=1.53
188.799999952,[debug],turtlebot5,simulation,robot-pose,x=-28.93;y=15.83;yaw=1.53
203.5,[debug],turtlebot1,simulation,robot-pose,x=-33.88;y=18.79;yaw=3.01
203.5,[debug],turtlebot1,simulation,robot-pose,x=-33.88;y=18.79;yaw=3.01
203.766666651,[debug],turtlebot4,simulation,robot-pose,x=-21.01;y=18.00;yaw=-1.54
203.766666651,[debug],turtlebot4,simulation,robot-pose,x=-21.01;y=18.00;yaw=-1.54
203.766666651,[debug],turtlebot3,simulation,robot-pose,x=-40.39;y=25.23;yaw=0.33
203.766666651,[debug],turtlebot3,simulation,robot-pose,x=-40.39;y=25.23;yaw=0.33
203.766666651,[debug],turtlebot2,simulation,robot-pose,x=-27.22;y=18.03;yaw=-1.57
203.766666651,[debug],turtlebot2,simulation,robot-pose,x=-27.22;y=18.03;yaw=-1.57
203.799999952,[debug],turtlebot5,simulation,robot-pose,x=-28.92;y=17.48;yaw=1.52
203.799999952,[debug],turtlebot5,simulation,robot-pose,x=-28.92;y=17.48;yaw=1.52
213.283333302,[debug],turtlebot5,move-base-info,Hooray, the base moved arrived,(x=-28.5;y=18)
213.283333302,[debug],turtlebot5,move-base-info,Hooray, the base moved arrived,(x=-28.5;y=18)
213.400000095,[info],turtlebot5,skill-life-cycle,navigation,(status=RUNNING, parameters=[[-37.0, 21.5, -1.5707963267948966, True], [-37.0, 16.0, 0.0, True], [-28.5, 16.0, 1.5707963267948966, True], [-28.5, 18.0, -1.57, False]])
213.483333349,[debug],turtlebot5,task-update,navigation,way-point-reached,100.0%
213.583333254,[debug],turtlebot5,available-skills,['send_message', 'wait_message', 'approach_person', 'approach_robot', 'authenticate_person', 'deposit', 'navigation', 'operate_drawer', 'pick_up'],
213.583333254,[info],turtlebot5,skill-life-cycle,approach_person,(status=STARTED, parameters=['nurse'])
213.650000095,[debug],turtlebot5,task-update,approach_person,localize-person,(who=nurse)
213.75,[debug],turtlebot5,task-update,approach_person,goto-person,(who=nurse)
213.833333254,[debug],turtlebot5,available-skills,['send_message', 'wait_message', 'approach_person', 'approach_robot', 'authenticate_person', 'deposit', 'navigation', 'operate_drawer', 'pick_up'],
213.833333254,[info],turtlebot5,skill-life-cycle,authenticate_person,(status=STARTED, parameters=['nurse'])
213.900000095,[debug],turtlebot5,task-update,authenticate_person,request-authentication,(to=nurse)
213.900000095,[info],nurse,sync,received-request,(status=sending-request)
213.900000095,[info],nurse,sync,received-request,(status=sending-request)
214.316666603,[debug],turtlebot5,task-update,authenticate_person,received-authentication,(from=nurse)
214.400000095,[debug],turtlebot5,available-skills,['send_message', 'wait_message', 'approach_person', 'approach_robot', 'authenticate_person', 'deposit', 'navigation', 'operate_drawer', 'pick_up'],
214.400000095,[info],turtlebot5,skill-life-cycle,operate_drawer,(status=STARTED, parameters=['open'])
214.466666698,[debug],turtlebot5,task-update,operate_drawer,open
215.416666746,[debug],turtlebot5,available-skills,['send_message', 'wait_message', 'approach_person', 'approach_robot', 'authenticate_person', 'deposit', 'navigation', 'operate_drawer', 'pick_up'],
215.416666746,[info],turtlebot5,skill-life-cycle,send_message,(status=STARTED, parameters=['nurse'])
215.5,[info],turtlebot5,sync,send-message,(to=nurse)
216.366666794,[info],nurse,sync,wait-message,(status=message-received)
216.366666794,[info],nurse,sync,wait-message,(status=message-received)
218.5,[debug],turtlebot1,simulation,robot-pose,x=-33.88;y=18.79;yaw=3.01
218.5,[debug],turtlebot1,simulation,robot-pose,x=-33.88;y=18.79;yaw=3.01
218.766666651,[debug],turtlebot2,simulation,robot-pose,x=-27.21;y=18.03;yaw=-1.57
218.766666651,[debug],turtlebot2,simulation,robot-pose,x=-27.21;y=18.03;yaw=-1.57
218.766666651,[debug],turtlebot3,simulation,robot-pose,x=-40.39;y=25.23;yaw=0.33
218.766666651,[debug],turtlebot3,simulation,robot-pose,x=-40.39;y=25.23;yaw=0.33
218.766666651,[debug],turtlebot4,simulation,robot-pose,x=-21.01;y=18.00;yaw=-1.54
218.766666651,[debug],turtlebot4,simulation,robot-pose,x=-21.01;y=18.00;yaw=-1.54
218.799999952,[debug],turtlebot5,simulation,robot-pose,x=-28.88;y=17.78;yaw=-1.52
218.799999952,[debug],turtlebot5,simulation,robot-pose,x=-28.88;y=17.78;yaw=-1.52
219.066666603,[debug],turtlebot5,available-skills,['send_message', 'wait_message', 'approach_person', 'approach_robot', 'authenticate_person', 'deposit', 'navigation', 'operate_drawer', 'pick_up'],
219.066666603,[info],turtlebot5,skill-life-cycle,wait_message,(status=STARTED, parameters=['r1'])
220.433333397,[info],turtlebot5,sync,wait-message,(status=message-received)
220.533333302,[debug],turtlebot5,available-skills,['send_message', 'wait_message', 'approach_person', 'approach_robot', 'authenticate_person', 'deposit', 'navigation', 'operate_drawer', 'pick_up'],
220.533333302,[info],turtlebot5,skill-life-cycle,operate_drawer,(status=STARTED, parameters=['close'])
220.599999905,[debug],turtlebot5,task-update,operate_drawer,close
221.566666603,[debug],turtlebot5,available-skills,['send_message', 'wait_message', 'approach_person', 'approach_robot', 'authenticate_person', 'deposit', 'navigation', 'operate_drawer', 'pick_up'],
221.566666603,[info],turtlebot5,skill-life-cycle,navigation,(status=STARTED, parameters=[[-28.5, 16.0, 0.0, True], [-26.0, 16.0, -1.5707963267948966, True], [-26.0, 13.0, 1.57, False]])
226.366666794,[info],nurse,sync,wait-message,(status=message-received)
226.366666794,[info],nurse,sync,wait-message,(status=message-received)
233.5,[debug],turtlebot1,simulation,robot-pose,x=-33.88;y=18.79;yaw=3.01
233.5,[debug],turtlebot1,simulation,robot-pose,x=-33.88;y=18.79;yaw=3.01
233.766666651,[debug],turtlebot4,simulation,robot-pose,x=-21.01;y=18.00;yaw=-1.54
233.766666651,[debug],turtlebot4,simulation,robot-pose,x=-21.01;y=18.00;yaw=-1.54
233.766666651,[debug],turtlebot2,simulation,robot-pose,x=-27.21;y=18.03;yaw=-1.57
233.766666651,[debug],turtlebot2,simulation,robot-pose,x=-27.21;y=18.03;yaw=-1.57
233.766666651,[debug],turtlebot3,simulation,robot-pose,x=-40.39;y=25.23;yaw=0.33
233.766666651,[debug],turtlebot3,simulation,robot-pose,x=-40.39;y=25.23;yaw=0.33
233.799999952,[debug],turtlebot5,simulation,robot-pose,x=-28.89;y=16.93;yaw=-1.21
233.799999952,[debug],turtlebot5,simulation,robot-pose,x=-28.89;y=16.93;yaw=-1.21
233.900000095,[info],nurse,sync,request-sent,(status=waiting)
233.900000095,[info],nurse,sync,request-sent,(status=waiting)
236.366666794,[info],nurse,sync,wait-message,(status=message-received)
236.366666794,[info],nurse,sync,wait-message,(status=message-received)
242.366666794,[debug],turtlebot5,move-base-info,Hooray, the base moved arrived,(x=-28.5;y=16)
242.366666794,[debug],turtlebot5,move-base-info,Hooray, the base moved arrived,(x=-28.5;y=16)
242.433333397,[debug],turtlebot5,task-update,navigation,way-point-reached,33.33333333333333%
246.366666794,[info],nurse,sync,wait-message,(status=message-received)
246.366666794,[info],nurse,sync,wait-message,(status=message-received)
248.5,[debug],turtlebot1,simulation,robot-pose,x=-33.88;y=18.79;yaw=3.01
248.5,[debug],turtlebot1,simulation,robot-pose,x=-33.88;y=18.79;yaw=3.01
248.766666651,[debug],turtlebot3,simulation,robot-pose,x=-40.39;y=25.23;yaw=0.33
248.766666651,[debug],turtlebot4,simulation,robot-pose,x=-21.02;y=18.00;yaw=-1.54
248.766666651,[debug],turtlebot3,simulation,robot-pose,x=-40.39;y=25.23;yaw=0.33
248.766666651,[debug],turtlebot4,simulation,robot-pose,x=-21.02;y=18.00;yaw=-1.54
248.766666651,[debug],turtlebot2,simulation,robot-pose,x=-27.21;y=18.03;yaw=-1.57
248.766666651,[debug],turtlebot2,simulation,robot-pose,x=-27.21;y=18.03;yaw=-1.57
248.799999952,[debug],turtlebot5,simulation,robot-pose,x=-28.71;y=16.37;yaw=-0.49
248.799999952,[debug],turtlebot5,simulation,robot-pose,x=-28.71;y=16.37;yaw=-0.49
263.5,[debug],turtlebot1,simulation,robot-pose,x=-33.88;y=18.79;yaw=3.01
263.5,[debug],turtlebot1,simulation,robot-pose,x=-33.88;y=18.79;yaw=3.01
263.766666651,[debug],turtlebot3,simulation,robot-pose,x=-40.39;y=25.23;yaw=0.33
263.766666651,[debug],turtlebot3,simulation,robot-pose,x=-40.39;y=25.23;yaw=0.33
263.766666651,[debug],turtlebot4,simulation,robot-pose,x=-21.02;y=18.00;yaw=-1.54
263.766666651,[debug],turtlebot4,simulation,robot-pose,x=-21.02;y=18.00;yaw=-1.54
263.766666651,[debug],turtlebot2,simulation,robot-pose,x=-27.21;y=18.03;yaw=-1.57
263.766666651,[debug],turtlebot2,simulation,robot-pose,x=-27.21;y=18.03;yaw=-1.57
263.799999952,[debug],turtlebot5,simulation,robot-pose,x=-27.52;y=15.84;yaw=-0.15
263.799999952,[debug],turtlebot5,simulation,robot-pose,x=-27.52;y=15.84;yaw=-0.15
264.466666698,[info],turtlebot5,skill-life-cycle,navigation,(status=RUNNING, parameters=[[-28.5, 16.0, 0.0, True], [-26.0, 16.0, -1.5707963267948966, True], [-26.0, 13.0, 1.57, False]])
278.5,[debug],turtlebot1,simulation,robot-pose,x=-33.88;y=18.79;yaw=3.01
278.5,[debug],turtlebot1,simulation,robot-pose,x=-33.88;y=18.79;yaw=3.01
278.766666651,[debug],turtlebot3,simulation,robot-pose,x=-40.39;y=25.23;yaw=0.33
278.766666651,[debug],turtlebot3,simulation,robot-pose,x=-40.39;y=25.23;yaw=0.33
278.766666651,[debug],turtlebot2,simulation,robot-pose,x=-27.21;y=18.03;yaw=-1.57
278.766666651,[debug],turtlebot2,simulation,robot-pose,x=-27.21;y=18.03;yaw=-1.57
278.766666651,[debug],turtlebot4,simulation,robot-pose,x=-21.03;y=18.00;yaw=-1.54
278.766666651,[debug],turtlebot4,simulation,robot-pose,x=-21.03;y=18.00;yaw=-1.54
278.799999952,[debug],turtlebot5,simulation,robot-pose,x=-26.47;y=15.93;yaw=-0.62
278.799999952,[debug],turtlebot5,simulation,robot-pose,x=-26.47;y=15.93;yaw=-0.62
281.549999952,[debug],turtlebot5,move-base-info,Hooray, the base moved arrived,(x=-26;y=16)
281.549999952,[debug],turtlebot5,move-base-info,Hooray, the base moved arrived,(x=-26;y=16)
281.666666746,[debug],turtlebot5,task-update,navigation,way-point-reached,66.66666666666666%
293.5,[debug],turtlebot1,simulation,robot-pose,x=-33.88;y=18.79;yaw=3.01
293.5,[debug],turtlebot1,simulation,robot-pose,x=-33.88;y=18.79;yaw=3.01
293.766666651,[debug],turtlebot4,simulation,robot-pose,x=-21.03;y=18.00;yaw=-1.54
293.766666651,[debug],turtlebot4,simulation,robot-pose,x=-21.03;y=18.00;yaw=-1.54
293.766666651,[debug],turtlebot2,simulation,robot-pose,x=-27.21;y=18.03;yaw=-1.57
293.766666651,[debug],turtlebot2,simulation,robot-pose,x=-27.21;y=18.03;yaw=-1.57
293.766666651,[debug],turtlebot3,simulation,robot-pose,x=-40.39;y=25.23;yaw=0.33
293.766666651,[debug],turtlebot3,simulation,robot-pose,x=-40.39;y=25.23;yaw=0.33
293.799999952,[debug],turtlebot5,simulation,robot-pose,x=-26.17;y=15.01;yaw=-1.39
293.799999952,[debug],turtlebot5,simulation,robot-pose,x=-26.17;y=15.01;yaw=-1.39
308.5,[debug],turtlebot1,simulation,robot-pose,x=-33.88;y=18.79;yaw=3.01
308.5,[debug],turtlebot1,simulation,robot-pose,x=-33.88;y=18.79;yaw=3.01
308.766666651,[debug],turtlebot2,simulation,robot-pose,x=-27.21;y=18.03;yaw=-1.57
308.766666651,[debug],turtlebot2,simulation,robot-pose,x=-27.21;y=18.03;yaw=-1.57
308.766666651,[debug],turtlebot4,simulation,robot-pose,x=-21.03;y=18.00;yaw=-1.54
308.766666651,[debug],turtlebot4,simulation,robot-pose,x=-21.03;y=18.00;yaw=-1.54
308.766666651,[debug],turtlebot3,simulation,robot-pose,x=-40.39;y=25.23;yaw=0.33
308.766666651,[debug],turtlebot3,simulation,robot-pose,x=-40.39;y=25.23;yaw=0.33
308.799999952,[debug],turtlebot5,simulation,robot-pose,x=-25.98;y=13.56;yaw=-2.02
308.799999952,[debug],turtlebot5,simulation,robot-pose,x=-25.98;y=13.56;yaw=-2.02
314.216666698,[info],turtlebot5,skill-life-cycle,navigation,(status=RUNNING, parameters=[[-28.5, 16.0, 0.0, True], [-26.0, 16.0, -1.5707963267948966, True], [-26.0, 13.0, 1.57, False]])
316.700000048,[debug],turtlebot5,move-base-info,Hooray, the base moved arrived,(x=-26;y=13)
316.700000048,[debug],turtlebot5,move-base-info,Hooray, the base moved arrived,(x=-26;y=13)
316.833333254,[debug],turtlebot5,task-update,navigation,way-point-reached,100.0%
316.916666746,[debug],turtlebot5,available-skills,['send_message', 'wait_message', 'approach_person', 'approach_robot', 'authenticate_person', 'deposit', 'navigation', 'operate_drawer', 'pick_up'],
316.916666746,[info],turtlebot5,skill-life-cycle,approach_robot,(status=STARTED, parameters=['lab_arm'])
317.016666651,[debug],turtlebot5,task-update,approach_robot,localize-robot,(who=lab_arm)
318.066666603,[debug],turtlebot5,task-update,approach_robot,goto-robot,(who=lab_arm)
318.166666746,[debug],turtlebot5,available-skills,['send_message', 'wait_message', 'approach_person', 'approach_robot', 'authenticate_person', 'deposit', 'navigation', 'operate_drawer', 'pick_up'],
318.166666746,[info],turtlebot5,skill-life-cycle,operate_drawer,(status=STARTED, parameters=['open'])
318.266666651,[debug],turtlebot5,task-update,operate_drawer,open
319.25,[debug],turtlebot5,available-skills,['send_message', 'wait_message', 'approach_person', 'approach_robot', 'authenticate_person', 'deposit', 'navigation', 'operate_drawer', 'pick_up'],
319.25,[info],turtlebot5,skill-life-cycle,send_message,(status=STARTED, parameters=['lab_arm'])
319.349999905,[info],turtlebot5,sync,send-message,(to=lab_arm)
320.233333349,[info],lab_arm,sync,wait-message,(status=message-received)
320.25,[info],Inventory,sync,wait-sample,(status=sample-received)
320.25,ENDSIM
320.283333302,[info],lab_arm,sync,wait-message,(status=message-received)
320.283333302,[info],Inventory,sync,wait-sample,(status=sample-received)
320.283333302,ENDSIM
323.5,[debug],turtlebot1,simulation,robot-pose,x=-33.88;y=18.79;yaw=3.01
323.533333302,[debug],turtlebot1,simulation,robot-pose,x=-33.88;y=18.79;yaw=3.01
323.766666651,[debug],turtlebot4,simulation,robot-pose,x=-21.03;y=18.00;yaw=-1.54
323.766666651,[debug],turtlebot2,simulation,robot-pose,x=-27.21;y=18.03;yaw=-1.56
323.766666651,[debug],turtlebot4,simulation,robot-pose,x=-21.03;y=18.00;yaw=-1.54
323.766666651,[debug],turtlebot2,simulation,robot-pose,x=-27.21;y=18.03;yaw=-1.56
323.766666651,[debug],turtlebot3,simulation,robot-pose,x=-40.39;y=25.23;yaw=0.33
323.766666651,[debug],turtlebot3,simulation,robot-pose,x=-40.39;y=25.23;yaw=0.33
323.799999952,[debug],turtlebot5,simulation,robot-pose,x=-26.04;y=13.40;yaw=1.62
323.799999952,[debug],turtlebot5,simulation,robot-pose,x=-26.04;y=13.40;yaw=1.62
330.233333349,[info],Inventory,sync,wait-sample,(status=sample-received)
330.233333349,ENDSIM
330.233333349,[info],lab_arm,sync,wait-message,(status=message-received)
330.233333349,[info],Inventory,sync,wait-sample,(status=sample-received)
330.233333349,ENDSIM
0.0,[debug],simulation closed,reach-target,execution-wall-clock=403.4064083099365
