0.0,0.0,[debug],logger,init,time
ROBOTS_CONFIG=[{"avg_speed": 0.15, "battery_charge": 0.34, "battery_discharge_rate": 0.00017, "id": 0, "local_plan": null, "location": "PC Room 7", "position": [-13.5, 18.0, -1.57], "skills": ["approach_person", "approach_robot", "authenticate_person", "deposit", "navigation", "pick_up"]}, {"avg_speed": 0.15, "battery_charge": 0.26, "battery_discharge_rate": 0.00018, "id": 1, "local_plan": null, "location": "IC Room 4", "position": [-39.44, 33.95, 0.0], "skills": ["approach_person", "approach_robot", "authenticate_person", "deposit", "navigation", "operate_drawer", "pick_up"]}, {"avg_speed": 0.15, "battery_charge": 0.45, "battery_discharge_rate": 0.00012000000000000002, "id": 2, "local_plan": null, "location": "IC Room 3", "position": [-40.23, 25.37, 0.0], "skills": ["approach_person", "approach_robot", "authenticate_person", "deposit", "navigation", "operate_drawer", "pick_up"]}, {"avg_speed": 0.15, "battery_charge": 0.43, "battery_discharge_rate": 0.00011, "id": 3, "local_plan": [["navigation", ["IC Room 2", [[-32.88, 33.98, 3.14], [-37.0, 33.98], [-37.0, 21.5], [-38.0, 21.5, 0.0]]]], ["approach_person", ["nurse"]], ["authenticate_person", ["nurse"]], ["operate_drawer", ["open"]], ["send_message", ["nurse"]], ["wait_message", ["r1"]], ["operate_drawer", ["close"]], ["navigation", ["Laboratory", [[-38.0, 21.5, 0.0], [-37.0, 21.5], [-37.0, 16.0], [-26.0, 16.0], [-26.0, 13.0, 1.57]]]], ["approach_robot", ["lab_arm"]], ["operate_drawer", ["open"]], ["send_message", ["lab_arm"]], ["wait_message", ["r1"]], ["operate_drawer", ["close"]]], "location": "IC Room 5", "position": [-32.88, 33.98, 3.14], "skills": ["approach_person", "approach_robot", "authenticate_person", "deposit", "navigation", "pick_up"]}, {"avg_speed": 0.15, "battery_charge": 0.16, "battery_discharge_rate": 0.00015000000000000001, "id": 4, "local_plan": null, "location": "PC Room 5", "position": [-21.0, 18.0, -1.57], "skills": ["approach_person", "approach_robot", "authenticate_person", "deposit", "navigation", "operate_drawer", "pick_up"]}]
NURSES_CONFIG=[{"location": "IC Room 2", "position": [-39.0, 20.5, 0.0]}]
logger,1626510129223918199,Simulation open
0.0166666507721,[debug],logger,init,subcribing to in the topic /log
1.8833334446,[debug],turtlebot5,move-base-info,Move_base is up and ok....,
2.21666669846,[debug],turtlebot2,move-base-info,Move_base is up and ok....,
2.25,[debug],turtlebot3,move-base-info,Move_base is up and ok....,
2.26666665077,[debug],turtlebot1,move-base-info,Move_base is up and ok....,
2.28333330154,[debug],turtlebot4,move-base-info,Move_base is up and ok....,
5.98333334923,[info],turtlebot3,skill-life-cycle,init_robobt,(status=RUNNING, parameters=[])
7.28333330154,[info],turtlebot5,skill-life-cycle,init_robobt,(status=RUNNING, parameters=[])
8.81666660309,[info],turtlebot4,skill-life-cycle,init_robobt,(status=RUNNING, parameters=[])
9.28333330154,[info],turtlebot2,skill-life-cycle,init_robobt,(status=RUNNING, parameters=[])
13.5999999046,[debug],turtlebot4,available-skills,['send_message', 'wait_message', 'approach_person', 'approach_robot', 'authenticate_person', 'deposit', 'navigation', 'pick_up'],
13.5999999046,[info],turtlebot4,skill-life-cycle,navigation,(status=STARTED, parameters=[[-37.0, 33.98, -1.5707963267948966, True], [-37.0, 21.5, 3.141592653589793, True], [-38.0, 21.5, 0.0, False]])
23.6833333969,[debug],turtlebot1,simulation,robot-pose,x=-13.50;y=18.00;yaw=-1.50
23.7833333015,[debug],turtlebot1,simulation,robot-pose,x=-13.50;y=18.00;yaw=-1.50
23.8333332539,[debug],turtlebot2,simulation,robot-pose,x=-39.51;y=33.84;yaw=0.46
23.8333332539,[debug],turtlebot2,simulation,robot-pose,x=-39.51;y=33.84;yaw=0.46
23.8499999046,[debug],turtlebot3,simulation,robot-pose,x=-40.39;y=25.23;yaw=0.34
23.8499999046,[debug],turtlebot3,simulation,robot-pose,x=-40.39;y=25.23;yaw=0.34
23.8666665554,[debug],turtlebot4,simulation,robot-pose,x=-33.33;y=33.98;yaw=2.98
23.8666665554,[debug],turtlebot4,simulation,robot-pose,x=-33.33;y=33.98;yaw=2.98
23.8833334446,[debug],turtlebot5,simulation,robot-pose,x=-20.99;y=18.00;yaw=-1.54
23.8833334446,[debug],turtlebot5,simulation,robot-pose,x=-20.99;y=18.00;yaw=-1.54
38.6833333969,[debug],turtlebot1,simulation,robot-pose,x=-13.49;y=18.00;yaw=-1.49
38.75,[debug],turtlebot1,simulation,robot-pose,x=-13.49;y=18.00;yaw=-1.49
38.8333332539,[debug],turtlebot2,simulation,robot-pose,x=-39.51;y=33.84;yaw=0.46
38.8333332539,[debug],turtlebot2,simulation,robot-pose,x=-39.51;y=33.84;yaw=0.46
38.8666665554,[debug],turtlebot3,simulation,robot-pose,x=-40.39;y=25.23;yaw=0.33
38.8666665554,[debug],turtlebot3,simulation,robot-pose,x=-40.39;y=25.23;yaw=0.33
38.8666665554,[debug],turtlebot4,simulation,robot-pose,x=-34.53;y=34.51;yaw=2.70
38.8666665554,[debug],turtlebot4,simulation,robot-pose,x=-34.53;y=34.51;yaw=2.70
38.8833334446,[debug],turtlebot5,simulation,robot-pose,x=-20.99;y=18.00;yaw=-1.54
38.8833334446,[debug],turtlebot5,simulation,robot-pose,x=-20.99;y=18.00;yaw=-1.54
53.6833333969,[debug],turtlebot1,simulation,robot-pose,x=-13.49;y=18.00;yaw=-1.48
53.7833333015,[debug],turtlebot1,simulation,robot-pose,x=-13.49;y=18.00;yaw=-1.48
53.8333332539,[debug],turtlebot2,simulation,robot-pose,x=-39.51;y=33.84;yaw=0.46
53.8333332539,[debug],turtlebot2,simulation,robot-pose,x=-39.51;y=33.84;yaw=0.46
53.8499999046,[debug],turtlebot3,simulation,robot-pose,x=-40.39;y=25.23;yaw=0.33
53.8499999046,[debug],turtlebot3,simulation,robot-pose,x=-40.39;y=25.23;yaw=0.33
53.8666665554,[debug],turtlebot4,simulation,robot-pose,x=-35.74;y=34.56;yaw=-2.74
53.8666665554,[debug],turtlebot4,simulation,robot-pose,x=-35.74;y=34.56;yaw=-2.74
53.8833334446,[debug],turtlebot5,simulation,robot-pose,x=-20.99;y=18.00;yaw=-1.54
53.8833334446,[debug],turtlebot5,simulation,robot-pose,x=-20.99;y=18.00;yaw=-1.54
59.1500000954,[info],turtlebot4,skill-life-cycle,navigation,(status=RUNNING, parameters=[[-37.0, 33.98, -1.5707963267948966, True], [-37.0, 21.5, 3.141592653589793, True], [-38.0, 21.5, 0.0, False]])
67.7666666508,[debug],turtlebot4,move-base-info,Hooray, the base moved arrived,(x=-37;y=33.98)
67.7833333015,[debug],turtlebot4,move-base-info,Hooray, the base moved arrived,(x=-37;y=33.98)
67.7999999523,[debug],turtlebot4,task-update,navigation,way-point-reached,33.33333333333333%
68.6833333969,[debug],turtlebot1,simulation,robot-pose,x=-13.49;y=18.00;yaw=-1.47
68.7833333015,[debug],turtlebot1,simulation,robot-pose,x=-13.49;y=18.00;yaw=-1.47
68.8333332539,[debug],turtlebot2,simulation,robot-pose,x=-39.51;y=33.84;yaw=0.46
68.8333332539,[debug],turtlebot2,simulation,robot-pose,x=-39.51;y=33.84;yaw=0.46
68.8499999046,[debug],turtlebot3,simulation,robot-pose,x=-40.39;y=25.23;yaw=0.33
68.8499999046,[debug],turtlebot3,simulation,robot-pose,x=-40.39;y=25.23;yaw=0.33
68.8666665554,[debug],turtlebot4,simulation,robot-pose,x=-36.60;y=34.23;yaw=-1.62
68.8666665554,[debug],turtlebot4,simulation,robot-pose,x=-36.60;y=34.23;yaw=-1.62
68.8833334446,[debug],turtlebot5,simulation,robot-pose,x=-20.99;y=18.00;yaw=-1.54
68.8833334446,[debug],turtlebot5,simulation,robot-pose,x=-20.99;y=18.00;yaw=-1.54
83.6833333969,[debug],turtlebot1,simulation,robot-pose,x=-13.49;y=17.99;yaw=-1.45
83.7833333015,[debug],turtlebot1,simulation,robot-pose,x=-13.49;y=17.99;yaw=-1.45
83.8333332539,[debug],turtlebot2,simulation,robot-pose,x=-39.51;y=33.84;yaw=0.46
83.8333332539,[debug],turtlebot2,simulation,robot-pose,x=-39.51;y=33.84;yaw=0.46
83.8666665554,[debug],turtlebot3,simulation,robot-pose,x=-40.39;y=25.23;yaw=0.33
83.8666665554,[debug],turtlebot3,simulation,robot-pose,x=-40.39;y=25.23;yaw=0.33
83.8666665554,[debug],turtlebot4,simulation,robot-pose,x=-36.62;y=32.39;yaw=-1.57
83.8666665554,[debug],turtlebot4,simulation,robot-pose,x=-36.62;y=32.39;yaw=-1.57
83.8833334446,[debug],turtlebot5,simulation,robot-pose,x=-20.99;y=18.00;yaw=-1.54
83.8833334446,[debug],turtlebot5,simulation,robot-pose,x=-20.99;y=18.00;yaw=-1.54
98.6833333969,[debug],turtlebot1,simulation,robot-pose,x=-13.49;y=17.99;yaw=-1.43
98.7666666508,[debug],turtlebot1,simulation,robot-pose,x=-13.49;y=17.99;yaw=-1.43
98.8333332539,[debug],turtlebot2,simulation,robot-pose,x=-39.51;y=33.84;yaw=0.46
98.8333332539,[debug],turtlebot2,simulation,robot-pose,x=-39.51;y=33.84;yaw=0.46
98.8499999046,[debug],turtlebot3,simulation,robot-pose,x=-40.39;y=25.23;yaw=0.33
98.8499999046,[debug],turtlebot3,simulation,robot-pose,x=-40.39;y=25.23;yaw=0.33
98.8666665554,[debug],turtlebot4,simulation,robot-pose,x=-36.60;y=29.87;yaw=-1.58
98.8666665554,[debug],turtlebot4,simulation,robot-pose,x=-36.60;y=29.87;yaw=-1.58
98.8833334446,[debug],turtlebot5,simulation,robot-pose,x=-20.99;y=18.00;yaw=-1.54
98.8833334446,[debug],turtlebot5,simulation,robot-pose,x=-20.99;y=18.00;yaw=-1.54
109.849999905,[info],turtlebot4,skill-life-cycle,navigation,(status=RUNNING, parameters=[[-37.0, 33.98, -1.5707963267948966, True], [-37.0, 21.5, 3.141592653589793, True], [-38.0, 21.5, 0.0, False]])
113.683333397,[debug],turtlebot1,simulation,robot-pose,x=-13.49;y=17.99;yaw=-1.42
113.783333302,[debug],turtlebot1,simulation,robot-pose,x=-13.49;y=17.99;yaw=-1.42
113.833333254,[debug],turtlebot2,simulation,robot-pose,x=-39.51;y=33.84;yaw=0.46
113.833333254,[debug],turtlebot2,simulation,robot-pose,x=-39.51;y=33.84;yaw=0.46
113.849999905,[debug],turtlebot3,simulation,robot-pose,x=-40.39;y=25.23;yaw=0.33
113.849999905,[debug],turtlebot3,simulation,robot-pose,x=-40.39;y=25.23;yaw=0.33
113.866666555,[debug],turtlebot4,simulation,robot-pose,x=-36.65;y=27.41;yaw=-1.60
113.866666555,[debug],turtlebot4,simulation,robot-pose,x=-36.65;y=27.41;yaw=-1.60
113.883333445,[debug],turtlebot5,simulation,robot-pose,x=-20.99;y=18.00;yaw=-1.54
113.883333445,[debug],turtlebot5,simulation,robot-pose,x=-20.99;y=18.00;yaw=-1.54
128.683333397,[debug],turtlebot1,simulation,robot-pose,x=-13.49;y=17.98;yaw=-1.40
128.766666651,[debug],turtlebot1,simulation,robot-pose,x=-13.49;y=17.98;yaw=-1.40
128.833333254,[debug],turtlebot2,simulation,robot-pose,x=-39.51;y=33.84;yaw=0.46
128.833333254,[debug],turtlebot2,simulation,robot-pose,x=-39.51;y=33.84;yaw=0.46
128.849999905,[debug],turtlebot3,simulation,robot-pose,x=-40.39;y=25.23;yaw=0.33
128.849999905,[debug],turtlebot3,simulation,robot-pose,x=-40.39;y=25.23;yaw=0.33
128.866666555,[debug],turtlebot4,simulation,robot-pose,x=-36.79;y=25.05;yaw=-1.63
128.866666555,[debug],turtlebot4,simulation,robot-pose,x=-36.79;y=25.05;yaw=-1.63
128.883333445,[debug],turtlebot5,simulation,robot-pose,x=-21.00;y=18.00;yaw=-1.54
128.883333445,[debug],turtlebot5,simulation,robot-pose,x=-21.00;y=18.00;yaw=-1.54
143.683333397,[debug],turtlebot1,simulation,robot-pose,x=-13.49;y=17.98;yaw=-1.38
143.783333302,[debug],turtlebot1,simulation,robot-pose,x=-13.49;y=17.98;yaw=-1.38
143.833333254,[debug],turtlebot2,simulation,robot-pose,x=-39.51;y=33.84;yaw=0.46
143.833333254,[debug],turtlebot2,simulation,robot-pose,x=-39.51;y=33.84;yaw=0.46
143.849999905,[debug],turtlebot3,simulation,robot-pose,x=-40.39;y=25.23;yaw=0.33
143.849999905,[debug],turtlebot3,simulation,robot-pose,x=-40.39;y=25.23;yaw=0.33
143.866666555,[debug],turtlebot4,simulation,robot-pose,x=-36.93;y=22.70;yaw=-1.63
143.866666555,[debug],turtlebot4,simulation,robot-pose,x=-36.93;y=22.70;yaw=-1.63
143.883333445,[debug],turtlebot5,simulation,robot-pose,x=-21.00;y=18.00;yaw=-1.54
143.883333445,[debug],turtlebot5,simulation,robot-pose,x=-21.00;y=18.00;yaw=-1.54
152.666666746,[debug],turtlebot4,move-base-info,Hooray, the base moved arrived,(x=-37;y=21.5)
152.783333302,[debug],turtlebot4,move-base-info,Hooray, the base moved arrived,(x=-37;y=21.5)
152.933333397,[debug],turtlebot4,task-update,navigation,way-point-reached,66.66666666666666%
158.683333397,[debug],turtlebot1,simulation,robot-pose,x=-13.48;y=17.98;yaw=-1.36
158.766666651,[debug],turtlebot1,simulation,robot-pose,x=-13.48;y=17.98;yaw=-1.36
158.833333254,[debug],turtlebot2,simulation,robot-pose,x=-39.50;y=33.84;yaw=0.46
158.833333254,[debug],turtlebot2,simulation,robot-pose,x=-39.50;y=33.84;yaw=0.46
158.849999905,[debug],turtlebot3,simulation,robot-pose,x=-40.39;y=25.23;yaw=0.33
158.849999905,[debug],turtlebot3,simulation,robot-pose,x=-40.39;y=25.23;yaw=0.33
158.866666555,[debug],turtlebot4,simulation,robot-pose,x=-37.03;y=21.94;yaw=-2.90
158.866666555,[debug],turtlebot4,simulation,robot-pose,x=-37.03;y=21.94;yaw=-2.90
158.883333445,[debug],turtlebot5,simulation,robot-pose,x=-21.00;y=18.00;yaw=-1.54
158.883333445,[debug],turtlebot5,simulation,robot-pose,x=-21.00;y=18.00;yaw=-1.54
160.716666698,[info],turtlebot4,skill-life-cycle,navigation,(status=RUNNING, parameters=[[-37.0, 33.98, -1.5707963267948966, True], [-37.0, 21.5, 3.141592653589793, True], [-38.0, 21.5, 0.0, False]])
172.733333349,[debug],turtlebot4,move-base-info,Hooray, the base moved arrived,(x=-38;y=21.5)
172.783333302,[debug],turtlebot4,move-base-info,Hooray, the base moved arrived,(x=-38;y=21.5)
172.950000048,[debug],turtlebot4,task-update,navigation,way-point-reached,100.0%
173.033333302,[debug],turtlebot4,available-skills,['send_message', 'wait_message', 'approach_person', 'approach_robot', 'authenticate_person', 'deposit', 'navigation', 'pick_up'],
173.033333302,[info],turtlebot4,skill-life-cycle,approach_person,(status=STARTED, parameters=['nurse'])
173.116666555,[debug],turtlebot4,task-update,approach_person,localize-person,(who=nurse)
173.416666746,[debug],turtlebot4,task-update,approach_person,goto-person,(who=nurse)
173.533333302,[debug],turtlebot4,available-skills,['send_message', 'wait_message', 'approach_person', 'approach_robot', 'authenticate_person', 'deposit', 'navigation', 'pick_up'],
173.533333302,[info],turtlebot4,skill-life-cycle,authenticate_person,(status=STARTED, parameters=['nurse'])
173.583333254,[debug],turtlebot4,task-update,authenticate_person,request-authentication,(to=nurse)
173.599999905,[info],nurse,sync,received-request,(status=sending-request)
173.599999905,[info],nurse,sync,received-request,(status=sending-request)
173.683333397,[debug],turtlebot1,simulation,robot-pose,x=-13.48;y=17.97;yaw=-1.34
173.783333302,[debug],turtlebot1,simulation,robot-pose,x=-13.48;y=17.97;yaw=-1.34
173.833333254,[debug],turtlebot2,simulation,robot-pose,x=-39.50;y=33.84;yaw=0.46
173.833333254,[debug],turtlebot2,simulation,robot-pose,x=-39.50;y=33.84;yaw=0.46
173.849999905,[debug],turtlebot3,simulation,robot-pose,x=-40.39;y=25.23;yaw=0.33
173.849999905,[debug],turtlebot3,simulation,robot-pose,x=-40.39;y=25.23;yaw=0.33
173.866666555,[debug],turtlebot4,simulation,robot-pose,x=-37.63;y=21.71;yaw=-0.04
173.866666555,[debug],turtlebot4,simulation,robot-pose,x=-37.63;y=21.71;yaw=-0.04
173.883333445,[debug],turtlebot5,simulation,robot-pose,x=-21.00;y=18.00;yaw=-1.54
173.883333445,[debug],turtlebot5,simulation,robot-pose,x=-21.00;y=18.00;yaw=-1.54
173.983333349,[debug],turtlebot4,task-update,authenticate_person,received-authentication,(from=nurse)
174.066666603,[debug],turtlebot4,available-skills,['send_message', 'wait_message', 'approach_person', 'approach_robot', 'authenticate_person', 'deposit', 'navigation', 'pick_up'],
174.066666603,[info],turtlebot4,skill-life-cycle,fail,(status=STARTED, parameters=['operate_drawer', 'open'])
176.099999905,[info],turtlebot4,skill-life-cycle,fail,(status=Status.FAILURE, parameters=['operate_drawer', 'open'])
176.099999905,FAILURE
176.200000048,[info],turtlebot4,skill-life-cycle,fail,(status=Status.FAILURE, parameters=['operate_drawer', 'open'])
176.200000048,FAILURE
176.283333302,[info],turtlebot4,skill-life-cycle,fail,(status=Status.FAILURE, parameters=['operate_drawer', 'open'])
176.283333302,FAILURE
176.366666555,[info],turtlebot4,skill-life-cycle,fail,(status=Status.FAILURE, parameters=['operate_drawer', 'open'])
176.366666555,FAILURE
176.450000048,[info],turtlebot4,skill-life-cycle,fail,(status=Status.FAILURE, parameters=['operate_drawer', 'open'])
176.450000048,FAILURE
176.549999952,[info],turtlebot4,skill-life-cycle,fail,(status=Status.FAILURE, parameters=['operate_drawer', 'open'])
176.549999952,FAILURE
176.616666555,[info],turtlebot4,skill-life-cycle,fail,(status=Status.FAILURE, parameters=['operate_drawer', 'open'])
176.616666555,FAILURE
176.683333397,[info],turtlebot4,skill-life-cycle,fail,(status=Status.FAILURE, parameters=['operate_drawer', 'open'])
176.683333397,FAILURE
176.75,[info],turtlebot4,skill-life-cycle,fail,(status=Status.FAILURE, parameters=['operate_drawer', 'open'])
176.75,FAILURE
176.816666603,[info],turtlebot4,skill-life-cycle,fail,(status=Status.FAILURE, parameters=['operate_drawer', 'open'])
176.816666603,FAILURE
176.900000095,[info],turtlebot4,skill-life-cycle,fail,(status=Status.FAILURE, parameters=['operate_drawer', 'open'])
176.900000095,FAILURE
176.983333349,[info],turtlebot4,skill-life-cycle,fail,(status=Status.FAILURE, parameters=['operate_drawer', 'open'])
176.983333349,FAILURE
177.033333302,[info],turtlebot4,skill-life-cycle,fail,(status=Status.FAILURE, parameters=['operate_drawer', 'open'])
177.033333302,FAILURE
0.0,[debug],simulation closed,failure-bt,execution-wall-clock=227.22761511802673
