6.78333330154,[debug],turtlebot3,move-base-info,Move_base is up and ok....,
6.79999995232,[debug],turtlebot4,move-base-info,Move_base is up and ok....,
7.31666660309,[debug],turtlebot2,move-base-info,Move_base is up and ok....,
7.3833334446,[debug],turtlebot1,move-base-info,Move_base is up and ok....,
12.9166667461,[info],turtlebot4,skill-life-cycle,init_robobt,(status=RUNNING, parameters=[])
13.6833333969,[info],turtlebot3,skill-life-cycle,init_robobt,(status=RUNNING, parameters=[])
13.7833333015,[info],turtlebot2,skill-life-cycle,init_robobt,(status=RUNNING, parameters=[])
13.9833333492,[info],turtlebot1,skill-life-cycle,init_robobt,(status=RUNNING, parameters=[])
19.0,[debug],turtlebot2,available-skills,['send_message', 'wait_message', 'approach_person', 'approach_robot', 'authenticate_person', 'deposit', 'navigation', 'operate_drawer', 'pick_up'],
19.0,[info],turtlebot2,skill-life-cycle,navigation,(status=STARTED, parameters=[[-28.5, 16.0, 3.141592653589793, True], [-37.0, 16.0, 1.5707963267948966, True], [-37.0, 18.93, 0.0, True], [-33.9, 18.93, 3.14, False]])
25.5666666031,[debug],turtlebot1,simulation,robot-pose,x=-11.46;y=17.82;yaw=-1.25
25.5666666031,[debug],turtlebot1,simulation,robot-pose,x=-11.46;y=17.82;yaw=-1.25
25.75,[debug],turtlebot2,simulation,robot-pose,x=-28.58;y=17.74;yaw=-1.25
25.75,[debug],turtlebot2,simulation,robot-pose,x=-28.58;y=17.74;yaw=-1.25
25.7666666508,[debug],turtlebot5,simulation,robot-pose,x=-32.89;y=33.97;yaw=-3.10
25.7666666508,[debug],turtlebot5,simulation,robot-pose,x=-32.89;y=33.97;yaw=-3.10
25.7666666508,[debug],turtlebot3,simulation,robot-pose,x=-27.23;y=18.02;yaw=-1.59
25.7666666508,[debug],turtlebot4,simulation,robot-pose,x=-40.39;y=25.23;yaw=0.34
25.7666666508,[debug],turtlebot3,simulation,robot-pose,x=-27.23;y=18.02;yaw=-1.59
25.7666666508,[debug],turtlebot4,simulation,robot-pose,x=-40.39;y=25.23;yaw=0.34
40.5666666031,[debug],turtlebot1,simulation,robot-pose,x=-11.46;y=17.82;yaw=-1.25
40.5666666031,[debug],turtlebot1,simulation,robot-pose,x=-11.46;y=17.82;yaw=-1.25
40.75,[debug],turtlebot2,simulation,robot-pose,x=-28.56;y=16.50;yaw=-1.44
40.75,[debug],turtlebot2,simulation,robot-pose,x=-28.56;y=16.50;yaw=-1.44
40.7666666508,[debug],turtlebot4,simulation,robot-pose,x=-40.39;y=25.23;yaw=0.33
40.7666666508,[debug],turtlebot4,simulation,robot-pose,x=-40.39;y=25.23;yaw=0.33
40.7666666508,[debug],turtlebot3,simulation,robot-pose,x=-27.22;y=18.03;yaw=-1.59
40.7666666508,[debug],turtlebot3,simulation,robot-pose,x=-27.22;y=18.03;yaw=-1.59
40.7666666508,[debug],turtlebot5,simulation,robot-pose,x=-32.89;y=33.97;yaw=-3.10
40.7666666508,[debug],turtlebot5,simulation,robot-pose,x=-32.89;y=33.97;yaw=-3.10
45.4333333969,[debug],turtlebot2,move-base-info,Hooray, the base moved arrived,(x=-28.5;y=16)
45.4333333969,[debug],turtlebot2,move-base-info,Hooray, the base moved arrived,(x=-28.5;y=16)
45.5166666508,[debug],turtlebot2,task-update,navigation,way-point-reached,25.0%
55.5666666031,[debug],turtlebot1,simulation,robot-pose,x=-11.46;y=17.82;yaw=-1.25
55.5666666031,[debug],turtlebot1,simulation,robot-pose,x=-11.46;y=17.82;yaw=-1.25
55.75,[debug],turtlebot2,simulation,robot-pose,x=-29.10;y=16.22;yaw=-2.59
55.75,[debug],turtlebot2,simulation,robot-pose,x=-29.10;y=16.22;yaw=-2.59
55.7666666508,[debug],turtlebot5,simulation,robot-pose,x=-32.89;y=33.97;yaw=-3.10
55.7666666508,[debug],turtlebot5,simulation,robot-pose,x=-32.89;y=33.97;yaw=-3.10
55.7666666508,[debug],turtlebot3,simulation,robot-pose,x=-27.22;y=18.03;yaw=-1.58
55.7666666508,[debug],turtlebot3,simulation,robot-pose,x=-27.22;y=18.03;yaw=-1.58
55.7666666508,[debug],turtlebot4,simulation,robot-pose,x=-40.39;y=25.23;yaw=0.33
55.7666666508,[debug],turtlebot4,simulation,robot-pose,x=-40.39;y=25.23;yaw=0.33
66.8166666031,[info],turtlebot2,skill-life-cycle,navigation,(status=RUNNING, parameters=[[-28.5, 16.0, 3.141592653589793, True], [-37.0, 16.0, 1.5707963267948966, True], [-37.0, 18.93, 0.0, True], [-33.9, 18.93, 3.14, False]])
70.5666666031,[debug],turtlebot1,simulation,robot-pose,x=-11.46;y=17.82;yaw=-1.25
70.5666666031,[debug],turtlebot1,simulation,robot-pose,x=-11.46;y=17.82;yaw=-1.25
70.75,[debug],turtlebot2,simulation,robot-pose,x=-31.41;y=16.06;yaw=-3.09
70.75,[debug],turtlebot2,simulation,robot-pose,x=-31.41;y=16.06;yaw=-3.09
70.7666666508,[debug],turtlebot5,simulation,robot-pose,x=-32.89;y=33.97;yaw=-3.10
70.7666666508,[debug],turtlebot3,simulation,robot-pose,x=-27.22;y=18.03;yaw=-1.58
70.7666666508,[debug],turtlebot5,simulation,robot-pose,x=-32.89;y=33.97;yaw=-3.10
70.7666666508,[debug],turtlebot4,simulation,robot-pose,x=-40.39;y=25.23;yaw=0.33
70.7666666508,[debug],turtlebot3,simulation,robot-pose,x=-27.22;y=18.03;yaw=-1.58
70.7666666508,[debug],turtlebot4,simulation,robot-pose,x=-40.39;y=25.23;yaw=0.33
85.5666666031,[debug],turtlebot1,simulation,robot-pose,x=-11.46;y=17.82;yaw=-1.25
85.5666666031,[debug],turtlebot1,simulation,robot-pose,x=-11.46;y=17.82;yaw=-1.25
85.75,[debug],turtlebot2,simulation,robot-pose,x=-33.50;y=15.71;yaw=3.11
85.75,[debug],turtlebot2,simulation,robot-pose,x=-33.50;y=15.71;yaw=3.11
85.7666666508,[debug],turtlebot4,simulation,robot-pose,x=-40.39;y=25.23;yaw=0.33
85.7666666508,[debug],turtlebot4,simulation,robot-pose,x=-40.39;y=25.23;yaw=0.33
85.7666666508,[debug],turtlebot5,simulation,robot-pose,x=-32.90;y=33.97;yaw=-3.10
85.7666666508,[debug],turtlebot5,simulation,robot-pose,x=-32.90;y=33.97;yaw=-3.10
85.7666666508,[debug],turtlebot3,simulation,robot-pose,x=-27.22;y=18.03;yaw=-1.58
85.7666666508,[debug],turtlebot3,simulation,robot-pose,x=-27.22;y=18.03;yaw=-1.58
100.566666603,[debug],turtlebot1,simulation,robot-pose,x=-11.46;y=17.82;yaw=-1.25
100.566666603,[debug],turtlebot1,simulation,robot-pose,x=-11.46;y=17.82;yaw=-1.25
100.75,[debug],turtlebot2,simulation,robot-pose,x=-36.61;y=16.45;yaw=-3.09
100.75,[debug],turtlebot2,simulation,robot-pose,x=-36.61;y=16.45;yaw=-3.09
100.766666651,[debug],turtlebot5,simulation,robot-pose,x=-32.90;y=33.97;yaw=-3.10
100.766666651,[debug],turtlebot4,simulation,robot-pose,x=-40.39;y=25.23;yaw=0.33
100.766666651,[debug],turtlebot5,simulation,robot-pose,x=-32.90;y=33.97;yaw=-3.10
100.766666651,[debug],turtlebot4,simulation,robot-pose,x=-40.39;y=25.23;yaw=0.33
100.766666651,[debug],turtlebot3,simulation,robot-pose,x=-27.22;y=18.03;yaw=-1.58
100.766666651,[debug],turtlebot3,simulation,robot-pose,x=-27.22;y=18.03;yaw=-1.58
106.816666603,[debug],turtlebot2,move-base-info,Hooray, the base moved arrived,(x=-37;y=16)
106.816666603,[debug],turtlebot2,move-base-info,Hooray, the base moved arrived,(x=-37;y=16)
106.983333349,[debug],turtlebot2,task-update,navigation,way-point-reached,50.0%
115.566666603,[debug],turtlebot1,simulation,robot-pose,x=-11.46;y=17.82;yaw=-1.25
115.566666603,[debug],turtlebot1,simulation,robot-pose,x=-11.46;y=17.82;yaw=-1.25
115.75,[debug],turtlebot2,simulation,robot-pose,x=-36.90;y=18.23;yaw=1.65
115.75,[debug],turtlebot2,simulation,robot-pose,x=-36.90;y=18.23;yaw=1.65
115.766666651,[debug],turtlebot5,simulation,robot-pose,x=-32.90;y=33.97;yaw=-3.09
115.766666651,[debug],turtlebot5,simulation,robot-pose,x=-32.90;y=33.97;yaw=-3.09
115.766666651,[debug],turtlebot3,simulation,robot-pose,x=-27.22;y=18.03;yaw=-1.58
115.766666651,[debug],turtlebot3,simulation,robot-pose,x=-27.22;y=18.03;yaw=-1.58
115.766666651,[debug],turtlebot4,simulation,robot-pose,x=-40.39;y=25.23;yaw=0.33
115.766666651,[debug],turtlebot4,simulation,robot-pose,x=-40.39;y=25.23;yaw=0.33
119.616666555,[info],turtlebot2,skill-life-cycle,navigation,(status=RUNNING, parameters=[[-28.5, 16.0, 3.141592653589793, True], [-37.0, 16.0, 1.5707963267948966, True], [-37.0, 18.93, 0.0, True], [-33.9, 18.93, 3.14, False]])
121.383333445,[debug],turtlebot2,move-base-info,Hooray, the base moved arrived,(x=-37;y=18.93)
121.383333445,[debug],turtlebot2,move-base-info,Hooray, the base moved arrived,(x=-37;y=18.93)
121.549999952,[debug],turtlebot2,task-update,navigation,way-point-reached,75.0%
130.566666603,[debug],turtlebot1,simulation,robot-pose,x=-11.46;y=17.82;yaw=-1.25
130.566666603,[debug],turtlebot1,simulation,robot-pose,x=-11.46;y=17.82;yaw=-1.25
130.75,[debug],turtlebot2,simulation,robot-pose,x=-36.45;y=18.35;yaw=-0.60
130.75,[debug],turtlebot2,simulation,robot-pose,x=-36.45;y=18.35;yaw=-0.60
130.766666651,[debug],turtlebot4,simulation,robot-pose,x=-40.39;y=25.23;yaw=0.33
130.766666651,[debug],turtlebot4,simulation,robot-pose,x=-40.39;y=25.23;yaw=0.33
130.766666651,[debug],turtlebot3,simulation,robot-pose,x=-27.22;y=18.03;yaw=-1.58
130.766666651,[debug],turtlebot3,simulation,robot-pose,x=-27.22;y=18.03;yaw=-1.58
130.766666651,[debug],turtlebot5,simulation,robot-pose,x=-32.90;y=33.97;yaw=-3.09
130.766666651,[debug],turtlebot5,simulation,robot-pose,x=-32.90;y=33.97;yaw=-3.09
145.566666603,[debug],turtlebot1,simulation,robot-pose,x=-11.46;y=17.82;yaw=-1.25
145.566666603,[debug],turtlebot1,simulation,robot-pose,x=-11.46;y=17.82;yaw=-1.25
145.75,[debug],turtlebot2,simulation,robot-pose,x=-35.44;y=17.94;yaw=-0.21
145.75,[debug],turtlebot2,simulation,robot-pose,x=-35.44;y=17.94;yaw=-0.21
145.766666651,[debug],turtlebot5,simulation,robot-pose,x=-32.90;y=33.97;yaw=-3.09
145.766666651,[debug],turtlebot5,simulation,robot-pose,x=-32.90;y=33.97;yaw=-3.09
145.766666651,[debug],turtlebot3,simulation,robot-pose,x=-27.22;y=18.03;yaw=-1.57
145.766666651,[debug],turtlebot3,simulation,robot-pose,x=-27.22;y=18.03;yaw=-1.57
145.766666651,[debug],turtlebot4,simulation,robot-pose,x=-40.39;y=25.23;yaw=0.33
145.766666651,[debug],turtlebot4,simulation,robot-pose,x=-40.39;y=25.23;yaw=0.33
158.833333254,[debug],turtlebot2,move-base-info,Hooray, the base moved arrived,(x=-33.9;y=18.93)
158.833333254,[debug],turtlebot2,move-base-info,Hooray, the base moved arrived,(x=-33.9;y=18.93)
159.099999905,[debug],turtlebot2,task-update,navigation,way-point-reached,100.0%
159.183333397,[debug],turtlebot2,available-skills,['send_message', 'wait_message', 'approach_person', 'approach_robot', 'authenticate_person', 'deposit', 'navigation', 'operate_drawer', 'pick_up'],
159.183333397,[info],turtlebot2,skill-life-cycle,approach_person,(status=STARTED, parameters=['nurse'])
159.266666651,[debug],turtlebot2,task-update,approach_person,localize-person,(who=nurse)
159.383333445,[debug],turtlebot2,task-update,approach_person,goto-person,(who=nurse)
159.483333349,[debug],turtlebot2,available-skills,['send_message', 'wait_message', 'approach_person', 'approach_robot', 'authenticate_person', 'deposit', 'navigation', 'operate_drawer', 'pick_up'],
159.483333349,[info],turtlebot2,skill-life-cycle,authenticate_person,(status=STARTED, parameters=['nurse'])
159.549999952,[debug],turtlebot2,task-update,authenticate_person,request-authentication,(to=nurse)
159.549999952,[info],nurse,sync,received-request,(status=sending-request)
159.549999952,[info],nurse,sync,received-request,(status=sending-request)
160.0,[debug],turtlebot2,task-update,authenticate_person,received-authentication,(from=nurse)
160.083333254,[debug],turtlebot2,available-skills,['send_message', 'wait_message', 'approach_person', 'approach_robot', 'authenticate_person', 'deposit', 'navigation', 'operate_drawer', 'pick_up'],
160.083333254,[info],turtlebot2,skill-life-cycle,operate_drawer,(status=STARTED, parameters=['open'])
160.183333397,[debug],turtlebot2,task-update,operate_drawer,open
160.566666603,[debug],turtlebot1,simulation,robot-pose,x=-11.46;y=17.82;yaw=-1.25
160.566666603,[debug],turtlebot1,simulation,robot-pose,x=-11.46;y=17.82;yaw=-1.25
160.75,[debug],turtlebot2,simulation,robot-pose,x=-34.11;y=18.56;yaw=3.09
160.75,[debug],turtlebot2,simulation,robot-pose,x=-34.11;y=18.56;yaw=3.09
160.766666651,[debug],turtlebot3,simulation,robot-pose,x=-27.22;y=18.03;yaw=-1.57
160.766666651,[debug],turtlebot3,simulation,robot-pose,x=-27.22;y=18.03;yaw=-1.57
160.766666651,[debug],turtlebot4,simulation,robot-pose,x=-40.39;y=25.23;yaw=0.33
160.766666651,[debug],turtlebot5,simulation,robot-pose,x=-32.90;y=33.97;yaw=-3.09
160.766666651,[debug],turtlebot4,simulation,robot-pose,x=-40.39;y=25.23;yaw=0.33
160.766666651,[debug],turtlebot5,simulation,robot-pose,x=-32.90;y=33.97;yaw=-3.09
161.216666698,[debug],turtlebot2,available-skills,['send_message', 'wait_message', 'approach_person', 'approach_robot', 'authenticate_person', 'deposit', 'navigation', 'operate_drawer', 'pick_up'],
161.216666698,[info],turtlebot2,skill-life-cycle,send_message,(status=STARTED, parameters=['nurse'])
161.266666651,[info],turtlebot2,sync,send-message,(to=nurse)
162.200000048,[info],nurse,sync,wait-message,(status=message-received)
162.200000048,[info],nurse,sync,wait-message,(status=message-received)
165.099999905,[debug],turtlebot2,available-skills,['send_message', 'wait_message', 'approach_person', 'approach_robot', 'authenticate_person', 'deposit', 'navigation', 'operate_drawer', 'pick_up'],
165.099999905,[info],turtlebot2,skill-life-cycle,wait_message,(status=STARTED, parameters=['r1'])
172.200000048,[info],nurse,sync,wait-message,(status=message-received)
172.216666698,[info],nurse,sync,wait-message,(status=message-received)
174.433333397,[info],turtlebot2,skill-life-cycle,wait_message,(status=RUNNING, parameters=['r1'])
175.566666603,[debug],turtlebot1,simulation,robot-pose,x=-11.46;y=17.82;yaw=-1.25
175.566666603,[debug],turtlebot1,simulation,robot-pose,x=-11.46;y=17.82;yaw=-1.25
175.75,[debug],turtlebot2,simulation,robot-pose,x=-34.11;y=18.56;yaw=3.09
175.75,[debug],turtlebot2,simulation,robot-pose,x=-34.11;y=18.56;yaw=3.09
175.766666651,[debug],turtlebot5,simulation,robot-pose,x=-32.90;y=33.97;yaw=-3.09
175.766666651,[debug],turtlebot5,simulation,robot-pose,x=-32.90;y=33.97;yaw=-3.09
175.766666651,[debug],turtlebot3,simulation,robot-pose,x=-27.22;y=18.03;yaw=-1.57
175.766666651,[debug],turtlebot3,simulation,robot-pose,x=-27.22;y=18.03;yaw=-1.57
175.766666651,[debug],turtlebot4,simulation,robot-pose,x=-40.39;y=25.23;yaw=0.33
175.766666651,[debug],turtlebot4,simulation,robot-pose,x=-40.39;y=25.23;yaw=0.33
179.549999952,[info],nurse,sync,request-sent,(status=waiting)
179.549999952,[info],nurse,sync,request-sent,(status=waiting)
182.200000048,[info],nurse,sync,wait-message,(status=message-received)
182.216666698,[info],nurse,sync,wait-message,(status=message-received)
190.566666603,[debug],turtlebot1,simulation,robot-pose,x=-11.46;y=17.82;yaw=-1.25
190.566666603,[debug],turtlebot1,simulation,robot-pose,x=-11.46;y=17.82;yaw=-1.25
190.75,[debug],turtlebot2,simulation,robot-pose,x=-34.11;y=18.56;yaw=3.09
190.75,[debug],turtlebot2,simulation,robot-pose,x=-34.11;y=18.56;yaw=3.09
190.766666651,[debug],turtlebot5,simulation,robot-pose,x=-32.90;y=33.97;yaw=-3.09
190.766666651,[debug],turtlebot5,simulation,robot-pose,x=-32.90;y=33.97;yaw=-3.09
190.766666651,[debug],turtlebot4,simulation,robot-pose,x=-40.39;y=25.23;yaw=0.33
190.766666651,[debug],turtlebot3,simulation,robot-pose,x=-27.22;y=18.03;yaw=-1.57
190.766666651,[debug],turtlebot4,simulation,robot-pose,x=-40.39;y=25.23;yaw=0.33
190.766666651,[debug],turtlebot3,simulation,robot-pose,x=-27.22;y=18.03;yaw=-1.57
192.200000048,[info],nurse,sync,wait-message,(status=message-received)
192.233333349,[info],nurse,sync,wait-message,(status=message-received)
205.566666603,[debug],turtlebot1,simulation,robot-pose,x=-11.46;y=17.82;yaw=-1.25
205.566666603,[debug],turtlebot1,simulation,robot-pose,x=-11.46;y=17.82;yaw=-1.25
205.75,[debug],turtlebot2,simulation,robot-pose,x=-34.11;y=18.56;yaw=3.09
205.75,[debug],turtlebot2,simulation,robot-pose,x=-34.11;y=18.56;yaw=3.09
205.766666651,[debug],turtlebot3,simulation,robot-pose,x=-27.22;y=18.03;yaw=-1.57
205.766666651,[debug],turtlebot5,simulation,robot-pose,x=-32.91;y=33.97;yaw=-3.09
205.766666651,[debug],turtlebot3,simulation,robot-pose,x=-27.22;y=18.03;yaw=-1.57
205.766666651,[debug],turtlebot5,simulation,robot-pose,x=-32.91;y=33.97;yaw=-3.09
205.766666651,[debug],turtlebot4,simulation,robot-pose,x=-40.39;y=25.23;yaw=0.33
205.766666651,[debug],turtlebot4,simulation,robot-pose,x=-40.39;y=25.23;yaw=0.33
220.566666603,[debug],turtlebot1,simulation,robot-pose,x=-11.46;y=17.82;yaw=-1.25
220.566666603,[debug],turtlebot1,simulation,robot-pose,x=-11.46;y=17.82;yaw=-1.25
220.75,[debug],turtlebot2,simulation,robot-pose,x=-34.11;y=18.56;yaw=3.09
220.75,[debug],turtlebot2,simulation,robot-pose,x=-34.11;y=18.56;yaw=3.09
220.766666651,[debug],turtlebot4,simulation,robot-pose,x=-40.39;y=25.23;yaw=0.33
220.766666651,[debug],turtlebot4,simulation,robot-pose,x=-40.39;y=25.23;yaw=0.33
220.766666651,[debug],turtlebot3,simulation,robot-pose,x=-27.21;y=18.03;yaw=-1.57
220.766666651,[debug],turtlebot3,simulation,robot-pose,x=-27.21;y=18.03;yaw=-1.57
220.766666651,[debug],turtlebot5,simulation,robot-pose,x=-32.91;y=33.97;yaw=-3.08
220.766666651,[debug],turtlebot5,simulation,robot-pose,x=-32.91;y=33.97;yaw=-3.08
230.849999905,[info],turtlebot2,skill-life-cycle,wait_message,(status=RUNNING, parameters=['r1'])
235.566666603,[debug],turtlebot1,simulation,robot-pose,x=-11.46;y=17.82;yaw=-1.25
235.566666603,[debug],turtlebot1,simulation,robot-pose,x=-11.46;y=17.82;yaw=-1.25
235.75,[debug],turtlebot2,simulation,robot-pose,x=-34.11;y=18.56;yaw=3.09
235.75,[debug],turtlebot2,simulation,robot-pose,x=-34.11;y=18.56;yaw=3.09
235.766666651,[debug],turtlebot4,simulation,robot-pose,x=-40.39;y=25.23;yaw=0.33
235.766666651,[debug],turtlebot4,simulation,robot-pose,x=-40.39;y=25.23;yaw=0.33
235.766666651,[debug],turtlebot3,simulation,robot-pose,x=-27.21;y=18.03;yaw=-1.57
235.766666651,[debug],turtlebot3,simulation,robot-pose,x=-27.21;y=18.03;yaw=-1.57
235.766666651,[debug],turtlebot5,simulation,robot-pose,x=-32.91;y=33.97;yaw=-3.07
235.766666651,[debug],turtlebot5,simulation,robot-pose,x=-32.91;y=33.97;yaw=-3.07
250.566666603,[debug],turtlebot1,simulation,robot-pose,x=-11.46;y=17.82;yaw=-1.25
250.566666603,[debug],turtlebot1,simulation,robot-pose,x=-11.46;y=17.82;yaw=-1.25
250.75,[debug],turtlebot2,simulation,robot-pose,x=-34.11;y=18.56;yaw=3.10
250.75,[debug],turtlebot2,simulation,robot-pose,x=-34.11;y=18.56;yaw=3.10
250.766666651,[debug],turtlebot3,simulation,robot-pose,x=-27.21;y=18.03;yaw=-1.57
250.766666651,[debug],turtlebot3,simulation,robot-pose,x=-27.21;y=18.03;yaw=-1.57
250.766666651,[debug],turtlebot4,simulation,robot-pose,x=-40.39;y=25.23;yaw=0.33
250.766666651,[debug],turtlebot5,simulation,robot-pose,x=-32.91;y=33.97;yaw=-3.06
250.766666651,[debug],turtlebot4,simulation,robot-pose,x=-40.39;y=25.23;yaw=0.33
250.766666651,[debug],turtlebot5,simulation,robot-pose,x=-32.91;y=33.97;yaw=-3.06
265.566666603,[debug],turtlebot1,simulation,robot-pose,x=-11.46;y=17.82;yaw=-1.25
265.566666603,[debug],turtlebot1,simulation,robot-pose,x=-11.46;y=17.82;yaw=-1.25
265.75,[debug],turtlebot2,simulation,robot-pose,x=-34.12;y=18.56;yaw=3.10
265.75,[debug],turtlebot2,simulation,robot-pose,x=-34.12;y=18.56;yaw=3.10
265.766666651,[debug],turtlebot3,simulation,robot-pose,x=-27.21;y=18.03;yaw=-1.57
265.766666651,[debug],turtlebot3,simulation,robot-pose,x=-27.21;y=18.03;yaw=-1.57
265.766666651,[debug],turtlebot5,simulation,robot-pose,x=-32.91;y=33.97;yaw=-3.06
265.766666651,[debug],turtlebot4,simulation,robot-pose,x=-40.39;y=25.23;yaw=0.33
265.766666651,[debug],turtlebot5,simulation,robot-pose,x=-32.91;y=33.97;yaw=-3.06
265.766666651,[debug],turtlebot4,simulation,robot-pose,x=-40.39;y=25.23;yaw=0.33
280.566666603,[debug],turtlebot1,simulation,robot-pose,x=-11.46;y=17.82;yaw=-1.25
280.566666603,[debug],turtlebot1,simulation,robot-pose,x=-11.46;y=17.82;yaw=-1.25
280.75,[debug],turtlebot2,simulation,robot-pose,x=-34.12;y=18.56;yaw=3.11
280.75,[debug],turtlebot2,simulation,robot-pose,x=-34.12;y=18.56;yaw=3.11
280.766666651,[debug],turtlebot3,simulation,robot-pose,x=-27.21;y=18.03;yaw=-1.57
280.766666651,[debug],turtlebot4,simulation,robot-pose,x=-40.39;y=25.23;yaw=0.33
280.766666651,[debug],turtlebot3,simulation,robot-pose,x=-27.21;y=18.03;yaw=-1.57
280.766666651,[debug],turtlebot5,simulation,robot-pose,x=-32.92;y=33.98;yaw=-3.05
280.766666651,[debug],turtlebot4,simulation,robot-pose,x=-40.39;y=25.23;yaw=0.33
280.766666651,[debug],turtlebot5,simulation,robot-pose,x=-32.92;y=33.98;yaw=-3.05
287.349999905,[info],turtlebot2,skill-life-cycle,wait_message,(status=RUNNING, parameters=['r1'])
295.566666603,[debug],turtlebot1,simulation,robot-pose,x=-11.46;y=17.82;yaw=-1.25
295.566666603,[debug],turtlebot1,simulation,robot-pose,x=-11.46;y=17.82;yaw=-1.25
295.75,[debug],turtlebot2,simulation,robot-pose,x=-34.12;y=18.56;yaw=3.11
295.75,[debug],turtlebot2,simulation,robot-pose,x=-34.12;y=18.56;yaw=3.11
295.766666651,[debug],turtlebot4,simulation,robot-pose,x=-40.39;y=25.23;yaw=0.33
295.766666651,[debug],turtlebot4,simulation,robot-pose,x=-40.39;y=25.23;yaw=0.33
295.766666651,[debug],turtlebot3,simulation,robot-pose,x=-27.21;y=18.03;yaw=-1.57
295.766666651,[debug],turtlebot3,simulation,robot-pose,x=-27.21;y=18.03;yaw=-1.57
295.766666651,[debug],turtlebot5,simulation,robot-pose,x=-32.92;y=33.98;yaw=-3.05
295.766666651,[debug],turtlebot5,simulation,robot-pose,x=-32.92;y=33.98;yaw=-3.05
310.566666603,[debug],turtlebot1,simulation,robot-pose,x=-11.47;y=17.82;yaw=-1.25
310.566666603,[debug],turtlebot1,simulation,robot-pose,x=-11.47;y=17.82;yaw=-1.25
310.75,[debug],turtlebot2,simulation,robot-pose,x=-34.12;y=18.56;yaw=3.12
310.75,[debug],turtlebot2,simulation,robot-pose,x=-34.12;y=18.56;yaw=3.12
310.766666651,[debug],turtlebot5,simulation,robot-pose,x=-32.92;y=33.98;yaw=-3.06
310.766666651,[debug],turtlebot5,simulation,robot-pose,x=-32.92;y=33.98;yaw=-3.06
310.766666651,[debug],turtlebot4,simulation,robot-pose,x=-40.39;y=25.23;yaw=0.33
310.766666651,[debug],turtlebot4,simulation,robot-pose,x=-40.39;y=25.23;yaw=0.33
310.766666651,[debug],turtlebot3,simulation,robot-pose,x=-27.21;y=18.03;yaw=-1.57
310.766666651,[debug],turtlebot3,simulation,robot-pose,x=-27.21;y=18.03;yaw=-1.57
325.566666603,[debug],turtlebot1,simulation,robot-pose,x=-11.47;y=17.82;yaw=-1.25
325.566666603,[debug],turtlebot1,simulation,robot-pose,x=-11.47;y=17.82;yaw=-1.25
325.75,[debug],turtlebot2,simulation,robot-pose,x=-34.13;y=18.56;yaw=3.12
325.75,[debug],turtlebot2,simulation,robot-pose,x=-34.13;y=18.56;yaw=3.12
325.766666651,[debug],turtlebot4,simulation,robot-pose,x=-40.39;y=25.23;yaw=0.33
325.766666651,[debug],turtlebot4,simulation,robot-pose,x=-40.39;y=25.23;yaw=0.33
325.766666651,[debug],turtlebot3,simulation,robot-pose,x=-27.21;y=18.03;yaw=-1.55
325.766666651,[debug],turtlebot3,simulation,robot-pose,x=-27.21;y=18.03;yaw=-1.55
325.766666651,[debug],turtlebot5,simulation,robot-pose,x=-32.92;y=33.98;yaw=-3.06
325.766666651,[debug],turtlebot5,simulation,robot-pose,x=-32.92;y=33.98;yaw=-3.06
340.566666603,[debug],turtlebot1,simulation,robot-pose,x=-11.47;y=17.82;yaw=-1.25
340.566666603,[debug],turtlebot1,simulation,robot-pose,x=-11.47;y=17.82;yaw=-1.25
340.75,[debug],turtlebot2,simulation,robot-pose,x=-34.13;y=18.56;yaw=3.13
340.75,[debug],turtlebot2,simulation,robot-pose,x=-34.13;y=18.56;yaw=3.13
340.766666651,[debug],turtlebot3,simulation,robot-pose,x=-27.21;y=18.02;yaw=-1.54
340.766666651,[debug],turtlebot4,simulation,robot-pose,x=-40.39;y=25.23;yaw=0.33
340.766666651,[debug],turtlebot5,simulation,robot-pose,x=-32.93;y=33.98;yaw=-3.06
340.766666651,[debug],turtlebot3,simulation,robot-pose,x=-27.21;y=18.02;yaw=-1.54
340.766666651,[debug],turtlebot4,simulation,robot-pose,x=-40.39;y=25.23;yaw=0.33
340.766666651,[debug],turtlebot5,simulation,robot-pose,x=-32.93;y=33.98;yaw=-3.06
343.883333445,[info],turtlebot2,skill-life-cycle,wait_message,(status=RUNNING, parameters=['r1'])
355.566666603,[debug],turtlebot1,simulation,robot-pose,x=-11.47;y=17.82;yaw=-1.25
355.566666603,[debug],turtlebot1,simulation,robot-pose,x=-11.47;y=17.82;yaw=-1.25
355.75,[debug],turtlebot2,simulation,robot-pose,x=-34.13;y=18.56;yaw=3.14
355.75,[debug],turtlebot2,simulation,robot-pose,x=-34.13;y=18.56;yaw=3.14
355.766666651,[debug],turtlebot3,simulation,robot-pose,x=-27.21;y=18.01;yaw=-1.54
355.766666651,[debug],turtlebot3,simulation,robot-pose,x=-27.21;y=18.01;yaw=-1.54
355.766666651,[debug],turtlebot5,simulation,robot-pose,x=-32.93;y=33.98;yaw=-3.06
355.766666651,[debug],turtlebot5,simulation,robot-pose,x=-32.93;y=33.98;yaw=-3.06
355.766666651,[debug],turtlebot4,simulation,robot-pose,x=-40.39;y=25.23;yaw=0.33
355.766666651,[debug],turtlebot4,simulation,robot-pose,x=-40.39;y=25.23;yaw=0.33
370.566666603,[debug],turtlebot1,simulation,robot-pose,x=-11.47;y=17.82;yaw=-1.25
370.566666603,[debug],turtlebot1,simulation,robot-pose,x=-11.47;y=17.82;yaw=-1.25
370.75,[debug],turtlebot2,simulation,robot-pose,x=-34.13;y=18.56;yaw=3.14
370.75,[debug],turtlebot2,simulation,robot-pose,x=-34.13;y=18.56;yaw=3.14
370.766666651,[debug],turtlebot3,simulation,robot-pose,x=-27.21;y=17.99;yaw=-1.54
370.766666651,[debug],turtlebot3,simulation,robot-pose,x=-27.21;y=17.99;yaw=-1.54
370.766666651,[debug],turtlebot5,simulation,robot-pose,x=-32.93;y=33.98;yaw=-3.06
370.766666651,[debug],turtlebot5,simulation,robot-pose,x=-32.93;y=33.98;yaw=-3.06
370.766666651,[debug],turtlebot4,simulation,robot-pose,x=-40.39;y=25.23;yaw=0.33
370.766666651,[debug],turtlebot4,simulation,robot-pose,x=-40.39;y=25.23;yaw=0.33
385.566666603,[debug],turtlebot1,simulation,robot-pose,x=-11.47;y=17.82;yaw=-1.25
385.566666603,[debug],turtlebot1,simulation,robot-pose,x=-11.47;y=17.82;yaw=-1.25
385.75,[debug],turtlebot2,simulation,robot-pose,x=-34.13;y=18.56;yaw=3.14
385.75,[debug],turtlebot2,simulation,robot-pose,x=-34.13;y=18.56;yaw=3.14
385.766666651,[debug],turtlebot5,simulation,robot-pose,x=-32.93;y=33.98;yaw=-3.06
385.766666651,[debug],turtlebot5,simulation,robot-pose,x=-32.93;y=33.98;yaw=-3.06
385.766666651,[debug],turtlebot3,simulation,robot-pose,x=-27.21;y=17.98;yaw=-1.54
385.766666651,[debug],turtlebot3,simulation,robot-pose,x=-27.21;y=17.98;yaw=-1.54
385.766666651,[debug],turtlebot4,simulation,robot-pose,x=-40.39;y=25.23;yaw=0.33
385.766666651,[debug],turtlebot4,simulation,robot-pose,x=-40.39;y=25.23;yaw=0.33
400.566666603,[debug],turtlebot1,simulation,robot-pose,x=-11.47;y=17.82;yaw=-1.25
400.566666603,[debug],turtlebot1,simulation,robot-pose,x=-11.47;y=17.82;yaw=-1.25
400.599999905,[info],turtlebot2,skill-life-cycle,wait_message,(status=RUNNING, parameters=['r1'])
400.75,[debug],turtlebot2,simulation,robot-pose,x=-34.13;y=18.56;yaw=3.14
400.75,[debug],turtlebot2,simulation,robot-pose,x=-34.13;y=18.56;yaw=3.14
400.766666651,[debug],turtlebot4,simulation,robot-pose,x=-40.39;y=25.23;yaw=0.33
400.766666651,[debug],turtlebot4,simulation,robot-pose,x=-40.39;y=25.23;yaw=0.33
400.766666651,[debug],turtlebot3,simulation,robot-pose,x=-27.21;y=17.96;yaw=-1.54
400.766666651,[debug],turtlebot3,simulation,robot-pose,x=-27.21;y=17.96;yaw=-1.54
400.766666651,[debug],turtlebot5,simulation,robot-pose,x=-32.93;y=33.98;yaw=-3.06
400.766666651,[debug],turtlebot5,simulation,robot-pose,x=-32.93;y=33.98;yaw=-3.06
415.566666603,[debug],turtlebot1,simulation,robot-pose,x=-11.47;y=17.82;yaw=-1.25
415.566666603,[debug],turtlebot1,simulation,robot-pose,x=-11.47;y=17.82;yaw=-1.25
415.75,[debug],turtlebot2,simulation,robot-pose,x=-34.13;y=18.56;yaw=3.14
415.75,[debug],turtlebot2,simulation,robot-pose,x=-34.13;y=18.56;yaw=3.14
415.766666651,[debug],turtlebot3,simulation,robot-pose,x=-27.21;y=17.95;yaw=-1.54
415.766666651,[debug],turtlebot3,simulation,robot-pose,x=-27.21;y=17.95;yaw=-1.54
415.766666651,[debug],turtlebot4,simulation,robot-pose,x=-40.39;y=25.23;yaw=0.33
415.766666651,[debug],turtlebot5,simulation,robot-pose,x=-32.93;y=33.98;yaw=-3.06
415.766666651,[debug],turtlebot4,simulation,robot-pose,x=-40.39;y=25.23;yaw=0.33
415.766666651,[debug],turtlebot5,simulation,robot-pose,x=-32.93;y=33.98;yaw=-3.06
430.566666603,[debug],turtlebot1,simulation,robot-pose,x=-11.47;y=17.82;yaw=-1.25
430.566666603,[debug],turtlebot1,simulation,robot-pose,x=-11.47;y=17.82;yaw=-1.25
430.75,[debug],turtlebot2,simulation,robot-pose,x=-34.13;y=18.56;yaw=3.14
430.75,[debug],turtlebot2,simulation,robot-pose,x=-34.13;y=18.56;yaw=3.14
430.766666651,[debug],turtlebot4,simulation,robot-pose,x=-40.39;y=25.23;yaw=0.33
430.766666651,[debug],turtlebot4,simulation,robot-pose,x=-40.39;y=25.23;yaw=0.33
430.766666651,[debug],turtlebot5,simulation,robot-pose,x=-32.93;y=33.98;yaw=-3.06
430.766666651,[debug],turtlebot3,simulation,robot-pose,x=-27.20;y=17.94;yaw=-1.54
430.766666651,[debug],turtlebot5,simulation,robot-pose,x=-32.93;y=33.98;yaw=-3.06
430.766666651,[debug],turtlebot3,simulation,robot-pose,x=-27.20;y=17.94;yaw=-1.54
445.566666603,[debug],turtlebot1,simulation,robot-pose,x=-11.47;y=17.82;yaw=-1.25
445.566666603,[debug],turtlebot1,simulation,robot-pose,x=-11.47;y=17.82;yaw=-1.25
445.75,[debug],turtlebot2,simulation,robot-pose,x=-34.13;y=18.56;yaw=3.14
445.75,[debug],turtlebot2,simulation,robot-pose,x=-34.13;y=18.56;yaw=3.14
445.766666651,[debug],turtlebot3,simulation,robot-pose,x=-27.20;y=17.92;yaw=-1.54
445.766666651,[debug],turtlebot3,simulation,robot-pose,x=-27.20;y=17.92;yaw=-1.54
445.766666651,[debug],turtlebot5,simulation,robot-pose,x=-32.93;y=33.98;yaw=-3.06
445.766666651,[debug],turtlebot5,simulation,robot-pose,x=-32.93;y=33.98;yaw=-3.06
445.766666651,[debug],turtlebot4,simulation,robot-pose,x=-40.39;y=25.23;yaw=0.33
445.766666651,[debug],turtlebot4,simulation,robot-pose,x=-40.39;y=25.23;yaw=0.33
457.016666651,[info],turtlebot2,skill-life-cycle,wait_message,(status=RUNNING, parameters=['r1'])
460.566666603,[debug],turtlebot1,simulation,robot-pose,x=-11.47;y=17.82;yaw=-1.25
460.566666603,[debug],turtlebot1,simulation,robot-pose,x=-11.47;y=17.82;yaw=-1.25
460.75,[debug],turtlebot2,simulation,robot-pose,x=-34.13;y=18.56;yaw=3.14
460.75,[debug],turtlebot2,simulation,robot-pose,x=-34.13;y=18.56;yaw=3.14
460.766666651,[debug],turtlebot4,simulation,robot-pose,x=-40.39;y=25.23;yaw=0.33
460.766666651,[debug],turtlebot4,simulation,robot-pose,x=-40.39;y=25.23;yaw=0.33
460.766666651,[debug],turtlebot3,simulation,robot-pose,x=-27.20;y=17.91;yaw=-1.54
460.766666651,[debug],turtlebot3,simulation,robot-pose,x=-27.20;y=17.91;yaw=-1.54
460.766666651,[debug],turtlebot5,simulation,robot-pose,x=-32.93;y=33.98;yaw=-3.06
460.766666651,[debug],turtlebot5,simulation,robot-pose,x=-32.93;y=33.98;yaw=-3.06
475.566666603,[debug],turtlebot1,simulation,robot-pose,x=-11.47;y=17.82;yaw=-1.25
475.566666603,[debug],turtlebot1,simulation,robot-pose,x=-11.47;y=17.82;yaw=-1.25
475.75,[debug],turtlebot2,simulation,robot-pose,x=-34.13;y=18.56;yaw=3.14
475.75,[debug],turtlebot2,simulation,robot-pose,x=-34.13;y=18.56;yaw=3.14
475.766666651,[debug],turtlebot3,simulation,robot-pose,x=-27.20;y=17.89;yaw=-1.54
475.766666651,[debug],turtlebot3,simulation,robot-pose,x=-27.20;y=17.89;yaw=-1.54
475.766666651,[debug],turtlebot4,simulation,robot-pose,x=-40.39;y=25.23;yaw=0.33
475.766666651,[debug],turtlebot4,simulation,robot-pose,x=-40.39;y=25.23;yaw=0.33
475.766666651,[debug],turtlebot5,simulation,robot-pose,x=-32.93;y=33.98;yaw=-3.06
475.766666651,[debug],turtlebot5,simulation,robot-pose,x=-32.93;y=33.98;yaw=-3.06
490.566666603,[debug],turtlebot1,simulation,robot-pose,x=-11.47;y=17.82;yaw=-1.25
490.566666603,[debug],turtlebot1,simulation,robot-pose,x=-11.47;y=17.82;yaw=-1.25
490.75,[debug],turtlebot2,simulation,robot-pose,x=-34.13;y=18.56;yaw=3.14
490.75,[debug],turtlebot2,simulation,robot-pose,x=-34.13;y=18.56;yaw=3.14
490.766666651,[debug],turtlebot5,simulation,robot-pose,x=-32.93;y=33.98;yaw=-3.06
490.766666651,[debug],turtlebot5,simulation,robot-pose,x=-32.93;y=33.98;yaw=-3.06
490.766666651,[debug],turtlebot4,simulation,robot-pose,x=-40.39;y=25.23;yaw=0.33
490.766666651,[debug],turtlebot4,simulation,robot-pose,x=-40.39;y=25.23;yaw=0.33
490.766666651,[debug],turtlebot3,simulation,robot-pose,x=-27.20;y=17.88;yaw=-1.54
490.766666651,[debug],turtlebot3,simulation,robot-pose,x=-27.20;y=17.88;yaw=-1.54
505.566666603,[debug],turtlebot1,simulation,robot-pose,x=-11.47;y=17.82;yaw=-1.25
505.566666603,[debug],turtlebot1,simulation,robot-pose,x=-11.47;y=17.82;yaw=-1.25
505.75,[debug],turtlebot2,simulation,robot-pose,x=-34.13;y=18.56;yaw=3.14
505.75,[debug],turtlebot2,simulation,robot-pose,x=-34.13;y=18.56;yaw=3.14
505.766666651,[debug],turtlebot3,simulation,robot-pose,x=-27.19;y=17.86;yaw=-1.54
505.766666651,[debug],turtlebot4,simulation,robot-pose,x=-40.39;y=25.23;yaw=0.33
505.766666651,[debug],turtlebot3,simulation,robot-pose,x=-27.19;y=17.86;yaw=-1.54
505.766666651,[debug],turtlebot4,simulation,robot-pose,x=-40.39;y=25.23;yaw=0.33
505.766666651,[debug],turtlebot5,simulation,robot-pose,x=-32.93;y=33.98;yaw=-3.06
505.766666651,[debug],turtlebot5,simulation,robot-pose,x=-32.93;y=33.98;yaw=-3.06
513.316666603,[info],turtlebot2,skill-life-cycle,wait_message,(status=RUNNING, parameters=['r1'])
520.566666603,[debug],turtlebot1,simulation,robot-pose,x=-11.47;y=17.82;yaw=-1.25
520.566666603,[debug],turtlebot1,simulation,robot-pose,x=-11.47;y=17.82;yaw=-1.25
520.75,[debug],turtlebot2,simulation,robot-pose,x=-34.13;y=18.56;yaw=3.14
520.75,[debug],turtlebot2,simulation,robot-pose,x=-34.13;y=18.56;yaw=3.14
520.766666651,[debug],turtlebot5,simulation,robot-pose,x=-32.93;y=33.98;yaw=-3.05
520.766666651,[debug],turtlebot5,simulation,robot-pose,x=-32.93;y=33.98;yaw=-3.05
520.766666651,[debug],turtlebot3,simulation,robot-pose,x=-27.19;y=17.85;yaw=-1.54
520.766666651,[debug],turtlebot3,simulation,robot-pose,x=-27.19;y=17.85;yaw=-1.54
520.766666651,[debug],turtlebot4,simulation,robot-pose,x=-40.39;y=25.23;yaw=0.33
520.766666651,[debug],turtlebot4,simulation,robot-pose,x=-40.39;y=25.23;yaw=0.33
535.566666603,[debug],turtlebot1,simulation,robot-pose,x=-11.47;y=17.82;yaw=-1.25
535.566666603,[debug],turtlebot1,simulation,robot-pose,x=-11.47;y=17.82;yaw=-1.25
535.75,[debug],turtlebot2,simulation,robot-pose,x=-34.13;y=18.56;yaw=3.14
535.75,[debug],turtlebot2,simulation,robot-pose,x=-34.13;y=18.56;yaw=3.14
535.766666651,[debug],turtlebot5,simulation,robot-pose,x=-32.93;y=33.98;yaw=-3.05
535.766666651,[debug],turtlebot4,simulation,robot-pose,x=-40.39;y=25.23;yaw=0.33
535.766666651,[debug],turtlebot3,simulation,robot-pose,x=-27.19;y=17.83;yaw=-1.54
535.766666651,[debug],turtlebot5,simulation,robot-pose,x=-32.93;y=33.98;yaw=-3.05
535.766666651,[debug],turtlebot4,simulation,robot-pose,x=-40.39;y=25.23;yaw=0.33
535.766666651,[debug],turtlebot3,simulation,robot-pose,x=-27.19;y=17.83;yaw=-1.54
550.566666603,[debug],turtlebot1,simulation,robot-pose,x=-11.47;y=17.82;yaw=-1.25
550.566666603,[debug],turtlebot1,simulation,robot-pose,x=-11.47;y=17.82;yaw=-1.25
550.75,[debug],turtlebot2,simulation,robot-pose,x=-34.13;y=18.56;yaw=3.14
550.75,[debug],turtlebot2,simulation,robot-pose,x=-34.13;y=18.56;yaw=3.14
550.766666651,[debug],turtlebot3,simulation,robot-pose,x=-27.19;y=17.82;yaw=-1.54
550.766666651,[debug],turtlebot3,simulation,robot-pose,x=-27.19;y=17.82;yaw=-1.54
550.766666651,[debug],turtlebot5,simulation,robot-pose,x=-32.93;y=33.98;yaw=-3.06
550.766666651,[debug],turtlebot5,simulation,robot-pose,x=-32.93;y=33.98;yaw=-3.06
550.766666651,[debug],turtlebot4,simulation,robot-pose,x=-40.39;y=25.23;yaw=0.33
550.766666651,[debug],turtlebot4,simulation,robot-pose,x=-40.39;y=25.23;yaw=0.33
565.566666603,[debug],turtlebot1,simulation,robot-pose,x=-11.48;y=17.82;yaw=-1.25
565.566666603,[debug],turtlebot1,simulation,robot-pose,x=-11.48;y=17.82;yaw=-1.25
565.75,[debug],turtlebot2,simulation,robot-pose,x=-34.13;y=18.56;yaw=3.14
565.75,[debug],turtlebot2,simulation,robot-pose,x=-34.13;y=18.56;yaw=3.14
565.766666651,[debug],turtlebot4,simulation,robot-pose,x=-40.39;y=25.23;yaw=0.33
565.766666651,[debug],turtlebot4,simulation,robot-pose,x=-40.39;y=25.23;yaw=0.33
565.766666651,[debug],turtlebot3,simulation,robot-pose,x=-27.19;y=17.80;yaw=-1.54
565.766666651,[debug],turtlebot3,simulation,robot-pose,x=-27.19;y=17.80;yaw=-1.54
565.766666651,[debug],turtlebot5,simulation,robot-pose,x=-32.93;y=33.98;yaw=-3.06
565.766666651,[debug],turtlebot5,simulation,robot-pose,x=-32.93;y=33.98;yaw=-3.06
566.183333397,[info],turtlebot2,sync,wait-message,(status=message-received)
566.483333349,[debug],turtlebot2,available-skills,['send_message', 'wait_message', 'approach_person', 'approach_robot', 'authenticate_person', 'deposit', 'navigation', 'operate_drawer', 'pick_up'],
566.483333349,[info],turtlebot2,skill-life-cycle,operate_drawer,(status=STARTED, parameters=['close'])
566.549999952,[debug],turtlebot2,task-update,operate_drawer,close
567.583333254,[debug],turtlebot2,available-skills,['send_message', 'wait_message', 'approach_person', 'approach_robot', 'authenticate_person', 'deposit', 'navigation', 'operate_drawer', 'pick_up'],
567.583333254,[info],turtlebot2,skill-life-cycle,navigation,(status=STARTED, parameters=[[-37.0, 18.93, -1.5707963267948966, True], [-37.0, 16.0, 0.0, True], [-26.0, 16.0, -1.5707963267948966, True], [-26.0, 13.0, 1.57, False]])
569.950000048,[info],turtlebot2,skill-life-cycle,navigation,(status=RUNNING, parameters=[[-37.0, 18.93, -1.5707963267948966, True], [-37.0, 16.0, 0.0, True], [-26.0, 16.0, -1.5707963267948966, True], [-26.0, 13.0, 1.57, False]])
580.566666603,[debug],turtlebot1,simulation,robot-pose,x=-11.48;y=17.82;yaw=-1.25
580.566666603,[debug],turtlebot1,simulation,robot-pose,x=-11.48;y=17.82;yaw=-1.25
580.75,[debug],turtlebot2,simulation,robot-pose,x=-34.83;y=18.15;yaw=-2.82
580.75,[debug],turtlebot2,simulation,robot-pose,x=-34.83;y=18.15;yaw=-2.82
580.766666651,[debug],turtlebot3,simulation,robot-pose,x=-27.18;y=17.79;yaw=-1.54
580.766666651,[debug],turtlebot3,simulation,robot-pose,x=-27.18;y=17.79;yaw=-1.54
580.766666651,[debug],turtlebot5,simulation,robot-pose,x=-32.94;y=33.98;yaw=-3.06
580.766666651,[debug],turtlebot4,simulation,robot-pose,x=-40.39;y=25.23;yaw=0.33
580.766666651,[debug],turtlebot5,simulation,robot-pose,x=-32.94;y=33.98;yaw=-3.06
580.766666651,[debug],turtlebot4,simulation,robot-pose,x=-40.39;y=25.23;yaw=0.33
595.566666603,[debug],turtlebot1,simulation,robot-pose,x=-11.48;y=17.82;yaw=-1.25
595.566666603,[debug],turtlebot1,simulation,robot-pose,x=-11.48;y=17.82;yaw=-1.25
595.75,[debug],turtlebot2,simulation,robot-pose,x=-34.97;y=18.06;yaw=-2.73
595.75,[debug],turtlebot2,simulation,robot-pose,x=-34.97;y=18.06;yaw=-2.73
595.766666651,[debug],turtlebot3,simulation,robot-pose,x=-27.18;y=17.77;yaw=-1.54
595.766666651,[debug],turtlebot3,simulation,robot-pose,x=-27.18;y=17.77;yaw=-1.54
595.766666651,[debug],turtlebot4,simulation,robot-pose,x=-40.39;y=25.23;yaw=0.33
595.766666651,[debug],turtlebot4,simulation,robot-pose,x=-40.39;y=25.23;yaw=0.33
595.766666651,[debug],turtlebot5,simulation,robot-pose,x=-32.94;y=33.98;yaw=-3.06
595.766666651,[debug],turtlebot5,simulation,robot-pose,x=-32.94;y=33.98;yaw=-3.06
610.566666603,[debug],turtlebot1,simulation,robot-pose,x=-11.48;y=17.82;yaw=-1.25
610.566666603,[debug],turtlebot1,simulation,robot-pose,x=-11.48;y=17.82;yaw=-1.25
610.75,[debug],turtlebot2,simulation,robot-pose,x=-36.48;y=18.40;yaw=2.37
610.75,[debug],turtlebot2,simulation,robot-pose,x=-36.48;y=18.40;yaw=2.37
610.766666651,[debug],turtlebot3,simulation,robot-pose,x=-27.18;y=17.76;yaw=-1.54
610.766666651,[debug],turtlebot3,simulation,robot-pose,x=-27.18;y=17.76;yaw=-1.54
610.766666651,[debug],turtlebot5,simulation,robot-pose,x=-32.94;y=33.98;yaw=-3.06
610.766666651,[debug],turtlebot5,simulation,robot-pose,x=-32.94;y=33.98;yaw=-3.06
610.766666651,[debug],turtlebot4,simulation,robot-pose,x=-40.39;y=25.23;yaw=0.33
610.766666651,[debug],turtlebot4,simulation,robot-pose,x=-40.39;y=25.23;yaw=0.33
618.599999905,[debug],turtlebot2,move-base-info,Hooray, the base moved arrived,(x=-37;y=18.93)
618.599999905,[debug],turtlebot2,move-base-info,Hooray, the base moved arrived,(x=-37;y=18.93)
618.666666746,[debug],turtlebot2,task-update,navigation,way-point-reached,25.0%
622.266666651,[info],turtlebot2,skill-life-cycle,navigation,(status=RUNNING, parameters=[[-37.0, 18.93, -1.5707963267948966, True], [-37.0, 16.0, 0.0, True], [-26.0, 16.0, -1.5707963267948966, True], [-26.0, 13.0, 1.57, False]])
625.566666603,[debug],turtlebot1,simulation,robot-pose,x=-11.48;y=17.82;yaw=-1.25
625.566666603,[debug],turtlebot1,simulation,robot-pose,x=-11.48;y=17.82;yaw=-1.25
625.75,[debug],turtlebot2,simulation,robot-pose,x=-36.70;y=18.46;yaw=-1.52
625.75,[debug],turtlebot2,simulation,robot-pose,x=-36.70;y=18.46;yaw=-1.52
625.766666651,[debug],turtlebot5,simulation,robot-pose,x=-32.94;y=33.98;yaw=-3.05
625.766666651,[debug],turtlebot5,simulation,robot-pose,x=-32.94;y=33.98;yaw=-3.05
625.766666651,[debug],turtlebot3,simulation,robot-pose,x=-27.18;y=17.74;yaw=-1.54
625.766666651,[debug],turtlebot3,simulation,robot-pose,x=-27.18;y=17.74;yaw=-1.54
625.766666651,[debug],turtlebot4,simulation,robot-pose,x=-40.39;y=25.23;yaw=0.33
625.766666651,[debug],turtlebot4,simulation,robot-pose,x=-40.39;y=25.23;yaw=0.33
640.566666603,[debug],turtlebot1,simulation,robot-pose,x=-11.48;y=17.82;yaw=-1.25
640.566666603,[debug],turtlebot1,simulation,robot-pose,x=-11.48;y=17.82;yaw=-1.25
640.75,[debug],turtlebot2,simulation,robot-pose,x=-36.73;y=17.21;yaw=-1.57
640.75,[debug],turtlebot2,simulation,robot-pose,x=-36.73;y=17.21;yaw=-1.57
640.766666651,[debug],turtlebot4,simulation,robot-pose,x=-40.39;y=25.23;yaw=0.33
640.766666651,[debug],turtlebot4,simulation,robot-pose,x=-40.39;y=25.23;yaw=0.33
640.766666651,[debug],turtlebot3,simulation,robot-pose,x=-27.18;y=17.72;yaw=-1.54
640.766666651,[debug],turtlebot3,simulation,robot-pose,x=-27.18;y=17.72;yaw=-1.54
640.766666651,[debug],turtlebot5,simulation,robot-pose,x=-32.94;y=33.98;yaw=-3.05
640.766666651,[debug],turtlebot5,simulation,robot-pose,x=-32.94;y=33.98;yaw=-3.05
655.049999952,[debug],turtlebot2,move-base-info,Hooray, the base moved arrived,(x=-37;y=16)
655.216666698,[debug],turtlebot2,move-base-info,Hooray, the base moved arrived,(x=-37;y=16)
655.400000095,[debug],turtlebot2,task-update,navigation,way-point-reached,50.0%
655.566666603,[debug],turtlebot1,simulation,robot-pose,x=-11.48;y=17.82;yaw=-1.25
655.566666603,[debug],turtlebot1,simulation,robot-pose,x=-11.48;y=17.82;yaw=-1.25
655.75,[debug],turtlebot2,simulation,robot-pose,x=-36.92;y=16.44;yaw=-0.04
655.75,[debug],turtlebot2,simulation,robot-pose,x=-36.92;y=16.44;yaw=-0.04
655.766666651,[debug],turtlebot3,simulation,robot-pose,x=-27.17;y=17.71;yaw=-1.54
655.766666651,[debug],turtlebot3,simulation,robot-pose,x=-27.17;y=17.71;yaw=-1.54
655.766666651,[debug],turtlebot4,simulation,robot-pose,x=-40.39;y=25.23;yaw=0.33
655.766666651,[debug],turtlebot5,simulation,robot-pose,x=-32.94;y=33.98;yaw=-3.05
655.766666651,[debug],turtlebot4,simulation,robot-pose,x=-40.39;y=25.23;yaw=0.33
655.766666651,[debug],turtlebot5,simulation,robot-pose,x=-32.94;y=33.98;yaw=-3.05
670.566666603,[debug],turtlebot1,simulation,robot-pose,x=-11.48;y=17.82;yaw=-1.25
670.566666603,[debug],turtlebot1,simulation,robot-pose,x=-11.48;y=17.82;yaw=-1.25
670.75,[debug],turtlebot2,simulation,robot-pose,x=-36.15;y=15.80;yaw=-0.57
670.75,[debug],turtlebot2,simulation,robot-pose,x=-36.15;y=15.80;yaw=-0.57
670.766666651,[debug],turtlebot4,simulation,robot-pose,x=-40.39;y=25.23;yaw=0.33
670.766666651,[debug],turtlebot4,simulation,robot-pose,x=-40.39;y=25.23;yaw=0.33
670.766666651,[debug],turtlebot3,simulation,robot-pose,x=-27.17;y=17.69;yaw=-1.54
670.766666651,[debug],turtlebot3,simulation,robot-pose,x=-27.17;y=17.69;yaw=-1.54
670.766666651,[debug],turtlebot5,simulation,robot-pose,x=-32.94;y=33.98;yaw=-3.05
670.766666651,[debug],turtlebot5,simulation,robot-pose,x=-32.94;y=33.98;yaw=-3.05
674.849999905,[info],turtlebot2,skill-life-cycle,navigation,(status=RUNNING, parameters=[[-37.0, 18.93, -1.5707963267948966, True], [-37.0, 16.0, 0.0, True], [-26.0, 16.0, -1.5707963267948966, True], [-26.0, 13.0, 1.57, False]])
685.566666603,[debug],turtlebot1,simulation,robot-pose,x=-11.48;y=17.82;yaw=-1.25
685.566666603,[debug],turtlebot1,simulation,robot-pose,x=-11.48;y=17.82;yaw=-1.25
685.75,[debug],turtlebot2,simulation,robot-pose,x=-33.79;y=15.69;yaw=-0.03
685.75,[debug],turtlebot2,simulation,robot-pose,x=-33.79;y=15.69;yaw=-0.03
685.766666651,[debug],turtlebot5,simulation,robot-pose,x=-32.94;y=33.98;yaw=-3.04
685.766666651,[debug],turtlebot5,simulation,robot-pose,x=-32.94;y=33.98;yaw=-3.04
685.766666651,[debug],turtlebot3,simulation,robot-pose,x=-27.17;y=17.68;yaw=-1.54
685.766666651,[debug],turtlebot4,simulation,robot-pose,x=-40.39;y=25.23;yaw=0.33
685.766666651,[debug],turtlebot3,simulation,robot-pose,x=-27.17;y=17.68;yaw=-1.54
685.766666651,[debug],turtlebot4,simulation,robot-pose,x=-40.39;y=25.23;yaw=0.33
700.566666603,[debug],turtlebot1,simulation,robot-pose,x=-11.48;y=17.82;yaw=-1.25
700.566666603,[debug],turtlebot1,simulation,robot-pose,x=-11.48;y=17.82;yaw=-1.25
700.75,[debug],turtlebot2,simulation,robot-pose,x=-30.95;y=16.10;yaw=-0.09
700.75,[debug],turtlebot2,simulation,robot-pose,x=-30.95;y=16.10;yaw=-0.09
700.766666651,[debug],turtlebot5,simulation,robot-pose,x=-32.94;y=33.98;yaw=-3.04
700.766666651,[debug],turtlebot5,simulation,robot-pose,x=-32.94;y=33.98;yaw=-3.04
700.766666651,[debug],turtlebot4,simulation,robot-pose,x=-40.39;y=25.23;yaw=0.33
700.766666651,[debug],turtlebot4,simulation,robot-pose,x=-40.39;y=25.23;yaw=0.33
700.766666651,[debug],turtlebot3,simulation,robot-pose,x=-27.17;y=17.66;yaw=-1.54
700.766666651,[debug],turtlebot3,simulation,robot-pose,x=-27.17;y=17.66;yaw=-1.54
715.566666603,[debug],turtlebot1,simulation,robot-pose,x=-11.48;y=17.82;yaw=-1.25
715.566666603,[debug],turtlebot1,simulation,robot-pose,x=-11.48;y=17.82;yaw=-1.25
715.75,[debug],turtlebot2,simulation,robot-pose,x=-28.47;y=16.09;yaw=0.07
715.75,[debug],turtlebot2,simulation,robot-pose,x=-28.47;y=16.09;yaw=0.07
715.766666651,[debug],turtlebot4,simulation,robot-pose,x=-40.39;y=25.23;yaw=0.33
715.766666651,[debug],turtlebot4,simulation,robot-pose,x=-40.39;y=25.23;yaw=0.33
715.766666651,[debug],turtlebot3,simulation,robot-pose,x=-27.16;y=17.65;yaw=-1.54
715.766666651,[debug],turtlebot3,simulation,robot-pose,x=-27.16;y=17.65;yaw=-1.54
715.766666651,[debug],turtlebot5,simulation,robot-pose,x=-32.94;y=33.98;yaw=-3.05
715.766666651,[debug],turtlebot5,simulation,robot-pose,x=-32.94;y=33.98;yaw=-3.05
725.616666555,[info],turtlebot2,skill-life-cycle,navigation,(status=RUNNING, parameters=[[-37.0, 18.93, -1.5707963267948966, True], [-37.0, 16.0, 0.0, True], [-26.0, 16.0, -1.5707963267948966, True], [-26.0, 13.0, 1.57, False]])
730.566666603,[debug],turtlebot1,simulation,robot-pose,x=-11.48;y=17.82;yaw=-1.25
730.566666603,[debug],turtlebot1,simulation,robot-pose,x=-11.48;y=17.82;yaw=-1.25
730.75,[debug],turtlebot2,simulation,robot-pose,x=-26.42;y=16.27;yaw=-0.87
730.75,[debug],turtlebot2,simulation,robot-pose,x=-26.42;y=16.27;yaw=-0.87
730.766666651,[debug],turtlebot5,simulation,robot-pose,x=-32.94;y=33.98;yaw=-3.04
730.766666651,[debug],turtlebot5,simulation,robot-pose,x=-32.94;y=33.98;yaw=-3.04
730.766666651,[debug],turtlebot4,simulation,robot-pose,x=-40.39;y=25.23;yaw=0.33
730.766666651,[debug],turtlebot4,simulation,robot-pose,x=-40.39;y=25.23;yaw=0.33
730.766666651,[debug],turtlebot3,simulation,robot-pose,x=-27.16;y=17.63;yaw=-1.54
730.766666651,[debug],turtlebot3,simulation,robot-pose,x=-27.16;y=17.63;yaw=-1.54
733.016666651,[debug],turtlebot2,move-base-info,Hooray, the base moved arrived,(x=-26;y=16)
733.016666651,[debug],turtlebot2,move-base-info,Hooray, the base moved arrived,(x=-26;y=16)
733.116666555,[debug],turtlebot2,task-update,navigation,way-point-reached,75.0%
745.566666603,[debug],turtlebot1,simulation,robot-pose,x=-11.48;y=17.82;yaw=-1.25
745.566666603,[debug],turtlebot1,simulation,robot-pose,x=-11.48;y=17.82;yaw=-1.25
745.75,[debug],turtlebot2,simulation,robot-pose,x=-26.15;y=15.67;yaw=-1.13
745.75,[debug],turtlebot2,simulation,robot-pose,x=-26.15;y=15.67;yaw=-1.13
745.766666651,[debug],turtlebot4,simulation,robot-pose,x=-40.39;y=25.23;yaw=0.33
745.766666651,[debug],turtlebot4,simulation,robot-pose,x=-40.39;y=25.23;yaw=0.33
745.766666651,[debug],turtlebot5,simulation,robot-pose,x=-32.94;y=33.98;yaw=-3.04
745.766666651,[debug],turtlebot5,simulation,robot-pose,x=-32.94;y=33.98;yaw=-3.04
745.766666651,[debug],turtlebot3,simulation,robot-pose,x=-27.16;y=17.61;yaw=-1.54
745.766666651,[debug],turtlebot3,simulation,robot-pose,x=-27.16;y=17.61;yaw=-1.54
760.566666603,[debug],turtlebot1,simulation,robot-pose,x=-11.49;y=17.82;yaw=-1.25
760.566666603,[debug],turtlebot1,simulation,robot-pose,x=-11.49;y=17.82;yaw=-1.25
760.75,[debug],turtlebot2,simulation,robot-pose,x=-25.80;y=14.45;yaw=-1.58
760.75,[debug],turtlebot2,simulation,robot-pose,x=-25.80;y=14.45;yaw=-1.58
760.766666651,[debug],turtlebot5,simulation,robot-pose,x=-32.94;y=33.98;yaw=-3.04
760.766666651,[debug],turtlebot5,simulation,robot-pose,x=-32.94;y=33.98;yaw=-3.04
760.766666651,[debug],turtlebot3,simulation,robot-pose,x=-27.16;y=17.60;yaw=-1.54
760.766666651,[debug],turtlebot3,simulation,robot-pose,x=-27.16;y=17.60;yaw=-1.54
760.766666651,[debug],turtlebot4,simulation,robot-pose,x=-40.39;y=25.23;yaw=0.33
760.766666651,[debug],turtlebot4,simulation,robot-pose,x=-40.39;y=25.23;yaw=0.33
775.566666603,[debug],turtlebot1,simulation,robot-pose,x=-11.49;y=17.82;yaw=-1.25
775.566666603,[debug],turtlebot1,simulation,robot-pose,x=-11.49;y=17.82;yaw=-1.25
775.75,[debug],turtlebot2,simulation,robot-pose,x=-25.88;y=13.44;yaw=3.04
775.75,[debug],turtlebot2,simulation,robot-pose,x=-25.88;y=13.44;yaw=3.04
775.766666651,[debug],turtlebot3,simulation,robot-pose,x=-27.16;y=17.58;yaw=-1.54
775.766666651,[debug],turtlebot3,simulation,robot-pose,x=-27.16;y=17.58;yaw=-1.54
775.766666651,[debug],turtlebot5,simulation,robot-pose,x=-32.94;y=33.98;yaw=-3.04
775.766666651,[debug],turtlebot5,simulation,robot-pose,x=-32.94;y=33.98;yaw=-3.04
775.766666651,[debug],turtlebot4,simulation,robot-pose,x=-40.39;y=25.23;yaw=0.33
775.766666651,[debug],turtlebot4,simulation,robot-pose,x=-40.39;y=25.23;yaw=0.33
778.733333349,[info],turtlebot2,skill-life-cycle,navigation,(status=RUNNING, parameters=[[-37.0, 18.93, -1.5707963267948966, True], [-37.0, 16.0, 0.0, True], [-26.0, 16.0, -1.5707963267948966, True], [-26.0, 13.0, 1.57, False]])
779.849999905,[debug],turtlebot2,move-base-info,Hooray, the base moved arrived,(x=-26;y=13)
779.849999905,[debug],turtlebot2,move-base-info,Hooray, the base moved arrived,(x=-26;y=13)
780.116666555,[debug],turtlebot2,task-update,navigation,way-point-reached,100.0%
780.216666698,[debug],turtlebot2,available-skills,['send_message', 'wait_message', 'approach_person', 'approach_robot', 'authenticate_person', 'deposit', 'navigation', 'operate_drawer', 'pick_up'],
780.216666698,[info],turtlebot2,skill-life-cycle,approach_robot,(status=STARTED, parameters=['lab_arm'])
780.416666746,[debug],turtlebot2,task-update,approach_robot,localize-robot,(who=lab_arm)
780.5,[debug],turtlebot2,task-update,approach_robot,goto-robot,(who=lab_arm)
780.616666555,[debug],turtlebot2,available-skills,['send_message', 'wait_message', 'approach_person', 'approach_robot', 'authenticate_person', 'deposit', 'navigation', 'operate_drawer', 'pick_up'],
780.616666555,[info],turtlebot2,skill-life-cycle,operate_drawer,(status=STARTED, parameters=['open'])
780.683333397,[debug],turtlebot2,task-update,operate_drawer,open
781.75,[debug],turtlebot2,available-skills,['send_message', 'wait_message', 'approach_person', 'approach_robot', 'authenticate_person', 'deposit', 'navigation', 'operate_drawer', 'pick_up'],
781.75,[info],turtlebot2,skill-life-cycle,send_message,(status=STARTED, parameters=['lab_arm'])
781.816666603,[info],turtlebot2,sync,send-message,(to=lab_arm)
782.766666651,[info],lab_arm,sync,wait-message,(status=message-received)
782.766666651,[info],lab_arm,sync,wait-message,(status=message-received)
782.766666651,[info],Inventory,sync,wait-sample,(status=sample-received)
782.766666651,[info],Inventory,sync,wait-sample,(status=sample-received)
782.766666651,ENDSIM
782.766666651,ENDSIM
790.583333254,[debug],turtlebot1,simulation,robot-pose,x=-11.49;y=17.82;yaw=-1.25
790.583333254,[debug],turtlebot1,simulation,robot-pose,x=-11.49;y=17.82;yaw=-1.25
790.75,[debug],turtlebot2,simulation,robot-pose,x=-25.93;y=13.42;yaw=1.63
790.75,[debug],turtlebot2,simulation,robot-pose,x=-25.93;y=13.42;yaw=1.63
790.766666651,[debug],turtlebot3,simulation,robot-pose,x=-27.15;y=17.56;yaw=-1.54
790.766666651,[debug],turtlebot3,simulation,robot-pose,x=-27.15;y=17.56;yaw=-1.54
790.766666651,[debug],turtlebot4,simulation,robot-pose,x=-40.39;y=25.23;yaw=0.33
790.766666651,[debug],turtlebot4,simulation,robot-pose,x=-40.39;y=25.23;yaw=0.33
790.766666651,[debug],turtlebot5,simulation,robot-pose,x=-32.95;y=33.98;yaw=-3.04
790.766666651,[debug],turtlebot5,simulation,robot-pose,x=-32.95;y=33.98;yaw=-3.04
792.766666651,[info],Inventory,sync,wait-sample,(status=sample-received)
792.766666651,[info],Inventory,sync,wait-sample,(status=sample-received)
792.766666651,ENDSIM
792.766666651,ENDSIM
792.766666651,[info],lab_arm,sync,wait-message,(status=message-received)
792.766666651,[info],lab_arm,sync,wait-message,(status=message-received)
792.766666651,[info],Inventory,sync,wait-sample,(status=sample-received)
792.766666651,[info],Inventory,sync,wait-sample,(status=sample-received)
792.766666651,ENDSIM
792.766666651,ENDSIM
0.0,[debug],simulation closed,reach-target,execution-wall-clock=885.9726977348328
