6.90000009537,[debug],turtlebot5,move-base-info,Move_base is up and ok....,
7.09999990463,[debug],turtlebot3,move-base-info,Move_base is up and ok....,
7.26666665077,[debug],turtlebot4,move-base-info,Move_base is up and ok....,
11.25,[info],turtlebot2,skill-life-cycle,init_robobt,(status=RUNNING, parameters=[])
12.2666666508,[info],turtlebot3,skill-life-cycle,init_robobt,(status=RUNNING, parameters=[])
12.4000000954,[info],turtlebot5,skill-life-cycle,init_robobt,(status=RUNNING, parameters=[])
12.4833333492,[info],turtlebot4,skill-life-cycle,init_robobt,(status=RUNNING, parameters=[])
17.5833332539,[debug],turtlebot5,available-skills,['send_message', 'wait_message', 'approach_person', 'approach_robot', 'authenticate_person', 'deposit', 'navigation', 'operate_drawer', 'pick_up'],
17.5833332539,[info],turtlebot5,skill-life-cycle,navigation,(status=STARTED, parameters=[[-37.0, 21.5, -1.5707963267948966, True], [-37.0, 16.0, 0.0, True], [-28.5, 16.0, 1.5707963267948966, True], [-28.5, 18.0, -1.57, False]])
24.8833334446,[debug],turtlebot1,simulation,robot-pose,x=-33.83;y=18.78;yaw=2.80
24.8833334446,[debug],turtlebot1,simulation,robot-pose,x=-33.83;y=18.78;yaw=2.80
25.0833332539,[debug],turtlebot4,simulation,robot-pose,x=-20.99;y=18.00;yaw=-1.54
25.0833332539,[debug],turtlebot2,simulation,robot-pose,x=-27.23;y=18.02;yaw=-1.59
25.0833332539,[debug],turtlebot5,simulation,robot-pose,x=-37.76;y=21.51;yaw=0.11
25.0833332539,[debug],turtlebot3,simulation,robot-pose,x=-40.39;y=25.23;yaw=0.34
25.2333333492,[debug],turtlebot4,simulation,robot-pose,x=-20.99;y=18.00;yaw=-1.54
25.2333333492,[debug],turtlebot2,simulation,robot-pose,x=-27.23;y=18.02;yaw=-1.59
25.2333333492,[debug],turtlebot5,simulation,robot-pose,x=-37.76;y=21.51;yaw=0.11
25.2333333492,[debug],turtlebot3,simulation,robot-pose,x=-40.39;y=25.23;yaw=0.34
32.7333333492,[debug],turtlebot5,move-base-info,Hooray, the base moved arrived,(x=-37;y=21.5)
32.7333333492,[debug],turtlebot5,move-base-info,Hooray, the base moved arrived,(x=-37;y=21.5)
32.7833333015,[debug],turtlebot5,task-update,navigation,way-point-reached,25.0%
39.8833334446,[debug],turtlebot1,simulation,robot-pose,x=-33.84;y=18.78;yaw=2.83
39.8833334446,[debug],turtlebot1,simulation,robot-pose,x=-33.84;y=18.78;yaw=2.83
40.0833332539,[debug],turtlebot5,simulation,robot-pose,x=-37.38;y=21.27;yaw=-1.16
40.0833332539,[debug],turtlebot5,simulation,robot-pose,x=-37.38;y=21.27;yaw=-1.16
40.0833332539,[debug],turtlebot4,simulation,robot-pose,x=-20.99;y=18.00;yaw=-1.54
40.0833332539,[debug],turtlebot4,simulation,robot-pose,x=-20.99;y=18.00;yaw=-1.54
40.0833332539,[debug],turtlebot3,simulation,robot-pose,x=-40.39;y=25.23;yaw=0.33
40.0833332539,[debug],turtlebot2,simulation,robot-pose,x=-27.22;y=18.03;yaw=-1.59
40.0833332539,[debug],turtlebot3,simulation,robot-pose,x=-40.39;y=25.23;yaw=0.33
40.0833332539,[debug],turtlebot2,simulation,robot-pose,x=-27.22;y=18.03;yaw=-1.59
54.8833334446,[debug],turtlebot1,simulation,robot-pose,x=-33.85;y=18.78;yaw=2.84
54.8833334446,[debug],turtlebot1,simulation,robot-pose,x=-33.85;y=18.78;yaw=2.84
55.0833332539,[debug],turtlebot5,simulation,robot-pose,x=-37.04;y=19.19;yaw=-1.59
55.0833332539,[debug],turtlebot4,simulation,robot-pose,x=-20.99;y=18.00;yaw=-1.54
55.0833332539,[debug],turtlebot3,simulation,robot-pose,x=-40.39;y=25.23;yaw=0.33
55.0833332539,[debug],turtlebot2,simulation,robot-pose,x=-27.22;y=18.03;yaw=-1.58
55.25,[debug],turtlebot5,simulation,robot-pose,x=-37.04;y=19.19;yaw=-1.59
55.25,[debug],turtlebot4,simulation,robot-pose,x=-20.99;y=18.00;yaw=-1.54
55.25,[debug],turtlebot3,simulation,robot-pose,x=-40.39;y=25.23;yaw=0.33
55.25,[debug],turtlebot2,simulation,robot-pose,x=-27.22;y=18.03;yaw=-1.58
64.6333334446,[info],turtlebot5,skill-life-cycle,navigation,(status=RUNNING, parameters=[[-37.0, 21.5, -1.5707963267948966, True], [-37.0, 16.0, 0.0, True], [-28.5, 16.0, 1.5707963267948966, True], [-28.5, 18.0, -1.57, False]])
69.8833334446,[debug],turtlebot1,simulation,robot-pose,x=-33.85;y=18.78;yaw=2.86
69.8833334446,[debug],turtlebot1,simulation,robot-pose,x=-33.85;y=18.78;yaw=2.86
70.0833332539,[debug],turtlebot4,simulation,robot-pose,x=-20.99;y=18.00;yaw=-1.54
70.0833332539,[debug],turtlebot4,simulation,robot-pose,x=-20.99;y=18.00;yaw=-1.54
70.0833332539,[debug],turtlebot5,simulation,robot-pose,x=-37.19;y=16.63;yaw=-1.89
70.0833332539,[debug],turtlebot5,simulation,robot-pose,x=-37.19;y=16.63;yaw=-1.89
70.0833332539,[debug],turtlebot2,simulation,robot-pose,x=-27.22;y=18.03;yaw=-1.58
70.0833332539,[debug],turtlebot3,simulation,robot-pose,x=-40.39;y=25.23;yaw=0.33
70.2333333492,[debug],turtlebot2,simulation,robot-pose,x=-27.22;y=18.03;yaw=-1.58
70.25,[debug],turtlebot3,simulation,robot-pose,x=-40.39;y=25.23;yaw=0.33
76.2666666508,[debug],turtlebot5,move-base-info,Hooray, the base moved arrived,(x=-37;y=16)
76.2666666508,[debug],turtlebot5,move-base-info,Hooray, the base moved arrived,(x=-37;y=16)
76.4166667461,[debug],turtlebot5,task-update,navigation,way-point-reached,50.0%
84.8833334446,[debug],turtlebot1,simulation,robot-pose,x=-33.85;y=18.78;yaw=2.87
84.8833334446,[debug],turtlebot1,simulation,robot-pose,x=-33.85;y=18.78;yaw=2.87
85.0833332539,[debug],turtlebot2,simulation,robot-pose,x=-27.22;y=18.03;yaw=-1.58
85.0833332539,[debug],turtlebot2,simulation,robot-pose,x=-27.22;y=18.03;yaw=-1.58
85.0833332539,[debug],turtlebot4,simulation,robot-pose,x=-20.99;y=18.00;yaw=-1.54
85.0833332539,[debug],turtlebot3,simulation,robot-pose,x=-40.39;y=25.23;yaw=0.33
85.0833332539,[debug],turtlebot5,simulation,robot-pose,x=-37.01;y=16.27;yaw=-0.64
85.2333333492,[debug],turtlebot4,simulation,robot-pose,x=-20.99;y=18.00;yaw=-1.54
85.25,[debug],turtlebot3,simulation,robot-pose,x=-40.39;y=25.23;yaw=0.33
85.25,[debug],turtlebot5,simulation,robot-pose,x=-37.01;y=16.27;yaw=-0.64
99.8833334446,[debug],turtlebot1,simulation,robot-pose,x=-33.85;y=18.78;yaw=2.89
99.8833334446,[debug],turtlebot1,simulation,robot-pose,x=-33.85;y=18.78;yaw=2.89
100.083333254,[debug],turtlebot2,simulation,robot-pose,x=-27.22;y=18.03;yaw=-1.58
100.083333254,[debug],turtlebot2,simulation,robot-pose,x=-27.22;y=18.03;yaw=-1.58
100.083333254,[debug],turtlebot5,simulation,robot-pose,x=-35.91;y=15.41;yaw=-0.22
100.083333254,[debug],turtlebot3,simulation,robot-pose,x=-40.39;y=25.23;yaw=0.33
100.083333254,[debug],turtlebot4,simulation,robot-pose,x=-20.99;y=18.00;yaw=-1.54
100.266666651,[debug],turtlebot5,simulation,robot-pose,x=-35.91;y=15.41;yaw=-0.22
100.266666651,[debug],turtlebot3,simulation,robot-pose,x=-40.39;y=25.23;yaw=0.33
100.266666651,[debug],turtlebot4,simulation,robot-pose,x=-20.99;y=18.00;yaw=-1.54
114.883333445,[debug],turtlebot1,simulation,robot-pose,x=-33.86;y=18.79;yaw=2.91
114.883333445,[debug],turtlebot1,simulation,robot-pose,x=-33.86;y=18.79;yaw=2.91
115.083333254,[debug],turtlebot5,simulation,robot-pose,x=-34.66;y=15.29;yaw=-0.01
115.083333254,[debug],turtlebot2,simulation,robot-pose,x=-27.22;y=18.03;yaw=-1.58
115.083333254,[debug],turtlebot4,simulation,robot-pose,x=-20.99;y=18.00;yaw=-1.54
115.083333254,[debug],turtlebot3,simulation,robot-pose,x=-40.39;y=25.23;yaw=0.33
115.25,[debug],turtlebot5,simulation,robot-pose,x=-34.66;y=15.29;yaw=-0.01
115.25,[debug],turtlebot2,simulation,robot-pose,x=-27.22;y=18.03;yaw=-1.58
115.25,[debug],turtlebot4,simulation,robot-pose,x=-20.99;y=18.00;yaw=-1.54
115.25,[debug],turtlebot3,simulation,robot-pose,x=-40.39;y=25.23;yaw=0.33
116.966666698,[info],turtlebot5,skill-life-cycle,navigation,(status=RUNNING, parameters=[[-37.0, 21.5, -1.5707963267948966, True], [-37.0, 16.0, 0.0, True], [-28.5, 16.0, 1.5707963267948966, True], [-28.5, 18.0, -1.57, False]])
129.883333445,[debug],turtlebot1,simulation,robot-pose,x=-33.86;y=18.79;yaw=2.93
129.883333445,[debug],turtlebot1,simulation,robot-pose,x=-33.86;y=18.79;yaw=2.93
130.083333254,[debug],turtlebot3,simulation,robot-pose,x=-40.39;y=25.23;yaw=0.33
130.083333254,[debug],turtlebot3,simulation,robot-pose,x=-40.39;y=25.23;yaw=0.33
130.083333254,[debug],turtlebot4,simulation,robot-pose,x=-21.00;y=18.00;yaw=-1.54
130.083333254,[debug],turtlebot5,simulation,robot-pose,x=-33.41;y=15.30;yaw=0.00
130.083333254,[debug],turtlebot2,simulation,robot-pose,x=-27.22;y=18.03;yaw=-1.58
130.25,[debug],turtlebot4,simulation,robot-pose,x=-21.00;y=18.00;yaw=-1.54
130.25,[debug],turtlebot5,simulation,robot-pose,x=-33.41;y=15.30;yaw=0.00
130.25,[debug],turtlebot2,simulation,robot-pose,x=-27.22;y=18.03;yaw=-1.58
144.883333445,[debug],turtlebot1,simulation,robot-pose,x=-33.87;y=18.79;yaw=2.96
144.883333445,[debug],turtlebot1,simulation,robot-pose,x=-33.87;y=18.79;yaw=2.96
145.083333254,[debug],turtlebot5,simulation,robot-pose,x=-32.16;y=15.30;yaw=-0.02
145.083333254,[debug],turtlebot5,simulation,robot-pose,x=-32.16;y=15.30;yaw=-0.02
145.083333254,[debug],turtlebot2,simulation,robot-pose,x=-27.22;y=18.03;yaw=-1.57
145.083333254,[debug],turtlebot4,simulation,robot-pose,x=-21.00;y=18.00;yaw=-1.54
145.083333254,[debug],turtlebot3,simulation,robot-pose,x=-40.39;y=25.23;yaw=0.33
145.233333349,[debug],turtlebot2,simulation,robot-pose,x=-27.22;y=18.03;yaw=-1.57
145.233333349,[debug],turtlebot4,simulation,robot-pose,x=-21.00;y=18.00;yaw=-1.54
145.25,[debug],turtlebot3,simulation,robot-pose,x=-40.39;y=25.23;yaw=0.33
159.883333445,[debug],turtlebot1,simulation,robot-pose,x=-33.87;y=18.79;yaw=2.98
159.883333445,[debug],turtlebot1,simulation,robot-pose,x=-33.87;y=18.79;yaw=2.98
160.083333254,[debug],turtlebot5,simulation,robot-pose,x=-30.91;y=15.37;yaw=0.25
160.083333254,[debug],turtlebot5,simulation,robot-pose,x=-30.91;y=15.37;yaw=0.25
160.083333254,[debug],turtlebot2,simulation,robot-pose,x=-27.22;y=18.03;yaw=-1.57
160.083333254,[debug],turtlebot3,simulation,robot-pose,x=-40.39;y=25.23;yaw=0.33
160.083333254,[debug],turtlebot4,simulation,robot-pose,x=-21.00;y=18.00;yaw=-1.54
160.233333349,[debug],turtlebot2,simulation,robot-pose,x=-27.22;y=18.03;yaw=-1.57
160.233333349,[debug],turtlebot3,simulation,robot-pose,x=-40.39;y=25.23;yaw=0.33
160.233333349,[debug],turtlebot4,simulation,robot-pose,x=-21.00;y=18.00;yaw=-1.54
167.783333302,[info],turtlebot5,skill-life-cycle,navigation,(status=RUNNING, parameters=[[-37.0, 21.5, -1.5707963267948966, True], [-37.0, 16.0, 0.0, True], [-28.5, 16.0, 1.5707963267948966, True], [-28.5, 18.0, -1.57, False]])
174.883333445,[debug],turtlebot1,simulation,robot-pose,x=-33.88;y=18.79;yaw=3.00
174.883333445,[debug],turtlebot1,simulation,robot-pose,x=-33.88;y=18.79;yaw=3.00
175.083333254,[debug],turtlebot4,simulation,robot-pose,x=-21.00;y=18.00;yaw=-1.54
175.083333254,[debug],turtlebot5,simulation,robot-pose,x=-29.68;y=15.67;yaw=0.24
175.083333254,[debug],turtlebot2,simulation,robot-pose,x=-27.22;y=18.03;yaw=-1.57
175.083333254,[debug],turtlebot3,simulation,robot-pose,x=-40.39;y=25.23;yaw=0.33
175.216666698,[debug],turtlebot4,simulation,robot-pose,x=-21.00;y=18.00;yaw=-1.54
175.233333349,[debug],turtlebot5,simulation,robot-pose,x=-29.68;y=15.67;yaw=0.24
175.233333349,[debug],turtlebot2,simulation,robot-pose,x=-27.22;y=18.03;yaw=-1.57
175.233333349,[debug],turtlebot3,simulation,robot-pose,x=-40.39;y=25.23;yaw=0.33
187.366666555,[debug],turtlebot5,move-base-info,Hooray, the base moved arrived,(x=-28.5;y=16)
187.366666555,[debug],turtlebot5,move-base-info,Hooray, the base moved arrived,(x=-28.5;y=16)
187.549999952,[debug],turtlebot5,task-update,navigation,way-point-reached,75.0%
189.883333445,[debug],turtlebot1,simulation,robot-pose,x=-33.88;y=18.79;yaw=3.00
189.883333445,[debug],turtlebot1,simulation,robot-pose,x=-33.88;y=18.79;yaw=3.00
190.083333254,[debug],turtlebot5,simulation,robot-pose,x=-28.94;y=15.84;yaw=1.53
190.083333254,[debug],turtlebot5,simulation,robot-pose,x=-28.94;y=15.84;yaw=1.53
190.083333254,[debug],turtlebot2,simulation,robot-pose,x=-27.22;y=18.03;yaw=-1.57
190.083333254,[debug],turtlebot3,simulation,robot-pose,x=-40.39;y=25.23;yaw=0.33
190.083333254,[debug],turtlebot4,simulation,robot-pose,x=-21.00;y=18.00;yaw=-1.54
190.233333349,[debug],turtlebot2,simulation,robot-pose,x=-27.22;y=18.03;yaw=-1.57
190.233333349,[debug],turtlebot3,simulation,robot-pose,x=-40.39;y=25.23;yaw=0.33
190.233333349,[debug],turtlebot4,simulation,robot-pose,x=-21.00;y=18.00;yaw=-1.54
204.883333445,[debug],turtlebot1,simulation,robot-pose,x=-33.88;y=18.79;yaw=3.01
204.883333445,[debug],turtlebot1,simulation,robot-pose,x=-33.88;y=18.79;yaw=3.01
205.083333254,[debug],turtlebot4,simulation,robot-pose,x=-21.01;y=18.00;yaw=-1.54
205.083333254,[debug],turtlebot3,simulation,robot-pose,x=-40.39;y=25.23;yaw=0.33
205.083333254,[debug],turtlebot5,simulation,robot-pose,x=-28.91;y=17.54;yaw=1.52
205.083333254,[debug],turtlebot2,simulation,robot-pose,x=-27.22;y=18.03;yaw=-1.57
205.233333349,[debug],turtlebot4,simulation,robot-pose,x=-21.01;y=18.00;yaw=-1.54
205.233333349,[debug],turtlebot3,simulation,robot-pose,x=-40.39;y=25.23;yaw=0.33
205.233333349,[debug],turtlebot5,simulation,robot-pose,x=-28.91;y=17.54;yaw=1.52
205.233333349,[debug],turtlebot2,simulation,robot-pose,x=-27.22;y=18.03;yaw=-1.57
214.200000048,[debug],turtlebot5,move-base-info,Hooray, the base moved arrived,(x=-28.5;y=18)
214.233333349,[debug],turtlebot5,move-base-info,Hooray, the base moved arrived,(x=-28.5;y=18)
214.450000048,[debug],turtlebot5,task-update,navigation,way-point-reached,100.0%
214.549999952,[debug],turtlebot5,available-skills,['send_message', 'wait_message', 'approach_person', 'approach_robot', 'authenticate_person', 'deposit', 'navigation', 'operate_drawer', 'pick_up'],
214.549999952,[info],turtlebot5,skill-life-cycle,approach_person,(status=STARTED, parameters=['nurse'])
214.633333445,[debug],turtlebot5,task-update,approach_person,localize-person,(who=nurse)
214.733333349,[debug],turtlebot5,task-update,approach_person,goto-person,(who=nurse)
214.816666603,[debug],turtlebot5,available-skills,['send_message', 'wait_message', 'approach_person', 'approach_robot', 'authenticate_person', 'deposit', 'navigation', 'operate_drawer', 'pick_up'],
214.816666603,[info],turtlebot5,skill-life-cycle,authenticate_person,(status=STARTED, parameters=['nurse'])
214.883333445,[debug],turtlebot5,task-update,authenticate_person,request-authentication,(to=nurse)
214.883333445,[info],nurse,sync,received-request,(status=sending-request)
214.883333445,[info],nurse,sync,received-request,(status=sending-request)
215.333333254,[debug],turtlebot5,task-update,authenticate_person,received-authentication,(from=nurse)
215.433333397,[debug],turtlebot5,available-skills,['send_message', 'wait_message', 'approach_person', 'approach_robot', 'authenticate_person', 'deposit', 'navigation', 'operate_drawer', 'pick_up'],
215.433333397,[info],turtlebot5,skill-life-cycle,operate_drawer,(status=STARTED, parameters=['open'])
215.483333349,[debug],turtlebot5,task-update,operate_drawer,open
216.533333302,[debug],turtlebot5,available-skills,['send_message', 'wait_message', 'approach_person', 'approach_robot', 'authenticate_person', 'deposit', 'navigation', 'operate_drawer', 'pick_up'],
216.533333302,[info],turtlebot5,skill-life-cycle,send_message,(status=STARTED, parameters=['nurse'])
216.650000095,[info],turtlebot5,sync,send-message,(to=nurse)
217.516666651,[info],nurse,sync,wait-message,(status=message-received)
217.516666651,[info],nurse,sync,wait-message,(status=message-received)
219.883333445,[debug],turtlebot1,simulation,robot-pose,x=-33.88;y=18.79;yaw=3.01
219.883333445,[debug],turtlebot1,simulation,robot-pose,x=-33.88;y=18.79;yaw=3.01
220.083333254,[debug],turtlebot2,simulation,robot-pose,x=-27.21;y=18.03;yaw=-1.57
220.083333254,[debug],turtlebot4,simulation,robot-pose,x=-21.01;y=18.00;yaw=-1.54
220.083333254,[debug],turtlebot5,simulation,robot-pose,x=-28.87;y=17.78;yaw=-1.51
220.083333254,[debug],turtlebot3,simulation,robot-pose,x=-40.39;y=25.23;yaw=0.33
220.233333349,[debug],turtlebot2,simulation,robot-pose,x=-27.21;y=18.03;yaw=-1.57
220.233333349,[debug],turtlebot4,simulation,robot-pose,x=-21.01;y=18.00;yaw=-1.54
220.233333349,[debug],turtlebot5,simulation,robot-pose,x=-28.87;y=17.78;yaw=-1.51
220.233333349,[debug],turtlebot3,simulation,robot-pose,x=-40.39;y=25.23;yaw=0.33
220.283333302,[debug],turtlebot5,available-skills,['send_message', 'wait_message', 'approach_person', 'approach_robot', 'authenticate_person', 'deposit', 'navigation', 'operate_drawer', 'pick_up'],
220.283333302,[info],turtlebot5,skill-life-cycle,wait_message,(status=STARTED, parameters=['r1'])
220.833333254,[info],turtlebot5,skill-life-cycle,wait_message,(status=RUNNING, parameters=['r1'])
221.583333254,[info],turtlebot5,sync,wait-message,(status=message-received)
221.683333397,[debug],turtlebot5,available-skills,['send_message', 'wait_message', 'approach_person', 'approach_robot', 'authenticate_person', 'deposit', 'navigation', 'operate_drawer', 'pick_up'],
221.683333397,[info],turtlebot5,skill-life-cycle,operate_drawer,(status=STARTED, parameters=['close'])
221.783333302,[debug],turtlebot5,task-update,operate_drawer,close
222.799999952,[debug],turtlebot5,available-skills,['send_message', 'wait_message', 'approach_person', 'approach_robot', 'authenticate_person', 'deposit', 'navigation', 'operate_drawer', 'pick_up'],
222.799999952,[info],turtlebot5,skill-life-cycle,navigation,(status=STARTED, parameters=[[-28.5, 16.0, 0.0, True], [-26.0, 16.0, -1.5707963267948966, True], [-26.0, 13.0, 1.57, False]])
227.516666651,[info],nurse,sync,wait-message,(status=message-received)
227.516666651,[info],nurse,sync,wait-message,(status=message-received)
234.883333445,[info],nurse,sync,request-sent,(status=waiting)
234.883333445,[info],nurse,sync,request-sent,(status=waiting)
234.883333445,[debug],turtlebot1,simulation,robot-pose,x=-33.88;y=18.79;yaw=3.01
234.883333445,[debug],turtlebot1,simulation,robot-pose,x=-33.88;y=18.79;yaw=3.01
235.083333254,[debug],turtlebot2,simulation,robot-pose,x=-27.21;y=18.03;yaw=-1.57
235.083333254,[debug],turtlebot4,simulation,robot-pose,x=-21.01;y=18.00;yaw=-1.54
235.083333254,[debug],turtlebot3,simulation,robot-pose,x=-40.39;y=25.23;yaw=0.33
235.083333254,[debug],turtlebot5,simulation,robot-pose,x=-28.92;y=16.58;yaw=-1.66
235.25,[debug],turtlebot2,simulation,robot-pose,x=-27.21;y=18.03;yaw=-1.57
235.266666651,[debug],turtlebot4,simulation,robot-pose,x=-21.01;y=18.00;yaw=-1.54
235.266666651,[debug],turtlebot3,simulation,robot-pose,x=-40.39;y=25.23;yaw=0.33
235.266666651,[debug],turtlebot5,simulation,robot-pose,x=-28.92;y=16.58;yaw=-1.66
237.516666651,[info],nurse,sync,wait-message,(status=message-received)
237.516666651,[info],nurse,sync,wait-message,(status=message-received)
241.099999905,[debug],turtlebot5,move-base-info,Hooray, the base moved arrived,(x=-28.5;y=16)
241.25,[debug],turtlebot5,move-base-info,Hooray, the base moved arrived,(x=-28.5;y=16)
241.299999952,[debug],turtlebot5,task-update,navigation,way-point-reached,33.33333333333333%
247.516666651,[info],nurse,sync,wait-message,(status=message-received)
247.516666651,[info],nurse,sync,wait-message,(status=message-received)
249.883333445,[debug],turtlebot1,simulation,robot-pose,x=-33.88;y=18.79;yaw=3.01
249.883333445,[debug],turtlebot1,simulation,robot-pose,x=-33.88;y=18.79;yaw=3.01
250.083333254,[debug],turtlebot5,simulation,robot-pose,x=-28.59;y=16.13;yaw=-0.51
250.083333254,[debug],turtlebot5,simulation,robot-pose,x=-28.59;y=16.13;yaw=-0.51
250.083333254,[debug],turtlebot3,simulation,robot-pose,x=-40.39;y=25.23;yaw=0.33
250.083333254,[debug],turtlebot3,simulation,robot-pose,x=-40.39;y=25.23;yaw=0.33
250.083333254,[debug],turtlebot2,simulation,robot-pose,x=-27.21;y=18.03;yaw=-1.57
250.083333254,[debug],turtlebot4,simulation,robot-pose,x=-21.02;y=18.00;yaw=-1.54
250.25,[debug],turtlebot2,simulation,robot-pose,x=-27.21;y=18.03;yaw=-1.57
250.25,[debug],turtlebot4,simulation,robot-pose,x=-21.02;y=18.00;yaw=-1.54
264.883333445,[debug],turtlebot1,simulation,robot-pose,x=-33.88;y=18.79;yaw=3.01
264.883333445,[debug],turtlebot1,simulation,robot-pose,x=-33.88;y=18.79;yaw=3.01
265.083333254,[debug],turtlebot2,simulation,robot-pose,x=-27.21;y=18.03;yaw=-1.57
265.083333254,[debug],turtlebot2,simulation,robot-pose,x=-27.21;y=18.03;yaw=-1.57
265.083333254,[debug],turtlebot3,simulation,robot-pose,x=-40.39;y=25.23;yaw=0.33
265.083333254,[debug],turtlebot5,simulation,robot-pose,x=-27.37;y=15.76;yaw=-0.12
265.083333254,[debug],turtlebot4,simulation,robot-pose,x=-21.02;y=18.00;yaw=-1.54
265.233333349,[debug],turtlebot3,simulation,robot-pose,x=-40.39;y=25.23;yaw=0.33
265.233333349,[debug],turtlebot5,simulation,robot-pose,x=-27.37;y=15.76;yaw=-0.12
265.233333349,[debug],turtlebot4,simulation,robot-pose,x=-21.02;y=18.00;yaw=-1.54
272.983333349,[info],turtlebot5,skill-life-cycle,navigation,(status=RUNNING, parameters=[[-28.5, 16.0, 0.0, True], [-26.0, 16.0, -1.5707963267948966, True], [-26.0, 13.0, 1.57, False]])
279.883333445,[debug],turtlebot1,simulation,robot-pose,x=-33.88;y=18.79;yaw=3.01
279.883333445,[debug],turtlebot1,simulation,robot-pose,x=-33.88;y=18.79;yaw=3.01
280.083333254,[debug],turtlebot4,simulation,robot-pose,x=-21.03;y=18.00;yaw=-1.54
280.083333254,[debug],turtlebot3,simulation,robot-pose,x=-40.39;y=25.23;yaw=0.33
280.083333254,[debug],turtlebot2,simulation,robot-pose,x=-27.21;y=18.03;yaw=-1.57
280.083333254,[debug],turtlebot5,simulation,robot-pose,x=-26.42;y=15.87;yaw=-1.42
280.216666698,[debug],turtlebot4,simulation,robot-pose,x=-21.03;y=18.00;yaw=-1.54
280.216666698,[debug],turtlebot3,simulation,robot-pose,x=-40.39;y=25.23;yaw=0.33
280.216666698,[debug],turtlebot2,simulation,robot-pose,x=-27.21;y=18.03;yaw=-1.57
280.233333349,[debug],turtlebot5,simulation,robot-pose,x=-26.42;y=15.87;yaw=-1.42
280.883333445,[debug],turtlebot5,move-base-info,Hooray, the base moved arrived,(x=-26;y=16)
280.883333445,[debug],turtlebot5,move-base-info,Hooray, the base moved arrived,(x=-26;y=16)
281.016666651,[debug],turtlebot5,task-update,navigation,way-point-reached,66.66666666666666%
294.883333445,[debug],turtlebot1,simulation,robot-pose,x=-33.88;y=18.79;yaw=3.01
294.883333445,[debug],turtlebot1,simulation,robot-pose,x=-33.88;y=18.79;yaw=3.01
295.083333254,[debug],turtlebot2,simulation,robot-pose,x=-27.21;y=18.03;yaw=-1.57
295.083333254,[debug],turtlebot2,simulation,robot-pose,x=-27.21;y=18.03;yaw=-1.57
295.083333254,[debug],turtlebot3,simulation,robot-pose,x=-40.39;y=25.23;yaw=0.33
295.083333254,[debug],turtlebot3,simulation,robot-pose,x=-40.39;y=25.23;yaw=0.33
295.083333254,[debug],turtlebot4,simulation,robot-pose,x=-21.03;y=18.00;yaw=-1.54
295.083333254,[debug],turtlebot4,simulation,robot-pose,x=-21.03;y=18.00;yaw=-1.54
295.083333254,[debug],turtlebot5,simulation,robot-pose,x=-26.14;y=14.65;yaw=-1.55
295.083333254,[debug],turtlebot5,simulation,robot-pose,x=-26.14;y=14.65;yaw=-1.55
309.883333445,[debug],turtlebot1,simulation,robot-pose,x=-33.88;y=18.79;yaw=3.01
309.883333445,[debug],turtlebot1,simulation,robot-pose,x=-33.88;y=18.79;yaw=3.01
310.083333254,[debug],turtlebot5,simulation,robot-pose,x=-26.10;y=14.35;yaw=-1.14
310.083333254,[debug],turtlebot5,simulation,robot-pose,x=-26.10;y=14.35;yaw=-1.14
310.083333254,[debug],turtlebot4,simulation,robot-pose,x=-21.03;y=18.00;yaw=-1.54
310.083333254,[debug],turtlebot3,simulation,robot-pose,x=-40.39;y=25.23;yaw=0.33
310.083333254,[debug],turtlebot4,simulation,robot-pose,x=-21.03;y=18.00;yaw=-1.54
310.083333254,[debug],turtlebot3,simulation,robot-pose,x=-40.39;y=25.23;yaw=0.33
310.083333254,[debug],turtlebot2,simulation,robot-pose,x=-27.21;y=18.03;yaw=-1.57
310.25,[debug],turtlebot2,simulation,robot-pose,x=-27.21;y=18.03;yaw=-1.57
324.716666698,[info],turtlebot5,skill-life-cycle,navigation,(status=RUNNING, parameters=[[-28.5, 16.0, 0.0, True], [-26.0, 16.0, -1.5707963267948966, True], [-26.0, 13.0, 1.57, False]])
324.833333254,[debug],turtlebot5,move-base-info,Hooray, the base moved arrived,(x=-26;y=13)
324.833333254,[debug],turtlebot5,move-base-info,Hooray, the base moved arrived,(x=-26;y=13)
324.883333445,[debug],turtlebot1,simulation,robot-pose,x=-33.88;y=18.79;yaw=3.01
324.883333445,[debug],turtlebot1,simulation,robot-pose,x=-33.88;y=18.79;yaw=3.01
325.0,[debug],turtlebot5,task-update,navigation,way-point-reached,100.0%
325.083333254,[debug],turtlebot4,simulation,robot-pose,x=-21.03;y=18.00;yaw=-1.54
325.083333254,[debug],turtlebot4,simulation,robot-pose,x=-21.03;y=18.00;yaw=-1.54
325.083333254,[debug],turtlebot2,simulation,robot-pose,x=-27.21;y=18.03;yaw=-1.55
325.083333254,[debug],turtlebot2,simulation,robot-pose,x=-27.21;y=18.03;yaw=-1.55
325.083333254,[debug],turtlebot3,simulation,robot-pose,x=-40.39;y=25.23;yaw=0.33
325.083333254,[debug],turtlebot5,simulation,robot-pose,x=-25.89;y=13.38;yaw=1.61
325.083333254,[debug],turtlebot3,simulation,robot-pose,x=-40.39;y=25.23;yaw=0.33
325.083333254,[debug],turtlebot5,simulation,robot-pose,x=-25.89;y=13.38;yaw=1.61
325.099999905,[debug],turtlebot5,available-skills,['send_message', 'wait_message', 'approach_person', 'approach_robot', 'authenticate_person', 'deposit', 'navigation', 'operate_drawer', 'pick_up'],
325.099999905,[info],turtlebot5,skill-life-cycle,approach_robot,(status=STARTED, parameters=['lab_arm'])
325.200000048,[debug],turtlebot5,task-update,approach_robot,localize-robot,(who=lab_arm)
326.316666603,[debug],turtlebot5,task-update,approach_robot,goto-robot,(who=lab_arm)
326.416666746,[debug],turtlebot5,available-skills,['send_message', 'wait_message', 'approach_person', 'approach_robot', 'authenticate_person', 'deposit', 'navigation', 'operate_drawer', 'pick_up'],
326.416666746,[info],turtlebot5,skill-life-cycle,operate_drawer,(status=STARTED, parameters=['open'])
326.433333397,[debug],turtlebot5,task-update,operate_drawer,open
327.383333445,[debug],turtlebot5,available-skills,['send_message', 'wait_message', 'approach_person', 'approach_robot', 'authenticate_person', 'deposit', 'navigation', 'operate_drawer', 'pick_up'],
327.383333445,[info],turtlebot5,skill-life-cycle,send_message,(status=STARTED, parameters=['lab_arm'])
327.483333349,[info],turtlebot5,sync,send-message,(to=lab_arm)
328.483333349,[info],lab_arm,sync,wait-message,(status=message-received)
328.483333349,[info],lab_arm,sync,wait-message,(status=message-received)
328.483333349,[info],Inventory,sync,wait-sample,(status=sample-received)
328.483333349,[info],Inventory,sync,wait-sample,(status=sample-received)
328.483333349,ENDSIM
328.483333349,ENDSIM
338.483333349,[info],Inventory,sync,wait-sample,(status=sample-received)
338.483333349,ENDSIM
338.483333349,[info],Inventory,sync,wait-sample,(status=sample-received)
338.483333349,ENDSIM
338.483333349,[info],lab_arm,sync,wait-message,(status=message-received)
338.483333349,[info],lab_arm,sync,wait-message,(status=message-received)
338.483333349,[info],Inventory,sync,wait-sample,(status=sample-received)
338.483333349,[info],Inventory,sync,wait-sample,(status=sample-received)
338.483333349,ENDSIM
338.483333349,ENDSIM
0.0,[debug],simulation closed,reach-target,execution-wall-clock=398.421514749527
