4.8833334446,[debug],turtlebot1,move-base-info,Move_base is up and ok....,
5.34999990463,[debug],turtlebot3,move-base-info,Move_base is up and ok....,
5.68333339691,[debug],turtlebot4,move-base-info,Move_base is up and ok....,
9.76666665077,[info],turtlebot2,skill-life-cycle,init_robobt,(status=RUNNING, parameters=[])
11.6166665554,[info],turtlebot1,skill-life-cycle,init_robobt,(status=RUNNING, parameters=[])
11.75,[info],turtlebot3,skill-life-cycle,init_robobt,(status=RUNNING, parameters=[])
12.0,[info],turtlebot4,skill-life-cycle,init_robobt,(status=RUNNING, parameters=[])
15.5,[debug],turtlebot1,available-skills,['send_message', 'wait_message', 'approach_person', 'approach_robot', 'authenticate_person', 'deposit', 'navigation', 'operate_drawer', 'pick_up'],
15.5,[info],turtlebot1,skill-life-cycle,navigation,(status=STARTED, parameters=[[-13.5, 16.0, 3.141592653589793, True], [-37.0, 16.0, 1.5707963267948966, True], [-37.0, 21.5, 3.141592653589793, True], [-38.0, 21.5, 0.0, False]])
24.2999999523,[debug],turtlebot1,simulation,robot-pose,x=-13.51;y=17.66;yaw=-1.65
24.2999999523,[debug],turtlebot1,simulation,robot-pose,x=-13.51;y=17.66;yaw=-1.65
24.4333333969,[debug],turtlebot5,simulation,robot-pose,x=-20.99;y=18.00;yaw=-1.54
24.4333333969,[debug],turtlebot3,simulation,robot-pose,x=-40.39;y=25.23;yaw=0.34
24.4333333969,[debug],turtlebot5,simulation,robot-pose,x=-20.99;y=18.00;yaw=-1.54
24.4333333969,[debug],turtlebot4,simulation,robot-pose,x=-32.89;y=33.97;yaw=-3.10
24.4333333969,[debug],turtlebot3,simulation,robot-pose,x=-40.39;y=25.23;yaw=0.34
24.4333333969,[debug],turtlebot4,simulation,robot-pose,x=-32.89;y=33.97;yaw=-3.10
24.4333333969,[debug],turtlebot2,simulation,robot-pose,x=-39.51;y=33.84;yaw=0.46
24.4333333969,[debug],turtlebot2,simulation,robot-pose,x=-39.51;y=33.84;yaw=0.46
39.2999999523,[debug],turtlebot1,simulation,robot-pose,x=-13.51;y=16.48;yaw=-1.99
39.3166666031,[debug],turtlebot1,simulation,robot-pose,x=-13.51;y=16.48;yaw=-1.99
39.4333333969,[debug],turtlebot4,simulation,robot-pose,x=-32.89;y=33.97;yaw=-3.10
39.4333333969,[debug],turtlebot3,simulation,robot-pose,x=-40.39;y=25.23;yaw=0.33
39.4333333969,[debug],turtlebot4,simulation,robot-pose,x=-32.89;y=33.97;yaw=-3.10
39.4333333969,[debug],turtlebot2,simulation,robot-pose,x=-39.51;y=33.84;yaw=0.46
39.4333333969,[debug],turtlebot3,simulation,robot-pose,x=-40.39;y=25.23;yaw=0.33
39.4333333969,[debug],turtlebot5,simulation,robot-pose,x=-20.99;y=18.00;yaw=-1.54
39.4333333969,[debug],turtlebot2,simulation,robot-pose,x=-39.51;y=33.84;yaw=0.46
39.4333333969,[debug],turtlebot5,simulation,robot-pose,x=-20.99;y=18.00;yaw=-1.54
42.5333333015,[debug],turtlebot1,move-base-info,Hooray, the base moved arrived,(x=-13.5;y=16)
42.5333333015,[debug],turtlebot1,move-base-info,Hooray, the base moved arrived,(x=-13.5;y=16)
42.5333333015,[debug],turtlebot1,task-update,navigation,way-point-reached,25.0%
54.2999999523,[debug],turtlebot1,simulation,robot-pose,x=-14.22;y=16.15;yaw=-2.63
54.2999999523,[debug],turtlebot1,simulation,robot-pose,x=-14.22;y=16.15;yaw=-2.63
54.4333333969,[debug],turtlebot3,simulation,robot-pose,x=-40.39;y=25.23;yaw=0.33
54.4333333969,[debug],turtlebot3,simulation,robot-pose,x=-40.39;y=25.23;yaw=0.33
54.4333333969,[debug],turtlebot2,simulation,robot-pose,x=-39.51;y=33.84;yaw=0.46
54.4333333969,[debug],turtlebot2,simulation,robot-pose,x=-39.51;y=33.84;yaw=0.46
54.4333333969,[debug],turtlebot5,simulation,robot-pose,x=-20.99;y=18.00;yaw=-1.54
54.4333333969,[debug],turtlebot5,simulation,robot-pose,x=-20.99;y=18.00;yaw=-1.54
54.4333333969,[debug],turtlebot4,simulation,robot-pose,x=-32.89;y=33.97;yaw=-3.10
54.4333333969,[debug],turtlebot4,simulation,robot-pose,x=-32.89;y=33.97;yaw=-3.10
63.7999999523,[info],turtlebot1,skill-life-cycle,navigation,(status=RUNNING, parameters=[[-13.5, 16.0, 3.141592653589793, True], [-37.0, 16.0, 1.5707963267948966, True], [-37.0, 21.5, 3.141592653589793, True], [-38.0, 21.5, 0.0, False]])
69.2999999523,[debug],turtlebot1,simulation,robot-pose,x=-16.31;y=15.81;yaw=3.02
69.2999999523,[debug],turtlebot1,simulation,robot-pose,x=-16.31;y=15.81;yaw=3.02
69.4333333969,[debug],turtlebot5,simulation,robot-pose,x=-20.99;y=18.00;yaw=-1.54
69.4333333969,[debug],turtlebot5,simulation,robot-pose,x=-20.99;y=18.00;yaw=-1.54
69.4333333969,[debug],turtlebot2,simulation,robot-pose,x=-39.51;y=33.84;yaw=0.46
69.4333333969,[debug],turtlebot2,simulation,robot-pose,x=-39.51;y=33.84;yaw=0.46
69.4333333969,[debug],turtlebot4,simulation,robot-pose,x=-32.89;y=33.97;yaw=-3.10
69.4333333969,[debug],turtlebot3,simulation,robot-pose,x=-40.39;y=25.23;yaw=0.33
69.4333333969,[debug],turtlebot4,simulation,robot-pose,x=-32.89;y=33.97;yaw=-3.10
69.4333333969,[debug],turtlebot3,simulation,robot-pose,x=-40.39;y=25.23;yaw=0.33
84.2999999523,[debug],turtlebot1,simulation,robot-pose,x=-18.76;y=15.79;yaw=3.11
84.2999999523,[debug],turtlebot1,simulation,robot-pose,x=-18.76;y=15.79;yaw=3.11
84.4333333969,[debug],turtlebot4,simulation,robot-pose,x=-32.90;y=33.97;yaw=-3.10
84.4333333969,[debug],turtlebot4,simulation,robot-pose,x=-32.90;y=33.97;yaw=-3.10
84.4333333969,[debug],turtlebot5,simulation,robot-pose,x=-20.99;y=18.00;yaw=-1.54
84.4333333969,[debug],turtlebot2,simulation,robot-pose,x=-39.51;y=33.84;yaw=0.46
84.4333333969,[debug],turtlebot5,simulation,robot-pose,x=-20.99;y=18.00;yaw=-1.54
84.4333333969,[debug],turtlebot3,simulation,robot-pose,x=-40.39;y=25.23;yaw=0.33
84.4333333969,[debug],turtlebot2,simulation,robot-pose,x=-39.51;y=33.84;yaw=0.46
84.4333333969,[debug],turtlebot3,simulation,robot-pose,x=-40.39;y=25.23;yaw=0.33
99.2999999523,[debug],turtlebot1,simulation,robot-pose,x=-21.29;y=15.82;yaw=3.10
99.3166666031,[debug],turtlebot1,simulation,robot-pose,x=-21.29;y=15.82;yaw=3.10
99.4333333969,[debug],turtlebot5,simulation,robot-pose,x=-20.99;y=18.00;yaw=-1.54
99.4333333969,[debug],turtlebot5,simulation,robot-pose,x=-20.99;y=18.00;yaw=-1.54
99.4333333969,[debug],turtlebot4,simulation,robot-pose,x=-32.90;y=33.97;yaw=-3.10
99.4333333969,[debug],turtlebot4,simulation,robot-pose,x=-32.90;y=33.97;yaw=-3.10
99.4333333969,[debug],turtlebot2,simulation,robot-pose,x=-39.51;y=33.84;yaw=0.46
99.4333333969,[debug],turtlebot2,simulation,robot-pose,x=-39.51;y=33.84;yaw=0.46
99.4333333969,[debug],turtlebot3,simulation,robot-pose,x=-40.39;y=25.23;yaw=0.33
99.4333333969,[debug],turtlebot3,simulation,robot-pose,x=-40.39;y=25.23;yaw=0.33
114.299999952,[debug],turtlebot1,simulation,robot-pose,x=-23.80;y=15.83;yaw=3.14
114.299999952,[debug],turtlebot1,simulation,robot-pose,x=-23.80;y=15.83;yaw=3.14
114.433333397,[debug],turtlebot3,simulation,robot-pose,x=-40.39;y=25.23;yaw=0.33
114.433333397,[debug],turtlebot3,simulation,robot-pose,x=-40.39;y=25.23;yaw=0.33
114.433333397,[debug],turtlebot4,simulation,robot-pose,x=-32.90;y=33.97;yaw=-3.09
114.433333397,[debug],turtlebot4,simulation,robot-pose,x=-32.90;y=33.97;yaw=-3.09
114.433333397,[debug],turtlebot5,simulation,robot-pose,x=-20.99;y=18.00;yaw=-1.54
114.433333397,[debug],turtlebot5,simulation,robot-pose,x=-20.99;y=18.00;yaw=-1.54
114.433333397,[debug],turtlebot2,simulation,robot-pose,x=-39.51;y=33.84;yaw=0.46
114.433333397,[debug],turtlebot2,simulation,robot-pose,x=-39.51;y=33.84;yaw=0.46
115.099999905,[info],turtlebot1,skill-life-cycle,navigation,(status=RUNNING, parameters=[[-13.5, 16.0, 3.141592653589793, True], [-37.0, 16.0, 1.5707963267948966, True], [-37.0, 21.5, 3.141592653589793, True], [-38.0, 21.5, 0.0, False]])
129.299999952,[debug],turtlebot1,simulation,robot-pose,x=-26.29;y=15.84;yaw=-3.14
129.333333254,[debug],turtlebot1,simulation,robot-pose,x=-26.29;y=15.84;yaw=-3.14
129.433333397,[debug],turtlebot5,simulation,robot-pose,x=-21.00;y=18.00;yaw=-1.54
129.433333397,[debug],turtlebot3,simulation,robot-pose,x=-40.39;y=25.23;yaw=0.33
129.433333397,[debug],turtlebot5,simulation,robot-pose,x=-21.00;y=18.00;yaw=-1.54
129.433333397,[debug],turtlebot2,simulation,robot-pose,x=-39.51;y=33.84;yaw=0.46
129.433333397,[debug],turtlebot3,simulation,robot-pose,x=-40.39;y=25.23;yaw=0.33
129.433333397,[debug],turtlebot4,simulation,robot-pose,x=-32.90;y=33.97;yaw=-3.09
129.433333397,[debug],turtlebot2,simulation,robot-pose,x=-39.51;y=33.84;yaw=0.46
129.433333397,[debug],turtlebot4,simulation,robot-pose,x=-32.90;y=33.97;yaw=-3.09
144.299999952,[debug],turtlebot1,simulation,robot-pose,x=-28.79;y=15.83;yaw=3.14
144.299999952,[debug],turtlebot1,simulation,robot-pose,x=-28.79;y=15.83;yaw=3.14
144.433333397,[debug],turtlebot5,simulation,robot-pose,x=-21.00;y=18.00;yaw=-1.54
144.433333397,[debug],turtlebot5,simulation,robot-pose,x=-21.00;y=18.00;yaw=-1.54
144.433333397,[debug],turtlebot4,simulation,robot-pose,x=-32.90;y=33.97;yaw=-3.09
144.433333397,[debug],turtlebot4,simulation,robot-pose,x=-32.90;y=33.97;yaw=-3.09
144.433333397,[debug],turtlebot3,simulation,robot-pose,x=-40.39;y=25.23;yaw=0.33
144.433333397,[debug],turtlebot3,simulation,robot-pose,x=-40.39;y=25.23;yaw=0.33
144.433333397,[debug],turtlebot2,simulation,robot-pose,x=-39.50;y=33.84;yaw=0.46
144.433333397,[debug],turtlebot2,simulation,robot-pose,x=-39.50;y=33.84;yaw=0.46
159.299999952,[debug],turtlebot1,simulation,robot-pose,x=-31.28;y=15.84;yaw=-3.14
159.299999952,[debug],turtlebot1,simulation,robot-pose,x=-31.28;y=15.84;yaw=-3.14
159.433333397,[debug],turtlebot5,simulation,robot-pose,x=-21.00;y=18.00;yaw=-1.54
159.433333397,[debug],turtlebot4,simulation,robot-pose,x=-32.90;y=33.97;yaw=-3.09
159.433333397,[debug],turtlebot5,simulation,robot-pose,x=-21.00;y=18.00;yaw=-1.54
159.433333397,[debug],turtlebot4,simulation,robot-pose,x=-32.90;y=33.97;yaw=-3.09
159.433333397,[debug],turtlebot2,simulation,robot-pose,x=-39.50;y=33.84;yaw=0.46
159.433333397,[debug],turtlebot2,simulation,robot-pose,x=-39.50;y=33.84;yaw=0.46
159.433333397,[debug],turtlebot3,simulation,robot-pose,x=-40.39;y=25.23;yaw=0.33
159.433333397,[debug],turtlebot3,simulation,robot-pose,x=-40.39;y=25.23;yaw=0.33
166.299999952,[info],turtlebot1,skill-life-cycle,navigation,(status=RUNNING, parameters=[[-13.5, 16.0, 3.141592653589793, True], [-37.0, 16.0, 1.5707963267948966, True], [-37.0, 21.5, 3.141592653589793, True], [-38.0, 21.5, 0.0, False]])
174.299999952,[debug],turtlebot1,simulation,robot-pose,x=-33.78;y=15.83;yaw=-3.14
174.299999952,[debug],turtlebot1,simulation,robot-pose,x=-33.78;y=15.83;yaw=-3.14
174.433333397,[debug],turtlebot4,simulation,robot-pose,x=-32.90;y=33.97;yaw=-3.09
174.433333397,[debug],turtlebot4,simulation,robot-pose,x=-32.90;y=33.97;yaw=-3.09
174.433333397,[debug],turtlebot5,simulation,robot-pose,x=-21.00;y=18.00;yaw=-1.54
174.433333397,[debug],turtlebot5,simulation,robot-pose,x=-21.00;y=18.00;yaw=-1.54
174.433333397,[debug],turtlebot3,simulation,robot-pose,x=-40.39;y=25.23;yaw=0.33
174.433333397,[debug],turtlebot3,simulation,robot-pose,x=-40.39;y=25.23;yaw=0.33
174.433333397,[debug],turtlebot2,simulation,robot-pose,x=-39.50;y=33.84;yaw=0.46
174.433333397,[debug],turtlebot2,simulation,robot-pose,x=-39.50;y=33.84;yaw=0.46
189.299999952,[debug],turtlebot1,simulation,robot-pose,x=-36.72;y=16.44;yaw=-2.93
189.299999952,[debug],turtlebot1,simulation,robot-pose,x=-36.72;y=16.44;yaw=-2.93
189.433333397,[debug],turtlebot2,simulation,robot-pose,x=-39.50;y=33.84;yaw=0.46
189.433333397,[debug],turtlebot2,simulation,robot-pose,x=-39.50;y=33.84;yaw=0.46
189.433333397,[debug],turtlebot4,simulation,robot-pose,x=-32.90;y=33.97;yaw=-3.09
189.433333397,[debug],turtlebot4,simulation,robot-pose,x=-32.90;y=33.97;yaw=-3.09
189.433333397,[debug],turtlebot5,simulation,robot-pose,x=-21.00;y=18.00;yaw=-1.54
189.433333397,[debug],turtlebot5,simulation,robot-pose,x=-21.00;y=18.00;yaw=-1.54
189.433333397,[debug],turtlebot3,simulation,robot-pose,x=-40.39;y=25.23;yaw=0.33
189.433333397,[debug],turtlebot3,simulation,robot-pose,x=-40.39;y=25.23;yaw=0.33
194.650000095,[debug],turtlebot1,move-base-info,Hooray, the base moved arrived,(x=-37;y=16)
194.650000095,[debug],turtlebot1,move-base-info,Hooray, the base moved arrived,(x=-37;y=16)
194.799999952,[debug],turtlebot1,task-update,navigation,way-point-reached,50.0%
204.299999952,[debug],turtlebot1,simulation,robot-pose,x=-36.85;y=20.05;yaw=1.62
204.299999952,[debug],turtlebot1,simulation,robot-pose,x=-36.85;y=20.05;yaw=1.62
204.433333397,[debug],turtlebot2,simulation,robot-pose,x=-39.50;y=33.84;yaw=0.46
204.433333397,[debug],turtlebot2,simulation,robot-pose,x=-39.50;y=33.84;yaw=0.46
204.433333397,[debug],turtlebot4,simulation,robot-pose,x=-32.91;y=33.97;yaw=-3.09
204.433333397,[debug],turtlebot4,simulation,robot-pose,x=-32.91;y=33.97;yaw=-3.09
204.433333397,[debug],turtlebot3,simulation,robot-pose,x=-40.39;y=25.23;yaw=0.33
204.433333397,[debug],turtlebot3,simulation,robot-pose,x=-40.39;y=25.23;yaw=0.33
204.433333397,[debug],turtlebot5,simulation,robot-pose,x=-21.01;y=18.00;yaw=-1.54
204.433333397,[debug],turtlebot5,simulation,robot-pose,x=-21.01;y=18.00;yaw=-1.54
211.383333445,[debug],turtlebot1,move-base-info,Hooray, the base moved arrived,(x=-37;y=21.5)
211.383333445,[debug],turtlebot1,move-base-info,Hooray, the base moved arrived,(x=-37;y=21.5)
211.533333302,[debug],turtlebot1,task-update,navigation,way-point-reached,75.0%
219.299999952,[debug],turtlebot1,simulation,robot-pose,x=-37.51;y=21.29;yaw=2.73
219.316666603,[debug],turtlebot1,simulation,robot-pose,x=-37.51;y=21.29;yaw=2.73
219.316666603,[info],turtlebot1,skill-life-cycle,navigation,(status=RUNNING, parameters=[[-13.5, 16.0, 3.141592653589793, True], [-37.0, 16.0, 1.5707963267948966, True], [-37.0, 21.5, 3.141592653589793, True], [-38.0, 21.5, 0.0, False]])
219.433333397,[debug],turtlebot3,simulation,robot-pose,x=-40.39;y=25.23;yaw=0.33
219.433333397,[debug],turtlebot3,simulation,robot-pose,x=-40.39;y=25.23;yaw=0.33
219.433333397,[debug],turtlebot5,simulation,robot-pose,x=-21.01;y=18.00;yaw=-1.54
219.433333397,[debug],turtlebot2,simulation,robot-pose,x=-39.50;y=33.84;yaw=0.46
219.433333397,[debug],turtlebot5,simulation,robot-pose,x=-21.01;y=18.00;yaw=-1.54
219.433333397,[debug],turtlebot2,simulation,robot-pose,x=-39.50;y=33.84;yaw=0.46
219.433333397,[debug],turtlebot4,simulation,robot-pose,x=-32.91;y=33.97;yaw=-3.08
219.433333397,[debug],turtlebot4,simulation,robot-pose,x=-32.91;y=33.97;yaw=-3.08
226.783333302,[debug],turtlebot1,move-base-info,Hooray, the base moved arrived,(x=-38;y=21.5)
226.783333302,[debug],turtlebot1,move-base-info,Hooray, the base moved arrived,(x=-38;y=21.5)
226.983333349,[debug],turtlebot1,task-update,navigation,way-point-reached,100.0%
227.083333254,[debug],turtlebot1,available-skills,['send_message', 'wait_message', 'approach_person', 'approach_robot', 'authenticate_person', 'deposit', 'navigation', 'operate_drawer', 'pick_up'],
227.083333254,[info],turtlebot1,skill-life-cycle,approach_person,(status=STARTED, parameters=['nurse'])
227.166666746,[debug],turtlebot1,task-update,approach_person,localize-person,(who=nurse)
227.349999905,[debug],turtlebot1,task-update,approach_person,goto-person,(who=nurse)
227.433333397,[debug],turtlebot1,available-skills,['send_message', 'wait_message', 'approach_person', 'approach_robot', 'authenticate_person', 'deposit', 'navigation', 'operate_drawer', 'pick_up'],
227.433333397,[info],turtlebot1,skill-life-cycle,authenticate_person,(status=STARTED, parameters=['nurse'])
227.5,[debug],turtlebot1,task-update,authenticate_person,request-authentication,(to=nurse)
227.5,[info],nurse,sync,received-request,(status=sending-request)
227.516666651,[info],nurse,sync,received-request,(status=sending-request)
227.983333349,[debug],turtlebot1,task-update,authenticate_person,received-authentication,(from=nurse)
228.099999905,[debug],turtlebot1,available-skills,['send_message', 'wait_message', 'approach_person', 'approach_robot', 'authenticate_person', 'deposit', 'navigation', 'operate_drawer', 'pick_up'],
228.099999905,[info],turtlebot1,skill-life-cycle,operate_drawer,(status=STARTED, parameters=['open'])
228.166666746,[debug],turtlebot1,task-update,operate_drawer,open
229.216666698,[debug],turtlebot1,available-skills,['send_message', 'wait_message', 'approach_person', 'approach_robot', 'authenticate_person', 'deposit', 'navigation', 'operate_drawer', 'pick_up'],
229.216666698,[info],turtlebot1,skill-life-cycle,send_message,(status=STARTED, parameters=['nurse'])
229.316666603,[info],turtlebot1,sync,send-message,(to=nurse)
230.233333349,[info],nurse,sync,wait-message,(status=message-received)
230.266666651,[info],nurse,sync,wait-message,(status=message-received)
233.116666555,[debug],turtlebot1,available-skills,['send_message', 'wait_message', 'approach_person', 'approach_robot', 'authenticate_person', 'deposit', 'navigation', 'operate_drawer', 'pick_up'],
233.116666555,[info],turtlebot1,skill-life-cycle,wait_message,(status=STARTED, parameters=['r1'])
234.299999952,[debug],turtlebot1,simulation,robot-pose,x=-37.65;y=21.34;yaw=0.05
234.299999952,[debug],turtlebot1,simulation,robot-pose,x=-37.65;y=21.34;yaw=0.05
234.366666555,[info],turtlebot1,sync,wait-message,(status=message-received)
234.433333397,[debug],turtlebot3,simulation,robot-pose,x=-40.39;y=25.23;yaw=0.33
234.433333397,[debug],turtlebot3,simulation,robot-pose,x=-40.39;y=25.23;yaw=0.33
234.433333397,[debug],turtlebot5,simulation,robot-pose,x=-21.01;y=18.00;yaw=-1.54
234.433333397,[debug],turtlebot5,simulation,robot-pose,x=-21.01;y=18.00;yaw=-1.54
234.433333397,[debug],turtlebot2,simulation,robot-pose,x=-39.50;y=33.84;yaw=0.46
234.433333397,[debug],turtlebot2,simulation,robot-pose,x=-39.50;y=33.84;yaw=0.46
234.433333397,[debug],turtlebot4,simulation,robot-pose,x=-32.91;y=33.97;yaw=-3.07
234.433333397,[debug],turtlebot4,simulation,robot-pose,x=-32.91;y=33.97;yaw=-3.07
234.450000048,[debug],turtlebot1,available-skills,['send_message', 'wait_message', 'approach_person', 'approach_robot', 'authenticate_person', 'deposit', 'navigation', 'operate_drawer', 'pick_up'],
234.450000048,[info],turtlebot1,skill-life-cycle,operate_drawer,(status=STARTED, parameters=['close'])
234.533333302,[debug],turtlebot1,task-update,operate_drawer,close
235.566666603,[debug],turtlebot1,available-skills,['send_message', 'wait_message', 'approach_person', 'approach_robot', 'authenticate_person', 'deposit', 'navigation', 'operate_drawer', 'pick_up'],
235.566666603,[info],turtlebot1,skill-life-cycle,navigation,(status=STARTED, parameters=[[-37.0, 21.5, -1.5707963267948966, True], [-37.0, 16.0, 0.0, True], [-26.0, 16.0, -1.5707963267948966, True], [-26.0, 13.0, 1.57, False]])
240.233333349,[info],nurse,sync,wait-message,(status=message-received)
240.316666603,[info],nurse,sync,wait-message,(status=message-received)
246.783333302,[debug],turtlebot1,move-base-info,Hooray, the base moved arrived,(x=-37;y=21.5)
246.783333302,[debug],turtlebot1,move-base-info,Hooray, the base moved arrived,(x=-37;y=21.5)
246.783333302,[debug],turtlebot1,task-update,navigation,way-point-reached,25.0%
247.5,[info],nurse,sync,request-sent,(status=waiting)
247.5,[info],nurse,sync,request-sent,(status=waiting)
249.299999952,[debug],turtlebot1,simulation,robot-pose,x=-37.42;y=21.40;yaw=-1.53
249.299999952,[debug],turtlebot1,simulation,robot-pose,x=-37.42;y=21.40;yaw=-1.53
249.433333397,[debug],turtlebot3,simulation,robot-pose,x=-40.39;y=25.23;yaw=0.33
249.433333397,[debug],turtlebot3,simulation,robot-pose,x=-40.39;y=25.23;yaw=0.33
249.433333397,[debug],turtlebot5,simulation,robot-pose,x=-21.02;y=18.00;yaw=-1.54
249.433333397,[debug],turtlebot5,simulation,robot-pose,x=-21.02;y=18.00;yaw=-1.54
249.433333397,[debug],turtlebot2,simulation,robot-pose,x=-39.50;y=33.84;yaw=0.46
249.433333397,[debug],turtlebot2,simulation,robot-pose,x=-39.50;y=33.84;yaw=0.46
249.433333397,[debug],turtlebot4,simulation,robot-pose,x=-32.91;y=33.97;yaw=-3.06
249.433333397,[debug],turtlebot4,simulation,robot-pose,x=-32.91;y=33.97;yaw=-3.06
250.233333349,[info],nurse,sync,wait-message,(status=message-received)
250.283333302,[info],nurse,sync,wait-message,(status=message-received)
260.233333349,[info],nurse,sync,wait-message,(status=message-received)
260.283333302,[info],nurse,sync,wait-message,(status=message-received)
264.299999952,[debug],turtlebot1,simulation,robot-pose,x=-36.85;y=20.44;yaw=-1.23
264.299999952,[debug],turtlebot1,simulation,robot-pose,x=-36.85;y=20.44;yaw=-1.23
264.433333397,[debug],turtlebot2,simulation,robot-pose,x=-39.50;y=33.84;yaw=0.46
264.433333397,[debug],turtlebot2,simulation,robot-pose,x=-39.50;y=33.84;yaw=0.46
264.433333397,[debug],turtlebot5,simulation,robot-pose,x=-21.02;y=18.00;yaw=-1.54
264.433333397,[debug],turtlebot5,simulation,robot-pose,x=-21.02;y=18.00;yaw=-1.54
264.433333397,[debug],turtlebot4,simulation,robot-pose,x=-32.91;y=33.97;yaw=-3.06
264.433333397,[debug],turtlebot4,simulation,robot-pose,x=-32.91;y=33.97;yaw=-3.06
264.433333397,[debug],turtlebot3,simulation,robot-pose,x=-40.39;y=25.23;yaw=0.33
264.433333397,[debug],turtlebot3,simulation,robot-pose,x=-40.39;y=25.23;yaw=0.33
273.983333349,[info],turtlebot1,skill-life-cycle,navigation,(status=RUNNING, parameters=[[-37.0, 21.5, -1.5707963267948966, True], [-37.0, 16.0, 0.0, True], [-26.0, 16.0, -1.5707963267948966, True], [-26.0, 13.0, 1.57, False]])
279.299999952,[debug],turtlebot1,simulation,robot-pose,x=-36.70;y=19.19;yaw=-1.52
279.299999952,[debug],turtlebot1,simulation,robot-pose,x=-36.70;y=19.19;yaw=-1.52
279.433333397,[debug],turtlebot5,simulation,robot-pose,x=-21.03;y=18.00;yaw=-1.54
279.433333397,[debug],turtlebot5,simulation,robot-pose,x=-21.03;y=18.00;yaw=-1.54
279.433333397,[debug],turtlebot4,simulation,robot-pose,x=-32.92;y=33.98;yaw=-3.05
279.433333397,[debug],turtlebot4,simulation,robot-pose,x=-32.92;y=33.98;yaw=-3.05
279.433333397,[debug],turtlebot2,simulation,robot-pose,x=-39.50;y=33.84;yaw=0.46
279.433333397,[debug],turtlebot2,simulation,robot-pose,x=-39.50;y=33.84;yaw=0.46
279.433333397,[debug],turtlebot3,simulation,robot-pose,x=-40.39;y=25.23;yaw=0.33
279.433333397,[debug],turtlebot3,simulation,robot-pose,x=-40.39;y=25.23;yaw=0.33
294.299999952,[debug],turtlebot1,simulation,robot-pose,x=-36.69;y=17.95;yaw=-1.59
294.316666603,[debug],turtlebot1,simulation,robot-pose,x=-36.69;y=17.95;yaw=-1.59
294.433333397,[debug],turtlebot2,simulation,robot-pose,x=-39.50;y=33.84;yaw=0.46
294.433333397,[debug],turtlebot2,simulation,robot-pose,x=-39.50;y=33.84;yaw=0.46
294.433333397,[debug],turtlebot4,simulation,robot-pose,x=-32.92;y=33.98;yaw=-3.05
294.433333397,[debug],turtlebot4,simulation,robot-pose,x=-32.92;y=33.98;yaw=-3.05
294.433333397,[debug],turtlebot3,simulation,robot-pose,x=-40.39;y=25.23;yaw=0.33
294.433333397,[debug],turtlebot5,simulation,robot-pose,x=-21.03;y=18.00;yaw=-1.54
294.433333397,[debug],turtlebot3,simulation,robot-pose,x=-40.39;y=25.23;yaw=0.33
294.433333397,[debug],turtlebot5,simulation,robot-pose,x=-21.03;y=18.00;yaw=-1.54
309.299999952,[debug],turtlebot1,simulation,robot-pose,x=-36.79;y=16.70;yaw=-1.82
309.333333254,[debug],turtlebot1,simulation,robot-pose,x=-36.79;y=16.70;yaw=-1.82
309.433333397,[debug],turtlebot3,simulation,robot-pose,x=-40.39;y=25.23;yaw=0.33
309.433333397,[debug],turtlebot3,simulation,robot-pose,x=-40.39;y=25.23;yaw=0.33
309.433333397,[debug],turtlebot5,simulation,robot-pose,x=-21.03;y=18.00;yaw=-1.54
309.433333397,[debug],turtlebot5,simulation,robot-pose,x=-21.03;y=18.00;yaw=-1.54
309.433333397,[debug],turtlebot2,simulation,robot-pose,x=-39.50;y=33.84;yaw=0.46
309.433333397,[debug],turtlebot4,simulation,robot-pose,x=-32.92;y=33.98;yaw=-3.06
309.433333397,[debug],turtlebot2,simulation,robot-pose,x=-39.50;y=33.84;yaw=0.46
309.433333397,[debug],turtlebot4,simulation,robot-pose,x=-32.92;y=33.98;yaw=-3.06
317.483333349,[debug],turtlebot1,move-base-info,Hooray, the base moved arrived,(x=-37;y=16)
317.483333349,[debug],turtlebot1,move-base-info,Hooray, the base moved arrived,(x=-37;y=16)
317.599999905,[debug],turtlebot1,task-update,navigation,way-point-reached,50.0%
324.299999952,[debug],turtlebot1,simulation,robot-pose,x=-36.69;y=16.38;yaw=-0.48
324.299999952,[debug],turtlebot1,simulation,robot-pose,x=-36.69;y=16.38;yaw=-0.48
324.433333397,[debug],turtlebot2,simulation,robot-pose,x=-39.50;y=33.84;yaw=0.46
324.433333397,[debug],turtlebot3,simulation,robot-pose,x=-40.39;y=25.23;yaw=0.33
324.433333397,[debug],turtlebot2,simulation,robot-pose,x=-39.50;y=33.84;yaw=0.46
324.433333397,[debug],turtlebot4,simulation,robot-pose,x=-32.92;y=33.98;yaw=-3.06
324.433333397,[debug],turtlebot5,simulation,robot-pose,x=-21.03;y=18.00;yaw=-1.54
324.433333397,[debug],turtlebot3,simulation,robot-pose,x=-40.39;y=25.23;yaw=0.33
324.433333397,[debug],turtlebot4,simulation,robot-pose,x=-32.92;y=33.98;yaw=-3.06
324.433333397,[debug],turtlebot5,simulation,robot-pose,x=-21.03;y=18.00;yaw=-1.54
326.116666555,[info],turtlebot1,skill-life-cycle,navigation,(status=RUNNING, parameters=[[-37.0, 21.5, -1.5707963267948966, True], [-37.0, 16.0, 0.0, True], [-26.0, 16.0, -1.5707963267948966, True], [-26.0, 13.0, 1.57, False]])
339.299999952,[debug],turtlebot1,simulation,robot-pose,x=-35.22;y=15.70;yaw=0.24
339.316666603,[debug],turtlebot1,simulation,robot-pose,x=-35.22;y=15.70;yaw=0.24
339.433333397,[debug],turtlebot2,simulation,robot-pose,x=-39.50;y=33.84;yaw=0.46
339.433333397,[debug],turtlebot4,simulation,robot-pose,x=-32.93;y=33.98;yaw=-3.06
339.433333397,[debug],turtlebot2,simulation,robot-pose,x=-39.50;y=33.84;yaw=0.46
339.433333397,[debug],turtlebot5,simulation,robot-pose,x=-21.03;y=18.00;yaw=-1.54
339.433333397,[debug],turtlebot3,simulation,robot-pose,x=-40.39;y=25.23;yaw=0.33
339.433333397,[debug],turtlebot4,simulation,robot-pose,x=-32.93;y=33.98;yaw=-3.06
339.433333397,[debug],turtlebot5,simulation,robot-pose,x=-21.03;y=18.00;yaw=-1.54
339.433333397,[debug],turtlebot3,simulation,robot-pose,x=-40.39;y=25.23;yaw=0.33
354.299999952,[debug],turtlebot1,simulation,robot-pose,x=-32.61;y=15.85;yaw=0.42
354.299999952,[debug],turtlebot1,simulation,robot-pose,x=-32.61;y=15.85;yaw=0.42
354.433333397,[debug],turtlebot2,simulation,robot-pose,x=-39.50;y=33.84;yaw=0.46
354.433333397,[debug],turtlebot3,simulation,robot-pose,x=-40.39;y=25.23;yaw=0.33
354.433333397,[debug],turtlebot2,simulation,robot-pose,x=-39.50;y=33.84;yaw=0.46
354.433333397,[debug],turtlebot4,simulation,robot-pose,x=-32.93;y=33.98;yaw=-3.06
354.433333397,[debug],turtlebot5,simulation,robot-pose,x=-21.03;y=18.00;yaw=-1.54
354.433333397,[debug],turtlebot3,simulation,robot-pose,x=-40.39;y=25.23;yaw=0.33
354.433333397,[debug],turtlebot4,simulation,robot-pose,x=-32.93;y=33.98;yaw=-3.06
354.433333397,[debug],turtlebot5,simulation,robot-pose,x=-21.03;y=18.00;yaw=-1.54
369.299999952,[debug],turtlebot1,simulation,robot-pose,x=-29.96;y=16.06;yaw=0.05
369.299999952,[debug],turtlebot1,simulation,robot-pose,x=-29.96;y=16.06;yaw=0.05
369.433333397,[debug],turtlebot2,simulation,robot-pose,x=-39.50;y=33.84;yaw=0.46
369.433333397,[debug],turtlebot2,simulation,robot-pose,x=-39.50;y=33.84;yaw=0.46
369.433333397,[debug],turtlebot4,simulation,robot-pose,x=-32.93;y=33.98;yaw=-3.06
369.433333397,[debug],turtlebot4,simulation,robot-pose,x=-32.93;y=33.98;yaw=-3.06
369.433333397,[debug],turtlebot3,simulation,robot-pose,x=-40.39;y=25.23;yaw=0.33
369.433333397,[debug],turtlebot5,simulation,robot-pose,x=-21.03;y=18.00;yaw=-1.54
369.433333397,[debug],turtlebot3,simulation,robot-pose,x=-40.39;y=25.23;yaw=0.33
369.433333397,[debug],turtlebot5,simulation,robot-pose,x=-21.03;y=18.00;yaw=-1.54
377.150000095,[info],turtlebot1,skill-life-cycle,navigation,(status=RUNNING, parameters=[[-37.0, 21.5, -1.5707963267948966, True], [-37.0, 16.0, 0.0, True], [-26.0, 16.0, -1.5707963267948966, True], [-26.0, 13.0, 1.57, False]])
384.299999952,[debug],turtlebot1,simulation,robot-pose,x=-27.40;y=16.13;yaw=-0.05
384.299999952,[debug],turtlebot1,simulation,robot-pose,x=-27.40;y=16.13;yaw=-0.05
384.433333397,[debug],turtlebot4,simulation,robot-pose,x=-32.93;y=33.98;yaw=-3.06
384.433333397,[debug],turtlebot4,simulation,robot-pose,x=-32.93;y=33.98;yaw=-3.06
384.433333397,[debug],turtlebot2,simulation,robot-pose,x=-39.50;y=33.84;yaw=0.46
384.433333397,[debug],turtlebot2,simulation,robot-pose,x=-39.50;y=33.84;yaw=0.46
384.433333397,[debug],turtlebot5,simulation,robot-pose,x=-21.03;y=18.00;yaw=-1.54
384.433333397,[debug],turtlebot5,simulation,robot-pose,x=-21.03;y=18.00;yaw=-1.54
384.433333397,[debug],turtlebot3,simulation,robot-pose,x=-40.39;y=25.23;yaw=0.33
384.433333397,[debug],turtlebot3,simulation,robot-pose,x=-40.39;y=25.23;yaw=0.33
395.316666603,[debug],turtlebot1,move-base-info,Hooray, the base moved arrived,(x=-26;y=16)
395.316666603,[debug],turtlebot1,move-base-info,Hooray, the base moved arrived,(x=-26;y=16)
395.466666698,[debug],turtlebot1,task-update,navigation,way-point-reached,75.0%
399.299999952,[debug],turtlebot1,simulation,robot-pose,x=-26.39;y=16.28;yaw=-1.53
399.316666603,[debug],turtlebot1,simulation,robot-pose,x=-26.39;y=16.28;yaw=-1.53
399.433333397,[debug],turtlebot3,simulation,robot-pose,x=-40.39;y=25.23;yaw=0.33
399.433333397,[debug],turtlebot3,simulation,robot-pose,x=-40.39;y=25.23;yaw=0.33
399.433333397,[debug],turtlebot5,simulation,robot-pose,x=-21.03;y=18.00;yaw=-1.54
399.433333397,[debug],turtlebot5,simulation,robot-pose,x=-21.03;y=18.00;yaw=-1.54
399.433333397,[debug],turtlebot4,simulation,robot-pose,x=-32.93;y=33.98;yaw=-3.06
399.433333397,[debug],turtlebot2,simulation,robot-pose,x=-39.50;y=33.84;yaw=0.46
399.433333397,[debug],turtlebot4,simulation,robot-pose,x=-32.93;y=33.98;yaw=-3.06
399.433333397,[debug],turtlebot2,simulation,robot-pose,x=-39.50;y=33.84;yaw=0.46
414.299999952,[debug],turtlebot1,simulation,robot-pose,x=-25.94;y=15.16;yaw=-1.30
414.299999952,[debug],turtlebot1,simulation,robot-pose,x=-25.94;y=15.16;yaw=-1.30
414.433333397,[debug],turtlebot4,simulation,robot-pose,x=-32.93;y=33.98;yaw=-3.06
414.433333397,[debug],turtlebot4,simulation,robot-pose,x=-32.93;y=33.98;yaw=-3.06
414.433333397,[debug],turtlebot5,simulation,robot-pose,x=-21.03;y=18.00;yaw=-1.54
414.433333397,[debug],turtlebot5,simulation,robot-pose,x=-21.03;y=18.00;yaw=-1.54
414.433333397,[debug],turtlebot3,simulation,robot-pose,x=-40.39;y=25.23;yaw=0.33
414.433333397,[debug],turtlebot3,simulation,robot-pose,x=-40.39;y=25.23;yaw=0.33
414.433333397,[debug],turtlebot2,simulation,robot-pose,x=-39.50;y=33.84;yaw=0.46
414.433333397,[debug],turtlebot2,simulation,robot-pose,x=-39.50;y=33.84;yaw=0.46
428.599999905,[info],turtlebot1,skill-life-cycle,navigation,(status=RUNNING, parameters=[[-37.0, 21.5, -1.5707963267948966, True], [-37.0, 16.0, 0.0, True], [-26.0, 16.0, -1.5707963267948966, True], [-26.0, 13.0, 1.57, False]])
429.299999952,[debug],turtlebot1,simulation,robot-pose,x=-25.83;y=13.91;yaw=-1.57
429.299999952,[debug],turtlebot1,simulation,robot-pose,x=-25.83;y=13.91;yaw=-1.57
429.433333397,[debug],turtlebot3,simulation,robot-pose,x=-40.39;y=25.23;yaw=0.33
429.433333397,[debug],turtlebot3,simulation,robot-pose,x=-40.39;y=25.23;yaw=0.33
429.433333397,[debug],turtlebot4,simulation,robot-pose,x=-32.93;y=33.98;yaw=-3.06
429.433333397,[debug],turtlebot2,simulation,robot-pose,x=-39.50;y=33.84;yaw=0.46
429.433333397,[debug],turtlebot4,simulation,robot-pose,x=-32.93;y=33.98;yaw=-3.06
429.433333397,[debug],turtlebot2,simulation,robot-pose,x=-39.50;y=33.84;yaw=0.46
429.433333397,[debug],turtlebot5,simulation,robot-pose,x=-21.03;y=18.00;yaw=-1.54
429.433333397,[debug],turtlebot5,simulation,robot-pose,x=-21.03;y=18.00;yaw=-1.54
442.049999952,[debug],turtlebot1,move-base-info,Hooray, the base moved arrived,(x=-26;y=13)
442.049999952,[debug],turtlebot1,move-base-info,Hooray, the base moved arrived,(x=-26;y=13)
442.299999952,[debug],turtlebot1,task-update,navigation,way-point-reached,100.0%
442.383333445,[debug],turtlebot1,available-skills,['send_message', 'wait_message', 'approach_person', 'approach_robot', 'authenticate_person', 'deposit', 'navigation', 'operate_drawer', 'pick_up'],
442.383333445,[info],turtlebot1,skill-life-cycle,approach_robot,(status=STARTED, parameters=['lab_arm'])
442.883333445,[debug],turtlebot1,task-update,approach_robot,localize-robot,(who=lab_arm)
442.983333349,[debug],turtlebot1,task-update,approach_robot,goto-robot,(who=lab_arm)
443.083333254,[debug],turtlebot1,available-skills,['send_message', 'wait_message', 'approach_person', 'approach_robot', 'authenticate_person', 'deposit', 'navigation', 'operate_drawer', 'pick_up'],
443.083333254,[info],turtlebot1,skill-life-cycle,operate_drawer,(status=STARTED, parameters=['open'])
443.150000095,[debug],turtlebot1,task-update,operate_drawer,open
444.133333445,[debug],turtlebot1,available-skills,['send_message', 'wait_message', 'approach_person', 'approach_robot', 'authenticate_person', 'deposit', 'navigation', 'operate_drawer', 'pick_up'],
444.133333445,[info],turtlebot1,skill-life-cycle,send_message,(status=STARTED, parameters=['lab_arm'])
444.216666698,[info],turtlebot1,sync,send-message,(to=lab_arm)
444.299999952,[debug],turtlebot1,simulation,robot-pose,x=-25.87;y=13.39;yaw=1.62
444.299999952,[debug],turtlebot1,simulation,robot-pose,x=-25.87;y=13.39;yaw=1.62
444.433333397,[debug],turtlebot5,simulation,robot-pose,x=-21.03;y=18.00;yaw=-1.54
444.433333397,[debug],turtlebot5,simulation,robot-pose,x=-21.03;y=18.00;yaw=-1.54
444.433333397,[debug],turtlebot4,simulation,robot-pose,x=-32.93;y=33.98;yaw=-3.06
444.433333397,[debug],turtlebot4,simulation,robot-pose,x=-32.93;y=33.98;yaw=-3.06
444.433333397,[debug],turtlebot3,simulation,robot-pose,x=-40.39;y=25.23;yaw=0.33
444.433333397,[debug],turtlebot3,simulation,robot-pose,x=-40.39;y=25.23;yaw=0.33
444.433333397,[debug],turtlebot2,simulation,robot-pose,x=-39.50;y=33.84;yaw=0.46
444.433333397,[debug],turtlebot2,simulation,robot-pose,x=-39.50;y=33.84;yaw=0.46
445.183333397,[info],lab_arm,sync,wait-message,(status=message-received)
445.183333397,[info],Inventory,sync,wait-sample,(status=sample-received)
445.183333397,ENDSIM
445.283333302,[info],lab_arm,sync,wait-message,(status=message-received)
445.283333302,[info],Inventory,sync,wait-sample,(status=sample-received)
445.283333302,ENDSIM
455.183333397,[info],Inventory,sync,wait-sample,(status=sample-received)
455.183333397,ENDSIM
455.183333397,[info],lab_arm,sync,wait-message,(status=message-received)
455.183333397,[info],Inventory,sync,wait-sample,(status=sample-received)
455.183333397,ENDSIM
455.266666651,[info],Inventory,sync,wait-sample,(status=sample-received)
455.266666651,ENDSIM
455.266666651,[info],lab_arm,sync,wait-message,(status=message-received)
455.283333302,[info],Inventory,sync,wait-sample,(status=sample-received)
455.283333302,ENDSIM
0.0,[debug],simulation closed,reach-target,execution-wall-clock=535.5563986301422
