2.08333325386,[debug],turtlebot2,move-base-info,Move_base is up and ok....,
2.16666674614,[debug],turtlebot5,move-base-info,Move_base is up and ok....,
6.34999990463,[debug],turtlebot3,move-base-info,Move_base is up and ok....,
9.40000009537,[info],turtlebot4,skill-life-cycle,init_robobt,(status=RUNNING, parameters=[])
11.0999999046,[info],turtlebot2,skill-life-cycle,init_robobt,(status=RUNNING, parameters=[])
11.2833333015,[info],turtlebot5,skill-life-cycle,init_robobt,(status=RUNNING, parameters=[])
11.3666665554,[info],turtlebot3,skill-life-cycle,init_robobt,(status=RUNNING, parameters=[])
12.0666666031,[debug],turtlebot4,available-skills,['send_message', 'wait_message', 'approach_person', 'approach_robot', 'authenticate_person', 'deposit', 'navigation', 'pick_up'],
12.0666666031,[info],turtlebot4,skill-life-cycle,navigation,(status=STARTED, parameters=[[-21.0, 16.0, 3.141592653589793, True], [-28.5, 16.0, 1.5707963267948966, True], [-28.5, 18.0, -1.57, False]])
24.2000000477,[debug],turtlebot1,simulation,robot-pose,x=-33.83;y=18.78;yaw=2.80
24.2000000477,[debug],turtlebot1,simulation,robot-pose,x=-33.83;y=18.78;yaw=2.80
24.4166667461,[debug],turtlebot3,simulation,robot-pose,x=-40.39;y=25.23;yaw=0.34
24.4166667461,[debug],turtlebot3,simulation,robot-pose,x=-40.39;y=25.23;yaw=0.34
24.4166667461,[debug],turtlebot2,simulation,robot-pose,x=-27.23;y=18.02;yaw=-1.59
24.4166667461,[debug],turtlebot2,simulation,robot-pose,x=-27.23;y=18.02;yaw=-1.59
24.4333333969,[debug],turtlebot4,simulation,robot-pose,x=-20.96;y=17.36;yaw=-1.52
24.4333333969,[debug],turtlebot4,simulation,robot-pose,x=-20.96;y=17.36;yaw=-1.52
24.4500000477,[debug],turtlebot5,simulation,robot-pose,x=-38.00;y=21.48;yaw=0.01
24.4500000477,[debug],turtlebot5,simulation,robot-pose,x=-38.00;y=21.48;yaw=0.01
39.2000000477,[debug],turtlebot1,simulation,robot-pose,x=-33.84;y=18.78;yaw=2.82
39.2000000477,[debug],turtlebot1,simulation,robot-pose,x=-33.84;y=18.78;yaw=2.82
39.2333333492,[debug],turtlebot4,move-base-info,Hooray, the base moved arrived,(x=-21;y=16)
39.2333333492,[debug],turtlebot4,move-base-info,Hooray, the base moved arrived,(x=-21;y=16)
39.25,[debug],turtlebot4,task-update,navigation,way-point-reached,33.33333333333333%
39.4166667461,[debug],turtlebot2,simulation,robot-pose,x=-27.22;y=18.03;yaw=-1.59
39.4166667461,[debug],turtlebot2,simulation,robot-pose,x=-27.22;y=18.03;yaw=-1.59
39.4166667461,[debug],turtlebot3,simulation,robot-pose,x=-40.39;y=25.23;yaw=0.33
39.4166667461,[debug],turtlebot3,simulation,robot-pose,x=-40.39;y=25.23;yaw=0.33
39.4333333969,[debug],turtlebot4,simulation,robot-pose,x=-20.91;y=16.45;yaw=-3.10
39.4333333969,[debug],turtlebot4,simulation,robot-pose,x=-20.91;y=16.45;yaw=-3.10
39.4500000477,[debug],turtlebot5,simulation,robot-pose,x=-38.00;y=21.48;yaw=0.01
39.4500000477,[debug],turtlebot5,simulation,robot-pose,x=-38.00;y=21.48;yaw=0.01
54.2000000477,[debug],turtlebot1,simulation,robot-pose,x=-33.85;y=18.78;yaw=2.84
54.2000000477,[debug],turtlebot1,simulation,robot-pose,x=-33.85;y=18.78;yaw=2.84
54.4166667461,[debug],turtlebot2,simulation,robot-pose,x=-27.22;y=18.03;yaw=-1.58
54.4166667461,[debug],turtlebot3,simulation,robot-pose,x=-40.39;y=25.23;yaw=0.33
54.4166667461,[debug],turtlebot2,simulation,robot-pose,x=-27.22;y=18.03;yaw=-1.58
54.4166667461,[debug],turtlebot3,simulation,robot-pose,x=-40.39;y=25.23;yaw=0.33
54.4333333969,[debug],turtlebot4,simulation,robot-pose,x=-22.03;y=15.97;yaw=-3.00
54.4333333969,[debug],turtlebot4,simulation,robot-pose,x=-22.03;y=15.97;yaw=-3.00
54.4500000477,[debug],turtlebot5,simulation,robot-pose,x=-38.00;y=21.48;yaw=0.01
54.4500000477,[debug],turtlebot5,simulation,robot-pose,x=-38.00;y=21.48;yaw=0.01
57.6166665554,[info],turtlebot4,skill-life-cycle,navigation,(status=RUNNING, parameters=[[-21.0, 16.0, 3.141592653589793, True], [-28.5, 16.0, 1.5707963267948966, True], [-28.5, 18.0, -1.57, False]])
69.2000000477,[debug],turtlebot1,simulation,robot-pose,x=-33.85;y=18.78;yaw=2.85
69.2000000477,[debug],turtlebot1,simulation,robot-pose,x=-33.85;y=18.78;yaw=2.85
69.4166667461,[debug],turtlebot2,simulation,robot-pose,x=-27.22;y=18.03;yaw=-1.58
69.4166667461,[debug],turtlebot2,simulation,robot-pose,x=-27.22;y=18.03;yaw=-1.58
69.4166667461,[debug],turtlebot3,simulation,robot-pose,x=-40.39;y=25.23;yaw=0.33
69.4166667461,[debug],turtlebot3,simulation,robot-pose,x=-40.39;y=25.23;yaw=0.33
69.4333333969,[debug],turtlebot4,simulation,robot-pose,x=-24.49;y=15.94;yaw=3.14
69.4333333969,[debug],turtlebot4,simulation,robot-pose,x=-24.49;y=15.94;yaw=3.14
69.4500000477,[debug],turtlebot5,simulation,robot-pose,x=-38.00;y=21.48;yaw=0.01
69.4500000477,[debug],turtlebot5,simulation,robot-pose,x=-38.00;y=21.48;yaw=0.01
84.2000000477,[debug],turtlebot1,simulation,robot-pose,x=-33.85;y=18.78;yaw=2.87
84.2000000477,[debug],turtlebot1,simulation,robot-pose,x=-33.85;y=18.78;yaw=2.87
84.4166667461,[debug],turtlebot2,simulation,robot-pose,x=-27.22;y=18.03;yaw=-1.58
84.4166667461,[debug],turtlebot3,simulation,robot-pose,x=-40.39;y=25.23;yaw=0.33
84.4166667461,[debug],turtlebot2,simulation,robot-pose,x=-27.22;y=18.03;yaw=-1.58
84.4166667461,[debug],turtlebot3,simulation,robot-pose,x=-40.39;y=25.23;yaw=0.33
84.4333333969,[debug],turtlebot4,simulation,robot-pose,x=-27.29;y=16.35;yaw=2.80
84.4333333969,[debug],turtlebot4,simulation,robot-pose,x=-27.29;y=16.35;yaw=2.80
84.4500000477,[debug],turtlebot5,simulation,robot-pose,x=-38.00;y=21.48;yaw=0.01
84.4500000477,[debug],turtlebot5,simulation,robot-pose,x=-38.00;y=21.48;yaw=0.01
95.0833332539,[debug],turtlebot4,move-base-info,Hooray, the base moved arrived,(x=-28.5;y=16)
95.0833332539,[debug],turtlebot4,move-base-info,Hooray, the base moved arrived,(x=-28.5;y=16)
95.1833333969,[debug],turtlebot4,task-update,navigation,way-point-reached,66.66666666666666%
99.2000000477,[debug],turtlebot1,simulation,robot-pose,x=-33.85;y=18.78;yaw=2.89
99.2000000477,[debug],turtlebot1,simulation,robot-pose,x=-33.85;y=18.78;yaw=2.89
99.4166667461,[debug],turtlebot2,simulation,robot-pose,x=-27.22;y=18.03;yaw=-1.58
99.4166667461,[debug],turtlebot2,simulation,robot-pose,x=-27.22;y=18.03;yaw=-1.58
99.4166667461,[debug],turtlebot3,simulation,robot-pose,x=-40.39;y=25.23;yaw=0.33
99.4166667461,[debug],turtlebot3,simulation,robot-pose,x=-40.39;y=25.23;yaw=0.33
99.4333333969,[debug],turtlebot4,simulation,robot-pose,x=-28.28;y=16.36;yaw=1.62
99.4333333969,[debug],turtlebot4,simulation,robot-pose,x=-28.28;y=16.36;yaw=1.62
99.4500000477,[debug],turtlebot5,simulation,robot-pose,x=-38.00;y=21.48;yaw=0.01
99.4500000477,[debug],turtlebot5,simulation,robot-pose,x=-38.00;y=21.48;yaw=0.01
109.783333302,[info],turtlebot4,skill-life-cycle,navigation,(status=RUNNING, parameters=[[-21.0, 16.0, 3.141592653589793, True], [-28.5, 16.0, 1.5707963267948966, True], [-28.5, 18.0, -1.57, False]])
111.283333302,[debug],turtlebot4,move-base-info,Hooray, the base moved arrived,(x=-28.5;y=18)
111.283333302,[debug],turtlebot4,move-base-info,Hooray, the base moved arrived,(x=-28.5;y=18)
111.383333445,[debug],turtlebot4,task-update,navigation,way-point-reached,100.0%
111.466666698,[debug],turtlebot4,available-skills,['send_message', 'wait_message', 'approach_person', 'approach_robot', 'authenticate_person', 'deposit', 'navigation', 'pick_up'],
111.466666698,[info],turtlebot4,skill-life-cycle,approach_person,(status=STARTED, parameters=['nurse'])
111.533333302,[debug],turtlebot4,task-update,approach_person,localize-person,(who=nurse)
111.799999952,[debug],turtlebot4,task-update,approach_person,goto-person,(who=nurse)
111.983333349,[debug],turtlebot4,available-skills,['send_message', 'wait_message', 'approach_person', 'approach_robot', 'authenticate_person', 'deposit', 'navigation', 'pick_up'],
111.983333349,[info],turtlebot4,skill-life-cycle,authenticate_person,(status=STARTED, parameters=['nurse'])
112.016666651,[debug],turtlebot4,task-update,authenticate_person,request-authentication,(to=nurse)
112.033333302,[info],nurse,sync,received-request,(status=sending-request)
112.033333302,[info],nurse,sync,received-request,(status=sending-request)
112.583333254,[debug],turtlebot4,task-update,authenticate_person,received-authentication,(from=nurse)
112.650000095,[debug],turtlebot4,available-skills,['send_message', 'wait_message', 'approach_person', 'approach_robot', 'authenticate_person', 'deposit', 'navigation', 'pick_up'],
112.650000095,[info],turtlebot4,skill-life-cycle,fail,(status=STARTED, parameters=['operate_drawer', 'open'])
114.200000048,[debug],turtlebot1,simulation,robot-pose,x=-33.86;y=18.79;yaw=2.91
114.200000048,[debug],turtlebot1,simulation,robot-pose,x=-33.86;y=18.79;yaw=2.91
114.416666746,[debug],turtlebot3,simulation,robot-pose,x=-40.39;y=25.23;yaw=0.33
114.416666746,[debug],turtlebot3,simulation,robot-pose,x=-40.39;y=25.23;yaw=0.33
114.416666746,[debug],turtlebot2,simulation,robot-pose,x=-27.22;y=18.03;yaw=-1.58
114.416666746,[debug],turtlebot2,simulation,robot-pose,x=-27.22;y=18.03;yaw=-1.58
114.433333397,[debug],turtlebot4,simulation,robot-pose,x=-28.39;y=17.63;yaw=-1.61
114.433333397,[debug],turtlebot4,simulation,robot-pose,x=-28.39;y=17.63;yaw=-1.61
114.450000048,[debug],turtlebot5,simulation,robot-pose,x=-38.00;y=21.48;yaw=0.01
114.450000048,[debug],turtlebot5,simulation,robot-pose,x=-38.00;y=21.48;yaw=0.01
114.616666555,[info],turtlebot4,skill-life-cycle,fail,(status=Status.FAILURE, parameters=['operate_drawer', 'open'])
114.616666555,FAILURE
114.683333397,[info],turtlebot4,skill-life-cycle,fail,(status=Status.FAILURE, parameters=['operate_drawer', 'open'])
114.683333397,FAILURE
114.783333302,[info],turtlebot4,skill-life-cycle,fail,(status=Status.FAILURE, parameters=['operate_drawer', 'open'])
114.783333302,FAILURE
114.883333445,[info],turtlebot4,skill-life-cycle,fail,(status=Status.FAILURE, parameters=['operate_drawer', 'open'])
114.883333445,FAILURE
114.966666698,[info],turtlebot4,skill-life-cycle,fail,(status=Status.FAILURE, parameters=['operate_drawer', 'open'])
114.983333349,FAILURE
115.066666603,[info],turtlebot4,skill-life-cycle,fail,(status=Status.FAILURE, parameters=['operate_drawer', 'open'])
115.066666603,FAILURE
115.133333445,[info],turtlebot4,skill-life-cycle,fail,(status=Status.FAILURE, parameters=['operate_drawer', 'open'])
115.133333445,FAILURE
115.216666698,[info],turtlebot4,skill-life-cycle,fail,(status=Status.FAILURE, parameters=['operate_drawer', 'open'])
115.216666698,FAILURE
115.299999952,[info],turtlebot4,skill-life-cycle,fail,(status=Status.FAILURE, parameters=['operate_drawer', 'open'])
115.299999952,FAILURE
115.383333445,[info],turtlebot4,skill-life-cycle,fail,(status=Status.FAILURE, parameters=['operate_drawer', 'open'])
115.383333445,FAILURE
115.450000048,[info],turtlebot4,skill-life-cycle,fail,(status=Status.FAILURE, parameters=['operate_drawer', 'open'])
115.450000048,FAILURE
115.516666651,[info],turtlebot4,skill-life-cycle,fail,(status=Status.FAILURE, parameters=['operate_drawer', 'open'])
115.516666651,FAILURE
115.599999905,[info],turtlebot4,skill-life-cycle,fail,(status=Status.FAILURE, parameters=['operate_drawer', 'open'])
115.616666555,FAILURE
115.683333397,[info],turtlebot4,skill-life-cycle,fail,(status=Status.FAILURE, parameters=['operate_drawer', 'open'])
115.683333397,FAILURE
115.75,[info],turtlebot4,skill-life-cycle,fail,(status=Status.FAILURE, parameters=['operate_drawer', 'open'])
115.75,FAILURE
0.0,[debug],simulation closed,failure-bt,execution-wall-clock=149.14188981056213
