1.73333334923,[debug],turtlebot4,move-base-info,Move_base is up and ok....,
1.81666660309,[debug],turtlebot1,move-base-info,Move_base is up and ok....,
1.84999990463,[debug],turtlebot5,move-base-info,Move_base is up and ok....,
1.84999990463,[debug],turtlebot2,move-base-info,Move_base is up and ok....,
2.0,[debug],turtlebot3,move-base-info,Move_base is up and ok....,
7.75,[debug],turtlebot4,available-skills,['send_message', 'wait_message', 'approach_person', 'approach_robot', 'authenticate_person', 'deposit', 'navigation', 'pick_up'],
7.75,[info],turtlebot4,skill-life-cycle,navigation,(status=STARTED, parameters=[[-21.0, 16.0, 3.141592653589793, True], [-28.5, 16.0, 1.5707963267948966, True], [-28.5, 18.0, -1.57, False]])
7.98333334923,[info],turtlebot2,skill-life-cycle,init_robobt,(status=RUNNING, parameters=[])
9.23333334923,[info],turtlebot3,skill-life-cycle,init_robobt,(status=RUNNING, parameters=[])
9.51666665077,[info],turtlebot1,skill-life-cycle,init_robobt,(status=RUNNING, parameters=[])
9.58333325386,[info],turtlebot5,skill-life-cycle,init_robobt,(status=RUNNING, parameters=[])
23.8333332539,[debug],turtlebot1,simulation,robot-pose,x=-33.83;y=18.78;yaw=2.80
23.8333332539,[debug],turtlebot1,simulation,robot-pose,x=-33.83;y=18.78;yaw=2.80
24.0,[debug],turtlebot3,simulation,robot-pose,x=-40.39;y=25.23;yaw=0.34
24.0,[debug],turtlebot3,simulation,robot-pose,x=-40.39;y=25.23;yaw=0.34
24.0,[debug],turtlebot2,simulation,robot-pose,x=-27.23;y=18.02;yaw=-1.59
24.0,[debug],turtlebot2,simulation,robot-pose,x=-27.23;y=18.02;yaw=-1.59
24.0166666508,[debug],turtlebot4,simulation,robot-pose,x=-20.94;y=16.81;yaw=-1.56
24.0166666508,[debug],turtlebot4,simulation,robot-pose,x=-20.94;y=16.81;yaw=-1.56
24.0333333015,[debug],turtlebot5,simulation,robot-pose,x=-38.00;y=21.48;yaw=0.01
24.0333333015,[debug],turtlebot5,simulation,robot-pose,x=-38.00;y=21.48;yaw=0.01
32.2166666985,[debug],turtlebot4,move-base-info,Hooray, the base moved arrived,(x=-21;y=16)
32.3833334446,[debug],turtlebot4,move-base-info,Hooray, the base moved arrived,(x=-21;y=16)
32.4833333492,[debug],turtlebot4,task-update,navigation,way-point-reached,33.33333333333333%
38.8333332539,[debug],turtlebot1,simulation,robot-pose,x=-33.84;y=18.78;yaw=2.82
38.8333332539,[debug],turtlebot1,simulation,robot-pose,x=-33.84;y=18.78;yaw=2.82
39.0,[debug],turtlebot2,simulation,robot-pose,x=-27.22;y=18.03;yaw=-1.59
39.0,[debug],turtlebot3,simulation,robot-pose,x=-40.39;y=25.23;yaw=0.33
39.0,[debug],turtlebot2,simulation,robot-pose,x=-27.22;y=18.03;yaw=-1.59
39.0,[debug],turtlebot3,simulation,robot-pose,x=-40.39;y=25.23;yaw=0.33
39.0166666508,[debug],turtlebot4,simulation,robot-pose,x=-21.12;y=16.41;yaw=-2.78
39.0166666508,[debug],turtlebot4,simulation,robot-pose,x=-21.12;y=16.41;yaw=-2.78
39.0333333015,[debug],turtlebot5,simulation,robot-pose,x=-38.00;y=21.48;yaw=0.01
39.0333333015,[debug],turtlebot5,simulation,robot-pose,x=-38.00;y=21.48;yaw=0.01
50.0999999046,[info],turtlebot4,skill-life-cycle,navigation,(status=RUNNING, parameters=[[-21.0, 16.0, 3.141592653589793, True], [-28.5, 16.0, 1.5707963267948966, True], [-28.5, 18.0, -1.57, False]])
53.8333332539,[debug],turtlebot1,simulation,robot-pose,x=-33.85;y=18.78;yaw=2.84
53.8333332539,[debug],turtlebot1,simulation,robot-pose,x=-33.85;y=18.78;yaw=2.84
54.0,[debug],turtlebot2,simulation,robot-pose,x=-27.22;y=18.03;yaw=-1.58
54.0,[debug],turtlebot2,simulation,robot-pose,x=-27.22;y=18.03;yaw=-1.58
54.0,[debug],turtlebot3,simulation,robot-pose,x=-40.39;y=25.23;yaw=0.33
54.0,[debug],turtlebot3,simulation,robot-pose,x=-40.39;y=25.23;yaw=0.33
54.0166666508,[debug],turtlebot4,simulation,robot-pose,x=-23.08;y=15.98;yaw=-3.13
54.0166666508,[debug],turtlebot4,simulation,robot-pose,x=-23.08;y=15.98;yaw=-3.13
54.0333333015,[debug],turtlebot5,simulation,robot-pose,x=-38.00;y=21.48;yaw=0.01
54.0333333015,[debug],turtlebot5,simulation,robot-pose,x=-38.00;y=21.48;yaw=0.01
68.8333332539,[debug],turtlebot1,simulation,robot-pose,x=-33.85;y=18.78;yaw=2.85
68.8333332539,[debug],turtlebot1,simulation,robot-pose,x=-33.85;y=18.78;yaw=2.85
69.0,[debug],turtlebot2,simulation,robot-pose,x=-27.22;y=18.03;yaw=-1.58
69.0,[debug],turtlebot2,simulation,robot-pose,x=-27.22;y=18.03;yaw=-1.58
69.0,[debug],turtlebot3,simulation,robot-pose,x=-40.39;y=25.23;yaw=0.33
69.0,[debug],turtlebot3,simulation,robot-pose,x=-40.39;y=25.23;yaw=0.33
69.0166666508,[debug],turtlebot4,simulation,robot-pose,x=-25.52;y=15.93;yaw=-3.06
69.0166666508,[debug],turtlebot4,simulation,robot-pose,x=-25.52;y=15.93;yaw=-3.06
69.0333333015,[debug],turtlebot5,simulation,robot-pose,x=-38.00;y=21.48;yaw=0.01
69.0333333015,[debug],turtlebot5,simulation,robot-pose,x=-38.00;y=21.48;yaw=0.01
83.8333332539,[debug],turtlebot1,simulation,robot-pose,x=-33.85;y=18.78;yaw=2.87
83.8333332539,[debug],turtlebot1,simulation,robot-pose,x=-33.85;y=18.78;yaw=2.87
84.0,[debug],turtlebot3,simulation,robot-pose,x=-40.39;y=25.23;yaw=0.33
84.0,[debug],turtlebot3,simulation,robot-pose,x=-40.39;y=25.23;yaw=0.33
84.0,[debug],turtlebot2,simulation,robot-pose,x=-27.22;y=18.03;yaw=-1.58
84.0,[debug],turtlebot2,simulation,robot-pose,x=-27.22;y=18.03;yaw=-1.58
84.0166666508,[debug],turtlebot4,simulation,robot-pose,x=-28.29;y=16.43;yaw=-3.00
84.0166666508,[debug],turtlebot4,simulation,robot-pose,x=-28.29;y=16.43;yaw=-3.00
84.0333333015,[debug],turtlebot5,simulation,robot-pose,x=-38.00;y=21.48;yaw=0.01
84.0333333015,[debug],turtlebot5,simulation,robot-pose,x=-38.00;y=21.48;yaw=0.01
88.5499999523,[debug],turtlebot4,move-base-info,Hooray, the base moved arrived,(x=-28.5;y=16)
88.5499999523,[debug],turtlebot4,move-base-info,Hooray, the base moved arrived,(x=-28.5;y=16)
88.6833333969,[debug],turtlebot4,task-update,navigation,way-point-reached,66.66666666666666%
98.8333332539,[debug],turtlebot1,simulation,robot-pose,x=-33.85;y=18.78;yaw=2.89
98.8333332539,[debug],turtlebot1,simulation,robot-pose,x=-33.85;y=18.78;yaw=2.89
99.0,[debug],turtlebot2,simulation,robot-pose,x=-27.22;y=18.03;yaw=-1.58
99.0,[debug],turtlebot2,simulation,robot-pose,x=-27.22;y=18.03;yaw=-1.58
99.0,[debug],turtlebot3,simulation,robot-pose,x=-40.39;y=25.23;yaw=0.33
99.0,[debug],turtlebot3,simulation,robot-pose,x=-40.39;y=25.23;yaw=0.33
99.0166666508,[debug],turtlebot4,simulation,robot-pose,x=-28.38;y=17.55;yaw=2.50
99.0166666508,[debug],turtlebot4,simulation,robot-pose,x=-28.38;y=17.55;yaw=2.50
99.0333333015,[debug],turtlebot5,simulation,robot-pose,x=-38.00;y=21.48;yaw=0.01
99.0333333015,[debug],turtlebot5,simulation,robot-pose,x=-38.00;y=21.48;yaw=0.01
101.799999952,[info],turtlebot4,skill-life-cycle,navigation,(status=RUNNING, parameters=[[-21.0, 16.0, 3.141592653589793, True], [-28.5, 16.0, 1.5707963267948966, True], [-28.5, 18.0, -1.57, False]])
104.883333445,[debug],turtlebot4,move-base-info,Hooray, the base moved arrived,(x=-28.5;y=18)
104.883333445,[debug],turtlebot4,move-base-info,Hooray, the base moved arrived,(x=-28.5;y=18)
104.966666698,[debug],turtlebot4,task-update,navigation,way-point-reached,100.0%
105.066666603,[debug],turtlebot4,available-skills,['send_message', 'wait_message', 'approach_person', 'approach_robot', 'authenticate_person', 'deposit', 'navigation', 'pick_up'],
105.066666603,[info],turtlebot4,skill-life-cycle,approach_person,(status=STARTED, parameters=['nurse'])
105.133333445,[debug],turtlebot4,task-update,approach_person,localize-person,(who=nurse)
105.766666651,[debug],turtlebot4,task-update,approach_person,goto-person,(who=nurse)
105.983333349,[debug],turtlebot4,available-skills,['send_message', 'wait_message', 'approach_person', 'approach_robot', 'authenticate_person', 'deposit', 'navigation', 'pick_up'],
105.983333349,[info],turtlebot4,skill-life-cycle,authenticate_person,(status=STARTED, parameters=['nurse'])
106.033333302,[debug],turtlebot4,task-update,authenticate_person,request-authentication,(to=nurse)
106.033333302,[info],nurse,sync,received-request,(status=sending-request)
106.049999952,[info],nurse,sync,received-request,(status=sending-request)
106.316666603,[debug],turtlebot4,task-update,authenticate_person,received-authentication,(from=nurse)
106.383333445,[debug],turtlebot4,available-skills,['send_message', 'wait_message', 'approach_person', 'approach_robot', 'authenticate_person', 'deposit', 'navigation', 'pick_up'],
106.383333445,[info],turtlebot4,skill-life-cycle,fail,(status=STARTED, parameters=['operate_drawer', 'open'])
108.383333445,[info],turtlebot4,skill-life-cycle,fail,(status=Status.FAILURE, parameters=['operate_drawer', 'open'])
108.383333445,FAILURE
108.466666698,[info],turtlebot4,skill-life-cycle,fail,(status=Status.FAILURE, parameters=['operate_drawer', 'open'])
108.466666698,FAILURE
108.549999952,[info],turtlebot4,skill-life-cycle,fail,(status=Status.FAILURE, parameters=['operate_drawer', 'open'])
108.549999952,FAILURE
108.616666555,[info],turtlebot4,skill-life-cycle,fail,(status=Status.FAILURE, parameters=['operate_drawer', 'open'])
108.616666555,FAILURE
108.700000048,[info],turtlebot4,skill-life-cycle,fail,(status=Status.FAILURE, parameters=['operate_drawer', 'open'])
108.700000048,FAILURE
108.783333302,[info],turtlebot4,skill-life-cycle,fail,(status=Status.FAILURE, parameters=['operate_drawer', 'open'])
108.783333302,FAILURE
108.883333445,[info],turtlebot4,skill-life-cycle,fail,(status=Status.FAILURE, parameters=['operate_drawer', 'open'])
108.883333445,FAILURE
108.950000048,[info],turtlebot4,skill-life-cycle,fail,(status=Status.FAILURE, parameters=['operate_drawer', 'open'])
108.950000048,FAILURE
109.016666651,[info],turtlebot4,skill-life-cycle,fail,(status=Status.FAILURE, parameters=['operate_drawer', 'open'])
109.016666651,FAILURE
109.116666555,[info],turtlebot4,skill-life-cycle,fail,(status=Status.FAILURE, parameters=['operate_drawer', 'open'])
109.116666555,FAILURE
109.183333397,[info],turtlebot4,skill-life-cycle,fail,(status=Status.FAILURE, parameters=['operate_drawer', 'open'])
109.183333397,FAILURE
113.833333254,[debug],turtlebot1,simulation,robot-pose,x=-33.86;y=18.79;yaw=2.91
113.833333254,[debug],turtlebot1,simulation,robot-pose,x=-33.86;y=18.79;yaw=2.91
114.0,[debug],turtlebot2,simulation,robot-pose,x=-27.22;y=18.03;yaw=-1.58
114.0,[debug],turtlebot2,simulation,robot-pose,x=-27.22;y=18.03;yaw=-1.58
114.0,[debug],turtlebot3,simulation,robot-pose,x=-40.39;y=25.23;yaw=0.33
114.0,[debug],turtlebot3,simulation,robot-pose,x=-40.39;y=25.23;yaw=0.33
114.016666651,[debug],turtlebot4,simulation,robot-pose,x=-28.41;y=17.61;yaw=-1.60
114.016666651,[debug],turtlebot4,simulation,robot-pose,x=-28.41;y=17.61;yaw=-1.60
114.033333302,[debug],turtlebot5,simulation,robot-pose,x=-38.00;y=21.48;yaw=0.01
114.033333302,[debug],turtlebot5,simulation,robot-pose,x=-38.00;y=21.48;yaw=0.01
0.0,[debug],simulation closed,failure-bt,execution-wall-clock=144.1426498889923
