1.5,[debug],turtlebot5,move-base-info,Move_base is up and ok....,
1.73333334923,[debug],turtlebot3,move-base-info,Move_base is up and ok....,
1.90000009537,[debug],turtlebot1,move-base-info,Move_base is up and ok....,
2.06666660309,[debug],turtlebot2,move-base-info,Move_base is up and ok....,
2.1333334446,[debug],turtlebot4,move-base-info,Move_base is up and ok....,
8.59999990463,[info],turtlebot3,skill-life-cycle,init_robobt,(status=RUNNING, parameters=[])
8.8833334446,[info],turtlebot5,skill-life-cycle,init_robobt,(status=RUNNING, parameters=[])
9.68333339691,[info],turtlebot1,skill-life-cycle,init_robobt,(status=RUNNING, parameters=[])
9.78333330154,[info],turtlebot2,skill-life-cycle,init_robobt,(status=RUNNING, parameters=[])
15.2166666985,[debug],turtlebot2,available-skills,['send_message', 'wait_message', 'approach_person', 'approach_robot', 'authenticate_person', 'deposit', 'navigation', 'operate_drawer', 'pick_up'],
15.2166666985,[info],turtlebot2,skill-life-cycle,navigation,(status=STARTED, parameters=[[-37.0, 18.93, -1.5707963267948966, True], [-37.0, 16.0, 0.0, True], [-28.5, 16.0, 1.5707963267948966, True], [-28.5, 18.0, -1.57, False]])
23.3833334446,[debug],turtlebot1,simulation,robot-pose,x=-33.83;y=18.78;yaw=2.80
23.4000000954,[debug],turtlebot1,simulation,robot-pose,x=-33.83;y=18.78;yaw=2.80
23.5499999523,[debug],turtlebot2,simulation,robot-pose,x=-27.20;y=17.77;yaw=-1.40
23.5499999523,[debug],turtlebot2,simulation,robot-pose,x=-27.20;y=17.77;yaw=-1.40
23.5666666031,[debug],turtlebot3,simulation,robot-pose,x=-40.39;y=25.23;yaw=0.34
23.5666666031,[debug],turtlebot3,simulation,robot-pose,x=-40.39;y=25.23;yaw=0.34
23.5833332539,[debug],turtlebot4,simulation,robot-pose,x=-20.99;y=18.00;yaw=-1.54
23.5833332539,[debug],turtlebot4,simulation,robot-pose,x=-20.99;y=18.00;yaw=-1.54
23.5833332539,[debug],turtlebot5,simulation,robot-pose,x=-38.00;y=21.48;yaw=0.01
23.5833332539,[debug],turtlebot5,simulation,robot-pose,x=-38.00;y=21.48;yaw=0.01
38.3833334446,[debug],turtlebot1,simulation,robot-pose,x=-33.84;y=18.78;yaw=2.82
38.4166667461,[debug],turtlebot1,simulation,robot-pose,x=-33.84;y=18.78;yaw=2.82
38.5499999523,[debug],turtlebot2,simulation,robot-pose,x=-27.41;y=16.56;yaw=-2.50
38.5499999523,[debug],turtlebot2,simulation,robot-pose,x=-27.41;y=16.56;yaw=-2.50
38.5666666031,[debug],turtlebot3,simulation,robot-pose,x=-40.39;y=25.23;yaw=0.33
38.5666666031,[debug],turtlebot3,simulation,robot-pose,x=-40.39;y=25.23;yaw=0.33
38.5833332539,[debug],turtlebot5,simulation,robot-pose,x=-38.00;y=21.48;yaw=0.01
38.5833332539,[debug],turtlebot5,simulation,robot-pose,x=-38.00;y=21.48;yaw=0.01
38.5833332539,[debug],turtlebot4,simulation,robot-pose,x=-20.99;y=18.00;yaw=-1.54
38.5833332539,[debug],turtlebot4,simulation,robot-pose,x=-20.99;y=18.00;yaw=-1.54
53.3833334446,[debug],turtlebot1,simulation,robot-pose,x=-33.85;y=18.78;yaw=2.84
53.4166667461,[debug],turtlebot1,simulation,robot-pose,x=-33.85;y=18.78;yaw=2.84
53.5499999523,[debug],turtlebot2,simulation,robot-pose,x=-28.91;y=16.34;yaw=-2.00
53.5499999523,[debug],turtlebot2,simulation,robot-pose,x=-28.91;y=16.34;yaw=-2.00
53.5666666031,[debug],turtlebot3,simulation,robot-pose,x=-40.39;y=25.23;yaw=0.33
53.5666666031,[debug],turtlebot3,simulation,robot-pose,x=-40.39;y=25.23;yaw=0.33
53.5833332539,[debug],turtlebot5,simulation,robot-pose,x=-38.00;y=21.48;yaw=0.01
53.5833332539,[debug],turtlebot5,simulation,robot-pose,x=-38.00;y=21.48;yaw=0.01
53.5833332539,[debug],turtlebot4,simulation,robot-pose,x=-20.99;y=18.00;yaw=-1.54
53.5833332539,[debug],turtlebot4,simulation,robot-pose,x=-20.99;y=18.00;yaw=-1.54
61.1166665554,[info],turtlebot2,skill-life-cycle,navigation,(status=RUNNING, parameters=[[-37.0, 18.93, -1.5707963267948966, True], [-37.0, 16.0, 0.0, True], [-28.5, 16.0, 1.5707963267948966, True], [-28.5, 18.0, -1.57, False]])
68.3833334446,[debug],turtlebot1,simulation,robot-pose,x=-33.85;y=18.78;yaw=2.85
68.3833334446,[debug],turtlebot1,simulation,robot-pose,x=-33.85;y=18.78;yaw=2.85
68.5499999523,[debug],turtlebot2,simulation,robot-pose,x=-28.87;y=16.54;yaw=-1.96
68.5499999523,[debug],turtlebot2,simulation,robot-pose,x=-28.87;y=16.54;yaw=-1.96
68.5666666031,[debug],turtlebot3,simulation,robot-pose,x=-40.39;y=25.23;yaw=0.33
68.5666666031,[debug],turtlebot3,simulation,robot-pose,x=-40.39;y=25.23;yaw=0.33
68.5833332539,[debug],turtlebot5,simulation,robot-pose,x=-38.00;y=21.48;yaw=0.01
68.5833332539,[debug],turtlebot5,simulation,robot-pose,x=-38.00;y=21.48;yaw=0.01
68.5833332539,[debug],turtlebot4,simulation,robot-pose,x=-20.99;y=18.00;yaw=-1.54
68.5833332539,[debug],turtlebot4,simulation,robot-pose,x=-20.99;y=18.00;yaw=-1.54
83.3833334446,[debug],turtlebot1,simulation,robot-pose,x=-33.85;y=18.78;yaw=2.87
83.4000000954,[debug],turtlebot1,simulation,robot-pose,x=-33.85;y=18.78;yaw=2.87
83.5499999523,[debug],turtlebot2,simulation,robot-pose,x=-28.96;y=16.34;yaw=-1.74
83.5499999523,[debug],turtlebot2,simulation,robot-pose,x=-28.96;y=16.34;yaw=-1.74
83.5666666031,[debug],turtlebot3,simulation,robot-pose,x=-40.39;y=25.23;yaw=0.33
83.5666666031,[debug],turtlebot3,simulation,robot-pose,x=-40.39;y=25.23;yaw=0.33
83.5833332539,[debug],turtlebot4,simulation,robot-pose,x=-20.99;y=18.00;yaw=-1.54
83.5833332539,[debug],turtlebot4,simulation,robot-pose,x=-20.99;y=18.00;yaw=-1.54
83.5833332539,[debug],turtlebot5,simulation,robot-pose,x=-38.00;y=21.48;yaw=0.01
83.5833332539,[debug],turtlebot5,simulation,robot-pose,x=-38.00;y=21.48;yaw=0.01
98.3833334446,[debug],turtlebot1,simulation,robot-pose,x=-33.85;y=18.78;yaw=2.89
98.3833334446,[debug],turtlebot1,simulation,robot-pose,x=-33.85;y=18.78;yaw=2.89
98.5499999523,[debug],turtlebot2,simulation,robot-pose,x=-28.95;y=16.33;yaw=-1.93
98.5499999523,[debug],turtlebot2,simulation,robot-pose,x=-28.95;y=16.33;yaw=-1.93
98.5666666031,[debug],turtlebot3,simulation,robot-pose,x=-40.39;y=25.23;yaw=0.33
98.5666666031,[debug],turtlebot3,simulation,robot-pose,x=-40.39;y=25.23;yaw=0.33
98.5833332539,[debug],turtlebot4,simulation,robot-pose,x=-20.99;y=18.00;yaw=-1.54
98.5833332539,[debug],turtlebot4,simulation,robot-pose,x=-20.99;y=18.00;yaw=-1.54
98.5833332539,[debug],turtlebot5,simulation,robot-pose,x=-38.00;y=21.48;yaw=0.01
98.5833332539,[debug],turtlebot5,simulation,robot-pose,x=-38.00;y=21.48;yaw=0.01
111.466666698,[info],turtlebot2,skill-life-cycle,navigation,(status=RUNNING, parameters=[[-37.0, 18.93, -1.5707963267948966, True], [-37.0, 16.0, 0.0, True], [-28.5, 16.0, 1.5707963267948966, True], [-28.5, 18.0, -1.57, False]])
113.383333445,[debug],turtlebot1,simulation,robot-pose,x=-33.86;y=18.79;yaw=2.91
113.383333445,[debug],turtlebot1,simulation,robot-pose,x=-33.86;y=18.79;yaw=2.91
113.549999952,[debug],turtlebot2,simulation,robot-pose,x=-28.97;y=16.34;yaw=-1.58
113.549999952,[debug],turtlebot2,simulation,robot-pose,x=-28.97;y=16.34;yaw=-1.58
113.566666603,[debug],turtlebot3,simulation,robot-pose,x=-40.39;y=25.23;yaw=0.33
113.566666603,[debug],turtlebot3,simulation,robot-pose,x=-40.39;y=25.23;yaw=0.33
113.583333254,[debug],turtlebot5,simulation,robot-pose,x=-38.00;y=21.48;yaw=0.01
113.583333254,[debug],turtlebot5,simulation,robot-pose,x=-38.00;y=21.48;yaw=0.01
113.583333254,[debug],turtlebot4,simulation,robot-pose,x=-20.99;y=18.00;yaw=-1.54
113.583333254,[debug],turtlebot4,simulation,robot-pose,x=-20.99;y=18.00;yaw=-1.54
128.383333445,[debug],turtlebot1,simulation,robot-pose,x=-33.86;y=18.79;yaw=2.93
128.383333445,[debug],turtlebot1,simulation,robot-pose,x=-33.86;y=18.79;yaw=2.93
128.549999952,[debug],turtlebot2,simulation,robot-pose,x=-28.97;y=16.34;yaw=-1.62
128.549999952,[debug],turtlebot2,simulation,robot-pose,x=-28.97;y=16.34;yaw=-1.62
128.566666603,[debug],turtlebot3,simulation,robot-pose,x=-40.39;y=25.23;yaw=0.33
128.566666603,[debug],turtlebot3,simulation,robot-pose,x=-40.39;y=25.23;yaw=0.33
128.583333254,[debug],turtlebot4,simulation,robot-pose,x=-21.00;y=18.00;yaw=-1.54
128.583333254,[debug],turtlebot5,simulation,robot-pose,x=-38.00;y=21.48;yaw=0.01
128.583333254,[debug],turtlebot4,simulation,robot-pose,x=-21.00;y=18.00;yaw=-1.54
128.583333254,[debug],turtlebot5,simulation,robot-pose,x=-38.00;y=21.48;yaw=0.01
143.383333445,[debug],turtlebot1,simulation,robot-pose,x=-33.87;y=18.79;yaw=2.95
143.400000095,[debug],turtlebot1,simulation,robot-pose,x=-33.87;y=18.79;yaw=2.95
143.549999952,[debug],turtlebot2,simulation,robot-pose,x=-28.97;y=16.34;yaw=-1.66
143.549999952,[debug],turtlebot2,simulation,robot-pose,x=-28.97;y=16.34;yaw=-1.66
143.566666603,[debug],turtlebot3,simulation,robot-pose,x=-40.39;y=25.23;yaw=0.33
143.566666603,[debug],turtlebot3,simulation,robot-pose,x=-40.39;y=25.23;yaw=0.33
143.583333254,[debug],turtlebot5,simulation,robot-pose,x=-38.00;y=21.48;yaw=0.01
143.583333254,[debug],turtlebot4,simulation,robot-pose,x=-21.00;y=18.00;yaw=-1.54
143.583333254,[debug],turtlebot5,simulation,robot-pose,x=-38.00;y=21.48;yaw=0.01
143.583333254,[debug],turtlebot4,simulation,robot-pose,x=-21.00;y=18.00;yaw=-1.54
158.383333445,[debug],turtlebot1,simulation,robot-pose,x=-33.87;y=18.79;yaw=2.98
158.383333445,[debug],turtlebot1,simulation,robot-pose,x=-33.87;y=18.79;yaw=2.98
158.549999952,[debug],turtlebot2,simulation,robot-pose,x=-28.98;y=16.34;yaw=-1.59
158.549999952,[debug],turtlebot2,simulation,robot-pose,x=-28.98;y=16.34;yaw=-1.59
158.566666603,[debug],turtlebot3,simulation,robot-pose,x=-40.39;y=25.23;yaw=0.33
158.566666603,[debug],turtlebot3,simulation,robot-pose,x=-40.39;y=25.23;yaw=0.33
158.583333254,[debug],turtlebot5,simulation,robot-pose,x=-38.00;y=21.48;yaw=0.01
158.583333254,[debug],turtlebot4,simulation,robot-pose,x=-21.00;y=18.00;yaw=-1.54
158.583333254,[debug],turtlebot5,simulation,robot-pose,x=-38.00;y=21.48;yaw=0.01
158.583333254,[debug],turtlebot4,simulation,robot-pose,x=-21.00;y=18.00;yaw=-1.54
161.633333445,[info],turtlebot2,skill-life-cycle,navigation,(status=RUNNING, parameters=[[-37.0, 18.93, -1.5707963267948966, True], [-37.0, 16.0, 0.0, True], [-28.5, 16.0, 1.5707963267948966, True], [-28.5, 18.0, -1.57, False]])
173.383333445,[debug],turtlebot1,simulation,robot-pose,x=-33.88;y=18.79;yaw=3.00
173.400000095,[debug],turtlebot1,simulation,robot-pose,x=-33.88;y=18.79;yaw=3.00
173.549999952,[debug],turtlebot2,simulation,robot-pose,x=-28.99;y=16.31;yaw=-1.99
173.549999952,[debug],turtlebot2,simulation,robot-pose,x=-28.99;y=16.31;yaw=-1.99
173.566666603,[debug],turtlebot3,simulation,robot-pose,x=-40.39;y=25.23;yaw=0.33
173.566666603,[debug],turtlebot3,simulation,robot-pose,x=-40.39;y=25.23;yaw=0.33
173.583333254,[debug],turtlebot5,simulation,robot-pose,x=-38.00;y=21.48;yaw=0.01
173.583333254,[debug],turtlebot5,simulation,robot-pose,x=-38.00;y=21.48;yaw=0.01
173.583333254,[debug],turtlebot4,simulation,robot-pose,x=-21.00;y=18.00;yaw=-1.54
173.583333254,[debug],turtlebot4,simulation,robot-pose,x=-21.00;y=18.00;yaw=-1.54
188.383333445,[debug],turtlebot1,simulation,robot-pose,x=-33.88;y=18.79;yaw=3.00
188.400000095,[debug],turtlebot1,simulation,robot-pose,x=-33.88;y=18.79;yaw=3.00
188.549999952,[debug],turtlebot2,simulation,robot-pose,x=-28.99;y=16.22;yaw=-0.69
188.549999952,[debug],turtlebot2,simulation,robot-pose,x=-28.99;y=16.22;yaw=-0.69
188.566666603,[debug],turtlebot3,simulation,robot-pose,x=-40.39;y=25.23;yaw=0.33
188.566666603,[debug],turtlebot3,simulation,robot-pose,x=-40.39;y=25.23;yaw=0.33
188.583333254,[debug],turtlebot4,simulation,robot-pose,x=-21.00;y=18.00;yaw=-1.54
188.583333254,[debug],turtlebot4,simulation,robot-pose,x=-21.00;y=18.00;yaw=-1.54
188.583333254,[debug],turtlebot5,simulation,robot-pose,x=-38.00;y=21.48;yaw=0.01
188.583333254,[debug],turtlebot5,simulation,robot-pose,x=-38.00;y=21.48;yaw=0.01
203.383333445,[debug],turtlebot1,simulation,robot-pose,x=-33.88;y=18.79;yaw=3.01
203.383333445,[debug],turtlebot1,simulation,robot-pose,x=-33.88;y=18.79;yaw=3.01
203.549999952,[debug],turtlebot2,simulation,robot-pose,x=-28.97;y=16.20;yaw=-0.64
203.549999952,[debug],turtlebot2,simulation,robot-pose,x=-28.97;y=16.20;yaw=-0.64
203.566666603,[debug],turtlebot3,simulation,robot-pose,x=-40.39;y=25.23;yaw=0.33
203.566666603,[debug],turtlebot3,simulation,robot-pose,x=-40.39;y=25.23;yaw=0.33
203.583333254,[debug],turtlebot5,simulation,robot-pose,x=-38.02;y=21.48;yaw=0.03
203.583333254,[debug],turtlebot4,simulation,robot-pose,x=-21.01;y=18.00;yaw=-1.54
203.583333254,[debug],turtlebot5,simulation,robot-pose,x=-38.02;y=21.48;yaw=0.03
203.583333254,[debug],turtlebot4,simulation,robot-pose,x=-21.01;y=18.00;yaw=-1.54
211.766666651,[info],turtlebot2,skill-life-cycle,navigation,(status=RUNNING, parameters=[[-37.0, 18.93, -1.5707963267948966, True], [-37.0, 16.0, 0.0, True], [-28.5, 16.0, 1.5707963267948966, True], [-28.5, 18.0, -1.57, False]])
218.383333445,[debug],turtlebot1,simulation,robot-pose,x=-33.88;y=18.79;yaw=3.01
218.400000095,[debug],turtlebot1,simulation,robot-pose,x=-33.88;y=18.79;yaw=3.01
218.549999952,[debug],turtlebot2,simulation,robot-pose,x=-28.95;y=16.20;yaw=-0.58
218.549999952,[debug],turtlebot2,simulation,robot-pose,x=-28.95;y=16.20;yaw=-0.58
218.566666603,[debug],turtlebot3,simulation,robot-pose,x=-40.39;y=25.23;yaw=0.33
218.566666603,[debug],turtlebot3,simulation,robot-pose,x=-40.39;y=25.23;yaw=0.33
218.583333254,[debug],turtlebot4,simulation,robot-pose,x=-21.01;y=18.00;yaw=-1.54
218.583333254,[debug],turtlebot4,simulation,robot-pose,x=-21.01;y=18.00;yaw=-1.54
218.583333254,[debug],turtlebot5,simulation,robot-pose,x=-38.02;y=21.48;yaw=0.03
218.583333254,[debug],turtlebot5,simulation,robot-pose,x=-38.02;y=21.48;yaw=0.03
233.383333445,[debug],turtlebot1,simulation,robot-pose,x=-33.88;y=18.79;yaw=3.01
233.416666746,[debug],turtlebot1,simulation,robot-pose,x=-33.88;y=18.79;yaw=3.01
233.549999952,[debug],turtlebot2,simulation,robot-pose,x=-28.95;y=16.20;yaw=-0.59
233.549999952,[debug],turtlebot2,simulation,robot-pose,x=-28.95;y=16.20;yaw=-0.59
233.566666603,[debug],turtlebot3,simulation,robot-pose,x=-40.39;y=25.23;yaw=0.33
233.566666603,[debug],turtlebot3,simulation,robot-pose,x=-40.39;y=25.23;yaw=0.33
233.583333254,[debug],turtlebot4,simulation,robot-pose,x=-21.01;y=18.00;yaw=-1.54
233.583333254,[debug],turtlebot5,simulation,robot-pose,x=-38.03;y=21.49;yaw=0.03
233.583333254,[debug],turtlebot4,simulation,robot-pose,x=-21.01;y=18.00;yaw=-1.54
233.583333254,[debug],turtlebot5,simulation,robot-pose,x=-38.03;y=21.49;yaw=0.03
248.383333445,[debug],turtlebot1,simulation,robot-pose,x=-33.88;y=18.79;yaw=3.01
248.400000095,[debug],turtlebot1,simulation,robot-pose,x=-33.88;y=18.79;yaw=3.01
248.549999952,[debug],turtlebot2,simulation,robot-pose,x=-28.94;y=16.19;yaw=-0.54
248.549999952,[debug],turtlebot2,simulation,robot-pose,x=-28.94;y=16.19;yaw=-0.54
248.566666603,[debug],turtlebot3,simulation,robot-pose,x=-40.39;y=25.23;yaw=0.33
248.566666603,[debug],turtlebot3,simulation,robot-pose,x=-40.39;y=25.23;yaw=0.33
248.583333254,[debug],turtlebot4,simulation,robot-pose,x=-21.02;y=18.00;yaw=-1.54
248.583333254,[debug],turtlebot5,simulation,robot-pose,x=-38.04;y=21.49;yaw=0.03
248.583333254,[debug],turtlebot4,simulation,robot-pose,x=-21.02;y=18.00;yaw=-1.54
248.583333254,[debug],turtlebot5,simulation,robot-pose,x=-38.04;y=21.49;yaw=0.03
261.75,[info],turtlebot2,skill-life-cycle,navigation,(status=RUNNING, parameters=[[-37.0, 18.93, -1.5707963267948966, True], [-37.0, 16.0, 0.0, True], [-28.5, 16.0, 1.5707963267948966, True], [-28.5, 18.0, -1.57, False]])
263.383333445,[debug],turtlebot1,simulation,robot-pose,x=-33.88;y=18.79;yaw=3.01
263.383333445,[debug],turtlebot1,simulation,robot-pose,x=-33.88;y=18.79;yaw=3.01
263.549999952,[debug],turtlebot2,simulation,robot-pose,x=-28.94;y=16.20;yaw=-0.53
263.549999952,[debug],turtlebot2,simulation,robot-pose,x=-28.94;y=16.20;yaw=-0.53
263.566666603,[debug],turtlebot3,simulation,robot-pose,x=-40.39;y=25.23;yaw=0.33
263.566666603,[debug],turtlebot3,simulation,robot-pose,x=-40.39;y=25.23;yaw=0.33
263.583333254,[debug],turtlebot5,simulation,robot-pose,x=-38.05;y=21.50;yaw=0.03
263.583333254,[debug],turtlebot5,simulation,robot-pose,x=-38.05;y=21.50;yaw=0.03
263.583333254,[debug],turtlebot4,simulation,robot-pose,x=-21.02;y=18.00;yaw=-1.54
263.583333254,[debug],turtlebot4,simulation,robot-pose,x=-21.02;y=18.00;yaw=-1.54
278.383333445,[debug],turtlebot1,simulation,robot-pose,x=-33.88;y=18.79;yaw=3.01
278.400000095,[debug],turtlebot1,simulation,robot-pose,x=-33.88;y=18.79;yaw=3.01
278.549999952,[debug],turtlebot2,simulation,robot-pose,x=-28.93;y=16.19;yaw=-0.45
278.549999952,[debug],turtlebot2,simulation,robot-pose,x=-28.93;y=16.19;yaw=-0.45
278.566666603,[debug],turtlebot3,simulation,robot-pose,x=-40.39;y=25.23;yaw=0.33
278.566666603,[debug],turtlebot3,simulation,robot-pose,x=-40.39;y=25.23;yaw=0.33
278.583333254,[debug],turtlebot4,simulation,robot-pose,x=-21.03;y=18.00;yaw=-1.54
278.583333254,[debug],turtlebot5,simulation,robot-pose,x=-38.08;y=21.50;yaw=0.03
278.583333254,[debug],turtlebot4,simulation,robot-pose,x=-21.03;y=18.00;yaw=-1.54
278.583333254,[debug],turtlebot5,simulation,robot-pose,x=-38.08;y=21.50;yaw=0.03
293.383333445,[debug],turtlebot1,simulation,robot-pose,x=-33.88;y=18.79;yaw=3.01
293.400000095,[debug],turtlebot1,simulation,robot-pose,x=-33.88;y=18.79;yaw=3.01
293.549999952,[debug],turtlebot2,simulation,robot-pose,x=-28.95;y=16.21;yaw=-0.60
293.549999952,[debug],turtlebot2,simulation,robot-pose,x=-28.95;y=16.21;yaw=-0.60
293.566666603,[debug],turtlebot3,simulation,robot-pose,x=-40.39;y=25.23;yaw=0.33
293.566666603,[debug],turtlebot3,simulation,robot-pose,x=-40.39;y=25.23;yaw=0.33
293.583333254,[debug],turtlebot5,simulation,robot-pose,x=-38.11;y=21.50;yaw=0.03
293.583333254,[debug],turtlebot5,simulation,robot-pose,x=-38.11;y=21.50;yaw=0.03
293.583333254,[debug],turtlebot4,simulation,robot-pose,x=-21.03;y=18.00;yaw=-1.54
293.583333254,[debug],turtlebot4,simulation,robot-pose,x=-21.03;y=18.00;yaw=-1.54
308.383333445,[debug],turtlebot1,simulation,robot-pose,x=-33.88;y=18.79;yaw=3.01
308.383333445,[debug],turtlebot1,simulation,robot-pose,x=-33.88;y=18.79;yaw=3.01
308.549999952,[debug],turtlebot2,simulation,robot-pose,x=-28.96;y=16.22;yaw=-0.70
308.549999952,[debug],turtlebot2,simulation,robot-pose,x=-28.96;y=16.22;yaw=-0.70
308.566666603,[debug],turtlebot3,simulation,robot-pose,x=-40.39;y=25.23;yaw=0.33
308.566666603,[debug],turtlebot3,simulation,robot-pose,x=-40.39;y=25.23;yaw=0.33
308.583333254,[debug],turtlebot4,simulation,robot-pose,x=-21.03;y=18.00;yaw=-1.54
308.583333254,[debug],turtlebot4,simulation,robot-pose,x=-21.03;y=18.00;yaw=-1.54
308.583333254,[debug],turtlebot5,simulation,robot-pose,x=-38.13;y=21.50;yaw=0.03
308.583333254,[debug],turtlebot5,simulation,robot-pose,x=-38.13;y=21.50;yaw=0.03
311.766666651,[info],turtlebot2,skill-life-cycle,navigation,(status=RUNNING, parameters=[[-37.0, 18.93, -1.5707963267948966, True], [-37.0, 16.0, 0.0, True], [-28.5, 16.0, 1.5707963267948966, True], [-28.5, 18.0, -1.57, False]])
323.383333445,[debug],turtlebot1,simulation,robot-pose,x=-33.88;y=18.79;yaw=3.01
323.400000095,[debug],turtlebot1,simulation,robot-pose,x=-33.88;y=18.79;yaw=3.01
323.549999952,[debug],turtlebot2,simulation,robot-pose,x=-28.95;y=16.22;yaw=-0.66
323.549999952,[debug],turtlebot2,simulation,robot-pose,x=-28.95;y=16.22;yaw=-0.66
323.566666603,[debug],turtlebot3,simulation,robot-pose,x=-40.39;y=25.23;yaw=0.33
323.566666603,[debug],turtlebot3,simulation,robot-pose,x=-40.39;y=25.23;yaw=0.33
323.583333254,[debug],turtlebot4,simulation,robot-pose,x=-21.03;y=18.00;yaw=-1.54
323.583333254,[debug],turtlebot4,simulation,robot-pose,x=-21.03;y=18.00;yaw=-1.54
323.583333254,[debug],turtlebot5,simulation,robot-pose,x=-38.15;y=21.50;yaw=0.04
323.583333254,[debug],turtlebot5,simulation,robot-pose,x=-38.15;y=21.50;yaw=0.04
338.383333445,[debug],turtlebot1,simulation,robot-pose,x=-33.88;y=18.79;yaw=3.01
338.400000095,[debug],turtlebot1,simulation,robot-pose,x=-33.88;y=18.79;yaw=3.01
338.549999952,[debug],turtlebot2,simulation,robot-pose,x=-28.97;y=16.24;yaw=-0.77
338.549999952,[debug],turtlebot2,simulation,robot-pose,x=-28.97;y=16.24;yaw=-0.77
338.566666603,[debug],turtlebot3,simulation,robot-pose,x=-40.39;y=25.23;yaw=0.33
338.566666603,[debug],turtlebot3,simulation,robot-pose,x=-40.39;y=25.23;yaw=0.33
338.583333254,[debug],turtlebot5,simulation,robot-pose,x=-38.15;y=21.51;yaw=0.04
338.583333254,[debug],turtlebot5,simulation,robot-pose,x=-38.15;y=21.51;yaw=0.04
338.583333254,[debug],turtlebot4,simulation,robot-pose,x=-21.03;y=18.00;yaw=-1.54
338.583333254,[debug],turtlebot4,simulation,robot-pose,x=-21.03;y=18.00;yaw=-1.54
353.383333445,[debug],turtlebot1,simulation,robot-pose,x=-33.88;y=18.79;yaw=3.01
353.400000095,[debug],turtlebot1,simulation,robot-pose,x=-33.88;y=18.79;yaw=3.01
353.549999952,[debug],turtlebot2,simulation,robot-pose,x=-28.98;y=16.26;yaw=-0.93
353.549999952,[debug],turtlebot2,simulation,robot-pose,x=-28.98;y=16.26;yaw=-0.93
353.566666603,[debug],turtlebot3,simulation,robot-pose,x=-40.39;y=25.23;yaw=0.33
353.566666603,[debug],turtlebot3,simulation,robot-pose,x=-40.39;y=25.23;yaw=0.33
353.583333254,[debug],turtlebot5,simulation,robot-pose,x=-38.15;y=21.51;yaw=0.05
353.583333254,[debug],turtlebot4,simulation,robot-pose,x=-21.03;y=18.00;yaw=-1.54
353.583333254,[debug],turtlebot5,simulation,robot-pose,x=-38.15;y=21.51;yaw=0.05
353.583333254,[debug],turtlebot4,simulation,robot-pose,x=-21.03;y=18.00;yaw=-1.54
362.016666651,[info],turtlebot2,skill-life-cycle,navigation,(status=RUNNING, parameters=[[-37.0, 18.93, -1.5707963267948966, True], [-37.0, 16.0, 0.0, True], [-28.5, 16.0, 1.5707963267948966, True], [-28.5, 18.0, -1.57, False]])
368.383333445,[debug],turtlebot1,simulation,robot-pose,x=-33.88;y=18.79;yaw=3.01
368.400000095,[debug],turtlebot1,simulation,robot-pose,x=-33.88;y=18.79;yaw=3.01
368.549999952,[debug],turtlebot2,simulation,robot-pose,x=-28.97;y=16.25;yaw=-0.90
368.549999952,[debug],turtlebot2,simulation,robot-pose,x=-28.97;y=16.25;yaw=-0.90
368.566666603,[debug],turtlebot3,simulation,robot-pose,x=-40.39;y=25.23;yaw=0.33
368.566666603,[debug],turtlebot3,simulation,robot-pose,x=-40.39;y=25.23;yaw=0.33
368.583333254,[debug],turtlebot4,simulation,robot-pose,x=-21.03;y=18.00;yaw=-1.54
368.583333254,[debug],turtlebot4,simulation,robot-pose,x=-21.03;y=18.00;yaw=-1.54
368.583333254,[debug],turtlebot5,simulation,robot-pose,x=-38.15;y=21.51;yaw=0.08
368.583333254,[debug],turtlebot5,simulation,robot-pose,x=-38.15;y=21.51;yaw=0.08
383.383333445,[debug],turtlebot1,simulation,robot-pose,x=-33.88;y=18.79;yaw=3.01
383.416666746,[debug],turtlebot1,simulation,robot-pose,x=-33.88;y=18.79;yaw=3.01
383.549999952,[debug],turtlebot2,simulation,robot-pose,x=-28.95;y=16.23;yaw=-0.72
383.549999952,[debug],turtlebot2,simulation,robot-pose,x=-28.95;y=16.23;yaw=-0.72
383.566666603,[debug],turtlebot3,simulation,robot-pose,x=-40.39;y=25.23;yaw=0.33
383.566666603,[debug],turtlebot3,simulation,robot-pose,x=-40.39;y=25.23;yaw=0.33
383.583333254,[debug],turtlebot5,simulation,robot-pose,x=-38.15;y=21.51;yaw=0.11
383.583333254,[debug],turtlebot5,simulation,robot-pose,x=-38.15;y=21.51;yaw=0.11
383.583333254,[debug],turtlebot4,simulation,robot-pose,x=-21.03;y=18.00;yaw=-1.54
383.583333254,[debug],turtlebot4,simulation,robot-pose,x=-21.03;y=18.00;yaw=-1.54
398.383333445,[debug],turtlebot1,simulation,robot-pose,x=-33.88;y=18.79;yaw=3.01
398.416666746,[debug],turtlebot1,simulation,robot-pose,x=-33.88;y=18.79;yaw=3.01
398.549999952,[debug],turtlebot2,simulation,robot-pose,x=-28.96;y=16.14;yaw=-2.26
398.549999952,[debug],turtlebot2,simulation,robot-pose,x=-28.96;y=16.14;yaw=-2.26
398.566666603,[debug],turtlebot3,simulation,robot-pose,x=-40.39;y=25.23;yaw=0.33
398.566666603,[debug],turtlebot3,simulation,robot-pose,x=-40.39;y=25.23;yaw=0.33
398.583333254,[debug],turtlebot4,simulation,robot-pose,x=-21.03;y=18.00;yaw=-1.54
398.583333254,[debug],turtlebot5,simulation,robot-pose,x=-38.15;y=21.52;yaw=0.13
398.583333254,[debug],turtlebot4,simulation,robot-pose,x=-21.03;y=18.00;yaw=-1.54
398.583333254,[debug],turtlebot5,simulation,robot-pose,x=-38.15;y=21.52;yaw=0.13
412.183333397,[info],turtlebot2,skill-life-cycle,navigation,(status=RUNNING, parameters=[[-37.0, 18.93, -1.5707963267948966, True], [-37.0, 16.0, 0.0, True], [-28.5, 16.0, 1.5707963267948966, True], [-28.5, 18.0, -1.57, False]])
413.383333445,[debug],turtlebot1,simulation,robot-pose,x=-33.88;y=18.79;yaw=3.01
413.383333445,[debug],turtlebot1,simulation,robot-pose,x=-33.88;y=18.79;yaw=3.01
413.549999952,[debug],turtlebot2,simulation,robot-pose,x=-31.31;y=16.08;yaw=-2.97
413.549999952,[debug],turtlebot2,simulation,robot-pose,x=-31.31;y=16.08;yaw=-2.97
413.566666603,[debug],turtlebot3,simulation,robot-pose,x=-40.39;y=25.23;yaw=0.33
413.566666603,[debug],turtlebot3,simulation,robot-pose,x=-40.39;y=25.23;yaw=0.33
413.583333254,[debug],turtlebot4,simulation,robot-pose,x=-21.03;y=18.00;yaw=-1.54
413.583333254,[debug],turtlebot5,simulation,robot-pose,x=-38.16;y=21.52;yaw=0.16
413.583333254,[debug],turtlebot4,simulation,robot-pose,x=-21.03;y=18.00;yaw=-1.54
413.583333254,[debug],turtlebot5,simulation,robot-pose,x=-38.16;y=21.52;yaw=0.16
428.383333445,[debug],turtlebot1,simulation,robot-pose,x=-33.88;y=18.79;yaw=3.01
428.416666746,[debug],turtlebot1,simulation,robot-pose,x=-33.88;y=18.79;yaw=3.01
428.549999952,[debug],turtlebot2,simulation,robot-pose,x=-33.37;y=15.70;yaw=3.12
428.549999952,[debug],turtlebot2,simulation,robot-pose,x=-33.37;y=15.70;yaw=3.12
428.566666603,[debug],turtlebot3,simulation,robot-pose,x=-40.39;y=25.23;yaw=0.33
428.566666603,[debug],turtlebot3,simulation,robot-pose,x=-40.39;y=25.23;yaw=0.33
428.583333254,[debug],turtlebot5,simulation,robot-pose,x=-38.16;y=21.53;yaw=0.18
428.583333254,[debug],turtlebot5,simulation,robot-pose,x=-38.16;y=21.53;yaw=0.18
428.583333254,[debug],turtlebot4,simulation,robot-pose,x=-21.03;y=18.00;yaw=-1.54
428.583333254,[debug],turtlebot4,simulation,robot-pose,x=-21.03;y=18.00;yaw=-1.54
443.383333445,[debug],turtlebot1,simulation,robot-pose,x=-33.88;y=18.79;yaw=3.01
443.400000095,[debug],turtlebot1,simulation,robot-pose,x=-33.88;y=18.79;yaw=3.01
443.549999952,[debug],turtlebot2,simulation,robot-pose,x=-35.30;y=16.59;yaw=2.82
443.549999952,[debug],turtlebot2,simulation,robot-pose,x=-35.30;y=16.59;yaw=2.82
443.566666603,[debug],turtlebot3,simulation,robot-pose,x=-40.39;y=25.23;yaw=0.33
443.566666603,[debug],turtlebot3,simulation,robot-pose,x=-40.39;y=25.23;yaw=0.33
443.583333254,[debug],turtlebot4,simulation,robot-pose,x=-21.03;y=18.00;yaw=-1.54
443.583333254,[debug],turtlebot4,simulation,robot-pose,x=-21.03;y=18.00;yaw=-1.54
443.583333254,[debug],turtlebot5,simulation,robot-pose,x=-38.16;y=21.53;yaw=0.19
443.583333254,[debug],turtlebot5,simulation,robot-pose,x=-38.16;y=21.53;yaw=0.19
458.383333445,[debug],turtlebot1,simulation,robot-pose,x=-33.88;y=18.79;yaw=3.01
458.450000048,[debug],turtlebot1,simulation,robot-pose,x=-33.88;y=18.79;yaw=3.01
458.549999952,[debug],turtlebot2,simulation,robot-pose,x=-35.61;y=16.65;yaw=2.31
458.549999952,[debug],turtlebot2,simulation,robot-pose,x=-35.61;y=16.65;yaw=2.31
458.566666603,[debug],turtlebot3,simulation,robot-pose,x=-40.39;y=25.23;yaw=0.33
458.566666603,[debug],turtlebot3,simulation,robot-pose,x=-40.39;y=25.23;yaw=0.33
458.583333254,[debug],turtlebot4,simulation,robot-pose,x=-21.03;y=18.00;yaw=-1.54
458.583333254,[debug],turtlebot4,simulation,robot-pose,x=-21.03;y=18.00;yaw=-1.54
458.583333254,[debug],turtlebot5,simulation,robot-pose,x=-38.16;y=21.53;yaw=0.20
458.583333254,[debug],turtlebot5,simulation,robot-pose,x=-38.16;y=21.53;yaw=0.20
462.316666603,[info],turtlebot2,skill-life-cycle,navigation,(status=RUNNING, parameters=[[-37.0, 18.93, -1.5707963267948966, True], [-37.0, 16.0, 0.0, True], [-28.5, 16.0, 1.5707963267948966, True], [-28.5, 18.0, -1.57, False]])
471.900000095,[debug],turtlebot2,move-base-info,Hooray, the base moved arrived,(x=-37;y=18.93)
471.900000095,[debug],turtlebot2,move-base-info,Hooray, the base moved arrived,(x=-37;y=18.93)
471.933333397,[debug],turtlebot2,task-update,navigation,way-point-reached,25.0%
473.383333445,[debug],turtlebot1,simulation,robot-pose,x=-33.88;y=18.79;yaw=3.01
473.383333445,[debug],turtlebot1,simulation,robot-pose,x=-33.88;y=18.79;yaw=3.01
473.549999952,[debug],turtlebot2,simulation,robot-pose,x=-36.62;y=18.73;yaw=-1.62
473.549999952,[debug],turtlebot2,simulation,robot-pose,x=-36.62;y=18.73;yaw=-1.62
473.566666603,[debug],turtlebot3,simulation,robot-pose,x=-40.39;y=25.23;yaw=0.33
473.566666603,[debug],turtlebot3,simulation,robot-pose,x=-40.39;y=25.23;yaw=0.33
473.583333254,[debug],turtlebot4,simulation,robot-pose,x=-21.03;y=18.00;yaw=-1.54
473.583333254,[debug],turtlebot4,simulation,robot-pose,x=-21.03;y=18.00;yaw=-1.54
473.583333254,[debug],turtlebot5,simulation,robot-pose,x=-38.16;y=21.53;yaw=0.21
473.583333254,[debug],turtlebot5,simulation,robot-pose,x=-38.16;y=21.53;yaw=0.21
488.383333445,[debug],turtlebot1,simulation,robot-pose,x=-33.88;y=18.79;yaw=3.01
488.383333445,[debug],turtlebot1,simulation,robot-pose,x=-33.88;y=18.79;yaw=3.01
488.549999952,[debug],turtlebot2,simulation,robot-pose,x=-36.67;y=17.74;yaw=-1.61
488.549999952,[debug],turtlebot2,simulation,robot-pose,x=-36.67;y=17.74;yaw=-1.61
488.566666603,[debug],turtlebot3,simulation,robot-pose,x=-40.39;y=25.23;yaw=0.33
488.566666603,[debug],turtlebot3,simulation,robot-pose,x=-40.39;y=25.23;yaw=0.33
488.583333254,[debug],turtlebot5,simulation,robot-pose,x=-38.16;y=21.54;yaw=0.22
488.583333254,[debug],turtlebot5,simulation,robot-pose,x=-38.16;y=21.54;yaw=0.22
488.583333254,[debug],turtlebot4,simulation,robot-pose,x=-21.03;y=18.00;yaw=-1.54
488.583333254,[debug],turtlebot4,simulation,robot-pose,x=-21.03;y=18.00;yaw=-1.54
503.383333445,[debug],turtlebot1,simulation,robot-pose,x=-33.88;y=18.79;yaw=3.01
503.400000095,[debug],turtlebot1,simulation,robot-pose,x=-33.88;y=18.79;yaw=3.01
503.549999952,[debug],turtlebot2,simulation,robot-pose,x=-36.80;y=16.49;yaw=-1.84
503.549999952,[debug],turtlebot2,simulation,robot-pose,x=-36.80;y=16.49;yaw=-1.84
503.566666603,[debug],turtlebot3,simulation,robot-pose,x=-40.39;y=25.23;yaw=0.33
503.566666603,[debug],turtlebot3,simulation,robot-pose,x=-40.39;y=25.23;yaw=0.33
503.583333254,[debug],turtlebot5,simulation,robot-pose,x=-38.16;y=21.54;yaw=0.23
503.583333254,[debug],turtlebot5,simulation,robot-pose,x=-38.16;y=21.54;yaw=0.23
503.583333254,[debug],turtlebot4,simulation,robot-pose,x=-21.03;y=18.00;yaw=-1.54
503.583333254,[debug],turtlebot4,simulation,robot-pose,x=-21.03;y=18.00;yaw=-1.54
509.083333254,[debug],turtlebot2,move-base-info,Hooray, the base moved arrived,(x=-37;y=16)
509.083333254,[debug],turtlebot2,move-base-info,Hooray, the base moved arrived,(x=-37;y=16)
509.25,[debug],turtlebot2,task-update,navigation,way-point-reached,50.0%
515.133333445,[info],turtlebot2,skill-life-cycle,navigation,(status=RUNNING, parameters=[[-37.0, 18.93, -1.5707963267948966, True], [-37.0, 16.0, 0.0, True], [-28.5, 16.0, 1.5707963267948966, True], [-28.5, 18.0, -1.57, False]])
518.383333445,[debug],turtlebot1,simulation,robot-pose,x=-33.88;y=18.79;yaw=3.01
518.383333445,[debug],turtlebot1,simulation,robot-pose,x=-33.88;y=18.79;yaw=3.01
518.549999952,[debug],turtlebot2,simulation,robot-pose,x=-36.45;y=16.20;yaw=-0.89
518.549999952,[debug],turtlebot2,simulation,robot-pose,x=-36.45;y=16.20;yaw=-0.89
518.566666603,[debug],turtlebot3,simulation,robot-pose,x=-40.39;y=25.23;yaw=0.33
518.566666603,[debug],turtlebot3,simulation,robot-pose,x=-40.39;y=25.23;yaw=0.33
518.583333254,[debug],turtlebot4,simulation,robot-pose,x=-21.03;y=18.00;yaw=-1.54
518.583333254,[debug],turtlebot5,simulation,robot-pose,x=-38.16;y=21.54;yaw=0.25
518.583333254,[debug],turtlebot4,simulation,robot-pose,x=-21.03;y=18.00;yaw=-1.54
518.583333254,[debug],turtlebot5,simulation,robot-pose,x=-38.16;y=21.54;yaw=0.25
533.383333445,[debug],turtlebot1,simulation,robot-pose,x=-33.88;y=18.79;yaw=3.01
533.400000095,[debug],turtlebot1,simulation,robot-pose,x=-33.88;y=18.79;yaw=3.01
533.549999952,[debug],turtlebot2,simulation,robot-pose,x=-34.68;y=15.77;yaw=-0.01
533.549999952,[debug],turtlebot2,simulation,robot-pose,x=-34.68;y=15.77;yaw=-0.01
533.566666603,[debug],turtlebot3,simulation,robot-pose,x=-40.39;y=25.23;yaw=0.33
533.566666603,[debug],turtlebot3,simulation,robot-pose,x=-40.39;y=25.23;yaw=0.33
533.583333254,[debug],turtlebot5,simulation,robot-pose,x=-38.16;y=21.54;yaw=0.26
533.583333254,[debug],turtlebot5,simulation,robot-pose,x=-38.16;y=21.54;yaw=0.26
533.583333254,[debug],turtlebot4,simulation,robot-pose,x=-21.03;y=18.00;yaw=-1.54
533.583333254,[debug],turtlebot4,simulation,robot-pose,x=-21.03;y=18.00;yaw=-1.54
548.383333445,[debug],turtlebot1,simulation,robot-pose,x=-33.88;y=18.79;yaw=3.01
548.400000095,[debug],turtlebot1,simulation,robot-pose,x=-33.88;y=18.79;yaw=3.01
548.549999952,[debug],turtlebot2,simulation,robot-pose,x=-31.94;y=16.09;yaw=0.25
548.549999952,[debug],turtlebot2,simulation,robot-pose,x=-31.94;y=16.09;yaw=0.25
548.566666603,[debug],turtlebot3,simulation,robot-pose,x=-40.39;y=25.23;yaw=0.33
548.566666603,[debug],turtlebot3,simulation,robot-pose,x=-40.39;y=25.23;yaw=0.33
548.583333254,[debug],turtlebot5,simulation,robot-pose,x=-38.16;y=21.54;yaw=0.27
548.583333254,[debug],turtlebot5,simulation,robot-pose,x=-38.16;y=21.54;yaw=0.27
548.583333254,[debug],turtlebot4,simulation,robot-pose,x=-21.03;y=18.00;yaw=-1.54
548.583333254,[debug],turtlebot4,simulation,robot-pose,x=-21.03;y=18.00;yaw=-1.54
563.383333445,[debug],turtlebot1,simulation,robot-pose,x=-33.88;y=18.79;yaw=3.01
563.416666746,[debug],turtlebot1,simulation,robot-pose,x=-33.88;y=18.79;yaw=3.01
563.549999952,[debug],turtlebot2,simulation,robot-pose,x=-29.44;y=16.11;yaw=0.28
563.549999952,[debug],turtlebot2,simulation,robot-pose,x=-29.44;y=16.11;yaw=0.28
563.566666603,[debug],turtlebot3,simulation,robot-pose,x=-40.39;y=25.23;yaw=0.33
563.566666603,[debug],turtlebot3,simulation,robot-pose,x=-40.39;y=25.23;yaw=0.33
563.583333254,[debug],turtlebot5,simulation,robot-pose,x=-38.16;y=21.54;yaw=0.28
563.583333254,[debug],turtlebot5,simulation,robot-pose,x=-38.16;y=21.54;yaw=0.28
563.583333254,[debug],turtlebot4,simulation,robot-pose,x=-21.03;y=18.00;yaw=-1.54
563.583333254,[debug],turtlebot4,simulation,robot-pose,x=-21.03;y=18.00;yaw=-1.54
565.466666698,[info],turtlebot2,skill-life-cycle,navigation,(status=RUNNING, parameters=[[-37.0, 18.93, -1.5707963267948966, True], [-37.0, 16.0, 0.0, True], [-28.5, 16.0, 1.5707963267948966, True], [-28.5, 18.0, -1.57, False]])
570.916666746,[debug],turtlebot2,move-base-info,Hooray, the base moved arrived,(x=-28.5;y=16)
570.916666746,[debug],turtlebot2,move-base-info,Hooray, the base moved arrived,(x=-28.5;y=16)
571.116666555,[debug],turtlebot2,task-update,navigation,way-point-reached,75.0%
578.383333445,[debug],turtlebot1,simulation,robot-pose,x=-33.88;y=18.79;yaw=3.01
578.383333445,[debug],turtlebot1,simulation,robot-pose,x=-33.88;y=18.79;yaw=3.01
578.549999952,[debug],turtlebot2,simulation,robot-pose,x=-28.73;y=17.20;yaw=1.33
578.549999952,[debug],turtlebot2,simulation,robot-pose,x=-28.73;y=17.20;yaw=1.33
578.566666603,[debug],turtlebot3,simulation,robot-pose,x=-40.39;y=25.23;yaw=0.33
578.566666603,[debug],turtlebot3,simulation,robot-pose,x=-40.39;y=25.23;yaw=0.33
578.583333254,[debug],turtlebot5,simulation,robot-pose,x=-38.16;y=21.55;yaw=0.28
578.583333254,[debug],turtlebot4,simulation,robot-pose,x=-21.03;y=18.00;yaw=-1.54
578.583333254,[debug],turtlebot5,simulation,robot-pose,x=-38.16;y=21.55;yaw=0.28
578.583333254,[debug],turtlebot4,simulation,robot-pose,x=-21.03;y=18.00;yaw=-1.54
587.799999952,[debug],turtlebot2,move-base-info,Hooray, the base moved arrived,(x=-28.5;y=18)
587.799999952,[debug],turtlebot2,move-base-info,Hooray, the base moved arrived,(x=-28.5;y=18)
588.066666603,[debug],turtlebot2,task-update,navigation,way-point-reached,100.0%
588.166666746,[debug],turtlebot2,available-skills,['send_message', 'wait_message', 'approach_person', 'approach_robot', 'authenticate_person', 'deposit', 'navigation', 'operate_drawer', 'pick_up'],
588.166666746,[info],turtlebot2,skill-life-cycle,approach_person,(status=STARTED, parameters=['nurse'])
588.266666651,[debug],turtlebot2,task-update,approach_person,localize-person,(who=nurse)
588.416666746,[debug],turtlebot2,task-update,approach_person,goto-person,(who=nurse)
588.516666651,[debug],turtlebot2,available-skills,['send_message', 'wait_message', 'approach_person', 'approach_robot', 'authenticate_person', 'deposit', 'navigation', 'operate_drawer', 'pick_up'],
588.516666651,[info],turtlebot2,skill-life-cycle,authenticate_person,(status=STARTED, parameters=['nurse'])
588.599999905,[debug],turtlebot2,task-update,authenticate_person,request-authentication,(to=nurse)
588.599999905,[info],nurse,sync,received-request,(status=sending-request)
588.599999905,[info],nurse,sync,received-request,(status=sending-request)
589.083333254,[debug],turtlebot2,task-update,authenticate_person,received-authentication,(from=nurse)
589.183333397,[debug],turtlebot2,available-skills,['send_message', 'wait_message', 'approach_person', 'approach_robot', 'authenticate_person', 'deposit', 'navigation', 'operate_drawer', 'pick_up'],
589.183333397,[info],turtlebot2,skill-life-cycle,operate_drawer,(status=STARTED, parameters=['open'])
589.233333349,[debug],turtlebot2,task-update,operate_drawer,open
590.383333445,[debug],turtlebot2,available-skills,['send_message', 'wait_message', 'approach_person', 'approach_robot', 'authenticate_person', 'deposit', 'navigation', 'operate_drawer', 'pick_up'],
590.383333445,[info],turtlebot2,skill-life-cycle,send_message,(status=STARTED, parameters=['nurse'])
590.483333349,[info],turtlebot2,sync,send-message,(to=nurse)
591.400000095,[info],nurse,sync,wait-message,(status=message-received)
591.400000095,[info],nurse,sync,wait-message,(status=message-received)
593.383333445,[debug],turtlebot1,simulation,robot-pose,x=-33.88;y=18.79;yaw=3.01
593.383333445,[debug],turtlebot1,simulation,robot-pose,x=-33.88;y=18.79;yaw=3.01
593.549999952,[debug],turtlebot2,simulation,robot-pose,x=-28.64;y=17.61;yaw=-1.53
593.549999952,[debug],turtlebot2,simulation,robot-pose,x=-28.64;y=17.61;yaw=-1.53
593.566666603,[debug],turtlebot3,simulation,robot-pose,x=-40.39;y=25.23;yaw=0.33
593.566666603,[debug],turtlebot3,simulation,robot-pose,x=-40.39;y=25.23;yaw=0.33
593.583333254,[debug],turtlebot5,simulation,robot-pose,x=-38.16;y=21.55;yaw=0.29
593.583333254,[debug],turtlebot5,simulation,robot-pose,x=-38.16;y=21.55;yaw=0.29
593.583333254,[debug],turtlebot4,simulation,robot-pose,x=-21.03;y=18.00;yaw=-1.54
593.583333254,[debug],turtlebot4,simulation,robot-pose,x=-21.03;y=18.00;yaw=-1.54
594.299999952,[debug],turtlebot2,available-skills,['send_message', 'wait_message', 'approach_person', 'approach_robot', 'authenticate_person', 'deposit', 'navigation', 'operate_drawer', 'pick_up'],
594.299999952,[info],turtlebot2,skill-life-cycle,wait_message,(status=STARTED, parameters=['r1'])
595.483333349,[info],turtlebot2,sync,wait-message,(status=message-received)
595.583333254,[debug],turtlebot2,available-skills,['send_message', 'wait_message', 'approach_person', 'approach_robot', 'authenticate_person', 'deposit', 'navigation', 'operate_drawer', 'pick_up'],
595.583333254,[info],turtlebot2,skill-life-cycle,operate_drawer,(status=STARTED, parameters=['close'])
595.666666746,[debug],turtlebot2,task-update,operate_drawer,close
596.683333397,[debug],turtlebot2,available-skills,['send_message', 'wait_message', 'approach_person', 'approach_robot', 'authenticate_person', 'deposit', 'navigation', 'operate_drawer', 'pick_up'],
596.683333397,[info],turtlebot2,skill-life-cycle,navigation,(status=STARTED, parameters=[[-28.5, 16.0, 0.0, True], [-26.0, 16.0, -1.5707963267948966, True], [-26.0, 13.0, 1.57, False]])
601.400000095,[info],nurse,sync,wait-message,(status=message-received)
601.400000095,[info],nurse,sync,wait-message,(status=message-received)
608.383333445,[debug],turtlebot1,simulation,robot-pose,x=-33.88;y=18.79;yaw=3.01
608.433333397,[debug],turtlebot1,simulation,robot-pose,x=-33.88;y=18.79;yaw=3.01
608.549999952,[debug],turtlebot2,simulation,robot-pose,x=-28.62;y=17.03;yaw=-1.57
608.549999952,[debug],turtlebot2,simulation,robot-pose,x=-28.62;y=17.03;yaw=-1.57
608.566666603,[debug],turtlebot3,simulation,robot-pose,x=-40.39;y=25.23;yaw=0.33
608.566666603,[debug],turtlebot3,simulation,robot-pose,x=-40.39;y=25.23;yaw=0.33
608.583333254,[debug],turtlebot4,simulation,robot-pose,x=-21.03;y=18.00;yaw=-1.54
608.583333254,[debug],turtlebot4,simulation,robot-pose,x=-21.03;y=18.00;yaw=-1.54
608.583333254,[debug],turtlebot5,simulation,robot-pose,x=-38.16;y=21.55;yaw=0.30
608.583333254,[debug],turtlebot5,simulation,robot-pose,x=-38.16;y=21.55;yaw=0.30
608.599999905,[info],nurse,sync,request-sent,(status=waiting)
608.599999905,[info],nurse,sync,request-sent,(status=waiting)
611.400000095,[info],nurse,sync,wait-message,(status=message-received)
611.400000095,[info],nurse,sync,wait-message,(status=message-received)
619.033333302,[debug],turtlebot2,move-base-info,Hooray, the base moved arrived,(x=-28.5;y=16)
619.033333302,[debug],turtlebot2,move-base-info,Hooray, the base moved arrived,(x=-28.5;y=16)
619.083333254,[debug],turtlebot2,task-update,navigation,way-point-reached,33.33333333333333%
620.450000048,[info],turtlebot2,skill-life-cycle,navigation,(status=RUNNING, parameters=[[-28.5, 16.0, 0.0, True], [-26.0, 16.0, -1.5707963267948966, True], [-26.0, 13.0, 1.57, False]])
621.400000095,[info],nurse,sync,wait-message,(status=message-received)
621.400000095,[info],nurse,sync,wait-message,(status=message-received)
623.383333445,[debug],turtlebot1,simulation,robot-pose,x=-33.88;y=18.79;yaw=3.01
623.383333445,[debug],turtlebot1,simulation,robot-pose,x=-33.88;y=18.79;yaw=3.01
623.549999952,[debug],turtlebot2,simulation,robot-pose,x=-28.63;y=16.44;yaw=-0.05
623.549999952,[debug],turtlebot2,simulation,robot-pose,x=-28.63;y=16.44;yaw=-0.05
623.566666603,[debug],turtlebot3,simulation,robot-pose,x=-40.39;y=25.23;yaw=0.33
623.566666603,[debug],turtlebot3,simulation,robot-pose,x=-40.39;y=25.23;yaw=0.33
623.583333254,[debug],turtlebot5,simulation,robot-pose,x=-38.16;y=21.55;yaw=0.30
623.583333254,[debug],turtlebot5,simulation,robot-pose,x=-38.16;y=21.55;yaw=0.30
623.583333254,[debug],turtlebot4,simulation,robot-pose,x=-21.03;y=18.00;yaw=-1.54
623.583333254,[debug],turtlebot4,simulation,robot-pose,x=-21.03;y=18.00;yaw=-1.54
638.383333445,[debug],turtlebot1,simulation,robot-pose,x=-33.88;y=18.79;yaw=3.01
638.416666746,[debug],turtlebot1,simulation,robot-pose,x=-33.88;y=18.79;yaw=3.01
638.549999952,[debug],turtlebot2,simulation,robot-pose,x=-26.52;y=16.24;yaw=0.20
638.549999952,[debug],turtlebot2,simulation,robot-pose,x=-26.52;y=16.24;yaw=0.20
638.566666603,[debug],turtlebot3,simulation,robot-pose,x=-40.39;y=25.23;yaw=0.33
638.566666603,[debug],turtlebot3,simulation,robot-pose,x=-40.39;y=25.23;yaw=0.33
638.583333254,[debug],turtlebot4,simulation,robot-pose,x=-21.03;y=18.00;yaw=-1.54
638.583333254,[debug],turtlebot4,simulation,robot-pose,x=-21.03;y=18.00;yaw=-1.54
638.583333254,[debug],turtlebot5,simulation,robot-pose,x=-38.16;y=21.55;yaw=0.30
638.583333254,[debug],turtlebot5,simulation,robot-pose,x=-38.16;y=21.55;yaw=0.30
644.216666698,[debug],turtlebot2,move-base-info,Hooray, the base moved arrived,(x=-26;y=16)
644.216666698,[debug],turtlebot2,move-base-info,Hooray, the base moved arrived,(x=-26;y=16)
644.383333445,[debug],turtlebot2,task-update,navigation,way-point-reached,66.66666666666666%
653.383333445,[debug],turtlebot1,simulation,robot-pose,x=-33.88;y=18.79;yaw=3.01
653.400000095,[debug],turtlebot1,simulation,robot-pose,x=-33.88;y=18.79;yaw=3.01
653.549999952,[debug],turtlebot2,simulation,robot-pose,x=-26.27;y=15.96;yaw=-1.00
653.549999952,[debug],turtlebot2,simulation,robot-pose,x=-26.27;y=15.96;yaw=-1.00
653.566666603,[debug],turtlebot3,simulation,robot-pose,x=-40.39;y=25.23;yaw=0.33
653.566666603,[debug],turtlebot3,simulation,robot-pose,x=-40.39;y=25.23;yaw=0.33
653.583333254,[debug],turtlebot4,simulation,robot-pose,x=-21.03;y=18.00;yaw=-1.54
653.583333254,[debug],turtlebot5,simulation,robot-pose,x=-38.16;y=21.55;yaw=0.31
653.583333254,[debug],turtlebot4,simulation,robot-pose,x=-21.03;y=18.00;yaw=-1.54
653.583333254,[debug],turtlebot5,simulation,robot-pose,x=-38.16;y=21.55;yaw=0.31
668.383333445,[debug],turtlebot1,simulation,robot-pose,x=-33.88;y=18.79;yaw=3.01
668.400000095,[debug],turtlebot1,simulation,robot-pose,x=-33.88;y=18.79;yaw=3.01
668.549999952,[debug],turtlebot2,simulation,robot-pose,x=-25.86;y=14.75;yaw=-1.49
668.549999952,[debug],turtlebot2,simulation,robot-pose,x=-25.86;y=14.75;yaw=-1.49
668.566666603,[debug],turtlebot3,simulation,robot-pose,x=-40.39;y=25.23;yaw=0.33
668.566666603,[debug],turtlebot3,simulation,robot-pose,x=-40.39;y=25.23;yaw=0.33
668.583333254,[debug],turtlebot4,simulation,robot-pose,x=-21.03;y=18.00;yaw=-1.54
668.583333254,[debug],turtlebot4,simulation,robot-pose,x=-21.03;y=18.00;yaw=-1.54
668.583333254,[debug],turtlebot5,simulation,robot-pose,x=-38.16;y=21.55;yaw=0.31
668.583333254,[debug],turtlebot5,simulation,robot-pose,x=-38.16;y=21.55;yaw=0.31
672.033333302,[info],turtlebot2,skill-life-cycle,navigation,(status=RUNNING, parameters=[[-28.5, 16.0, 0.0, True], [-26.0, 16.0, -1.5707963267948966, True], [-26.0, 13.0, 1.57, False]])
683.383333445,[debug],turtlebot1,simulation,robot-pose,x=-33.88;y=18.79;yaw=3.01
683.400000095,[debug],turtlebot1,simulation,robot-pose,x=-33.88;y=18.79;yaw=3.01
683.549999952,[debug],turtlebot2,simulation,robot-pose,x=-25.86;y=13.50;yaw=-1.89
683.549999952,[debug],turtlebot2,simulation,robot-pose,x=-25.86;y=13.50;yaw=-1.89
683.566666603,[debug],turtlebot3,simulation,robot-pose,x=-40.39;y=25.23;yaw=0.33
683.566666603,[debug],turtlebot3,simulation,robot-pose,x=-40.39;y=25.23;yaw=0.33
683.583333254,[debug],turtlebot5,simulation,robot-pose,x=-38.16;y=21.55;yaw=0.32
683.583333254,[debug],turtlebot5,simulation,robot-pose,x=-38.16;y=21.55;yaw=0.32
683.583333254,[debug],turtlebot4,simulation,robot-pose,x=-21.03;y=18.00;yaw=-1.54
683.583333254,[debug],turtlebot4,simulation,robot-pose,x=-21.03;y=18.00;yaw=-1.54
691.150000095,[debug],turtlebot2,move-base-info,Hooray, the base moved arrived,(x=-26;y=13)
691.150000095,[debug],turtlebot2,move-base-info,Hooray, the base moved arrived,(x=-26;y=13)
691.25,[debug],turtlebot2,task-update,navigation,way-point-reached,100.0%
691.333333254,[debug],turtlebot2,available-skills,['send_message', 'wait_message', 'approach_person', 'approach_robot', 'authenticate_person', 'deposit', 'navigation', 'operate_drawer', 'pick_up'],
691.333333254,[info],turtlebot2,skill-life-cycle,approach_robot,(status=STARTED, parameters=['lab_arm'])
691.400000095,[debug],turtlebot2,task-update,approach_robot,localize-robot,(who=lab_arm)
692.533333302,[debug],turtlebot2,task-update,approach_robot,goto-robot,(who=lab_arm)
692.616666555,[debug],turtlebot2,available-skills,['send_message', 'wait_message', 'approach_person', 'approach_robot', 'authenticate_person', 'deposit', 'navigation', 'operate_drawer', 'pick_up'],
692.616666555,[info],turtlebot2,skill-life-cycle,operate_drawer,(status=STARTED, parameters=['open'])
692.683333397,[debug],turtlebot2,task-update,operate_drawer,open
693.683333397,[debug],turtlebot2,available-skills,['send_message', 'wait_message', 'approach_person', 'approach_robot', 'authenticate_person', 'deposit', 'navigation', 'operate_drawer', 'pick_up'],
693.683333397,[info],turtlebot2,skill-life-cycle,send_message,(status=STARTED, parameters=['lab_arm'])
693.783333302,[info],turtlebot2,sync,send-message,(to=lab_arm)
694.716666698,[info],lab_arm,sync,wait-message,(status=message-received)
694.716666698,[info],lab_arm,sync,wait-message,(status=message-received)
694.716666698,[info],Inventory,sync,wait-sample,(status=sample-received)
694.716666698,[info],Inventory,sync,wait-sample,(status=sample-received)
694.716666698,ENDSIM
694.716666698,ENDSIM
698.383333445,[debug],turtlebot1,simulation,robot-pose,x=-33.88;y=18.79;yaw=3.01
698.433333397,[debug],turtlebot1,simulation,robot-pose,x=-33.88;y=18.79;yaw=3.01
698.549999952,[debug],turtlebot2,simulation,robot-pose,x=-25.89;y=13.41;yaw=1.62
698.549999952,[debug],turtlebot2,simulation,robot-pose,x=-25.89;y=13.41;yaw=1.62
698.566666603,[debug],turtlebot3,simulation,robot-pose,x=-40.39;y=25.23;yaw=0.33
698.566666603,[debug],turtlebot3,simulation,robot-pose,x=-40.39;y=25.23;yaw=0.33
698.583333254,[debug],turtlebot4,simulation,robot-pose,x=-21.03;y=18.00;yaw=-1.54
698.583333254,[debug],turtlebot4,simulation,robot-pose,x=-21.03;y=18.00;yaw=-1.54
698.583333254,[debug],turtlebot5,simulation,robot-pose,x=-38.16;y=21.55;yaw=0.32
698.583333254,[debug],turtlebot5,simulation,robot-pose,x=-38.16;y=21.55;yaw=0.32
704.716666698,[info],Inventory,sync,wait-sample,(status=sample-received)
704.716666698,[info],Inventory,sync,wait-sample,(status=sample-received)
704.716666698,ENDSIM
704.716666698,ENDSIM
704.716666698,[info],lab_arm,sync,wait-message,(status=message-received)
704.716666698,[info],lab_arm,sync,wait-message,(status=message-received)
704.716666698,[info],Inventory,sync,wait-sample,(status=sample-received)
704.716666698,[info],Inventory,sync,wait-sample,(status=sample-received)
704.716666698,ENDSIM
704.716666698,ENDSIM
0.0,[debug],simulation closed,reach-target,execution-wall-clock=846.921303987503
