0.0,0.0,[debug],logger,init,time
ROBOTS_CONFIG=[{"avg_speed": 0.15, "battery_charge": 0.59, "battery_discharge_rate": 0.00017, "id": 0, "local_plan": null, "location": "PC Room 8", "position": [-11.5, 18.0, -1.57], "skills": ["approach_person", "approach_robot", "authenticate_person", "deposit", "navigation", "operate_drawer", "pick_up"]}, {"avg_speed": 0.15, "battery_charge": 0.22, "battery_discharge_rate": 0.00018, "id": 1, "local_plan": [["navigation", ["IC Room 6", [[-11.5, 18.0, -1.57], [-11.5, 16.0], [-37.0, 16.0], [-37.0, 18.93], [-33.9, 18.93, 3.14]]]], ["approach_person", ["nurse"]], ["authenticate_person", ["nurse"]], ["operate_drawer", ["open"]], ["send_message", ["nurse"]], ["wait_message", ["r1"]], ["operate_drawer", ["close"]], ["navigation", ["Laboratory", [[-33.9, 18.93, 3.14], [-37.0, 18.93], [-37.0, 16.0], [-26.0, 16.0], [-26.0, 13.0, 1.57]]]], ["approach_robot", ["lab_arm"]], ["operate_drawer", ["open"]], ["send_message", ["lab_arm"]], ["wait_message", ["r1"]], ["operate_drawer", ["close"]]], "location": "PC Room 3", "position": [-28.5, 18.0, -1.57], "skills": ["approach_person", "approach_robot", "authenticate_person", "deposit", "navigation", "operate_drawer", "pick_up"]}, {"avg_speed": 0.15, "battery_charge": 0.73, "battery_discharge_rate": 0.00012000000000000002, "id": 2, "local_plan": null, "location": "PC Room 4", "position": [-27.23, 18.0, -1.57], "skills": ["approach_person", "approach_robot", "authenticate_person", "deposit", "navigation", "pick_up"]}, {"avg_speed": 0.15, "battery_charge": 0.72, "battery_discharge_rate": 0.00011, "id": 3, "local_plan": null, "location": "IC Room 3", "position": [-40.23, 25.37, 0.0], "skills": ["approach_person", "approach_robot", "authenticate_person", "deposit", "navigation", "pick_up"]}, {"avg_speed": 0.15, "battery_charge": 0.35000000000000003, "battery_discharge_rate": 0.00015000000000000001, "id": 4, "local_plan": null, "location": "IC Room 5", "position": [-32.88, 33.98, 3.14], "skills": ["approach_person", "approach_robot", "authenticate_person", "deposit", "navigation", "pick_up"]}]
NURSES_CONFIG=[{"location": "IC Room 6", "position": [-32.9, 19.93, 3.14]}]
logger,1626477370953619718,Simulation open
0.0,[debug],logger,init,subcribing to in the topic /log
1.83333325386,[debug],turtlebot3,move-base-info,Move_base is up and ok....,
1.84999990463,[debug],turtlebot4,move-base-info,Move_base is up and ok....,
1.98333334923,[debug],turtlebot5,move-base-info,Move_base is up and ok....,
2.06666660309,[debug],turtlebot1,move-base-info,Move_base is up and ok....,
2.16666674614,[debug],turtlebot2,move-base-info,Move_base is up and ok....,
5.5,[debug],turtlebot2,available-skills,['send_message', 'wait_message', 'approach_person', 'approach_robot', 'authenticate_person', 'deposit', 'navigation', 'operate_drawer', 'pick_up'],
5.5,[info],turtlebot2,skill-life-cycle,navigation,(status=STARTED, parameters=[[-11.5, 16.0, 3.141592653589793, True], [-37.0, 16.0, 1.5707963267948966, True], [-37.0, 18.93, 0.0, True], [-33.9, 18.93, 3.14, False]])
5.8833334446,[info],turtlebot4,skill-life-cycle,init_robobt,(status=RUNNING, parameters=[])
6.43333339691,[info],turtlebot1,skill-life-cycle,init_robobt,(status=RUNNING, parameters=[])
7.8833334446,[info],turtlebot3,skill-life-cycle,init_robobt,(status=RUNNING, parameters=[])
7.96666669846,[info],turtlebot5,skill-life-cycle,init_robobt,(status=RUNNING, parameters=[])
23.6500000954,[debug],turtlebot1,simulation,robot-pose,x=-11.46;y=17.82;yaw=-1.25
23.6500000954,[debug],turtlebot1,simulation,robot-pose,x=-11.46;y=17.82;yaw=-1.25
24.2333333492,[debug],turtlebot2,simulation,robot-pose,x=-28.39;y=16.58;yaw=-0.79
24.2666666508,[debug],turtlebot3,simulation,robot-pose,x=-27.23;y=18.02;yaw=-1.59
24.2833333015,[debug],turtlebot4,simulation,robot-pose,x=-40.39;y=25.23;yaw=0.34
24.3166666031,[debug],turtlebot2,simulation,robot-pose,x=-28.39;y=16.58;yaw=-0.79
24.3166666031,[debug],turtlebot3,simulation,robot-pose,x=-27.23;y=18.02;yaw=-1.59
24.3166666031,[debug],turtlebot4,simulation,robot-pose,x=-40.39;y=25.23;yaw=0.34
24.3333332539,[debug],turtlebot5,simulation,robot-pose,x=-32.89;y=33.97;yaw=-3.10
24.3333332539,[debug],turtlebot5,simulation,robot-pose,x=-32.89;y=33.97;yaw=-3.10
38.6333334446,[debug],turtlebot1,simulation,robot-pose,x=-11.46;y=17.82;yaw=-1.25
38.6333334446,[debug],turtlebot1,simulation,robot-pose,x=-11.46;y=17.82;yaw=-1.25
39.2333333492,[debug],turtlebot2,simulation,robot-pose,x=-26.22;y=16.35;yaw=-0.00
39.2666666508,[debug],turtlebot3,simulation,robot-pose,x=-27.22;y=18.03;yaw=-1.59
39.2833333015,[debug],turtlebot4,simulation,robot-pose,x=-40.39;y=25.23;yaw=0.33
39.3333332539,[debug],turtlebot5,simulation,robot-pose,x=-32.89;y=33.97;yaw=-3.10
39.3499999046,[debug],turtlebot2,simulation,robot-pose,x=-26.22;y=16.35;yaw=-0.00
39.3499999046,[debug],turtlebot3,simulation,robot-pose,x=-27.22;y=18.03;yaw=-1.59
39.3499999046,[debug],turtlebot4,simulation,robot-pose,x=-40.39;y=25.23;yaw=0.33
39.3499999046,[debug],turtlebot5,simulation,robot-pose,x=-32.89;y=33.97;yaw=-3.10
47.5,[info],turtlebot2,skill-life-cycle,navigation,(status=RUNNING, parameters=[[-11.5, 16.0, 3.141592653589793, True], [-37.0, 16.0, 1.5707963267948966, True], [-37.0, 18.93, 0.0, True], [-33.9, 18.93, 3.14, False]])
53.6333334446,[debug],turtlebot1,simulation,robot-pose,x=-11.46;y=17.82;yaw=-1.25
53.6333334446,[debug],turtlebot1,simulation,robot-pose,x=-11.46;y=17.82;yaw=-1.25
54.2333333492,[debug],turtlebot2,simulation,robot-pose,x=-23.97;y=16.32;yaw=-0.20
54.2666666508,[debug],turtlebot3,simulation,robot-pose,x=-27.22;y=18.03;yaw=-1.58
54.2833333015,[debug],turtlebot4,simulation,robot-pose,x=-40.39;y=25.23;yaw=0.33
54.3333332539,[debug],turtlebot5,simulation,robot-pose,x=-32.89;y=33.97;yaw=-3.10
54.3499999046,[debug],turtlebot2,simulation,robot-pose,x=-23.97;y=16.32;yaw=-0.20
54.3499999046,[debug],turtlebot3,simulation,robot-pose,x=-27.22;y=18.03;yaw=-1.58
54.3499999046,[debug],turtlebot4,simulation,robot-pose,x=-40.39;y=25.23;yaw=0.33
54.3499999046,[debug],turtlebot5,simulation,robot-pose,x=-32.89;y=33.97;yaw=-3.10
68.6333334446,[debug],turtlebot1,simulation,robot-pose,x=-11.46;y=17.82;yaw=-1.25
68.6333334446,[debug],turtlebot1,simulation,robot-pose,x=-11.46;y=17.82;yaw=-1.25
69.2333333492,[debug],turtlebot2,simulation,robot-pose,x=-22.22;y=16.02;yaw=-0.07
69.2666666508,[debug],turtlebot3,simulation,robot-pose,x=-27.22;y=18.03;yaw=-1.58
69.2833333015,[debug],turtlebot4,simulation,robot-pose,x=-40.39;y=25.23;yaw=0.33
69.3333332539,[debug],turtlebot5,simulation,robot-pose,x=-32.89;y=33.97;yaw=-3.10
69.3499999046,[debug],turtlebot2,simulation,robot-pose,x=-22.22;y=16.02;yaw=-0.07
69.3499999046,[debug],turtlebot3,simulation,robot-pose,x=-27.22;y=18.03;yaw=-1.58
69.3499999046,[debug],turtlebot4,simulation,robot-pose,x=-40.39;y=25.23;yaw=0.33
69.3499999046,[debug],turtlebot5,simulation,robot-pose,x=-32.89;y=33.97;yaw=-3.10
83.6333334446,[debug],turtlebot1,simulation,robot-pose,x=-11.46;y=17.82;yaw=-1.25
83.6333334446,[debug],turtlebot1,simulation,robot-pose,x=-11.46;y=17.82;yaw=-1.25
84.2333333492,[debug],turtlebot2,simulation,robot-pose,x=-19.60;y=16.16;yaw=0.32
84.2666666508,[debug],turtlebot3,simulation,robot-pose,x=-27.22;y=18.03;yaw=-1.58
84.2833333015,[debug],turtlebot4,simulation,robot-pose,x=-40.39;y=25.23;yaw=0.33
84.3333332539,[debug],turtlebot5,simulation,robot-pose,x=-32.90;y=33.97;yaw=-3.10
84.3333332539,[debug],turtlebot2,simulation,robot-pose,x=-19.60;y=16.16;yaw=0.32
84.3333332539,[debug],turtlebot3,simulation,robot-pose,x=-27.22;y=18.03;yaw=-1.58
84.3333332539,[debug],turtlebot4,simulation,robot-pose,x=-40.39;y=25.23;yaw=0.33
84.3499999046,[debug],turtlebot5,simulation,robot-pose,x=-32.90;y=33.97;yaw=-3.10
97.3833334446,[info],turtlebot2,skill-life-cycle,navigation,(status=RUNNING, parameters=[[-11.5, 16.0, 3.141592653589793, True], [-37.0, 16.0, 1.5707963267948966, True], [-37.0, 18.93, 0.0, True], [-33.9, 18.93, 3.14, False]])
98.6333334446,[debug],turtlebot1,simulation,robot-pose,x=-11.46;y=17.82;yaw=-1.25
98.6333334446,[debug],turtlebot1,simulation,robot-pose,x=-11.46;y=17.82;yaw=-1.25
99.2333333492,[debug],turtlebot2,simulation,robot-pose,x=-16.94;y=16.38;yaw=0.04
99.2666666508,[debug],turtlebot3,simulation,robot-pose,x=-27.22;y=18.03;yaw=-1.58
99.2833333015,[debug],turtlebot4,simulation,robot-pose,x=-40.39;y=25.23;yaw=0.33
99.3333332539,[debug],turtlebot5,simulation,robot-pose,x=-32.90;y=33.97;yaw=-3.10
99.3499999046,[debug],turtlebot2,simulation,robot-pose,x=-16.94;y=16.38;yaw=0.04
99.3499999046,[debug],turtlebot3,simulation,robot-pose,x=-27.22;y=18.03;yaw=-1.58
99.3499999046,[debug],turtlebot4,simulation,robot-pose,x=-40.39;y=25.23;yaw=0.33
99.3499999046,[debug],turtlebot5,simulation,robot-pose,x=-32.90;y=33.97;yaw=-3.10
113.633333445,[debug],turtlebot1,simulation,robot-pose,x=-11.46;y=17.82;yaw=-1.25
113.633333445,[debug],turtlebot1,simulation,robot-pose,x=-11.46;y=17.82;yaw=-1.25
114.233333349,[debug],turtlebot2,simulation,robot-pose,x=-14.16;y=16.70;yaw=0.29
114.266666651,[debug],turtlebot3,simulation,robot-pose,x=-27.22;y=18.03;yaw=-1.58
114.283333302,[debug],turtlebot4,simulation,robot-pose,x=-40.39;y=25.23;yaw=0.33
114.299999952,[debug],turtlebot2,simulation,robot-pose,x=-14.16;y=16.70;yaw=0.29
114.299999952,[debug],turtlebot3,simulation,robot-pose,x=-27.22;y=18.03;yaw=-1.58
114.316666603,[debug],turtlebot4,simulation,robot-pose,x=-40.39;y=25.23;yaw=0.33
114.333333254,[debug],turtlebot5,simulation,robot-pose,x=-32.90;y=33.97;yaw=-3.09
114.349999905,[debug],turtlebot5,simulation,robot-pose,x=-32.90;y=33.97;yaw=-3.09
128.633333445,[debug],turtlebot1,simulation,robot-pose,x=-11.46;y=17.82;yaw=-1.25
128.633333445,[debug],turtlebot1,simulation,robot-pose,x=-11.46;y=17.82;yaw=-1.25
129.233333349,[debug],turtlebot2,simulation,robot-pose,x=-12.43;y=16.26;yaw=0.05
129.266666651,[debug],turtlebot3,simulation,robot-pose,x=-27.22;y=18.03;yaw=-1.58
129.283333302,[debug],turtlebot4,simulation,robot-pose,x=-40.39;y=25.23;yaw=0.33
129.316666603,[debug],turtlebot2,simulation,robot-pose,x=-12.43;y=16.26;yaw=0.05
129.316666603,[debug],turtlebot3,simulation,robot-pose,x=-27.22;y=18.03;yaw=-1.58
129.316666603,[debug],turtlebot4,simulation,robot-pose,x=-40.39;y=25.23;yaw=0.33
129.333333254,[debug],turtlebot5,simulation,robot-pose,x=-32.90;y=33.97;yaw=-3.09
129.333333254,[debug],turtlebot5,simulation,robot-pose,x=-32.90;y=33.97;yaw=-3.09
141.233333349,[debug],turtlebot2,move-base-info,Hooray, the base moved arrived,(x=-11.5;y=16)
141.316666603,[debug],turtlebot2,move-base-info,Hooray, the base moved arrived,(x=-11.5;y=16)
141.366666555,[debug],turtlebot2,task-update,navigation,way-point-reached,25.0%
143.633333445,[debug],turtlebot1,simulation,robot-pose,x=-11.46;y=17.82;yaw=-1.25
143.633333445,[debug],turtlebot1,simulation,robot-pose,x=-11.46;y=17.82;yaw=-1.25
144.233333349,[debug],turtlebot2,simulation,robot-pose,x=-11.82;y=16.30;yaw=-3.09
144.266666651,[debug],turtlebot3,simulation,robot-pose,x=-27.22;y=18.03;yaw=-1.58
144.283333302,[debug],turtlebot4,simulation,robot-pose,x=-40.39;y=25.23;yaw=0.33
144.316666603,[debug],turtlebot2,simulation,robot-pose,x=-11.82;y=16.30;yaw=-3.09
144.316666603,[debug],turtlebot3,simulation,robot-pose,x=-27.22;y=18.03;yaw=-1.58
144.316666603,[debug],turtlebot4,simulation,robot-pose,x=-40.39;y=25.23;yaw=0.33
144.333333254,[debug],turtlebot5,simulation,robot-pose,x=-32.90;y=33.97;yaw=-3.09
144.333333254,[debug],turtlebot5,simulation,robot-pose,x=-32.90;y=33.97;yaw=-3.09
148.283333302,[info],turtlebot2,skill-life-cycle,navigation,(status=RUNNING, parameters=[[-11.5, 16.0, 3.141592653589793, True], [-37.0, 16.0, 1.5707963267948966, True], [-37.0, 18.93, 0.0, True], [-33.9, 18.93, 3.14, False]])
158.633333445,[debug],turtlebot1,simulation,robot-pose,x=-11.46;y=17.82;yaw=-1.25
158.633333445,[debug],turtlebot1,simulation,robot-pose,x=-11.46;y=17.82;yaw=-1.25
159.233333349,[debug],turtlebot2,simulation,robot-pose,x=-13.91;y=16.23;yaw=-2.97
159.266666651,[debug],turtlebot3,simulation,robot-pose,x=-27.22;y=18.03;yaw=-1.57
159.283333302,[debug],turtlebot4,simulation,robot-pose,x=-40.39;y=25.23;yaw=0.33
159.333333254,[debug],turtlebot5,simulation,robot-pose,x=-32.90;y=33.97;yaw=-3.09
159.333333254,[debug],turtlebot2,simulation,robot-pose,x=-13.91;y=16.23;yaw=-2.97
159.333333254,[debug],turtlebot3,simulation,robot-pose,x=-27.22;y=18.03;yaw=-1.57
159.333333254,[debug],turtlebot4,simulation,robot-pose,x=-40.39;y=25.23;yaw=0.33
159.333333254,[debug],turtlebot5,simulation,robot-pose,x=-32.90;y=33.97;yaw=-3.09
173.633333445,[debug],turtlebot1,simulation,robot-pose,x=-11.46;y=17.82;yaw=-1.25
173.633333445,[debug],turtlebot1,simulation,robot-pose,x=-11.46;y=17.82;yaw=-1.25
174.233333349,[debug],turtlebot2,simulation,robot-pose,x=-15.95;y=15.84;yaw=3.04
174.266666651,[debug],turtlebot3,simulation,robot-pose,x=-27.22;y=18.03;yaw=-1.57
174.283333302,[debug],turtlebot4,simulation,robot-pose,x=-40.39;y=25.23;yaw=0.33
174.333333254,[debug],turtlebot5,simulation,robot-pose,x=-32.90;y=33.97;yaw=-3.09
174.349999905,[debug],turtlebot2,simulation,robot-pose,x=-15.95;y=15.84;yaw=3.04
174.349999905,[debug],turtlebot3,simulation,robot-pose,x=-27.22;y=18.03;yaw=-1.57
174.349999905,[debug],turtlebot4,simulation,robot-pose,x=-40.39;y=25.23;yaw=0.33
174.349999905,[debug],turtlebot5,simulation,robot-pose,x=-32.90;y=33.97;yaw=-3.09
188.633333445,[debug],turtlebot1,simulation,robot-pose,x=-11.46;y=17.82;yaw=-1.25
188.633333445,[debug],turtlebot1,simulation,robot-pose,x=-11.46;y=17.82;yaw=-1.25
189.233333349,[debug],turtlebot2,simulation,robot-pose,x=-18.60;y=16.00;yaw=3.04
189.266666651,[debug],turtlebot3,simulation,robot-pose,x=-27.22;y=18.03;yaw=-1.57
189.283333302,[debug],turtlebot4,simulation,robot-pose,x=-40.39;y=25.23;yaw=0.33
189.316666603,[debug],turtlebot2,simulation,robot-pose,x=-18.60;y=16.00;yaw=3.04
189.316666603,[debug],turtlebot3,simulation,robot-pose,x=-27.22;y=18.03;yaw=-1.57
189.333333254,[debug],turtlebot4,simulation,robot-pose,x=-40.39;y=25.23;yaw=0.33
189.333333254,[debug],turtlebot5,simulation,robot-pose,x=-32.90;y=33.97;yaw=-3.09
189.333333254,[debug],turtlebot5,simulation,robot-pose,x=-32.90;y=33.97;yaw=-3.09
198.400000095,[info],turtlebot2,skill-life-cycle,navigation,(status=RUNNING, parameters=[[-11.5, 16.0, 3.141592653589793, True], [-37.0, 16.0, 1.5707963267948966, True], [-37.0, 18.93, 0.0, True], [-33.9, 18.93, 3.14, False]])
203.633333445,[debug],turtlebot1,simulation,robot-pose,x=-11.46;y=17.82;yaw=-1.25
203.633333445,[debug],turtlebot1,simulation,robot-pose,x=-11.46;y=17.82;yaw=-1.25
204.233333349,[debug],turtlebot2,simulation,robot-pose,x=-21.10;y=16.00;yaw=3.10
204.266666651,[debug],turtlebot3,simulation,robot-pose,x=-27.22;y=18.03;yaw=-1.57
204.283333302,[debug],turtlebot4,simulation,robot-pose,x=-40.39;y=25.23;yaw=0.33
204.316666603,[debug],turtlebot2,simulation,robot-pose,x=-21.10;y=16.00;yaw=3.10
204.316666603,[debug],turtlebot3,simulation,robot-pose,x=-27.22;y=18.03;yaw=-1.57
204.316666603,[debug],turtlebot4,simulation,robot-pose,x=-40.39;y=25.23;yaw=0.33
204.333333254,[debug],turtlebot5,simulation,robot-pose,x=-32.91;y=33.97;yaw=-3.09
204.333333254,[debug],turtlebot5,simulation,robot-pose,x=-32.91;y=33.97;yaw=-3.09
218.633333445,[debug],turtlebot1,simulation,robot-pose,x=-11.46;y=17.82;yaw=-1.25
218.633333445,[debug],turtlebot1,simulation,robot-pose,x=-11.46;y=17.82;yaw=-1.25
219.233333349,[debug],turtlebot2,simulation,robot-pose,x=-23.58;y=15.99;yaw=3.12
219.266666651,[debug],turtlebot3,simulation,robot-pose,x=-27.21;y=18.03;yaw=-1.57
219.283333302,[debug],turtlebot4,simulation,robot-pose,x=-40.39;y=25.23;yaw=0.33
219.333333254,[debug],turtlebot5,simulation,robot-pose,x=-32.91;y=33.97;yaw=-3.08
219.333333254,[debug],turtlebot2,simulation,robot-pose,x=-23.58;y=15.99;yaw=3.12
219.333333254,[debug],turtlebot3,simulation,robot-pose,x=-27.21;y=18.03;yaw=-1.57
219.333333254,[debug],turtlebot4,simulation,robot-pose,x=-40.39;y=25.23;yaw=0.33
219.333333254,[debug],turtlebot5,simulation,robot-pose,x=-32.91;y=33.97;yaw=-3.08
233.633333445,[debug],turtlebot1,simulation,robot-pose,x=-11.46;y=17.82;yaw=-1.25
233.633333445,[debug],turtlebot1,simulation,robot-pose,x=-11.46;y=17.82;yaw=-1.25
234.233333349,[debug],turtlebot2,simulation,robot-pose,x=-26.13;y=16.04;yaw=2.99
234.266666651,[debug],turtlebot3,simulation,robot-pose,x=-27.21;y=18.03;yaw=-1.57
234.283333302,[debug],turtlebot4,simulation,robot-pose,x=-40.39;y=25.23;yaw=0.33
234.333333254,[debug],turtlebot2,simulation,robot-pose,x=-26.13;y=16.04;yaw=2.99
234.333333254,[debug],turtlebot3,simulation,robot-pose,x=-27.21;y=18.03;yaw=-1.57
234.333333254,[debug],turtlebot4,simulation,robot-pose,x=-40.39;y=25.23;yaw=0.33
234.333333254,[debug],turtlebot5,simulation,robot-pose,x=-32.91;y=33.97;yaw=-3.07
234.333333254,[debug],turtlebot5,simulation,robot-pose,x=-32.91;y=33.97;yaw=-3.07
248.383333445,[info],turtlebot2,skill-life-cycle,navigation,(status=RUNNING, parameters=[[-11.5, 16.0, 3.141592653589793, True], [-37.0, 16.0, 1.5707963267948966, True], [-37.0, 18.93, 0.0, True], [-33.9, 18.93, 3.14, False]])
248.633333445,[debug],turtlebot1,simulation,robot-pose,x=-11.46;y=17.82;yaw=-1.25
248.633333445,[debug],turtlebot1,simulation,robot-pose,x=-11.46;y=17.82;yaw=-1.25
249.233333349,[debug],turtlebot2,simulation,robot-pose,x=-28.68;y=16.10;yaw=3.09
249.266666651,[debug],turtlebot3,simulation,robot-pose,x=-27.21;y=18.03;yaw=-1.57
249.283333302,[debug],turtlebot4,simulation,robot-pose,x=-40.39;y=25.23;yaw=0.33
249.333333254,[debug],turtlebot5,simulation,robot-pose,x=-32.91;y=33.97;yaw=-3.06
249.349999905,[debug],turtlebot2,simulation,robot-pose,x=-28.68;y=16.10;yaw=3.09
249.349999905,[debug],turtlebot3,simulation,robot-pose,x=-27.21;y=18.03;yaw=-1.57
249.349999905,[debug],turtlebot4,simulation,robot-pose,x=-40.39;y=25.23;yaw=0.33
249.349999905,[debug],turtlebot5,simulation,robot-pose,x=-32.91;y=33.97;yaw=-3.06
263.633333445,[debug],turtlebot1,simulation,robot-pose,x=-11.46;y=17.82;yaw=-1.25
263.633333445,[debug],turtlebot1,simulation,robot-pose,x=-11.46;y=17.82;yaw=-1.25
264.233333349,[debug],turtlebot2,simulation,robot-pose,x=-31.17;y=16.08;yaw=-3.08
264.266666651,[debug],turtlebot3,simulation,robot-pose,x=-27.21;y=18.03;yaw=-1.57
264.283333302,[debug],turtlebot4,simulation,robot-pose,x=-40.39;y=25.23;yaw=0.33
264.333333254,[debug],turtlebot5,simulation,robot-pose,x=-32.91;y=33.97;yaw=-3.06
264.333333254,[debug],turtlebot2,simulation,robot-pose,x=-31.17;y=16.08;yaw=-3.08
264.333333254,[debug],turtlebot3,simulation,robot-pose,x=-27.21;y=18.03;yaw=-1.57
264.333333254,[debug],turtlebot4,simulation,robot-pose,x=-40.39;y=25.23;yaw=0.33
264.333333254,[debug],turtlebot5,simulation,robot-pose,x=-32.91;y=33.97;yaw=-3.06
278.633333445,[debug],turtlebot1,simulation,robot-pose,x=-11.46;y=17.82;yaw=-1.25
278.633333445,[debug],turtlebot1,simulation,robot-pose,x=-11.46;y=17.82;yaw=-1.25
279.233333349,[debug],turtlebot2,simulation,robot-pose,x=-33.35;y=15.86;yaw=2.71
279.266666651,[debug],turtlebot3,simulation,robot-pose,x=-27.21;y=18.03;yaw=-1.57
279.283333302,[debug],turtlebot4,simulation,robot-pose,x=-40.39;y=25.23;yaw=0.33
279.316666603,[debug],turtlebot2,simulation,robot-pose,x=-33.35;y=15.86;yaw=2.71
279.316666603,[debug],turtlebot3,simulation,robot-pose,x=-27.21;y=18.03;yaw=-1.57
279.316666603,[debug],turtlebot4,simulation,robot-pose,x=-40.39;y=25.23;yaw=0.33
279.333333254,[debug],turtlebot5,simulation,robot-pose,x=-32.92;y=33.98;yaw=-3.05
279.333333254,[debug],turtlebot5,simulation,robot-pose,x=-32.92;y=33.98;yaw=-3.05
293.633333445,[debug],turtlebot1,simulation,robot-pose,x=-11.46;y=17.82;yaw=-1.25
293.633333445,[debug],turtlebot1,simulation,robot-pose,x=-11.46;y=17.82;yaw=-1.25
294.233333349,[debug],turtlebot2,simulation,robot-pose,x=-36.09;y=16.20;yaw=2.77
294.266666651,[debug],turtlebot3,simulation,robot-pose,x=-27.21;y=18.03;yaw=-1.57
294.283333302,[debug],turtlebot4,simulation,robot-pose,x=-40.39;y=25.23;yaw=0.33
294.333333254,[debug],turtlebot5,simulation,robot-pose,x=-32.92;y=33.98;yaw=-3.05
294.333333254,[debug],turtlebot2,simulation,robot-pose,x=-36.09;y=16.20;yaw=2.77
294.333333254,[debug],turtlebot3,simulation,robot-pose,x=-27.21;y=18.03;yaw=-1.57
294.333333254,[debug],turtlebot4,simulation,robot-pose,x=-40.39;y=25.23;yaw=0.33
294.333333254,[debug],turtlebot5,simulation,robot-pose,x=-32.92;y=33.98;yaw=-3.05
298.700000048,[info],turtlebot2,skill-life-cycle,navigation,(status=RUNNING, parameters=[[-11.5, 16.0, 3.141592653589793, True], [-37.0, 16.0, 1.5707963267948966, True], [-37.0, 18.93, 0.0, True], [-33.9, 18.93, 3.14, False]])
302.216666698,[debug],turtlebot2,move-base-info,Hooray, the base moved arrived,(x=-37;y=16)
302.349999905,[debug],turtlebot2,move-base-info,Hooray, the base moved arrived,(x=-37;y=16)
302.533333302,[debug],turtlebot2,task-update,navigation,way-point-reached,50.0%
308.633333445,[debug],turtlebot1,simulation,robot-pose,x=-11.47;y=17.82;yaw=-1.25
308.633333445,[debug],turtlebot1,simulation,robot-pose,x=-11.47;y=17.82;yaw=-1.25
309.233333349,[debug],turtlebot2,simulation,robot-pose,x=-36.74;y=17.36;yaw=1.65
309.266666651,[debug],turtlebot3,simulation,robot-pose,x=-27.21;y=18.03;yaw=-1.57
309.283333302,[debug],turtlebot4,simulation,robot-pose,x=-40.39;y=25.23;yaw=0.33
309.333333254,[debug],turtlebot2,simulation,robot-pose,x=-36.74;y=17.36;yaw=1.65
309.333333254,[debug],turtlebot3,simulation,robot-pose,x=-27.21;y=18.03;yaw=-1.57
309.333333254,[debug],turtlebot4,simulation,robot-pose,x=-40.39;y=25.23;yaw=0.33
309.333333254,[debug],turtlebot5,simulation,robot-pose,x=-32.92;y=33.98;yaw=-3.06
309.333333254,[debug],turtlebot5,simulation,robot-pose,x=-32.92;y=33.98;yaw=-3.06
317.099999905,[debug],turtlebot2,move-base-info,Hooray, the base moved arrived,(x=-37;y=18.93)
317.099999905,[debug],turtlebot2,move-base-info,Hooray, the base moved arrived,(x=-37;y=18.93)
317.200000048,[debug],turtlebot2,task-update,navigation,way-point-reached,75.0%
323.633333445,[debug],turtlebot1,simulation,robot-pose,x=-11.47;y=17.82;yaw=-1.25
323.633333445,[debug],turtlebot1,simulation,robot-pose,x=-11.47;y=17.82;yaw=-1.25
324.233333349,[debug],turtlebot2,simulation,robot-pose,x=-36.63;y=18.45;yaw=-0.34
324.266666651,[debug],turtlebot3,simulation,robot-pose,x=-27.21;y=18.03;yaw=-1.56
324.283333302,[debug],turtlebot4,simulation,robot-pose,x=-40.39;y=25.23;yaw=0.33
324.333333254,[debug],turtlebot5,simulation,robot-pose,x=-32.92;y=33.98;yaw=-3.06
324.366666555,[debug],turtlebot2,simulation,robot-pose,x=-36.63;y=18.45;yaw=-0.34
324.366666555,[debug],turtlebot3,simulation,robot-pose,x=-27.21;y=18.03;yaw=-1.56
324.366666555,[debug],turtlebot4,simulation,robot-pose,x=-40.39;y=25.23;yaw=0.33
324.366666555,[debug],turtlebot5,simulation,robot-pose,x=-32.92;y=33.98;yaw=-3.06
338.633333445,[debug],turtlebot1,simulation,robot-pose,x=-11.47;y=17.82;yaw=-1.25
338.650000095,[debug],turtlebot1,simulation,robot-pose,x=-11.47;y=17.82;yaw=-1.25
339.233333349,[debug],turtlebot2,simulation,robot-pose,x=-35.63;y=18.02;yaw=-0.46
339.266666651,[debug],turtlebot3,simulation,robot-pose,x=-27.21;y=18.02;yaw=-1.54
339.283333302,[debug],turtlebot4,simulation,robot-pose,x=-40.39;y=25.23;yaw=0.33
339.333333254,[debug],turtlebot5,simulation,robot-pose,x=-32.93;y=33.98;yaw=-3.06
339.349999905,[debug],turtlebot2,simulation,robot-pose,x=-35.63;y=18.02;yaw=-0.46
339.349999905,[debug],turtlebot3,simulation,robot-pose,x=-27.21;y=18.02;yaw=-1.54
339.349999905,[debug],turtlebot4,simulation,robot-pose,x=-40.39;y=25.23;yaw=0.33
339.349999905,[debug],turtlebot5,simulation,robot-pose,x=-32.93;y=33.98;yaw=-3.06
350.416666746,[info],turtlebot2,skill-life-cycle,navigation,(status=RUNNING, parameters=[[-11.5, 16.0, 3.141592653589793, True], [-37.0, 16.0, 1.5707963267948966, True], [-37.0, 18.93, 0.0, True], [-33.9, 18.93, 3.14, False]])
353.633333445,[debug],turtlebot1,simulation,robot-pose,x=-11.47;y=17.82;yaw=-1.25
353.633333445,[debug],turtlebot1,simulation,robot-pose,x=-11.47;y=17.82;yaw=-1.25
354.233333349,[debug],turtlebot2,simulation,robot-pose,x=-34.11;y=18.56;yaw=3.06
354.266666651,[debug],turtlebot3,simulation,robot-pose,x=-27.21;y=18.01;yaw=-1.54
354.283333302,[debug],turtlebot4,simulation,robot-pose,x=-40.39;y=25.23;yaw=0.33
354.333333254,[debug],turtlebot5,simulation,robot-pose,x=-32.93;y=33.98;yaw=-3.06
354.333333254,[debug],turtlebot2,simulation,robot-pose,x=-34.11;y=18.56;yaw=3.06
354.333333254,[debug],turtlebot3,simulation,robot-pose,x=-27.21;y=18.01;yaw=-1.54
354.333333254,[debug],turtlebot4,simulation,robot-pose,x=-40.39;y=25.23;yaw=0.33
354.333333254,[debug],turtlebot5,simulation,robot-pose,x=-32.93;y=33.98;yaw=-3.06
354.633333445,[debug],turtlebot2,move-base-info,Hooray, the base moved arrived,(x=-33.9;y=18.93)
354.633333445,[debug],turtlebot2,move-base-info,Hooray, the base moved arrived,(x=-33.9;y=18.93)
354.933333397,[debug],turtlebot2,task-update,navigation,way-point-reached,100.0%
355.033333302,[debug],turtlebot2,available-skills,['send_message', 'wait_message', 'approach_person', 'approach_robot', 'authenticate_person', 'deposit', 'navigation', 'operate_drawer', 'pick_up'],
355.033333302,[info],turtlebot2,skill-life-cycle,approach_person,(status=STARTED, parameters=['nurse'])
355.083333254,[debug],turtlebot2,task-update,approach_person,localize-person,(who=nurse)
355.183333397,[debug],turtlebot2,task-update,approach_person,goto-person,(who=nurse)
355.283333302,[debug],turtlebot2,available-skills,['send_message', 'wait_message', 'approach_person', 'approach_robot', 'authenticate_person', 'deposit', 'navigation', 'operate_drawer', 'pick_up'],
355.283333302,[info],turtlebot2,skill-life-cycle,authenticate_person,(status=STARTED, parameters=['nurse'])
355.349999905,[debug],turtlebot2,task-update,authenticate_person,request-authentication,(to=nurse)
355.349999905,[info],nurse,sync,received-request,(status=sending-request)
355.349999905,[info],nurse,sync,received-request,(status=sending-request)
355.849999905,[debug],turtlebot2,task-update,authenticate_person,received-authentication,(from=nurse)
355.916666746,[debug],turtlebot2,available-skills,['send_message', 'wait_message', 'approach_person', 'approach_robot', 'authenticate_person', 'deposit', 'navigation', 'operate_drawer', 'pick_up'],
355.916666746,[info],turtlebot2,skill-life-cycle,operate_drawer,(status=STARTED, parameters=['open'])
355.983333349,[debug],turtlebot2,task-update,operate_drawer,open
357.0,[debug],turtlebot2,available-skills,['send_message', 'wait_message', 'approach_person', 'approach_robot', 'authenticate_person', 'deposit', 'navigation', 'operate_drawer', 'pick_up'],
357.0,[info],turtlebot2,skill-life-cycle,send_message,(status=STARTED, parameters=['nurse'])
357.083333254,[info],turtlebot2,sync,send-message,(to=nurse)
357.950000048,[info],nurse,sync,wait-message,(status=message-received)
357.950000048,[info],nurse,sync,wait-message,(status=message-received)
360.683333397,[debug],turtlebot2,available-skills,['send_message', 'wait_message', 'approach_person', 'approach_robot', 'authenticate_person', 'deposit', 'navigation', 'operate_drawer', 'pick_up'],
360.683333397,[info],turtlebot2,skill-life-cycle,wait_message,(status=STARTED, parameters=['r1'])
361.983333349,[info],turtlebot2,sync,wait-message,(status=message-received)
362.083333254,[debug],turtlebot2,available-skills,['send_message', 'wait_message', 'approach_person', 'approach_robot', 'authenticate_person', 'deposit', 'navigation', 'operate_drawer', 'pick_up'],
362.083333254,[info],turtlebot2,skill-life-cycle,operate_drawer,(status=STARTED, parameters=['close'])
362.166666746,[debug],turtlebot2,task-update,operate_drawer,close
363.183333397,[debug],turtlebot2,available-skills,['send_message', 'wait_message', 'approach_person', 'approach_robot', 'authenticate_person', 'deposit', 'navigation', 'operate_drawer', 'pick_up'],
363.183333397,[info],turtlebot2,skill-life-cycle,navigation,(status=STARTED, parameters=[[-37.0, 18.93, -1.5707963267948966, True], [-37.0, 16.0, 0.0, True], [-26.0, 16.0, -1.5707963267948966, True], [-26.0, 13.0, 1.57, False]])
367.950000048,[info],nurse,sync,wait-message,(status=message-received)
367.950000048,[info],nurse,sync,wait-message,(status=message-received)
368.633333445,[debug],turtlebot1,simulation,robot-pose,x=-11.47;y=17.82;yaw=-1.25
368.633333445,[debug],turtlebot1,simulation,robot-pose,x=-11.47;y=17.82;yaw=-1.25
369.233333349,[debug],turtlebot2,simulation,robot-pose,x=-34.18;y=18.56;yaw=-2.84
369.266666651,[debug],turtlebot3,simulation,robot-pose,x=-27.21;y=17.99;yaw=-1.54
369.283333302,[debug],turtlebot4,simulation,robot-pose,x=-40.39;y=25.23;yaw=0.33
369.333333254,[debug],turtlebot5,simulation,robot-pose,x=-32.93;y=33.98;yaw=-3.06
369.349999905,[debug],turtlebot2,simulation,robot-pose,x=-34.18;y=18.56;yaw=-2.84
369.349999905,[debug],turtlebot3,simulation,robot-pose,x=-27.21;y=17.99;yaw=-1.54
369.349999905,[debug],turtlebot4,simulation,robot-pose,x=-40.39;y=25.23;yaw=0.33
369.349999905,[debug],turtlebot5,simulation,robot-pose,x=-32.93;y=33.98;yaw=-3.06
375.349999905,[info],nurse,sync,request-sent,(status=waiting)
375.349999905,[info],nurse,sync,request-sent,(status=waiting)
377.950000048,[info],nurse,sync,wait-message,(status=message-received)
377.950000048,[info],nurse,sync,wait-message,(status=message-received)
383.633333445,[debug],turtlebot1,simulation,robot-pose,x=-11.47;y=17.82;yaw=-1.25
383.633333445,[debug],turtlebot1,simulation,robot-pose,x=-11.47;y=17.82;yaw=-1.25
384.233333349,[debug],turtlebot2,simulation,robot-pose,x=-35.00;y=18.04;yaw=-2.63
384.266666651,[debug],turtlebot3,simulation,robot-pose,x=-27.21;y=17.98;yaw=-1.54
384.283333302,[debug],turtlebot4,simulation,robot-pose,x=-40.39;y=25.23;yaw=0.33
384.316666603,[debug],turtlebot2,simulation,robot-pose,x=-35.00;y=18.04;yaw=-2.63
384.333333254,[debug],turtlebot3,simulation,robot-pose,x=-27.21;y=17.98;yaw=-1.54
384.333333254,[debug],turtlebot4,simulation,robot-pose,x=-40.39;y=25.23;yaw=0.33
384.333333254,[debug],turtlebot5,simulation,robot-pose,x=-32.93;y=33.98;yaw=-3.06
384.333333254,[debug],turtlebot5,simulation,robot-pose,x=-32.93;y=33.98;yaw=-3.06
387.950000048,[info],nurse,sync,wait-message,(status=message-received)
387.950000048,[info],nurse,sync,wait-message,(status=message-received)
398.633333445,[debug],turtlebot1,simulation,robot-pose,x=-11.47;y=17.82;yaw=-1.25
398.633333445,[debug],turtlebot1,simulation,robot-pose,x=-11.47;y=17.82;yaw=-1.25
399.233333349,[debug],turtlebot2,simulation,robot-pose,x=-36.66;y=18.61;yaw=2.98
399.266666651,[debug],turtlebot3,simulation,robot-pose,x=-27.21;y=17.97;yaw=-1.54
399.283333302,[debug],turtlebot4,simulation,robot-pose,x=-40.39;y=25.23;yaw=0.33
399.333333254,[debug],turtlebot5,simulation,robot-pose,x=-32.93;y=33.98;yaw=-3.06
399.333333254,[debug],turtlebot2,simulation,robot-pose,x=-36.66;y=18.61;yaw=2.98
399.333333254,[debug],turtlebot3,simulation,robot-pose,x=-27.21;y=17.97;yaw=-1.54
399.333333254,[debug],turtlebot4,simulation,robot-pose,x=-40.39;y=25.23;yaw=0.33
399.333333254,[debug],turtlebot5,simulation,robot-pose,x=-32.93;y=33.98;yaw=-3.06
402.916666746,[info],turtlebot2,skill-life-cycle,navigation,(status=RUNNING, parameters=[[-37.0, 18.93, -1.5707963267948966, True], [-37.0, 16.0, 0.0, True], [-26.0, 16.0, -1.5707963267948966, True], [-26.0, 13.0, 1.57, False]])
403.900000095,[debug],turtlebot2,move-base-info,Hooray, the base moved arrived,(x=-37;y=18.93)
403.900000095,[debug],turtlebot2,move-base-info,Hooray, the base moved arrived,(x=-37;y=18.93)
403.933333397,[debug],turtlebot2,task-update,navigation,way-point-reached,25.0%
413.633333445,[debug],turtlebot1,simulation,robot-pose,x=-11.47;y=17.82;yaw=-1.25
413.633333445,[debug],turtlebot1,simulation,robot-pose,x=-11.47;y=17.82;yaw=-1.25
414.233333349,[debug],turtlebot2,simulation,robot-pose,x=-36.70;y=18.19;yaw=-1.57
414.266666651,[debug],turtlebot3,simulation,robot-pose,x=-27.21;y=17.95;yaw=-1.54
414.283333302,[debug],turtlebot4,simulation,robot-pose,x=-40.39;y=25.23;yaw=0.33
414.333333254,[debug],turtlebot5,simulation,robot-pose,x=-32.93;y=33.98;yaw=-3.06
414.333333254,[debug],turtlebot2,simulation,robot-pose,x=-36.70;y=18.19;yaw=-1.57
414.349999905,[debug],turtlebot3,simulation,robot-pose,x=-27.21;y=17.95;yaw=-1.54
414.349999905,[debug],turtlebot4,simulation,robot-pose,x=-40.39;y=25.23;yaw=0.33
414.349999905,[debug],turtlebot5,simulation,robot-pose,x=-32.93;y=33.98;yaw=-3.06
428.633333445,[debug],turtlebot1,simulation,robot-pose,x=-11.47;y=17.82;yaw=-1.25
428.633333445,[debug],turtlebot1,simulation,robot-pose,x=-11.47;y=17.82;yaw=-1.25
429.233333349,[debug],turtlebot2,simulation,robot-pose,x=-36.73;y=16.94;yaw=-1.69
429.266666651,[debug],turtlebot3,simulation,robot-pose,x=-27.20;y=17.94;yaw=-1.54
429.283333302,[debug],turtlebot4,simulation,robot-pose,x=-40.39;y=25.23;yaw=0.33
429.333333254,[debug],turtlebot5,simulation,robot-pose,x=-32.93;y=33.98;yaw=-3.06
429.333333254,[debug],turtlebot2,simulation,robot-pose,x=-36.73;y=16.94;yaw=-1.69
429.333333254,[debug],turtlebot3,simulation,robot-pose,x=-27.20;y=17.94;yaw=-1.54
429.333333254,[debug],turtlebot4,simulation,robot-pose,x=-40.39;y=25.23;yaw=0.33
429.349999905,[debug],turtlebot5,simulation,robot-pose,x=-32.93;y=33.98;yaw=-3.06
440.450000048,[debug],turtlebot2,move-base-info,Hooray, the base moved arrived,(x=-37;y=16)
440.450000048,[debug],turtlebot2,move-base-info,Hooray, the base moved arrived,(x=-37;y=16)
440.566666603,[debug],turtlebot2,task-update,navigation,way-point-reached,50.0%
443.633333445,[debug],turtlebot1,simulation,robot-pose,x=-11.47;y=17.82;yaw=-1.25
443.633333445,[debug],turtlebot1,simulation,robot-pose,x=-11.47;y=17.82;yaw=-1.25
444.233333349,[debug],turtlebot2,simulation,robot-pose,x=-36.92;y=16.44;yaw=-0.04
444.266666651,[debug],turtlebot3,simulation,robot-pose,x=-27.20;y=17.92;yaw=-1.54
444.283333302,[debug],turtlebot4,simulation,robot-pose,x=-40.39;y=25.23;yaw=0.33
444.333333254,[debug],turtlebot5,simulation,robot-pose,x=-32.93;y=33.98;yaw=-3.06
444.349999905,[debug],turtlebot2,simulation,robot-pose,x=-36.92;y=16.44;yaw=-0.04
444.349999905,[debug],turtlebot3,simulation,robot-pose,x=-27.20;y=17.92;yaw=-1.54
444.349999905,[debug],turtlebot4,simulation,robot-pose,x=-40.39;y=25.23;yaw=0.33
444.349999905,[debug],turtlebot5,simulation,robot-pose,x=-32.93;y=33.98;yaw=-3.06
454.950000048,[info],turtlebot2,skill-life-cycle,navigation,(status=RUNNING, parameters=[[-37.0, 18.93, -1.5707963267948966, True], [-37.0, 16.0, 0.0, True], [-26.0, 16.0, -1.5707963267948966, True], [-26.0, 13.0, 1.57, False]])
458.633333445,[debug],turtlebot1,simulation,robot-pose,x=-11.47;y=17.82;yaw=-1.25
458.633333445,[debug],turtlebot1,simulation,robot-pose,x=-11.47;y=17.82;yaw=-1.25
459.233333349,[debug],turtlebot2,simulation,robot-pose,x=-35.86;y=15.59;yaw=-0.07
459.266666651,[debug],turtlebot3,simulation,robot-pose,x=-27.20;y=17.91;yaw=-1.54
459.283333302,[debug],turtlebot4,simulation,robot-pose,x=-40.39;y=25.23;yaw=0.33
459.333333254,[debug],turtlebot5,simulation,robot-pose,x=-32.93;y=33.98;yaw=-3.06
459.333333254,[debug],turtlebot2,simulation,robot-pose,x=-35.86;y=15.59;yaw=-0.07
459.333333254,[debug],turtlebot3,simulation,robot-pose,x=-27.20;y=17.91;yaw=-1.54
459.333333254,[debug],turtlebot4,simulation,robot-pose,x=-40.39;y=25.23;yaw=0.33
459.333333254,[debug],turtlebot5,simulation,robot-pose,x=-32.93;y=33.98;yaw=-3.06
473.633333445,[debug],turtlebot1,simulation,robot-pose,x=-11.47;y=17.82;yaw=-1.25
473.633333445,[debug],turtlebot1,simulation,robot-pose,x=-11.47;y=17.82;yaw=-1.25
474.233333349,[debug],turtlebot2,simulation,robot-pose,x=-33.32;y=15.66;yaw=0.02
474.266666651,[debug],turtlebot3,simulation,robot-pose,x=-27.20;y=17.89;yaw=-1.54
474.283333302,[debug],turtlebot4,simulation,robot-pose,x=-40.39;y=25.23;yaw=0.33
474.333333254,[debug],turtlebot5,simulation,robot-pose,x=-32.93;y=33.98;yaw=-3.06
474.333333254,[debug],turtlebot2,simulation,robot-pose,x=-33.32;y=15.66;yaw=0.02
474.333333254,[debug],turtlebot3,simulation,robot-pose,x=-27.20;y=17.89;yaw=-1.54
474.333333254,[debug],turtlebot4,simulation,robot-pose,x=-40.39;y=25.23;yaw=0.33
474.333333254,[debug],turtlebot5,simulation,robot-pose,x=-32.93;y=33.98;yaw=-3.06
488.633333445,[debug],turtlebot1,simulation,robot-pose,x=-11.47;y=17.82;yaw=-1.25
488.633333445,[debug],turtlebot1,simulation,robot-pose,x=-11.47;y=17.82;yaw=-1.25
489.233333349,[debug],turtlebot2,simulation,robot-pose,x=-30.51;y=16.06;yaw=-0.06
489.266666651,[debug],turtlebot3,simulation,robot-pose,x=-27.20;y=17.88;yaw=-1.54
489.283333302,[debug],turtlebot4,simulation,robot-pose,x=-40.39;y=25.23;yaw=0.33
489.316666603,[debug],turtlebot2,simulation,robot-pose,x=-30.51;y=16.06;yaw=-0.06
489.333333254,[debug],turtlebot3,simulation,robot-pose,x=-27.20;y=17.88;yaw=-1.54
489.333333254,[debug],turtlebot4,simulation,robot-pose,x=-40.39;y=25.23;yaw=0.33
489.333333254,[debug],turtlebot5,simulation,robot-pose,x=-32.93;y=33.98;yaw=-3.06
489.333333254,[debug],turtlebot5,simulation,robot-pose,x=-32.93;y=33.98;yaw=-3.06
503.633333445,[debug],turtlebot1,simulation,robot-pose,x=-11.47;y=17.82;yaw=-1.25
503.633333445,[debug],turtlebot1,simulation,robot-pose,x=-11.47;y=17.82;yaw=-1.25
504.233333349,[debug],turtlebot2,simulation,robot-pose,x=-27.96;y=16.11;yaw=0.03
504.266666651,[debug],turtlebot3,simulation,robot-pose,x=-27.19;y=17.86;yaw=-1.54
504.283333302,[debug],turtlebot4,simulation,robot-pose,x=-40.39;y=25.23;yaw=0.33
504.333333254,[debug],turtlebot5,simulation,robot-pose,x=-32.93;y=33.98;yaw=-3.06
504.349999905,[debug],turtlebot2,simulation,robot-pose,x=-27.96;y=16.11;yaw=0.03
504.349999905,[debug],turtlebot3,simulation,robot-pose,x=-27.19;y=17.86;yaw=-1.54
504.349999905,[debug],turtlebot4,simulation,robot-pose,x=-40.39;y=25.23;yaw=0.33
504.349999905,[debug],turtlebot5,simulation,robot-pose,x=-32.93;y=33.98;yaw=-3.06
504.683333397,[info],turtlebot2,skill-life-cycle,navigation,(status=RUNNING, parameters=[[-37.0, 18.93, -1.5707963267948966, True], [-37.0, 16.0, 0.0, True], [-26.0, 16.0, -1.5707963267948966, True], [-26.0, 13.0, 1.57, False]])
518.333333254,[debug],turtlebot2,move-base-info,Hooray, the base moved arrived,(x=-26;y=16)
518.333333254,[debug],turtlebot2,move-base-info,Hooray, the base moved arrived,(x=-26;y=16)
518.5,[debug],turtlebot2,task-update,navigation,way-point-reached,75.0%
518.633333445,[debug],turtlebot1,simulation,robot-pose,x=-11.47;y=17.82;yaw=-1.25
518.633333445,[debug],turtlebot1,simulation,robot-pose,x=-11.47;y=17.82;yaw=-1.25
519.233333349,[debug],turtlebot2,simulation,robot-pose,x=-26.37;y=16.31;yaw=-1.53
519.266666651,[debug],turtlebot3,simulation,robot-pose,x=-27.19;y=17.85;yaw=-1.54
519.283333302,[debug],turtlebot4,simulation,robot-pose,x=-40.39;y=25.23;yaw=0.33
519.316666603,[debug],turtlebot2,simulation,robot-pose,x=-26.37;y=16.31;yaw=-1.53
519.316666603,[debug],turtlebot3,simulation,robot-pose,x=-27.19;y=17.85;yaw=-1.54
519.316666603,[debug],turtlebot4,simulation,robot-pose,x=-40.39;y=25.23;yaw=0.33
519.333333254,[debug],turtlebot5,simulation,robot-pose,x=-32.93;y=33.98;yaw=-3.05
519.333333254,[debug],turtlebot5,simulation,robot-pose,x=-32.93;y=33.98;yaw=-3.05
533.633333445,[debug],turtlebot1,simulation,robot-pose,x=-11.47;y=17.82;yaw=-1.25
533.633333445,[debug],turtlebot1,simulation,robot-pose,x=-11.47;y=17.82;yaw=-1.25
534.233333349,[debug],turtlebot2,simulation,robot-pose,x=-26.03;y=15.43;yaw=-1.17
534.266666651,[debug],turtlebot3,simulation,robot-pose,x=-27.19;y=17.83;yaw=-1.54
534.283333302,[debug],turtlebot4,simulation,robot-pose,x=-40.39;y=25.23;yaw=0.33
534.333333254,[debug],turtlebot5,simulation,robot-pose,x=-32.93;y=33.98;yaw=-3.05
534.333333254,[debug],turtlebot2,simulation,robot-pose,x=-26.03;y=15.43;yaw=-1.17
534.333333254,[debug],turtlebot3,simulation,robot-pose,x=-27.19;y=17.83;yaw=-1.54
534.333333254,[debug],turtlebot4,simulation,robot-pose,x=-40.39;y=25.23;yaw=0.33
534.333333254,[debug],turtlebot5,simulation,robot-pose,x=-32.93;y=33.98;yaw=-3.05
548.633333445,[debug],turtlebot1,simulation,robot-pose,x=-11.47;y=17.82;yaw=-1.25
548.633333445,[debug],turtlebot1,simulation,robot-pose,x=-11.47;y=17.82;yaw=-1.25
549.233333349,[debug],turtlebot2,simulation,robot-pose,x=-25.84;y=14.19;yaw=-1.71
549.266666651,[debug],turtlebot3,simulation,robot-pose,x=-27.19;y=17.82;yaw=-1.54
549.283333302,[debug],turtlebot4,simulation,robot-pose,x=-40.39;y=25.23;yaw=0.33
549.333333254,[debug],turtlebot2,simulation,robot-pose,x=-25.84;y=14.19;yaw=-1.71
549.333333254,[debug],turtlebot5,simulation,robot-pose,x=-32.93;y=33.98;yaw=-3.06
549.333333254,[debug],turtlebot3,simulation,robot-pose,x=-27.19;y=17.82;yaw=-1.54
549.333333254,[debug],turtlebot4,simulation,robot-pose,x=-40.39;y=25.23;yaw=0.33
549.349999905,[debug],turtlebot5,simulation,robot-pose,x=-32.93;y=33.98;yaw=-3.06
555.200000048,[info],turtlebot2,skill-life-cycle,navigation,(status=RUNNING, parameters=[[-37.0, 18.93, -1.5707963267948966, True], [-37.0, 16.0, 0.0, True], [-26.0, 16.0, -1.5707963267948966, True], [-26.0, 13.0, 1.57, False]])
563.633333445,[debug],turtlebot1,simulation,robot-pose,x=-11.48;y=17.82;yaw=-1.25
563.633333445,[debug],turtlebot1,simulation,robot-pose,x=-11.48;y=17.82;yaw=-1.25
564.233333349,[debug],turtlebot2,simulation,robot-pose,x=-25.95;y=13.41;yaw=1.82
564.266666651,[debug],turtlebot3,simulation,robot-pose,x=-27.19;y=17.80;yaw=-1.54
564.283333302,[debug],turtlebot4,simulation,robot-pose,x=-40.39;y=25.23;yaw=0.33
564.316666603,[debug],turtlebot2,simulation,robot-pose,x=-25.95;y=13.41;yaw=1.82
564.316666603,[debug],turtlebot3,simulation,robot-pose,x=-27.19;y=17.80;yaw=-1.54
564.316666603,[debug],turtlebot4,simulation,robot-pose,x=-40.39;y=25.23;yaw=0.33
564.333333254,[debug],turtlebot5,simulation,robot-pose,x=-32.93;y=33.98;yaw=-3.06
564.333333254,[debug],turtlebot5,simulation,robot-pose,x=-32.93;y=33.98;yaw=-3.06
565.383333445,[debug],turtlebot2,move-base-info,Hooray, the base moved arrived,(x=-26;y=13)
565.383333445,[debug],turtlebot2,move-base-info,Hooray, the base moved arrived,(x=-26;y=13)
565.633333445,[debug],turtlebot2,task-update,navigation,way-point-reached,100.0%
565.716666698,[debug],turtlebot2,available-skills,['send_message', 'wait_message', 'approach_person', 'approach_robot', 'authenticate_person', 'deposit', 'navigation', 'operate_drawer', 'pick_up'],
565.716666698,[info],turtlebot2,skill-life-cycle,approach_robot,(status=STARTED, parameters=['lab_arm'])
565.783333302,[debug],turtlebot2,task-update,approach_robot,localize-robot,(who=lab_arm)
565.883333445,[debug],turtlebot2,task-update,approach_robot,goto-robot,(who=lab_arm)
565.983333349,[debug],turtlebot2,available-skills,['send_message', 'wait_message', 'approach_person', 'approach_robot', 'authenticate_person', 'deposit', 'navigation', 'operate_drawer', 'pick_up'],
565.983333349,[info],turtlebot2,skill-life-cycle,operate_drawer,(status=STARTED, parameters=['open'])
566.049999952,[debug],turtlebot2,task-update,operate_drawer,open
567.083333254,[debug],turtlebot2,available-skills,['send_message', 'wait_message', 'approach_person', 'approach_robot', 'authenticate_person', 'deposit', 'navigation', 'operate_drawer', 'pick_up'],
567.083333254,[info],turtlebot2,skill-life-cycle,send_message,(status=STARTED, parameters=['lab_arm'])
567.150000095,[info],turtlebot2,sync,send-message,(to=lab_arm)
568.049999952,[info],lab_arm,sync,wait-message,(status=message-received)
568.049999952,[info],lab_arm,sync,wait-message,(status=message-received)
568.049999952,[info],Inventory,sync,wait-sample,(status=sample-received)
568.049999952,[info],Inventory,sync,wait-sample,(status=sample-received)
568.049999952,ENDSIM
568.049999952,ENDSIM
578.049999952,[info],Inventory,sync,wait-sample,(status=sample-received)
578.049999952,[info],Inventory,sync,wait-sample,(status=sample-received)
578.049999952,ENDSIM
578.049999952,ENDSIM
578.049999952,[info],lab_arm,sync,wait-message,(status=message-received)
578.049999952,[info],lab_arm,sync,wait-message,(status=message-received)
578.049999952,[info],Inventory,sync,wait-sample,(status=sample-received)
578.049999952,[info],Inventory,sync,wait-sample,(status=sample-received)
578.049999952,ENDSIM
578.049999952,ENDSIM
578.633333445,[debug],turtlebot1,simulation,robot-pose,x=-11.48;y=17.82;yaw=-1.25
0.0,[debug],simulation closed,reach-target,execution-wall-clock=700.7775695323944
