0.00, [DEBUG], logger, ROBOTS_CONFIG=[{"avg_speed": 0.15, "battery_charge": 0.23995139509475963, "battery_discharge_rate": 0.00068, "id": 1, "local_plan": null, "location": "IC Room 4", "name": "r1", "position": [-39.44, 33.95, 0.0], "skills": ["approach_person", "approach_robot", "navigation", "operate_drawer"]}, {"avg_speed": 0.15, "battery_charge": 0.634952869577942, "battery_discharge_rate": 0.0006000000000000001, "id": 2, "local_plan": [["navigation", ["PC Room 3", [[-21.0, 18.0, -1.57], [-21.0, 16.0], [-28.5, 16.0], [-28.5, 18.0, -1.57]]], "navto_room"], ["approach_person", ["nurse"], "approach_nurse"], ["authenticate_person", ["nurse"], "authenticate_nurse"], ["operate_drawer", ["open"], "open_drawer_for_nurse"], ["send_message", ["nurse"], "notify_nurse_of_open_drawer_for_nurse_completed"], ["wait_message", ["nurse"], "wait_nurse_to_complete_deposit"], ["operate_drawer", ["close"], "close_drawer_nurse"], ["navigation", ["Laboratory", [[-28.5, 18.0, -1.57], [-28.5, 16.0], [-26.0, 16.0], [-26.0, 13.0, 1.57]]], "navto_lab"], ["approach_robot", ["lab_arm"], "approach_arm"], ["operate_drawer", ["open"], "open_drawer_lab"], ["send_message", ["lab_arm"], "notify_lab_arm_of_open_drawer_lab_completed"], ["wait_message", ["lab_arm"], "wait_lab_arm_to_complete_pick_up_sample"], ["operate_drawer", ["close"], "close_drawer_lab"]], "location": "PC Room 5", "name": "r2", "position": [-21.0, 18.0, -1.57], "skills": ["approach_person", "approach_robot", "authenticate_person", "navigation", "operate_drawer"]}, {"avg_speed": 0.15, "battery_charge": 0.08039941318304296, "battery_discharge_rate": 0.0004, "id": 3, "local_plan": null, "location": "IC Room 2", "name": "r3", "position": [-38.0, 21.5, 0.0], "skills": ["approach_person", "approach_robot", "navigation", "operate_drawer"]}, {"avg_speed": 0.15, "battery_charge": 0.17496190705907763, "battery_discharge_rate": 0.00026000000000000003, "id": 4, "local_plan": null, "location": "PC Room 7", "name": "r4", "position": [-13.5, 18.0, -1.57], "skills": ["approach_person", "approach_robot", "authenticate_person", "navigation", "operate_drawer"]}, {"avg_speed": 0.15, "battery_charge": 0.7179616530181877, "battery_discharge_rate": 0.00042, "id": 5, "local_plan": null, "location": "IC Room 6", "name": "r5", "position": [-33.9, 18.93, 3.14], "skills": ["approach_person", "authenticate_person", "navigation", "operate_drawer"]}, {"avg_speed": 0.15, "battery_charge": 0.5408465660492595, "battery_discharge_rate": 0.0005200000000000001, "id": 6, "local_plan": null, "location": "PC Room 4", "name": "r6", "position": [-27.23, 18.0, -1.57], "skills": ["approach_person", "approach_robot", "navigation", "operate_drawer"]}]
0.00, [DEBUG], logger, NURSES_CONFIG=[{"location": "PC Room 3", "position": [-29.5, 19.0, -1.57]}]
0.00, [DEBUG], logger, Simulation open
0.02, [DEBUG], logger, subcribing to in the topic /log
1.50, [DEBUG], None, [debug],turtlebot4,move-base-info,Move_base is up and ok....,
1.70, [DEBUG], None, [debug],turtlebot2,move-base-info,Move_base is up and ok....,
1.82, [DEBUG], None, [debug],turtlebot5,move-base-info,Move_base is up and ok....,
1.83, [DEBUG], None, [debug],turtlebot1,move-base-info,Move_base is up and ok....,
1.85, [DEBUG], None, [debug],turtlebot6,move-base-info,Move_base is up and ok....,
4.07, [DEBUG], None, [debug],turtlebot3,move-base-info,Move_base is up and ok....,
10.62, [DEBUG], turtlebot5, {"param_list": [], "skill": "init_robobt", "skill-life-cycle": "SUCCESS", "label": "init_robobt"}
10.77, [DEBUG], turtlebot1, {"param_list": [], "skill": "init_robobt", "skill-life-cycle": "RUNNING", "label": "init_robobt"}
10.92, [DEBUG], turtlebot2, {"param_list": [], "skill": "init_robobt", "skill-life-cycle": "RUNNING", "label": "init_robobt"}
10.98, [DEBUG], turtlebot6, {"param_list": [], "skill": "init_robobt", "skill-life-cycle": "RUNNING", "label": "init_robobt"}
11.00, [DEBUG], turtlebot4, {"param_list": [], "skill": "init_robobt", "skill-life-cycle": "RUNNING", "label": "init_robobt"}
11.13, [DEBUG], turtlebot3, {"param_list": [], "skill": "init_robobt", "skill-life-cycle": "RUNNING", "label": "init_robobt"}
14.40, [DEBUG], turtlebot1, {"param_list": [], "skill": "init_robobt", "skill-life-cycle": "SUCCESS", "label": "init_robobt"}
14.45, [DEBUG], turtlebot2, {"param_list": [], "skill": "init_robobt", "skill-life-cycle": "SUCCESS", "label": "init_robobt"}
14.45, [DEBUG], turtlebot2, "available-skills=['send_message', 'wait_message', 'approach_person', 'approach_robot', 'authenticate_person', 'navigation', 'operate_drawer']"
14.47, [DEBUG], turtlebot2, {"param_list": ["PC Room 3", [[-21.0, 16.0, 3.141592653589793, true], [-28.5, 16.0, 1.5707963267948966, true], [-28.5, 18.0, -1.57, false]]], "skill": "navigation", "skill-life-cycle": "STARTED", "label": "navto_room"}
14.80, [DEBUG], turtlebot4, {"param_list": [], "skill": "init_robobt", "skill-life-cycle": "SUCCESS", "label": "init_robobt"}
14.83, [DEBUG], turtlebot6, {"param_list": [], "skill": "init_robobt", "skill-life-cycle": "SUCCESS", "label": "init_robobt"}
15.07, [DEBUG], turtlebot3, {"param_list": [], "skill": "init_robobt", "skill-life-cycle": "SUCCESS", "label": "init_robobt"}
22.52, [INFO], turtlebot1, {"y": "33.84", "x": "-39.51", "yaw": "0.46"}
22.52, [INFO], turtlebot1, {"y": "33.84", "x": "-39.51", "yaw": "0.46"}
22.53, [INFO], turtlebot2, {"y": "17.66", "x": "-20.98", "yaw": "-1.51"}
22.53, [INFO], turtlebot2, {"y": "17.66", "x": "-20.98", "yaw": "-1.51"}
22.53, [INFO], turtlebot3, {"y": "21.48", "x": "-38.00", "yaw": "0.01"}
22.53, [INFO], turtlebot3, {"y": "21.48", "x": "-38.00", "yaw": "0.01"}
22.55, [INFO], turtlebot2, {"battery-level": "62.66%"}
22.55, [INFO], turtlebot2, {"battery-level": "62.66%"}
22.55, [INFO], turtlebot4, {"y": "18.00", "x": "-13.50", "yaw": "-1.50"}
22.55, [INFO], turtlebot4, {"y": "18.00", "x": "-13.50", "yaw": "-1.50"}
22.55, [INFO], turtlebot5, {"y": "18.78", "x": "-33.83", "yaw": "2.80"}
22.55, [INFO], turtlebot5, {"y": "18.78", "x": "-33.83", "yaw": "2.80"}
22.57, [INFO], turtlebot6, {"y": "18.02", "x": "-27.23", "yaw": "-1.59"}
22.57, [INFO], turtlebot6, {"y": "18.02", "x": "-27.23", "yaw": "-1.59"}
37.52, [INFO], turtlebot1, {"y": "33.84", "x": "-39.51", "yaw": "0.46"}
37.52, [INFO], turtlebot1, {"y": "33.84", "x": "-39.51", "yaw": "0.46"}
37.53, [INFO], turtlebot2, {"battery-level": "61.82%"}
37.53, [INFO], turtlebot2, {"battery-level": "61.82%"}
37.53, [INFO], turtlebot2, {"y": "16.48", "x": "-20.93", "yaw": "-1.91"}
37.53, [INFO], turtlebot2, {"y": "16.48", "x": "-20.93", "yaw": "-1.91"}
37.53, [INFO], turtlebot3, {"y": "21.48", "x": "-38.00", "yaw": "0.01"}
37.53, [INFO], turtlebot3, {"y": "21.48", "x": "-38.00", "yaw": "0.01"}
37.55, [INFO], turtlebot4, {"y": "18.00", "x": "-13.49", "yaw": "-1.49"}
37.55, [INFO], turtlebot4, {"y": "18.00", "x": "-13.49", "yaw": "-1.49"}
37.55, [INFO], turtlebot5, {"y": "18.78", "x": "-33.84", "yaw": "2.82"}
37.55, [INFO], turtlebot5, {"y": "18.78", "x": "-33.84", "yaw": "2.82"}
37.57, [INFO], turtlebot6, {"y": "18.02", "x": "-27.22", "yaw": "-1.59"}
37.57, [INFO], turtlebot6, {"y": "18.02", "x": "-27.22", "yaw": "-1.59"}
41.05, [DEBUG], None, [debug],turtlebot2,move-base-info,Hooray, the base moved arrived,(x=-21;y=16)
41.05, [DEBUG], None, [debug],turtlebot2,move-base-info,Hooray, the base moved arrived,(x=-21;y=16)
41.08, [DEBUG], turtlebot2, {"status": "way-point-reached", "skill": "navigation", "percentage": "33.33%", "goingto": "PC Room 3"}
52.52, [INFO], turtlebot1, {"y": "33.84", "x": "-39.51", "yaw": "0.46"}
52.52, [INFO], turtlebot1, {"y": "33.84", "x": "-39.51", "yaw": "0.46"}
52.53, [INFO], turtlebot2, {"battery-level": "60.92%"}
52.53, [INFO], turtlebot2, {"battery-level": "60.92%"}
52.53, [INFO], turtlebot3, {"y": "21.48", "x": "-38.00", "yaw": "0.01"}
52.53, [INFO], turtlebot3, {"y": "21.48", "x": "-38.00", "yaw": "0.01"}
52.55, [INFO], turtlebot2, {"y": "16.06", "x": "-21.62", "yaw": "-2.68"}
52.55, [INFO], turtlebot2, {"y": "16.06", "x": "-21.62", "yaw": "-2.68"}
52.55, [INFO], turtlebot4, {"y": "18.00", "x": "-13.49", "yaw": "-1.48"}
52.55, [INFO], turtlebot4, {"y": "18.00", "x": "-13.49", "yaw": "-1.48"}
52.57, [INFO], turtlebot5, {"y": "18.78", "x": "-33.85", "yaw": "2.84"}
52.57, [INFO], turtlebot5, {"y": "18.78", "x": "-33.85", "yaw": "2.84"}
52.57, [INFO], turtlebot6, {"y": "18.03", "x": "-27.22", "yaw": "-1.58"}
52.57, [INFO], turtlebot6, {"y": "18.03", "x": "-27.22", "yaw": "-1.58"}
54.00, [DEBUG], turtlebot2, {"param_list": ["PC Room 3", [[-21.0, 16.0, 3.141592653589793, true], [-28.5, 16.0, 1.5707963267948966, true], [-28.5, 18.0, -1.57, false]]], "skill": "navigation", "skill-life-cycle": "RUNNING", "label": "navto_room"}
67.52, [INFO], turtlebot1, {"y": "33.84", "x": "-39.51", "yaw": "0.46"}
67.52, [INFO], turtlebot1, {"y": "33.84", "x": "-39.51", "yaw": "0.46"}
67.53, [INFO], turtlebot2, {"y": "15.95", "x": "-23.98", "yaw": "-3.09"}
67.53, [INFO], turtlebot2, {"y": "15.95", "x": "-23.98", "yaw": "-3.09"}
67.53, [INFO], turtlebot2, {"battery-level": "60.02%"}
67.53, [INFO], turtlebot3, {"y": "21.48", "x": "-38.00", "yaw": "0.01"}
67.55, [INFO], turtlebot2, {"battery-level": "60.02%"}
67.55, [INFO], turtlebot4, {"y": "18.00", "x": "-13.49", "yaw": "-1.47"}
67.55, [INFO], turtlebot3, {"y": "21.48", "x": "-38.00", "yaw": "0.01"}
67.57, [INFO], turtlebot4, {"y": "18.00", "x": "-13.49", "yaw": "-1.47"}
67.57, [INFO], turtlebot5, {"y": "18.78", "x": "-33.85", "yaw": "2.85"}
67.57, [INFO], turtlebot5, {"y": "18.78", "x": "-33.85", "yaw": "2.85"}
67.58, [INFO], turtlebot6, {"y": "18.03", "x": "-27.22", "yaw": "-1.58"}
67.58, [INFO], turtlebot6, {"y": "18.03", "x": "-27.22", "yaw": "-1.58"}
82.52, [INFO], turtlebot1, {"y": "33.84", "x": "-39.51", "yaw": "0.46"}
82.52, [INFO], turtlebot1, {"y": "33.84", "x": "-39.51", "yaw": "0.46"}
82.53, [INFO], turtlebot2, {"y": "15.90", "x": "-26.43", "yaw": "2.95"}
82.53, [INFO], turtlebot2, {"y": "15.90", "x": "-26.43", "yaw": "2.95"}
82.55, [INFO], turtlebot2, {"battery-level": "59.12%"}
82.55, [INFO], turtlebot2, {"battery-level": "59.12%"}
82.55, [INFO], turtlebot3, {"y": "21.48", "x": "-38.00", "yaw": "0.01"}
82.55, [INFO], turtlebot3, {"y": "21.48", "x": "-38.00", "yaw": "0.01"}
82.55, [INFO], turtlebot4, {"y": "17.99", "x": "-13.49", "yaw": "-1.45"}
82.55, [INFO], turtlebot4, {"y": "17.99", "x": "-13.49", "yaw": "-1.45"}
82.57, [INFO], turtlebot5, {"y": "18.78", "x": "-33.85", "yaw": "2.87"}
82.57, [INFO], turtlebot5, {"y": "18.78", "x": "-33.85", "yaw": "2.87"}
82.57, [INFO], turtlebot6, {"y": "18.03", "x": "-27.22", "yaw": "-1.58"}
82.57, [INFO], turtlebot6, {"y": "18.03", "x": "-27.22", "yaw": "-1.58"}
96.20, [DEBUG], None, [debug],turtlebot2,move-base-info,Hooray, the base moved arrived,(x=-28.5;y=16)
96.20, [DEBUG], None, [debug],turtlebot2,move-base-info,Hooray, the base moved arrived,(x=-28.5;y=16)
96.33, [DEBUG], turtlebot2, {"status": "way-point-reached", "skill": "navigation", "percentage": "66.67%", "goingto": "PC Room 3"}
96.78, [DEBUG], turtlebot2, {"param_list": ["PC Room 3", [[-21.0, 16.0, 3.141592653589793, true], [-28.5, 16.0, 1.5707963267948966, true], [-28.5, 18.0, -1.57, false]]], "skill": "navigation", "skill-life-cycle": "RUNNING", "label": "navto_room"}
97.52, [INFO], turtlebot1, {"y": "33.84", "x": "-39.51", "yaw": "0.46"}
97.52, [INFO], turtlebot1, {"y": "33.84", "x": "-39.51", "yaw": "0.46"}
97.53, [INFO], turtlebot2, {"battery-level": "58.16%"}
97.53, [INFO], turtlebot2, {"battery-level": "58.16%"}
97.53, [INFO], turtlebot2, {"y": "16.39", "x": "-28.31", "yaw": "1.62"}
97.53, [INFO], turtlebot2, {"y": "16.39", "x": "-28.31", "yaw": "1.62"}
97.55, [INFO], turtlebot3, {"y": "21.48", "x": "-38.00", "yaw": "0.01"}
97.55, [INFO], turtlebot3, {"y": "21.48", "x": "-38.00", "yaw": "0.01"}
97.55, [INFO], turtlebot4, {"y": "17.99", "x": "-13.49", "yaw": "-1.44"}
97.55, [INFO], turtlebot4, {"y": "17.99", "x": "-13.49", "yaw": "-1.44"}
97.57, [INFO], turtlebot5, {"y": "18.78", "x": "-33.85", "yaw": "2.88"}
97.57, [INFO], turtlebot5, {"y": "18.78", "x": "-33.85", "yaw": "2.88"}
97.57, [INFO], turtlebot6, {"y": "18.03", "x": "-27.22", "yaw": "-1.58"}
97.57, [INFO], turtlebot6, {"y": "18.03", "x": "-27.22", "yaw": "-1.58"}
111.47, [DEBUG], None, [debug],turtlebot2,move-base-info,Hooray, the base moved arrived,(x=-28.5;y=18)
111.47, [DEBUG], None, [debug],turtlebot2,move-base-info,Hooray, the base moved arrived,(x=-28.5;y=18)
111.58, [DEBUG], turtlebot2, {"status": "way-point-reached", "skill": "navigation", "percentage": "100.00%", "goingto": "PC Room 3"}
111.67, [DEBUG], turtlebot2, {"param_list": ["PC Room 3", [[-21.0, 16.0, 3.141592653589793, true], [-28.5, 16.0, 1.5707963267948966, true], [-28.5, 18.0, -1.57, false]]], "skill": "navigation", "skill-life-cycle": "SUCCESS", "label": "navto_room"}
111.67, [DEBUG], turtlebot2, "available-skills=['send_message', 'wait_message', 'approach_person', 'approach_robot', 'authenticate_person', 'navigation', 'operate_drawer']"
111.68, [DEBUG], turtlebot2, {"param_list": ["nurse"], "skill": "approach_person", "skill-life-cycle": "STARTED", "label": "approach_nurse"}
111.78, [DEBUG], turtlebot2, {"status": "localize-person", "skill": "approach-person", "who": "nurse"}
112.02, [DEBUG], turtlebot2, {"status": "goto-person", "skill": "approach-person", "who": "nurse"}
112.08, [DEBUG], turtlebot2, {"param_list": ["nurse"], "skill": "approach_person", "skill-life-cycle": "SUCCESS", "label": "approach_nurse"}
112.08, [DEBUG], turtlebot2, "available-skills=['send_message', 'wait_message', 'approach_person', 'approach_robot', 'authenticate_person', 'navigation', 'operate_drawer']"
112.08, [DEBUG], turtlebot2, {"param_list": ["nurse"], "skill": "authenticate_person", "skill-life-cycle": "STARTED", "label": "authenticate_nurse"}
112.12, [DEBUG], turtlebot2, {"status": "request-authentication", "to": "nurse", "skill": "authenticate-person"}
112.12, [INFO], nurse, {"status": "message-received", "skill": "athentication-request"}
112.13, [INFO], nurse, {"status": "message-received", "skill": "athentication-request"}
112.48, [DEBUG], turtlebot2, {"status": "received-authentication", "skill": "authenticate-person", "from": "nurse"}
112.52, [INFO], turtlebot1, {"y": "33.84", "x": "-39.51", "yaw": "0.46"}
112.52, [INFO], turtlebot1, {"y": "33.84", "x": "-39.51", "yaw": "0.46"}
112.53, [INFO], turtlebot3, {"y": "21.48", "x": "-38.00", "yaw": "0.01"}
112.53, [INFO], turtlebot2, {"y": "17.61", "x": "-28.41", "yaw": "-1.62"}
112.53, [INFO], turtlebot3, {"y": "21.48", "x": "-38.00", "yaw": "0.01"}
112.53, [INFO], turtlebot2, {"battery-level": "57.26%"}
112.53, [INFO], turtlebot2, {"y": "17.61", "x": "-28.41", "yaw": "-1.62"}
112.55, [INFO], turtlebot2, {"battery-level": "57.26%"}
112.55, [INFO], turtlebot5, {"y": "18.79", "x": "-33.86", "yaw": "2.90"}
112.55, [INFO], turtlebot5, {"y": "18.79", "x": "-33.86", "yaw": "2.90"}
112.55, [INFO], turtlebot4, {"y": "17.99", "x": "-13.49", "yaw": "-1.42"}
112.55, [INFO], turtlebot4, {"y": "17.99", "x": "-13.49", "yaw": "-1.42"}
112.57, [DEBUG], turtlebot2, {"param_list": ["nurse"], "skill": "authenticate_person", "skill-life-cycle": "SUCCESS", "label": "authenticate_nurse"}
112.57, [DEBUG], turtlebot2, "available-skills=['send_message', 'wait_message', 'approach_person', 'approach_robot', 'authenticate_person', 'navigation', 'operate_drawer']"
112.57, [INFO], turtlebot6, {"y": "18.03", "x": "-27.22", "yaw": "-1.58"}
112.57, [DEBUG], turtlebot2, {"param_list": ["open"], "skill": "operate_drawer", "skill-life-cycle": "STARTED", "label": "open_drawer_for_nurse"}
112.57, [INFO], turtlebot6, {"y": "18.03", "x": "-27.22", "yaw": "-1.58"}
112.62, [DEBUG], turtlebot2, {"status": "task-update", "action": "open", "skill": "operate-drawer"}
113.48, [DEBUG], turtlebot2, {"param_list": ["open"], "skill": "operate_drawer", "skill-life-cycle": "SUCCESS", "label": "open_drawer_for_nurse"}
113.48, [DEBUG], turtlebot2, "available-skills=['send_message', 'wait_message', 'approach_person', 'approach_robot', 'authenticate_person', 'navigation', 'operate_drawer']"
113.50, [DEBUG], turtlebot2, {"param_list": ["nurse"], "skill": "send_message", "skill-life-cycle": "STARTED", "label": "notify_nurse_of_open_drawer_for_nurse_completed"}
113.57, [INFO], turtlebot2, {"to": "nurse", "skill": "send-message"}
114.33, [INFO], nurse, {"status": "message-received", "skill": "wait-message"}
114.42, [INFO], nurse, {"status": "message-received", "skill": "wait-message"}
116.67, [DEBUG], turtlebot2, {"param_list": ["nurse"], "skill": "send_message", "skill-life-cycle": "SUCCESS", "label": "notify_nurse_of_open_drawer_for_nurse_completed"}
116.67, [DEBUG], turtlebot2, "available-skills=['send_message', 'wait_message', 'approach_person', 'approach_robot', 'authenticate_person', 'navigation', 'operate_drawer']"
116.67, [DEBUG], turtlebot2, {"param_list": ["nurse"], "skill": "wait_message", "skill-life-cycle": "STARTED", "label": "wait_nurse_to_complete_deposit"}
118.48, [INFO], turtlebot2, {"status": "message-received", "skill": "wait-message"}
118.57, [DEBUG], turtlebot2, {"param_list": ["nurse"], "skill": "wait_message", "skill-life-cycle": "SUCCESS", "label": "wait_nurse_to_complete_deposit"}
118.57, [DEBUG], turtlebot2, "available-skills=['send_message', 'wait_message', 'approach_person', 'approach_robot', 'authenticate_person', 'navigation', 'operate_drawer']"
118.57, [DEBUG], turtlebot2, {"param_list": ["close"], "skill": "operate_drawer", "skill-life-cycle": "STARTED", "label": "close_drawer_nurse"}
118.63, [DEBUG], turtlebot2, {"status": "task-update", "action": "close", "skill": "operate-drawer"}
119.48, [DEBUG], turtlebot2, {"param_list": ["close"], "skill": "operate_drawer", "skill-life-cycle": "SUCCESS", "label": "close_drawer_nurse"}
119.48, [DEBUG], turtlebot2, "available-skills=['send_message', 'wait_message', 'approach_person', 'approach_robot', 'authenticate_person', 'navigation', 'operate_drawer']"
119.48, [DEBUG], turtlebot2, {"param_list": ["Laboratory", [[-28.5, 16.0, 0.0, true], [-26.0, 16.0, -1.5707963267948966, true], [-26.0, 13.0, 1.57, false]]], "skill": "navigation", "skill-life-cycle": "STARTED", "label": "navto_lab"}
124.33, [INFO], nurse, {"status": "message-received", "skill": "wait-message"}
124.42, [INFO], nurse, {"status": "message-received", "skill": "wait-message"}
127.52, [INFO], turtlebot1, {"y": "33.84", "x": "-39.51", "yaw": "0.46"}
127.52, [INFO], turtlebot1, {"y": "33.84", "x": "-39.51", "yaw": "0.46"}
127.53, [INFO], turtlebot3, {"y": "21.48", "x": "-38.00", "yaw": "0.01"}
127.53, [INFO], turtlebot3, {"y": "21.48", "x": "-38.00", "yaw": "0.01"}
127.53, [INFO], turtlebot2, {"battery-level": "56.42%"}
127.55, [INFO], turtlebot2, {"battery-level": "56.42%"}
127.55, [INFO], turtlebot2, {"y": "17.29", "x": "-28.48", "yaw": "-1.81"}
127.55, [INFO], turtlebot2, {"y": "17.29", "x": "-28.48", "yaw": "-1.81"}
127.55, [INFO], turtlebot5, {"y": "18.79", "x": "-33.86", "yaw": "2.93"}
127.55, [INFO], turtlebot5, {"y": "18.79", "x": "-33.86", "yaw": "2.93"}
127.55, [INFO], turtlebot4, {"y": "17.99", "x": "-13.49", "yaw": "-1.40"}
127.57, [INFO], turtlebot4, {"y": "17.99", "x": "-13.49", "yaw": "-1.40"}
127.57, [INFO], turtlebot6, {"y": "18.03", "x": "-27.22", "yaw": "-1.58"}
127.57, [INFO], turtlebot6, {"y": "18.03", "x": "-27.22", "yaw": "-1.58"}
132.12, [INFO], nurse, {"status": "waiting", "skill": "athentication-sent"}
132.12, [INFO], nurse, {"status": "waiting", "skill": "athentication-sent"}
134.33, [INFO], nurse, {"status": "message-received", "skill": "wait-message"}
134.43, [INFO], nurse, {"status": "message-received", "skill": "wait-message"}
141.10, [DEBUG], None, [debug],turtlebot2,move-base-info,Hooray, the base moved arrived,(x=-28.5;y=16)
141.10, [DEBUG], None, [debug],turtlebot2,move-base-info,Hooray, the base moved arrived,(x=-28.5;y=16)
141.10, [DEBUG], turtlebot2, {"status": "way-point-reached", "skill": "navigation", "percentage": "33.33%", "goingto": "Laboratory"}
142.15, [DEBUG], turtlebot2, {"param_list": ["Laboratory", [[-28.5, 16.0, 0.0, true], [-26.0, 16.0, -1.5707963267948966, true], [-26.0, 13.0, 1.57, false]]], "skill": "navigation", "skill-life-cycle": "RUNNING", "label": "navto_lab"}
142.52, [INFO], turtlebot1, {"y": "33.84", "x": "-39.51", "yaw": "0.46"}
142.52, [INFO], turtlebot1, {"y": "33.84", "x": "-39.51", "yaw": "0.46"}
142.53, [INFO], turtlebot2, {"battery-level": "55.52%"}
142.53, [INFO], turtlebot2, {"battery-level": "55.52%"}
142.53, [INFO], turtlebot2, {"y": "16.45", "x": "-28.59", "yaw": "-0.05"}
142.55, [INFO], turtlebot3, {"y": "21.48", "x": "-38.00", "yaw": "0.01"}
142.55, [INFO], turtlebot2, {"y": "16.45", "x": "-28.59", "yaw": "-0.05"}
142.55, [INFO], turtlebot3, {"y": "21.48", "x": "-38.00", "yaw": "0.01"}
142.55, [INFO], turtlebot5, {"y": "18.79", "x": "-33.87", "yaw": "2.95"}
142.55, [INFO], turtlebot5, {"y": "18.79", "x": "-33.87", "yaw": "2.95"}
142.57, [INFO], turtlebot4, {"y": "17.98", "x": "-13.49", "yaw": "-1.38"}
142.57, [INFO], turtlebot4, {"y": "17.98", "x": "-13.49", "yaw": "-1.38"}
142.57, [INFO], turtlebot6, {"y": "18.03", "x": "-27.22", "yaw": "-1.58"}
142.57, [INFO], turtlebot6, {"y": "18.03", "x": "-27.22", "yaw": "-1.58"}
144.33, [INFO], nurse, {"status": "message-received", "skill": "wait-message"}
144.38, [INFO], nurse, {"status": "message-received", "skill": "wait-message"}
157.52, [INFO], turtlebot1, {"y": "33.84", "x": "-39.50", "yaw": "0.46"}
157.52, [INFO], turtlebot1, {"y": "33.84", "x": "-39.50", "yaw": "0.46"}
157.53, [INFO], turtlebot3, {"y": "21.48", "x": "-38.00", "yaw": "0.01"}
157.53, [INFO], turtlebot2, {"y": "16.09", "x": "-26.99", "yaw": "0.31"}
157.53, [INFO], turtlebot2, {"battery-level": "54.56%"}
157.53, [INFO], turtlebot3, {"y": "21.48", "x": "-38.00", "yaw": "0.01"}
157.53, [INFO], turtlebot2, {"y": "16.09", "x": "-26.99", "yaw": "0.31"}
157.55, [INFO], turtlebot2, {"battery-level": "54.56%"}
157.55, [INFO], turtlebot4, {"y": "17.98", "x": "-13.48", "yaw": "-1.36"}
157.55, [INFO], turtlebot4, {"y": "17.98", "x": "-13.48", "yaw": "-1.36"}
157.57, [INFO], turtlebot5, {"y": "18.79", "x": "-33.87", "yaw": "2.98"}
157.57, [INFO], turtlebot5, {"y": "18.79", "x": "-33.87", "yaw": "2.98"}
157.57, [INFO], turtlebot6, {"y": "18.03", "x": "-27.22", "yaw": "-1.57"}
157.57, [INFO], turtlebot6, {"y": "18.03", "x": "-27.22", "yaw": "-1.57"}
165.88, [DEBUG], None, [debug],turtlebot2,move-base-info,Hooray, the base moved arrived,(x=-26;y=16)
165.88, [DEBUG], None, [debug],turtlebot2,move-base-info,Hooray, the base moved arrived,(x=-26;y=16)
166.05, [DEBUG], turtlebot2, {"status": "way-point-reached", "skill": "navigation", "percentage": "66.67%", "goingto": "Laboratory"}
172.52, [INFO], turtlebot1, {"y": "33.84", "x": "-39.50", "yaw": "0.46"}
172.52, [INFO], turtlebot1, {"y": "33.84", "x": "-39.50", "yaw": "0.46"}
172.53, [INFO], turtlebot3, {"y": "21.48", "x": "-38.00", "yaw": "0.01"}
172.53, [INFO], turtlebot3, {"y": "21.48", "x": "-38.00", "yaw": "0.01"}
172.53, [INFO], turtlebot2, {"y": "16.11", "x": "-26.32", "yaw": "-1.17"}
172.53, [INFO], turtlebot2, {"y": "16.11", "x": "-26.32", "yaw": "-1.17"}
172.55, [INFO], turtlebot2, {"battery-level": "53.66%"}
172.55, [INFO], turtlebot2, {"battery-level": "53.66%"}
172.55, [INFO], turtlebot5, {"y": "18.79", "x": "-33.88", "yaw": "3.00"}
172.55, [INFO], turtlebot5, {"y": "18.79", "x": "-33.88", "yaw": "3.00"}
172.55, [INFO], turtlebot4, {"y": "17.97", "x": "-13.48", "yaw": "-1.34"}
172.57, [INFO], turtlebot4, {"y": "17.97", "x": "-13.48", "yaw": "-1.34"}
172.57, [INFO], turtlebot6, {"y": "18.03", "x": "-27.22", "yaw": "-1.57"}
172.57, [INFO], turtlebot6, {"y": "18.03", "x": "-27.22", "yaw": "-1.57"}
185.20, [DEBUG], turtlebot2, {"param_list": ["Laboratory", [[-28.5, 16.0, 0.0, true], [-26.0, 16.0, -1.5707963267948966, true], [-26.0, 13.0, 1.57, false]]], "skill": "navigation", "skill-life-cycle": "RUNNING", "label": "navto_lab"}
187.52, [INFO], turtlebot1, {"y": "33.84", "x": "-39.50", "yaw": "0.46"}
187.52, [INFO], turtlebot1, {"y": "33.84", "x": "-39.50", "yaw": "0.46"}
187.53, [INFO], turtlebot3, {"y": "21.48", "x": "-38.00", "yaw": "0.01"}
187.53, [INFO], turtlebot3, {"y": "21.48", "x": "-38.00", "yaw": "0.01"}
187.53, [INFO], turtlebot2, {"battery-level": "52.76%"}
187.53, [INFO], turtlebot2, {"battery-level": "52.76%"}
187.55, [INFO], turtlebot2, {"y": "14.91", "x": "-25.83", "yaw": "-1.32"}
187.55, [INFO], turtlebot2, {"y": "14.91", "x": "-25.83", "yaw": "-1.32"}
187.55, [INFO], turtlebot4, {"y": "17.97", "x": "-13.48", "yaw": "-1.32"}
187.55, [INFO], turtlebot4, {"y": "17.97", "x": "-13.48", "yaw": "-1.32"}
187.57, [INFO], turtlebot5, {"y": "18.79", "x": "-33.88", "yaw": "3.00"}
187.57, [INFO], turtlebot5, {"y": "18.79", "x": "-33.88", "yaw": "3.00"}
187.57, [INFO], turtlebot6, {"y": "18.03", "x": "-27.22", "yaw": "-1.57"}
187.57, [INFO], turtlebot6, {"y": "18.03", "x": "-27.22", "yaw": "-1.57"}
202.52, [INFO], turtlebot1, {"y": "33.84", "x": "-39.50", "yaw": "0.46"}
202.52, [INFO], turtlebot1, {"y": "33.84", "x": "-39.50", "yaw": "0.46"}
202.53, [INFO], turtlebot2, {"y": "13.66", "x": "-25.89", "yaw": "-1.70"}
202.53, [INFO], turtlebot2, {"y": "13.66", "x": "-25.89", "yaw": "-1.70"}
202.53, [INFO], turtlebot2, {"battery-level": "51.92%"}
202.53, [INFO], turtlebot3, {"y": "21.48", "x": "-38.02", "yaw": "0.03"}
202.53, [INFO], turtlebot2, {"battery-level": "51.92%"}
202.55, [INFO], turtlebot3, {"y": "21.48", "x": "-38.02", "yaw": "0.03"}
202.55, [INFO], turtlebot5, {"y": "18.79", "x": "-33.88", "yaw": "3.01"}
202.55, [INFO], turtlebot5, {"y": "18.79", "x": "-33.88", "yaw": "3.01"}
202.55, [INFO], turtlebot4, {"y": "17.97", "x": "-13.47", "yaw": "-1.30"}
202.57, [INFO], turtlebot4, {"y": "17.97", "x": "-13.47", "yaw": "-1.30"}
202.57, [INFO], turtlebot6, {"y": "18.03", "x": "-27.22", "yaw": "-1.57"}
202.57, [INFO], turtlebot6, {"y": "18.03", "x": "-27.22", "yaw": "-1.57"}
212.10, [DEBUG], None, [debug],turtlebot2,move-base-info,Hooray, the base moved arrived,(x=-26;y=13)
212.10, [DEBUG], None, [debug],turtlebot2,move-base-info,Hooray, the base moved arrived,(x=-26;y=13)
212.20, [DEBUG], turtlebot2, {"status": "way-point-reached", "skill": "navigation", "percentage": "100.00%", "goingto": "Laboratory"}
212.28, [DEBUG], turtlebot2, {"param_list": ["Laboratory", [[-28.5, 16.0, 0.0, true], [-26.0, 16.0, -1.5707963267948966, true], [-26.0, 13.0, 1.57, false]]], "skill": "navigation", "skill-life-cycle": "SUCCESS", "label": "navto_lab"}
212.28, [DEBUG], turtlebot2, "available-skills=['send_message', 'wait_message', 'approach_person', 'approach_robot', 'authenticate_person', 'navigation', 'operate_drawer']"
212.28, [DEBUG], turtlebot2, {"param_list": ["lab_arm"], "skill": "approach_robot", "skill-life-cycle": "STARTED", "label": "approach_arm"}
212.42, [DEBUG], turtlebot2, {"status": "localize-robot", "skill": "=approach-robot", "who": "lab_arm"}
212.88, [DEBUG], turtlebot2, {"status": "goto-robot", "skill": "approach-robot", "who": "lab_arm"}
212.97, [DEBUG], turtlebot2, {"param_list": ["lab_arm"], "skill": "approach_robot", "skill-life-cycle": "SUCCESS", "label": "approach_arm"}
212.97, [DEBUG], turtlebot2, "available-skills=['send_message', 'wait_message', 'approach_person', 'approach_robot', 'authenticate_person', 'navigation', 'operate_drawer']"
212.97, [DEBUG], turtlebot2, {"param_list": ["open"], "skill": "operate_drawer", "skill-life-cycle": "STARTED", "label": "open_drawer_lab"}
213.05, [DEBUG], turtlebot2, {"status": "task-update", "action": "open", "skill": "operate-drawer"}
213.88, [DEBUG], turtlebot2, {"param_list": ["open"], "skill": "operate_drawer", "skill-life-cycle": "SUCCESS", "label": "open_drawer_lab"}
213.88, [DEBUG], turtlebot2, "available-skills=['send_message', 'wait_message', 'approach_person', 'approach_robot', 'authenticate_person', 'navigation', 'operate_drawer']"
213.88, [DEBUG], turtlebot2, {"param_list": ["lab_arm"], "skill": "send_message", "skill-life-cycle": "STARTED", "label": "notify_lab_arm_of_open_drawer_lab_completed"}
213.97, [INFO], turtlebot2, {"to": "lab_arm", "skill": "send-message"}
214.68, [INFO], lab_arm, {"status": "sample-received", "skill": "wait-sample"}
214.68, [INFO], lab_arm, {"status": "sample-received", "skill": "wait-sample"}
214.68, [INFO], nurse, {"status": "sample-received", "skill": "wait-sample"}
214.68, [INFO], nurse, {"status": "sample-received", "skill": "wait-sample"}
214.70, [DEBUG], None, ENDSIM
214.70, [DEBUG], None, end!
