0.00, [DEBUG], logger, ROBOTS_CONFIG=[{"avg_speed": 0.15, "battery_charge": 0.5914703710515797, "battery_discharge_rate": 0.0006600000000000001, "id": 1, "local_plan": null, "location": "IC Room 4", "name": "r1", "position": [-39.44, 33.95, 0.0], "skills": ["approach_person", "approach_robot", "authenticate_person", "navigation", "operate_drawer"]}, {"avg_speed": 0.15, "battery_charge": 0.8344531419634984, "battery_discharge_rate": 0.00026000000000000003, "id": 2, "local_plan": null, "location": "PC Room 5", "name": "r2", "position": [-21.0, 18.0, -1.57], "skills": ["approach_person", "approach_robot", "authenticate_person", "navigation", "operate_drawer"]}, {"avg_speed": 0.15, "battery_charge": 0.462681764358839, "battery_discharge_rate": 0.00064, "id": 3, "local_plan": null, "location": "IC Room 2", "name": "r3", "position": [-38.0, 21.5, 0.0], "skills": ["approach_person", "approach_robot", "authenticate_person", "navigation", "operate_drawer"]}, {"avg_speed": 0.15, "battery_charge": 0.6520875066754872, "battery_discharge_rate": 0.0005600000000000001, "id": 4, "local_plan": null, "location": "PC Room 7", "name": "r4", "position": [-13.5, 18.0, -1.57], "skills": ["approach_person", "approach_robot", "authenticate_person", "navigation", "operate_drawer"]}, {"avg_speed": 0.15, "battery_charge": 0.2817995261312799, "battery_discharge_rate": 0.00076, "id": 5, "local_plan": null, "location": "IC Room 6", "name": "r5", "position": [-33.9, 18.93, 3.14], "skills": ["approach_person", "approach_robot", "authenticate_person", "navigation", "operate_drawer"]}, {"avg_speed": 0.15, "battery_charge": 0.5080169438370433, "battery_discharge_rate": 0.00038, "id": 6, "local_plan": [["navigation", ["PC Room 3", [[-27.23, 18.0, -1.57], [-27.23, 16.0], [-28.5, 16.0], [-28.5, 18.0, -1.57]]], "navto_room"], ["approach_person", ["nurse"], "approach_nurse"], ["authenticate_person", ["nurse"], "authenticate_nurse"], ["operate_drawer", ["open"], "open_drawer_for_nurse"], ["send_message", ["nurse"], "notify_nurse_of_open_drawer_for_nurse_completed"], ["wait_message", ["nurse"], "wait_nurse_to_complete_deposit"], ["operate_drawer", ["close"], "close_drawer_nurse"], ["navigation", ["Laboratory", [[-28.5, 18.0, -1.57], [-28.5, 16.0], [-26.0, 16.0], [-26.0, 13.0, 1.57]]], "navto_lab"], ["approach_robot", ["lab_arm"], "approach_arm"], ["operate_drawer", ["open"], "open_drawer_lab"], ["send_message", ["lab_arm"], "notify_lab_arm_of_open_drawer_lab_completed"], ["wait_message", ["lab_arm"], "wait_lab_arm_to_complete_pick_up_sample"], ["operate_drawer", ["close"], "close_drawer_lab"]], "location": "PC Room 4", "name": "r6", "position": [-27.23, 18.0, -1.57], "skills": ["approach_person", "approach_robot", "authenticate_person", "navigation", "operate_drawer"]}]
0.00, [DEBUG], logger, NURSES_CONFIG=[{"location": "PC Room 3", "position": [-29.5, 19.0, -1.57]}]
0.00, [DEBUG], logger, Simulation open
0.00, [DEBUG], logger, subcribing to in the topic /log
6.05, [DEBUG], None, [debug],turtlebot3,move-base-info,Move_base is up and ok....,
6.07, [DEBUG], None, [debug],turtlebot5,move-base-info,Move_base is up and ok....,
6.07, [DEBUG], None, [debug],turtlebot2,move-base-info,Move_base is up and ok....,
6.13, [DEBUG], None, [debug],turtlebot4,move-base-info,Move_base is up and ok....,
6.15, [DEBUG], None, [debug],turtlebot1,move-base-info,Move_base is up and ok....,
6.27, [DEBUG], None, [debug],turtlebot6,move-base-info,Move_base is up and ok....,
7.53, [DEBUG], turtlebot6, {"param_list": [], "skill": "init_robobt", "skill-life-cycle": "RUNNING", "label": "init_robobt"}
7.85, [DEBUG], turtlebot6, {"param_list": [], "skill": "init_robobt", "skill-life-cycle": "SUCCESS", "label": "init_robobt"}
7.87, [DEBUG], turtlebot6, "available-skills=['send_message', 'wait_message', 'approach_person', 'approach_robot', 'authenticate_person', 'navigation', 'operate_drawer']"
7.87, [DEBUG], turtlebot6, {"param_list": ["PC Room 3", [[-27.23, 16.0, 3.141592653589793, true], [-28.5, 16.0, 1.5707963267948966, true], [-28.5, 18.0, -1.57, false]]], "skill": "navigation", "skill-life-cycle": "STARTED", "label": "navto_room"}
7.90, [DEBUG], turtlebot2, {"param_list": [], "skill": "init_robobt", "skill-life-cycle": "RUNNING", "label": "init_robobt"}
8.77, [DEBUG], turtlebot1, {"param_list": [], "skill": "init_robobt", "skill-life-cycle": "RUNNING", "label": "init_robobt"}
8.78, [DEBUG], turtlebot5, {"param_list": [], "skill": "init_robobt", "skill-life-cycle": "RUNNING", "label": "init_robobt"}
8.83, [DEBUG], turtlebot3, {"param_list": [], "skill": "init_robobt", "skill-life-cycle": "RUNNING", "label": "init_robobt"}
10.20, [DEBUG], turtlebot4, {"param_list": [], "skill": "init_robobt", "skill-life-cycle": "RUNNING", "label": "init_robobt"}
11.30, [DEBUG], turtlebot2, {"param_list": [], "skill": "init_robobt", "skill-life-cycle": "SUCCESS", "label": "init_robobt"}
11.30, [DEBUG], turtlebot5, {"param_list": [], "skill": "init_robobt", "skill-life-cycle": "SUCCESS", "label": "init_robobt"}
11.33, [DEBUG], turtlebot1, {"param_list": [], "skill": "init_robobt", "skill-life-cycle": "SUCCESS", "label": "init_robobt"}
12.02, [DEBUG], turtlebot3, {"param_list": [], "skill": "init_robobt", "skill-life-cycle": "SUCCESS", "label": "init_robobt"}
14.33, [DEBUG], turtlebot4, {"param_list": [], "skill": "init_robobt", "skill-life-cycle": "SUCCESS", "label": "init_robobt"}
21.12, [INFO], turtlebot5, {"y": "18.79", "x": "-33.83", "yaw": "2.80"}
21.12, [INFO], turtlebot5, {"y": "18.79", "x": "-33.83", "yaw": "2.80"}
21.13, [INFO], turtlebot6, {"y": "17.27", "x": "-27.17", "yaw": "-1.57"}
21.13, [INFO], turtlebot6, {"y": "17.27", "x": "-27.17", "yaw": "-1.57"}
21.15, [INFO], turtlebot2, {"y": "18.00", "x": "-20.99", "yaw": "-1.54"}
21.15, [INFO], turtlebot2, {"y": "18.00", "x": "-20.99", "yaw": "-1.54"}
21.15, [INFO], turtlebot4, {"y": "18.00", "x": "-13.50", "yaw": "-1.50"}
21.15, [INFO], turtlebot4, {"y": "18.00", "x": "-13.50", "yaw": "-1.50"}
21.15, [INFO], turtlebot1, {"y": "33.84", "x": "-39.51", "yaw": "0.46"}
21.15, [INFO], turtlebot1, {"y": "33.84", "x": "-39.51", "yaw": "0.46"}
21.15, [INFO], turtlebot3, {"y": "21.48", "x": "-38.00", "yaw": "0.01"}
21.17, [INFO], turtlebot3, {"y": "21.48", "x": "-38.00", "yaw": "0.01"}
21.17, [INFO], turtlebot6, {"battery-level": "50.24%"}
21.18, [INFO], turtlebot6, {"battery-level": "50.24%"}
34.45, [DEBUG], None, [debug],turtlebot6,move-base-info,Hooray, the base moved arrived,(x=-27.23;y=16)
34.53, [DEBUG], None, [debug],turtlebot6,move-base-info,Hooray, the base moved arrived,(x=-27.23;y=16)
34.62, [DEBUG], turtlebot6, {"status": "way-point-reached", "skill": "navigation", "percentage": "33.33%", "goingto": "PC Room 3"}
36.12, [INFO], turtlebot5, {"y": "18.78", "x": "-33.84", "yaw": "2.82"}
36.13, [INFO], turtlebot5, {"y": "18.78", "x": "-33.84", "yaw": "2.82"}
36.13, [INFO], turtlebot3, {"y": "21.48", "x": "-38.00", "yaw": "0.01"}
36.13, [INFO], turtlebot3, {"y": "21.48", "x": "-38.00", "yaw": "0.01"}
36.13, [INFO], turtlebot2, {"y": "18.00", "x": "-20.99", "yaw": "-1.54"}
36.13, [INFO], turtlebot2, {"y": "18.00", "x": "-20.99", "yaw": "-1.54"}
36.13, [INFO], turtlebot6, {"y": "16.45", "x": "-27.16", "yaw": "-3.10"}
36.13, [INFO], turtlebot6, {"y": "16.45", "x": "-27.16", "yaw": "-3.10"}
36.15, [INFO], turtlebot1, {"y": "33.84", "x": "-39.51", "yaw": "0.46"}
36.15, [INFO], turtlebot1, {"y": "33.84", "x": "-39.51", "yaw": "0.46"}
36.15, [INFO], turtlebot4, {"y": "18.00", "x": "-13.49", "yaw": "-1.49"}
36.15, [INFO], turtlebot4, {"y": "18.00", "x": "-13.49", "yaw": "-1.49"}
36.15, [INFO], turtlebot6, {"battery-level": "49.64%"}
36.15, [INFO], turtlebot6, {"battery-level": "49.64%"}
50.42, [DEBUG], None, [debug],turtlebot6,move-base-info,Hooray, the base moved arrived,(x=-28.5;y=16)
50.42, [DEBUG], None, [debug],turtlebot6,move-base-info,Hooray, the base moved arrived,(x=-28.5;y=16)
50.53, [DEBUG], turtlebot6, {"status": "way-point-reached", "skill": "navigation", "percentage": "66.67%", "goingto": "PC Room 3"}
50.53, [DEBUG], turtlebot6, {"param_list": ["PC Room 3", [[-27.23, 16.0, 3.141592653589793, true], [-28.5, 16.0, 1.5707963267948966, true], [-28.5, 18.0, -1.57, false]]], "skill": "navigation", "skill-life-cycle": "RUNNING", "label": "navto_room"}
51.13, [INFO], turtlebot3, {"y": "21.48", "x": "-38.00", "yaw": "0.01"}
51.13, [INFO], turtlebot3, {"y": "21.48", "x": "-38.00", "yaw": "0.01"}
51.13, [INFO], turtlebot6, {"y": "16.31", "x": "-28.21", "yaw": "1.62"}
51.13, [INFO], turtlebot6, {"y": "16.31", "x": "-28.21", "yaw": "1.62"}
51.13, [INFO], turtlebot1, {"y": "33.84", "x": "-39.51", "yaw": "0.46"}
51.13, [INFO], turtlebot1, {"y": "33.84", "x": "-39.51", "yaw": "0.46"}
51.15, [INFO], turtlebot4, {"y": "18.00", "x": "-13.49", "yaw": "-1.48"}
51.15, [INFO], turtlebot4, {"y": "18.00", "x": "-13.49", "yaw": "-1.48"}
51.15, [INFO], turtlebot5, {"y": "18.78", "x": "-33.85", "yaw": "2.84"}
51.15, [INFO], turtlebot5, {"y": "18.78", "x": "-33.85", "yaw": "2.84"}
51.15, [INFO], turtlebot2, {"y": "18.00", "x": "-20.99", "yaw": "-1.54"}
51.15, [INFO], turtlebot2, {"y": "18.00", "x": "-20.99", "yaw": "-1.54"}
51.15, [INFO], turtlebot6, {"battery-level": "49.04%"}
51.15, [INFO], turtlebot6, {"battery-level": "49.04%"}
66.13, [INFO], turtlebot2, {"y": "18.00", "x": "-20.99", "yaw": "-1.54"}
66.13, [INFO], turtlebot2, {"y": "18.00", "x": "-20.99", "yaw": "-1.54"}
66.13, [INFO], turtlebot1, {"y": "33.84", "x": "-39.51", "yaw": "0.46"}
66.13, [INFO], turtlebot1, {"y": "33.84", "x": "-39.51", "yaw": "0.46"}
66.13, [INFO], turtlebot4, {"y": "18.00", "x": "-13.49", "yaw": "-1.47"}
66.15, [INFO], turtlebot4, {"y": "18.00", "x": "-13.49", "yaw": "-1.47"}
66.15, [INFO], turtlebot6, {"y": "17.58", "x": "-28.36", "yaw": "2.94"}
66.15, [INFO], turtlebot6, {"y": "17.58", "x": "-28.36", "yaw": "2.94"}
66.15, [INFO], turtlebot5, {"y": "18.78", "x": "-33.85", "yaw": "2.85"}
66.15, [INFO], turtlebot5, {"y": "18.78", "x": "-33.85", "yaw": "2.85"}
66.15, [INFO], turtlebot3, {"y": "21.48", "x": "-38.00", "yaw": "0.01"}
66.17, [INFO], turtlebot3, {"y": "21.48", "x": "-38.00", "yaw": "0.01"}
66.17, [INFO], turtlebot6, {"battery-level": "48.44%"}
66.17, [INFO], turtlebot6, {"battery-level": "48.44%"}
70.82, [DEBUG], None, [debug],turtlebot6,move-base-info,Hooray, the base moved arrived,(x=-28.5;y=18)
70.82, [DEBUG], None, [debug],turtlebot6,move-base-info,Hooray, the base moved arrived,(x=-28.5;y=18)
70.95, [DEBUG], turtlebot6, {"status": "way-point-reached", "skill": "navigation", "percentage": "100.00%", "goingto": "PC Room 3"}
71.05, [DEBUG], turtlebot6, {"param_list": ["PC Room 3", [[-27.23, 16.0, 3.141592653589793, true], [-28.5, 16.0, 1.5707963267948966, true], [-28.5, 18.0, -1.57, false]]], "skill": "navigation", "skill-life-cycle": "SUCCESS", "label": "navto_room"}
71.05, [DEBUG], turtlebot6, "available-skills=['send_message', 'wait_message', 'approach_person', 'approach_robot', 'authenticate_person', 'navigation', 'operate_drawer']"
71.05, [DEBUG], turtlebot6, {"param_list": ["nurse"], "skill": "approach_person", "skill-life-cycle": "STARTED", "label": "approach_nurse"}
71.15, [DEBUG], turtlebot6, {"status": "localize-person", "skill": "approach-person", "who": "nurse"}
71.42, [DEBUG], turtlebot6, {"status": "goto-person", "skill": "approach-person", "who": "nurse"}
71.45, [DEBUG], turtlebot6, {"param_list": ["nurse"], "skill": "approach_person", "skill-life-cycle": "SUCCESS", "label": "approach_nurse"}
71.45, [DEBUG], turtlebot6, "available-skills=['send_message', 'wait_message', 'approach_person', 'approach_robot', 'authenticate_person', 'navigation', 'operate_drawer']"
71.45, [DEBUG], turtlebot6, {"param_list": ["nurse"], "skill": "authenticate_person", "skill-life-cycle": "STARTED", "label": "authenticate_nurse"}
71.53, [DEBUG], turtlebot6, {"status": "request-authentication", "to": "nurse", "skill": "authenticate-person"}
71.53, [INFO], nurse, {"status": "message-received", "skill": "athentication-request"}
71.55, [INFO], nurse, {"status": "message-received", "skill": "athentication-request"}
72.03, [DEBUG], turtlebot6, {"status": "received-authentication", "skill": "authenticate-person", "from": "nurse"}
72.10, [DEBUG], turtlebot6, {"param_list": ["nurse"], "skill": "authenticate_person", "skill-life-cycle": "SUCCESS", "label": "authenticate_nurse"}
72.10, [DEBUG], turtlebot6, "available-skills=['send_message', 'wait_message', 'approach_person', 'approach_robot', 'authenticate_person', 'navigation', 'operate_drawer']"
72.32, [DEBUG], turtlebot6, {"param_list": ["open"], "skill": "operate_drawer", "skill-life-cycle": "STARTED", "label": "open_drawer_for_nurse"}
72.35, [DEBUG], turtlebot6, {"status": "task-update", "action": "open", "skill": "operate-drawer"}
73.20, [DEBUG], turtlebot6, {"param_list": ["open"], "skill": "operate_drawer", "skill-life-cycle": "SUCCESS", "label": "open_drawer_for_nurse"}
73.20, [DEBUG], turtlebot6, "available-skills=['send_message', 'wait_message', 'approach_person', 'approach_robot', 'authenticate_person', 'navigation', 'operate_drawer']"
73.20, [DEBUG], turtlebot6, {"param_list": ["nurse"], "skill": "send_message", "skill-life-cycle": "STARTED", "label": "notify_nurse_of_open_drawer_for_nurse_completed"}
73.25, [INFO], turtlebot6, {"to": "nurse", "skill": "send-message"}
74.03, [INFO], nurse, {"status": "message-received", "skill": "wait-message"}
74.15, [INFO], nurse, {"status": "message-received", "skill": "wait-message"}
76.43, [DEBUG], turtlebot6, {"param_list": ["nurse"], "skill": "send_message", "skill-life-cycle": "SUCCESS", "label": "notify_nurse_of_open_drawer_for_nurse_completed"}
76.45, [DEBUG], turtlebot6, "available-skills=['send_message', 'wait_message', 'approach_person', 'approach_robot', 'authenticate_person', 'navigation', 'operate_drawer']"
76.45, [DEBUG], turtlebot6, {"param_list": ["nurse"], "skill": "wait_message", "skill-life-cycle": "STARTED", "label": "wait_nurse_to_complete_deposit"}
78.05, [INFO], turtlebot6, {"status": "message-received", "skill": "wait-message"}
78.15, [DEBUG], turtlebot6, {"param_list": ["nurse"], "skill": "wait_message", "skill-life-cycle": "SUCCESS", "label": "wait_nurse_to_complete_deposit"}
78.15, [DEBUG], turtlebot6, "available-skills=['send_message', 'wait_message', 'approach_person', 'approach_robot', 'authenticate_person', 'navigation', 'operate_drawer']"
78.15, [DEBUG], turtlebot6, {"param_list": ["close"], "skill": "operate_drawer", "skill-life-cycle": "STARTED", "label": "close_drawer_nurse"}
78.22, [DEBUG], turtlebot6, {"status": "task-update", "action": "close", "skill": "operate-drawer"}
79.03, [DEBUG], turtlebot6, {"param_list": ["close"], "skill": "operate_drawer", "skill-life-cycle": "SUCCESS", "label": "close_drawer_nurse"}
79.07, [DEBUG], turtlebot6, "available-skills=['send_message', 'wait_message', 'approach_person', 'approach_robot', 'authenticate_person', 'navigation', 'operate_drawer']"
79.08, [DEBUG], turtlebot6, {"param_list": ["Laboratory", [[-28.5, 16.0, 0.0, true], [-26.0, 16.0, -1.5707963267948966, true], [-26.0, 13.0, 1.57, false]]], "skill": "navigation", "skill-life-cycle": "STARTED", "label": "navto_lab"}
81.13, [INFO], turtlebot6, {"y": "17.61", "x": "-28.40", "yaw": "-1.61"}
81.13, [INFO], turtlebot6, {"y": "17.61", "x": "-28.40", "yaw": "-1.61"}
81.13, [INFO], turtlebot1, {"y": "33.84", "x": "-39.51", "yaw": "0.46"}
81.13, [INFO], turtlebot1, {"y": "33.84", "x": "-39.51", "yaw": "0.46"}
81.13, [INFO], turtlebot3, {"y": "21.48", "x": "-38.00", "yaw": "0.01"}
81.13, [INFO], turtlebot3, {"y": "21.48", "x": "-38.00", "yaw": "0.01"}
81.15, [INFO], turtlebot5, {"y": "18.78", "x": "-33.85", "yaw": "2.87"}
81.15, [INFO], turtlebot5, {"y": "18.78", "x": "-33.85", "yaw": "2.87"}
81.15, [INFO], turtlebot2, {"y": "18.00", "x": "-20.99", "yaw": "-1.54"}
81.15, [INFO], turtlebot2, {"y": "18.00", "x": "-20.99", "yaw": "-1.54"}
81.15, [INFO], turtlebot4, {"y": "18.00", "x": "-13.49", "yaw": "-1.45"}
81.15, [INFO], turtlebot4, {"y": "18.00", "x": "-13.49", "yaw": "-1.45"}
81.15, [INFO], turtlebot6, {"battery-level": "47.84%"}
81.15, [INFO], turtlebot6, {"battery-level": "47.84%"}
84.03, [INFO], nurse, {"status": "message-received", "skill": "wait-message"}
84.03, [INFO], nurse, {"status": "message-received", "skill": "wait-message"}
91.53, [INFO], nurse, {"status": "waiting", "skill": "athentication-sent"}
91.53, [INFO], nurse, {"status": "waiting", "skill": "athentication-sent"}
94.03, [INFO], nurse, {"status": "message-received", "skill": "wait-message"}
94.15, [INFO], nurse, {"status": "message-received", "skill": "wait-message"}
96.13, [INFO], turtlebot6, {"y": "16.54", "x": "-28.56", "yaw": "-1.53"}
96.13, [INFO], turtlebot4, {"y": "17.99", "x": "-13.49", "yaw": "-1.44"}
96.13, [INFO], turtlebot5, {"y": "18.78", "x": "-33.85", "yaw": "2.88"}
96.13, [INFO], turtlebot3, {"y": "21.48", "x": "-38.00", "yaw": "0.01"}
96.13, [INFO], turtlebot1, {"y": "33.84", "x": "-39.51", "yaw": "0.46"}
96.15, [INFO], turtlebot2, {"y": "18.00", "x": "-20.99", "yaw": "-1.54"}
96.15, [INFO], turtlebot6, {"battery-level": "47.24%"}
96.17, [INFO], turtlebot6, {"y": "16.54", "x": "-28.56", "yaw": "-1.53"}
96.17, [INFO], turtlebot4, {"y": "17.99", "x": "-13.49", "yaw": "-1.44"}
96.18, [INFO], turtlebot5, {"y": "18.78", "x": "-33.85", "yaw": "2.88"}
96.18, [INFO], turtlebot3, {"y": "21.48", "x": "-38.00", "yaw": "0.01"}
96.18, [INFO], turtlebot1, {"y": "33.84", "x": "-39.51", "yaw": "0.46"}
96.20, [INFO], turtlebot2, {"y": "18.00", "x": "-20.99", "yaw": "-1.54"}
96.20, [INFO], turtlebot6, {"battery-level": "47.24%"}
96.42, [DEBUG], turtlebot6, {"param_list": ["Laboratory", [[-28.5, 16.0, 0.0, true], [-26.0, 16.0, -1.5707963267948966, true], [-26.0, 13.0, 1.57, false]]], "skill": "navigation", "skill-life-cycle": "RUNNING", "label": "navto_lab"}
100.77, [DEBUG], None, [debug],turtlebot6,move-base-info,Hooray, the base moved arrived,(x=-28.5;y=16)
100.77, [DEBUG], None, [debug],turtlebot6,move-base-info,Hooray, the base moved arrived,(x=-28.5;y=16)
100.78, [DEBUG], turtlebot6, {"status": "way-point-reached", "skill": "navigation", "percentage": "33.33%", "goingto": "Laboratory"}
104.03, [INFO], nurse, {"status": "message-received", "skill": "wait-message"}
104.03, [INFO], nurse, {"status": "message-received", "skill": "wait-message"}
111.12, [INFO], turtlebot4, {"y": "17.99", "x": "-13.49", "yaw": "-1.42"}
111.13, [INFO], turtlebot4, {"y": "17.99", "x": "-13.49", "yaw": "-1.42"}
111.13, [INFO], turtlebot5, {"y": "18.78", "x": "-33.85", "yaw": "2.90"}
111.13, [INFO], turtlebot5, {"y": "18.78", "x": "-33.85", "yaw": "2.90"}
111.13, [INFO], turtlebot2, {"y": "18.00", "x": "-20.99", "yaw": "-1.54"}
111.13, [INFO], turtlebot2, {"y": "18.00", "x": "-20.99", "yaw": "-1.54"}
111.13, [INFO], turtlebot3, {"y": "21.48", "x": "-38.00", "yaw": "0.01"}
111.13, [INFO], turtlebot3, {"y": "21.48", "x": "-38.00", "yaw": "0.01"}
111.15, [INFO], turtlebot6, {"y": "16.21", "x": "-27.86", "yaw": "-0.37"}
111.15, [INFO], turtlebot6, {"y": "16.21", "x": "-27.86", "yaw": "-0.37"}
111.15, [INFO], turtlebot1, {"y": "33.84", "x": "-39.51", "yaw": "0.46"}
111.15, [INFO], turtlebot1, {"y": "33.84", "x": "-39.51", "yaw": "0.46"}
111.15, [INFO], turtlebot6, {"battery-level": "46.64%"}
111.15, [INFO], turtlebot6, {"battery-level": "46.64%"}
126.00, [DEBUG], None, [debug],turtlebot6,move-base-info,Hooray, the base moved arrived,(x=-26;y=16)
126.00, [DEBUG], None, [debug],turtlebot6,move-base-info,Hooray, the base moved arrived,(x=-26;y=16)
126.12, [DEBUG], turtlebot6, {"status": "way-point-reached", "skill": "navigation", "percentage": "66.67%", "goingto": "Laboratory"}
126.13, [INFO], turtlebot5, {"y": "18.79", "x": "-33.86", "yaw": "2.93"}
126.13, [INFO], turtlebot5, {"y": "18.79", "x": "-33.86", "yaw": "2.93"}
126.13, [INFO], turtlebot4, {"y": "17.99", "x": "-13.49", "yaw": "-1.40"}
126.13, [INFO], turtlebot4, {"y": "17.99", "x": "-13.49", "yaw": "-1.40"}
126.13, [INFO], turtlebot3, {"y": "21.48", "x": "-38.00", "yaw": "0.01"}
126.13, [INFO], turtlebot3, {"y": "21.48", "x": "-38.00", "yaw": "0.01"}
126.15, [INFO], turtlebot2, {"y": "18.00", "x": "-21.00", "yaw": "-1.54"}
126.15, [INFO], turtlebot2, {"y": "18.00", "x": "-21.00", "yaw": "-1.54"}
126.15, [INFO], turtlebot1, {"y": "33.84", "x": "-39.51", "yaw": "0.46"}
126.15, [INFO], turtlebot6, {"y": "16.26", "x": "-26.40", "yaw": "-1.52"}
126.15, [INFO], turtlebot1, {"y": "33.84", "x": "-39.51", "yaw": "0.46"}
126.15, [INFO], turtlebot6, {"battery-level": "46.04%"}
126.15, [INFO], turtlebot6, {"y": "16.26", "x": "-26.40", "yaw": "-1.52"}
126.15, [INFO], turtlebot6, {"battery-level": "46.04%"}
140.08, [DEBUG], turtlebot6, {"param_list": ["Laboratory", [[-28.5, 16.0, 0.0, true], [-26.0, 16.0, -1.5707963267948966, true], [-26.0, 13.0, 1.57, false]]], "skill": "navigation", "skill-life-cycle": "RUNNING", "label": "navto_lab"}
141.12, [INFO], turtlebot3, {"y": "21.48", "x": "-38.00", "yaw": "0.01"}
141.13, [INFO], turtlebot3, {"y": "21.48", "x": "-38.00", "yaw": "0.01"}
141.13, [INFO], turtlebot6, {"y": "15.38", "x": "-26.02", "yaw": "-1.12"}
141.13, [INFO], turtlebot6, {"y": "15.38", "x": "-26.02", "yaw": "-1.12"}
141.13, [INFO], turtlebot4, {"y": "17.98", "x": "-13.49", "yaw": "-1.38"}
141.13, [INFO], turtlebot4, {"y": "17.98", "x": "-13.49", "yaw": "-1.38"}
141.15, [INFO], turtlebot2, {"y": "18.00", "x": "-21.00", "yaw": "-1.54"}
141.15, [INFO], turtlebot2, {"y": "18.00", "x": "-21.00", "yaw": "-1.54"}
141.15, [INFO], turtlebot1, {"y": "33.84", "x": "-39.51", "yaw": "0.46"}
141.15, [INFO], turtlebot1, {"y": "33.84", "x": "-39.51", "yaw": "0.46"}
141.15, [INFO], turtlebot5, {"y": "18.79", "x": "-33.87", "yaw": "2.95"}
141.15, [INFO], turtlebot5, {"y": "18.79", "x": "-33.87", "yaw": "2.95"}
141.15, [INFO], turtlebot6, {"battery-level": "45.44%"}
141.15, [INFO], turtlebot6, {"battery-level": "45.44%"}
156.13, [INFO], turtlebot4, {"y": "17.98", "x": "-13.48", "yaw": "-1.36"}
156.13, [INFO], turtlebot4, {"y": "17.98", "x": "-13.48", "yaw": "-1.36"}
156.13, [INFO], turtlebot3, {"y": "21.48", "x": "-38.00", "yaw": "0.01"}
156.13, [INFO], turtlebot3, {"y": "21.48", "x": "-38.00", "yaw": "0.01"}
156.13, [INFO], turtlebot2, {"y": "18.00", "x": "-21.00", "yaw": "-1.54"}
156.13, [INFO], turtlebot2, {"y": "18.00", "x": "-21.00", "yaw": "-1.54"}
156.15, [INFO], turtlebot1, {"y": "33.84", "x": "-39.50", "yaw": "0.46"}
156.15, [INFO], turtlebot1, {"y": "33.84", "x": "-39.50", "yaw": "0.46"}
156.15, [INFO], turtlebot5, {"y": "18.79", "x": "-33.87", "yaw": "2.98"}
156.15, [INFO], turtlebot5, {"y": "18.79", "x": "-33.87", "yaw": "2.98"}
156.15, [INFO], turtlebot6, {"y": "14.15", "x": "-25.81", "yaw": "-1.58"}
156.15, [INFO], turtlebot6, {"y": "14.15", "x": "-25.81", "yaw": "-1.58"}
156.15, [INFO], turtlebot6, {"battery-level": "44.84%"}
156.15, [INFO], turtlebot6, {"battery-level": "44.84%"}
171.13, [INFO], turtlebot5, {"y": "18.79", "x": "-33.88", "yaw": "3.00"}
171.13, [INFO], turtlebot4, {"y": "17.97", "x": "-13.48", "yaw": "-1.34"}
171.13, [INFO], turtlebot3, {"y": "21.48", "x": "-38.00", "yaw": "0.01"}
171.13, [INFO], turtlebot2, {"y": "18.00", "x": "-21.00", "yaw": "-1.54"}
171.15, [INFO], turtlebot6, {"y": "13.39", "x": "-25.84", "yaw": "1.73"}
171.15, [INFO], turtlebot1, {"y": "33.84", "x": "-39.50", "yaw": "0.46"}
171.15, [INFO], turtlebot6, {"battery-level": "44.24%"}
171.17, [INFO], turtlebot5, {"y": "18.79", "x": "-33.88", "yaw": "3.00"}
171.13, [INFO], turtlebot5, {"y": "18.79", "x": "-33.88", "yaw": "3.00"}
171.13, [INFO], turtlebot4, {"y": "17.97", "x": "-13.48", "yaw": "-1.34"}
171.13, [INFO], turtlebot3, {"y": "21.48", "x": "-38.00", "yaw": "0.01"}
171.13, [INFO], turtlebot2, {"y": "18.00", "x": "-21.00", "yaw": "-1.54"}
171.15, [INFO], turtlebot6, {"y": "13.39", "x": "-25.84", "yaw": "1.73"}
171.15, [INFO], turtlebot1, {"y": "33.84", "x": "-39.50", "yaw": "0.46"}
171.15, [INFO], turtlebot6, {"battery-level": "44.24%"}
171.17, [INFO], turtlebot5, {"y": "18.79", "x": "-33.88", "yaw": "3.00"}
171.18, [INFO], turtlebot4, {"y": "17.97", "x": "-13.48", "yaw": "-1.34"}
171.18, [INFO], turtlebot3, {"y": "21.48", "x": "-38.00", "yaw": "0.01"}
171.18, [INFO], turtlebot2, {"y": "18.00", "x": "-21.00", "yaw": "-1.54"}
171.18, [INFO], turtlebot6, {"y": "13.39", "x": "-25.84", "yaw": "1.73"}
171.18, [INFO], turtlebot1, {"y": "33.84", "x": "-39.50", "yaw": "0.46"}
171.20, [INFO], turtlebot6, {"battery-level": "44.24%"}
171.97, [DEBUG], None, [debug],turtlebot6,move-base-info,Hooray, the base moved arrived,(x=-26;y=13)
171.97, [DEBUG], None, [debug],turtlebot6,move-base-info,Hooray, the base moved arrived,(x=-26;y=13)
172.05, [DEBUG], turtlebot6, {"status": "way-point-reached", "skill": "navigation", "percentage": "100.00%", "goingto": "Laboratory"}
172.13, [DEBUG], turtlebot6, {"param_list": ["Laboratory", [[-28.5, 16.0, 0.0, true], [-26.0, 16.0, -1.5707963267948966, true], [-26.0, 13.0, 1.57, false]]], "skill": "navigation", "skill-life-cycle": "SUCCESS", "label": "navto_lab"}
172.13, [DEBUG], turtlebot6, "available-skills=['send_message', 'wait_message', 'approach_person', 'approach_robot', 'authenticate_person', 'navigation', 'operate_drawer']"
172.13, [DEBUG], turtlebot6, {"param_list": ["lab_arm"], "skill": "approach_robot", "skill-life-cycle": "STARTED", "label": "approach_arm"}
172.18, [DEBUG], turtlebot6, {"status": "localize-robot", "skill": "=approach-robot", "who": "lab_arm"}
172.55, [DEBUG], turtlebot6, {"status": "goto-robot", "skill": "approach-robot", "who": "lab_arm"}
172.63, [DEBUG], turtlebot6, {"param_list": ["lab_arm"], "skill": "approach_robot", "skill-life-cycle": "SUCCESS", "label": "approach_arm"}
172.63, [DEBUG], turtlebot6, "available-skills=['send_message', 'wait_message', 'approach_person', 'approach_robot', 'authenticate_person', 'navigation', 'operate_drawer']"
172.63, [DEBUG], turtlebot6, {"param_list": ["open"], "skill": "operate_drawer", "skill-life-cycle": "STARTED", "label": "open_drawer_lab"}
172.72, [DEBUG], turtlebot6, {"status": "task-update", "action": "open", "skill": "operate-drawer"}
173.58, [DEBUG], turtlebot6, {"param_list": ["open"], "skill": "operate_drawer", "skill-life-cycle": "SUCCESS", "label": "open_drawer_lab"}
173.58, [DEBUG], turtlebot6, "available-skills=['send_message', 'wait_message', 'approach_person', 'approach_robot', 'authenticate_person', 'navigation', 'operate_drawer']"
173.58, [DEBUG], turtlebot6, {"param_list": ["lab_arm"], "skill": "send_message", "skill-life-cycle": "STARTED", "label": "notify_lab_arm_of_open_drawer_lab_completed"}
173.63, [INFO], turtlebot6, {"to": "lab_arm", "skill": "send-message"}
174.37, [INFO], lab_arm, {"status": "sample-received", "skill": "wait-sample"}
174.37, [INFO], lab_arm, {"status": "sample-received", "skill": "wait-sample"}
174.37, [INFO], nurse, {"status": "sample-received", "skill": "wait-sample"}
174.37, [INFO], nurse, {"status": "sample-received", "skill": "wait-sample"}
174.43, [DEBUG], None, ENDSIM
174.43, [DEBUG], None, end!
