0.00, [DEBUG], logger, ROBOTS_CONFIG=[{"avg_speed": 0.15, "battery_charge": 0.3020349930380309, "battery_discharge_rate": 0.00048000000000000007, "id": 1, "local_plan": null, "location": "IC Room 4", "name": "r1", "position": [-39.44, 33.95, 0.0], "skills": ["approach_person", "approach_robot", "navigation", "operate_drawer"]}, {"avg_speed": 0.15, "battery_charge": 0.5779176354739738, "battery_discharge_rate": 0.00054, "id": 2, "local_plan": null, "location": "PC Room 5", "name": "r2", "position": [-21.0, 18.0, -1.57], "skills": ["approach_person", "approach_robot", "authenticate_person", "navigation", "operate_drawer"]}, {"avg_speed": 0.15, "battery_charge": 0.7232396784987936, "battery_discharge_rate": 0.00036, "id": 3, "local_plan": null, "location": "IC Room 2", "name": "r3", "position": [-38.0, 21.5, 0.0], "skills": ["approach_person", "approach_robot", "navigation", "operate_drawer"]}, {"avg_speed": 0.15, "battery_charge": 0.4863040833267539, "battery_discharge_rate": 0.0006000000000000001, "id": 4, "local_plan": [["navigation", ["PC Room 3", [[-13.5, 18.0, -1.57], [-13.5, 16.0], [-28.5, 16.0], [-28.5, 18.0, -1.57]]], "navto_room"], ["approach_person", ["nurse"], "approach_nurse"], ["authenticate_person", ["nurse"], "authenticate_nurse"], ["operate_drawer", ["open"], "open_drawer_for_nurse"], ["send_message", ["nurse"], "notify_nurse_of_open_drawer_for_nurse_completed"], ["wait_message", ["nurse"], "wait_nurse_to_complete_deposit"], ["operate_drawer", ["close"], "close_drawer_nurse"], ["navigation", ["Laboratory", [[-28.5, 18.0, -1.57], [-28.5, 16.0], [-26.0, 16.0], [-26.0, 13.0, 1.57]]], "navto_lab"], ["approach_robot", ["lab_arm"], "approach_arm"], ["operate_drawer", ["open"], "open_drawer_lab"], ["send_message", ["lab_arm"], "notify_lab_arm_of_open_drawer_lab_completed"], ["wait_message", ["lab_arm"], "wait_lab_arm_to_complete_pick_up_sample"], ["operate_drawer", ["close"], "close_drawer_lab"]], "location": "PC Room 7", "name": "r4", "position": [-13.5, 18.0, -1.57], "skills": ["approach_person", "approach_robot", "authenticate_person", "navigation", "operate_drawer"]}, {"avg_speed": 0.15, "battery_charge": 0.7258412726774711, "battery_discharge_rate": 0.0002, "id": 5, "local_plan": null, "location": "IC Room 6", "name": "r5", "position": [-33.9, 18.93, 3.14], "skills": ["approach_person", "authenticate_person", "navigation", "operate_drawer"]}, {"avg_speed": 0.15, "battery_charge": 0.9109794326728246, "battery_discharge_rate": 0.00072, "id": 6, "local_plan": null, "location": "PC Room 4", "name": "r6", "position": [-27.23, 18.0, -1.57], "skills": ["approach_person", "approach_robot", "navigation", "operate_drawer"]}]
0.00, [DEBUG], logger, NURSES_CONFIG=[{"location": "PC Room 3", "position": [-29.5, 19.0, -1.57]}]
0.00, [DEBUG], logger, Simulation open
0.00, [DEBUG], logger, subcribing to in the topic /log
0.93, [DEBUG], None, [debug],turtlebot5,move-base-info,Move_base is up and ok....,
1.25, [DEBUG], None, [debug],turtlebot6,move-base-info,Move_base is up and ok....,
1.28, [DEBUG], None, [debug],turtlebot2,move-base-info,Move_base is up and ok....,
2.98, [DEBUG], None, [debug],turtlebot3,move-base-info,Move_base is up and ok....,
3.40, [DEBUG], None, [debug],turtlebot4,move-base-info,Move_base is up and ok....,
4.83, [DEBUG], None, [debug],turtlebot1,move-base-info,Move_base is up and ok....,
9.42, [DEBUG], turtlebot2, {"param_list": [], "skill": "init_robobt", "skill-life-cycle": "SUCCESS", "label": "init_robobt"}
12.85, [DEBUG], turtlebot5, {"param_list": [], "skill": "init_robobt", "skill-life-cycle": "SUCCESS", "label": "init_robobt"}
12.98, [DEBUG], turtlebot6, {"param_list": [], "skill": "init_robobt", "skill-life-cycle": "SUCCESS", "label": "init_robobt"}
13.40, [DEBUG], turtlebot1, {"param_list": [], "skill": "init_robobt", "skill-life-cycle": "SUCCESS", "label": "init_robobt"}
14.25, [DEBUG], turtlebot4, {"param_list": [], "skill": "init_robobt", "skill-life-cycle": "SUCCESS", "label": "init_robobt"}
14.25, [DEBUG], turtlebot4, "available-skills=['send_message', 'wait_message', 'approach_person', 'approach_robot', 'authenticate_person', 'navigation', 'operate_drawer']"
14.25, [DEBUG], turtlebot4, {"param_list": ["PC Room 3", [[-13.5, 16.0, 3.141592653589793, true], [-28.5, 16.0, 1.5707963267948966, true], [-28.5, 18.0, -1.57, false]]], "skill": "navigation", "skill-life-cycle": "STARTED", "label": "navto_room"}
14.88, [DEBUG], turtlebot3, {"param_list": [], "skill": "init_robobt", "skill-life-cycle": "SUCCESS", "label": "init_robobt"}
21.43, [INFO], turtlebot1, {"y": "33.84", "x": "-39.51", "yaw": "0.46"}
21.43, [INFO], turtlebot1, {"y": "33.84", "x": "-39.51", "yaw": "0.46"}
21.43, [INFO], turtlebot2, {"y": "18.00", "x": "-20.99", "yaw": "-1.54"}
21.43, [INFO], turtlebot2, {"y": "18.00", "x": "-20.99", "yaw": "-1.54"}
21.45, [INFO], turtlebot3, {"y": "21.48", "x": "-38.00", "yaw": "0.01"}
21.45, [INFO], turtlebot3, {"y": "21.48", "x": "-38.00", "yaw": "0.01"}
21.47, [INFO], turtlebot4, {"y": "17.74", "x": "-13.50", "yaw": "-1.65"}
21.47, [INFO], turtlebot4, {"y": "17.74", "x": "-13.50", "yaw": "-1.65"}
21.47, [INFO], turtlebot4, {"battery-level": "47.79%"}
21.47, [INFO], turtlebot4, {"battery-level": "47.79%"}
21.48, [INFO], turtlebot6, {"y": "18.02", "x": "-27.23", "yaw": "-1.59"}
21.48, [INFO], turtlebot6, {"y": "18.02", "x": "-27.23", "yaw": "-1.59"}
21.48, [INFO], turtlebot5, {"y": "18.79", "x": "-33.83", "yaw": "2.80"}
21.48, [INFO], turtlebot5, {"y": "18.79", "x": "-33.83", "yaw": "2.80"}
36.43, [INFO], turtlebot1, {"y": "33.84", "x": "-39.51", "yaw": "0.46"}
36.43, [INFO], turtlebot1, {"y": "33.84", "x": "-39.51", "yaw": "0.46"}
36.43, [INFO], turtlebot2, {"y": "18.00", "x": "-20.99", "yaw": "-1.54"}
36.43, [INFO], turtlebot2, {"y": "18.00", "x": "-20.99", "yaw": "-1.54"}
36.45, [INFO], turtlebot3, {"y": "21.48", "x": "-38.00", "yaw": "0.01"}
36.45, [INFO], turtlebot3, {"y": "21.48", "x": "-38.00", "yaw": "0.01"}
36.47, [INFO], turtlebot4, {"y": "16.49", "x": "-13.53", "yaw": "-1.58"}
36.47, [INFO], turtlebot4, {"y": "16.49", "x": "-13.53", "yaw": "-1.58"}
36.47, [INFO], turtlebot4, {"battery-level": "46.89%"}
36.47, [INFO], turtlebot4, {"battery-level": "46.89%"}
36.48, [INFO], turtlebot6, {"y": "18.02", "x": "-27.22", "yaw": "-1.59"}
36.48, [INFO], turtlebot6, {"y": "18.02", "x": "-27.22", "yaw": "-1.59"}
36.48, [INFO], turtlebot5, {"y": "18.78", "x": "-33.84", "yaw": "2.82"}
36.48, [INFO], turtlebot5, {"y": "18.78", "x": "-33.84", "yaw": "2.82"}
40.63, [DEBUG], None, [debug],turtlebot4,move-base-info,Hooray, the base moved arrived,(x=-13.5;y=16)
40.63, [DEBUG], None, [debug],turtlebot4,move-base-info,Hooray, the base moved arrived,(x=-13.5;y=16)
40.68, [DEBUG], turtlebot4, {"status": "way-point-reached", "skill": "navigation", "percentage": "33.33%", "goingto": "PC Room 3"}
51.43, [INFO], turtlebot1, {"y": "33.84", "x": "-39.51", "yaw": "0.46"}
51.43, [INFO], turtlebot1, {"y": "33.84", "x": "-39.51", "yaw": "0.46"}
51.43, [INFO], turtlebot2, {"y": "18.00", "x": "-20.99", "yaw": "-1.54"}
51.43, [INFO], turtlebot2, {"y": "18.00", "x": "-20.99", "yaw": "-1.54"}
51.45, [INFO], turtlebot3, {"y": "21.48", "x": "-38.00", "yaw": "0.01"}
51.45, [INFO], turtlebot3, {"y": "21.48", "x": "-38.00", "yaw": "0.01"}
51.47, [INFO], turtlebot4, {"battery-level": "46.05%"}
51.47, [INFO], turtlebot4, {"battery-level": "46.05%"}
51.47, [INFO], turtlebot4, {"y": "16.15", "x": "-14.22", "yaw": "-2.59"}
51.47, [INFO], turtlebot4, {"y": "16.15", "x": "-14.22", "yaw": "-2.59"}
51.48, [INFO], turtlebot5, {"y": "18.78", "x": "-33.85", "yaw": "2.84"}
51.48, [INFO], turtlebot5, {"y": "18.78", "x": "-33.85", "yaw": "2.84"}
51.48, [INFO], turtlebot6, {"y": "18.03", "x": "-27.22", "yaw": "-1.58"}
51.48, [INFO], turtlebot6, {"y": "18.03", "x": "-27.22", "yaw": "-1.58"}
53.70, [DEBUG], turtlebot4, {"param_list": ["PC Room 3", [[-13.5, 16.0, 3.141592653589793, true], [-28.5, 16.0, 1.5707963267948966, true], [-28.5, 18.0, -1.57, false]]], "skill": "navigation", "skill-life-cycle": "RUNNING", "label": "navto_room"}
66.43, [INFO], turtlebot1, {"y": "33.84", "x": "-39.51", "yaw": "0.46"}
66.43, [INFO], turtlebot1, {"y": "33.84", "x": "-39.51", "yaw": "0.46"}
66.43, [INFO], turtlebot2, {"y": "18.00", "x": "-20.99", "yaw": "-1.54"}
66.43, [INFO], turtlebot2, {"y": "18.00", "x": "-20.99", "yaw": "-1.54"}
66.45, [INFO], turtlebot3, {"y": "21.48", "x": "-38.00", "yaw": "0.01"}
66.45, [INFO], turtlebot3, {"y": "21.48", "x": "-38.00", "yaw": "0.01"}
66.47, [INFO], turtlebot4, {"y": "15.85", "x": "-16.34", "yaw": "2.94"}
66.47, [INFO], turtlebot4, {"y": "15.85", "x": "-16.34", "yaw": "2.94"}
66.47, [INFO], turtlebot4, {"battery-level": "45.15%"}
66.47, [INFO], turtlebot4, {"battery-level": "45.15%"}
66.48, [INFO], turtlebot5, {"y": "18.78", "x": "-33.85", "yaw": "2.85"}
66.48, [INFO], turtlebot5, {"y": "18.78", "x": "-33.85", "yaw": "2.85"}
66.48, [INFO], turtlebot6, {"y": "18.03", "x": "-27.22", "yaw": "-1.58"}
66.48, [INFO], turtlebot6, {"y": "18.03", "x": "-27.22", "yaw": "-1.58"}
81.43, [INFO], turtlebot2, {"y": "18.00", "x": "-20.99", "yaw": "-1.54"}
81.43, [INFO], turtlebot2, {"y": "18.00", "x": "-20.99", "yaw": "-1.54"}
81.43, [INFO], turtlebot1, {"y": "33.84", "x": "-39.51", "yaw": "0.46"}
81.43, [INFO], turtlebot1, {"y": "33.84", "x": "-39.51", "yaw": "0.46"}
81.45, [INFO], turtlebot3, {"y": "21.48", "x": "-38.00", "yaw": "0.01"}
81.45, [INFO], turtlebot3, {"y": "21.48", "x": "-38.00", "yaw": "0.01"}
81.47, [INFO], turtlebot4, {"battery-level": "44.25%"}
81.47, [INFO], turtlebot4, {"battery-level": "44.25%"}
81.47, [INFO], turtlebot4, {"y": "15.94", "x": "-18.89", "yaw": "2.75"}
81.47, [INFO], turtlebot4, {"y": "15.94", "x": "-18.89", "yaw": "2.75"}
81.48, [INFO], turtlebot6, {"y": "18.03", "x": "-27.22", "yaw": "-1.58"}
81.48, [INFO], turtlebot6, {"y": "18.03", "x": "-27.22", "yaw": "-1.58"}
81.48, [INFO], turtlebot5, {"y": "18.78", "x": "-33.85", "yaw": "2.87"}
81.48, [INFO], turtlebot5, {"y": "18.78", "x": "-33.85", "yaw": "2.87"}
96.43, [INFO], turtlebot2, {"y": "18.00", "x": "-20.99", "yaw": "-1.54"}
96.43, [INFO], turtlebot2, {"y": "18.00", "x": "-20.99", "yaw": "-1.54"}
96.43, [INFO], turtlebot1, {"y": "33.84", "x": "-39.51", "yaw": "0.46"}
96.43, [INFO], turtlebot1, {"y": "33.84", "x": "-39.51", "yaw": "0.46"}
96.45, [INFO], turtlebot3, {"y": "21.48", "x": "-38.00", "yaw": "0.01"}
96.45, [INFO], turtlebot3, {"y": "21.48", "x": "-38.00", "yaw": "0.01"}
96.47, [INFO], turtlebot4, {"y": "16.30", "x": "-21.69", "yaw": "3.10"}
96.48, [INFO], turtlebot4, {"battery-level": "43.35%"}
96.48, [INFO], turtlebot4, {"y": "16.30", "x": "-21.69", "yaw": "3.10"}
96.48, [INFO], turtlebot5, {"y": "18.78", "x": "-33.85", "yaw": "2.88"}
96.48, [INFO], turtlebot4, {"battery-level": "43.35%"}
96.48, [INFO], turtlebot6, {"y": "18.03", "x": "-27.22", "yaw": "-1.58"}
96.50, [INFO], turtlebot5, {"y": "18.78", "x": "-33.85", "yaw": "2.88"}
96.50, [INFO], turtlebot6, {"y": "18.03", "x": "-27.22", "yaw": "-1.58"}
96.55, [DEBUG], turtlebot4, {"param_list": ["PC Room 3", [[-13.5, 16.0, 3.141592653589793, true], [-28.5, 16.0, 1.5707963267948966, true], [-28.5, 18.0, -1.57, false]]], "skill": "navigation", "skill-life-cycle": "RUNNING", "label": "navto_room"}
111.43, [INFO], turtlebot2, {"y": "18.00", "x": "-20.99", "yaw": "-1.54"}
111.43, [INFO], turtlebot2, {"y": "18.00", "x": "-20.99", "yaw": "-1.54"}
111.43, [INFO], turtlebot1, {"y": "33.84", "x": "-39.51", "yaw": "0.46"}
111.43, [INFO], turtlebot1, {"y": "33.84", "x": "-39.51", "yaw": "0.46"}
111.45, [INFO], turtlebot3, {"y": "21.48", "x": "-38.00", "yaw": "0.01"}
111.45, [INFO], turtlebot3, {"y": "21.48", "x": "-38.00", "yaw": "0.01"}
111.47, [INFO], turtlebot4, {"battery-level": "42.45%"}
111.47, [INFO], turtlebot4, {"battery-level": "42.45%"}
111.47, [INFO], turtlebot4, {"y": "16.30", "x": "-24.18", "yaw": "3.14"}
111.47, [INFO], turtlebot4, {"y": "16.30", "x": "-24.18", "yaw": "3.14"}
111.48, [INFO], turtlebot6, {"y": "18.03", "x": "-27.22", "yaw": "-1.58"}
111.48, [INFO], turtlebot5, {"y": "18.78", "x": "-33.85", "yaw": "2.90"}
111.48, [INFO], turtlebot6, {"y": "18.03", "x": "-27.22", "yaw": "-1.58"}
111.48, [INFO], turtlebot5, {"y": "18.78", "x": "-33.85", "yaw": "2.90"}
126.43, [INFO], turtlebot2, {"y": "18.00", "x": "-21.00", "yaw": "-1.54"}
126.43, [INFO], turtlebot2, {"y": "18.00", "x": "-21.00", "yaw": "-1.54"}
126.43, [INFO], turtlebot1, {"y": "33.84", "x": "-39.51", "yaw": "0.46"}
126.43, [INFO], turtlebot1, {"y": "33.84", "x": "-39.51", "yaw": "0.46"}
126.45, [INFO], turtlebot3, {"y": "21.48", "x": "-38.00", "yaw": "0.01"}
126.45, [INFO], turtlebot3, {"y": "21.48", "x": "-38.00", "yaw": "0.01"}
126.47, [INFO], turtlebot4, {"y": "16.30", "x": "-26.68", "yaw": "3.14"}
126.47, [INFO], turtlebot4, {"y": "16.30", "x": "-26.68", "yaw": "3.14"}
126.47, [INFO], turtlebot4, {"battery-level": "41.49%"}
126.48, [INFO], turtlebot4, {"battery-level": "41.49%"}
126.48, [INFO], turtlebot5, {"y": "18.79", "x": "-33.86", "yaw": "2.93"}
126.48, [INFO], turtlebot5, {"y": "18.79", "x": "-33.86", "yaw": "2.93"}
126.48, [INFO], turtlebot6, {"y": "18.03", "x": "-27.22", "yaw": "-1.58"}
126.48, [INFO], turtlebot6, {"y": "18.03", "x": "-27.22", "yaw": "-1.58"}
139.68, [DEBUG], turtlebot4, {"param_list": ["PC Room 3", [[-13.5, 16.0, 3.141592653589793, true], [-28.5, 16.0, 1.5707963267948966, true], [-28.5, 18.0, -1.57, false]]], "skill": "navigation", "skill-life-cycle": "RUNNING", "label": "navto_room"}
139.73, [DEBUG], None, [debug],turtlebot4,move-base-info,Hooray, the base moved arrived,(x=-28.5;y=16)
139.73, [DEBUG], None, [debug],turtlebot4,move-base-info,Hooray, the base moved arrived,(x=-28.5;y=16)
139.85, [DEBUG], turtlebot4, {"status": "way-point-reached", "skill": "navigation", "percentage": "66.67%", "goingto": "PC Room 3"}
141.43, [INFO], turtlebot1, {"y": "33.84", "x": "-39.51", "yaw": "0.46"}
141.43, [INFO], turtlebot1, {"y": "33.84", "x": "-39.51", "yaw": "0.46"}
141.43, [INFO], turtlebot2, {"y": "18.00", "x": "-21.00", "yaw": "-1.54"}
141.43, [INFO], turtlebot2, {"y": "18.00", "x": "-21.00", "yaw": "-1.54"}
141.47, [INFO], turtlebot3, {"y": "21.48", "x": "-38.00", "yaw": "0.01"}
141.47, [INFO], turtlebot3, {"y": "21.48", "x": "-38.00", "yaw": "0.01"}
141.47, [INFO], turtlebot4, {"battery-level": "40.65%"}
141.47, [INFO], turtlebot4, {"battery-level": "40.65%"}
141.48, [INFO], turtlebot4, {"y": "16.28", "x": "-28.18", "yaw": "1.62"}
141.48, [INFO], turtlebot4, {"y": "16.28", "x": "-28.18", "yaw": "1.62"}
141.48, [INFO], turtlebot5, {"y": "18.79", "x": "-33.87", "yaw": "2.95"}
141.48, [INFO], turtlebot5, {"y": "18.79", "x": "-33.87", "yaw": "2.95"}
141.48, [INFO], turtlebot6, {"y": "18.03", "x": "-27.22", "yaw": "-1.58"}
141.48, [INFO], turtlebot6, {"y": "18.03", "x": "-27.22", "yaw": "-1.58"}
156.43, [INFO], turtlebot1, {"y": "33.84", "x": "-39.50", "yaw": "0.46"}
156.43, [INFO], turtlebot1, {"y": "33.84", "x": "-39.50", "yaw": "0.46"}
156.43, [INFO], turtlebot2, {"y": "18.00", "x": "-21.00", "yaw": "-1.54"}
156.43, [INFO], turtlebot2, {"y": "18.00", "x": "-21.00", "yaw": "-1.54"}
156.45, [INFO], turtlebot3, {"y": "21.48", "x": "-38.00", "yaw": "0.01"}
156.45, [INFO], turtlebot3, {"y": "21.48", "x": "-38.00", "yaw": "0.01"}
156.47, [INFO], turtlebot4, {"battery-level": "39.75%"}
156.47, [INFO], turtlebot4, {"battery-level": "39.75%"}
156.47, [INFO], turtlebot4, {"y": "17.62", "x": "-28.38", "yaw": "-1.62"}
156.47, [INFO], turtlebot4, {"y": "17.62", "x": "-28.38", "yaw": "-1.62"}
156.48, [INFO], turtlebot6, {"y": "18.03", "x": "-27.22", "yaw": "-1.57"}
156.48, [INFO], turtlebot6, {"y": "18.03", "x": "-27.22", "yaw": "-1.57"}
156.48, [INFO], turtlebot5, {"y": "18.79", "x": "-33.87", "yaw": "2.98"}
156.48, [INFO], turtlebot5, {"y": "18.79", "x": "-33.87", "yaw": "2.98"}
156.50, [DEBUG], None, [debug],turtlebot4,move-base-info,Hooray, the base moved arrived,(x=-28.5;y=18)
156.50, [DEBUG], None, [debug],turtlebot4,move-base-info,Hooray, the base moved arrived,(x=-28.5;y=18)
156.62, [DEBUG], turtlebot4, {"status": "way-point-reached", "skill": "navigation", "percentage": "100.00%", "goingto": "PC Room 3"}
156.68, [DEBUG], turtlebot4, {"param_list": ["PC Room 3", [[-13.5, 16.0, 3.141592653589793, true], [-28.5, 16.0, 1.5707963267948966, true], [-28.5, 18.0, -1.57, false]]], "skill": "navigation", "skill-life-cycle": "SUCCESS", "label": "navto_room"}
156.68, [DEBUG], turtlebot4, "available-skills=['send_message', 'wait_message', 'approach_person', 'approach_robot', 'authenticate_person', 'navigation', 'operate_drawer']"
156.70, [DEBUG], turtlebot4, {"param_list": ["nurse"], "skill": "approach_person", "skill-life-cycle": "STARTED", "label": "approach_nurse"}
156.75, [DEBUG], turtlebot4, {"status": "localize-person", "skill": "approach-person", "who": "nurse"}
157.28, [DEBUG], turtlebot4, {"status": "goto-person", "skill": "approach-person", "who": "nurse"}
157.38, [DEBUG], turtlebot4, {"param_list": ["nurse"], "skill": "approach_person", "skill-life-cycle": "SUCCESS", "label": "approach_nurse"}
157.38, [DEBUG], turtlebot4, "available-skills=['send_message', 'wait_message', 'approach_person', 'approach_robot', 'authenticate_person', 'navigation', 'operate_drawer']"
157.38, [DEBUG], turtlebot4, {"param_list": ["nurse"], "skill": "authenticate_person", "skill-life-cycle": "STARTED", "label": "authenticate_nurse"}
157.50, [DEBUG], turtlebot4, {"status": "request-authentication", "to": "nurse", "skill": "authenticate-person"}
157.50, [INFO], nurse, {"status": "message-received", "skill": "athentication-request"}
157.52, [INFO], nurse, {"status": "message-received", "skill": "athentication-request"}
157.72, [DEBUG], turtlebot4, {"status": "received-authentication", "skill": "authenticate-person", "from": "nurse"}
157.80, [DEBUG], turtlebot4, {"param_list": ["nurse"], "skill": "authenticate_person", "skill-life-cycle": "SUCCESS", "label": "authenticate_nurse"}
157.80, [DEBUG], turtlebot4, "available-skills=['send_message', 'wait_message', 'approach_person', 'approach_robot', 'authenticate_person', 'navigation', 'operate_drawer']"
157.80, [DEBUG], turtlebot4, {"param_list": ["open"], "skill": "operate_drawer", "skill-life-cycle": "STARTED", "label": "open_drawer_for_nurse"}
157.88, [DEBUG], turtlebot4, {"status": "task-update", "action": "open", "skill": "operate-drawer"}
158.73, [DEBUG], turtlebot4, {"param_list": ["open"], "skill": "operate_drawer", "skill-life-cycle": "SUCCESS", "label": "open_drawer_for_nurse"}
158.73, [DEBUG], turtlebot4, "available-skills=['send_message', 'wait_message', 'approach_person', 'approach_robot', 'authenticate_person', 'navigation', 'operate_drawer']"
158.73, [DEBUG], turtlebot4, {"param_list": ["nurse"], "skill": "send_message", "skill-life-cycle": "STARTED", "label": "notify_nurse_of_open_drawer_for_nurse_completed"}
158.80, [INFO], turtlebot4, {"to": "nurse", "skill": "send-message"}
159.57, [INFO], nurse, {"status": "message-received", "skill": "wait-message"}
159.57, [INFO], nurse, {"status": "message-received", "skill": "wait-message"}
161.95, [DEBUG], turtlebot4, {"param_list": ["nurse"], "skill": "send_message", "skill-life-cycle": "SUCCESS", "label": "notify_nurse_of_open_drawer_for_nurse_completed"}
161.95, [DEBUG], turtlebot4, "available-skills=['send_message', 'wait_message', 'approach_person', 'approach_robot', 'authenticate_person', 'navigation', 'operate_drawer']"
161.97, [DEBUG], turtlebot4, {"param_list": ["nurse"], "skill": "wait_message", "skill-life-cycle": "STARTED", "label": "wait_nurse_to_complete_deposit"}
163.62, [INFO], turtlebot4, {"status": "message-received", "skill": "wait-message"}
163.70, [DEBUG], turtlebot4, {"param_list": ["nurse"], "skill": "wait_message", "skill-life-cycle": "SUCCESS", "label": "wait_nurse_to_complete_deposit"}
163.70, [DEBUG], turtlebot4, "available-skills=['send_message', 'wait_message', 'approach_person', 'approach_robot', 'authenticate_person', 'navigation', 'operate_drawer']"
163.70, [DEBUG], turtlebot4, {"param_list": ["close"], "skill": "operate_drawer", "skill-life-cycle": "STARTED", "label": "close_drawer_nurse"}
163.77, [DEBUG], turtlebot4, {"status": "task-update", "action": "close", "skill": "operate-drawer"}
164.60, [DEBUG], turtlebot4, {"param_list": ["close"], "skill": "operate_drawer", "skill-life-cycle": "SUCCESS", "label": "close_drawer_nurse"}
164.60, [DEBUG], turtlebot4, "available-skills=['send_message', 'wait_message', 'approach_person', 'approach_robot', 'authenticate_person', 'navigation', 'operate_drawer']"
164.60, [DEBUG], turtlebot4, {"param_list": ["Laboratory", [[-28.5, 16.0, 0.0, true], [-26.0, 16.0, -1.5707963267948966, true], [-26.0, 13.0, 1.57, false]]], "skill": "navigation", "skill-life-cycle": "STARTED", "label": "navto_lab"}
169.55, [INFO], nurse, {"status": "message-received", "skill": "wait-message"}
169.55, [INFO], nurse, {"status": "message-received", "skill": "wait-message"}
171.43, [INFO], turtlebot1, {"y": "33.84", "x": "-39.50", "yaw": "0.46"}
171.43, [INFO], turtlebot2, {"y": "18.00", "x": "-21.00", "yaw": "-1.54"}
171.43, [INFO], turtlebot1, {"y": "33.84", "x": "-39.50", "yaw": "0.46"}
171.43, [INFO], turtlebot2, {"y": "18.00", "x": "-21.00", "yaw": "-1.54"}
171.45, [INFO], turtlebot3, {"y": "21.48", "x": "-38.00", "yaw": "0.01"}
171.45, [INFO], turtlebot3, {"y": "21.48", "x": "-38.00", "yaw": "0.01"}
171.47, [INFO], turtlebot4, {"battery-level": "38.85%"}
171.47, [INFO], turtlebot4, {"battery-level": "38.85%"}
171.48, [INFO], turtlebot4, {"y": "17.38", "x": "-28.43", "yaw": "-1.92"}
171.48, [INFO], turtlebot4, {"y": "17.38", "x": "-28.43", "yaw": "-1.92"}
171.48, [INFO], turtlebot5, {"y": "18.79", "x": "-33.88", "yaw": "3.00"}
171.48, [INFO], turtlebot5, {"y": "18.79", "x": "-33.88", "yaw": "3.00"}
171.48, [INFO], turtlebot6, {"y": "18.03", "x": "-27.22", "yaw": "-1.57"}
171.48, [INFO], turtlebot6, {"y": "18.03", "x": "-27.22", "yaw": "-1.57"}
177.50, [INFO], nurse, {"status": "waiting", "skill": "athentication-sent"}
177.50, [INFO], nurse, {"status": "waiting", "skill": "athentication-sent"}
179.55, [INFO], nurse, {"status": "message-received", "skill": "wait-message"}
179.55, [INFO], nurse, {"status": "message-received", "skill": "wait-message"}
185.08, [DEBUG], turtlebot4, {"param_list": ["Laboratory", [[-28.5, 16.0, 0.0, true], [-26.0, 16.0, -1.5707963267948966, true], [-26.0, 13.0, 1.57, false]]], "skill": "navigation", "skill-life-cycle": "RUNNING", "label": "navto_lab"}
186.28, [DEBUG], None, [debug],turtlebot4,move-base-info,Hooray, the base moved arrived,(x=-28.5;y=16)
186.28, [DEBUG], None, [debug],turtlebot4,move-base-info,Hooray, the base moved arrived,(x=-28.5;y=16)
186.28, [DEBUG], turtlebot4, {"status": "way-point-reached", "skill": "navigation", "percentage": "33.33%", "goingto": "Laboratory"}
186.43, [INFO], turtlebot1, {"y": "33.84", "x": "-39.50", "yaw": "0.46"}
186.43, [INFO], turtlebot2, {"y": "18.00", "x": "-21.00", "yaw": "-1.54"}
186.43, [INFO], turtlebot1, {"y": "33.84", "x": "-39.50", "yaw": "0.46"}
186.43, [INFO], turtlebot2, {"y": "18.00", "x": "-21.00", "yaw": "-1.54"}
186.47, [INFO], turtlebot3, {"y": "21.48", "x": "-38.00", "yaw": "0.01"}
186.47, [INFO], turtlebot3, {"y": "21.48", "x": "-38.00", "yaw": "0.01"}
186.47, [INFO], turtlebot4, {"battery-level": "37.89%"}
186.47, [INFO], turtlebot4, {"y": "16.44", "x": "-28.60", "yaw": "-0.05"}
186.47, [INFO], turtlebot4, {"battery-level": "37.89%"}
186.47, [INFO], turtlebot4, {"y": "16.44", "x": "-28.60", "yaw": "-0.05"}
186.48, [INFO], turtlebot5, {"y": "18.79", "x": "-33.88", "yaw": "3.00"}
186.48, [INFO], turtlebot5, {"y": "18.79", "x": "-33.88", "yaw": "3.00"}
186.48, [INFO], turtlebot6, {"y": "18.03", "x": "-27.22", "yaw": "-1.57"}
186.48, [INFO], turtlebot6, {"y": "18.03", "x": "-27.22", "yaw": "-1.57"}
189.55, [INFO], nurse, {"status": "message-received", "skill": "wait-message"}
189.55, [INFO], nurse, {"status": "message-received", "skill": "wait-message"}
201.43, [INFO], turtlebot2, {"y": "18.00", "x": "-21.01", "yaw": "-1.54"}
201.43, [INFO], turtlebot2, {"y": "18.00", "x": "-21.01", "yaw": "-1.54"}
201.43, [INFO], turtlebot1, {"y": "33.84", "x": "-39.50", "yaw": "0.46"}
201.45, [INFO], turtlebot1, {"y": "33.84", "x": "-39.50", "yaw": "0.46"}
201.45, [INFO], turtlebot3, {"y": "21.48", "x": "-38.01", "yaw": "0.03"}
201.45, [INFO], turtlebot3, {"y": "21.48", "x": "-38.01", "yaw": "0.03"}
201.47, [INFO], turtlebot4, {"battery-level": "36.99%"}
201.47, [INFO], turtlebot4, {"battery-level": "36.99%"}
201.48, [INFO], turtlebot4, {"y": "16.03", "x": "-27.28", "yaw": "0.12"}
201.48, [INFO], turtlebot4, {"y": "16.03", "x": "-27.28", "yaw": "0.12"}
201.48, [INFO], turtlebot6, {"y": "18.03", "x": "-27.22", "yaw": "-1.57"}
201.48, [INFO], turtlebot6, {"y": "18.03", "x": "-27.22", "yaw": "-1.57"}
201.48, [INFO], turtlebot5, {"y": "18.79", "x": "-33.88", "yaw": "3.01"}
201.48, [INFO], turtlebot5, {"y": "18.79", "x": "-33.88", "yaw": "3.01"}
211.23, [DEBUG], None, [debug],turtlebot4,move-base-info,Hooray, the base moved arrived,(x=-26;y=16)
211.25, [DEBUG], None, [debug],turtlebot4,move-base-info,Hooray, the base moved arrived,(x=-26;y=16)
211.38, [DEBUG], turtlebot4, {"status": "way-point-reached", "skill": "navigation", "percentage": "66.67%", "goingto": "Laboratory"}
216.43, [INFO], turtlebot1, {"y": "33.84", "x": "-39.50", "yaw": "0.46"}
216.43, [INFO], turtlebot1, {"y": "33.84", "x": "-39.50", "yaw": "0.46"}
216.43, [INFO], turtlebot2, {"y": "18.00", "x": "-21.01", "yaw": "-1.54"}
216.43, [INFO], turtlebot2, {"y": "18.00", "x": "-21.01", "yaw": "-1.54"}
216.45, [INFO], turtlebot3, {"y": "21.48", "x": "-38.02", "yaw": "0.03"}
216.45, [INFO], turtlebot3, {"y": "21.48", "x": "-38.02", "yaw": "0.03"}
216.47, [INFO], turtlebot4, {"y": "16.24", "x": "-26.36", "yaw": "-1.37"}
216.47, [INFO], turtlebot4, {"y": "16.24", "x": "-26.36", "yaw": "-1.37"}
216.47, [INFO], turtlebot4, {"battery-level": "36.15%"}
216.47, [INFO], turtlebot4, {"battery-level": "36.15%"}
216.48, [INFO], turtlebot5, {"y": "18.79", "x": "-33.88", "yaw": "3.01"}
216.48, [INFO], turtlebot5, {"y": "18.79", "x": "-33.88", "yaw": "3.01"}
216.48, [INFO], turtlebot6, {"y": "18.03", "x": "-27.21", "yaw": "-1.57"}
216.48, [INFO], turtlebot6, {"y": "18.03", "x": "-27.21", "yaw": "-1.57"}
228.55, [DEBUG], turtlebot4, {"param_list": ["Laboratory", [[-28.5, 16.0, 0.0, true], [-26.0, 16.0, -1.5707963267948966, true], [-26.0, 13.0, 1.57, false]]], "skill": "navigation", "skill-life-cycle": "RUNNING", "label": "navto_lab"}
231.43, [INFO], turtlebot1, {"y": "33.84", "x": "-39.50", "yaw": "0.46"}
231.43, [INFO], turtlebot1, {"y": "33.84", "x": "-39.50", "yaw": "0.46"}
231.43, [INFO], turtlebot2, {"y": "18.00", "x": "-21.01", "yaw": "-1.54"}
231.43, [INFO], turtlebot2, {"y": "18.00", "x": "-21.01", "yaw": "-1.54"}
231.45, [INFO], turtlebot3, {"y": "21.49", "x": "-38.03", "yaw": "0.03"}
231.45, [INFO], turtlebot3, {"y": "21.49", "x": "-38.03", "yaw": "0.03"}
231.47, [INFO], turtlebot4, {"y": "15.03", "x": "-25.88", "yaw": "-1.38"}
231.47, [INFO], turtlebot4, {"y": "15.03", "x": "-25.88", "yaw": "-1.38"}
231.47, [INFO], turtlebot4, {"battery-level": "35.25%"}
231.48, [INFO], turtlebot4, {"battery-level": "35.25%"}
231.48, [INFO], turtlebot6, {"y": "18.03", "x": "-27.21", "yaw": "-1.57"}
231.48, [INFO], turtlebot6, {"y": "18.03", "x": "-27.21", "yaw": "-1.57"}
231.48, [INFO], turtlebot5, {"y": "18.79", "x": "-33.88", "yaw": "3.01"}
231.48, [INFO], turtlebot5, {"y": "18.79", "x": "-33.88", "yaw": "3.01"}
246.43, [INFO], turtlebot2, {"y": "18.00", "x": "-21.02", "yaw": "-1.54"}
246.43, [INFO], turtlebot2, {"y": "18.00", "x": "-21.02", "yaw": "-1.54"}
246.43, [INFO], turtlebot1, {"y": "33.84", "x": "-39.50", "yaw": "0.46"}
246.43, [INFO], turtlebot1, {"y": "33.84", "x": "-39.50", "yaw": "0.46"}
246.45, [INFO], turtlebot3, {"y": "21.49", "x": "-38.04", "yaw": "0.03"}
246.45, [INFO], turtlebot3, {"y": "21.49", "x": "-38.04", "yaw": "0.03"}
246.47, [INFO], turtlebot4, {"battery-level": "34.29%"}
246.47, [INFO], turtlebot4, {"battery-level": "34.29%"}
246.47, [INFO], turtlebot4, {"y": "13.79", "x": "-25.76", "yaw": "-1.52"}
246.47, [INFO], turtlebot4, {"y": "13.79", "x": "-25.76", "yaw": "-1.52"}
246.48, [INFO], turtlebot6, {"y": "18.03", "x": "-27.21", "yaw": "-1.57"}
246.48, [INFO], turtlebot6, {"y": "18.03", "x": "-27.21", "yaw": "-1.57"}
246.48, [INFO], turtlebot5, {"y": "18.79", "x": "-33.88", "yaw": "3.01"}
246.48, [INFO], turtlebot5, {"y": "18.79", "x": "-33.88", "yaw": "3.01"}
257.40, [DEBUG], None, [debug],turtlebot4,move-base-info,Hooray, the base moved arrived,(x=-26;y=13)
257.40, [DEBUG], None, [debug],turtlebot4,move-base-info,Hooray, the base moved arrived,(x=-26;y=13)
257.52, [DEBUG], turtlebot4, {"status": "way-point-reached", "skill": "navigation", "percentage": "100.00%", "goingto": "Laboratory"}
257.60, [DEBUG], turtlebot4, {"param_list": ["Laboratory", [[-28.5, 16.0, 0.0, true], [-26.0, 16.0, -1.5707963267948966, true], [-26.0, 13.0, 1.57, false]]], "skill": "navigation", "skill-life-cycle": "SUCCESS", "label": "navto_lab"}
257.60, [DEBUG], turtlebot4, "available-skills=['send_message', 'wait_message', 'approach_person', 'approach_robot', 'authenticate_person', 'navigation', 'operate_drawer']"
257.60, [DEBUG], turtlebot4, {"param_list": ["lab_arm"], "skill": "approach_robot", "skill-life-cycle": "STARTED", "label": "approach_arm"}
257.68, [DEBUG], turtlebot4, {"status": "localize-robot", "skill": "=approach-robot", "who": "lab_arm"}
258.45, [DEBUG], turtlebot4, {"status": "goto-robot", "skill": "approach-robot", "who": "lab_arm"}
258.53, [DEBUG], turtlebot4, {"param_list": ["lab_arm"], "skill": "approach_robot", "skill-life-cycle": "SUCCESS", "label": "approach_arm"}
258.53, [DEBUG], turtlebot4, "available-skills=['send_message', 'wait_message', 'approach_person', 'approach_robot', 'authenticate_person', 'navigation', 'operate_drawer']"
258.53, [DEBUG], turtlebot4, {"param_list": ["open"], "skill": "operate_drawer", "skill-life-cycle": "STARTED", "label": "open_drawer_lab"}
258.60, [DEBUG], turtlebot4, {"status": "task-update", "action": "open", "skill": "operate-drawer"}
259.48, [DEBUG], turtlebot4, {"param_list": ["open"], "skill": "operate_drawer", "skill-life-cycle": "SUCCESS", "label": "open_drawer_lab"}
259.48, [DEBUG], turtlebot4, "available-skills=['send_message', 'wait_message', 'approach_person', 'approach_robot', 'authenticate_person', 'navigation', 'operate_drawer']"
259.48, [DEBUG], turtlebot4, {"param_list": ["lab_arm"], "skill": "send_message", "skill-life-cycle": "STARTED", "label": "notify_lab_arm_of_open_drawer_lab_completed"}
259.62, [INFO], turtlebot4, {"to": "lab_arm", "skill": "send-message"}
260.37, [INFO], lab_arm, {"status": "sample-received", "skill": "wait-sample"}
260.37, [INFO], lab_arm, {"status": "sample-received", "skill": "wait-sample"}
260.37, [INFO], nurse, {"status": "sample-received", "skill": "wait-sample"}
260.37, [INFO], nurse, {"status": "sample-received", "skill": "wait-sample"}
260.37, [DEBUG], None, ENDSIM
260.37, [DEBUG], None, end!
