0.00, [DEBUG], logger, ROBOTS_CONFIG=[{"avg_speed": 0.15, "battery_charge": 0.3020349930380309, "battery_discharge_rate": 0.00048000000000000007, "id": 1, "local_plan": null, "location": "PC Room 8", "name": "r1", "position": [-11.5, 18.0, -1.57], "skills": ["approach_person", "approach_robot", "authenticate_person", "navigation", "operate_drawer"]}, {"avg_speed": 0.15, "battery_charge": 0.5779176354739738, "battery_discharge_rate": 0.00054, "id": 2, "local_plan": null, "location": "PC Room 6", "name": "r2", "position": [-19.0, 18.0, -1.57], "skills": ["approach_person", "approach_robot", "authenticate_person", "navigation", "operate_drawer"]}, {"avg_speed": 0.15, "battery_charge": 0.7232396784987936, "battery_discharge_rate": 0.00036, "id": 3, "local_plan": [["navigation", ["IC Room 6", [[-38.0, 21.5, 0.0], [-37.0, 21.5], [-37.0, 18.93], [-33.9, 18.93, 3.14]]], "navto_room"], ["approach_person", ["nurse"], "approach_nurse"], ["authenticate_person", ["nurse"], "authenticate_nurse"], ["operate_drawer", ["open"], "open_drawer_for_nurse"], ["send_message", ["nurse"], "notify_nurse_of_open_drawer_for_nurse_completed"], ["wait_message", ["nurse"], "wait_nurse_to_complete_deposit"], ["operate_drawer", ["close"], "close_drawer_nurse"], ["navigation", ["Laboratory", [[-33.9, 18.93, 3.14], [-37.0, 18.93], [-37.0, 16.0], [-26.0, 16.0], [-26.0, 13.0, 1.57]]], "navto_lab"], ["approach_robot", ["lab_arm"], "approach_arm"], ["operate_drawer", ["open"], "open_drawer_lab"], ["send_message", ["lab_arm"], "notify_lab_arm_of_open_drawer_lab_completed"], ["wait_message", ["lab_arm"], "wait_lab_arm_to_complete_pick_up_sample"], ["operate_drawer", ["close"], "close_drawer_lab"]], "location": "IC Room 2", "name": "r3", "position": [-38.0, 21.5, 0.0], "skills": ["approach_person", "approach_robot", "authenticate_person", "navigation", "operate_drawer"]}, {"avg_speed": 0.15, "battery_charge": 0.4863040833267539, "battery_discharge_rate": 0.0006000000000000001, "id": 4, "local_plan": null, "location": "IC Room 4", "name": "r4", "position": [-39.44, 33.95, 0.0], "skills": ["approach_person", "approach_robot", "authenticate_person", "navigation", "operate_drawer"]}, {"avg_speed": 0.15, "battery_charge": 0.7258412726774711, "battery_discharge_rate": 0.0002, "id": 5, "local_plan": null, "location": "PC Room 7", "name": "r5", "position": [-13.5, 18.0, -1.57], "skills": ["approach_person", "approach_robot", "authenticate_person", "navigation", "operate_drawer"]}, {"avg_speed": 0.15, "battery_charge": 0.9109794326728246, "battery_discharge_rate": 0.00072, "id": 6, "local_plan": null, "location": "IC Room 5", "name": "r6", "position": [-32.88, 33.98, 3.14], "skills": ["approach_person", "approach_robot", "authenticate_person", "navigation", "operate_drawer"]}]
0.00, [DEBUG], logger, NURSES_CONFIG=[{"location": "IC Room 6", "position": [-32.9, 19.93, 3.14]}]
0.00, [DEBUG], logger, Simulation open
0.00, [DEBUG], logger, subcribing to in the topic /log
4.87, [DEBUG], None, [debug],turtlebot4,move-base-info,Move_base is up and ok....,
5.10, [DEBUG], None, [debug],turtlebot5,move-base-info,Move_base is up and ok....,
5.35, [DEBUG], None, [debug],turtlebot6,move-base-info,Move_base is up and ok....,
5.50, [DEBUG], None, [debug],turtlebot3,move-base-info,Move_base is up and ok....,
5.50, [DEBUG], None, [debug],turtlebot1,move-base-info,Move_base is up and ok....,
5.57, [DEBUG], None, [debug],turtlebot2,move-base-info,Move_base is up and ok....,
11.00, [DEBUG], turtlebot4, {"param_list": [], "skill": "init_robobt", "skill-life-cycle": "RUNNING", "label": "init_robobt"}
11.00, [DEBUG], turtlebot5, {"param_list": [], "skill": "init_robobt", "skill-life-cycle": "RUNNING", "label": "init_robobt"}
11.10, [DEBUG], turtlebot2, {"param_list": [], "skill": "init_robobt", "skill-life-cycle": "RUNNING", "label": "init_robobt"}
11.13, [DEBUG], turtlebot3, {"param_list": [], "skill": "init_robobt", "skill-life-cycle": "RUNNING", "label": "init_robobt"}
13.73, [DEBUG], turtlebot6, {"param_list": [], "skill": "init_robobt", "skill-life-cycle": "SUCCESS", "label": "init_robobt"}
14.28, [DEBUG], turtlebot1, {"param_list": [], "skill": "init_robobt", "skill-life-cycle": "SUCCESS", "label": "init_robobt"}
14.60, [DEBUG], turtlebot4, {"param_list": [], "skill": "init_robobt", "skill-life-cycle": "SUCCESS", "label": "init_robobt"}
14.90, [DEBUG], turtlebot5, {"param_list": [], "skill": "init_robobt", "skill-life-cycle": "SUCCESS", "label": "init_robobt"}
14.93, [DEBUG], turtlebot2, {"param_list": [], "skill": "init_robobt", "skill-life-cycle": "SUCCESS", "label": "init_robobt"}
15.12, [DEBUG], turtlebot3, {"param_list": [], "skill": "init_robobt", "skill-life-cycle": "SUCCESS", "label": "init_robobt"}
15.13, [DEBUG], turtlebot3, "available-skills=['send_message', 'wait_message', 'approach_person', 'approach_robot', 'authenticate_person', 'navigation', 'operate_drawer']"
15.13, [DEBUG], turtlebot3, {"param_list": ["IC Room 6", [[-37.0, 21.5, -1.5707963267948966, true], [-37.0, 18.93, 0.0, true], [-33.9, 18.93, 3.14, false]]], "skill": "navigation", "skill-life-cycle": "STARTED", "label": "navto_room"}
22.55, [INFO], turtlebot2, {"y": "17.99", "x": "-19.02", "yaw": "-1.38"}
22.55, [INFO], turtlebot1, {"y": "17.82", "x": "-11.46", "yaw": "-1.25"}
22.55, [INFO], turtlebot5, {"y": "18.00", "x": "-13.50", "yaw": "-1.50"}
22.57, [INFO], turtlebot6, {"y": "33.97", "x": "-32.89", "yaw": "-3.10"}
22.57, [INFO], turtlebot3, {"battery-level": "71.80%"}
22.58, [INFO], turtlebot3, {"y": "21.51", "x": "-37.74", "yaw": "0.09"}
22.58, [INFO], turtlebot4, {"y": "33.84", "x": "-39.51", "yaw": "0.46"}
22.75, [INFO], turtlebot2, {"y": "17.99", "x": "-19.02", "yaw": "-1.38"}
22.75, [INFO], turtlebot1, {"y": "17.82", "x": "-11.46", "yaw": "-1.25"}
22.75, [INFO], turtlebot5, {"y": "18.00", "x": "-13.50", "yaw": "-1.50"}
22.77, [INFO], turtlebot6, {"y": "33.97", "x": "-32.89", "yaw": "-3.10"}
22.77, [INFO], turtlebot3, {"battery-level": "71.80%"}
22.77, [INFO], turtlebot3, {"y": "21.51", "x": "-37.74", "yaw": "0.09"}
22.77, [INFO], turtlebot4, {"y": "33.84", "x": "-39.51", "yaw": "0.46"}
30.02, [DEBUG], None, [debug],turtlebot3,move-base-info,Hooray, the base moved arrived,(x=-37;y=21.5)
30.02, [DEBUG], None, [debug],turtlebot3,move-base-info,Hooray, the base moved arrived,(x=-37;y=21.5)
30.10, [DEBUG], turtlebot3, {"status": "way-point-reached", "skill": "navigation", "percentage": "33.33%", "goingto": "IC Room 6"}
37.55, [INFO], turtlebot1, {"y": "17.82", "x": "-11.46", "yaw": "-1.25"}
37.55, [INFO], turtlebot2, {"y": "17.99", "x": "-19.01", "yaw": "-1.38"}
37.57, [INFO], turtlebot4, {"y": "33.84", "x": "-39.51", "yaw": "0.46"}
37.57, [INFO], turtlebot3, {"battery-level": "71.20%"}
37.57, [INFO], turtlebot3, {"y": "21.16", "x": "-37.33", "yaw": "-1.03"}
37.57, [INFO], turtlebot6, {"y": "33.97", "x": "-32.89", "yaw": "-3.10"}
37.58, [INFO], turtlebot5, {"y": "18.00", "x": "-13.49", "yaw": "-1.49"}
37.73, [INFO], turtlebot1, {"y": "17.82", "x": "-11.46", "yaw": "-1.25"}
37.73, [INFO], turtlebot2, {"y": "17.99", "x": "-19.01", "yaw": "-1.38"}
37.73, [INFO], turtlebot4, {"y": "33.84", "x": "-39.51", "yaw": "0.46"}
37.73, [INFO], turtlebot3, {"battery-level": "71.20%"}
37.75, [INFO], turtlebot3, {"y": "21.16", "x": "-37.33", "yaw": "-1.03"}
37.75, [INFO], turtlebot6, {"y": "33.97", "x": "-32.89", "yaw": "-3.10"}
37.75, [INFO], turtlebot5, {"y": "18.00", "x": "-13.49", "yaw": "-1.49"}
52.55, [INFO], turtlebot1, {"y": "17.82", "x": "-11.46", "yaw": "-1.25"}
52.55, [INFO], turtlebot2, {"y": "17.99", "x": "-19.01", "yaw": "-1.38"}
52.57, [INFO], turtlebot3, {"battery-level": "70.60%"}
52.57, [INFO], turtlebot5, {"y": "18.00", "x": "-13.49", "yaw": "-1.48"}
52.57, [INFO], turtlebot6, {"y": "33.97", "x": "-32.89", "yaw": "-3.10"}
52.58, [INFO], turtlebot3, {"y": "19.34", "x": "-37.27", "yaw": "-0.94"}
52.58, [INFO], turtlebot4, {"y": "33.84", "x": "-39.51", "yaw": "0.46"}
52.73, [INFO], turtlebot1, {"y": "17.82", "x": "-11.46", "yaw": "-1.25"}
52.73, [INFO], turtlebot2, {"y": "17.99", "x": "-19.01", "yaw": "-1.38"}
52.73, [INFO], turtlebot3, {"battery-level": "70.60%"}
52.75, [INFO], turtlebot5, {"y": "18.00", "x": "-13.49", "yaw": "-1.48"}
52.75, [INFO], turtlebot6, {"y": "33.97", "x": "-32.89", "yaw": "-3.10"}
52.75, [INFO], turtlebot3, {"y": "19.34", "x": "-37.27", "yaw": "-0.94"}
52.75, [INFO], turtlebot4, {"y": "33.84", "x": "-39.51", "yaw": "0.46"}
55.38, [DEBUG], None, [debug],turtlebot3,move-base-info,Hooray, the base moved arrived,(x=-37;y=18.93)
55.38, [DEBUG], None, [debug],turtlebot3,move-base-info,Hooray, the base moved arrived,(x=-37;y=18.93)
55.53, [DEBUG], turtlebot3, {"status": "way-point-reached", "skill": "navigation", "percentage": "66.67%", "goingto": "IC Room 6"}
55.82, [DEBUG], turtlebot3, {"param_list": ["IC Room 6", [[-37.0, 21.5, -1.5707963267948966, true], [-37.0, 18.93, 0.0, true], [-33.9, 18.93, 3.14, false]]], "skill": "navigation", "skill-life-cycle": "RUNNING", "label": "navto_room"}
67.55, [INFO], turtlebot1, {"y": "17.82", "x": "-11.46", "yaw": "-1.25"}
67.55, [INFO], turtlebot2, {"y": "17.99", "x": "-19.01", "yaw": "-1.38"}
67.57, [INFO], turtlebot5, {"y": "18.00", "x": "-13.49", "yaw": "-1.47"}
67.57, [INFO], turtlebot3, {"y": "18.75", "x": "-36.78", "yaw": "-1.06"}
67.57, [INFO], turtlebot6, {"y": "33.97", "x": "-32.89", "yaw": "-3.10"}
67.57, [INFO], turtlebot3, {"battery-level": "69.96%"}
67.58, [INFO], turtlebot4, {"y": "33.84", "x": "-39.51", "yaw": "0.46"}
67.73, [INFO], turtlebot1, {"y": "17.82", "x": "-11.46", "yaw": "-1.25"}
67.73, [INFO], turtlebot2, {"y": "17.99", "x": "-19.01", "yaw": "-1.38"}
67.73, [INFO], turtlebot5, {"y": "18.00", "x": "-13.49", "yaw": "-1.47"}
67.73, [INFO], turtlebot3, {"y": "18.75", "x": "-36.78", "yaw": "-1.06"}
67.73, [INFO], turtlebot6, {"y": "33.97", "x": "-32.89", "yaw": "-3.10"}
67.75, [INFO], turtlebot3, {"battery-level": "69.96%"}
67.75, [INFO], turtlebot4, {"y": "33.84", "x": "-39.51", "yaw": "0.46"}
82.53, [INFO], turtlebot1, {"y": "17.82", "x": "-11.46", "yaw": "-1.25"}
82.53, [INFO], turtlebot2, {"y": "17.99", "x": "-19.01", "yaw": "-1.38"}
82.55, [INFO], turtlebot5, {"y": "17.99", "x": "-13.49", "yaw": "-1.45"}
82.57, [INFO], turtlebot6, {"y": "33.97", "x": "-32.90", "yaw": "-3.10"}
82.57, [INFO], turtlebot4, {"y": "33.84", "x": "-39.51", "yaw": "0.46"}
82.57, [INFO], turtlebot3, {"y": "17.77", "x": "-35.74", "yaw": "-0.32"}
82.57, [INFO], turtlebot3, {"battery-level": "69.36%"}
82.72, [INFO], turtlebot1, {"y": "17.82", "x": "-11.46", "yaw": "-1.25"}
82.72, [INFO], turtlebot2, {"y": "17.99", "x": "-19.01", "yaw": "-1.38"}
82.72, [INFO], turtlebot5, {"y": "17.99", "x": "-13.49", "yaw": "-1.45"}
82.72, [INFO], turtlebot6, {"y": "33.97", "x": "-32.90", "yaw": "-3.10"}
82.73, [INFO], turtlebot4, {"y": "33.84", "x": "-39.51", "yaw": "0.46"}
82.73, [INFO], turtlebot3, {"y": "17.77", "x": "-35.74", "yaw": "-0.32"}
82.73, [INFO], turtlebot3, {"battery-level": "69.36%"}
97.55, [INFO], turtlebot1, {"y": "17.82", "x": "-11.46", "yaw": "-1.25"}
97.55, [INFO], turtlebot2, {"y": "17.99", "x": "-19.01", "yaw": "-1.38"}
97.57, [INFO], turtlebot4, {"y": "33.84", "x": "-39.51", "yaw": "0.46"}
97.57, [INFO], turtlebot3, {"battery-level": "68.76%"}
97.57, [INFO], turtlebot3, {"y": "18.27", "x": "-34.57", "yaw": "0.77"}
97.57, [INFO], turtlebot5, {"y": "17.99", "x": "-13.49", "yaw": "-1.44"}
97.57, [INFO], turtlebot6, {"y": "33.97", "x": "-32.90", "yaw": "-3.10"}
97.70, [INFO], turtlebot1, {"y": "17.82", "x": "-11.46", "yaw": "-1.25"}
97.72, [INFO], turtlebot2, {"y": "17.99", "x": "-19.01", "yaw": "-1.38"}
97.72, [INFO], turtlebot4, {"y": "33.84", "x": "-39.51", "yaw": "0.46"}
97.72, [INFO], turtlebot3, {"battery-level": "68.76%"}
97.72, [INFO], turtlebot3, {"y": "18.27", "x": "-34.57", "yaw": "0.77"}
97.73, [INFO], turtlebot5, {"y": "17.99", "x": "-13.49", "yaw": "-1.44"}
97.73, [INFO], turtlebot6, {"y": "33.97", "x": "-32.90", "yaw": "-3.10"}
99.50, [DEBUG], turtlebot3, {"param_list": ["IC Room 6", [[-37.0, 21.5, -1.5707963267948966, true], [-37.0, 18.93, 0.0, true], [-33.9, 18.93, 3.14, false]]], "skill": "navigation", "skill-life-cycle": "RUNNING", "label": "navto_room"}
107.73, [DEBUG], None, [debug],turtlebot3,move-base-info,Hooray, the base moved arrived,(x=-33.9;y=18.93)
107.73, [DEBUG], None, [debug],turtlebot3,move-base-info,Hooray, the base moved arrived,(x=-33.9;y=18.93)
107.85, [DEBUG], turtlebot3, {"status": "way-point-reached", "skill": "navigation", "percentage": "100.00%", "goingto": "IC Room 6"}
107.93, [DEBUG], turtlebot3, {"param_list": ["IC Room 6", [[-37.0, 21.5, -1.5707963267948966, true], [-37.0, 18.93, 0.0, true], [-33.9, 18.93, 3.14, false]]], "skill": "navigation", "skill-life-cycle": "SUCCESS", "label": "navto_room"}
107.93, [DEBUG], turtlebot3, "available-skills=['send_message', 'wait_message', 'approach_person', 'approach_robot', 'authenticate_person', 'navigation', 'operate_drawer']"
107.93, [DEBUG], turtlebot3, {"param_list": ["nurse"], "skill": "approach_person", "skill-life-cycle": "STARTED", "label": "approach_nurse"}
108.02, [DEBUG], turtlebot3, {"status": "localize-person", "skill": "approach-person", "who": "nurse"}
108.40, [DEBUG], turtlebot3, {"status": "goto-person", "skill": "approach-person", "who": "nurse"}
108.48, [DEBUG], turtlebot3, {"param_list": ["nurse"], "skill": "approach_person", "skill-life-cycle": "SUCCESS", "label": "approach_nurse"}
108.48, [DEBUG], turtlebot3, "available-skills=['send_message', 'wait_message', 'approach_person', 'approach_robot', 'authenticate_person', 'navigation', 'operate_drawer']"
108.48, [DEBUG], turtlebot3, {"param_list": ["nurse"], "skill": "authenticate_person", "skill-life-cycle": "STARTED", "label": "authenticate_nurse"}
108.55, [DEBUG], turtlebot3, {"status": "request-authentication", "to": "nurse", "skill": "authenticate-person"}
108.57, [INFO], nurse, {"status": "message-received", "skill": "athentication-request"}
108.72, [INFO], nurse, {"status": "message-received", "skill": "athentication-request"}
108.90, [DEBUG], turtlebot3, {"status": "received-authentication", "skill": "authenticate-person", "from": "nurse"}
108.98, [DEBUG], turtlebot3, {"param_list": ["nurse"], "skill": "authenticate_person", "skill-life-cycle": "SUCCESS", "label": "authenticate_nurse"}
108.98, [DEBUG], turtlebot3, "available-skills=['send_message', 'wait_message', 'approach_person', 'approach_robot', 'authenticate_person', 'navigation', 'operate_drawer']"
108.98, [DEBUG], turtlebot3, {"param_list": ["open"], "skill": "operate_drawer", "skill-life-cycle": "STARTED", "label": "open_drawer_for_nurse"}
109.03, [DEBUG], turtlebot3, {"status": "task-update", "action": "open", "skill": "operate-drawer"}
109.92, [DEBUG], turtlebot3, {"param_list": ["open"], "skill": "operate_drawer", "skill-life-cycle": "SUCCESS", "label": "open_drawer_for_nurse"}
109.92, [DEBUG], turtlebot3, "available-skills=['send_message', 'wait_message', 'approach_person', 'approach_robot', 'authenticate_person', 'navigation', 'operate_drawer']"
109.92, [DEBUG], turtlebot3, {"param_list": ["nurse"], "skill": "send_message", "skill-life-cycle": "STARTED", "label": "notify_nurse_of_open_drawer_for_nurse_completed"}
110.03, [INFO], turtlebot3, {"to": "nurse", "skill": "send-message"}
110.82, [INFO], nurse, {"status": "message-received", "skill": "wait-message"}
110.82, [INFO], nurse, {"status": "message-received", "skill": "wait-message"}
112.55, [INFO], turtlebot1, {"y": "17.82", "x": "-11.46", "yaw": "-1.25"}
112.55, [INFO], turtlebot2, {"y": "17.99", "x": "-19.01", "yaw": "-1.38"}
112.55, [INFO], turtlebot4, {"y": "33.84", "x": "-39.51", "yaw": "0.46"}
112.57, [INFO], turtlebot3, {"y": "18.67", "x": "-34.23", "yaw": "3.10"}
112.57, [INFO], turtlebot3, {"battery-level": "68.20%"}
112.57, [INFO], turtlebot5, {"y": "17.99", "x": "-13.49", "yaw": "-1.42"}
112.58, [INFO], turtlebot6, {"y": "33.97", "x": "-32.90", "yaw": "-3.09"}
112.73, [INFO], turtlebot1, {"y": "17.82", "x": "-11.46", "yaw": "-1.25"}
112.73, [INFO], turtlebot2, {"y": "17.99", "x": "-19.01", "yaw": "-1.38"}
112.73, [INFO], turtlebot4, {"y": "33.84", "x": "-39.51", "yaw": "0.46"}
112.73, [INFO], turtlebot3, {"y": "18.67", "x": "-34.23", "yaw": "3.10"}
112.75, [INFO], turtlebot3, {"battery-level": "68.20%"}
112.75, [INFO], turtlebot5, {"y": "17.99", "x": "-13.49", "yaw": "-1.42"}
112.75, [INFO], turtlebot6, {"y": "33.97", "x": "-32.90", "yaw": "-3.09"}
113.23, [DEBUG], turtlebot3, {"param_list": ["nurse"], "skill": "send_message", "skill-life-cycle": "SUCCESS", "label": "notify_nurse_of_open_drawer_for_nurse_completed"}
113.23, [DEBUG], turtlebot3, "available-skills=['send_message', 'wait_message', 'approach_person', 'approach_robot', 'authenticate_person', 'navigation', 'operate_drawer']"
113.23, [DEBUG], turtlebot3, {"param_list": ["nurse"], "skill": "wait_message", "skill-life-cycle": "STARTED", "label": "wait_nurse_to_complete_deposit"}
114.85, [INFO], turtlebot3, {"status": "message-received", "skill": "wait-message"}
114.93, [DEBUG], turtlebot3, {"param_list": ["nurse"], "skill": "wait_message", "skill-life-cycle": "SUCCESS", "label": "wait_nurse_to_complete_deposit"}
114.93, [DEBUG], turtlebot3, "available-skills=['send_message', 'wait_message', 'approach_person', 'approach_robot', 'authenticate_person', 'navigation', 'operate_drawer']"
114.93, [DEBUG], turtlebot3, {"param_list": ["close"], "skill": "operate_drawer", "skill-life-cycle": "STARTED", "label": "close_drawer_nurse"}
115.00, [DEBUG], turtlebot3, {"status": "task-update", "action": "close", "skill": "operate-drawer"}
115.87, [DEBUG], turtlebot3, {"param_list": ["close"], "skill": "operate_drawer", "skill-life-cycle": "SUCCESS", "label": "close_drawer_nurse"}
115.87, [DEBUG], turtlebot3, "available-skills=['send_message', 'wait_message', 'approach_person', 'approach_robot', 'authenticate_person', 'navigation', 'operate_drawer']"
115.87, [DEBUG], turtlebot3, {"param_list": ["Laboratory", [[-37.0, 18.93, -1.5707963267948966, true], [-37.0, 16.0, 0.0, true], [-26.0, 16.0, -1.5707963267948966, true], [-26.0, 13.0, 1.57, false]]], "skill": "navigation", "skill-life-cycle": "STARTED", "label": "navto_lab"}
120.82, [INFO], nurse, {"status": "message-received", "skill": "wait-message"}
120.82, [INFO], nurse, {"status": "message-received", "skill": "wait-message"}
127.55, [INFO], turtlebot1, {"y": "17.82", "x": "-11.46", "yaw": "-1.25"}
127.55, [INFO], turtlebot2, {"y": "17.99", "x": "-19.01", "yaw": "-1.38"}
127.55, [INFO], turtlebot6, {"y": "33.97", "x": "-32.90", "yaw": "-3.09"}
127.57, [INFO], turtlebot3, {"y": "18.46", "x": "-34.79", "yaw": "-2.14"}
127.57, [INFO], turtlebot4, {"y": "33.84", "x": "-39.51", "yaw": "0.46"}
127.57, [INFO], turtlebot5, {"y": "17.99", "x": "-13.49", "yaw": "-1.40"}
127.57, [INFO], turtlebot3, {"battery-level": "67.56%"}
127.70, [INFO], turtlebot1, {"y": "17.82", "x": "-11.46", "yaw": "-1.25"}
127.70, [INFO], turtlebot2, {"y": "17.99", "x": "-19.01", "yaw": "-1.38"}
127.72, [INFO], turtlebot6, {"y": "33.97", "x": "-32.90", "yaw": "-3.09"}
127.73, [INFO], turtlebot3, {"y": "18.46", "x": "-34.79", "yaw": "-2.14"}
127.73, [INFO], turtlebot4, {"y": "33.84", "x": "-39.51", "yaw": "0.46"}
127.73, [INFO], turtlebot5, {"y": "17.99", "x": "-13.49", "yaw": "-1.40"}
127.75, [INFO], turtlebot3, {"battery-level": "67.56%"}
128.57, [INFO], nurse, {"status": "waiting", "skill": "athentication-sent"}
128.73, [INFO], nurse, {"status": "waiting", "skill": "athentication-sent"}
130.82, [INFO], nurse, {"status": "message-received", "skill": "wait-message"}
130.82, [INFO], nurse, {"status": "message-received", "skill": "wait-message"}
140.82, [INFO], nurse, {"status": "message-received", "skill": "wait-message"}
140.82, [INFO], nurse, {"status": "message-received", "skill": "wait-message"}
142.53, [INFO], turtlebot2, {"y": "17.99", "x": "-19.01", "yaw": "-1.38"}
142.55, [INFO], turtlebot1, {"y": "17.82", "x": "-11.46", "yaw": "-1.25"}
142.57, [INFO], turtlebot4, {"y": "33.84", "x": "-39.51", "yaw": "0.46"}
142.57, [INFO], turtlebot5, {"y": "17.98", "x": "-13.49", "yaw": "-1.38"}
142.57, [INFO], turtlebot6, {"y": "33.97", "x": "-32.90", "yaw": "-3.09"}
142.57, [INFO], turtlebot3, {"y": "18.22", "x": "-34.89", "yaw": "-2.14"}
142.58, [INFO], turtlebot3, {"battery-level": "66.96%"}
142.72, [INFO], turtlebot2, {"y": "17.99", "x": "-19.01", "yaw": "-1.38"}
142.72, [INFO], turtlebot1, {"y": "17.82", "x": "-11.46", "yaw": "-1.25"}
142.72, [INFO], turtlebot4, {"y": "33.84", "x": "-39.51", "yaw": "0.46"}
142.73, [INFO], turtlebot5, {"y": "17.98", "x": "-13.49", "yaw": "-1.38"}
142.73, [INFO], turtlebot6, {"y": "33.97", "x": "-32.90", "yaw": "-3.09"}
142.73, [INFO], turtlebot3, {"y": "18.22", "x": "-34.89", "yaw": "-2.14"}
142.73, [INFO], turtlebot3, {"battery-level": "66.96%"}
145.17, [DEBUG], turtlebot3, {"param_list": ["Laboratory", [[-37.0, 18.93, -1.5707963267948966, true], [-37.0, 16.0, 0.0, true], [-26.0, 16.0, -1.5707963267948966, true], [-26.0, 13.0, 1.57, false]]], "skill": "navigation", "skill-life-cycle": "RUNNING", "label": "navto_lab"}
157.55, [INFO], turtlebot1, {"y": "17.82", "x": "-11.46", "yaw": "-1.25"}
157.55, [INFO], turtlebot2, {"y": "17.99", "x": "-19.01", "yaw": "-1.38"}
157.55, [INFO], turtlebot4, {"y": "33.84", "x": "-39.50", "yaw": "0.46"}
157.57, [INFO], turtlebot3, {"y": "18.32", "x": "-34.68", "yaw": "-2.86"}
157.57, [INFO], turtlebot5, {"y": "17.98", "x": "-13.48", "yaw": "-1.36"}
157.57, [INFO], turtlebot3, {"battery-level": "66.36%"}
157.57, [INFO], turtlebot6, {"y": "33.97", "x": "-32.90", "yaw": "-3.09"}
157.72, [INFO], turtlebot1, {"y": "17.82", "x": "-11.46", "yaw": "-1.25"}
157.72, [INFO], turtlebot2, {"y": "17.99", "x": "-19.01", "yaw": "-1.38"}
157.73, [INFO], turtlebot4, {"y": "33.84", "x": "-39.50", "yaw": "0.46"}
157.73, [INFO], turtlebot3, {"y": "18.32", "x": "-34.68", "yaw": "-2.86"}
157.73, [INFO], turtlebot5, {"y": "17.98", "x": "-13.48", "yaw": "-1.36"}
157.73, [INFO], turtlebot3, {"battery-level": "66.36%"}
157.73, [INFO], turtlebot6, {"y": "33.97", "x": "-32.90", "yaw": "-3.09"}
172.55, [INFO], turtlebot2, {"y": "17.99", "x": "-19.01", "yaw": "-1.38"}
172.55, [INFO], turtlebot1, {"y": "17.82", "x": "-11.46", "yaw": "-1.25"}
172.57, [INFO], turtlebot6, {"y": "33.97", "x": "-32.90", "yaw": "-3.09"}
172.57, [INFO], turtlebot4, {"y": "33.84", "x": "-39.50", "yaw": "0.46"}
172.57, [INFO], turtlebot3, {"y": "18.24", "x": "-34.84", "yaw": "-2.49"}
172.57, [INFO], turtlebot5, {"y": "17.97", "x": "-13.48", "yaw": "-1.34"}
172.58, [INFO], turtlebot3, {"battery-level": "65.76%"}
172.72, [INFO], turtlebot2, {"y": "17.99", "x": "-19.01", "yaw": "-1.38"}
172.72, [INFO], turtlebot1, {"y": "17.82", "x": "-11.46", "yaw": "-1.25"}
172.73, [INFO], turtlebot6, {"y": "33.97", "x": "-32.90", "yaw": "-3.09"}
172.73, [INFO], turtlebot4, {"y": "33.84", "x": "-39.50", "yaw": "0.46"}
172.73, [INFO], turtlebot3, {"y": "18.24", "x": "-34.84", "yaw": "-2.49"}
172.73, [INFO], turtlebot5, {"y": "17.97", "x": "-13.48", "yaw": "-1.34"}
172.75, [INFO], turtlebot3, {"battery-level": "65.76%"}
187.53, [INFO], turtlebot1, {"y": "17.82", "x": "-11.46", "yaw": "-1.25"}
187.53, [INFO], turtlebot2, {"y": "17.99", "x": "-19.01", "yaw": "-1.38"}
187.57, [INFO], turtlebot6, {"y": "33.97", "x": "-32.90", "yaw": "-3.09"}
187.57, [INFO], turtlebot3, {"battery-level": "65.20%"}
187.57, [INFO], turtlebot5, {"y": "17.97", "x": "-13.48", "yaw": "-1.32"}
187.57, [INFO], turtlebot3, {"y": "18.43", "x": "-36.85", "yaw": "2.30"}
187.58, [INFO], turtlebot4, {"y": "33.84", "x": "-39.50", "yaw": "0.46"}
187.70, [INFO], turtlebot1, {"y": "17.82", "x": "-11.46", "yaw": "-1.25"}
187.72, [INFO], turtlebot2, {"y": "17.99", "x": "-19.01", "yaw": "-1.38"}
187.72, [INFO], turtlebot6, {"y": "33.97", "x": "-32.90", "yaw": "-3.09"}
187.72, [INFO], turtlebot3, {"battery-level": "65.20%"}
187.72, [INFO], turtlebot5, {"y": "17.97", "x": "-13.48", "yaw": "-1.32"}
187.73, [INFO], turtlebot3, {"y": "18.43", "x": "-36.85", "yaw": "2.30"}
187.73, [INFO], turtlebot4, {"y": "33.84", "x": "-39.50", "yaw": "0.46"}
188.15, [DEBUG], turtlebot3, {"param_list": ["Laboratory", [[-37.0, 18.93, -1.5707963267948966, true], [-37.0, 16.0, 0.0, true], [-26.0, 16.0, -1.5707963267948966, true], [-26.0, 13.0, 1.57, false]]], "skill": "navigation", "skill-life-cycle": "RUNNING", "label": "navto_lab"}
194.32, [DEBUG], None, [debug],turtlebot3,move-base-info,Hooray, the base moved arrived,(x=-37;y=18.93)
194.32, [DEBUG], None, [debug],turtlebot3,move-base-info,Hooray, the base moved arrived,(x=-37;y=18.93)
194.33, [DEBUG], turtlebot3, {"status": "way-point-reached", "skill": "navigation", "percentage": "25.00%", "goingto": "Laboratory"}
202.55, [INFO], turtlebot2, {"y": "17.99", "x": "-19.01", "yaw": "-1.38"}
202.55, [INFO], turtlebot1, {"y": "17.82", "x": "-11.46", "yaw": "-1.25"}
202.55, [INFO], turtlebot3, {"y": "17.95", "x": "-36.82", "yaw": "-1.36"}
202.57, [INFO], turtlebot6, {"y": "33.97", "x": "-32.90", "yaw": "-3.09"}
202.57, [INFO], turtlebot4, {"y": "33.84", "x": "-39.50", "yaw": "0.46"}
202.57, [INFO], turtlebot3, {"battery-level": "64.56%"}
202.58, [INFO], turtlebot5, {"y": "17.97", "x": "-13.47", "yaw": "-1.30"}
202.73, [INFO], turtlebot2, {"y": "17.99", "x": "-19.01", "yaw": "-1.38"}
202.73, [INFO], turtlebot1, {"y": "17.82", "x": "-11.46", "yaw": "-1.25"}
202.75, [INFO], turtlebot3, {"y": "17.95", "x": "-36.82", "yaw": "-1.36"}
202.77, [INFO], turtlebot6, {"y": "33.97", "x": "-32.90", "yaw": "-3.09"}
202.77, [INFO], turtlebot4, {"y": "33.84", "x": "-39.50", "yaw": "0.46"}
202.77, [INFO], turtlebot3, {"battery-level": "64.56%"}
202.78, [INFO], turtlebot5, {"y": "17.97", "x": "-13.47", "yaw": "-1.30"}
216.80, [DEBUG], None, [debug],turtlebot3,move-base-info,Hooray, the base moved arrived,(x=-37;y=16)
216.80, [DEBUG], None, [debug],turtlebot3,move-base-info,Hooray, the base moved arrived,(x=-37;y=16)
216.90, [DEBUG], turtlebot3, {"status": "way-point-reached", "skill": "navigation", "percentage": "50.00%", "goingto": "Laboratory"}
217.53, [INFO], turtlebot2, {"y": "17.99", "x": "-19.01", "yaw": "-1.38"}
217.55, [INFO], turtlebot1, {"y": "17.82", "x": "-11.46", "yaw": "-1.25"}
217.55, [INFO], turtlebot4, {"y": "33.84", "x": "-39.50", "yaw": "0.46"}
217.57, [INFO], turtlebot6, {"y": "33.97", "x": "-32.91", "yaw": "-3.08"}
217.57, [INFO], turtlebot3, {"battery-level": "64.00%"}
217.57, [INFO], turtlebot5, {"y": "17.96", "x": "-13.47", "yaw": "-1.28"}
217.58, [INFO], turtlebot3, {"y": "16.42", "x": "-36.87", "yaw": "-0.05"}
217.72, [INFO], turtlebot2, {"y": "17.99", "x": "-19.01", "yaw": "-1.38"}
217.72, [INFO], turtlebot1, {"y": "17.82", "x": "-11.46", "yaw": "-1.25"}
217.72, [INFO], turtlebot4, {"y": "33.84", "x": "-39.50", "yaw": "0.46"}
217.72, [INFO], turtlebot6, {"y": "33.97", "x": "-32.91", "yaw": "-3.08"}
217.73, [INFO], turtlebot3, {"battery-level": "64.00%"}
217.73, [INFO], turtlebot5, {"y": "17.96", "x": "-13.47", "yaw": "-1.28"}
217.73, [INFO], turtlebot3, {"y": "16.42", "x": "-36.87", "yaw": "-0.05"}
232.55, [INFO], turtlebot2, {"y": "17.99", "x": "-19.01", "yaw": "-1.38"}
232.55, [INFO], turtlebot1, {"y": "17.82", "x": "-11.46", "yaw": "-1.25"}
232.57, [INFO], turtlebot6, {"y": "33.97", "x": "-32.91", "yaw": "-3.07"}
232.57, [INFO], turtlebot4, {"y": "33.84", "x": "-39.50", "yaw": "0.46"}
232.57, [INFO], turtlebot3, {"y": "15.61", "x": "-36.11", "yaw": "-0.58"}
232.57, [INFO], turtlebot3, {"battery-level": "63.36%"}
232.57, [INFO], turtlebot5, {"y": "17.96", "x": "-13.47", "yaw": "-1.26"}
232.72, [INFO], turtlebot2, {"y": "17.99", "x": "-19.01", "yaw": "-1.38"}
232.72, [INFO], turtlebot1, {"y": "17.82", "x": "-11.46", "yaw": "-1.25"}
232.72, [INFO], turtlebot6, {"y": "33.97", "x": "-32.91", "yaw": "-3.07"}
232.73, [INFO], turtlebot4, {"y": "33.84", "x": "-39.50", "yaw": "0.46"}
232.73, [INFO], turtlebot3, {"y": "15.61", "x": "-36.11", "yaw": "-0.58"}
232.73, [INFO], turtlebot3, {"battery-level": "63.36%"}
232.73, [INFO], turtlebot5, {"y": "17.96", "x": "-13.47", "yaw": "-1.26"}
233.02, [DEBUG], turtlebot3, {"param_list": ["Laboratory", [[-37.0, 18.93, -1.5707963267948966, true], [-37.0, 16.0, 0.0, true], [-26.0, 16.0, -1.5707963267948966, true], [-26.0, 13.0, 1.57, false]]], "skill": "navigation", "skill-life-cycle": "RUNNING", "label": "navto_lab"}
247.53, [INFO], turtlebot1, {"y": "17.82", "x": "-11.46", "yaw": "-1.25"}
247.53, [INFO], turtlebot2, {"y": "17.99", "x": "-19.01", "yaw": "-1.37"}
247.55, [INFO], turtlebot4, {"y": "33.84", "x": "-39.50", "yaw": "0.46"}
247.57, [INFO], turtlebot6, {"y": "33.97", "x": "-32.91", "yaw": "-3.07"}
247.57, [INFO], turtlebot3, {"battery-level": "62.80%"}
247.57, [INFO], turtlebot5, {"y": "17.96", "x": "-13.47", "yaw": "-1.23"}
247.57, [INFO], turtlebot3, {"y": "15.30", "x": "-34.89", "yaw": "0.01"}
247.72, [INFO], turtlebot1, {"y": "17.82", "x": "-11.46", "yaw": "-1.25"}
247.72, [INFO], turtlebot2, {"y": "17.99", "x": "-19.01", "yaw": "-1.37"}
247.72, [INFO], turtlebot4, {"y": "33.84", "x": "-39.50", "yaw": "0.46"}
247.73, [INFO], turtlebot6, {"y": "33.97", "x": "-32.91", "yaw": "-3.07"}
247.73, [INFO], turtlebot3, {"battery-level": "62.80%"}
247.73, [INFO], turtlebot5, {"y": "17.96", "x": "-13.47", "yaw": "-1.23"}
247.75, [INFO], turtlebot3, {"y": "15.30", "x": "-34.89", "yaw": "0.01"}
262.53, [INFO], turtlebot1, {"y": "17.82", "x": "-11.46", "yaw": "-1.25"}
262.55, [INFO], turtlebot2, {"y": "17.99", "x": "-19.01", "yaw": "-1.37"}
262.55, [INFO], turtlebot6, {"y": "33.97", "x": "-32.91", "yaw": "-3.06"}
262.57, [INFO], turtlebot4, {"y": "33.84", "x": "-39.50", "yaw": "0.46"}
262.57, [INFO], turtlebot3, {"battery-level": "62.20%"}
262.57, [INFO], turtlebot3, {"y": "15.31", "x": "-33.64", "yaw": "0.05"}
262.57, [INFO], turtlebot5, {"y": "17.95", "x": "-13.46", "yaw": "-1.21"}
262.70, [INFO], turtlebot1, {"y": "17.82", "x": "-11.46", "yaw": "-1.25"}
262.70, [INFO], turtlebot2, {"y": "17.99", "x": "-19.01", "yaw": "-1.37"}
262.70, [INFO], turtlebot6, {"y": "33.97", "x": "-32.91", "yaw": "-3.06"}
262.70, [INFO], turtlebot4, {"y": "33.84", "x": "-39.50", "yaw": "0.46"}
262.70, [INFO], turtlebot3, {"battery-level": "62.20%"}
262.70, [INFO], turtlebot3, {"y": "15.31", "x": "-33.64", "yaw": "0.05"}
262.72, [INFO], turtlebot5, {"y": "17.95", "x": "-13.46", "yaw": "-1.21"}
276.10, [DEBUG], turtlebot3, {"param_list": ["Laboratory", [[-37.0, 18.93, -1.5707963267948966, true], [-37.0, 16.0, 0.0, true], [-26.0, 16.0, -1.5707963267948966, true], [-26.0, 13.0, 1.57, false]]], "skill": "navigation", "skill-life-cycle": "RUNNING", "label": "navto_lab"}
277.53, [INFO], turtlebot2, {"y": "17.99", "x": "-19.01", "yaw": "-1.37"}
277.55, [INFO], turtlebot1, {"y": "17.82", "x": "-11.46", "yaw": "-1.25"}
277.57, [INFO], turtlebot4, {"y": "33.84", "x": "-39.50", "yaw": "0.46"}
277.57, [INFO], turtlebot3, {"y": "15.33", "x": "-32.39", "yaw": "0.06"}
277.57, [INFO], turtlebot5, {"y": "17.95", "x": "-13.46", "yaw": "-1.20"}
277.57, [INFO], turtlebot6, {"y": "33.98", "x": "-32.92", "yaw": "-3.05"}
277.57, [INFO], turtlebot3, {"battery-level": "61.56%"}
277.72, [INFO], turtlebot2, {"y": "17.99", "x": "-19.01", "yaw": "-1.37"}
277.72, [INFO], turtlebot1, {"y": "17.82", "x": "-11.46", "yaw": "-1.25"}
277.72, [INFO], turtlebot4, {"y": "33.84", "x": "-39.50", "yaw": "0.46"}
277.72, [INFO], turtlebot3, {"y": "15.33", "x": "-32.39", "yaw": "0.06"}
277.73, [INFO], turtlebot5, {"y": "17.95", "x": "-13.46", "yaw": "-1.20"}
277.73, [INFO], turtlebot6, {"y": "33.98", "x": "-32.92", "yaw": "-3.05"}
277.73, [INFO], turtlebot3, {"battery-level": "61.56%"}
292.53, [INFO], turtlebot1, {"y": "17.82", "x": "-11.46", "yaw": "-1.25"}
292.55, [INFO], turtlebot2, {"y": "17.99", "x": "-19.00", "yaw": "-1.37"}
292.55, [INFO], turtlebot4, {"y": "33.84", "x": "-39.50", "yaw": "0.46"}
292.57, [INFO], turtlebot6, {"y": "33.98", "x": "-32.92", "yaw": "-3.05"}
292.57, [INFO], turtlebot3, {"y": "15.55", "x": "-31.15", "yaw": "0.16"}
292.57, [INFO], turtlebot5, {"y": "17.95", "x": "-13.45", "yaw": "-1.18"}
292.57, [INFO], turtlebot3, {"battery-level": "60.96%"}
292.72, [INFO], turtlebot1, {"y": "17.82", "x": "-11.46", "yaw": "-1.25"}
292.72, [INFO], turtlebot2, {"y": "17.99", "x": "-19.00", "yaw": "-1.37"}
292.72, [INFO], turtlebot4, {"y": "33.84", "x": "-39.50", "yaw": "0.46"}
292.73, [INFO], turtlebot6, {"y": "33.98", "x": "-32.92", "yaw": "-3.05"}
292.73, [INFO], turtlebot3, {"y": "15.55", "x": "-31.15", "yaw": "0.16"}
292.73, [INFO], turtlebot5, {"y": "17.95", "x": "-13.45", "yaw": "-1.18"}
292.73, [INFO], turtlebot3, {"battery-level": "60.96%"}
307.55, [INFO], turtlebot2, {"y": "17.99", "x": "-19.00", "yaw": "-1.37"}
307.55, [INFO], turtlebot1, {"y": "17.82", "x": "-11.47", "yaw": "-1.25"}
307.57, [INFO], turtlebot5, {"y": "17.94", "x": "-13.45", "yaw": "-1.16"}
307.57, [INFO], turtlebot4, {"y": "33.84", "x": "-39.50", "yaw": "0.46"}
307.57, [INFO], turtlebot6, {"y": "33.98", "x": "-32.92", "yaw": "-3.06"}
307.57, [INFO], turtlebot3, {"y": "15.73", "x": "-29.91", "yaw": "-0.04"}
307.58, [INFO], turtlebot3, {"battery-level": "60.40%"}
307.72, [INFO], turtlebot2, {"y": "17.99", "x": "-19.00", "yaw": "-1.37"}
307.72, [INFO], turtlebot1, {"y": "17.82", "x": "-11.47", "yaw": "-1.25"}
307.72, [INFO], turtlebot5, {"y": "17.94", "x": "-13.45", "yaw": "-1.16"}
307.72, [INFO], turtlebot4, {"y": "33.84", "x": "-39.50", "yaw": "0.46"}
307.73, [INFO], turtlebot6, {"y": "33.98", "x": "-32.92", "yaw": "-3.06"}
307.73, [INFO], turtlebot3, {"y": "15.73", "x": "-29.91", "yaw": "-0.04"}
307.75, [INFO], turtlebot3, {"battery-level": "60.40%"}
319.22, [DEBUG], turtlebot3, {"param_list": ["Laboratory", [[-37.0, 18.93, -1.5707963267948966, true], [-37.0, 16.0, 0.0, true], [-26.0, 16.0, -1.5707963267948966, true], [-26.0, 13.0, 1.57, false]]], "skill": "navigation", "skill-life-cycle": "RUNNING", "label": "navto_lab"}
322.55, [INFO], turtlebot1, {"y": "17.82", "x": "-11.47", "yaw": "-1.25"}
322.55, [INFO], turtlebot2, {"y": "17.99", "x": "-19.00", "yaw": "-1.37"}
322.57, [INFO], turtlebot6, {"y": "33.98", "x": "-32.92", "yaw": "-3.06"}
322.57, [INFO], turtlebot3, {"battery-level": "59.80%"}
322.57, [INFO], turtlebot5, {"y": "17.94", "x": "-13.45", "yaw": "-1.14"}
322.57, [INFO], turtlebot4, {"y": "33.84", "x": "-39.50", "yaw": "0.46"}
322.58, [INFO], turtlebot3, {"y": "15.71", "x": "-28.66", "yaw": "0.01"}
322.72, [INFO], turtlebot1, {"y": "17.82", "x": "-11.47", "yaw": "-1.25"}
322.72, [INFO], turtlebot2, {"y": "17.99", "x": "-19.00", "yaw": "-1.37"}
322.73, [INFO], turtlebot6, {"y": "33.98", "x": "-32.92", "yaw": "-3.06"}
322.73, [INFO], turtlebot3, {"battery-level": "59.80%"}
322.73, [INFO], turtlebot5, {"y": "17.94", "x": "-13.45", "yaw": "-1.14"}
322.73, [INFO], turtlebot4, {"y": "33.84", "x": "-39.50", "yaw": "0.46"}
322.75, [INFO], turtlebot3, {"y": "15.71", "x": "-28.66", "yaw": "0.01"}
337.55, [INFO], turtlebot2, {"y": "17.99", "x": "-19.00", "yaw": "-1.37"}
337.55, [INFO], turtlebot1, {"y": "17.82", "x": "-11.47", "yaw": "-1.25"}
337.57, [INFO], turtlebot4, {"y": "33.84", "x": "-39.50", "yaw": "0.46"}
337.57, [INFO], turtlebot5, {"y": "17.94", "x": "-13.44", "yaw": "-1.14"}
337.57, [INFO], turtlebot6, {"y": "33.98", "x": "-32.93", "yaw": "-3.06"}
337.58, [INFO], turtlebot3, {"y": "15.71", "x": "-27.41", "yaw": "0.01"}
337.58, [INFO], turtlebot3, {"battery-level": "59.16%"}
337.72, [INFO], turtlebot2, {"y": "17.99", "x": "-19.00", "yaw": "-1.37"}
337.72, [INFO], turtlebot1, {"y": "17.82", "x": "-11.47", "yaw": "-1.25"}
337.72, [INFO], turtlebot4, {"y": "33.84", "x": "-39.50", "yaw": "0.46"}
337.72, [INFO], turtlebot5, {"y": "17.94", "x": "-13.44", "yaw": "-1.14"}
337.72, [INFO], turtlebot6, {"y": "33.98", "x": "-32.93", "yaw": "-3.06"}
337.72, [INFO], turtlebot3, {"y": "15.71", "x": "-27.41", "yaw": "0.01"}
337.73, [INFO], turtlebot3, {"battery-level": "59.16%"}
352.55, [INFO], turtlebot1, {"y": "17.82", "x": "-11.47", "yaw": "-1.25"}
352.55, [INFO], turtlebot2, {"y": "17.99", "x": "-19.00", "yaw": "-1.37"}
352.55, [INFO], turtlebot3, {"y": "15.91", "x": "-26.44", "yaw": "-1.29"}
352.57, [INFO], turtlebot3, {"battery-level": "58.56%"}
352.57, [INFO], turtlebot4, {"y": "33.84", "x": "-39.50", "yaw": "0.46"}
352.57, [INFO], turtlebot6, {"y": "33.98", "x": "-32.93", "yaw": "-3.06"}
352.57, [INFO], turtlebot5, {"y": "17.94", "x": "-13.44", "yaw": "-1.13"}
352.72, [INFO], turtlebot1, {"y": "17.82", "x": "-11.47", "yaw": "-1.25"}
352.72, [INFO], turtlebot2, {"y": "17.99", "x": "-19.00", "yaw": "-1.37"}
352.72, [INFO], turtlebot3, {"y": "15.91", "x": "-26.44", "yaw": "-1.29"}
352.73, [INFO], turtlebot3, {"battery-level": "58.56%"}
352.73, [INFO], turtlebot4, {"y": "33.84", "x": "-39.50", "yaw": "0.46"}
352.73, [INFO], turtlebot6, {"y": "33.98", "x": "-32.93", "yaw": "-3.06"}
352.75, [INFO], turtlebot5, {"y": "17.94", "x": "-13.44", "yaw": "-1.13"}
353.72, [DEBUG], None, [debug],turtlebot3,move-base-info,Hooray, the base moved arrived,(x=-26;y=16)
353.72, [DEBUG], None, [debug],turtlebot3,move-base-info,Hooray, the base moved arrived,(x=-26;y=16)
353.83, [DEBUG], turtlebot3, {"status": "way-point-reached", "skill": "navigation", "percentage": "75.00%", "goingto": "Laboratory"}
362.70, [DEBUG], turtlebot3, {"param_list": ["Laboratory", [[-37.0, 18.93, -1.5707963267948966, true], [-37.0, 16.0, 0.0, true], [-26.0, 16.0, -1.5707963267948966, true], [-26.0, 13.0, 1.57, false]]], "skill": "navigation", "skill-life-cycle": "RUNNING", "label": "navto_lab"}
367.55, [INFO], turtlebot2, {"y": "17.99", "x": "-19.00", "yaw": "-1.37"}
367.55, [INFO], turtlebot1, {"y": "17.82", "x": "-11.47", "yaw": "-1.25"}
367.57, [INFO], turtlebot4, {"y": "33.84", "x": "-39.50", "yaw": "0.46"}
367.57, [INFO], turtlebot3, {"y": "14.65", "x": "-26.14", "yaw": "-1.57"}
367.57, [INFO], turtlebot5, {"y": "17.94", "x": "-13.44", "yaw": "-1.12"}
367.57, [INFO], turtlebot3, {"battery-level": "57.96%"}
367.58, [INFO], turtlebot6, {"y": "33.98", "x": "-32.93", "yaw": "-3.06"}
367.72, [INFO], turtlebot2, {"y": "17.99", "x": "-19.00", "yaw": "-1.37"}
367.72, [INFO], turtlebot1, {"y": "17.82", "x": "-11.47", "yaw": "-1.25"}
367.72, [INFO], turtlebot4, {"y": "33.84", "x": "-39.50", "yaw": "0.46"}
367.72, [INFO], turtlebot3, {"y": "14.65", "x": "-26.14", "yaw": "-1.57"}
367.72, [INFO], turtlebot5, {"y": "17.94", "x": "-13.44", "yaw": "-1.12"}
367.73, [INFO], turtlebot3, {"battery-level": "57.96%"}
367.73, [INFO], turtlebot6, {"y": "33.98", "x": "-32.93", "yaw": "-3.06"}
382.55, [INFO], turtlebot2, {"y": "17.99", "x": "-19.00", "yaw": "-1.37"}
382.55, [INFO], turtlebot1, {"y": "17.82", "x": "-11.47", "yaw": "-1.25"}
382.55, [INFO], turtlebot3, {"battery-level": "57.36%"}
382.57, [INFO], turtlebot3, {"y": "13.43", "x": "-26.06", "yaw": "2.89"}
382.57, [INFO], turtlebot4, {"y": "33.84", "x": "-39.50", "yaw": "0.46"}
382.57, [INFO], turtlebot6, {"y": "33.98", "x": "-32.93", "yaw": "-3.06"}
382.58, [INFO], turtlebot5, {"y": "17.93", "x": "-13.44", "yaw": "-1.11"}
382.73, [INFO], turtlebot2, {"y": "17.99", "x": "-19.00", "yaw": "-1.37"}
382.73, [INFO], turtlebot1, {"y": "17.82", "x": "-11.47", "yaw": "-1.25"}
382.73, [INFO], turtlebot3, {"battery-level": "57.36%"}
382.73, [INFO], turtlebot3, {"y": "13.43", "x": "-26.06", "yaw": "2.89"}
382.75, [INFO], turtlebot4, {"y": "33.84", "x": "-39.50", "yaw": "0.46"}
382.75, [INFO], turtlebot6, {"y": "33.98", "x": "-32.93", "yaw": "-3.06"}
382.75, [INFO], turtlebot5, {"y": "17.93", "x": "-13.44", "yaw": "-1.11"}
386.48, [DEBUG], None, [debug],turtlebot3,move-base-info,Hooray, the base moved arrived,(x=-26;y=13)
386.48, [DEBUG], None, [debug],turtlebot3,move-base-info,Hooray, the base moved arrived,(x=-26;y=13)
386.63, [DEBUG], turtlebot3, {"status": "way-point-reached", "skill": "navigation", "percentage": "100.00%", "goingto": "Laboratory"}
386.70, [DEBUG], turtlebot3, {"param_list": ["Laboratory", [[-37.0, 18.93, -1.5707963267948966, true], [-37.0, 16.0, 0.0, true], [-26.0, 16.0, -1.5707963267948966, true], [-26.0, 13.0, 1.57, false]]], "skill": "navigation", "skill-life-cycle": "SUCCESS", "label": "navto_lab"}
386.70, [DEBUG], turtlebot3, "available-skills=['send_message', 'wait_message', 'approach_person', 'approach_robot', 'authenticate_person', 'navigation', 'operate_drawer']"
386.70, [DEBUG], turtlebot3, {"param_list": ["lab_arm"], "skill": "approach_robot", "skill-life-cycle": "STARTED", "label": "approach_arm"}
386.80, [DEBUG], turtlebot3, {"status": "localize-robot", "skill": "=approach-robot", "who": "lab_arm"}
386.87, [DEBUG], turtlebot3, {"status": "goto-robot", "skill": "approach-robot", "who": "lab_arm"}
386.95, [DEBUG], turtlebot3, {"param_list": ["lab_arm"], "skill": "approach_robot", "skill-life-cycle": "SUCCESS", "label": "approach_arm"}
387.32, [DEBUG], turtlebot3, "available-skills=['send_message', 'wait_message', 'approach_person', 'approach_robot', 'authenticate_person', 'navigation', 'operate_drawer']"
387.32, [DEBUG], turtlebot3, {"param_list": ["open"], "skill": "operate_drawer", "skill-life-cycle": "STARTED", "label": "open_drawer_lab"}
387.37, [DEBUG], turtlebot3, {"status": "task-update", "action": "open", "skill": "operate-drawer"}
388.20, [DEBUG], turtlebot3, {"param_list": ["open"], "skill": "operate_drawer", "skill-life-cycle": "SUCCESS", "label": "open_drawer_lab"}
388.20, [DEBUG], turtlebot3, "available-skills=['send_message', 'wait_message', 'approach_person', 'approach_robot', 'authenticate_person', 'navigation', 'operate_drawer']"
388.20, [DEBUG], turtlebot3, {"param_list": ["lab_arm"], "skill": "send_message", "skill-life-cycle": "STARTED", "label": "notify_lab_arm_of_open_drawer_lab_completed"}
388.25, [INFO], turtlebot3, {"to": "lab_arm", "skill": "send-message"}
389.03, [INFO], lab_arm, {"status": "sample-received", "skill": "wait-sample"}
389.03, [INFO], lab_arm, {"status": "sample-received", "skill": "wait-sample"}
389.03, [INFO], nurse, {"status": "sample-received", "skill": "wait-sample"}
389.03, [INFO], nurse, {"status": "sample-received", "skill": "wait-sample"}
389.05, [DEBUG], None, ENDSIM
389.05, [DEBUG], None, end!
