0.00, [DEBUG], logger, ROBOTS_CONFIG=[{"avg_speed": 0.15, "battery_charge": 0.3020349930380309, "battery_discharge_rate": 0.00068, "id": 1, "local_plan": null, "location": "PC Room 4", "name": "r1", "position": [-27.23, 18.0, -1.57], "skills": ["approach_person", "approach_robot", "navigation", "operate_drawer"]}, {"avg_speed": 0.15, "battery_charge": 0.5779176354739738, "battery_discharge_rate": 0.0006000000000000001, "id": 2, "local_plan": null, "location": "PC Room 6", "name": "r2", "position": [-19.0, 18.0, -1.57], "skills": ["approach_person", "approach_robot", "authenticate_person", "navigation", "operate_drawer"]}, {"avg_speed": 0.15, "battery_charge": 0.7232396784987936, "battery_discharge_rate": 0.0004, "id": 3, "local_plan": null, "location": "PC Room 7", "name": "r3", "position": [-13.5, 18.0, -1.57], "skills": ["approach_person", "approach_robot", "navigation", "operate_drawer"]}, {"avg_speed": 0.15, "battery_charge": 0.4863040833267539, "battery_discharge_rate": 0.00026000000000000003, "id": 4, "local_plan": [["navigation", ["IC Room 2", [[-32.88, 33.98, 3.14], [-37.0, 33.98], [-37.0, 21.5], [-38.0, 21.5, 0.0]]], "navto_room"], ["approach_person", ["nurse"], "approach_nurse"], ["authenticate_person", ["nurse"], "authenticate_nurse"], ["operate_drawer", ["open"], "open_drawer_for_nurse"], ["send_message", ["nurse"], "notify_nurse_of_open_drawer_for_nurse_completed"], ["wait_message", ["nurse"], "wait_nurse_to_complete_deposit"], ["operate_drawer", ["close"], "close_drawer_nurse"], ["navigation", ["Laboratory", [[-38.0, 21.5, 0.0], [-37.0, 21.5], [-37.0, 16.0], [-26.0, 16.0], [-26.0, 13.0, 1.57]]], "navto_lab"], ["approach_robot", ["lab_arm"], "approach_arm"], ["operate_drawer", ["open"], "open_drawer_lab"], ["send_message", ["lab_arm"], "notify_lab_arm_of_open_drawer_lab_completed"], ["wait_message", ["lab_arm"], "wait_lab_arm_to_complete_pick_up_sample"], ["operate_drawer", ["close"], "close_drawer_lab"]], "location": "IC Room 5", "name": "r4", "position": [-32.88, 33.98, 3.14], "skills": ["approach_person", "approach_robot", "authenticate_person", "navigation", "operate_drawer"]}, {"avg_speed": 0.15, "battery_charge": 0.7258412726774711, "battery_discharge_rate": 0.00042, "id": 5, "local_plan": null, "location": "PC Room 8", "name": "r5", "position": [-11.5, 18.0, -1.57], "skills": ["approach_person", "authenticate_person", "navigation", "operate_drawer"]}, {"avg_speed": 0.15, "battery_charge": 0.9109794326728246, "battery_discharge_rate": 0.0005200000000000001, "id": 6, "local_plan": null, "location": "IC Room 6", "name": "r6", "position": [-33.9, 18.93, 3.14], "skills": ["approach_person", "approach_robot", "navigation", "operate_drawer"]}]
0.02, [DEBUG], logger, NURSES_CONFIG=[{"location": "IC Room 2", "position": [-39.0, 20.5, 0.0]}]
0.02, [DEBUG], logger, Simulation open
0.02, [DEBUG], logger, subcribing to in the topic /log
1.98, [DEBUG], None, [debug],turtlebot4,move-base-info,Move_base is up and ok....,
2.05, [DEBUG], None, [debug],turtlebot5,move-base-info,Move_base is up and ok....,
2.05, [DEBUG], None, [debug],turtlebot6,move-base-info,Move_base is up and ok....,
2.23, [DEBUG], None, [debug],turtlebot1,move-base-info,Move_base is up and ok....,
2.48, [DEBUG], None, [debug],turtlebot3,move-base-info,Move_base is up and ok....,
2.55, [DEBUG], None, [debug],turtlebot2,move-base-info,Move_base is up and ok....,
7.80, [DEBUG], turtlebot4, {"param_list": [], "skill": "init_robobt", "skill-life-cycle": "RUNNING", "label": "init_robobt"}
7.92, [DEBUG], turtlebot5, {"param_list": [], "skill": "init_robobt", "skill-life-cycle": "SUCCESS", "label": "init_robobt"}
8.83, [DEBUG], turtlebot6, {"param_list": [], "skill": "init_robobt", "skill-life-cycle": "RUNNING", "label": "init_robobt"}
8.88, [DEBUG], turtlebot3, {"param_list": [], "skill": "init_robobt", "skill-life-cycle": "RUNNING", "label": "init_robobt"}
9.10, [DEBUG], turtlebot1, {"param_list": [], "skill": "init_robobt", "skill-life-cycle": "RUNNING", "label": "init_robobt"}
9.33, [DEBUG], turtlebot4, {"param_list": [], "skill": "init_robobt", "skill-life-cycle": "SUCCESS", "label": "init_robobt"}
9.35, [DEBUG], turtlebot4, "available-skills=['send_message', 'wait_message', 'approach_person', 'approach_robot', 'authenticate_person', 'navigation', 'operate_drawer']"
9.35, [DEBUG], turtlebot4, {"param_list": ["IC Room 2", [[-37.0, 33.98, -1.5707963267948966, true], [-37.0, 21.5, 3.141592653589793, true], [-38.0, 21.5, 0.0, false]]], "skill": "navigation", "skill-life-cycle": "STARTED", "label": "navto_room"}
9.40, [DEBUG], turtlebot2, {"param_list": [], "skill": "init_robobt", "skill-life-cycle": "RUNNING", "label": "init_robobt"}
10.97, [DEBUG], turtlebot6, {"param_list": [], "skill": "init_robobt", "skill-life-cycle": "SUCCESS", "label": "init_robobt"}
11.30, [DEBUG], turtlebot3, {"param_list": [], "skill": "init_robobt", "skill-life-cycle": "SUCCESS", "label": "init_robobt"}
12.93, [DEBUG], turtlebot1, {"param_list": [], "skill": "init_robobt", "skill-life-cycle": "SUCCESS", "label": "init_robobt"}
13.68, [DEBUG], turtlebot2, {"param_list": [], "skill": "init_robobt", "skill-life-cycle": "SUCCESS", "label": "init_robobt"}
21.68, [INFO], turtlebot1, {"y": "18.02", "x": "-27.23", "yaw": "-1.59"}
21.68, [INFO], turtlebot1, {"y": "18.02", "x": "-27.23", "yaw": "-1.59"}
21.70, [INFO], turtlebot2, {"y": "17.99", "x": "-19.02", "yaw": "-1.38"}
21.70, [INFO], turtlebot2, {"y": "17.99", "x": "-19.02", "yaw": "-1.38"}
21.75, [INFO], turtlebot3, {"y": "18.00", "x": "-13.50", "yaw": "-1.50"}
21.75, [INFO], turtlebot3, {"y": "18.00", "x": "-13.50", "yaw": "-1.50"}
21.77, [INFO], turtlebot4, {"y": "34.11", "x": "-33.61", "yaw": "2.75"}
21.77, [INFO], turtlebot4, {"y": "34.11", "x": "-33.61", "yaw": "2.75"}
21.77, [INFO], turtlebot4, {"battery-level": "48.21%"}
21.77, [INFO], turtlebot4, {"battery-level": "48.21%"}
21.78, [INFO], turtlebot5, {"y": "17.82", "x": "-11.46", "yaw": "-1.25"}
21.78, [INFO], turtlebot5, {"y": "17.82", "x": "-11.46", "yaw": "-1.25"}
21.78, [INFO], turtlebot6, {"y": "18.78", "x": "-33.83", "yaw": "2.80"}
21.78, [INFO], turtlebot6, {"y": "18.78", "x": "-33.83", "yaw": "2.80"}
36.68, [INFO], turtlebot1, {"y": "18.02", "x": "-27.22", "yaw": "-1.59"}
36.68, [INFO], turtlebot1, {"y": "18.02", "x": "-27.22", "yaw": "-1.59"}
36.70, [INFO], turtlebot2, {"y": "17.99", "x": "-19.01", "yaw": "-1.38"}
36.70, [INFO], turtlebot2, {"y": "17.99", "x": "-19.01", "yaw": "-1.38"}
36.75, [INFO], turtlebot3, {"y": "18.00", "x": "-13.49", "yaw": "-1.49"}
36.75, [INFO], turtlebot3, {"y": "18.00", "x": "-13.49", "yaw": "-1.49"}
36.77, [INFO], turtlebot4, {"y": "34.62", "x": "-34.80", "yaw": "2.79"}
36.77, [INFO], turtlebot4, {"y": "34.62", "x": "-34.80", "yaw": "2.79"}
36.77, [INFO], turtlebot4, {"battery-level": "47.79%"}
36.77, [INFO], turtlebot4, {"battery-level": "47.79%"}
36.78, [INFO], turtlebot6, {"y": "18.78", "x": "-33.84", "yaw": "2.82"}
36.78, [INFO], turtlebot6, {"y": "18.78", "x": "-33.84", "yaw": "2.82"}
36.78, [INFO], turtlebot5, {"y": "17.82", "x": "-11.46", "yaw": "-1.25"}
36.78, [INFO], turtlebot5, {"y": "17.82", "x": "-11.46", "yaw": "-1.25"}
47.28, [DEBUG], turtlebot4, {"param_list": ["IC Room 2", [[-37.0, 33.98, -1.5707963267948966, true], [-37.0, 21.5, 3.141592653589793, true], [-38.0, 21.5, 0.0, false]]], "skill": "navigation", "skill-life-cycle": "RUNNING", "label": "navto_room"}
51.68, [INFO], turtlebot1, {"y": "18.03", "x": "-27.22", "yaw": "-1.58"}
51.68, [INFO], turtlebot1, {"y": "18.03", "x": "-27.22", "yaw": "-1.58"}
51.70, [INFO], turtlebot2, {"y": "17.99", "x": "-19.01", "yaw": "-1.38"}
51.70, [INFO], turtlebot2, {"y": "17.99", "x": "-19.01", "yaw": "-1.38"}
51.75, [INFO], turtlebot3, {"y": "18.00", "x": "-13.49", "yaw": "-1.48"}
51.75, [INFO], turtlebot3, {"y": "18.00", "x": "-13.49", "yaw": "-1.48"}
51.77, [INFO], turtlebot4, {"battery-level": "47.34%"}
51.77, [INFO], turtlebot4, {"battery-level": "47.34%"}
51.77, [INFO], turtlebot4, {"y": "34.44", "x": "-36.02", "yaw": "-2.80"}
51.77, [INFO], turtlebot4, {"y": "34.44", "x": "-36.02", "yaw": "-2.80"}
51.78, [INFO], turtlebot6, {"y": "18.78", "x": "-33.85", "yaw": "2.84"}
51.78, [INFO], turtlebot6, {"y": "18.78", "x": "-33.85", "yaw": "2.84"}
51.78, [INFO], turtlebot5, {"y": "17.82", "x": "-11.46", "yaw": "-1.25"}
51.78, [INFO], turtlebot5, {"y": "17.82", "x": "-11.46", "yaw": "-1.25"}
62.28, [DEBUG], None, [debug],turtlebot4,move-base-info,Hooray, the base moved arrived,(x=-37;y=33.98)
62.38, [DEBUG], None, [debug],turtlebot4,move-base-info,Hooray, the base moved arrived,(x=-37;y=33.98)
62.43, [DEBUG], turtlebot4, {"status": "way-point-reached", "skill": "navigation", "percentage": "33.33%", "goingto": "IC Room 2"}
66.68, [INFO], turtlebot1, {"y": "18.03", "x": "-27.22", "yaw": "-1.58"}
66.68, [INFO], turtlebot1, {"y": "18.03", "x": "-27.22", "yaw": "-1.58"}
66.70, [INFO], turtlebot2, {"y": "17.99", "x": "-19.01", "yaw": "-1.38"}
66.70, [INFO], turtlebot2, {"y": "17.99", "x": "-19.01", "yaw": "-1.38"}
66.75, [INFO], turtlebot3, {"y": "18.00", "x": "-13.49", "yaw": "-1.47"}
66.75, [INFO], turtlebot3, {"y": "18.00", "x": "-13.49", "yaw": "-1.47"}
66.77, [INFO], turtlebot4, {"y": "34.20", "x": "-36.61", "yaw": "-1.61"}
66.77, [INFO], turtlebot4, {"y": "34.20", "x": "-36.61", "yaw": "-1.61"}
66.77, [INFO], turtlebot4, {"battery-level": "46.86%"}
66.77, [INFO], turtlebot4, {"battery-level": "46.86%"}
66.78, [INFO], turtlebot6, {"y": "18.78", "x": "-33.85", "yaw": "2.85"}
66.78, [INFO], turtlebot5, {"y": "17.82", "x": "-11.46", "yaw": "-1.25"}
66.78, [INFO], turtlebot6, {"y": "18.78", "x": "-33.85", "yaw": "2.85"}
66.78, [INFO], turtlebot5, {"y": "17.82", "x": "-11.46", "yaw": "-1.25"}
81.68, [INFO], turtlebot1, {"y": "18.03", "x": "-27.22", "yaw": "-1.58"}
81.68, [INFO], turtlebot1, {"y": "18.03", "x": "-27.22", "yaw": "-1.58"}
81.70, [INFO], turtlebot2, {"y": "17.99", "x": "-19.01", "yaw": "-1.38"}
81.70, [INFO], turtlebot2, {"y": "17.99", "x": "-19.01", "yaw": "-1.38"}
81.75, [INFO], turtlebot3, {"y": "18.00", "x": "-13.49", "yaw": "-1.45"}
81.75, [INFO], turtlebot3, {"y": "18.00", "x": "-13.49", "yaw": "-1.45"}
81.77, [INFO], turtlebot4, {"battery-level": "46.41%"}
81.77, [INFO], turtlebot4, {"battery-level": "46.41%"}
81.77, [INFO], turtlebot4, {"y": "31.72", "x": "-36.62", "yaw": "-1.57"}
81.77, [INFO], turtlebot4, {"y": "31.72", "x": "-36.62", "yaw": "-1.57"}
81.78, [INFO], turtlebot5, {"y": "17.82", "x": "-11.46", "yaw": "-1.25"}
81.78, [INFO], turtlebot5, {"y": "17.82", "x": "-11.46", "yaw": "-1.25"}
81.78, [INFO], turtlebot6, {"y": "18.78", "x": "-33.85", "yaw": "2.87"}
81.78, [INFO], turtlebot6, {"y": "18.78", "x": "-33.85", "yaw": "2.87"}
90.27, [DEBUG], turtlebot4, {"param_list": ["IC Room 2", [[-37.0, 33.98, -1.5707963267948966, true], [-37.0, 21.5, 3.141592653589793, true], [-38.0, 21.5, 0.0, false]]], "skill": "navigation", "skill-life-cycle": "RUNNING", "label": "navto_room"}
96.68, [INFO], turtlebot1, {"y": "18.03", "x": "-27.22", "yaw": "-1.58"}
96.68, [INFO], turtlebot1, {"y": "18.03", "x": "-27.22", "yaw": "-1.58"}
96.70, [INFO], turtlebot2, {"y": "17.99", "x": "-19.01", "yaw": "-1.38"}
96.70, [INFO], turtlebot2, {"y": "17.99", "x": "-19.01", "yaw": "-1.38"}
96.75, [INFO], turtlebot3, {"y": "17.99", "x": "-13.49", "yaw": "-1.44"}
96.75, [INFO], turtlebot3, {"y": "17.99", "x": "-13.49", "yaw": "-1.44"}
96.77, [INFO], turtlebot4, {"y": "29.19", "x": "-36.60", "yaw": "-1.57"}
96.77, [INFO], turtlebot4, {"y": "29.19", "x": "-36.60", "yaw": "-1.57"}
96.77, [INFO], turtlebot4, {"battery-level": "45.96%"}
96.78, [INFO], turtlebot4, {"battery-level": "45.96%"}
96.78, [INFO], turtlebot5, {"y": "17.82", "x": "-11.46", "yaw": "-1.25"}
96.78, [INFO], turtlebot5, {"y": "17.82", "x": "-11.46", "yaw": "-1.25"}
96.78, [INFO], turtlebot6, {"y": "18.78", "x": "-33.85", "yaw": "2.88"}
96.78, [INFO], turtlebot6, {"y": "18.78", "x": "-33.85", "yaw": "2.88"}
111.68, [INFO], turtlebot1, {"y": "18.03", "x": "-27.22", "yaw": "-1.58"}
111.68, [INFO], turtlebot1, {"y": "18.03", "x": "-27.22", "yaw": "-1.58"}
111.70, [INFO], turtlebot2, {"y": "17.99", "x": "-19.01", "yaw": "-1.38"}
111.70, [INFO], turtlebot2, {"y": "17.99", "x": "-19.01", "yaw": "-1.38"}
111.75, [INFO], turtlebot3, {"y": "17.99", "x": "-13.49", "yaw": "-1.42"}
111.75, [INFO], turtlebot3, {"y": "17.99", "x": "-13.49", "yaw": "-1.42"}
111.77, [INFO], turtlebot4, {"battery-level": "45.54%"}
111.77, [INFO], turtlebot4, {"battery-level": "45.54%"}
111.77, [INFO], turtlebot4, {"y": "26.77", "x": "-36.68", "yaw": "-1.63"}
111.77, [INFO], turtlebot4, {"y": "26.77", "x": "-36.68", "yaw": "-1.63"}
111.78, [INFO], turtlebot5, {"y": "17.82", "x": "-11.46", "yaw": "-1.25"}
111.78, [INFO], turtlebot5, {"y": "17.82", "x": "-11.46", "yaw": "-1.25"}
111.78, [INFO], turtlebot6, {"y": "18.79", "x": "-33.85", "yaw": "2.90"}
111.78, [INFO], turtlebot6, {"y": "18.79", "x": "-33.85", "yaw": "2.90"}
126.68, [INFO], turtlebot1, {"y": "18.03", "x": "-27.22", "yaw": "-1.58"}
126.68, [INFO], turtlebot1, {"y": "18.03", "x": "-27.22", "yaw": "-1.58"}
126.70, [INFO], turtlebot2, {"y": "17.99", "x": "-19.01", "yaw": "-1.38"}
126.70, [INFO], turtlebot2, {"y": "17.99", "x": "-19.01", "yaw": "-1.38"}
126.75, [INFO], turtlebot3, {"y": "17.99", "x": "-13.49", "yaw": "-1.40"}
126.75, [INFO], turtlebot3, {"y": "17.99", "x": "-13.49", "yaw": "-1.40"}
126.77, [INFO], turtlebot4, {"y": "24.42", "x": "-36.83", "yaw": "-1.63"}
126.77, [INFO], turtlebot4, {"y": "24.42", "x": "-36.83", "yaw": "-1.63"}
126.77, [INFO], turtlebot4, {"battery-level": "45.06%"}
126.77, [INFO], turtlebot4, {"battery-level": "45.06%"}
126.78, [INFO], turtlebot5, {"y": "17.82", "x": "-11.46", "yaw": "-1.25"}
126.78, [INFO], turtlebot5, {"y": "17.82", "x": "-11.46", "yaw": "-1.25"}
126.78, [INFO], turtlebot6, {"y": "18.79", "x": "-33.86", "yaw": "2.93"}
126.78, [INFO], turtlebot6, {"y": "18.79", "x": "-33.86", "yaw": "2.93"}
133.05, [DEBUG], turtlebot4, {"param_list": ["IC Room 2", [[-37.0, 33.98, -1.5707963267948966, true], [-37.0, 21.5, 3.141592653589793, true], [-38.0, 21.5, 0.0, false]]], "skill": "navigation", "skill-life-cycle": "RUNNING", "label": "navto_room"}
141.68, [INFO], turtlebot1, {"y": "18.03", "x": "-27.22", "yaw": "-1.58"}
141.68, [INFO], turtlebot1, {"y": "18.03", "x": "-27.22", "yaw": "-1.58"}
141.70, [INFO], turtlebot2, {"y": "17.99", "x": "-19.01", "yaw": "-1.38"}
141.70, [INFO], turtlebot2, {"y": "17.99", "x": "-19.01", "yaw": "-1.38"}
141.75, [INFO], turtlebot3, {"y": "17.98", "x": "-13.49", "yaw": "-1.38"}
141.75, [INFO], turtlebot3, {"y": "17.98", "x": "-13.49", "yaw": "-1.38"}
141.77, [INFO], turtlebot4, {"y": "22.07", "x": "-36.97", "yaw": "-1.63"}
141.77, [INFO], turtlebot4, {"y": "22.07", "x": "-36.97", "yaw": "-1.63"}
141.77, [INFO], turtlebot4, {"battery-level": "44.61%"}
141.77, [INFO], turtlebot4, {"battery-level": "44.61%"}
141.78, [INFO], turtlebot6, {"y": "18.79", "x": "-33.87", "yaw": "2.95"}
141.78, [INFO], turtlebot5, {"y": "17.82", "x": "-11.46", "yaw": "-1.25"}
141.78, [INFO], turtlebot6, {"y": "18.79", "x": "-33.87", "yaw": "2.95"}
141.78, [INFO], turtlebot5, {"y": "17.82", "x": "-11.46", "yaw": "-1.25"}
146.58, [DEBUG], None, [debug],turtlebot4,move-base-info,Hooray, the base moved arrived,(x=-37;y=21.5)
146.58, [DEBUG], None, [debug],turtlebot4,move-base-info,Hooray, the base moved arrived,(x=-37;y=21.5)
146.70, [DEBUG], turtlebot4, {"status": "way-point-reached", "skill": "navigation", "percentage": "66.67%", "goingto": "IC Room 2"}
156.68, [INFO], turtlebot1, {"y": "18.03", "x": "-27.22", "yaw": "-1.57"}
156.68, [INFO], turtlebot1, {"y": "18.03", "x": "-27.22", "yaw": "-1.57"}
156.70, [INFO], turtlebot2, {"y": "17.99", "x": "-19.01", "yaw": "-1.38"}
156.70, [INFO], turtlebot2, {"y": "17.99", "x": "-19.01", "yaw": "-1.38"}
156.75, [INFO], turtlebot3, {"y": "17.98", "x": "-13.48", "yaw": "-1.36"}
156.75, [INFO], turtlebot3, {"y": "17.98", "x": "-13.48", "yaw": "-1.36"}
156.77, [INFO], turtlebot4, {"battery-level": "44.19%"}
156.77, [INFO], turtlebot4, {"y": "21.76", "x": "-37.42", "yaw": "-2.73"}
156.77, [INFO], turtlebot4, {"battery-level": "44.19%"}
156.77, [INFO], turtlebot4, {"y": "21.76", "x": "-37.42", "yaw": "-2.73"}
156.78, [INFO], turtlebot5, {"y": "17.82", "x": "-11.46", "yaw": "-1.25"}
156.78, [INFO], turtlebot5, {"y": "17.82", "x": "-11.46", "yaw": "-1.25"}
156.78, [INFO], turtlebot6, {"y": "18.79", "x": "-33.87", "yaw": "2.98"}
156.78, [INFO], turtlebot6, {"y": "18.79", "x": "-33.87", "yaw": "2.98"}
165.27, [DEBUG], None, [debug],turtlebot4,move-base-info,Hooray, the base moved arrived,(x=-38;y=21.5)
165.38, [DEBUG], None, [debug],turtlebot4,move-base-info,Hooray, the base moved arrived,(x=-38;y=21.5)
165.48, [DEBUG], turtlebot4, {"status": "way-point-reached", "skill": "navigation", "percentage": "100.00%", "goingto": "IC Room 2"}
165.55, [DEBUG], turtlebot4, {"param_list": ["IC Room 2", [[-37.0, 33.98, -1.5707963267948966, true], [-37.0, 21.5, 3.141592653589793, true], [-38.0, 21.5, 0.0, false]]], "skill": "navigation", "skill-life-cycle": "SUCCESS", "label": "navto_room"}
165.55, [DEBUG], turtlebot4, "available-skills=['send_message', 'wait_message', 'approach_person', 'approach_robot', 'authenticate_person', 'navigation', 'operate_drawer']"
165.57, [DEBUG], turtlebot4, {"param_list": ["nurse"], "skill": "approach_person", "skill-life-cycle": "STARTED", "label": "approach_nurse"}
165.63, [DEBUG], turtlebot4, {"status": "localize-person", "skill": "approach-person", "who": "nurse"}
166.10, [DEBUG], turtlebot4, {"status": "goto-person", "skill": "approach-person", "who": "nurse"}
166.18, [DEBUG], turtlebot4, {"param_list": ["nurse"], "skill": "approach_person", "skill-life-cycle": "SUCCESS", "label": "approach_nurse"}
166.18, [DEBUG], turtlebot4, "available-skills=['send_message', 'wait_message', 'approach_person', 'approach_robot', 'authenticate_person', 'navigation', 'operate_drawer']"
166.18, [DEBUG], turtlebot4, {"param_list": ["nurse"], "skill": "authenticate_person", "skill-life-cycle": "STARTED", "label": "authenticate_nurse"}
166.25, [DEBUG], turtlebot4, {"status": "request-authentication", "to": "nurse", "skill": "authenticate-person"}
166.27, [INFO], nurse, {"status": "message-received", "skill": "athentication-request"}
166.35, [INFO], nurse, {"status": "message-received", "skill": "athentication-request"}
166.45, [DEBUG], turtlebot4, {"status": "received-authentication", "skill": "authenticate-person", "from": "nurse"}
166.52, [DEBUG], turtlebot4, {"param_list": ["nurse"], "skill": "authenticate_person", "skill-life-cycle": "SUCCESS", "label": "authenticate_nurse"}
166.52, [DEBUG], turtlebot4, "available-skills=['send_message', 'wait_message', 'approach_person', 'approach_robot', 'authenticate_person', 'navigation', 'operate_drawer']"
166.52, [DEBUG], turtlebot4, {"param_list": ["open"], "skill": "operate_drawer", "skill-life-cycle": "STARTED", "label": "open_drawer_for_nurse"}
166.58, [DEBUG], turtlebot4, {"status": "task-update", "action": "open", "skill": "operate-drawer"}
167.42, [DEBUG], turtlebot4, {"param_list": ["open"], "skill": "operate_drawer", "skill-life-cycle": "SUCCESS", "label": "open_drawer_for_nurse"}
167.43, [DEBUG], turtlebot4, "available-skills=['send_message', 'wait_message', 'approach_person', 'approach_robot', 'authenticate_person', 'navigation', 'operate_drawer']"
167.43, [DEBUG], turtlebot4, {"param_list": ["nurse"], "skill": "send_message", "skill-life-cycle": "STARTED", "label": "notify_nurse_of_open_drawer_for_nurse_completed"}
167.48, [INFO], turtlebot4, {"to": "nurse", "skill": "send-message"}
168.27, [INFO], nurse, {"status": "message-received", "skill": "wait-message"}
168.37, [INFO], nurse, {"status": "message-received", "skill": "wait-message"}
170.62, [DEBUG], turtlebot4, {"param_list": ["nurse"], "skill": "send_message", "skill-life-cycle": "SUCCESS", "label": "notify_nurse_of_open_drawer_for_nurse_completed"}
170.62, [DEBUG], turtlebot4, "available-skills=['send_message', 'wait_message', 'approach_person', 'approach_robot', 'authenticate_person', 'navigation', 'operate_drawer']"
170.62, [DEBUG], turtlebot4, {"param_list": ["nurse"], "skill": "wait_message", "skill-life-cycle": "STARTED", "label": "wait_nurse_to_complete_deposit"}
171.68, [INFO], turtlebot1, {"y": "18.03", "x": "-27.22", "yaw": "-1.57"}
171.68, [INFO], turtlebot1, {"y": "18.03", "x": "-27.22", "yaw": "-1.57"}
171.70, [INFO], turtlebot2, {"y": "17.99", "x": "-19.01", "yaw": "-1.38"}
171.70, [INFO], turtlebot2, {"y": "17.99", "x": "-19.01", "yaw": "-1.38"}
171.75, [INFO], turtlebot3, {"y": "17.97", "x": "-13.48", "yaw": "-1.34"}
171.75, [INFO], turtlebot3, {"y": "17.97", "x": "-13.48", "yaw": "-1.34"}
171.77, [INFO], turtlebot4, {"y": "21.68", "x": "-37.62", "yaw": "-0.04"}
171.77, [INFO], turtlebot4, {"y": "21.68", "x": "-37.62", "yaw": "-0.04"}
171.77, [INFO], turtlebot4, {"battery-level": "43.71%"}
171.77, [INFO], turtlebot4, {"battery-level": "43.71%"}
171.78, [INFO], turtlebot5, {"y": "17.82", "x": "-11.46", "yaw": "-1.25"}
171.78, [INFO], turtlebot5, {"y": "17.82", "x": "-11.46", "yaw": "-1.25"}
171.78, [INFO], turtlebot6, {"y": "18.79", "x": "-33.88", "yaw": "3.00"}
171.78, [INFO], turtlebot6, {"y": "18.79", "x": "-33.88", "yaw": "3.00"}
172.42, [INFO], turtlebot4, {"status": "message-received", "skill": "wait-message"}
172.48, [DEBUG], turtlebot4, {"param_list": ["nurse"], "skill": "wait_message", "skill-life-cycle": "SUCCESS", "label": "wait_nurse_to_complete_deposit"}
172.48, [DEBUG], turtlebot4, "available-skills=['send_message', 'wait_message', 'approach_person', 'approach_robot', 'authenticate_person', 'navigation', 'operate_drawer']"
172.50, [DEBUG], turtlebot4, {"param_list": ["close"], "skill": "operate_drawer", "skill-life-cycle": "STARTED", "label": "close_drawer_nurse"}
172.57, [DEBUG], turtlebot4, {"status": "task-update", "action": "close", "skill": "operate-drawer"}
173.38, [DEBUG], turtlebot4, {"param_list": ["close"], "skill": "operate_drawer", "skill-life-cycle": "SUCCESS", "label": "close_drawer_nurse"}
173.38, [DEBUG], turtlebot4, "available-skills=['send_message', 'wait_message', 'approach_person', 'approach_robot', 'authenticate_person', 'navigation', 'operate_drawer']"
173.38, [DEBUG], turtlebot4, {"param_list": ["Laboratory", [[-37.0, 21.5, -1.5707963267948966, true], [-37.0, 16.0, 0.0, true], [-26.0, 16.0, -1.5707963267948966, true], [-26.0, 13.0, 1.57, false]]], "skill": "navigation", "skill-life-cycle": "STARTED", "label": "navto_lab"}
178.18, [DEBUG], turtlebot4, {"param_list": ["Laboratory", [[-37.0, 21.5, -1.5707963267948966, true], [-37.0, 16.0, 0.0, true], [-26.0, 16.0, -1.5707963267948966, true], [-26.0, 13.0, 1.57, false]]], "skill": "navigation", "skill-life-cycle": "RUNNING", "label": "navto_lab"}
178.27, [INFO], nurse, {"status": "message-received", "skill": "wait-message"}
178.37, [INFO], nurse, {"status": "message-received", "skill": "wait-message"}
182.48, [DEBUG], None, [debug],turtlebot4,move-base-info,Hooray, the base moved arrived,(x=-37;y=21.5)
182.48, [DEBUG], None, [debug],turtlebot4,move-base-info,Hooray, the base moved arrived,(x=-37;y=21.5)
182.55, [DEBUG], turtlebot4, {"status": "way-point-reached", "skill": "navigation", "percentage": "25.00%", "goingto": "Laboratory"}
186.25, [INFO], nurse, {"status": "waiting", "skill": "athentication-sent"}
186.38, [INFO], nurse, {"status": "waiting", "skill": "athentication-sent"}
186.68, [INFO], turtlebot1, {"y": "18.03", "x": "-27.22", "yaw": "-1.57"}
186.68, [INFO], turtlebot1, {"y": "18.03", "x": "-27.22", "yaw": "-1.57"}
186.70, [INFO], turtlebot2, {"y": "17.99", "x": "-19.01", "yaw": "-1.38"}
186.70, [INFO], turtlebot2, {"y": "17.99", "x": "-19.01", "yaw": "-1.38"}
186.75, [INFO], turtlebot3, {"y": "17.97", "x": "-13.48", "yaw": "-1.32"}
186.75, [INFO], turtlebot3, {"y": "17.97", "x": "-13.48", "yaw": "-1.32"}
186.77, [INFO], turtlebot4, {"battery-level": "43.29%"}
186.77, [INFO], turtlebot4, {"battery-level": "43.29%"}
186.77, [INFO], turtlebot4, {"y": "21.69", "x": "-37.42", "yaw": "-1.47"}
186.77, [INFO], turtlebot4, {"y": "21.69", "x": "-37.42", "yaw": "-1.47"}
186.78, [INFO], turtlebot5, {"y": "17.82", "x": "-11.46", "yaw": "-1.25"}
186.78, [INFO], turtlebot5, {"y": "17.82", "x": "-11.46", "yaw": "-1.25"}
186.78, [INFO], turtlebot6, {"y": "18.79", "x": "-33.88", "yaw": "3.00"}
186.78, [INFO], turtlebot6, {"y": "18.79", "x": "-33.88", "yaw": "3.00"}
188.27, [INFO], nurse, {"status": "message-received", "skill": "wait-message"}
188.35, [INFO], nurse, {"status": "message-received", "skill": "wait-message"}
198.28, [INFO], nurse, {"status": "message-received", "skill": "wait-message"}
198.38, [INFO], nurse, {"status": "message-received", "skill": "wait-message"}
201.68, [INFO], turtlebot1, {"y": "18.03", "x": "-27.22", "yaw": "-1.57"}
201.68, [INFO], turtlebot1, {"y": "18.03", "x": "-27.22", "yaw": "-1.57"}
201.70, [INFO], turtlebot2, {"y": "17.99", "x": "-19.01", "yaw": "-1.38"}
201.70, [INFO], turtlebot2, {"y": "17.99", "x": "-19.01", "yaw": "-1.38"}
201.75, [INFO], turtlebot3, {"y": "17.97", "x": "-13.48", "yaw": "-1.30"}
201.75, [INFO], turtlebot3, {"y": "17.97", "x": "-13.48", "yaw": "-1.30"}
201.77, [INFO], turtlebot4, {"battery-level": "42.81%"}
201.77, [INFO], turtlebot4, {"battery-level": "42.81%"}
201.77, [INFO], turtlebot4, {"y": "18.58", "x": "-36.68", "yaw": "-1.57"}
201.77, [INFO], turtlebot4, {"y": "18.58", "x": "-36.68", "yaw": "-1.57"}
201.78, [INFO], turtlebot6, {"y": "18.79", "x": "-33.88", "yaw": "3.01"}
201.78, [INFO], turtlebot6, {"y": "18.79", "x": "-33.88", "yaw": "3.01"}
201.78, [INFO], turtlebot5, {"y": "17.82", "x": "-11.46", "yaw": "-1.25"}
201.78, [INFO], turtlebot5, {"y": "17.82", "x": "-11.46", "yaw": "-1.25"}
216.68, [INFO], turtlebot1, {"y": "18.03", "x": "-27.21", "yaw": "-1.57"}
216.68, [INFO], turtlebot1, {"y": "18.03", "x": "-27.21", "yaw": "-1.57"}
216.70, [INFO], turtlebot2, {"y": "17.99", "x": "-19.01", "yaw": "-1.38"}
216.70, [INFO], turtlebot2, {"y": "17.99", "x": "-19.01", "yaw": "-1.38"}
216.75, [INFO], turtlebot3, {"y": "17.96", "x": "-13.47", "yaw": "-1.28"}
216.75, [INFO], turtlebot3, {"y": "17.96", "x": "-13.47", "yaw": "-1.28"}
216.77, [INFO], turtlebot4, {"y": "16.45", "x": "-36.83", "yaw": "-1.42"}
216.77, [INFO], turtlebot4, {"y": "16.45", "x": "-36.83", "yaw": "-1.42"}
216.77, [INFO], turtlebot4, {"battery-level": "42.39%"}
216.77, [INFO], turtlebot4, {"battery-level": "42.39%"}
216.78, [INFO], turtlebot5, {"y": "17.82", "x": "-11.46", "yaw": "-1.25"}
216.78, [INFO], turtlebot5, {"y": "17.82", "x": "-11.46", "yaw": "-1.25"}
216.78, [INFO], turtlebot6, {"y": "18.79", "x": "-33.88", "yaw": "3.01"}
216.78, [INFO], turtlebot6, {"y": "18.79", "x": "-33.88", "yaw": "3.01"}
220.67, [DEBUG], None, [debug],turtlebot4,move-base-info,Hooray, the base moved arrived,(x=-37;y=16)
220.67, [DEBUG], None, [debug],turtlebot4,move-base-info,Hooray, the base moved arrived,(x=-37;y=16)
220.78, [DEBUG], turtlebot4, {"status": "way-point-reached", "skill": "navigation", "percentage": "50.00%", "goingto": "Laboratory"}
220.78, [DEBUG], turtlebot4, {"param_list": ["Laboratory", [[-37.0, 21.5, -1.5707963267948966, true], [-37.0, 16.0, 0.0, true], [-26.0, 16.0, -1.5707963267948966, true], [-26.0, 13.0, 1.57, false]]], "skill": "navigation", "skill-life-cycle": "RUNNING", "label": "navto_lab"}
231.68, [INFO], turtlebot1, {"y": "18.03", "x": "-27.21", "yaw": "-1.57"}
231.68, [INFO], turtlebot1, {"y": "18.03", "x": "-27.21", "yaw": "-1.57"}
231.70, [INFO], turtlebot2, {"y": "17.99", "x": "-19.01", "yaw": "-1.38"}
231.70, [INFO], turtlebot2, {"y": "17.99", "x": "-19.01", "yaw": "-1.38"}
231.75, [INFO], turtlebot3, {"y": "17.96", "x": "-13.47", "yaw": "-1.26"}
231.75, [INFO], turtlebot3, {"y": "17.96", "x": "-13.47", "yaw": "-1.26"}
231.77, [INFO], turtlebot4, {"battery-level": "41.94%"}
231.77, [INFO], turtlebot4, {"battery-level": "41.94%"}
231.77, [INFO], turtlebot4, {"y": "15.47", "x": "-30.90", "yaw": "-0.02"}
231.77, [INFO], turtlebot4, {"y": "15.47", "x": "-30.90", "yaw": "-0.02"}
231.78, [INFO], turtlebot5, {"y": "17.82", "x": "-11.46", "yaw": "-1.25"}
231.78, [INFO], turtlebot5, {"y": "17.82", "x": "-11.46", "yaw": "-1.25"}
231.78, [INFO], turtlebot6, {"y": "18.79", "x": "-33.88", "yaw": "3.01"}
231.78, [INFO], turtlebot6, {"y": "18.79", "x": "-33.88", "yaw": "3.01"}
244.43, [DEBUG], None, [debug],turtlebot4,move-base-info,Hooray, the base moved arrived,(x=-26;y=16)
244.43, [DEBUG], None, [debug],turtlebot4,move-base-info,Hooray, the base moved arrived,(x=-26;y=16)
244.57, [DEBUG], turtlebot4, {"status": "way-point-reached", "skill": "navigation", "percentage": "75.00%", "goingto": "Laboratory"}
246.68, [INFO], turtlebot1, {"y": "18.03", "x": "-27.21", "yaw": "-1.57"}
246.68, [INFO], turtlebot1, {"y": "18.03", "x": "-27.21", "yaw": "-1.57"}
246.70, [INFO], turtlebot2, {"y": "17.99", "x": "-19.01", "yaw": "-1.37"}
246.70, [INFO], turtlebot2, {"y": "17.99", "x": "-19.01", "yaw": "-1.37"}
246.75, [INFO], turtlebot3, {"y": "17.96", "x": "-13.47", "yaw": "-1.24"}
246.75, [INFO], turtlebot3, {"y": "17.96", "x": "-13.47", "yaw": "-1.24"}
246.77, [INFO], turtlebot4, {"y": "15.92", "x": "-26.43", "yaw": "-1.52"}
246.77, [INFO], turtlebot4, {"y": "15.92", "x": "-26.43", "yaw": "-1.52"}
246.77, [INFO], turtlebot4, {"battery-level": "41.46%"}
246.77, [INFO], turtlebot4, {"battery-level": "41.46%"}
246.78, [INFO], turtlebot6, {"y": "18.79", "x": "-33.88", "yaw": "3.01"}
246.78, [INFO], turtlebot6, {"y": "18.79", "x": "-33.88", "yaw": "3.01"}
246.78, [INFO], turtlebot5, {"y": "17.82", "x": "-11.46", "yaw": "-1.25"}
246.78, [INFO], turtlebot5, {"y": "17.82", "x": "-11.46", "yaw": "-1.25"}
261.68, [INFO], turtlebot1, {"y": "18.03", "x": "-27.21", "yaw": "-1.57"}
261.68, [INFO], turtlebot1, {"y": "18.03", "x": "-27.21", "yaw": "-1.57"}
261.70, [INFO], turtlebot2, {"y": "17.99", "x": "-19.01", "yaw": "-1.37"}
261.70, [INFO], turtlebot2, {"y": "17.99", "x": "-19.01", "yaw": "-1.37"}
261.75, [INFO], turtlebot3, {"y": "17.95", "x": "-13.46", "yaw": "-1.22"}
261.75, [INFO], turtlebot3, {"y": "17.95", "x": "-13.46", "yaw": "-1.22"}
261.77, [INFO], turtlebot4, {"y": "13.47", "x": "-25.93", "yaw": "-2.04"}
261.77, [INFO], turtlebot4, {"y": "13.47", "x": "-25.93", "yaw": "-2.04"}
261.77, [INFO], turtlebot4, {"battery-level": "41.01%"}
261.77, [INFO], turtlebot4, {"battery-level": "41.01%"}
261.78, [INFO], turtlebot5, {"y": "17.82", "x": "-11.46", "yaw": "-1.25"}
261.78, [INFO], turtlebot5, {"y": "17.82", "x": "-11.46", "yaw": "-1.25"}
261.78, [INFO], turtlebot6, {"y": "18.79", "x": "-33.88", "yaw": "3.01"}
261.78, [INFO], turtlebot6, {"y": "18.79", "x": "-33.88", "yaw": "3.01"}
264.07, [DEBUG], turtlebot4, {"param_list": ["Laboratory", [[-37.0, 21.5, -1.5707963267948966, true], [-37.0, 16.0, 0.0, true], [-26.0, 16.0, -1.5707963267948966, true], [-26.0, 13.0, 1.57, false]]], "skill": "navigation", "skill-life-cycle": "RUNNING", "label": "navto_lab"}
268.73, [DEBUG], None, [debug],turtlebot4,move-base-info,Hooray, the base moved arrived,(x=-26;y=13)
268.73, [DEBUG], None, [debug],turtlebot4,move-base-info,Hooray, the base moved arrived,(x=-26;y=13)
268.93, [DEBUG], turtlebot4, {"status": "way-point-reached", "skill": "navigation", "percentage": "100.00%", "goingto": "Laboratory"}
269.02, [DEBUG], turtlebot4, {"param_list": ["Laboratory", [[-37.0, 21.5, -1.5707963267948966, true], [-37.0, 16.0, 0.0, true], [-26.0, 16.0, -1.5707963267948966, true], [-26.0, 13.0, 1.57, false]]], "skill": "navigation", "skill-life-cycle": "SUCCESS", "label": "navto_lab"}
269.02, [DEBUG], turtlebot4, "available-skills=['send_message', 'wait_message', 'approach_person', 'approach_robot', 'authenticate_person', 'navigation', 'operate_drawer']"
269.02, [DEBUG], turtlebot4, {"param_list": ["lab_arm"], "skill": "approach_robot", "skill-life-cycle": "STARTED", "label": "approach_arm"}
269.15, [DEBUG], turtlebot4, {"status": "localize-robot", "skill": "=approach-robot", "who": "lab_arm"}
269.22, [DEBUG], turtlebot4, {"status": "goto-robot", "skill": "approach-robot", "who": "lab_arm"}
269.28, [DEBUG], turtlebot4, {"param_list": ["lab_arm"], "skill": "approach_robot", "skill-life-cycle": "SUCCESS", "label": "approach_arm"}
269.28, [DEBUG], turtlebot4, "available-skills=['send_message', 'wait_message', 'approach_person', 'approach_robot', 'authenticate_person', 'navigation', 'operate_drawer']"
269.28, [DEBUG], turtlebot4, {"param_list": ["open"], "skill": "operate_drawer", "skill-life-cycle": "STARTED", "label": "open_drawer_lab"}
269.37, [DEBUG], turtlebot4, {"status": "task-update", "action": "open", "skill": "operate-drawer"}
270.18, [DEBUG], turtlebot4, {"param_list": ["open"], "skill": "operate_drawer", "skill-life-cycle": "SUCCESS", "label": "open_drawer_lab"}
270.18, [DEBUG], turtlebot4, "available-skills=['send_message', 'wait_message', 'approach_person', 'approach_robot', 'authenticate_person', 'navigation', 'operate_drawer']"
270.20, [DEBUG], turtlebot4, {"param_list": ["lab_arm"], "skill": "send_message", "skill-life-cycle": "STARTED", "label": "notify_lab_arm_of_open_drawer_lab_completed"}
270.25, [INFO], turtlebot4, {"to": "lab_arm", "skill": "send-message"}
270.98, [INFO], lab_arm, {"status": "sample-received", "skill": "wait-sample"}
270.98, [INFO], lab_arm, {"status": "sample-received", "skill": "wait-sample"}
270.98, [INFO], nurse, {"status": "sample-received", "skill": "wait-sample"}
270.98, [INFO], nurse, {"status": "sample-received", "skill": "wait-sample"}
270.98, [DEBUG], None, ENDSIM
270.98, [DEBUG], None, ENDSIM
270.98, [DEBUG], None, end!
