0.0,0.0,[debug],logger,init,time
ROBOTS_CONFIG=[{"avg_speed": 0.15, "battery_charge": 0.22, "battery_discharge_rate": 0.00018, "id": 0, "local_plan": [["navigation", ["IC Room 5", [[-39.44, 33.95, 0.0], [-37.0, 33.95], [-37.0, 33.98], [-32.88, 33.98, 3.14]]]], ["approach_person", ["nurse"]], ["authenticate_person", ["nurse"]], ["operate_drawer", ["open"]], ["send_message", ["nurse"]], ["wait_message", ["r1"]], ["operate_drawer", ["close"]], ["navigation", ["Laboratory", [[-32.88, 33.98, 3.14], [-37.0, 33.98], [-37.0, 16.0], [-26.0, 16.0], [-26.0, 13.0, 1.57]]]], ["approach_robot", ["lab_arm"]], ["operate_drawer", ["open"]], ["send_message", ["lab_arm"]], ["wait_message", ["r1"]], ["operate_drawer", ["close"]]], "location": "IC Room 4", "position": [-39.44, 33.95, 0.0], "skills": ["approach_person", "approach_robot", "authenticate_person", "deposit", "navigation", "operate_drawer", "pick_up"]}, {"avg_speed": 0.15, "battery_charge": 0.56, "battery_discharge_rate": 0.00014000000000000001, "id": 1, "local_plan": null, "location": "PC Room 5", "position": [-21.0, 18.0, -1.57], "skills": ["approach_person", "approach_robot", "authenticate_person", "deposit", "navigation", "operate_drawer", "pick_up"]}, {"avg_speed": 0.15, "battery_charge": 0.55, "battery_discharge_rate": 0.00016, "id": 2, "local_plan": null, "location": "PC Room 4", "position": [-27.23, 18.0, -1.57], "skills": ["approach_person", "approach_robot", "authenticate_person", "deposit", "navigation", "operate_drawer", "pick_up"]}, {"avg_speed": 0.15, "battery_charge": 0.44, "battery_discharge_rate": 0.00015000000000000001, "id": 3, "local_plan": null, "location": "PC Room 3", "position": [-28.5, 18.0, -1.57], "skills": ["approach_person", "approach_robot", "authenticate_person", "deposit", "navigation", "operate_drawer", "pick_up"]}, {"avg_speed": 0.15, "battery_charge": 0.15, "battery_discharge_rate": 0.00011, "id": 4, "local_plan": null, "location": "IC Room 3", "position": [-40.23, 25.37, 0.0], "skills": ["approach_person", "approach_robot", "authenticate_person", "deposit", "navigation", "operate_drawer", "pick_up"]}]
NURSES_CONFIG=[{"location": "IC Room 5", "position": [-31.880000000000003, 34.98, 3.14]}]
logger,1623175314680789232,Simulation open
0.0,[debug],logger,init,subcribing to in the topic /log
1.34999990463,[debug],turtlebot3,move-base-info,Move_base is up and ok....,
1.3666665554,[debug],turtlebot5,move-base-info,Move_base is up and ok....,
1.3833334446,[debug],turtlebot2,move-base-info,Move_base is up and ok....,
1.3833334446,[debug],turtlebot1,move-base-info,Move_base is up and ok....,
2.16666674614,[debug],turtlebot4,move-base-info,Move_base is up and ok....,
2.8666665554,[info],turtlebot3,skill-life-cycle,init_robobt,(status=RUNNING, parameters=[])
2.93333339691,[info],turtlebot5,skill-life-cycle,init_robobt,(status=RUNNING, parameters=[])
3.03333330154,[info],turtlebot2,skill-life-cycle,init_robobt,(status=RUNNING, parameters=[])
6.46666669846,[info],turtlebot1,skill-life-cycle,navigation,(status=STARTED, parameters=[[-37.0, 33.95, 1.5707963267948966, True], [-37.0, 33.98, 0.0, True], [-32.88, 33.98, 3.14, False]])
20.7000000477,[debug],turtlebot1,simulation,robot-pose,x=-38.75;y=34.37;yaw=0.44
20.7000000477,[debug],turtlebot1,simulation,robot-pose,x=-38.75;y=34.37;yaw=0.44
22.7833333015,[debug],turtlebot2,simulation,robot-pose,x=-20.99;y=18.00;yaw=-1.54
22.7833333015,[debug],turtlebot2,simulation,robot-pose,x=-20.99;y=18.00;yaw=-1.54
23.0333333015,[debug],turtlebot3,simulation,robot-pose,x=-27.23;y=18.02;yaw=-1.59
23.0333333015,[debug],turtlebot3,simulation,robot-pose,x=-27.23;y=18.02;yaw=-1.59
23.1666667461,[debug],turtlebot4,simulation,robot-pose,x=-28.68;y=17.88;yaw=-0.79
23.1666667461,[debug],turtlebot4,simulation,robot-pose,x=-28.68;y=17.88;yaw=-0.79
23.3333332539,[debug],turtlebot5,simulation,robot-pose,x=-40.39;y=25.23;yaw=0.34
23.4166667461,[debug],turtlebot5,simulation,robot-pose,x=-40.39;y=25.23;yaw=0.34
35.7000000477,[debug],turtlebot1,simulation,robot-pose,x=-37.56;y=34.35;yaw=-0.83
35.7000000477,[debug],turtlebot1,simulation,robot-pose,x=-37.56;y=34.35;yaw=-0.83
37.7833333015,[debug],turtlebot2,simulation,robot-pose,x=-20.99;y=18.00;yaw=-1.54
37.7833333015,[debug],turtlebot2,simulation,robot-pose,x=-20.99;y=18.00;yaw=-1.54
38.0333333015,[debug],turtlebot3,simulation,robot-pose,x=-27.22;y=18.02;yaw=-1.59
38.0333333015,[debug],turtlebot3,simulation,robot-pose,x=-27.22;y=18.02;yaw=-1.59
38.1666667461,[debug],turtlebot4,simulation,robot-pose,x=-28.68;y=17.88;yaw=-0.80
38.1666667461,[debug],turtlebot4,simulation,robot-pose,x=-28.68;y=17.88;yaw=-0.80
38.3333332539,[debug],turtlebot5,simulation,robot-pose,x=-40.39;y=25.23;yaw=0.33
38.4333333969,[debug],turtlebot5,simulation,robot-pose,x=-40.39;y=25.23;yaw=0.33
44.0666666031,[debug],turtlebot1,move-base-info,Hooray, the base moved arrived,(x=-37;y=33.95)
44.0666666031,[debug],turtlebot1,move-base-info,Hooray, the base moved arrived,(x=-37;y=33.95)
44.0666666031,[debug],turtlebot1,task-update,navigation,way-point-reached,33.33333333333333%
50.7000000477,[debug],turtlebot1,simulation,robot-pose,x=-37.40;y=34.17;yaw=0.73
50.7000000477,[debug],turtlebot1,simulation,robot-pose,x=-37.40;y=34.17;yaw=0.73
52.7833333015,[debug],turtlebot2,simulation,robot-pose,x=-20.99;y=18.00;yaw=-1.54
52.7833333015,[debug],turtlebot2,simulation,robot-pose,x=-20.99;y=18.00;yaw=-1.54
53.0333333015,[debug],turtlebot1,move-base-info,Hooray, the base moved arrived,(x=-37;y=33.98)
53.0333333015,[debug],turtlebot3,simulation,robot-pose,x=-27.22;y=18.03;yaw=-1.58
53.0333333015,[debug],turtlebot1,move-base-info,Hooray, the base moved arrived,(x=-37;y=33.98)
53.0333333015,[debug],turtlebot3,simulation,robot-pose,x=-27.22;y=18.03;yaw=-1.58
53.1500000954,[debug],turtlebot1,task-update,navigation,way-point-reached,66.66666666666666%
53.1666667461,[debug],turtlebot4,simulation,robot-pose,x=-28.69;y=17.88;yaw=-0.80
53.1666667461,[debug],turtlebot4,simulation,robot-pose,x=-28.69;y=17.88;yaw=-0.80
53.3333332539,[debug],turtlebot5,simulation,robot-pose,x=-40.39;y=25.23;yaw=0.33
53.4500000477,[debug],turtlebot5,simulation,robot-pose,x=-40.39;y=25.23;yaw=0.33
53.5666666031,[info],turtlebot1,skill-life-cycle,navigation,(status=RUNNING, parameters=[[-37.0, 33.95, 1.5707963267948966, True], [-37.0, 33.98, 0.0, True], [-32.88, 33.98, 3.14, False]])
65.7000000477,[debug],turtlebot1,simulation,robot-pose,x=-36.78;y=34.33;yaw=0.30
65.7000000477,[debug],turtlebot1,simulation,robot-pose,x=-36.78;y=34.33;yaw=0.30
67.7833333015,[debug],turtlebot2,simulation,robot-pose,x=-20.99;y=18.00;yaw=-1.54
67.7833333015,[debug],turtlebot2,simulation,robot-pose,x=-20.99;y=18.00;yaw=-1.54
68.0333333015,[debug],turtlebot3,simulation,robot-pose,x=-27.22;y=18.03;yaw=-1.58
68.0333333015,[debug],turtlebot3,simulation,robot-pose,x=-27.22;y=18.03;yaw=-1.58
68.1666667461,[debug],turtlebot4,simulation,robot-pose,x=-28.69;y=17.88;yaw=-0.79
68.1666667461,[debug],turtlebot4,simulation,robot-pose,x=-28.69;y=17.88;yaw=-0.79
68.3333332539,[debug],turtlebot5,simulation,robot-pose,x=-40.39;y=25.23;yaw=0.33
68.4166667461,[debug],turtlebot5,simulation,robot-pose,x=-40.39;y=25.23;yaw=0.33
80.7000000477,[debug],turtlebot1,simulation,robot-pose,x=-35.55;y=34.67;yaw=-0.04
80.7000000477,[debug],turtlebot1,simulation,robot-pose,x=-35.55;y=34.67;yaw=-0.04
82.7833333015,[debug],turtlebot2,simulation,robot-pose,x=-20.99;y=18.00;yaw=-1.54
82.7833333015,[debug],turtlebot2,simulation,robot-pose,x=-20.99;y=18.00;yaw=-1.54
83.0333333015,[debug],turtlebot3,simulation,robot-pose,x=-27.22;y=18.03;yaw=-1.58
83.0333333015,[debug],turtlebot3,simulation,robot-pose,x=-27.22;y=18.03;yaw=-1.58
83.1666667461,[debug],turtlebot4,simulation,robot-pose,x=-28.69;y=17.87;yaw=-0.78
83.1666667461,[debug],turtlebot4,simulation,robot-pose,x=-28.69;y=17.87;yaw=-0.78
83.3333332539,[debug],turtlebot5,simulation,robot-pose,x=-40.39;y=25.23;yaw=0.33
83.4000000954,[debug],turtlebot5,simulation,robot-pose,x=-40.39;y=25.23;yaw=0.33
95.7000000477,[debug],turtlebot1,simulation,robot-pose,x=-34.36;y=34.17;yaw=-0.47
95.7000000477,[debug],turtlebot1,simulation,robot-pose,x=-34.36;y=34.17;yaw=-0.47
97.7833333015,[debug],turtlebot2,simulation,robot-pose,x=-20.99;y=18.00;yaw=-1.54
97.7833333015,[debug],turtlebot2,simulation,robot-pose,x=-20.99;y=18.00;yaw=-1.54
98.0333333015,[debug],turtlebot3,simulation,robot-pose,x=-27.22;y=18.03;yaw=-1.58
98.0333333015,[debug],turtlebot3,simulation,robot-pose,x=-27.22;y=18.03;yaw=-1.58
98.1666667461,[debug],turtlebot4,simulation,robot-pose,x=-28.69;y=17.87;yaw=-0.79
98.1666667461,[debug],turtlebot4,simulation,robot-pose,x=-28.69;y=17.87;yaw=-0.79
98.3333332539,[debug],turtlebot5,simulation,robot-pose,x=-40.39;y=25.23;yaw=0.33
98.4333333969,[debug],turtlebot5,simulation,robot-pose,x=-40.39;y=25.23;yaw=0.33
104.333333254,[info],turtlebot1,skill-life-cycle,navigation,(status=RUNNING, parameters=[[-37.0, 33.95, 1.5707963267948966, True], [-37.0, 33.98, 0.0, True], [-32.88, 33.98, 3.14, False]])
110.700000048,[debug],turtlebot1,simulation,robot-pose,x=-33.34;y=34.03;yaw=-1.31
110.700000048,[debug],turtlebot1,simulation,robot-pose,x=-33.34;y=34.03;yaw=-1.31
112.783333302,[debug],turtlebot2,simulation,robot-pose,x=-20.99;y=18.00;yaw=-1.54
112.783333302,[debug],turtlebot2,simulation,robot-pose,x=-20.99;y=18.00;yaw=-1.54
113.033333302,[debug],turtlebot3,simulation,robot-pose,x=-27.22;y=18.03;yaw=-1.58
113.033333302,[debug],turtlebot3,simulation,robot-pose,x=-27.22;y=18.03;yaw=-1.58
113.166666746,[debug],turtlebot4,simulation,robot-pose,x=-28.69;y=17.88;yaw=-0.79
113.166666746,[debug],turtlebot4,simulation,robot-pose,x=-28.69;y=17.88;yaw=-0.79
113.333333254,[debug],turtlebot5,simulation,robot-pose,x=-40.39;y=25.23;yaw=0.33
113.416666746,[debug],turtlebot5,simulation,robot-pose,x=-40.39;y=25.23;yaw=0.33
115.5,[debug],turtlebot1,move-base-info,Hooray, the base moved arrived,(x=-32.88;y=33.98)
115.5,[debug],turtlebot1,move-base-info,Hooray, the base moved arrived,(x=-32.88;y=33.98)
115.599999905,[debug],turtlebot1,task-update,navigation,way-point-reached,100.0%
115.700000048,[info],turtlebot1,skill-life-cycle,approach_person,(status=STARTED, parameters=['nurse'])
115.75,[debug],turtlebot1,task-update,approach_person,localize-person,(who=nurse)
116.583333254,[debug],turtlebot1,task-update,approach_person,goto-person,(who=nurse)
116.683333397,[info],turtlebot1,skill-life-cycle,authenticate_person,(status=STARTED, parameters=['nurse'])
116.733333349,[debug],turtlebot1,task-update,authenticate_person,request-authentication,(to=nurse)
116.733333349,[info],nurse,sync,received-request,(status=sending-request)
116.733333349,[info],nurse,sync,received-request,(status=sending-request)
117.0,[debug],turtlebot1,task-update,authenticate_person,received-authentication,(from=nurse)
117.25,[info],turtlebot1,skill-life-cycle,operate_drawer,(status=STARTED, parameters=['open'])
117.283333302,[debug],turtlebot1,task-update,operate_drawer,open
118.333333254,[info],turtlebot1,skill-life-cycle,send_message,(status=STARTED, parameters=['nurse'])
118.383333445,[info],turtlebot1,sync,send-message,(to=nurse)
119.333333254,[info],nurse,sync,wait-message,(status=message-received)
119.383333445,[info],nurse,sync,wait-message,(status=message-received)
122.150000095,[info],turtlebot1,skill-life-cycle,wait_message,(status=STARTED, parameters=['r1'])
123.450000048,[info],turtlebot1,sync,wait-message,(status=message-received)
123.549999952,[info],turtlebot1,skill-life-cycle,operate_drawer,(status=STARTED, parameters=['close'])
123.583333254,[debug],turtlebot1,task-update,operate_drawer,close
124.583333254,[info],turtlebot1,skill-life-cycle,navigation,(status=STARTED, parameters=[[-37.0, 33.98, -1.5707963267948966, True], [-37.0, 16.0, 0.0, True], [-26.0, 16.0, -1.5707963267948966, True], [-26.0, 13.0, 1.57, False]])
125.700000048,[debug],turtlebot1,simulation,robot-pose,x=-33.30;y=34.00;yaw=-3.10
125.700000048,[debug],turtlebot1,simulation,robot-pose,x=-33.30;y=34.00;yaw=-3.10
127.783333302,[debug],turtlebot2,simulation,robot-pose,x=-21.00;y=18.00;yaw=-1.54
127.783333302,[debug],turtlebot2,simulation,robot-pose,x=-21.00;y=18.00;yaw=-1.54
128.033333302,[debug],turtlebot3,simulation,robot-pose,x=-27.22;y=18.03;yaw=-1.58
128.033333302,[debug],turtlebot3,simulation,robot-pose,x=-27.22;y=18.03;yaw=-1.58
128.166666746,[debug],turtlebot4,simulation,robot-pose,x=-28.69;y=17.88;yaw=-0.79
128.166666746,[debug],turtlebot4,simulation,robot-pose,x=-28.69;y=17.88;yaw=-0.79
128.333333254,[debug],turtlebot5,simulation,robot-pose,x=-40.39;y=25.23;yaw=0.33
128.433333397,[debug],turtlebot5,simulation,robot-pose,x=-40.39;y=25.23;yaw=0.33
129.333333254,[info],nurse,sync,wait-message,(status=message-received)
129.416666746,[info],nurse,sync,wait-message,(status=message-received)
136.733333349,[info],nurse,sync,request-sent,(status=waiting)
136.733333349,[info],nurse,sync,request-sent,(status=waiting)
139.333333254,[info],nurse,sync,wait-message,(status=message-received)
139.416666746,[info],nurse,sync,wait-message,(status=message-received)
140.700000048,[debug],turtlebot1,simulation,robot-pose,x=-34.72;y=34.35;yaw=-3.11
140.700000048,[debug],turtlebot1,simulation,robot-pose,x=-34.72;y=34.35;yaw=-3.11
142.783333302,[debug],turtlebot2,simulation,robot-pose,x=-21.00;y=18.00;yaw=-1.54
142.783333302,[debug],turtlebot2,simulation,robot-pose,x=-21.00;y=18.00;yaw=-1.54
143.033333302,[debug],turtlebot3,simulation,robot-pose,x=-27.22;y=18.03;yaw=-1.58
143.033333302,[debug],turtlebot3,simulation,robot-pose,x=-27.22;y=18.03;yaw=-1.58
143.166666746,[debug],turtlebot4,simulation,robot-pose,x=-28.69;y=17.88;yaw=-0.80
143.166666746,[debug],turtlebot4,simulation,robot-pose,x=-28.69;y=17.88;yaw=-0.80
143.333333254,[debug],turtlebot5,simulation,robot-pose,x=-40.39;y=25.23;yaw=0.33
143.416666746,[debug],turtlebot5,simulation,robot-pose,x=-40.39;y=25.23;yaw=0.33
149.333333254,[info],nurse,sync,wait-message,(status=message-received)
149.433333397,[info],nurse,sync,wait-message,(status=message-received)
153.5,[debug],turtlebot1,move-base-info,Hooray, the base moved arrived,(x=-37;y=33.98)
153.5,[debug],turtlebot1,move-base-info,Hooray, the base moved arrived,(x=-37;y=33.98)
153.583333254,[debug],turtlebot1,task-update,navigation,way-point-reached,25.0%
155.700000048,[debug],turtlebot1,simulation,robot-pose,x=-36.63;y=34.27;yaw=-1.62
155.700000048,[debug],turtlebot1,simulation,robot-pose,x=-36.63;y=34.27;yaw=-1.62
157.783333302,[debug],turtlebot2,simulation,robot-pose,x=-21.00;y=18.00;yaw=-1.54
157.783333302,[debug],turtlebot2,simulation,robot-pose,x=-21.00;y=18.00;yaw=-1.54
157.900000095,[info],turtlebot1,skill-life-cycle,navigation,(status=RUNNING, parameters=[[-37.0, 33.98, -1.5707963267948966, True], [-37.0, 16.0, 0.0, True], [-26.0, 16.0, -1.5707963267948966, True], [-26.0, 13.0, 1.57, False]])
158.033333302,[debug],turtlebot3,simulation,robot-pose,x=-27.22;y=18.03;yaw=-1.57
158.033333302,[debug],turtlebot3,simulation,robot-pose,x=-27.22;y=18.03;yaw=-1.57
158.166666746,[debug],turtlebot4,simulation,robot-pose,x=-28.69;y=17.88;yaw=-0.80
158.166666746,[debug],turtlebot4,simulation,robot-pose,x=-28.69;y=17.88;yaw=-0.80
158.333333254,[debug],turtlebot5,simulation,robot-pose,x=-40.39;y=25.23;yaw=0.33
158.433333397,[debug],turtlebot5,simulation,robot-pose,x=-40.39;y=25.23;yaw=0.33
170.700000048,[debug],turtlebot1,simulation,robot-pose,x=-36.61;y=32.26;yaw=-1.57
170.700000048,[debug],turtlebot1,simulation,robot-pose,x=-36.61;y=32.26;yaw=-1.57
172.783333302,[debug],turtlebot2,simulation,robot-pose,x=-21.00;y=18.00;yaw=-1.54
172.783333302,[debug],turtlebot2,simulation,robot-pose,x=-21.00;y=18.00;yaw=-1.54
173.033333302,[debug],turtlebot3,simulation,robot-pose,x=-27.22;y=18.03;yaw=-1.57
173.033333302,[debug],turtlebot3,simulation,robot-pose,x=-27.22;y=18.03;yaw=-1.57
173.166666746,[debug],turtlebot4,simulation,robot-pose,x=-28.69;y=17.88;yaw=-0.80
173.166666746,[debug],turtlebot4,simulation,robot-pose,x=-28.69;y=17.88;yaw=-0.80
173.333333254,[debug],turtlebot5,simulation,robot-pose,x=-40.39;y=25.23;yaw=0.33
173.400000095,[debug],turtlebot5,simulation,robot-pose,x=-40.39;y=25.23;yaw=0.33
185.700000048,[debug],turtlebot1,simulation,robot-pose,x=-36.61;y=29.76;yaw=-1.52
185.700000048,[debug],turtlebot1,simulation,robot-pose,x=-36.61;y=29.76;yaw=-1.52
187.783333302,[debug],turtlebot2,simulation,robot-pose,x=-21.00;y=18.00;yaw=-1.54
187.783333302,[debug],turtlebot2,simulation,robot-pose,x=-21.00;y=18.00;yaw=-1.54
188.033333302,[debug],turtlebot3,simulation,robot-pose,x=-27.22;y=18.03;yaw=-1.57
188.033333302,[debug],turtlebot3,simulation,robot-pose,x=-27.22;y=18.03;yaw=-1.57
188.166666746,[debug],turtlebot4,simulation,robot-pose,x=-28.68;y=17.88;yaw=-0.80
188.166666746,[debug],turtlebot4,simulation,robot-pose,x=-28.68;y=17.88;yaw=-0.80
188.333333254,[debug],turtlebot5,simulation,robot-pose,x=-40.39;y=25.23;yaw=0.33
188.400000095,[debug],turtlebot5,simulation,robot-pose,x=-40.39;y=25.23;yaw=0.33
200.700000048,[debug],turtlebot1,simulation,robot-pose,x=-36.49;y=27.39;yaw=-1.57
200.700000048,[debug],turtlebot1,simulation,robot-pose,x=-36.49;y=27.39;yaw=-1.57
202.783333302,[debug],turtlebot2,simulation,robot-pose,x=-21.01;y=18.00;yaw=-1.54
202.783333302,[debug],turtlebot2,simulation,robot-pose,x=-21.01;y=18.00;yaw=-1.54
203.033333302,[debug],turtlebot3,simulation,robot-pose,x=-27.22;y=18.03;yaw=-1.57
203.033333302,[debug],turtlebot3,simulation,robot-pose,x=-27.22;y=18.03;yaw=-1.57
203.166666746,[debug],turtlebot4,simulation,robot-pose,x=-28.68;y=17.88;yaw=-0.80
203.166666746,[debug],turtlebot4,simulation,robot-pose,x=-28.68;y=17.88;yaw=-0.80
203.333333254,[debug],turtlebot5,simulation,robot-pose,x=-40.39;y=25.23;yaw=0.33
203.416666746,[debug],turtlebot5,simulation,robot-pose,x=-40.39;y=25.23;yaw=0.33
208.549999952,[info],turtlebot1,skill-life-cycle,navigation,(status=RUNNING, parameters=[[-37.0, 33.98, -1.5707963267948966, True], [-37.0, 16.0, 0.0, True], [-26.0, 16.0, -1.5707963267948966, True], [-26.0, 13.0, 1.57, False]])
215.700000048,[debug],turtlebot1,simulation,robot-pose,x=-36.53;y=24.85;yaw=-1.60
215.700000048,[debug],turtlebot1,simulation,robot-pose,x=-36.53;y=24.85;yaw=-1.60
217.783333302,[debug],turtlebot2,simulation,robot-pose,x=-21.01;y=18.00;yaw=-1.54
217.783333302,[debug],turtlebot2,simulation,robot-pose,x=-21.01;y=18.00;yaw=-1.54
218.033333302,[debug],turtlebot3,simulation,robot-pose,x=-27.21;y=18.03;yaw=-1.57
218.033333302,[debug],turtlebot3,simulation,robot-pose,x=-27.21;y=18.03;yaw=-1.57
218.166666746,[debug],turtlebot4,simulation,robot-pose,x=-28.68;y=17.88;yaw=-0.80
218.166666746,[debug],turtlebot4,simulation,robot-pose,x=-28.68;y=17.88;yaw=-0.80
218.333333254,[debug],turtlebot5,simulation,robot-pose,x=-40.39;y=25.23;yaw=0.33
218.483333349,[debug],turtlebot5,simulation,robot-pose,x=-40.39;y=25.23;yaw=0.33
230.700000048,[debug],turtlebot1,simulation,robot-pose,x=-36.66;y=22.22;yaw=-1.63
230.700000048,[debug],turtlebot1,simulation,robot-pose,x=-36.66;y=22.22;yaw=-1.63
232.783333302,[debug],turtlebot2,simulation,robot-pose,x=-21.01;y=18.00;yaw=-1.54
232.783333302,[debug],turtlebot2,simulation,robot-pose,x=-21.01;y=18.00;yaw=-1.54
233.033333302,[debug],turtlebot3,simulation,robot-pose,x=-27.21;y=18.03;yaw=-1.57
233.033333302,[debug],turtlebot3,simulation,robot-pose,x=-27.21;y=18.03;yaw=-1.57
233.166666746,[debug],turtlebot4,simulation,robot-pose,x=-28.69;y=17.88;yaw=-0.80
233.166666746,[debug],turtlebot4,simulation,robot-pose,x=-28.69;y=17.88;yaw=-0.80
233.333333254,[debug],turtlebot5,simulation,robot-pose,x=-40.39;y=25.23;yaw=0.33
233.433333397,[debug],turtlebot5,simulation,robot-pose,x=-40.39;y=25.23;yaw=0.33
245.700000048,[debug],turtlebot1,simulation,robot-pose,x=-36.80;y=19.58;yaw=-1.62
245.700000048,[debug],turtlebot1,simulation,robot-pose,x=-36.80;y=19.58;yaw=-1.62
247.783333302,[debug],turtlebot2,simulation,robot-pose,x=-21.02;y=18.00;yaw=-1.54
247.783333302,[debug],turtlebot2,simulation,robot-pose,x=-21.02;y=18.00;yaw=-1.54
248.033333302,[debug],turtlebot3,simulation,robot-pose,x=-27.21;y=18.03;yaw=-1.57
248.033333302,[debug],turtlebot3,simulation,robot-pose,x=-27.21;y=18.03;yaw=-1.57
248.166666746,[debug],turtlebot4,simulation,robot-pose,x=-28.69;y=17.88;yaw=-0.80
248.166666746,[debug],turtlebot4,simulation,robot-pose,x=-28.69;y=17.88;yaw=-0.80
248.333333254,[debug],turtlebot5,simulation,robot-pose,x=-40.39;y=25.23;yaw=0.33
248.416666746,[debug],turtlebot5,simulation,robot-pose,x=-40.39;y=25.23;yaw=0.33
258.599999905,[info],turtlebot1,skill-life-cycle,navigation,(status=RUNNING, parameters=[[-37.0, 33.98, -1.5707963267948966, True], [-37.0, 16.0, 0.0, True], [-26.0, 16.0, -1.5707963267948966, True], [-26.0, 13.0, 1.57, False]])
260.700000048,[debug],turtlebot1,simulation,robot-pose,x=-36.95;y=16.94;yaw=-1.62
260.700000048,[debug],turtlebot1,simulation,robot-pose,x=-36.95;y=16.94;yaw=-1.62
262.783333302,[debug],turtlebot2,simulation,robot-pose,x=-21.02;y=18.00;yaw=-1.54
262.783333302,[debug],turtlebot2,simulation,robot-pose,x=-21.02;y=18.00;yaw=-1.54
263.033333302,[debug],turtlebot3,simulation,robot-pose,x=-27.21;y=18.03;yaw=-1.57
263.033333302,[debug],turtlebot3,simulation,robot-pose,x=-27.21;y=18.03;yaw=-1.57
263.166666746,[debug],turtlebot4,simulation,robot-pose,x=-28.69;y=17.88;yaw=-0.79
263.166666746,[debug],turtlebot4,simulation,robot-pose,x=-28.69;y=17.88;yaw=-0.79
263.333333254,[debug],turtlebot5,simulation,robot-pose,x=-40.39;y=25.23;yaw=0.33
263.416666746,[debug],turtlebot5,simulation,robot-pose,x=-40.39;y=25.23;yaw=0.33
267.799999952,[debug],turtlebot1,move-base-info,Hooray, the base moved arrived,(x=-37;y=16)
267.799999952,[debug],turtlebot1,move-base-info,Hooray, the base moved arrived,(x=-37;y=16)
267.966666698,[debug],turtlebot1,task-update,navigation,way-point-reached,50.0%
275.700000048,[debug],turtlebot1,simulation,robot-pose,x=-36.80;y=16.36;yaw=-0.82
275.700000048,[debug],turtlebot1,simulation,robot-pose,x=-36.80;y=16.36;yaw=-0.82
277.783333302,[debug],turtlebot2,simulation,robot-pose,x=-21.03;y=18.00;yaw=-1.54
277.783333302,[debug],turtlebot2,simulation,robot-pose,x=-21.03;y=18.00;yaw=-1.54
278.033333302,[debug],turtlebot3,simulation,robot-pose,x=-27.21;y=18.03;yaw=-1.57
278.033333302,[debug],turtlebot3,simulation,robot-pose,x=-27.21;y=18.03;yaw=-1.57
278.166666746,[debug],turtlebot4,simulation,robot-pose,x=-28.69;y=17.88;yaw=-0.80
278.166666746,[debug],turtlebot4,simulation,robot-pose,x=-28.69;y=17.88;yaw=-0.80
278.333333254,[debug],turtlebot5,simulation,robot-pose,x=-40.39;y=25.23;yaw=0.33
278.450000048,[debug],turtlebot5,simulation,robot-pose,x=-40.39;y=25.23;yaw=0.33
290.700000048,[debug],turtlebot1,simulation,robot-pose,x=-35.74;y=15.41;yaw=-0.31
290.700000048,[debug],turtlebot1,simulation,robot-pose,x=-35.74;y=15.41;yaw=-0.31
292.783333302,[debug],turtlebot2,simulation,robot-pose,x=-21.03;y=18.00;yaw=-1.54
292.783333302,[debug],turtlebot2,simulation,robot-pose,x=-21.03;y=18.00;yaw=-1.54
293.033333302,[debug],turtlebot3,simulation,robot-pose,x=-27.21;y=18.03;yaw=-1.57
293.033333302,[debug],turtlebot3,simulation,robot-pose,x=-27.21;y=18.03;yaw=-1.57
293.166666746,[debug],turtlebot4,simulation,robot-pose,x=-28.70;y=17.88;yaw=-0.80
293.166666746,[debug],turtlebot4,simulation,robot-pose,x=-28.70;y=17.88;yaw=-0.80
293.333333254,[debug],turtlebot5,simulation,robot-pose,x=-40.39;y=25.23;yaw=0.33
293.433333397,[debug],turtlebot5,simulation,robot-pose,x=-40.39;y=25.23;yaw=0.33
305.700000048,[debug],turtlebot1,simulation,robot-pose,x=-34.49;y=15.30;yaw=0.00
305.700000048,[debug],turtlebot1,simulation,robot-pose,x=-34.49;y=15.30;yaw=0.00
307.783333302,[debug],turtlebot2,simulation,robot-pose,x=-21.03;y=18.00;yaw=-1.54
307.783333302,[debug],turtlebot2,simulation,robot-pose,x=-21.03;y=18.00;yaw=-1.54
308.033333302,[debug],turtlebot3,simulation,robot-pose,x=-27.21;y=18.03;yaw=-1.57
308.033333302,[debug],turtlebot3,simulation,robot-pose,x=-27.21;y=18.03;yaw=-1.57
308.166666746,[debug],turtlebot4,simulation,robot-pose,x=-28.70;y=17.88;yaw=-0.81
308.166666746,[debug],turtlebot4,simulation,robot-pose,x=-28.70;y=17.88;yaw=-0.81
308.333333254,[debug],turtlebot5,simulation,robot-pose,x=-40.39;y=25.23;yaw=0.33
308.400000095,[debug],turtlebot5,simulation,robot-pose,x=-40.39;y=25.23;yaw=0.33
309.966666698,[info],turtlebot1,skill-life-cycle,navigation,(status=RUNNING, parameters=[[-37.0, 33.98, -1.5707963267948966, True], [-37.0, 16.0, 0.0, True], [-26.0, 16.0, -1.5707963267948966, True], [-26.0, 13.0, 1.57, False]])
320.700000048,[debug],turtlebot1,simulation,robot-pose,x=-33.24;y=15.33;yaw=0.09
320.700000048,[debug],turtlebot1,simulation,robot-pose,x=-33.24;y=15.33;yaw=0.09
322.783333302,[debug],turtlebot2,simulation,robot-pose,x=-21.03;y=18.00;yaw=-1.54
322.783333302,[debug],turtlebot2,simulation,robot-pose,x=-21.03;y=18.00;yaw=-1.54
323.033333302,[debug],turtlebot3,simulation,robot-pose,x=-27.21;y=18.03;yaw=-1.56
323.033333302,[debug],turtlebot3,simulation,robot-pose,x=-27.21;y=18.03;yaw=-1.56
323.166666746,[debug],turtlebot4,simulation,robot-pose,x=-28.70;y=17.88;yaw=-0.80
323.166666746,[debug],turtlebot4,simulation,robot-pose,x=-28.70;y=17.88;yaw=-0.80
323.333333254,[debug],turtlebot5,simulation,robot-pose,x=-40.39;y=25.23;yaw=0.33
323.433333397,[debug],turtlebot5,simulation,robot-pose,x=-40.39;y=25.23;yaw=0.33
335.700000048,[debug],turtlebot1,simulation,robot-pose,x=-31.99;y=15.32;yaw=-0.02
335.700000048,[debug],turtlebot1,simulation,robot-pose,x=-31.99;y=15.32;yaw=-0.02
337.783333302,[debug],turtlebot2,simulation,robot-pose,x=-21.03;y=18.00;yaw=-1.54
337.783333302,[debug],turtlebot2,simulation,robot-pose,x=-21.03;y=18.00;yaw=-1.54
338.033333302,[debug],turtlebot3,simulation,robot-pose,x=-27.21;y=18.02;yaw=-1.54
338.033333302,[debug],turtlebot3,simulation,robot-pose,x=-27.21;y=18.02;yaw=-1.54
338.166666746,[debug],turtlebot4,simulation,robot-pose,x=-28.71;y=17.88;yaw=-0.81
338.166666746,[debug],turtlebot4,simulation,robot-pose,x=-28.71;y=17.88;yaw=-0.81
338.333333254,[debug],turtlebot5,simulation,robot-pose,x=-40.39;y=25.23;yaw=0.33
338.433333397,[debug],turtlebot5,simulation,robot-pose,x=-40.39;y=25.23;yaw=0.33
350.700000048,[debug],turtlebot1,simulation,robot-pose,x=-30.74;y=15.44;yaw=0.07
350.700000048,[debug],turtlebot1,simulation,robot-pose,x=-30.74;y=15.44;yaw=0.07
352.783333302,[debug],turtlebot2,simulation,robot-pose,x=-21.03;y=18.00;yaw=-1.54
352.783333302,[debug],turtlebot2,simulation,robot-pose,x=-21.03;y=18.00;yaw=-1.54
353.033333302,[debug],turtlebot3,simulation,robot-pose,x=-27.21;y=18.01;yaw=-1.54
353.033333302,[debug],turtlebot3,simulation,robot-pose,x=-27.21;y=18.01;yaw=-1.54
353.166666746,[debug],turtlebot4,simulation,robot-pose,x=-28.71;y=17.88;yaw=-0.81
353.166666746,[debug],turtlebot4,simulation,robot-pose,x=-28.71;y=17.88;yaw=-0.81
353.333333254,[debug],turtlebot5,simulation,robot-pose,x=-40.39;y=25.23;yaw=0.33
353.400000095,[debug],turtlebot5,simulation,robot-pose,x=-40.39;y=25.23;yaw=0.33
359.849999905,[info],turtlebot1,skill-life-cycle,navigation,(status=RUNNING, parameters=[[-37.0, 33.98, -1.5707963267948966, True], [-37.0, 16.0, 0.0, True], [-26.0, 16.0, -1.5707963267948966, True], [-26.0, 13.0, 1.57, False]])
365.700000048,[debug],turtlebot1,simulation,robot-pose,x=-29.50;y=15.46;yaw=0.02
365.700000048,[debug],turtlebot1,simulation,robot-pose,x=-29.50;y=15.46;yaw=0.02
367.783333302,[debug],turtlebot2,simulation,robot-pose,x=-21.03;y=18.00;yaw=-1.54
367.783333302,[debug],turtlebot2,simulation,robot-pose,x=-21.03;y=18.00;yaw=-1.54
368.033333302,[debug],turtlebot3,simulation,robot-pose,x=-27.21;y=18.00;yaw=-1.54
368.033333302,[debug],turtlebot3,simulation,robot-pose,x=-27.21;y=18.00;yaw=-1.54
368.166666746,[debug],turtlebot4,simulation,robot-pose,x=-28.71;y=17.88;yaw=-0.80
368.166666746,[debug],turtlebot4,simulation,robot-pose,x=-28.71;y=17.88;yaw=-0.80
368.333333254,[debug],turtlebot5,simulation,robot-pose,x=-40.39;y=25.23;yaw=0.33
368.416666746,[debug],turtlebot5,simulation,robot-pose,x=-40.39;y=25.23;yaw=0.33
380.700000048,[debug],turtlebot1,simulation,robot-pose,x=-28.25;y=15.47;yaw=0.07
380.700000048,[debug],turtlebot1,simulation,robot-pose,x=-28.25;y=15.47;yaw=0.07
382.783333302,[debug],turtlebot2,simulation,robot-pose,x=-21.03;y=18.00;yaw=-1.54
382.783333302,[debug],turtlebot2,simulation,robot-pose,x=-21.03;y=18.00;yaw=-1.54
383.033333302,[debug],turtlebot3,simulation,robot-pose,x=-27.21;y=17.98;yaw=-1.54
383.033333302,[debug],turtlebot3,simulation,robot-pose,x=-27.21;y=17.98;yaw=-1.54
383.166666746,[debug],turtlebot4,simulation,robot-pose,x=-28.71;y=17.88;yaw=-0.80
383.166666746,[debug],turtlebot4,simulation,robot-pose,x=-28.71;y=17.88;yaw=-0.80
383.333333254,[debug],turtlebot5,simulation,robot-pose,x=-40.39;y=25.23;yaw=0.33
383.416666746,[debug],turtlebot5,simulation,robot-pose,x=-40.39;y=25.23;yaw=0.33
395.700000048,[debug],turtlebot1,simulation,robot-pose,x=-27.01;y=15.78;yaw=0.26
395.700000048,[debug],turtlebot1,simulation,robot-pose,x=-27.01;y=15.78;yaw=0.26
397.783333302,[debug],turtlebot2,simulation,robot-pose,x=-21.03;y=18.00;yaw=-1.54
397.783333302,[debug],turtlebot2,simulation,robot-pose,x=-21.03;y=18.00;yaw=-1.54
398.033333302,[debug],turtlebot3,simulation,robot-pose,x=-27.21;y=17.97;yaw=-1.54
398.033333302,[debug],turtlebot3,simulation,robot-pose,x=-27.21;y=17.97;yaw=-1.54
398.166666746,[debug],turtlebot4,simulation,robot-pose,x=-28.72;y=17.88;yaw=-0.80
398.166666746,[debug],turtlebot4,simulation,robot-pose,x=-28.72;y=17.88;yaw=-0.80
398.333333254,[debug],turtlebot5,simulation,robot-pose,x=-40.39;y=25.23;yaw=0.33
398.400000095,[debug],turtlebot5,simulation,robot-pose,x=-40.39;y=25.23;yaw=0.33
406.983333349,[debug],turtlebot1,move-base-info,Hooray, the base moved arrived,(x=-26;y=16)
406.983333349,[debug],turtlebot1,move-base-info,Hooray, the base moved arrived,(x=-26;y=16)
407.133333445,[debug],turtlebot1,task-update,navigation,way-point-reached,75.0%
410.700000048,[debug],turtlebot1,simulation,robot-pose,x=-26.45;y=15.99;yaw=-1.52
410.700000048,[debug],turtlebot1,simulation,robot-pose,x=-26.45;y=15.99;yaw=-1.52
410.700000048,[info],turtlebot1,skill-life-cycle,navigation,(status=RUNNING, parameters=[[-37.0, 33.98, -1.5707963267948966, True], [-37.0, 16.0, 0.0, True], [-26.0, 16.0, -1.5707963267948966, True], [-26.0, 13.0, 1.57, False]])
412.783333302,[debug],turtlebot2,simulation,robot-pose,x=-21.03;y=18.00;yaw=-1.54
412.783333302,[debug],turtlebot2,simulation,robot-pose,x=-21.03;y=18.00;yaw=-1.54
413.033333302,[debug],turtlebot3,simulation,robot-pose,x=-27.21;y=17.95;yaw=-1.54
413.033333302,[debug],turtlebot3,simulation,robot-pose,x=-27.21;y=17.95;yaw=-1.54
413.166666746,[debug],turtlebot4,simulation,robot-pose,x=-28.72;y=17.88;yaw=-0.80
413.166666746,[debug],turtlebot4,simulation,robot-pose,x=-28.72;y=17.88;yaw=-0.80
413.333333254,[debug],turtlebot5,simulation,robot-pose,x=-40.39;y=25.23;yaw=0.33
413.433333397,[debug],turtlebot5,simulation,robot-pose,x=-40.39;y=25.23;yaw=0.33
425.700000048,[debug],turtlebot1,simulation,robot-pose,x=-26.15;y=14.42;yaw=-1.30
425.700000048,[debug],turtlebot1,simulation,robot-pose,x=-26.15;y=14.42;yaw=-1.30
427.783333302,[debug],turtlebot2,simulation,robot-pose,x=-21.03;y=18.00;yaw=-1.54
427.783333302,[debug],turtlebot2,simulation,robot-pose,x=-21.03;y=18.00;yaw=-1.54
428.033333302,[debug],turtlebot3,simulation,robot-pose,x=-27.20;y=17.94;yaw=-1.54
428.033333302,[debug],turtlebot3,simulation,robot-pose,x=-27.20;y=17.94;yaw=-1.54
428.166666746,[debug],turtlebot4,simulation,robot-pose,x=-28.72;y=17.88;yaw=-0.80
428.166666746,[debug],turtlebot4,simulation,robot-pose,x=-28.72;y=17.88;yaw=-0.80
428.333333254,[debug],turtlebot5,simulation,robot-pose,x=-40.39;y=25.23;yaw=0.33
428.400000095,[debug],turtlebot5,simulation,robot-pose,x=-40.39;y=25.23;yaw=0.33
440.700000048,[debug],turtlebot1,simulation,robot-pose,x=-26.13;y=13.47;yaw=-1.42
440.700000048,[debug],turtlebot1,simulation,robot-pose,x=-26.13;y=13.47;yaw=-1.42
442.783333302,[debug],turtlebot2,simulation,robot-pose,x=-21.03;y=18.00;yaw=-1.54
442.783333302,[debug],turtlebot2,simulation,robot-pose,x=-21.03;y=18.00;yaw=-1.54
443.033333302,[debug],turtlebot3,simulation,robot-pose,x=-27.20;y=17.92;yaw=-1.54
443.033333302,[debug],turtlebot3,simulation,robot-pose,x=-27.20;y=17.92;yaw=-1.54
443.166666746,[debug],turtlebot4,simulation,robot-pose,x=-28.72;y=17.88;yaw=-0.80
443.166666746,[debug],turtlebot4,simulation,robot-pose,x=-28.72;y=17.88;yaw=-0.80
443.333333254,[debug],turtlebot5,simulation,robot-pose,x=-40.39;y=25.23;yaw=0.33
443.450000048,[debug],turtlebot5,simulation,robot-pose,x=-40.39;y=25.23;yaw=0.33
455.0,[debug],turtlebot1,move-base-info,Hooray, the base moved arrived,(x=-26;y=13)
455.0,[debug],turtlebot1,move-base-info,Hooray, the base moved arrived,(x=-26;y=13)
455.233333349,[debug],turtlebot1,task-update,navigation,way-point-reached,100.0%
455.316666603,[info],turtlebot1,skill-life-cycle,approach_robot,(status=STARTED, parameters=['lab_arm'])
455.400000095,[debug],turtlebot1,task-update,approach_robot,localize-robot,(who=lab_arm)
455.483333349,[debug],turtlebot1,task-update,approach_robot,goto-robot,(who=lab_arm)
455.583333254,[info],turtlebot1,skill-life-cycle,operate_drawer,(status=STARTED, parameters=['open'])
455.700000048,[debug],turtlebot1,simulation,robot-pose,x=-26.02;y=13.43;yaw=1.52
455.700000048,[debug],turtlebot1,simulation,robot-pose,x=-26.02;y=13.43;yaw=1.52
455.883333445,[debug],turtlebot1,task-update,operate_drawer,open
456.883333445,[info],turtlebot1,skill-life-cycle,send_message,(status=STARTED, parameters=['lab_arm'])
456.966666698,[info],turtlebot1,sync,send-message,(to=lab_arm)
457.783333302,[debug],turtlebot2,simulation,robot-pose,x=-21.03;y=18.00;yaw=-1.54
457.783333302,[debug],turtlebot2,simulation,robot-pose,x=-21.03;y=18.00;yaw=-1.54
458.033333302,[debug],turtlebot3,simulation,robot-pose,x=-27.20;y=17.91;yaw=-1.54
458.033333302,[debug],turtlebot3,simulation,robot-pose,x=-27.20;y=17.91;yaw=-1.54
458.166666746,[debug],turtlebot4,simulation,robot-pose,x=-28.73;y=17.88;yaw=-0.81
458.166666746,[debug],turtlebot4,simulation,robot-pose,x=-28.73;y=17.88;yaw=-0.81
458.333333254,[debug],turtlebot5,simulation,robot-pose,x=-40.39;y=25.23;yaw=0.33
458.450000048,[debug],turtlebot5,simulation,robot-pose,x=-40.39;y=25.23;yaw=0.33
458.783333302,[info],lab_arm,sync,wait-message,(status=message-received)
458.783333302,[info],lab_arm,sync,wait-message,(status=message-received)
458.783333302,[info],Inventory,sync,wait-sample,(status=sample-received)
458.783333302,[info],Inventory,sync,wait-sample,(status=sample-received)
458.783333302,ENDSIM
458.783333302,ENDSIM
468.766666651,[info],Inventory,sync,wait-sample,(status=sample-received)
468.766666651,ENDSIM
468.766666651,[info],lab_arm,sync,wait-message,(status=message-received)
468.766666651,[info],Inventory,sync,wait-sample,(status=sample-received)
468.766666651,[info],Inventory,sync,wait-sample,(status=sample-received)
468.766666651,ENDSIM
468.766666651,[info],lab_arm,sync,wait-message,(status=message-received)
468.766666651,ENDSIM
468.766666651,[info],Inventory,sync,wait-sample,(status=sample-received)
468.766666651,ENDSIM
0.0,[debug],simulation closed,reach-target,execution-wall-clock=583.8285202980042
