0.0,0.0,[debug],logger,init,time
ROBOTS_CONFIG=[{"avg_speed": 0.15, "battery_charge": 0.68, "battery_discharge_rate": 0.00011, "id": 0, "local_plan": [["navigation", ["IC Room 4", [[-19.0, 18.0, -1.57], [-19.0, 16.0], [-37.0, 16.0], [-37.0, 33.95], [-39.44, 33.95, 0.0]]]], ["approach_person", ["nurse"]], ["authenticate_person", ["nurse"]], ["operate_drawer", ["open"]], ["send_message", ["nurse"]], ["wait_message", ["r1"]], ["operate_drawer", ["close"]], ["navigation", ["Laboratory", [[-39.44, 33.95, 0.0], [-37.0, 33.95], [-37.0, 16.0], [-26.0, 16.0], [-26.0, 13.0, 1.57]]]], ["approach_robot", ["lab_arm"]], ["operate_drawer", ["open"]], ["send_message", ["lab_arm"]], ["wait_message", ["r1"]], ["operate_drawer", ["close"]]], "location": "PC Room 6", "position": [-19.0, 18.0, -1.57], "skills": ["approach_person", "approach_robot", "authenticate_person", "deposit", "navigation", "operate_drawer", "pick_up"]}, {"avg_speed": 0.15, "battery_charge": 0.79, "battery_discharge_rate": 0.00014000000000000001, "id": 1, "local_plan": null, "location": "IC Room 5", "position": [-32.88, 33.98, 3.14], "skills": ["approach_person", "approach_robot", "authenticate_person", "deposit", "navigation", "operate_drawer", "pick_up"]}, {"avg_speed": 0.15, "battery_charge": 0.25, "battery_discharge_rate": 0.00012000000000000002, "id": 2, "local_plan": null, "location": "PC Room 8", "position": [-11.5, 18.0, -1.57], "skills": ["approach_person", "approach_robot", "authenticate_person", "deposit", "navigation", "operate_drawer", "pick_up"]}, {"avg_speed": 0.15, "battery_charge": 0.59, "battery_discharge_rate": 0.00016, "id": 3, "local_plan": null, "location": "PC Room 5", "position": [-21.0, 18.0, -1.57], "skills": ["approach_person", "approach_robot", "authenticate_person", "deposit", "navigation", "pick_up"]}, {"avg_speed": 0.15, "battery_charge": 0.2, "battery_discharge_rate": 0.00015000000000000001, "id": 4, "local_plan": null, "location": "IC Room 3", "position": [-40.23, 25.37, 0.0], "skills": ["approach_person", "approach_robot", "authenticate_person", "deposit", "navigation", "operate_drawer", "pick_up"]}]
NURSES_CONFIG=[{"location": "IC Room 4", "position": [-38.44, 34.95, 0.0]}]
logger,1623138994422991514,Simulation open
0.0166666507721,[debug],logger,init,subcribing to in the topic /log
1.56666660309,[debug],turtlebot5,move-base-info,Move_base is up and ok....,
1.58333325386,[debug],turtlebot3,move-base-info,Move_base is up and ok....,
1.59999990463,[debug],turtlebot4,move-base-info,Move_base is up and ok....,
1.6166665554,[debug],turtlebot2,move-base-info,Move_base is up and ok....,
1.73333334923,[debug],turtlebot1,move-base-info,Move_base is up and ok....,
3.84999990463,[info],turtlebot3,skill-life-cycle,init_robobt,(status=RUNNING, parameters=[])
3.93333339691,[info],turtlebot5,skill-life-cycle,init_robobt,(status=RUNNING, parameters=[])
4.03333330154,[info],turtlebot4,skill-life-cycle,init_robobt,(status=RUNNING, parameters=[])
4.09999990463,[info],turtlebot1,skill-life-cycle,init_robobt,(status=RUNNING, parameters=[])
10.6500000954,[info],turtlebot1,skill-life-cycle,navigation,(status=STARTED, parameters=[[-19.0, 16.0, 3.141592653589793, True], [-37.0, 16.0, 1.5707963267948966, True], [-37.0, 33.95, 3.141592653589793, True], [-39.44, 33.95, 0.0, False]])
24.5999999046,[debug],turtlebot1,simulation,robot-pose,x=-19.29;y=17.41;yaw=-1.88
24.5999999046,[debug],turtlebot1,simulation,robot-pose,x=-19.29;y=17.41;yaw=-1.88
26.9166667461,[debug],turtlebot2,simulation,robot-pose,x=-32.89;y=33.97;yaw=-3.10
26.9166667461,[debug],turtlebot2,simulation,robot-pose,x=-32.89;y=33.97;yaw=-3.10
27.3166666031,[debug],turtlebot3,simulation,robot-pose,x=-11.46;y=17.82;yaw=-1.25
27.3166666031,[debug],turtlebot3,simulation,robot-pose,x=-11.46;y=17.82;yaw=-1.25
27.5999999046,[debug],turtlebot4,simulation,robot-pose,x=-20.99;y=18.00;yaw=-1.54
27.5999999046,[debug],turtlebot4,simulation,robot-pose,x=-20.99;y=18.00;yaw=-1.54
27.8166666031,[debug],turtlebot5,simulation,robot-pose,x=-40.39;y=25.23;yaw=0.34
27.8166666031,[debug],turtlebot5,simulation,robot-pose,x=-40.39;y=25.23;yaw=0.34
39.5999999046,[debug],turtlebot1,simulation,robot-pose,x=-19.16;y=16.45;yaw=-2.23
39.5999999046,[debug],turtlebot1,simulation,robot-pose,x=-19.16;y=16.45;yaw=-2.23
41.9166667461,[debug],turtlebot2,simulation,robot-pose,x=-32.89;y=33.97;yaw=-3.10
41.9166667461,[debug],turtlebot2,simulation,robot-pose,x=-32.89;y=33.97;yaw=-3.10
42.3166666031,[debug],turtlebot3,simulation,robot-pose,x=-11.46;y=17.82;yaw=-1.25
42.3166666031,[debug],turtlebot3,simulation,robot-pose,x=-11.46;y=17.82;yaw=-1.25
42.3499999046,[debug],turtlebot1,move-base-info,Hooray, the base moved arrived,(x=-19;y=16)
42.3499999046,[debug],turtlebot1,move-base-info,Hooray, the base moved arrived,(x=-19;y=16)
42.3833334446,[debug],turtlebot1,task-update,navigation,way-point-reached,25.0%
42.5999999046,[debug],turtlebot4,simulation,robot-pose,x=-20.99;y=18.00;yaw=-1.54
42.5999999046,[debug],turtlebot4,simulation,robot-pose,x=-20.99;y=18.00;yaw=-1.54
42.8166666031,[debug],turtlebot5,simulation,robot-pose,x=-40.39;y=25.23;yaw=0.33
42.8166666031,[debug],turtlebot5,simulation,robot-pose,x=-40.39;y=25.23;yaw=0.33
54.5999999046,[debug],turtlebot1,simulation,robot-pose,x=-19.84;y=16.09;yaw=-2.62
54.5999999046,[debug],turtlebot1,simulation,robot-pose,x=-19.84;y=16.09;yaw=-2.62
56.9166667461,[debug],turtlebot2,simulation,robot-pose,x=-32.89;y=33.97;yaw=-3.10
56.9166667461,[debug],turtlebot2,simulation,robot-pose,x=-32.89;y=33.97;yaw=-3.10
57.3166666031,[debug],turtlebot3,simulation,robot-pose,x=-11.46;y=17.82;yaw=-1.25
57.3166666031,[debug],turtlebot3,simulation,robot-pose,x=-11.46;y=17.82;yaw=-1.25
57.5999999046,[debug],turtlebot4,simulation,robot-pose,x=-20.99;y=18.00;yaw=-1.54
57.5999999046,[debug],turtlebot4,simulation,robot-pose,x=-20.99;y=18.00;yaw=-1.54
57.8166666031,[debug],turtlebot5,simulation,robot-pose,x=-40.39;y=25.23;yaw=0.33
57.8166666031,[debug],turtlebot5,simulation,robot-pose,x=-40.39;y=25.23;yaw=0.33
62.7666666508,[info],turtlebot1,skill-life-cycle,navigation,(status=RUNNING, parameters=[[-19.0, 16.0, 3.141592653589793, True], [-37.0, 16.0, 1.5707963267948966, True], [-37.0, 33.95, 3.141592653589793, True], [-39.44, 33.95, 0.0, False]])
69.5999999046,[debug],turtlebot1,simulation,robot-pose,x=-22.17;y=15.94;yaw=-3.12
69.5999999046,[debug],turtlebot1,simulation,robot-pose,x=-22.17;y=15.94;yaw=-3.12
71.9166667461,[debug],turtlebot2,simulation,robot-pose,x=-32.89;y=33.97;yaw=-3.10
71.9166667461,[debug],turtlebot2,simulation,robot-pose,x=-32.89;y=33.97;yaw=-3.10
72.3166666031,[debug],turtlebot3,simulation,robot-pose,x=-11.46;y=17.82;yaw=-1.25
72.3166666031,[debug],turtlebot3,simulation,robot-pose,x=-11.46;y=17.82;yaw=-1.25
72.5999999046,[debug],turtlebot4,simulation,robot-pose,x=-20.99;y=18.00;yaw=-1.54
72.5999999046,[debug],turtlebot4,simulation,robot-pose,x=-20.99;y=18.00;yaw=-1.54
72.8166666031,[debug],turtlebot5,simulation,robot-pose,x=-40.39;y=25.23;yaw=0.33
72.8166666031,[debug],turtlebot5,simulation,robot-pose,x=-40.39;y=25.23;yaw=0.33
84.5999999046,[debug],turtlebot1,simulation,robot-pose,x=-24.62;y=15.90;yaw=-3.08
84.5999999046,[debug],turtlebot1,simulation,robot-pose,x=-24.62;y=15.90;yaw=-3.08
86.9166667461,[debug],turtlebot2,simulation,robot-pose,x=-32.90;y=33.97;yaw=-3.10
86.9166667461,[debug],turtlebot2,simulation,robot-pose,x=-32.90;y=33.97;yaw=-3.10
87.3166666031,[debug],turtlebot3,simulation,robot-pose,x=-11.46;y=17.82;yaw=-1.25
87.3166666031,[debug],turtlebot3,simulation,robot-pose,x=-11.46;y=17.82;yaw=-1.25
87.5999999046,[debug],turtlebot4,simulation,robot-pose,x=-20.99;y=18.00;yaw=-1.54
87.5999999046,[debug],turtlebot4,simulation,robot-pose,x=-20.99;y=18.00;yaw=-1.54
87.8166666031,[debug],turtlebot5,simulation,robot-pose,x=-40.39;y=25.23;yaw=0.33
87.8166666031,[debug],turtlebot5,simulation,robot-pose,x=-40.39;y=25.23;yaw=0.33
99.5999999046,[debug],turtlebot1,simulation,robot-pose,x=-27.19;y=15.98;yaw=3.13
99.5999999046,[debug],turtlebot1,simulation,robot-pose,x=-27.19;y=15.98;yaw=3.13
101.916666746,[debug],turtlebot2,simulation,robot-pose,x=-32.90;y=33.97;yaw=-3.10
101.916666746,[debug],turtlebot2,simulation,robot-pose,x=-32.90;y=33.97;yaw=-3.10
102.316666603,[debug],turtlebot3,simulation,robot-pose,x=-11.46;y=17.82;yaw=-1.25
102.316666603,[debug],turtlebot3,simulation,robot-pose,x=-11.46;y=17.82;yaw=-1.25
102.599999905,[debug],turtlebot4,simulation,robot-pose,x=-20.99;y=18.00;yaw=-1.54
102.599999905,[debug],turtlebot4,simulation,robot-pose,x=-20.99;y=18.00;yaw=-1.54
102.816666603,[debug],turtlebot5,simulation,robot-pose,x=-40.39;y=25.23;yaw=0.33
102.816666603,[debug],turtlebot5,simulation,robot-pose,x=-40.39;y=25.23;yaw=0.33
114.599999905,[debug],turtlebot1,simulation,robot-pose,x=-29.71;y=16.00;yaw=-3.14
114.599999905,[debug],turtlebot1,simulation,robot-pose,x=-29.71;y=16.00;yaw=-3.14
116.933333397,[debug],turtlebot2,simulation,robot-pose,x=-32.90;y=33.97;yaw=-3.09
116.933333397,[debug],turtlebot2,simulation,robot-pose,x=-32.90;y=33.97;yaw=-3.09
117.316666603,[debug],turtlebot3,simulation,robot-pose,x=-11.46;y=17.82;yaw=-1.25
117.316666603,[debug],turtlebot3,simulation,robot-pose,x=-11.46;y=17.82;yaw=-1.25
117.599999905,[debug],turtlebot4,simulation,robot-pose,x=-20.99;y=18.00;yaw=-1.54
117.599999905,[debug],turtlebot4,simulation,robot-pose,x=-20.99;y=18.00;yaw=-1.54
117.816666603,[debug],turtlebot5,simulation,robot-pose,x=-40.39;y=25.23;yaw=0.33
117.816666603,[debug],turtlebot5,simulation,robot-pose,x=-40.39;y=25.23;yaw=0.33
119.516666651,[info],turtlebot1,skill-life-cycle,navigation,(status=RUNNING, parameters=[[-19.0, 16.0, 3.141592653589793, True], [-37.0, 16.0, 1.5707963267948966, True], [-37.0, 33.95, 3.141592653589793, True], [-39.44, 33.95, 0.0, False]])
129.599999905,[debug],turtlebot1,simulation,robot-pose,x=-32.21;y=16.00;yaw=-3.14
129.599999905,[debug],turtlebot1,simulation,robot-pose,x=-32.21;y=16.00;yaw=-3.14
131.916666746,[debug],turtlebot2,simulation,robot-pose,x=-32.90;y=33.97;yaw=-3.09
131.916666746,[debug],turtlebot2,simulation,robot-pose,x=-32.90;y=33.97;yaw=-3.09
132.316666603,[debug],turtlebot3,simulation,robot-pose,x=-11.46;y=17.82;yaw=-1.25
132.333333254,[debug],turtlebot3,simulation,robot-pose,x=-11.46;y=17.82;yaw=-1.25
132.599999905,[debug],turtlebot4,simulation,robot-pose,x=-21.00;y=18.00;yaw=-1.54
132.599999905,[debug],turtlebot4,simulation,robot-pose,x=-21.00;y=18.00;yaw=-1.54
132.816666603,[debug],turtlebot5,simulation,robot-pose,x=-40.39;y=25.23;yaw=0.33
132.816666603,[debug],turtlebot5,simulation,robot-pose,x=-40.39;y=25.23;yaw=0.33
144.599999905,[debug],turtlebot1,simulation,robot-pose,x=-34.71;y=16.00;yaw=3.14
144.599999905,[debug],turtlebot1,simulation,robot-pose,x=-34.71;y=16.00;yaw=3.14
146.916666746,[debug],turtlebot2,simulation,robot-pose,x=-32.90;y=33.97;yaw=-3.09
146.916666746,[debug],turtlebot2,simulation,robot-pose,x=-32.90;y=33.97;yaw=-3.09
147.316666603,[debug],turtlebot3,simulation,robot-pose,x=-11.46;y=17.82;yaw=-1.25
147.316666603,[debug],turtlebot3,simulation,robot-pose,x=-11.46;y=17.82;yaw=-1.25
147.599999905,[debug],turtlebot4,simulation,robot-pose,x=-21.00;y=18.00;yaw=-1.54
147.599999905,[debug],turtlebot4,simulation,robot-pose,x=-21.00;y=18.00;yaw=-1.54
147.816666603,[debug],turtlebot5,simulation,robot-pose,x=-40.39;y=25.23;yaw=0.33
147.816666603,[debug],turtlebot5,simulation,robot-pose,x=-40.39;y=25.23;yaw=0.33
159.599999905,[debug],turtlebot1,simulation,robot-pose,x=-36.72;y=16.32;yaw=1.68
159.599999905,[debug],turtlebot1,simulation,robot-pose,x=-36.72;y=16.32;yaw=1.68
160.183333397,[debug],turtlebot1,move-base-info,Hooray, the base moved arrived,(x=-37;y=16)
160.183333397,[debug],turtlebot1,move-base-info,Hooray, the base moved arrived,(x=-37;y=16)
160.349999905,[debug],turtlebot1,task-update,navigation,way-point-reached,50.0%
161.916666746,[debug],turtlebot2,simulation,robot-pose,x=-32.90;y=33.97;yaw=-3.09
161.916666746,[debug],turtlebot2,simulation,robot-pose,x=-32.90;y=33.97;yaw=-3.09
162.333333254,[debug],turtlebot3,simulation,robot-pose,x=-11.46;y=17.82;yaw=-1.25
162.333333254,[debug],turtlebot3,simulation,robot-pose,x=-11.46;y=17.82;yaw=-1.25
162.599999905,[debug],turtlebot4,simulation,robot-pose,x=-21.00;y=18.00;yaw=-1.54
162.599999905,[debug],turtlebot4,simulation,robot-pose,x=-21.00;y=18.00;yaw=-1.54
162.816666603,[debug],turtlebot5,simulation,robot-pose,x=-40.39;y=25.23;yaw=0.33
162.816666603,[debug],turtlebot5,simulation,robot-pose,x=-40.39;y=25.23;yaw=0.33
174.599999905,[debug],turtlebot1,simulation,robot-pose,x=-36.77;y=24.74;yaw=1.57
174.599999905,[debug],turtlebot1,simulation,robot-pose,x=-36.77;y=24.74;yaw=1.57
176.916666746,[debug],turtlebot2,simulation,robot-pose,x=-32.90;y=33.97;yaw=-3.09
176.916666746,[debug],turtlebot2,simulation,robot-pose,x=-32.90;y=33.97;yaw=-3.09
177.316666603,[debug],turtlebot3,simulation,robot-pose,x=-11.46;y=17.82;yaw=-1.25
177.316666603,[debug],turtlebot3,simulation,robot-pose,x=-11.46;y=17.82;yaw=-1.25
177.383333445,[info],turtlebot1,skill-life-cycle,navigation,(status=RUNNING, parameters=[[-19.0, 16.0, 3.141592653589793, True], [-37.0, 16.0, 1.5707963267948966, True], [-37.0, 33.95, 3.141592653589793, True], [-39.44, 33.95, 0.0, False]])
177.599999905,[debug],turtlebot4,simulation,robot-pose,x=-21.00;y=18.00;yaw=-1.54
177.599999905,[debug],turtlebot4,simulation,robot-pose,x=-21.00;y=18.00;yaw=-1.54
177.816666603,[debug],turtlebot5,simulation,robot-pose,x=-40.39;y=25.23;yaw=0.33
177.816666603,[debug],turtlebot5,simulation,robot-pose,x=-40.39;y=25.23;yaw=0.33
189.599999905,[debug],turtlebot1,simulation,robot-pose,x=-36.93;y=33.49;yaw=2.86
189.599999905,[debug],turtlebot1,simulation,robot-pose,x=-36.93;y=33.49;yaw=2.86
190.866666555,[debug],turtlebot1,move-base-info,Hooray, the base moved arrived,(x=-37;y=33.95)
190.866666555,[debug],turtlebot1,move-base-info,Hooray, the base moved arrived,(x=-37;y=33.95)
191.0,[debug],turtlebot1,task-update,navigation,way-point-reached,75.0%
191.916666746,[debug],turtlebot2,simulation,robot-pose,x=-32.90;y=33.97;yaw=-3.09
191.916666746,[debug],turtlebot2,simulation,robot-pose,x=-32.90;y=33.97;yaw=-3.09
192.316666603,[debug],turtlebot3,simulation,robot-pose,x=-11.46;y=17.82;yaw=-1.25
192.316666603,[debug],turtlebot3,simulation,robot-pose,x=-11.46;y=17.82;yaw=-1.25
192.599999905,[debug],turtlebot4,simulation,robot-pose,x=-21.00;y=18.00;yaw=-1.54
192.599999905,[debug],turtlebot4,simulation,robot-pose,x=-21.00;y=18.00;yaw=-1.54
192.816666603,[debug],turtlebot5,simulation,robot-pose,x=-40.39;y=25.23;yaw=0.33
192.816666603,[debug],turtlebot5,simulation,robot-pose,x=-40.39;y=25.23;yaw=0.33
204.599999905,[debug],turtlebot1,simulation,robot-pose,x=-37.99;y=34.52;yaw=2.66
204.599999905,[debug],turtlebot1,simulation,robot-pose,x=-37.99;y=34.52;yaw=2.66
206.916666746,[debug],turtlebot2,simulation,robot-pose,x=-32.91;y=33.97;yaw=-3.09
206.916666746,[debug],turtlebot2,simulation,robot-pose,x=-32.91;y=33.97;yaw=-3.09
207.316666603,[debug],turtlebot3,simulation,robot-pose,x=-11.46;y=17.82;yaw=-1.25
207.316666603,[debug],turtlebot3,simulation,robot-pose,x=-11.46;y=17.82;yaw=-1.25
207.599999905,[debug],turtlebot4,simulation,robot-pose,x=-21.01;y=18.00;yaw=-1.54
207.599999905,[debug],turtlebot4,simulation,robot-pose,x=-21.01;y=18.00;yaw=-1.54
207.816666603,[debug],turtlebot5,simulation,robot-pose,x=-40.39;y=25.23;yaw=0.33
207.816666603,[debug],turtlebot5,simulation,robot-pose,x=-40.39;y=25.23;yaw=0.33
219.599999905,[debug],turtlebot1,simulation,robot-pose,x=-37.99;y=34.54;yaw=2.86
219.599999905,[debug],turtlebot1,simulation,robot-pose,x=-37.99;y=34.54;yaw=2.86
221.916666746,[debug],turtlebot2,simulation,robot-pose,x=-32.91;y=33.97;yaw=-3.08
221.916666746,[debug],turtlebot2,simulation,robot-pose,x=-32.91;y=33.97;yaw=-3.08
222.316666603,[debug],turtlebot3,simulation,robot-pose,x=-11.46;y=17.82;yaw=-1.25
222.316666603,[debug],turtlebot3,simulation,robot-pose,x=-11.46;y=17.82;yaw=-1.25
222.599999905,[debug],turtlebot4,simulation,robot-pose,x=-21.01;y=18.00;yaw=-1.54
222.599999905,[debug],turtlebot4,simulation,robot-pose,x=-21.01;y=18.00;yaw=-1.54
222.816666603,[debug],turtlebot5,simulation,robot-pose,x=-40.39;y=25.23;yaw=0.33
222.816666603,[debug],turtlebot5,simulation,robot-pose,x=-40.39;y=25.23;yaw=0.33
234.599999905,[debug],turtlebot1,simulation,robot-pose,x=-37.99;y=34.57;yaw=2.81
234.599999905,[debug],turtlebot1,simulation,robot-pose,x=-37.99;y=34.57;yaw=2.81
235.183333397,[info],turtlebot1,skill-life-cycle,navigation,(status=RUNNING, parameters=[[-19.0, 16.0, 3.141592653589793, True], [-37.0, 16.0, 1.5707963267948966, True], [-37.0, 33.95, 3.141592653589793, True], [-39.44, 33.95, 0.0, False]])
236.916666746,[debug],turtlebot2,simulation,robot-pose,x=-32.91;y=33.97;yaw=-3.07
236.916666746,[debug],turtlebot2,simulation,robot-pose,x=-32.91;y=33.97;yaw=-3.07
237.316666603,[debug],turtlebot3,simulation,robot-pose,x=-11.46;y=17.82;yaw=-1.25
237.316666603,[debug],turtlebot3,simulation,robot-pose,x=-11.46;y=17.82;yaw=-1.25
237.599999905,[debug],turtlebot4,simulation,robot-pose,x=-21.01;y=18.00;yaw=-1.54
237.599999905,[debug],turtlebot4,simulation,robot-pose,x=-21.01;y=18.00;yaw=-1.54
237.816666603,[debug],turtlebot5,simulation,robot-pose,x=-40.39;y=25.23;yaw=0.33
237.816666603,[debug],turtlebot5,simulation,robot-pose,x=-40.39;y=25.23;yaw=0.33
249.599999905,[debug],turtlebot1,simulation,robot-pose,x=-37.98;y=34.60;yaw=2.76
249.599999905,[debug],turtlebot1,simulation,robot-pose,x=-37.98;y=34.60;yaw=2.76
251.916666746,[debug],turtlebot2,simulation,robot-pose,x=-32.91;y=33.97;yaw=-3.06
251.916666746,[debug],turtlebot2,simulation,robot-pose,x=-32.91;y=33.97;yaw=-3.06
252.316666603,[debug],turtlebot3,simulation,robot-pose,x=-11.46;y=17.82;yaw=-1.25
252.316666603,[debug],turtlebot3,simulation,robot-pose,x=-11.46;y=17.82;yaw=-1.25
252.599999905,[debug],turtlebot4,simulation,robot-pose,x=-21.02;y=18.00;yaw=-1.54
252.599999905,[debug],turtlebot4,simulation,robot-pose,x=-21.02;y=18.00;yaw=-1.54
252.816666603,[debug],turtlebot5,simulation,robot-pose,x=-40.39;y=25.23;yaw=0.33
252.816666603,[debug],turtlebot5,simulation,robot-pose,x=-40.39;y=25.23;yaw=0.33
264.599999905,[debug],turtlebot1,simulation,robot-pose,x=-37.97;y=34.61;yaw=2.78
264.599999905,[debug],turtlebot1,simulation,robot-pose,x=-37.97;y=34.61;yaw=2.78
266.933333397,[debug],turtlebot2,simulation,robot-pose,x=-32.91;y=33.97;yaw=-3.06
266.933333397,[debug],turtlebot2,simulation,robot-pose,x=-32.91;y=33.97;yaw=-3.06
267.316666603,[debug],turtlebot3,simulation,robot-pose,x=-11.46;y=17.82;yaw=-1.25
267.333333254,[debug],turtlebot3,simulation,robot-pose,x=-11.46;y=17.82;yaw=-1.25
267.599999905,[debug],turtlebot4,simulation,robot-pose,x=-21.02;y=18.00;yaw=-1.54
267.599999905,[debug],turtlebot4,simulation,robot-pose,x=-21.02;y=18.00;yaw=-1.54
267.816666603,[debug],turtlebot5,simulation,robot-pose,x=-40.39;y=25.23;yaw=0.33
267.816666603,[debug],turtlebot5,simulation,robot-pose,x=-40.39;y=25.23;yaw=0.33
279.599999905,[debug],turtlebot1,simulation,robot-pose,x=-37.97;y=34.62;yaw=2.74
279.599999905,[debug],turtlebot1,simulation,robot-pose,x=-37.97;y=34.62;yaw=2.74
281.916666746,[debug],turtlebot2,simulation,robot-pose,x=-32.92;y=33.98;yaw=-3.05
281.916666746,[debug],turtlebot2,simulation,robot-pose,x=-32.92;y=33.98;yaw=-3.05
282.316666603,[debug],turtlebot3,simulation,robot-pose,x=-11.46;y=17.82;yaw=-1.25
282.316666603,[debug],turtlebot3,simulation,robot-pose,x=-11.46;y=17.82;yaw=-1.25
282.599999905,[debug],turtlebot4,simulation,robot-pose,x=-21.03;y=18.00;yaw=-1.54
282.599999905,[debug],turtlebot4,simulation,robot-pose,x=-21.03;y=18.00;yaw=-1.54
282.816666603,[debug],turtlebot5,simulation,robot-pose,x=-40.39;y=25.23;yaw=0.33
282.816666603,[debug],turtlebot5,simulation,robot-pose,x=-40.39;y=25.23;yaw=0.33
292.033333302,[info],turtlebot1,skill-life-cycle,navigation,(status=RUNNING, parameters=[[-19.0, 16.0, 3.141592653589793, True], [-37.0, 16.0, 1.5707963267948966, True], [-37.0, 33.95, 3.141592653589793, True], [-39.44, 33.95, 0.0, False]])
294.599999905,[debug],turtlebot1,simulation,robot-pose,x=-37.97;y=34.62;yaw=2.77
294.599999905,[debug],turtlebot1,simulation,robot-pose,x=-37.97;y=34.62;yaw=2.77
296.916666746,[debug],turtlebot2,simulation,robot-pose,x=-32.92;y=33.98;yaw=-3.05
296.916666746,[debug],turtlebot2,simulation,robot-pose,x=-32.92;y=33.98;yaw=-3.05
297.316666603,[debug],turtlebot3,simulation,robot-pose,x=-11.46;y=17.82;yaw=-1.25
297.316666603,[debug],turtlebot3,simulation,robot-pose,x=-11.46;y=17.82;yaw=-1.25
297.599999905,[debug],turtlebot4,simulation,robot-pose,x=-21.03;y=18.00;yaw=-1.54
297.599999905,[debug],turtlebot4,simulation,robot-pose,x=-21.03;y=18.00;yaw=-1.54
297.816666603,[debug],turtlebot5,simulation,robot-pose,x=-40.39;y=25.23;yaw=0.33
297.816666603,[debug],turtlebot5,simulation,robot-pose,x=-40.39;y=25.23;yaw=0.33
309.599999905,[debug],turtlebot1,simulation,robot-pose,x=-37.97;y=34.63;yaw=2.79
309.599999905,[debug],turtlebot1,simulation,robot-pose,x=-37.97;y=34.63;yaw=2.79
311.916666746,[debug],turtlebot2,simulation,robot-pose,x=-32.92;y=33.98;yaw=-3.06
311.916666746,[debug],turtlebot2,simulation,robot-pose,x=-32.92;y=33.98;yaw=-3.06
312.316666603,[debug],turtlebot3,simulation,robot-pose,x=-11.47;y=17.82;yaw=-1.25
312.316666603,[debug],turtlebot3,simulation,robot-pose,x=-11.47;y=17.82;yaw=-1.25
312.599999905,[debug],turtlebot4,simulation,robot-pose,x=-21.03;y=18.00;yaw=-1.54
312.599999905,[debug],turtlebot4,simulation,robot-pose,x=-21.03;y=18.00;yaw=-1.54
312.816666603,[debug],turtlebot5,simulation,robot-pose,x=-40.39;y=25.23;yaw=0.33
312.816666603,[debug],turtlebot5,simulation,robot-pose,x=-40.39;y=25.23;yaw=0.33
324.599999905,[debug],turtlebot1,simulation,robot-pose,x=-37.97;y=34.63;yaw=2.81
324.599999905,[debug],turtlebot1,simulation,robot-pose,x=-37.97;y=34.63;yaw=2.81
326.916666746,[debug],turtlebot2,simulation,robot-pose,x=-32.92;y=33.98;yaw=-3.06
326.916666746,[debug],turtlebot2,simulation,robot-pose,x=-32.92;y=33.98;yaw=-3.06
327.316666603,[debug],turtlebot3,simulation,robot-pose,x=-11.47;y=17.82;yaw=-1.25
327.316666603,[debug],turtlebot3,simulation,robot-pose,x=-11.47;y=17.82;yaw=-1.25
327.599999905,[debug],turtlebot4,simulation,robot-pose,x=-21.03;y=18.00;yaw=-1.54
327.599999905,[debug],turtlebot4,simulation,robot-pose,x=-21.03;y=18.00;yaw=-1.54
327.816666603,[debug],turtlebot5,simulation,robot-pose,x=-40.39;y=25.23;yaw=0.33
327.816666603,[debug],turtlebot5,simulation,robot-pose,x=-40.39;y=25.23;yaw=0.33
339.599999905,[debug],turtlebot1,simulation,robot-pose,x=-37.97;y=34.63;yaw=2.82
339.599999905,[debug],turtlebot1,simulation,robot-pose,x=-37.97;y=34.63;yaw=2.82
341.916666746,[debug],turtlebot2,simulation,robot-pose,x=-32.93;y=33.98;yaw=-3.06
341.916666746,[debug],turtlebot2,simulation,robot-pose,x=-32.93;y=33.98;yaw=-3.06
342.316666603,[debug],turtlebot3,simulation,robot-pose,x=-11.47;y=17.82;yaw=-1.25
342.316666603,[debug],turtlebot3,simulation,robot-pose,x=-11.47;y=17.82;yaw=-1.25
342.599999905,[debug],turtlebot4,simulation,robot-pose,x=-21.03;y=18.00;yaw=-1.54
342.599999905,[debug],turtlebot4,simulation,robot-pose,x=-21.03;y=18.00;yaw=-1.54
342.816666603,[debug],turtlebot5,simulation,robot-pose,x=-40.39;y=25.23;yaw=0.33
342.816666603,[debug],turtlebot5,simulation,robot-pose,x=-40.39;y=25.23;yaw=0.33
348.983333349,[info],turtlebot1,skill-life-cycle,navigation,(status=RUNNING, parameters=[[-19.0, 16.0, 3.141592653589793, True], [-37.0, 16.0, 1.5707963267948966, True], [-37.0, 33.95, 3.141592653589793, True], [-39.44, 33.95, 0.0, False]])
354.599999905,[debug],turtlebot1,simulation,robot-pose,x=-37.97;y=34.63;yaw=2.82
354.599999905,[debug],turtlebot1,simulation,robot-pose,x=-37.97;y=34.63;yaw=2.82
356.916666746,[debug],turtlebot2,simulation,robot-pose,x=-32.93;y=33.98;yaw=-3.06
356.916666746,[debug],turtlebot2,simulation,robot-pose,x=-32.93;y=33.98;yaw=-3.06
357.316666603,[debug],turtlebot3,simulation,robot-pose,x=-11.47;y=17.82;yaw=-1.25
357.316666603,[debug],turtlebot3,simulation,robot-pose,x=-11.47;y=17.82;yaw=-1.25
357.599999905,[debug],turtlebot4,simulation,robot-pose,x=-21.03;y=18.00;yaw=-1.54
357.599999905,[debug],turtlebot4,simulation,robot-pose,x=-21.03;y=18.00;yaw=-1.54
357.816666603,[debug],turtlebot5,simulation,robot-pose,x=-40.39;y=25.23;yaw=0.33
357.816666603,[debug],turtlebot5,simulation,robot-pose,x=-40.39;y=25.23;yaw=0.33
369.599999905,[debug],turtlebot1,simulation,robot-pose,x=-37.97;y=34.63;yaw=2.82
369.599999905,[debug],turtlebot1,simulation,robot-pose,x=-37.97;y=34.63;yaw=2.82
371.916666746,[debug],turtlebot2,simulation,robot-pose,x=-32.93;y=33.98;yaw=-3.06
371.916666746,[debug],turtlebot2,simulation,robot-pose,x=-32.93;y=33.98;yaw=-3.06
372.316666603,[debug],turtlebot3,simulation,robot-pose,x=-11.47;y=17.82;yaw=-1.25
372.316666603,[debug],turtlebot3,simulation,robot-pose,x=-11.47;y=17.82;yaw=-1.25
372.599999905,[debug],turtlebot4,simulation,robot-pose,x=-21.03;y=18.00;yaw=-1.54
372.599999905,[debug],turtlebot4,simulation,robot-pose,x=-21.03;y=18.00;yaw=-1.54
372.816666603,[debug],turtlebot5,simulation,robot-pose,x=-40.39;y=25.23;yaw=0.33
372.816666603,[debug],turtlebot5,simulation,robot-pose,x=-40.39;y=25.23;yaw=0.33
384.599999905,[debug],turtlebot1,simulation,robot-pose,x=-37.97;y=34.63;yaw=2.82
384.599999905,[debug],turtlebot1,simulation,robot-pose,x=-37.97;y=34.63;yaw=2.82
386.916666746,[debug],turtlebot2,simulation,robot-pose,x=-32.93;y=33.98;yaw=-3.06
386.916666746,[debug],turtlebot2,simulation,robot-pose,x=-32.93;y=33.98;yaw=-3.06
387.316666603,[debug],turtlebot3,simulation,robot-pose,x=-11.47;y=17.82;yaw=-1.25
387.316666603,[debug],turtlebot3,simulation,robot-pose,x=-11.47;y=17.82;yaw=-1.25
387.599999905,[debug],turtlebot4,simulation,robot-pose,x=-21.03;y=18.00;yaw=-1.54
387.599999905,[debug],turtlebot4,simulation,robot-pose,x=-21.03;y=18.00;yaw=-1.54
387.816666603,[debug],turtlebot5,simulation,robot-pose,x=-40.39;y=25.23;yaw=0.33
387.816666603,[debug],turtlebot5,simulation,robot-pose,x=-40.39;y=25.23;yaw=0.33
399.599999905,[debug],turtlebot1,simulation,robot-pose,x=-37.97;y=34.63;yaw=2.82
399.599999905,[debug],turtlebot1,simulation,robot-pose,x=-37.97;y=34.63;yaw=2.82
401.933333397,[debug],turtlebot2,simulation,robot-pose,x=-32.93;y=33.98;yaw=-3.06
401.933333397,[debug],turtlebot2,simulation,robot-pose,x=-32.93;y=33.98;yaw=-3.06
402.316666603,[debug],turtlebot3,simulation,robot-pose,x=-11.47;y=17.82;yaw=-1.25
402.316666603,[debug],turtlebot3,simulation,robot-pose,x=-11.47;y=17.82;yaw=-1.25
402.599999905,[debug],turtlebot4,simulation,robot-pose,x=-21.03;y=18.00;yaw=-1.54
402.599999905,[debug],turtlebot4,simulation,robot-pose,x=-21.03;y=18.00;yaw=-1.54
402.816666603,[debug],turtlebot5,simulation,robot-pose,x=-40.39;y=25.23;yaw=0.33
402.816666603,[debug],turtlebot5,simulation,robot-pose,x=-40.39;y=25.23;yaw=0.33
405.916666746,[info],turtlebot1,skill-life-cycle,navigation,(status=RUNNING, parameters=[[-19.0, 16.0, 3.141592653589793, True], [-37.0, 16.0, 1.5707963267948966, True], [-37.0, 33.95, 3.141592653589793, True], [-39.44, 33.95, 0.0, False]])
414.599999905,[debug],turtlebot1,simulation,robot-pose,x=-37.97;y=34.63;yaw=2.82
414.599999905,[debug],turtlebot1,simulation,robot-pose,x=-37.97;y=34.63;yaw=2.82
416.916666746,[debug],turtlebot2,simulation,robot-pose,x=-32.93;y=33.98;yaw=-3.06
416.916666746,[debug],turtlebot2,simulation,robot-pose,x=-32.93;y=33.98;yaw=-3.06
417.316666603,[debug],turtlebot3,simulation,robot-pose,x=-11.47;y=17.82;yaw=-1.25
417.316666603,[debug],turtlebot3,simulation,robot-pose,x=-11.47;y=17.82;yaw=-1.25
417.599999905,[debug],turtlebot4,simulation,robot-pose,x=-21.03;y=18.00;yaw=-1.54
417.599999905,[debug],turtlebot4,simulation,robot-pose,x=-21.03;y=18.00;yaw=-1.54
417.816666603,[debug],turtlebot5,simulation,robot-pose,x=-40.39;y=25.23;yaw=0.33
417.816666603,[debug],turtlebot5,simulation,robot-pose,x=-40.39;y=25.23;yaw=0.33
429.599999905,[debug],turtlebot1,simulation,robot-pose,x=-37.97;y=34.63;yaw=2.82
429.616666555,[debug],turtlebot1,simulation,robot-pose,x=-37.97;y=34.63;yaw=2.82
431.916666746,[debug],turtlebot2,simulation,robot-pose,x=-32.93;y=33.98;yaw=-3.06
431.916666746,[debug],turtlebot2,simulation,robot-pose,x=-32.93;y=33.98;yaw=-3.06
432.316666603,[debug],turtlebot3,simulation,robot-pose,x=-11.47;y=17.82;yaw=-1.25
432.316666603,[debug],turtlebot3,simulation,robot-pose,x=-11.47;y=17.82;yaw=-1.25
432.599999905,[debug],turtlebot4,simulation,robot-pose,x=-21.03;y=18.00;yaw=-1.54
432.599999905,[debug],turtlebot4,simulation,robot-pose,x=-21.03;y=18.00;yaw=-1.54
432.816666603,[debug],turtlebot5,simulation,robot-pose,x=-40.39;y=25.23;yaw=0.33
432.816666603,[debug],turtlebot5,simulation,robot-pose,x=-40.39;y=25.23;yaw=0.33
444.599999905,[debug],turtlebot1,simulation,robot-pose,x=-37.97;y=34.63;yaw=2.82
444.599999905,[debug],turtlebot1,simulation,robot-pose,x=-37.97;y=34.63;yaw=2.82
446.916666746,[debug],turtlebot2,simulation,robot-pose,x=-32.93;y=33.98;yaw=-3.06
446.916666746,[debug],turtlebot2,simulation,robot-pose,x=-32.93;y=33.98;yaw=-3.06
447.316666603,[debug],turtlebot3,simulation,robot-pose,x=-11.47;y=17.82;yaw=-1.25
447.316666603,[debug],turtlebot3,simulation,robot-pose,x=-11.47;y=17.82;yaw=-1.25
447.599999905,[debug],turtlebot4,simulation,robot-pose,x=-21.03;y=18.00;yaw=-1.54
447.599999905,[debug],turtlebot4,simulation,robot-pose,x=-21.03;y=18.00;yaw=-1.54
447.816666603,[debug],turtlebot5,simulation,robot-pose,x=-40.39;y=25.23;yaw=0.33
447.816666603,[debug],turtlebot5,simulation,robot-pose,x=-40.39;y=25.23;yaw=0.33
459.599999905,[debug],turtlebot1,simulation,robot-pose,x=-37.97;y=34.63;yaw=2.82
459.599999905,[debug],turtlebot1,simulation,robot-pose,x=-37.97;y=34.63;yaw=2.82
461.916666746,[debug],turtlebot2,simulation,robot-pose,x=-32.93;y=33.98;yaw=-3.06
461.916666746,[debug],turtlebot2,simulation,robot-pose,x=-32.93;y=33.98;yaw=-3.06
462.316666603,[debug],turtlebot3,simulation,robot-pose,x=-11.47;y=17.82;yaw=-1.25
462.316666603,[debug],turtlebot3,simulation,robot-pose,x=-11.47;y=17.82;yaw=-1.25
462.599999905,[debug],turtlebot4,simulation,robot-pose,x=-21.03;y=18.00;yaw=-1.54
462.599999905,[debug],turtlebot4,simulation,robot-pose,x=-21.03;y=18.00;yaw=-1.54
462.816666603,[debug],turtlebot5,simulation,robot-pose,x=-40.39;y=25.23;yaw=0.33
462.816666603,[debug],turtlebot5,simulation,robot-pose,x=-40.39;y=25.23;yaw=0.33
462.833333254,[info],turtlebot1,skill-life-cycle,navigation,(status=RUNNING, parameters=[[-19.0, 16.0, 3.141592653589793, True], [-37.0, 16.0, 1.5707963267948966, True], [-37.0, 33.95, 3.141592653589793, True], [-39.44, 33.95, 0.0, False]])
474.599999905,[debug],turtlebot1,simulation,robot-pose,x=-37.97;y=34.63;yaw=2.82
474.599999905,[debug],turtlebot1,simulation,robot-pose,x=-37.97;y=34.63;yaw=2.82
476.916666746,[debug],turtlebot2,simulation,robot-pose,x=-32.93;y=33.98;yaw=-3.06
476.916666746,[debug],turtlebot2,simulation,robot-pose,x=-32.93;y=33.98;yaw=-3.06
477.316666603,[debug],turtlebot3,simulation,robot-pose,x=-11.47;y=17.82;yaw=-1.25
477.316666603,[debug],turtlebot3,simulation,robot-pose,x=-11.47;y=17.82;yaw=-1.25
477.599999905,[debug],turtlebot4,simulation,robot-pose,x=-21.03;y=18.00;yaw=-1.54
477.599999905,[debug],turtlebot4,simulation,robot-pose,x=-21.03;y=18.00;yaw=-1.54
477.816666603,[debug],turtlebot5,simulation,robot-pose,x=-40.39;y=25.23;yaw=0.33
477.816666603,[debug],turtlebot5,simulation,robot-pose,x=-40.39;y=25.23;yaw=0.33
489.599999905,[debug],turtlebot1,simulation,robot-pose,x=-37.97;y=34.63;yaw=2.82
489.599999905,[debug],turtlebot1,simulation,robot-pose,x=-37.97;y=34.63;yaw=2.82
491.916666746,[debug],turtlebot2,simulation,robot-pose,x=-32.93;y=33.98;yaw=-3.06
491.916666746,[debug],turtlebot2,simulation,robot-pose,x=-32.93;y=33.98;yaw=-3.06
492.316666603,[debug],turtlebot3,simulation,robot-pose,x=-11.47;y=17.82;yaw=-1.25
492.333333254,[debug],turtlebot3,simulation,robot-pose,x=-11.47;y=17.82;yaw=-1.25
492.599999905,[debug],turtlebot4,simulation,robot-pose,x=-21.03;y=18.00;yaw=-1.54
492.599999905,[debug],turtlebot4,simulation,robot-pose,x=-21.03;y=18.00;yaw=-1.54
492.816666603,[debug],turtlebot5,simulation,robot-pose,x=-40.39;y=25.23;yaw=0.33
492.816666603,[debug],turtlebot5,simulation,robot-pose,x=-40.39;y=25.23;yaw=0.33
504.599999905,[debug],turtlebot1,simulation,robot-pose,x=-37.97;y=34.63;yaw=2.82
504.599999905,[debug],turtlebot1,simulation,robot-pose,x=-37.97;y=34.63;yaw=2.82
506.916666746,[debug],turtlebot2,simulation,robot-pose,x=-32.93;y=33.98;yaw=-3.06
506.916666746,[debug],turtlebot2,simulation,robot-pose,x=-32.93;y=33.98;yaw=-3.06
507.316666603,[debug],turtlebot3,simulation,robot-pose,x=-11.47;y=17.82;yaw=-1.25
507.316666603,[debug],turtlebot3,simulation,robot-pose,x=-11.47;y=17.82;yaw=-1.25
507.599999905,[debug],turtlebot4,simulation,robot-pose,x=-21.03;y=18.00;yaw=-1.54
507.599999905,[debug],turtlebot4,simulation,robot-pose,x=-21.03;y=18.00;yaw=-1.54
507.816666603,[debug],turtlebot5,simulation,robot-pose,x=-40.39;y=25.23;yaw=0.33
507.816666603,[debug],turtlebot5,simulation,robot-pose,x=-40.39;y=25.23;yaw=0.33
519.599999905,[debug],turtlebot1,simulation,robot-pose,x=-37.97;y=34.63;yaw=2.82
519.599999905,[debug],turtlebot1,simulation,robot-pose,x=-37.97;y=34.63;yaw=2.82
519.816666603,[info],turtlebot1,skill-life-cycle,navigation,(status=RUNNING, parameters=[[-19.0, 16.0, 3.141592653589793, True], [-37.0, 16.0, 1.5707963267948966, True], [-37.0, 33.95, 3.141592653589793, True], [-39.44, 33.95, 0.0, False]])
521.916666746,[debug],turtlebot2,simulation,robot-pose,x=-32.93;y=33.98;yaw=-3.05
521.916666746,[debug],turtlebot2,simulation,robot-pose,x=-32.93;y=33.98;yaw=-3.05
522.316666603,[debug],turtlebot3,simulation,robot-pose,x=-11.47;y=17.82;yaw=-1.25
522.333333254,[debug],turtlebot3,simulation,robot-pose,x=-11.47;y=17.82;yaw=-1.25
522.599999905,[debug],turtlebot4,simulation,robot-pose,x=-21.03;y=18.00;yaw=-1.54
522.599999905,[debug],turtlebot4,simulation,robot-pose,x=-21.03;y=18.00;yaw=-1.54
522.816666603,[debug],turtlebot5,simulation,robot-pose,x=-40.39;y=25.23;yaw=0.33
522.816666603,[debug],turtlebot5,simulation,robot-pose,x=-40.39;y=25.23;yaw=0.33
534.599999905,[debug],turtlebot1,simulation,robot-pose,x=-37.97;y=34.63;yaw=2.82
534.599999905,[debug],turtlebot1,simulation,robot-pose,x=-37.97;y=34.63;yaw=2.82
536.916666746,[debug],turtlebot2,simulation,robot-pose,x=-32.93;y=33.98;yaw=-3.06
536.916666746,[debug],turtlebot2,simulation,robot-pose,x=-32.93;y=33.98;yaw=-3.06
537.316666603,[debug],turtlebot3,simulation,robot-pose,x=-11.47;y=17.82;yaw=-1.25
537.316666603,[debug],turtlebot3,simulation,robot-pose,x=-11.47;y=17.82;yaw=-1.25
537.599999905,[debug],turtlebot4,simulation,robot-pose,x=-21.03;y=18.00;yaw=-1.54
537.599999905,[debug],turtlebot4,simulation,robot-pose,x=-21.03;y=18.00;yaw=-1.54
537.816666603,[debug],turtlebot5,simulation,robot-pose,x=-40.39;y=25.23;yaw=0.33
537.816666603,[debug],turtlebot5,simulation,robot-pose,x=-40.39;y=25.23;yaw=0.33
549.599999905,[debug],turtlebot1,simulation,robot-pose,x=-37.97;y=34.63;yaw=2.82
549.599999905,[debug],turtlebot1,simulation,robot-pose,x=-37.97;y=34.63;yaw=2.82
551.916666746,[debug],turtlebot2,simulation,robot-pose,x=-32.93;y=33.98;yaw=-3.06
551.916666746,[debug],turtlebot2,simulation,robot-pose,x=-32.93;y=33.98;yaw=-3.06
552.316666603,[debug],turtlebot3,simulation,robot-pose,x=-11.47;y=17.82;yaw=-1.25
552.316666603,[debug],turtlebot3,simulation,robot-pose,x=-11.47;y=17.82;yaw=-1.25
552.599999905,[debug],turtlebot4,simulation,robot-pose,x=-21.03;y=18.00;yaw=-1.54
552.599999905,[debug],turtlebot4,simulation,robot-pose,x=-21.03;y=18.00;yaw=-1.54
552.816666603,[debug],turtlebot5,simulation,robot-pose,x=-40.39;y=25.23;yaw=0.33
552.816666603,[debug],turtlebot5,simulation,robot-pose,x=-40.39;y=25.23;yaw=0.33
564.599999905,[debug],turtlebot1,simulation,robot-pose,x=-37.97;y=34.63;yaw=2.82
564.599999905,[debug],turtlebot1,simulation,robot-pose,x=-37.97;y=34.63;yaw=2.82
566.916666746,[debug],turtlebot2,simulation,robot-pose,x=-32.94;y=33.98;yaw=-3.06
566.916666746,[debug],turtlebot2,simulation,robot-pose,x=-32.94;y=33.98;yaw=-3.06
567.333333254,[debug],turtlebot3,simulation,robot-pose,x=-11.48;y=17.82;yaw=-1.25
567.333333254,[debug],turtlebot3,simulation,robot-pose,x=-11.48;y=17.82;yaw=-1.25
567.599999905,[debug],turtlebot4,simulation,robot-pose,x=-21.03;y=18.00;yaw=-1.54
567.599999905,[debug],turtlebot4,simulation,robot-pose,x=-21.03;y=18.00;yaw=-1.54
567.816666603,[debug],turtlebot5,simulation,robot-pose,x=-40.39;y=25.23;yaw=0.33
567.816666603,[debug],turtlebot5,simulation,robot-pose,x=-40.39;y=25.23;yaw=0.33
576.716666698,[info],turtlebot1,skill-life-cycle,navigation,(status=RUNNING, parameters=[[-19.0, 16.0, 3.141592653589793, True], [-37.0, 16.0, 1.5707963267948966, True], [-37.0, 33.95, 3.141592653589793, True], [-39.44, 33.95, 0.0, False]])
579.599999905,[debug],turtlebot1,simulation,robot-pose,x=-37.97;y=34.63;yaw=2.82
579.599999905,[debug],turtlebot1,simulation,robot-pose,x=-37.97;y=34.63;yaw=2.82
581.916666746,[debug],turtlebot2,simulation,robot-pose,x=-32.94;y=33.98;yaw=-3.06
581.916666746,[debug],turtlebot2,simulation,robot-pose,x=-32.94;y=33.98;yaw=-3.06
582.316666603,[debug],turtlebot3,simulation,robot-pose,x=-11.48;y=17.82;yaw=-1.25
582.316666603,[debug],turtlebot3,simulation,robot-pose,x=-11.48;y=17.82;yaw=-1.25
582.599999905,[debug],turtlebot4,simulation,robot-pose,x=-21.03;y=18.00;yaw=-1.54
582.599999905,[debug],turtlebot4,simulation,robot-pose,x=-21.03;y=18.00;yaw=-1.54
582.816666603,[debug],turtlebot5,simulation,robot-pose,x=-40.39;y=25.23;yaw=0.33
582.816666603,[debug],turtlebot5,simulation,robot-pose,x=-40.39;y=25.23;yaw=0.33
594.599999905,[debug],turtlebot1,simulation,robot-pose,x=-37.97;y=34.63;yaw=2.82
594.599999905,[debug],turtlebot1,simulation,robot-pose,x=-37.97;y=34.63;yaw=2.82
596.916666746,[debug],turtlebot2,simulation,robot-pose,x=-32.94;y=33.98;yaw=-3.06
596.916666746,[debug],turtlebot2,simulation,robot-pose,x=-32.94;y=33.98;yaw=-3.06
597.316666603,[debug],turtlebot3,simulation,robot-pose,x=-11.48;y=17.82;yaw=-1.25
597.316666603,[debug],turtlebot3,simulation,robot-pose,x=-11.48;y=17.82;yaw=-1.25
597.599999905,[debug],turtlebot4,simulation,robot-pose,x=-21.03;y=18.00;yaw=-1.54
597.599999905,[debug],turtlebot4,simulation,robot-pose,x=-21.03;y=18.00;yaw=-1.54
597.816666603,[debug],turtlebot5,simulation,robot-pose,x=-40.39;y=25.23;yaw=0.33
597.816666603,[debug],turtlebot5,simulation,robot-pose,x=-40.39;y=25.23;yaw=0.33
609.599999905,[debug],turtlebot1,simulation,robot-pose,x=-37.97;y=34.63;yaw=2.82
609.599999905,[debug],turtlebot1,simulation,robot-pose,x=-37.97;y=34.63;yaw=2.82
611.916666746,[debug],turtlebot2,simulation,robot-pose,x=-32.94;y=33.98;yaw=-3.06
611.916666746,[debug],turtlebot2,simulation,robot-pose,x=-32.94;y=33.98;yaw=-3.06
612.316666603,[debug],turtlebot3,simulation,robot-pose,x=-11.48;y=17.82;yaw=-1.25
612.316666603,[debug],turtlebot3,simulation,robot-pose,x=-11.48;y=17.82;yaw=-1.25
612.599999905,[debug],turtlebot4,simulation,robot-pose,x=-21.03;y=18.00;yaw=-1.54
612.599999905,[debug],turtlebot4,simulation,robot-pose,x=-21.03;y=18.00;yaw=-1.54
612.816666603,[debug],turtlebot5,simulation,robot-pose,x=-40.39;y=25.23;yaw=0.33
612.816666603,[debug],turtlebot5,simulation,robot-pose,x=-40.39;y=25.23;yaw=0.33
624.599999905,[debug],turtlebot1,simulation,robot-pose,x=-37.97;y=34.63;yaw=2.82
624.599999905,[debug],turtlebot1,simulation,robot-pose,x=-37.97;y=34.63;yaw=2.82
626.916666746,[debug],turtlebot2,simulation,robot-pose,x=-32.94;y=33.98;yaw=-3.05
626.933333397,[debug],turtlebot2,simulation,robot-pose,x=-32.94;y=33.98;yaw=-3.05
627.316666603,[debug],turtlebot3,simulation,robot-pose,x=-11.48;y=17.82;yaw=-1.25
627.316666603,[debug],turtlebot3,simulation,robot-pose,x=-11.48;y=17.82;yaw=-1.25
627.599999905,[debug],turtlebot4,simulation,robot-pose,x=-21.03;y=18.00;yaw=-1.54
627.599999905,[debug],turtlebot4,simulation,robot-pose,x=-21.03;y=18.00;yaw=-1.54
627.816666603,[debug],turtlebot5,simulation,robot-pose,x=-40.39;y=25.23;yaw=0.33
627.816666603,[debug],turtlebot5,simulation,robot-pose,x=-40.39;y=25.23;yaw=0.33
633.766666651,[info],turtlebot1,skill-life-cycle,navigation,(status=RUNNING, parameters=[[-19.0, 16.0, 3.141592653589793, True], [-37.0, 16.0, 1.5707963267948966, True], [-37.0, 33.95, 3.141592653589793, True], [-39.44, 33.95, 0.0, False]])
639.599999905,[debug],turtlebot1,simulation,robot-pose,x=-37.97;y=34.63;yaw=2.82
639.599999905,[debug],turtlebot1,simulation,robot-pose,x=-37.97;y=34.63;yaw=2.82
641.916666746,[debug],turtlebot2,simulation,robot-pose,x=-32.94;y=33.98;yaw=-3.05
641.916666746,[debug],turtlebot2,simulation,robot-pose,x=-32.94;y=33.98;yaw=-3.05
642.316666603,[debug],turtlebot3,simulation,robot-pose,x=-11.48;y=17.82;yaw=-1.25
642.316666603,[debug],turtlebot3,simulation,robot-pose,x=-11.48;y=17.82;yaw=-1.25
642.599999905,[debug],turtlebot4,simulation,robot-pose,x=-21.03;y=18.00;yaw=-1.54
642.599999905,[debug],turtlebot4,simulation,robot-pose,x=-21.03;y=18.00;yaw=-1.54
642.816666603,[debug],turtlebot5,simulation,robot-pose,x=-40.39;y=25.23;yaw=0.33
642.816666603,[debug],turtlebot5,simulation,robot-pose,x=-40.39;y=25.23;yaw=0.33
654.599999905,[debug],turtlebot1,simulation,robot-pose,x=-37.97;y=34.63;yaw=2.82
654.599999905,[debug],turtlebot1,simulation,robot-pose,x=-37.97;y=34.63;yaw=2.82
656.916666746,[debug],turtlebot2,simulation,robot-pose,x=-32.94;y=33.98;yaw=-3.05
656.916666746,[debug],turtlebot2,simulation,robot-pose,x=-32.94;y=33.98;yaw=-3.05
657.316666603,[debug],turtlebot3,simulation,robot-pose,x=-11.48;y=17.82;yaw=-1.25
657.316666603,[debug],turtlebot3,simulation,robot-pose,x=-11.48;y=17.82;yaw=-1.25
657.599999905,[debug],turtlebot4,simulation,robot-pose,x=-21.03;y=18.00;yaw=-1.54
657.599999905,[debug],turtlebot4,simulation,robot-pose,x=-21.03;y=18.00;yaw=-1.54
657.816666603,[debug],turtlebot5,simulation,robot-pose,x=-40.39;y=25.23;yaw=0.33
657.816666603,[debug],turtlebot5,simulation,robot-pose,x=-40.39;y=25.23;yaw=0.33
669.599999905,[debug],turtlebot1,simulation,robot-pose,x=-37.97;y=34.63;yaw=2.82
669.599999905,[debug],turtlebot1,simulation,robot-pose,x=-37.97;y=34.63;yaw=2.82
671.916666746,[debug],turtlebot2,simulation,robot-pose,x=-32.94;y=33.98;yaw=-3.05
671.916666746,[debug],turtlebot2,simulation,robot-pose,x=-32.94;y=33.98;yaw=-3.05
672.316666603,[debug],turtlebot3,simulation,robot-pose,x=-11.48;y=17.82;yaw=-1.25
672.316666603,[debug],turtlebot3,simulation,robot-pose,x=-11.48;y=17.82;yaw=-1.25
672.599999905,[debug],turtlebot4,simulation,robot-pose,x=-21.03;y=18.00;yaw=-1.54
672.599999905,[debug],turtlebot4,simulation,robot-pose,x=-21.03;y=18.00;yaw=-1.54
672.816666603,[debug],turtlebot5,simulation,robot-pose,x=-40.39;y=25.23;yaw=0.33
672.816666603,[debug],turtlebot5,simulation,robot-pose,x=-40.39;y=25.23;yaw=0.33
684.599999905,[debug],turtlebot1,simulation,robot-pose,x=-37.97;y=34.63;yaw=2.82
684.599999905,[debug],turtlebot1,simulation,robot-pose,x=-37.97;y=34.63;yaw=2.82
686.916666746,[debug],turtlebot2,simulation,robot-pose,x=-32.94;y=33.98;yaw=-3.04
686.916666746,[debug],turtlebot2,simulation,robot-pose,x=-32.94;y=33.98;yaw=-3.04
687.316666603,[debug],turtlebot3,simulation,robot-pose,x=-11.48;y=17.82;yaw=-1.25
687.316666603,[debug],turtlebot3,simulation,robot-pose,x=-11.48;y=17.82;yaw=-1.25
687.599999905,[debug],turtlebot4,simulation,robot-pose,x=-21.03;y=18.00;yaw=-1.54
687.599999905,[debug],turtlebot4,simulation,robot-pose,x=-21.03;y=18.00;yaw=-1.54
687.816666603,[debug],turtlebot5,simulation,robot-pose,x=-40.39;y=25.23;yaw=0.33
687.816666603,[debug],turtlebot5,simulation,robot-pose,x=-40.39;y=25.23;yaw=0.33
690.650000095,[info],turtlebot1,skill-life-cycle,navigation,(status=RUNNING, parameters=[[-19.0, 16.0, 3.141592653589793, True], [-37.0, 16.0, 1.5707963267948966, True], [-37.0, 33.95, 3.141592653589793, True], [-39.44, 33.95, 0.0, False]])
699.599999905,[debug],turtlebot1,simulation,robot-pose,x=-37.97;y=34.63;yaw=2.82
699.599999905,[debug],turtlebot1,simulation,robot-pose,x=-37.97;y=34.63;yaw=2.82
701.916666746,[debug],turtlebot2,simulation,robot-pose,x=-32.94;y=33.98;yaw=-3.05
701.916666746,[debug],turtlebot2,simulation,robot-pose,x=-32.94;y=33.98;yaw=-3.05
702.316666603,[debug],turtlebot3,simulation,robot-pose,x=-11.48;y=17.82;yaw=-1.25
702.316666603,[debug],turtlebot3,simulation,robot-pose,x=-11.48;y=17.82;yaw=-1.25
702.599999905,[debug],turtlebot4,simulation,robot-pose,x=-21.03;y=18.00;yaw=-1.54
702.599999905,[debug],turtlebot4,simulation,robot-pose,x=-21.03;y=18.00;yaw=-1.54
702.816666603,[debug],turtlebot5,simulation,robot-pose,x=-40.39;y=25.23;yaw=0.33
702.816666603,[debug],turtlebot5,simulation,robot-pose,x=-40.39;y=25.23;yaw=0.33
714.599999905,[debug],turtlebot1,simulation,robot-pose,x=-37.97;y=34.63;yaw=2.82
714.599999905,[debug],turtlebot1,simulation,robot-pose,x=-37.97;y=34.63;yaw=2.82
716.916666746,[debug],turtlebot2,simulation,robot-pose,x=-32.94;y=33.98;yaw=-3.04
716.916666746,[debug],turtlebot2,simulation,robot-pose,x=-32.94;y=33.98;yaw=-3.04
717.316666603,[debug],turtlebot3,simulation,robot-pose,x=-11.48;y=17.82;yaw=-1.25
717.316666603,[debug],turtlebot3,simulation,robot-pose,x=-11.48;y=17.82;yaw=-1.25
717.599999905,[debug],turtlebot4,simulation,robot-pose,x=-21.03;y=18.00;yaw=-1.54
717.599999905,[debug],turtlebot4,simulation,robot-pose,x=-21.03;y=18.00;yaw=-1.54
717.816666603,[debug],turtlebot5,simulation,robot-pose,x=-40.39;y=25.23;yaw=0.33
717.816666603,[debug],turtlebot5,simulation,robot-pose,x=-40.39;y=25.23;yaw=0.33
729.599999905,[debug],turtlebot1,simulation,robot-pose,x=-37.97;y=34.63;yaw=2.82
729.599999905,[debug],turtlebot1,simulation,robot-pose,x=-37.97;y=34.63;yaw=2.82
731.916666746,[debug],turtlebot2,simulation,robot-pose,x=-32.94;y=33.98;yaw=-3.04
731.916666746,[debug],turtlebot2,simulation,robot-pose,x=-32.94;y=33.98;yaw=-3.04
732.316666603,[debug],turtlebot3,simulation,robot-pose,x=-11.48;y=17.82;yaw=-1.25
732.316666603,[debug],turtlebot3,simulation,robot-pose,x=-11.48;y=17.82;yaw=-1.25
732.599999905,[debug],turtlebot4,simulation,robot-pose,x=-21.03;y=18.00;yaw=-1.54
732.599999905,[debug],turtlebot4,simulation,robot-pose,x=-21.03;y=18.00;yaw=-1.54
732.816666603,[debug],turtlebot5,simulation,robot-pose,x=-40.39;y=25.23;yaw=0.33
732.816666603,[debug],turtlebot5,simulation,robot-pose,x=-40.39;y=25.23;yaw=0.33
744.599999905,[debug],turtlebot1,simulation,robot-pose,x=-37.97;y=34.63;yaw=2.82
744.599999905,[debug],turtlebot1,simulation,robot-pose,x=-37.97;y=34.63;yaw=2.82
746.916666746,[debug],turtlebot2,simulation,robot-pose,x=-32.94;y=33.98;yaw=-3.04
746.916666746,[debug],turtlebot2,simulation,robot-pose,x=-32.94;y=33.98;yaw=-3.04
747.316666603,[debug],turtlebot3,simulation,robot-pose,x=-11.48;y=17.82;yaw=-1.25
747.316666603,[debug],turtlebot3,simulation,robot-pose,x=-11.48;y=17.82;yaw=-1.25
747.5,[info],turtlebot1,skill-life-cycle,navigation,(status=RUNNING, parameters=[[-19.0, 16.0, 3.141592653589793, True], [-37.0, 16.0, 1.5707963267948966, True], [-37.0, 33.95, 3.141592653589793, True], [-39.44, 33.95, 0.0, False]])
747.599999905,[debug],turtlebot4,simulation,robot-pose,x=-21.03;y=18.00;yaw=-1.54
747.599999905,[debug],turtlebot4,simulation,robot-pose,x=-21.03;y=18.00;yaw=-1.54
747.816666603,[debug],turtlebot5,simulation,robot-pose,x=-40.39;y=25.23;yaw=0.33
747.816666603,[debug],turtlebot5,simulation,robot-pose,x=-40.39;y=25.23;yaw=0.33
759.599999905,[debug],turtlebot1,simulation,robot-pose,x=-37.97;y=34.63;yaw=2.82
759.599999905,[debug],turtlebot1,simulation,robot-pose,x=-37.97;y=34.63;yaw=2.82
761.916666746,[debug],turtlebot2,simulation,robot-pose,x=-32.94;y=33.98;yaw=-3.04
761.916666746,[debug],turtlebot2,simulation,robot-pose,x=-32.94;y=33.98;yaw=-3.04
762.316666603,[debug],turtlebot3,simulation,robot-pose,x=-11.49;y=17.82;yaw=-1.25
762.316666603,[debug],turtlebot3,simulation,robot-pose,x=-11.49;y=17.82;yaw=-1.25
762.599999905,[debug],turtlebot4,simulation,robot-pose,x=-21.03;y=18.00;yaw=-1.54
762.599999905,[debug],turtlebot4,simulation,robot-pose,x=-21.03;y=18.00;yaw=-1.54
762.816666603,[debug],turtlebot5,simulation,robot-pose,x=-40.39;y=25.23;yaw=0.33
762.816666603,[debug],turtlebot5,simulation,robot-pose,x=-40.39;y=25.23;yaw=0.33
774.599999905,[debug],turtlebot1,simulation,robot-pose,x=-37.97;y=34.63;yaw=2.82
774.599999905,[debug],turtlebot1,simulation,robot-pose,x=-37.97;y=34.63;yaw=2.82
776.916666746,[debug],turtlebot2,simulation,robot-pose,x=-32.94;y=33.98;yaw=-3.04
776.916666746,[debug],turtlebot2,simulation,robot-pose,x=-32.94;y=33.98;yaw=-3.04
777.316666603,[debug],turtlebot3,simulation,robot-pose,x=-11.49;y=17.82;yaw=-1.25
777.316666603,[debug],turtlebot3,simulation,robot-pose,x=-11.49;y=17.82;yaw=-1.25
777.599999905,[debug],turtlebot4,simulation,robot-pose,x=-21.03;y=18.00;yaw=-1.54
777.599999905,[debug],turtlebot4,simulation,robot-pose,x=-21.03;y=18.00;yaw=-1.54
777.816666603,[debug],turtlebot5,simulation,robot-pose,x=-40.39;y=25.23;yaw=0.33
777.816666603,[debug],turtlebot5,simulation,robot-pose,x=-40.39;y=25.23;yaw=0.33
789.599999905,[debug],turtlebot1,simulation,robot-pose,x=-37.97;y=34.63;yaw=2.82
789.599999905,[debug],turtlebot1,simulation,robot-pose,x=-37.97;y=34.63;yaw=2.82
791.916666746,[debug],turtlebot2,simulation,robot-pose,x=-32.95;y=33.98;yaw=-3.04
791.916666746,[debug],turtlebot2,simulation,robot-pose,x=-32.95;y=33.98;yaw=-3.04
792.316666603,[debug],turtlebot3,simulation,robot-pose,x=-11.49;y=17.82;yaw=-1.25
792.316666603,[debug],turtlebot3,simulation,robot-pose,x=-11.49;y=17.82;yaw=-1.25
792.599999905,[debug],turtlebot4,simulation,robot-pose,x=-21.03;y=18.00;yaw=-1.54
792.599999905,[debug],turtlebot4,simulation,robot-pose,x=-21.03;y=18.00;yaw=-1.54
792.816666603,[debug],turtlebot5,simulation,robot-pose,x=-40.39;y=25.23;yaw=0.33
792.816666603,[debug],turtlebot5,simulation,robot-pose,x=-40.39;y=25.23;yaw=0.33
804.483333349,[info],turtlebot1,skill-life-cycle,navigation,(status=RUNNING, parameters=[[-19.0, 16.0, 3.141592653589793, True], [-37.0, 16.0, 1.5707963267948966, True], [-37.0, 33.95, 3.141592653589793, True], [-39.44, 33.95, 0.0, False]])
804.599999905,[debug],turtlebot1,simulation,robot-pose,x=-37.97;y=34.63;yaw=2.82
804.599999905,[debug],turtlebot1,simulation,robot-pose,x=-37.97;y=34.63;yaw=2.82
806.916666746,[debug],turtlebot2,simulation,robot-pose,x=-32.95;y=33.98;yaw=-3.04
806.916666746,[debug],turtlebot2,simulation,robot-pose,x=-32.95;y=33.98;yaw=-3.04
807.316666603,[debug],turtlebot3,simulation,robot-pose,x=-11.49;y=17.82;yaw=-1.25
807.316666603,[debug],turtlebot3,simulation,robot-pose,x=-11.49;y=17.82;yaw=-1.25
807.599999905,[debug],turtlebot4,simulation,robot-pose,x=-21.03;y=18.00;yaw=-1.54
807.599999905,[debug],turtlebot4,simulation,robot-pose,x=-21.03;y=18.00;yaw=-1.54
807.816666603,[debug],turtlebot5,simulation,robot-pose,x=-40.39;y=25.23;yaw=0.33
807.816666603,[debug],turtlebot5,simulation,robot-pose,x=-40.39;y=25.23;yaw=0.33
819.599999905,[debug],turtlebot1,simulation,robot-pose,x=-37.97;y=34.63;yaw=2.82
819.599999905,[debug],turtlebot1,simulation,robot-pose,x=-37.97;y=34.63;yaw=2.82
821.916666746,[debug],turtlebot2,simulation,robot-pose,x=-32.95;y=33.98;yaw=-3.04
821.916666746,[debug],turtlebot2,simulation,robot-pose,x=-32.95;y=33.98;yaw=-3.04
822.316666603,[debug],turtlebot3,simulation,robot-pose,x=-11.49;y=17.82;yaw=-1.25
822.316666603,[debug],turtlebot3,simulation,robot-pose,x=-11.49;y=17.82;yaw=-1.25
822.599999905,[debug],turtlebot4,simulation,robot-pose,x=-21.03;y=18.00;yaw=-1.54
822.599999905,[debug],turtlebot4,simulation,robot-pose,x=-21.03;y=18.00;yaw=-1.54
822.816666603,[debug],turtlebot5,simulation,robot-pose,x=-40.39;y=25.23;yaw=0.33
822.816666603,[debug],turtlebot5,simulation,robot-pose,x=-40.39;y=25.23;yaw=0.33
0.0,[debug],simulation closed,timeout,execution-wall-clock=900.363564491272
