0.0,0.0,[debug],logger,init,time
ROBOTS_CONFIG=[{"avg_speed": 0.15, "battery_charge": 0.37, "battery_discharge_rate": 0.00018, "id": 0, "local_plan": null, "location": "PC Room 6", "position": [-19.0, 18.0, -1.57], "skills": ["approach_person", "approach_robot", "authenticate_person", "deposit", "navigation", "operate_drawer", "pick_up"]}, {"avg_speed": 0.15, "battery_charge": 0.54, "battery_discharge_rate": 0.00014000000000000001, "id": 1, "local_plan": [["navigation", ["PC Room 7", [[-32.88, 33.98, 3.14], [-37.0, 33.98], [-37.0, 16.0], [-13.5, 16.0], [-13.5, 18.0, -1.57]]]], ["approach_person", ["nurse"]], ["authenticate_person", ["nurse"]], ["operate_drawer", ["open"]], ["send_message", ["nurse"]], ["wait_message", ["r1"]], ["operate_drawer", ["close"]], ["navigation", ["Laboratory", [[-13.5, 18.0, -1.57], [-13.5, 16.0], [-26.0, 16.0], [-26.0, 13.0, 1.57]]]], ["approach_robot", ["lab_arm"]], ["operate_drawer", ["open"]], ["send_message", ["lab_arm"]], ["wait_message", ["r1"]], ["operate_drawer", ["close"]]], "location": "IC Room 5", "position": [-32.88, 33.98, 3.14], "skills": ["approach_person", "approach_robot", "authenticate_person", "deposit", "navigation", "operate_drawer", "pick_up"]}, {"avg_speed": 0.15, "battery_charge": 0.23, "battery_discharge_rate": 0.00016, "id": 2, "local_plan": null, "location": "PC Room 8", "position": [-11.5, 18.0, -1.57], "skills": ["approach_person", "approach_robot", "authenticate_person", "deposit", "navigation", "operate_drawer", "pick_up"]}, {"avg_speed": 0.15, "battery_charge": 0.21, "battery_discharge_rate": 0.00015000000000000001, "id": 3, "local_plan": null, "location": "PC Room 5", "position": [-21.0, 18.0, -1.57], "skills": ["approach_person", "approach_robot", "authenticate_person", "deposit", "navigation", "operate_drawer", "pick_up"]}, {"avg_speed": 0.15, "battery_charge": 0.62, "battery_discharge_rate": 0.00011, "id": 4, "local_plan": null, "location": "IC Room 3", "position": [-40.23, 25.37, 0.0], "skills": ["approach_person", "approach_robot", "authenticate_person", "deposit", "navigation", "operate_drawer", "pick_up"]}]
NURSES_CONFIG=[{"location": "PC Room 7", "position": [-15.5, 20.0, -1.57]}]
logger,1623291826245854139,Simulation open
0.0,[debug],logger,init,subcribing to in the topic /log
0.950000047684,[debug],turtlebot4,move-base-info,Move_base is up and ok....,
1.31666660309,[debug],turtlebot5,move-base-info,Move_base is up and ok....,
1.34999990463,[debug],turtlebot1,move-base-info,Move_base is up and ok....,
1.46666669846,[debug],turtlebot3,move-base-info,Move_base is up and ok....,
1.78333330154,[debug],turtlebot2,move-base-info,Move_base is up and ok....,
3.76666665077,[info],turtlebot4,skill-life-cycle,init_robobt,(status=RUNNING, parameters=[])
9.26666665077,[debug],turtlebot2,available-skills,['send_message', 'wait_message', 'approach_person', 'approach_robot', 'authenticate_person', 'deposit', 'navigation', 'operate_drawer', 'pick_up'],
9.26666665077,[info],turtlebot2,skill-life-cycle,navigation,(status=STARTED, parameters=[[-37.0, 33.98, -1.5707963267948966, True], [-37.0, 16.0, 0.0, True], [-13.5, 16.0, 1.5707963267948966, True], [-13.5, 18.0, -1.57, False]])
20.8833334446,[debug],turtlebot1,simulation,robot-pose,x=-19.02;y=17.99;yaw=-1.38
20.8833334446,[debug],turtlebot1,simulation,robot-pose,x=-19.02;y=17.99;yaw=-1.38
23.4000000954,[debug],turtlebot2,simulation,robot-pose,x=-33.61;y=34.12;yaw=2.73
23.4833333492,[debug],turtlebot2,simulation,robot-pose,x=-33.61;y=34.12;yaw=2.73
23.4833333492,[debug],turtlebot3,simulation,robot-pose,x=-11.46;y=17.82;yaw=-1.25
23.4833333492,[debug],turtlebot3,simulation,robot-pose,x=-11.46;y=17.82;yaw=-1.25
23.5999999046,[debug],turtlebot4,simulation,robot-pose,x=-20.99;y=18.00;yaw=-1.54
23.5999999046,[debug],turtlebot4,simulation,robot-pose,x=-20.99;y=18.00;yaw=-1.54
23.7666666508,[debug],turtlebot5,simulation,robot-pose,x=-40.39;y=25.23;yaw=0.34
23.7666666508,[debug],turtlebot5,simulation,robot-pose,x=-40.39;y=25.23;yaw=0.34
35.8833334446,[debug],turtlebot1,simulation,robot-pose,x=-19.01;y=17.99;yaw=-1.38
35.8833334446,[debug],turtlebot1,simulation,robot-pose,x=-19.01;y=17.99;yaw=-1.38
38.4000000954,[debug],turtlebot2,simulation,robot-pose,x=-34.80;y=34.65;yaw=2.84
38.4666666985,[debug],turtlebot2,simulation,robot-pose,x=-34.80;y=34.65;yaw=2.84
38.4833333492,[debug],turtlebot3,simulation,robot-pose,x=-11.46;y=17.82;yaw=-1.25
38.4833333492,[debug],turtlebot3,simulation,robot-pose,x=-11.46;y=17.82;yaw=-1.25
38.5999999046,[debug],turtlebot4,simulation,robot-pose,x=-20.99;y=18.00;yaw=-1.54
38.5999999046,[debug],turtlebot4,simulation,robot-pose,x=-20.99;y=18.00;yaw=-1.54
38.7666666508,[debug],turtlebot5,simulation,robot-pose,x=-40.39;y=25.23;yaw=0.33
38.7666666508,[debug],turtlebot5,simulation,robot-pose,x=-40.39;y=25.23;yaw=0.33
50.8833334446,[debug],turtlebot1,simulation,robot-pose,x=-19.01;y=17.99;yaw=-1.38
50.8833334446,[debug],turtlebot1,simulation,robot-pose,x=-19.01;y=17.99;yaw=-1.38
53.4000000954,[debug],turtlebot2,simulation,robot-pose,x=-36.02;y=34.44;yaw=-2.76
53.4666666985,[debug],turtlebot2,simulation,robot-pose,x=-36.02;y=34.44;yaw=-2.76
53.4833333492,[debug],turtlebot3,simulation,robot-pose,x=-11.46;y=17.82;yaw=-1.25
53.4833333492,[debug],turtlebot3,simulation,robot-pose,x=-11.46;y=17.82;yaw=-1.25
53.5999999046,[debug],turtlebot4,simulation,robot-pose,x=-20.99;y=18.00;yaw=-1.54
53.5999999046,[debug],turtlebot4,simulation,robot-pose,x=-20.99;y=18.00;yaw=-1.54
53.7666666508,[debug],turtlebot5,simulation,robot-pose,x=-40.39;y=25.23;yaw=0.33
53.7666666508,[debug],turtlebot5,simulation,robot-pose,x=-40.39;y=25.23;yaw=0.33
57.2666666508,[info],turtlebot2,skill-life-cycle,navigation,(status=RUNNING, parameters=[[-37.0, 33.98, -1.5707963267948966, True], [-37.0, 16.0, 0.0, True], [-13.5, 16.0, 1.5707963267948966, True], [-13.5, 18.0, -1.57, False]])
63.7666666508,[debug],turtlebot2,move-base-info,Hooray, the base moved arrived,(x=-37;y=33.98)
63.7666666508,[debug],turtlebot2,move-base-info,Hooray, the base moved arrived,(x=-37;y=33.98)
63.8333332539,[debug],turtlebot2,task-update,navigation,way-point-reached,25.0%
65.8833334446,[debug],turtlebot1,simulation,robot-pose,x=-19.01;y=17.99;yaw=-1.38
65.8833334446,[debug],turtlebot1,simulation,robot-pose,x=-19.01;y=17.99;yaw=-1.38
68.4000000954,[debug],turtlebot2,simulation,robot-pose,x=-36.60;y=34.24;yaw=-1.61
68.4666666985,[debug],turtlebot2,simulation,robot-pose,x=-36.60;y=34.24;yaw=-1.61
68.4833333492,[debug],turtlebot3,simulation,robot-pose,x=-11.46;y=17.82;yaw=-1.25
68.4833333492,[debug],turtlebot3,simulation,robot-pose,x=-11.46;y=17.82;yaw=-1.25
68.6166665554,[debug],turtlebot4,simulation,robot-pose,x=-20.99;y=18.00;yaw=-1.54
68.6166665554,[debug],turtlebot4,simulation,robot-pose,x=-20.99;y=18.00;yaw=-1.54
68.7666666508,[debug],turtlebot5,simulation,robot-pose,x=-40.39;y=25.23;yaw=0.33
68.7666666508,[debug],turtlebot5,simulation,robot-pose,x=-40.39;y=25.23;yaw=0.33
80.8833334446,[debug],turtlebot1,simulation,robot-pose,x=-19.01;y=17.99;yaw=-1.38
80.8833334446,[debug],turtlebot1,simulation,robot-pose,x=-19.01;y=17.99;yaw=-1.38
83.4000000954,[debug],turtlebot2,simulation,robot-pose,x=-36.60;y=31.81;yaw=-1.57
83.4833333492,[debug],turtlebot2,simulation,robot-pose,x=-36.60;y=31.81;yaw=-1.57
83.4833333492,[debug],turtlebot3,simulation,robot-pose,x=-11.46;y=17.82;yaw=-1.25
83.4833333492,[debug],turtlebot3,simulation,robot-pose,x=-11.46;y=17.82;yaw=-1.25
83.5999999046,[debug],turtlebot4,simulation,robot-pose,x=-20.99;y=18.00;yaw=-1.54
83.5999999046,[debug],turtlebot4,simulation,robot-pose,x=-20.99;y=18.00;yaw=-1.54
83.7666666508,[debug],turtlebot5,simulation,robot-pose,x=-40.39;y=25.23;yaw=0.33
83.7666666508,[debug],turtlebot5,simulation,robot-pose,x=-40.39;y=25.23;yaw=0.33
95.8833334446,[debug],turtlebot1,simulation,robot-pose,x=-19.01;y=17.99;yaw=-1.38
95.8833334446,[debug],turtlebot1,simulation,robot-pose,x=-19.01;y=17.99;yaw=-1.38
98.4000000954,[debug],turtlebot2,simulation,robot-pose,x=-36.61;y=29.31;yaw=-1.59
98.4833333492,[debug],turtlebot2,simulation,robot-pose,x=-36.61;y=29.31;yaw=-1.59
98.4833333492,[debug],turtlebot3,simulation,robot-pose,x=-11.46;y=17.82;yaw=-1.25
98.4833333492,[debug],turtlebot3,simulation,robot-pose,x=-11.46;y=17.82;yaw=-1.25
98.5999999046,[debug],turtlebot4,simulation,robot-pose,x=-20.99;y=18.00;yaw=-1.54
98.5999999046,[debug],turtlebot4,simulation,robot-pose,x=-20.99;y=18.00;yaw=-1.54
98.7666666508,[debug],turtlebot5,simulation,robot-pose,x=-40.39;y=25.23;yaw=0.33
98.7666666508,[debug],turtlebot5,simulation,robot-pose,x=-40.39;y=25.23;yaw=0.33
110.650000095,[info],turtlebot2,skill-life-cycle,navigation,(status=RUNNING, parameters=[[-37.0, 33.98, -1.5707963267948966, True], [-37.0, 16.0, 0.0, True], [-13.5, 16.0, 1.5707963267948966, True], [-13.5, 18.0, -1.57, False]])
110.883333445,[debug],turtlebot1,simulation,robot-pose,x=-19.01;y=17.99;yaw=-1.38
110.883333445,[debug],turtlebot1,simulation,robot-pose,x=-19.01;y=17.99;yaw=-1.38
113.400000095,[debug],turtlebot2,simulation,robot-pose,x=-36.62;y=26.84;yaw=-1.57
113.466666698,[debug],turtlebot2,simulation,robot-pose,x=-36.62;y=26.84;yaw=-1.57
113.483333349,[debug],turtlebot3,simulation,robot-pose,x=-11.46;y=17.82;yaw=-1.25
113.483333349,[debug],turtlebot3,simulation,robot-pose,x=-11.46;y=17.82;yaw=-1.25
113.599999905,[debug],turtlebot4,simulation,robot-pose,x=-20.99;y=18.00;yaw=-1.54
113.599999905,[debug],turtlebot4,simulation,robot-pose,x=-20.99;y=18.00;yaw=-1.54
113.766666651,[debug],turtlebot5,simulation,robot-pose,x=-40.39;y=25.23;yaw=0.33
113.766666651,[debug],turtlebot5,simulation,robot-pose,x=-40.39;y=25.23;yaw=0.33
125.883333445,[debug],turtlebot1,simulation,robot-pose,x=-19.01;y=17.99;yaw=-1.38
125.883333445,[debug],turtlebot1,simulation,robot-pose,x=-19.01;y=17.99;yaw=-1.38
128.400000095,[debug],turtlebot2,simulation,robot-pose,x=-36.63;y=24.34;yaw=-1.57
128.433333397,[debug],turtlebot2,simulation,robot-pose,x=-36.63;y=24.34;yaw=-1.57
128.483333349,[debug],turtlebot3,simulation,robot-pose,x=-11.46;y=17.82;yaw=-1.25
128.483333349,[debug],turtlebot3,simulation,robot-pose,x=-11.46;y=17.82;yaw=-1.25
128.599999905,[debug],turtlebot4,simulation,robot-pose,x=-21.00;y=18.00;yaw=-1.54
128.599999905,[debug],turtlebot4,simulation,robot-pose,x=-21.00;y=18.00;yaw=-1.54
128.766666651,[debug],turtlebot5,simulation,robot-pose,x=-40.39;y=25.23;yaw=0.33
128.766666651,[debug],turtlebot5,simulation,robot-pose,x=-40.39;y=25.23;yaw=0.33
140.883333445,[debug],turtlebot1,simulation,robot-pose,x=-19.01;y=17.99;yaw=-1.38
140.883333445,[debug],turtlebot1,simulation,robot-pose,x=-19.01;y=17.99;yaw=-1.38
143.400000095,[debug],turtlebot2,simulation,robot-pose,x=-36.66;y=21.86;yaw=-1.61
143.466666698,[debug],turtlebot2,simulation,robot-pose,x=-36.66;y=21.86;yaw=-1.61
143.483333349,[debug],turtlebot3,simulation,robot-pose,x=-11.46;y=17.82;yaw=-1.25
143.483333349,[debug],turtlebot3,simulation,robot-pose,x=-11.46;y=17.82;yaw=-1.25
143.599999905,[debug],turtlebot4,simulation,robot-pose,x=-21.00;y=18.00;yaw=-1.54
143.599999905,[debug],turtlebot4,simulation,robot-pose,x=-21.00;y=18.00;yaw=-1.54
143.766666651,[debug],turtlebot5,simulation,robot-pose,x=-40.39;y=25.23;yaw=0.33
143.766666651,[debug],turtlebot5,simulation,robot-pose,x=-40.39;y=25.23;yaw=0.33
155.883333445,[debug],turtlebot1,simulation,robot-pose,x=-19.01;y=17.99;yaw=-1.38
155.883333445,[debug],turtlebot1,simulation,robot-pose,x=-19.01;y=17.99;yaw=-1.38
158.400000095,[debug],turtlebot2,simulation,robot-pose,x=-36.79;y=19.49;yaw=-1.63
158.466666698,[debug],turtlebot2,simulation,robot-pose,x=-36.79;y=19.49;yaw=-1.63
158.483333349,[debug],turtlebot3,simulation,robot-pose,x=-11.46;y=17.82;yaw=-1.25
158.483333349,[debug],turtlebot3,simulation,robot-pose,x=-11.46;y=17.82;yaw=-1.25
158.599999905,[debug],turtlebot4,simulation,robot-pose,x=-21.00;y=18.00;yaw=-1.54
158.599999905,[debug],turtlebot4,simulation,robot-pose,x=-21.00;y=18.00;yaw=-1.54
158.766666651,[debug],turtlebot5,simulation,robot-pose,x=-40.39;y=25.23;yaw=0.33
158.766666651,[debug],turtlebot5,simulation,robot-pose,x=-40.39;y=25.23;yaw=0.33
163.216666698,[info],turtlebot2,skill-life-cycle,navigation,(status=RUNNING, parameters=[[-37.0, 33.98, -1.5707963267948966, True], [-37.0, 16.0, 0.0, True], [-13.5, 16.0, 1.5707963267948966, True], [-13.5, 18.0, -1.57, False]])
170.883333445,[debug],turtlebot1,simulation,robot-pose,x=-19.01;y=17.99;yaw=-1.38
170.883333445,[debug],turtlebot1,simulation,robot-pose,x=-19.01;y=17.99;yaw=-1.38
173.400000095,[debug],turtlebot2,simulation,robot-pose,x=-36.92;y=17.12;yaw=-1.62
173.466666698,[debug],turtlebot2,simulation,robot-pose,x=-36.92;y=17.12;yaw=-1.62
173.483333349,[debug],turtlebot3,simulation,robot-pose,x=-11.46;y=17.82;yaw=-1.25
173.483333349,[debug],turtlebot3,simulation,robot-pose,x=-11.46;y=17.82;yaw=-1.25
173.599999905,[debug],turtlebot4,simulation,robot-pose,x=-21.00;y=18.00;yaw=-1.54
173.599999905,[debug],turtlebot4,simulation,robot-pose,x=-21.00;y=18.00;yaw=-1.54
173.766666651,[debug],turtlebot5,simulation,robot-pose,x=-40.39;y=25.23;yaw=0.33
173.766666651,[debug],turtlebot5,simulation,robot-pose,x=-40.39;y=25.23;yaw=0.33
181.983333349,[debug],turtlebot2,move-base-info,Hooray, the base moved arrived,(x=-37;y=16)
181.983333349,[debug],turtlebot2,move-base-info,Hooray, the base moved arrived,(x=-37;y=16)
182.116666555,[debug],turtlebot2,task-update,navigation,way-point-reached,50.0%
185.883333445,[debug],turtlebot1,simulation,robot-pose,x=-19.01;y=17.99;yaw=-1.38
185.883333445,[debug],turtlebot1,simulation,robot-pose,x=-19.01;y=17.99;yaw=-1.38
188.400000095,[debug],turtlebot2,simulation,robot-pose,x=-36.45;y=16.30;yaw=-0.27
188.483333349,[debug],turtlebot3,simulation,robot-pose,x=-11.46;y=17.82;yaw=-1.25
188.483333349,[debug],turtlebot2,simulation,robot-pose,x=-36.45;y=16.30;yaw=-0.27
188.483333349,[debug],turtlebot3,simulation,robot-pose,x=-11.46;y=17.82;yaw=-1.25
188.599999905,[debug],turtlebot4,simulation,robot-pose,x=-21.00;y=18.00;yaw=-1.54
188.599999905,[debug],turtlebot4,simulation,robot-pose,x=-21.00;y=18.00;yaw=-1.54
188.766666651,[debug],turtlebot5,simulation,robot-pose,x=-40.39;y=25.23;yaw=0.33
188.766666651,[debug],turtlebot5,simulation,robot-pose,x=-40.39;y=25.23;yaw=0.33
200.883333445,[debug],turtlebot1,simulation,robot-pose,x=-19.01;y=17.99;yaw=-1.38
200.883333445,[debug],turtlebot1,simulation,robot-pose,x=-19.01;y=17.99;yaw=-1.38
203.400000095,[debug],turtlebot2,simulation,robot-pose,x=-21.64;y=15.29;yaw=0.00
203.466666698,[debug],turtlebot2,simulation,robot-pose,x=-21.64;y=15.29;yaw=0.00
203.483333349,[debug],turtlebot3,simulation,robot-pose,x=-11.46;y=17.82;yaw=-1.25
203.483333349,[debug],turtlebot3,simulation,robot-pose,x=-11.46;y=17.82;yaw=-1.25
203.599999905,[debug],turtlebot4,simulation,robot-pose,x=-21.01;y=18.00;yaw=-1.54
203.599999905,[debug],turtlebot4,simulation,robot-pose,x=-21.01;y=18.00;yaw=-1.54
203.766666651,[debug],turtlebot5,simulation,robot-pose,x=-40.39;y=25.23;yaw=0.33
203.766666651,[debug],turtlebot5,simulation,robot-pose,x=-40.39;y=25.23;yaw=0.33
215.883333445,[debug],turtlebot1,simulation,robot-pose,x=-19.01;y=17.99;yaw=-1.38
215.883333445,[debug],turtlebot1,simulation,robot-pose,x=-19.01;y=17.99;yaw=-1.38
216.116666555,[info],turtlebot2,skill-life-cycle,navigation,(status=RUNNING, parameters=[[-37.0, 33.98, -1.5707963267948966, True], [-37.0, 16.0, 0.0, True], [-13.5, 16.0, 1.5707963267948966, True], [-13.5, 18.0, -1.57, False]])
217.633333445,[debug],turtlebot2,move-base-info,Hooray, the base moved arrived,(x=-13.5;y=16)
217.633333445,[debug],turtlebot2,move-base-info,Hooray, the base moved arrived,(x=-13.5;y=16)
217.766666651,[debug],turtlebot2,task-update,navigation,way-point-reached,75.0%
218.400000095,[debug],turtlebot2,simulation,robot-pose,x=-13.92;y=15.88;yaw=1.53
218.483333349,[debug],turtlebot3,simulation,robot-pose,x=-11.46;y=17.82;yaw=-1.25
218.483333349,[debug],turtlebot2,simulation,robot-pose,x=-13.92;y=15.88;yaw=1.53
218.483333349,[debug],turtlebot3,simulation,robot-pose,x=-11.46;y=17.82;yaw=-1.25
218.599999905,[debug],turtlebot4,simulation,robot-pose,x=-21.01;y=18.00;yaw=-1.54
218.599999905,[debug],turtlebot4,simulation,robot-pose,x=-21.01;y=18.00;yaw=-1.54
218.766666651,[debug],turtlebot5,simulation,robot-pose,x=-40.39;y=25.23;yaw=0.33
218.766666651,[debug],turtlebot5,simulation,robot-pose,x=-40.39;y=25.23;yaw=0.33
230.883333445,[debug],turtlebot1,simulation,robot-pose,x=-19.01;y=17.99;yaw=-1.38
230.883333445,[debug],turtlebot1,simulation,robot-pose,x=-19.01;y=17.99;yaw=-1.38
233.400000095,[debug],turtlebot2,simulation,robot-pose,x=-13.58;y=17.54;yaw=0.43
233.483333349,[debug],turtlebot2,simulation,robot-pose,x=-13.58;y=17.54;yaw=0.43
233.483333349,[debug],turtlebot3,simulation,robot-pose,x=-11.46;y=17.82;yaw=-1.25
233.483333349,[debug],turtlebot3,simulation,robot-pose,x=-11.46;y=17.82;yaw=-1.25
233.599999905,[debug],turtlebot4,simulation,robot-pose,x=-21.01;y=18.00;yaw=-1.54
233.599999905,[debug],turtlebot4,simulation,robot-pose,x=-21.01;y=18.00;yaw=-1.54
233.766666651,[debug],turtlebot5,simulation,robot-pose,x=-40.39;y=25.23;yaw=0.33
233.766666651,[debug],turtlebot5,simulation,robot-pose,x=-40.39;y=25.23;yaw=0.33
238.733333349,[debug],turtlebot2,move-base-info,Hooray, the base moved arrived,(x=-13.5;y=18)
238.733333349,[debug],turtlebot2,move-base-info,Hooray, the base moved arrived,(x=-13.5;y=18)
238.916666746,[debug],turtlebot2,task-update,navigation,way-point-reached,100.0%
239.016666651,[debug],turtlebot2,available-skills,['send_message', 'wait_message', 'approach_person', 'approach_robot', 'authenticate_person', 'deposit', 'navigation', 'operate_drawer', 'pick_up'],
239.016666651,[info],turtlebot2,skill-life-cycle,approach_person,(status=STARTED, parameters=['nurse'])
239.083333254,[debug],turtlebot2,task-update,approach_person,localize-person,(who=nurse)
239.183333397,[debug],turtlebot2,task-update,approach_person,goto-person,(who=nurse)
239.283333302,[debug],turtlebot2,available-skills,['send_message', 'wait_message', 'approach_person', 'approach_robot', 'authenticate_person', 'deposit', 'navigation', 'operate_drawer', 'pick_up'],
239.283333302,[info],turtlebot2,skill-life-cycle,authenticate_person,(status=STARTED, parameters=['nurse'])
239.349999905,[info],nurse,sync,received-request,(status=sending-request)
239.349999905,[debug],turtlebot2,task-update,authenticate_person,request-authentication,(to=nurse)
239.483333349,[info],nurse,sync,received-request,(status=sending-request)
239.783333302,[debug],turtlebot2,task-update,authenticate_person,received-authentication,(from=nurse)
239.883333445,[debug],turtlebot2,available-skills,['send_message', 'wait_message', 'approach_person', 'approach_robot', 'authenticate_person', 'deposit', 'navigation', 'operate_drawer', 'pick_up'],
239.883333445,[info],turtlebot2,skill-life-cycle,operate_drawer,(status=STARTED, parameters=['open'])
239.933333397,[debug],turtlebot2,task-update,operate_drawer,open
240.933333397,[debug],turtlebot2,available-skills,['send_message', 'wait_message', 'approach_person', 'approach_robot', 'authenticate_person', 'deposit', 'navigation', 'operate_drawer', 'pick_up'],
240.933333397,[info],turtlebot2,skill-life-cycle,send_message,(status=STARTED, parameters=['nurse'])
241.016666651,[info],turtlebot2,sync,send-message,(to=nurse)
241.933333397,[info],nurse,sync,wait-message,(status=message-received)
241.933333397,[info],nurse,sync,wait-message,(status=message-received)
244.75,[debug],turtlebot2,available-skills,['send_message', 'wait_message', 'approach_person', 'approach_robot', 'authenticate_person', 'deposit', 'navigation', 'operate_drawer', 'pick_up'],
244.75,[info],turtlebot2,skill-life-cycle,wait_message,(status=STARTED, parameters=['r1'])
245.883333445,[debug],turtlebot1,simulation,robot-pose,x=-19.01;y=17.99;yaw=-1.37
245.883333445,[debug],turtlebot1,simulation,robot-pose,x=-19.01;y=17.99;yaw=-1.37
245.966666698,[info],turtlebot2,sync,wait-message,(status=message-received)
246.066666603,[debug],turtlebot2,available-skills,['send_message', 'wait_message', 'approach_person', 'approach_robot', 'authenticate_person', 'deposit', 'navigation', 'operate_drawer', 'pick_up'],
246.066666603,[info],turtlebot2,skill-life-cycle,operate_drawer,(status=STARTED, parameters=['close'])
246.116666555,[debug],turtlebot2,task-update,operate_drawer,close
247.133333445,[debug],turtlebot2,available-skills,['send_message', 'wait_message', 'approach_person', 'approach_robot', 'authenticate_person', 'deposit', 'navigation', 'operate_drawer', 'pick_up'],
247.133333445,[info],turtlebot2,skill-life-cycle,navigation,(status=STARTED, parameters=[[-13.5, 16.0, 3.141592653589793, True], [-26.0, 16.0, -1.5707963267948966, True], [-26.0, 13.0, 1.57, False]])
248.400000095,[debug],turtlebot2,simulation,robot-pose,x=-13.55;y=17.59;yaw=-1.53
248.450000048,[debug],turtlebot2,simulation,robot-pose,x=-13.55;y=17.59;yaw=-1.53
248.483333349,[debug],turtlebot3,simulation,robot-pose,x=-11.46;y=17.82;yaw=-1.25
248.483333349,[debug],turtlebot3,simulation,robot-pose,x=-11.46;y=17.82;yaw=-1.25
248.599999905,[debug],turtlebot4,simulation,robot-pose,x=-21.02;y=18.00;yaw=-1.54
248.599999905,[debug],turtlebot4,simulation,robot-pose,x=-21.02;y=18.00;yaw=-1.54
248.766666651,[debug],turtlebot5,simulation,robot-pose,x=-40.39;y=25.23;yaw=0.33
248.766666651,[debug],turtlebot5,simulation,robot-pose,x=-40.39;y=25.23;yaw=0.33
251.933333397,[info],nurse,sync,wait-message,(status=message-received)
251.933333397,[info],nurse,sync,wait-message,(status=message-received)
259.349999905,[info],nurse,sync,request-sent,(status=waiting)
259.466666698,[info],nurse,sync,request-sent,(status=waiting)
260.883333445,[debug],turtlebot1,simulation,robot-pose,x=-19.01;y=17.99;yaw=-1.37
260.883333445,[debug],turtlebot1,simulation,robot-pose,x=-19.01;y=17.99;yaw=-1.37
261.933333397,[info],nurse,sync,wait-message,(status=message-received)
261.933333397,[info],nurse,sync,wait-message,(status=message-received)
262.933333397,[debug],turtlebot2,move-base-info,Hooray, the base moved arrived,(x=-13.5;y=16)
262.933333397,[debug],turtlebot2,move-base-info,Hooray, the base moved arrived,(x=-13.5;y=16)
263.0,[debug],turtlebot2,task-update,navigation,way-point-reached,33.33333333333333%
263.400000095,[debug],turtlebot2,simulation,robot-pose,x=-13.48;y=16.44;yaw=-3.09
263.466666698,[debug],turtlebot2,simulation,robot-pose,x=-13.48;y=16.44;yaw=-3.09
263.483333349,[debug],turtlebot3,simulation,robot-pose,x=-11.46;y=17.82;yaw=-1.25
263.483333349,[debug],turtlebot3,simulation,robot-pose,x=-11.46;y=17.82;yaw=-1.25
263.599999905,[debug],turtlebot4,simulation,robot-pose,x=-21.02;y=18.00;yaw=-1.54
263.599999905,[debug],turtlebot4,simulation,robot-pose,x=-21.02;y=18.00;yaw=-1.54
263.766666651,[debug],turtlebot5,simulation,robot-pose,x=-40.39;y=25.23;yaw=0.33
263.766666651,[debug],turtlebot5,simulation,robot-pose,x=-40.39;y=25.23;yaw=0.33
270.866666555,[info],turtlebot2,skill-life-cycle,navigation,(status=RUNNING, parameters=[[-13.5, 16.0, 3.141592653589793, True], [-26.0, 16.0, -1.5707963267948966, True], [-26.0, 13.0, 1.57, False]])
271.950000048,[info],nurse,sync,wait-message,(status=message-received)
271.950000048,[info],nurse,sync,wait-message,(status=message-received)
275.883333445,[debug],turtlebot1,simulation,robot-pose,x=-19.01;y=17.99;yaw=-1.37
275.883333445,[debug],turtlebot1,simulation,robot-pose,x=-19.01;y=17.99;yaw=-1.37
278.400000095,[debug],turtlebot2,simulation,robot-pose,x=-14.27;y=15.92;yaw=-2.58
278.466666698,[debug],turtlebot2,simulation,robot-pose,x=-14.27;y=15.92;yaw=-2.58
278.483333349,[debug],turtlebot3,simulation,robot-pose,x=-11.46;y=17.82;yaw=-1.25
278.483333349,[debug],turtlebot3,simulation,robot-pose,x=-11.46;y=17.82;yaw=-1.25
278.599999905,[debug],turtlebot4,simulation,robot-pose,x=-21.03;y=18.00;yaw=-1.54
278.599999905,[debug],turtlebot4,simulation,robot-pose,x=-21.03;y=18.00;yaw=-1.54
278.766666651,[debug],turtlebot5,simulation,robot-pose,x=-40.39;y=25.23;yaw=0.33
278.766666651,[debug],turtlebot5,simulation,robot-pose,x=-40.39;y=25.23;yaw=0.33
290.883333445,[debug],turtlebot1,simulation,robot-pose,x=-19.00;y=17.99;yaw=-1.37
290.883333445,[debug],turtlebot1,simulation,robot-pose,x=-19.00;y=17.99;yaw=-1.37
293.400000095,[debug],turtlebot2,simulation,robot-pose,x=-15.47;y=15.46;yaw=-3.00
293.483333349,[debug],turtlebot3,simulation,robot-pose,x=-11.46;y=17.82;yaw=-1.25
293.483333349,[debug],turtlebot2,simulation,robot-pose,x=-15.47;y=15.46;yaw=-3.00
293.483333349,[debug],turtlebot3,simulation,robot-pose,x=-11.46;y=17.82;yaw=-1.25
293.599999905,[debug],turtlebot4,simulation,robot-pose,x=-21.03;y=18.00;yaw=-1.54
293.599999905,[debug],turtlebot4,simulation,robot-pose,x=-21.03;y=18.00;yaw=-1.54
293.766666651,[debug],turtlebot5,simulation,robot-pose,x=-40.39;y=25.23;yaw=0.33
293.766666651,[debug],turtlebot5,simulation,robot-pose,x=-40.39;y=25.23;yaw=0.33
305.883333445,[debug],turtlebot1,simulation,robot-pose,x=-19.00;y=17.99;yaw=-1.37
305.883333445,[debug],turtlebot1,simulation,robot-pose,x=-19.00;y=17.99;yaw=-1.37
308.400000095,[debug],turtlebot2,simulation,robot-pose,x=-16.72;y=15.47;yaw=3.05
308.483333349,[debug],turtlebot3,simulation,robot-pose,x=-11.47;y=17.82;yaw=-1.25
308.483333349,[debug],turtlebot2,simulation,robot-pose,x=-16.72;y=15.47;yaw=3.05
308.483333349,[debug],turtlebot3,simulation,robot-pose,x=-11.47;y=17.82;yaw=-1.25
308.599999905,[debug],turtlebot4,simulation,robot-pose,x=-21.03;y=18.00;yaw=-1.54
308.599999905,[debug],turtlebot4,simulation,robot-pose,x=-21.03;y=18.00;yaw=-1.54
308.766666651,[debug],turtlebot5,simulation,robot-pose,x=-40.39;y=25.23;yaw=0.33
308.766666651,[debug],turtlebot5,simulation,robot-pose,x=-40.39;y=25.23;yaw=0.33
320.883333445,[debug],turtlebot1,simulation,robot-pose,x=-19.00;y=17.99;yaw=-1.37
320.883333445,[debug],turtlebot1,simulation,robot-pose,x=-19.00;y=17.99;yaw=-1.37
322.283333302,[info],turtlebot2,skill-life-cycle,navigation,(status=RUNNING, parameters=[[-13.5, 16.0, 3.141592653589793, True], [-26.0, 16.0, -1.5707963267948966, True], [-26.0, 13.0, 1.57, False]])
323.400000095,[debug],turtlebot2,simulation,robot-pose,x=-17.97;y=15.56;yaw=3.07
323.466666698,[debug],turtlebot2,simulation,robot-pose,x=-17.97;y=15.56;yaw=3.07
323.483333349,[debug],turtlebot3,simulation,robot-pose,x=-11.47;y=17.82;yaw=-1.25
323.483333349,[debug],turtlebot3,simulation,robot-pose,x=-11.47;y=17.82;yaw=-1.25
323.599999905,[debug],turtlebot4,simulation,robot-pose,x=-21.03;y=18.00;yaw=-1.54
323.599999905,[debug],turtlebot4,simulation,robot-pose,x=-21.03;y=18.00;yaw=-1.54
323.766666651,[debug],turtlebot5,simulation,robot-pose,x=-40.39;y=25.23;yaw=0.33
323.766666651,[debug],turtlebot5,simulation,robot-pose,x=-40.39;y=25.23;yaw=0.33
335.883333445,[debug],turtlebot1,simulation,robot-pose,x=-19.00;y=17.99;yaw=-1.37
335.883333445,[debug],turtlebot1,simulation,robot-pose,x=-19.00;y=17.99;yaw=-1.37
338.400000095,[debug],turtlebot2,simulation,robot-pose,x=-19.22;y=15.63;yaw=3.11
338.466666698,[debug],turtlebot2,simulation,robot-pose,x=-19.22;y=15.63;yaw=3.11
338.483333349,[debug],turtlebot3,simulation,robot-pose,x=-11.47;y=17.82;yaw=-1.25
338.483333349,[debug],turtlebot3,simulation,robot-pose,x=-11.47;y=17.82;yaw=-1.25
338.599999905,[debug],turtlebot4,simulation,robot-pose,x=-21.03;y=18.00;yaw=-1.54
338.599999905,[debug],turtlebot4,simulation,robot-pose,x=-21.03;y=18.00;yaw=-1.54
338.766666651,[debug],turtlebot5,simulation,robot-pose,x=-40.39;y=25.23;yaw=0.33
338.766666651,[debug],turtlebot5,simulation,robot-pose,x=-40.39;y=25.23;yaw=0.33
350.883333445,[debug],turtlebot1,simulation,robot-pose,x=-19.00;y=17.99;yaw=-1.37
350.883333445,[debug],turtlebot1,simulation,robot-pose,x=-19.00;y=17.99;yaw=-1.37
353.400000095,[debug],turtlebot2,simulation,robot-pose,x=-20.47;y=15.61;yaw=3.10
353.466666698,[debug],turtlebot2,simulation,robot-pose,x=-20.47;y=15.61;yaw=3.10
353.483333349,[debug],turtlebot3,simulation,robot-pose,x=-11.47;y=17.82;yaw=-1.25
353.483333349,[debug],turtlebot3,simulation,robot-pose,x=-11.47;y=17.82;yaw=-1.25
353.599999905,[debug],turtlebot4,simulation,robot-pose,x=-21.03;y=18.00;yaw=-1.54
353.599999905,[debug],turtlebot4,simulation,robot-pose,x=-21.03;y=18.00;yaw=-1.54
353.766666651,[debug],turtlebot5,simulation,robot-pose,x=-40.39;y=25.23;yaw=0.33
353.766666651,[debug],turtlebot5,simulation,robot-pose,x=-40.39;y=25.23;yaw=0.33
365.883333445,[debug],turtlebot1,simulation,robot-pose,x=-19.00;y=17.99;yaw=-1.37
365.883333445,[debug],turtlebot1,simulation,robot-pose,x=-19.00;y=17.99;yaw=-1.37
368.400000095,[debug],turtlebot2,simulation,robot-pose,x=-21.72;y=15.65;yaw=-3.13
368.466666698,[debug],turtlebot2,simulation,robot-pose,x=-21.72;y=15.65;yaw=-3.13
368.483333349,[debug],turtlebot3,simulation,robot-pose,x=-11.47;y=17.82;yaw=-1.25
368.483333349,[debug],turtlebot3,simulation,robot-pose,x=-11.47;y=17.82;yaw=-1.25
368.599999905,[debug],turtlebot4,simulation,robot-pose,x=-21.03;y=18.00;yaw=-1.54
368.599999905,[debug],turtlebot4,simulation,robot-pose,x=-21.03;y=18.00;yaw=-1.54
368.766666651,[debug],turtlebot5,simulation,robot-pose,x=-40.39;y=25.23;yaw=0.33
368.766666651,[debug],turtlebot5,simulation,robot-pose,x=-40.39;y=25.23;yaw=0.33
373.866666555,[info],turtlebot2,skill-life-cycle,navigation,(status=RUNNING, parameters=[[-13.5, 16.0, 3.141592653589793, True], [-26.0, 16.0, -1.5707963267948966, True], [-26.0, 13.0, 1.57, False]])
380.883333445,[debug],turtlebot1,simulation,robot-pose,x=-19.00;y=17.99;yaw=-1.37
380.883333445,[debug],turtlebot1,simulation,robot-pose,x=-19.00;y=17.99;yaw=-1.37
383.400000095,[debug],turtlebot2,simulation,robot-pose,x=-22.97;y=15.66;yaw=3.13
383.450000048,[debug],turtlebot2,simulation,robot-pose,x=-22.97;y=15.66;yaw=3.13
383.483333349,[debug],turtlebot3,simulation,robot-pose,x=-11.47;y=17.82;yaw=-1.25
383.483333349,[debug],turtlebot3,simulation,robot-pose,x=-11.47;y=17.82;yaw=-1.25
383.599999905,[debug],turtlebot4,simulation,robot-pose,x=-21.03;y=18.00;yaw=-1.54
383.599999905,[debug],turtlebot4,simulation,robot-pose,x=-21.03;y=18.00;yaw=-1.54
383.766666651,[debug],turtlebot5,simulation,robot-pose,x=-40.39;y=25.23;yaw=0.33
383.766666651,[debug],turtlebot5,simulation,robot-pose,x=-40.39;y=25.23;yaw=0.33
395.883333445,[debug],turtlebot1,simulation,robot-pose,x=-19.00;y=17.99;yaw=-1.37
395.883333445,[debug],turtlebot1,simulation,robot-pose,x=-19.00;y=17.99;yaw=-1.37
398.400000095,[debug],turtlebot2,simulation,robot-pose,x=-24.22;y=15.65;yaw=-3.12
398.466666698,[debug],turtlebot2,simulation,robot-pose,x=-24.22;y=15.65;yaw=-3.12
398.483333349,[debug],turtlebot3,simulation,robot-pose,x=-11.47;y=17.82;yaw=-1.25
398.483333349,[debug],turtlebot3,simulation,robot-pose,x=-11.47;y=17.82;yaw=-1.25
398.599999905,[debug],turtlebot4,simulation,robot-pose,x=-21.03;y=18.00;yaw=-1.54
398.599999905,[debug],turtlebot4,simulation,robot-pose,x=-21.03;y=18.00;yaw=-1.54
398.766666651,[debug],turtlebot5,simulation,robot-pose,x=-40.39;y=25.23;yaw=0.33
398.766666651,[debug],turtlebot5,simulation,robot-pose,x=-40.39;y=25.23;yaw=0.33
410.883333445,[debug],turtlebot1,simulation,robot-pose,x=-19.00;y=17.98;yaw=-1.37
410.883333445,[debug],turtlebot1,simulation,robot-pose,x=-19.00;y=17.98;yaw=-1.37
413.400000095,[debug],turtlebot2,simulation,robot-pose,x=-25.47;y=15.76;yaw=2.83
413.483333349,[debug],turtlebot3,simulation,robot-pose,x=-11.47;y=17.82;yaw=-1.25
413.483333349,[debug],turtlebot2,simulation,robot-pose,x=-25.47;y=15.76;yaw=2.83
413.483333349,[debug],turtlebot3,simulation,robot-pose,x=-11.47;y=17.82;yaw=-1.25
413.599999905,[debug],turtlebot4,simulation,robot-pose,x=-21.03;y=18.00;yaw=-1.54
413.599999905,[debug],turtlebot4,simulation,robot-pose,x=-21.03;y=18.00;yaw=-1.54
413.766666651,[debug],turtlebot5,simulation,robot-pose,x=-40.39;y=25.23;yaw=0.33
413.766666651,[debug],turtlebot5,simulation,robot-pose,x=-40.39;y=25.23;yaw=0.33
419.933333397,[debug],turtlebot2,move-base-info,Hooray, the base moved arrived,(x=-26;y=16)
419.933333397,[debug],turtlebot2,move-base-info,Hooray, the base moved arrived,(x=-26;y=16)
420.049999952,[debug],turtlebot2,task-update,navigation,way-point-reached,66.66666666666666%
425.883333445,[debug],turtlebot1,simulation,robot-pose,x=-19.00;y=17.98;yaw=-1.37
425.883333445,[debug],turtlebot1,simulation,robot-pose,x=-19.00;y=17.98;yaw=-1.37
426.533333302,[info],turtlebot2,skill-life-cycle,navigation,(status=RUNNING, parameters=[[-13.5, 16.0, 3.141592653589793, True], [-26.0, 16.0, -1.5707963267948966, True], [-26.0, 13.0, 1.57, False]])
428.400000095,[debug],turtlebot2,simulation,robot-pose,x=-25.66;y=15.36;yaw=-1.75
428.483333349,[debug],turtlebot2,simulation,robot-pose,x=-25.66;y=15.36;yaw=-1.75
428.483333349,[debug],turtlebot3,simulation,robot-pose,x=-11.47;y=17.82;yaw=-1.25
428.483333349,[debug],turtlebot3,simulation,robot-pose,x=-11.47;y=17.82;yaw=-1.25
428.599999905,[debug],turtlebot4,simulation,robot-pose,x=-21.03;y=18.00;yaw=-1.54
428.599999905,[debug],turtlebot4,simulation,robot-pose,x=-21.03;y=18.00;yaw=-1.54
428.766666651,[debug],turtlebot5,simulation,robot-pose,x=-40.39;y=25.23;yaw=0.33
428.766666651,[debug],turtlebot5,simulation,robot-pose,x=-40.39;y=25.23;yaw=0.33
440.883333445,[debug],turtlebot1,simulation,robot-pose,x=-19.00;y=17.98;yaw=-1.37
440.883333445,[debug],turtlebot1,simulation,robot-pose,x=-19.00;y=17.98;yaw=-1.37
443.400000095,[debug],turtlebot2,simulation,robot-pose,x=-25.82;y=13.43;yaw=-2.83
443.483333349,[debug],turtlebot3,simulation,robot-pose,x=-11.47;y=17.82;yaw=-1.25
443.483333349,[debug],turtlebot2,simulation,robot-pose,x=-25.82;y=13.43;yaw=-2.83
443.483333349,[debug],turtlebot3,simulation,robot-pose,x=-11.47;y=17.82;yaw=-1.25
443.599999905,[debug],turtlebot4,simulation,robot-pose,x=-21.03;y=18.00;yaw=-1.54
443.599999905,[debug],turtlebot4,simulation,robot-pose,x=-21.03;y=18.00;yaw=-1.54
443.766666651,[debug],turtlebot5,simulation,robot-pose,x=-40.39;y=25.23;yaw=0.33
443.766666651,[debug],turtlebot5,simulation,robot-pose,x=-40.39;y=25.23;yaw=0.33
448.466666698,[debug],turtlebot2,move-base-info,Hooray, the base moved arrived,(x=-26;y=13)
448.466666698,[debug],turtlebot2,move-base-info,Hooray, the base moved arrived,(x=-26;y=13)
448.616666555,[debug],turtlebot2,task-update,navigation,way-point-reached,100.0%
448.716666698,[debug],turtlebot2,available-skills,['send_message', 'wait_message', 'approach_person', 'approach_robot', 'authenticate_person', 'deposit', 'navigation', 'operate_drawer', 'pick_up'],
448.716666698,[info],turtlebot2,skill-life-cycle,approach_robot,(status=STARTED, parameters=['lab_arm'])
448.799999952,[debug],turtlebot2,task-update,approach_robot,localize-robot,(who=lab_arm)
449.900000095,[debug],turtlebot2,task-update,approach_robot,goto-robot,(who=lab_arm)
450.0,[debug],turtlebot2,available-skills,['send_message', 'wait_message', 'approach_person', 'approach_robot', 'authenticate_person', 'deposit', 'navigation', 'operate_drawer', 'pick_up'],
450.0,[info],turtlebot2,skill-life-cycle,operate_drawer,(status=STARTED, parameters=['open'])
450.583333254,[debug],turtlebot2,task-update,operate_drawer,open
451.583333254,[debug],turtlebot2,available-skills,['send_message', 'wait_message', 'approach_person', 'approach_robot', 'authenticate_person', 'deposit', 'navigation', 'operate_drawer', 'pick_up'],
451.583333254,[info],turtlebot2,skill-life-cycle,send_message,(status=STARTED, parameters=['lab_arm'])
451.666666746,[info],turtlebot2,sync,send-message,(to=lab_arm)
452.599999905,[info],lab_arm,sync,wait-message,(status=message-received)
452.599999905,[info],lab_arm,sync,wait-message,(status=message-received)
452.599999905,[info],Inventory,sync,wait-sample,(status=sample-received)
452.599999905,[info],Inventory,sync,wait-sample,(status=sample-received)
452.599999905,ENDSIM
452.599999905,ENDSIM
455.883333445,[debug],turtlebot1,simulation,robot-pose,x=-19.00;y=17.98;yaw=-1.36
455.883333445,[debug],turtlebot1,simulation,robot-pose,x=-19.00;y=17.98;yaw=-1.36
458.400000095,[debug],turtlebot2,simulation,robot-pose,x=-25.87;y=13.39;yaw=1.63
458.416666746,[debug],turtlebot2,simulation,robot-pose,x=-25.87;y=13.39;yaw=1.63
458.483333349,[debug],turtlebot3,simulation,robot-pose,x=-11.47;y=17.82;yaw=-1.25
458.483333349,[debug],turtlebot3,simulation,robot-pose,x=-11.47;y=17.82;yaw=-1.25
458.599999905,[debug],turtlebot4,simulation,robot-pose,x=-21.03;y=18.00;yaw=-1.54
458.599999905,[debug],turtlebot4,simulation,robot-pose,x=-21.03;y=18.00;yaw=-1.54
458.766666651,[debug],turtlebot5,simulation,robot-pose,x=-40.39;y=25.23;yaw=0.33
458.766666651,[debug],turtlebot5,simulation,robot-pose,x=-40.39;y=25.23;yaw=0.33
462.583333254,[info],Inventory,sync,wait-sample,(status=sample-received)
462.583333254,ENDSIM
462.583333254,[info],Inventory,sync,wait-sample,(status=sample-received)
462.583333254,ENDSIM
462.583333254,[info],lab_arm,sync,wait-message,(status=message-received)
462.583333254,[info],lab_arm,sync,wait-message,(status=message-received)
462.583333254,[info],Inventory,sync,wait-sample,(status=sample-received)
462.583333254,[info],Inventory,sync,wait-sample,(status=sample-received)
462.583333254,ENDSIM
462.583333254,ENDSIM
0.0,[debug],simulation closed,reach-target,execution-wall-clock=553.698579788208
