6.75,[debug],turtlebot4,move-base-info,Move_base is up and ok....,
7.66666674614,[debug],turtlebot2,move-base-info,Move_base is up and ok....,
10.9833333492,[info],turtlebot3,skill-life-cycle,init_robobt,(status=RUNNING, parameters=[])
11.8166666031,[info],turtlebot5,skill-life-cycle,init_robobt,(status=RUNNING, parameters=[])
12.7999999523,[info],turtlebot4,skill-life-cycle,init_robobt,(status=RUNNING, parameters=[])
12.8499999046,[info],turtlebot2,skill-life-cycle,init_robobt,(status=RUNNING, parameters=[])
18.0833332539,[debug],turtlebot2,available-skills,['send_message', 'wait_message', 'approach_person', 'approach_robot', 'authenticate_person', 'deposit', 'navigation', 'operate_drawer', 'pick_up'],
18.0833332539,[info],turtlebot2,skill-life-cycle,navigation,(status=STARTED, parameters=[[-37.0, 18.93, -1.5707963267948966, True], [-37.0, 16.0, 0.0, True], [-28.5, 16.0, 1.5707963267948966, True], [-28.5, 18.0, -1.57, False]])
24.5166666508,[debug],turtlebot1,simulation,robot-pose,x=-33.83;y=18.78;yaw=2.80
24.5166666508,[debug],turtlebot1,simulation,robot-pose,x=-33.83;y=18.78;yaw=2.80
24.7999999523,[debug],turtlebot3,simulation,robot-pose,x=-40.39;y=25.23;yaw=0.34
24.7999999523,[debug],turtlebot3,simulation,robot-pose,x=-40.39;y=25.23;yaw=0.34
24.7999999523,[debug],turtlebot4,simulation,robot-pose,x=-20.99;y=18.00;yaw=-1.54
24.7999999523,[debug],turtlebot4,simulation,robot-pose,x=-20.99;y=18.00;yaw=-1.54
24.7999999523,[debug],turtlebot2,simulation,robot-pose,x=-27.22;y=17.86;yaw=-1.39
24.7999999523,[debug],turtlebot2,simulation,robot-pose,x=-27.22;y=17.86;yaw=-1.39
24.8166666031,[debug],turtlebot5,simulation,robot-pose,x=-38.00;y=21.48;yaw=0.01
24.8166666031,[debug],turtlebot5,simulation,robot-pose,x=-38.00;y=21.48;yaw=0.01
39.5333333015,[debug],turtlebot1,simulation,robot-pose,x=-33.84;y=18.78;yaw=2.83
39.5333333015,[debug],turtlebot1,simulation,robot-pose,x=-33.84;y=18.78;yaw=2.83
39.7999999523,[debug],turtlebot3,simulation,robot-pose,x=-40.39;y=25.23;yaw=0.33
39.7999999523,[debug],turtlebot4,simulation,robot-pose,x=-20.99;y=18.00;yaw=-1.54
39.7999999523,[debug],turtlebot3,simulation,robot-pose,x=-40.39;y=25.23;yaw=0.33
39.7999999523,[debug],turtlebot4,simulation,robot-pose,x=-20.99;y=18.00;yaw=-1.54
39.7999999523,[debug],turtlebot2,simulation,robot-pose,x=-27.32;y=16.64;yaw=-2.33
39.7999999523,[debug],turtlebot2,simulation,robot-pose,x=-27.32;y=16.64;yaw=-2.33
39.8166666031,[debug],turtlebot5,simulation,robot-pose,x=-38.00;y=21.48;yaw=0.01
39.8166666031,[debug],turtlebot5,simulation,robot-pose,x=-38.00;y=21.48;yaw=0.01
54.5166666508,[debug],turtlebot1,simulation,robot-pose,x=-33.85;y=18.78;yaw=2.84
54.5166666508,[debug],turtlebot1,simulation,robot-pose,x=-33.85;y=18.78;yaw=2.84
54.7999999523,[debug],turtlebot2,simulation,robot-pose,x=-29.12;y=16.09;yaw=3.13
54.7999999523,[debug],turtlebot2,simulation,robot-pose,x=-29.12;y=16.09;yaw=3.13
54.7999999523,[debug],turtlebot3,simulation,robot-pose,x=-40.39;y=25.23;yaw=0.33
54.7999999523,[debug],turtlebot3,simulation,robot-pose,x=-40.39;y=25.23;yaw=0.33
54.7999999523,[debug],turtlebot4,simulation,robot-pose,x=-20.99;y=18.00;yaw=-1.54
54.7999999523,[debug],turtlebot4,simulation,robot-pose,x=-20.99;y=18.00;yaw=-1.54
54.8166666031,[debug],turtlebot5,simulation,robot-pose,x=-38.00;y=21.48;yaw=0.01
54.8166666031,[debug],turtlebot5,simulation,robot-pose,x=-38.00;y=21.48;yaw=0.01
63.8166666031,[info],turtlebot2,skill-life-cycle,navigation,(status=RUNNING, parameters=[[-37.0, 18.93, -1.5707963267948966, True], [-37.0, 16.0, 0.0, True], [-28.5, 16.0, 1.5707963267948966, True], [-28.5, 18.0, -1.57, False]])
69.5166666508,[debug],turtlebot1,simulation,robot-pose,x=-33.85;y=18.78;yaw=2.85
69.5166666508,[debug],turtlebot1,simulation,robot-pose,x=-33.85;y=18.78;yaw=2.85
69.7999999523,[debug],turtlebot2,simulation,robot-pose,x=-31.54;y=16.05;yaw=-2.97
69.7999999523,[debug],turtlebot2,simulation,robot-pose,x=-31.54;y=16.05;yaw=-2.97
69.7999999523,[debug],turtlebot4,simulation,robot-pose,x=-20.99;y=18.00;yaw=-1.54
69.7999999523,[debug],turtlebot3,simulation,robot-pose,x=-40.39;y=25.23;yaw=0.33
69.7999999523,[debug],turtlebot4,simulation,robot-pose,x=-20.99;y=18.00;yaw=-1.54
69.7999999523,[debug],turtlebot3,simulation,robot-pose,x=-40.39;y=25.23;yaw=0.33
69.8166666031,[debug],turtlebot5,simulation,robot-pose,x=-38.00;y=21.48;yaw=0.01
69.8166666031,[debug],turtlebot5,simulation,robot-pose,x=-38.00;y=21.48;yaw=0.01
84.5166666508,[debug],turtlebot1,simulation,robot-pose,x=-33.85;y=18.78;yaw=2.87
84.5166666508,[debug],turtlebot1,simulation,robot-pose,x=-33.85;y=18.78;yaw=2.87
84.7999999523,[debug],turtlebot2,simulation,robot-pose,x=-33.63;y=15.70;yaw=-3.12
84.7999999523,[debug],turtlebot3,simulation,robot-pose,x=-40.39;y=25.23;yaw=0.33
84.7999999523,[debug],turtlebot4,simulation,robot-pose,x=-20.99;y=18.00;yaw=-1.54
84.7999999523,[debug],turtlebot2,simulation,robot-pose,x=-33.63;y=15.70;yaw=-3.12
84.7999999523,[debug],turtlebot3,simulation,robot-pose,x=-40.39;y=25.23;yaw=0.33
84.7999999523,[debug],turtlebot4,simulation,robot-pose,x=-20.99;y=18.00;yaw=-1.54
84.8166666031,[debug],turtlebot5,simulation,robot-pose,x=-38.00;y=21.48;yaw=0.01
84.8166666031,[debug],turtlebot5,simulation,robot-pose,x=-38.00;y=21.48;yaw=0.01
99.5166666508,[debug],turtlebot1,simulation,robot-pose,x=-33.85;y=18.78;yaw=2.89
99.5166666508,[debug],turtlebot1,simulation,robot-pose,x=-33.85;y=18.78;yaw=2.89
99.7999999523,[debug],turtlebot3,simulation,robot-pose,x=-40.39;y=25.23;yaw=0.33
99.7999999523,[debug],turtlebot3,simulation,robot-pose,x=-40.39;y=25.23;yaw=0.33
99.7999999523,[debug],turtlebot2,simulation,robot-pose,x=-35.49;y=16.60;yaw=2.60
99.7999999523,[debug],turtlebot2,simulation,robot-pose,x=-35.49;y=16.60;yaw=2.60
99.7999999523,[debug],turtlebot4,simulation,robot-pose,x=-20.99;y=18.00;yaw=-1.54
99.7999999523,[debug],turtlebot4,simulation,robot-pose,x=-20.99;y=18.00;yaw=-1.54
99.8166666031,[debug],turtlebot5,simulation,robot-pose,x=-38.00;y=21.48;yaw=0.01
99.8166666031,[debug],turtlebot5,simulation,robot-pose,x=-38.00;y=21.48;yaw=0.01
113.150000095,[debug],turtlebot2,move-base-info,Hooray, the base moved arrived,(x=-37;y=18.93)
113.233333349,[debug],turtlebot2,move-base-info,Hooray, the base moved arrived,(x=-37;y=18.93)
113.266666651,[debug],turtlebot2,task-update,navigation,way-point-reached,25.0%
114.516666651,[debug],turtlebot1,simulation,robot-pose,x=-33.86;y=18.79;yaw=2.91
114.516666651,[debug],turtlebot1,simulation,robot-pose,x=-33.86;y=18.79;yaw=2.91
114.799999952,[debug],turtlebot4,simulation,robot-pose,x=-20.99;y=18.00;yaw=-1.54
114.799999952,[debug],turtlebot4,simulation,robot-pose,x=-20.99;y=18.00;yaw=-1.54
114.799999952,[debug],turtlebot3,simulation,robot-pose,x=-40.39;y=25.23;yaw=0.33
114.799999952,[debug],turtlebot3,simulation,robot-pose,x=-40.39;y=25.23;yaw=0.33
114.799999952,[debug],turtlebot2,simulation,robot-pose,x=-36.81;y=18.57;yaw=-1.61
114.799999952,[debug],turtlebot2,simulation,robot-pose,x=-36.81;y=18.57;yaw=-1.61
114.816666603,[debug],turtlebot5,simulation,robot-pose,x=-38.00;y=21.48;yaw=0.01
114.816666603,[debug],turtlebot5,simulation,robot-pose,x=-38.00;y=21.48;yaw=0.01
115.099999905,[info],turtlebot2,skill-life-cycle,navigation,(status=RUNNING, parameters=[[-37.0, 18.93, -1.5707963267948966, True], [-37.0, 16.0, 0.0, True], [-28.5, 16.0, 1.5707963267948966, True], [-28.5, 18.0, -1.57, False]])
129.516666651,[debug],turtlebot1,simulation,robot-pose,x=-33.86;y=18.79;yaw=2.93
129.516666651,[debug],turtlebot1,simulation,robot-pose,x=-33.86;y=18.79;yaw=2.93
129.799999952,[debug],turtlebot4,simulation,robot-pose,x=-21.00;y=18.00;yaw=-1.54
129.799999952,[debug],turtlebot2,simulation,robot-pose,x=-36.73;y=17.59;yaw=-1.55
129.799999952,[debug],turtlebot4,simulation,robot-pose,x=-21.00;y=18.00;yaw=-1.54
129.799999952,[debug],turtlebot3,simulation,robot-pose,x=-40.39;y=25.23;yaw=0.33
129.799999952,[debug],turtlebot2,simulation,robot-pose,x=-36.73;y=17.59;yaw=-1.55
129.799999952,[debug],turtlebot3,simulation,robot-pose,x=-40.39;y=25.23;yaw=0.33
129.816666603,[debug],turtlebot5,simulation,robot-pose,x=-38.00;y=21.48;yaw=0.01
129.816666603,[debug],turtlebot5,simulation,robot-pose,x=-38.00;y=21.48;yaw=0.01
144.516666651,[debug],turtlebot1,simulation,robot-pose,x=-33.87;y=18.79;yaw=2.96
144.516666651,[debug],turtlebot1,simulation,robot-pose,x=-33.87;y=18.79;yaw=2.96
144.799999952,[debug],turtlebot3,simulation,robot-pose,x=-40.39;y=25.23;yaw=0.33
144.799999952,[debug],turtlebot3,simulation,robot-pose,x=-40.39;y=25.23;yaw=0.33
144.799999952,[debug],turtlebot2,simulation,robot-pose,x=-36.90;y=16.48;yaw=-1.42
144.799999952,[debug],turtlebot2,simulation,robot-pose,x=-36.90;y=16.48;yaw=-1.42
144.799999952,[debug],turtlebot4,simulation,robot-pose,x=-21.00;y=18.00;yaw=-1.54
144.799999952,[debug],turtlebot4,simulation,robot-pose,x=-21.00;y=18.00;yaw=-1.54
144.816666603,[debug],turtlebot5,simulation,robot-pose,x=-38.00;y=21.48;yaw=0.01
144.816666603,[debug],turtlebot5,simulation,robot-pose,x=-38.00;y=21.48;yaw=0.01
148.666666746,[debug],turtlebot2,move-base-info,Hooray, the base moved arrived,(x=-37;y=16)
148.666666746,[debug],turtlebot2,move-base-info,Hooray, the base moved arrived,(x=-37;y=16)
148.783333302,[debug],turtlebot2,task-update,navigation,way-point-reached,50.0%
159.516666651,[debug],turtlebot1,simulation,robot-pose,x=-33.87;y=18.79;yaw=2.98
159.516666651,[debug],turtlebot1,simulation,robot-pose,x=-33.87;y=18.79;yaw=2.98
159.799999952,[debug],turtlebot3,simulation,robot-pose,x=-40.39;y=25.23;yaw=0.33
159.799999952,[debug],turtlebot4,simulation,robot-pose,x=-21.00;y=18.00;yaw=-1.54
159.799999952,[debug],turtlebot3,simulation,robot-pose,x=-40.39;y=25.23;yaw=0.33
159.799999952,[debug],turtlebot4,simulation,robot-pose,x=-21.00;y=18.00;yaw=-1.54
159.799999952,[debug],turtlebot2,simulation,robot-pose,x=-36.40;y=16.09;yaw=-1.03
159.799999952,[debug],turtlebot2,simulation,robot-pose,x=-36.40;y=16.09;yaw=-1.03
159.816666603,[debug],turtlebot5,simulation,robot-pose,x=-38.00;y=21.48;yaw=0.01
159.816666603,[debug],turtlebot5,simulation,robot-pose,x=-38.00;y=21.48;yaw=0.01
166.700000048,[info],turtlebot2,skill-life-cycle,navigation,(status=RUNNING, parameters=[[-37.0, 18.93, -1.5707963267948966, True], [-37.0, 16.0, 0.0, True], [-28.5, 16.0, 1.5707963267948966, True], [-28.5, 18.0, -1.57, False]])
174.516666651,[debug],turtlebot1,simulation,robot-pose,x=-33.88;y=18.79;yaw=3.00
174.516666651,[debug],turtlebot1,simulation,robot-pose,x=-33.88;y=18.79;yaw=3.00
174.799999952,[debug],turtlebot4,simulation,robot-pose,x=-21.00;y=18.00;yaw=-1.54
174.799999952,[debug],turtlebot4,simulation,robot-pose,x=-21.00;y=18.00;yaw=-1.54
174.799999952,[debug],turtlebot3,simulation,robot-pose,x=-40.39;y=25.23;yaw=0.33
174.799999952,[debug],turtlebot3,simulation,robot-pose,x=-40.39;y=25.23;yaw=0.33
174.799999952,[debug],turtlebot2,simulation,robot-pose,x=-34.47;y=15.76;yaw=-0.15
174.799999952,[debug],turtlebot2,simulation,robot-pose,x=-34.47;y=15.76;yaw=-0.15
174.816666603,[debug],turtlebot5,simulation,robot-pose,x=-38.00;y=21.48;yaw=0.01
174.816666603,[debug],turtlebot5,simulation,robot-pose,x=-38.00;y=21.48;yaw=0.01
189.516666651,[debug],turtlebot1,simulation,robot-pose,x=-33.88;y=18.79;yaw=3.00
189.516666651,[debug],turtlebot1,simulation,robot-pose,x=-33.88;y=18.79;yaw=3.00
189.799999952,[debug],turtlebot2,simulation,robot-pose,x=-31.66;y=16.17;yaw=0.14
189.799999952,[debug],turtlebot2,simulation,robot-pose,x=-31.66;y=16.17;yaw=0.14
189.799999952,[debug],turtlebot4,simulation,robot-pose,x=-21.00;y=18.00;yaw=-1.54
189.799999952,[debug],turtlebot3,simulation,robot-pose,x=-40.39;y=25.23;yaw=0.33
189.799999952,[debug],turtlebot4,simulation,robot-pose,x=-21.00;y=18.00;yaw=-1.54
189.799999952,[debug],turtlebot3,simulation,robot-pose,x=-40.39;y=25.23;yaw=0.33
189.816666603,[debug],turtlebot5,simulation,robot-pose,x=-38.00;y=21.48;yaw=0.01
189.816666603,[debug],turtlebot5,simulation,robot-pose,x=-38.00;y=21.48;yaw=0.01
204.516666651,[debug],turtlebot1,simulation,robot-pose,x=-33.88;y=18.79;yaw=3.01
204.516666651,[debug],turtlebot1,simulation,robot-pose,x=-33.88;y=18.79;yaw=3.01
204.799999952,[debug],turtlebot4,simulation,robot-pose,x=-21.01;y=18.00;yaw=-1.54
204.799999952,[debug],turtlebot4,simulation,robot-pose,x=-21.01;y=18.00;yaw=-1.54
204.799999952,[debug],turtlebot2,simulation,robot-pose,x=-29.21;y=16.17;yaw=0.33
204.799999952,[debug],turtlebot2,simulation,robot-pose,x=-29.21;y=16.17;yaw=0.33
204.799999952,[debug],turtlebot3,simulation,robot-pose,x=-40.39;y=25.23;yaw=0.33
204.799999952,[debug],turtlebot3,simulation,robot-pose,x=-40.39;y=25.23;yaw=0.33
204.816666603,[debug],turtlebot5,simulation,robot-pose,x=-38.02;y=21.48;yaw=0.03
204.816666603,[debug],turtlebot5,simulation,robot-pose,x=-38.02;y=21.48;yaw=0.03
210.666666746,[debug],turtlebot2,move-base-info,Hooray, the base moved arrived,(x=-28.5;y=16)
210.666666746,[debug],turtlebot2,move-base-info,Hooray, the base moved arrived,(x=-28.5;y=16)
210.833333254,[debug],turtlebot2,task-update,navigation,way-point-reached,75.0%
217.099999905,[info],turtlebot2,skill-life-cycle,navigation,(status=RUNNING, parameters=[[-37.0, 18.93, -1.5707963267948966, True], [-37.0, 16.0, 0.0, True], [-28.5, 16.0, 1.5707963267948966, True], [-28.5, 18.0, -1.57, False]])
219.516666651,[debug],turtlebot1,simulation,robot-pose,x=-33.88;y=18.79;yaw=3.01
219.516666651,[debug],turtlebot1,simulation,robot-pose,x=-33.88;y=18.79;yaw=3.01
219.799999952,[debug],turtlebot3,simulation,robot-pose,x=-40.39;y=25.23;yaw=0.33
219.799999952,[debug],turtlebot3,simulation,robot-pose,x=-40.39;y=25.23;yaw=0.33
219.799999952,[debug],turtlebot4,simulation,robot-pose,x=-21.01;y=18.00;yaw=-1.54
219.799999952,[debug],turtlebot4,simulation,robot-pose,x=-21.01;y=18.00;yaw=-1.54
219.799999952,[debug],turtlebot2,simulation,robot-pose,x=-28.66;y=17.52;yaw=1.29
219.799999952,[debug],turtlebot2,simulation,robot-pose,x=-28.66;y=17.52;yaw=1.29
219.816666603,[debug],turtlebot5,simulation,robot-pose,x=-38.02;y=21.49;yaw=0.03
219.816666603,[debug],turtlebot5,simulation,robot-pose,x=-38.02;y=21.49;yaw=0.03
227.383333445,[debug],turtlebot2,move-base-info,Hooray, the base moved arrived,(x=-28.5;y=18)
227.383333445,[debug],turtlebot2,move-base-info,Hooray, the base moved arrived,(x=-28.5;y=18)
227.666666746,[debug],turtlebot2,task-update,navigation,way-point-reached,100.0%
227.75,[debug],turtlebot2,available-skills,['send_message', 'wait_message', 'approach_person', 'approach_robot', 'authenticate_person', 'deposit', 'navigation', 'operate_drawer', 'pick_up'],
227.75,[info],turtlebot2,skill-life-cycle,approach_person,(status=STARTED, parameters=['nurse'])
227.816666603,[debug],turtlebot2,task-update,approach_person,localize-person,(who=nurse)
227.900000095,[debug],turtlebot2,task-update,approach_person,goto-person,(who=nurse)
228.0,[debug],turtlebot2,available-skills,['send_message', 'wait_message', 'approach_person', 'approach_robot', 'authenticate_person', 'deposit', 'navigation', 'operate_drawer', 'pick_up'],
228.0,[info],turtlebot2,skill-life-cycle,authenticate_person,(status=STARTED, parameters=['nurse'])
228.099999905,[debug],turtlebot2,task-update,authenticate_person,request-authentication,(to=nurse)
228.116666555,[info],nurse,sync,received-request,(status=sending-request)
228.216666698,[info],nurse,sync,received-request,(status=sending-request)
228.566666603,[debug],turtlebot2,task-update,authenticate_person,received-authentication,(from=nurse)
228.666666746,[debug],turtlebot2,available-skills,['send_message', 'wait_message', 'approach_person', 'approach_robot', 'authenticate_person', 'deposit', 'navigation', 'operate_drawer', 'pick_up'],
228.666666746,[info],turtlebot2,skill-life-cycle,operate_drawer,(status=STARTED, parameters=['open'])
228.733333349,[debug],turtlebot2,task-update,operate_drawer,open
229.733333349,[debug],turtlebot2,available-skills,['send_message', 'wait_message', 'approach_person', 'approach_robot', 'authenticate_person', 'deposit', 'navigation', 'operate_drawer', 'pick_up'],
229.733333349,[info],turtlebot2,skill-life-cycle,send_message,(status=STARTED, parameters=['nurse'])
229.783333302,[info],turtlebot2,sync,send-message,(to=nurse)
231.583333254,[info],nurse,sync,wait-message,(status=message-received)
231.583333254,[info],nurse,sync,wait-message,(status=message-received)
233.400000095,[debug],turtlebot2,available-skills,['send_message', 'wait_message', 'approach_person', 'approach_robot', 'authenticate_person', 'deposit', 'navigation', 'operate_drawer', 'pick_up'],
233.400000095,[info],turtlebot2,skill-life-cycle,wait_message,(status=STARTED, parameters=['r1'])
233.666666746,[info],turtlebot2,sync,wait-message,(status=message-received)
233.75,[debug],turtlebot2,available-skills,['send_message', 'wait_message', 'approach_person', 'approach_robot', 'authenticate_person', 'deposit', 'navigation', 'operate_drawer', 'pick_up'],
233.766666651,[info],turtlebot2,skill-life-cycle,operate_drawer,(status=STARTED, parameters=['close'])
233.833333254,[debug],turtlebot2,task-update,operate_drawer,close
234.516666651,[debug],turtlebot1,simulation,robot-pose,x=-33.88;y=18.79;yaw=3.01
234.516666651,[debug],turtlebot1,simulation,robot-pose,x=-33.88;y=18.79;yaw=3.01
234.799999952,[debug],turtlebot3,simulation,robot-pose,x=-40.39;y=25.23;yaw=0.33
234.799999952,[debug],turtlebot2,available-skills,['send_message', 'wait_message', 'approach_person', 'approach_robot', 'authenticate_person', 'deposit', 'navigation', 'operate_drawer', 'pick_up'],
234.799999952,[debug],turtlebot2,simulation,robot-pose,x=-28.64;y=17.61;yaw=-1.53
234.799999952,[info],turtlebot2,skill-life-cycle,navigation,(status=STARTED, parameters=[[-28.5, 16.0, 0.0, True], [-26.0, 16.0, -1.5707963267948966, True], [-26.0, 13.0, 1.57, False]])
234.799999952,[debug],turtlebot3,simulation,robot-pose,x=-40.39;y=25.23;yaw=0.33
234.799999952,[debug],turtlebot2,simulation,robot-pose,x=-28.64;y=17.61;yaw=-1.53
234.799999952,[debug],turtlebot4,simulation,robot-pose,x=-21.01;y=18.00;yaw=-1.54
234.799999952,[debug],turtlebot4,simulation,robot-pose,x=-21.01;y=18.00;yaw=-1.54
234.816666603,[debug],turtlebot5,simulation,robot-pose,x=-38.03;y=21.49;yaw=0.03
234.816666603,[debug],turtlebot5,simulation,robot-pose,x=-38.03;y=21.49;yaw=0.03
241.583333254,[info],nurse,sync,wait-message,(status=message-received)
241.583333254,[info],nurse,sync,wait-message,(status=message-received)
248.116666555,[info],nurse,sync,request-sent,(status=waiting)
248.233333349,[info],nurse,sync,request-sent,(status=waiting)
249.516666651,[debug],turtlebot1,simulation,robot-pose,x=-33.88;y=18.79;yaw=3.01
249.516666651,[debug],turtlebot1,simulation,robot-pose,x=-33.88;y=18.79;yaw=3.01
249.799999952,[debug],turtlebot2,simulation,robot-pose,x=-28.62;y=16.76;yaw=-1.51
249.799999952,[debug],turtlebot2,simulation,robot-pose,x=-28.62;y=16.76;yaw=-1.51
249.799999952,[debug],turtlebot4,simulation,robot-pose,x=-21.02;y=18.00;yaw=-1.54
249.799999952,[debug],turtlebot4,simulation,robot-pose,x=-21.02;y=18.00;yaw=-1.54
249.799999952,[debug],turtlebot3,simulation,robot-pose,x=-40.39;y=25.23;yaw=0.33
249.799999952,[debug],turtlebot3,simulation,robot-pose,x=-40.39;y=25.23;yaw=0.33
249.816666603,[debug],turtlebot5,simulation,robot-pose,x=-38.04;y=21.49;yaw=0.03
249.816666603,[debug],turtlebot5,simulation,robot-pose,x=-38.04;y=21.49;yaw=0.03
251.583333254,[info],nurse,sync,wait-message,(status=message-received)
251.583333254,[info],nurse,sync,wait-message,(status=message-received)
257.116666555,[debug],turtlebot2,move-base-info,Hooray, the base moved arrived,(x=-28.5;y=16)
257.233333349,[debug],turtlebot2,move-base-info,Hooray, the base moved arrived,(x=-28.5;y=16)
257.25,[debug],turtlebot2,task-update,navigation,way-point-reached,33.33333333333333%
264.516666651,[debug],turtlebot1,simulation,robot-pose,x=-33.88;y=18.79;yaw=3.01
264.516666651,[debug],turtlebot1,simulation,robot-pose,x=-33.88;y=18.79;yaw=3.01
264.799999952,[debug],turtlebot2,simulation,robot-pose,x=-28.27;y=16.36;yaw=-0.42
264.799999952,[debug],turtlebot2,simulation,robot-pose,x=-28.27;y=16.36;yaw=-0.42
264.799999952,[debug],turtlebot3,simulation,robot-pose,x=-40.39;y=25.23;yaw=0.33
264.799999952,[debug],turtlebot3,simulation,robot-pose,x=-40.39;y=25.23;yaw=0.33
264.799999952,[debug],turtlebot4,simulation,robot-pose,x=-21.02;y=18.00;yaw=-1.54
264.799999952,[debug],turtlebot4,simulation,robot-pose,x=-21.02;y=18.00;yaw=-1.54
264.816666603,[debug],turtlebot5,simulation,robot-pose,x=-38.05;y=21.50;yaw=0.03
264.816666603,[debug],turtlebot5,simulation,robot-pose,x=-38.05;y=21.50;yaw=0.03
270.116666555,[info],turtlebot2,skill-life-cycle,navigation,(status=RUNNING, parameters=[[-28.5, 16.0, 0.0, True], [-26.0, 16.0, -1.5707963267948966, True], [-26.0, 13.0, 1.57, False]])
279.516666651,[debug],turtlebot1,simulation,robot-pose,x=-33.88;y=18.79;yaw=3.01
279.516666651,[debug],turtlebot1,simulation,robot-pose,x=-33.88;y=18.79;yaw=3.01
279.799999952,[debug],turtlebot2,simulation,robot-pose,x=-26.52;y=16.23;yaw=0.30
279.799999952,[debug],turtlebot2,simulation,robot-pose,x=-26.52;y=16.23;yaw=0.30
279.799999952,[debug],turtlebot4,simulation,robot-pose,x=-21.03;y=18.00;yaw=-1.54
279.799999952,[debug],turtlebot4,simulation,robot-pose,x=-21.03;y=18.00;yaw=-1.54
279.799999952,[debug],turtlebot3,simulation,robot-pose,x=-40.39;y=25.23;yaw=0.33
279.799999952,[debug],turtlebot3,simulation,robot-pose,x=-40.39;y=25.23;yaw=0.33
279.816666603,[debug],turtlebot5,simulation,robot-pose,x=-38.08;y=21.50;yaw=0.03
279.816666603,[debug],turtlebot5,simulation,robot-pose,x=-38.08;y=21.50;yaw=0.03
290.033333302,[debug],turtlebot2,move-base-info,Hooray, the base moved arrived,(x=-26;y=16)
290.033333302,[debug],turtlebot2,move-base-info,Hooray, the base moved arrived,(x=-26;y=16)
290.150000095,[debug],turtlebot2,task-update,navigation,way-point-reached,66.66666666666666%
294.516666651,[debug],turtlebot1,simulation,robot-pose,x=-33.88;y=18.79;yaw=3.01
294.516666651,[debug],turtlebot1,simulation,robot-pose,x=-33.88;y=18.79;yaw=3.01
294.799999952,[debug],turtlebot3,simulation,robot-pose,x=-40.39;y=25.23;yaw=0.33
294.799999952,[debug],turtlebot3,simulation,robot-pose,x=-40.39;y=25.23;yaw=0.33
294.799999952,[debug],turtlebot2,simulation,robot-pose,x=-26.39;y=16.29;yaw=-1.52
294.799999952,[debug],turtlebot2,simulation,robot-pose,x=-26.39;y=16.29;yaw=-1.52
294.799999952,[debug],turtlebot4,simulation,robot-pose,x=-21.03;y=18.00;yaw=-1.54
294.799999952,[debug],turtlebot4,simulation,robot-pose,x=-21.03;y=18.00;yaw=-1.54
294.816666603,[debug],turtlebot5,simulation,robot-pose,x=-38.11;y=21.50;yaw=0.03
294.816666603,[debug],turtlebot5,simulation,robot-pose,x=-38.11;y=21.50;yaw=0.03
309.516666651,[debug],turtlebot1,simulation,robot-pose,x=-33.88;y=18.79;yaw=3.01
309.516666651,[debug],turtlebot1,simulation,robot-pose,x=-33.88;y=18.79;yaw=3.01
309.799999952,[debug],turtlebot2,simulation,robot-pose,x=-25.91;y=15.09;yaw=-1.26
309.799999952,[debug],turtlebot2,simulation,robot-pose,x=-25.91;y=15.09;yaw=-1.26
309.799999952,[debug],turtlebot4,simulation,robot-pose,x=-21.03;y=18.00;yaw=-1.54
309.799999952,[debug],turtlebot4,simulation,robot-pose,x=-21.03;y=18.00;yaw=-1.54
309.799999952,[debug],turtlebot3,simulation,robot-pose,x=-40.39;y=25.23;yaw=0.33
309.799999952,[debug],turtlebot3,simulation,robot-pose,x=-40.39;y=25.23;yaw=0.33
309.816666603,[debug],turtlebot5,simulation,robot-pose,x=-38.13;y=21.50;yaw=0.03
309.816666603,[debug],turtlebot5,simulation,robot-pose,x=-38.13;y=21.50;yaw=0.03
320.883333445,[info],turtlebot2,skill-life-cycle,navigation,(status=RUNNING, parameters=[[-28.5, 16.0, 0.0, True], [-26.0, 16.0, -1.5707963267948966, True], [-26.0, 13.0, 1.57, False]])
324.516666651,[debug],turtlebot1,simulation,robot-pose,x=-33.88;y=18.79;yaw=3.01
324.516666651,[debug],turtlebot1,simulation,robot-pose,x=-33.88;y=18.79;yaw=3.01
324.799999952,[debug],turtlebot3,simulation,robot-pose,x=-40.39;y=25.23;yaw=0.33
324.799999952,[debug],turtlebot3,simulation,robot-pose,x=-40.39;y=25.23;yaw=0.33
324.799999952,[debug],turtlebot4,simulation,robot-pose,x=-21.03;y=18.00;yaw=-1.54
324.799999952,[debug],turtlebot4,simulation,robot-pose,x=-21.03;y=18.00;yaw=-1.54
324.799999952,[debug],turtlebot2,simulation,robot-pose,x=-25.87;y=13.84;yaw=-1.55
324.799999952,[debug],turtlebot2,simulation,robot-pose,x=-25.87;y=13.84;yaw=-1.55
324.816666603,[debug],turtlebot5,simulation,robot-pose,x=-38.15;y=21.50;yaw=0.04
324.816666603,[debug],turtlebot5,simulation,robot-pose,x=-38.15;y=21.50;yaw=0.04
336.483333349,[debug],turtlebot2,move-base-info,Hooray, the base moved arrived,(x=-26;y=13)
336.483333349,[debug],turtlebot2,move-base-info,Hooray, the base moved arrived,(x=-26;y=13)
336.583333254,[debug],turtlebot2,task-update,navigation,way-point-reached,100.0%
336.666666746,[debug],turtlebot2,available-skills,['send_message', 'wait_message', 'approach_person', 'approach_robot', 'authenticate_person', 'deposit', 'navigation', 'operate_drawer', 'pick_up'],
336.666666746,[info],turtlebot2,skill-life-cycle,approach_robot,(status=STARTED, parameters=['lab_arm'])
336.766666651,[debug],turtlebot2,task-update,approach_robot,localize-robot,(who=lab_arm)
337.183333397,[debug],turtlebot2,task-update,approach_robot,goto-robot,(who=lab_arm)
337.283333302,[debug],turtlebot2,available-skills,['send_message', 'wait_message', 'approach_person', 'approach_robot', 'authenticate_person', 'deposit', 'navigation', 'operate_drawer', 'pick_up'],
337.283333302,[info],turtlebot2,skill-life-cycle,operate_drawer,(status=STARTED, parameters=['open'])
337.349999905,[debug],turtlebot2,task-update,operate_drawer,open
338.333333254,[debug],turtlebot2,available-skills,['send_message', 'wait_message', 'approach_person', 'approach_robot', 'authenticate_person', 'deposit', 'navigation', 'operate_drawer', 'pick_up'],
338.333333254,[info],turtlebot2,skill-life-cycle,send_message,(status=STARTED, parameters=['lab_arm'])
338.400000095,[info],turtlebot2,sync,send-message,(to=lab_arm)
339.316666603,[info],lab_arm,sync,wait-message,(status=message-received)
339.316666603,[info],lab_arm,sync,wait-message,(status=message-received)
339.316666603,[info],Inventory,sync,wait-sample,(status=sample-received)
339.316666603,[info],Inventory,sync,wait-sample,(status=sample-received)
339.316666603,ENDSIM
339.316666603,ENDSIM
339.516666651,[debug],turtlebot1,simulation,robot-pose,x=-33.88;y=18.79;yaw=3.01
339.516666651,[debug],turtlebot1,simulation,robot-pose,x=-33.88;y=18.79;yaw=3.01
339.799999952,[debug],turtlebot4,simulation,robot-pose,x=-21.03;y=18.00;yaw=-1.54
339.799999952,[debug],turtlebot4,simulation,robot-pose,x=-21.03;y=18.00;yaw=-1.54
339.799999952,[debug],turtlebot2,simulation,robot-pose,x=-25.92;y=13.41;yaw=1.62
339.799999952,[debug],turtlebot2,simulation,robot-pose,x=-25.92;y=13.41;yaw=1.62
339.799999952,[debug],turtlebot3,simulation,robot-pose,x=-40.39;y=25.23;yaw=0.33
339.799999952,[debug],turtlebot3,simulation,robot-pose,x=-40.39;y=25.23;yaw=0.33
339.816666603,[debug],turtlebot5,simulation,robot-pose,x=-38.15;y=21.51;yaw=0.05
339.816666603,[debug],turtlebot5,simulation,robot-pose,x=-38.15;y=21.51;yaw=0.05
349.316666603,[info],Inventory,sync,wait-sample,(status=sample-received)
349.316666603,ENDSIM
349.316666603,[info],Inventory,sync,wait-sample,(status=sample-received)
349.316666603,[info],lab_arm,sync,wait-message,(status=message-received)
349.316666603,ENDSIM
349.316666603,[info],Inventory,sync,wait-sample,(status=sample-received)
349.316666603,[info],lab_arm,sync,wait-message,(status=message-received)
349.316666603,ENDSIM
349.316666603,[info],Inventory,sync,wait-sample,(status=sample-received)
349.316666603,ENDSIM
0.0,[debug],simulation closed,reach-target,execution-wall-clock=417.4282672405243
