1.51666665077,[debug],turtlebot1,move-base-info,Move_base is up and ok....,
1.6166665554,[debug],turtlebot4,move-base-info,Move_base is up and ok....,
2.09999990463,[debug],turtlebot2,move-base-info,Move_base is up and ok....,
2.3666665554,[debug],turtlebot5,move-base-info,Move_base is up and ok....,
2.3833334446,[debug],turtlebot3,move-base-info,Move_base is up and ok....,
9.18333339691,[info],turtlebot2,skill-life-cycle,init_robobt,(status=RUNNING, parameters=[])
9.91666674614,[info],turtlebot1,skill-life-cycle,init_robobt,(status=RUNNING, parameters=[])
9.98333334923,[info],turtlebot5,skill-life-cycle,init_robobt,(status=RUNNING, parameters=[])
9.98333334923,[info],turtlebot4,skill-life-cycle,init_robobt,(status=RUNNING, parameters=[])
11.5999999046,[debug],turtlebot2,available-skills,['send_message', 'wait_message', 'approach_person', 'approach_robot', 'authenticate_person', 'deposit', 'navigation', 'operate_drawer', 'pick_up'],
11.5999999046,[info],turtlebot2,skill-life-cycle,navigation,(status=STARTED, parameters=[[-37.0, 21.5, -1.5707963267948966, True], [-37.0, 16.0, 0.0, True], [-28.5, 16.0, 1.5707963267948966, True], [-28.5, 18.0, -1.57, False]])
23.6500000954,[debug],turtlebot1,simulation,robot-pose,x=-33.83;y=18.78;yaw=2.80
23.6500000954,[debug],turtlebot1,simulation,robot-pose,x=-33.83;y=18.78;yaw=2.80
23.8499999046,[debug],turtlebot2,simulation,robot-pose,x=-27.15;y=17.36;yaw=-1.49
23.8499999046,[debug],turtlebot2,simulation,robot-pose,x=-27.15;y=17.36;yaw=-1.49
23.8833334446,[debug],turtlebot4,simulation,robot-pose,x=-20.99;y=18.00;yaw=-1.54
23.8833334446,[debug],turtlebot4,simulation,robot-pose,x=-20.99;y=18.00;yaw=-1.54
23.8833334446,[debug],turtlebot3,simulation,robot-pose,x=-40.39;y=25.23;yaw=0.34
23.8833334446,[debug],turtlebot3,simulation,robot-pose,x=-40.39;y=25.23;yaw=0.34
23.9000000954,[debug],turtlebot5,simulation,robot-pose,x=-38.00;y=21.48;yaw=0.01
23.9000000954,[debug],turtlebot5,simulation,robot-pose,x=-38.00;y=21.48;yaw=0.01
38.6500000954,[debug],turtlebot1,simulation,robot-pose,x=-33.84;y=18.78;yaw=2.82
38.6500000954,[debug],turtlebot1,simulation,robot-pose,x=-33.84;y=18.78;yaw=2.82
38.8499999046,[debug],turtlebot2,simulation,robot-pose,x=-28.45;y=16.75;yaw=2.79
38.8499999046,[debug],turtlebot2,simulation,robot-pose,x=-28.45;y=16.75;yaw=2.79
38.8833334446,[debug],turtlebot4,simulation,robot-pose,x=-20.99;y=18.00;yaw=-1.54
38.8833334446,[debug],turtlebot4,simulation,robot-pose,x=-20.99;y=18.00;yaw=-1.54
38.8833334446,[debug],turtlebot3,simulation,robot-pose,x=-40.39;y=25.23;yaw=0.33
38.8833334446,[debug],turtlebot3,simulation,robot-pose,x=-40.39;y=25.23;yaw=0.33
38.9000000954,[debug],turtlebot5,simulation,robot-pose,x=-38.00;y=21.48;yaw=0.01
38.9000000954,[debug],turtlebot5,simulation,robot-pose,x=-38.00;y=21.48;yaw=0.01
53.6500000954,[debug],turtlebot1,simulation,robot-pose,x=-33.85;y=18.78;yaw=2.84
53.6500000954,[debug],turtlebot1,simulation,robot-pose,x=-33.85;y=18.78;yaw=2.84
53.8499999046,[debug],turtlebot2,simulation,robot-pose,x=-29.00;y=16.73;yaw=-2.46
53.8499999046,[debug],turtlebot2,simulation,robot-pose,x=-29.00;y=16.73;yaw=-2.46
53.8833334446,[debug],turtlebot4,simulation,robot-pose,x=-20.99;y=18.00;yaw=-1.54
53.8833334446,[debug],turtlebot4,simulation,robot-pose,x=-20.99;y=18.00;yaw=-1.54
53.8833334446,[debug],turtlebot3,simulation,robot-pose,x=-40.39;y=25.23;yaw=0.33
53.8833334446,[debug],turtlebot3,simulation,robot-pose,x=-40.39;y=25.23;yaw=0.33
53.9000000954,[debug],turtlebot5,simulation,robot-pose,x=-38.00;y=21.48;yaw=0.01
53.9000000954,[debug],turtlebot5,simulation,robot-pose,x=-38.00;y=21.48;yaw=0.01
57.3666665554,[info],turtlebot2,skill-life-cycle,navigation,(status=RUNNING, parameters=[[-37.0, 21.5, -1.5707963267948966, True], [-37.0, 16.0, 0.0, True], [-28.5, 16.0, 1.5707963267948966, True], [-28.5, 18.0, -1.57, False]])
68.6500000954,[debug],turtlebot1,simulation,robot-pose,x=-33.85;y=18.78;yaw=2.85
68.6500000954,[debug],turtlebot1,simulation,robot-pose,x=-33.85;y=18.78;yaw=2.85
68.8499999046,[debug],turtlebot2,simulation,robot-pose,x=-30.30;y=16.05;yaw=3.02
68.8499999046,[debug],turtlebot2,simulation,robot-pose,x=-30.30;y=16.05;yaw=3.02
68.8833334446,[debug],turtlebot3,simulation,robot-pose,x=-40.39;y=25.23;yaw=0.33
68.8833334446,[debug],turtlebot4,simulation,robot-pose,x=-20.99;y=18.00;yaw=-1.54
68.8833334446,[debug],turtlebot3,simulation,robot-pose,x=-40.39;y=25.23;yaw=0.33
68.8833334446,[debug],turtlebot4,simulation,robot-pose,x=-20.99;y=18.00;yaw=-1.54
68.9000000954,[debug],turtlebot5,simulation,robot-pose,x=-38.00;y=21.48;yaw=0.01
68.9000000954,[debug],turtlebot5,simulation,robot-pose,x=-38.00;y=21.48;yaw=0.01
83.6500000954,[debug],turtlebot1,simulation,robot-pose,x=-33.85;y=18.78;yaw=2.87
83.6500000954,[debug],turtlebot1,simulation,robot-pose,x=-33.85;y=18.78;yaw=2.87
83.8499999046,[debug],turtlebot2,simulation,robot-pose,x=-32.37;y=15.73;yaw=-2.91
83.8499999046,[debug],turtlebot2,simulation,robot-pose,x=-32.37;y=15.73;yaw=-2.91
83.8833334446,[debug],turtlebot3,simulation,robot-pose,x=-40.39;y=25.23;yaw=0.33
83.8833334446,[debug],turtlebot3,simulation,robot-pose,x=-40.39;y=25.23;yaw=0.33
83.8833334446,[debug],turtlebot4,simulation,robot-pose,x=-20.99;y=18.00;yaw=-1.54
83.8833334446,[debug],turtlebot4,simulation,robot-pose,x=-20.99;y=18.00;yaw=-1.54
83.9000000954,[debug],turtlebot5,simulation,robot-pose,x=-38.00;y=21.48;yaw=0.01
83.9000000954,[debug],turtlebot5,simulation,robot-pose,x=-38.00;y=21.48;yaw=0.01
98.6666667461,[debug],turtlebot1,simulation,robot-pose,x=-33.85;y=18.78;yaw=2.89
98.6666667461,[debug],turtlebot1,simulation,robot-pose,x=-33.85;y=18.78;yaw=2.89
98.8499999046,[debug],turtlebot2,simulation,robot-pose,x=-34.82;y=15.69;yaw=3.10
98.8499999046,[debug],turtlebot2,simulation,robot-pose,x=-34.82;y=15.69;yaw=3.10
98.8833334446,[debug],turtlebot3,simulation,robot-pose,x=-40.39;y=25.23;yaw=0.33
98.8833334446,[debug],turtlebot3,simulation,robot-pose,x=-40.39;y=25.23;yaw=0.33
98.8833334446,[debug],turtlebot4,simulation,robot-pose,x=-20.99;y=18.00;yaw=-1.54
98.8833334446,[debug],turtlebot4,simulation,robot-pose,x=-20.99;y=18.00;yaw=-1.54
98.9000000954,[debug],turtlebot5,simulation,robot-pose,x=-38.00;y=21.48;yaw=0.01
98.9000000954,[debug],turtlebot5,simulation,robot-pose,x=-38.00;y=21.48;yaw=0.01
106.849999905,[info],turtlebot2,skill-life-cycle,navigation,(status=RUNNING, parameters=[[-37.0, 21.5, -1.5707963267948966, True], [-37.0, 16.0, 0.0, True], [-28.5, 16.0, 1.5707963267948966, True], [-28.5, 18.0, -1.57, False]])
113.650000095,[debug],turtlebot1,simulation,robot-pose,x=-33.86;y=18.79;yaw=2.91
113.650000095,[debug],turtlebot1,simulation,robot-pose,x=-33.86;y=18.79;yaw=2.91
113.849999905,[debug],turtlebot2,simulation,robot-pose,x=-36.97;y=21.02;yaw=2.52
113.849999905,[debug],turtlebot2,simulation,robot-pose,x=-36.97;y=21.02;yaw=2.52
113.883333445,[debug],turtlebot4,simulation,robot-pose,x=-20.99;y=18.00;yaw=-1.54
113.883333445,[debug],turtlebot4,simulation,robot-pose,x=-20.99;y=18.00;yaw=-1.54
113.883333445,[debug],turtlebot3,simulation,robot-pose,x=-40.39;y=25.23;yaw=0.33
113.883333445,[debug],turtlebot3,simulation,robot-pose,x=-40.39;y=25.23;yaw=0.33
113.900000095,[debug],turtlebot5,simulation,robot-pose,x=-38.00;y=21.48;yaw=0.01
113.900000095,[debug],turtlebot5,simulation,robot-pose,x=-38.00;y=21.48;yaw=0.01
119.833333254,[debug],turtlebot2,move-base-info,Hooray, the base moved arrived,(x=-37;y=21.5)
119.833333254,[debug],turtlebot2,move-base-info,Hooray, the base moved arrived,(x=-37;y=21.5)
119.866666555,[debug],turtlebot2,task-update,navigation,way-point-reached,25.0%
128.650000095,[debug],turtlebot1,simulation,robot-pose,x=-33.86;y=18.79;yaw=2.93
128.650000095,[debug],turtlebot1,simulation,robot-pose,x=-33.86;y=18.79;yaw=2.93
128.849999905,[debug],turtlebot2,simulation,robot-pose,x=-36.90;y=20.73;yaw=-1.21
128.849999905,[debug],turtlebot2,simulation,robot-pose,x=-36.90;y=20.73;yaw=-1.21
128.883333445,[debug],turtlebot3,simulation,robot-pose,x=-40.39;y=25.23;yaw=0.33
128.883333445,[debug],turtlebot3,simulation,robot-pose,x=-40.39;y=25.23;yaw=0.33
128.883333445,[debug],turtlebot4,simulation,robot-pose,x=-21.00;y=18.00;yaw=-1.54
128.883333445,[debug],turtlebot4,simulation,robot-pose,x=-21.00;y=18.00;yaw=-1.54
128.900000095,[debug],turtlebot5,simulation,robot-pose,x=-38.00;y=21.48;yaw=0.01
128.900000095,[debug],turtlebot5,simulation,robot-pose,x=-38.00;y=21.48;yaw=0.01
143.650000095,[debug],turtlebot1,simulation,robot-pose,x=-33.87;y=18.79;yaw=2.96
143.666666746,[debug],turtlebot1,simulation,robot-pose,x=-33.87;y=18.79;yaw=2.96
143.849999905,[debug],turtlebot2,simulation,robot-pose,x=-36.71;y=19.49;yaw=-1.55
143.849999905,[debug],turtlebot2,simulation,robot-pose,x=-36.71;y=19.49;yaw=-1.55
143.883333445,[debug],turtlebot4,simulation,robot-pose,x=-21.00;y=18.00;yaw=-1.54
143.883333445,[debug],turtlebot4,simulation,robot-pose,x=-21.00;y=18.00;yaw=-1.54
143.883333445,[debug],turtlebot3,simulation,robot-pose,x=-40.39;y=25.23;yaw=0.33
143.883333445,[debug],turtlebot3,simulation,robot-pose,x=-40.39;y=25.23;yaw=0.33
143.900000095,[debug],turtlebot5,simulation,robot-pose,x=-38.00;y=21.48;yaw=0.01
143.916666746,[debug],turtlebot5,simulation,robot-pose,x=-38.00;y=21.48;yaw=0.01
157.483333349,[info],turtlebot2,skill-life-cycle,navigation,(status=RUNNING, parameters=[[-37.0, 21.5, -1.5707963267948966, True], [-37.0, 16.0, 0.0, True], [-28.5, 16.0, 1.5707963267948966, True], [-28.5, 18.0, -1.57, False]])
158.650000095,[debug],turtlebot1,simulation,robot-pose,x=-33.87;y=18.79;yaw=2.98
158.650000095,[debug],turtlebot1,simulation,robot-pose,x=-33.87;y=18.79;yaw=2.98
158.849999905,[debug],turtlebot2,simulation,robot-pose,x=-36.70;y=18.24;yaw=-1.52
158.849999905,[debug],turtlebot2,simulation,robot-pose,x=-36.70;y=18.24;yaw=-1.52
158.883333445,[debug],turtlebot4,simulation,robot-pose,x=-21.00;y=18.00;yaw=-1.54
158.883333445,[debug],turtlebot4,simulation,robot-pose,x=-21.00;y=18.00;yaw=-1.54
158.883333445,[debug],turtlebot3,simulation,robot-pose,x=-40.39;y=25.23;yaw=0.33
158.883333445,[debug],turtlebot3,simulation,robot-pose,x=-40.39;y=25.23;yaw=0.33
158.900000095,[debug],turtlebot5,simulation,robot-pose,x=-38.00;y=21.48;yaw=0.01
158.900000095,[debug],turtlebot5,simulation,robot-pose,x=-38.00;y=21.48;yaw=0.01
173.666666746,[debug],turtlebot1,simulation,robot-pose,x=-33.88;y=18.79;yaw=3.00
173.666666746,[debug],turtlebot1,simulation,robot-pose,x=-33.88;y=18.79;yaw=3.00
173.849999905,[debug],turtlebot2,simulation,robot-pose,x=-36.71;y=17.00;yaw=-1.65
173.849999905,[debug],turtlebot2,simulation,robot-pose,x=-36.71;y=17.00;yaw=-1.65
173.883333445,[debug],turtlebot3,simulation,robot-pose,x=-40.39;y=25.23;yaw=0.33
173.883333445,[debug],turtlebot3,simulation,robot-pose,x=-40.39;y=25.23;yaw=0.33
173.883333445,[debug],turtlebot4,simulation,robot-pose,x=-21.00;y=18.00;yaw=-1.54
173.883333445,[debug],turtlebot4,simulation,robot-pose,x=-21.00;y=18.00;yaw=-1.54
173.900000095,[debug],turtlebot5,simulation,robot-pose,x=-38.00;y=21.48;yaw=0.01
173.900000095,[debug],turtlebot5,simulation,robot-pose,x=-38.00;y=21.48;yaw=0.01
185.316666603,[debug],turtlebot2,move-base-info,Hooray, the base moved arrived,(x=-37;y=16)
185.416666746,[debug],turtlebot2,move-base-info,Hooray, the base moved arrived,(x=-37;y=16)
185.566666603,[debug],turtlebot2,task-update,navigation,way-point-reached,50.0%
188.650000095,[debug],turtlebot1,simulation,robot-pose,x=-33.88;y=18.79;yaw=3.00
188.650000095,[debug],turtlebot1,simulation,robot-pose,x=-33.88;y=18.79;yaw=3.00
188.849999905,[debug],turtlebot2,simulation,robot-pose,x=-36.86;y=16.42;yaw=-0.04
188.849999905,[debug],turtlebot2,simulation,robot-pose,x=-36.86;y=16.42;yaw=-0.04
188.883333445,[debug],turtlebot4,simulation,robot-pose,x=-21.00;y=18.00;yaw=-1.54
188.883333445,[debug],turtlebot4,simulation,robot-pose,x=-21.00;y=18.00;yaw=-1.54
188.883333445,[debug],turtlebot3,simulation,robot-pose,x=-40.39;y=25.23;yaw=0.33
188.883333445,[debug],turtlebot3,simulation,robot-pose,x=-40.39;y=25.23;yaw=0.33
188.900000095,[debug],turtlebot5,simulation,robot-pose,x=-38.00;y=21.48;yaw=0.01
188.900000095,[debug],turtlebot5,simulation,robot-pose,x=-38.00;y=21.48;yaw=0.01
203.650000095,[debug],turtlebot1,simulation,robot-pose,x=-33.88;y=18.79;yaw=3.01
203.650000095,[debug],turtlebot1,simulation,robot-pose,x=-33.88;y=18.79;yaw=3.01
203.849999905,[debug],turtlebot2,simulation,robot-pose,x=-35.80;y=15.59;yaw=-0.16
203.849999905,[debug],turtlebot2,simulation,robot-pose,x=-35.80;y=15.59;yaw=-0.16
203.883333445,[debug],turtlebot3,simulation,robot-pose,x=-40.39;y=25.23;yaw=0.33
203.883333445,[debug],turtlebot3,simulation,robot-pose,x=-40.39;y=25.23;yaw=0.33
203.883333445,[debug],turtlebot4,simulation,robot-pose,x=-21.01;y=18.00;yaw=-1.54
203.883333445,[debug],turtlebot4,simulation,robot-pose,x=-21.01;y=18.00;yaw=-1.54
203.900000095,[debug],turtlebot5,simulation,robot-pose,x=-38.02;y=21.48;yaw=0.03
203.900000095,[debug],turtlebot5,simulation,robot-pose,x=-38.02;y=21.48;yaw=0.03
207.966666698,[info],turtlebot2,skill-life-cycle,navigation,(status=RUNNING, parameters=[[-37.0, 21.5, -1.5707963267948966, True], [-37.0, 16.0, 0.0, True], [-28.5, 16.0, 1.5707963267948966, True], [-28.5, 18.0, -1.57, False]])
218.650000095,[debug],turtlebot1,simulation,robot-pose,x=-33.88;y=18.79;yaw=3.01
218.650000095,[debug],turtlebot1,simulation,robot-pose,x=-33.88;y=18.79;yaw=3.01
218.849999905,[debug],turtlebot2,simulation,robot-pose,x=-33.27;y=15.66;yaw=0.07
218.849999905,[debug],turtlebot2,simulation,robot-pose,x=-33.27;y=15.66;yaw=0.07
218.883333445,[debug],turtlebot4,simulation,robot-pose,x=-21.01;y=18.00;yaw=-1.54
218.883333445,[debug],turtlebot4,simulation,robot-pose,x=-21.01;y=18.00;yaw=-1.54
218.883333445,[debug],turtlebot3,simulation,robot-pose,x=-40.39;y=25.23;yaw=0.33
218.883333445,[debug],turtlebot3,simulation,robot-pose,x=-40.39;y=25.23;yaw=0.33
218.900000095,[debug],turtlebot5,simulation,robot-pose,x=-38.02;y=21.48;yaw=0.03
218.900000095,[debug],turtlebot5,simulation,robot-pose,x=-38.02;y=21.48;yaw=0.03
233.650000095,[debug],turtlebot1,simulation,robot-pose,x=-33.88;y=18.79;yaw=3.01
233.666666746,[debug],turtlebot1,simulation,robot-pose,x=-33.88;y=18.79;yaw=3.01
233.849999905,[debug],turtlebot2,simulation,robot-pose,x=-30.47;y=16.05;yaw=-0.03
233.849999905,[debug],turtlebot2,simulation,robot-pose,x=-30.47;y=16.05;yaw=-0.03
233.900000095,[debug],turtlebot4,simulation,robot-pose,x=-21.01;y=18.00;yaw=-1.54
233.900000095,[debug],turtlebot3,simulation,robot-pose,x=-40.39;y=25.23;yaw=0.33
233.900000095,[debug],turtlebot4,simulation,robot-pose,x=-21.01;y=18.00;yaw=-1.54
233.900000095,[debug],turtlebot3,simulation,robot-pose,x=-40.39;y=25.23;yaw=0.33
233.900000095,[debug],turtlebot5,simulation,robot-pose,x=-38.03;y=21.49;yaw=0.03
233.900000095,[debug],turtlebot5,simulation,robot-pose,x=-38.03;y=21.49;yaw=0.03
247.0,[debug],turtlebot2,move-base-info,Hooray, the base moved arrived,(x=-28.5;y=16)
247.0,[debug],turtlebot2,move-base-info,Hooray, the base moved arrived,(x=-28.5;y=16)
247.183333397,[debug],turtlebot2,task-update,navigation,way-point-reached,75.0%
248.650000095,[debug],turtlebot1,simulation,robot-pose,x=-33.88;y=18.79;yaw=3.01
248.650000095,[debug],turtlebot1,simulation,robot-pose,x=-33.88;y=18.79;yaw=3.01
248.849999905,[debug],turtlebot2,simulation,robot-pose,x=-28.85;y=16.26;yaw=1.53
248.849999905,[debug],turtlebot2,simulation,robot-pose,x=-28.85;y=16.26;yaw=1.53
248.883333445,[debug],turtlebot4,simulation,robot-pose,x=-21.02;y=18.00;yaw=-1.54
248.883333445,[debug],turtlebot4,simulation,robot-pose,x=-21.02;y=18.00;yaw=-1.54
248.883333445,[debug],turtlebot3,simulation,robot-pose,x=-40.39;y=25.23;yaw=0.33
248.883333445,[debug],turtlebot3,simulation,robot-pose,x=-40.39;y=25.23;yaw=0.33
248.900000095,[debug],turtlebot5,simulation,robot-pose,x=-38.04;y=21.49;yaw=0.03
248.900000095,[debug],turtlebot5,simulation,robot-pose,x=-38.04;y=21.49;yaw=0.03
257.933333397,[info],turtlebot2,skill-life-cycle,navigation,(status=RUNNING, parameters=[[-37.0, 21.5, -1.5707963267948966, True], [-37.0, 16.0, 0.0, True], [-28.5, 16.0, 1.5707963267948966, True], [-28.5, 18.0, -1.57, False]])
263.549999952,[debug],turtlebot2,move-base-info,Hooray, the base moved arrived,(x=-28.5;y=18)
263.549999952,[debug],turtlebot2,move-base-info,Hooray, the base moved arrived,(x=-28.5;y=18)
263.666666746,[debug],turtlebot1,simulation,robot-pose,x=-33.88;y=18.79;yaw=3.01
263.666666746,[debug],turtlebot1,simulation,robot-pose,x=-33.88;y=18.79;yaw=3.01
263.766666651,[debug],turtlebot2,task-update,navigation,way-point-reached,100.0%
263.849999905,[debug],turtlebot2,simulation,robot-pose,x=-28.63;y=17.61;yaw=-1.52
263.849999905,[debug],turtlebot2,simulation,robot-pose,x=-28.63;y=17.61;yaw=-1.52
263.866666555,[debug],turtlebot2,available-skills,['send_message', 'wait_message', 'approach_person', 'approach_robot', 'authenticate_person', 'deposit', 'navigation', 'operate_drawer', 'pick_up'],
263.866666555,[info],turtlebot2,skill-life-cycle,approach_person,(status=STARTED, parameters=['nurse'])
263.883333445,[debug],turtlebot4,simulation,robot-pose,x=-21.02;y=18.00;yaw=-1.54
263.883333445,[debug],turtlebot3,simulation,robot-pose,x=-40.39;y=25.23;yaw=0.33
263.883333445,[debug],turtlebot4,simulation,robot-pose,x=-21.02;y=18.00;yaw=-1.54
263.883333445,[debug],turtlebot3,simulation,robot-pose,x=-40.39;y=25.23;yaw=0.33
263.900000095,[debug],turtlebot5,simulation,robot-pose,x=-38.05;y=21.50;yaw=0.03
263.900000095,[debug],turtlebot5,simulation,robot-pose,x=-38.05;y=21.50;yaw=0.03
263.900000095,[debug],turtlebot2,task-update,approach_person,localize-person,(who=nurse)
264.0,[debug],turtlebot2,task-update,approach_person,goto-person,(who=nurse)
264.099999905,[debug],turtlebot2,available-skills,['send_message', 'wait_message', 'approach_person', 'approach_robot', 'authenticate_person', 'deposit', 'navigation', 'operate_drawer', 'pick_up'],
264.099999905,[info],turtlebot2,skill-life-cycle,authenticate_person,(status=STARTED, parameters=['nurse'])
264.166666746,[debug],turtlebot2,task-update,authenticate_person,request-authentication,(to=nurse)
264.166666746,[info],nurse,sync,received-request,(status=sending-request)
264.183333397,[info],nurse,sync,received-request,(status=sending-request)
264.583333254,[debug],turtlebot2,task-update,authenticate_person,received-authentication,(from=nurse)
264.683333397,[debug],turtlebot2,available-skills,['send_message', 'wait_message', 'approach_person', 'approach_robot', 'authenticate_person', 'deposit', 'navigation', 'operate_drawer', 'pick_up'],
264.683333397,[info],turtlebot2,skill-life-cycle,operate_drawer,(status=STARTED, parameters=['open'])
264.75,[debug],turtlebot2,task-update,operate_drawer,open
265.700000048,[debug],turtlebot2,available-skills,['send_message', 'wait_message', 'approach_person', 'approach_robot', 'authenticate_person', 'deposit', 'navigation', 'operate_drawer', 'pick_up'],
265.700000048,[info],turtlebot2,skill-life-cycle,send_message,(status=STARTED, parameters=['nurse'])
265.783333302,[info],turtlebot2,sync,send-message,(to=nurse)
266.666666746,[info],nurse,sync,wait-message,(status=message-received)
266.666666746,[info],nurse,sync,wait-message,(status=message-received)
269.349999905,[debug],turtlebot2,available-skills,['send_message', 'wait_message', 'approach_person', 'approach_robot', 'authenticate_person', 'deposit', 'navigation', 'operate_drawer', 'pick_up'],
269.349999905,[info],turtlebot2,skill-life-cycle,wait_message,(status=STARTED, parameters=['r1'])
270.716666698,[info],turtlebot2,sync,wait-message,(status=message-received)
270.816666603,[debug],turtlebot2,available-skills,['send_message', 'wait_message', 'approach_person', 'approach_robot', 'authenticate_person', 'deposit', 'navigation', 'operate_drawer', 'pick_up'],
270.816666603,[info],turtlebot2,skill-life-cycle,operate_drawer,(status=STARTED, parameters=['close'])
270.866666555,[debug],turtlebot2,task-update,operate_drawer,close
271.816666603,[debug],turtlebot2,available-skills,['send_message', 'wait_message', 'approach_person', 'approach_robot', 'authenticate_person', 'deposit', 'navigation', 'operate_drawer', 'pick_up'],
271.816666603,[info],turtlebot2,skill-life-cycle,navigation,(status=STARTED, parameters=[[-28.5, 16.0, 0.0, True], [-26.0, 16.0, -1.5707963267948966, True], [-26.0, 13.0, 1.57, False]])
276.666666746,[info],nurse,sync,wait-message,(status=message-received)
276.666666746,[info],nurse,sync,wait-message,(status=message-received)
278.666666746,[debug],turtlebot1,simulation,robot-pose,x=-33.88;y=18.79;yaw=3.01
278.666666746,[debug],turtlebot1,simulation,robot-pose,x=-33.88;y=18.79;yaw=3.01
278.849999905,[debug],turtlebot2,simulation,robot-pose,x=-28.63;y=17.41;yaw=-1.55
278.849999905,[debug],turtlebot2,simulation,robot-pose,x=-28.63;y=17.41;yaw=-1.55
278.883333445,[debug],turtlebot3,simulation,robot-pose,x=-40.39;y=25.23;yaw=0.33
278.883333445,[debug],turtlebot3,simulation,robot-pose,x=-40.39;y=25.23;yaw=0.33
278.883333445,[debug],turtlebot4,simulation,robot-pose,x=-21.03;y=18.00;yaw=-1.54
278.883333445,[debug],turtlebot4,simulation,robot-pose,x=-21.03;y=18.00;yaw=-1.54
278.900000095,[debug],turtlebot5,simulation,robot-pose,x=-38.08;y=21.50;yaw=0.03
278.900000095,[debug],turtlebot5,simulation,robot-pose,x=-38.08;y=21.50;yaw=0.03
284.166666746,[info],nurse,sync,request-sent,(status=waiting)
284.166666746,[info],nurse,sync,request-sent,(status=waiting)
286.683333397,[info],nurse,sync,wait-message,(status=message-received)
286.683333397,[info],nurse,sync,wait-message,(status=message-received)
293.650000095,[debug],turtlebot1,simulation,robot-pose,x=-33.88;y=18.79;yaw=3.01
293.650000095,[debug],turtlebot1,simulation,robot-pose,x=-33.88;y=18.79;yaw=3.01
293.849999905,[debug],turtlebot2,simulation,robot-pose,x=-28.61;y=16.44;yaw=-0.06
293.849999905,[debug],turtlebot2,simulation,robot-pose,x=-28.61;y=16.44;yaw=-0.06
293.883333445,[debug],turtlebot4,simulation,robot-pose,x=-21.03;y=18.00;yaw=-1.54
293.883333445,[debug],turtlebot4,simulation,robot-pose,x=-21.03;y=18.00;yaw=-1.54
293.883333445,[debug],turtlebot3,simulation,robot-pose,x=-40.39;y=25.23;yaw=0.33
293.883333445,[debug],turtlebot3,simulation,robot-pose,x=-40.39;y=25.23;yaw=0.33
293.900000095,[debug],turtlebot5,simulation,robot-pose,x=-38.11;y=21.50;yaw=0.03
293.900000095,[debug],turtlebot5,simulation,robot-pose,x=-38.11;y=21.50;yaw=0.03
293.966666698,[debug],turtlebot2,move-base-info,Hooray, the base moved arrived,(x=-28.5;y=16)
293.966666698,[debug],turtlebot2,move-base-info,Hooray, the base moved arrived,(x=-28.5;y=16)
293.983333349,[debug],turtlebot2,task-update,navigation,way-point-reached,33.33333333333333%
296.683333397,[info],nurse,sync,wait-message,(status=message-received)
296.683333397,[info],nurse,sync,wait-message,(status=message-received)
308.650000095,[debug],turtlebot1,simulation,robot-pose,x=-33.88;y=18.79;yaw=3.01
308.650000095,[debug],turtlebot1,simulation,robot-pose,x=-33.88;y=18.79;yaw=3.01
308.849999905,[debug],turtlebot2,simulation,robot-pose,x=-27.38;y=16.06;yaw=-0.09
308.849999905,[debug],turtlebot2,simulation,robot-pose,x=-27.38;y=16.06;yaw=-0.09
308.883333445,[debug],turtlebot4,simulation,robot-pose,x=-21.03;y=18.00;yaw=-1.54
308.883333445,[debug],turtlebot4,simulation,robot-pose,x=-21.03;y=18.00;yaw=-1.54
308.883333445,[debug],turtlebot3,simulation,robot-pose,x=-40.39;y=25.23;yaw=0.33
308.883333445,[debug],turtlebot3,simulation,robot-pose,x=-40.39;y=25.23;yaw=0.33
308.900000095,[debug],turtlebot5,simulation,robot-pose,x=-38.13;y=21.50;yaw=0.03
308.900000095,[debug],turtlebot5,simulation,robot-pose,x=-38.13;y=21.50;yaw=0.03
309.650000095,[info],turtlebot2,skill-life-cycle,navigation,(status=RUNNING, parameters=[[-28.5, 16.0, 0.0, True], [-26.0, 16.0, -1.5707963267948966, True], [-26.0, 13.0, 1.57, False]])
319.400000095,[debug],turtlebot2,move-base-info,Hooray, the base moved arrived,(x=-26;y=16)
319.400000095,[debug],turtlebot2,move-base-info,Hooray, the base moved arrived,(x=-26;y=16)
319.566666603,[debug],turtlebot2,task-update,navigation,way-point-reached,66.66666666666666%
323.650000095,[debug],turtlebot1,simulation,robot-pose,x=-33.88;y=18.79;yaw=3.01
323.650000095,[debug],turtlebot1,simulation,robot-pose,x=-33.88;y=18.79;yaw=3.01
323.849999905,[debug],turtlebot2,simulation,robot-pose,x=-26.40;y=16.26;yaw=-1.53
323.849999905,[debug],turtlebot2,simulation,robot-pose,x=-26.40;y=16.26;yaw=-1.53
323.883333445,[debug],turtlebot4,simulation,robot-pose,x=-21.03;y=18.00;yaw=-1.54
323.883333445,[debug],turtlebot4,simulation,robot-pose,x=-21.03;y=18.00;yaw=-1.54
323.883333445,[debug],turtlebot3,simulation,robot-pose,x=-40.39;y=25.23;yaw=0.33
323.883333445,[debug],turtlebot3,simulation,robot-pose,x=-40.39;y=25.23;yaw=0.33
323.900000095,[debug],turtlebot5,simulation,robot-pose,x=-38.15;y=21.50;yaw=0.04
323.900000095,[debug],turtlebot5,simulation,robot-pose,x=-38.15;y=21.50;yaw=0.04
338.650000095,[debug],turtlebot1,simulation,robot-pose,x=-33.88;y=18.79;yaw=3.01
338.650000095,[debug],turtlebot1,simulation,robot-pose,x=-33.88;y=18.79;yaw=3.01
338.849999905,[debug],turtlebot2,simulation,robot-pose,x=-25.92;y=15.08;yaw=-1.35
338.849999905,[debug],turtlebot2,simulation,robot-pose,x=-25.92;y=15.08;yaw=-1.35
338.900000095,[debug],turtlebot3,simulation,robot-pose,x=-40.39;y=25.23;yaw=0.33
338.900000095,[debug],turtlebot3,simulation,robot-pose,x=-40.39;y=25.23;yaw=0.33
338.900000095,[debug],turtlebot4,simulation,robot-pose,x=-21.03;y=18.00;yaw=-1.54
338.900000095,[debug],turtlebot4,simulation,robot-pose,x=-21.03;y=18.00;yaw=-1.54
338.900000095,[debug],turtlebot5,simulation,robot-pose,x=-38.15;y=21.51;yaw=0.04
338.900000095,[debug],turtlebot5,simulation,robot-pose,x=-38.15;y=21.51;yaw=0.04
353.650000095,[debug],turtlebot1,simulation,robot-pose,x=-33.88;y=18.79;yaw=3.01
353.650000095,[debug],turtlebot1,simulation,robot-pose,x=-33.88;y=18.79;yaw=3.01
353.849999905,[debug],turtlebot2,simulation,robot-pose,x=-25.82;y=13.84;yaw=-1.60
353.849999905,[debug],turtlebot2,simulation,robot-pose,x=-25.82;y=13.84;yaw=-1.60
353.883333445,[debug],turtlebot4,simulation,robot-pose,x=-21.03;y=18.00;yaw=-1.54
353.883333445,[debug],turtlebot3,simulation,robot-pose,x=-40.39;y=25.23;yaw=0.33
353.883333445,[debug],turtlebot4,simulation,robot-pose,x=-21.03;y=18.00;yaw=-1.54
353.883333445,[debug],turtlebot3,simulation,robot-pose,x=-40.39;y=25.23;yaw=0.33
353.900000095,[debug],turtlebot5,simulation,robot-pose,x=-38.15;y=21.51;yaw=0.05
353.900000095,[debug],turtlebot5,simulation,robot-pose,x=-38.15;y=21.51;yaw=0.05
359.666666746,[info],turtlebot2,skill-life-cycle,navigation,(status=RUNNING, parameters=[[-28.5, 16.0, 0.0, True], [-26.0, 16.0, -1.5707963267948966, True], [-26.0, 13.0, 1.57, False]])
365.799999952,[debug],turtlebot2,move-base-info,Hooray, the base moved arrived,(x=-26;y=13)
365.799999952,[debug],turtlebot2,move-base-info,Hooray, the base moved arrived,(x=-26;y=13)
365.950000048,[debug],turtlebot2,task-update,navigation,way-point-reached,100.0%
366.049999952,[debug],turtlebot2,available-skills,['send_message', 'wait_message', 'approach_person', 'approach_robot', 'authenticate_person', 'deposit', 'navigation', 'operate_drawer', 'pick_up'],
366.049999952,[info],turtlebot2,skill-life-cycle,approach_robot,(status=STARTED, parameters=['lab_arm'])
366.116666555,[debug],turtlebot2,task-update,approach_robot,localize-robot,(who=lab_arm)
366.533333302,[debug],turtlebot2,task-update,approach_robot,goto-robot,(who=lab_arm)
366.633333445,[debug],turtlebot2,available-skills,['send_message', 'wait_message', 'approach_person', 'approach_robot', 'authenticate_person', 'deposit', 'navigation', 'operate_drawer', 'pick_up'],
366.633333445,[info],turtlebot2,skill-life-cycle,operate_drawer,(status=STARTED, parameters=['open'])
366.683333397,[debug],turtlebot2,task-update,operate_drawer,open
367.683333397,[debug],turtlebot2,available-skills,['send_message', 'wait_message', 'approach_person', 'approach_robot', 'authenticate_person', 'deposit', 'navigation', 'operate_drawer', 'pick_up'],
367.683333397,[info],turtlebot2,skill-life-cycle,send_message,(status=STARTED, parameters=['lab_arm'])
367.799999952,[info],turtlebot2,sync,send-message,(to=lab_arm)
368.650000095,[debug],turtlebot1,simulation,robot-pose,x=-33.88;y=18.79;yaw=3.01
368.650000095,[debug],turtlebot1,simulation,robot-pose,x=-33.88;y=18.79;yaw=3.01
368.666666746,[info],lab_arm,sync,wait-message,(status=message-received)
368.666666746,[info],lab_arm,sync,wait-message,(status=message-received)
368.666666746,[info],Inventory,sync,wait-sample,(status=sample-received)
368.666666746,[info],Inventory,sync,wait-sample,(status=sample-received)
368.666666746,ENDSIM
368.666666746,ENDSIM
368.849999905,[debug],turtlebot2,simulation,robot-pose,x=-25.85;y=13.40;yaw=1.62
368.849999905,[debug],turtlebot2,simulation,robot-pose,x=-25.85;y=13.40;yaw=1.62
368.883333445,[debug],turtlebot3,simulation,robot-pose,x=-40.39;y=25.23;yaw=0.33
368.883333445,[debug],turtlebot3,simulation,robot-pose,x=-40.39;y=25.23;yaw=0.33
368.883333445,[debug],turtlebot4,simulation,robot-pose,x=-21.03;y=18.00;yaw=-1.54
368.883333445,[debug],turtlebot4,simulation,robot-pose,x=-21.03;y=18.00;yaw=-1.54
368.900000095,[debug],turtlebot5,simulation,robot-pose,x=-38.15;y=21.51;yaw=0.08
368.900000095,[debug],turtlebot5,simulation,robot-pose,x=-38.15;y=21.51;yaw=0.08
378.666666746,[info],Inventory,sync,wait-sample,(status=sample-received)
378.666666746,[info],Inventory,sync,wait-sample,(status=sample-received)
378.666666746,ENDSIM
378.666666746,ENDSIM
378.666666746,[info],lab_arm,sync,wait-message,(status=message-received)
378.666666746,[info],Inventory,sync,wait-sample,(status=sample-received)
378.666666746,[info],lab_arm,sync,wait-message,(status=message-received)
378.666666746,[info],Inventory,sync,wait-sample,(status=sample-received)
378.666666746,ENDSIM
378.666666746,ENDSIM
0.0,[debug],simulation closed,reach-target,execution-wall-clock=464.49501633644104
