1.46666669846,[debug],turtlebot4,move-base-info,Move_base is up and ok....,
1.5,[debug],turtlebot5,move-base-info,Move_base is up and ok....,
1.56666660309,[debug],turtlebot1,move-base-info,Move_base is up and ok....,
1.56666660309,[debug],turtlebot3,move-base-info,Move_base is up and ok....,
3.61666679382,[debug],turtlebot2,move-base-info,Move_base is up and ok....,
10.6166667938,[info],turtlebot4,skill-life-cycle,init_robobt,(status=RUNNING, parameters=[])
11.2666666508,[info],turtlebot3,skill-life-cycle,init_robobt,(status=RUNNING, parameters=[])
11.5499999523,[info],turtlebot1,skill-life-cycle,init_robobt,(status=RUNNING, parameters=[])
11.7166666985,[info],turtlebot2,skill-life-cycle,init_robobt,(status=RUNNING, parameters=[])
17.0833332539,[debug],turtlebot2,available-skills,['send_message', 'wait_message', 'approach_person', 'approach_robot', 'authenticate_person', 'deposit', 'navigation', 'operate_drawer', 'pick_up'],
17.0833332539,[info],turtlebot2,skill-life-cycle,navigation,(status=STARTED, parameters=[[-37.0, 21.5, -1.5707963267948966, True], [-37.0, 16.0, 0.0, True], [-28.5, 16.0, 1.5707963267948966, True], [-28.5, 18.0, -1.57, False]])
24.0,[debug],turtlebot1,simulation,robot-pose,x=-33.83;y=18.78;yaw=2.80
24.0,[debug],turtlebot1,simulation,robot-pose,x=-33.83;y=18.78;yaw=2.80
24.2999999523,[debug],turtlebot2,simulation,robot-pose,x=-27.21;y=17.83;yaw=-1.39
24.2999999523,[debug],turtlebot2,simulation,robot-pose,x=-27.21;y=17.83;yaw=-1.39
24.3499999046,[debug],turtlebot3,simulation,robot-pose,x=-40.39;y=25.23;yaw=0.34
24.3666667938,[debug],turtlebot5,simulation,robot-pose,x=-38.00;y=21.48;yaw=0.01
24.3666667938,[debug],turtlebot4,simulation,robot-pose,x=-20.99;y=18.00;yaw=-1.54
24.4666666985,[debug],turtlebot3,simulation,robot-pose,x=-40.39;y=25.23;yaw=0.34
24.4666666985,[debug],turtlebot5,simulation,robot-pose,x=-38.00;y=21.48;yaw=0.01
24.4666666985,[debug],turtlebot4,simulation,robot-pose,x=-20.99;y=18.00;yaw=-1.54
39.0,[debug],turtlebot1,simulation,robot-pose,x=-33.84;y=18.78;yaw=2.82
39.0,[debug],turtlebot1,simulation,robot-pose,x=-33.84;y=18.78;yaw=2.82
39.2999999523,[debug],turtlebot2,simulation,robot-pose,x=-27.53;y=16.65;yaw=-2.71
39.2999999523,[debug],turtlebot2,simulation,robot-pose,x=-27.53;y=16.65;yaw=-2.71
39.3499999046,[debug],turtlebot3,simulation,robot-pose,x=-40.39;y=25.23;yaw=0.33
39.3666667938,[debug],turtlebot5,simulation,robot-pose,x=-38.00;y=21.48;yaw=0.01
39.3666667938,[debug],turtlebot4,simulation,robot-pose,x=-20.99;y=18.00;yaw=-1.54
39.4666666985,[debug],turtlebot3,simulation,robot-pose,x=-40.39;y=25.23;yaw=0.33
39.4666666985,[debug],turtlebot5,simulation,robot-pose,x=-38.00;y=21.48;yaw=0.01
39.4666666985,[debug],turtlebot4,simulation,robot-pose,x=-20.99;y=18.00;yaw=-1.54
54.0,[debug],turtlebot1,simulation,robot-pose,x=-33.85;y=18.78;yaw=2.84
54.0,[debug],turtlebot1,simulation,robot-pose,x=-33.85;y=18.78;yaw=2.84
54.2999999523,[debug],turtlebot2,simulation,robot-pose,x=-28.88;y=16.88;yaw=-2.50
54.2999999523,[debug],turtlebot2,simulation,robot-pose,x=-28.88;y=16.88;yaw=-2.50
54.3499999046,[debug],turtlebot3,simulation,robot-pose,x=-40.39;y=25.23;yaw=0.33
54.3666667938,[debug],turtlebot5,simulation,robot-pose,x=-38.00;y=21.48;yaw=0.01
54.3666667938,[debug],turtlebot4,simulation,robot-pose,x=-20.99;y=18.00;yaw=-1.54
54.4833333492,[debug],turtlebot3,simulation,robot-pose,x=-40.39;y=25.23;yaw=0.33
54.4833333492,[debug],turtlebot5,simulation,robot-pose,x=-38.00;y=21.48;yaw=0.01
54.4833333492,[debug],turtlebot4,simulation,robot-pose,x=-20.99;y=18.00;yaw=-1.54
61.6333334446,[info],turtlebot2,skill-life-cycle,navigation,(status=RUNNING, parameters=[[-37.0, 21.5, -1.5707963267948966, True], [-37.0, 16.0, 0.0, True], [-28.5, 16.0, 1.5707963267948966, True], [-28.5, 18.0, -1.57, False]])
69.0,[debug],turtlebot1,simulation,robot-pose,x=-33.85;y=18.78;yaw=2.85
69.0,[debug],turtlebot1,simulation,robot-pose,x=-33.85;y=18.78;yaw=2.85
69.2999999523,[debug],turtlebot2,simulation,robot-pose,x=-29.04;y=16.60;yaw=-2.47
69.2999999523,[debug],turtlebot2,simulation,robot-pose,x=-29.04;y=16.60;yaw=-2.47
69.3499999046,[debug],turtlebot3,simulation,robot-pose,x=-40.39;y=25.23;yaw=0.33
69.3666667938,[debug],turtlebot5,simulation,robot-pose,x=-38.00;y=21.48;yaw=0.01
69.3666667938,[debug],turtlebot4,simulation,robot-pose,x=-20.99;y=18.00;yaw=-1.54
69.4666666985,[debug],turtlebot3,simulation,robot-pose,x=-40.39;y=25.23;yaw=0.33
69.4666666985,[debug],turtlebot5,simulation,robot-pose,x=-38.00;y=21.48;yaw=0.01
69.4666666985,[debug],turtlebot4,simulation,robot-pose,x=-20.99;y=18.00;yaw=-1.54
84.0,[debug],turtlebot1,simulation,robot-pose,x=-33.85;y=18.78;yaw=2.87
84.0,[debug],turtlebot1,simulation,robot-pose,x=-33.85;y=18.78;yaw=2.87
84.2999999523,[debug],turtlebot2,simulation,robot-pose,x=-28.96;y=16.62;yaw=-2.37
84.2999999523,[debug],turtlebot2,simulation,robot-pose,x=-28.96;y=16.62;yaw=-2.37
84.3499999046,[debug],turtlebot3,simulation,robot-pose,x=-40.39;y=25.23;yaw=0.33
84.3666667938,[debug],turtlebot5,simulation,robot-pose,x=-38.00;y=21.48;yaw=0.01
84.3666667938,[debug],turtlebot4,simulation,robot-pose,x=-20.99;y=18.00;yaw=-1.54
84.4666666985,[debug],turtlebot3,simulation,robot-pose,x=-40.39;y=25.23;yaw=0.33
84.4666666985,[debug],turtlebot5,simulation,robot-pose,x=-38.00;y=21.48;yaw=0.01
84.4666666985,[debug],turtlebot4,simulation,robot-pose,x=-20.99;y=18.00;yaw=-1.54
99.0,[debug],turtlebot1,simulation,robot-pose,x=-33.85;y=18.78;yaw=2.89
99.0,[debug],turtlebot1,simulation,robot-pose,x=-33.85;y=18.78;yaw=2.89
99.2999999523,[debug],turtlebot2,simulation,robot-pose,x=-30.70;y=16.06;yaw=3.04
99.2999999523,[debug],turtlebot2,simulation,robot-pose,x=-30.70;y=16.06;yaw=3.04
99.3499999046,[debug],turtlebot3,simulation,robot-pose,x=-40.39;y=25.23;yaw=0.33
99.3666667938,[debug],turtlebot4,simulation,robot-pose,x=-20.99;y=18.00;yaw=-1.54
99.3666667938,[debug],turtlebot5,simulation,robot-pose,x=-38.00;y=21.48;yaw=0.01
99.4833333492,[debug],turtlebot3,simulation,robot-pose,x=-40.39;y=25.23;yaw=0.33
99.4833333492,[debug],turtlebot4,simulation,robot-pose,x=-20.99;y=18.00;yaw=-1.54
99.4833333492,[debug],turtlebot5,simulation,robot-pose,x=-38.00;y=21.48;yaw=0.01
111.166666746,[info],turtlebot2,skill-life-cycle,navigation,(status=RUNNING, parameters=[[-37.0, 21.5, -1.5707963267948966, True], [-37.0, 16.0, 0.0, True], [-28.5, 16.0, 1.5707963267948966, True], [-28.5, 18.0, -1.57, False]])
114.016666651,[debug],turtlebot1,simulation,robot-pose,x=-33.86;y=18.79;yaw=2.91
114.016666651,[debug],turtlebot1,simulation,robot-pose,x=-33.86;y=18.79;yaw=2.91
114.299999952,[debug],turtlebot2,simulation,robot-pose,x=-32.76;y=15.69;yaw=3.13
114.299999952,[debug],turtlebot2,simulation,robot-pose,x=-32.76;y=15.69;yaw=3.13
114.349999905,[debug],turtlebot3,simulation,robot-pose,x=-40.39;y=25.23;yaw=0.33
114.366666794,[debug],turtlebot4,simulation,robot-pose,x=-20.99;y=18.00;yaw=-1.54
114.366666794,[debug],turtlebot5,simulation,robot-pose,x=-38.00;y=21.48;yaw=0.01
114.466666698,[debug],turtlebot3,simulation,robot-pose,x=-40.39;y=25.23;yaw=0.33
114.466666698,[debug],turtlebot4,simulation,robot-pose,x=-20.99;y=18.00;yaw=-1.54
114.466666698,[debug],turtlebot5,simulation,robot-pose,x=-38.00;y=21.48;yaw=0.01
129.0,[debug],turtlebot1,simulation,robot-pose,x=-33.86;y=18.79;yaw=2.93
129.0,[debug],turtlebot1,simulation,robot-pose,x=-33.86;y=18.79;yaw=2.93
129.299999952,[debug],turtlebot2,simulation,robot-pose,x=-35.19;y=16.58;yaw=2.77
129.299999952,[debug],turtlebot2,simulation,robot-pose,x=-35.19;y=16.58;yaw=2.77
129.349999905,[debug],turtlebot3,simulation,robot-pose,x=-40.39;y=25.23;yaw=0.33
129.366666794,[debug],turtlebot5,simulation,robot-pose,x=-38.00;y=21.48;yaw=0.01
129.366666794,[debug],turtlebot4,simulation,robot-pose,x=-21.00;y=18.00;yaw=-1.54
129.466666698,[debug],turtlebot3,simulation,robot-pose,x=-40.39;y=25.23;yaw=0.33
129.466666698,[debug],turtlebot5,simulation,robot-pose,x=-38.00;y=21.48;yaw=0.01
129.466666698,[debug],turtlebot4,simulation,robot-pose,x=-21.00;y=18.00;yaw=-1.54
144.0,[debug],turtlebot1,simulation,robot-pose,x=-33.87;y=18.79;yaw=2.96
144.0,[debug],turtlebot1,simulation,robot-pose,x=-33.87;y=18.79;yaw=2.96
144.299999952,[debug],turtlebot2,simulation,robot-pose,x=-35.41;y=16.59;yaw=2.77
144.299999952,[debug],turtlebot2,simulation,robot-pose,x=-35.41;y=16.59;yaw=2.77
144.349999905,[debug],turtlebot3,simulation,robot-pose,x=-40.39;y=25.23;yaw=0.33
144.366666794,[debug],turtlebot5,simulation,robot-pose,x=-38.00;y=21.48;yaw=0.01
144.366666794,[debug],turtlebot4,simulation,robot-pose,x=-21.00;y=18.00;yaw=-1.54
144.466666698,[debug],turtlebot3,simulation,robot-pose,x=-40.39;y=25.23;yaw=0.33
144.466666698,[debug],turtlebot5,simulation,robot-pose,x=-38.00;y=21.48;yaw=0.01
144.466666698,[debug],turtlebot4,simulation,robot-pose,x=-21.00;y=18.00;yaw=-1.54
159.0,[debug],turtlebot1,simulation,robot-pose,x=-33.87;y=18.79;yaw=2.98
159.0,[debug],turtlebot1,simulation,robot-pose,x=-33.87;y=18.79;yaw=2.98
159.299999952,[debug],turtlebot2,simulation,robot-pose,x=-35.41;y=16.60;yaw=2.94
159.299999952,[debug],turtlebot2,simulation,robot-pose,x=-35.41;y=16.60;yaw=2.94
159.349999905,[debug],turtlebot3,simulation,robot-pose,x=-40.39;y=25.23;yaw=0.33
159.366666794,[debug],turtlebot4,simulation,robot-pose,x=-21.00;y=18.00;yaw=-1.54
159.366666794,[debug],turtlebot5,simulation,robot-pose,x=-38.00;y=21.48;yaw=0.01
159.5,[debug],turtlebot3,simulation,robot-pose,x=-40.39;y=25.23;yaw=0.33
159.5,[debug],turtlebot4,simulation,robot-pose,x=-21.00;y=18.00;yaw=-1.54
159.5,[debug],turtlebot5,simulation,robot-pose,x=-38.00;y=21.48;yaw=0.01
161.083333254,[info],turtlebot2,skill-life-cycle,navigation,(status=RUNNING, parameters=[[-37.0, 21.5, -1.5707963267948966, True], [-37.0, 16.0, 0.0, True], [-28.5, 16.0, 1.5707963267948966, True], [-28.5, 18.0, -1.57, False]])
174.0,[debug],turtlebot1,simulation,robot-pose,x=-33.88;y=18.79;yaw=3.00
174.0,[debug],turtlebot1,simulation,robot-pose,x=-33.88;y=18.79;yaw=3.00
174.299999952,[debug],turtlebot2,simulation,robot-pose,x=-35.40;y=16.60;yaw=2.91
174.299999952,[debug],turtlebot2,simulation,robot-pose,x=-35.40;y=16.60;yaw=2.91
174.349999905,[debug],turtlebot3,simulation,robot-pose,x=-40.39;y=25.23;yaw=0.33
174.366666794,[debug],turtlebot5,simulation,robot-pose,x=-38.00;y=21.48;yaw=0.01
174.366666794,[debug],turtlebot4,simulation,robot-pose,x=-21.00;y=18.00;yaw=-1.54
174.5,[debug],turtlebot3,simulation,robot-pose,x=-40.39;y=25.23;yaw=0.33
174.5,[debug],turtlebot5,simulation,robot-pose,x=-38.00;y=21.48;yaw=0.01
174.5,[debug],turtlebot4,simulation,robot-pose,x=-21.00;y=18.00;yaw=-1.54
189.0,[debug],turtlebot1,simulation,robot-pose,x=-33.88;y=18.79;yaw=3.00
189.016666651,[debug],turtlebot1,simulation,robot-pose,x=-33.88;y=18.79;yaw=3.00
189.299999952,[debug],turtlebot2,simulation,robot-pose,x=-35.38;y=16.60;yaw=2.99
189.299999952,[debug],turtlebot2,simulation,robot-pose,x=-35.38;y=16.60;yaw=2.99
189.349999905,[debug],turtlebot3,simulation,robot-pose,x=-40.39;y=25.23;yaw=0.33
189.366666794,[debug],turtlebot4,simulation,robot-pose,x=-21.00;y=18.00;yaw=-1.54
189.366666794,[debug],turtlebot5,simulation,robot-pose,x=-38.00;y=21.48;yaw=0.01
189.483333349,[debug],turtlebot3,simulation,robot-pose,x=-40.39;y=25.23;yaw=0.33
189.483333349,[debug],turtlebot4,simulation,robot-pose,x=-21.00;y=18.00;yaw=-1.54
189.5,[debug],turtlebot5,simulation,robot-pose,x=-38.00;y=21.48;yaw=0.01
204.0,[debug],turtlebot1,simulation,robot-pose,x=-33.88;y=18.79;yaw=3.01
204.0,[debug],turtlebot1,simulation,robot-pose,x=-33.88;y=18.79;yaw=3.01
204.299999952,[debug],turtlebot2,simulation,robot-pose,x=-35.38;y=16.60;yaw=3.09
204.299999952,[debug],turtlebot2,simulation,robot-pose,x=-35.38;y=16.60;yaw=3.09
204.349999905,[debug],turtlebot3,simulation,robot-pose,x=-40.39;y=25.23;yaw=0.33
204.366666794,[debug],turtlebot5,simulation,robot-pose,x=-38.02;y=21.48;yaw=0.03
204.366666794,[debug],turtlebot4,simulation,robot-pose,x=-21.01;y=18.00;yaw=-1.54
204.5,[debug],turtlebot3,simulation,robot-pose,x=-40.39;y=25.23;yaw=0.33
204.5,[debug],turtlebot5,simulation,robot-pose,x=-38.02;y=21.48;yaw=0.03
204.5,[debug],turtlebot4,simulation,robot-pose,x=-21.01;y=18.00;yaw=-1.54
211.266666651,[info],turtlebot2,skill-life-cycle,navigation,(status=RUNNING, parameters=[[-37.0, 21.5, -1.5707963267948966, True], [-37.0, 16.0, 0.0, True], [-28.5, 16.0, 1.5707963267948966, True], [-28.5, 18.0, -1.57, False]])
219.0,[debug],turtlebot1,simulation,robot-pose,x=-33.88;y=18.79;yaw=3.01
219.0,[debug],turtlebot1,simulation,robot-pose,x=-33.88;y=18.79;yaw=3.01
219.299999952,[debug],turtlebot2,simulation,robot-pose,x=-35.37;y=16.61;yaw=-3.10
219.299999952,[debug],turtlebot2,simulation,robot-pose,x=-35.37;y=16.61;yaw=-3.10
219.349999905,[debug],turtlebot3,simulation,robot-pose,x=-40.39;y=25.23;yaw=0.33
219.366666794,[debug],turtlebot5,simulation,robot-pose,x=-38.02;y=21.49;yaw=0.03
219.366666794,[debug],turtlebot4,simulation,robot-pose,x=-21.01;y=18.00;yaw=-1.54
219.483333349,[debug],turtlebot3,simulation,robot-pose,x=-40.39;y=25.23;yaw=0.33
219.483333349,[debug],turtlebot5,simulation,robot-pose,x=-38.02;y=21.49;yaw=0.03
219.483333349,[debug],turtlebot4,simulation,robot-pose,x=-21.01;y=18.00;yaw=-1.54
234.0,[debug],turtlebot1,simulation,robot-pose,x=-33.88;y=18.79;yaw=3.01
234.016666651,[debug],turtlebot1,simulation,robot-pose,x=-33.88;y=18.79;yaw=3.01
234.299999952,[debug],turtlebot2,simulation,robot-pose,x=-36.88;y=21.07;yaw=2.97
234.299999952,[debug],turtlebot2,simulation,robot-pose,x=-36.88;y=21.07;yaw=2.97
234.349999905,[debug],turtlebot3,simulation,robot-pose,x=-40.39;y=25.23;yaw=0.33
234.366666794,[debug],turtlebot5,simulation,robot-pose,x=-38.03;y=21.49;yaw=0.03
234.366666794,[debug],turtlebot4,simulation,robot-pose,x=-21.01;y=18.00;yaw=-1.54
234.466666698,[debug],turtlebot3,simulation,robot-pose,x=-40.39;y=25.23;yaw=0.33
234.466666698,[debug],turtlebot5,simulation,robot-pose,x=-38.03;y=21.49;yaw=0.03
234.466666698,[debug],turtlebot4,simulation,robot-pose,x=-21.01;y=18.00;yaw=-1.54
239.200000048,[debug],turtlebot2,move-base-info,Hooray, the base moved arrived,(x=-37;y=21.5)
239.200000048,[debug],turtlebot2,move-base-info,Hooray, the base moved arrived,(x=-37;y=21.5)
239.25,[debug],turtlebot2,task-update,navigation,way-point-reached,25.0%
249.0,[debug],turtlebot1,simulation,robot-pose,x=-33.88;y=18.79;yaw=3.01
249.0,[debug],turtlebot1,simulation,robot-pose,x=-33.88;y=18.79;yaw=3.01
249.299999952,[debug],turtlebot2,simulation,robot-pose,x=-36.84;y=20.67;yaw=-1.36
249.299999952,[debug],turtlebot2,simulation,robot-pose,x=-36.84;y=20.67;yaw=-1.36
249.349999905,[debug],turtlebot3,simulation,robot-pose,x=-40.39;y=25.23;yaw=0.33
249.366666794,[debug],turtlebot4,simulation,robot-pose,x=-21.02;y=18.00;yaw=-1.54
249.366666794,[debug],turtlebot5,simulation,robot-pose,x=-38.04;y=21.49;yaw=0.03
249.483333349,[debug],turtlebot3,simulation,robot-pose,x=-40.39;y=25.23;yaw=0.33
249.483333349,[debug],turtlebot4,simulation,robot-pose,x=-21.02;y=18.00;yaw=-1.54
249.483333349,[debug],turtlebot5,simulation,robot-pose,x=-38.04;y=21.49;yaw=0.03
261.916666746,[info],turtlebot2,skill-life-cycle,navigation,(status=RUNNING, parameters=[[-37.0, 21.5, -1.5707963267948966, True], [-37.0, 16.0, 0.0, True], [-28.5, 16.0, 1.5707963267948966, True], [-28.5, 18.0, -1.57, False]])
264.0,[debug],turtlebot1,simulation,robot-pose,x=-33.88;y=18.79;yaw=3.01
264.0,[debug],turtlebot1,simulation,robot-pose,x=-33.88;y=18.79;yaw=3.01
264.299999952,[debug],turtlebot2,simulation,robot-pose,x=-36.71;y=19.43;yaw=-1.56
264.299999952,[debug],turtlebot2,simulation,robot-pose,x=-36.71;y=19.43;yaw=-1.56
264.349999905,[debug],turtlebot3,simulation,robot-pose,x=-40.39;y=25.23;yaw=0.33
264.366666794,[debug],turtlebot5,simulation,robot-pose,x=-38.05;y=21.50;yaw=0.03
264.366666794,[debug],turtlebot4,simulation,robot-pose,x=-21.02;y=18.00;yaw=-1.54
264.466666698,[debug],turtlebot3,simulation,robot-pose,x=-40.39;y=25.23;yaw=0.33
264.466666698,[debug],turtlebot5,simulation,robot-pose,x=-38.05;y=21.50;yaw=0.03
264.466666698,[debug],turtlebot4,simulation,robot-pose,x=-21.02;y=18.00;yaw=-1.54
279.0,[debug],turtlebot1,simulation,robot-pose,x=-33.88;y=18.79;yaw=3.01
279.0,[debug],turtlebot1,simulation,robot-pose,x=-33.88;y=18.79;yaw=3.01
279.299999952,[debug],turtlebot2,simulation,robot-pose,x=-36.68;y=18.18;yaw=-1.54
279.299999952,[debug],turtlebot2,simulation,robot-pose,x=-36.68;y=18.18;yaw=-1.54
279.349999905,[debug],turtlebot3,simulation,robot-pose,x=-40.39;y=25.23;yaw=0.33
279.366666794,[debug],turtlebot5,simulation,robot-pose,x=-38.08;y=21.50;yaw=0.03
279.366666794,[debug],turtlebot4,simulation,robot-pose,x=-21.03;y=18.00;yaw=-1.54
279.466666698,[debug],turtlebot3,simulation,robot-pose,x=-40.39;y=25.23;yaw=0.33
279.466666698,[debug],turtlebot5,simulation,robot-pose,x=-38.08;y=21.50;yaw=0.03
279.466666698,[debug],turtlebot4,simulation,robot-pose,x=-21.03;y=18.00;yaw=-1.54
294.0,[debug],turtlebot1,simulation,robot-pose,x=-33.88;y=18.79;yaw=3.01
294.0,[debug],turtlebot1,simulation,robot-pose,x=-33.88;y=18.79;yaw=3.01
294.299999952,[debug],turtlebot2,simulation,robot-pose,x=-36.71;y=16.93;yaw=-1.66
294.299999952,[debug],turtlebot2,simulation,robot-pose,x=-36.71;y=16.93;yaw=-1.66
294.349999905,[debug],turtlebot3,simulation,robot-pose,x=-40.39;y=25.23;yaw=0.33
294.366666794,[debug],turtlebot4,simulation,robot-pose,x=-21.03;y=18.00;yaw=-1.54
294.366666794,[debug],turtlebot5,simulation,robot-pose,x=-38.11;y=21.50;yaw=0.03
294.483333349,[debug],turtlebot3,simulation,robot-pose,x=-40.39;y=25.23;yaw=0.33
294.483333349,[debug],turtlebot4,simulation,robot-pose,x=-21.03;y=18.00;yaw=-1.54
294.483333349,[debug],turtlebot5,simulation,robot-pose,x=-38.11;y=21.50;yaw=0.03
305.0,[debug],turtlebot2,move-base-info,Hooray, the base moved arrived,(x=-37;y=16)
305.0,[debug],turtlebot2,move-base-info,Hooray, the base moved arrived,(x=-37;y=16)
305.150000095,[debug],turtlebot2,task-update,navigation,way-point-reached,50.0%
309.0,[debug],turtlebot1,simulation,robot-pose,x=-33.88;y=18.79;yaw=3.01
309.0,[debug],turtlebot1,simulation,robot-pose,x=-33.88;y=18.79;yaw=3.01
309.299999952,[debug],turtlebot2,simulation,robot-pose,x=-36.86;y=16.42;yaw=-0.04
309.299999952,[debug],turtlebot2,simulation,robot-pose,x=-36.86;y=16.42;yaw=-0.04
309.349999905,[debug],turtlebot3,simulation,robot-pose,x=-40.39;y=25.23;yaw=0.33
309.366666794,[debug],turtlebot4,simulation,robot-pose,x=-21.03;y=18.00;yaw=-1.54
309.366666794,[debug],turtlebot5,simulation,robot-pose,x=-38.13;y=21.50;yaw=0.03
309.466666698,[debug],turtlebot3,simulation,robot-pose,x=-40.39;y=25.23;yaw=0.33
309.466666698,[debug],turtlebot4,simulation,robot-pose,x=-21.03;y=18.00;yaw=-1.54
309.466666698,[debug],turtlebot5,simulation,robot-pose,x=-38.13;y=21.50;yaw=0.03
312.383333445,[info],turtlebot2,skill-life-cycle,navigation,(status=RUNNING, parameters=[[-37.0, 21.5, -1.5707963267948966, True], [-37.0, 16.0, 0.0, True], [-28.5, 16.0, 1.5707963267948966, True], [-28.5, 18.0, -1.57, False]])
324.0,[debug],turtlebot1,simulation,robot-pose,x=-33.88;y=18.79;yaw=3.01
324.0,[debug],turtlebot1,simulation,robot-pose,x=-33.88;y=18.79;yaw=3.01
324.299999952,[debug],turtlebot2,simulation,robot-pose,x=-35.54;y=15.66;yaw=-0.04
324.299999952,[debug],turtlebot2,simulation,robot-pose,x=-35.54;y=15.66;yaw=-0.04
324.349999905,[debug],turtlebot3,simulation,robot-pose,x=-40.39;y=25.23;yaw=0.33
324.366666794,[debug],turtlebot5,simulation,robot-pose,x=-38.15;y=21.50;yaw=0.04
324.366666794,[debug],turtlebot4,simulation,robot-pose,x=-21.03;y=18.00;yaw=-1.54
324.466666698,[debug],turtlebot3,simulation,robot-pose,x=-40.39;y=25.23;yaw=0.33
324.466666698,[debug],turtlebot5,simulation,robot-pose,x=-38.15;y=21.50;yaw=0.04
324.466666698,[debug],turtlebot4,simulation,robot-pose,x=-21.03;y=18.00;yaw=-1.54
339.0,[debug],turtlebot1,simulation,robot-pose,x=-33.88;y=18.79;yaw=3.01
339.0,[debug],turtlebot1,simulation,robot-pose,x=-33.88;y=18.79;yaw=3.01
339.299999952,[debug],turtlebot2,simulation,robot-pose,x=-33.01;y=15.70;yaw=0.24
339.299999952,[debug],turtlebot2,simulation,robot-pose,x=-33.01;y=15.70;yaw=0.24
339.349999905,[debug],turtlebot3,simulation,robot-pose,x=-40.39;y=25.23;yaw=0.33
339.366666794,[debug],turtlebot5,simulation,robot-pose,x=-38.15;y=21.51;yaw=0.05
339.366666794,[debug],turtlebot4,simulation,robot-pose,x=-21.03;y=18.00;yaw=-1.54
339.466666698,[debug],turtlebot3,simulation,robot-pose,x=-40.39;y=25.23;yaw=0.33
339.483333349,[debug],turtlebot5,simulation,robot-pose,x=-38.15;y=21.51;yaw=0.05
339.483333349,[debug],turtlebot4,simulation,robot-pose,x=-21.03;y=18.00;yaw=-1.54
354.0,[debug],turtlebot1,simulation,robot-pose,x=-33.88;y=18.79;yaw=3.01
354.0,[debug],turtlebot1,simulation,robot-pose,x=-33.88;y=18.79;yaw=3.01
354.299999952,[debug],turtlebot2,simulation,robot-pose,x=-30.24;y=16.08;yaw=-0.08
354.299999952,[debug],turtlebot2,simulation,robot-pose,x=-30.24;y=16.08;yaw=-0.08
354.349999905,[debug],turtlebot3,simulation,robot-pose,x=-40.39;y=25.23;yaw=0.33
354.366666794,[debug],turtlebot5,simulation,robot-pose,x=-38.15;y=21.51;yaw=0.06
354.366666794,[debug],turtlebot4,simulation,robot-pose,x=-21.03;y=18.00;yaw=-1.54
354.466666698,[debug],turtlebot3,simulation,robot-pose,x=-40.39;y=25.23;yaw=0.33
354.483333349,[debug],turtlebot5,simulation,robot-pose,x=-38.15;y=21.51;yaw=0.06
354.483333349,[debug],turtlebot4,simulation,robot-pose,x=-21.03;y=18.00;yaw=-1.54
361.849999905,[info],turtlebot2,skill-life-cycle,navigation,(status=RUNNING, parameters=[[-37.0, 21.5, -1.5707963267948966, True], [-37.0, 16.0, 0.0, True], [-28.5, 16.0, 1.5707963267948966, True], [-28.5, 18.0, -1.57, False]])
366.200000048,[debug],turtlebot2,move-base-info,Hooray, the base moved arrived,(x=-28.5;y=16)
366.200000048,[debug],turtlebot2,move-base-info,Hooray, the base moved arrived,(x=-28.5;y=16)
366.366666794,[debug],turtlebot2,task-update,navigation,way-point-reached,75.0%
369.0,[debug],turtlebot1,simulation,robot-pose,x=-33.88;y=18.79;yaw=3.01
369.0,[debug],turtlebot1,simulation,robot-pose,x=-33.88;y=18.79;yaw=3.01
369.299999952,[debug],turtlebot2,simulation,robot-pose,x=-28.88;y=16.23;yaw=1.53
369.299999952,[debug],turtlebot2,simulation,robot-pose,x=-28.88;y=16.23;yaw=1.53
369.349999905,[debug],turtlebot3,simulation,robot-pose,x=-40.39;y=25.23;yaw=0.33
369.366666794,[debug],turtlebot4,simulation,robot-pose,x=-21.03;y=18.00;yaw=-1.54
369.366666794,[debug],turtlebot5,simulation,robot-pose,x=-38.15;y=21.51;yaw=0.08
369.466666698,[debug],turtlebot3,simulation,robot-pose,x=-40.39;y=25.23;yaw=0.33
369.466666698,[debug],turtlebot4,simulation,robot-pose,x=-21.03;y=18.00;yaw=-1.54
369.466666698,[debug],turtlebot5,simulation,robot-pose,x=-38.15;y=21.51;yaw=0.08
382.950000048,[debug],turtlebot2,move-base-info,Hooray, the base moved arrived,(x=-28.5;y=18)
382.950000048,[debug],turtlebot2,move-base-info,Hooray, the base moved arrived,(x=-28.5;y=18)
383.133333445,[debug],turtlebot2,task-update,navigation,way-point-reached,100.0%
383.233333349,[debug],turtlebot2,available-skills,['send_message', 'wait_message', 'approach_person', 'approach_robot', 'authenticate_person', 'deposit', 'navigation', 'operate_drawer', 'pick_up'],
383.233333349,[info],turtlebot2,skill-life-cycle,approach_person,(status=STARTED, parameters=['nurse'])
383.299999952,[debug],turtlebot2,task-update,approach_person,localize-person,(who=nurse)
383.549999952,[debug],turtlebot2,task-update,approach_person,goto-person,(who=nurse)
383.633333445,[debug],turtlebot2,available-skills,['send_message', 'wait_message', 'approach_person', 'approach_robot', 'authenticate_person', 'deposit', 'navigation', 'operate_drawer', 'pick_up'],
383.650000095,[info],turtlebot2,skill-life-cycle,authenticate_person,(status=STARTED, parameters=['nurse'])
383.683333397,[debug],turtlebot2,task-update,authenticate_person,request-authentication,(to=nurse)
383.683333397,[info],nurse,sync,received-request,(status=sending-request)
383.683333397,[info],nurse,sync,received-request,(status=sending-request)
384.0,[debug],turtlebot1,simulation,robot-pose,x=-33.88;y=18.79;yaw=3.01
384.0,[debug],turtlebot1,simulation,robot-pose,x=-33.88;y=18.79;yaw=3.01
384.133333445,[debug],turtlebot2,task-update,authenticate_person,received-authentication,(from=nurse)
384.233333349,[debug],turtlebot2,available-skills,['send_message', 'wait_message', 'approach_person', 'approach_robot', 'authenticate_person', 'deposit', 'navigation', 'operate_drawer', 'pick_up'],
384.233333349,[info],turtlebot2,skill-life-cycle,operate_drawer,(status=STARTED, parameters=['open'])
384.283333302,[debug],turtlebot2,task-update,operate_drawer,open
384.299999952,[debug],turtlebot2,simulation,robot-pose,x=-28.64;y=17.61;yaw=-1.52
384.299999952,[debug],turtlebot2,simulation,robot-pose,x=-28.64;y=17.61;yaw=-1.52
384.349999905,[debug],turtlebot3,simulation,robot-pose,x=-40.39;y=25.23;yaw=0.33
384.366666794,[debug],turtlebot4,simulation,robot-pose,x=-21.03;y=18.00;yaw=-1.54
384.366666794,[debug],turtlebot5,simulation,robot-pose,x=-38.15;y=21.51;yaw=0.11
384.466666698,[debug],turtlebot3,simulation,robot-pose,x=-40.39;y=25.23;yaw=0.33
384.466666698,[debug],turtlebot4,simulation,robot-pose,x=-21.03;y=18.00;yaw=-1.54
384.466666698,[debug],turtlebot5,simulation,robot-pose,x=-38.15;y=21.51;yaw=0.11
385.266666651,[debug],turtlebot2,available-skills,['send_message', 'wait_message', 'approach_person', 'approach_robot', 'authenticate_person', 'deposit', 'navigation', 'operate_drawer', 'pick_up'],
385.266666651,[info],turtlebot2,skill-life-cycle,send_message,(status=STARTED, parameters=['nurse'])
385.349999905,[info],turtlebot2,sync,send-message,(to=nurse)
386.25,[info],nurse,sync,wait-message,(status=message-received)
386.25,[info],nurse,sync,wait-message,(status=message-received)
388.900000095,[debug],turtlebot2,available-skills,['send_message', 'wait_message', 'approach_person', 'approach_robot', 'authenticate_person', 'deposit', 'navigation', 'operate_drawer', 'pick_up'],
388.900000095,[info],turtlebot2,skill-life-cycle,wait_message,(status=STARTED, parameters=['r1'])
390.316666603,[info],turtlebot2,sync,wait-message,(status=message-received)
390.400000095,[debug],turtlebot2,available-skills,['send_message', 'wait_message', 'approach_person', 'approach_robot', 'authenticate_person', 'deposit', 'navigation', 'operate_drawer', 'pick_up'],
390.400000095,[info],turtlebot2,skill-life-cycle,operate_drawer,(status=STARTED, parameters=['close'])
390.466666698,[debug],turtlebot2,task-update,operate_drawer,close
391.450000048,[debug],turtlebot2,available-skills,['send_message', 'wait_message', 'approach_person', 'approach_robot', 'authenticate_person', 'deposit', 'navigation', 'operate_drawer', 'pick_up'],
391.450000048,[info],turtlebot2,skill-life-cycle,navigation,(status=STARTED, parameters=[[-28.5, 16.0, 0.0, True], [-26.0, 16.0, -1.5707963267948966, True], [-26.0, 13.0, 1.57, False]])
396.25,[info],nurse,sync,wait-message,(status=message-received)
396.25,[info],nurse,sync,wait-message,(status=message-received)
399.0,[debug],turtlebot1,simulation,robot-pose,x=-33.88;y=18.79;yaw=3.01
399.0,[debug],turtlebot1,simulation,robot-pose,x=-33.88;y=18.79;yaw=3.01
399.299999952,[debug],turtlebot2,simulation,robot-pose,x=-28.63;y=17.35;yaw=-1.55
399.299999952,[debug],turtlebot2,simulation,robot-pose,x=-28.63;y=17.35;yaw=-1.55
399.349999905,[debug],turtlebot3,simulation,robot-pose,x=-40.39;y=25.23;yaw=0.33
399.366666794,[debug],turtlebot4,simulation,robot-pose,x=-21.03;y=18.00;yaw=-1.54
399.366666794,[debug],turtlebot5,simulation,robot-pose,x=-38.15;y=21.52;yaw=0.14
399.466666698,[debug],turtlebot3,simulation,robot-pose,x=-40.39;y=25.23;yaw=0.33
399.466666698,[debug],turtlebot4,simulation,robot-pose,x=-21.03;y=18.00;yaw=-1.54
399.466666698,[debug],turtlebot5,simulation,robot-pose,x=-38.15;y=21.52;yaw=0.14
403.683333397,[info],nurse,sync,request-sent,(status=waiting)
403.683333397,[info],nurse,sync,request-sent,(status=waiting)
406.25,[info],nurse,sync,wait-message,(status=message-received)
406.25,[info],nurse,sync,wait-message,(status=message-received)
413.283333302,[debug],turtlebot2,move-base-info,Hooray, the base moved arrived,(x=-28.5;y=16)
413.283333302,[debug],turtlebot2,move-base-info,Hooray, the base moved arrived,(x=-28.5;y=16)
413.333333254,[debug],turtlebot2,task-update,navigation,way-point-reached,33.33333333333333%
414.0,[debug],turtlebot1,simulation,robot-pose,x=-33.88;y=18.79;yaw=3.01
414.0,[debug],turtlebot1,simulation,robot-pose,x=-33.88;y=18.79;yaw=3.01
414.299999952,[debug],turtlebot2,simulation,robot-pose,x=-28.59;y=16.45;yaw=-0.04
414.299999952,[debug],turtlebot2,simulation,robot-pose,x=-28.59;y=16.45;yaw=-0.04
414.349999905,[debug],turtlebot3,simulation,robot-pose,x=-40.39;y=25.23;yaw=0.33
414.366666794,[debug],turtlebot5,simulation,robot-pose,x=-38.16;y=21.52;yaw=0.16
414.366666794,[debug],turtlebot4,simulation,robot-pose,x=-21.03;y=18.00;yaw=-1.54
414.466666698,[debug],turtlebot3,simulation,robot-pose,x=-40.39;y=25.23;yaw=0.33
414.466666698,[debug],turtlebot5,simulation,robot-pose,x=-38.16;y=21.52;yaw=0.16
414.466666698,[debug],turtlebot4,simulation,robot-pose,x=-21.03;y=18.00;yaw=-1.54
414.683333397,[info],turtlebot2,skill-life-cycle,navigation,(status=RUNNING, parameters=[[-28.5, 16.0, 0.0, True], [-26.0, 16.0, -1.5707963267948966, True], [-26.0, 13.0, 1.57, False]])
416.25,[info],nurse,sync,wait-message,(status=message-received)
416.25,[info],nurse,sync,wait-message,(status=message-received)
429.0,[debug],turtlebot1,simulation,robot-pose,x=-33.88;y=18.79;yaw=3.01
429.0,[debug],turtlebot1,simulation,robot-pose,x=-33.88;y=18.79;yaw=3.01
429.299999952,[debug],turtlebot2,simulation,robot-pose,x=-27.21;y=16.04;yaw=0.10
429.299999952,[debug],turtlebot2,simulation,robot-pose,x=-27.21;y=16.04;yaw=0.10
429.349999905,[debug],turtlebot3,simulation,robot-pose,x=-40.39;y=25.23;yaw=0.33
429.366666794,[debug],turtlebot5,simulation,robot-pose,x=-38.16;y=21.53;yaw=0.18
429.366666794,[debug],turtlebot4,simulation,robot-pose,x=-21.03;y=18.00;yaw=-1.54
429.483333349,[debug],turtlebot3,simulation,robot-pose,x=-40.39;y=25.23;yaw=0.33
429.483333349,[debug],turtlebot5,simulation,robot-pose,x=-38.16;y=21.53;yaw=0.18
429.483333349,[debug],turtlebot4,simulation,robot-pose,x=-21.03;y=18.00;yaw=-1.54
438.683333397,[debug],turtlebot2,move-base-info,Hooray, the base moved arrived,(x=-26;y=16)
438.683333397,[debug],turtlebot2,move-base-info,Hooray, the base moved arrived,(x=-26;y=16)
438.799999952,[debug],turtlebot2,task-update,navigation,way-point-reached,66.66666666666666%
444.0,[debug],turtlebot1,simulation,robot-pose,x=-33.88;y=18.79;yaw=3.01
444.0,[debug],turtlebot1,simulation,robot-pose,x=-33.88;y=18.79;yaw=3.01
444.299999952,[debug],turtlebot2,simulation,robot-pose,x=-26.37;y=16.23;yaw=-1.41
444.299999952,[debug],turtlebot2,simulation,robot-pose,x=-26.37;y=16.23;yaw=-1.41
444.349999905,[debug],turtlebot3,simulation,robot-pose,x=-40.39;y=25.23;yaw=0.33
444.366666794,[debug],turtlebot4,simulation,robot-pose,x=-21.03;y=18.00;yaw=-1.54
444.366666794,[debug],turtlebot5,simulation,robot-pose,x=-38.16;y=21.53;yaw=0.19
444.466666698,[debug],turtlebot3,simulation,robot-pose,x=-40.39;y=25.23;yaw=0.33
444.466666698,[debug],turtlebot4,simulation,robot-pose,x=-21.03;y=18.00;yaw=-1.54
444.466666698,[debug],turtlebot5,simulation,robot-pose,x=-38.16;y=21.53;yaw=0.19
459.0,[debug],turtlebot1,simulation,robot-pose,x=-33.88;y=18.79;yaw=3.01
459.016666651,[debug],turtlebot1,simulation,robot-pose,x=-33.88;y=18.79;yaw=3.01
459.299999952,[debug],turtlebot2,simulation,robot-pose,x=-25.89;y=15.03;yaw=-1.36
459.299999952,[debug],turtlebot2,simulation,robot-pose,x=-25.89;y=15.03;yaw=-1.36
459.349999905,[debug],turtlebot3,simulation,robot-pose,x=-40.39;y=25.23;yaw=0.33
459.366666794,[debug],turtlebot4,simulation,robot-pose,x=-21.03;y=18.00;yaw=-1.54
459.366666794,[debug],turtlebot5,simulation,robot-pose,x=-38.16;y=21.53;yaw=0.20
459.483333349,[debug],turtlebot3,simulation,robot-pose,x=-40.39;y=25.23;yaw=0.33
459.483333349,[debug],turtlebot4,simulation,robot-pose,x=-21.03;y=18.00;yaw=-1.54
459.483333349,[debug],turtlebot5,simulation,robot-pose,x=-38.16;y=21.53;yaw=0.20
465.200000048,[info],turtlebot2,skill-life-cycle,navigation,(status=RUNNING, parameters=[[-28.5, 16.0, 0.0, True], [-26.0, 16.0, -1.5707963267948966, True], [-26.0, 13.0, 1.57, False]])
474.0,[debug],turtlebot1,simulation,robot-pose,x=-33.88;y=18.79;yaw=3.01
474.0,[debug],turtlebot1,simulation,robot-pose,x=-33.88;y=18.79;yaw=3.01
474.299999952,[debug],turtlebot2,simulation,robot-pose,x=-25.94;y=13.79;yaw=-1.82
474.299999952,[debug],turtlebot2,simulation,robot-pose,x=-25.94;y=13.79;yaw=-1.82
474.349999905,[debug],turtlebot3,simulation,robot-pose,x=-40.39;y=25.23;yaw=0.33
474.366666794,[debug],turtlebot4,simulation,robot-pose,x=-21.03;y=18.00;yaw=-1.54
474.366666794,[debug],turtlebot5,simulation,robot-pose,x=-38.16;y=21.53;yaw=0.21
474.483333349,[debug],turtlebot3,simulation,robot-pose,x=-40.39;y=25.23;yaw=0.33
474.483333349,[debug],turtlebot4,simulation,robot-pose,x=-21.03;y=18.00;yaw=-1.54
474.483333349,[debug],turtlebot5,simulation,robot-pose,x=-38.16;y=21.53;yaw=0.21
485.650000095,[debug],turtlebot2,move-base-info,Hooray, the base moved arrived,(x=-26;y=13)
485.650000095,[debug],turtlebot2,move-base-info,Hooray, the base moved arrived,(x=-26;y=13)
485.783333302,[debug],turtlebot2,task-update,navigation,way-point-reached,100.0%
485.866666794,[debug],turtlebot2,available-skills,['send_message', 'wait_message', 'approach_person', 'approach_robot', 'authenticate_person', 'deposit', 'navigation', 'operate_drawer', 'pick_up'],
485.866666794,[info],turtlebot2,skill-life-cycle,approach_robot,(status=STARTED, parameters=['lab_arm'])
485.966666698,[debug],turtlebot2,task-update,approach_robot,localize-robot,(who=lab_arm)
486.950000048,[debug],turtlebot2,task-update,approach_robot,goto-robot,(who=lab_arm)
487.049999952,[debug],turtlebot2,available-skills,['send_message', 'wait_message', 'approach_person', 'approach_robot', 'authenticate_person', 'deposit', 'navigation', 'operate_drawer', 'pick_up'],
487.049999952,[info],turtlebot2,skill-life-cycle,operate_drawer,(status=STARTED, parameters=['open'])
487.099999905,[debug],turtlebot2,task-update,operate_drawer,open
488.083333254,[debug],turtlebot2,available-skills,['send_message', 'wait_message', 'approach_person', 'approach_robot', 'authenticate_person', 'deposit', 'navigation', 'operate_drawer', 'pick_up'],
488.083333254,[info],turtlebot2,skill-life-cycle,send_message,(status=STARTED, parameters=['lab_arm'])
488.166666746,[info],turtlebot2,sync,send-message,(to=lab_arm)
489.0,[debug],turtlebot1,simulation,robot-pose,x=-33.88;y=18.79;yaw=3.01
489.0,[debug],turtlebot1,simulation,robot-pose,x=-33.88;y=18.79;yaw=3.01
489.049999952,[info],lab_arm,sync,wait-message,(status=message-received)
489.066666603,[info],lab_arm,sync,wait-message,(status=message-received)
489.066666603,[info],Inventory,sync,wait-sample,(status=sample-received)
489.066666603,[info],Inventory,sync,wait-sample,(status=sample-received)
489.066666603,ENDSIM
489.066666603,ENDSIM
489.299999952,[debug],turtlebot2,simulation,robot-pose,x=-25.99;y=13.41;yaw=1.62
489.299999952,[debug],turtlebot2,simulation,robot-pose,x=-25.99;y=13.41;yaw=1.62
489.349999905,[debug],turtlebot3,simulation,robot-pose,x=-40.39;y=25.23;yaw=0.33
489.366666794,[debug],turtlebot5,simulation,robot-pose,x=-38.16;y=21.54;yaw=0.22
489.366666794,[debug],turtlebot4,simulation,robot-pose,x=-21.03;y=18.00;yaw=-1.54
489.450000048,[debug],turtlebot3,simulation,robot-pose,x=-40.39;y=25.23;yaw=0.33
489.450000048,[debug],turtlebot5,simulation,robot-pose,x=-38.16;y=21.54;yaw=0.22
489.450000048,[debug],turtlebot4,simulation,robot-pose,x=-21.03;y=18.00;yaw=-1.54
499.049999952,[info],Inventory,sync,wait-sample,(status=sample-received)
499.049999952,[info],Inventory,sync,wait-sample,(status=sample-received)
499.049999952,ENDSIM
499.049999952,ENDSIM
499.049999952,[info],lab_arm,sync,wait-message,(status=message-received)
499.049999952,[info],lab_arm,sync,wait-message,(status=message-received)
499.049999952,[info],Inventory,sync,wait-sample,(status=sample-received)
499.049999952,[info],Inventory,sync,wait-sample,(status=sample-received)
499.049999952,ENDSIM
499.049999952,ENDSIM
0.0,[debug],simulation closed,reach-target,execution-wall-clock=607.6417143344879
