0.0,0.0,[debug],logger,init,time
ROBOTS_CONFIG=[{"avg_speed": 0.15, "battery_charge": 0.15, "battery_discharge_rate": 0.0001, "id": 0, "local_plan": null, "location": "IC Room 6", "position": [-33.9, 18.93, 3.14], "skills": ["approach_person", "approach_robot", "authenticate_person", "deposit", "navigation", "operate_drawer", "pick_up"]}, {"avg_speed": 0.15, "battery_charge": 0.66, "battery_discharge_rate": 0.00014000000000000001, "id": 1, "local_plan": [["navigation", ["PC Room 3", [[-27.23, 18.0, -1.57], [-27.23, 16.0], [-28.5, 16.0], [-28.5, 18.0, -1.57]]]], ["approach_person", ["nurse"]], ["authenticate_person", ["nurse"]], ["operate_drawer", ["open"]], ["send_message", ["nurse"]], ["wait_message", ["r1"]], ["operate_drawer", ["close"]], ["navigation", ["Laboratory", [[-28.5, 18.0, -1.57], [-28.5, 16.0], [-26.0, 16.0], [-26.0, 13.0, 1.57]]]], ["approach_robot", ["lab_arm"]], ["operate_drawer", ["open"]], ["send_message", ["lab_arm"]], ["wait_message", ["r1"]], ["operate_drawer", ["close"]]], "location": "PC Room 4", "position": [-27.23, 18.0, -1.57], "skills": ["approach_person", "approach_robot", "authenticate_person", "deposit", "navigation", "operate_drawer", "pick_up"]}, {"avg_speed": 0.15, "battery_charge": 0.14, "battery_discharge_rate": 0.00011, "id": 2, "local_plan": null, "location": "IC Room 3", "position": [-40.23, 25.37, 0.0], "skills": ["approach_person", "approach_robot", "authenticate_person", "deposit", "navigation", "pick_up"]}, {"avg_speed": 0.15, "battery_charge": 0.54, "battery_discharge_rate": 0.00017, "id": 3, "local_plan": null, "location": "PC Room 5", "position": [-21.0, 18.0, -1.57], "skills": ["approach_person", "approach_robot", "authenticate_person", "deposit", "navigation", "pick_up"]}, {"avg_speed": 0.15, "battery_charge": 0.6, "battery_discharge_rate": 0.00018, "id": 4, "local_plan": null, "location": "IC Room 2", "position": [-38.0, 21.5, 0.0], "skills": ["approach_person", "approach_robot", "authenticate_person", "deposit", "navigation", "pick_up"]}]
NURSES_CONFIG=[{"location": "PC Room 3", "position": [-29.5, 19.0, -1.57]}]
logger,1625954349866564273,Simulation open
0.0,[debug],logger,init,subcribing to in the topic /log
1.83333325386,[debug],turtlebot3,move-base-info,Move_base is up and ok....,
2.04999995232,[debug],turtlebot1,move-base-info,Move_base is up and ok....,
2.06666660309,[debug],turtlebot2,move-base-info,Move_base is up and ok....,
2.09999990463,[debug],turtlebot4,move-base-info,Move_base is up and ok....,
2.15000009537,[debug],turtlebot5,move-base-info,Move_base is up and ok....,
6.93333339691,[info],turtlebot5,skill-life-cycle,init_robobt,(status=RUNNING, parameters=[])
7.3833334446,[info],turtlebot4,skill-life-cycle,init_robobt,(status=RUNNING, parameters=[])
7.3833334446,[info],turtlebot1,skill-life-cycle,init_robobt,(status=RUNNING, parameters=[])
7.48333334923,[info],turtlebot2,skill-life-cycle,init_robobt,(status=RUNNING, parameters=[])
12.5499999523,[debug],turtlebot2,available-skills,['send_message', 'wait_message', 'approach_person', 'approach_robot', 'authenticate_person', 'deposit', 'navigation', 'operate_drawer', 'pick_up'],
12.5666666031,[info],turtlebot2,skill-life-cycle,navigation,(status=STARTED, parameters=[[-27.23, 16.0, 3.141592653589793, True], [-28.5, 16.0, 1.5707963267948966, True], [-28.5, 18.0, -1.57, False]])
22.2666666508,[debug],turtlebot1,simulation,robot-pose,x=-33.83;y=18.78;yaw=2.80
22.2833333015,[debug],turtlebot1,simulation,robot-pose,x=-33.83;y=18.78;yaw=2.80
22.5333333015,[debug],turtlebot2,simulation,robot-pose,x=-27.17;y=17.59;yaw=-1.46
22.5333333015,[debug],turtlebot2,simulation,robot-pose,x=-27.17;y=17.59;yaw=-1.46
22.5833332539,[debug],turtlebot3,simulation,robot-pose,x=-40.39;y=25.23;yaw=0.34
22.5833332539,[debug],turtlebot3,simulation,robot-pose,x=-40.39;y=25.23;yaw=0.34
22.6833333969,[debug],turtlebot4,simulation,robot-pose,x=-20.99;y=18.00;yaw=-1.54
22.6833333969,[debug],turtlebot4,simulation,robot-pose,x=-20.99;y=18.00;yaw=-1.54
22.7666666508,[debug],turtlebot5,simulation,robot-pose,x=-38.00;y=21.48;yaw=0.01
22.7666666508,[debug],turtlebot5,simulation,robot-pose,x=-38.00;y=21.48;yaw=0.01
37.25,[debug],turtlebot1,simulation,robot-pose,x=-33.84;y=18.78;yaw=2.82
37.2999999523,[debug],turtlebot1,simulation,robot-pose,x=-33.84;y=18.78;yaw=2.82
37.5333333015,[debug],turtlebot2,simulation,robot-pose,x=-27.14;y=16.47;yaw=-2.44
37.5333333015,[debug],turtlebot2,simulation,robot-pose,x=-27.14;y=16.47;yaw=-2.44
37.5833332539,[debug],turtlebot3,simulation,robot-pose,x=-40.39;y=25.23;yaw=0.33
37.5833332539,[debug],turtlebot3,simulation,robot-pose,x=-40.39;y=25.23;yaw=0.33
37.6833333969,[debug],turtlebot4,simulation,robot-pose,x=-20.99;y=18.00;yaw=-1.54
37.6833333969,[debug],turtlebot4,simulation,robot-pose,x=-20.99;y=18.00;yaw=-1.54
37.7666666508,[debug],turtlebot5,simulation,robot-pose,x=-38.00;y=21.48;yaw=0.01
37.7666666508,[debug],turtlebot5,simulation,robot-pose,x=-38.00;y=21.48;yaw=0.01
39.6500000954,[debug],turtlebot2,move-base-info,Hooray, the base moved arrived,(x=-27.23;y=16)
39.6500000954,[debug],turtlebot2,move-base-info,Hooray, the base moved arrived,(x=-27.23;y=16)
39.6500000954,[debug],turtlebot2,task-update,navigation,way-point-reached,33.33333333333333%
52.25,[debug],turtlebot1,simulation,robot-pose,x=-33.85;y=18.78;yaw=2.84
52.2833333015,[debug],turtlebot1,simulation,robot-pose,x=-33.85;y=18.78;yaw=2.84
52.5333333015,[debug],turtlebot2,simulation,robot-pose,x=-28.11;y=16.28;yaw=3.01
52.5333333015,[debug],turtlebot2,simulation,robot-pose,x=-28.11;y=16.28;yaw=3.01
52.5833332539,[debug],turtlebot3,simulation,robot-pose,x=-40.39;y=25.23;yaw=0.33
52.5833332539,[debug],turtlebot3,simulation,robot-pose,x=-40.39;y=25.23;yaw=0.33
52.6833333969,[debug],turtlebot4,simulation,robot-pose,x=-20.99;y=18.00;yaw=-1.54
52.6833333969,[debug],turtlebot4,simulation,robot-pose,x=-20.99;y=18.00;yaw=-1.54
52.7666666508,[debug],turtlebot5,simulation,robot-pose,x=-38.00;y=21.48;yaw=0.01
52.7666666508,[debug],turtlebot5,simulation,robot-pose,x=-38.00;y=21.48;yaw=0.01
56.5,[debug],turtlebot2,move-base-info,Hooray, the base moved arrived,(x=-28.5;y=16)
56.5,[debug],turtlebot2,move-base-info,Hooray, the base moved arrived,(x=-28.5;y=16)
56.6833333969,[debug],turtlebot2,task-update,navigation,way-point-reached,66.66666666666666%
58.2166666985,[info],turtlebot2,skill-life-cycle,navigation,(status=RUNNING, parameters=[[-27.23, 16.0, 3.141592653589793, True], [-28.5, 16.0, 1.5707963267948966, True], [-28.5, 18.0, -1.57, False]])
67.25,[debug],turtlebot1,simulation,robot-pose,x=-33.85;y=18.78;yaw=2.85
67.3333332539,[debug],turtlebot1,simulation,robot-pose,x=-33.85;y=18.78;yaw=2.85
67.5333333015,[debug],turtlebot2,simulation,robot-pose,x=-28.44;y=17.53;yaw=1.97
67.5333333015,[debug],turtlebot2,simulation,robot-pose,x=-28.44;y=17.53;yaw=1.97
67.5833332539,[debug],turtlebot3,simulation,robot-pose,x=-40.39;y=25.23;yaw=0.33
67.5833332539,[debug],turtlebot3,simulation,robot-pose,x=-40.39;y=25.23;yaw=0.33
67.6833333969,[debug],turtlebot4,simulation,robot-pose,x=-20.99;y=18.00;yaw=-1.54
67.6833333969,[debug],turtlebot4,simulation,robot-pose,x=-20.99;y=18.00;yaw=-1.54
67.7666666508,[debug],turtlebot5,simulation,robot-pose,x=-38.00;y=21.48;yaw=0.01
67.7666666508,[debug],turtlebot5,simulation,robot-pose,x=-38.00;y=21.48;yaw=0.01
74.6166665554,[debug],turtlebot2,move-base-info,Hooray, the base moved arrived,(x=-28.5;y=18)
74.6166665554,[debug],turtlebot2,move-base-info,Hooray, the base moved arrived,(x=-28.5;y=18)
74.6833333969,[debug],turtlebot2,task-update,navigation,way-point-reached,100.0%
74.7833333015,[debug],turtlebot2,available-skills,['send_message', 'wait_message', 'approach_person', 'approach_robot', 'authenticate_person', 'deposit', 'navigation', 'operate_drawer', 'pick_up'],
74.7833333015,[info],turtlebot2,skill-life-cycle,approach_person,(status=STARTED, parameters=['nurse'])
74.7999999523,[debug],turtlebot2,task-update,approach_person,localize-person,(who=nurse)
75.0833332539,[debug],turtlebot2,task-update,approach_person,goto-person,(who=nurse)
75.1666667461,[debug],turtlebot2,available-skills,['send_message', 'wait_message', 'approach_person', 'approach_robot', 'authenticate_person', 'deposit', 'navigation', 'operate_drawer', 'pick_up'],
75.1666667461,[info],turtlebot2,skill-life-cycle,authenticate_person,(status=STARTED, parameters=['nurse'])
75.2333333492,[debug],turtlebot2,task-update,authenticate_person,request-authentication,(to=nurse)
75.2333333492,[info],nurse,sync,received-request,(status=sending-request)
75.3166666031,[info],nurse,sync,received-request,(status=sending-request)
75.6666667461,[debug],turtlebot2,task-update,authenticate_person,received-authentication,(from=nurse)
75.75,[debug],turtlebot2,available-skills,['send_message', 'wait_message', 'approach_person', 'approach_robot', 'authenticate_person', 'deposit', 'navigation', 'operate_drawer', 'pick_up'],
75.75,[info],turtlebot2,skill-life-cycle,operate_drawer,(status=STARTED, parameters=['open'])
75.9166667461,[debug],turtlebot2,task-update,operate_drawer,open
76.8833334446,[debug],turtlebot2,available-skills,['send_message', 'wait_message', 'approach_person', 'approach_robot', 'authenticate_person', 'deposit', 'navigation', 'operate_drawer', 'pick_up'],
76.8833334446,[info],turtlebot2,skill-life-cycle,send_message,(status=STARTED, parameters=['nurse'])
76.9833333492,[info],turtlebot2,sync,send-message,(to=nurse)
77.8666665554,[info],nurse,sync,wait-message,(status=message-received)
77.8666665554,[info],nurse,sync,wait-message,(status=message-received)
80.4833333492,[debug],turtlebot2,available-skills,['send_message', 'wait_message', 'approach_person', 'approach_robot', 'authenticate_person', 'deposit', 'navigation', 'operate_drawer', 'pick_up'],
80.4833333492,[info],turtlebot2,skill-life-cycle,wait_message,(status=STARTED, parameters=['r1'])
81.8833334446,[info],turtlebot2,sync,wait-message,(status=message-received)
81.9833333492,[debug],turtlebot2,available-skills,['send_message', 'wait_message', 'approach_person', 'approach_robot', 'authenticate_person', 'deposit', 'navigation', 'operate_drawer', 'pick_up'],
81.9833333492,[info],turtlebot2,skill-life-cycle,operate_drawer,(status=STARTED, parameters=['close'])
82.0666666031,[debug],turtlebot2,task-update,operate_drawer,close
82.25,[debug],turtlebot1,simulation,robot-pose,x=-33.85;y=18.78;yaw=2.87
82.2833333015,[debug],turtlebot1,simulation,robot-pose,x=-33.85;y=18.78;yaw=2.87
82.5333333015,[debug],turtlebot2,simulation,robot-pose,x=-28.45;y=17.60;yaw=-1.61
82.5333333015,[debug],turtlebot2,simulation,robot-pose,x=-28.45;y=17.60;yaw=-1.61
82.5833332539,[debug],turtlebot3,simulation,robot-pose,x=-40.39;y=25.23;yaw=0.33
82.5833332539,[debug],turtlebot3,simulation,robot-pose,x=-40.39;y=25.23;yaw=0.33
82.6833333969,[debug],turtlebot4,simulation,robot-pose,x=-20.99;y=18.00;yaw=-1.54
82.6833333969,[debug],turtlebot4,simulation,robot-pose,x=-20.99;y=18.00;yaw=-1.54
82.7666666508,[debug],turtlebot5,simulation,robot-pose,x=-38.00;y=21.48;yaw=0.01
82.7666666508,[debug],turtlebot5,simulation,robot-pose,x=-38.00;y=21.48;yaw=0.01
83.0166666508,[debug],turtlebot2,available-skills,['send_message', 'wait_message', 'approach_person', 'approach_robot', 'authenticate_person', 'deposit', 'navigation', 'operate_drawer', 'pick_up'],
83.0166666508,[info],turtlebot2,skill-life-cycle,navigation,(status=STARTED, parameters=[[-28.5, 16.0, 0.0, True], [-26.0, 16.0, -1.5707963267948966, True], [-26.0, 13.0, 1.57, False]])
87.8666665554,[info],nurse,sync,wait-message,(status=message-received)
87.8666665554,[info],nurse,sync,wait-message,(status=message-received)
95.2333333492,[info],nurse,sync,request-sent,(status=waiting)
95.2833333015,[info],nurse,sync,request-sent,(status=waiting)
97.25,[debug],turtlebot1,simulation,robot-pose,x=-33.85;y=18.78;yaw=2.88
97.2833333015,[debug],turtlebot1,simulation,robot-pose,x=-33.85;y=18.78;yaw=2.88
97.5333333015,[debug],turtlebot2,simulation,robot-pose,x=-28.58;y=16.78;yaw=-1.65
97.5333333015,[debug],turtlebot2,simulation,robot-pose,x=-28.58;y=16.78;yaw=-1.65
97.5833332539,[debug],turtlebot3,simulation,robot-pose,x=-40.39;y=25.23;yaw=0.33
97.5833332539,[debug],turtlebot3,simulation,robot-pose,x=-40.39;y=25.23;yaw=0.33
97.6833333969,[debug],turtlebot4,simulation,robot-pose,x=-20.99;y=18.00;yaw=-1.54
97.6833333969,[debug],turtlebot4,simulation,robot-pose,x=-20.99;y=18.00;yaw=-1.54
97.7666666508,[debug],turtlebot5,simulation,robot-pose,x=-38.00;y=21.48;yaw=0.01
97.7666666508,[debug],turtlebot5,simulation,robot-pose,x=-38.00;y=21.48;yaw=0.01
97.8666665554,[info],nurse,sync,wait-message,(status=message-received)
97.8666665554,[info],nurse,sync,wait-message,(status=message-received)
105.049999952,[debug],turtlebot2,move-base-info,Hooray, the base moved arrived,(x=-28.5;y=16)
105.049999952,[debug],turtlebot2,move-base-info,Hooray, the base moved arrived,(x=-28.5;y=16)
105.066666603,[debug],turtlebot2,task-update,navigation,way-point-reached,33.33333333333333%
107.866666555,[info],nurse,sync,wait-message,(status=message-received)
107.866666555,[info],nurse,sync,wait-message,(status=message-received)
110.516666651,[info],turtlebot2,skill-life-cycle,navigation,(status=RUNNING, parameters=[[-28.5, 16.0, 0.0, True], [-26.0, 16.0, -1.5707963267948966, True], [-26.0, 13.0, 1.57, False]])
112.25,[debug],turtlebot1,simulation,robot-pose,x=-33.85;y=18.79;yaw=2.90
112.299999952,[debug],turtlebot1,simulation,robot-pose,x=-33.85;y=18.79;yaw=2.90
112.533333302,[debug],turtlebot2,simulation,robot-pose,x=-28.26;y=16.36;yaw=-0.42
112.533333302,[debug],turtlebot2,simulation,robot-pose,x=-28.26;y=16.36;yaw=-0.42
112.583333254,[debug],turtlebot3,simulation,robot-pose,x=-40.39;y=25.23;yaw=0.33
112.583333254,[debug],turtlebot3,simulation,robot-pose,x=-40.39;y=25.23;yaw=0.33
112.683333397,[debug],turtlebot4,simulation,robot-pose,x=-20.99;y=18.00;yaw=-1.54
112.683333397,[debug],turtlebot4,simulation,robot-pose,x=-20.99;y=18.00;yaw=-1.54
112.766666651,[debug],turtlebot5,simulation,robot-pose,x=-38.00;y=21.48;yaw=0.01
112.766666651,[debug],turtlebot5,simulation,robot-pose,x=-38.00;y=21.48;yaw=0.01
127.25,[debug],turtlebot1,simulation,robot-pose,x=-33.86;y=18.79;yaw=2.93
127.299999952,[debug],turtlebot1,simulation,robot-pose,x=-33.86;y=18.79;yaw=2.93
127.533333302,[debug],turtlebot2,simulation,robot-pose,x=-26.40;y=16.28;yaw=-0.25
127.533333302,[debug],turtlebot2,simulation,robot-pose,x=-26.40;y=16.28;yaw=-0.25
127.583333254,[debug],turtlebot3,simulation,robot-pose,x=-40.39;y=25.23;yaw=0.33
127.583333254,[debug],turtlebot3,simulation,robot-pose,x=-40.39;y=25.23;yaw=0.33
127.683333397,[debug],turtlebot4,simulation,robot-pose,x=-21.00;y=18.00;yaw=-1.54
127.683333397,[debug],turtlebot4,simulation,robot-pose,x=-21.00;y=18.00;yaw=-1.54
127.766666651,[debug],turtlebot5,simulation,robot-pose,x=-38.00;y=21.48;yaw=0.01
127.766666651,[debug],turtlebot5,simulation,robot-pose,x=-38.00;y=21.48;yaw=0.01
131.299999952,[debug],turtlebot2,move-base-info,Hooray, the base moved arrived,(x=-26;y=16)
131.333333254,[debug],turtlebot2,move-base-info,Hooray, the base moved arrived,(x=-26;y=16)
131.516666651,[debug],turtlebot2,task-update,navigation,way-point-reached,66.66666666666666%
142.25,[debug],turtlebot1,simulation,robot-pose,x=-33.87;y=18.79;yaw=2.95
142.283333302,[debug],turtlebot1,simulation,robot-pose,x=-33.87;y=18.79;yaw=2.95
142.533333302,[debug],turtlebot2,simulation,robot-pose,x=-26.18;y=15.80;yaw=-1.18
142.533333302,[debug],turtlebot2,simulation,robot-pose,x=-26.18;y=15.80;yaw=-1.18
142.583333254,[debug],turtlebot3,simulation,robot-pose,x=-40.39;y=25.23;yaw=0.33
142.583333254,[debug],turtlebot3,simulation,robot-pose,x=-40.39;y=25.23;yaw=0.33
142.683333397,[debug],turtlebot4,simulation,robot-pose,x=-21.00;y=18.00;yaw=-1.54
142.683333397,[debug],turtlebot4,simulation,robot-pose,x=-21.00;y=18.00;yaw=-1.54
142.766666651,[debug],turtlebot5,simulation,robot-pose,x=-38.00;y=21.48;yaw=0.01
142.766666651,[debug],turtlebot5,simulation,robot-pose,x=-38.00;y=21.48;yaw=0.01
157.25,[debug],turtlebot1,simulation,robot-pose,x=-33.87;y=18.79;yaw=2.98
157.283333302,[debug],turtlebot1,simulation,robot-pose,x=-33.87;y=18.79;yaw=2.98
157.533333302,[debug],turtlebot2,simulation,robot-pose,x=-25.82;y=14.58;yaw=-1.50
157.533333302,[debug],turtlebot2,simulation,robot-pose,x=-25.82;y=14.58;yaw=-1.50
157.583333254,[debug],turtlebot3,simulation,robot-pose,x=-40.39;y=25.23;yaw=0.33
157.583333254,[debug],turtlebot3,simulation,robot-pose,x=-40.39;y=25.23;yaw=0.33
157.683333397,[debug],turtlebot4,simulation,robot-pose,x=-21.00;y=18.00;yaw=-1.54
157.683333397,[debug],turtlebot4,simulation,robot-pose,x=-21.00;y=18.00;yaw=-1.54
157.766666651,[debug],turtlebot5,simulation,robot-pose,x=-38.00;y=21.48;yaw=0.01
157.766666651,[debug],turtlebot5,simulation,robot-pose,x=-38.00;y=21.48;yaw=0.01
160.416666746,[info],turtlebot2,skill-life-cycle,navigation,(status=RUNNING, parameters=[[-28.5, 16.0, 0.0, True], [-26.0, 16.0, -1.5707963267948966, True], [-26.0, 13.0, 1.57, False]])
172.25,[debug],turtlebot1,simulation,robot-pose,x=-33.88;y=18.79;yaw=3.00
172.283333302,[debug],turtlebot1,simulation,robot-pose,x=-33.88;y=18.79;yaw=3.00
172.533333302,[debug],turtlebot2,simulation,robot-pose,x=-25.90;y=13.46;yaw=-2.60
172.533333302,[debug],turtlebot2,simulation,robot-pose,x=-25.90;y=13.46;yaw=-2.60
172.583333254,[debug],turtlebot3,simulation,robot-pose,x=-40.39;y=25.23;yaw=0.33
172.583333254,[debug],turtlebot3,simulation,robot-pose,x=-40.39;y=25.23;yaw=0.33
172.683333397,[debug],turtlebot4,simulation,robot-pose,x=-21.00;y=18.00;yaw=-1.54
172.683333397,[debug],turtlebot4,simulation,robot-pose,x=-21.00;y=18.00;yaw=-1.54
172.766666651,[debug],turtlebot5,simulation,robot-pose,x=-38.00;y=21.48;yaw=0.01
172.766666651,[debug],turtlebot5,simulation,robot-pose,x=-38.00;y=21.48;yaw=0.01
178.066666603,[debug],turtlebot2,move-base-info,Hooray, the base moved arrived,(x=-26;y=13)
178.066666603,[debug],turtlebot2,move-base-info,Hooray, the base moved arrived,(x=-26;y=13)
178.183333397,[debug],turtlebot2,task-update,navigation,way-point-reached,100.0%
178.283333302,[debug],turtlebot2,available-skills,['send_message', 'wait_message', 'approach_person', 'approach_robot', 'authenticate_person', 'deposit', 'navigation', 'operate_drawer', 'pick_up'],
178.283333302,[info],turtlebot2,skill-life-cycle,approach_robot,(status=STARTED, parameters=['lab_arm'])
178.383333445,[debug],turtlebot2,task-update,approach_robot,localize-robot,(who=lab_arm)
178.916666746,[debug],turtlebot2,task-update,approach_robot,goto-robot,(who=lab_arm)
179.016666651,[debug],turtlebot2,available-skills,['send_message', 'wait_message', 'approach_person', 'approach_robot', 'authenticate_person', 'deposit', 'navigation', 'operate_drawer', 'pick_up'],
179.016666651,[info],turtlebot2,skill-life-cycle,operate_drawer,(status=STARTED, parameters=['open'])
179.066666603,[debug],turtlebot2,task-update,operate_drawer,open
180.033333302,[debug],turtlebot2,available-skills,['send_message', 'wait_message', 'approach_person', 'approach_robot', 'authenticate_person', 'deposit', 'navigation', 'operate_drawer', 'pick_up'],
180.033333302,[info],turtlebot2,skill-life-cycle,send_message,(status=STARTED, parameters=['lab_arm'])
180.099999905,[info],turtlebot2,sync,send-message,(to=lab_arm)
180.966666698,[info],lab_arm,sync,wait-message,(status=message-received)
180.966666698,[info],lab_arm,sync,wait-message,(status=message-received)
180.966666698,[info],Inventory,sync,wait-sample,(status=sample-received)
180.966666698,ENDSIM
180.966666698,[info],Inventory,sync,wait-sample,(status=sample-received)
180.983333349,ENDSIM
187.25,[debug],turtlebot1,simulation,robot-pose,x=-33.88;y=18.79;yaw=3.00
187.266666651,[debug],turtlebot1,simulation,robot-pose,x=-33.88;y=18.79;yaw=3.00
187.533333302,[debug],turtlebot2,simulation,robot-pose,x=-25.94;y=13.41;yaw=1.62
187.533333302,[debug],turtlebot2,simulation,robot-pose,x=-25.94;y=13.41;yaw=1.62
187.583333254,[debug],turtlebot3,simulation,robot-pose,x=-40.39;y=25.23;yaw=0.33
187.583333254,[debug],turtlebot3,simulation,robot-pose,x=-40.39;y=25.23;yaw=0.33
187.683333397,[debug],turtlebot4,simulation,robot-pose,x=-21.00;y=18.00;yaw=-1.54
187.683333397,[debug],turtlebot4,simulation,robot-pose,x=-21.00;y=18.00;yaw=-1.54
187.766666651,[debug],turtlebot5,simulation,robot-pose,x=-38.00;y=21.48;yaw=0.01
187.766666651,[debug],turtlebot5,simulation,robot-pose,x=-38.00;y=21.48;yaw=0.01
190.966666698,[info],Inventory,sync,wait-sample,(status=sample-received)
190.966666698,ENDSIM
190.966666698,[info],Inventory,sync,wait-sample,(status=sample-received)
190.966666698,[info],lab_arm,sync,wait-message,(status=message-received)
190.966666698,ENDSIM
190.966666698,[info],Inventory,sync,wait-sample,(status=sample-received)
190.966666698,[info],lab_arm,sync,wait-message,(status=message-received)
190.966666698,[info],Inventory,sync,wait-sample,(status=sample-received)
190.966666698,ENDSIM
190.966666698,ENDSIM
0.0,[debug],simulation closed,reach-target,execution-wall-clock=237.24213933944702
