0.0,0.0,[debug],logger,init,time
ROBOTS_CONFIG=[{"avg_speed": 0.15, "battery_charge": 0.34, "battery_discharge_rate": 0.00017, "id": 0, "local_plan": null, "location": "PC Room 7", "position": [-13.5, 18.0, -1.57], "skills": ["approach_person", "approach_robot", "authenticate_person", "deposit", "navigation", "pick_up"]}, {"avg_speed": 0.15, "battery_charge": 0.26, "battery_discharge_rate": 0.00018, "id": 1, "local_plan": null, "location": "IC Room 4", "position": [-39.44, 33.95, 0.0], "skills": ["approach_person", "approach_robot", "authenticate_person", "deposit", "navigation", "operate_drawer", "pick_up"]}, {"avg_speed": 0.15, "battery_charge": 0.45, "battery_discharge_rate": 0.00012000000000000002, "id": 2, "local_plan": null, "location": "IC Room 3", "position": [-40.23, 25.37, 0.0], "skills": ["approach_person", "approach_robot", "authenticate_person", "deposit", "navigation", "operate_drawer", "pick_up"]}, {"avg_speed": 0.15, "battery_charge": 0.43, "battery_discharge_rate": 0.00011, "id": 3, "local_plan": null, "location": "IC Room 5", "position": [-32.88, 33.98, 3.14], "skills": ["approach_person", "approach_robot", "authenticate_person", "deposit", "navigation", "operate_drawer", "pick_up"]}, {"avg_speed": 0.15, "battery_charge": 0.16, "battery_discharge_rate": 0.00015000000000000001, "id": 4, "local_plan": [["navigation", ["IC Room 2", [[-21.0, 18.0, -1.57], [-21.0, 16.0], [-37.0, 16.0], [-37.0, 21.5], [-38.0, 21.5, 0.0]]]], ["approach_person", ["nurse"]], ["authenticate_person", ["nurse"]], ["operate_drawer", ["open"]], ["send_message", ["nurse"]], ["wait_message", ["r1"]], ["operate_drawer", ["close"]], ["navigation", ["Laboratory", [[-38.0, 21.5, 0.0], [-37.0, 21.5], [-37.0, 16.0], [-26.0, 16.0], [-26.0, 13.0, 1.57]]]], ["approach_robot", ["lab_arm"]], ["operate_drawer", ["open"]], ["send_message", ["lab_arm"]], ["wait_message", ["r1"]], ["operate_drawer", ["close"]]], "location": "PC Room 5", "position": [-21.0, 18.0, -1.57], "skills": ["approach_person", "approach_robot", "authenticate_person", "deposit", "navigation", "operate_drawer", "pick_up"]}]
NURSES_CONFIG=[{"location": "IC Room 2", "position": [-39.0, 20.5, 0.0]}]
logger,1625894672129823446,Simulation open
0.0,[debug],logger,init,subcribing to in the topic /log
1.48333334923,[debug],turtlebot4,move-base-info,Move_base is up and ok....,
1.58333325386,[debug],turtlebot1,move-base-info,Move_base is up and ok....,
1.81666660309,[debug],turtlebot3,move-base-info,Move_base is up and ok....,
1.8833334446,[debug],turtlebot5,move-base-info,Move_base is up and ok....,
1.90000009537,[debug],turtlebot2,move-base-info,Move_base is up and ok....,
6.08333325386,[info],turtlebot1,skill-life-cycle,init_robobt,(status=RUNNING, parameters=[])
7.01666665077,[debug],turtlebot5,available-skills,['send_message', 'wait_message', 'approach_person', 'approach_robot', 'authenticate_person', 'deposit', 'navigation', 'operate_drawer', 'pick_up'],
7.01666665077,[info],turtlebot5,skill-life-cycle,navigation,(status=STARTED, parameters=[[-21.0, 16.0, 3.141592653589793, True], [-37.0, 16.0, 1.5707963267948966, True], [-37.0, 21.5, 3.141592653589793, True], [-38.0, 21.5, 0.0, False]])
7.73333334923,[info],turtlebot2,skill-life-cycle,init_robobt,(status=RUNNING, parameters=[])
7.98333334923,[info],turtlebot3,skill-life-cycle,init_robobt,(status=RUNNING, parameters=[])
8.04999995232,[info],turtlebot4,skill-life-cycle,init_robobt,(status=RUNNING, parameters=[])
22.4500000477,[debug],turtlebot1,simulation,robot-pose,x=-13.50;y=18.00;yaw=-1.50
22.4500000477,[debug],turtlebot1,simulation,robot-pose,x=-13.50;y=18.00;yaw=-1.50
22.6500000954,[debug],turtlebot2,simulation,robot-pose,x=-39.51;y=33.84;yaw=0.46
22.6500000954,[debug],turtlebot2,simulation,robot-pose,x=-39.51;y=33.84;yaw=0.46
22.7000000477,[debug],turtlebot3,simulation,robot-pose,x=-40.39;y=25.23;yaw=0.34
22.7000000477,[debug],turtlebot3,simulation,robot-pose,x=-40.39;y=25.23;yaw=0.34
22.7000000477,[debug],turtlebot4,simulation,robot-pose,x=-32.89;y=33.97;yaw=-3.10
22.7000000477,[debug],turtlebot4,simulation,robot-pose,x=-32.89;y=33.97;yaw=-3.10
22.7333333492,[debug],turtlebot5,simulation,robot-pose,x=-20.95;y=16.98;yaw=-1.56
22.7333333492,[debug],turtlebot5,simulation,robot-pose,x=-20.95;y=16.98;yaw=-1.56
32.7999999523,[debug],turtlebot5,move-base-info,Hooray, the base moved arrived,(x=-21;y=16)
32.7999999523,[debug],turtlebot5,move-base-info,Hooray, the base moved arrived,(x=-21;y=16)
32.8833334446,[debug],turtlebot5,task-update,navigation,way-point-reached,25.0%
37.4500000477,[debug],turtlebot1,simulation,robot-pose,x=-13.49;y=18.00;yaw=-1.49
37.4500000477,[debug],turtlebot1,simulation,robot-pose,x=-13.49;y=18.00;yaw=-1.49
37.6500000954,[debug],turtlebot2,simulation,robot-pose,x=-39.51;y=33.84;yaw=0.46
37.6500000954,[debug],turtlebot2,simulation,robot-pose,x=-39.51;y=33.84;yaw=0.46
37.7000000477,[debug],turtlebot4,simulation,robot-pose,x=-32.89;y=33.97;yaw=-3.10
37.7000000477,[debug],turtlebot4,simulation,robot-pose,x=-32.89;y=33.97;yaw=-3.10
37.7000000477,[debug],turtlebot3,simulation,robot-pose,x=-40.39;y=25.23;yaw=0.33
37.7000000477,[debug],turtlebot3,simulation,robot-pose,x=-40.39;y=25.23;yaw=0.33
37.7333333492,[debug],turtlebot5,simulation,robot-pose,x=-20.93;y=16.45;yaw=-3.05
37.7333333492,[debug],turtlebot5,simulation,robot-pose,x=-20.93;y=16.45;yaw=-3.05
49.9333333969,[info],turtlebot5,skill-life-cycle,navigation,(status=RUNNING, parameters=[[-21.0, 16.0, 3.141592653589793, True], [-37.0, 16.0, 1.5707963267948966, True], [-37.0, 21.5, 3.141592653589793, True], [-38.0, 21.5, 0.0, False]])
52.4500000477,[debug],turtlebot1,simulation,robot-pose,x=-13.49;y=18.00;yaw=-1.48
52.4500000477,[debug],turtlebot1,simulation,robot-pose,x=-13.49;y=18.00;yaw=-1.48
52.6500000954,[debug],turtlebot2,simulation,robot-pose,x=-39.51;y=33.84;yaw=0.46
52.6500000954,[debug],turtlebot2,simulation,robot-pose,x=-39.51;y=33.84;yaw=0.46
52.7000000477,[debug],turtlebot3,simulation,robot-pose,x=-40.39;y=25.23;yaw=0.33
52.7000000477,[debug],turtlebot4,simulation,robot-pose,x=-32.89;y=33.97;yaw=-3.10
52.7000000477,[debug],turtlebot3,simulation,robot-pose,x=-40.39;y=25.23;yaw=0.33
52.7000000477,[debug],turtlebot4,simulation,robot-pose,x=-32.89;y=33.97;yaw=-3.10
52.7333333492,[debug],turtlebot5,simulation,robot-pose,x=-22.78;y=15.95;yaw=3.06
52.7333333492,[debug],turtlebot5,simulation,robot-pose,x=-22.78;y=15.95;yaw=3.06
67.4500000477,[debug],turtlebot1,simulation,robot-pose,x=-13.49;y=18.00;yaw=-1.47
67.4500000477,[debug],turtlebot1,simulation,robot-pose,x=-13.49;y=18.00;yaw=-1.47
67.6500000954,[debug],turtlebot2,simulation,robot-pose,x=-39.51;y=33.84;yaw=0.46
67.6500000954,[debug],turtlebot2,simulation,robot-pose,x=-39.51;y=33.84;yaw=0.46
67.7000000477,[debug],turtlebot3,simulation,robot-pose,x=-40.39;y=25.23;yaw=0.33
67.7000000477,[debug],turtlebot4,simulation,robot-pose,x=-32.89;y=33.97;yaw=-3.10
67.7000000477,[debug],turtlebot3,simulation,robot-pose,x=-40.39;y=25.23;yaw=0.33
67.7000000477,[debug],turtlebot4,simulation,robot-pose,x=-32.89;y=33.97;yaw=-3.10
67.7333333492,[debug],turtlebot5,simulation,robot-pose,x=-25.29;y=15.95;yaw=-3.11
67.7333333492,[debug],turtlebot5,simulation,robot-pose,x=-25.29;y=15.95;yaw=-3.11
82.4500000477,[debug],turtlebot1,simulation,robot-pose,x=-13.49;y=17.99;yaw=-1.45
82.4500000477,[debug],turtlebot1,simulation,robot-pose,x=-13.49;y=17.99;yaw=-1.45
82.6500000954,[debug],turtlebot2,simulation,robot-pose,x=-39.51;y=33.84;yaw=0.46
82.6500000954,[debug],turtlebot2,simulation,robot-pose,x=-39.51;y=33.84;yaw=0.46
82.7000000477,[debug],turtlebot3,simulation,robot-pose,x=-40.39;y=25.23;yaw=0.33
82.7000000477,[debug],turtlebot4,simulation,robot-pose,x=-32.90;y=33.97;yaw=-3.10
82.7000000477,[debug],turtlebot3,simulation,robot-pose,x=-40.39;y=25.23;yaw=0.33
82.7000000477,[debug],turtlebot4,simulation,robot-pose,x=-32.90;y=33.97;yaw=-3.10
82.7333333492,[debug],turtlebot5,simulation,robot-pose,x=-27.95;y=16.18;yaw=-3.07
82.7333333492,[debug],turtlebot5,simulation,robot-pose,x=-27.95;y=16.18;yaw=-3.07
97.4500000477,[debug],turtlebot1,simulation,robot-pose,x=-13.49;y=17.99;yaw=-1.44
97.4500000477,[debug],turtlebot1,simulation,robot-pose,x=-13.49;y=17.99;yaw=-1.44
97.6500000954,[debug],turtlebot2,simulation,robot-pose,x=-39.51;y=33.84;yaw=0.46
97.6500000954,[debug],turtlebot2,simulation,robot-pose,x=-39.51;y=33.84;yaw=0.46
97.7000000477,[debug],turtlebot4,simulation,robot-pose,x=-32.90;y=33.97;yaw=-3.10
97.7000000477,[debug],turtlebot3,simulation,robot-pose,x=-40.39;y=25.23;yaw=0.33
97.7000000477,[debug],turtlebot4,simulation,robot-pose,x=-32.90;y=33.97;yaw=-3.10
97.7000000477,[debug],turtlebot3,simulation,robot-pose,x=-40.39;y=25.23;yaw=0.33
97.7333333492,[debug],turtlebot5,simulation,robot-pose,x=-30.38;y=16.11;yaw=-3.12
97.7333333492,[debug],turtlebot5,simulation,robot-pose,x=-30.38;y=16.11;yaw=-3.12
98.7833333015,[info],turtlebot5,skill-life-cycle,navigation,(status=RUNNING, parameters=[[-21.0, 16.0, 3.141592653589793, True], [-37.0, 16.0, 1.5707963267948966, True], [-37.0, 21.5, 3.141592653589793, True], [-38.0, 21.5, 0.0, False]])
112.450000048,[debug],turtlebot1,simulation,robot-pose,x=-13.49;y=17.99;yaw=-1.42
112.450000048,[debug],turtlebot1,simulation,robot-pose,x=-13.49;y=17.99;yaw=-1.42
112.650000095,[debug],turtlebot2,simulation,robot-pose,x=-39.51;y=33.84;yaw=0.46
112.650000095,[debug],turtlebot2,simulation,robot-pose,x=-39.51;y=33.84;yaw=0.46
112.700000048,[debug],turtlebot3,simulation,robot-pose,x=-40.39;y=25.23;yaw=0.33
112.700000048,[debug],turtlebot4,simulation,robot-pose,x=-32.90;y=33.97;yaw=-3.09
112.700000048,[debug],turtlebot3,simulation,robot-pose,x=-40.39;y=25.23;yaw=0.33
112.700000048,[debug],turtlebot4,simulation,robot-pose,x=-32.90;y=33.97;yaw=-3.09
112.733333349,[debug],turtlebot5,simulation,robot-pose,x=-32.86;y=16.10;yaw=3.14
112.733333349,[debug],turtlebot5,simulation,robot-pose,x=-32.86;y=16.10;yaw=3.14
127.450000048,[debug],turtlebot1,simulation,robot-pose,x=-13.49;y=17.99;yaw=-1.40
127.450000048,[debug],turtlebot1,simulation,robot-pose,x=-13.49;y=17.99;yaw=-1.40
127.650000095,[debug],turtlebot2,simulation,robot-pose,x=-39.51;y=33.84;yaw=0.46
127.650000095,[debug],turtlebot2,simulation,robot-pose,x=-39.51;y=33.84;yaw=0.46
127.700000048,[debug],turtlebot3,simulation,robot-pose,x=-40.39;y=25.23;yaw=0.33
127.700000048,[debug],turtlebot3,simulation,robot-pose,x=-40.39;y=25.23;yaw=0.33
127.700000048,[debug],turtlebot4,simulation,robot-pose,x=-32.90;y=33.97;yaw=-3.09
127.700000048,[debug],turtlebot4,simulation,robot-pose,x=-32.90;y=33.97;yaw=-3.09
127.733333349,[debug],turtlebot5,simulation,robot-pose,x=-35.36;y=16.10;yaw=-3.14
127.733333349,[debug],turtlebot5,simulation,robot-pose,x=-35.36;y=16.10;yaw=-3.14
139.366666555,[debug],turtlebot5,move-base-info,Hooray, the base moved arrived,(x=-37;y=16)
139.366666555,[debug],turtlebot5,move-base-info,Hooray, the base moved arrived,(x=-37;y=16)
139.450000048,[debug],turtlebot5,task-update,navigation,way-point-reached,50.0%
142.450000048,[debug],turtlebot1,simulation,robot-pose,x=-13.49;y=17.98;yaw=-1.38
142.450000048,[debug],turtlebot1,simulation,robot-pose,x=-13.49;y=17.98;yaw=-1.38
142.650000095,[debug],turtlebot2,simulation,robot-pose,x=-39.51;y=33.84;yaw=0.46
142.650000095,[debug],turtlebot2,simulation,robot-pose,x=-39.51;y=33.84;yaw=0.46
142.700000048,[debug],turtlebot3,simulation,robot-pose,x=-40.39;y=25.23;yaw=0.33
142.700000048,[debug],turtlebot4,simulation,robot-pose,x=-32.90;y=33.97;yaw=-3.09
142.700000048,[debug],turtlebot3,simulation,robot-pose,x=-40.39;y=25.23;yaw=0.33
142.700000048,[debug],turtlebot4,simulation,robot-pose,x=-32.90;y=33.97;yaw=-3.09
142.733333349,[debug],turtlebot5,simulation,robot-pose,x=-36.67;y=16.28;yaw=1.62
142.733333349,[debug],turtlebot5,simulation,robot-pose,x=-36.67;y=16.28;yaw=1.62
148.516666651,[info],turtlebot5,skill-life-cycle,navigation,(status=RUNNING, parameters=[[-21.0, 16.0, 3.141592653589793, True], [-37.0, 16.0, 1.5707963267948966, True], [-37.0, 21.5, 3.141592653589793, True], [-38.0, 21.5, 0.0, False]])
155.716666698,[debug],turtlebot5,move-base-info,Hooray, the base moved arrived,(x=-37;y=21.5)
155.716666698,[debug],turtlebot5,move-base-info,Hooray, the base moved arrived,(x=-37;y=21.5)
155.883333445,[debug],turtlebot5,task-update,navigation,way-point-reached,75.0%
157.450000048,[debug],turtlebot1,simulation,robot-pose,x=-13.48;y=17.98;yaw=-1.36
157.450000048,[debug],turtlebot1,simulation,robot-pose,x=-13.48;y=17.98;yaw=-1.36
157.650000095,[debug],turtlebot2,simulation,robot-pose,x=-39.50;y=33.84;yaw=0.46
157.650000095,[debug],turtlebot2,simulation,robot-pose,x=-39.50;y=33.84;yaw=0.46
157.700000048,[debug],turtlebot3,simulation,robot-pose,x=-40.39;y=25.23;yaw=0.33
157.700000048,[debug],turtlebot3,simulation,robot-pose,x=-40.39;y=25.23;yaw=0.33
157.700000048,[debug],turtlebot4,simulation,robot-pose,x=-32.90;y=33.97;yaw=-3.09
157.700000048,[debug],turtlebot4,simulation,robot-pose,x=-32.90;y=33.97;yaw=-3.09
157.733333349,[debug],turtlebot5,simulation,robot-pose,x=-36.86;y=21.07;yaw=3.09
157.733333349,[debug],turtlebot5,simulation,robot-pose,x=-36.86;y=21.07;yaw=3.09
171.066666603,[debug],turtlebot5,move-base-info,Hooray, the base moved arrived,(x=-38;y=21.5)
171.066666603,[debug],turtlebot5,move-base-info,Hooray, the base moved arrived,(x=-38;y=21.5)
171.283333302,[debug],turtlebot5,task-update,navigation,way-point-reached,100.0%
171.366666555,[debug],turtlebot5,available-skills,['send_message', 'wait_message', 'approach_person', 'approach_robot', 'authenticate_person', 'deposit', 'navigation', 'operate_drawer', 'pick_up'],
171.366666555,[info],turtlebot5,skill-life-cycle,approach_person,(status=STARTED, parameters=['nurse'])
171.416666746,[debug],turtlebot5,task-update,approach_person,localize-person,(who=nurse)
171.516666651,[debug],turtlebot5,task-update,approach_person,goto-person,(who=nurse)
171.616666555,[debug],turtlebot5,available-skills,['send_message', 'wait_message', 'approach_person', 'approach_robot', 'authenticate_person', 'deposit', 'navigation', 'operate_drawer', 'pick_up'],
171.616666555,[info],turtlebot5,skill-life-cycle,authenticate_person,(status=STARTED, parameters=['nurse'])
171.650000095,[debug],turtlebot5,task-update,authenticate_person,request-authentication,(to=nurse)
171.666666746,[info],nurse,sync,received-request,(status=sending-request)
171.666666746,[info],nurse,sync,received-request,(status=sending-request)
172.099999905,[debug],turtlebot5,task-update,authenticate_person,received-authentication,(from=nurse)
172.200000048,[debug],turtlebot5,available-skills,['send_message', 'wait_message', 'approach_person', 'approach_robot', 'authenticate_person', 'deposit', 'navigation', 'operate_drawer', 'pick_up'],
172.200000048,[info],turtlebot5,skill-life-cycle,operate_drawer,(status=STARTED, parameters=['open'])
172.299999952,[debug],turtlebot5,task-update,operate_drawer,open
172.450000048,[debug],turtlebot1,simulation,robot-pose,x=-13.48;y=17.97;yaw=-1.34
172.450000048,[debug],turtlebot1,simulation,robot-pose,x=-13.48;y=17.97;yaw=-1.34
172.650000095,[debug],turtlebot2,simulation,robot-pose,x=-39.50;y=33.84;yaw=0.46
172.650000095,[debug],turtlebot2,simulation,robot-pose,x=-39.50;y=33.84;yaw=0.46
172.700000048,[debug],turtlebot3,simulation,robot-pose,x=-40.39;y=25.23;yaw=0.33
172.700000048,[debug],turtlebot3,simulation,robot-pose,x=-40.39;y=25.23;yaw=0.33
172.700000048,[debug],turtlebot4,simulation,robot-pose,x=-32.90;y=33.97;yaw=-3.09
172.700000048,[debug],turtlebot4,simulation,robot-pose,x=-32.90;y=33.97;yaw=-3.09
172.733333349,[debug],turtlebot5,simulation,robot-pose,x=-37.64;y=21.35;yaw=0.04
172.733333349,[debug],turtlebot5,simulation,robot-pose,x=-37.64;y=21.35;yaw=0.04
173.25,[debug],turtlebot5,available-skills,['send_message', 'wait_message', 'approach_person', 'approach_robot', 'authenticate_person', 'deposit', 'navigation', 'operate_drawer', 'pick_up'],
173.266666651,[info],turtlebot5,skill-life-cycle,send_message,(status=STARTED, parameters=['nurse'])
173.349999905,[info],turtlebot5,sync,send-message,(to=nurse)
174.266666651,[info],nurse,sync,wait-message,(status=message-received)
174.333333254,[info],nurse,sync,wait-message,(status=message-received)
176.983333349,[debug],turtlebot5,available-skills,['send_message', 'wait_message', 'approach_person', 'approach_robot', 'authenticate_person', 'deposit', 'navigation', 'operate_drawer', 'pick_up'],
176.983333349,[info],turtlebot5,skill-life-cycle,wait_message,(status=STARTED, parameters=['r1'])
178.316666603,[info],turtlebot5,sync,wait-message,(status=message-received)
178.400000095,[debug],turtlebot5,available-skills,['send_message', 'wait_message', 'approach_person', 'approach_robot', 'authenticate_person', 'deposit', 'navigation', 'operate_drawer', 'pick_up'],
178.400000095,[info],turtlebot5,skill-life-cycle,operate_drawer,(status=STARTED, parameters=['close'])
178.483333349,[debug],turtlebot5,task-update,operate_drawer,close
179.433333397,[debug],turtlebot5,available-skills,['send_message', 'wait_message', 'approach_person', 'approach_robot', 'authenticate_person', 'deposit', 'navigation', 'operate_drawer', 'pick_up'],
179.433333397,[info],turtlebot5,skill-life-cycle,navigation,(status=STARTED, parameters=[[-37.0, 21.5, -1.5707963267948966, True], [-37.0, 16.0, 0.0, True], [-26.0, 16.0, -1.5707963267948966, True], [-26.0, 13.0, 1.57, False]])
184.266666651,[info],nurse,sync,wait-message,(status=message-received)
184.349999905,[info],nurse,sync,wait-message,(status=message-received)
187.450000048,[debug],turtlebot1,simulation,robot-pose,x=-13.48;y=17.97;yaw=-1.32
187.450000048,[debug],turtlebot1,simulation,robot-pose,x=-13.48;y=17.97;yaw=-1.32
187.650000095,[debug],turtlebot2,simulation,robot-pose,x=-39.50;y=33.84;yaw=0.46
187.650000095,[debug],turtlebot2,simulation,robot-pose,x=-39.50;y=33.84;yaw=0.46
187.700000048,[debug],turtlebot3,simulation,robot-pose,x=-40.39;y=25.23;yaw=0.33
187.700000048,[debug],turtlebot3,simulation,robot-pose,x=-40.39;y=25.23;yaw=0.33
187.700000048,[debug],turtlebot4,simulation,robot-pose,x=-32.90;y=33.97;yaw=-3.09
187.700000048,[debug],turtlebot4,simulation,robot-pose,x=-32.90;y=33.97;yaw=-3.09
187.733333349,[debug],turtlebot5,simulation,robot-pose,x=-37.45;y=21.40;yaw=-0.77
187.733333349,[debug],turtlebot5,simulation,robot-pose,x=-37.45;y=21.40;yaw=-0.77
190.266666651,[debug],turtlebot5,move-base-info,Hooray, the base moved arrived,(x=-37;y=21.5)
190.333333254,[debug],turtlebot5,move-base-info,Hooray, the base moved arrived,(x=-37;y=21.5)
190.416666746,[debug],turtlebot5,task-update,navigation,way-point-reached,25.0%
191.650000095,[info],nurse,sync,request-sent,(status=waiting)
191.650000095,[info],nurse,sync,request-sent,(status=waiting)
194.266666651,[info],nurse,sync,wait-message,(status=message-received)
194.333333254,[info],nurse,sync,wait-message,(status=message-received)
201.333333254,[info],turtlebot5,skill-life-cycle,navigation,(status=RUNNING, parameters=[[-37.0, 21.5, -1.5707963267948966, True], [-37.0, 16.0, 0.0, True], [-26.0, 16.0, -1.5707963267948966, True], [-26.0, 13.0, 1.57, False]])
202.450000048,[debug],turtlebot1,simulation,robot-pose,x=-13.47;y=17.97;yaw=-1.30
202.450000048,[debug],turtlebot1,simulation,robot-pose,x=-13.47;y=17.97;yaw=-1.30
202.650000095,[debug],turtlebot2,simulation,robot-pose,x=-39.50;y=33.84;yaw=0.46
202.650000095,[debug],turtlebot2,simulation,robot-pose,x=-39.50;y=33.84;yaw=0.46
202.700000048,[debug],turtlebot4,simulation,robot-pose,x=-32.90;y=33.97;yaw=-3.09
202.700000048,[debug],turtlebot4,simulation,robot-pose,x=-32.90;y=33.97;yaw=-3.09
202.700000048,[debug],turtlebot3,simulation,robot-pose,x=-40.39;y=25.23;yaw=0.33
202.700000048,[debug],turtlebot3,simulation,robot-pose,x=-40.39;y=25.23;yaw=0.33
202.733333349,[debug],turtlebot5,simulation,robot-pose,x=-37.01;y=20.85;yaw=-1.06
202.733333349,[debug],turtlebot5,simulation,robot-pose,x=-37.01;y=20.85;yaw=-1.06
204.266666651,[info],nurse,sync,wait-message,(status=message-received)
204.366666555,[info],nurse,sync,wait-message,(status=message-received)
217.450000048,[debug],turtlebot1,simulation,robot-pose,x=-13.47;y=17.96;yaw=-1.28
217.450000048,[debug],turtlebot1,simulation,robot-pose,x=-13.47;y=17.96;yaw=-1.28
217.650000095,[debug],turtlebot2,simulation,robot-pose,x=-39.50;y=33.84;yaw=0.46
217.650000095,[debug],turtlebot2,simulation,robot-pose,x=-39.50;y=33.84;yaw=0.46
217.700000048,[debug],turtlebot3,simulation,robot-pose,x=-40.39;y=25.23;yaw=0.33
217.700000048,[debug],turtlebot3,simulation,robot-pose,x=-40.39;y=25.23;yaw=0.33
217.700000048,[debug],turtlebot4,simulation,robot-pose,x=-32.91;y=33.97;yaw=-3.08
217.700000048,[debug],turtlebot4,simulation,robot-pose,x=-32.91;y=33.97;yaw=-3.08
217.733333349,[debug],turtlebot5,simulation,robot-pose,x=-36.72;y=19.63;yaw=-1.53
217.733333349,[debug],turtlebot5,simulation,robot-pose,x=-36.72;y=19.63;yaw=-1.53
232.450000048,[debug],turtlebot1,simulation,robot-pose,x=-13.47;y=17.96;yaw=-1.26
232.450000048,[debug],turtlebot1,simulation,robot-pose,x=-13.47;y=17.96;yaw=-1.26
232.650000095,[debug],turtlebot2,simulation,robot-pose,x=-39.50;y=33.84;yaw=0.46
232.650000095,[debug],turtlebot2,simulation,robot-pose,x=-39.50;y=33.84;yaw=0.46
232.700000048,[debug],turtlebot4,simulation,robot-pose,x=-32.91;y=33.97;yaw=-3.07
232.700000048,[debug],turtlebot4,simulation,robot-pose,x=-32.91;y=33.97;yaw=-3.07
232.700000048,[debug],turtlebot3,simulation,robot-pose,x=-40.39;y=25.23;yaw=0.33
232.700000048,[debug],turtlebot3,simulation,robot-pose,x=-40.39;y=25.23;yaw=0.33
232.733333349,[debug],turtlebot5,simulation,robot-pose,x=-36.70;y=18.38;yaw=-1.62
232.733333349,[debug],turtlebot5,simulation,robot-pose,x=-36.70;y=18.38;yaw=-1.62
247.450000048,[debug],turtlebot1,simulation,robot-pose,x=-13.47;y=17.96;yaw=-1.24
247.450000048,[debug],turtlebot1,simulation,robot-pose,x=-13.47;y=17.96;yaw=-1.24
247.650000095,[debug],turtlebot2,simulation,robot-pose,x=-39.50;y=33.84;yaw=0.46
247.650000095,[debug],turtlebot2,simulation,robot-pose,x=-39.50;y=33.84;yaw=0.46
247.700000048,[debug],turtlebot3,simulation,robot-pose,x=-40.39;y=25.23;yaw=0.33
247.700000048,[debug],turtlebot4,simulation,robot-pose,x=-32.91;y=33.97;yaw=-3.07
247.700000048,[debug],turtlebot3,simulation,robot-pose,x=-40.39;y=25.23;yaw=0.33
247.700000048,[debug],turtlebot4,simulation,robot-pose,x=-32.91;y=33.97;yaw=-3.07
247.733333349,[debug],turtlebot5,simulation,robot-pose,x=-36.72;y=17.13;yaw=-1.63
247.733333349,[debug],turtlebot5,simulation,robot-pose,x=-36.72;y=17.13;yaw=-1.63
250.016666651,[info],turtlebot5,skill-life-cycle,navigation,(status=RUNNING, parameters=[[-37.0, 21.5, -1.5707963267948966, True], [-37.0, 16.0, 0.0, True], [-26.0, 16.0, -1.5707963267948966, True], [-26.0, 13.0, 1.57, False]])
261.066666603,[debug],turtlebot5,move-base-info,Hooray, the base moved arrived,(x=-37;y=16)
261.066666603,[debug],turtlebot5,move-base-info,Hooray, the base moved arrived,(x=-37;y=16)
261.233333349,[debug],turtlebot5,task-update,navigation,way-point-reached,50.0%
262.450000048,[debug],turtlebot1,simulation,robot-pose,x=-13.46;y=17.95;yaw=-1.21
262.450000048,[debug],turtlebot1,simulation,robot-pose,x=-13.46;y=17.95;yaw=-1.21
262.650000095,[debug],turtlebot2,simulation,robot-pose,x=-39.50;y=33.84;yaw=0.46
262.650000095,[debug],turtlebot2,simulation,robot-pose,x=-39.50;y=33.84;yaw=0.46
262.700000048,[debug],turtlebot3,simulation,robot-pose,x=-40.39;y=25.23;yaw=0.33
262.700000048,[debug],turtlebot4,simulation,robot-pose,x=-32.91;y=33.97;yaw=-3.06
262.700000048,[debug],turtlebot3,simulation,robot-pose,x=-40.39;y=25.23;yaw=0.33
262.700000048,[debug],turtlebot4,simulation,robot-pose,x=-32.91;y=33.97;yaw=-3.06
262.733333349,[debug],turtlebot5,simulation,robot-pose,x=-36.92;y=16.44;yaw=-0.05
262.733333349,[debug],turtlebot5,simulation,robot-pose,x=-36.92;y=16.44;yaw=-0.05
277.450000048,[debug],turtlebot1,simulation,robot-pose,x=-13.46;y=17.95;yaw=-1.20
277.450000048,[debug],turtlebot1,simulation,robot-pose,x=-13.46;y=17.95;yaw=-1.20
277.650000095,[debug],turtlebot2,simulation,robot-pose,x=-39.50;y=33.84;yaw=0.46
277.650000095,[debug],turtlebot2,simulation,robot-pose,x=-39.50;y=33.84;yaw=0.46
277.700000048,[debug],turtlebot4,simulation,robot-pose,x=-32.92;y=33.98;yaw=-3.05
277.700000048,[debug],turtlebot4,simulation,robot-pose,x=-32.92;y=33.98;yaw=-3.05
277.700000048,[debug],turtlebot3,simulation,robot-pose,x=-40.39;y=25.23;yaw=0.33
277.700000048,[debug],turtlebot3,simulation,robot-pose,x=-40.39;y=25.23;yaw=0.33
277.75,[debug],turtlebot5,simulation,robot-pose,x=-35.94;y=15.73;yaw=-0.35
277.75,[debug],turtlebot5,simulation,robot-pose,x=-35.94;y=15.73;yaw=-0.35
292.450000048,[debug],turtlebot1,simulation,robot-pose,x=-13.45;y=17.95;yaw=-1.18
292.450000048,[debug],turtlebot1,simulation,robot-pose,x=-13.45;y=17.95;yaw=-1.18
292.650000095,[debug],turtlebot2,simulation,robot-pose,x=-39.50;y=33.84;yaw=0.46
292.650000095,[debug],turtlebot2,simulation,robot-pose,x=-39.50;y=33.84;yaw=0.46
292.700000048,[debug],turtlebot4,simulation,robot-pose,x=-32.92;y=33.98;yaw=-3.05
292.700000048,[debug],turtlebot4,simulation,robot-pose,x=-32.92;y=33.98;yaw=-3.05
292.700000048,[debug],turtlebot3,simulation,robot-pose,x=-40.39;y=25.23;yaw=0.33
292.700000048,[debug],turtlebot3,simulation,robot-pose,x=-40.39;y=25.23;yaw=0.33
292.733333349,[debug],turtlebot5,simulation,robot-pose,x=-33.50;y=15.69;yaw=-0.03
292.733333349,[debug],turtlebot5,simulation,robot-pose,x=-33.50;y=15.69;yaw=-0.03
299.683333397,[info],turtlebot5,skill-life-cycle,navigation,(status=RUNNING, parameters=[[-37.0, 21.5, -1.5707963267948966, True], [-37.0, 16.0, 0.0, True], [-26.0, 16.0, -1.5707963267948966, True], [-26.0, 13.0, 1.57, False]])
307.450000048,[debug],turtlebot1,simulation,robot-pose,x=-13.45;y=17.94;yaw=-1.16
307.450000048,[debug],turtlebot1,simulation,robot-pose,x=-13.45;y=17.94;yaw=-1.16
307.650000095,[debug],turtlebot2,simulation,robot-pose,x=-39.50;y=33.84;yaw=0.46
307.650000095,[debug],turtlebot2,simulation,robot-pose,x=-39.50;y=33.84;yaw=0.46
307.700000048,[debug],turtlebot3,simulation,robot-pose,x=-40.39;y=25.23;yaw=0.33
307.700000048,[debug],turtlebot3,simulation,robot-pose,x=-40.39;y=25.23;yaw=0.33
307.700000048,[debug],turtlebot4,simulation,robot-pose,x=-32.92;y=33.98;yaw=-3.06
307.700000048,[debug],turtlebot4,simulation,robot-pose,x=-32.92;y=33.98;yaw=-3.06
307.733333349,[debug],turtlebot5,simulation,robot-pose,x=-30.74;y=16.05;yaw=-0.11
307.733333349,[debug],turtlebot5,simulation,robot-pose,x=-30.74;y=16.05;yaw=-0.11
322.450000048,[debug],turtlebot1,simulation,robot-pose,x=-13.45;y=17.94;yaw=-1.14
322.450000048,[debug],turtlebot1,simulation,robot-pose,x=-13.45;y=17.94;yaw=-1.14
322.650000095,[debug],turtlebot2,simulation,robot-pose,x=-39.50;y=33.84;yaw=0.46
322.650000095,[debug],turtlebot2,simulation,robot-pose,x=-39.50;y=33.84;yaw=0.46
322.700000048,[debug],turtlebot4,simulation,robot-pose,x=-32.92;y=33.98;yaw=-3.06
322.700000048,[debug],turtlebot4,simulation,robot-pose,x=-32.92;y=33.98;yaw=-3.06
322.700000048,[debug],turtlebot3,simulation,robot-pose,x=-40.39;y=25.23;yaw=0.33
322.700000048,[debug],turtlebot3,simulation,robot-pose,x=-40.39;y=25.23;yaw=0.33
322.733333349,[debug],turtlebot5,simulation,robot-pose,x=-28.18;y=16.12;yaw=0.09
322.733333349,[debug],turtlebot5,simulation,robot-pose,x=-28.18;y=16.12;yaw=0.09
337.450000048,[debug],turtlebot1,simulation,robot-pose,x=-13.44;y=17.94;yaw=-1.14
337.450000048,[debug],turtlebot1,simulation,robot-pose,x=-13.44;y=17.94;yaw=-1.14
337.650000095,[debug],turtlebot2,simulation,robot-pose,x=-39.50;y=33.84;yaw=0.46
337.650000095,[debug],turtlebot2,simulation,robot-pose,x=-39.50;y=33.84;yaw=0.46
337.700000048,[debug],turtlebot3,simulation,robot-pose,x=-40.39;y=25.23;yaw=0.33
337.700000048,[debug],turtlebot3,simulation,robot-pose,x=-40.39;y=25.23;yaw=0.33
337.700000048,[debug],turtlebot4,simulation,robot-pose,x=-32.93;y=33.98;yaw=-3.06
337.700000048,[debug],turtlebot4,simulation,robot-pose,x=-32.93;y=33.98;yaw=-3.06
337.733333349,[debug],turtlebot5,simulation,robot-pose,x=-26.40;y=16.25;yaw=-1.48
337.733333349,[debug],turtlebot5,simulation,robot-pose,x=-26.40;y=16.25;yaw=-1.48
338.166666746,[debug],turtlebot5,move-base-info,Hooray, the base moved arrived,(x=-26;y=16)
338.166666746,[debug],turtlebot5,move-base-info,Hooray, the base moved arrived,(x=-26;y=16)
338.233333349,[debug],turtlebot5,task-update,navigation,way-point-reached,75.0%
348.616666555,[info],turtlebot5,skill-life-cycle,navigation,(status=RUNNING, parameters=[[-37.0, 21.5, -1.5707963267948966, True], [-37.0, 16.0, 0.0, True], [-26.0, 16.0, -1.5707963267948966, True], [-26.0, 13.0, 1.57, False]])
352.450000048,[debug],turtlebot1,simulation,robot-pose,x=-13.44;y=17.94;yaw=-1.13
352.450000048,[debug],turtlebot1,simulation,robot-pose,x=-13.44;y=17.94;yaw=-1.13
352.650000095,[debug],turtlebot2,simulation,robot-pose,x=-39.50;y=33.84;yaw=0.46
352.650000095,[debug],turtlebot2,simulation,robot-pose,x=-39.50;y=33.84;yaw=0.46
352.700000048,[debug],turtlebot4,simulation,robot-pose,x=-32.93;y=33.98;yaw=-3.06
352.700000048,[debug],turtlebot4,simulation,robot-pose,x=-32.93;y=33.98;yaw=-3.06
352.700000048,[debug],turtlebot3,simulation,robot-pose,x=-40.39;y=25.23;yaw=0.33
352.700000048,[debug],turtlebot3,simulation,robot-pose,x=-40.39;y=25.23;yaw=0.33
352.733333349,[debug],turtlebot5,simulation,robot-pose,x=-26.07;y=15.46;yaw=-1.18
352.733333349,[debug],turtlebot5,simulation,robot-pose,x=-26.07;y=15.46;yaw=-1.18
367.450000048,[debug],turtlebot1,simulation,robot-pose,x=-13.44;y=17.94;yaw=-1.12
367.450000048,[debug],turtlebot1,simulation,robot-pose,x=-13.44;y=17.94;yaw=-1.12
367.650000095,[debug],turtlebot2,simulation,robot-pose,x=-39.50;y=33.84;yaw=0.46
367.666666746,[debug],turtlebot2,simulation,robot-pose,x=-39.50;y=33.84;yaw=0.46
367.700000048,[debug],turtlebot3,simulation,robot-pose,x=-40.39;y=25.23;yaw=0.33
367.700000048,[debug],turtlebot4,simulation,robot-pose,x=-32.93;y=33.98;yaw=-3.06
367.700000048,[debug],turtlebot3,simulation,robot-pose,x=-40.39;y=25.23;yaw=0.33
367.700000048,[debug],turtlebot4,simulation,robot-pose,x=-32.93;y=33.98;yaw=-3.06
367.733333349,[debug],turtlebot5,simulation,robot-pose,x=-25.84;y=14.23;yaw=-1.59
367.733333349,[debug],turtlebot5,simulation,robot-pose,x=-25.84;y=14.23;yaw=-1.59
382.450000048,[debug],turtlebot1,simulation,robot-pose,x=-13.44;y=17.93;yaw=-1.11
382.450000048,[debug],turtlebot1,simulation,robot-pose,x=-13.44;y=17.93;yaw=-1.11
382.650000095,[debug],turtlebot2,simulation,robot-pose,x=-39.50;y=33.84;yaw=0.46
382.650000095,[debug],turtlebot2,simulation,robot-pose,x=-39.50;y=33.84;yaw=0.46
382.700000048,[debug],turtlebot4,simulation,robot-pose,x=-32.93;y=33.98;yaw=-3.06
382.700000048,[debug],turtlebot4,simulation,robot-pose,x=-32.93;y=33.98;yaw=-3.06
382.700000048,[debug],turtlebot3,simulation,robot-pose,x=-40.39;y=25.23;yaw=0.33
382.700000048,[debug],turtlebot3,simulation,robot-pose,x=-40.39;y=25.23;yaw=0.33
382.733333349,[debug],turtlebot5,simulation,robot-pose,x=-25.92;y=13.41;yaw=1.86
382.733333349,[debug],turtlebot5,simulation,robot-pose,x=-25.92;y=13.41;yaw=1.86
383.983333349,[debug],turtlebot5,move-base-info,Hooray, the base moved arrived,(x=-26;y=13)
383.983333349,[debug],turtlebot5,move-base-info,Hooray, the base moved arrived,(x=-26;y=13)
384.150000095,[debug],turtlebot5,task-update,navigation,way-point-reached,100.0%
384.233333349,[debug],turtlebot5,available-skills,['send_message', 'wait_message', 'approach_person', 'approach_robot', 'authenticate_person', 'deposit', 'navigation', 'operate_drawer', 'pick_up'],
384.233333349,[info],turtlebot5,skill-life-cycle,approach_robot,(status=STARTED, parameters=['lab_arm'])
384.333333254,[debug],turtlebot5,task-update,approach_robot,localize-robot,(who=lab_arm)
384.416666746,[debug],turtlebot5,task-update,approach_robot,goto-robot,(who=lab_arm)
384.5,[debug],turtlebot5,available-skills,['send_message', 'wait_message', 'approach_person', 'approach_robot', 'authenticate_person', 'deposit', 'navigation', 'operate_drawer', 'pick_up'],
384.5,[info],turtlebot5,skill-life-cycle,operate_drawer,(status=STARTED, parameters=['open'])
384.583333254,[debug],turtlebot5,task-update,operate_drawer,open
385.983333349,[debug],turtlebot5,available-skills,['send_message', 'wait_message', 'approach_person', 'approach_robot', 'authenticate_person', 'deposit', 'navigation', 'operate_drawer', 'pick_up'],
385.983333349,[info],turtlebot5,skill-life-cycle,send_message,(status=STARTED, parameters=['lab_arm'])
386.049999952,[info],turtlebot5,sync,send-message,(to=lab_arm)
386.900000095,[info],lab_arm,sync,wait-message,(status=message-received)
386.900000095,[info],lab_arm,sync,wait-message,(status=message-received)
386.900000095,[info],Inventory,sync,wait-sample,(status=sample-received)
386.900000095,ENDSIM
386.900000095,[info],Inventory,sync,wait-sample,(status=sample-received)
386.900000095,ENDSIM
0.0,[debug],simulation closed,reach-target,execution-wall-clock=493.5072503089905
