0.0,0.0,[debug],logger,init,time
ROBOTS_CONFIG=[{"avg_speed": 0.15, "battery_charge": 0.34, "battery_discharge_rate": 0.00017, "id": 0, "local_plan": null, "location": "IC Room 6", "position": [-33.9, 18.93, 3.14], "skills": ["approach_person", "approach_robot", "authenticate_person", "deposit", "navigation", "pick_up"]}, {"avg_speed": 0.15, "battery_charge": 0.26, "battery_discharge_rate": 0.00018, "id": 1, "local_plan": [["navigation", ["PC Room 3", [[-38.0, 21.5, 0.0], [-37.0, 21.5], [-37.0, 16.0], [-28.5, 16.0], [-28.5, 18.0, -1.57]]]], ["approach_person", ["nurse"]], ["authenticate_person", ["nurse"]], ["operate_drawer", ["open"]], ["send_message", ["nurse"]], ["wait_message", ["r1"]], ["operate_drawer", ["close"]], ["navigation", ["Laboratory", [[-28.5, 18.0, -1.57], [-28.5, 16.0], [-26.0, 16.0], [-26.0, 13.0, 1.57]]]], ["approach_robot", ["lab_arm"]], ["operate_drawer", ["open"]], ["send_message", ["lab_arm"]], ["wait_message", ["r1"]], ["operate_drawer", ["close"]]], "location": "PC Room 4", "position": [-27.23, 18.0, -1.57], "skills": ["approach_person", "approach_robot", "authenticate_person", "deposit", "navigation", "operate_drawer", "pick_up"]}, {"avg_speed": 0.15, "battery_charge": 0.45, "battery_discharge_rate": 0.00012000000000000002, "id": 2, "local_plan": null, "location": "IC Room 3", "position": [-40.23, 25.37, 0.0], "skills": ["approach_person", "approach_robot", "authenticate_person", "deposit", "navigation", "operate_drawer", "pick_up"]}, {"avg_speed": 0.15, "battery_charge": 0.43, "battery_discharge_rate": 0.00011, "id": 3, "local_plan": null, "location": "PC Room 5", "position": [-21.0, 18.0, -1.57], "skills": ["approach_person", "approach_robot", "authenticate_person", "deposit", "navigation", "pick_up"]}, {"avg_speed": 0.15, "battery_charge": 0.16, "battery_discharge_rate": 0.00015000000000000001, "id": 4, "local_plan": null, "location": "IC Room 2", "position": [-38.0, 21.5, 0.0], "skills": ["approach_person", "approach_robot", "authenticate_person", "deposit", "navigation", "operate_drawer", "pick_up"]}]
NURSES_CONFIG=[{"location": "PC Room 3", "position": [-29.5, 19.0, -1.57]}]
logger,1626513795832116365,Simulation open
0.0,[debug],logger,init,subcribing to in the topic /log
2.15000009537,[debug],turtlebot3,move-base-info,Move_base is up and ok....,
2.21666669846,[debug],turtlebot2,move-base-info,Move_base is up and ok....,
2.23333334923,[debug],turtlebot1,move-base-info,Move_base is up and ok....,
2.23333334923,[debug],turtlebot4,move-base-info,Move_base is up and ok....,
2.41666674614,[debug],turtlebot5,move-base-info,Move_base is up and ok....,
6.8833334446,[info],turtlebot5,skill-life-cycle,init_robobt,(status=RUNNING, parameters=[])
6.90000009537,[info],turtlebot2,skill-life-cycle,init_robobt,(status=RUNNING, parameters=[])
6.91666674614,[info],turtlebot3,skill-life-cycle,init_robobt,(status=RUNNING, parameters=[])
6.98333334923,[info],turtlebot4,skill-life-cycle,init_robobt,(status=RUNNING, parameters=[])
11.4666666985,[debug],turtlebot2,available-skills,['send_message', 'wait_message', 'approach_person', 'approach_robot', 'authenticate_person', 'deposit', 'navigation', 'operate_drawer', 'pick_up'],
11.4666666985,[info],turtlebot2,skill-life-cycle,navigation,(status=STARTED, parameters=[[-37.0, 21.5, -1.5707963267948966, True], [-37.0, 16.0, 0.0, True], [-28.5, 16.0, 1.5707963267948966, True], [-28.5, 18.0, -1.57, False]])
23.5999999046,[debug],turtlebot1,simulation,robot-pose,x=-33.83;y=18.78;yaw=2.80
23.5999999046,[debug],turtlebot1,simulation,robot-pose,x=-33.83;y=18.78;yaw=2.80
24.3499999046,[debug],turtlebot2,simulation,robot-pose,x=-27.16;y=17.31;yaw=-1.64
24.3499999046,[debug],turtlebot2,simulation,robot-pose,x=-27.16;y=17.31;yaw=-1.64
24.3833334446,[debug],turtlebot3,simulation,robot-pose,x=-40.39;y=25.23;yaw=0.34
24.3833334446,[debug],turtlebot3,simulation,robot-pose,x=-40.39;y=25.23;yaw=0.34
24.4333333969,[debug],turtlebot4,simulation,robot-pose,x=-20.99;y=18.00;yaw=-1.54
24.4333333969,[debug],turtlebot4,simulation,robot-pose,x=-20.99;y=18.00;yaw=-1.54
24.5999999046,[debug],turtlebot5,simulation,robot-pose,x=-38.00;y=21.48;yaw=0.01
24.5999999046,[debug],turtlebot5,simulation,robot-pose,x=-38.00;y=21.48;yaw=0.01
38.5999999046,[debug],turtlebot1,simulation,robot-pose,x=-33.84;y=18.78;yaw=2.82
38.5999999046,[debug],turtlebot1,simulation,robot-pose,x=-33.84;y=18.78;yaw=2.82
39.3499999046,[debug],turtlebot2,simulation,robot-pose,x=-27.22;y=17.12;yaw=-1.54
39.3499999046,[debug],turtlebot2,simulation,robot-pose,x=-27.22;y=17.12;yaw=-1.54
39.3833334446,[debug],turtlebot3,simulation,robot-pose,x=-40.39;y=25.23;yaw=0.33
39.3833334446,[debug],turtlebot3,simulation,robot-pose,x=-40.39;y=25.23;yaw=0.33
39.4333333969,[debug],turtlebot4,simulation,robot-pose,x=-20.99;y=18.00;yaw=-1.54
39.4333333969,[debug],turtlebot4,simulation,robot-pose,x=-20.99;y=18.00;yaw=-1.54
39.5999999046,[debug],turtlebot5,simulation,robot-pose,x=-38.00;y=21.48;yaw=0.01
39.5999999046,[debug],turtlebot5,simulation,robot-pose,x=-38.00;y=21.48;yaw=0.01
53.5999999046,[debug],turtlebot1,simulation,robot-pose,x=-33.85;y=18.78;yaw=2.84
53.5999999046,[debug],turtlebot1,simulation,robot-pose,x=-33.85;y=18.78;yaw=2.84
54.3499999046,[debug],turtlebot2,simulation,robot-pose,x=-28.68;y=16.84;yaw=2.94
54.3499999046,[debug],turtlebot2,simulation,robot-pose,x=-28.68;y=16.84;yaw=2.94
54.3833334446,[debug],turtlebot3,simulation,robot-pose,x=-40.39;y=25.23;yaw=0.33
54.3833334446,[debug],turtlebot3,simulation,robot-pose,x=-40.39;y=25.23;yaw=0.33
54.4333333969,[debug],turtlebot4,simulation,robot-pose,x=-20.99;y=18.00;yaw=-1.54
54.4333333969,[debug],turtlebot4,simulation,robot-pose,x=-20.99;y=18.00;yaw=-1.54
54.5999999046,[debug],turtlebot5,simulation,robot-pose,x=-38.00;y=21.48;yaw=0.01
54.5999999046,[debug],turtlebot5,simulation,robot-pose,x=-38.00;y=21.48;yaw=0.01
56.7833333015,[info],turtlebot2,skill-life-cycle,navigation,(status=RUNNING, parameters=[[-37.0, 21.5, -1.5707963267948966, True], [-37.0, 16.0, 0.0, True], [-28.5, 16.0, 1.5707963267948966, True], [-28.5, 18.0, -1.57, False]])
68.5999999046,[debug],turtlebot1,simulation,robot-pose,x=-33.85;y=18.78;yaw=2.85
68.5999999046,[debug],turtlebot1,simulation,robot-pose,x=-33.85;y=18.78;yaw=2.85
69.3499999046,[debug],turtlebot2,simulation,robot-pose,x=-28.86;y=16.87;yaw=-3.07
69.3499999046,[debug],turtlebot2,simulation,robot-pose,x=-28.86;y=16.87;yaw=-3.07
69.3833334446,[debug],turtlebot3,simulation,robot-pose,x=-40.39;y=25.23;yaw=0.33
69.3833334446,[debug],turtlebot3,simulation,robot-pose,x=-40.39;y=25.23;yaw=0.33
69.4333333969,[debug],turtlebot4,simulation,robot-pose,x=-20.99;y=18.00;yaw=-1.54
69.4333333969,[debug],turtlebot4,simulation,robot-pose,x=-20.99;y=18.00;yaw=-1.54
69.5999999046,[debug],turtlebot5,simulation,robot-pose,x=-38.00;y=21.48;yaw=0.01
69.6166665554,[debug],turtlebot5,simulation,robot-pose,x=-38.00;y=21.48;yaw=0.01
83.5999999046,[debug],turtlebot1,simulation,robot-pose,x=-33.85;y=18.78;yaw=2.87
83.5999999046,[debug],turtlebot1,simulation,robot-pose,x=-33.85;y=18.78;yaw=2.87
84.3499999046,[debug],turtlebot2,simulation,robot-pose,x=-28.98;y=16.72;yaw=-1.97
84.3499999046,[debug],turtlebot2,simulation,robot-pose,x=-28.98;y=16.72;yaw=-1.97
84.3833334446,[debug],turtlebot3,simulation,robot-pose,x=-40.39;y=25.23;yaw=0.33
84.3833334446,[debug],turtlebot3,simulation,robot-pose,x=-40.39;y=25.23;yaw=0.33
84.4333333969,[debug],turtlebot4,simulation,robot-pose,x=-20.99;y=18.00;yaw=-1.54
84.4333333969,[debug],turtlebot4,simulation,robot-pose,x=-20.99;y=18.00;yaw=-1.54
84.5999999046,[debug],turtlebot5,simulation,robot-pose,x=-38.00;y=21.48;yaw=0.01
84.5999999046,[debug],turtlebot5,simulation,robot-pose,x=-38.00;y=21.48;yaw=0.01
98.5999999046,[debug],turtlebot1,simulation,robot-pose,x=-33.85;y=18.78;yaw=2.89
98.5999999046,[debug],turtlebot1,simulation,robot-pose,x=-33.85;y=18.78;yaw=2.89
99.3499999046,[debug],turtlebot2,simulation,robot-pose,x=-30.53;y=16.07;yaw=3.10
99.3499999046,[debug],turtlebot2,simulation,robot-pose,x=-30.53;y=16.07;yaw=3.10
99.3833334446,[debug],turtlebot3,simulation,robot-pose,x=-40.39;y=25.23;yaw=0.33
99.3833334446,[debug],turtlebot3,simulation,robot-pose,x=-40.39;y=25.23;yaw=0.33
99.4333333969,[debug],turtlebot4,simulation,robot-pose,x=-20.99;y=18.00;yaw=-1.54
99.4333333969,[debug],turtlebot4,simulation,robot-pose,x=-20.99;y=18.00;yaw=-1.54
99.5999999046,[debug],turtlebot5,simulation,robot-pose,x=-38.00;y=21.48;yaw=0.01
99.5999999046,[debug],turtlebot5,simulation,robot-pose,x=-38.00;y=21.48;yaw=0.01
106.416666746,[info],turtlebot2,skill-life-cycle,navigation,(status=RUNNING, parameters=[[-37.0, 21.5, -1.5707963267948966, True], [-37.0, 16.0, 0.0, True], [-28.5, 16.0, 1.5707963267948966, True], [-28.5, 18.0, -1.57, False]])
113.599999905,[debug],turtlebot1,simulation,robot-pose,x=-33.86;y=18.79;yaw=2.91
113.599999905,[debug],turtlebot1,simulation,robot-pose,x=-33.86;y=18.79;yaw=2.91
114.349999905,[debug],turtlebot2,simulation,robot-pose,x=-32.56;y=15.67;yaw=-3.06
114.349999905,[debug],turtlebot2,simulation,robot-pose,x=-32.56;y=15.67;yaw=-3.06
114.383333445,[debug],turtlebot3,simulation,robot-pose,x=-40.39;y=25.23;yaw=0.33
114.383333445,[debug],turtlebot3,simulation,robot-pose,x=-40.39;y=25.23;yaw=0.33
114.433333397,[debug],turtlebot4,simulation,robot-pose,x=-20.99;y=18.00;yaw=-1.54
114.433333397,[debug],turtlebot4,simulation,robot-pose,x=-20.99;y=18.00;yaw=-1.54
114.599999905,[debug],turtlebot5,simulation,robot-pose,x=-38.00;y=21.48;yaw=0.01
114.599999905,[debug],turtlebot5,simulation,robot-pose,x=-38.00;y=21.48;yaw=0.01
128.599999905,[debug],turtlebot1,simulation,robot-pose,x=-33.86;y=18.79;yaw=2.93
128.599999905,[debug],turtlebot1,simulation,robot-pose,x=-33.86;y=18.79;yaw=2.93
129.349999905,[debug],turtlebot2,simulation,robot-pose,x=-35.08;y=15.70;yaw=2.94
129.349999905,[debug],turtlebot2,simulation,robot-pose,x=-35.08;y=15.70;yaw=2.94
129.383333445,[debug],turtlebot3,simulation,robot-pose,x=-40.39;y=25.23;yaw=0.33
129.383333445,[debug],turtlebot3,simulation,robot-pose,x=-40.39;y=25.23;yaw=0.33
129.433333397,[debug],turtlebot4,simulation,robot-pose,x=-21.00;y=18.00;yaw=-1.54
129.433333397,[debug],turtlebot4,simulation,robot-pose,x=-21.00;y=18.00;yaw=-1.54
129.599999905,[debug],turtlebot5,simulation,robot-pose,x=-38.00;y=21.48;yaw=0.01
129.599999905,[debug],turtlebot5,simulation,robot-pose,x=-38.00;y=21.48;yaw=0.01
143.599999905,[debug],turtlebot1,simulation,robot-pose,x=-33.87;y=18.79;yaw=2.96
143.599999905,[debug],turtlebot1,simulation,robot-pose,x=-33.87;y=18.79;yaw=2.96
144.349999905,[debug],turtlebot2,simulation,robot-pose,x=-36.96;y=21.06;yaw=-3.12
144.349999905,[debug],turtlebot2,simulation,robot-pose,x=-36.96;y=21.06;yaw=-3.12
144.383333445,[debug],turtlebot3,simulation,robot-pose,x=-40.39;y=25.23;yaw=0.33
144.383333445,[debug],turtlebot3,simulation,robot-pose,x=-40.39;y=25.23;yaw=0.33
144.433333397,[debug],turtlebot4,simulation,robot-pose,x=-21.00;y=18.00;yaw=-1.54
144.433333397,[debug],turtlebot4,simulation,robot-pose,x=-21.00;y=18.00;yaw=-1.54
144.599999905,[debug],turtlebot5,simulation,robot-pose,x=-38.00;y=21.48;yaw=0.01
144.599999905,[debug],turtlebot5,simulation,robot-pose,x=-38.00;y=21.48;yaw=0.01
148.783333302,[debug],turtlebot2,move-base-info,Hooray, the base moved arrived,(x=-37;y=21.5)
148.799999952,[debug],turtlebot2,move-base-info,Hooray, the base moved arrived,(x=-37;y=21.5)
148.799999952,[debug],turtlebot2,task-update,navigation,way-point-reached,25.0%
157.383333445,[info],turtlebot2,skill-life-cycle,navigation,(status=RUNNING, parameters=[[-37.0, 21.5, -1.5707963267948966, True], [-37.0, 16.0, 0.0, True], [-28.5, 16.0, 1.5707963267948966, True], [-28.5, 18.0, -1.57, False]])
158.599999905,[debug],turtlebot1,simulation,robot-pose,x=-33.87;y=18.79;yaw=2.98
158.599999905,[debug],turtlebot1,simulation,robot-pose,x=-33.87;y=18.79;yaw=2.98
159.349999905,[debug],turtlebot2,simulation,robot-pose,x=-36.86;y=20.62;yaw=-1.29
159.349999905,[debug],turtlebot2,simulation,robot-pose,x=-36.86;y=20.62;yaw=-1.29
159.383333445,[debug],turtlebot3,simulation,robot-pose,x=-40.39;y=25.23;yaw=0.33
159.383333445,[debug],turtlebot3,simulation,robot-pose,x=-40.39;y=25.23;yaw=0.33
159.433333397,[debug],turtlebot4,simulation,robot-pose,x=-21.00;y=18.00;yaw=-1.54
159.433333397,[debug],turtlebot4,simulation,robot-pose,x=-21.00;y=18.00;yaw=-1.54
159.599999905,[debug],turtlebot5,simulation,robot-pose,x=-38.00;y=21.48;yaw=0.01
159.599999905,[debug],turtlebot5,simulation,robot-pose,x=-38.00;y=21.48;yaw=0.01
173.599999905,[debug],turtlebot1,simulation,robot-pose,x=-33.88;y=18.79;yaw=3.00
173.599999905,[debug],turtlebot1,simulation,robot-pose,x=-33.88;y=18.79;yaw=3.00
174.349999905,[debug],turtlebot2,simulation,robot-pose,x=-36.71;y=19.38;yaw=-1.54
174.349999905,[debug],turtlebot2,simulation,robot-pose,x=-36.71;y=19.38;yaw=-1.54
174.383333445,[debug],turtlebot3,simulation,robot-pose,x=-40.39;y=25.23;yaw=0.33
174.383333445,[debug],turtlebot3,simulation,robot-pose,x=-40.39;y=25.23;yaw=0.33
174.433333397,[debug],turtlebot4,simulation,robot-pose,x=-21.00;y=18.00;yaw=-1.54
174.433333397,[debug],turtlebot4,simulation,robot-pose,x=-21.00;y=18.00;yaw=-1.54
174.599999905,[debug],turtlebot5,simulation,robot-pose,x=-38.00;y=21.48;yaw=0.01
174.599999905,[debug],turtlebot5,simulation,robot-pose,x=-38.00;y=21.48;yaw=0.01
188.599999905,[debug],turtlebot1,simulation,robot-pose,x=-33.88;y=18.79;yaw=3.00
188.599999905,[debug],turtlebot1,simulation,robot-pose,x=-33.88;y=18.79;yaw=3.00
189.349999905,[debug],turtlebot2,simulation,robot-pose,x=-36.69;y=18.13;yaw=-1.56
189.349999905,[debug],turtlebot2,simulation,robot-pose,x=-36.69;y=18.13;yaw=-1.56
189.383333445,[debug],turtlebot3,simulation,robot-pose,x=-40.39;y=25.23;yaw=0.33
189.383333445,[debug],turtlebot3,simulation,robot-pose,x=-40.39;y=25.23;yaw=0.33
189.433333397,[debug],turtlebot4,simulation,robot-pose,x=-21.00;y=18.00;yaw=-1.54
189.433333397,[debug],turtlebot4,simulation,robot-pose,x=-21.00;y=18.00;yaw=-1.54
189.599999905,[debug],turtlebot5,simulation,robot-pose,x=-38.00;y=21.48;yaw=0.01
189.599999905,[debug],turtlebot5,simulation,robot-pose,x=-38.00;y=21.48;yaw=0.01
203.599999905,[debug],turtlebot1,simulation,robot-pose,x=-33.88;y=18.79;yaw=3.01
203.599999905,[debug],turtlebot1,simulation,robot-pose,x=-33.88;y=18.79;yaw=3.01
204.349999905,[debug],turtlebot2,simulation,robot-pose,x=-36.75;y=16.88;yaw=-1.76
204.349999905,[debug],turtlebot2,simulation,robot-pose,x=-36.75;y=16.88;yaw=-1.76
204.383333445,[debug],turtlebot3,simulation,robot-pose,x=-40.39;y=25.23;yaw=0.33
204.383333445,[debug],turtlebot3,simulation,robot-pose,x=-40.39;y=25.23;yaw=0.33
204.433333397,[debug],turtlebot4,simulation,robot-pose,x=-21.01;y=18.00;yaw=-1.54
204.433333397,[debug],turtlebot4,simulation,robot-pose,x=-21.01;y=18.00;yaw=-1.54
204.599999905,[debug],turtlebot5,simulation,robot-pose,x=-38.02;y=21.48;yaw=0.03
204.599999905,[debug],turtlebot5,simulation,robot-pose,x=-38.02;y=21.48;yaw=0.03
207.25,[info],turtlebot2,skill-life-cycle,navigation,(status=RUNNING, parameters=[[-37.0, 21.5, -1.5707963267948966, True], [-37.0, 16.0, 0.0, True], [-28.5, 16.0, 1.5707963267948966, True], [-28.5, 18.0, -1.57, False]])
214.450000048,[debug],turtlebot2,move-base-info,Hooray, the base moved arrived,(x=-37;y=16)
214.450000048,[debug],turtlebot2,move-base-info,Hooray, the base moved arrived,(x=-37;y=16)
214.633333445,[debug],turtlebot2,task-update,navigation,way-point-reached,50.0%
218.599999905,[debug],turtlebot1,simulation,robot-pose,x=-33.88;y=18.79;yaw=3.01
218.599999905,[debug],turtlebot1,simulation,robot-pose,x=-33.88;y=18.79;yaw=3.01
219.349999905,[debug],turtlebot2,simulation,robot-pose,x=-36.91;y=16.44;yaw=-0.04
219.349999905,[debug],turtlebot2,simulation,robot-pose,x=-36.91;y=16.44;yaw=-0.04
219.383333445,[debug],turtlebot3,simulation,robot-pose,x=-40.39;y=25.23;yaw=0.33
219.383333445,[debug],turtlebot3,simulation,robot-pose,x=-40.39;y=25.23;yaw=0.33
219.433333397,[debug],turtlebot4,simulation,robot-pose,x=-21.01;y=18.00;yaw=-1.54
219.433333397,[debug],turtlebot4,simulation,robot-pose,x=-21.01;y=18.00;yaw=-1.54
219.599999905,[debug],turtlebot5,simulation,robot-pose,x=-38.02;y=21.49;yaw=0.03
219.599999905,[debug],turtlebot5,simulation,robot-pose,x=-38.02;y=21.49;yaw=0.03
233.599999905,[debug],turtlebot1,simulation,robot-pose,x=-33.88;y=18.79;yaw=3.01
233.599999905,[debug],turtlebot1,simulation,robot-pose,x=-33.88;y=18.79;yaw=3.01
234.349999905,[debug],turtlebot2,simulation,robot-pose,x=-35.51;y=15.67;yaw=0.01
234.349999905,[debug],turtlebot2,simulation,robot-pose,x=-35.51;y=15.67;yaw=0.01
234.383333445,[debug],turtlebot3,simulation,robot-pose,x=-40.39;y=25.23;yaw=0.33
234.383333445,[debug],turtlebot3,simulation,robot-pose,x=-40.39;y=25.23;yaw=0.33
234.433333397,[debug],turtlebot4,simulation,robot-pose,x=-21.01;y=18.00;yaw=-1.54
234.433333397,[debug],turtlebot4,simulation,robot-pose,x=-21.01;y=18.00;yaw=-1.54
234.599999905,[debug],turtlebot5,simulation,robot-pose,x=-38.03;y=21.49;yaw=0.03
234.599999905,[debug],turtlebot5,simulation,robot-pose,x=-38.03;y=21.49;yaw=0.03
248.599999905,[debug],turtlebot1,simulation,robot-pose,x=-33.88;y=18.79;yaw=3.01
248.599999905,[debug],turtlebot1,simulation,robot-pose,x=-33.88;y=18.79;yaw=3.01
249.349999905,[debug],turtlebot2,simulation,robot-pose,x=-32.97;y=15.71;yaw=0.17
249.349999905,[debug],turtlebot2,simulation,robot-pose,x=-32.97;y=15.71;yaw=0.17
249.383333445,[debug],turtlebot3,simulation,robot-pose,x=-40.39;y=25.23;yaw=0.33
249.383333445,[debug],turtlebot3,simulation,robot-pose,x=-40.39;y=25.23;yaw=0.33
249.433333397,[debug],turtlebot4,simulation,robot-pose,x=-21.02;y=18.00;yaw=-1.54
249.433333397,[debug],turtlebot4,simulation,robot-pose,x=-21.02;y=18.00;yaw=-1.54
249.599999905,[debug],turtlebot5,simulation,robot-pose,x=-38.04;y=21.49;yaw=0.03
249.599999905,[debug],turtlebot5,simulation,robot-pose,x=-38.04;y=21.49;yaw=0.03
258.049999952,[info],turtlebot2,skill-life-cycle,navigation,(status=RUNNING, parameters=[[-37.0, 21.5, -1.5707963267948966, True], [-37.0, 16.0, 0.0, True], [-28.5, 16.0, 1.5707963267948966, True], [-28.5, 18.0, -1.57, False]])
263.599999905,[debug],turtlebot1,simulation,robot-pose,x=-33.88;y=18.79;yaw=3.01
263.599999905,[debug],turtlebot1,simulation,robot-pose,x=-33.88;y=18.79;yaw=3.01
264.349999905,[debug],turtlebot2,simulation,robot-pose,x=-30.21;y=16.05;yaw=0.02
264.349999905,[debug],turtlebot2,simulation,robot-pose,x=-30.21;y=16.05;yaw=0.02
264.383333445,[debug],turtlebot3,simulation,robot-pose,x=-40.39;y=25.23;yaw=0.33
264.383333445,[debug],turtlebot3,simulation,robot-pose,x=-40.39;y=25.23;yaw=0.33
264.433333397,[debug],turtlebot4,simulation,robot-pose,x=-21.02;y=18.00;yaw=-1.54
264.433333397,[debug],turtlebot4,simulation,robot-pose,x=-21.02;y=18.00;yaw=-1.54
264.599999905,[debug],turtlebot5,simulation,robot-pose,x=-38.05;y=21.50;yaw=0.03
264.599999905,[debug],turtlebot5,simulation,robot-pose,x=-38.05;y=21.50;yaw=0.03
275.933333397,[debug],turtlebot2,move-base-info,Hooray, the base moved arrived,(x=-28.5;y=16)
275.933333397,[debug],turtlebot2,move-base-info,Hooray, the base moved arrived,(x=-28.5;y=16)
276.083333254,[debug],turtlebot2,task-update,navigation,way-point-reached,75.0%
278.599999905,[debug],turtlebot1,simulation,robot-pose,x=-33.88;y=18.79;yaw=3.01
278.599999905,[debug],turtlebot1,simulation,robot-pose,x=-33.88;y=18.79;yaw=3.01
279.349999905,[debug],turtlebot2,simulation,robot-pose,x=-28.87;y=16.25;yaw=1.53
279.349999905,[debug],turtlebot2,simulation,robot-pose,x=-28.87;y=16.25;yaw=1.53
279.383333445,[debug],turtlebot3,simulation,robot-pose,x=-40.39;y=25.23;yaw=0.33
279.383333445,[debug],turtlebot3,simulation,robot-pose,x=-40.39;y=25.23;yaw=0.33
279.433333397,[debug],turtlebot4,simulation,robot-pose,x=-21.03;y=18.00;yaw=-1.54
279.433333397,[debug],turtlebot4,simulation,robot-pose,x=-21.03;y=18.00;yaw=-1.54
279.599999905,[debug],turtlebot5,simulation,robot-pose,x=-38.08;y=21.50;yaw=0.03
279.599999905,[debug],turtlebot5,simulation,robot-pose,x=-38.08;y=21.50;yaw=0.03
292.549999952,[debug],turtlebot2,move-base-info,Hooray, the base moved arrived,(x=-28.5;y=18)
292.549999952,[debug],turtlebot2,move-base-info,Hooray, the base moved arrived,(x=-28.5;y=18)
292.766666651,[debug],turtlebot2,task-update,navigation,way-point-reached,100.0%
292.849999905,[debug],turtlebot2,available-skills,['send_message', 'wait_message', 'approach_person', 'approach_robot', 'authenticate_person', 'deposit', 'navigation', 'operate_drawer', 'pick_up'],
292.849999905,[info],turtlebot2,skill-life-cycle,approach_person,(status=STARTED, parameters=['nurse'])
292.933333397,[debug],turtlebot2,task-update,approach_person,localize-person,(who=nurse)
293.016666651,[debug],turtlebot2,task-update,approach_person,goto-person,(who=nurse)
293.099999905,[debug],turtlebot2,available-skills,['send_message', 'wait_message', 'approach_person', 'approach_robot', 'authenticate_person', 'deposit', 'navigation', 'operate_drawer', 'pick_up'],
293.099999905,[info],turtlebot2,skill-life-cycle,authenticate_person,(status=STARTED, parameters=['nurse'])
293.183333397,[debug],turtlebot2,task-update,authenticate_person,request-authentication,(to=nurse)
293.183333397,[info],nurse,sync,received-request,(status=sending-request)
293.183333397,[info],nurse,sync,received-request,(status=sending-request)
293.599999905,[debug],turtlebot1,simulation,robot-pose,x=-33.88;y=18.79;yaw=3.01
293.599999905,[debug],turtlebot1,simulation,robot-pose,x=-33.88;y=18.79;yaw=3.01
293.633333445,[debug],turtlebot2,task-update,authenticate_person,received-authentication,(from=nurse)
293.700000048,[debug],turtlebot2,available-skills,['send_message', 'wait_message', 'approach_person', 'approach_robot', 'authenticate_person', 'deposit', 'navigation', 'operate_drawer', 'pick_up'],
293.700000048,[info],turtlebot2,skill-life-cycle,operate_drawer,(status=STARTED, parameters=['open'])
293.75,[debug],turtlebot2,task-update,operate_drawer,open
294.349999905,[debug],turtlebot2,simulation,robot-pose,x=-28.64;y=17.61;yaw=-1.52
294.349999905,[debug],turtlebot2,simulation,robot-pose,x=-28.64;y=17.61;yaw=-1.52
294.383333445,[debug],turtlebot3,simulation,robot-pose,x=-40.39;y=25.23;yaw=0.33
294.383333445,[debug],turtlebot3,simulation,robot-pose,x=-40.39;y=25.23;yaw=0.33
294.433333397,[debug],turtlebot4,simulation,robot-pose,x=-21.03;y=18.00;yaw=-1.54
294.433333397,[debug],turtlebot4,simulation,robot-pose,x=-21.03;y=18.00;yaw=-1.54
294.599999905,[debug],turtlebot5,simulation,robot-pose,x=-38.11;y=21.50;yaw=0.03
294.599999905,[debug],turtlebot5,simulation,robot-pose,x=-38.11;y=21.50;yaw=0.03
294.716666698,[debug],turtlebot2,available-skills,['send_message', 'wait_message', 'approach_person', 'approach_robot', 'authenticate_person', 'deposit', 'navigation', 'operate_drawer', 'pick_up'],
294.716666698,[info],turtlebot2,skill-life-cycle,send_message,(status=STARTED, parameters=['nurse'])
294.766666651,[info],turtlebot2,sync,send-message,(to=nurse)
295.683333397,[info],nurse,sync,wait-message,(status=message-received)
295.783333302,[info],nurse,sync,wait-message,(status=message-received)
298.349999905,[debug],turtlebot2,available-skills,['send_message', 'wait_message', 'approach_person', 'approach_robot', 'authenticate_person', 'deposit', 'navigation', 'operate_drawer', 'pick_up'],
298.349999905,[info],turtlebot2,skill-life-cycle,wait_message,(status=STARTED, parameters=['r1'])
299.833333254,[info],turtlebot2,sync,wait-message,(status=message-received)
299.916666746,[debug],turtlebot2,available-skills,['send_message', 'wait_message', 'approach_person', 'approach_robot', 'authenticate_person', 'deposit', 'navigation', 'operate_drawer', 'pick_up'],
299.916666746,[info],turtlebot2,skill-life-cycle,operate_drawer,(status=STARTED, parameters=['close'])
300.033333302,[debug],turtlebot2,task-update,operate_drawer,close
301.0,[debug],turtlebot2,available-skills,['send_message', 'wait_message', 'approach_person', 'approach_robot', 'authenticate_person', 'deposit', 'navigation', 'operate_drawer', 'pick_up'],
301.0,[info],turtlebot2,skill-life-cycle,navigation,(status=STARTED, parameters=[[-28.5, 16.0, 0.0, True], [-26.0, 16.0, -1.5707963267948966, True], [-26.0, 13.0, 1.57, False]])
305.683333397,[info],nurse,sync,wait-message,(status=message-received)
305.783333302,[info],nurse,sync,wait-message,(status=message-received)
308.599999905,[debug],turtlebot1,simulation,robot-pose,x=-33.88;y=18.79;yaw=3.01
308.599999905,[debug],turtlebot1,simulation,robot-pose,x=-33.88;y=18.79;yaw=3.01
309.349999905,[debug],turtlebot2,simulation,robot-pose,x=-28.63;y=17.32;yaw=-1.55
309.349999905,[debug],turtlebot2,simulation,robot-pose,x=-28.63;y=17.32;yaw=-1.55
309.383333445,[debug],turtlebot3,simulation,robot-pose,x=-40.39;y=25.23;yaw=0.33
309.383333445,[debug],turtlebot3,simulation,robot-pose,x=-40.39;y=25.23;yaw=0.33
309.433333397,[debug],turtlebot4,simulation,robot-pose,x=-21.03;y=18.00;yaw=-1.54
309.433333397,[debug],turtlebot4,simulation,robot-pose,x=-21.03;y=18.00;yaw=-1.54
309.599999905,[debug],turtlebot5,simulation,robot-pose,x=-38.13;y=21.50;yaw=0.03
309.599999905,[debug],turtlebot5,simulation,robot-pose,x=-38.13;y=21.50;yaw=0.03
310.416666746,[info],turtlebot2,skill-life-cycle,navigation,(status=RUNNING, parameters=[[-28.5, 16.0, 0.0, True], [-26.0, 16.0, -1.5707963267948966, True], [-26.0, 13.0, 1.57, False]])
313.183333397,[info],nurse,sync,request-sent,(status=waiting)
313.183333397,[info],nurse,sync,request-sent,(status=waiting)
315.683333397,[info],nurse,sync,wait-message,(status=message-received)
315.783333302,[info],nurse,sync,wait-message,(status=message-received)
322.983333349,[debug],turtlebot2,move-base-info,Hooray, the base moved arrived,(x=-28.5;y=16)
322.983333349,[debug],turtlebot2,move-base-info,Hooray, the base moved arrived,(x=-28.5;y=16)
323.049999952,[debug],turtlebot2,task-update,navigation,way-point-reached,33.33333333333333%
323.599999905,[debug],turtlebot1,simulation,robot-pose,x=-33.88;y=18.79;yaw=3.01
323.599999905,[debug],turtlebot1,simulation,robot-pose,x=-33.88;y=18.79;yaw=3.01
324.349999905,[debug],turtlebot2,simulation,robot-pose,x=-28.59;y=16.45;yaw=-0.04
324.349999905,[debug],turtlebot2,simulation,robot-pose,x=-28.59;y=16.45;yaw=-0.04
324.383333445,[debug],turtlebot3,simulation,robot-pose,x=-40.39;y=25.23;yaw=0.33
324.383333445,[debug],turtlebot3,simulation,robot-pose,x=-40.39;y=25.23;yaw=0.33
324.433333397,[debug],turtlebot4,simulation,robot-pose,x=-21.03;y=18.00;yaw=-1.54
324.433333397,[debug],turtlebot4,simulation,robot-pose,x=-21.03;y=18.00;yaw=-1.54
324.599999905,[debug],turtlebot5,simulation,robot-pose,x=-38.15;y=21.50;yaw=0.04
324.599999905,[debug],turtlebot5,simulation,robot-pose,x=-38.15;y=21.50;yaw=0.04
325.683333397,[info],nurse,sync,wait-message,(status=message-received)
325.783333302,[info],nurse,sync,wait-message,(status=message-received)
338.599999905,[debug],turtlebot1,simulation,robot-pose,x=-33.88;y=18.79;yaw=3.01
338.599999905,[debug],turtlebot1,simulation,robot-pose,x=-33.88;y=18.79;yaw=3.01
339.349999905,[debug],turtlebot2,simulation,robot-pose,x=-27.10;y=16.09;yaw=0.07
339.349999905,[debug],turtlebot2,simulation,robot-pose,x=-27.10;y=16.09;yaw=0.07
339.383333445,[debug],turtlebot3,simulation,robot-pose,x=-40.39;y=25.23;yaw=0.33
339.383333445,[debug],turtlebot3,simulation,robot-pose,x=-40.39;y=25.23;yaw=0.33
339.433333397,[debug],turtlebot4,simulation,robot-pose,x=-21.03;y=18.00;yaw=-1.54
339.433333397,[debug],turtlebot4,simulation,robot-pose,x=-21.03;y=18.00;yaw=-1.54
339.599999905,[debug],turtlebot5,simulation,robot-pose,x=-38.15;y=21.51;yaw=0.05
339.599999905,[debug],turtlebot5,simulation,robot-pose,x=-38.15;y=21.51;yaw=0.05
349.400000095,[debug],turtlebot2,move-base-info,Hooray, the base moved arrived,(x=-26;y=16)
349.400000095,[debug],turtlebot2,move-base-info,Hooray, the base moved arrived,(x=-26;y=16)
349.516666651,[debug],turtlebot2,task-update,navigation,way-point-reached,66.66666666666666%
353.599999905,[debug],turtlebot1,simulation,robot-pose,x=-33.88;y=18.79;yaw=3.01
353.599999905,[debug],turtlebot1,simulation,robot-pose,x=-33.88;y=18.79;yaw=3.01
354.349999905,[debug],turtlebot2,simulation,robot-pose,x=-26.37;y=16.30;yaw=-1.51
354.349999905,[debug],turtlebot2,simulation,robot-pose,x=-26.37;y=16.30;yaw=-1.51
354.383333445,[debug],turtlebot3,simulation,robot-pose,x=-40.39;y=25.23;yaw=0.33
354.383333445,[debug],turtlebot3,simulation,robot-pose,x=-40.39;y=25.23;yaw=0.33
354.433333397,[debug],turtlebot4,simulation,robot-pose,x=-21.03;y=18.00;yaw=-1.54
354.433333397,[debug],turtlebot4,simulation,robot-pose,x=-21.03;y=18.00;yaw=-1.54
354.599999905,[debug],turtlebot5,simulation,robot-pose,x=-38.15;y=21.51;yaw=0.06
354.599999905,[debug],turtlebot5,simulation,robot-pose,x=-38.15;y=21.51;yaw=0.06
360.883333445,[info],turtlebot2,skill-life-cycle,navigation,(status=RUNNING, parameters=[[-28.5, 16.0, 0.0, True], [-26.0, 16.0, -1.5707963267948966, True], [-26.0, 13.0, 1.57, False]])
368.599999905,[debug],turtlebot1,simulation,robot-pose,x=-33.88;y=18.79;yaw=3.01
368.599999905,[debug],turtlebot1,simulation,robot-pose,x=-33.88;y=18.79;yaw=3.01
369.349999905,[debug],turtlebot2,simulation,robot-pose,x=-25.91;y=15.09;yaw=-1.37
369.349999905,[debug],turtlebot2,simulation,robot-pose,x=-25.91;y=15.09;yaw=-1.37
369.383333445,[debug],turtlebot3,simulation,robot-pose,x=-40.39;y=25.23;yaw=0.33
369.383333445,[debug],turtlebot3,simulation,robot-pose,x=-40.39;y=25.23;yaw=0.33
369.433333397,[debug],turtlebot4,simulation,robot-pose,x=-21.03;y=18.00;yaw=-1.54
369.433333397,[debug],turtlebot4,simulation,robot-pose,x=-21.03;y=18.00;yaw=-1.54
369.599999905,[debug],turtlebot5,simulation,robot-pose,x=-38.15;y=21.51;yaw=0.08
369.599999905,[debug],turtlebot5,simulation,robot-pose,x=-38.15;y=21.51;yaw=0.08
383.599999905,[debug],turtlebot1,simulation,robot-pose,x=-33.88;y=18.79;yaw=3.01
383.599999905,[debug],turtlebot1,simulation,robot-pose,x=-33.88;y=18.79;yaw=3.01
384.349999905,[debug],turtlebot2,simulation,robot-pose,x=-25.87;y=13.84;yaw=-1.64
384.349999905,[debug],turtlebot2,simulation,robot-pose,x=-25.87;y=13.84;yaw=-1.64
384.383333445,[debug],turtlebot3,simulation,robot-pose,x=-40.39;y=25.23;yaw=0.33
384.383333445,[debug],turtlebot3,simulation,robot-pose,x=-40.39;y=25.23;yaw=0.33
384.433333397,[debug],turtlebot4,simulation,robot-pose,x=-21.03;y=18.00;yaw=-1.54
384.433333397,[debug],turtlebot4,simulation,robot-pose,x=-21.03;y=18.00;yaw=-1.54
384.599999905,[debug],turtlebot5,simulation,robot-pose,x=-38.15;y=21.51;yaw=0.11
384.599999905,[debug],turtlebot5,simulation,robot-pose,x=-38.15;y=21.51;yaw=0.11
396.216666698,[debug],turtlebot2,move-base-info,Hooray, the base moved arrived,(x=-26;y=13)
396.216666698,[debug],turtlebot2,move-base-info,Hooray, the base moved arrived,(x=-26;y=13)
396.383333445,[debug],turtlebot2,task-update,navigation,way-point-reached,100.0%
396.450000048,[debug],turtlebot2,available-skills,['send_message', 'wait_message', 'approach_person', 'approach_robot', 'authenticate_person', 'deposit', 'navigation', 'operate_drawer', 'pick_up'],
396.466666698,[info],turtlebot2,skill-life-cycle,approach_robot,(status=STARTED, parameters=['lab_arm'])
396.566666603,[debug],turtlebot2,task-update,approach_robot,localize-robot,(who=lab_arm)
397.599999905,[debug],turtlebot2,task-update,approach_robot,goto-robot,(who=lab_arm)
397.683333397,[debug],turtlebot2,available-skills,['send_message', 'wait_message', 'approach_person', 'approach_robot', 'authenticate_person', 'deposit', 'navigation', 'operate_drawer', 'pick_up'],
397.683333397,[info],turtlebot2,skill-life-cycle,operate_drawer,(status=STARTED, parameters=['open'])
397.716666698,[debug],turtlebot2,task-update,operate_drawer,open
398.599999905,[debug],turtlebot1,simulation,robot-pose,x=-33.88;y=18.79;yaw=3.01
398.599999905,[debug],turtlebot1,simulation,robot-pose,x=-33.88;y=18.79;yaw=3.01
398.700000048,[debug],turtlebot2,available-skills,['send_message', 'wait_message', 'approach_person', 'approach_robot', 'authenticate_person', 'deposit', 'navigation', 'operate_drawer', 'pick_up'],
399.233333349,[info],turtlebot2,skill-life-cycle,send_message,(status=STARTED, parameters=['lab_arm'])
399.316666603,[info],turtlebot2,sync,send-message,(to=lab_arm)
399.349999905,[debug],turtlebot2,simulation,robot-pose,x=-25.92;y=13.41;yaw=1.62
399.349999905,[debug],turtlebot2,simulation,robot-pose,x=-25.92;y=13.41;yaw=1.62
399.383333445,[debug],turtlebot3,simulation,robot-pose,x=-40.39;y=25.23;yaw=0.33
399.383333445,[debug],turtlebot3,simulation,robot-pose,x=-40.39;y=25.23;yaw=0.33
399.433333397,[debug],turtlebot4,simulation,robot-pose,x=-21.03;y=18.00;yaw=-1.54
399.433333397,[debug],turtlebot4,simulation,robot-pose,x=-21.03;y=18.00;yaw=-1.54
399.599999905,[debug],turtlebot5,simulation,robot-pose,x=-38.15;y=21.52;yaw=0.14
399.599999905,[debug],turtlebot5,simulation,robot-pose,x=-38.15;y=21.52;yaw=0.14
400.200000048,[info],lab_arm,sync,wait-message,(status=message-received)
400.200000048,[info],lab_arm,sync,wait-message,(status=message-received)
400.200000048,[info],Inventory,sync,wait-sample,(status=sample-received)
400.200000048,[info],Inventory,sync,wait-sample,(status=sample-received)
400.200000048,ENDSIM
400.200000048,ENDSIM
410.183333397,[info],Inventory,sync,wait-sample,(status=sample-received)
410.183333397,ENDSIM
410.183333397,[info],Inventory,sync,wait-sample,(status=sample-received)
410.183333397,ENDSIM
410.183333397,[info],lab_arm,sync,wait-message,(status=message-received)
410.183333397,[info],lab_arm,sync,wait-message,(status=message-received)
410.183333397,[info],Inventory,sync,wait-sample,(status=sample-received)
410.183333397,[info],Inventory,sync,wait-sample,(status=sample-received)
410.183333397,ENDSIM
410.183333397,ENDSIM
0.0,[debug],simulation closed,reach-target,execution-wall-clock=515.5531859397888
