7.5,[debug],turtlebot2,move-base-info,Move_base is up and ok....,
11.4333333969,[debug],turtlebot4,move-base-info,Move_base is up and ok....,
14.6833333969,[info],turtlebot1,skill-life-cycle,init_robobt,(status=RUNNING, parameters=[])
16.3833334446,[info],turtlebot5,skill-life-cycle,init_robobt,(status=RUNNING, parameters=[])
16.5999999046,[info],turtlebot2,skill-life-cycle,init_robobt,(status=RUNNING, parameters=[])
16.7833333015,[info],turtlebot4,skill-life-cycle,init_robobt,(status=RUNNING, parameters=[])
22.1833333969,[debug],turtlebot4,available-skills,['send_message', 'wait_message', 'approach_person', 'approach_robot', 'authenticate_person', 'deposit', 'navigation', 'pick_up'],
22.1833333969,[info],turtlebot4,skill-life-cycle,navigation,(status=STARTED, parameters=[[-37.0, 25.37, -1.5707963267948966, True], [-37.0, 18.93, 0.0, True], [-33.9, 18.93, 3.14, False]])
27.4000000954,[debug],turtlebot1,simulation,robot-pose,x=-11.46;y=17.82;yaw=-1.25
27.4000000954,[debug],turtlebot1,simulation,robot-pose,x=-11.46;y=17.82;yaw=-1.25
27.5833332539,[debug],turtlebot2,simulation,robot-pose,x=-28.68;y=17.88;yaw=-0.80
27.5833332539,[debug],turtlebot2,simulation,robot-pose,x=-28.68;y=17.88;yaw=-0.80
27.5999999046,[debug],turtlebot3,simulation,robot-pose,x=-27.23;y=18.02;yaw=-1.59
27.5999999046,[debug],turtlebot3,simulation,robot-pose,x=-27.23;y=18.02;yaw=-1.59
27.6166665554,[debug],turtlebot4,simulation,robot-pose,x=-40.39;y=25.24;yaw=0.14
27.6166665554,[debug],turtlebot4,simulation,robot-pose,x=-40.39;y=25.24;yaw=0.14
27.6166665554,[debug],turtlebot5,simulation,robot-pose,x=-32.89;y=33.97;yaw=-3.10
27.6166665554,[debug],turtlebot5,simulation,robot-pose,x=-32.89;y=33.97;yaw=-3.10
42.4000000954,[debug],turtlebot1,simulation,robot-pose,x=-11.46;y=17.82;yaw=-1.25
42.4000000954,[debug],turtlebot1,simulation,robot-pose,x=-11.46;y=17.82;yaw=-1.25
42.5833332539,[debug],turtlebot2,simulation,robot-pose,x=-28.68;y=17.88;yaw=-0.80
42.5833332539,[debug],turtlebot2,simulation,robot-pose,x=-28.68;y=17.88;yaw=-0.80
42.5999999046,[debug],turtlebot3,simulation,robot-pose,x=-27.22;y=18.03;yaw=-1.58
42.5999999046,[debug],turtlebot3,simulation,robot-pose,x=-27.22;y=18.03;yaw=-1.58
42.6166665554,[debug],turtlebot5,simulation,robot-pose,x=-32.89;y=33.97;yaw=-3.10
42.6166665554,[debug],turtlebot5,simulation,robot-pose,x=-32.89;y=33.97;yaw=-3.10
42.6166665554,[debug],turtlebot4,simulation,robot-pose,x=-39.49;y=24.10;yaw=-0.83
42.6166665554,[debug],turtlebot4,simulation,robot-pose,x=-39.49;y=24.10;yaw=-0.83
57.4000000954,[debug],turtlebot1,simulation,robot-pose,x=-11.46;y=17.82;yaw=-1.25
57.4000000954,[debug],turtlebot1,simulation,robot-pose,x=-11.46;y=17.82;yaw=-1.25
57.5833332539,[debug],turtlebot2,simulation,robot-pose,x=-28.69;y=17.88;yaw=-0.80
57.5833332539,[debug],turtlebot2,simulation,robot-pose,x=-28.69;y=17.88;yaw=-0.80
57.5999999046,[debug],turtlebot3,simulation,robot-pose,x=-27.22;y=18.03;yaw=-1.58
57.5999999046,[debug],turtlebot3,simulation,robot-pose,x=-27.22;y=18.03;yaw=-1.58
57.6166665554,[debug],turtlebot4,simulation,robot-pose,x=-38.39;y=23.22;yaw=-0.39
57.6166665554,[debug],turtlebot4,simulation,robot-pose,x=-38.39;y=23.22;yaw=-0.39
57.6166665554,[debug],turtlebot5,simulation,robot-pose,x=-32.89;y=33.97;yaw=-3.10
57.6166665554,[debug],turtlebot5,simulation,robot-pose,x=-32.89;y=33.97;yaw=-3.10
67.3666665554,[info],turtlebot4,skill-life-cycle,navigation,(status=RUNNING, parameters=[[-37.0, 25.37, -1.5707963267948966, True], [-37.0, 18.93, 0.0, True], [-33.9, 18.93, 3.14, False]])
72.4000000954,[debug],turtlebot1,simulation,robot-pose,x=-11.46;y=17.82;yaw=-1.25
72.4000000954,[debug],turtlebot1,simulation,robot-pose,x=-11.46;y=17.82;yaw=-1.25
72.5833332539,[debug],turtlebot2,simulation,robot-pose,x=-28.69;y=17.87;yaw=-0.79
72.5833332539,[debug],turtlebot2,simulation,robot-pose,x=-28.69;y=17.87;yaw=-0.79
72.5999999046,[debug],turtlebot3,simulation,robot-pose,x=-27.22;y=18.03;yaw=-1.58
72.5999999046,[debug],turtlebot3,simulation,robot-pose,x=-27.22;y=18.03;yaw=-1.58
72.6166665554,[debug],turtlebot5,simulation,robot-pose,x=-32.89;y=33.97;yaw=-3.10
72.6166665554,[debug],turtlebot5,simulation,robot-pose,x=-32.89;y=33.97;yaw=-3.10
72.6166665554,[debug],turtlebot4,simulation,robot-pose,x=-37.29;y=23.61;yaw=1.16
72.6166665554,[debug],turtlebot4,simulation,robot-pose,x=-37.29;y=23.61;yaw=1.16
87.4000000954,[debug],turtlebot1,simulation,robot-pose,x=-11.46;y=17.82;yaw=-1.25
87.4000000954,[debug],turtlebot1,simulation,robot-pose,x=-11.46;y=17.82;yaw=-1.25
87.5833332539,[debug],turtlebot2,simulation,robot-pose,x=-28.69;y=17.87;yaw=-0.78
87.5833332539,[debug],turtlebot2,simulation,robot-pose,x=-28.69;y=17.87;yaw=-0.78
87.5999999046,[debug],turtlebot3,simulation,robot-pose,x=-27.22;y=18.03;yaw=-1.58
87.5999999046,[debug],turtlebot3,simulation,robot-pose,x=-27.22;y=18.03;yaw=-1.58
87.6166665554,[debug],turtlebot4,simulation,robot-pose,x=-37.28;y=25.03;yaw=-2.23
87.6166665554,[debug],turtlebot4,simulation,robot-pose,x=-37.28;y=25.03;yaw=-2.23
87.6166665554,[debug],turtlebot5,simulation,robot-pose,x=-32.90;y=33.97;yaw=-3.09
87.6166665554,[debug],turtlebot5,simulation,robot-pose,x=-32.90;y=33.97;yaw=-3.09
89.7666666508,[debug],turtlebot4,move-base-info,Hooray, the base moved arrived,(x=-37;y=25.37)
89.7666666508,[debug],turtlebot4,move-base-info,Hooray, the base moved arrived,(x=-37;y=25.37)
89.8166666031,[debug],turtlebot4,task-update,navigation,way-point-reached,33.33333333333333%
102.400000095,[debug],turtlebot1,simulation,robot-pose,x=-11.46;y=17.82;yaw=-1.25
102.400000095,[debug],turtlebot1,simulation,robot-pose,x=-11.46;y=17.82;yaw=-1.25
102.583333254,[debug],turtlebot2,simulation,robot-pose,x=-28.69;y=17.88;yaw=-0.79
102.583333254,[debug],turtlebot2,simulation,robot-pose,x=-28.69;y=17.88;yaw=-0.79
102.599999905,[debug],turtlebot3,simulation,robot-pose,x=-27.22;y=18.03;yaw=-1.58
102.599999905,[debug],turtlebot3,simulation,robot-pose,x=-27.22;y=18.03;yaw=-1.58
102.616666555,[debug],turtlebot5,simulation,robot-pose,x=-32.90;y=33.97;yaw=-3.10
102.616666555,[debug],turtlebot5,simulation,robot-pose,x=-32.90;y=33.97;yaw=-3.10
102.616666555,[debug],turtlebot4,simulation,robot-pose,x=-36.99;y=24.11;yaw=-1.45
102.616666555,[debug],turtlebot4,simulation,robot-pose,x=-36.99;y=24.11;yaw=-1.45
117.400000095,[debug],turtlebot1,simulation,robot-pose,x=-11.46;y=17.82;yaw=-1.25
117.400000095,[debug],turtlebot1,simulation,robot-pose,x=-11.46;y=17.82;yaw=-1.25
117.583333254,[debug],turtlebot2,simulation,robot-pose,x=-28.69;y=17.88;yaw=-0.79
117.583333254,[debug],turtlebot2,simulation,robot-pose,x=-28.69;y=17.88;yaw=-0.79
117.599999905,[debug],turtlebot3,simulation,robot-pose,x=-27.22;y=18.03;yaw=-1.58
117.599999905,[debug],turtlebot3,simulation,robot-pose,x=-27.22;y=18.03;yaw=-1.58
117.616666555,[debug],turtlebot4,simulation,robot-pose,x=-37.14;y=21.52;yaw=-1.37
117.616666555,[debug],turtlebot4,simulation,robot-pose,x=-37.14;y=21.52;yaw=-1.37
117.616666555,[debug],turtlebot5,simulation,robot-pose,x=-32.90;y=33.97;yaw=-3.09
117.616666555,[debug],turtlebot5,simulation,robot-pose,x=-32.90;y=33.97;yaw=-3.09
118.583333254,[info],turtlebot4,skill-life-cycle,navigation,(status=RUNNING, parameters=[[-37.0, 25.37, -1.5707963267948966, True], [-37.0, 18.93, 0.0, True], [-33.9, 18.93, 3.14, False]])
132.400000095,[debug],turtlebot1,simulation,robot-pose,x=-11.46;y=17.82;yaw=-1.25
132.400000095,[debug],turtlebot1,simulation,robot-pose,x=-11.46;y=17.82;yaw=-1.25
132.583333254,[debug],turtlebot2,simulation,robot-pose,x=-28.69;y=17.88;yaw=-0.79
132.583333254,[debug],turtlebot2,simulation,robot-pose,x=-28.69;y=17.88;yaw=-0.79
132.599999905,[debug],turtlebot3,simulation,robot-pose,x=-27.22;y=18.03;yaw=-1.58
132.599999905,[debug],turtlebot3,simulation,robot-pose,x=-27.22;y=18.03;yaw=-1.58
132.616666555,[debug],turtlebot4,simulation,robot-pose,x=-37.30;y=19.33;yaw=-1.53
132.616666555,[debug],turtlebot4,simulation,robot-pose,x=-37.30;y=19.33;yaw=-1.53
132.616666555,[debug],turtlebot5,simulation,robot-pose,x=-32.90;y=33.97;yaw=-3.09
132.616666555,[debug],turtlebot5,simulation,robot-pose,x=-32.90;y=33.97;yaw=-3.09
136.966666698,[debug],turtlebot4,move-base-info,Hooray, the base moved arrived,(x=-37;y=18.93)
136.983333349,[debug],turtlebot4,move-base-info,Hooray, the base moved arrived,(x=-37;y=18.93)
137.166666746,[debug],turtlebot4,task-update,navigation,way-point-reached,66.66666666666666%
147.400000095,[debug],turtlebot1,simulation,robot-pose,x=-11.46;y=17.82;yaw=-1.25
147.400000095,[debug],turtlebot1,simulation,robot-pose,x=-11.46;y=17.82;yaw=-1.25
147.583333254,[debug],turtlebot2,simulation,robot-pose,x=-28.69;y=17.88;yaw=-0.80
147.583333254,[debug],turtlebot2,simulation,robot-pose,x=-28.69;y=17.88;yaw=-0.80
147.599999905,[debug],turtlebot3,simulation,robot-pose,x=-27.22;y=18.03;yaw=-1.57
147.599999905,[debug],turtlebot3,simulation,robot-pose,x=-27.22;y=18.03;yaw=-1.57
147.616666555,[debug],turtlebot5,simulation,robot-pose,x=-32.90;y=33.97;yaw=-3.09
147.616666555,[debug],turtlebot5,simulation,robot-pose,x=-32.90;y=33.97;yaw=-3.09
147.616666555,[debug],turtlebot4,simulation,robot-pose,x=-36.92;y=18.97;yaw=-1.02
147.616666555,[debug],turtlebot4,simulation,robot-pose,x=-36.92;y=18.97;yaw=-1.02
162.400000095,[debug],turtlebot1,simulation,robot-pose,x=-11.46;y=17.82;yaw=-1.25
162.400000095,[debug],turtlebot1,simulation,robot-pose,x=-11.46;y=17.82;yaw=-1.25
162.583333254,[debug],turtlebot2,simulation,robot-pose,x=-28.69;y=17.88;yaw=-0.80
162.583333254,[debug],turtlebot2,simulation,robot-pose,x=-28.69;y=17.88;yaw=-0.80
162.599999905,[debug],turtlebot3,simulation,robot-pose,x=-27.22;y=18.03;yaw=-1.57
162.599999905,[debug],turtlebot3,simulation,robot-pose,x=-27.22;y=18.03;yaw=-1.57
162.616666555,[debug],turtlebot5,simulation,robot-pose,x=-32.90;y=33.97;yaw=-3.09
162.616666555,[debug],turtlebot5,simulation,robot-pose,x=-32.90;y=33.97;yaw=-3.09
162.616666555,[debug],turtlebot4,simulation,robot-pose,x=-35.94;y=17.83;yaw=-0.39
162.616666555,[debug],turtlebot4,simulation,robot-pose,x=-35.94;y=17.83;yaw=-0.39
169.650000095,[info],turtlebot4,skill-life-cycle,navigation,(status=RUNNING, parameters=[[-37.0, 25.37, -1.5707963267948966, True], [-37.0, 18.93, 0.0, True], [-33.9, 18.93, 3.14, False]])
177.400000095,[debug],turtlebot1,simulation,robot-pose,x=-11.46;y=17.82;yaw=-1.25
177.400000095,[debug],turtlebot1,simulation,robot-pose,x=-11.46;y=17.82;yaw=-1.25
177.583333254,[debug],turtlebot2,simulation,robot-pose,x=-28.68;y=17.88;yaw=-0.80
177.583333254,[debug],turtlebot2,simulation,robot-pose,x=-28.68;y=17.88;yaw=-0.80
177.599999905,[debug],turtlebot3,simulation,robot-pose,x=-27.22;y=18.03;yaw=-1.57
177.599999905,[debug],turtlebot3,simulation,robot-pose,x=-27.22;y=18.03;yaw=-1.57
177.616666555,[debug],turtlebot4,simulation,robot-pose,x=-34.74;y=18.07;yaw=0.80
177.616666555,[debug],turtlebot5,simulation,robot-pose,x=-32.90;y=33.97;yaw=-3.09
177.616666555,[debug],turtlebot4,simulation,robot-pose,x=-34.74;y=18.07;yaw=0.80
177.616666555,[debug],turtlebot5,simulation,robot-pose,x=-32.90;y=33.97;yaw=-3.09
190.25,[debug],turtlebot4,move-base-info,Hooray, the base moved arrived,(x=-33.9;y=18.93)
190.25,[debug],turtlebot4,move-base-info,Hooray, the base moved arrived,(x=-33.9;y=18.93)
190.416666746,[debug],turtlebot4,task-update,navigation,way-point-reached,100.0%
190.516666651,[debug],turtlebot4,available-skills,['send_message', 'wait_message', 'approach_person', 'approach_robot', 'authenticate_person', 'deposit', 'navigation', 'pick_up'],
190.516666651,[info],turtlebot4,skill-life-cycle,approach_person,(status=STARTED, parameters=['nurse'])
190.583333254,[debug],turtlebot4,task-update,approach_person,localize-person,(who=nurse)
190.849999905,[debug],turtlebot4,task-update,approach_person,goto-person,(who=nurse)
190.916666746,[debug],turtlebot4,available-skills,['send_message', 'wait_message', 'approach_person', 'approach_robot', 'authenticate_person', 'deposit', 'navigation', 'pick_up'],
190.916666746,[info],turtlebot4,skill-life-cycle,authenticate_person,(status=STARTED, parameters=['nurse'])
190.983333349,[debug],turtlebot4,task-update,authenticate_person,request-authentication,(to=nurse)
191.0,[info],nurse,sync,received-request,(status=sending-request)
191.0,[info],nurse,sync,received-request,(status=sending-request)
191.916666746,[debug],turtlebot4,task-update,authenticate_person,received-authentication,(from=nurse)
192.0,[debug],turtlebot4,available-skills,['send_message', 'wait_message', 'approach_person', 'approach_robot', 'authenticate_person', 'deposit', 'navigation', 'pick_up'],
192.0,[info],turtlebot4,skill-life-cycle,fail,(status=STARTED, parameters=['operate_drawer', 'open'])
192.400000095,[debug],turtlebot1,simulation,robot-pose,x=-11.46;y=17.82;yaw=-1.25
192.400000095,[debug],turtlebot1,simulation,robot-pose,x=-11.46;y=17.82;yaw=-1.25
192.583333254,[debug],turtlebot2,simulation,robot-pose,x=-28.68;y=17.88;yaw=-0.80
192.583333254,[debug],turtlebot2,simulation,robot-pose,x=-28.68;y=17.88;yaw=-0.80
192.599999905,[debug],turtlebot3,simulation,robot-pose,x=-27.22;y=18.03;yaw=-1.57
192.599999905,[debug],turtlebot3,simulation,robot-pose,x=-27.22;y=18.03;yaw=-1.57
192.616666555,[debug],turtlebot5,simulation,robot-pose,x=-32.90;y=33.97;yaw=-3.09
192.616666555,[debug],turtlebot5,simulation,robot-pose,x=-32.90;y=33.97;yaw=-3.09
192.616666555,[debug],turtlebot4,simulation,robot-pose,x=-34.21;y=18.64;yaw=3.10
192.616666555,[debug],turtlebot4,simulation,robot-pose,x=-34.21;y=18.64;yaw=3.10
193.950000048,[info],turtlebot4,skill-life-cycle,fail,(status=Status.FAILURE, parameters=['operate_drawer', 'open'])
193.950000048,FAILURE
194.033333302,[info],turtlebot4,skill-life-cycle,fail,(status=Status.FAILURE, parameters=['operate_drawer', 'open'])
194.033333302,FAILURE
194.116666555,[info],turtlebot4,skill-life-cycle,fail,(status=Status.FAILURE, parameters=['operate_drawer', 'open'])
194.116666555,FAILURE
194.200000048,[info],turtlebot4,skill-life-cycle,fail,(status=Status.FAILURE, parameters=['operate_drawer', 'open'])
194.200000048,FAILURE
194.283333302,[info],turtlebot4,skill-life-cycle,fail,(status=Status.FAILURE, parameters=['operate_drawer', 'open'])
194.283333302,FAILURE
194.383333445,[info],turtlebot4,skill-life-cycle,fail,(status=Status.FAILURE, parameters=['operate_drawer', 'open'])
194.383333445,FAILURE
194.450000048,[info],turtlebot4,skill-life-cycle,fail,(status=Status.FAILURE, parameters=['operate_drawer', 'open'])
194.450000048,FAILURE
194.533333302,[info],turtlebot4,skill-life-cycle,fail,(status=Status.FAILURE, parameters=['operate_drawer', 'open'])
194.533333302,FAILURE
194.599999905,[info],turtlebot4,skill-life-cycle,fail,(status=Status.FAILURE, parameters=['operate_drawer', 'open'])
194.599999905,FAILURE
194.666666746,[info],turtlebot4,skill-life-cycle,fail,(status=Status.FAILURE, parameters=['operate_drawer', 'open'])
194.666666746,FAILURE
194.75,[info],turtlebot4,skill-life-cycle,fail,(status=Status.FAILURE, parameters=['operate_drawer', 'open'])
194.75,FAILURE
194.833333254,[info],turtlebot4,skill-life-cycle,fail,(status=Status.FAILURE, parameters=['operate_drawer', 'open'])
194.833333254,FAILURE
194.900000095,[info],turtlebot4,skill-life-cycle,fail,(status=Status.FAILURE, parameters=['operate_drawer', 'open'])
194.900000095,FAILURE
194.966666698,[info],turtlebot4,skill-life-cycle,fail,(status=Status.FAILURE, parameters=['operate_drawer', 'open'])
194.966666698,FAILURE
0.0,[debug],simulation closed,failure-bt,execution-wall-clock=239.23291516304016
