9.06666660309,[debug],turtlebot2,move-base-info,Move_base is up and ok....,
14.6833333969,[info],turtlebot5,skill-life-cycle,init_robobt,(status=RUNNING, parameters=[])
15.7666666508,[info],turtlebot4,skill-life-cycle,init_robobt,(status=RUNNING, parameters=[])
15.8833334446,[info],turtlebot3,skill-life-cycle,init_robobt,(status=RUNNING, parameters=[])
21.6166665554,[debug],turtlebot2,available-skills,['send_message', 'wait_message', 'approach_person', 'approach_robot', 'authenticate_person', 'deposit', 'navigation', 'operate_drawer', 'pick_up'],
21.6166665554,[info],turtlebot2,skill-life-cycle,navigation,(status=STARTED, parameters=[[-21.0, 16.0, 3.141592653589793, True], [-28.5, 16.0, 1.5707963267948966, True], [-28.5, 18.0, -1.57, False]])
26.8666665554,[debug],turtlebot1,simulation,robot-pose,x=-33.83;y=18.78;yaw=2.81
26.8666665554,[debug],turtlebot1,simulation,robot-pose,x=-33.83;y=18.78;yaw=2.81
27.0166666508,[debug],turtlebot2,simulation,robot-pose,x=-27.23;y=17.98;yaw=-1.51
27.0333333015,[debug],turtlebot3,simulation,robot-pose,x=-40.39;y=25.23;yaw=0.34
27.0499999523,[debug],turtlebot4,simulation,robot-pose,x=-20.99;y=18.00;yaw=-1.54
27.0499999523,[debug],turtlebot5,simulation,robot-pose,x=-38.00;y=21.48;yaw=0.01
27.1333334446,[debug],turtlebot2,simulation,robot-pose,x=-27.23;y=17.98;yaw=-1.51
27.1333334446,[debug],turtlebot3,simulation,robot-pose,x=-40.39;y=25.23;yaw=0.34
27.1333334446,[debug],turtlebot4,simulation,robot-pose,x=-20.99;y=18.00;yaw=-1.54
27.1333334446,[debug],turtlebot5,simulation,robot-pose,x=-38.00;y=21.48;yaw=0.01
41.8666665554,[debug],turtlebot1,simulation,robot-pose,x=-33.84;y=18.78;yaw=2.83
41.8666665554,[debug],turtlebot1,simulation,robot-pose,x=-33.84;y=18.78;yaw=2.83
42.0166666508,[debug],turtlebot2,simulation,robot-pose,x=-27.08;y=16.73;yaw=-1.39
42.0333333015,[debug],turtlebot3,simulation,robot-pose,x=-40.39;y=25.23;yaw=0.33
42.0499999523,[debug],turtlebot5,simulation,robot-pose,x=-38.00;y=21.48;yaw=0.01
42.0499999523,[debug],turtlebot4,simulation,robot-pose,x=-20.99;y=18.00;yaw=-1.54
42.1500000954,[debug],turtlebot2,simulation,robot-pose,x=-27.08;y=16.73;yaw=-1.39
42.1500000954,[debug],turtlebot3,simulation,robot-pose,x=-40.39;y=25.23;yaw=0.33
42.1500000954,[debug],turtlebot5,simulation,robot-pose,x=-38.00;y=21.48;yaw=0.01
42.1500000954,[debug],turtlebot4,simulation,robot-pose,x=-20.99;y=18.00;yaw=-1.54
56.8666665554,[debug],turtlebot1,simulation,robot-pose,x=-33.85;y=18.78;yaw=2.84
56.8666665554,[debug],turtlebot1,simulation,robot-pose,x=-33.85;y=18.78;yaw=2.84
57.0166666508,[debug],turtlebot2,simulation,robot-pose,x=-25.51;y=16.13;yaw=-0.05
57.0333333015,[debug],turtlebot3,simulation,robot-pose,x=-40.39;y=25.23;yaw=0.33
57.0499999523,[debug],turtlebot4,simulation,robot-pose,x=-20.99;y=18.00;yaw=-1.54
57.0499999523,[debug],turtlebot5,simulation,robot-pose,x=-38.00;y=21.48;yaw=0.01
57.0999999046,[debug],turtlebot2,simulation,robot-pose,x=-25.51;y=16.13;yaw=-0.05
57.0999999046,[debug],turtlebot3,simulation,robot-pose,x=-40.39;y=25.23;yaw=0.33
57.0999999046,[debug],turtlebot4,simulation,robot-pose,x=-20.99;y=18.00;yaw=-1.54
57.0999999046,[debug],turtlebot5,simulation,robot-pose,x=-38.00;y=21.48;yaw=0.01
66.3833334446,[info],turtlebot2,skill-life-cycle,navigation,(status=RUNNING, parameters=[[-21.0, 16.0, 3.141592653589793, True], [-28.5, 16.0, 1.5707963267948966, True], [-28.5, 18.0, -1.57, False]])
71.8666665554,[debug],turtlebot1,simulation,robot-pose,x=-33.85;y=18.78;yaw=2.86
71.8666665554,[debug],turtlebot1,simulation,robot-pose,x=-33.85;y=18.78;yaw=2.86
72.0166666508,[debug],turtlebot2,simulation,robot-pose,x=-22.99;y=16.17;yaw=0.16
72.0333333015,[debug],turtlebot3,simulation,robot-pose,x=-40.39;y=25.23;yaw=0.33
72.0499999523,[debug],turtlebot5,simulation,robot-pose,x=-38.00;y=21.48;yaw=0.01
72.0499999523,[debug],turtlebot4,simulation,robot-pose,x=-20.99;y=18.00;yaw=-1.54
72.1333334446,[debug],turtlebot2,simulation,robot-pose,x=-22.99;y=16.17;yaw=0.16
72.1333334446,[debug],turtlebot3,simulation,robot-pose,x=-40.39;y=25.23;yaw=0.33
72.1333334446,[debug],turtlebot5,simulation,robot-pose,x=-38.00;y=21.48;yaw=0.01
72.1333334446,[debug],turtlebot4,simulation,robot-pose,x=-20.99;y=18.00;yaw=-1.54
86.8666665554,[debug],turtlebot1,simulation,robot-pose,x=-33.85;y=18.78;yaw=2.87
86.8666665554,[debug],turtlebot1,simulation,robot-pose,x=-33.85;y=18.78;yaw=2.87
87.0166666508,[debug],turtlebot2,simulation,robot-pose,x=-21.33;y=16.32;yaw=-2.14
87.0333333015,[debug],turtlebot3,simulation,robot-pose,x=-40.39;y=25.23;yaw=0.33
87.0499999523,[debug],turtlebot4,simulation,robot-pose,x=-20.99;y=18.00;yaw=-1.54
87.0499999523,[debug],turtlebot5,simulation,robot-pose,x=-38.00;y=21.48;yaw=0.01
87.1333334446,[debug],turtlebot2,simulation,robot-pose,x=-21.33;y=16.32;yaw=-2.14
87.1333334446,[debug],turtlebot3,simulation,robot-pose,x=-40.39;y=25.23;yaw=0.33
87.1333334446,[debug],turtlebot4,simulation,robot-pose,x=-20.99;y=18.00;yaw=-1.54
87.1333334446,[debug],turtlebot5,simulation,robot-pose,x=-38.00;y=21.48;yaw=0.01
89.9666666985,[debug],turtlebot2,move-base-info,Hooray, the base moved arrived,(x=-21;y=16)
89.9666666985,[debug],turtlebot2,move-base-info,Hooray, the base moved arrived,(x=-21;y=16)
90.0166666508,[debug],turtlebot2,task-update,navigation,way-point-reached,33.33333333333333%
101.866666555,[debug],turtlebot1,simulation,robot-pose,x=-33.85;y=18.78;yaw=2.89
101.866666555,[debug],turtlebot1,simulation,robot-pose,x=-33.85;y=18.78;yaw=2.89
102.016666651,[debug],turtlebot2,simulation,robot-pose,x=-22.16;y=15.99;yaw=-2.87
102.033333302,[debug],turtlebot3,simulation,robot-pose,x=-40.39;y=25.23;yaw=0.33
102.049999952,[debug],turtlebot4,simulation,robot-pose,x=-20.99;y=18.00;yaw=-1.54
102.049999952,[debug],turtlebot5,simulation,robot-pose,x=-38.00;y=21.48;yaw=0.01
102.150000095,[debug],turtlebot2,simulation,robot-pose,x=-22.16;y=15.99;yaw=-2.87
102.150000095,[debug],turtlebot3,simulation,robot-pose,x=-40.39;y=25.23;yaw=0.33
102.150000095,[debug],turtlebot4,simulation,robot-pose,x=-20.99;y=18.00;yaw=-1.54
102.150000095,[debug],turtlebot5,simulation,robot-pose,x=-38.00;y=21.48;yaw=0.01
116.866666555,[debug],turtlebot1,simulation,robot-pose,x=-33.86;y=18.79;yaw=2.91
116.866666555,[debug],turtlebot1,simulation,robot-pose,x=-33.86;y=18.79;yaw=2.91
117.016666651,[debug],turtlebot2,simulation,robot-pose,x=-24.62;y=15.95;yaw=-3.13
117.033333302,[debug],turtlebot3,simulation,robot-pose,x=-40.39;y=25.23;yaw=0.33
117.049999952,[debug],turtlebot4,simulation,robot-pose,x=-20.99;y=18.00;yaw=-1.54
117.049999952,[debug],turtlebot5,simulation,robot-pose,x=-38.00;y=21.48;yaw=0.01
117.150000095,[debug],turtlebot2,simulation,robot-pose,x=-24.62;y=15.95;yaw=-3.13
117.150000095,[debug],turtlebot3,simulation,robot-pose,x=-40.39;y=25.23;yaw=0.33
117.150000095,[debug],turtlebot4,simulation,robot-pose,x=-20.99;y=18.00;yaw=-1.54
117.150000095,[debug],turtlebot5,simulation,robot-pose,x=-38.00;y=21.48;yaw=0.01
117.599999905,[info],turtlebot2,skill-life-cycle,navigation,(status=RUNNING, parameters=[[-21.0, 16.0, 3.141592653589793, True], [-28.5, 16.0, 1.5707963267948966, True], [-28.5, 18.0, -1.57, False]])
131.866666555,[debug],turtlebot1,simulation,robot-pose,x=-33.86;y=18.79;yaw=2.94
131.866666555,[debug],turtlebot1,simulation,robot-pose,x=-33.86;y=18.79;yaw=2.94
132.016666651,[debug],turtlebot2,simulation,robot-pose,x=-27.20;y=16.04;yaw=3.03
132.033333302,[debug],turtlebot3,simulation,robot-pose,x=-40.39;y=25.23;yaw=0.33
132.049999952,[debug],turtlebot4,simulation,robot-pose,x=-21.00;y=18.00;yaw=-1.54
132.049999952,[debug],turtlebot5,simulation,robot-pose,x=-38.00;y=21.48;yaw=0.01
132.150000095,[debug],turtlebot2,simulation,robot-pose,x=-27.20;y=16.04;yaw=3.03
132.150000095,[debug],turtlebot3,simulation,robot-pose,x=-40.39;y=25.23;yaw=0.33
132.150000095,[debug],turtlebot4,simulation,robot-pose,x=-21.00;y=18.00;yaw=-1.54
132.150000095,[debug],turtlebot5,simulation,robot-pose,x=-38.00;y=21.48;yaw=0.01
141.049999952,[debug],turtlebot2,move-base-info,Hooray, the base moved arrived,(x=-28.5;y=16)
141.116666555,[debug],turtlebot2,move-base-info,Hooray, the base moved arrived,(x=-28.5;y=16)
141.283333302,[debug],turtlebot2,task-update,navigation,way-point-reached,66.66666666666666%
146.866666555,[debug],turtlebot1,simulation,robot-pose,x=-33.87;y=18.79;yaw=2.96
146.866666555,[debug],turtlebot1,simulation,robot-pose,x=-33.87;y=18.79;yaw=2.96
147.016666651,[debug],turtlebot2,simulation,robot-pose,x=-28.19;y=16.66;yaw=1.72
147.033333302,[debug],turtlebot3,simulation,robot-pose,x=-40.39;y=25.23;yaw=0.33
147.049999952,[debug],turtlebot4,simulation,robot-pose,x=-21.00;y=18.00;yaw=-1.54
147.049999952,[debug],turtlebot5,simulation,robot-pose,x=-38.00;y=21.48;yaw=0.01
147.150000095,[debug],turtlebot2,simulation,robot-pose,x=-28.19;y=16.66;yaw=1.72
147.150000095,[debug],turtlebot3,simulation,robot-pose,x=-40.39;y=25.23;yaw=0.33
147.150000095,[debug],turtlebot4,simulation,robot-pose,x=-21.00;y=18.00;yaw=-1.54
147.166666746,[debug],turtlebot5,simulation,robot-pose,x=-38.00;y=21.48;yaw=0.01
160.133333445,[debug],turtlebot2,move-base-info,Hooray, the base moved arrived,(x=-28.5;y=18)
160.133333445,[debug],turtlebot2,move-base-info,Hooray, the base moved arrived,(x=-28.5;y=18)
160.316666603,[debug],turtlebot2,task-update,navigation,way-point-reached,100.0%
160.400000095,[debug],turtlebot2,available-skills,['send_message', 'wait_message', 'approach_person', 'approach_robot', 'authenticate_person', 'deposit', 'navigation', 'operate_drawer', 'pick_up'],
160.400000095,[info],turtlebot2,skill-life-cycle,approach_person,(status=STARTED, parameters=['nurse'])
160.483333349,[debug],turtlebot2,task-update,approach_person,localize-person,(who=nurse)
160.783333302,[debug],turtlebot2,task-update,approach_person,goto-person,(who=nurse)
160.866666555,[debug],turtlebot2,available-skills,['send_message', 'wait_message', 'approach_person', 'approach_robot', 'authenticate_person', 'deposit', 'navigation', 'operate_drawer', 'pick_up'],
160.866666555,[info],turtlebot2,skill-life-cycle,authenticate_person,(status=STARTED, parameters=['nurse'])
160.950000048,[debug],turtlebot2,task-update,authenticate_person,request-authentication,(to=nurse)
160.950000048,[info],nurse,sync,received-request,(status=sending-request)
160.966666698,[info],nurse,sync,received-request,(status=sending-request)
161.849999905,[debug],turtlebot2,task-update,authenticate_person,received-authentication,(from=nurse)
161.866666555,[debug],turtlebot1,simulation,robot-pose,x=-33.87;y=18.79;yaw=2.98
161.866666555,[debug],turtlebot1,simulation,robot-pose,x=-33.87;y=18.79;yaw=2.98
161.933333397,[debug],turtlebot2,available-skills,['send_message', 'wait_message', 'approach_person', 'approach_robot', 'authenticate_person', 'deposit', 'navigation', 'operate_drawer', 'pick_up'],
161.933333397,[info],turtlebot2,skill-life-cycle,operate_drawer,(status=STARTED, parameters=['open'])
161.983333349,[debug],turtlebot2,task-update,operate_drawer,open
162.016666651,[debug],turtlebot2,simulation,robot-pose,x=-28.47;y=17.60;yaw=-1.62
162.033333302,[debug],turtlebot3,simulation,robot-pose,x=-40.39;y=25.23;yaw=0.33
162.049999952,[debug],turtlebot5,simulation,robot-pose,x=-38.00;y=21.48;yaw=0.01
162.049999952,[debug],turtlebot4,simulation,robot-pose,x=-21.00;y=18.00;yaw=-1.54
162.116666555,[debug],turtlebot2,simulation,robot-pose,x=-28.47;y=17.60;yaw=-1.62
162.116666555,[debug],turtlebot3,simulation,robot-pose,x=-40.39;y=25.23;yaw=0.33
162.116666555,[debug],turtlebot5,simulation,robot-pose,x=-38.00;y=21.48;yaw=0.01
162.116666555,[debug],turtlebot4,simulation,robot-pose,x=-21.00;y=18.00;yaw=-1.54
162.966666698,[debug],turtlebot2,available-skills,['send_message', 'wait_message', 'approach_person', 'approach_robot', 'authenticate_person', 'deposit', 'navigation', 'operate_drawer', 'pick_up'],
162.966666698,[info],turtlebot2,skill-life-cycle,send_message,(status=STARTED, parameters=['nurse'])
163.033333302,[info],turtlebot2,sync,send-message,(to=nurse)
163.933333397,[info],nurse,sync,wait-message,(status=message-received)
163.933333397,[info],nurse,sync,wait-message,(status=message-received)
166.633333445,[debug],turtlebot2,available-skills,['send_message', 'wait_message', 'approach_person', 'approach_robot', 'authenticate_person', 'deposit', 'navigation', 'operate_drawer', 'pick_up'],
166.633333445,[info],turtlebot2,skill-life-cycle,wait_message,(status=STARTED, parameters=['r1'])
167.983333349,[info],turtlebot2,sync,wait-message,(status=message-received)
168.049999952,[debug],turtlebot2,available-skills,['send_message', 'wait_message', 'approach_person', 'approach_robot', 'authenticate_person', 'deposit', 'navigation', 'operate_drawer', 'pick_up'],
168.049999952,[info],turtlebot2,skill-life-cycle,operate_drawer,(status=STARTED, parameters=['close'])
168.083333254,[debug],turtlebot2,task-update,operate_drawer,close
169.066666603,[debug],turtlebot2,available-skills,['send_message', 'wait_message', 'approach_person', 'approach_robot', 'authenticate_person', 'deposit', 'navigation', 'operate_drawer', 'pick_up'],
169.066666603,[info],turtlebot2,skill-life-cycle,navigation,(status=STARTED, parameters=[[-28.5, 16.0, 0.0, True], [-26.0, 16.0, -1.5707963267948966, True], [-26.0, 13.0, 1.57, False]])
170.549999952,[info],turtlebot2,skill-life-cycle,navigation,(status=RUNNING, parameters=[[-28.5, 16.0, 0.0, True], [-26.0, 16.0, -1.5707963267948966, True], [-26.0, 13.0, 1.57, False]])
173.933333397,[info],nurse,sync,wait-message,(status=message-received)
173.933333397,[info],nurse,sync,wait-message,(status=message-received)
176.866666555,[debug],turtlebot1,simulation,robot-pose,x=-33.88;y=18.79;yaw=3.00
176.866666555,[debug],turtlebot1,simulation,robot-pose,x=-33.88;y=18.79;yaw=3.00
177.016666651,[debug],turtlebot2,simulation,robot-pose,x=-28.51;y=17.33;yaw=-1.80
177.033333302,[debug],turtlebot3,simulation,robot-pose,x=-40.39;y=25.23;yaw=0.33
177.049999952,[debug],turtlebot5,simulation,robot-pose,x=-38.00;y=21.48;yaw=0.01
177.049999952,[debug],turtlebot4,simulation,robot-pose,x=-21.00;y=18.00;yaw=-1.54
177.133333445,[debug],turtlebot2,simulation,robot-pose,x=-28.51;y=17.33;yaw=-1.80
177.133333445,[debug],turtlebot3,simulation,robot-pose,x=-40.39;y=25.23;yaw=0.33
177.150000095,[debug],turtlebot5,simulation,robot-pose,x=-38.00;y=21.48;yaw=0.01
177.150000095,[debug],turtlebot4,simulation,robot-pose,x=-21.00;y=18.00;yaw=-1.54
180.950000048,[info],nurse,sync,request-sent,(status=waiting)
180.950000048,[info],nurse,sync,request-sent,(status=waiting)
183.933333397,[info],nurse,sync,wait-message,(status=message-received)
183.933333397,[info],nurse,sync,wait-message,(status=message-received)
191.016666651,[debug],turtlebot2,move-base-info,Hooray, the base moved arrived,(x=-28.5;y=16)
191.133333445,[debug],turtlebot2,move-base-info,Hooray, the base moved arrived,(x=-28.5;y=16)
191.150000095,[debug],turtlebot2,task-update,navigation,way-point-reached,33.33333333333333%
191.866666555,[debug],turtlebot1,simulation,robot-pose,x=-33.88;y=18.79;yaw=3.00
191.866666555,[debug],turtlebot1,simulation,robot-pose,x=-33.88;y=18.79;yaw=3.00
192.016666651,[debug],turtlebot2,simulation,robot-pose,x=-28.63;y=16.44;yaw=-0.04
192.033333302,[debug],turtlebot3,simulation,robot-pose,x=-40.39;y=25.23;yaw=0.33
192.049999952,[debug],turtlebot5,simulation,robot-pose,x=-38.00;y=21.48;yaw=0.02
192.049999952,[debug],turtlebot4,simulation,robot-pose,x=-21.00;y=18.00;yaw=-1.54
192.166666746,[debug],turtlebot2,simulation,robot-pose,x=-28.63;y=16.44;yaw=-0.04
192.166666746,[debug],turtlebot3,simulation,robot-pose,x=-40.39;y=25.23;yaw=0.33
192.166666746,[debug],turtlebot5,simulation,robot-pose,x=-38.00;y=21.48;yaw=0.02
192.166666746,[debug],turtlebot4,simulation,robot-pose,x=-21.00;y=18.00;yaw=-1.54
193.933333397,[info],nurse,sync,wait-message,(status=message-received)
193.933333397,[info],nurse,sync,wait-message,(status=message-received)
206.866666555,[debug],turtlebot1,simulation,robot-pose,x=-33.88;y=18.79;yaw=3.01
206.866666555,[debug],turtlebot1,simulation,robot-pose,x=-33.88;y=18.79;yaw=3.01
207.016666651,[debug],turtlebot2,simulation,robot-pose,x=-27.08;y=16.16;yaw=-0.06
207.033333302,[debug],turtlebot3,simulation,robot-pose,x=-40.39;y=25.23;yaw=0.33
207.049999952,[debug],turtlebot5,simulation,robot-pose,x=-38.02;y=21.48;yaw=0.03
207.049999952,[debug],turtlebot4,simulation,robot-pose,x=-21.01;y=18.00;yaw=-1.54
207.133333445,[debug],turtlebot2,simulation,robot-pose,x=-27.08;y=16.16;yaw=-0.06
207.133333445,[debug],turtlebot3,simulation,robot-pose,x=-40.39;y=25.23;yaw=0.33
207.133333445,[debug],turtlebot5,simulation,robot-pose,x=-38.02;y=21.48;yaw=0.03
207.133333445,[debug],turtlebot4,simulation,robot-pose,x=-21.01;y=18.00;yaw=-1.54
216.049999952,[debug],turtlebot2,move-base-info,Hooray, the base moved arrived,(x=-26;y=16)
216.150000095,[debug],turtlebot2,move-base-info,Hooray, the base moved arrived,(x=-26;y=16)
216.299999952,[debug],turtlebot2,task-update,navigation,way-point-reached,66.66666666666666%
221.666666746,[info],turtlebot2,skill-life-cycle,navigation,(status=RUNNING, parameters=[[-28.5, 16.0, 0.0, True], [-26.0, 16.0, -1.5707963267948966, True], [-26.0, 13.0, 1.57, False]])
221.866666555,[debug],turtlebot1,simulation,robot-pose,x=-33.88;y=18.79;yaw=3.01
221.866666555,[debug],turtlebot1,simulation,robot-pose,x=-33.88;y=18.79;yaw=3.01
222.016666651,[debug],turtlebot2,simulation,robot-pose,x=-26.37;y=16.20;yaw=-1.38
222.033333302,[debug],turtlebot3,simulation,robot-pose,x=-40.39;y=25.23;yaw=0.33
222.049999952,[debug],turtlebot4,simulation,robot-pose,x=-21.01;y=18.00;yaw=-1.54
222.049999952,[debug],turtlebot5,simulation,robot-pose,x=-38.02;y=21.49;yaw=0.03
222.150000095,[debug],turtlebot2,simulation,robot-pose,x=-26.37;y=16.20;yaw=-1.38
222.166666746,[debug],turtlebot3,simulation,robot-pose,x=-40.39;y=25.23;yaw=0.33
222.166666746,[debug],turtlebot4,simulation,robot-pose,x=-21.01;y=18.00;yaw=-1.54
222.166666746,[debug],turtlebot5,simulation,robot-pose,x=-38.02;y=21.49;yaw=0.03
236.866666555,[debug],turtlebot1,simulation,robot-pose,x=-33.88;y=18.79;yaw=3.01
236.866666555,[debug],turtlebot1,simulation,robot-pose,x=-33.88;y=18.79;yaw=3.01
237.016666651,[debug],turtlebot2,simulation,robot-pose,x=-25.89;y=14.99;yaw=-1.42
237.033333302,[debug],turtlebot3,simulation,robot-pose,x=-40.39;y=25.23;yaw=0.33
237.049999952,[debug],turtlebot5,simulation,robot-pose,x=-38.03;y=21.49;yaw=0.03
237.049999952,[debug],turtlebot4,simulation,robot-pose,x=-21.01;y=18.00;yaw=-1.54
237.133333445,[debug],turtlebot2,simulation,robot-pose,x=-25.89;y=14.99;yaw=-1.42
237.133333445,[debug],turtlebot3,simulation,robot-pose,x=-40.39;y=25.23;yaw=0.33
237.133333445,[debug],turtlebot5,simulation,robot-pose,x=-38.03;y=21.49;yaw=0.03
237.133333445,[debug],turtlebot4,simulation,robot-pose,x=-21.01;y=18.00;yaw=-1.54
251.866666555,[debug],turtlebot1,simulation,robot-pose,x=-33.88;y=18.79;yaw=3.01
251.866666555,[debug],turtlebot1,simulation,robot-pose,x=-33.88;y=18.79;yaw=3.01
252.016666651,[debug],turtlebot2,simulation,robot-pose,x=-25.79;y=13.74;yaw=-1.52
252.033333302,[debug],turtlebot3,simulation,robot-pose,x=-40.39;y=25.23;yaw=0.33
252.049999952,[debug],turtlebot5,simulation,robot-pose,x=-38.04;y=21.49;yaw=0.03
252.049999952,[debug],turtlebot4,simulation,robot-pose,x=-21.02;y=18.00;yaw=-1.54
252.166666746,[debug],turtlebot2,simulation,robot-pose,x=-25.79;y=13.74;yaw=-1.52
252.166666746,[debug],turtlebot3,simulation,robot-pose,x=-40.39;y=25.23;yaw=0.33
252.166666746,[debug],turtlebot5,simulation,robot-pose,x=-38.04;y=21.49;yaw=0.03
252.166666746,[debug],turtlebot4,simulation,robot-pose,x=-21.02;y=18.00;yaw=-1.54
262.599999905,[debug],turtlebot2,move-base-info,Hooray, the base moved arrived,(x=-26;y=13)
262.599999905,[debug],turtlebot2,move-base-info,Hooray, the base moved arrived,(x=-26;y=13)
262.75,[debug],turtlebot2,task-update,navigation,way-point-reached,100.0%
262.849999905,[debug],turtlebot2,available-skills,['send_message', 'wait_message', 'approach_person', 'approach_robot', 'authenticate_person', 'deposit', 'navigation', 'operate_drawer', 'pick_up'],
262.849999905,[info],turtlebot2,skill-life-cycle,approach_robot,(status=STARTED, parameters=['lab_arm'])
262.950000048,[debug],turtlebot2,task-update,approach_robot,localize-robot,(who=lab_arm)
264.0,[debug],turtlebot2,task-update,approach_robot,goto-robot,(who=lab_arm)
264.066666603,[debug],turtlebot2,available-skills,['send_message', 'wait_message', 'approach_person', 'approach_robot', 'authenticate_person', 'deposit', 'navigation', 'operate_drawer', 'pick_up'],
264.066666603,[info],turtlebot2,skill-life-cycle,operate_drawer,(status=STARTED, parameters=['open'])
264.150000095,[debug],turtlebot2,task-update,operate_drawer,open
265.116666555,[debug],turtlebot2,available-skills,['send_message', 'wait_message', 'approach_person', 'approach_robot', 'authenticate_person', 'deposit', 'navigation', 'operate_drawer', 'pick_up'],
265.116666555,[info],turtlebot2,skill-life-cycle,send_message,(status=STARTED, parameters=['lab_arm'])
265.166666746,[info],turtlebot2,sync,send-message,(to=lab_arm)
266.066666603,[info],lab_arm,sync,wait-message,(status=message-received)
266.066666603,[info],Inventory,sync,wait-sample,(status=sample-received)
266.066666603,ENDSIM
266.133333445,[info],lab_arm,sync,wait-message,(status=message-received)
266.133333445,[info],Inventory,sync,wait-sample,(status=sample-received)
266.133333445,ENDSIM
266.866666555,[debug],turtlebot1,simulation,robot-pose,x=-33.88;y=18.79;yaw=3.01
266.866666555,[debug],turtlebot1,simulation,robot-pose,x=-33.88;y=18.79;yaw=3.01
267.016666651,[debug],turtlebot2,simulation,robot-pose,x=-25.84;y=13.39;yaw=1.62
267.033333302,[debug],turtlebot3,simulation,robot-pose,x=-40.39;y=25.23;yaw=0.33
267.049999952,[debug],turtlebot5,simulation,robot-pose,x=-38.05;y=21.50;yaw=0.03
267.049999952,[debug],turtlebot4,simulation,robot-pose,x=-21.02;y=18.00;yaw=-1.54
267.133333445,[debug],turtlebot2,simulation,robot-pose,x=-25.84;y=13.39;yaw=1.62
267.133333445,[debug],turtlebot3,simulation,robot-pose,x=-40.39;y=25.23;yaw=0.33
267.133333445,[debug],turtlebot5,simulation,robot-pose,x=-38.05;y=21.50;yaw=0.03
267.133333445,[debug],turtlebot4,simulation,robot-pose,x=-21.02;y=18.00;yaw=-1.54
276.066666603,[info],Inventory,sync,wait-sample,(status=sample-received)
276.066666603,ENDSIM
276.066666603,[info],lab_arm,sync,wait-message,(status=message-received)
276.066666603,[info],Inventory,sync,wait-sample,(status=sample-received)
276.066666603,ENDSIM
276.083333254,[info],Inventory,sync,wait-sample,(status=sample-received)
276.083333254,ENDSIM
276.083333254,[info],lab_arm,sync,wait-message,(status=message-received)
276.083333254,[info],Inventory,sync,wait-sample,(status=sample-received)
276.083333254,ENDSIM
0.0,[debug],simulation closed,reach-target,execution-wall-clock=326.3339147567749
