10.7666666508,[debug],turtlebot1,move-base-info,Move_base is up and ok....,
15.7999999523,[info],turtlebot3,skill-life-cycle,init_robobt,(status=RUNNING, parameters=[])
17.4000000954,[info],turtlebot2,skill-life-cycle,init_robobt,(status=RUNNING, parameters=[])
17.6166665554,[info],turtlebot4,skill-life-cycle,init_robobt,(status=RUNNING, parameters=[])
17.9666666985,[info],turtlebot1,skill-life-cycle,init_robobt,(status=RUNNING, parameters=[])
23.3333332539,[debug],turtlebot1,available-skills,['send_message', 'wait_message', 'approach_person', 'approach_robot', 'authenticate_person', 'deposit', 'navigation', 'pick_up'],
23.3333332539,[info],turtlebot1,skill-life-cycle,navigation,(status=STARTED, parameters=[[-13.5, 16.0, 3.141592653589793, True], [-37.0, 16.0, 1.5707963267948966, True], [-37.0, 21.5, 3.141592653589793, True], [-38.0, 21.5, 0.0, False]])
27.9500000477,[debug],turtlebot1,simulation,robot-pose,x=-13.50;y=18.00;yaw=-1.50
27.9500000477,[debug],turtlebot1,simulation,robot-pose,x=-13.50;y=18.00;yaw=-1.50
28.1333334446,[debug],turtlebot4,simulation,robot-pose,x=-32.89;y=33.97;yaw=-3.10
28.1333334446,[debug],turtlebot4,simulation,robot-pose,x=-32.89;y=33.97;yaw=-3.10
28.1333334446,[debug],turtlebot2,simulation,robot-pose,x=-39.51;y=33.84;yaw=0.46
28.1333334446,[debug],turtlebot2,simulation,robot-pose,x=-39.51;y=33.84;yaw=0.46
28.1333334446,[debug],turtlebot3,simulation,robot-pose,x=-40.39;y=25.23;yaw=0.34
28.1333334446,[debug],turtlebot3,simulation,robot-pose,x=-40.39;y=25.23;yaw=0.34
28.1500000954,[debug],turtlebot5,simulation,robot-pose,x=-20.99;y=18.00;yaw=-1.54
28.1500000954,[debug],turtlebot5,simulation,robot-pose,x=-20.99;y=18.00;yaw=-1.54
42.9500000477,[debug],turtlebot1,simulation,robot-pose,x=-13.53;y=16.78;yaw=-1.58
42.9500000477,[debug],turtlebot1,simulation,robot-pose,x=-13.53;y=16.78;yaw=-1.58
43.1333334446,[debug],turtlebot4,simulation,robot-pose,x=-32.89;y=33.97;yaw=-3.10
43.1333334446,[debug],turtlebot4,simulation,robot-pose,x=-32.89;y=33.97;yaw=-3.10
43.1333334446,[debug],turtlebot2,simulation,robot-pose,x=-39.51;y=33.84;yaw=0.46
43.1333334446,[debug],turtlebot2,simulation,robot-pose,x=-39.51;y=33.84;yaw=0.46
43.1333334446,[debug],turtlebot3,simulation,robot-pose,x=-40.39;y=25.23;yaw=0.33
43.1333334446,[debug],turtlebot3,simulation,robot-pose,x=-40.39;y=25.23;yaw=0.33
43.1500000954,[debug],turtlebot5,simulation,robot-pose,x=-20.99;y=18.00;yaw=-1.54
43.1500000954,[debug],turtlebot5,simulation,robot-pose,x=-20.99;y=18.00;yaw=-1.54
50.6166665554,[debug],turtlebot1,move-base-info,Hooray, the base moved arrived,(x=-13.5;y=16)
50.6166665554,[debug],turtlebot1,move-base-info,Hooray, the base moved arrived,(x=-13.5;y=16)
50.6333334446,[debug],turtlebot1,task-update,navigation,way-point-reached,25.0%
57.9500000477,[debug],turtlebot1,simulation,robot-pose,x=-13.81;y=16.39;yaw=-2.74
57.9500000477,[debug],turtlebot1,simulation,robot-pose,x=-13.81;y=16.39;yaw=-2.74
58.1333334446,[debug],turtlebot4,simulation,robot-pose,x=-32.89;y=33.97;yaw=-3.10
58.1333334446,[debug],turtlebot4,simulation,robot-pose,x=-32.89;y=33.97;yaw=-3.10
58.1333334446,[debug],turtlebot3,simulation,robot-pose,x=-40.39;y=25.23;yaw=0.33
58.1333334446,[debug],turtlebot2,simulation,robot-pose,x=-39.51;y=33.84;yaw=0.46
58.1333334446,[debug],turtlebot3,simulation,robot-pose,x=-40.39;y=25.23;yaw=0.33
58.1333334446,[debug],turtlebot2,simulation,robot-pose,x=-39.51;y=33.84;yaw=0.46
58.1500000954,[debug],turtlebot5,simulation,robot-pose,x=-20.99;y=18.00;yaw=-1.54
58.1500000954,[debug],turtlebot5,simulation,robot-pose,x=-20.99;y=18.00;yaw=-1.54
69.4666666985,[info],turtlebot1,skill-life-cycle,navigation,(status=RUNNING, parameters=[[-13.5, 16.0, 3.141592653589793, True], [-37.0, 16.0, 1.5707963267948966, True], [-37.0, 21.5, 3.141592653589793, True], [-38.0, 21.5, 0.0, False]])
72.9500000477,[debug],turtlebot1,simulation,robot-pose,x=-15.54;y=15.76;yaw=-3.14
72.9500000477,[debug],turtlebot1,simulation,robot-pose,x=-15.54;y=15.76;yaw=-3.14
73.1333334446,[debug],turtlebot2,simulation,robot-pose,x=-39.51;y=33.84;yaw=0.46
73.1333334446,[debug],turtlebot2,simulation,robot-pose,x=-39.51;y=33.84;yaw=0.46
73.1333334446,[debug],turtlebot3,simulation,robot-pose,x=-40.39;y=25.23;yaw=0.33
73.1333334446,[debug],turtlebot3,simulation,robot-pose,x=-40.39;y=25.23;yaw=0.33
73.1333334446,[debug],turtlebot4,simulation,robot-pose,x=-32.89;y=33.97;yaw=-3.10
73.1333334446,[debug],turtlebot4,simulation,robot-pose,x=-32.89;y=33.97;yaw=-3.10
73.1500000954,[debug],turtlebot5,simulation,robot-pose,x=-20.99;y=18.00;yaw=-1.54
73.1500000954,[debug],turtlebot5,simulation,robot-pose,x=-20.99;y=18.00;yaw=-1.54
87.9500000477,[debug],turtlebot1,simulation,robot-pose,x=-18.12;y=15.84;yaw=-2.90
87.9500000477,[debug],turtlebot1,simulation,robot-pose,x=-18.12;y=15.84;yaw=-2.90
88.1333334446,[debug],turtlebot2,simulation,robot-pose,x=-39.51;y=33.84;yaw=0.46
88.1333334446,[debug],turtlebot4,simulation,robot-pose,x=-32.90;y=33.97;yaw=-3.09
88.1333334446,[debug],turtlebot2,simulation,robot-pose,x=-39.51;y=33.84;yaw=0.46
88.1333334446,[debug],turtlebot4,simulation,robot-pose,x=-32.90;y=33.97;yaw=-3.09
88.1333334446,[debug],turtlebot3,simulation,robot-pose,x=-40.39;y=25.23;yaw=0.33
88.1333334446,[debug],turtlebot3,simulation,robot-pose,x=-40.39;y=25.23;yaw=0.33
88.1500000954,[debug],turtlebot5,simulation,robot-pose,x=-20.99;y=18.00;yaw=-1.54
88.1500000954,[debug],turtlebot5,simulation,robot-pose,x=-20.99;y=18.00;yaw=-1.54
102.950000048,[debug],turtlebot1,simulation,robot-pose,x=-20.59;y=15.82;yaw=-3.12
102.950000048,[debug],turtlebot1,simulation,robot-pose,x=-20.59;y=15.82;yaw=-3.12
103.133333445,[debug],turtlebot2,simulation,robot-pose,x=-39.51;y=33.84;yaw=0.46
103.133333445,[debug],turtlebot2,simulation,robot-pose,x=-39.51;y=33.84;yaw=0.46
103.133333445,[debug],turtlebot4,simulation,robot-pose,x=-32.90;y=33.97;yaw=-3.10
103.133333445,[debug],turtlebot4,simulation,robot-pose,x=-32.90;y=33.97;yaw=-3.10
103.133333445,[debug],turtlebot3,simulation,robot-pose,x=-40.39;y=25.23;yaw=0.33
103.133333445,[debug],turtlebot3,simulation,robot-pose,x=-40.39;y=25.23;yaw=0.33
103.150000095,[debug],turtlebot5,simulation,robot-pose,x=-20.99;y=18.00;yaw=-1.54
103.150000095,[debug],turtlebot5,simulation,robot-pose,x=-20.99;y=18.00;yaw=-1.54
117.950000048,[debug],turtlebot1,simulation,robot-pose,x=-23.09;y=15.83;yaw=-3.13
117.950000048,[debug],turtlebot1,simulation,robot-pose,x=-23.09;y=15.83;yaw=-3.13
118.133333445,[debug],turtlebot2,simulation,robot-pose,x=-39.51;y=33.84;yaw=0.46
118.133333445,[debug],turtlebot2,simulation,robot-pose,x=-39.51;y=33.84;yaw=0.46
118.133333445,[debug],turtlebot4,simulation,robot-pose,x=-32.90;y=33.97;yaw=-3.09
118.133333445,[debug],turtlebot4,simulation,robot-pose,x=-32.90;y=33.97;yaw=-3.09
118.133333445,[debug],turtlebot3,simulation,robot-pose,x=-40.39;y=25.23;yaw=0.33
118.133333445,[debug],turtlebot3,simulation,robot-pose,x=-40.39;y=25.23;yaw=0.33
118.150000095,[debug],turtlebot5,simulation,robot-pose,x=-20.99;y=18.00;yaw=-1.54
118.150000095,[debug],turtlebot5,simulation,robot-pose,x=-20.99;y=18.00;yaw=-1.54
119.883333445,[info],turtlebot1,skill-life-cycle,navigation,(status=RUNNING, parameters=[[-13.5, 16.0, 3.141592653589793, True], [-37.0, 16.0, 1.5707963267948966, True], [-37.0, 21.5, 3.141592653589793, True], [-38.0, 21.5, 0.0, False]])
132.950000048,[debug],turtlebot1,simulation,robot-pose,x=-25.58;y=15.82;yaw=-3.14
132.950000048,[debug],turtlebot1,simulation,robot-pose,x=-25.58;y=15.82;yaw=-3.14
133.133333445,[debug],turtlebot2,simulation,robot-pose,x=-39.51;y=33.84;yaw=0.46
133.133333445,[debug],turtlebot2,simulation,robot-pose,x=-39.51;y=33.84;yaw=0.46
133.133333445,[debug],turtlebot3,simulation,robot-pose,x=-40.39;y=25.23;yaw=0.33
133.133333445,[debug],turtlebot4,simulation,robot-pose,x=-32.90;y=33.97;yaw=-3.09
133.133333445,[debug],turtlebot3,simulation,robot-pose,x=-40.39;y=25.23;yaw=0.33
133.133333445,[debug],turtlebot4,simulation,robot-pose,x=-32.90;y=33.97;yaw=-3.09
133.150000095,[debug],turtlebot5,simulation,robot-pose,x=-21.00;y=18.00;yaw=-1.54
133.150000095,[debug],turtlebot5,simulation,robot-pose,x=-21.00;y=18.00;yaw=-1.54
147.950000048,[debug],turtlebot1,simulation,robot-pose,x=-28.08;y=15.81;yaw=3.13
147.950000048,[debug],turtlebot1,simulation,robot-pose,x=-28.08;y=15.81;yaw=3.13
148.133333445,[debug],turtlebot3,simulation,robot-pose,x=-40.39;y=25.23;yaw=0.33
148.133333445,[debug],turtlebot4,simulation,robot-pose,x=-32.90;y=33.97;yaw=-3.09
148.133333445,[debug],turtlebot3,simulation,robot-pose,x=-40.39;y=25.23;yaw=0.33
148.133333445,[debug],turtlebot2,simulation,robot-pose,x=-39.50;y=33.84;yaw=0.46
148.133333445,[debug],turtlebot4,simulation,robot-pose,x=-32.90;y=33.97;yaw=-3.09
148.133333445,[debug],turtlebot2,simulation,robot-pose,x=-39.50;y=33.84;yaw=0.46
148.150000095,[debug],turtlebot5,simulation,robot-pose,x=-21.00;y=18.00;yaw=-1.54
148.150000095,[debug],turtlebot5,simulation,robot-pose,x=-21.00;y=18.00;yaw=-1.54
162.950000048,[debug],turtlebot1,simulation,robot-pose,x=-30.60;y=15.84;yaw=3.14
162.950000048,[debug],turtlebot1,simulation,robot-pose,x=-30.60;y=15.84;yaw=3.14
163.133333445,[debug],turtlebot4,simulation,robot-pose,x=-32.90;y=33.97;yaw=-3.09
163.133333445,[debug],turtlebot4,simulation,robot-pose,x=-32.90;y=33.97;yaw=-3.09
163.133333445,[debug],turtlebot3,simulation,robot-pose,x=-40.39;y=25.23;yaw=0.33
163.133333445,[debug],turtlebot3,simulation,robot-pose,x=-40.39;y=25.23;yaw=0.33
163.133333445,[debug],turtlebot2,simulation,robot-pose,x=-39.50;y=33.84;yaw=0.46
163.133333445,[debug],turtlebot2,simulation,robot-pose,x=-39.50;y=33.84;yaw=0.46
163.150000095,[debug],turtlebot5,simulation,robot-pose,x=-21.00;y=18.00;yaw=-1.54
163.150000095,[debug],turtlebot5,simulation,robot-pose,x=-21.00;y=18.00;yaw=-1.54
170.133333445,[info],turtlebot1,skill-life-cycle,navigation,(status=RUNNING, parameters=[[-13.5, 16.0, 3.141592653589793, True], [-37.0, 16.0, 1.5707963267948966, True], [-37.0, 21.5, 3.141592653589793, True], [-38.0, 21.5, 0.0, False]])
177.950000048,[debug],turtlebot1,simulation,robot-pose,x=-33.09;y=15.83;yaw=-3.14
177.950000048,[debug],turtlebot1,simulation,robot-pose,x=-33.09;y=15.83;yaw=-3.14
178.133333445,[debug],turtlebot3,simulation,robot-pose,x=-40.39;y=25.23;yaw=0.33
178.133333445,[debug],turtlebot3,simulation,robot-pose,x=-40.39;y=25.23;yaw=0.33
178.133333445,[debug],turtlebot4,simulation,robot-pose,x=-32.90;y=33.97;yaw=-3.09
178.133333445,[debug],turtlebot4,simulation,robot-pose,x=-32.90;y=33.97;yaw=-3.09
178.133333445,[debug],turtlebot2,simulation,robot-pose,x=-39.50;y=33.84;yaw=0.46
178.133333445,[debug],turtlebot2,simulation,robot-pose,x=-39.50;y=33.84;yaw=0.46
178.150000095,[debug],turtlebot5,simulation,robot-pose,x=-21.00;y=18.00;yaw=-1.54
178.150000095,[debug],turtlebot5,simulation,robot-pose,x=-21.00;y=18.00;yaw=-1.54
192.950000048,[debug],turtlebot1,simulation,robot-pose,x=-35.95;y=16.30;yaw=2.75
192.950000048,[debug],turtlebot1,simulation,robot-pose,x=-35.95;y=16.30;yaw=2.75
193.133333445,[debug],turtlebot4,simulation,robot-pose,x=-32.90;y=33.97;yaw=-3.09
193.133333445,[debug],turtlebot4,simulation,robot-pose,x=-32.90;y=33.97;yaw=-3.09
193.133333445,[debug],turtlebot2,simulation,robot-pose,x=-39.50;y=33.84;yaw=0.46
193.133333445,[debug],turtlebot2,simulation,robot-pose,x=-39.50;y=33.84;yaw=0.46
193.133333445,[debug],turtlebot3,simulation,robot-pose,x=-40.39;y=25.23;yaw=0.33
193.133333445,[debug],turtlebot3,simulation,robot-pose,x=-40.39;y=25.23;yaw=0.33
193.150000095,[debug],turtlebot5,simulation,robot-pose,x=-21.00;y=18.00;yaw=-1.54
193.150000095,[debug],turtlebot5,simulation,robot-pose,x=-21.00;y=18.00;yaw=-1.54
202.333333254,[debug],turtlebot1,move-base-info,Hooray, the base moved arrived,(x=-37;y=16)
202.349999905,[debug],turtlebot1,move-base-info,Hooray, the base moved arrived,(x=-37;y=16)
202.516666651,[debug],turtlebot1,task-update,navigation,way-point-reached,50.0%
207.950000048,[debug],turtlebot1,simulation,robot-pose,x=-36.80;y=16.70;yaw=1.59
207.950000048,[debug],turtlebot1,simulation,robot-pose,x=-36.80;y=16.70;yaw=1.59
208.133333445,[debug],turtlebot4,simulation,robot-pose,x=-32.91;y=33.97;yaw=-3.08
208.133333445,[debug],turtlebot4,simulation,robot-pose,x=-32.91;y=33.97;yaw=-3.08
208.133333445,[debug],turtlebot3,simulation,robot-pose,x=-40.39;y=25.23;yaw=0.33
208.133333445,[debug],turtlebot3,simulation,robot-pose,x=-40.39;y=25.23;yaw=0.33
208.133333445,[debug],turtlebot2,simulation,robot-pose,x=-39.50;y=33.84;yaw=0.46
208.133333445,[debug],turtlebot2,simulation,robot-pose,x=-39.50;y=33.84;yaw=0.46
208.150000095,[debug],turtlebot5,simulation,robot-pose,x=-21.01;y=18.00;yaw=-1.54
208.150000095,[debug],turtlebot5,simulation,robot-pose,x=-21.01;y=18.00;yaw=-1.54
218.883333445,[debug],turtlebot1,move-base-info,Hooray, the base moved arrived,(x=-37;y=21.5)
218.883333445,[debug],turtlebot1,move-base-info,Hooray, the base moved arrived,(x=-37;y=21.5)
219.033333302,[debug],turtlebot1,task-update,navigation,way-point-reached,75.0%
221.683333397,[info],turtlebot1,skill-life-cycle,navigation,(status=RUNNING, parameters=[[-13.5, 16.0, 3.141592653589793, True], [-37.0, 16.0, 1.5707963267948966, True], [-37.0, 21.5, 3.141592653589793, True], [-38.0, 21.5, 0.0, False]])
222.950000048,[debug],turtlebot1,simulation,robot-pose,x=-36.88;y=21.07;yaw=3.10
222.950000048,[debug],turtlebot1,simulation,robot-pose,x=-36.88;y=21.07;yaw=3.10
223.133333445,[debug],turtlebot3,simulation,robot-pose,x=-40.39;y=25.23;yaw=0.33
223.133333445,[debug],turtlebot3,simulation,robot-pose,x=-40.39;y=25.23;yaw=0.33
223.133333445,[debug],turtlebot4,simulation,robot-pose,x=-32.91;y=33.97;yaw=-3.08
223.133333445,[debug],turtlebot2,simulation,robot-pose,x=-39.50;y=33.84;yaw=0.46
223.133333445,[debug],turtlebot4,simulation,robot-pose,x=-32.91;y=33.97;yaw=-3.08
223.133333445,[debug],turtlebot2,simulation,robot-pose,x=-39.50;y=33.84;yaw=0.46
223.150000095,[debug],turtlebot5,simulation,robot-pose,x=-21.01;y=18.00;yaw=-1.54
223.150000095,[debug],turtlebot5,simulation,robot-pose,x=-21.01;y=18.00;yaw=-1.54
234.183333397,[debug],turtlebot1,move-base-info,Hooray, the base moved arrived,(x=-38;y=21.5)
234.333333254,[debug],turtlebot1,move-base-info,Hooray, the base moved arrived,(x=-38;y=21.5)
234.516666651,[debug],turtlebot1,task-update,navigation,way-point-reached,100.0%
234.616666555,[debug],turtlebot1,available-skills,['send_message', 'wait_message', 'approach_person', 'approach_robot', 'authenticate_person', 'deposit', 'navigation', 'pick_up'],
234.616666555,[info],turtlebot1,skill-life-cycle,approach_person,(status=STARTED, parameters=['nurse'])
234.683333397,[debug],turtlebot1,task-update,approach_person,localize-person,(who=nurse)
234.783333302,[debug],turtlebot1,task-update,approach_person,goto-person,(who=nurse)
234.883333445,[debug],turtlebot1,available-skills,['send_message', 'wait_message', 'approach_person', 'approach_robot', 'authenticate_person', 'deposit', 'navigation', 'pick_up'],
234.883333445,[info],turtlebot1,skill-life-cycle,authenticate_person,(status=STARTED, parameters=['nurse'])
234.983333349,[debug],turtlebot1,task-update,authenticate_person,request-authentication,(to=nurse)
234.983333349,[info],nurse,sync,received-request,(status=sending-request)
234.983333349,[info],nurse,sync,received-request,(status=sending-request)
235.416666746,[debug],turtlebot1,task-update,authenticate_person,received-authentication,(from=nurse)
235.516666651,[debug],turtlebot1,available-skills,['send_message', 'wait_message', 'approach_person', 'approach_robot', 'authenticate_person', 'deposit', 'navigation', 'pick_up'],
235.516666651,[info],turtlebot1,skill-life-cycle,fail,(status=STARTED, parameters=['operate_drawer', 'open'])
237.5,[info],turtlebot1,skill-life-cycle,fail,(status=Status.FAILURE, parameters=['operate_drawer', 'open'])
237.5,FAILURE
237.599999905,[info],turtlebot1,skill-life-cycle,fail,(status=Status.FAILURE, parameters=['operate_drawer', 'open'])
237.599999905,FAILURE
237.683333397,[info],turtlebot1,skill-life-cycle,fail,(status=Status.FAILURE, parameters=['operate_drawer', 'open'])
237.683333397,FAILURE
237.783333302,[info],turtlebot1,skill-life-cycle,fail,(status=Status.FAILURE, parameters=['operate_drawer', 'open'])
237.783333302,FAILURE
237.883333445,[info],turtlebot1,skill-life-cycle,fail,(status=Status.FAILURE, parameters=['operate_drawer', 'open'])
237.883333445,FAILURE
237.950000048,[debug],turtlebot1,simulation,robot-pose,x=-37.64;y=21.34;yaw=0.05
237.950000048,[debug],turtlebot1,simulation,robot-pose,x=-37.64;y=21.34;yaw=0.05
237.983333349,[info],turtlebot1,skill-life-cycle,fail,(status=Status.FAILURE, parameters=['operate_drawer', 'open'])
237.983333349,FAILURE
238.066666603,[info],turtlebot1,skill-life-cycle,fail,(status=Status.FAILURE, parameters=['operate_drawer', 'open'])
238.066666603,FAILURE
238.133333445,[debug],turtlebot2,simulation,robot-pose,x=-39.50;y=33.84;yaw=0.46
238.133333445,[debug],turtlebot2,simulation,robot-pose,x=-39.50;y=33.84;yaw=0.46
238.133333445,[debug],turtlebot4,simulation,robot-pose,x=-32.91;y=33.97;yaw=-3.07
238.133333445,[debug],turtlebot4,simulation,robot-pose,x=-32.91;y=33.97;yaw=-3.07
238.133333445,[debug],turtlebot3,simulation,robot-pose,x=-40.39;y=25.23;yaw=0.33
238.133333445,[info],turtlebot1,skill-life-cycle,fail,(status=Status.FAILURE, parameters=['operate_drawer', 'open'])
238.133333445,FAILURE
238.133333445,[debug],turtlebot3,simulation,robot-pose,x=-40.39;y=25.23;yaw=0.33
238.150000095,[debug],turtlebot5,simulation,robot-pose,x=-21.02;y=18.00;yaw=-1.54
238.150000095,[debug],turtlebot5,simulation,robot-pose,x=-21.02;y=18.00;yaw=-1.54
238.183333397,[info],turtlebot1,skill-life-cycle,fail,(status=Status.FAILURE, parameters=['operate_drawer', 'open'])
238.200000048,FAILURE
238.25,[info],turtlebot1,skill-life-cycle,fail,(status=Status.FAILURE, parameters=['operate_drawer', 'open'])
238.25,FAILURE
238.316666603,[info],turtlebot1,skill-life-cycle,fail,(status=Status.FAILURE, parameters=['operate_drawer', 'open'])
238.316666603,FAILURE
238.383333445,[info],turtlebot1,skill-life-cycle,fail,(status=Status.FAILURE, parameters=['operate_drawer', 'open'])
238.383333445,FAILURE
238.466666698,[info],turtlebot1,skill-life-cycle,fail,(status=Status.FAILURE, parameters=['operate_drawer', 'open'])
238.466666698,FAILURE
238.533333302,[info],turtlebot1,skill-life-cycle,fail,(status=Status.FAILURE, parameters=['operate_drawer', 'open'])
238.533333302,FAILURE
238.616666555,[info],turtlebot1,skill-life-cycle,fail,(status=Status.FAILURE, parameters=['operate_drawer', 'open'])
238.616666555,FAILURE
238.683333397,[info],turtlebot1,skill-life-cycle,fail,(status=Status.FAILURE, parameters=['operate_drawer', 'open'])
238.683333397,FAILURE
238.766666651,[info],turtlebot1,skill-life-cycle,fail,(status=Status.FAILURE, parameters=['operate_drawer', 'open'])
238.766666651,FAILURE
0.0,[debug],simulation closed,failure-bt,execution-wall-clock=290.2857840061188
