0.0,0.0,[debug],logger,init,time
ROBOTS_CONFIG=[{"avg_speed": 0.15, "battery_charge": 0.59, "battery_discharge_rate": 0.00017, "id": 0, "local_plan": null, "location": "PC Room 8", "position": [-11.5, 18.0, -1.57], "skills": ["approach_person", "approach_robot", "authenticate_person", "deposit", "navigation", "pick_up"]}, {"avg_speed": 0.15, "battery_charge": 0.22, "battery_discharge_rate": 0.00018, "id": 1, "local_plan": [["navigation", ["IC Room 6", [[-27.23, 18.0, -1.57], [-27.23, 16.0], [-37.0, 16.0], [-37.0, 18.93], [-33.9, 18.93, 3.14]]]], ["approach_person", ["nurse"]], ["authenticate_person", ["nurse"]], ["operate_drawer", ["open"]], ["send_message", ["nurse"]], ["wait_message", ["r1"]], ["operate_drawer", ["close"]], ["navigation", ["Laboratory", [[-33.9, 18.93, 3.14], [-37.0, 18.93], [-37.0, 16.0], [-26.0, 16.0], [-26.0, 13.0, 1.57]]]], ["approach_robot", ["lab_arm"]], ["operate_drawer", ["open"]], ["send_message", ["lab_arm"]], ["wait_message", ["r1"]], ["operate_drawer", ["close"]]], "location": "PC Room 3", "position": [-28.5, 18.0, -1.57], "skills": ["approach_person", "approach_robot", "authenticate_person", "deposit", "navigation", "operate_drawer", "pick_up"]}, {"avg_speed": 0.15, "battery_charge": 0.73, "battery_discharge_rate": 0.00012000000000000002, "id": 2, "local_plan": [["navigation", ["IC Room 6", [[-27.23, 18.0, -1.57], [-27.23, 16.0], [-37.0, 16.0], [-37.0, 18.93], [-33.9, 18.93, 3.14]]]], ["approach_person", ["nurse"]], ["authenticate_person", ["nurse"]], ["operate_drawer", ["open"]], ["send_message", []], ["wait_message", []], ["operate_drawer", ["close"]], ["navigation", ["Laboratory", [[-33.9, 18.93, 3.14], [-37.0, 18.93], [-37.0, 16.0], [-26.0, 16.0], [-26.0, 13.0, 1.57]]]], ["approach_robot", ["lab_arm"]], ["operate_drawer", ["open"]], ["send_message", []], ["wait_message", []], ["operate_drawer", ["close"]]], "location": "PC Room 4", "position": [-27.23, 18.0, -1.57], "skills": ["approach_person", "approach_robot", "authenticate_person", "deposit", "navigation", "operate_drawer", "pick_up"]}, {"avg_speed": 0.15, "battery_charge": 0.72, "battery_discharge_rate": 0.00011, "id": 3, "local_plan": null, "location": "IC Room 3", "position": [-40.23, 25.37, 0.0], "skills": ["approach_person", "approach_robot", "authenticate_person", "deposit", "navigation", "pick_up"]}, {"avg_speed": 0.15, "battery_charge": 0.35000000000000003, "battery_discharge_rate": 0.00015000000000000001, "id": 4, "local_plan": null, "location": "IC Room 5", "position": [-32.88, 33.98, 3.14], "skills": ["approach_person", "approach_robot", "authenticate_person", "deposit", "navigation", "operate_drawer", "pick_up"]}]
NURSES_CONFIG=[{"location": "IC Room 6", "position": [-32.9, 19.93, 3.14]}]
logger,1626472070233506202,Simulation open
0.0,[debug],logger,init,subcribing to in the topic /log
1.46666669846,[debug],turtlebot5,move-base-info,Move_base is up and ok....,
1.78333330154,[debug],turtlebot3,move-base-info,Move_base is up and ok....,
1.83333325386,[debug],turtlebot4,move-base-info,Move_base is up and ok....,
1.8666665554,[debug],turtlebot2,move-base-info,Move_base is up and ok....,
1.98333334923,[debug],turtlebot1,move-base-info,Move_base is up and ok....,
5.01666665077,[info],turtlebot2,skill-life-cycle,init_robobt,(status=RUNNING, parameters=[])
5.93333339691,[info],turtlebot1,skill-life-cycle,init_robobt,(status=RUNNING, parameters=[])
6.3833334446,[info],turtlebot3,skill-life-cycle,init_robobt,(status=RUNNING, parameters=[])
6.8833334446,[info],turtlebot5,skill-life-cycle,init_robobt,(status=RUNNING, parameters=[])
8.16666674614,[debug],turtlebot2,available-skills,['send_message', 'wait_message', 'approach_person', 'approach_robot', 'authenticate_person', 'deposit', 'navigation', 'operate_drawer', 'pick_up'],
8.16666674614,[info],turtlebot2,skill-life-cycle,navigation,(status=STARTED, parameters=[[-27.23, 16.0, 3.141592653589793, True], [-37.0, 16.0, 1.5707963267948966, True], [-37.0, 18.93, 0.0, True], [-33.9, 18.93, 3.14, False]])
10.7833333015,[debug],turtlebot3,available-skills,['send_message', 'wait_message', 'approach_person', 'approach_robot', 'authenticate_person', 'deposit', 'navigation', 'operate_drawer', 'pick_up'],
10.7833333015,[info],turtlebot3,skill-life-cycle,navigation,(status=STARTED, parameters=[[-27.23, 16.0, 3.141592653589793, True], [-37.0, 16.0, 1.5707963267948966, True], [-37.0, 18.93, 0.0, True], [-33.9, 18.93, 3.14, False]])
23.7166666985,[debug],turtlebot1,simulation,robot-pose,x=-11.46;y=17.82;yaw=-1.25
23.7333333492,[debug],turtlebot1,simulation,robot-pose,x=-11.46;y=17.82;yaw=-1.25
24.6833333969,[debug],turtlebot2,simulation,robot-pose,x=-28.53;y=16.91;yaw=-1.32
24.6833333969,[debug],turtlebot2,simulation,robot-pose,x=-28.53;y=16.91;yaw=-1.32
24.7000000477,[debug],turtlebot3,simulation,robot-pose,x=-27.14;y=17.23;yaw=-1.54
24.7000000477,[debug],turtlebot3,simulation,robot-pose,x=-27.14;y=17.23;yaw=-1.54
24.75,[debug],turtlebot4,simulation,robot-pose,x=-40.39;y=25.23;yaw=0.34
24.75,[debug],turtlebot4,simulation,robot-pose,x=-40.39;y=25.23;yaw=0.34
24.7666666508,[debug],turtlebot5,simulation,robot-pose,x=-32.89;y=33.97;yaw=-3.10
24.7666666508,[debug],turtlebot5,simulation,robot-pose,x=-32.89;y=33.97;yaw=-3.10
37.4833333492,[debug],turtlebot3,move-base-info,Hooray, the base moved arrived,(x=-27.23;y=16)
37.4833333492,[debug],turtlebot3,move-base-info,Hooray, the base moved arrived,(x=-27.23;y=16)
37.5166666508,[debug],turtlebot3,task-update,navigation,way-point-reached,25.0%
38.7166666985,[debug],turtlebot1,simulation,robot-pose,x=-11.46;y=17.82;yaw=-1.25
38.7166666985,[debug],turtlebot1,simulation,robot-pose,x=-11.46;y=17.82;yaw=-1.25
39.6833333969,[debug],turtlebot2,simulation,robot-pose,x=-27.61;y=16.31;yaw=-0.49
39.6833333969,[debug],turtlebot2,simulation,robot-pose,x=-27.61;y=16.31;yaw=-0.49
39.7166666985,[debug],turtlebot3,simulation,robot-pose,x=-27.10;y=16.45;yaw=-3.08
39.7166666985,[debug],turtlebot3,simulation,robot-pose,x=-27.10;y=16.45;yaw=-3.08
39.75,[debug],turtlebot4,simulation,robot-pose,x=-40.39;y=25.23;yaw=0.33
39.75,[debug],turtlebot4,simulation,robot-pose,x=-40.39;y=25.23;yaw=0.33
39.7666666508,[debug],turtlebot5,simulation,robot-pose,x=-32.89;y=33.97;yaw=-3.10
39.7666666508,[debug],turtlebot5,simulation,robot-pose,x=-32.89;y=33.97;yaw=-3.10
49.7666666508,[info],turtlebot2,skill-life-cycle,navigation,(status=RUNNING, parameters=[[-27.23, 16.0, 3.141592653589793, True], [-37.0, 16.0, 1.5707963267948966, True], [-37.0, 18.93, 0.0, True], [-33.9, 18.93, 3.14, False]])
52.7666666508,[info],turtlebot3,skill-life-cycle,navigation,(status=RUNNING, parameters=[[-27.23, 16.0, 3.141592653589793, True], [-37.0, 16.0, 1.5707963267948966, True], [-37.0, 18.93, 0.0, True], [-33.9, 18.93, 3.14, False]])
53.7166666985,[debug],turtlebot1,simulation,robot-pose,x=-11.46;y=17.82;yaw=-1.25
53.7166666985,[debug],turtlebot1,simulation,robot-pose,x=-11.46;y=17.82;yaw=-1.25
54.6833333969,[debug],turtlebot2,simulation,robot-pose,x=-27.67;y=15.76;yaw=-0.52
54.6833333969,[debug],turtlebot2,simulation,robot-pose,x=-27.67;y=15.76;yaw=-0.52
54.7000000477,[debug],turtlebot3,simulation,robot-pose,x=-27.55;y=16.18;yaw=-2.02
54.7000000477,[debug],turtlebot3,simulation,robot-pose,x=-27.55;y=16.18;yaw=-2.02
54.75,[debug],turtlebot4,simulation,robot-pose,x=-40.39;y=25.23;yaw=0.33
54.75,[debug],turtlebot4,simulation,robot-pose,x=-40.39;y=25.23;yaw=0.33
54.7666666508,[debug],turtlebot5,simulation,robot-pose,x=-32.89;y=33.97;yaw=-3.10
54.7666666508,[debug],turtlebot5,simulation,robot-pose,x=-32.89;y=33.97;yaw=-3.10
68.5666666031,[debug],turtlebot2,move-base-info,Hooray, the base moved arrived,(x=-27.23;y=16)
68.5666666031,[debug],turtlebot2,move-base-info,Hooray, the base moved arrived,(x=-27.23;y=16)
68.5666666031,[debug],turtlebot2,task-update,navigation,way-point-reached,25.0%
68.7166666985,[debug],turtlebot1,simulation,robot-pose,x=-11.46;y=17.82;yaw=-1.25
68.7166666985,[debug],turtlebot1,simulation,robot-pose,x=-11.46;y=17.82;yaw=-1.25
69.6833333969,[debug],turtlebot2,simulation,robot-pose,x=-27.37;y=15.58;yaw=3.10
69.6833333969,[debug],turtlebot2,simulation,robot-pose,x=-27.37;y=15.58;yaw=3.10
69.7000000477,[debug],turtlebot3,simulation,robot-pose,x=-28.79;y=15.74;yaw=-3.06
69.7000000477,[debug],turtlebot3,simulation,robot-pose,x=-28.79;y=15.74;yaw=-3.06
69.75,[debug],turtlebot4,simulation,robot-pose,x=-40.39;y=25.23;yaw=0.33
69.75,[debug],turtlebot4,simulation,robot-pose,x=-40.39;y=25.23;yaw=0.33
69.7666666508,[debug],turtlebot5,simulation,robot-pose,x=-32.89;y=33.97;yaw=-3.10
69.7666666508,[debug],turtlebot5,simulation,robot-pose,x=-32.89;y=33.97;yaw=-3.10
83.7166666985,[debug],turtlebot1,simulation,robot-pose,x=-11.46;y=17.82;yaw=-1.25
83.7166666985,[debug],turtlebot1,simulation,robot-pose,x=-11.46;y=17.82;yaw=-1.25
84.6833333969,[debug],turtlebot2,simulation,robot-pose,x=-29.46;y=15.72;yaw=-3.14
84.6833333969,[debug],turtlebot2,simulation,robot-pose,x=-29.46;y=15.72;yaw=-3.14
84.7000000477,[debug],turtlebot3,simulation,robot-pose,x=-31.23;y=15.68;yaw=-3.13
84.7000000477,[debug],turtlebot3,simulation,robot-pose,x=-31.23;y=15.68;yaw=-3.13
84.75,[debug],turtlebot4,simulation,robot-pose,x=-40.39;y=25.23;yaw=0.33
84.7666666508,[debug],turtlebot4,simulation,robot-pose,x=-40.39;y=25.23;yaw=0.33
84.7666666508,[debug],turtlebot5,simulation,robot-pose,x=-32.90;y=33.97;yaw=-3.10
84.7666666508,[debug],turtlebot5,simulation,robot-pose,x=-32.90;y=33.97;yaw=-3.10
95.9333333969,[info],turtlebot2,skill-life-cycle,navigation,(status=RUNNING, parameters=[[-27.23, 16.0, 3.141592653589793, True], [-37.0, 16.0, 1.5707963267948966, True], [-37.0, 18.93, 0.0, True], [-33.9, 18.93, 3.14, False]])
98.7166666985,[debug],turtlebot1,simulation,robot-pose,x=-11.46;y=17.82;yaw=-1.25
98.7166666985,[debug],turtlebot1,simulation,robot-pose,x=-11.46;y=17.82;yaw=-1.25
98.8666665554,[info],turtlebot3,skill-life-cycle,navigation,(status=RUNNING, parameters=[[-27.23, 16.0, 3.141592653589793, True], [-37.0, 16.0, 1.5707963267948966, True], [-37.0, 18.93, 0.0, True], [-33.9, 18.93, 3.14, False]])
99.6833333969,[debug],turtlebot2,simulation,robot-pose,x=-31.86;y=15.62;yaw=-2.88
99.6833333969,[debug],turtlebot2,simulation,robot-pose,x=-31.86;y=15.62;yaw=-2.88
99.7000000477,[debug],turtlebot3,simulation,robot-pose,x=-33.74;y=15.72;yaw=2.94
99.7000000477,[debug],turtlebot3,simulation,robot-pose,x=-33.74;y=15.72;yaw=2.94
99.75,[debug],turtlebot4,simulation,robot-pose,x=-40.39;y=25.23;yaw=0.33
99.75,[debug],turtlebot4,simulation,robot-pose,x=-40.39;y=25.23;yaw=0.33
99.7666666508,[debug],turtlebot5,simulation,robot-pose,x=-32.90;y=33.97;yaw=-3.10
99.7666666508,[debug],turtlebot5,simulation,robot-pose,x=-32.90;y=33.97;yaw=-3.10
113.716666698,[debug],turtlebot1,simulation,robot-pose,x=-11.46;y=17.82;yaw=-1.25
113.716666698,[debug],turtlebot1,simulation,robot-pose,x=-11.46;y=17.82;yaw=-1.25
114.683333397,[debug],turtlebot2,simulation,robot-pose,x=-34.12;y=15.42;yaw=2.94
114.683333397,[debug],turtlebot2,simulation,robot-pose,x=-34.12;y=15.42;yaw=2.94
114.700000048,[debug],turtlebot3,simulation,robot-pose,x=-36.43;y=15.93;yaw=3.05
114.700000048,[debug],turtlebot3,simulation,robot-pose,x=-36.43;y=15.93;yaw=3.05
114.75,[debug],turtlebot4,simulation,robot-pose,x=-40.39;y=25.23;yaw=0.33
114.75,[debug],turtlebot4,simulation,robot-pose,x=-40.39;y=25.23;yaw=0.33
114.766666651,[debug],turtlebot5,simulation,robot-pose,x=-32.90;y=33.97;yaw=-3.09
114.766666651,[debug],turtlebot5,simulation,robot-pose,x=-32.90;y=33.97;yaw=-3.09
119.349999905,[debug],turtlebot3,move-base-info,Hooray, the base moved arrived,(x=-37;y=16)
119.450000048,[debug],turtlebot3,move-base-info,Hooray, the base moved arrived,(x=-37;y=16)
119.566666603,[debug],turtlebot3,task-update,navigation,way-point-reached,50.0%
128.716666698,[debug],turtlebot1,simulation,robot-pose,x=-11.46;y=17.82;yaw=-1.25
128.716666698,[debug],turtlebot1,simulation,robot-pose,x=-11.46;y=17.82;yaw=-1.25
129.683333397,[debug],turtlebot2,simulation,robot-pose,x=-36.56;y=15.83;yaw=1.88
129.683333397,[debug],turtlebot2,simulation,robot-pose,x=-36.56;y=15.83;yaw=1.88
129.700000048,[debug],turtlebot3,simulation,robot-pose,x=-36.85;y=18.47;yaw=1.66
129.700000048,[debug],turtlebot3,simulation,robot-pose,x=-36.85;y=18.47;yaw=1.66
129.75,[debug],turtlebot4,simulation,robot-pose,x=-40.39;y=25.23;yaw=0.33
129.75,[debug],turtlebot4,simulation,robot-pose,x=-40.39;y=25.23;yaw=0.33
129.766666651,[debug],turtlebot5,simulation,robot-pose,x=-32.90;y=33.97;yaw=-3.09
129.766666651,[debug],turtlebot5,simulation,robot-pose,x=-32.90;y=33.97;yaw=-3.09
130.900000095,[debug],turtlebot2,move-base-info,Hooray, the base moved arrived,(x=-37;y=16)
130.900000095,[debug],turtlebot2,move-base-info,Hooray, the base moved arrived,(x=-37;y=16)
131.0,[debug],turtlebot2,task-update,navigation,way-point-reached,50.0%
134.266666651,[debug],turtlebot3,move-base-info,Hooray, the base moved arrived,(x=-37;y=18.93)
134.266666651,[debug],turtlebot3,move-base-info,Hooray, the base moved arrived,(x=-37;y=18.93)
134.383333445,[debug],turtlebot3,task-update,navigation,way-point-reached,75.0%
142.866666555,[info],turtlebot2,skill-life-cycle,navigation,(status=RUNNING, parameters=[[-27.23, 16.0, 3.141592653589793, True], [-37.0, 16.0, 1.5707963267948966, True], [-37.0, 18.93, 0.0, True], [-33.9, 18.93, 3.14, False]])
143.716666698,[debug],turtlebot1,simulation,robot-pose,x=-11.46;y=17.82;yaw=-1.25
143.716666698,[debug],turtlebot1,simulation,robot-pose,x=-11.46;y=17.82;yaw=-1.25
144.683333397,[debug],turtlebot2,simulation,robot-pose,x=-36.81;y=18.18;yaw=1.67
144.683333397,[debug],turtlebot2,simulation,robot-pose,x=-36.81;y=18.18;yaw=1.67
144.700000048,[debug],turtlebot3,simulation,robot-pose,x=-36.97;y=18.59;yaw=0.09
144.700000048,[debug],turtlebot3,simulation,robot-pose,x=-36.97;y=18.59;yaw=0.09
144.75,[debug],turtlebot4,simulation,robot-pose,x=-40.39;y=25.23;yaw=0.33
144.75,[debug],turtlebot4,simulation,robot-pose,x=-40.39;y=25.23;yaw=0.33
144.766666651,[debug],turtlebot5,simulation,robot-pose,x=-32.90;y=33.97;yaw=-3.09
144.766666651,[debug],turtlebot5,simulation,robot-pose,x=-32.90;y=33.97;yaw=-3.09
145.866666555,[info],turtlebot3,skill-life-cycle,navigation,(status=RUNNING, parameters=[[-27.23, 16.0, 3.141592653589793, True], [-37.0, 16.0, 1.5707963267948966, True], [-37.0, 18.93, 0.0, True], [-33.9, 18.93, 3.14, False]])
158.716666698,[debug],turtlebot1,simulation,robot-pose,x=-11.46;y=17.82;yaw=-1.25
158.716666698,[debug],turtlebot1,simulation,robot-pose,x=-11.46;y=17.82;yaw=-1.25
159.683333397,[debug],turtlebot2,simulation,robot-pose,x=-36.97;y=18.43;yaw=1.46
159.683333397,[debug],turtlebot2,simulation,robot-pose,x=-36.97;y=18.43;yaw=1.46
159.700000048,[debug],turtlebot3,simulation,robot-pose,x=-36.96;y=18.86;yaw=-0.12
159.700000048,[debug],turtlebot3,simulation,robot-pose,x=-36.96;y=18.86;yaw=-0.12
159.75,[debug],turtlebot4,simulation,robot-pose,x=-40.39;y=25.23;yaw=0.33
159.75,[debug],turtlebot4,simulation,robot-pose,x=-40.39;y=25.23;yaw=0.33
159.766666651,[debug],turtlebot5,simulation,robot-pose,x=-32.90;y=33.97;yaw=-3.09
159.766666651,[debug],turtlebot5,simulation,robot-pose,x=-32.90;y=33.97;yaw=-3.09
164.0,[debug],turtlebot2,move-base-info,Hooray, the base moved arrived,(x=-37;y=18.93)
164.0,[debug],turtlebot2,move-base-info,Hooray, the base moved arrived,(x=-37;y=18.93)
164.133333445,[debug],turtlebot2,task-update,navigation,way-point-reached,75.0%
173.733333349,[debug],turtlebot1,simulation,robot-pose,x=-11.46;y=17.82;yaw=-1.25
173.733333349,[debug],turtlebot1,simulation,robot-pose,x=-11.46;y=17.82;yaw=-1.25
174.683333397,[debug],turtlebot2,simulation,robot-pose,x=-36.27;y=18.20;yaw=-0.57
174.683333397,[debug],turtlebot2,simulation,robot-pose,x=-36.27;y=18.20;yaw=-0.57
174.700000048,[debug],turtlebot3,simulation,robot-pose,x=-35.77;y=18.02;yaw=0.39
174.700000048,[debug],turtlebot3,simulation,robot-pose,x=-35.77;y=18.02;yaw=0.39
174.75,[debug],turtlebot4,simulation,robot-pose,x=-40.39;y=25.23;yaw=0.33
174.75,[debug],turtlebot4,simulation,robot-pose,x=-40.39;y=25.23;yaw=0.33
174.766666651,[debug],turtlebot5,simulation,robot-pose,x=-32.90;y=33.97;yaw=-3.09
174.766666651,[debug],turtlebot5,simulation,robot-pose,x=-32.90;y=33.97;yaw=-3.09
188.283333302,[info],turtlebot2,skill-life-cycle,navigation,(status=RUNNING, parameters=[[-27.23, 16.0, 3.141592653589793, True], [-37.0, 16.0, 1.5707963267948966, True], [-37.0, 18.93, 0.0, True], [-33.9, 18.93, 3.14, False]])
188.716666698,[debug],turtlebot1,simulation,robot-pose,x=-11.46;y=17.82;yaw=-1.25
188.716666698,[debug],turtlebot1,simulation,robot-pose,x=-11.46;y=17.82;yaw=-1.25
189.683333397,[debug],turtlebot2,simulation,robot-pose,x=-35.72;y=18.07;yaw=0.28
189.683333397,[debug],turtlebot2,simulation,robot-pose,x=-35.72;y=18.07;yaw=0.28
189.700000048,[debug],turtlebot3,simulation,robot-pose,x=-34.15;y=18.53;yaw=1.72
189.700000048,[debug],turtlebot3,simulation,robot-pose,x=-34.15;y=18.53;yaw=1.72
189.75,[debug],turtlebot4,simulation,robot-pose,x=-40.39;y=25.23;yaw=0.33
189.75,[debug],turtlebot4,simulation,robot-pose,x=-40.39;y=25.23;yaw=0.33
189.766666651,[debug],turtlebot5,simulation,robot-pose,x=-32.90;y=33.97;yaw=-3.09
189.766666651,[debug],turtlebot5,simulation,robot-pose,x=-32.90;y=33.97;yaw=-3.09
191.466666698,[info],turtlebot3,skill-life-cycle,navigation,(status=RUNNING, parameters=[[-27.23, 16.0, 3.141592653589793, True], [-37.0, 16.0, 1.5707963267948966, True], [-37.0, 18.93, 0.0, True], [-33.9, 18.93, 3.14, False]])
193.533333302,[debug],turtlebot3,move-base-info,Hooray, the base moved arrived,(x=-33.9;y=18.93)
193.533333302,[debug],turtlebot3,move-base-info,Hooray, the base moved arrived,(x=-33.9;y=18.93)
193.766666651,[debug],turtlebot3,task-update,navigation,way-point-reached,100.0%
193.849999905,[debug],turtlebot3,available-skills,['send_message', 'wait_message', 'approach_person', 'approach_robot', 'authenticate_person', 'deposit', 'navigation', 'operate_drawer', 'pick_up'],
193.849999905,[info],turtlebot3,skill-life-cycle,approach_person,(status=STARTED, parameters=['nurse'])
193.900000095,[debug],turtlebot3,task-update,approach_person,localize-person,(who=nurse)
193.983333349,[debug],turtlebot3,task-update,approach_person,goto-person,(who=nurse)
194.083333254,[debug],turtlebot3,available-skills,['send_message', 'wait_message', 'approach_person', 'approach_robot', 'authenticate_person', 'deposit', 'navigation', 'operate_drawer', 'pick_up'],
194.083333254,[info],turtlebot3,skill-life-cycle,authenticate_person,(status=STARTED, parameters=['nurse'])
194.133333445,[debug],turtlebot3,task-update,authenticate_person,request-authentication,(to=nurse)
194.133333445,[info],nurse,sync,received-request,(status=sending-request)
194.133333445,[info],nurse,sync,received-request,(status=sending-request)
194.516666651,[debug],turtlebot3,task-update,authenticate_person,received-authentication,(from=nurse)
194.599999905,[debug],turtlebot3,available-skills,['send_message', 'wait_message', 'approach_person', 'approach_robot', 'authenticate_person', 'deposit', 'navigation', 'operate_drawer', 'pick_up'],
194.599999905,[info],turtlebot3,skill-life-cycle,operate_drawer,(status=STARTED, parameters=['open'])
194.683333397,[debug],turtlebot3,task-update,operate_drawer,open
203.716666698,[debug],turtlebot1,simulation,robot-pose,x=-11.46;y=17.82;yaw=-1.25
203.716666698,[debug],turtlebot1,simulation,robot-pose,x=-11.46;y=17.82;yaw=-1.25
204.683333397,[debug],turtlebot2,simulation,robot-pose,x=-35.72;y=18.06;yaw=0.40
204.683333397,[debug],turtlebot2,simulation,robot-pose,x=-35.72;y=18.06;yaw=0.40
204.700000048,[debug],turtlebot3,simulation,robot-pose,x=-34.11;y=18.56;yaw=3.09
204.700000048,[debug],turtlebot3,simulation,robot-pose,x=-34.11;y=18.56;yaw=3.09
204.75,[debug],turtlebot4,simulation,robot-pose,x=-40.39;y=25.23;yaw=0.33
204.75,[debug],turtlebot4,simulation,robot-pose,x=-40.39;y=25.23;yaw=0.33
204.766666651,[debug],turtlebot5,simulation,robot-pose,x=-32.91;y=33.97;yaw=-3.09
204.766666651,[debug],turtlebot5,simulation,robot-pose,x=-32.91;y=33.97;yaw=-3.09
214.133333445,[info],nurse,sync,request-sent,(status=waiting)
214.133333445,[info],nurse,sync,request-sent,(status=waiting)
218.716666698,[debug],turtlebot1,simulation,robot-pose,x=-11.46;y=17.82;yaw=-1.25
218.716666698,[debug],turtlebot1,simulation,robot-pose,x=-11.46;y=17.82;yaw=-1.25
219.683333397,[debug],turtlebot2,simulation,robot-pose,x=-35.60;y=18.00;yaw=-0.31
219.683333397,[debug],turtlebot2,simulation,robot-pose,x=-35.60;y=18.00;yaw=-0.31
219.700000048,[debug],turtlebot3,simulation,robot-pose,x=-34.11;y=18.56;yaw=3.10
219.700000048,[debug],turtlebot3,simulation,robot-pose,x=-34.11;y=18.56;yaw=3.10
219.75,[debug],turtlebot4,simulation,robot-pose,x=-40.39;y=25.23;yaw=0.33
219.75,[debug],turtlebot4,simulation,robot-pose,x=-40.39;y=25.23;yaw=0.33
219.766666651,[debug],turtlebot5,simulation,robot-pose,x=-32.91;y=33.97;yaw=-3.08
219.766666651,[debug],turtlebot5,simulation,robot-pose,x=-32.91;y=33.97;yaw=-3.08
233.716666698,[debug],turtlebot1,simulation,robot-pose,x=-11.46;y=17.82;yaw=-1.25
233.716666698,[debug],turtlebot1,simulation,robot-pose,x=-11.46;y=17.82;yaw=-1.25
234.683333397,[debug],turtlebot2,simulation,robot-pose,x=-34.35;y=18.45;yaw=0.79
234.683333397,[debug],turtlebot2,simulation,robot-pose,x=-34.35;y=18.45;yaw=0.79
234.700000048,[debug],turtlebot3,simulation,robot-pose,x=-33.93;y=18.67;yaw=2.51
234.700000048,[debug],turtlebot3,simulation,robot-pose,x=-33.93;y=18.67;yaw=2.51
234.75,[debug],turtlebot4,simulation,robot-pose,x=-40.39;y=25.23;yaw=0.33
234.75,[debug],turtlebot4,simulation,robot-pose,x=-40.39;y=25.23;yaw=0.33
234.766666651,[debug],turtlebot5,simulation,robot-pose,x=-32.91;y=33.97;yaw=-3.07
234.766666651,[debug],turtlebot5,simulation,robot-pose,x=-32.91;y=33.97;yaw=-3.07
236.666666746,[info],turtlebot2,skill-life-cycle,navigation,(status=RUNNING, parameters=[[-27.23, 16.0, 3.141592653589793, True], [-37.0, 16.0, 1.5707963267948966, True], [-37.0, 18.93, 0.0, True], [-33.9, 18.93, 3.14, False]])
248.716666698,[debug],turtlebot1,simulation,robot-pose,x=-11.46;y=17.82;yaw=-1.25
248.716666698,[debug],turtlebot1,simulation,robot-pose,x=-11.46;y=17.82;yaw=-1.25
249.683333397,[debug],turtlebot2,simulation,robot-pose,x=-34.32;y=18.55;yaw=0.64
249.683333397,[debug],turtlebot2,simulation,robot-pose,x=-34.32;y=18.55;yaw=0.64
249.700000048,[debug],turtlebot3,simulation,robot-pose,x=-33.88;y=18.70;yaw=2.36
249.700000048,[debug],turtlebot3,simulation,robot-pose,x=-33.88;y=18.70;yaw=2.36
249.75,[debug],turtlebot4,simulation,robot-pose,x=-40.39;y=25.23;yaw=0.33
249.75,[debug],turtlebot4,simulation,robot-pose,x=-40.39;y=25.23;yaw=0.33
249.766666651,[debug],turtlebot5,simulation,robot-pose,x=-32.91;y=33.97;yaw=-3.06
249.766666651,[debug],turtlebot5,simulation,robot-pose,x=-32.91;y=33.97;yaw=-3.06
263.716666698,[debug],turtlebot1,simulation,robot-pose,x=-11.46;y=17.82;yaw=-1.25
263.716666698,[debug],turtlebot1,simulation,robot-pose,x=-11.46;y=17.82;yaw=-1.25
264.683333397,[debug],turtlebot2,simulation,robot-pose,x=-34.28;y=18.61;yaw=0.78
264.683333397,[debug],turtlebot2,simulation,robot-pose,x=-34.28;y=18.61;yaw=0.78
264.700000048,[debug],turtlebot3,simulation,robot-pose,x=-33.82;y=18.74;yaw=2.25
264.700000048,[debug],turtlebot3,simulation,robot-pose,x=-33.82;y=18.74;yaw=2.25
264.75,[debug],turtlebot4,simulation,robot-pose,x=-40.39;y=25.23;yaw=0.33
264.75,[debug],turtlebot4,simulation,robot-pose,x=-40.39;y=25.23;yaw=0.33
264.766666651,[debug],turtlebot5,simulation,robot-pose,x=-32.91;y=33.97;yaw=-3.06
264.766666651,[debug],turtlebot5,simulation,robot-pose,x=-32.91;y=33.97;yaw=-3.06
278.666666746,[debug],turtlebot2,move-base-info,Hooray, the base moved arrived,(x=-33.9;y=18.93)
278.666666746,[debug],turtlebot2,move-base-info,Hooray, the base moved arrived,(x=-33.9;y=18.93)
278.716666698,[debug],turtlebot1,simulation,robot-pose,x=-11.46;y=17.82;yaw=-1.25
278.716666698,[debug],turtlebot1,simulation,robot-pose,x=-11.46;y=17.82;yaw=-1.25
278.916666746,[debug],turtlebot2,task-update,navigation,way-point-reached,100.0%
279.033333302,[debug],turtlebot2,available-skills,['send_message', 'wait_message', 'approach_person', 'approach_robot', 'authenticate_person', 'deposit', 'navigation', 'operate_drawer', 'pick_up'],
279.033333302,[info],turtlebot2,skill-life-cycle,approach_person,(status=STARTED, parameters=['nurse'])
279.083333254,[debug],turtlebot2,task-update,approach_person,localize-person,(who=nurse)
279.166666746,[debug],turtlebot2,task-update,approach_person,goto-person,(who=nurse)
279.25,[debug],turtlebot2,available-skills,['send_message', 'wait_message', 'approach_person', 'approach_robot', 'authenticate_person', 'deposit', 'navigation', 'operate_drawer', 'pick_up'],
279.25,[info],turtlebot2,skill-life-cycle,authenticate_person,(status=STARTED, parameters=['nurse'])
279.333333254,[debug],turtlebot2,task-update,authenticate_person,request-authentication,(to=nurse)
279.333333254,[info],nurse,sync,received-request,(status=sending-request)
279.466666698,[info],nurse,sync,received-request,(status=sending-request)
279.683333397,[debug],turtlebot2,simulation,robot-pose,x=-34.26;y=18.60;yaw=3.09
279.683333397,[debug],turtlebot2,simulation,robot-pose,x=-34.26;y=18.60;yaw=3.09
279.700000048,[debug],turtlebot3,simulation,robot-pose,x=-33.79;y=18.77;yaw=2.14
279.700000048,[debug],turtlebot3,simulation,robot-pose,x=-33.79;y=18.77;yaw=2.14
279.75,[debug],turtlebot4,simulation,robot-pose,x=-40.39;y=25.23;yaw=0.33
279.75,[debug],turtlebot4,simulation,robot-pose,x=-40.39;y=25.23;yaw=0.33
279.766666651,[debug],turtlebot5,simulation,robot-pose,x=-32.92;y=33.98;yaw=-3.05
279.766666651,[debug],turtlebot5,simulation,robot-pose,x=-32.92;y=33.98;yaw=-3.05
279.766666651,[debug],turtlebot2,task-update,authenticate_person,received-authentication,(from=nurse)
279.849999905,[debug],turtlebot2,available-skills,['send_message', 'wait_message', 'approach_person', 'approach_robot', 'authenticate_person', 'deposit', 'navigation', 'operate_drawer', 'pick_up'],
279.849999905,[info],turtlebot2,skill-life-cycle,operate_drawer,(status=STARTED, parameters=['open'])
279.916666746,[debug],turtlebot2,task-update,operate_drawer,open
280.900000095,[debug],turtlebot2,available-skills,['send_message', 'wait_message', 'approach_person', 'approach_robot', 'authenticate_person', 'deposit', 'navigation', 'operate_drawer', 'pick_up'],
280.900000095,[info],turtlebot2,skill-life-cycle,send_message,(status=STARTED, parameters=['nurse'])
280.983333349,[info],turtlebot2,sync,send-message,(to=nurse)
281.849999905,[info],nurse,sync,wait-message,(status=message-received)
281.849999905,[info],nurse,sync,wait-message,(status=message-received)
284.516666651,[debug],turtlebot2,available-skills,['send_message', 'wait_message', 'approach_person', 'approach_robot', 'authenticate_person', 'deposit', 'navigation', 'operate_drawer', 'pick_up'],
284.516666651,[info],turtlebot2,skill-life-cycle,wait_message,(status=STARTED, parameters=['r1'])
285.916666746,[info],turtlebot2,sync,wait-message,(status=message-received)
286.0,[debug],turtlebot2,available-skills,['send_message', 'wait_message', 'approach_person', 'approach_robot', 'authenticate_person', 'deposit', 'navigation', 'operate_drawer', 'pick_up'],
286.0,[info],turtlebot2,skill-life-cycle,operate_drawer,(status=STARTED, parameters=['close'])
286.083333254,[debug],turtlebot2,task-update,operate_drawer,close
287.033333302,[debug],turtlebot2,available-skills,['send_message', 'wait_message', 'approach_person', 'approach_robot', 'authenticate_person', 'deposit', 'navigation', 'operate_drawer', 'pick_up'],
287.033333302,[info],turtlebot2,skill-life-cycle,navigation,(status=STARTED, parameters=[[-37.0, 18.93, -1.5707963267948966, True], [-37.0, 16.0, 0.0, True], [-26.0, 16.0, -1.5707963267948966, True], [-26.0, 13.0, 1.57, False]])
288.266666651,[info],turtlebot2,skill-life-cycle,navigation,(status=RUNNING, parameters=[[-37.0, 18.93, -1.5707963267948966, True], [-37.0, 16.0, 0.0, True], [-26.0, 16.0, -1.5707963267948966, True], [-26.0, 13.0, 1.57, False]])
291.849999905,[info],nurse,sync,wait-message,(status=message-received)
291.849999905,[info],nurse,sync,wait-message,(status=message-received)
293.716666698,[debug],turtlebot1,simulation,robot-pose,x=-11.46;y=17.82;yaw=-1.25
293.716666698,[debug],turtlebot1,simulation,robot-pose,x=-11.46;y=17.82;yaw=-1.25
294.683333397,[debug],turtlebot2,simulation,robot-pose,x=-34.50;y=18.50;yaw=-2.40
294.683333397,[debug],turtlebot2,simulation,robot-pose,x=-34.50;y=18.50;yaw=-2.40
294.700000048,[debug],turtlebot3,simulation,robot-pose,x=-33.80;y=18.78;yaw=2.13
294.700000048,[debug],turtlebot3,simulation,robot-pose,x=-33.80;y=18.78;yaw=2.13
294.75,[debug],turtlebot4,simulation,robot-pose,x=-40.39;y=25.23;yaw=0.33
294.75,[debug],turtlebot4,simulation,robot-pose,x=-40.39;y=25.23;yaw=0.33
294.766666651,[debug],turtlebot5,simulation,robot-pose,x=-32.92;y=33.98;yaw=-3.05
294.766666651,[debug],turtlebot5,simulation,robot-pose,x=-32.92;y=33.98;yaw=-3.05
299.333333254,[info],nurse,sync,request-sent,(status=waiting)
299.466666698,[info],nurse,sync,request-sent,(status=waiting)
301.849999905,[info],nurse,sync,wait-message,(status=message-received)
301.849999905,[info],nurse,sync,wait-message,(status=message-received)
308.716666698,[debug],turtlebot1,simulation,robot-pose,x=-11.47;y=17.82;yaw=-1.25
308.716666698,[debug],turtlebot1,simulation,robot-pose,x=-11.47;y=17.82;yaw=-1.25
309.683333397,[debug],turtlebot2,simulation,robot-pose,x=-35.14;y=17.99;yaw=-2.90
309.683333397,[debug],turtlebot2,simulation,robot-pose,x=-35.14;y=17.99;yaw=-2.90
309.700000048,[debug],turtlebot3,simulation,robot-pose,x=-33.80;y=18.78;yaw=2.16
309.700000048,[debug],turtlebot3,simulation,robot-pose,x=-33.80;y=18.78;yaw=2.16
309.75,[debug],turtlebot4,simulation,robot-pose,x=-40.39;y=25.23;yaw=0.33
309.75,[debug],turtlebot4,simulation,robot-pose,x=-40.39;y=25.23;yaw=0.33
309.766666651,[debug],turtlebot5,simulation,robot-pose,x=-32.92;y=33.98;yaw=-3.06
309.766666651,[debug],turtlebot5,simulation,robot-pose,x=-32.92;y=33.98;yaw=-3.06
311.849999905,[info],nurse,sync,wait-message,(status=message-received)
311.849999905,[info],nurse,sync,wait-message,(status=message-received)
323.716666698,[debug],turtlebot1,simulation,robot-pose,x=-11.47;y=17.82;yaw=-1.25
323.716666698,[debug],turtlebot1,simulation,robot-pose,x=-11.47;y=17.82;yaw=-1.25
324.683333397,[debug],turtlebot2,simulation,robot-pose,x=-35.28;y=17.97;yaw=3.07
324.683333397,[debug],turtlebot2,simulation,robot-pose,x=-35.28;y=17.97;yaw=3.07
324.700000048,[debug],turtlebot3,simulation,robot-pose,x=-33.80;y=18.79;yaw=2.18
324.700000048,[debug],turtlebot3,simulation,robot-pose,x=-33.80;y=18.79;yaw=2.18
324.75,[debug],turtlebot4,simulation,robot-pose,x=-40.39;y=25.23;yaw=0.33
324.75,[debug],turtlebot4,simulation,robot-pose,x=-40.39;y=25.23;yaw=0.33
324.766666651,[debug],turtlebot5,simulation,robot-pose,x=-32.92;y=33.98;yaw=-3.06
324.766666651,[debug],turtlebot5,simulation,robot-pose,x=-32.92;y=33.98;yaw=-3.06
336.25,[info],turtlebot2,skill-life-cycle,navigation,(status=RUNNING, parameters=[[-37.0, 18.93, -1.5707963267948966, True], [-37.0, 16.0, 0.0, True], [-26.0, 16.0, -1.5707963267948966, True], [-26.0, 13.0, 1.57, False]])
338.716666698,[debug],turtlebot1,simulation,robot-pose,x=-11.47;y=17.82;yaw=-1.25
338.716666698,[debug],turtlebot1,simulation,robot-pose,x=-11.47;y=17.82;yaw=-1.25
339.683333397,[debug],turtlebot2,simulation,robot-pose,x=-35.04;y=17.98;yaw=-3.13
339.683333397,[debug],turtlebot2,simulation,robot-pose,x=-35.04;y=17.98;yaw=-3.13
339.700000048,[debug],turtlebot3,simulation,robot-pose,x=-33.80;y=18.79;yaw=2.19
339.700000048,[debug],turtlebot3,simulation,robot-pose,x=-33.80;y=18.79;yaw=2.19
339.75,[debug],turtlebot4,simulation,robot-pose,x=-40.39;y=25.23;yaw=0.33
339.75,[debug],turtlebot4,simulation,robot-pose,x=-40.39;y=25.23;yaw=0.33
339.766666651,[debug],turtlebot5,simulation,robot-pose,x=-32.93;y=33.98;yaw=-3.06
339.766666651,[debug],turtlebot5,simulation,robot-pose,x=-32.93;y=33.98;yaw=-3.06
353.716666698,[debug],turtlebot1,simulation,robot-pose,x=-11.47;y=17.82;yaw=-1.25
353.716666698,[debug],turtlebot1,simulation,robot-pose,x=-11.47;y=17.82;yaw=-1.25
354.683333397,[debug],turtlebot2,simulation,robot-pose,x=-36.65;y=18.59;yaw=2.61
354.683333397,[debug],turtlebot2,simulation,robot-pose,x=-36.65;y=18.59;yaw=2.61
354.700000048,[debug],turtlebot3,simulation,robot-pose,x=-33.80;y=18.79;yaw=2.21
354.700000048,[debug],turtlebot3,simulation,robot-pose,x=-33.80;y=18.79;yaw=2.21
354.75,[debug],turtlebot4,simulation,robot-pose,x=-40.39;y=25.23;yaw=0.33
354.75,[debug],turtlebot4,simulation,robot-pose,x=-40.39;y=25.23;yaw=0.33
354.766666651,[debug],turtlebot5,simulation,robot-pose,x=-32.93;y=33.98;yaw=-3.06
354.766666651,[debug],turtlebot5,simulation,robot-pose,x=-32.93;y=33.98;yaw=-3.06
360.166666746,[debug],turtlebot2,move-base-info,Hooray, the base moved arrived,(x=-37;y=18.93)
360.166666746,[debug],turtlebot2,move-base-info,Hooray, the base moved arrived,(x=-37;y=18.93)
360.200000048,[debug],turtlebot2,task-update,navigation,way-point-reached,25.0%
368.716666698,[debug],turtlebot1,simulation,robot-pose,x=-11.47;y=17.82;yaw=-1.25
368.716666698,[debug],turtlebot1,simulation,robot-pose,x=-11.47;y=17.82;yaw=-1.25
369.683333397,[debug],turtlebot2,simulation,robot-pose,x=-36.69;y=18.25;yaw=-1.59
369.683333397,[debug],turtlebot2,simulation,robot-pose,x=-36.69;y=18.25;yaw=-1.59
369.700000048,[debug],turtlebot3,simulation,robot-pose,x=-33.80;y=18.79;yaw=2.22
369.700000048,[debug],turtlebot3,simulation,robot-pose,x=-33.80;y=18.79;yaw=2.22
369.75,[debug],turtlebot4,simulation,robot-pose,x=-40.39;y=25.23;yaw=0.33
369.75,[debug],turtlebot4,simulation,robot-pose,x=-40.39;y=25.23;yaw=0.33
369.766666651,[debug],turtlebot5,simulation,robot-pose,x=-32.93;y=33.98;yaw=-3.06
369.766666651,[debug],turtlebot5,simulation,robot-pose,x=-32.93;y=33.98;yaw=-3.06
383.716666698,[debug],turtlebot1,simulation,robot-pose,x=-11.47;y=17.82;yaw=-1.25
383.716666698,[debug],turtlebot1,simulation,robot-pose,x=-11.47;y=17.82;yaw=-1.25
384.683333397,[debug],turtlebot2,simulation,robot-pose,x=-36.73;y=17.00;yaw=-1.71
384.683333397,[debug],turtlebot2,simulation,robot-pose,x=-36.73;y=17.00;yaw=-1.71
384.700000048,[debug],turtlebot3,simulation,robot-pose,x=-33.80;y=18.80;yaw=2.24
384.700000048,[debug],turtlebot3,simulation,robot-pose,x=-33.80;y=18.80;yaw=2.24
384.75,[debug],turtlebot4,simulation,robot-pose,x=-40.39;y=25.23;yaw=0.33
384.75,[debug],turtlebot4,simulation,robot-pose,x=-40.39;y=25.23;yaw=0.33
384.766666651,[debug],turtlebot5,simulation,robot-pose,x=-32.93;y=33.98;yaw=-3.06
384.766666651,[debug],turtlebot5,simulation,robot-pose,x=-32.93;y=33.98;yaw=-3.06
385.766666651,[info],turtlebot2,skill-life-cycle,navigation,(status=RUNNING, parameters=[[-37.0, 18.93, -1.5707963267948966, True], [-37.0, 16.0, 0.0, True], [-26.0, 16.0, -1.5707963267948966, True], [-26.0, 13.0, 1.57, False]])
396.266666651,[debug],turtlebot2,move-base-info,Hooray, the base moved arrived,(x=-37;y=16)
396.266666651,[debug],turtlebot2,move-base-info,Hooray, the base moved arrived,(x=-37;y=16)
396.400000095,[debug],turtlebot2,task-update,navigation,way-point-reached,50.0%
398.716666698,[debug],turtlebot1,simulation,robot-pose,x=-11.47;y=17.82;yaw=-1.25
398.716666698,[debug],turtlebot1,simulation,robot-pose,x=-11.47;y=17.82;yaw=-1.25
399.683333397,[debug],turtlebot2,simulation,robot-pose,x=-36.92;y=16.44;yaw=-0.05
399.683333397,[debug],turtlebot2,simulation,robot-pose,x=-36.92;y=16.44;yaw=-0.05
399.700000048,[debug],turtlebot3,simulation,robot-pose,x=-33.80;y=18.80;yaw=2.25
399.700000048,[debug],turtlebot3,simulation,robot-pose,x=-33.80;y=18.80;yaw=2.25
399.75,[debug],turtlebot4,simulation,robot-pose,x=-40.39;y=25.23;yaw=0.33
399.75,[debug],turtlebot4,simulation,robot-pose,x=-40.39;y=25.23;yaw=0.33
399.766666651,[debug],turtlebot5,simulation,robot-pose,x=-32.93;y=33.98;yaw=-3.06
399.766666651,[debug],turtlebot5,simulation,robot-pose,x=-32.93;y=33.98;yaw=-3.06
413.716666698,[debug],turtlebot1,simulation,robot-pose,x=-11.47;y=17.82;yaw=-1.25
413.716666698,[debug],turtlebot1,simulation,robot-pose,x=-11.47;y=17.82;yaw=-1.25
414.683333397,[debug],turtlebot2,simulation,robot-pose,x=-35.74;y=15.66;yaw=-0.07
414.683333397,[debug],turtlebot2,simulation,robot-pose,x=-35.74;y=15.66;yaw=-0.07
414.700000048,[debug],turtlebot3,simulation,robot-pose,x=-33.80;y=18.80;yaw=2.26
414.700000048,[debug],turtlebot3,simulation,robot-pose,x=-33.80;y=18.80;yaw=2.26
414.75,[debug],turtlebot4,simulation,robot-pose,x=-40.39;y=25.23;yaw=0.33
414.75,[debug],turtlebot4,simulation,robot-pose,x=-40.39;y=25.23;yaw=0.33
414.766666651,[debug],turtlebot5,simulation,robot-pose,x=-32.93;y=33.98;yaw=-3.06
414.766666651,[debug],turtlebot5,simulation,robot-pose,x=-32.93;y=33.98;yaw=-3.06
428.716666698,[debug],turtlebot1,simulation,robot-pose,x=-11.47;y=17.82;yaw=-1.25
428.716666698,[debug],turtlebot1,simulation,robot-pose,x=-11.47;y=17.82;yaw=-1.25
429.683333397,[debug],turtlebot2,simulation,robot-pose,x=-33.23;y=15.68;yaw=0.03
429.683333397,[debug],turtlebot2,simulation,robot-pose,x=-33.23;y=15.68;yaw=0.03
429.700000048,[debug],turtlebot3,simulation,robot-pose,x=-33.80;y=18.80;yaw=2.28
429.700000048,[debug],turtlebot3,simulation,robot-pose,x=-33.80;y=18.80;yaw=2.28
429.75,[debug],turtlebot4,simulation,robot-pose,x=-40.39;y=25.23;yaw=0.33
429.75,[debug],turtlebot4,simulation,robot-pose,x=-40.39;y=25.23;yaw=0.33
429.766666651,[debug],turtlebot5,simulation,robot-pose,x=-32.93;y=33.98;yaw=-3.06
429.766666651,[debug],turtlebot5,simulation,robot-pose,x=-32.93;y=33.98;yaw=-3.06
435.533333302,[info],turtlebot2,skill-life-cycle,navigation,(status=RUNNING, parameters=[[-37.0, 18.93, -1.5707963267948966, True], [-37.0, 16.0, 0.0, True], [-26.0, 16.0, -1.5707963267948966, True], [-26.0, 13.0, 1.57, False]])
443.716666698,[debug],turtlebot1,simulation,robot-pose,x=-11.47;y=17.82;yaw=-1.25
443.716666698,[debug],turtlebot1,simulation,robot-pose,x=-11.47;y=17.82;yaw=-1.25
444.683333397,[debug],turtlebot2,simulation,robot-pose,x=-30.45;y=16.05;yaw=-0.12
444.683333397,[debug],turtlebot2,simulation,robot-pose,x=-30.45;y=16.05;yaw=-0.12
444.700000048,[debug],turtlebot3,simulation,robot-pose,x=-33.80;y=18.81;yaw=2.29
444.700000048,[debug],turtlebot3,simulation,robot-pose,x=-33.80;y=18.81;yaw=2.29
444.75,[debug],turtlebot4,simulation,robot-pose,x=-40.39;y=25.23;yaw=0.33
444.75,[debug],turtlebot4,simulation,robot-pose,x=-40.39;y=25.23;yaw=0.33
444.766666651,[debug],turtlebot5,simulation,robot-pose,x=-32.93;y=33.98;yaw=-3.06
444.766666651,[debug],turtlebot5,simulation,robot-pose,x=-32.93;y=33.98;yaw=-3.06
458.716666698,[debug],turtlebot1,simulation,robot-pose,x=-11.47;y=17.82;yaw=-1.25
458.716666698,[debug],turtlebot1,simulation,robot-pose,x=-11.47;y=17.82;yaw=-1.25
459.683333397,[debug],turtlebot2,simulation,robot-pose,x=-27.88;y=16.13;yaw=-0.12
459.683333397,[debug],turtlebot2,simulation,robot-pose,x=-27.88;y=16.13;yaw=-0.12
459.700000048,[debug],turtlebot3,simulation,robot-pose,x=-33.80;y=18.81;yaw=2.30
459.700000048,[debug],turtlebot3,simulation,robot-pose,x=-33.80;y=18.81;yaw=2.30
459.75,[debug],turtlebot4,simulation,robot-pose,x=-40.39;y=25.23;yaw=0.33
459.75,[debug],turtlebot4,simulation,robot-pose,x=-40.39;y=25.23;yaw=0.33
459.766666651,[debug],turtlebot5,simulation,robot-pose,x=-32.93;y=33.98;yaw=-3.06
459.766666651,[debug],turtlebot5,simulation,robot-pose,x=-32.93;y=33.98;yaw=-3.06
473.633333445,[debug],turtlebot2,move-base-info,Hooray, the base moved arrived,(x=-26;y=16)
473.633333445,[debug],turtlebot2,move-base-info,Hooray, the base moved arrived,(x=-26;y=16)
473.716666698,[debug],turtlebot1,simulation,robot-pose,x=-11.47;y=17.82;yaw=-1.25
473.716666698,[debug],turtlebot2,task-update,navigation,way-point-reached,75.0%
473.716666698,[debug],turtlebot1,simulation,robot-pose,x=-11.47;y=17.82;yaw=-1.25
474.683333397,[debug],turtlebot2,simulation,robot-pose,x=-26.39;y=16.29;yaw=-1.52
474.683333397,[debug],turtlebot2,simulation,robot-pose,x=-26.39;y=16.29;yaw=-1.52
474.700000048,[debug],turtlebot3,simulation,robot-pose,x=-33.80;y=18.81;yaw=2.31
474.700000048,[debug],turtlebot3,simulation,robot-pose,x=-33.80;y=18.81;yaw=2.31
474.75,[debug],turtlebot4,simulation,robot-pose,x=-40.39;y=25.23;yaw=0.33
474.75,[debug],turtlebot4,simulation,robot-pose,x=-40.39;y=25.23;yaw=0.33
474.766666651,[debug],turtlebot5,simulation,robot-pose,x=-32.93;y=33.98;yaw=-3.06
474.766666651,[debug],turtlebot5,simulation,robot-pose,x=-32.93;y=33.98;yaw=-3.06
484.533333302,[info],turtlebot2,skill-life-cycle,navigation,(status=RUNNING, parameters=[[-37.0, 18.93, -1.5707963267948966, True], [-37.0, 16.0, 0.0, True], [-26.0, 16.0, -1.5707963267948966, True], [-26.0, 13.0, 1.57, False]])
488.716666698,[debug],turtlebot1,simulation,robot-pose,x=-11.47;y=17.82;yaw=-1.25
488.716666698,[debug],turtlebot1,simulation,robot-pose,x=-11.47;y=17.82;yaw=-1.25
489.683333397,[debug],turtlebot2,simulation,robot-pose,x=-26.01;y=15.38;yaw=-1.16
489.683333397,[debug],turtlebot2,simulation,robot-pose,x=-26.01;y=15.38;yaw=-1.16
489.700000048,[debug],turtlebot3,simulation,robot-pose,x=-33.80;y=18.81;yaw=2.32
489.700000048,[debug],turtlebot3,simulation,robot-pose,x=-33.80;y=18.81;yaw=2.32
489.75,[debug],turtlebot4,simulation,robot-pose,x=-40.39;y=25.23;yaw=0.33
489.75,[debug],turtlebot4,simulation,robot-pose,x=-40.39;y=25.23;yaw=0.33
489.766666651,[debug],turtlebot5,simulation,robot-pose,x=-32.93;y=33.98;yaw=-3.06
489.766666651,[debug],turtlebot5,simulation,robot-pose,x=-32.93;y=33.98;yaw=-3.06
503.716666698,[debug],turtlebot1,simulation,robot-pose,x=-11.47;y=17.82;yaw=-1.25
503.716666698,[debug],turtlebot1,simulation,robot-pose,x=-11.47;y=17.82;yaw=-1.25
504.683333397,[debug],turtlebot2,simulation,robot-pose,x=-25.79;y=14.15;yaw=-1.53
504.683333397,[debug],turtlebot2,simulation,robot-pose,x=-25.79;y=14.15;yaw=-1.53
504.700000048,[debug],turtlebot3,simulation,robot-pose,x=-33.81;y=18.81;yaw=2.33
504.700000048,[debug],turtlebot3,simulation,robot-pose,x=-33.81;y=18.81;yaw=2.33
504.75,[debug],turtlebot4,simulation,robot-pose,x=-40.39;y=25.23;yaw=0.33
504.75,[debug],turtlebot4,simulation,robot-pose,x=-40.39;y=25.23;yaw=0.33
504.766666651,[debug],turtlebot5,simulation,robot-pose,x=-32.93;y=33.98;yaw=-3.06
504.766666651,[debug],turtlebot5,simulation,robot-pose,x=-32.93;y=33.98;yaw=-3.06
518.716666698,[debug],turtlebot1,simulation,robot-pose,x=-11.47;y=17.82;yaw=-1.25
518.716666698,[debug],turtlebot1,simulation,robot-pose,x=-11.47;y=17.82;yaw=-1.25
519.683333397,[debug],turtlebot2,simulation,robot-pose,x=-25.84;y=13.38;yaw=1.68
519.683333397,[debug],turtlebot2,simulation,robot-pose,x=-25.84;y=13.38;yaw=1.68
519.700000048,[debug],turtlebot3,simulation,robot-pose,x=-33.81;y=18.81;yaw=2.34
519.700000048,[debug],turtlebot3,simulation,robot-pose,x=-33.81;y=18.81;yaw=2.34
519.75,[debug],turtlebot4,simulation,robot-pose,x=-40.39;y=25.23;yaw=0.33
519.75,[debug],turtlebot4,simulation,robot-pose,x=-40.39;y=25.23;yaw=0.33
519.766666651,[debug],turtlebot5,simulation,robot-pose,x=-32.93;y=33.98;yaw=-3.05
519.766666651,[debug],turtlebot5,simulation,robot-pose,x=-32.93;y=33.98;yaw=-3.05
520.266666651,[debug],turtlebot2,move-base-info,Hooray, the base moved arrived,(x=-26;y=13)
520.266666651,[debug],turtlebot2,move-base-info,Hooray, the base moved arrived,(x=-26;y=13)
520.433333397,[debug],turtlebot2,task-update,navigation,way-point-reached,100.0%
520.516666651,[debug],turtlebot2,available-skills,['send_message', 'wait_message', 'approach_person', 'approach_robot', 'authenticate_person', 'deposit', 'navigation', 'operate_drawer', 'pick_up'],
520.516666651,[info],turtlebot2,skill-life-cycle,approach_robot,(status=STARTED, parameters=['lab_arm'])
520.583333254,[debug],turtlebot2,task-update,approach_robot,localize-robot,(who=lab_arm)
520.683333397,[debug],turtlebot2,task-update,approach_robot,goto-robot,(who=lab_arm)
520.75,[debug],turtlebot2,available-skills,['send_message', 'wait_message', 'approach_person', 'approach_robot', 'authenticate_person', 'deposit', 'navigation', 'operate_drawer', 'pick_up'],
520.75,[info],turtlebot2,skill-life-cycle,operate_drawer,(status=STARTED, parameters=['open'])
520.783333302,[debug],turtlebot2,task-update,operate_drawer,open
521.766666651,[debug],turtlebot2,available-skills,['send_message', 'wait_message', 'approach_person', 'approach_robot', 'authenticate_person', 'deposit', 'navigation', 'operate_drawer', 'pick_up'],
521.766666651,[info],turtlebot2,skill-life-cycle,send_message,(status=STARTED, parameters=['lab_arm'])
521.816666603,[info],turtlebot2,sync,send-message,(to=lab_arm)
522.683333397,[info],lab_arm,sync,wait-message,(status=message-received)
522.683333397,[info],lab_arm,sync,wait-message,(status=message-received)
522.683333397,[info],Inventory,sync,wait-sample,(status=sample-received)
522.700000048,[info],Inventory,sync,wait-sample,(status=sample-received)
522.700000048,ENDSIM
522.700000048,ENDSIM
532.683333397,[info],Inventory,sync,wait-sample,(status=sample-received)
532.683333397,[info],Inventory,sync,wait-sample,(status=sample-received)
532.683333397,ENDSIM
532.683333397,ENDSIM
532.683333397,[info],lab_arm,sync,wait-message,(status=message-received)
532.683333397,[info],lab_arm,sync,wait-message,(status=message-received)
532.683333397,[info],Inventory,sync,wait-sample,(status=sample-received)
532.683333397,[info],Inventory,sync,wait-sample,(status=sample-received)
532.683333397,ENDSIM
532.683333397,ENDSIM
0.0,[debug],simulation closed,reach-target,execution-wall-clock=678.7567808628082
