0.0,0.0,[debug],logger,init,time
ROBOTS_CONFIG=[{"avg_speed": 0.15, "battery_charge": 0.59, "battery_discharge_rate": 0.00017, "id": 0, "local_plan": null, "location": "PC Room 7", "position": [-13.5, 18.0, -1.57], "skills": ["approach_person", "approach_robot", "authenticate_person", "deposit", "navigation", "pick_up"]}, {"avg_speed": 0.15, "battery_charge": 0.22, "battery_discharge_rate": 0.00018, "id": 1, "local_plan": null, "location": "IC Room 4", "position": [-39.44, 33.95, 0.0], "skills": ["approach_person", "approach_robot", "authenticate_person", "deposit", "navigation", "operate_drawer", "pick_up"]}, {"avg_speed": 0.15, "battery_charge": 0.73, "battery_discharge_rate": 0.00012000000000000002, "id": 2, "local_plan": [["navigation", ["IC Room 2", [[-39.44, 33.95, 0.0], [-37.0, 33.95], [-37.0, 21.5], [-38.0, 21.5, 0.0]]]], ["approach_person", ["nurse"]], ["authenticate_person", ["nurse"]], ["operate_drawer", ["open"]], ["send_message", ["nurse"]], ["wait_message", ["r1"]], ["operate_drawer", ["close"]], ["navigation", ["Laboratory", [[-38.0, 21.5, 0.0], [-37.0, 21.5], [-37.0, 16.0], [-26.0, 16.0], [-26.0, 13.0, 1.57]]]], ["approach_robot", ["lab_arm"]], ["operate_drawer", ["open"]], ["send_message", ["lab_arm"]], ["wait_message", ["r1"]], ["operate_drawer", ["close"]]], "location": "IC Room 3", "position": [-40.23, 25.37, 0.0], "skills": ["approach_person", "approach_robot", "authenticate_person", "deposit", "navigation", "operate_drawer", "pick_up"]}, {"avg_speed": 0.15, "battery_charge": 0.72, "battery_discharge_rate": 0.00011, "id": 3, "local_plan": null, "location": "IC Room 5", "position": [-32.88, 33.98, 3.14], "skills": ["approach_person", "approach_robot", "authenticate_person", "deposit", "navigation", "pick_up"]}, {"avg_speed": 0.15, "battery_charge": 0.35000000000000003, "battery_discharge_rate": 0.00015000000000000001, "id": 4, "local_plan": null, "location": "PC Room 5", "position": [-21.0, 18.0, -1.57], "skills": ["approach_person", "approach_robot", "authenticate_person", "deposit", "navigation", "operate_drawer", "pick_up"]}]
NURSES_CONFIG=[{"location": "IC Room 2", "position": [-39.0, 20.5, 0.0]}]
logger,1626473314732588291,Simulation open
0.0166666507721,[debug],logger,init,subcribing to in the topic /log
1.18333339691,[debug],turtlebot3,move-base-info,Move_base is up and ok....,
1.40000009537,[debug],turtlebot2,move-base-info,Move_base is up and ok....,
1.78333330154,[debug],turtlebot1,move-base-info,Move_base is up and ok....,
2.20000004768,[debug],turtlebot4,move-base-info,Move_base is up and ok....,
4.04999995232,[debug],turtlebot5,move-base-info,Move_base is up and ok....,
7.84999990463,[info],turtlebot3,skill-life-cycle,init_robobt,(status=RUNNING, parameters=[])
8.66666674614,[info],turtlebot4,skill-life-cycle,init_robobt,(status=RUNNING, parameters=[])
9.33333325386,[info],turtlebot2,skill-life-cycle,init_robobt,(status=RUNNING, parameters=[])
9.48333334923,[info],turtlebot5,skill-life-cycle,init_robobt,(status=RUNNING, parameters=[])
10.1833333969,[debug],turtlebot3,available-skills,['send_message', 'wait_message', 'approach_person', 'approach_robot', 'authenticate_person', 'deposit', 'navigation', 'operate_drawer', 'pick_up'],
10.1833333969,[info],turtlebot3,skill-life-cycle,navigation,(status=STARTED, parameters=[[-37.0, 33.95, -1.5707963267948966, True], [-37.0, 21.5, 3.141592653589793, True], [-38.0, 21.5, 0.0, False]])
23.0499999523,[debug],turtlebot1,simulation,robot-pose,x=-13.50;y=18.00;yaw=-1.50
23.0499999523,[debug],turtlebot1,simulation,robot-pose,x=-13.50;y=18.00;yaw=-1.50
23.2333333492,[debug],turtlebot2,simulation,robot-pose,x=-39.51;y=33.84;yaw=0.46
23.25,[debug],turtlebot3,simulation,robot-pose,x=-39.96;y=24.73;yaw=-1.00
23.2666666508,[debug],turtlebot4,simulation,robot-pose,x=-32.89;y=33.97;yaw=-3.10
23.2666666508,[debug],turtlebot2,simulation,robot-pose,x=-39.51;y=33.84;yaw=0.46
23.2666666508,[debug],turtlebot3,simulation,robot-pose,x=-39.96;y=24.73;yaw=-1.00
23.2666666508,[debug],turtlebot4,simulation,robot-pose,x=-32.89;y=33.97;yaw=-3.10
23.2833333015,[debug],turtlebot5,simulation,robot-pose,x=-20.99;y=18.00;yaw=-1.54
23.2833333015,[debug],turtlebot5,simulation,robot-pose,x=-20.99;y=18.00;yaw=-1.54
38.0499999523,[debug],turtlebot1,simulation,robot-pose,x=-13.49;y=18.00;yaw=-1.49
38.0499999523,[debug],turtlebot1,simulation,robot-pose,x=-13.49;y=18.00;yaw=-1.49
38.2333333492,[debug],turtlebot2,simulation,robot-pose,x=-39.51;y=33.84;yaw=0.46
38.25,[debug],turtlebot3,simulation,robot-pose,x=-38.97;y=23.57;yaw=-0.68
38.2666666508,[debug],turtlebot4,simulation,robot-pose,x=-32.89;y=33.97;yaw=-3.10
38.2833333015,[debug],turtlebot5,simulation,robot-pose,x=-20.99;y=18.00;yaw=-1.54
38.2833333015,[debug],turtlebot2,simulation,robot-pose,x=-39.51;y=33.84;yaw=0.46
38.2833333015,[debug],turtlebot3,simulation,robot-pose,x=-38.97;y=23.57;yaw=-0.68
38.2833333015,[debug],turtlebot4,simulation,robot-pose,x=-32.89;y=33.97;yaw=-3.10
38.2833333015,[debug],turtlebot5,simulation,robot-pose,x=-20.99;y=18.00;yaw=-1.54
53.0499999523,[debug],turtlebot1,simulation,robot-pose,x=-13.49;y=18.00;yaw=-1.48
53.0499999523,[debug],turtlebot1,simulation,robot-pose,x=-13.49;y=18.00;yaw=-1.48
53.2333333492,[debug],turtlebot2,simulation,robot-pose,x=-39.51;y=33.84;yaw=0.46
53.25,[debug],turtlebot3,simulation,robot-pose,x=-37.79;y=23.04;yaw=-0.06
53.2666666508,[debug],turtlebot4,simulation,robot-pose,x=-32.89;y=33.97;yaw=-3.10
53.2833333015,[debug],turtlebot5,simulation,robot-pose,x=-20.99;y=18.00;yaw=-1.54
53.2833333015,[debug],turtlebot2,simulation,robot-pose,x=-39.51;y=33.84;yaw=0.46
53.2833333015,[debug],turtlebot3,simulation,robot-pose,x=-37.79;y=23.04;yaw=-0.06
53.2833333015,[debug],turtlebot4,simulation,robot-pose,x=-32.89;y=33.97;yaw=-3.10
53.2833333015,[debug],turtlebot5,simulation,robot-pose,x=-20.99;y=18.00;yaw=-1.54
55.2666666508,[info],turtlebot3,skill-life-cycle,navigation,(status=RUNNING, parameters=[[-37.0, 33.95, -1.5707963267948966, True], [-37.0, 21.5, 3.141592653589793, True], [-38.0, 21.5, 0.0, False]])
68.0499999523,[debug],turtlebot1,simulation,robot-pose,x=-13.49;y=18.00;yaw=-1.47
68.0499999523,[debug],turtlebot1,simulation,robot-pose,x=-13.49;y=18.00;yaw=-1.47
68.2333333492,[debug],turtlebot2,simulation,robot-pose,x=-39.51;y=33.84;yaw=0.46
68.25,[debug],turtlebot3,simulation,robot-pose,x=-36.75;y=23.92;yaw=1.35
68.2666666508,[debug],turtlebot4,simulation,robot-pose,x=-32.89;y=33.97;yaw=-3.10
68.2833333015,[debug],turtlebot5,simulation,robot-pose,x=-20.99;y=18.00;yaw=-1.54
68.2833333015,[debug],turtlebot2,simulation,robot-pose,x=-39.51;y=33.84;yaw=0.46
68.2833333015,[debug],turtlebot3,simulation,robot-pose,x=-36.75;y=23.92;yaw=1.35
68.2833333015,[debug],turtlebot4,simulation,robot-pose,x=-32.89;y=33.97;yaw=-3.10
68.2833333015,[debug],turtlebot5,simulation,robot-pose,x=-20.99;y=18.00;yaw=-1.54
83.0499999523,[debug],turtlebot1,simulation,robot-pose,x=-13.49;y=17.99;yaw=-1.45
83.0499999523,[debug],turtlebot1,simulation,robot-pose,x=-13.49;y=17.99;yaw=-1.45
83.2333333492,[debug],turtlebot2,simulation,robot-pose,x=-39.51;y=33.84;yaw=0.46
83.25,[debug],turtlebot3,simulation,robot-pose,x=-36.75;y=26.41;yaw=1.56
83.2666666508,[debug],turtlebot4,simulation,robot-pose,x=-32.90;y=33.97;yaw=-3.10
83.2833333015,[debug],turtlebot2,simulation,robot-pose,x=-39.51;y=33.84;yaw=0.46
83.2833333015,[debug],turtlebot5,simulation,robot-pose,x=-20.99;y=18.00;yaw=-1.54
83.2833333015,[debug],turtlebot3,simulation,robot-pose,x=-36.75;y=26.41;yaw=1.56
83.2833333015,[debug],turtlebot4,simulation,robot-pose,x=-32.90;y=33.97;yaw=-3.10
83.2833333015,[debug],turtlebot5,simulation,robot-pose,x=-20.99;y=18.00;yaw=-1.54
98.0499999523,[debug],turtlebot1,simulation,robot-pose,x=-13.49;y=17.99;yaw=-1.44
98.0499999523,[debug],turtlebot1,simulation,robot-pose,x=-13.49;y=17.99;yaw=-1.44
98.25,[debug],turtlebot3,simulation,robot-pose,x=-36.77;y=27.90;yaw=0.81
98.25,[debug],turtlebot2,simulation,robot-pose,x=-39.51;y=33.84;yaw=0.46
98.2666666508,[debug],turtlebot4,simulation,robot-pose,x=-32.90;y=33.97;yaw=-3.10
98.2666666508,[debug],turtlebot3,simulation,robot-pose,x=-36.77;y=27.90;yaw=0.81
98.2833333015,[debug],turtlebot2,simulation,robot-pose,x=-39.51;y=33.84;yaw=0.46
98.2833333015,[debug],turtlebot4,simulation,robot-pose,x=-32.90;y=33.97;yaw=-3.10
98.2833333015,[debug],turtlebot5,simulation,robot-pose,x=-20.99;y=18.00;yaw=-1.54
98.2833333015,[debug],turtlebot5,simulation,robot-pose,x=-20.99;y=18.00;yaw=-1.54
105.783333302,[info],turtlebot3,skill-life-cycle,navigation,(status=RUNNING, parameters=[[-37.0, 33.95, -1.5707963267948966, True], [-37.0, 21.5, 3.141592653589793, True], [-38.0, 21.5, 0.0, False]])
113.049999952,[debug],turtlebot1,simulation,robot-pose,x=-13.49;y=17.99;yaw=-1.42
113.049999952,[debug],turtlebot1,simulation,robot-pose,x=-13.49;y=17.99;yaw=-1.42
113.233333349,[debug],turtlebot2,simulation,robot-pose,x=-39.51;y=33.84;yaw=0.46
113.25,[debug],turtlebot3,simulation,robot-pose,x=-36.83;y=27.88;yaw=0.42
113.266666651,[debug],turtlebot4,simulation,robot-pose,x=-32.90;y=33.97;yaw=-3.09
113.283333302,[debug],turtlebot5,simulation,robot-pose,x=-20.99;y=18.00;yaw=-1.54
113.283333302,[debug],turtlebot2,simulation,robot-pose,x=-39.51;y=33.84;yaw=0.46
113.283333302,[debug],turtlebot3,simulation,robot-pose,x=-36.83;y=27.88;yaw=0.42
113.283333302,[debug],turtlebot4,simulation,robot-pose,x=-32.90;y=33.97;yaw=-3.09
113.283333302,[debug],turtlebot5,simulation,robot-pose,x=-20.99;y=18.00;yaw=-1.54
128.049999952,[debug],turtlebot1,simulation,robot-pose,x=-13.49;y=17.99;yaw=-1.40
128.049999952,[debug],turtlebot1,simulation,robot-pose,x=-13.49;y=17.99;yaw=-1.40
128.233333349,[debug],turtlebot2,simulation,robot-pose,x=-39.51;y=33.84;yaw=0.46
128.25,[debug],turtlebot3,simulation,robot-pose,x=-36.78;y=27.89;yaw=0.53
128.266666651,[debug],turtlebot4,simulation,robot-pose,x=-32.90;y=33.97;yaw=-3.09
128.266666651,[debug],turtlebot2,simulation,robot-pose,x=-39.51;y=33.84;yaw=0.46
128.266666651,[debug],turtlebot3,simulation,robot-pose,x=-36.78;y=27.89;yaw=0.53
128.283333302,[debug],turtlebot4,simulation,robot-pose,x=-32.90;y=33.97;yaw=-3.09
128.283333302,[debug],turtlebot5,simulation,robot-pose,x=-21.00;y=18.00;yaw=-1.54
128.283333302,[debug],turtlebot5,simulation,robot-pose,x=-21.00;y=18.00;yaw=-1.54
143.049999952,[debug],turtlebot1,simulation,robot-pose,x=-13.49;y=17.98;yaw=-1.38
143.049999952,[debug],turtlebot1,simulation,robot-pose,x=-13.49;y=17.98;yaw=-1.38
143.233333349,[debug],turtlebot2,simulation,robot-pose,x=-39.51;y=33.84;yaw=0.46
143.25,[debug],turtlebot3,simulation,robot-pose,x=-36.57;y=30.05;yaw=1.57
143.266666651,[debug],turtlebot4,simulation,robot-pose,x=-32.90;y=33.97;yaw=-3.09
143.283333302,[debug],turtlebot5,simulation,robot-pose,x=-21.00;y=18.00;yaw=-1.54
143.283333302,[debug],turtlebot2,simulation,robot-pose,x=-39.51;y=33.84;yaw=0.46
143.283333302,[debug],turtlebot3,simulation,robot-pose,x=-36.57;y=30.05;yaw=1.57
143.283333302,[debug],turtlebot4,simulation,robot-pose,x=-32.90;y=33.97;yaw=-3.09
143.283333302,[debug],turtlebot5,simulation,robot-pose,x=-21.00;y=18.00;yaw=-1.54
156.533333302,[info],turtlebot3,skill-life-cycle,navigation,(status=RUNNING, parameters=[[-37.0, 33.95, -1.5707963267948966, True], [-37.0, 21.5, 3.141592653589793, True], [-38.0, 21.5, 0.0, False]])
158.049999952,[debug],turtlebot1,simulation,robot-pose,x=-13.48;y=17.98;yaw=-1.36
158.049999952,[debug],turtlebot1,simulation,robot-pose,x=-13.48;y=17.98;yaw=-1.36
158.233333349,[debug],turtlebot2,simulation,robot-pose,x=-39.50;y=33.84;yaw=0.46
158.25,[debug],turtlebot3,simulation,robot-pose,x=-36.58;y=32.55;yaw=1.59
158.266666651,[debug],turtlebot4,simulation,robot-pose,x=-32.90;y=33.97;yaw=-3.09
158.266666651,[debug],turtlebot2,simulation,robot-pose,x=-39.50;y=33.84;yaw=0.46
158.283333302,[debug],turtlebot3,simulation,robot-pose,x=-36.58;y=32.55;yaw=1.59
158.283333302,[debug],turtlebot4,simulation,robot-pose,x=-32.90;y=33.97;yaw=-3.09
158.283333302,[debug],turtlebot5,simulation,robot-pose,x=-21.00;y=18.00;yaw=-1.54
158.283333302,[debug],turtlebot5,simulation,robot-pose,x=-21.00;y=18.00;yaw=-1.54
170.833333254,[debug],turtlebot3,move-base-info,Hooray, the base moved arrived,(x=-37;y=33.95)
170.833333254,[debug],turtlebot3,move-base-info,Hooray, the base moved arrived,(x=-37;y=33.95)
170.883333445,[debug],turtlebot3,task-update,navigation,way-point-reached,33.33333333333333%
173.049999952,[debug],turtlebot1,simulation,robot-pose,x=-13.48;y=17.97;yaw=-1.34
173.049999952,[debug],turtlebot1,simulation,robot-pose,x=-13.48;y=17.97;yaw=-1.34
173.233333349,[debug],turtlebot2,simulation,robot-pose,x=-39.50;y=33.84;yaw=0.46
173.25,[debug],turtlebot3,simulation,robot-pose,x=-36.79;y=33.58;yaw=-1.61
173.266666651,[debug],turtlebot4,simulation,robot-pose,x=-32.90;y=33.97;yaw=-3.09
173.283333302,[debug],turtlebot5,simulation,robot-pose,x=-21.00;y=18.00;yaw=-1.54
173.283333302,[debug],turtlebot2,simulation,robot-pose,x=-39.50;y=33.84;yaw=0.46
173.283333302,[debug],turtlebot3,simulation,robot-pose,x=-36.79;y=33.58;yaw=-1.61
173.283333302,[debug],turtlebot4,simulation,robot-pose,x=-32.90;y=33.97;yaw=-3.09
173.283333302,[debug],turtlebot5,simulation,robot-pose,x=-21.00;y=18.00;yaw=-1.54
188.049999952,[debug],turtlebot1,simulation,robot-pose,x=-13.48;y=17.97;yaw=-1.32
188.049999952,[debug],turtlebot1,simulation,robot-pose,x=-13.48;y=17.97;yaw=-1.32
188.233333349,[debug],turtlebot2,simulation,robot-pose,x=-39.50;y=33.84;yaw=0.46
188.25,[debug],turtlebot3,simulation,robot-pose,x=-36.60;y=31.70;yaw=-1.56
188.266666651,[debug],turtlebot4,simulation,robot-pose,x=-32.90;y=33.97;yaw=-3.09
188.283333302,[debug],turtlebot5,simulation,robot-pose,x=-21.00;y=18.00;yaw=-1.54
188.283333302,[debug],turtlebot2,simulation,robot-pose,x=-39.50;y=33.84;yaw=0.46
188.283333302,[debug],turtlebot3,simulation,robot-pose,x=-36.60;y=31.70;yaw=-1.56
188.283333302,[debug],turtlebot4,simulation,robot-pose,x=-32.90;y=33.97;yaw=-3.09
188.283333302,[debug],turtlebot5,simulation,robot-pose,x=-21.00;y=18.00;yaw=-1.54
203.049999952,[debug],turtlebot1,simulation,robot-pose,x=-13.47;y=17.97;yaw=-1.30
203.049999952,[debug],turtlebot1,simulation,robot-pose,x=-13.47;y=17.97;yaw=-1.30
203.233333349,[debug],turtlebot2,simulation,robot-pose,x=-39.50;y=33.84;yaw=0.46
203.25,[debug],turtlebot3,simulation,robot-pose,x=-36.60;y=29.20;yaw=-1.57
203.266666651,[debug],turtlebot4,simulation,robot-pose,x=-32.90;y=33.97;yaw=-3.09
203.283333302,[debug],turtlebot5,simulation,robot-pose,x=-21.01;y=18.00;yaw=-1.54
203.283333302,[debug],turtlebot2,simulation,robot-pose,x=-39.50;y=33.84;yaw=0.46
203.283333302,[debug],turtlebot3,simulation,robot-pose,x=-36.60;y=29.20;yaw=-1.57
203.283333302,[debug],turtlebot4,simulation,robot-pose,x=-32.90;y=33.97;yaw=-3.09
203.283333302,[debug],turtlebot5,simulation,robot-pose,x=-21.01;y=18.00;yaw=-1.54
207.583333254,[info],turtlebot3,skill-life-cycle,navigation,(status=RUNNING, parameters=[[-37.0, 33.95, -1.5707963267948966, True], [-37.0, 21.5, 3.141592653589793, True], [-38.0, 21.5, 0.0, False]])
218.049999952,[debug],turtlebot1,simulation,robot-pose,x=-13.47;y=17.96;yaw=-1.28
218.049999952,[debug],turtlebot1,simulation,robot-pose,x=-13.47;y=17.96;yaw=-1.28
218.233333349,[debug],turtlebot2,simulation,robot-pose,x=-39.50;y=33.84;yaw=0.46
218.25,[debug],turtlebot3,simulation,robot-pose,x=-36.61;y=26.69;yaw=-1.58
218.266666651,[debug],turtlebot4,simulation,robot-pose,x=-32.91;y=33.97;yaw=-3.08
218.283333302,[debug],turtlebot5,simulation,robot-pose,x=-21.01;y=18.00;yaw=-1.54
218.283333302,[debug],turtlebot2,simulation,robot-pose,x=-39.50;y=33.84;yaw=0.46
218.283333302,[debug],turtlebot3,simulation,robot-pose,x=-36.61;y=26.69;yaw=-1.58
218.283333302,[debug],turtlebot4,simulation,robot-pose,x=-32.91;y=33.97;yaw=-3.08
218.283333302,[debug],turtlebot5,simulation,robot-pose,x=-21.01;y=18.00;yaw=-1.54
233.049999952,[debug],turtlebot1,simulation,robot-pose,x=-13.47;y=17.96;yaw=-1.26
233.049999952,[debug],turtlebot1,simulation,robot-pose,x=-13.47;y=17.96;yaw=-1.26
233.233333349,[debug],turtlebot2,simulation,robot-pose,x=-39.50;y=33.84;yaw=0.46
233.25,[debug],turtlebot3,simulation,robot-pose,x=-36.59;y=24.22;yaw=-1.59
233.266666651,[debug],turtlebot4,simulation,robot-pose,x=-32.91;y=33.97;yaw=-3.07
233.266666651,[debug],turtlebot2,simulation,robot-pose,x=-39.50;y=33.84;yaw=0.46
233.266666651,[debug],turtlebot3,simulation,robot-pose,x=-36.59;y=24.22;yaw=-1.59
233.266666651,[debug],turtlebot4,simulation,robot-pose,x=-32.91;y=33.97;yaw=-3.07
233.283333302,[debug],turtlebot5,simulation,robot-pose,x=-21.01;y=18.00;yaw=-1.54
233.283333302,[debug],turtlebot5,simulation,robot-pose,x=-21.01;y=18.00;yaw=-1.54
248.049999952,[debug],turtlebot1,simulation,robot-pose,x=-13.47;y=17.96;yaw=-1.23
248.049999952,[debug],turtlebot1,simulation,robot-pose,x=-13.47;y=17.96;yaw=-1.23
248.233333349,[debug],turtlebot2,simulation,robot-pose,x=-39.50;y=33.84;yaw=0.46
248.25,[debug],turtlebot3,simulation,robot-pose,x=-36.81;y=21.94;yaw=-2.85
248.266666651,[debug],turtlebot4,simulation,robot-pose,x=-32.91;y=33.97;yaw=-3.07
248.266666651,[debug],turtlebot2,simulation,robot-pose,x=-39.50;y=33.84;yaw=0.46
248.283333302,[debug],turtlebot3,simulation,robot-pose,x=-36.81;y=21.94;yaw=-2.85
248.283333302,[debug],turtlebot4,simulation,robot-pose,x=-32.91;y=33.97;yaw=-3.07
248.283333302,[debug],turtlebot5,simulation,robot-pose,x=-21.02;y=18.00;yaw=-1.54
248.283333302,[debug],turtlebot5,simulation,robot-pose,x=-21.02;y=18.00;yaw=-1.54
249.483333349,[debug],turtlebot3,move-base-info,Hooray, the base moved arrived,(x=-37;y=21.5)
249.483333349,[debug],turtlebot3,move-base-info,Hooray, the base moved arrived,(x=-37;y=21.5)
249.566666603,[debug],turtlebot3,task-update,navigation,way-point-reached,66.66666666666666%
258.816666603,[info],turtlebot3,skill-life-cycle,navigation,(status=RUNNING, parameters=[[-37.0, 33.95, -1.5707963267948966, True], [-37.0, 21.5, 3.141592653589793, True], [-38.0, 21.5, 0.0, False]])
263.049999952,[debug],turtlebot1,simulation,robot-pose,x=-13.46;y=17.95;yaw=-1.21
263.049999952,[debug],turtlebot1,simulation,robot-pose,x=-13.46;y=17.95;yaw=-1.21
263.233333349,[debug],turtlebot2,simulation,robot-pose,x=-39.50;y=33.84;yaw=0.46
263.25,[debug],turtlebot3,simulation,robot-pose,x=-37.65;y=21.78;yaw=-0.60
263.266666651,[debug],turtlebot4,simulation,robot-pose,x=-32.91;y=33.97;yaw=-3.06
263.283333302,[debug],turtlebot5,simulation,robot-pose,x=-21.02;y=18.00;yaw=-1.54
263.283333302,[debug],turtlebot2,simulation,robot-pose,x=-39.50;y=33.84;yaw=0.46
263.283333302,[debug],turtlebot3,simulation,robot-pose,x=-37.65;y=21.78;yaw=-0.60
263.283333302,[debug],turtlebot4,simulation,robot-pose,x=-32.91;y=33.97;yaw=-3.06
263.283333302,[debug],turtlebot5,simulation,robot-pose,x=-21.02;y=18.00;yaw=-1.54
265.233333349,[debug],turtlebot3,move-base-info,Hooray, the base moved arrived,(x=-38;y=21.5)
265.266666651,[debug],turtlebot3,move-base-info,Hooray, the base moved arrived,(x=-38;y=21.5)
265.383333445,[debug],turtlebot3,task-update,navigation,way-point-reached,100.0%
265.483333349,[debug],turtlebot3,available-skills,['send_message', 'wait_message', 'approach_person', 'approach_robot', 'authenticate_person', 'deposit', 'navigation', 'operate_drawer', 'pick_up'],
265.483333349,[info],turtlebot3,skill-life-cycle,approach_person,(status=STARTED, parameters=['nurse'])
265.583333254,[debug],turtlebot3,task-update,approach_person,localize-person,(who=nurse)
265.883333445,[debug],turtlebot3,task-update,approach_person,goto-person,(who=nurse)
265.966666698,[debug],turtlebot3,available-skills,['send_message', 'wait_message', 'approach_person', 'approach_robot', 'authenticate_person', 'deposit', 'navigation', 'operate_drawer', 'pick_up'],
265.966666698,[info],turtlebot3,skill-life-cycle,authenticate_person,(status=STARTED, parameters=['nurse'])
266.033333302,[debug],turtlebot3,task-update,authenticate_person,request-authentication,(to=nurse)
266.033333302,[info],nurse,sync,received-request,(status=sending-request)
266.033333302,[info],nurse,sync,received-request,(status=sending-request)
266.900000095,[debug],turtlebot3,task-update,authenticate_person,received-authentication,(from=nurse)
266.983333349,[debug],turtlebot3,available-skills,['send_message', 'wait_message', 'approach_person', 'approach_robot', 'authenticate_person', 'deposit', 'navigation', 'operate_drawer', 'pick_up'],
266.983333349,[info],turtlebot3,skill-life-cycle,operate_drawer,(status=STARTED, parameters=['open'])
267.033333302,[debug],turtlebot3,task-update,operate_drawer,open
268.0,[debug],turtlebot3,available-skills,['send_message', 'wait_message', 'approach_person', 'approach_robot', 'authenticate_person', 'deposit', 'navigation', 'operate_drawer', 'pick_up'],
268.0,[info],turtlebot3,skill-life-cycle,send_message,(status=STARTED, parameters=['nurse'])
268.083333254,[info],turtlebot3,sync,send-message,(to=nurse)
268.950000048,[info],nurse,sync,wait-message,(status=message-received)
268.950000048,[info],nurse,sync,wait-message,(status=message-received)
271.700000048,[debug],turtlebot3,available-skills,['send_message', 'wait_message', 'approach_person', 'approach_robot', 'authenticate_person', 'deposit', 'navigation', 'operate_drawer', 'pick_up'],
271.700000048,[info],turtlebot3,skill-life-cycle,wait_message,(status=STARTED, parameters=['r1'])
272.983333349,[info],turtlebot3,sync,wait-message,(status=message-received)
273.083333254,[debug],turtlebot3,available-skills,['send_message', 'wait_message', 'approach_person', 'approach_robot', 'authenticate_person', 'deposit', 'navigation', 'operate_drawer', 'pick_up'],
273.083333254,[info],turtlebot3,skill-life-cycle,operate_drawer,(status=STARTED, parameters=['close'])
273.166666746,[debug],turtlebot3,task-update,operate_drawer,close
274.183333397,[debug],turtlebot3,available-skills,['send_message', 'wait_message', 'approach_person', 'approach_robot', 'authenticate_person', 'deposit', 'navigation', 'operate_drawer', 'pick_up'],
274.183333397,[info],turtlebot3,skill-life-cycle,navigation,(status=STARTED, parameters=[[-37.0, 21.5, -1.5707963267948966, True], [-37.0, 16.0, 0.0, True], [-26.0, 16.0, -1.5707963267948966, True], [-26.0, 13.0, 1.57, False]])
278.049999952,[debug],turtlebot1,simulation,robot-pose,x=-13.46;y=17.95;yaw=-1.20
278.049999952,[debug],turtlebot1,simulation,robot-pose,x=-13.46;y=17.95;yaw=-1.20
278.233333349,[debug],turtlebot2,simulation,robot-pose,x=-39.50;y=33.84;yaw=0.46
278.25,[debug],turtlebot3,simulation,robot-pose,x=-37.65;y=21.77;yaw=-0.04
278.266666651,[debug],turtlebot4,simulation,robot-pose,x=-32.92;y=33.98;yaw=-3.05
278.283333302,[debug],turtlebot2,simulation,robot-pose,x=-39.50;y=33.84;yaw=0.46
278.283333302,[debug],turtlebot5,simulation,robot-pose,x=-21.03;y=18.00;yaw=-1.54
278.283333302,[debug],turtlebot3,simulation,robot-pose,x=-37.65;y=21.77;yaw=-0.04
278.283333302,[debug],turtlebot4,simulation,robot-pose,x=-32.92;y=33.98;yaw=-3.05
278.283333302,[debug],turtlebot5,simulation,robot-pose,x=-21.03;y=18.00;yaw=-1.54
278.950000048,[info],nurse,sync,wait-message,(status=message-received)
278.950000048,[info],nurse,sync,wait-message,(status=message-received)
284.849999905,[debug],turtlebot3,move-base-info,Hooray, the base moved arrived,(x=-37;y=21.5)
284.849999905,[debug],turtlebot3,move-base-info,Hooray, the base moved arrived,(x=-37;y=21.5)
284.883333445,[debug],turtlebot3,task-update,navigation,way-point-reached,25.0%
286.033333302,[info],nurse,sync,request-sent,(status=waiting)
286.033333302,[info],nurse,sync,request-sent,(status=waiting)
288.950000048,[info],nurse,sync,wait-message,(status=message-received)
288.950000048,[info],nurse,sync,wait-message,(status=message-received)
293.049999952,[debug],turtlebot1,simulation,robot-pose,x=-13.45;y=17.95;yaw=-1.18
293.049999952,[debug],turtlebot1,simulation,robot-pose,x=-13.45;y=17.95;yaw=-1.18
293.233333349,[debug],turtlebot2,simulation,robot-pose,x=-39.50;y=33.84;yaw=0.46
293.25,[debug],turtlebot3,simulation,robot-pose,x=-37.27;y=21.30;yaw=-1.03
293.266666651,[debug],turtlebot4,simulation,robot-pose,x=-32.92;y=33.98;yaw=-3.05
293.283333302,[debug],turtlebot2,simulation,robot-pose,x=-39.50;y=33.84;yaw=0.46
293.283333302,[debug],turtlebot5,simulation,robot-pose,x=-21.03;y=18.00;yaw=-1.54
293.283333302,[debug],turtlebot3,simulation,robot-pose,x=-37.27;y=21.30;yaw=-1.03
293.283333302,[debug],turtlebot4,simulation,robot-pose,x=-32.92;y=33.98;yaw=-3.05
293.283333302,[debug],turtlebot5,simulation,robot-pose,x=-21.03;y=18.00;yaw=-1.54
298.950000048,[info],nurse,sync,wait-message,(status=message-received)
298.950000048,[info],nurse,sync,wait-message,(status=message-received)
308.049999952,[debug],turtlebot1,simulation,robot-pose,x=-13.45;y=17.94;yaw=-1.16
308.049999952,[debug],turtlebot1,simulation,robot-pose,x=-13.45;y=17.94;yaw=-1.16
308.233333349,[debug],turtlebot2,simulation,robot-pose,x=-39.50;y=33.84;yaw=0.46
308.25,[debug],turtlebot3,simulation,robot-pose,x=-37.07;y=19.05;yaw=-1.56
308.266666651,[debug],turtlebot4,simulation,robot-pose,x=-32.92;y=33.98;yaw=-3.06
308.283333302,[debug],turtlebot5,simulation,robot-pose,x=-21.03;y=18.00;yaw=-1.54
308.283333302,[debug],turtlebot2,simulation,robot-pose,x=-39.50;y=33.84;yaw=0.46
308.283333302,[debug],turtlebot3,simulation,robot-pose,x=-37.07;y=19.05;yaw=-1.56
308.283333302,[debug],turtlebot4,simulation,robot-pose,x=-32.92;y=33.98;yaw=-3.06
308.283333302,[debug],turtlebot5,simulation,robot-pose,x=-21.03;y=18.00;yaw=-1.54
311.316666603,[info],turtlebot3,skill-life-cycle,navigation,(status=RUNNING, parameters=[[-37.0, 21.5, -1.5707963267948966, True], [-37.0, 16.0, 0.0, True], [-26.0, 16.0, -1.5707963267948966, True], [-26.0, 13.0, 1.57, False]])
323.049999952,[debug],turtlebot1,simulation,robot-pose,x=-13.45;y=17.94;yaw=-1.14
323.049999952,[debug],turtlebot1,simulation,robot-pose,x=-13.45;y=17.94;yaw=-1.14
323.233333349,[debug],turtlebot2,simulation,robot-pose,x=-39.50;y=33.84;yaw=0.46
323.25,[debug],turtlebot3,simulation,robot-pose,x=-37.23;y=16.54;yaw=-1.90
323.266666651,[debug],turtlebot4,simulation,robot-pose,x=-32.92;y=33.98;yaw=-3.06
323.283333302,[debug],turtlebot5,simulation,robot-pose,x=-21.03;y=18.00;yaw=-1.54
323.283333302,[debug],turtlebot2,simulation,robot-pose,x=-39.50;y=33.84;yaw=0.46
323.283333302,[debug],turtlebot3,simulation,robot-pose,x=-37.23;y=16.54;yaw=-1.90
323.283333302,[debug],turtlebot4,simulation,robot-pose,x=-32.92;y=33.98;yaw=-3.06
323.283333302,[debug],turtlebot5,simulation,robot-pose,x=-21.03;y=18.00;yaw=-1.54
330.183333397,[debug],turtlebot3,move-base-info,Hooray, the base moved arrived,(x=-37;y=16)
330.283333302,[debug],turtlebot3,move-base-info,Hooray, the base moved arrived,(x=-37;y=16)
330.383333445,[debug],turtlebot3,task-update,navigation,way-point-reached,50.0%
338.049999952,[debug],turtlebot1,simulation,robot-pose,x=-13.44;y=17.94;yaw=-1.14
338.049999952,[debug],turtlebot1,simulation,robot-pose,x=-13.44;y=17.94;yaw=-1.14
338.233333349,[debug],turtlebot2,simulation,robot-pose,x=-39.50;y=33.84;yaw=0.46
338.25,[debug],turtlebot3,simulation,robot-pose,x=-37.08;y=16.29;yaw=-0.57
338.266666651,[debug],turtlebot4,simulation,robot-pose,x=-32.93;y=33.98;yaw=-3.06
338.283333302,[debug],turtlebot5,simulation,robot-pose,x=-21.03;y=18.00;yaw=-1.54
338.283333302,[debug],turtlebot2,simulation,robot-pose,x=-39.50;y=33.84;yaw=0.46
338.283333302,[debug],turtlebot3,simulation,robot-pose,x=-37.08;y=16.29;yaw=-0.57
338.283333302,[debug],turtlebot4,simulation,robot-pose,x=-32.93;y=33.98;yaw=-3.06
338.283333302,[debug],turtlebot5,simulation,robot-pose,x=-21.03;y=18.00;yaw=-1.54
353.049999952,[debug],turtlebot1,simulation,robot-pose,x=-13.44;y=17.94;yaw=-1.12
353.049999952,[debug],turtlebot1,simulation,robot-pose,x=-13.44;y=17.94;yaw=-1.12
353.233333349,[debug],turtlebot2,simulation,robot-pose,x=-39.50;y=33.84;yaw=0.46
353.25,[debug],turtlebot3,simulation,robot-pose,x=-35.97;y=15.44;yaw=-0.32
353.266666651,[debug],turtlebot4,simulation,robot-pose,x=-32.93;y=33.98;yaw=-3.06
353.283333302,[debug],turtlebot5,simulation,robot-pose,x=-21.03;y=18.00;yaw=-1.54
353.283333302,[debug],turtlebot2,simulation,robot-pose,x=-39.50;y=33.84;yaw=0.46
353.283333302,[debug],turtlebot3,simulation,robot-pose,x=-35.97;y=15.44;yaw=-0.32
353.283333302,[debug],turtlebot4,simulation,robot-pose,x=-32.93;y=33.98;yaw=-3.06
353.283333302,[debug],turtlebot5,simulation,robot-pose,x=-21.03;y=18.00;yaw=-1.54
362.383333445,[info],turtlebot3,skill-life-cycle,navigation,(status=RUNNING, parameters=[[-37.0, 21.5, -1.5707963267948966, True], [-37.0, 16.0, 0.0, True], [-26.0, 16.0, -1.5707963267948966, True], [-26.0, 13.0, 1.57, False]])
368.049999952,[debug],turtlebot1,simulation,robot-pose,x=-13.44;y=17.94;yaw=-1.12
368.049999952,[debug],turtlebot1,simulation,robot-pose,x=-13.44;y=17.94;yaw=-1.12
368.233333349,[debug],turtlebot2,simulation,robot-pose,x=-39.50;y=33.84;yaw=0.46
368.25,[debug],turtlebot3,simulation,robot-pose,x=-34.72;y=15.31;yaw=0.03
368.266666651,[debug],turtlebot4,simulation,robot-pose,x=-32.93;y=33.98;yaw=-3.06
368.283333302,[debug],turtlebot5,simulation,robot-pose,x=-21.03;y=18.00;yaw=-1.54
368.283333302,[debug],turtlebot2,simulation,robot-pose,x=-39.50;y=33.84;yaw=0.46
368.283333302,[debug],turtlebot3,simulation,robot-pose,x=-34.72;y=15.31;yaw=0.03
368.283333302,[debug],turtlebot4,simulation,robot-pose,x=-32.93;y=33.98;yaw=-3.06
368.283333302,[debug],turtlebot5,simulation,robot-pose,x=-21.03;y=18.00;yaw=-1.54
383.049999952,[debug],turtlebot1,simulation,robot-pose,x=-13.44;y=17.93;yaw=-1.11
383.049999952,[debug],turtlebot1,simulation,robot-pose,x=-13.44;y=17.93;yaw=-1.11
383.233333349,[debug],turtlebot2,simulation,robot-pose,x=-39.50;y=33.84;yaw=0.46
383.25,[debug],turtlebot3,simulation,robot-pose,x=-33.47;y=15.33;yaw=0.05
383.266666651,[debug],turtlebot4,simulation,robot-pose,x=-32.93;y=33.98;yaw=-3.06
383.283333302,[debug],turtlebot5,simulation,robot-pose,x=-21.03;y=18.00;yaw=-1.54
383.299999952,[debug],turtlebot2,simulation,robot-pose,x=-39.50;y=33.84;yaw=0.46
383.299999952,[debug],turtlebot3,simulation,robot-pose,x=-33.47;y=15.33;yaw=0.05
383.299999952,[debug],turtlebot4,simulation,robot-pose,x=-32.93;y=33.98;yaw=-3.06
383.299999952,[debug],turtlebot5,simulation,robot-pose,x=-21.03;y=18.00;yaw=-1.54
398.049999952,[debug],turtlebot1,simulation,robot-pose,x=-13.43;y=17.93;yaw=-1.10
398.049999952,[debug],turtlebot1,simulation,robot-pose,x=-13.43;y=17.93;yaw=-1.10
398.233333349,[debug],turtlebot2,simulation,robot-pose,x=-39.50;y=33.84;yaw=0.46
398.25,[debug],turtlebot3,simulation,robot-pose,x=-32.22;y=15.31;yaw=0.12
398.266666651,[debug],turtlebot4,simulation,robot-pose,x=-32.93;y=33.98;yaw=-3.06
398.283333302,[debug],turtlebot5,simulation,robot-pose,x=-21.03;y=18.00;yaw=-1.54
398.283333302,[debug],turtlebot2,simulation,robot-pose,x=-39.50;y=33.84;yaw=0.46
398.299999952,[debug],turtlebot3,simulation,robot-pose,x=-32.22;y=15.31;yaw=0.12
398.299999952,[debug],turtlebot4,simulation,robot-pose,x=-32.93;y=33.98;yaw=-3.06
398.299999952,[debug],turtlebot5,simulation,robot-pose,x=-21.03;y=18.00;yaw=-1.54
412.299999952,[info],turtlebot3,skill-life-cycle,navigation,(status=RUNNING, parameters=[[-37.0, 21.5, -1.5707963267948966, True], [-37.0, 16.0, 0.0, True], [-26.0, 16.0, -1.5707963267948966, True], [-26.0, 13.0, 1.57, False]])
413.049999952,[debug],turtlebot1,simulation,robot-pose,x=-13.43;y=17.93;yaw=-1.10
413.049999952,[debug],turtlebot1,simulation,robot-pose,x=-13.43;y=17.93;yaw=-1.10
413.233333349,[debug],turtlebot2,simulation,robot-pose,x=-39.50;y=33.84;yaw=0.46
413.25,[debug],turtlebot3,simulation,robot-pose,x=-31.00;y=15.74;yaw=0.39
413.266666651,[debug],turtlebot4,simulation,robot-pose,x=-32.93;y=33.98;yaw=-3.06
413.283333302,[debug],turtlebot5,simulation,robot-pose,x=-21.03;y=18.00;yaw=-1.54
413.283333302,[debug],turtlebot2,simulation,robot-pose,x=-39.50;y=33.84;yaw=0.46
413.283333302,[debug],turtlebot3,simulation,robot-pose,x=-31.00;y=15.74;yaw=0.39
413.283333302,[debug],turtlebot4,simulation,robot-pose,x=-32.93;y=33.98;yaw=-3.06
413.283333302,[debug],turtlebot5,simulation,robot-pose,x=-21.03;y=18.00;yaw=-1.54
428.049999952,[debug],turtlebot1,simulation,robot-pose,x=-13.43;y=17.93;yaw=-1.10
428.049999952,[debug],turtlebot1,simulation,robot-pose,x=-13.43;y=17.93;yaw=-1.10
428.233333349,[debug],turtlebot2,simulation,robot-pose,x=-39.50;y=33.84;yaw=0.46
428.25,[debug],turtlebot3,simulation,robot-pose,x=-29.77;y=15.96;yaw=-0.00
428.266666651,[debug],turtlebot4,simulation,robot-pose,x=-32.93;y=33.98;yaw=-3.06
428.283333302,[debug],turtlebot5,simulation,robot-pose,x=-21.03;y=18.00;yaw=-1.54
428.283333302,[debug],turtlebot2,simulation,robot-pose,x=-39.50;y=33.84;yaw=0.46
428.283333302,[debug],turtlebot3,simulation,robot-pose,x=-29.77;y=15.96;yaw=-0.00
428.283333302,[debug],turtlebot4,simulation,robot-pose,x=-32.93;y=33.98;yaw=-3.06
428.283333302,[debug],turtlebot5,simulation,robot-pose,x=-21.03;y=18.00;yaw=-1.54
443.049999952,[debug],turtlebot1,simulation,robot-pose,x=-13.42;y=17.93;yaw=-1.09
443.049999952,[debug],turtlebot1,simulation,robot-pose,x=-13.42;y=17.93;yaw=-1.09
443.233333349,[debug],turtlebot2,simulation,robot-pose,x=-39.50;y=33.84;yaw=0.46
443.25,[debug],turtlebot3,simulation,robot-pose,x=-28.52;y=15.96;yaw=-0.01
443.266666651,[debug],turtlebot4,simulation,robot-pose,x=-32.93;y=33.98;yaw=-3.06
443.283333302,[debug],turtlebot5,simulation,robot-pose,x=-21.03;y=18.00;yaw=-1.54
443.283333302,[debug],turtlebot2,simulation,robot-pose,x=-39.50;y=33.84;yaw=0.46
443.283333302,[debug],turtlebot3,simulation,robot-pose,x=-28.52;y=15.96;yaw=-0.01
443.283333302,[debug],turtlebot4,simulation,robot-pose,x=-32.93;y=33.98;yaw=-3.06
443.283333302,[debug],turtlebot5,simulation,robot-pose,x=-21.03;y=18.00;yaw=-1.54
458.049999952,[debug],turtlebot1,simulation,robot-pose,x=-13.42;y=17.92;yaw=-1.07
458.049999952,[debug],turtlebot1,simulation,robot-pose,x=-13.42;y=17.92;yaw=-1.07
458.233333349,[debug],turtlebot2,simulation,robot-pose,x=-39.50;y=33.84;yaw=0.46
458.25,[debug],turtlebot3,simulation,robot-pose,x=-27.27;y=15.96;yaw=-0.00
458.266666651,[debug],turtlebot2,simulation,robot-pose,x=-39.50;y=33.84;yaw=0.46
458.266666651,[debug],turtlebot4,simulation,robot-pose,x=-32.93;y=33.98;yaw=-3.06
458.266666651,[debug],turtlebot3,simulation,robot-pose,x=-27.27;y=15.96;yaw=-0.00
458.266666651,[debug],turtlebot4,simulation,robot-pose,x=-32.93;y=33.98;yaw=-3.06
458.283333302,[debug],turtlebot5,simulation,robot-pose,x=-21.03;y=18.00;yaw=-1.54
458.283333302,[debug],turtlebot5,simulation,robot-pose,x=-21.03;y=18.00;yaw=-1.54
462.299999952,[info],turtlebot3,skill-life-cycle,navigation,(status=RUNNING, parameters=[[-37.0, 21.5, -1.5707963267948966, True], [-37.0, 16.0, 0.0, True], [-26.0, 16.0, -1.5707963267948966, True], [-26.0, 13.0, 1.57, False]])
471.950000048,[debug],turtlebot3,move-base-info,Hooray, the base moved arrived,(x=-26;y=16)
471.950000048,[debug],turtlebot3,move-base-info,Hooray, the base moved arrived,(x=-26;y=16)
472.083333254,[debug],turtlebot3,task-update,navigation,way-point-reached,75.0%
473.049999952,[debug],turtlebot1,simulation,robot-pose,x=-13.42;y=17.92;yaw=-1.06
473.049999952,[debug],turtlebot1,simulation,robot-pose,x=-13.42;y=17.92;yaw=-1.06
473.233333349,[debug],turtlebot2,simulation,robot-pose,x=-39.50;y=33.84;yaw=0.46
473.25,[debug],turtlebot3,simulation,robot-pose,x=-26.45;y=16.00;yaw=-1.53
473.266666651,[debug],turtlebot4,simulation,robot-pose,x=-32.93;y=33.98;yaw=-3.06
473.283333302,[debug],turtlebot5,simulation,robot-pose,x=-21.03;y=18.00;yaw=-1.54
473.283333302,[debug],turtlebot2,simulation,robot-pose,x=-39.50;y=33.84;yaw=0.46
473.283333302,[debug],turtlebot3,simulation,robot-pose,x=-26.45;y=16.00;yaw=-1.53
473.283333302,[debug],turtlebot4,simulation,robot-pose,x=-32.93;y=33.98;yaw=-3.06
473.283333302,[debug],turtlebot5,simulation,robot-pose,x=-21.03;y=18.00;yaw=-1.54
488.049999952,[debug],turtlebot1,simulation,robot-pose,x=-13.42;y=17.92;yaw=-1.05
488.049999952,[debug],turtlebot1,simulation,robot-pose,x=-13.42;y=17.92;yaw=-1.05
488.233333349,[debug],turtlebot2,simulation,robot-pose,x=-39.50;y=33.84;yaw=0.46
488.25,[debug],turtlebot3,simulation,robot-pose,x=-26.15;y=14.51;yaw=-1.65
488.266666651,[debug],turtlebot4,simulation,robot-pose,x=-32.93;y=33.98;yaw=-3.06
488.283333302,[debug],turtlebot5,simulation,robot-pose,x=-21.03;y=18.00;yaw=-1.54
488.299999952,[debug],turtlebot2,simulation,robot-pose,x=-39.50;y=33.84;yaw=0.46
488.299999952,[debug],turtlebot3,simulation,robot-pose,x=-26.15;y=14.51;yaw=-1.65
488.299999952,[debug],turtlebot4,simulation,robot-pose,x=-32.93;y=33.98;yaw=-3.06
488.299999952,[debug],turtlebot5,simulation,robot-pose,x=-21.03;y=18.00;yaw=-1.54
503.049999952,[debug],turtlebot1,simulation,robot-pose,x=-13.42;y=17.92;yaw=-1.04
503.049999952,[debug],turtlebot1,simulation,robot-pose,x=-13.42;y=17.92;yaw=-1.04
503.233333349,[debug],turtlebot2,simulation,robot-pose,x=-39.50;y=33.84;yaw=0.46
503.25,[debug],turtlebot3,simulation,robot-pose,x=-26.12;y=13.47;yaw=-1.86
503.266666651,[debug],turtlebot4,simulation,robot-pose,x=-32.93;y=33.98;yaw=-3.06
503.283333302,[debug],turtlebot5,simulation,robot-pose,x=-21.03;y=18.00;yaw=-1.54
503.283333302,[debug],turtlebot2,simulation,robot-pose,x=-39.50;y=33.84;yaw=0.46
503.283333302,[debug],turtlebot3,simulation,robot-pose,x=-26.12;y=13.47;yaw=-1.86
503.299999952,[debug],turtlebot4,simulation,robot-pose,x=-32.93;y=33.98;yaw=-3.06
503.299999952,[debug],turtlebot5,simulation,robot-pose,x=-21.03;y=18.00;yaw=-1.54
510.849999905,[info],turtlebot3,skill-life-cycle,navigation,(status=RUNNING, parameters=[[-37.0, 21.5, -1.5707963267948966, True], [-37.0, 16.0, 0.0, True], [-26.0, 16.0, -1.5707963267948966, True], [-26.0, 13.0, 1.57, False]])
514.666666746,[debug],turtlebot3,move-base-info,The base failed to move ,(x=-26;y=13)
514.666666746,[debug],turtlebot3,move-base-info,The base failed to move ,(x=-26;y=13)
514.966666698,[info],turtlebot3,skill-life-cycle,navigation,(status=Status.FAILURE, parameters=[[-37.0, 21.5, -1.5707963267948966, True], [-37.0, 16.0, 0.0, True], [-26.0, 16.0, -1.5707963267948966, True], [-26.0, 13.0, 1.57, False]])
514.966666698,FAILURE
515.049999952,[info],turtlebot3,skill-life-cycle,navigation,(status=Status.FAILURE, parameters=[[-37.0, 21.5, -1.5707963267948966, True], [-37.0, 16.0, 0.0, True], [-26.0, 16.0, -1.5707963267948966, True], [-26.0, 13.0, 1.57, False]])
515.066666603,FAILURE
515.133333445,[info],turtlebot3,skill-life-cycle,navigation,(status=Status.FAILURE, parameters=[[-37.0, 21.5, -1.5707963267948966, True], [-37.0, 16.0, 0.0, True], [-26.0, 16.0, -1.5707963267948966, True], [-26.0, 13.0, 1.57, False]])
515.133333445,FAILURE
515.200000048,[info],turtlebot3,skill-life-cycle,navigation,(status=Status.FAILURE, parameters=[[-37.0, 21.5, -1.5707963267948966, True], [-37.0, 16.0, 0.0, True], [-26.0, 16.0, -1.5707963267948966, True], [-26.0, 13.0, 1.57, False]])
515.200000048,FAILURE
515.283333302,[info],turtlebot3,skill-life-cycle,navigation,(status=Status.FAILURE, parameters=[[-37.0, 21.5, -1.5707963267948966, True], [-37.0, 16.0, 0.0, True], [-26.0, 16.0, -1.5707963267948966, True], [-26.0, 13.0, 1.57, False]])
515.283333302,FAILURE
515.366666555,[info],turtlebot3,skill-life-cycle,navigation,(status=Status.FAILURE, parameters=[[-37.0, 21.5, -1.5707963267948966, True], [-37.0, 16.0, 0.0, True], [-26.0, 16.0, -1.5707963267948966, True], [-26.0, 13.0, 1.57, False]])
515.366666555,FAILURE
515.466666698,[info],turtlebot3,skill-life-cycle,navigation,(status=Status.FAILURE, parameters=[[-37.0, 21.5, -1.5707963267948966, True], [-37.0, 16.0, 0.0, True], [-26.0, 16.0, -1.5707963267948966, True], [-26.0, 13.0, 1.57, False]])
515.466666698,FAILURE
515.533333302,[info],turtlebot3,skill-life-cycle,navigation,(status=Status.FAILURE, parameters=[[-37.0, 21.5, -1.5707963267948966, True], [-37.0, 16.0, 0.0, True], [-26.0, 16.0, -1.5707963267948966, True], [-26.0, 13.0, 1.57, False]])
515.533333302,FAILURE
515.633333445,[info],turtlebot3,skill-life-cycle,navigation,(status=Status.FAILURE, parameters=[[-37.0, 21.5, -1.5707963267948966, True], [-37.0, 16.0, 0.0, True], [-26.0, 16.0, -1.5707963267948966, True], [-26.0, 13.0, 1.57, False]])
515.633333445,FAILURE
515.716666698,[info],turtlebot3,skill-life-cycle,navigation,(status=Status.FAILURE, parameters=[[-37.0, 21.5, -1.5707963267948966, True], [-37.0, 16.0, 0.0, True], [-26.0, 16.0, -1.5707963267948966, True], [-26.0, 13.0, 1.57, False]])
515.716666698,FAILURE
515.799999952,[info],turtlebot3,skill-life-cycle,navigation,(status=Status.FAILURE, parameters=[[-37.0, 21.5, -1.5707963267948966, True], [-37.0, 16.0, 0.0, True], [-26.0, 16.0, -1.5707963267948966, True], [-26.0, 13.0, 1.57, False]])
515.799999952,FAILURE
515.883333445,[info],turtlebot3,skill-life-cycle,navigation,(status=Status.FAILURE, parameters=[[-37.0, 21.5, -1.5707963267948966, True], [-37.0, 16.0, 0.0, True], [-26.0, 16.0, -1.5707963267948966, True], [-26.0, 13.0, 1.57, False]])
515.883333445,FAILURE
515.983333349,[info],turtlebot3,skill-life-cycle,navigation,(status=Status.FAILURE, parameters=[[-37.0, 21.5, -1.5707963267948966, True], [-37.0, 16.0, 0.0, True], [-26.0, 16.0, -1.5707963267948966, True], [-26.0, 13.0, 1.57, False]])
515.983333349,FAILURE
516.066666603,[info],turtlebot3,skill-life-cycle,navigation,(status=Status.FAILURE, parameters=[[-37.0, 21.5, -1.5707963267948966, True], [-37.0, 16.0, 0.0, True], [-26.0, 16.0, -1.5707963267948966, True], [-26.0, 13.0, 1.57, False]])
516.066666603,FAILURE
516.133333445,[info],turtlebot3,skill-life-cycle,navigation,(status=Status.FAILURE, parameters=[[-37.0, 21.5, -1.5707963267948966, True], [-37.0, 16.0, 0.0, True], [-26.0, 16.0, -1.5707963267948966, True], [-26.0, 13.0, 1.57, False]])
516.133333445,FAILURE
516.183333397,[info],turtlebot3,skill-life-cycle,navigation,(status=Status.FAILURE, parameters=[[-37.0, 21.5, -1.5707963267948966, True], [-37.0, 16.0, 0.0, True], [-26.0, 16.0, -1.5707963267948966, True], [-26.0, 13.0, 1.57, False]])
516.183333397,FAILURE
516.266666651,[info],turtlebot3,skill-life-cycle,navigation,(status=Status.FAILURE, parameters=[[-37.0, 21.5, -1.5707963267948966, True], [-37.0, 16.0, 0.0, True], [-26.0, 16.0, -1.5707963267948966, True], [-26.0, 13.0, 1.57, False]])
516.266666651,FAILURE
516.316666603,[info],turtlebot3,skill-life-cycle,navigation,(status=Status.FAILURE, parameters=[[-37.0, 21.5, -1.5707963267948966, True], [-37.0, 16.0, 0.0, True], [-26.0, 16.0, -1.5707963267948966, True], [-26.0, 13.0, 1.57, False]])
516.316666603,FAILURE
516.383333445,[info],turtlebot3,skill-life-cycle,navigation,(status=Status.FAILURE, parameters=[[-37.0, 21.5, -1.5707963267948966, True], [-37.0, 16.0, 0.0, True], [-26.0, 16.0, -1.5707963267948966, True], [-26.0, 13.0, 1.57, False]])
516.383333445,FAILURE
518.049999952,[debug],turtlebot1,simulation,robot-pose,x=-13.42;y=17.92;yaw=-1.04
518.049999952,[debug],turtlebot1,simulation,robot-pose,x=-13.42;y=17.92;yaw=-1.04
518.233333349,[debug],turtlebot2,simulation,robot-pose,x=-39.50;y=33.84;yaw=0.46
518.25,[debug],turtlebot3,simulation,robot-pose,x=-26.12;y=13.47;yaw=-1.87
518.266666651,[debug],turtlebot4,simulation,robot-pose,x=-32.93;y=33.98;yaw=-3.05
518.283333302,[debug],turtlebot5,simulation,robot-pose,x=-21.03;y=18.00;yaw=-1.54
518.349999905,[debug],turtlebot2,simulation,robot-pose,x=-39.50;y=33.84;yaw=0.46
518.366666555,[debug],turtlebot3,simulation,robot-pose,x=-26.12;y=13.47;yaw=-1.87
518.366666555,[debug],turtlebot4,simulation,robot-pose,x=-32.93;y=33.98;yaw=-3.05
518.366666555,[debug],turtlebot5,simulation,robot-pose,x=-21.03;y=18.00;yaw=-1.54
0.0,[debug],simulation closed,failure-bt,execution-wall-clock=640.7039816379547
