0.0,0.0,[debug],logger,init,time
ROBOTS_CONFIG=[{"avg_speed": 0.15, "battery_charge": 0.59, "battery_discharge_rate": 0.00017, "id": 0, "local_plan": null, "location": "IC Room 6", "position": [-33.9, 18.93, 3.14], "skills": ["approach_person", "approach_robot", "authenticate_person", "deposit", "navigation", "pick_up"]}, {"avg_speed": 0.15, "battery_charge": 0.22, "battery_discharge_rate": 0.00018, "id": 1, "local_plan": [["navigation", ["PC Room 3", [[-38.0, 21.5, 0.0], [-37.0, 21.5], [-37.0, 16.0], [-28.5, 16.0], [-28.5, 18.0, -1.57]]]], ["approach_person", ["nurse"]], ["authenticate_person", ["nurse"]], ["operate_drawer", ["open"]], ["send_message", ["nurse"]], ["wait_message", ["r1"]], ["operate_drawer", ["close"]], ["navigation", ["Laboratory", [[-28.5, 18.0, -1.57], [-28.5, 16.0], [-26.0, 16.0], [-26.0, 13.0, 1.57]]]], ["approach_robot", ["lab_arm"]], ["operate_drawer", ["open"]], ["send_message", ["lab_arm"]], ["wait_message", ["r1"]], ["operate_drawer", ["close"]]], "location": "PC Room 4", "position": [-27.23, 18.0, -1.57], "skills": ["approach_person", "approach_robot", "authenticate_person", "deposit", "navigation", "operate_drawer", "pick_up"]}, {"avg_speed": 0.15, "battery_charge": 0.73, "battery_discharge_rate": 0.00012000000000000002, "id": 2, "local_plan": null, "location": "IC Room 3", "position": [-40.23, 25.37, 0.0], "skills": ["approach_person", "approach_robot", "authenticate_person", "deposit", "navigation", "operate_drawer", "pick_up"]}, {"avg_speed": 0.15, "battery_charge": 0.72, "battery_discharge_rate": 0.00011, "id": 3, "local_plan": null, "location": "PC Room 5", "position": [-21.0, 18.0, -1.57], "skills": ["approach_person", "approach_robot", "authenticate_person", "deposit", "navigation", "pick_up"]}, {"avg_speed": 0.15, "battery_charge": 0.35000000000000003, "battery_discharge_rate": 0.00015000000000000001, "id": 4, "local_plan": null, "location": "IC Room 2", "position": [-38.0, 21.5, 0.0], "skills": ["approach_person", "approach_robot", "authenticate_person", "deposit", "navigation", "operate_drawer", "pick_up"]}]
NURSES_CONFIG=[{"location": "PC Room 3", "position": [-29.5, 19.0, -1.57]}]
logger,1626474530664377927,Simulation open
0.0,[debug],logger,init,subcribing to in the topic /log
1.65000009537,[debug],turtlebot1,move-base-info,Move_base is up and ok....,
1.98333334923,[debug],turtlebot2,move-base-info,Move_base is up and ok....,
2.08333325386,[debug],turtlebot4,move-base-info,Move_base is up and ok....,
2.08333325386,[debug],turtlebot3,move-base-info,Move_base is up and ok....,
2.15000009537,[debug],turtlebot5,move-base-info,Move_base is up and ok....,
7.98333334923,[info],turtlebot2,skill-life-cycle,init_robobt,(status=RUNNING, parameters=[])
8.48333334923,[info],turtlebot3,skill-life-cycle,init_robobt,(status=RUNNING, parameters=[])
8.53333330154,[info],turtlebot1,skill-life-cycle,init_robobt,(status=RUNNING, parameters=[])
8.53333330154,[info],turtlebot4,skill-life-cycle,init_robobt,(status=RUNNING, parameters=[])
12.1333334446,[debug],turtlebot2,available-skills,['send_message', 'wait_message', 'approach_person', 'approach_robot', 'authenticate_person', 'deposit', 'navigation', 'operate_drawer', 'pick_up'],
12.1333334446,[info],turtlebot2,skill-life-cycle,navigation,(status=STARTED, parameters=[[-37.0, 21.5, -1.5707963267948966, True], [-37.0, 16.0, 0.0, True], [-28.5, 16.0, 1.5707963267948966, True], [-28.5, 18.0, -1.57, False]])
22.9500000477,[debug],turtlebot1,simulation,robot-pose,x=-33.83;y=18.78;yaw=2.80
22.9500000477,[debug],turtlebot1,simulation,robot-pose,x=-33.83;y=18.78;yaw=2.80
23.1500000954,[debug],turtlebot2,simulation,robot-pose,x=-27.17;y=17.47;yaw=-1.52
23.1500000954,[debug],turtlebot2,simulation,robot-pose,x=-27.17;y=17.47;yaw=-1.52
23.1666667461,[debug],turtlebot4,simulation,robot-pose,x=-20.99;y=18.00;yaw=-1.54
23.1666667461,[debug],turtlebot3,simulation,robot-pose,x=-40.39;y=25.23;yaw=0.34
23.2000000477,[debug],turtlebot5,simulation,robot-pose,x=-38.00;y=21.48;yaw=0.01
23.3166666031,[debug],turtlebot4,simulation,robot-pose,x=-20.99;y=18.00;yaw=-1.54
23.3166666031,[debug],turtlebot3,simulation,robot-pose,x=-40.39;y=25.23;yaw=0.34
23.3166666031,[debug],turtlebot5,simulation,robot-pose,x=-38.00;y=21.48;yaw=0.01
37.9500000477,[debug],turtlebot1,simulation,robot-pose,x=-33.84;y=18.78;yaw=2.82
37.9500000477,[debug],turtlebot1,simulation,robot-pose,x=-33.84;y=18.78;yaw=2.82
38.1500000954,[debug],turtlebot2,simulation,robot-pose,x=-28.26;y=16.67;yaw=2.78
38.1500000954,[debug],turtlebot2,simulation,robot-pose,x=-28.26;y=16.67;yaw=2.78
38.1666667461,[debug],turtlebot4,simulation,robot-pose,x=-20.99;y=18.00;yaw=-1.54
38.1666667461,[debug],turtlebot3,simulation,robot-pose,x=-40.39;y=25.23;yaw=0.33
38.2000000477,[debug],turtlebot5,simulation,robot-pose,x=-38.00;y=21.48;yaw=0.01
38.3166666031,[debug],turtlebot4,simulation,robot-pose,x=-20.99;y=18.00;yaw=-1.54
38.3166666031,[debug],turtlebot3,simulation,robot-pose,x=-40.39;y=25.23;yaw=0.33
38.3166666031,[debug],turtlebot5,simulation,robot-pose,x=-38.00;y=21.48;yaw=0.01
52.9500000477,[debug],turtlebot1,simulation,robot-pose,x=-33.85;y=18.78;yaw=2.84
52.9500000477,[debug],turtlebot1,simulation,robot-pose,x=-33.85;y=18.78;yaw=2.84
53.1500000954,[debug],turtlebot2,simulation,robot-pose,x=-28.85;y=16.85;yaw=-2.63
53.1500000954,[debug],turtlebot2,simulation,robot-pose,x=-28.85;y=16.85;yaw=-2.63
53.1666667461,[debug],turtlebot4,simulation,robot-pose,x=-20.99;y=18.00;yaw=-1.54
53.1666667461,[debug],turtlebot3,simulation,robot-pose,x=-40.39;y=25.23;yaw=0.33
53.2000000477,[debug],turtlebot5,simulation,robot-pose,x=-38.00;y=21.48;yaw=0.01
53.3166666031,[debug],turtlebot4,simulation,robot-pose,x=-20.99;y=18.00;yaw=-1.54
53.3166666031,[debug],turtlebot3,simulation,robot-pose,x=-40.39;y=25.23;yaw=0.33
53.3166666031,[debug],turtlebot5,simulation,robot-pose,x=-38.00;y=21.48;yaw=0.01
57.1666667461,[info],turtlebot2,skill-life-cycle,navigation,(status=RUNNING, parameters=[[-37.0, 21.5, -1.5707963267948966, True], [-37.0, 16.0, 0.0, True], [-28.5, 16.0, 1.5707963267948966, True], [-28.5, 18.0, -1.57, False]])
67.9500000477,[debug],turtlebot1,simulation,robot-pose,x=-33.85;y=18.78;yaw=2.85
67.9500000477,[debug],turtlebot1,simulation,robot-pose,x=-33.85;y=18.78;yaw=2.85
68.1500000954,[debug],turtlebot2,simulation,robot-pose,x=-28.89;y=16.84;yaw=-2.55
68.1500000954,[debug],turtlebot2,simulation,robot-pose,x=-28.89;y=16.84;yaw=-2.55
68.1666667461,[debug],turtlebot4,simulation,robot-pose,x=-20.99;y=18.00;yaw=-1.54
68.1666667461,[debug],turtlebot3,simulation,robot-pose,x=-40.39;y=25.23;yaw=0.33
68.2000000477,[debug],turtlebot5,simulation,robot-pose,x=-38.00;y=21.48;yaw=0.01
68.2999999523,[debug],turtlebot4,simulation,robot-pose,x=-20.99;y=18.00;yaw=-1.54
68.2999999523,[debug],turtlebot3,simulation,robot-pose,x=-40.39;y=25.23;yaw=0.33
68.2999999523,[debug],turtlebot5,simulation,robot-pose,x=-38.00;y=21.48;yaw=0.01
82.9500000477,[debug],turtlebot1,simulation,robot-pose,x=-33.85;y=18.78;yaw=2.87
82.9500000477,[debug],turtlebot1,simulation,robot-pose,x=-33.85;y=18.78;yaw=2.87
83.1500000954,[debug],turtlebot2,simulation,robot-pose,x=-28.76;y=16.86;yaw=-2.78
83.1500000954,[debug],turtlebot2,simulation,robot-pose,x=-28.76;y=16.86;yaw=-2.78
83.1666667461,[debug],turtlebot4,simulation,robot-pose,x=-20.99;y=18.00;yaw=-1.54
83.1666667461,[debug],turtlebot3,simulation,robot-pose,x=-40.39;y=25.23;yaw=0.33
83.2000000477,[debug],turtlebot5,simulation,robot-pose,x=-38.00;y=21.48;yaw=0.01
83.2999999523,[debug],turtlebot4,simulation,robot-pose,x=-20.99;y=18.00;yaw=-1.54
83.2999999523,[debug],turtlebot3,simulation,robot-pose,x=-40.39;y=25.23;yaw=0.33
83.2999999523,[debug],turtlebot5,simulation,robot-pose,x=-38.00;y=21.48;yaw=0.01
97.9500000477,[debug],turtlebot1,simulation,robot-pose,x=-33.85;y=18.78;yaw=2.88
97.9500000477,[debug],turtlebot1,simulation,robot-pose,x=-33.85;y=18.78;yaw=2.88
98.1500000954,[debug],turtlebot2,simulation,robot-pose,x=-28.89;y=16.87;yaw=-3.05
98.1500000954,[debug],turtlebot2,simulation,robot-pose,x=-28.89;y=16.87;yaw=-3.05
98.1666667461,[debug],turtlebot3,simulation,robot-pose,x=-40.39;y=25.23;yaw=0.33
98.1666667461,[debug],turtlebot4,simulation,robot-pose,x=-20.99;y=18.00;yaw=-1.54
98.2000000477,[debug],turtlebot5,simulation,robot-pose,x=-38.00;y=21.48;yaw=0.01
98.3333332539,[debug],turtlebot3,simulation,robot-pose,x=-40.39;y=25.23;yaw=0.33
98.3333332539,[debug],turtlebot4,simulation,robot-pose,x=-20.99;y=18.00;yaw=-1.54
98.3333332539,[debug],turtlebot5,simulation,robot-pose,x=-38.00;y=21.48;yaw=0.01
107.516666651,[info],turtlebot2,skill-life-cycle,navigation,(status=RUNNING, parameters=[[-37.0, 21.5, -1.5707963267948966, True], [-37.0, 16.0, 0.0, True], [-28.5, 16.0, 1.5707963267948966, True], [-28.5, 18.0, -1.57, False]])
112.950000048,[debug],turtlebot1,simulation,robot-pose,x=-33.86;y=18.79;yaw=2.91
112.950000048,[debug],turtlebot1,simulation,robot-pose,x=-33.86;y=18.79;yaw=2.91
113.150000095,[debug],turtlebot2,simulation,robot-pose,x=-28.90;y=16.85;yaw=-2.37
113.150000095,[debug],turtlebot2,simulation,robot-pose,x=-28.90;y=16.85;yaw=-2.37
113.166666746,[debug],turtlebot4,simulation,robot-pose,x=-20.99;y=18.00;yaw=-1.54
113.166666746,[debug],turtlebot3,simulation,robot-pose,x=-40.39;y=25.23;yaw=0.33
113.200000048,[debug],turtlebot5,simulation,robot-pose,x=-38.00;y=21.48;yaw=0.01
113.333333254,[debug],turtlebot4,simulation,robot-pose,x=-20.99;y=18.00;yaw=-1.54
113.333333254,[debug],turtlebot3,simulation,robot-pose,x=-40.39;y=25.23;yaw=0.33
113.333333254,[debug],turtlebot5,simulation,robot-pose,x=-38.00;y=21.48;yaw=0.01
127.950000048,[debug],turtlebot1,simulation,robot-pose,x=-33.86;y=18.79;yaw=2.93
127.950000048,[debug],turtlebot1,simulation,robot-pose,x=-33.86;y=18.79;yaw=2.93
128.150000095,[debug],turtlebot2,simulation,robot-pose,x=-28.93;y=16.77;yaw=-2.59
128.150000095,[debug],turtlebot2,simulation,robot-pose,x=-28.93;y=16.77;yaw=-2.59
128.166666746,[debug],turtlebot4,simulation,robot-pose,x=-21.00;y=18.00;yaw=-1.54
128.166666746,[debug],turtlebot3,simulation,robot-pose,x=-40.39;y=25.23;yaw=0.33
128.200000048,[debug],turtlebot5,simulation,robot-pose,x=-38.00;y=21.48;yaw=0.01
128.349999905,[debug],turtlebot4,simulation,robot-pose,x=-21.00;y=18.00;yaw=-1.54
128.349999905,[debug],turtlebot3,simulation,robot-pose,x=-40.39;y=25.23;yaw=0.33
128.349999905,[debug],turtlebot5,simulation,robot-pose,x=-38.00;y=21.48;yaw=0.01
142.950000048,[debug],turtlebot1,simulation,robot-pose,x=-33.87;y=18.79;yaw=2.95
142.950000048,[debug],turtlebot1,simulation,robot-pose,x=-33.87;y=18.79;yaw=2.95
143.166666746,[debug],turtlebot2,simulation,robot-pose,x=-29.83;y=16.10;yaw=-2.90
143.166666746,[debug],turtlebot2,simulation,robot-pose,x=-29.83;y=16.10;yaw=-2.90
143.166666746,[debug],turtlebot4,simulation,robot-pose,x=-21.00;y=18.00;yaw=-1.54
143.166666746,[debug],turtlebot3,simulation,robot-pose,x=-40.39;y=25.23;yaw=0.33
143.200000048,[debug],turtlebot5,simulation,robot-pose,x=-38.00;y=21.48;yaw=0.01
143.299999952,[debug],turtlebot4,simulation,robot-pose,x=-21.00;y=18.00;yaw=-1.54
143.299999952,[debug],turtlebot3,simulation,robot-pose,x=-40.39;y=25.23;yaw=0.33
143.299999952,[debug],turtlebot5,simulation,robot-pose,x=-38.00;y=21.48;yaw=0.01
157.383333445,[info],turtlebot2,skill-life-cycle,navigation,(status=RUNNING, parameters=[[-37.0, 21.5, -1.5707963267948966, True], [-37.0, 16.0, 0.0, True], [-28.5, 16.0, 1.5707963267948966, True], [-28.5, 18.0, -1.57, False]])
157.950000048,[debug],turtlebot1,simulation,robot-pose,x=-33.87;y=18.79;yaw=2.98
157.950000048,[debug],turtlebot1,simulation,robot-pose,x=-33.87;y=18.79;yaw=2.98
158.150000095,[debug],turtlebot2,simulation,robot-pose,x=-32.01;y=15.86;yaw=-2.67
158.150000095,[debug],turtlebot2,simulation,robot-pose,x=-32.01;y=15.86;yaw=-2.67
158.166666746,[debug],turtlebot3,simulation,robot-pose,x=-40.39;y=25.23;yaw=0.33
158.183333397,[debug],turtlebot4,simulation,robot-pose,x=-21.00;y=18.00;yaw=-1.54
158.200000048,[debug],turtlebot5,simulation,robot-pose,x=-38.00;y=21.48;yaw=0.01
158.299999952,[debug],turtlebot3,simulation,robot-pose,x=-40.39;y=25.23;yaw=0.33
158.316666603,[debug],turtlebot4,simulation,robot-pose,x=-21.00;y=18.00;yaw=-1.54
158.316666603,[debug],turtlebot5,simulation,robot-pose,x=-38.00;y=21.48;yaw=0.01
172.950000048,[debug],turtlebot1,simulation,robot-pose,x=-33.88;y=18.79;yaw=3.00
172.950000048,[debug],turtlebot1,simulation,robot-pose,x=-33.88;y=18.79;yaw=3.00
173.150000095,[debug],turtlebot2,simulation,robot-pose,x=-34.31;y=15.69;yaw=-3.12
173.150000095,[debug],turtlebot2,simulation,robot-pose,x=-34.31;y=15.69;yaw=-3.12
173.166666746,[debug],turtlebot3,simulation,robot-pose,x=-40.39;y=25.23;yaw=0.33
173.166666746,[debug],turtlebot4,simulation,robot-pose,x=-21.00;y=18.00;yaw=-1.54
173.200000048,[debug],turtlebot5,simulation,robot-pose,x=-38.00;y=21.48;yaw=0.01
173.333333254,[debug],turtlebot3,simulation,robot-pose,x=-40.39;y=25.23;yaw=0.33
173.333333254,[debug],turtlebot4,simulation,robot-pose,x=-21.00;y=18.00;yaw=-1.54
173.333333254,[debug],turtlebot5,simulation,robot-pose,x=-38.00;y=21.48;yaw=0.01
187.950000048,[debug],turtlebot1,simulation,robot-pose,x=-33.88;y=18.79;yaw=3.00
187.950000048,[debug],turtlebot1,simulation,robot-pose,x=-33.88;y=18.79;yaw=3.00
188.150000095,[debug],turtlebot2,simulation,robot-pose,x=-36.98;y=21.02;yaw=1.64
188.150000095,[debug],turtlebot2,simulation,robot-pose,x=-36.98;y=21.02;yaw=1.64
188.166666746,[debug],turtlebot4,simulation,robot-pose,x=-21.00;y=18.00;yaw=-1.54
188.166666746,[debug],turtlebot3,simulation,robot-pose,x=-40.39;y=25.23;yaw=0.33
188.200000048,[debug],turtlebot5,simulation,robot-pose,x=-38.00;y=21.48;yaw=0.01
188.333333254,[debug],turtlebot4,simulation,robot-pose,x=-21.00;y=18.00;yaw=-1.54
188.333333254,[debug],turtlebot3,simulation,robot-pose,x=-40.39;y=25.23;yaw=0.33
188.333333254,[debug],turtlebot5,simulation,robot-pose,x=-38.00;y=21.48;yaw=0.01
196.150000095,[debug],turtlebot2,move-base-info,Hooray, the base moved arrived,(x=-37;y=21.5)
196.150000095,[debug],turtlebot2,move-base-info,Hooray, the base moved arrived,(x=-37;y=21.5)
196.150000095,[debug],turtlebot2,task-update,navigation,way-point-reached,25.0%
202.950000048,[debug],turtlebot1,simulation,robot-pose,x=-33.88;y=18.79;yaw=3.01
202.950000048,[debug],turtlebot1,simulation,robot-pose,x=-33.88;y=18.79;yaw=3.01
203.150000095,[debug],turtlebot2,simulation,robot-pose,x=-36.97;y=20.92;yaw=-1.22
203.150000095,[debug],turtlebot2,simulation,robot-pose,x=-36.97;y=20.92;yaw=-1.22
203.166666746,[debug],turtlebot3,simulation,robot-pose,x=-40.39;y=25.23;yaw=0.33
203.166666746,[debug],turtlebot4,simulation,robot-pose,x=-21.01;y=18.00;yaw=-1.54
203.200000048,[debug],turtlebot5,simulation,robot-pose,x=-38.02;y=21.48;yaw=0.03
203.349999905,[debug],turtlebot3,simulation,robot-pose,x=-40.39;y=25.23;yaw=0.33
203.349999905,[debug],turtlebot4,simulation,robot-pose,x=-21.01;y=18.00;yaw=-1.54
203.349999905,[debug],turtlebot5,simulation,robot-pose,x=-38.02;y=21.48;yaw=0.03
208.549999952,[info],turtlebot2,skill-life-cycle,navigation,(status=RUNNING, parameters=[[-37.0, 21.5, -1.5707963267948966, True], [-37.0, 16.0, 0.0, True], [-28.5, 16.0, 1.5707963267948966, True], [-28.5, 18.0, -1.57, False]])
217.950000048,[debug],turtlebot1,simulation,robot-pose,x=-33.88;y=18.79;yaw=3.01
217.950000048,[debug],turtlebot1,simulation,robot-pose,x=-33.88;y=18.79;yaw=3.01
218.150000095,[debug],turtlebot2,simulation,robot-pose,x=-36.72;y=19.68;yaw=-1.53
218.150000095,[debug],turtlebot2,simulation,robot-pose,x=-36.72;y=19.68;yaw=-1.53
218.166666746,[debug],turtlebot3,simulation,robot-pose,x=-40.39;y=25.23;yaw=0.33
218.166666746,[debug],turtlebot4,simulation,robot-pose,x=-21.01;y=18.00;yaw=-1.54
218.200000048,[debug],turtlebot5,simulation,robot-pose,x=-38.02;y=21.48;yaw=0.03
218.299999952,[debug],turtlebot3,simulation,robot-pose,x=-40.39;y=25.23;yaw=0.33
218.299999952,[debug],turtlebot4,simulation,robot-pose,x=-21.01;y=18.00;yaw=-1.54
218.316666603,[debug],turtlebot5,simulation,robot-pose,x=-38.02;y=21.48;yaw=0.03
232.950000048,[debug],turtlebot1,simulation,robot-pose,x=-33.88;y=18.79;yaw=3.01
232.950000048,[debug],turtlebot1,simulation,robot-pose,x=-33.88;y=18.79;yaw=3.01
233.150000095,[debug],turtlebot2,simulation,robot-pose,x=-36.69;y=18.43;yaw=-1.53
233.150000095,[debug],turtlebot2,simulation,robot-pose,x=-36.69;y=18.43;yaw=-1.53
233.166666746,[debug],turtlebot3,simulation,robot-pose,x=-40.39;y=25.23;yaw=0.33
233.166666746,[debug],turtlebot4,simulation,robot-pose,x=-21.01;y=18.00;yaw=-1.54
233.200000048,[debug],turtlebot5,simulation,robot-pose,x=-38.03;y=21.49;yaw=0.03
233.316666603,[debug],turtlebot3,simulation,robot-pose,x=-40.39;y=25.23;yaw=0.33
233.316666603,[debug],turtlebot4,simulation,robot-pose,x=-21.01;y=18.00;yaw=-1.54
233.316666603,[debug],turtlebot5,simulation,robot-pose,x=-38.03;y=21.49;yaw=0.03
247.950000048,[debug],turtlebot1,simulation,robot-pose,x=-33.88;y=18.79;yaw=3.01
247.950000048,[debug],turtlebot1,simulation,robot-pose,x=-33.88;y=18.79;yaw=3.01
248.150000095,[debug],turtlebot2,simulation,robot-pose,x=-36.69;y=17.18;yaw=-1.67
248.150000095,[debug],turtlebot2,simulation,robot-pose,x=-36.69;y=17.18;yaw=-1.67
248.166666746,[debug],turtlebot3,simulation,robot-pose,x=-40.39;y=25.23;yaw=0.33
248.166666746,[debug],turtlebot4,simulation,robot-pose,x=-21.02;y=18.00;yaw=-1.54
248.200000048,[debug],turtlebot5,simulation,robot-pose,x=-38.04;y=21.49;yaw=0.03
248.316666603,[debug],turtlebot3,simulation,robot-pose,x=-40.39;y=25.23;yaw=0.33
248.316666603,[debug],turtlebot4,simulation,robot-pose,x=-21.02;y=18.00;yaw=-1.54
248.333333254,[debug],turtlebot5,simulation,robot-pose,x=-38.04;y=21.49;yaw=0.03
258.599999905,[info],turtlebot2,skill-life-cycle,navigation,(status=RUNNING, parameters=[[-37.0, 21.5, -1.5707963267948966, True], [-37.0, 16.0, 0.0, True], [-28.5, 16.0, 1.5707963267948966, True], [-28.5, 18.0, -1.57, False]])
262.166666746,[debug],turtlebot2,move-base-info,Hooray, the base moved arrived,(x=-37;y=16)
262.316666603,[debug],turtlebot2,move-base-info,Hooray, the base moved arrived,(x=-37;y=16)
262.483333349,[debug],turtlebot2,task-update,navigation,way-point-reached,50.0%
262.950000048,[debug],turtlebot1,simulation,robot-pose,x=-33.88;y=18.79;yaw=3.01
262.950000048,[debug],turtlebot1,simulation,robot-pose,x=-33.88;y=18.79;yaw=3.01
263.150000095,[debug],turtlebot2,simulation,robot-pose,x=-36.85;y=16.41;yaw=-0.04
263.150000095,[debug],turtlebot2,simulation,robot-pose,x=-36.85;y=16.41;yaw=-0.04
263.166666746,[debug],turtlebot4,simulation,robot-pose,x=-21.02;y=18.00;yaw=-1.54
263.166666746,[debug],turtlebot3,simulation,robot-pose,x=-40.39;y=25.23;yaw=0.33
263.200000048,[debug],turtlebot5,simulation,robot-pose,x=-38.05;y=21.50;yaw=0.03
263.299999952,[debug],turtlebot4,simulation,robot-pose,x=-21.02;y=18.00;yaw=-1.54
263.299999952,[debug],turtlebot3,simulation,robot-pose,x=-40.39;y=25.23;yaw=0.33
263.316666603,[debug],turtlebot5,simulation,robot-pose,x=-38.05;y=21.50;yaw=0.03
277.950000048,[debug],turtlebot1,simulation,robot-pose,x=-33.88;y=18.79;yaw=3.01
277.950000048,[debug],turtlebot1,simulation,robot-pose,x=-33.88;y=18.79;yaw=3.01
278.150000095,[debug],turtlebot2,simulation,robot-pose,x=-36.06;y=15.73;yaw=-0.84
278.150000095,[debug],turtlebot2,simulation,robot-pose,x=-36.06;y=15.73;yaw=-0.84
278.166666746,[debug],turtlebot3,simulation,robot-pose,x=-40.39;y=25.23;yaw=0.33
278.166666746,[debug],turtlebot4,simulation,robot-pose,x=-21.03;y=18.00;yaw=-1.54
278.200000048,[debug],turtlebot5,simulation,robot-pose,x=-38.08;y=21.50;yaw=0.03
278.299999952,[debug],turtlebot3,simulation,robot-pose,x=-40.39;y=25.23;yaw=0.33
278.299999952,[debug],turtlebot4,simulation,robot-pose,x=-21.03;y=18.00;yaw=-1.54
278.299999952,[debug],turtlebot5,simulation,robot-pose,x=-38.08;y=21.50;yaw=0.03
292.950000048,[debug],turtlebot1,simulation,robot-pose,x=-33.88;y=18.79;yaw=3.01
292.950000048,[debug],turtlebot1,simulation,robot-pose,x=-33.88;y=18.79;yaw=3.01
293.150000095,[debug],turtlebot2,simulation,robot-pose,x=-33.71;y=15.66;yaw=-0.06
293.150000095,[debug],turtlebot2,simulation,robot-pose,x=-33.71;y=15.66;yaw=-0.06
293.166666746,[debug],turtlebot3,simulation,robot-pose,x=-40.39;y=25.23;yaw=0.33
293.183333397,[debug],turtlebot4,simulation,robot-pose,x=-21.03;y=18.00;yaw=-1.54
293.200000048,[debug],turtlebot5,simulation,robot-pose,x=-38.10;y=21.50;yaw=0.03
293.333333254,[debug],turtlebot3,simulation,robot-pose,x=-40.39;y=25.23;yaw=0.33
293.333333254,[debug],turtlebot4,simulation,robot-pose,x=-21.03;y=18.00;yaw=-1.54
293.333333254,[debug],turtlebot5,simulation,robot-pose,x=-38.10;y=21.50;yaw=0.03
307.950000048,[debug],turtlebot1,simulation,robot-pose,x=-33.88;y=18.79;yaw=3.01
307.950000048,[debug],turtlebot1,simulation,robot-pose,x=-33.88;y=18.79;yaw=3.01
308.150000095,[debug],turtlebot2,simulation,robot-pose,x=-30.86;y=16.12;yaw=-0.16
308.150000095,[debug],turtlebot2,simulation,robot-pose,x=-30.86;y=16.12;yaw=-0.16
308.166666746,[debug],turtlebot4,simulation,robot-pose,x=-21.03;y=18.00;yaw=-1.54
308.166666746,[debug],turtlebot3,simulation,robot-pose,x=-40.39;y=25.23;yaw=0.33
308.200000048,[debug],turtlebot5,simulation,robot-pose,x=-38.13;y=21.50;yaw=0.03
308.299999952,[debug],turtlebot4,simulation,robot-pose,x=-21.03;y=18.00;yaw=-1.54
308.299999952,[debug],turtlebot3,simulation,robot-pose,x=-40.39;y=25.23;yaw=0.33
308.299999952,[debug],turtlebot5,simulation,robot-pose,x=-38.13;y=21.50;yaw=0.03
308.983333349,[info],turtlebot2,skill-life-cycle,navigation,(status=RUNNING, parameters=[[-37.0, 21.5, -1.5707963267948966, True], [-37.0, 16.0, 0.0, True], [-28.5, 16.0, 1.5707963267948966, True], [-28.5, 18.0, -1.57, False]])
322.950000048,[debug],turtlebot1,simulation,robot-pose,x=-33.88;y=18.79;yaw=3.01
322.950000048,[debug],turtlebot1,simulation,robot-pose,x=-33.88;y=18.79;yaw=3.01
323.150000095,[debug],turtlebot2,simulation,robot-pose,x=-28.87;y=16.25;yaw=1.32
323.150000095,[debug],turtlebot2,simulation,robot-pose,x=-28.87;y=16.25;yaw=1.32
323.166666746,[debug],turtlebot4,simulation,robot-pose,x=-21.03;y=18.00;yaw=-1.54
323.166666746,[debug],turtlebot3,simulation,robot-pose,x=-40.39;y=25.23;yaw=0.33
323.200000048,[debug],turtlebot5,simulation,robot-pose,x=-38.14;y=21.50;yaw=0.03
323.299999952,[debug],turtlebot4,simulation,robot-pose,x=-21.03;y=18.00;yaw=-1.54
323.299999952,[debug],turtlebot3,simulation,robot-pose,x=-40.39;y=25.23;yaw=0.33
323.299999952,[debug],turtlebot5,simulation,robot-pose,x=-38.14;y=21.50;yaw=0.03
324.366666555,[debug],turtlebot2,move-base-info,Hooray, the base moved arrived,(x=-28.5;y=16)
324.366666555,[debug],turtlebot2,move-base-info,Hooray, the base moved arrived,(x=-28.5;y=16)
324.5,[debug],turtlebot2,task-update,navigation,way-point-reached,75.0%
337.950000048,[debug],turtlebot1,simulation,robot-pose,x=-33.88;y=18.79;yaw=3.01
337.950000048,[debug],turtlebot1,simulation,robot-pose,x=-33.88;y=18.79;yaw=3.01
338.150000095,[debug],turtlebot2,simulation,robot-pose,x=-28.67;y=17.59;yaw=-0.63
338.150000095,[debug],turtlebot2,simulation,robot-pose,x=-28.67;y=17.59;yaw=-0.63
338.166666746,[debug],turtlebot4,simulation,robot-pose,x=-21.03;y=18.00;yaw=-1.54
338.166666746,[debug],turtlebot3,simulation,robot-pose,x=-40.39;y=25.23;yaw=0.33
338.200000048,[debug],turtlebot5,simulation,robot-pose,x=-38.15;y=21.51;yaw=0.04
338.316666603,[debug],turtlebot4,simulation,robot-pose,x=-21.03;y=18.00;yaw=-1.54
338.316666603,[debug],turtlebot3,simulation,robot-pose,x=-40.39;y=25.23;yaw=0.33
338.316666603,[debug],turtlebot5,simulation,robot-pose,x=-38.15;y=21.51;yaw=0.04
341.033333302,[debug],turtlebot2,move-base-info,Hooray, the base moved arrived,(x=-28.5;y=18)
341.033333302,[debug],turtlebot2,move-base-info,Hooray, the base moved arrived,(x=-28.5;y=18)
341.266666651,[debug],turtlebot2,task-update,navigation,way-point-reached,100.0%
341.349999905,[debug],turtlebot2,available-skills,['send_message', 'wait_message', 'approach_person', 'approach_robot', 'authenticate_person', 'deposit', 'navigation', 'operate_drawer', 'pick_up'],
341.349999905,[info],turtlebot2,skill-life-cycle,approach_person,(status=STARTED, parameters=['nurse'])
341.416666746,[debug],turtlebot2,task-update,approach_person,localize-person,(who=nurse)
341.516666651,[debug],turtlebot2,task-update,approach_person,goto-person,(who=nurse)
341.599999905,[debug],turtlebot2,available-skills,['send_message', 'wait_message', 'approach_person', 'approach_robot', 'authenticate_person', 'deposit', 'navigation', 'operate_drawer', 'pick_up'],
341.599999905,[info],turtlebot2,skill-life-cycle,authenticate_person,(status=STARTED, parameters=['nurse'])
341.650000095,[debug],turtlebot2,task-update,authenticate_person,request-authentication,(to=nurse)
341.666666746,[info],nurse,sync,received-request,(status=sending-request)
341.666666746,[info],nurse,sync,received-request,(status=sending-request)
342.116666555,[debug],turtlebot2,task-update,authenticate_person,received-authentication,(from=nurse)
342.183333397,[debug],turtlebot2,available-skills,['send_message', 'wait_message', 'approach_person', 'approach_robot', 'authenticate_person', 'deposit', 'navigation', 'operate_drawer', 'pick_up'],
342.183333397,[info],turtlebot2,skill-life-cycle,operate_drawer,(status=STARTED, parameters=['open'])
342.233333349,[debug],turtlebot2,task-update,operate_drawer,open
343.233333349,[debug],turtlebot2,available-skills,['send_message', 'wait_message', 'approach_person', 'approach_robot', 'authenticate_person', 'deposit', 'navigation', 'operate_drawer', 'pick_up'],
343.233333349,[info],turtlebot2,skill-life-cycle,send_message,(status=STARTED, parameters=['nurse'])
343.333333254,[info],turtlebot2,sync,send-message,(to=nurse)
347.066666603,[debug],turtlebot2,available-skills,['send_message', 'wait_message', 'approach_person', 'approach_robot', 'authenticate_person', 'deposit', 'navigation', 'operate_drawer', 'pick_up'],
347.066666603,[info],turtlebot2,skill-life-cycle,wait_message,(status=STARTED, parameters=['r1'])
352.950000048,[debug],turtlebot1,simulation,robot-pose,x=-33.88;y=18.79;yaw=3.01
352.950000048,[debug],turtlebot1,simulation,robot-pose,x=-33.88;y=18.79;yaw=3.01
353.150000095,[debug],turtlebot2,simulation,robot-pose,x=-28.63;y=17.61;yaw=-1.52
353.150000095,[debug],turtlebot2,simulation,robot-pose,x=-28.63;y=17.61;yaw=-1.52
353.166666746,[debug],turtlebot3,simulation,robot-pose,x=-40.39;y=25.23;yaw=0.33
353.166666746,[debug],turtlebot4,simulation,robot-pose,x=-21.03;y=18.00;yaw=-1.54
353.200000048,[debug],turtlebot5,simulation,robot-pose,x=-38.15;y=21.51;yaw=0.05
353.333333254,[debug],turtlebot3,simulation,robot-pose,x=-40.39;y=25.23;yaw=0.33
353.333333254,[debug],turtlebot4,simulation,robot-pose,x=-21.03;y=18.00;yaw=-1.54
353.333333254,[debug],turtlebot5,simulation,robot-pose,x=-38.15;y=21.51;yaw=0.05
361.650000095,[info],nurse,sync,request-sent,(status=waiting)
361.650000095,[info],nurse,sync,request-sent,(status=waiting)
361.883333445,[info],turtlebot2,skill-life-cycle,wait_message,(status=RUNNING, parameters=['r1'])
367.950000048,[debug],turtlebot1,simulation,robot-pose,x=-33.88;y=18.79;yaw=3.01
367.950000048,[debug],turtlebot1,simulation,robot-pose,x=-33.88;y=18.79;yaw=3.01
368.150000095,[debug],turtlebot2,simulation,robot-pose,x=-28.63;y=17.61;yaw=-1.52
368.150000095,[debug],turtlebot2,simulation,robot-pose,x=-28.63;y=17.61;yaw=-1.52
368.166666746,[debug],turtlebot3,simulation,robot-pose,x=-40.39;y=25.23;yaw=0.33
368.166666746,[debug],turtlebot4,simulation,robot-pose,x=-21.03;y=18.00;yaw=-1.54
368.200000048,[debug],turtlebot5,simulation,robot-pose,x=-38.15;y=21.51;yaw=0.08
368.316666603,[debug],turtlebot3,simulation,robot-pose,x=-40.39;y=25.23;yaw=0.33
368.316666603,[debug],turtlebot4,simulation,robot-pose,x=-21.03;y=18.00;yaw=-1.54
368.316666603,[debug],turtlebot5,simulation,robot-pose,x=-38.15;y=21.51;yaw=0.08
382.950000048,[debug],turtlebot1,simulation,robot-pose,x=-33.88;y=18.79;yaw=3.01
382.950000048,[debug],turtlebot1,simulation,robot-pose,x=-33.88;y=18.79;yaw=3.01
383.150000095,[debug],turtlebot2,simulation,robot-pose,x=-28.63;y=17.61;yaw=-1.52
383.150000095,[debug],turtlebot2,simulation,robot-pose,x=-28.63;y=17.61;yaw=-1.52
383.183333397,[debug],turtlebot4,simulation,robot-pose,x=-21.03;y=18.00;yaw=-1.54
383.183333397,[debug],turtlebot3,simulation,robot-pose,x=-40.39;y=25.23;yaw=0.33
383.200000048,[debug],turtlebot5,simulation,robot-pose,x=-38.15;y=21.51;yaw=0.10
383.316666603,[debug],turtlebot4,simulation,robot-pose,x=-21.03;y=18.00;yaw=-1.54
383.333333254,[debug],turtlebot3,simulation,robot-pose,x=-40.39;y=25.23;yaw=0.33
383.333333254,[debug],turtlebot5,simulation,robot-pose,x=-38.15;y=21.51;yaw=0.10
397.950000048,[debug],turtlebot1,simulation,robot-pose,x=-33.88;y=18.79;yaw=3.01
397.950000048,[debug],turtlebot1,simulation,robot-pose,x=-33.88;y=18.79;yaw=3.01
398.150000095,[debug],turtlebot2,simulation,robot-pose,x=-28.63;y=17.61;yaw=-1.52
398.150000095,[debug],turtlebot2,simulation,robot-pose,x=-28.63;y=17.61;yaw=-1.52
398.166666746,[debug],turtlebot3,simulation,robot-pose,x=-40.39;y=25.23;yaw=0.33
398.166666746,[debug],turtlebot4,simulation,robot-pose,x=-21.03;y=18.00;yaw=-1.54
398.200000048,[debug],turtlebot5,simulation,robot-pose,x=-38.15;y=21.52;yaw=0.13
398.316666603,[debug],turtlebot3,simulation,robot-pose,x=-40.39;y=25.23;yaw=0.33
398.333333254,[debug],turtlebot4,simulation,robot-pose,x=-21.03;y=18.00;yaw=-1.54
398.333333254,[debug],turtlebot5,simulation,robot-pose,x=-38.15;y=21.52;yaw=0.13
412.950000048,[debug],turtlebot1,simulation,robot-pose,x=-33.88;y=18.79;yaw=3.01
412.950000048,[debug],turtlebot1,simulation,robot-pose,x=-33.88;y=18.79;yaw=3.01
413.150000095,[debug],turtlebot2,simulation,robot-pose,x=-28.64;y=17.61;yaw=-1.52
413.150000095,[debug],turtlebot2,simulation,robot-pose,x=-28.64;y=17.61;yaw=-1.52
413.166666746,[debug],turtlebot3,simulation,robot-pose,x=-40.39;y=25.23;yaw=0.33
413.166666746,[debug],turtlebot4,simulation,robot-pose,x=-21.03;y=18.00;yaw=-1.54
413.200000048,[debug],turtlebot5,simulation,robot-pose,x=-38.16;y=21.52;yaw=0.16
413.349999905,[debug],turtlebot3,simulation,robot-pose,x=-40.39;y=25.23;yaw=0.33
413.349999905,[debug],turtlebot4,simulation,robot-pose,x=-21.03;y=18.00;yaw=-1.54
413.349999905,[debug],turtlebot5,simulation,robot-pose,x=-38.16;y=21.52;yaw=0.16
415.783333302,[info],turtlebot2,skill-life-cycle,wait_message,(status=RUNNING, parameters=['r1'])
427.950000048,[debug],turtlebot1,simulation,robot-pose,x=-33.88;y=18.79;yaw=3.01
427.950000048,[debug],turtlebot1,simulation,robot-pose,x=-33.88;y=18.79;yaw=3.01
428.150000095,[debug],turtlebot2,simulation,robot-pose,x=-28.64;y=17.61;yaw=-1.52
428.150000095,[debug],turtlebot2,simulation,robot-pose,x=-28.64;y=17.61;yaw=-1.52
428.166666746,[debug],turtlebot3,simulation,robot-pose,x=-40.39;y=25.23;yaw=0.33
428.166666746,[debug],turtlebot4,simulation,robot-pose,x=-21.03;y=18.00;yaw=-1.54
428.200000048,[debug],turtlebot5,simulation,robot-pose,x=-38.16;y=21.53;yaw=0.18
428.316666603,[debug],turtlebot3,simulation,robot-pose,x=-40.39;y=25.23;yaw=0.33
428.316666603,[debug],turtlebot4,simulation,robot-pose,x=-21.03;y=18.00;yaw=-1.54
428.316666603,[debug],turtlebot5,simulation,robot-pose,x=-38.16;y=21.53;yaw=0.18
442.950000048,[debug],turtlebot1,simulation,robot-pose,x=-33.88;y=18.79;yaw=3.01
442.950000048,[debug],turtlebot1,simulation,robot-pose,x=-33.88;y=18.79;yaw=3.01
443.150000095,[debug],turtlebot2,simulation,robot-pose,x=-28.64;y=17.61;yaw=-1.52
443.150000095,[debug],turtlebot2,simulation,robot-pose,x=-28.64;y=17.61;yaw=-1.52
443.166666746,[debug],turtlebot4,simulation,robot-pose,x=-21.03;y=18.00;yaw=-1.54
443.166666746,[debug],turtlebot3,simulation,robot-pose,x=-40.39;y=25.23;yaw=0.33
443.200000048,[debug],turtlebot5,simulation,robot-pose,x=-38.16;y=21.53;yaw=0.19
443.299999952,[debug],turtlebot4,simulation,robot-pose,x=-21.03;y=18.00;yaw=-1.54
443.299999952,[debug],turtlebot3,simulation,robot-pose,x=-40.39;y=25.23;yaw=0.33
443.299999952,[debug],turtlebot5,simulation,robot-pose,x=-38.16;y=21.53;yaw=0.19
457.950000048,[debug],turtlebot1,simulation,robot-pose,x=-33.88;y=18.79;yaw=3.01
457.950000048,[debug],turtlebot1,simulation,robot-pose,x=-33.88;y=18.79;yaw=3.01
458.166666746,[debug],turtlebot2,simulation,robot-pose,x=-28.64;y=17.61;yaw=-1.52
458.166666746,[debug],turtlebot2,simulation,robot-pose,x=-28.64;y=17.61;yaw=-1.52
458.166666746,[debug],turtlebot4,simulation,robot-pose,x=-21.03;y=18.00;yaw=-1.54
458.166666746,[debug],turtlebot3,simulation,robot-pose,x=-40.39;y=25.23;yaw=0.33
458.200000048,[debug],turtlebot5,simulation,robot-pose,x=-38.16;y=21.53;yaw=0.20
458.316666603,[debug],turtlebot4,simulation,robot-pose,x=-21.03;y=18.00;yaw=-1.54
458.316666603,[debug],turtlebot3,simulation,robot-pose,x=-40.39;y=25.23;yaw=0.33
458.316666603,[debug],turtlebot5,simulation,robot-pose,x=-38.16;y=21.53;yaw=0.20
469.633333445,[info],turtlebot2,skill-life-cycle,wait_message,(status=RUNNING, parameters=['r1'])
472.950000048,[debug],turtlebot1,simulation,robot-pose,x=-33.88;y=18.79;yaw=3.01
472.950000048,[debug],turtlebot1,simulation,robot-pose,x=-33.88;y=18.79;yaw=3.01
473.150000095,[debug],turtlebot2,simulation,robot-pose,x=-28.64;y=17.61;yaw=-1.52
473.150000095,[debug],turtlebot2,simulation,robot-pose,x=-28.64;y=17.61;yaw=-1.52
473.166666746,[debug],turtlebot4,simulation,robot-pose,x=-21.03;y=18.00;yaw=-1.54
473.166666746,[debug],turtlebot3,simulation,robot-pose,x=-40.39;y=25.23;yaw=0.33
473.200000048,[debug],turtlebot5,simulation,robot-pose,x=-38.16;y=21.53;yaw=0.21
473.316666603,[debug],turtlebot4,simulation,robot-pose,x=-21.03;y=18.00;yaw=-1.54
473.316666603,[debug],turtlebot3,simulation,robot-pose,x=-40.39;y=25.23;yaw=0.33
473.316666603,[debug],turtlebot5,simulation,robot-pose,x=-38.16;y=21.53;yaw=0.21
487.950000048,[debug],turtlebot1,simulation,robot-pose,x=-33.88;y=18.79;yaw=3.01
487.950000048,[debug],turtlebot1,simulation,robot-pose,x=-33.88;y=18.79;yaw=3.01
488.150000095,[debug],turtlebot2,simulation,robot-pose,x=-28.64;y=17.61;yaw=-1.52
488.150000095,[debug],turtlebot2,simulation,robot-pose,x=-28.64;y=17.61;yaw=-1.52
488.166666746,[debug],turtlebot4,simulation,robot-pose,x=-21.03;y=18.00;yaw=-1.54
488.166666746,[debug],turtlebot3,simulation,robot-pose,x=-40.39;y=25.23;yaw=0.33
488.200000048,[debug],turtlebot5,simulation,robot-pose,x=-38.16;y=21.53;yaw=0.22
488.316666603,[debug],turtlebot4,simulation,robot-pose,x=-21.03;y=18.00;yaw=-1.54
488.316666603,[debug],turtlebot3,simulation,robot-pose,x=-40.39;y=25.23;yaw=0.33
488.316666603,[debug],turtlebot5,simulation,robot-pose,x=-38.16;y=21.53;yaw=0.22
502.950000048,[debug],turtlebot1,simulation,robot-pose,x=-33.88;y=18.79;yaw=3.01
502.950000048,[debug],turtlebot1,simulation,robot-pose,x=-33.88;y=18.79;yaw=3.01
503.150000095,[debug],turtlebot2,simulation,robot-pose,x=-28.64;y=17.61;yaw=-1.52
503.150000095,[debug],turtlebot2,simulation,robot-pose,x=-28.64;y=17.61;yaw=-1.52
503.166666746,[debug],turtlebot4,simulation,robot-pose,x=-21.03;y=18.00;yaw=-1.54
503.166666746,[debug],turtlebot3,simulation,robot-pose,x=-40.39;y=25.23;yaw=0.33
503.200000048,[debug],turtlebot5,simulation,robot-pose,x=-38.16;y=21.54;yaw=0.23
503.333333254,[debug],turtlebot4,simulation,robot-pose,x=-21.03;y=18.00;yaw=-1.54
503.333333254,[debug],turtlebot3,simulation,robot-pose,x=-40.39;y=25.23;yaw=0.33
503.333333254,[debug],turtlebot5,simulation,robot-pose,x=-38.16;y=21.54;yaw=0.23
517.950000048,[debug],turtlebot1,simulation,robot-pose,x=-33.88;y=18.79;yaw=3.01
517.950000048,[debug],turtlebot1,simulation,robot-pose,x=-33.88;y=18.79;yaw=3.01
518.150000095,[debug],turtlebot2,simulation,robot-pose,x=-28.64;y=17.61;yaw=-1.52
518.150000095,[debug],turtlebot2,simulation,robot-pose,x=-28.64;y=17.61;yaw=-1.52
518.166666746,[debug],turtlebot3,simulation,robot-pose,x=-40.39;y=25.23;yaw=0.33
518.166666746,[debug],turtlebot4,simulation,robot-pose,x=-21.03;y=18.00;yaw=-1.54
518.200000048,[debug],turtlebot5,simulation,robot-pose,x=-38.16;y=21.54;yaw=0.25
518.316666603,[debug],turtlebot3,simulation,robot-pose,x=-40.39;y=25.23;yaw=0.33
518.316666603,[debug],turtlebot4,simulation,robot-pose,x=-21.03;y=18.00;yaw=-1.54
518.333333254,[debug],turtlebot5,simulation,robot-pose,x=-38.16;y=21.54;yaw=0.25
523.383333445,[info],turtlebot2,skill-life-cycle,wait_message,(status=RUNNING, parameters=['r1'])
532.950000048,[debug],turtlebot1,simulation,robot-pose,x=-33.88;y=18.79;yaw=3.01
532.950000048,[debug],turtlebot1,simulation,robot-pose,x=-33.88;y=18.79;yaw=3.01
533.150000095,[debug],turtlebot2,simulation,robot-pose,x=-28.64;y=17.61;yaw=-1.52
533.150000095,[debug],turtlebot2,simulation,robot-pose,x=-28.64;y=17.61;yaw=-1.52
533.166666746,[debug],turtlebot4,simulation,robot-pose,x=-21.03;y=18.00;yaw=-1.54
533.166666746,[debug],turtlebot3,simulation,robot-pose,x=-40.39;y=25.23;yaw=0.33
533.200000048,[debug],turtlebot5,simulation,robot-pose,x=-38.16;y=21.54;yaw=0.26
533.333333254,[debug],turtlebot4,simulation,robot-pose,x=-21.03;y=18.00;yaw=-1.54
533.333333254,[debug],turtlebot3,simulation,robot-pose,x=-40.39;y=25.23;yaw=0.33
533.333333254,[debug],turtlebot5,simulation,robot-pose,x=-38.16;y=21.54;yaw=0.26
547.950000048,[debug],turtlebot1,simulation,robot-pose,x=-33.88;y=18.79;yaw=3.01
547.950000048,[debug],turtlebot1,simulation,robot-pose,x=-33.88;y=18.79;yaw=3.01
548.150000095,[debug],turtlebot2,simulation,robot-pose,x=-28.64;y=17.61;yaw=-1.52
548.150000095,[debug],turtlebot2,simulation,robot-pose,x=-28.64;y=17.61;yaw=-1.52
548.166666746,[debug],turtlebot4,simulation,robot-pose,x=-21.03;y=18.00;yaw=-1.54
548.166666746,[debug],turtlebot3,simulation,robot-pose,x=-40.39;y=25.23;yaw=0.33
548.200000048,[debug],turtlebot5,simulation,robot-pose,x=-38.16;y=21.54;yaw=0.27
548.299999952,[debug],turtlebot4,simulation,robot-pose,x=-21.03;y=18.00;yaw=-1.54
548.299999952,[debug],turtlebot3,simulation,robot-pose,x=-40.39;y=25.23;yaw=0.33
548.299999952,[debug],turtlebot5,simulation,robot-pose,x=-38.16;y=21.54;yaw=0.27
562.950000048,[debug],turtlebot1,simulation,robot-pose,x=-33.88;y=18.79;yaw=3.01
562.950000048,[debug],turtlebot1,simulation,robot-pose,x=-33.88;y=18.79;yaw=3.01
563.150000095,[debug],turtlebot2,simulation,robot-pose,x=-28.64;y=17.61;yaw=-1.52
563.150000095,[debug],turtlebot2,simulation,robot-pose,x=-28.64;y=17.61;yaw=-1.52
563.166666746,[debug],turtlebot3,simulation,robot-pose,x=-40.39;y=25.23;yaw=0.33
563.166666746,[debug],turtlebot4,simulation,robot-pose,x=-21.03;y=18.00;yaw=-1.54
563.200000048,[debug],turtlebot5,simulation,robot-pose,x=-38.16;y=21.54;yaw=0.28
563.316666603,[debug],turtlebot3,simulation,robot-pose,x=-40.39;y=25.23;yaw=0.33
563.316666603,[debug],turtlebot4,simulation,robot-pose,x=-21.03;y=18.00;yaw=-1.54
563.316666603,[debug],turtlebot5,simulation,robot-pose,x=-38.16;y=21.54;yaw=0.28
577.450000048,[info],turtlebot2,skill-life-cycle,wait_message,(status=RUNNING, parameters=['r1'])
577.950000048,[debug],turtlebot1,simulation,robot-pose,x=-33.88;y=18.79;yaw=3.01
577.950000048,[debug],turtlebot1,simulation,robot-pose,x=-33.88;y=18.79;yaw=3.01
578.150000095,[debug],turtlebot2,simulation,robot-pose,x=-28.64;y=17.61;yaw=-1.52
578.150000095,[debug],turtlebot2,simulation,robot-pose,x=-28.64;y=17.61;yaw=-1.52
578.166666746,[debug],turtlebot4,simulation,robot-pose,x=-21.03;y=18.00;yaw=-1.54
578.166666746,[debug],turtlebot3,simulation,robot-pose,x=-40.39;y=25.23;yaw=0.33
578.200000048,[debug],turtlebot5,simulation,robot-pose,x=-38.16;y=21.55;yaw=0.28
578.283333302,[debug],turtlebot4,simulation,robot-pose,x=-21.03;y=18.00;yaw=-1.54
578.283333302,[debug],turtlebot3,simulation,robot-pose,x=-40.39;y=25.23;yaw=0.33
578.299999952,[debug],turtlebot5,simulation,robot-pose,x=-38.16;y=21.55;yaw=0.28
592.950000048,[debug],turtlebot1,simulation,robot-pose,x=-33.88;y=18.79;yaw=3.01
592.950000048,[debug],turtlebot1,simulation,robot-pose,x=-33.88;y=18.79;yaw=3.01
593.150000095,[debug],turtlebot2,simulation,robot-pose,x=-28.64;y=17.61;yaw=-1.52
593.150000095,[debug],turtlebot2,simulation,robot-pose,x=-28.64;y=17.61;yaw=-1.52
593.166666746,[debug],turtlebot4,simulation,robot-pose,x=-21.03;y=18.00;yaw=-1.54
593.166666746,[debug],turtlebot3,simulation,robot-pose,x=-40.39;y=25.23;yaw=0.33
593.200000048,[debug],turtlebot5,simulation,robot-pose,x=-38.16;y=21.55;yaw=0.29
593.316666603,[debug],turtlebot4,simulation,robot-pose,x=-21.03;y=18.00;yaw=-1.54
593.316666603,[debug],turtlebot3,simulation,robot-pose,x=-40.39;y=25.23;yaw=0.33
593.333333254,[debug],turtlebot5,simulation,robot-pose,x=-38.16;y=21.55;yaw=0.29
607.950000048,[debug],turtlebot1,simulation,robot-pose,x=-33.88;y=18.79;yaw=3.01
607.950000048,[debug],turtlebot1,simulation,robot-pose,x=-33.88;y=18.79;yaw=3.01
608.150000095,[debug],turtlebot2,simulation,robot-pose,x=-28.64;y=17.61;yaw=-1.52
608.150000095,[debug],turtlebot2,simulation,robot-pose,x=-28.64;y=17.61;yaw=-1.52
608.166666746,[debug],turtlebot3,simulation,robot-pose,x=-40.39;y=25.23;yaw=0.33
608.166666746,[debug],turtlebot3,simulation,robot-pose,x=-40.39;y=25.23;yaw=0.33
608.166666746,[debug],turtlebot4,simulation,robot-pose,x=-21.03;y=18.00;yaw=-1.54
608.200000048,[debug],turtlebot5,simulation,robot-pose,x=-38.16;y=21.55;yaw=0.30
608.333333254,[debug],turtlebot4,simulation,robot-pose,x=-21.03;y=18.00;yaw=-1.54
608.333333254,[debug],turtlebot5,simulation,robot-pose,x=-38.16;y=21.55;yaw=0.30
622.950000048,[debug],turtlebot1,simulation,robot-pose,x=-33.88;y=18.79;yaw=3.01
622.950000048,[debug],turtlebot1,simulation,robot-pose,x=-33.88;y=18.79;yaw=3.01
623.150000095,[debug],turtlebot2,simulation,robot-pose,x=-28.64;y=17.61;yaw=-1.52
623.166666746,[debug],turtlebot2,simulation,robot-pose,x=-28.64;y=17.61;yaw=-1.52
623.166666746,[debug],turtlebot3,simulation,robot-pose,x=-40.39;y=25.23;yaw=0.33
623.166666746,[debug],turtlebot4,simulation,robot-pose,x=-21.03;y=18.00;yaw=-1.54
623.200000048,[debug],turtlebot5,simulation,robot-pose,x=-38.16;y=21.55;yaw=0.30
623.299999952,[debug],turtlebot3,simulation,robot-pose,x=-40.39;y=25.23;yaw=0.33
623.299999952,[debug],turtlebot4,simulation,robot-pose,x=-21.03;y=18.00;yaw=-1.54
623.316666603,[debug],turtlebot5,simulation,robot-pose,x=-38.16;y=21.55;yaw=0.30
631.400000095,[info],turtlebot2,skill-life-cycle,wait_message,(status=RUNNING, parameters=['r1'])
637.950000048,[debug],turtlebot1,simulation,robot-pose,x=-33.88;y=18.79;yaw=3.01
637.950000048,[debug],turtlebot1,simulation,robot-pose,x=-33.88;y=18.79;yaw=3.01
638.150000095,[debug],turtlebot2,simulation,robot-pose,x=-28.64;y=17.61;yaw=-1.52
638.150000095,[debug],turtlebot2,simulation,robot-pose,x=-28.64;y=17.61;yaw=-1.52
638.166666746,[debug],turtlebot4,simulation,robot-pose,x=-21.03;y=18.00;yaw=-1.54
638.166666746,[debug],turtlebot3,simulation,robot-pose,x=-40.39;y=25.23;yaw=0.33
638.200000048,[debug],turtlebot5,simulation,robot-pose,x=-38.16;y=21.55;yaw=0.30
638.299999952,[debug],turtlebot4,simulation,robot-pose,x=-21.03;y=18.00;yaw=-1.54
638.299999952,[debug],turtlebot3,simulation,robot-pose,x=-40.39;y=25.23;yaw=0.33
638.299999952,[debug],turtlebot5,simulation,robot-pose,x=-38.16;y=21.55;yaw=0.30
652.950000048,[debug],turtlebot1,simulation,robot-pose,x=-33.88;y=18.79;yaw=3.01
652.950000048,[debug],turtlebot1,simulation,robot-pose,x=-33.88;y=18.79;yaw=3.01
653.150000095,[debug],turtlebot2,simulation,robot-pose,x=-28.64;y=17.61;yaw=-1.52
653.150000095,[debug],turtlebot2,simulation,robot-pose,x=-28.64;y=17.61;yaw=-1.52
653.166666746,[debug],turtlebot4,simulation,robot-pose,x=-21.03;y=18.00;yaw=-1.54
653.166666746,[debug],turtlebot3,simulation,robot-pose,x=-40.39;y=25.23;yaw=0.33
653.200000048,[debug],turtlebot5,simulation,robot-pose,x=-38.16;y=21.55;yaw=0.31
653.316666603,[debug],turtlebot4,simulation,robot-pose,x=-21.03;y=18.00;yaw=-1.54
653.333333254,[debug],turtlebot3,simulation,robot-pose,x=-40.39;y=25.23;yaw=0.33
653.333333254,[debug],turtlebot5,simulation,robot-pose,x=-38.16;y=21.55;yaw=0.31
667.950000048,[debug],turtlebot1,simulation,robot-pose,x=-33.88;y=18.79;yaw=3.01
667.950000048,[debug],turtlebot1,simulation,robot-pose,x=-33.88;y=18.79;yaw=3.01
668.150000095,[debug],turtlebot2,simulation,robot-pose,x=-28.64;y=17.61;yaw=-1.52
668.150000095,[debug],turtlebot2,simulation,robot-pose,x=-28.64;y=17.61;yaw=-1.52
668.166666746,[debug],turtlebot3,simulation,robot-pose,x=-40.39;y=25.23;yaw=0.33
668.166666746,[debug],turtlebot4,simulation,robot-pose,x=-21.03;y=18.00;yaw=-1.54
668.200000048,[debug],turtlebot5,simulation,robot-pose,x=-38.16;y=21.55;yaw=0.31
668.316666603,[debug],turtlebot3,simulation,robot-pose,x=-40.39;y=25.23;yaw=0.33
668.316666603,[debug],turtlebot4,simulation,robot-pose,x=-21.03;y=18.00;yaw=-1.54
668.316666603,[debug],turtlebot5,simulation,robot-pose,x=-38.16;y=21.55;yaw=0.31
682.950000048,[debug],turtlebot1,simulation,robot-pose,x=-33.88;y=18.79;yaw=3.01
682.950000048,[debug],turtlebot1,simulation,robot-pose,x=-33.88;y=18.79;yaw=3.01
683.166666746,[debug],turtlebot2,simulation,robot-pose,x=-28.64;y=17.61;yaw=-1.52
683.166666746,[debug],turtlebot2,simulation,robot-pose,x=-28.64;y=17.61;yaw=-1.52
683.166666746,[debug],turtlebot3,simulation,robot-pose,x=-40.39;y=25.23;yaw=0.33
683.166666746,[debug],turtlebot4,simulation,robot-pose,x=-21.03;y=18.00;yaw=-1.54
683.200000048,[debug],turtlebot5,simulation,robot-pose,x=-38.16;y=21.55;yaw=0.32
683.299999952,[debug],turtlebot3,simulation,robot-pose,x=-40.39;y=25.23;yaw=0.33
683.299999952,[debug],turtlebot4,simulation,robot-pose,x=-21.03;y=18.00;yaw=-1.54
683.316666603,[debug],turtlebot5,simulation,robot-pose,x=-38.16;y=21.55;yaw=0.32
685.716666698,[info],turtlebot2,skill-life-cycle,wait_message,(status=RUNNING, parameters=['r1'])
697.950000048,[debug],turtlebot1,simulation,robot-pose,x=-33.88;y=18.79;yaw=3.01
697.950000048,[debug],turtlebot1,simulation,robot-pose,x=-33.88;y=18.79;yaw=3.01
698.166666746,[debug],turtlebot2,simulation,robot-pose,x=-28.64;y=17.61;yaw=-1.52
698.166666746,[debug],turtlebot2,simulation,robot-pose,x=-28.64;y=17.61;yaw=-1.52
698.166666746,[debug],turtlebot3,simulation,robot-pose,x=-40.39;y=25.23;yaw=0.33
698.166666746,[debug],turtlebot4,simulation,robot-pose,x=-21.03;y=18.00;yaw=-1.54
698.200000048,[debug],turtlebot5,simulation,robot-pose,x=-38.16;y=21.55;yaw=0.32
698.299999952,[debug],turtlebot3,simulation,robot-pose,x=-40.39;y=25.23;yaw=0.33
698.299999952,[debug],turtlebot4,simulation,robot-pose,x=-21.03;y=18.00;yaw=-1.54
698.299999952,[debug],turtlebot5,simulation,robot-pose,x=-38.16;y=21.55;yaw=0.32
712.950000048,[debug],turtlebot1,simulation,robot-pose,x=-33.88;y=18.79;yaw=3.01
712.950000048,[debug],turtlebot1,simulation,robot-pose,x=-33.88;y=18.79;yaw=3.01
713.150000095,[debug],turtlebot2,simulation,robot-pose,x=-28.64;y=17.61;yaw=-1.52
713.150000095,[debug],turtlebot2,simulation,robot-pose,x=-28.64;y=17.61;yaw=-1.52
713.166666746,[debug],turtlebot3,simulation,robot-pose,x=-40.39;y=25.23;yaw=0.33
713.166666746,[debug],turtlebot4,simulation,robot-pose,x=-21.03;y=18.00;yaw=-1.54
713.200000048,[debug],turtlebot5,simulation,robot-pose,x=-38.15;y=21.55;yaw=0.33
713.316666603,[debug],turtlebot3,simulation,robot-pose,x=-40.39;y=25.23;yaw=0.33
713.316666603,[debug],turtlebot4,simulation,robot-pose,x=-21.03;y=18.00;yaw=-1.54
713.316666603,[debug],turtlebot5,simulation,robot-pose,x=-38.15;y=21.55;yaw=0.33
727.950000048,[debug],turtlebot1,simulation,robot-pose,x=-33.88;y=18.79;yaw=3.01
727.950000048,[debug],turtlebot1,simulation,robot-pose,x=-33.88;y=18.79;yaw=3.01
728.150000095,[debug],turtlebot2,simulation,robot-pose,x=-28.64;y=17.61;yaw=-1.52
728.150000095,[debug],turtlebot2,simulation,robot-pose,x=-28.64;y=17.61;yaw=-1.52
728.166666746,[debug],turtlebot4,simulation,robot-pose,x=-21.03;y=18.00;yaw=-1.54
728.166666746,[debug],turtlebot3,simulation,robot-pose,x=-40.39;y=25.23;yaw=0.33
728.200000048,[debug],turtlebot5,simulation,robot-pose,x=-38.15;y=21.56;yaw=0.34
728.316666603,[debug],turtlebot4,simulation,robot-pose,x=-21.03;y=18.00;yaw=-1.54
728.333333254,[debug],turtlebot3,simulation,robot-pose,x=-40.39;y=25.23;yaw=0.33
728.333333254,[debug],turtlebot5,simulation,robot-pose,x=-38.15;y=21.56;yaw=0.34
739.733333349,[info],turtlebot2,skill-life-cycle,wait_message,(status=RUNNING, parameters=['r1'])
742.950000048,[debug],turtlebot1,simulation,robot-pose,x=-33.88;y=18.79;yaw=3.01
742.950000048,[debug],turtlebot1,simulation,robot-pose,x=-33.88;y=18.79;yaw=3.01
743.150000095,[debug],turtlebot2,simulation,robot-pose,x=-28.64;y=17.61;yaw=-1.52
743.150000095,[debug],turtlebot2,simulation,robot-pose,x=-28.64;y=17.61;yaw=-1.52
743.166666746,[debug],turtlebot3,simulation,robot-pose,x=-40.39;y=25.23;yaw=0.33
743.183333397,[debug],turtlebot4,simulation,robot-pose,x=-21.03;y=18.00;yaw=-1.54
743.200000048,[debug],turtlebot5,simulation,robot-pose,x=-38.15;y=21.56;yaw=0.34
743.316666603,[debug],turtlebot3,simulation,robot-pose,x=-40.39;y=25.23;yaw=0.33
743.316666603,[debug],turtlebot4,simulation,robot-pose,x=-21.03;y=18.00;yaw=-1.54
743.316666603,[debug],turtlebot5,simulation,robot-pose,x=-38.15;y=21.56;yaw=0.34
757.950000048,[debug],turtlebot1,simulation,robot-pose,x=-33.88;y=18.79;yaw=3.01
757.950000048,[debug],turtlebot1,simulation,robot-pose,x=-33.88;y=18.79;yaw=3.01
758.166666746,[debug],turtlebot2,simulation,robot-pose,x=-28.64;y=17.61;yaw=-1.52
758.166666746,[debug],turtlebot2,simulation,robot-pose,x=-28.64;y=17.61;yaw=-1.52
758.166666746,[debug],turtlebot4,simulation,robot-pose,x=-21.03;y=18.00;yaw=-1.54
758.166666746,[debug],turtlebot3,simulation,robot-pose,x=-40.39;y=25.23;yaw=0.33
758.200000048,[debug],turtlebot5,simulation,robot-pose,x=-38.15;y=21.56;yaw=0.35
758.299999952,[debug],turtlebot4,simulation,robot-pose,x=-21.03;y=18.00;yaw=-1.54
758.299999952,[debug],turtlebot3,simulation,robot-pose,x=-40.39;y=25.23;yaw=0.33
758.316666603,[debug],turtlebot5,simulation,robot-pose,x=-38.15;y=21.56;yaw=0.35
772.950000048,[debug],turtlebot1,simulation,robot-pose,x=-33.88;y=18.79;yaw=3.01
772.950000048,[debug],turtlebot1,simulation,robot-pose,x=-33.88;y=18.79;yaw=3.01
773.150000095,[debug],turtlebot2,simulation,robot-pose,x=-28.64;y=17.61;yaw=-1.52
773.150000095,[debug],turtlebot2,simulation,robot-pose,x=-28.64;y=17.61;yaw=-1.52
773.166666746,[debug],turtlebot3,simulation,robot-pose,x=-40.39;y=25.23;yaw=0.33
773.166666746,[debug],turtlebot4,simulation,robot-pose,x=-21.03;y=18.00;yaw=-1.54
773.200000048,[debug],turtlebot5,simulation,robot-pose,x=-38.15;y=21.56;yaw=0.35
773.316666603,[debug],turtlebot3,simulation,robot-pose,x=-40.39;y=25.23;yaw=0.33
773.316666603,[debug],turtlebot4,simulation,robot-pose,x=-21.03;y=18.00;yaw=-1.54
773.316666603,[debug],turtlebot5,simulation,robot-pose,x=-38.15;y=21.56;yaw=0.35
787.950000048,[debug],turtlebot1,simulation,robot-pose,x=-33.88;y=18.79;yaw=3.01
787.950000048,[debug],turtlebot1,simulation,robot-pose,x=-33.88;y=18.79;yaw=3.01
788.150000095,[debug],turtlebot2,simulation,robot-pose,x=-28.64;y=17.61;yaw=-1.52
788.150000095,[debug],turtlebot2,simulation,robot-pose,x=-28.64;y=17.61;yaw=-1.52
788.166666746,[debug],turtlebot4,simulation,robot-pose,x=-21.03;y=18.00;yaw=-1.54
788.166666746,[debug],turtlebot3,simulation,robot-pose,x=-40.39;y=25.23;yaw=0.33
788.200000048,[debug],turtlebot5,simulation,robot-pose,x=-38.15;y=21.56;yaw=0.34
788.316666603,[debug],turtlebot4,simulation,robot-pose,x=-21.03;y=18.00;yaw=-1.54
788.316666603,[debug],turtlebot3,simulation,robot-pose,x=-40.39;y=25.23;yaw=0.33
788.316666603,[debug],turtlebot5,simulation,robot-pose,x=-38.15;y=21.56;yaw=0.34
793.766666651,[info],turtlebot2,skill-life-cycle,wait_message,(status=RUNNING, parameters=['r1'])
802.950000048,[debug],turtlebot1,simulation,robot-pose,x=-33.88;y=18.79;yaw=3.01
802.950000048,[debug],turtlebot1,simulation,robot-pose,x=-33.88;y=18.79;yaw=3.01
803.150000095,[debug],turtlebot2,simulation,robot-pose,x=-28.64;y=17.61;yaw=-1.52
803.150000095,[debug],turtlebot2,simulation,robot-pose,x=-28.64;y=17.61;yaw=-1.52
803.166666746,[debug],turtlebot3,simulation,robot-pose,x=-40.39;y=25.23;yaw=0.33
803.166666746,[debug],turtlebot4,simulation,robot-pose,x=-21.03;y=18.00;yaw=-1.54
803.200000048,[debug],turtlebot5,simulation,robot-pose,x=-38.15;y=21.56;yaw=0.34
803.316666603,[debug],turtlebot3,simulation,robot-pose,x=-40.39;y=25.23;yaw=0.33
803.316666603,[debug],turtlebot4,simulation,robot-pose,x=-21.03;y=18.00;yaw=-1.54
803.316666603,[debug],turtlebot5,simulation,robot-pose,x=-38.15;y=21.56;yaw=0.34
817.950000048,[debug],turtlebot1,simulation,robot-pose,x=-33.88;y=18.79;yaw=3.01
817.950000048,[debug],turtlebot1,simulation,robot-pose,x=-33.88;y=18.79;yaw=3.01
818.150000095,[debug],turtlebot2,simulation,robot-pose,x=-28.64;y=17.61;yaw=-1.52
818.150000095,[debug],turtlebot2,simulation,robot-pose,x=-28.64;y=17.61;yaw=-1.52
818.166666746,[debug],turtlebot4,simulation,robot-pose,x=-21.03;y=18.00;yaw=-1.54
818.166666746,[debug],turtlebot3,simulation,robot-pose,x=-40.39;y=25.23;yaw=0.33
818.200000048,[debug],turtlebot5,simulation,robot-pose,x=-38.15;y=21.57;yaw=0.34
818.299999952,[debug],turtlebot4,simulation,robot-pose,x=-21.03;y=18.00;yaw=-1.54
818.299999952,[debug],turtlebot3,simulation,robot-pose,x=-40.39;y=25.23;yaw=0.33
818.299999952,[debug],turtlebot5,simulation,robot-pose,x=-38.15;y=21.57;yaw=0.34
832.950000048,[debug],turtlebot1,simulation,robot-pose,x=-33.88;y=18.79;yaw=3.01
832.950000048,[debug],turtlebot1,simulation,robot-pose,x=-33.88;y=18.79;yaw=3.01
833.150000095,[debug],turtlebot2,simulation,robot-pose,x=-28.64;y=17.61;yaw=-1.52
833.150000095,[debug],turtlebot2,simulation,robot-pose,x=-28.64;y=17.61;yaw=-1.52
833.166666746,[debug],turtlebot4,simulation,robot-pose,x=-21.03;y=18.00;yaw=-1.54
833.166666746,[debug],turtlebot3,simulation,robot-pose,x=-40.39;y=25.23;yaw=0.33
833.200000048,[debug],turtlebot5,simulation,robot-pose,x=-38.15;y=21.57;yaw=0.34
833.299999952,[debug],turtlebot4,simulation,robot-pose,x=-21.03;y=18.00;yaw=-1.54
833.299999952,[debug],turtlebot3,simulation,robot-pose,x=-40.39;y=25.23;yaw=0.33
833.299999952,[debug],turtlebot5,simulation,robot-pose,x=-38.15;y=21.57;yaw=0.34
847.849999905,[info],turtlebot2,skill-life-cycle,wait_message,(status=RUNNING, parameters=['r1'])
847.950000048,[debug],turtlebot1,simulation,robot-pose,x=-33.88;y=18.79;yaw=3.01
847.950000048,[debug],turtlebot1,simulation,robot-pose,x=-33.88;y=18.79;yaw=3.01
848.150000095,[debug],turtlebot2,simulation,robot-pose,x=-28.64;y=17.61;yaw=-1.52
848.150000095,[debug],turtlebot2,simulation,robot-pose,x=-28.64;y=17.61;yaw=-1.52
848.166666746,[debug],turtlebot3,simulation,robot-pose,x=-40.39;y=25.23;yaw=0.33
848.166666746,[debug],turtlebot4,simulation,robot-pose,x=-21.03;y=18.00;yaw=-1.54
848.200000048,[debug],turtlebot5,simulation,robot-pose,x=-38.15;y=21.57;yaw=0.34
848.299999952,[debug],turtlebot3,simulation,robot-pose,x=-40.39;y=25.23;yaw=0.33
848.299999952,[debug],turtlebot4,simulation,robot-pose,x=-21.03;y=18.00;yaw=-1.54
848.316666603,[debug],turtlebot5,simulation,robot-pose,x=-38.15;y=21.57;yaw=0.34
859.150000095,[warn],turtlebot2,simulation,LOW BATTERY,0.049999999999994396
859.150000095,[warn],turtlebot2,simulation,LOW BATTERY,0.049999999999994396
859.150000095,ENDLOWBATT
859.150000095,ENDLOWBATT
862.950000048,[debug],turtlebot1,simulation,robot-pose,x=-33.88;y=18.79;yaw=3.01
862.950000048,[debug],turtlebot1,simulation,robot-pose,x=-33.88;y=18.79;yaw=3.01
863.150000095,[debug],turtlebot2,simulation,robot-pose,x=-28.64;y=17.61;yaw=-1.52
863.150000095,[debug],turtlebot2,simulation,robot-pose,x=-28.64;y=17.61;yaw=-1.52
863.166666746,[debug],turtlebot4,simulation,robot-pose,x=-21.03;y=18.00;yaw=-1.54
863.166666746,[debug],turtlebot3,simulation,robot-pose,x=-40.39;y=25.23;yaw=0.33
863.200000048,[debug],turtlebot5,simulation,robot-pose,x=-38.15;y=21.57;yaw=0.34
863.266666651,[debug],turtlebot4,simulation,robot-pose,x=-21.03;y=18.00;yaw=-1.54
863.266666651,[debug],turtlebot3,simulation,robot-pose,x=-40.39;y=25.23;yaw=0.33
863.266666651,[debug],turtlebot5,simulation,robot-pose,x=-38.15;y=21.57;yaw=0.34
0.0,[debug],simulation closed,low-battery,execution-wall-clock=1013.1111218929291
