0.0,0.0,[debug],logger,init,time
ROBOTS_CONFIG=[{"avg_speed": 0.15, "battery_charge": 0.59, "battery_discharge_rate": 0.00017, "id": 0, "local_plan": [["navigation", ["IC Room 2", [[-13.5, 18.0, -1.57], [-13.5, 16.0], [-37.0, 16.0], [-37.0, 21.5], [-38.0, 21.5, 0.0]]]], ["approach_person", ["nurse"]], ["authenticate_person", ["nurse"]], ["operate_drawer", ["open"]], ["send_message", ["nurse"]], ["wait_message", ["r1"]], ["operate_drawer", ["close"]], ["navigation", ["Laboratory", [[-38.0, 21.5, 0.0], [-37.0, 21.5], [-37.0, 16.0], [-26.0, 16.0], [-26.0, 13.0, 1.57]]]], ["approach_robot", ["lab_arm"]], ["operate_drawer", ["open"]], ["send_message", ["lab_arm"]], ["wait_message", ["r1"]], ["operate_drawer", ["close"]]], "location": "PC Room 7", "position": [-13.5, 18.0, -1.57], "skills": ["approach_person", "approach_robot", "authenticate_person", "deposit", "navigation", "pick_up"]}, {"avg_speed": 0.15, "battery_charge": 0.22, "battery_discharge_rate": 0.00015000000000000001, "id": 1, "local_plan": null, "location": "IC Room 4", "position": [-39.44, 33.95, 0.0], "skills": ["approach_person", "approach_robot", "authenticate_person", "deposit", "navigation", "operate_drawer", "pick_up"]}, {"avg_speed": 0.15, "battery_charge": 0.73, "battery_discharge_rate": 0.0001, "id": 2, "local_plan": null, "location": "IC Room 3", "position": [-40.23, 25.37, 0.0], "skills": ["approach_person", "approach_robot", "authenticate_person", "deposit", "navigation", "operate_drawer", "pick_up"]}, {"avg_speed": 0.15, "battery_charge": 0.72, "battery_discharge_rate": 0.00013000000000000002, "id": 3, "local_plan": null, "location": "IC Room 5", "position": [-32.88, 33.98, 3.14], "skills": ["approach_person", "approach_robot", "authenticate_person", "deposit", "navigation", "pick_up"]}, {"avg_speed": 0.15, "battery_charge": 0.35000000000000003, "battery_discharge_rate": 0.00012000000000000002, "id": 4, "local_plan": null, "location": "PC Room 5", "position": [-21.0, 18.0, -1.57], "skills": ["approach_person", "approach_robot", "authenticate_person", "deposit", "navigation", "operate_drawer", "pick_up"]}]
NURSES_CONFIG=[{"location": "IC Room 2", "position": [-39.0, 20.5, 0.0]}]
logger,1626484101881269216,Simulation open
0.0,[debug],logger,init,subcribing to in the topic /log
1.65000009537,[debug],turtlebot5,move-base-info,Move_base is up and ok....,
1.65000009537,[debug],turtlebot2,move-base-info,Move_base is up and ok....,
1.66666674614,[debug],turtlebot3,move-base-info,Move_base is up and ok....,
1.71666669846,[debug],turtlebot1,move-base-info,Move_base is up and ok....,
1.93333339691,[debug],turtlebot4,move-base-info,Move_base is up and ok....,
5.45000004768,[info],turtlebot1,skill-life-cycle,init_robobt,(status=RUNNING, parameters=[])
6.8833334446,[info],turtlebot3,skill-life-cycle,init_robobt,(status=RUNNING, parameters=[])
8.23333334923,[debug],turtlebot1,available-skills,['send_message', 'wait_message', 'approach_person', 'approach_robot', 'authenticate_person', 'deposit', 'navigation', 'pick_up'],
8.23333334923,[info],turtlebot1,skill-life-cycle,navigation,(status=STARTED, parameters=[[-13.5, 16.0, 3.141592653589793, True], [-37.0, 16.0, 1.5707963267948966, True], [-37.0, 21.5, 3.141592653589793, True], [-38.0, 21.5, 0.0, False]])
9.23333334923,[info],turtlebot4,skill-life-cycle,init_robobt,(status=RUNNING, parameters=[])
9.33333325386,[info],turtlebot5,skill-life-cycle,init_robobt,(status=RUNNING, parameters=[])
23.7999999523,[debug],turtlebot1,simulation,robot-pose,x=-13.53;y=17.02;yaw=-1.58
23.7999999523,[debug],turtlebot1,simulation,robot-pose,x=-13.53;y=17.02;yaw=-1.58
24.0666666031,[debug],turtlebot2,simulation,robot-pose,x=-39.51;y=33.84;yaw=0.46
24.0666666031,[debug],turtlebot2,simulation,robot-pose,x=-39.51;y=33.84;yaw=0.46
24.0833332539,[debug],turtlebot4,simulation,robot-pose,x=-32.89;y=33.97;yaw=-3.10
24.0833332539,[debug],turtlebot3,simulation,robot-pose,x=-40.39;y=25.23;yaw=0.34
24.0833332539,[debug],turtlebot4,simulation,robot-pose,x=-32.89;y=33.97;yaw=-3.10
24.0833332539,[debug],turtlebot3,simulation,robot-pose,x=-40.39;y=25.23;yaw=0.34
24.0999999046,[debug],turtlebot5,simulation,robot-pose,x=-20.99;y=18.00;yaw=-1.54
24.0999999046,[debug],turtlebot5,simulation,robot-pose,x=-20.99;y=18.00;yaw=-1.54
34.3499999046,[debug],turtlebot1,move-base-info,Hooray, the base moved arrived,(x=-13.5;y=16)
34.3499999046,[debug],turtlebot1,move-base-info,Hooray, the base moved arrived,(x=-13.5;y=16)
34.3499999046,[debug],turtlebot1,task-update,navigation,way-point-reached,25.0%
38.7999999523,[debug],turtlebot1,simulation,robot-pose,x=-13.50;y=16.45;yaw=-3.09
38.7999999523,[debug],turtlebot1,simulation,robot-pose,x=-13.50;y=16.45;yaw=-3.09
39.0666666031,[debug],turtlebot2,simulation,robot-pose,x=-39.51;y=33.84;yaw=0.46
39.0666666031,[debug],turtlebot2,simulation,robot-pose,x=-39.51;y=33.84;yaw=0.46
39.0833332539,[debug],turtlebot4,simulation,robot-pose,x=-32.89;y=33.97;yaw=-3.10
39.0833332539,[debug],turtlebot4,simulation,robot-pose,x=-32.89;y=33.97;yaw=-3.10
39.0833332539,[debug],turtlebot3,simulation,robot-pose,x=-40.39;y=25.23;yaw=0.33
39.0833332539,[debug],turtlebot3,simulation,robot-pose,x=-40.39;y=25.23;yaw=0.33
39.0999999046,[debug],turtlebot5,simulation,robot-pose,x=-20.99;y=18.00;yaw=-1.54
39.0999999046,[debug],turtlebot5,simulation,robot-pose,x=-20.99;y=18.00;yaw=-1.54
52.8833334446,[info],turtlebot1,skill-life-cycle,navigation,(status=RUNNING, parameters=[[-13.5, 16.0, 3.141592653589793, True], [-37.0, 16.0, 1.5707963267948966, True], [-37.0, 21.5, 3.141592653589793, True], [-38.0, 21.5, 0.0, False]])
53.7999999523,[debug],turtlebot1,simulation,robot-pose,x=-15.15;y=15.81;yaw=-3.03
53.7999999523,[debug],turtlebot1,simulation,robot-pose,x=-15.15;y=15.81;yaw=-3.03
54.0666666031,[debug],turtlebot2,simulation,robot-pose,x=-39.51;y=33.84;yaw=0.46
54.0666666031,[debug],turtlebot2,simulation,robot-pose,x=-39.51;y=33.84;yaw=0.46
54.0833332539,[debug],turtlebot4,simulation,robot-pose,x=-32.89;y=33.97;yaw=-3.10
54.0833332539,[debug],turtlebot4,simulation,robot-pose,x=-32.89;y=33.97;yaw=-3.10
54.0833332539,[debug],turtlebot3,simulation,robot-pose,x=-40.39;y=25.23;yaw=0.33
54.0833332539,[debug],turtlebot3,simulation,robot-pose,x=-40.39;y=25.23;yaw=0.33
54.0999999046,[debug],turtlebot5,simulation,robot-pose,x=-20.99;y=18.00;yaw=-1.54
54.0999999046,[debug],turtlebot5,simulation,robot-pose,x=-20.99;y=18.00;yaw=-1.54
68.7999999523,[debug],turtlebot1,simulation,robot-pose,x=-17.79;y=15.96;yaw=-3.00
68.7999999523,[debug],turtlebot1,simulation,robot-pose,x=-17.79;y=15.96;yaw=-3.00
69.0666666031,[debug],turtlebot2,simulation,robot-pose,x=-39.51;y=33.84;yaw=0.46
69.0666666031,[debug],turtlebot2,simulation,robot-pose,x=-39.51;y=33.84;yaw=0.46
69.0833332539,[debug],turtlebot4,simulation,robot-pose,x=-32.89;y=33.97;yaw=-3.10
69.0833332539,[debug],turtlebot4,simulation,robot-pose,x=-32.89;y=33.97;yaw=-3.10
69.0833332539,[debug],turtlebot3,simulation,robot-pose,x=-40.39;y=25.23;yaw=0.33
69.0833332539,[debug],turtlebot3,simulation,robot-pose,x=-40.39;y=25.23;yaw=0.33
69.0999999046,[debug],turtlebot5,simulation,robot-pose,x=-20.99;y=18.00;yaw=-1.54
69.0999999046,[debug],turtlebot5,simulation,robot-pose,x=-20.99;y=18.00;yaw=-1.54
83.7999999523,[debug],turtlebot1,simulation,robot-pose,x=-20.43;y=16.15;yaw=-2.90
83.7999999523,[debug],turtlebot1,simulation,robot-pose,x=-20.43;y=16.15;yaw=-2.90
84.0666666031,[debug],turtlebot2,simulation,robot-pose,x=-39.51;y=33.84;yaw=0.46
84.0666666031,[debug],turtlebot2,simulation,robot-pose,x=-39.51;y=33.84;yaw=0.46
84.0833332539,[debug],turtlebot3,simulation,robot-pose,x=-40.39;y=25.23;yaw=0.33
84.0833332539,[debug],turtlebot4,simulation,robot-pose,x=-32.90;y=33.97;yaw=-3.10
84.0833332539,[debug],turtlebot3,simulation,robot-pose,x=-40.39;y=25.23;yaw=0.33
84.0833332539,[debug],turtlebot4,simulation,robot-pose,x=-32.90;y=33.97;yaw=-3.10
84.0999999046,[debug],turtlebot5,simulation,robot-pose,x=-20.99;y=18.00;yaw=-1.54
84.0999999046,[debug],turtlebot5,simulation,robot-pose,x=-20.99;y=18.00;yaw=-1.54
98.7999999523,[debug],turtlebot1,simulation,robot-pose,x=-22.91;y=16.14;yaw=-3.12
98.7999999523,[debug],turtlebot1,simulation,robot-pose,x=-22.91;y=16.14;yaw=-3.12
99.0666666031,[debug],turtlebot2,simulation,robot-pose,x=-39.51;y=33.84;yaw=0.46
99.0666666031,[debug],turtlebot2,simulation,robot-pose,x=-39.51;y=33.84;yaw=0.46
99.0833332539,[debug],turtlebot3,simulation,robot-pose,x=-40.39;y=25.23;yaw=0.33
99.0833332539,[debug],turtlebot3,simulation,robot-pose,x=-40.39;y=25.23;yaw=0.33
99.0833332539,[debug],turtlebot4,simulation,robot-pose,x=-32.90;y=33.97;yaw=-3.10
99.0833332539,[debug],turtlebot4,simulation,robot-pose,x=-32.90;y=33.97;yaw=-3.10
99.0999999046,[debug],turtlebot5,simulation,robot-pose,x=-20.99;y=18.00;yaw=-1.54
99.0999999046,[debug],turtlebot5,simulation,robot-pose,x=-20.99;y=18.00;yaw=-1.54
102.400000095,[info],turtlebot1,skill-life-cycle,navigation,(status=RUNNING, parameters=[[-13.5, 16.0, 3.141592653589793, True], [-37.0, 16.0, 1.5707963267948966, True], [-37.0, 21.5, 3.141592653589793, True], [-38.0, 21.5, 0.0, False]])
113.799999952,[debug],turtlebot1,simulation,robot-pose,x=-25.40;y=16.14;yaw=3.14
113.799999952,[debug],turtlebot1,simulation,robot-pose,x=-25.40;y=16.14;yaw=3.14
114.066666603,[debug],turtlebot2,simulation,robot-pose,x=-39.51;y=33.84;yaw=0.46
114.066666603,[debug],turtlebot2,simulation,robot-pose,x=-39.51;y=33.84;yaw=0.46
114.083333254,[debug],turtlebot4,simulation,robot-pose,x=-32.90;y=33.97;yaw=-3.09
114.083333254,[debug],turtlebot4,simulation,robot-pose,x=-32.90;y=33.97;yaw=-3.09
114.083333254,[debug],turtlebot3,simulation,robot-pose,x=-40.39;y=25.23;yaw=0.33
114.083333254,[debug],turtlebot3,simulation,robot-pose,x=-40.39;y=25.23;yaw=0.33
114.099999905,[debug],turtlebot5,simulation,robot-pose,x=-20.99;y=18.00;yaw=-1.54
114.099999905,[debug],turtlebot5,simulation,robot-pose,x=-20.99;y=18.00;yaw=-1.54
128.799999952,[debug],turtlebot1,simulation,robot-pose,x=-27.89;y=16.13;yaw=-3.14
128.799999952,[debug],turtlebot1,simulation,robot-pose,x=-27.89;y=16.13;yaw=-3.14
129.066666603,[debug],turtlebot2,simulation,robot-pose,x=-39.51;y=33.84;yaw=0.46
129.066666603,[debug],turtlebot2,simulation,robot-pose,x=-39.51;y=33.84;yaw=0.46
129.083333254,[debug],turtlebot3,simulation,robot-pose,x=-40.39;y=25.23;yaw=0.33
129.083333254,[debug],turtlebot3,simulation,robot-pose,x=-40.39;y=25.23;yaw=0.33
129.083333254,[debug],turtlebot4,simulation,robot-pose,x=-32.90;y=33.97;yaw=-3.09
129.083333254,[debug],turtlebot4,simulation,robot-pose,x=-32.90;y=33.97;yaw=-3.09
129.099999905,[debug],turtlebot5,simulation,robot-pose,x=-21.00;y=18.00;yaw=-1.54
129.099999905,[debug],turtlebot5,simulation,robot-pose,x=-21.00;y=18.00;yaw=-1.54
143.799999952,[debug],turtlebot1,simulation,robot-pose,x=-30.40;y=16.14;yaw=-3.14
143.799999952,[debug],turtlebot1,simulation,robot-pose,x=-30.40;y=16.14;yaw=-3.14
144.066666603,[debug],turtlebot2,simulation,robot-pose,x=-39.50;y=33.84;yaw=0.46
144.066666603,[debug],turtlebot2,simulation,robot-pose,x=-39.50;y=33.84;yaw=0.46
144.083333254,[debug],turtlebot4,simulation,robot-pose,x=-32.90;y=33.97;yaw=-3.09
144.083333254,[debug],turtlebot4,simulation,robot-pose,x=-32.90;y=33.97;yaw=-3.09
144.083333254,[debug],turtlebot3,simulation,robot-pose,x=-40.39;y=25.23;yaw=0.33
144.083333254,[debug],turtlebot3,simulation,robot-pose,x=-40.39;y=25.23;yaw=0.33
144.099999905,[debug],turtlebot5,simulation,robot-pose,x=-21.00;y=18.00;yaw=-1.54
144.099999905,[debug],turtlebot5,simulation,robot-pose,x=-21.00;y=18.00;yaw=-1.54
151.900000095,[info],turtlebot1,skill-life-cycle,navigation,(status=RUNNING, parameters=[[-13.5, 16.0, 3.141592653589793, True], [-37.0, 16.0, 1.5707963267948966, True], [-37.0, 21.5, 3.141592653589793, True], [-38.0, 21.5, 0.0, False]])
158.799999952,[debug],turtlebot1,simulation,robot-pose,x=-32.92;y=16.16;yaw=-3.13
158.799999952,[debug],turtlebot1,simulation,robot-pose,x=-32.92;y=16.16;yaw=-3.13
159.066666603,[debug],turtlebot2,simulation,robot-pose,x=-39.50;y=33.84;yaw=0.46
159.066666603,[debug],turtlebot2,simulation,robot-pose,x=-39.50;y=33.84;yaw=0.46
159.083333254,[debug],turtlebot4,simulation,robot-pose,x=-32.90;y=33.97;yaw=-3.09
159.083333254,[debug],turtlebot4,simulation,robot-pose,x=-32.90;y=33.97;yaw=-3.09
159.083333254,[debug],turtlebot3,simulation,robot-pose,x=-40.39;y=25.23;yaw=0.33
159.083333254,[debug],turtlebot3,simulation,robot-pose,x=-40.39;y=25.23;yaw=0.33
159.099999905,[debug],turtlebot5,simulation,robot-pose,x=-21.00;y=18.00;yaw=-1.54
159.099999905,[debug],turtlebot5,simulation,robot-pose,x=-21.00;y=18.00;yaw=-1.54
173.799999952,[debug],turtlebot1,simulation,robot-pose,x=-35.41;y=16.15;yaw=3.14
173.799999952,[debug],turtlebot1,simulation,robot-pose,x=-35.41;y=16.15;yaw=3.14
174.066666603,[debug],turtlebot2,simulation,robot-pose,x=-39.50;y=33.84;yaw=0.46
174.066666603,[debug],turtlebot2,simulation,robot-pose,x=-39.50;y=33.84;yaw=0.46
174.083333254,[debug],turtlebot4,simulation,robot-pose,x=-32.90;y=33.97;yaw=-3.09
174.083333254,[debug],turtlebot4,simulation,robot-pose,x=-32.90;y=33.97;yaw=-3.09
174.083333254,[debug],turtlebot3,simulation,robot-pose,x=-40.39;y=25.23;yaw=0.33
174.083333254,[debug],turtlebot3,simulation,robot-pose,x=-40.39;y=25.23;yaw=0.33
174.099999905,[debug],turtlebot5,simulation,robot-pose,x=-21.00;y=18.00;yaw=-1.54
174.099999905,[debug],turtlebot5,simulation,robot-pose,x=-21.00;y=18.00;yaw=-1.54
185.0,[debug],turtlebot1,move-base-info,Hooray, the base moved arrived,(x=-37;y=16)
185.0,[debug],turtlebot1,move-base-info,Hooray, the base moved arrived,(x=-37;y=16)
185.099999905,[debug],turtlebot1,task-update,navigation,way-point-reached,50.0%
188.799999952,[debug],turtlebot1,simulation,robot-pose,x=-36.64;y=16.26;yaw=1.62
188.799999952,[debug],turtlebot1,simulation,robot-pose,x=-36.64;y=16.26;yaw=1.62
189.066666603,[debug],turtlebot2,simulation,robot-pose,x=-39.50;y=33.84;yaw=0.46
189.066666603,[debug],turtlebot2,simulation,robot-pose,x=-39.50;y=33.84;yaw=0.46
189.083333254,[debug],turtlebot3,simulation,robot-pose,x=-40.39;y=25.23;yaw=0.33
189.083333254,[debug],turtlebot3,simulation,robot-pose,x=-40.39;y=25.23;yaw=0.33
189.083333254,[debug],turtlebot4,simulation,robot-pose,x=-32.90;y=33.97;yaw=-3.09
189.083333254,[debug],turtlebot4,simulation,robot-pose,x=-32.90;y=33.97;yaw=-3.09
189.099999905,[debug],turtlebot5,simulation,robot-pose,x=-21.00;y=18.00;yaw=-1.54
189.099999905,[debug],turtlebot5,simulation,robot-pose,x=-21.00;y=18.00;yaw=-1.54
201.466666698,[debug],turtlebot1,move-base-info,Hooray, the base moved arrived,(x=-37;y=21.5)
201.466666698,[debug],turtlebot1,move-base-info,Hooray, the base moved arrived,(x=-37;y=21.5)
201.549999952,[debug],turtlebot1,task-update,navigation,way-point-reached,75.0%
202.933333397,[info],turtlebot1,skill-life-cycle,navigation,(status=RUNNING, parameters=[[-13.5, 16.0, 3.141592653589793, True], [-37.0, 16.0, 1.5707963267948966, True], [-37.0, 21.5, 3.141592653589793, True], [-38.0, 21.5, 0.0, False]])
203.799999952,[debug],turtlebot1,simulation,robot-pose,x=-36.86;y=21.07;yaw=3.10
203.799999952,[debug],turtlebot1,simulation,robot-pose,x=-36.86;y=21.07;yaw=3.10
204.066666603,[debug],turtlebot2,simulation,robot-pose,x=-39.50;y=33.84;yaw=0.46
204.066666603,[debug],turtlebot2,simulation,robot-pose,x=-39.50;y=33.84;yaw=0.46
204.083333254,[debug],turtlebot4,simulation,robot-pose,x=-32.90;y=33.97;yaw=-3.09
204.083333254,[debug],turtlebot3,simulation,robot-pose,x=-40.39;y=25.23;yaw=0.33
204.083333254,[debug],turtlebot4,simulation,robot-pose,x=-32.90;y=33.97;yaw=-3.09
204.083333254,[debug],turtlebot3,simulation,robot-pose,x=-40.39;y=25.23;yaw=0.33
204.099999905,[debug],turtlebot5,simulation,robot-pose,x=-21.01;y=18.00;yaw=-1.54
204.099999905,[debug],turtlebot5,simulation,robot-pose,x=-21.01;y=18.00;yaw=-1.54
216.683333397,[debug],turtlebot1,move-base-info,Hooray, the base moved arrived,(x=-38;y=21.5)
216.683333397,[debug],turtlebot1,move-base-info,Hooray, the base moved arrived,(x=-38;y=21.5)
216.950000048,[debug],turtlebot1,task-update,navigation,way-point-reached,100.0%
217.033333302,[debug],turtlebot1,available-skills,['send_message', 'wait_message', 'approach_person', 'approach_robot', 'authenticate_person', 'deposit', 'navigation', 'pick_up'],
217.033333302,[info],turtlebot1,skill-life-cycle,approach_person,(status=STARTED, parameters=['nurse'])
217.083333254,[debug],turtlebot1,task-update,approach_person,localize-person,(who=nurse)
217.183333397,[debug],turtlebot1,task-update,approach_person,goto-person,(who=nurse)
217.266666651,[debug],turtlebot1,available-skills,['send_message', 'wait_message', 'approach_person', 'approach_robot', 'authenticate_person', 'deposit', 'navigation', 'pick_up'],
217.266666651,[info],turtlebot1,skill-life-cycle,authenticate_person,(status=STARTED, parameters=['nurse'])
217.316666603,[debug],turtlebot1,task-update,authenticate_person,request-authentication,(to=nurse)
217.333333254,[info],nurse,sync,received-request,(status=sending-request)
217.333333254,[info],nurse,sync,received-request,(status=sending-request)
217.783333302,[debug],turtlebot1,task-update,authenticate_person,received-authentication,(from=nurse)
217.883333445,[debug],turtlebot1,available-skills,['send_message', 'wait_message', 'approach_person', 'approach_robot', 'authenticate_person', 'deposit', 'navigation', 'pick_up'],
217.883333445,[info],turtlebot1,skill-life-cycle,fail,(status=STARTED, parameters=['operate_drawer', 'open'])
218.799999952,[debug],turtlebot1,simulation,robot-pose,x=-37.64;y=21.35;yaw=0.05
218.799999952,[debug],turtlebot1,simulation,robot-pose,x=-37.64;y=21.35;yaw=0.05
219.066666603,[debug],turtlebot2,simulation,robot-pose,x=-39.50;y=33.84;yaw=0.46
219.066666603,[debug],turtlebot2,simulation,robot-pose,x=-39.50;y=33.84;yaw=0.46
219.083333254,[debug],turtlebot3,simulation,robot-pose,x=-40.39;y=25.23;yaw=0.33
219.083333254,[debug],turtlebot4,simulation,robot-pose,x=-32.91;y=33.97;yaw=-3.08
219.083333254,[debug],turtlebot3,simulation,robot-pose,x=-40.39;y=25.23;yaw=0.33
219.083333254,[debug],turtlebot4,simulation,robot-pose,x=-32.91;y=33.97;yaw=-3.08
219.099999905,[debug],turtlebot5,simulation,robot-pose,x=-21.01;y=18.00;yaw=-1.54
219.099999905,[debug],turtlebot5,simulation,robot-pose,x=-21.01;y=18.00;yaw=-1.54
219.799999952,[info],turtlebot1,skill-life-cycle,fail,(status=Status.FAILURE, parameters=['operate_drawer', 'open'])
219.799999952,FAILURE
219.900000095,[info],turtlebot1,skill-life-cycle,fail,(status=Status.FAILURE, parameters=['operate_drawer', 'open'])
219.900000095,FAILURE
219.983333349,[info],turtlebot1,skill-life-cycle,fail,(status=Status.FAILURE, parameters=['operate_drawer', 'open'])
219.983333349,FAILURE
220.066666603,[info],turtlebot1,skill-life-cycle,fail,(status=Status.FAILURE, parameters=['operate_drawer', 'open'])
220.066666603,FAILURE
220.150000095,[info],turtlebot1,skill-life-cycle,fail,(status=Status.FAILURE, parameters=['operate_drawer', 'open'])
220.150000095,FAILURE
220.233333349,[info],turtlebot1,skill-life-cycle,fail,(status=Status.FAILURE, parameters=['operate_drawer', 'open'])
220.233333349,FAILURE
220.299999952,[info],turtlebot1,skill-life-cycle,fail,(status=Status.FAILURE, parameters=['operate_drawer', 'open'])
220.299999952,FAILURE
220.383333445,[info],turtlebot1,skill-life-cycle,fail,(status=Status.FAILURE, parameters=['operate_drawer', 'open'])
220.383333445,FAILURE
220.483333349,[info],turtlebot1,skill-life-cycle,fail,(status=Status.FAILURE, parameters=['operate_drawer', 'open'])
220.483333349,FAILURE
220.566666603,[info],turtlebot1,skill-life-cycle,fail,(status=Status.FAILURE, parameters=['operate_drawer', 'open'])
220.566666603,FAILURE
220.650000095,[info],turtlebot1,skill-life-cycle,fail,(status=Status.FAILURE, parameters=['operate_drawer', 'open'])
220.650000095,FAILURE
220.733333349,[info],turtlebot1,skill-life-cycle,fail,(status=Status.FAILURE, parameters=['operate_drawer', 'open'])
220.733333349,FAILURE
220.799999952,[info],turtlebot1,skill-life-cycle,fail,(status=Status.FAILURE, parameters=['operate_drawer', 'open'])
220.799999952,FAILURE
220.883333445,[info],turtlebot1,skill-life-cycle,fail,(status=Status.FAILURE, parameters=['operate_drawer', 'open'])
220.883333445,FAILURE
220.983333349,[info],turtlebot1,skill-life-cycle,fail,(status=Status.FAILURE, parameters=['operate_drawer', 'open'])
220.983333349,FAILURE
221.049999952,[info],turtlebot1,skill-life-cycle,fail,(status=Status.FAILURE, parameters=['operate_drawer', 'open'])
221.049999952,FAILURE
221.116666555,[info],turtlebot1,skill-life-cycle,fail,(status=Status.FAILURE, parameters=['operate_drawer', 'open'])
221.116666555,FAILURE
0.0,[debug],simulation closed,failure-bt,execution-wall-clock=282.28334379196167
