0.0,0.0,[debug],logger,init,time
ROBOTS_CONFIG=[{"avg_speed": 0.15, "battery_charge": 0.34, "battery_discharge_rate": 0.00017, "id": 0, "local_plan": null, "location": "IC Room 6", "position": [-33.9, 18.93, 3.14], "skills": ["approach_person", "approach_robot", "authenticate_person", "deposit", "navigation", "pick_up"]}, {"avg_speed": 0.15, "battery_charge": 0.26, "battery_discharge_rate": 0.00015000000000000001, "id": 1, "local_plan": null, "location": "PC Room 4", "position": [-27.23, 18.0, -1.57], "skills": ["approach_person", "approach_robot", "authenticate_person", "deposit", "navigation", "operate_drawer", "pick_up"]}, {"avg_speed": 0.15, "battery_charge": 0.45, "battery_discharge_rate": 0.0001, "id": 2, "local_plan": null, "location": "IC Room 3", "position": [-40.23, 25.37, 0.0], "skills": ["approach_person", "approach_robot", "authenticate_person", "deposit", "navigation", "operate_drawer", "pick_up"]}, {"avg_speed": 0.15, "battery_charge": 0.43, "battery_discharge_rate": 0.00013000000000000002, "id": 3, "local_plan": null, "location": "PC Room 5", "position": [-21.0, 18.0, -1.57], "skills": ["approach_person", "approach_robot", "authenticate_person", "deposit", "navigation", "operate_drawer", "pick_up"]}, {"avg_speed": 0.15, "battery_charge": 0.16, "battery_discharge_rate": 0.00012000000000000002, "id": 4, "local_plan": [["navigation", ["PC Room 3", [[-38.0, 21.5, 0.0], [-37.0, 21.5], [-37.0, 16.0], [-28.5, 16.0], [-28.5, 18.0, -1.57]]]], ["approach_person", ["nurse"]], ["authenticate_person", ["nurse"]], ["operate_drawer", ["open"]], ["send_message", ["nurse"]], ["wait_message", ["r1"]], ["operate_drawer", ["close"]], ["navigation", ["Laboratory", [[-28.5, 18.0, -1.57], [-28.5, 16.0], [-26.0, 16.0], [-26.0, 13.0, 1.57]]]], ["approach_robot", ["lab_arm"]], ["operate_drawer", ["open"]], ["send_message", ["lab_arm"]], ["wait_message", ["r1"]], ["operate_drawer", ["close"]]], "location": "IC Room 2", "position": [-38.0, 21.5, 0.0], "skills": ["approach_person", "approach_robot", "authenticate_person", "deposit", "navigation", "operate_drawer", "pick_up"]}]
NURSES_CONFIG=[{"location": "PC Room 3", "position": [-29.5, 19.0, -1.57]}]
logger,1626520048154374837,Simulation open
0.0,[debug],logger,init,subcribing to in the topic /log
1.51666665077,[debug],turtlebot1,move-base-info,Move_base is up and ok....,
1.58333325386,[debug],turtlebot2,move-base-info,Move_base is up and ok....,
1.84999990463,[debug],turtlebot3,move-base-info,Move_base is up and ok....,
1.8666665554,[debug],turtlebot5,move-base-info,Move_base is up and ok....,
2.08333325386,[debug],turtlebot4,move-base-info,Move_base is up and ok....,
9.09999990463,[info],turtlebot3,skill-life-cycle,init_robobt,(status=RUNNING, parameters=[])
9.1333334446,[info],turtlebot4,skill-life-cycle,init_robobt,(status=RUNNING, parameters=[])
9.29999995232,[info],turtlebot2,skill-life-cycle,init_robobt,(status=RUNNING, parameters=[])
10.5833332539,[debug],turtlebot5,available-skills,['send_message', 'wait_message', 'approach_person', 'approach_robot', 'authenticate_person', 'deposit', 'navigation', 'operate_drawer', 'pick_up'],
10.5833332539,[info],turtlebot5,skill-life-cycle,navigation,(status=STARTED, parameters=[[-37.0, 21.5, -1.5707963267948966, True], [-37.0, 16.0, 0.0, True], [-28.5, 16.0, 1.5707963267948966, True], [-28.5, 18.0, -1.57, False]])
23.7833333015,[debug],turtlebot1,simulation,robot-pose,x=-33.83;y=18.78;yaw=2.80
23.7833333015,[debug],turtlebot1,simulation,robot-pose,x=-33.83;y=18.78;yaw=2.80
23.9500000477,[debug],turtlebot5,simulation,robot-pose,x=-37.46;y=21.55;yaw=-1.11
23.9500000477,[debug],turtlebot5,simulation,robot-pose,x=-37.46;y=21.55;yaw=-1.11
23.9500000477,[debug],turtlebot4,simulation,robot-pose,x=-20.99;y=18.00;yaw=-1.54
23.9500000477,[debug],turtlebot4,simulation,robot-pose,x=-20.99;y=18.00;yaw=-1.54
23.9500000477,[debug],turtlebot2,simulation,robot-pose,x=-27.23;y=18.02;yaw=-1.59
23.9500000477,[debug],turtlebot2,simulation,robot-pose,x=-27.23;y=18.02;yaw=-1.59
23.9500000477,[debug],turtlebot3,simulation,robot-pose,x=-40.39;y=25.23;yaw=0.34
23.9500000477,[debug],turtlebot3,simulation,robot-pose,x=-40.39;y=25.23;yaw=0.34
25.6333334446,[debug],turtlebot5,move-base-info,Hooray, the base moved arrived,(x=-37;y=21.5)
25.6333334446,[debug],turtlebot5,move-base-info,Hooray, the base moved arrived,(x=-37;y=21.5)
25.7333333492,[debug],turtlebot5,task-update,navigation,way-point-reached,25.0%
38.7833333015,[debug],turtlebot1,simulation,robot-pose,x=-33.84;y=18.78;yaw=2.82
38.7833333015,[debug],turtlebot1,simulation,robot-pose,x=-33.84;y=18.78;yaw=2.82
38.9500000477,[debug],turtlebot2,simulation,robot-pose,x=-27.22;y=18.03;yaw=-1.59
38.9500000477,[debug],turtlebot2,simulation,robot-pose,x=-27.22;y=18.03;yaw=-1.59
38.9500000477,[debug],turtlebot3,simulation,robot-pose,x=-40.39;y=25.23;yaw=0.33
38.9500000477,[debug],turtlebot3,simulation,robot-pose,x=-40.39;y=25.23;yaw=0.33
38.9500000477,[debug],turtlebot5,simulation,robot-pose,x=-37.07;y=20.61;yaw=-1.45
38.9500000477,[debug],turtlebot5,simulation,robot-pose,x=-37.07;y=20.61;yaw=-1.45
38.9500000477,[debug],turtlebot4,simulation,robot-pose,x=-20.99;y=18.00;yaw=-1.54
38.9500000477,[debug],turtlebot4,simulation,robot-pose,x=-20.99;y=18.00;yaw=-1.54
53.7833333015,[debug],turtlebot1,simulation,robot-pose,x=-33.85;y=18.78;yaw=2.84
53.7833333015,[debug],turtlebot1,simulation,robot-pose,x=-33.85;y=18.78;yaw=2.84
53.9500000477,[debug],turtlebot5,simulation,robot-pose,x=-37.04;y=18.15;yaw=-1.54
53.9500000477,[debug],turtlebot5,simulation,robot-pose,x=-37.04;y=18.15;yaw=-1.54
53.9500000477,[debug],turtlebot2,simulation,robot-pose,x=-27.22;y=18.03;yaw=-1.58
53.9500000477,[debug],turtlebot2,simulation,robot-pose,x=-27.22;y=18.03;yaw=-1.58
53.9500000477,[debug],turtlebot4,simulation,robot-pose,x=-20.99;y=18.00;yaw=-1.54
53.9500000477,[debug],turtlebot4,simulation,robot-pose,x=-20.99;y=18.00;yaw=-1.54
53.9500000477,[debug],turtlebot3,simulation,robot-pose,x=-40.39;y=25.23;yaw=0.33
53.9500000477,[debug],turtlebot3,simulation,robot-pose,x=-40.39;y=25.23;yaw=0.33
55.4833333492,[info],turtlebot5,skill-life-cycle,navigation,(status=RUNNING, parameters=[[-37.0, 21.5, -1.5707963267948966, True], [-37.0, 16.0, 0.0, True], [-28.5, 16.0, 1.5707963267948966, True], [-28.5, 18.0, -1.57, False]])
68.7833333015,[debug],turtlebot1,simulation,robot-pose,x=-33.85;y=18.78;yaw=2.85
68.7833333015,[debug],turtlebot1,simulation,robot-pose,x=-33.85;y=18.78;yaw=2.85
68.9500000477,[debug],turtlebot3,simulation,robot-pose,x=-40.39;y=25.23;yaw=0.33
68.9500000477,[debug],turtlebot3,simulation,robot-pose,x=-40.39;y=25.23;yaw=0.33
68.9500000477,[debug],turtlebot2,simulation,robot-pose,x=-27.22;y=18.03;yaw=-1.58
68.9500000477,[debug],turtlebot2,simulation,robot-pose,x=-27.22;y=18.03;yaw=-1.58
68.9500000477,[debug],turtlebot4,simulation,robot-pose,x=-20.99;y=18.00;yaw=-1.54
68.9500000477,[debug],turtlebot4,simulation,robot-pose,x=-20.99;y=18.00;yaw=-1.54
68.9500000477,[debug],turtlebot5,simulation,robot-pose,x=-37.31;y=16.38;yaw=-0.14
68.9500000477,[debug],turtlebot5,simulation,robot-pose,x=-37.31;y=16.38;yaw=-0.14
69.7000000477,[debug],turtlebot5,move-base-info,Hooray, the base moved arrived,(x=-37;y=16)
69.7000000477,[debug],turtlebot5,move-base-info,Hooray, the base moved arrived,(x=-37;y=16)
69.8499999046,[debug],turtlebot5,task-update,navigation,way-point-reached,50.0%
83.7833333015,[debug],turtlebot1,simulation,robot-pose,x=-33.85;y=18.78;yaw=2.87
83.7833333015,[debug],turtlebot1,simulation,robot-pose,x=-33.85;y=18.78;yaw=2.87
83.9500000477,[debug],turtlebot4,simulation,robot-pose,x=-20.99;y=18.00;yaw=-1.54
83.9500000477,[debug],turtlebot4,simulation,robot-pose,x=-20.99;y=18.00;yaw=-1.54
83.9500000477,[debug],turtlebot3,simulation,robot-pose,x=-40.39;y=25.23;yaw=0.33
83.9500000477,[debug],turtlebot3,simulation,robot-pose,x=-40.39;y=25.23;yaw=0.33
83.9500000477,[debug],turtlebot5,simulation,robot-pose,x=-36.60;y=15.92;yaw=-0.77
83.9500000477,[debug],turtlebot5,simulation,robot-pose,x=-36.60;y=15.92;yaw=-0.77
83.9500000477,[debug],turtlebot2,simulation,robot-pose,x=-27.22;y=18.03;yaw=-1.58
83.9500000477,[debug],turtlebot2,simulation,robot-pose,x=-27.22;y=18.03;yaw=-1.58
98.7833333015,[debug],turtlebot1,simulation,robot-pose,x=-33.85;y=18.78;yaw=2.89
98.7833333015,[debug],turtlebot1,simulation,robot-pose,x=-33.85;y=18.78;yaw=2.89
98.9500000477,[debug],turtlebot2,simulation,robot-pose,x=-27.22;y=18.03;yaw=-1.58
98.9500000477,[debug],turtlebot2,simulation,robot-pose,x=-27.22;y=18.03;yaw=-1.58
98.9500000477,[debug],turtlebot4,simulation,robot-pose,x=-20.99;y=18.00;yaw=-1.54
98.9500000477,[debug],turtlebot4,simulation,robot-pose,x=-20.99;y=18.00;yaw=-1.54
98.9500000477,[debug],turtlebot5,simulation,robot-pose,x=-35.43;y=15.34;yaw=-0.08
98.9500000477,[debug],turtlebot5,simulation,robot-pose,x=-35.43;y=15.34;yaw=-0.08
98.9500000477,[debug],turtlebot3,simulation,robot-pose,x=-40.39;y=25.23;yaw=0.33
98.9500000477,[debug],turtlebot3,simulation,robot-pose,x=-40.39;y=25.23;yaw=0.33
106.133333445,[info],turtlebot5,skill-life-cycle,navigation,(status=RUNNING, parameters=[[-37.0, 21.5, -1.5707963267948966, True], [-37.0, 16.0, 0.0, True], [-28.5, 16.0, 1.5707963267948966, True], [-28.5, 18.0, -1.57, False]])
113.783333302,[debug],turtlebot1,simulation,robot-pose,x=-33.86;y=18.79;yaw=2.91
113.783333302,[debug],turtlebot1,simulation,robot-pose,x=-33.86;y=18.79;yaw=2.91
113.950000048,[debug],turtlebot4,simulation,robot-pose,x=-20.99;y=18.00;yaw=-1.54
113.950000048,[debug],turtlebot4,simulation,robot-pose,x=-20.99;y=18.00;yaw=-1.54
113.950000048,[debug],turtlebot2,simulation,robot-pose,x=-27.22;y=18.03;yaw=-1.58
113.950000048,[debug],turtlebot5,simulation,robot-pose,x=-34.18;y=15.29;yaw=0.04
113.950000048,[debug],turtlebot2,simulation,robot-pose,x=-27.22;y=18.03;yaw=-1.58
113.950000048,[debug],turtlebot5,simulation,robot-pose,x=-34.18;y=15.29;yaw=0.04
113.950000048,[debug],turtlebot3,simulation,robot-pose,x=-40.39;y=25.23;yaw=0.33
113.950000048,[debug],turtlebot3,simulation,robot-pose,x=-40.39;y=25.23;yaw=0.33
128.783333302,[debug],turtlebot1,simulation,robot-pose,x=-33.86;y=18.79;yaw=2.93
128.783333302,[debug],turtlebot1,simulation,robot-pose,x=-33.86;y=18.79;yaw=2.93
128.950000048,[debug],turtlebot2,simulation,robot-pose,x=-27.22;y=18.03;yaw=-1.58
128.950000048,[debug],turtlebot4,simulation,robot-pose,x=-21.00;y=18.00;yaw=-1.54
128.950000048,[debug],turtlebot2,simulation,robot-pose,x=-27.22;y=18.03;yaw=-1.58
128.950000048,[debug],turtlebot4,simulation,robot-pose,x=-21.00;y=18.00;yaw=-1.54
128.950000048,[debug],turtlebot3,simulation,robot-pose,x=-40.39;y=25.23;yaw=0.33
128.950000048,[debug],turtlebot3,simulation,robot-pose,x=-40.39;y=25.23;yaw=0.33
128.950000048,[debug],turtlebot5,simulation,robot-pose,x=-32.93;y=15.31;yaw=0.02
128.950000048,[debug],turtlebot5,simulation,robot-pose,x=-32.93;y=15.31;yaw=0.02
143.783333302,[debug],turtlebot1,simulation,robot-pose,x=-33.87;y=18.79;yaw=2.96
143.783333302,[debug],turtlebot1,simulation,robot-pose,x=-33.87;y=18.79;yaw=2.96
143.950000048,[debug],turtlebot4,simulation,robot-pose,x=-21.00;y=18.00;yaw=-1.54
143.950000048,[debug],turtlebot4,simulation,robot-pose,x=-21.00;y=18.00;yaw=-1.54
143.950000048,[debug],turtlebot2,simulation,robot-pose,x=-27.22;y=18.03;yaw=-1.58
143.950000048,[debug],turtlebot2,simulation,robot-pose,x=-27.22;y=18.03;yaw=-1.58
143.950000048,[debug],turtlebot3,simulation,robot-pose,x=-40.39;y=25.23;yaw=0.33
143.950000048,[debug],turtlebot5,simulation,robot-pose,x=-31.68;y=15.40;yaw=0.22
143.950000048,[debug],turtlebot3,simulation,robot-pose,x=-40.39;y=25.23;yaw=0.33
143.950000048,[debug],turtlebot5,simulation,robot-pose,x=-31.68;y=15.40;yaw=0.22
155.599999905,[info],turtlebot5,skill-life-cycle,navigation,(status=RUNNING, parameters=[[-37.0, 21.5, -1.5707963267948966, True], [-37.0, 16.0, 0.0, True], [-28.5, 16.0, 1.5707963267948966, True], [-28.5, 18.0, -1.57, False]])
158.783333302,[debug],turtlebot1,simulation,robot-pose,x=-33.87;y=18.79;yaw=2.98
158.783333302,[debug],turtlebot1,simulation,robot-pose,x=-33.87;y=18.79;yaw=2.98
158.950000048,[debug],turtlebot4,simulation,robot-pose,x=-21.00;y=18.00;yaw=-1.54
158.950000048,[debug],turtlebot4,simulation,robot-pose,x=-21.00;y=18.00;yaw=-1.54
158.950000048,[debug],turtlebot5,simulation,robot-pose,x=-30.46;y=15.78;yaw=0.26
158.950000048,[debug],turtlebot2,simulation,robot-pose,x=-27.22;y=18.03;yaw=-1.57
158.950000048,[debug],turtlebot5,simulation,robot-pose,x=-30.46;y=15.78;yaw=0.26
158.950000048,[debug],turtlebot3,simulation,robot-pose,x=-40.39;y=25.23;yaw=0.33
158.950000048,[debug],turtlebot2,simulation,robot-pose,x=-27.22;y=18.03;yaw=-1.57
158.950000048,[debug],turtlebot3,simulation,robot-pose,x=-40.39;y=25.23;yaw=0.33
173.783333302,[debug],turtlebot1,simulation,robot-pose,x=-33.88;y=18.79;yaw=3.00
173.783333302,[debug],turtlebot1,simulation,robot-pose,x=-33.88;y=18.79;yaw=3.00
173.950000048,[debug],turtlebot2,simulation,robot-pose,x=-27.22;y=18.03;yaw=-1.57
173.950000048,[debug],turtlebot2,simulation,robot-pose,x=-27.22;y=18.03;yaw=-1.57
173.950000048,[debug],turtlebot5,simulation,robot-pose,x=-29.22;y=15.92;yaw=-0.01
173.950000048,[debug],turtlebot5,simulation,robot-pose,x=-29.22;y=15.92;yaw=-0.01
173.950000048,[debug],turtlebot3,simulation,robot-pose,x=-40.39;y=25.23;yaw=0.33
173.950000048,[debug],turtlebot3,simulation,robot-pose,x=-40.39;y=25.23;yaw=0.33
173.950000048,[debug],turtlebot4,simulation,robot-pose,x=-21.00;y=18.00;yaw=-1.54
173.950000048,[debug],turtlebot4,simulation,robot-pose,x=-21.00;y=18.00;yaw=-1.54
181.066666603,[debug],turtlebot5,move-base-info,Hooray, the base moved arrived,(x=-28.5;y=16)
181.066666603,[debug],turtlebot5,move-base-info,Hooray, the base moved arrived,(x=-28.5;y=16)
181.233333349,[debug],turtlebot5,task-update,navigation,way-point-reached,75.0%
188.783333302,[debug],turtlebot1,simulation,robot-pose,x=-33.88;y=18.79;yaw=3.00
188.783333302,[debug],turtlebot1,simulation,robot-pose,x=-33.88;y=18.79;yaw=3.00
188.950000048,[debug],turtlebot3,simulation,robot-pose,x=-40.39;y=25.23;yaw=0.33
188.950000048,[debug],turtlebot3,simulation,robot-pose,x=-40.39;y=25.23;yaw=0.33
188.950000048,[debug],turtlebot2,simulation,robot-pose,x=-27.22;y=18.03;yaw=-1.57
188.950000048,[debug],turtlebot5,simulation,robot-pose,x=-28.96;y=16.40;yaw=1.65
188.950000048,[debug],turtlebot2,simulation,robot-pose,x=-27.22;y=18.03;yaw=-1.57
188.950000048,[debug],turtlebot4,simulation,robot-pose,x=-21.00;y=18.00;yaw=-1.54
188.950000048,[debug],turtlebot5,simulation,robot-pose,x=-28.96;y=16.40;yaw=1.65
188.950000048,[debug],turtlebot4,simulation,robot-pose,x=-21.00;y=18.00;yaw=-1.54
203.783333302,[debug],turtlebot1,simulation,robot-pose,x=-33.88;y=18.79;yaw=3.01
203.783333302,[debug],turtlebot1,simulation,robot-pose,x=-33.88;y=18.79;yaw=3.01
203.950000048,[debug],turtlebot4,simulation,robot-pose,x=-21.01;y=18.00;yaw=-1.54
203.950000048,[debug],turtlebot5,simulation,robot-pose,x=-28.75;y=17.58;yaw=0.34
203.950000048,[debug],turtlebot4,simulation,robot-pose,x=-21.01;y=18.00;yaw=-1.54
203.950000048,[debug],turtlebot3,simulation,robot-pose,x=-40.39;y=25.23;yaw=0.33
203.950000048,[debug],turtlebot5,simulation,robot-pose,x=-28.75;y=17.58;yaw=0.34
203.950000048,[debug],turtlebot2,simulation,robot-pose,x=-27.22;y=18.03;yaw=-1.57
203.950000048,[debug],turtlebot3,simulation,robot-pose,x=-40.39;y=25.23;yaw=0.33
203.950000048,[debug],turtlebot2,simulation,robot-pose,x=-27.22;y=18.03;yaw=-1.57
206.183333397,[info],turtlebot5,skill-life-cycle,navigation,(status=RUNNING, parameters=[[-37.0, 21.5, -1.5707963267948966, True], [-37.0, 16.0, 0.0, True], [-28.5, 16.0, 1.5707963267948966, True], [-28.5, 18.0, -1.57, False]])
209.066666603,[debug],turtlebot5,move-base-info,Hooray, the base moved arrived,(x=-28.5;y=18)
209.066666603,[debug],turtlebot5,move-base-info,Hooray, the base moved arrived,(x=-28.5;y=18)
209.299999952,[debug],turtlebot5,task-update,navigation,way-point-reached,100.0%
209.383333445,[debug],turtlebot5,available-skills,['send_message', 'wait_message', 'approach_person', 'approach_robot', 'authenticate_person', 'deposit', 'navigation', 'operate_drawer', 'pick_up'],
209.383333445,[info],turtlebot5,skill-life-cycle,approach_person,(status=STARTED, parameters=['nurse'])
209.466666698,[debug],turtlebot5,task-update,approach_person,localize-person,(who=nurse)
209.633333445,[debug],turtlebot5,task-update,approach_person,goto-person,(who=nurse)
209.75,[debug],turtlebot5,available-skills,['send_message', 'wait_message', 'approach_person', 'approach_robot', 'authenticate_person', 'deposit', 'navigation', 'operate_drawer', 'pick_up'],
209.75,[info],turtlebot5,skill-life-cycle,authenticate_person,(status=STARTED, parameters=['nurse'])
209.849999905,[debug],turtlebot5,task-update,authenticate_person,request-authentication,(to=nurse)
209.866666555,[info],nurse,sync,received-request,(status=sending-request)
209.866666555,[info],nurse,sync,received-request,(status=sending-request)
210.333333254,[debug],turtlebot5,task-update,authenticate_person,received-authentication,(from=nurse)
210.400000095,[debug],turtlebot5,available-skills,['send_message', 'wait_message', 'approach_person', 'approach_robot', 'authenticate_person', 'deposit', 'navigation', 'operate_drawer', 'pick_up'],
210.400000095,[info],turtlebot5,skill-life-cycle,operate_drawer,(status=STARTED, parameters=['open'])
210.483333349,[debug],turtlebot5,task-update,operate_drawer,open
211.483333349,[debug],turtlebot5,available-skills,['send_message', 'wait_message', 'approach_person', 'approach_robot', 'authenticate_person', 'deposit', 'navigation', 'operate_drawer', 'pick_up'],
211.483333349,[info],turtlebot5,skill-life-cycle,send_message,(status=STARTED, parameters=['nurse'])
211.583333254,[info],turtlebot5,sync,send-message,(to=nurse)
212.516666651,[info],nurse,sync,wait-message,(status=message-received)
212.583333254,[info],nurse,sync,wait-message,(status=message-received)
215.266666651,[debug],turtlebot5,available-skills,['send_message', 'wait_message', 'approach_person', 'approach_robot', 'authenticate_person', 'deposit', 'navigation', 'operate_drawer', 'pick_up'],
215.266666651,[info],turtlebot5,skill-life-cycle,wait_message,(status=STARTED, parameters=['r1'])
216.566666603,[info],turtlebot5,sync,wait-message,(status=message-received)
216.650000095,[debug],turtlebot5,available-skills,['send_message', 'wait_message', 'approach_person', 'approach_robot', 'authenticate_person', 'deposit', 'navigation', 'operate_drawer', 'pick_up'],
216.650000095,[info],turtlebot5,skill-life-cycle,operate_drawer,(status=STARTED, parameters=['close'])
216.716666698,[debug],turtlebot5,task-update,operate_drawer,close
217.733333349,[debug],turtlebot5,available-skills,['send_message', 'wait_message', 'approach_person', 'approach_robot', 'authenticate_person', 'deposit', 'navigation', 'operate_drawer', 'pick_up'],
217.733333349,[info],turtlebot5,skill-life-cycle,navigation,(status=STARTED, parameters=[[-28.5, 16.0, 0.0, True], [-26.0, 16.0, -1.5707963267948966, True], [-26.0, 13.0, 1.57, False]])
218.783333302,[debug],turtlebot1,simulation,robot-pose,x=-33.88;y=18.79;yaw=3.01
218.783333302,[debug],turtlebot1,simulation,robot-pose,x=-33.88;y=18.79;yaw=3.01
218.950000048,[debug],turtlebot5,simulation,robot-pose,x=-28.71;y=17.63;yaw=-1.53
218.950000048,[debug],turtlebot3,simulation,robot-pose,x=-40.39;y=25.23;yaw=0.33
218.950000048,[debug],turtlebot2,simulation,robot-pose,x=-27.21;y=18.03;yaw=-1.57
218.950000048,[debug],turtlebot5,simulation,robot-pose,x=-28.71;y=17.63;yaw=-1.53
218.950000048,[debug],turtlebot4,simulation,robot-pose,x=-21.01;y=18.00;yaw=-1.54
218.950000048,[debug],turtlebot3,simulation,robot-pose,x=-40.39;y=25.23;yaw=0.33
218.950000048,[debug],turtlebot2,simulation,robot-pose,x=-27.21;y=18.03;yaw=-1.57
218.950000048,[debug],turtlebot4,simulation,robot-pose,x=-21.01;y=18.00;yaw=-1.54
222.516666651,[info],nurse,sync,wait-message,(status=message-received)
222.583333254,[info],nurse,sync,wait-message,(status=message-received)
229.849999905,[info],nurse,sync,request-sent,(status=waiting)
229.849999905,[info],nurse,sync,request-sent,(status=waiting)
232.516666651,[info],nurse,sync,wait-message,(status=message-received)
232.549999952,[info],nurse,sync,wait-message,(status=message-received)
233.783333302,[debug],turtlebot1,simulation,robot-pose,x=-33.88;y=18.79;yaw=3.01
233.783333302,[debug],turtlebot1,simulation,robot-pose,x=-33.88;y=18.79;yaw=3.01
233.950000048,[debug],turtlebot5,move-base-info,Hooray, the base moved arrived,(x=-28.5;y=16)
233.950000048,[debug],turtlebot5,move-base-info,Hooray, the base moved arrived,(x=-28.5;y=16)
233.950000048,[debug],turtlebot2,simulation,robot-pose,x=-27.21;y=18.03;yaw=-1.57
233.950000048,[debug],turtlebot4,simulation,robot-pose,x=-21.01;y=18.00;yaw=-1.54
233.950000048,[debug],turtlebot2,simulation,robot-pose,x=-27.21;y=18.03;yaw=-1.57
233.950000048,[debug],turtlebot4,simulation,robot-pose,x=-21.01;y=18.00;yaw=-1.54
233.950000048,[debug],turtlebot5,task-update,navigation,way-point-reached,33.33333333333333%
233.950000048,[debug],turtlebot5,simulation,robot-pose,x=-28.62;y=16.44;yaw=-0.05
233.950000048,[debug],turtlebot5,simulation,robot-pose,x=-28.62;y=16.44;yaw=-0.05
233.950000048,[debug],turtlebot3,simulation,robot-pose,x=-40.39;y=25.23;yaw=0.33
233.950000048,[debug],turtlebot3,simulation,robot-pose,x=-40.39;y=25.23;yaw=0.33
242.516666651,[info],nurse,sync,wait-message,(status=message-received)
242.583333254,[info],nurse,sync,wait-message,(status=message-received)
248.783333302,[debug],turtlebot1,simulation,robot-pose,x=-33.88;y=18.79;yaw=3.01
248.783333302,[debug],turtlebot1,simulation,robot-pose,x=-33.88;y=18.79;yaw=3.01
248.950000048,[debug],turtlebot3,simulation,robot-pose,x=-40.39;y=25.23;yaw=0.33
248.950000048,[debug],turtlebot5,simulation,robot-pose,x=-27.84;y=15.95;yaw=-0.45
248.950000048,[debug],turtlebot3,simulation,robot-pose,x=-40.39;y=25.23;yaw=0.33
248.950000048,[debug],turtlebot4,simulation,robot-pose,x=-21.02;y=18.00;yaw=-1.54
248.950000048,[debug],turtlebot5,simulation,robot-pose,x=-27.84;y=15.95;yaw=-0.45
248.950000048,[debug],turtlebot4,simulation,robot-pose,x=-21.02;y=18.00;yaw=-1.54
248.950000048,[debug],turtlebot2,simulation,robot-pose,x=-27.21;y=18.03;yaw=-1.57
248.950000048,[debug],turtlebot2,simulation,robot-pose,x=-27.21;y=18.03;yaw=-1.57
258.333333254,[info],turtlebot5,skill-life-cycle,navigation,(status=RUNNING, parameters=[[-28.5, 16.0, 0.0, True], [-26.0, 16.0, -1.5707963267948966, True], [-26.0, 13.0, 1.57, False]])
263.783333302,[debug],turtlebot1,simulation,robot-pose,x=-33.88;y=18.79;yaw=3.01
263.783333302,[debug],turtlebot1,simulation,robot-pose,x=-33.88;y=18.79;yaw=3.01
263.950000048,[debug],turtlebot3,simulation,robot-pose,x=-40.39;y=25.23;yaw=0.33
263.950000048,[debug],turtlebot3,simulation,robot-pose,x=-40.39;y=25.23;yaw=0.33
263.950000048,[debug],turtlebot4,simulation,robot-pose,x=-21.02;y=18.00;yaw=-1.54
263.950000048,[debug],turtlebot4,simulation,robot-pose,x=-21.02;y=18.00;yaw=-1.54
263.950000048,[debug],turtlebot5,simulation,robot-pose,x=-26.60;y=15.76;yaw=0.25
263.950000048,[debug],turtlebot5,simulation,robot-pose,x=-26.60;y=15.76;yaw=0.25
263.950000048,[debug],turtlebot2,simulation,robot-pose,x=-27.21;y=18.03;yaw=-1.57
263.950000048,[debug],turtlebot2,simulation,robot-pose,x=-27.21;y=18.03;yaw=-1.57
271.216666698,[debug],turtlebot5,move-base-info,Hooray, the base moved arrived,(x=-26;y=16)
271.216666698,[debug],turtlebot5,move-base-info,Hooray, the base moved arrived,(x=-26;y=16)
271.383333445,[debug],turtlebot5,task-update,navigation,way-point-reached,66.66666666666666%
278.783333302,[debug],turtlebot1,simulation,robot-pose,x=-33.88;y=18.79;yaw=3.01
278.783333302,[debug],turtlebot1,simulation,robot-pose,x=-33.88;y=18.79;yaw=3.01
278.950000048,[debug],turtlebot4,simulation,robot-pose,x=-21.03;y=18.00;yaw=-1.54
278.950000048,[debug],turtlebot4,simulation,robot-pose,x=-21.03;y=18.00;yaw=-1.54
278.950000048,[debug],turtlebot3,simulation,robot-pose,x=-40.39;y=25.23;yaw=0.33
278.950000048,[debug],turtlebot3,simulation,robot-pose,x=-40.39;y=25.23;yaw=0.33
278.950000048,[debug],turtlebot2,simulation,robot-pose,x=-27.21;y=18.03;yaw=-1.57
278.950000048,[debug],turtlebot2,simulation,robot-pose,x=-27.21;y=18.03;yaw=-1.57
278.950000048,[debug],turtlebot5,simulation,robot-pose,x=-26.35;y=15.46;yaw=-1.30
278.950000048,[debug],turtlebot5,simulation,robot-pose,x=-26.35;y=15.46;yaw=-1.30
293.783333302,[debug],turtlebot1,simulation,robot-pose,x=-33.88;y=18.79;yaw=3.01
293.783333302,[debug],turtlebot1,simulation,robot-pose,x=-33.88;y=18.79;yaw=3.01
293.950000048,[debug],turtlebot4,simulation,robot-pose,x=-21.03;y=18.00;yaw=-1.54
293.950000048,[debug],turtlebot4,simulation,robot-pose,x=-21.03;y=18.00;yaw=-1.54
293.950000048,[debug],turtlebot3,simulation,robot-pose,x=-40.39;y=25.23;yaw=0.33
293.950000048,[debug],turtlebot3,simulation,robot-pose,x=-40.39;y=25.23;yaw=0.33
293.950000048,[debug],turtlebot2,simulation,robot-pose,x=-27.21;y=18.03;yaw=-1.57
293.950000048,[debug],turtlebot2,simulation,robot-pose,x=-27.21;y=18.03;yaw=-1.57
293.950000048,[debug],turtlebot5,simulation,robot-pose,x=-25.94;y=13.84;yaw=-1.36
293.950000048,[debug],turtlebot5,simulation,robot-pose,x=-25.94;y=13.84;yaw=-1.36
304.233333349,[debug],turtlebot5,move-base-info,Hooray, the base moved arrived,(x=-26;y=13)
304.233333349,[debug],turtlebot5,move-base-info,Hooray, the base moved arrived,(x=-26;y=13)
304.416666746,[debug],turtlebot5,task-update,navigation,way-point-reached,100.0%
304.5,[debug],turtlebot5,available-skills,['send_message', 'wait_message', 'approach_person', 'approach_robot', 'authenticate_person', 'deposit', 'navigation', 'operate_drawer', 'pick_up'],
304.5,[info],turtlebot5,skill-life-cycle,approach_robot,(status=STARTED, parameters=['lab_arm'])
304.583333254,[debug],turtlebot5,task-update,approach_robot,localize-robot,(who=lab_arm)
305.650000095,[debug],turtlebot5,task-update,approach_robot,goto-robot,(who=lab_arm)
305.75,[debug],turtlebot5,available-skills,['send_message', 'wait_message', 'approach_person', 'approach_robot', 'authenticate_person', 'deposit', 'navigation', 'operate_drawer', 'pick_up'],
305.75,[info],turtlebot5,skill-life-cycle,operate_drawer,(status=STARTED, parameters=['open'])
305.816666603,[debug],turtlebot5,task-update,operate_drawer,open
306.866666555,[debug],turtlebot5,available-skills,['send_message', 'wait_message', 'approach_person', 'approach_robot', 'authenticate_person', 'deposit', 'navigation', 'operate_drawer', 'pick_up'],
306.866666555,[info],turtlebot5,skill-life-cycle,send_message,(status=STARTED, parameters=['lab_arm'])
306.916666746,[info],turtlebot5,sync,send-message,(to=lab_arm)
307.849999905,[info],lab_arm,sync,wait-message,(status=message-received)
307.849999905,[info],lab_arm,sync,wait-message,(status=message-received)
307.849999905,[info],Inventory,sync,wait-sample,(status=sample-received)
307.849999905,ENDSIM
307.849999905,[info],Inventory,sync,wait-sample,(status=sample-received)
307.849999905,ENDSIM
308.783333302,[debug],turtlebot1,simulation,robot-pose,x=-33.88;y=18.79;yaw=3.01
308.783333302,[debug],turtlebot1,simulation,robot-pose,x=-33.88;y=18.79;yaw=3.01
308.950000048,[debug],turtlebot5,simulation,robot-pose,x=-25.94;y=13.40;yaw=1.62
308.950000048,[debug],turtlebot4,simulation,robot-pose,x=-21.03;y=18.00;yaw=-1.54
308.950000048,[debug],turtlebot5,simulation,robot-pose,x=-25.94;y=13.40;yaw=1.62
308.950000048,[debug],turtlebot4,simulation,robot-pose,x=-21.03;y=18.00;yaw=-1.54
308.950000048,[debug],turtlebot2,simulation,robot-pose,x=-27.21;y=18.03;yaw=-1.57
308.950000048,[debug],turtlebot2,simulation,robot-pose,x=-27.21;y=18.03;yaw=-1.57
308.950000048,[debug],turtlebot3,simulation,robot-pose,x=-40.39;y=25.23;yaw=0.33
308.950000048,[debug],turtlebot3,simulation,robot-pose,x=-40.39;y=25.23;yaw=0.33
317.833333254,[info],Inventory,sync,wait-sample,(status=sample-received)
317.833333254,[info],Inventory,sync,wait-sample,(status=sample-received)
317.833333254,ENDSIM
317.833333254,ENDSIM
317.833333254,[info],lab_arm,sync,wait-message,(status=message-received)
317.833333254,[info],lab_arm,sync,wait-message,(status=message-received)
317.833333254,[info],Inventory,sync,wait-sample,(status=sample-received)
317.833333254,[info],Inventory,sync,wait-sample,(status=sample-received)
317.833333254,ENDSIM
317.833333254,ENDSIM
0.0,[debug],simulation closed,reach-target,execution-wall-clock=387.4140908718109
