4.58333325386,[debug],turtlebot2,move-base-info,Move_base is up and ok....,
6.34999990463,[debug],turtlebot1,move-base-info,Move_base is up and ok....,
12.0,[info],turtlebot5,skill-life-cycle,init_robobt,(status=RUNNING, parameters=[])
12.6833333969,[info],turtlebot1,skill-life-cycle,init_robobt,(status=RUNNING, parameters=[])
12.7833333015,[info],turtlebot4,skill-life-cycle,init_robobt,(status=RUNNING, parameters=[])
12.8833334446,[info],turtlebot2,skill-life-cycle,init_robobt,(status=RUNNING, parameters=[])
12.9333333969,[debug],turtlebot3,available-skills,['send_message', 'wait_message', 'approach_person', 'approach_robot', 'authenticate_person', 'deposit', 'navigation', 'operate_drawer', 'pick_up'],
12.9333333969,[info],turtlebot3,skill-life-cycle,navigation,(status=STARTED, parameters=[[-37.0, 33.95, -1.5707963267948966, True], [-37.0, 21.5, 3.141592653589793, True], [-38.0, 21.5, 0.0, False]])
24.9666666985,[debug],turtlebot1,simulation,robot-pose,x=-13.50;y=18.00;yaw=-1.50
24.9666666985,[debug],turtlebot1,simulation,robot-pose,x=-13.50;y=18.00;yaw=-1.50
25.1833333969,[debug],turtlebot2,simulation,robot-pose,x=-39.51;y=33.84;yaw=0.46
25.1833333969,[debug],turtlebot2,simulation,robot-pose,x=-39.51;y=33.84;yaw=0.46
25.2166666985,[debug],turtlebot3,simulation,robot-pose,x=-39.97;y=24.77;yaw=-1.03
25.2166666985,[debug],turtlebot3,simulation,robot-pose,x=-39.97;y=24.77;yaw=-1.03
25.2333333492,[debug],turtlebot5,simulation,robot-pose,x=-20.99;y=18.00;yaw=-1.54
25.2333333492,[debug],turtlebot4,simulation,robot-pose,x=-32.89;y=33.97;yaw=-3.10
25.2333333492,[debug],turtlebot5,simulation,robot-pose,x=-20.99;y=18.00;yaw=-1.54
25.2333333492,[debug],turtlebot4,simulation,robot-pose,x=-32.89;y=33.97;yaw=-3.10
39.9666666985,[debug],turtlebot1,simulation,robot-pose,x=-13.49;y=18.00;yaw=-1.49
39.9666666985,[debug],turtlebot1,simulation,robot-pose,x=-13.49;y=18.00;yaw=-1.49
40.1833333969,[debug],turtlebot2,simulation,robot-pose,x=-39.51;y=33.84;yaw=0.46
40.1833333969,[debug],turtlebot2,simulation,robot-pose,x=-39.51;y=33.84;yaw=0.46
40.2166666985,[debug],turtlebot3,simulation,robot-pose,x=-38.99;y=23.61;yaw=-0.72
40.2166666985,[debug],turtlebot3,simulation,robot-pose,x=-38.99;y=23.61;yaw=-0.72
40.2333333492,[debug],turtlebot5,simulation,robot-pose,x=-20.99;y=18.00;yaw=-1.54
40.25,[debug],turtlebot4,simulation,robot-pose,x=-32.89;y=33.97;yaw=-3.10
40.25,[debug],turtlebot5,simulation,robot-pose,x=-20.99;y=18.00;yaw=-1.54
40.25,[debug],turtlebot4,simulation,robot-pose,x=-32.89;y=33.97;yaw=-3.10
54.9666666985,[debug],turtlebot1,simulation,robot-pose,x=-13.49;y=18.00;yaw=-1.48
54.9666666985,[debug],turtlebot1,simulation,robot-pose,x=-13.49;y=18.00;yaw=-1.48
55.1833333969,[debug],turtlebot2,simulation,robot-pose,x=-39.51;y=33.84;yaw=0.46
55.1833333969,[debug],turtlebot2,simulation,robot-pose,x=-39.51;y=33.84;yaw=0.46
55.2166666985,[debug],turtlebot3,simulation,robot-pose,x=-37.82;y=23.04;yaw=0.02
55.2166666985,[debug],turtlebot3,simulation,robot-pose,x=-37.82;y=23.04;yaw=0.02
55.2333333492,[debug],turtlebot5,simulation,robot-pose,x=-20.99;y=18.00;yaw=-1.54
55.2333333492,[debug],turtlebot5,simulation,robot-pose,x=-20.99;y=18.00;yaw=-1.54
55.2333333492,[debug],turtlebot4,simulation,robot-pose,x=-32.89;y=33.97;yaw=-3.10
55.2333333492,[debug],turtlebot4,simulation,robot-pose,x=-32.89;y=33.97;yaw=-3.10
57.0333333015,[info],turtlebot3,skill-life-cycle,navigation,(status=RUNNING, parameters=[[-37.0, 33.95, -1.5707963267948966, True], [-37.0, 21.5, 3.141592653589793, True], [-38.0, 21.5, 0.0, False]])
69.9666666985,[debug],turtlebot1,simulation,robot-pose,x=-13.49;y=18.00;yaw=-1.46
69.9666666985,[debug],turtlebot1,simulation,robot-pose,x=-13.49;y=18.00;yaw=-1.46
70.1833333969,[debug],turtlebot2,simulation,robot-pose,x=-39.51;y=33.84;yaw=0.46
70.1833333969,[debug],turtlebot2,simulation,robot-pose,x=-39.51;y=33.84;yaw=0.46
70.2166666985,[debug],turtlebot3,simulation,robot-pose,x=-37.26;y=23.22;yaw=0.75
70.2166666985,[debug],turtlebot3,simulation,robot-pose,x=-37.26;y=23.22;yaw=0.75
70.2333333492,[debug],turtlebot4,simulation,robot-pose,x=-32.89;y=33.97;yaw=-3.10
70.2333333492,[debug],turtlebot4,simulation,robot-pose,x=-32.89;y=33.97;yaw=-3.10
70.2333333492,[debug],turtlebot5,simulation,robot-pose,x=-20.99;y=18.00;yaw=-1.54
70.2333333492,[debug],turtlebot5,simulation,robot-pose,x=-20.99;y=18.00;yaw=-1.54
84.9666666985,[debug],turtlebot1,simulation,robot-pose,x=-13.49;y=17.99;yaw=-1.45
84.9666666985,[debug],turtlebot1,simulation,robot-pose,x=-13.49;y=17.99;yaw=-1.45
85.1833333969,[debug],turtlebot2,simulation,robot-pose,x=-39.51;y=33.84;yaw=0.46
85.1833333969,[debug],turtlebot2,simulation,robot-pose,x=-39.51;y=33.84;yaw=0.46
85.2166666985,[debug],turtlebot3,simulation,robot-pose,x=-36.78;y=25.05;yaw=1.59
85.2166666985,[debug],turtlebot3,simulation,robot-pose,x=-36.78;y=25.05;yaw=1.59
85.2333333492,[debug],turtlebot4,simulation,robot-pose,x=-32.90;y=33.97;yaw=-3.10
85.2333333492,[debug],turtlebot4,simulation,robot-pose,x=-32.90;y=33.97;yaw=-3.10
85.2333333492,[debug],turtlebot5,simulation,robot-pose,x=-20.99;y=18.00;yaw=-1.54
85.2333333492,[debug],turtlebot5,simulation,robot-pose,x=-20.99;y=18.00;yaw=-1.54
99.9666666985,[debug],turtlebot1,simulation,robot-pose,x=-13.49;y=17.99;yaw=-1.43
99.9666666985,[debug],turtlebot1,simulation,robot-pose,x=-13.49;y=17.99;yaw=-1.43
100.183333397,[debug],turtlebot2,simulation,robot-pose,x=-39.51;y=33.84;yaw=0.46
100.183333397,[debug],turtlebot2,simulation,robot-pose,x=-39.51;y=33.84;yaw=0.46
100.216666698,[debug],turtlebot3,simulation,robot-pose,x=-36.76;y=27.53;yaw=1.59
100.216666698,[debug],turtlebot3,simulation,robot-pose,x=-36.76;y=27.53;yaw=1.59
100.233333349,[debug],turtlebot4,simulation,robot-pose,x=-32.90;y=33.97;yaw=-3.10
100.233333349,[debug],turtlebot5,simulation,robot-pose,x=-20.99;y=18.00;yaw=-1.54
100.233333349,[debug],turtlebot4,simulation,robot-pose,x=-32.90;y=33.97;yaw=-3.10
100.233333349,[debug],turtlebot5,simulation,robot-pose,x=-20.99;y=18.00;yaw=-1.54
107.283333302,[info],turtlebot3,skill-life-cycle,navigation,(status=RUNNING, parameters=[[-37.0, 33.95, -1.5707963267948966, True], [-37.0, 21.5, 3.141592653589793, True], [-38.0, 21.5, 0.0, False]])
114.966666698,[debug],turtlebot1,simulation,robot-pose,x=-13.49;y=17.99;yaw=-1.41
114.966666698,[debug],turtlebot1,simulation,robot-pose,x=-13.49;y=17.99;yaw=-1.41
115.183333397,[debug],turtlebot2,simulation,robot-pose,x=-39.51;y=33.84;yaw=0.46
115.183333397,[debug],turtlebot2,simulation,robot-pose,x=-39.51;y=33.84;yaw=0.46
115.216666698,[debug],turtlebot3,simulation,robot-pose,x=-36.59;y=28.86;yaw=1.53
115.216666698,[debug],turtlebot3,simulation,robot-pose,x=-36.59;y=28.86;yaw=1.53
115.233333349,[debug],turtlebot5,simulation,robot-pose,x=-20.99;y=18.00;yaw=-1.54
115.233333349,[debug],turtlebot5,simulation,robot-pose,x=-20.99;y=18.00;yaw=-1.54
115.233333349,[debug],turtlebot4,simulation,robot-pose,x=-32.90;y=33.97;yaw=-3.09
115.233333349,[debug],turtlebot4,simulation,robot-pose,x=-32.90;y=33.97;yaw=-3.09
129.966666698,[debug],turtlebot1,simulation,robot-pose,x=-13.49;y=17.98;yaw=-1.39
129.966666698,[debug],turtlebot1,simulation,robot-pose,x=-13.49;y=17.98;yaw=-1.39
130.183333397,[debug],turtlebot2,simulation,robot-pose,x=-39.51;y=33.84;yaw=0.46
130.183333397,[debug],turtlebot2,simulation,robot-pose,x=-39.51;y=33.84;yaw=0.46
130.216666698,[debug],turtlebot3,simulation,robot-pose,x=-36.57;y=31.33;yaw=1.57
130.216666698,[debug],turtlebot3,simulation,robot-pose,x=-36.57;y=31.33;yaw=1.57
130.233333349,[debug],turtlebot4,simulation,robot-pose,x=-32.90;y=33.97;yaw=-3.09
130.233333349,[debug],turtlebot4,simulation,robot-pose,x=-32.90;y=33.97;yaw=-3.09
130.233333349,[debug],turtlebot5,simulation,robot-pose,x=-21.00;y=18.00;yaw=-1.54
130.233333349,[debug],turtlebot5,simulation,robot-pose,x=-21.00;y=18.00;yaw=-1.54
144.966666698,[debug],turtlebot1,simulation,robot-pose,x=-13.49;y=17.98;yaw=-1.37
144.966666698,[debug],turtlebot1,simulation,robot-pose,x=-13.49;y=17.98;yaw=-1.37
145.183333397,[debug],turtlebot2,simulation,robot-pose,x=-39.50;y=33.84;yaw=0.46
145.183333397,[debug],turtlebot2,simulation,robot-pose,x=-39.50;y=33.84;yaw=0.46
145.216666698,[debug],turtlebot3,simulation,robot-pose,x=-36.77;y=33.55;yaw=2.97
145.216666698,[debug],turtlebot3,simulation,robot-pose,x=-36.77;y=33.55;yaw=2.97
145.233333349,[debug],turtlebot4,simulation,robot-pose,x=-32.90;y=33.97;yaw=-3.09
145.233333349,[debug],turtlebot5,simulation,robot-pose,x=-21.00;y=18.00;yaw=-1.54
145.233333349,[debug],turtlebot4,simulation,robot-pose,x=-32.90;y=33.97;yaw=-3.09
145.233333349,[debug],turtlebot5,simulation,robot-pose,x=-21.00;y=18.00;yaw=-1.54
150.133333445,[debug],turtlebot3,move-base-info,Hooray, the base moved arrived,(x=-37;y=33.95)
150.133333445,[debug],turtlebot3,move-base-info,Hooray, the base moved arrived,(x=-37;y=33.95)
150.183333397,[debug],turtlebot3,task-update,navigation,way-point-reached,33.33333333333333%
158.283333302,[info],turtlebot3,skill-life-cycle,navigation,(status=RUNNING, parameters=[[-37.0, 33.95, -1.5707963267948966, True], [-37.0, 21.5, 3.141592653589793, True], [-38.0, 21.5, 0.0, False]])
159.966666698,[debug],turtlebot1,simulation,robot-pose,x=-13.48;y=17.98;yaw=-1.35
159.966666698,[debug],turtlebot1,simulation,robot-pose,x=-13.48;y=17.98;yaw=-1.35
160.183333397,[debug],turtlebot2,simulation,robot-pose,x=-39.50;y=33.84;yaw=0.46
160.183333397,[debug],turtlebot2,simulation,robot-pose,x=-39.50;y=33.84;yaw=0.46
160.216666698,[debug],turtlebot3,simulation,robot-pose,x=-36.68;y=32.86;yaw=-1.40
160.216666698,[debug],turtlebot3,simulation,robot-pose,x=-36.68;y=32.86;yaw=-1.40
160.233333349,[debug],turtlebot5,simulation,robot-pose,x=-21.00;y=18.00;yaw=-1.54
160.233333349,[debug],turtlebot5,simulation,robot-pose,x=-21.00;y=18.00;yaw=-1.54
160.233333349,[debug],turtlebot4,simulation,robot-pose,x=-32.90;y=33.97;yaw=-3.09
160.233333349,[debug],turtlebot4,simulation,robot-pose,x=-32.90;y=33.97;yaw=-3.09
174.966666698,[debug],turtlebot1,simulation,robot-pose,x=-13.48;y=17.97;yaw=-1.33
174.966666698,[debug],turtlebot1,simulation,robot-pose,x=-13.48;y=17.97;yaw=-1.33
175.183333397,[debug],turtlebot2,simulation,robot-pose,x=-39.50;y=33.84;yaw=0.46
175.183333397,[debug],turtlebot2,simulation,robot-pose,x=-39.50;y=33.84;yaw=0.46
175.216666698,[debug],turtlebot3,simulation,robot-pose,x=-36.60;y=30.44;yaw=-1.57
175.216666698,[debug],turtlebot3,simulation,robot-pose,x=-36.60;y=30.44;yaw=-1.57
175.233333349,[debug],turtlebot5,simulation,robot-pose,x=-21.00;y=18.00;yaw=-1.54
175.233333349,[debug],turtlebot5,simulation,robot-pose,x=-21.00;y=18.00;yaw=-1.54
175.233333349,[debug],turtlebot4,simulation,robot-pose,x=-32.90;y=33.97;yaw=-3.09
175.233333349,[debug],turtlebot4,simulation,robot-pose,x=-32.90;y=33.97;yaw=-3.09
189.966666698,[debug],turtlebot1,simulation,robot-pose,x=-13.48;y=17.97;yaw=-1.31
189.966666698,[debug],turtlebot1,simulation,robot-pose,x=-13.48;y=17.97;yaw=-1.31
190.183333397,[debug],turtlebot2,simulation,robot-pose,x=-39.50;y=33.84;yaw=0.46
190.183333397,[debug],turtlebot2,simulation,robot-pose,x=-39.50;y=33.84;yaw=0.46
190.216666698,[debug],turtlebot3,simulation,robot-pose,x=-36.61;y=27.94;yaw=-1.56
190.216666698,[debug],turtlebot3,simulation,robot-pose,x=-36.61;y=27.94;yaw=-1.56
190.233333349,[debug],turtlebot4,simulation,robot-pose,x=-32.90;y=33.97;yaw=-3.09
190.233333349,[debug],turtlebot5,simulation,robot-pose,x=-21.00;y=18.00;yaw=-1.54
190.233333349,[debug],turtlebot4,simulation,robot-pose,x=-32.90;y=33.97;yaw=-3.09
190.233333349,[debug],turtlebot5,simulation,robot-pose,x=-21.00;y=18.00;yaw=-1.54
204.966666698,[debug],turtlebot1,simulation,robot-pose,x=-13.47;y=17.97;yaw=-1.29
204.966666698,[debug],turtlebot1,simulation,robot-pose,x=-13.47;y=17.97;yaw=-1.29
205.183333397,[debug],turtlebot2,simulation,robot-pose,x=-39.50;y=33.84;yaw=0.46
205.183333397,[debug],turtlebot2,simulation,robot-pose,x=-39.50;y=33.84;yaw=0.46
205.216666698,[debug],turtlebot3,simulation,robot-pose,x=-36.58;y=25.47;yaw=-1.57
205.216666698,[debug],turtlebot3,simulation,robot-pose,x=-36.58;y=25.47;yaw=-1.57
205.233333349,[debug],turtlebot4,simulation,robot-pose,x=-32.91;y=33.97;yaw=-3.09
205.233333349,[debug],turtlebot4,simulation,robot-pose,x=-32.91;y=33.97;yaw=-3.09
205.233333349,[debug],turtlebot5,simulation,robot-pose,x=-21.01;y=18.00;yaw=-1.54
205.233333349,[debug],turtlebot5,simulation,robot-pose,x=-21.01;y=18.00;yaw=-1.54
208.349999905,[info],turtlebot3,skill-life-cycle,navigation,(status=RUNNING, parameters=[[-37.0, 33.95, -1.5707963267948966, True], [-37.0, 21.5, 3.141592653589793, True], [-38.0, 21.5, 0.0, False]])
219.966666698,[debug],turtlebot1,simulation,robot-pose,x=-13.47;y=17.96;yaw=-1.27
219.966666698,[debug],turtlebot1,simulation,robot-pose,x=-13.47;y=17.96;yaw=-1.27
220.183333397,[debug],turtlebot2,simulation,robot-pose,x=-39.50;y=33.84;yaw=0.46
220.183333397,[debug],turtlebot2,simulation,robot-pose,x=-39.50;y=33.84;yaw=0.46
220.216666698,[debug],turtlebot3,simulation,robot-pose,x=-36.66;y=22.90;yaw=-1.69
220.216666698,[debug],turtlebot3,simulation,robot-pose,x=-36.66;y=22.90;yaw=-1.69
220.233333349,[debug],turtlebot5,simulation,robot-pose,x=-21.01;y=18.00;yaw=-1.54
220.233333349,[debug],turtlebot4,simulation,robot-pose,x=-32.91;y=33.97;yaw=-3.08
220.233333349,[debug],turtlebot5,simulation,robot-pose,x=-21.01;y=18.00;yaw=-1.54
220.233333349,[debug],turtlebot4,simulation,robot-pose,x=-32.91;y=33.97;yaw=-3.08
228.933333397,[debug],turtlebot3,move-base-info,Hooray, the base moved arrived,(x=-37;y=21.5)
228.933333397,[debug],turtlebot3,move-base-info,Hooray, the base moved arrived,(x=-37;y=21.5)
229.083333254,[debug],turtlebot3,task-update,navigation,way-point-reached,66.66666666666666%
234.966666698,[debug],turtlebot1,simulation,robot-pose,x=-13.47;y=17.96;yaw=-1.25
234.966666698,[debug],turtlebot1,simulation,robot-pose,x=-13.47;y=17.96;yaw=-1.25
235.183333397,[debug],turtlebot2,simulation,robot-pose,x=-39.50;y=33.84;yaw=0.46
235.183333397,[debug],turtlebot2,simulation,robot-pose,x=-39.50;y=33.84;yaw=0.46
235.216666698,[debug],turtlebot3,simulation,robot-pose,x=-37.24;y=21.87;yaw=-2.93
235.216666698,[debug],turtlebot3,simulation,robot-pose,x=-37.24;y=21.87;yaw=-2.93
235.233333349,[debug],turtlebot5,simulation,robot-pose,x=-21.01;y=18.00;yaw=-1.54
235.233333349,[debug],turtlebot4,simulation,robot-pose,x=-32.91;y=33.97;yaw=-3.07
235.233333349,[debug],turtlebot5,simulation,robot-pose,x=-21.01;y=18.00;yaw=-1.54
235.233333349,[debug],turtlebot4,simulation,robot-pose,x=-32.91;y=33.97;yaw=-3.07
244.5,[debug],turtlebot3,move-base-info,Hooray, the base moved arrived,(x=-38;y=21.5)
244.583333254,[debug],turtlebot3,move-base-info,Hooray, the base moved arrived,(x=-38;y=21.5)
244.683333397,[debug],turtlebot3,task-update,navigation,way-point-reached,100.0%
244.783333302,[debug],turtlebot3,available-skills,['send_message', 'wait_message', 'approach_person', 'approach_robot', 'authenticate_person', 'deposit', 'navigation', 'operate_drawer', 'pick_up'],
244.783333302,[info],turtlebot3,skill-life-cycle,approach_person,(status=STARTED, parameters=['nurse'])
244.866666555,[debug],turtlebot3,task-update,approach_person,localize-person,(who=nurse)
245.166666746,[debug],turtlebot3,task-update,approach_person,goto-person,(who=nurse)
245.25,[debug],turtlebot3,available-skills,['send_message', 'wait_message', 'approach_person', 'approach_robot', 'authenticate_person', 'deposit', 'navigation', 'operate_drawer', 'pick_up'],
245.25,[info],turtlebot3,skill-life-cycle,authenticate_person,(status=STARTED, parameters=['nurse'])
245.316666603,[debug],turtlebot3,task-update,authenticate_person,request-authentication,(to=nurse)
245.316666603,[info],nurse,sync,received-request,(status=sending-request)
245.316666603,[info],nurse,sync,received-request,(status=sending-request)
245.900000095,[debug],turtlebot3,task-update,authenticate_person,received-authentication,(from=nurse)
245.983333349,[debug],turtlebot3,available-skills,['send_message', 'wait_message', 'approach_person', 'approach_robot', 'authenticate_person', 'deposit', 'navigation', 'operate_drawer', 'pick_up'],
245.983333349,[info],turtlebot3,skill-life-cycle,operate_drawer,(status=STARTED, parameters=['open'])
246.049999952,[debug],turtlebot3,task-update,operate_drawer,open
247.033333302,[debug],turtlebot3,available-skills,['send_message', 'wait_message', 'approach_person', 'approach_robot', 'authenticate_person', 'deposit', 'navigation', 'operate_drawer', 'pick_up'],
247.033333302,[info],turtlebot3,skill-life-cycle,send_message,(status=STARTED, parameters=['nurse'])
247.083333254,[info],turtlebot3,sync,send-message,(to=nurse)
247.966666698,[info],nurse,sync,wait-message,(status=message-received)
247.966666698,[info],nurse,sync,wait-message,(status=message-received)
249.966666698,[debug],turtlebot1,simulation,robot-pose,x=-13.46;y=17.96;yaw=-1.23
249.966666698,[debug],turtlebot1,simulation,robot-pose,x=-13.46;y=17.96;yaw=-1.23
250.183333397,[debug],turtlebot2,simulation,robot-pose,x=-39.50;y=33.84;yaw=0.46
250.183333397,[debug],turtlebot2,simulation,robot-pose,x=-39.50;y=33.84;yaw=0.46
250.216666698,[debug],turtlebot3,simulation,robot-pose,x=-37.66;y=21.77;yaw=-0.04
250.216666698,[debug],turtlebot3,simulation,robot-pose,x=-37.66;y=21.77;yaw=-0.04
250.233333349,[debug],turtlebot4,simulation,robot-pose,x=-32.91;y=33.97;yaw=-3.06
250.233333349,[debug],turtlebot4,simulation,robot-pose,x=-32.91;y=33.97;yaw=-3.06
250.233333349,[debug],turtlebot5,simulation,robot-pose,x=-21.02;y=18.00;yaw=-1.54
250.233333349,[debug],turtlebot5,simulation,robot-pose,x=-21.02;y=18.00;yaw=-1.54
250.700000048,[debug],turtlebot3,available-skills,['send_message', 'wait_message', 'approach_person', 'approach_robot', 'authenticate_person', 'deposit', 'navigation', 'operate_drawer', 'pick_up'],
250.700000048,[info],turtlebot3,skill-life-cycle,wait_message,(status=STARTED, parameters=['r1'])
251.983333349,[info],turtlebot3,sync,wait-message,(status=message-received)
252.083333254,[debug],turtlebot3,available-skills,['send_message', 'wait_message', 'approach_person', 'approach_robot', 'authenticate_person', 'deposit', 'navigation', 'operate_drawer', 'pick_up'],
252.083333254,[info],turtlebot3,skill-life-cycle,operate_drawer,(status=STARTED, parameters=['close'])
252.166666746,[debug],turtlebot3,task-update,operate_drawer,close
253.183333397,[debug],turtlebot3,available-skills,['send_message', 'wait_message', 'approach_person', 'approach_robot', 'authenticate_person', 'deposit', 'navigation', 'operate_drawer', 'pick_up'],
253.183333397,[info],turtlebot3,skill-life-cycle,navigation,(status=STARTED, parameters=[[-37.0, 21.5, -1.5707963267948966, True], [-37.0, 16.0, 0.0, True], [-26.0, 16.0, -1.5707963267948966, True], [-26.0, 13.0, 1.57, False]])
257.966666698,[info],nurse,sync,wait-message,(status=message-received)
257.966666698,[info],nurse,sync,wait-message,(status=message-received)
261.200000048,[info],turtlebot3,skill-life-cycle,navigation,(status=RUNNING, parameters=[[-37.0, 21.5, -1.5707963267948966, True], [-37.0, 16.0, 0.0, True], [-26.0, 16.0, -1.5707963267948966, True], [-26.0, 13.0, 1.57, False]])
263.716666698,[debug],turtlebot3,move-base-info,Hooray, the base moved arrived,(x=-37;y=21.5)
263.716666698,[debug],turtlebot3,move-base-info,Hooray, the base moved arrived,(x=-37;y=21.5)
263.733333349,[debug],turtlebot3,task-update,navigation,way-point-reached,25.0%
264.966666698,[debug],turtlebot1,simulation,robot-pose,x=-13.46;y=17.95;yaw=-1.21
264.966666698,[debug],turtlebot1,simulation,robot-pose,x=-13.46;y=17.95;yaw=-1.21
265.183333397,[debug],turtlebot2,simulation,robot-pose,x=-39.50;y=33.84;yaw=0.46
265.183333397,[debug],turtlebot2,simulation,robot-pose,x=-39.50;y=33.84;yaw=0.46
265.216666698,[debug],turtlebot3,simulation,robot-pose,x=-37.41;y=21.75;yaw=-1.52
265.216666698,[debug],turtlebot3,simulation,robot-pose,x=-37.41;y=21.75;yaw=-1.52
265.233333349,[debug],turtlebot4,simulation,robot-pose,x=-32.91;y=33.97;yaw=-3.06
265.233333349,[debug],turtlebot4,simulation,robot-pose,x=-32.91;y=33.97;yaw=-3.06
265.233333349,[debug],turtlebot5,simulation,robot-pose,x=-21.02;y=18.00;yaw=-1.54
265.233333349,[debug],turtlebot5,simulation,robot-pose,x=-21.02;y=18.00;yaw=-1.54
265.316666603,[info],nurse,sync,request-sent,(status=waiting)
265.316666603,[info],nurse,sync,request-sent,(status=waiting)
267.966666698,[info],nurse,sync,wait-message,(status=message-received)
267.966666698,[info],nurse,sync,wait-message,(status=message-received)
277.966666698,[info],nurse,sync,wait-message,(status=message-received)
277.966666698,[info],nurse,sync,wait-message,(status=message-received)
279.966666698,[debug],turtlebot1,simulation,robot-pose,x=-13.46;y=17.95;yaw=-1.19
279.966666698,[debug],turtlebot1,simulation,robot-pose,x=-13.46;y=17.95;yaw=-1.19
280.183333397,[debug],turtlebot2,simulation,robot-pose,x=-39.50;y=33.84;yaw=0.46
280.183333397,[debug],turtlebot2,simulation,robot-pose,x=-39.50;y=33.84;yaw=0.46
280.216666698,[debug],turtlebot3,simulation,robot-pose,x=-37.04;y=20.25;yaw=-1.56
280.216666698,[debug],turtlebot3,simulation,robot-pose,x=-37.04;y=20.25;yaw=-1.56
280.233333349,[debug],turtlebot4,simulation,robot-pose,x=-32.92;y=33.98;yaw=-3.05
280.233333349,[debug],turtlebot4,simulation,robot-pose,x=-32.92;y=33.98;yaw=-3.05
280.233333349,[debug],turtlebot5,simulation,robot-pose,x=-21.03;y=18.00;yaw=-1.54
280.233333349,[debug],turtlebot5,simulation,robot-pose,x=-21.03;y=18.00;yaw=-1.54
294.966666698,[debug],turtlebot1,simulation,robot-pose,x=-13.45;y=17.95;yaw=-1.17
294.966666698,[debug],turtlebot1,simulation,robot-pose,x=-13.45;y=17.95;yaw=-1.17
295.183333397,[debug],turtlebot2,simulation,robot-pose,x=-39.50;y=33.84;yaw=0.46
295.183333397,[debug],turtlebot2,simulation,robot-pose,x=-39.50;y=33.84;yaw=0.46
295.216666698,[debug],turtlebot3,simulation,robot-pose,x=-37.04;y=17.75;yaw=-1.58
295.216666698,[debug],turtlebot3,simulation,robot-pose,x=-37.04;y=17.75;yaw=-1.58
295.233333349,[debug],turtlebot4,simulation,robot-pose,x=-32.92;y=33.98;yaw=-3.05
295.233333349,[debug],turtlebot5,simulation,robot-pose,x=-21.03;y=18.00;yaw=-1.54
295.233333349,[debug],turtlebot4,simulation,robot-pose,x=-32.92;y=33.98;yaw=-3.05
295.233333349,[debug],turtlebot5,simulation,robot-pose,x=-21.03;y=18.00;yaw=-1.54
309.216666698,[debug],turtlebot3,move-base-info,Hooray, the base moved arrived,(x=-37;y=16)
309.216666698,[debug],turtlebot3,move-base-info,Hooray, the base moved arrived,(x=-37;y=16)
309.349999905,[debug],turtlebot3,task-update,navigation,way-point-reached,50.0%
309.966666698,[debug],turtlebot1,simulation,robot-pose,x=-13.45;y=17.94;yaw=-1.16
309.966666698,[debug],turtlebot1,simulation,robot-pose,x=-13.45;y=17.94;yaw=-1.16
310.183333397,[debug],turtlebot2,simulation,robot-pose,x=-39.50;y=33.84;yaw=0.46
310.183333397,[debug],turtlebot2,simulation,robot-pose,x=-39.50;y=33.84;yaw=0.46
310.216666698,[debug],turtlebot3,simulation,robot-pose,x=-37.32;y=16.35;yaw=-0.05
310.216666698,[debug],turtlebot3,simulation,robot-pose,x=-37.32;y=16.35;yaw=-0.05
310.233333349,[debug],turtlebot5,simulation,robot-pose,x=-21.03;y=18.00;yaw=-1.54
310.233333349,[debug],turtlebot5,simulation,robot-pose,x=-21.03;y=18.00;yaw=-1.54
310.25,[debug],turtlebot4,simulation,robot-pose,x=-32.92;y=33.98;yaw=-3.06
310.25,[debug],turtlebot4,simulation,robot-pose,x=-32.92;y=33.98;yaw=-3.06
311.883333445,[info],turtlebot3,skill-life-cycle,navigation,(status=RUNNING, parameters=[[-37.0, 21.5, -1.5707963267948966, True], [-37.0, 16.0, 0.0, True], [-26.0, 16.0, -1.5707963267948966, True], [-26.0, 13.0, 1.57, False]])
324.966666698,[debug],turtlebot1,simulation,robot-pose,x=-13.45;y=17.94;yaw=-1.14
324.966666698,[debug],turtlebot1,simulation,robot-pose,x=-13.45;y=17.94;yaw=-1.14
325.183333397,[debug],turtlebot2,simulation,robot-pose,x=-39.50;y=33.84;yaw=0.46
325.183333397,[debug],turtlebot2,simulation,robot-pose,x=-39.50;y=33.84;yaw=0.46
325.216666698,[debug],turtlebot3,simulation,robot-pose,x=-36.49;y=15.79;yaw=-0.70
325.216666698,[debug],turtlebot3,simulation,robot-pose,x=-36.49;y=15.79;yaw=-0.70
325.233333349,[debug],turtlebot5,simulation,robot-pose,x=-21.03;y=18.00;yaw=-1.54
325.233333349,[debug],turtlebot5,simulation,robot-pose,x=-21.03;y=18.00;yaw=-1.54
325.233333349,[debug],turtlebot4,simulation,robot-pose,x=-32.92;y=33.98;yaw=-3.06
325.233333349,[debug],turtlebot4,simulation,robot-pose,x=-32.92;y=33.98;yaw=-3.06
339.966666698,[debug],turtlebot1,simulation,robot-pose,x=-13.44;y=17.94;yaw=-1.13
339.966666698,[debug],turtlebot1,simulation,robot-pose,x=-13.44;y=17.94;yaw=-1.13
340.183333397,[debug],turtlebot2,simulation,robot-pose,x=-39.50;y=33.84;yaw=0.46
340.183333397,[debug],turtlebot2,simulation,robot-pose,x=-39.50;y=33.84;yaw=0.46
340.216666698,[debug],turtlebot3,simulation,robot-pose,x=-35.29;y=15.31;yaw=-0.09
340.216666698,[debug],turtlebot3,simulation,robot-pose,x=-35.29;y=15.31;yaw=-0.09
340.233333349,[debug],turtlebot4,simulation,robot-pose,x=-32.93;y=33.98;yaw=-3.06
340.233333349,[debug],turtlebot4,simulation,robot-pose,x=-32.93;y=33.98;yaw=-3.06
340.233333349,[debug],turtlebot5,simulation,robot-pose,x=-21.03;y=18.00;yaw=-1.54
340.233333349,[debug],turtlebot5,simulation,robot-pose,x=-21.03;y=18.00;yaw=-1.54
354.966666698,[debug],turtlebot1,simulation,robot-pose,x=-13.44;y=17.94;yaw=-1.12
354.966666698,[debug],turtlebot1,simulation,robot-pose,x=-13.44;y=17.94;yaw=-1.12
355.183333397,[debug],turtlebot2,simulation,robot-pose,x=-39.50;y=33.84;yaw=0.46
355.183333397,[debug],turtlebot2,simulation,robot-pose,x=-39.50;y=33.84;yaw=0.46
355.216666698,[debug],turtlebot3,simulation,robot-pose,x=-34.04;y=15.29;yaw=-0.01
355.216666698,[debug],turtlebot3,simulation,robot-pose,x=-34.04;y=15.29;yaw=-0.01
355.25,[debug],turtlebot4,simulation,robot-pose,x=-32.93;y=33.98;yaw=-3.06
355.25,[debug],turtlebot4,simulation,robot-pose,x=-32.93;y=33.98;yaw=-3.06
355.25,[debug],turtlebot5,simulation,robot-pose,x=-21.03;y=18.00;yaw=-1.54
355.25,[debug],turtlebot5,simulation,robot-pose,x=-21.03;y=18.00;yaw=-1.54
361.799999952,[info],turtlebot3,skill-life-cycle,navigation,(status=RUNNING, parameters=[[-37.0, 21.5, -1.5707963267948966, True], [-37.0, 16.0, 0.0, True], [-26.0, 16.0, -1.5707963267948966, True], [-26.0, 13.0, 1.57, False]])
369.966666698,[debug],turtlebot1,simulation,robot-pose,x=-13.44;y=17.94;yaw=-1.12
369.966666698,[debug],turtlebot1,simulation,robot-pose,x=-13.44;y=17.94;yaw=-1.12
370.183333397,[debug],turtlebot2,simulation,robot-pose,x=-39.50;y=33.84;yaw=0.46
370.183333397,[debug],turtlebot2,simulation,robot-pose,x=-39.50;y=33.84;yaw=0.46
370.216666698,[debug],turtlebot3,simulation,robot-pose,x=-32.79;y=15.32;yaw=-0.05
370.216666698,[debug],turtlebot3,simulation,robot-pose,x=-32.79;y=15.32;yaw=-0.05
370.233333349,[debug],turtlebot4,simulation,robot-pose,x=-32.93;y=33.98;yaw=-3.06
370.233333349,[debug],turtlebot5,simulation,robot-pose,x=-21.03;y=18.00;yaw=-1.54
370.233333349,[debug],turtlebot4,simulation,robot-pose,x=-32.93;y=33.98;yaw=-3.06
370.233333349,[debug],turtlebot5,simulation,robot-pose,x=-21.03;y=18.00;yaw=-1.54
384.966666698,[debug],turtlebot1,simulation,robot-pose,x=-13.44;y=17.93;yaw=-1.11
384.966666698,[debug],turtlebot1,simulation,robot-pose,x=-13.44;y=17.93;yaw=-1.11
385.183333397,[debug],turtlebot2,simulation,robot-pose,x=-39.50;y=33.84;yaw=0.46
385.183333397,[debug],turtlebot2,simulation,robot-pose,x=-39.50;y=33.84;yaw=0.46
385.216666698,[debug],turtlebot3,simulation,robot-pose,x=-31.54;y=15.31;yaw=0.05
385.216666698,[debug],turtlebot3,simulation,robot-pose,x=-31.54;y=15.31;yaw=0.05
385.233333349,[debug],turtlebot5,simulation,robot-pose,x=-21.03;y=18.00;yaw=-1.54
385.233333349,[debug],turtlebot5,simulation,robot-pose,x=-21.03;y=18.00;yaw=-1.54
385.233333349,[debug],turtlebot4,simulation,robot-pose,x=-32.93;y=33.98;yaw=-3.06
385.233333349,[debug],turtlebot4,simulation,robot-pose,x=-32.93;y=33.98;yaw=-3.06
399.966666698,[debug],turtlebot1,simulation,robot-pose,x=-13.43;y=17.93;yaw=-1.10
399.966666698,[debug],turtlebot1,simulation,robot-pose,x=-13.43;y=17.93;yaw=-1.10
400.183333397,[debug],turtlebot2,simulation,robot-pose,x=-39.50;y=33.84;yaw=0.46
400.183333397,[debug],turtlebot2,simulation,robot-pose,x=-39.50;y=33.84;yaw=0.46
400.216666698,[debug],turtlebot3,simulation,robot-pose,x=-30.29;y=15.30;yaw=0.01
400.216666698,[debug],turtlebot3,simulation,robot-pose,x=-30.29;y=15.30;yaw=0.01
400.233333349,[debug],turtlebot4,simulation,robot-pose,x=-32.93;y=33.98;yaw=-3.06
400.233333349,[debug],turtlebot4,simulation,robot-pose,x=-32.93;y=33.98;yaw=-3.06
400.233333349,[debug],turtlebot5,simulation,robot-pose,x=-21.03;y=18.00;yaw=-1.54
400.233333349,[debug],turtlebot5,simulation,robot-pose,x=-21.03;y=18.00;yaw=-1.54
411.183333397,[info],turtlebot3,skill-life-cycle,navigation,(status=RUNNING, parameters=[[-37.0, 21.5, -1.5707963267948966, True], [-37.0, 16.0, 0.0, True], [-26.0, 16.0, -1.5707963267948966, True], [-26.0, 13.0, 1.57, False]])
414.966666698,[debug],turtlebot1,simulation,robot-pose,x=-13.43;y=17.93;yaw=-1.10
414.966666698,[debug],turtlebot1,simulation,robot-pose,x=-13.43;y=17.93;yaw=-1.10
415.183333397,[debug],turtlebot2,simulation,robot-pose,x=-39.50;y=33.84;yaw=0.46
415.183333397,[debug],turtlebot2,simulation,robot-pose,x=-39.50;y=33.84;yaw=0.46
415.216666698,[debug],turtlebot3,simulation,robot-pose,x=-29.04;y=15.31;yaw=0.03
415.216666698,[debug],turtlebot3,simulation,robot-pose,x=-29.04;y=15.31;yaw=0.03
415.233333349,[debug],turtlebot5,simulation,robot-pose,x=-21.03;y=18.00;yaw=-1.54
415.233333349,[debug],turtlebot5,simulation,robot-pose,x=-21.03;y=18.00;yaw=-1.54
415.233333349,[debug],turtlebot4,simulation,robot-pose,x=-32.93;y=33.98;yaw=-3.06
415.233333349,[debug],turtlebot4,simulation,robot-pose,x=-32.93;y=33.98;yaw=-3.06
429.966666698,[debug],turtlebot1,simulation,robot-pose,x=-13.43;y=17.93;yaw=-1.09
429.966666698,[debug],turtlebot1,simulation,robot-pose,x=-13.43;y=17.93;yaw=-1.09
430.183333397,[debug],turtlebot2,simulation,robot-pose,x=-39.50;y=33.84;yaw=0.46
430.183333397,[debug],turtlebot2,simulation,robot-pose,x=-39.50;y=33.84;yaw=0.46
430.216666698,[debug],turtlebot3,simulation,robot-pose,x=-27.80;y=15.51;yaw=0.24
430.216666698,[debug],turtlebot3,simulation,robot-pose,x=-27.80;y=15.51;yaw=0.24
430.233333349,[debug],turtlebot5,simulation,robot-pose,x=-21.03;y=18.00;yaw=-1.54
430.233333349,[debug],turtlebot4,simulation,robot-pose,x=-32.93;y=33.98;yaw=-3.06
430.233333349,[debug],turtlebot5,simulation,robot-pose,x=-21.03;y=18.00;yaw=-1.54
430.233333349,[debug],turtlebot4,simulation,robot-pose,x=-32.93;y=33.98;yaw=-3.06
444.966666698,[debug],turtlebot1,simulation,robot-pose,x=-13.42;y=17.93;yaw=-1.08
444.966666698,[debug],turtlebot1,simulation,robot-pose,x=-13.42;y=17.93;yaw=-1.08
445.183333397,[debug],turtlebot2,simulation,robot-pose,x=-39.50;y=33.84;yaw=0.46
445.183333397,[debug],turtlebot2,simulation,robot-pose,x=-39.50;y=33.84;yaw=0.46
445.216666698,[debug],turtlebot3,simulation,robot-pose,x=-26.57;y=15.83;yaw=0.27
445.216666698,[debug],turtlebot3,simulation,robot-pose,x=-26.57;y=15.83;yaw=0.27
445.233333349,[debug],turtlebot5,simulation,robot-pose,x=-21.03;y=18.00;yaw=-1.54
445.233333349,[debug],turtlebot5,simulation,robot-pose,x=-21.03;y=18.00;yaw=-1.54
445.233333349,[debug],turtlebot4,simulation,robot-pose,x=-32.93;y=33.98;yaw=-3.06
445.233333349,[debug],turtlebot4,simulation,robot-pose,x=-32.93;y=33.98;yaw=-3.06
451.366666555,[debug],turtlebot3,move-base-info,Hooray, the base moved arrived,(x=-26;y=16)
451.366666555,[debug],turtlebot3,move-base-info,Hooray, the base moved arrived,(x=-26;y=16)
451.483333349,[debug],turtlebot3,task-update,navigation,way-point-reached,75.0%
459.966666698,[debug],turtlebot1,simulation,robot-pose,x=-13.42;y=17.92;yaw=-1.07
459.966666698,[debug],turtlebot1,simulation,robot-pose,x=-13.42;y=17.92;yaw=-1.07
460.183333397,[debug],turtlebot2,simulation,robot-pose,x=-39.50;y=33.84;yaw=0.46
460.183333397,[debug],turtlebot2,simulation,robot-pose,x=-39.50;y=33.84;yaw=0.46
460.216666698,[debug],turtlebot3,simulation,robot-pose,x=-26.32;y=15.35;yaw=-1.17
460.216666698,[debug],turtlebot3,simulation,robot-pose,x=-26.32;y=15.35;yaw=-1.17
460.233333349,[debug],turtlebot5,simulation,robot-pose,x=-21.03;y=18.00;yaw=-1.54
460.233333349,[debug],turtlebot4,simulation,robot-pose,x=-32.93;y=33.98;yaw=-3.06
460.233333349,[debug],turtlebot5,simulation,robot-pose,x=-21.03;y=18.00;yaw=-1.54
460.233333349,[debug],turtlebot4,simulation,robot-pose,x=-32.93;y=33.98;yaw=-3.06
461.549999952,[info],turtlebot3,skill-life-cycle,navigation,(status=RUNNING, parameters=[[-37.0, 21.5, -1.5707963267948966, True], [-37.0, 16.0, 0.0, True], [-26.0, 16.0, -1.5707963267948966, True], [-26.0, 13.0, 1.57, False]])
474.966666698,[debug],turtlebot1,simulation,robot-pose,x=-13.42;y=17.92;yaw=-1.06
474.966666698,[debug],turtlebot1,simulation,robot-pose,x=-13.42;y=17.92;yaw=-1.06
475.183333397,[debug],turtlebot2,simulation,robot-pose,x=-39.50;y=33.84;yaw=0.46
475.183333397,[debug],turtlebot2,simulation,robot-pose,x=-39.50;y=33.84;yaw=0.46
475.216666698,[debug],turtlebot3,simulation,robot-pose,x=-26.13;y=13.82;yaw=-1.59
475.216666698,[debug],turtlebot3,simulation,robot-pose,x=-26.13;y=13.82;yaw=-1.59
475.233333349,[debug],turtlebot5,simulation,robot-pose,x=-21.03;y=18.00;yaw=-1.54
475.233333349,[debug],turtlebot5,simulation,robot-pose,x=-21.03;y=18.00;yaw=-1.54
475.233333349,[debug],turtlebot4,simulation,robot-pose,x=-32.93;y=33.98;yaw=-3.06
475.233333349,[debug],turtlebot4,simulation,robot-pose,x=-32.93;y=33.98;yaw=-3.06
488.75,[debug],turtlebot3,move-base-info,Hooray, the base moved arrived,(x=-26;y=13)
488.75,[debug],turtlebot3,move-base-info,Hooray, the base moved arrived,(x=-26;y=13)
489.0,[debug],turtlebot3,task-update,navigation,way-point-reached,100.0%
489.099999905,[debug],turtlebot3,available-skills,['send_message', 'wait_message', 'approach_person', 'approach_robot', 'authenticate_person', 'deposit', 'navigation', 'operate_drawer', 'pick_up'],
489.099999905,[info],turtlebot3,skill-life-cycle,approach_robot,(status=STARTED, parameters=['lab_arm'])
489.166666746,[debug],turtlebot3,task-update,approach_robot,localize-robot,(who=lab_arm)
489.233333349,[debug],turtlebot3,task-update,approach_robot,goto-robot,(who=lab_arm)
489.333333254,[debug],turtlebot3,available-skills,['send_message', 'wait_message', 'approach_person', 'approach_robot', 'authenticate_person', 'deposit', 'navigation', 'operate_drawer', 'pick_up'],
489.333333254,[info],turtlebot3,skill-life-cycle,operate_drawer,(status=STARTED, parameters=['open'])
489.383333445,[debug],turtlebot3,task-update,operate_drawer,open
489.966666698,[debug],turtlebot1,simulation,robot-pose,x=-13.42;y=17.92;yaw=-1.05
489.966666698,[debug],turtlebot1,simulation,robot-pose,x=-13.42;y=17.92;yaw=-1.05
490.183333397,[debug],turtlebot2,simulation,robot-pose,x=-39.50;y=33.84;yaw=0.46
490.183333397,[debug],turtlebot2,simulation,robot-pose,x=-39.50;y=33.84;yaw=0.46
490.216666698,[debug],turtlebot3,simulation,robot-pose,x=-26.02;y=13.43;yaw=1.53
490.216666698,[debug],turtlebot3,simulation,robot-pose,x=-26.02;y=13.43;yaw=1.53
490.233333349,[debug],turtlebot4,simulation,robot-pose,x=-32.93;y=33.98;yaw=-3.06
490.233333349,[debug],turtlebot5,simulation,robot-pose,x=-21.03;y=18.00;yaw=-1.54
490.233333349,[debug],turtlebot4,simulation,robot-pose,x=-32.93;y=33.98;yaw=-3.06
490.233333349,[debug],turtlebot5,simulation,robot-pose,x=-21.03;y=18.00;yaw=-1.54
490.349999905,[debug],turtlebot3,available-skills,['send_message', 'wait_message', 'approach_person', 'approach_robot', 'authenticate_person', 'deposit', 'navigation', 'operate_drawer', 'pick_up'],
490.349999905,[info],turtlebot3,skill-life-cycle,send_message,(status=STARTED, parameters=['lab_arm'])
490.5,[info],turtlebot3,sync,send-message,(to=lab_arm)
491.433333397,[info],lab_arm,sync,wait-message,(status=message-received)
491.433333397,[info],Inventory,sync,wait-sample,(status=sample-received)
491.433333397,ENDSIM
491.583333254,[info],lab_arm,sync,wait-message,(status=message-received)
491.583333254,[info],Inventory,sync,wait-sample,(status=sample-received)
491.583333254,ENDSIM
501.433333397,[info],Inventory,sync,wait-sample,(status=sample-received)
501.433333397,ENDSIM
501.433333397,[info],lab_arm,sync,wait-message,(status=message-received)
501.433333397,[info],Inventory,sync,wait-sample,(status=sample-received)
501.433333397,ENDSIM
0.0,[debug],simulation closed,reach-target,execution-wall-clock=608.6557686328888
